Reward: 37650.1631901 Total splits: 278 Good splits: 229
Reward: 37208.122097 Total splits: 284 Good splits: 252
Reward: 39863.0269275 Total splits: 290 Good splits: 242
Reward: 37028.4315591 Total splits: 305 Good splits: 275
Reward: 37500.7487312 Total splits: 290 Good splits: 244
Reward: 37078.3212186 Total splits: 296 Good splits: 262
Reward: 39662.9746334 Total splits: 300 Good splits: 270
Reward: 37997.556695 Total splits: 277 Good splits: 232
Reward: 40721.5243242 Total splits: 298 Good splits: 253
Reward: 38705.6064988 Total splits: 281 Good splits: 236
Reward: 39167.2002509 Total splits: 287 Good splits: 255
Reward: 35365.5860291 Total splits: 278 Good splits: 250
Reward: 41323.5610664 Total splits: 288 Good splits: 249
Reward: 39017.3814205 Total splits: 281 Good splits: 245
Reward: 40639.3720556 Total splits: 285 Good splits: 245
Reward: 37276.6976173 Total splits: 304 Good splits: 258
Reward: 40432.1628483 Total splits: 285 Good splits: 239
Reward: 38056.5485438 Total splits: 299 Good splits: 264
Reward: 40389.1981918 Total splits: 299 Good splits: 255
Reward: 38673.5960271 Total splits: 297 Good splits: 252
Reward: 38981.0145563 Total splits: 295 Good splits: 257
Reward: 35634.3866692 Total splits: 285 Good splits: 246
Reward: 38209.8940727 Total splits: 302 Good splits: 262
Reward: 38449.4292497 Total splits: 291 Good splits: 253
Reward: 38785.1189156 Total splits: 289 Good splits: 240
Reward: 37959.7858104 Total splits: 296 Good splits: 264
Reward: 39574.5566625 Total splits: 299 Good splits: 257
Reward: 39578.3535354 Total splits: 289 Good splits: 268
Reward: 38801.9753216 Total splits: 313 Good splits: 278
Reward: 40393.193966 Total splits: 286 Good splits: 248
Reward: 37391.3604771 Total splits: 291 Good splits: 247
Reward: 38930.8839636 Total splits: 290 Good splits: 251
Reward: 37897.3569624 Total splits: 301 Good splits: 261
Reward: 39282.4834492 Total splits: 303 Good splits: 265
Reward: 37871.8657783 Total splits: 312 Good splits: 275
Reward: 39298.0730936 Total splits: 291 Good splits: 258
Reward: 38603.3155301 Total splits: 292 Good splits: 247
Reward: 38864.5167703 Total splits: 295 Good splits: 249
Reward: 38333.5053842 Total splits: 299 Good splits: 253
Reward: 37752.0509832 Total splits: 287 Good splits: 258
Reward: 36960.6716303 Total splits: 290 Good splits: 254
Reward: 38932.5265181 Total splits: 255 Good splits: 229
Reward: 37861.516242 Total splits: 299 Good splits: 258
Reward: 38529.4505267 Total splits: 290 Good splits: 245
Reward: 36767.8149588 Total splits: 299 Good splits: 258
Reward: 39190.2243782 Total splits: 282 Good splits: 238
Reward: 37872.907676 Total splits: 295 Good splits: 256
Reward: 42354.6070642 Total splits: 282 Good splits: 246
Reward: 38400.3821998 Total splits: 299 Good splits: 253
Reward: 36401.9723062 Total splits: 284 Good splits: 248
Reward: 37599.3993862 Total splits: 292 Good splits: 257
Reward: 40901.3100947 Total splits: 288 Good splits: 251
Reward: 38552.7067683 Total splits: 286 Good splits: 250
Reward: 39865.0304833 Total splits: 290 Good splits: 247
Reward: 36917.416634 Total splits: 287 Good splits: 244
Reward: 38166.5654817 Total splits: 287 Good splits: 251
Reward: 37796.3930814 Total splits: 271 Good splits: 243
Reward: 39696.7496457 Total splits: 309 Good splits: 278
Reward: 40536.1107811 Total splits: 294 Good splits: 250
Reward: 36739.7568043 Total splits: 285 Good splits: 253
Reward: 39474.6129341 Total splits: 275 Good splits: 235
Reward: 38738.2071886 Total splits: 292 Good splits: 258
Reward: 38418.3064014 Total splits: 303 Good splits: 269
Reward: 38461.9556304 Total splits: 305 Good splits: 264
Reward: 38649.2458273 Total splits: 287 Good splits: 257
Reward: 39331.1894133 Total splits: 290 Good splits: 247
Reward: 40527.2600183 Total splits: 290 Good splits: 260
Reward: 38693.6628309 Total splits: 263 Good splits: 232
Reward: 39589.9631731 Total splits: 286 Good splits: 240
Reward: 38247.5164607 Total splits: 270 Good splits: 216
Reward: 40924.0008991 Total splits: 272 Good splits: 240
Reward: 37729.0490301 Total splits: 304 Good splits: 259
Reward: 41116.1702565 Total splits: 288 Good splits: 257
Reward: 37142.2079804 Total splits: 268 Good splits: 233
Reward: 40340.0157349 Total splits: 296 Good splits: 255
Reward: 39411.155259 Total splits: 299 Good splits: 273
Reward: 40933.647685 Total splits: 282 Good splits: 246
Reward: 39133.9770017 Total splits: 286 Good splits: 258
Reward: 38282.5275873 Total splits: 281 Good splits: 240
Reward: 36844.0481256 Total splits: 285 Good splits: 254
Reward: 39124.5343566 Total splits: 277 Good splits: 228
Reward: 37565.4468331 Total splits: 287 Good splits: 251
Reward: 40070.6256493 Total splits: 275 Good splits: 236
Reward: 37373.5960484 Total splits: 284 Good splits: 257
Reward: 41048.0314168 Total splits: 279 Good splits: 249
Reward: 37194.7422647 Total splits: 283 Good splits: 243
Reward: 39010.8949022 Total splits: 266 Good splits: 230
Reward: 36598.765753 Total splits: 290 Good splits: 261
Reward: 40096.3545025 Total splits: 267 Good splits: 237
Reward: 37646.0023764 Total splits: 289 Good splits: 256
Reward: 38907.4886084 Total splits: 296 Good splits: 256
Reward: 38453.5148222 Total splits: 270 Good splits: 238
Reward: 38819.9234463 Total splits: 284 Good splits: 244
Reward: 37068.2043088 Total splits: 272 Good splits: 248
Reward: 39592.4682669 Total splits: 302 Good splits: 266
Reward: 40481.9094664 Total splits: 289 Good splits: 265
Reward: 37759.1837843 Total splits: 283 Good splits: 239
Reward: 39637.4647087 Total splits: 291 Good splits: 252
Reward: 38812.5718654 Total splits: 283 Good splits: 253
Reward: 39026.0919896 Total splits: 285 Good splits: 251
Reward: 38516.6239951 Total splits: 277 Good splits: 243
Reward: 38359.3588012 Total splits: 291 Good splits: 252
Reward: 37639.2128701 Total splits: 287 Good splits: 251
Reward: 37316.5147901 Total splits: 278 Good splits: 246
Reward: 39453.5995535 Total splits: 267 Good splits: 236
Reward: 38343.0323302 Total splits: 288 Good splits: 250
Reward: 37180.9826684 Total splits: 284 Good splits: 244
Reward: 39349.047516 Total splits: 286 Good splits: 254
Reward: 36452.1283145 Total splits: 297 Good splits: 251
Reward: 40929.6143711 Total splits: 289 Good splits: 255
Reward: 37053.3220298 Total splits: 314 Good splits: 275
Reward: 39216.6388675 Total splits: 269 Good splits: 233
Reward: 37303.4159692 Total splits: 294 Good splits: 255
Reward: 40958.4153916 Total splits: 281 Good splits: 252
Reward: 37152.876269 Total splits: 292 Good splits: 246
Reward: 41175.4812457 Total splits: 283 Good splits: 236
Reward: 38453.4000616 Total splits: 273 Good splits: 241
Reward: 38312.7314947 Total splits: 281 Good splits: 252
Reward: 37932.6019049 Total splits: 283 Good splits: 242
Reward: 39529.4252608 Total splits: 284 Good splits: 252
Reward: 37588.0271238 Total splits: 298 Good splits: 256
Reward: 38426.7193593 Total splits: 302 Good splits: 252
Reward: 36987.1427489 Total splits: 289 Good splits: 252
Reward: 39444.7655611 Total splits: 270 Good splits: 241
Reward: 38104.3124332 Total splits: 285 Good splits: 251
Reward: 39379.7487179 Total splits: 280 Good splits: 243
Reward: 40578.9591813 Total splits: 292 Good splits: 255
Reward: 38439.7153636 Total splits: 297 Good splits: 252
Reward: 38316.6041292 Total splits: 290 Good splits: 262
Reward: 37318.8590216 Total splits: 294 Good splits: 244
Reward: 39116.7859342 Total splits: 284 Good splits: 251
Reward: 38468.943934 Total splits: 285 Good splits: 249
Reward: 38595.0043496 Total splits: 304 Good splits: 268
Reward: 39757.2309617 Total splits: 287 Good splits: 247
Reward: 39659.4366947 Total splits: 297 Good splits: 257
Reward: 37333.0878491 Total splits: 273 Good splits: 250
Reward: 37987.6040981 Total splits: 282 Good splits: 239
Reward: 37211.6039377 Total splits: 279 Good splits: 245
Reward: 39588.5530175 Total splits: 299 Good splits: 269
Reward: 37877.9139111 Total splits: 279 Good splits: 251
Reward: 35722.6371191 Total splits: 287 Good splits: 257
Reward: 37753.6573942 Total splits: 278 Good splits: 239
Reward: 39006.8682629 Total splits: 292 Good splits: 257
Reward: 38366.5104163 Total splits: 272 Good splits: 243
Reward: 40019.6315249 Total splits: 277 Good splits: 242
Reward: 38271.7579165 Total splits: 275 Good splits: 238
Reward: 41079.9578853 Total splits: 285 Good splits: 237
Reward: 35921.8886525 Total splits: 279 Good splits: 238
Reward: 40258.2147841 Total splits: 284 Good splits: 253
Reward: 36709.169905 Total splits: 287 Good splits: 243
Reward: 37949.5373456 Total splits: 283 Good splits: 244
Reward: 36594.709724 Total splits: 289 Good splits: 251
Reward: 37272.330573 Total splits: 289 Good splits: 252
Reward: 36643.750035 Total splits: 276 Good splits: 238
Reward: 39192.7600987 Total splits: 302 Good splits: 266
Reward: 38004.7097722 Total splits: 283 Good splits: 255
Reward: 39417.368066 Total splits: 279 Good splits: 249
Reward: 37968.7189313 Total splits: 286 Good splits: 250
Reward: 39767.3575357 Total splits: 294 Good splits: 251
Reward: 37651.6446612 Total splits: 280 Good splits: 255
Reward: 38098.7066667 Total splits: 281 Good splits: 235
Reward: 37472.4914463 Total splits: 291 Good splits: 255
Reward: 39305.7405352 Total splits: 291 Good splits: 253
Reward: 39030.1386426 Total splits: 287 Good splits: 245
Reward: 38765.6069175 Total splits: 270 Good splits: 228
Reward: 40111.2216958 Total splits: 293 Good splits: 269
Reward: 37022.0756501 Total splits: 272 Good splits: 232
Reward: 40460.932881 Total splits: 305 Good splits: 276
Reward: 37337.4753481 Total splits: 288 Good splits: 240
Reward: 40141.9365508 Total splits: 305 Good splits: 262
Reward: 38611.7072608 Total splits: 301 Good splits: 262
Reward: 37853.9248084 Total splits: 277 Good splits: 242
Reward: 37735.6041418 Total splits: 296 Good splits: 252
Reward: 40342.7474136 Total splits: 306 Good splits: 259
Reward: 38968.4280471 Total splits: 283 Good splits: 241
Reward: 40617.7431951 Total splits: 283 Good splits: 251
Reward: 37619.3170804 Total splits: 309 Good splits: 271
Reward: 40508.114518 Total splits: 284 Good splits: 248
Reward: 37391.9875336 Total splits: 277 Good splits: 243
Reward: 39503.8163055 Total splits: 282 Good splits: 245
Reward: 37015.8142574 Total splits: 282 Good splits: 249
Reward: 40911.8099469 Total splits: 281 Good splits: 245
Reward: 36455.6846597 Total splits: 282 Good splits: 256
Reward: 38963.0288103 Total splits: 267 Good splits: 235
Reward: 39308.9366341 Total splits: 301 Good splits: 262
Reward: 40302.2912182 Total splits: 282 Good splits: 244
Reward: 36866.5142812 Total splits: 297 Good splits: 248
Reward: 39216.7855134 Total splits: 281 Good splits: 245
Reward: 36952.0770784 Total splits: 272 Good splits: 244
Reward: 39438.3792947 Total splits: 274 Good splits: 230
Reward: 37256.7599327 Total splits: 289 Good splits: 255
Reward: 39604.7756618 Total splits: 280 Good splits: 238
Reward: 37407.4306855 Total splits: 273 Good splits: 236
Reward: 37739.5409879 Total splits: 295 Good splits: 264
Reward: 38118.8175103 Total splits: 289 Good splits: 253
Reward: 40464.9549161 Total splits: 295 Good splits: 252
Reward: 38778.8832524 Total splits: 279 Good splits: 244
Reward: 38160.2781318 Total splits: 281 Good splits: 245
Reward: 38142.1892131 Total splits: 299 Good splits: 251
Reward: 39109.0521154 Total splits: 308 Good splits: 262

Total results after running 200 tests
Average total rewards : 38610.8364596
Average total splits  : 287.375
Average good splits   : 250.155
Average good splits % : 87.0482818617

