Reward: 36552.9189346 Total splits: 252 Good splits: 223
Reward: 37737.6107987 Total splits: 250 Good splits: 218
Reward: 41266.7006131 Total splits: 259 Good splits: 227
Reward: 37981.1595927 Total splits: 270 Good splits: 238
Reward: 40402.0011163 Total splits: 269 Good splits: 240
Reward: 37706.9184535 Total splits: 267 Good splits: 234
Reward: 37704.49527 Total splits: 251 Good splits: 223
Reward: 38775.031576 Total splits: 253 Good splits: 219
Reward: 41246.8378856 Total splits: 255 Good splits: 228
Reward: 37835.9362167 Total splits: 264 Good splits: 229
Reward: 38400.4637765 Total splits: 265 Good splits: 239
Reward: 35486.7010774 Total splits: 275 Good splits: 237
Reward: 41164.5721011 Total splits: 273 Good splits: 241
Reward: 36355.7945457 Total splits: 224 Good splits: 201
Reward: 39343.9684329 Total splits: 266 Good splits: 234
Reward: 36414.7525726 Total splits: 258 Good splits: 227
Reward: 41111.8913413 Total splits: 249 Good splits: 216
Reward: 37756.4472824 Total splits: 252 Good splits: 224
Reward: 39809.0991588 Total splits: 265 Good splits: 226
Reward: 38949.109776 Total splits: 249 Good splits: 224
Reward: 38496.4866308 Total splits: 267 Good splits: 233
Reward: 36967.7824039 Total splits: 271 Good splits: 237
Reward: 38359.5812966 Total splits: 283 Good splits: 239
Reward: 36945.986819 Total splits: 270 Good splits: 238
Reward: 38771.419077 Total splits: 266 Good splits: 226
Reward: 37591.5531083 Total splits: 269 Good splits: 231
Reward: 38892.3405544 Total splits: 259 Good splits: 234
Reward: 38947.1194529 Total splits: 274 Good splits: 234
Reward: 37439.4434658 Total splits: 274 Good splits: 239
Reward: 40189.5178167 Total splits: 263 Good splits: 235
Reward: 36291.0198538 Total splits: 260 Good splits: 221
Reward: 39460.6099806 Total splits: 256 Good splits: 218
Reward: 38125.0230012 Total splits: 265 Good splits: 226
Reward: 38579.1191468 Total splits: 234 Good splits: 207
Reward: 38226.3425095 Total splits: 254 Good splits: 227
Reward: 38442.3153549 Total splits: 258 Good splits: 230
Reward: 39439.7099916 Total splits: 259 Good splits: 224
Reward: 40240.7239527 Total splits: 252 Good splits: 216
Reward: 38597.0947754 Total splits: 254 Good splits: 224
Reward: 39212.7513929 Total splits: 266 Good splits: 235
Reward: 36937.6786001 Total splits: 255 Good splits: 214
Reward: 40070.7869809 Total splits: 262 Good splits: 227
Reward: 35680.7252203 Total splits: 238 Good splits: 212
Reward: 40961.5241417 Total splits: 242 Good splits: 209
Reward: 31299.3085927 Total splits: 261 Good splits: 224
Reward: 41929.7790988 Total splits: 244 Good splits: 216
Reward: 37505.9901303 Total splits: 250 Good splits: 224
Reward: 38896.7453621 Total splits: 273 Good splits: 222
Reward: 37424.0031994 Total splits: 252 Good splits: 221
Reward: 37929.1871679 Total splits: 254 Good splits: 219
Reward: 37924.5820534 Total splits: 251 Good splits: 221
Reward: 39439.3014158 Total splits: 267 Good splits: 226
Reward: 38041.7757024 Total splits: 276 Good splits: 253
Reward: 38228.1728632 Total splits: 255 Good splits: 220
Reward: 36367.3065601 Total splits: 251 Good splits: 222
Reward: 39136.6093357 Total splits: 261 Good splits: 226
Reward: 38624.1295903 Total splits: 254 Good splits: 219
Reward: 39572.1128463 Total splits: 274 Good splits: 236
Reward: 39987.8076999 Total splits: 262 Good splits: 226
Reward: 37140.0817098 Total splits: 247 Good splits: 214
Reward: 38680.1843371 Total splits: 265 Good splits: 241
Reward: 37935.7258859 Total splits: 250 Good splits: 216
Reward: 39046.3987393 Total splits: 255 Good splits: 232
Reward: 37437.5876156 Total splits: 260 Good splits: 232
Reward: 38900.5070539 Total splits: 255 Good splits: 223
Reward: 38979.2867333 Total splits: 263 Good splits: 234
Reward: 40982.0334886 Total splits: 260 Good splits: 229
Reward: 38565.9013567 Total splits: 270 Good splits: 231
Reward: 41613.4999156 Total splits: 263 Good splits: 234
Reward: 38008.9496516 Total splits: 253 Good splits: 223
Reward: 37785.1032477 Total splits: 264 Good splits: 226
Reward: 38618.438715 Total splits: 262 Good splits: 238
Reward: 38126.6136806 Total splits: 242 Good splits: 214
Reward: 36967.2853692 Total splits: 282 Good splits: 246
Reward: 37867.8520572 Total splits: 245 Good splits: 215
Reward: 38076.1429477 Total splits: 260 Good splits: 220
Reward: 40670.2486198 Total splits: 248 Good splits: 220
Reward: 37870.4055194 Total splits: 259 Good splits: 224
Reward: 38172.8953569 Total splits: 263 Good splits: 232
Reward: 35981.6352022 Total splits: 260 Good splits: 229
Reward: 40040.8782819 Total splits: 265 Good splits: 237
Reward: 36906.9898024 Total splits: 257 Good splits: 219
Reward: 39144.6884765 Total splits: 259 Good splits: 224
Reward: 36166.5596992 Total splits: 227 Good splits: 207
Reward: 36429.4160879 Total splits: 254 Good splits: 219
Reward: 38383.760382 Total splits: 265 Good splits: 239
Reward: 40299.0761468 Total splits: 243 Good splits: 215
Reward: 38896.3258874 Total splits: 236 Good splits: 207
Reward: 39007.8653155 Total splits: 276 Good splits: 248
Reward: 35819.9286812 Total splits: 268 Good splits: 237
Reward: 37991.7954461 Total splits: 267 Good splits: 238
Reward: 37567.8305024 Total splits: 252 Good splits: 214
Reward: 37256.890691 Total splits: 254 Good splits: 224
Reward: 37443.7145457 Total splits: 264 Good splits: 239
Reward: 38406.6848484 Total splits: 260 Good splits: 227
Reward: 39179.3253248 Total splits: 268 Good splits: 230
Reward: 38465.8178014 Total splits: 274 Good splits: 241
Reward: 38826.2693611 Total splits: 242 Good splits: 216
Reward: 37608.523655 Total splits: 250 Good splits: 219
Reward: 40632.416422 Total splits: 266 Good splits: 237
Reward: 37731.5770308 Total splits: 270 Good splits: 240
Reward: 38584.2936236 Total splits: 244 Good splits: 220
Reward: 36745.4951291 Total splits: 267 Good splits: 224
Reward: 39129.4240702 Total splits: 270 Good splits: 236
Reward: 39118.1257059 Total splits: 289 Good splits: 247
Reward: 41066.9789617 Total splits: 263 Good splits: 222
Reward: 37984.3149703 Total splits: 246 Good splits: 206
Reward: 38671.0218687 Total splits: 252 Good splits: 220
Reward: 37020.2735122 Total splits: 259 Good splits: 221
Reward: 38064.7610392 Total splits: 250 Good splits: 214
Reward: 37029.8449565 Total splits: 244 Good splits: 218
Reward: 39419.6958926 Total splits: 261 Good splits: 230
Reward: 36156.742 Total splits: 248 Good splits: 214
Reward: 40946.5055282 Total splits: 253 Good splits: 216
Reward: 38233.8266107 Total splits: 255 Good splits: 227
Reward: 40484.9343653 Total splits: 254 Good splits: 230
Reward: 38991.5323702 Total splits: 245 Good splits: 215
Reward: 40209.1707146 Total splits: 263 Good splits: 240
Reward: 36740.6090736 Total splits: 260 Good splits: 218
Reward: 41090.1849738 Total splits: 248 Good splits: 221
Reward: 37174.5621221 Total splits: 259 Good splits: 216
Reward: 39988.7491784 Total splits: 263 Good splits: 232
Reward: 37021.7661567 Total splits: 243 Good splits: 217
Reward: 35198.3676778 Total splits: 253 Good splits: 222
Reward: 37549.1170316 Total splits: 246 Good splits: 216
Reward: 39930.2704495 Total splits: 251 Good splits: 227
Reward: 39345.8958873 Total splits: 252 Good splits: 229
Reward: 38845.9207706 Total splits: 263 Good splits: 225
Reward: 38987.6404922 Total splits: 268 Good splits: 243
Reward: 38630.2382752 Total splits: 266 Good splits: 226
Reward: 38744.8821815 Total splits: 253 Good splits: 229
Reward: 38640.8958673 Total splits: 270 Good splits: 239
Reward: 38903.0063004 Total splits: 259 Good splits: 218
Reward: 38260.3274578 Total splits: 255 Good splits: 226
Reward: 39783.0596161 Total splits: 275 Good splits: 240
Reward: 37565.4919845 Total splits: 256 Good splits: 236
Reward: 39358.8460596 Total splits: 279 Good splits: 252
Reward: 37204.3827087 Total splits: 259 Good splits: 225
Reward: 41099.101291 Total splits: 261 Good splits: 234
Reward: 37890.0231064 Total splits: 268 Good splits: 235
Reward: 40080.8684448 Total splits: 261 Good splits: 238
Reward: 37073.4866826 Total splits: 248 Good splits: 214
Reward: 39395.4571895 Total splits: 265 Good splits: 241
Reward: 37709.1119306 Total splits: 238 Good splits: 205
Reward: 39488.2956719 Total splits: 262 Good splits: 220
Reward: 38282.5287819 Total splits: 240 Good splits: 214
Reward: 39383.7949058 Total splits: 250 Good splits: 214
Reward: 37104.8573271 Total splits: 265 Good splits: 237
Reward: 40435.9906512 Total splits: 262 Good splits: 241
Reward: 37754.499155 Total splits: 242 Good splits: 222
Reward: 37316.1596507 Total splits: 247 Good splits: 212
Reward: 37821.9886099 Total splits: 268 Good splits: 238
Reward: 40798.1491269 Total splits: 260 Good splits: 230
Reward: 38313.9874389 Total splits: 259 Good splits: 227
Reward: 40037.4026359 Total splits: 262 Good splits: 234
Reward: 39730.8331937 Total splits: 260 Good splits: 227
Reward: 39815.3128583 Total splits: 252 Good splits: 226
Reward: 37067.4671861 Total splits: 245 Good splits: 219
Reward: 38778.2014 Total splits: 273 Good splits: 236
Reward: 36861.1129042 Total splits: 260 Good splits: 228
Reward: 38956.1067302 Total splits: 257 Good splits: 219
Reward: 36263.1279784 Total splits: 263 Good splits: 233
Reward: 38368.0804717 Total splits: 271 Good splits: 235
Reward: 38616.8464779 Total splits: 264 Good splits: 231
Reward: 37528.1364303 Total splits: 246 Good splits: 214
Reward: 38578.8719857 Total splits: 263 Good splits: 227
Reward: 38961.5438446 Total splits: 277 Good splits: 242
Reward: 38744.5155479 Total splits: 293 Good splits: 255
Reward: 37964.0471443 Total splits: 247 Good splits: 223
Reward: 39624.547262 Total splits: 273 Good splits: 242
Reward: 38244.5140221 Total splits: 251 Good splits: 220
Reward: 37747.7186209 Total splits: 255 Good splits: 227
Reward: 38494.9913387 Total splits: 276 Good splits: 239
Reward: 40191.7801939 Total splits: 253 Good splits: 221
Reward: 38782.6655215 Total splits: 245 Good splits: 209
Reward: 39070.8004777 Total splits: 243 Good splits: 213
Reward: 37441.2617949 Total splits: 267 Good splits: 240
Reward: 39149.6951156 Total splits: 245 Good splits: 215
Reward: 36515.5093882 Total splits: 256 Good splits: 225
Reward: 38887.374955 Total splits: 262 Good splits: 223
Reward: 36573.6465462 Total splits: 265 Good splits: 226
Reward: 40777.4937108 Total splits: 250 Good splits: 224
Reward: 36961.5330819 Total splits: 271 Good splits: 233
Reward: 41610.694041 Total splits: 251 Good splits: 223
Reward: 38686.3881552 Total splits: 250 Good splits: 216
Reward: 37756.1380483 Total splits: 257 Good splits: 233
Reward: 35990.2525988 Total splits: 264 Good splits: 228
Reward: 40213.8719265 Total splits: 266 Good splits: 233
Reward: 36680.7613876 Total splits: 245 Good splits: 215
Reward: 40556.6725315 Total splits: 254 Good splits: 232
Reward: 37789.200392 Total splits: 245 Good splits: 210
Reward: 37971.8525884 Total splits: 260 Good splits: 222
Reward: 37958.4389168 Total splits: 254 Good splits: 226
Reward: 37823.0186824 Total splits: 255 Good splits: 225
Reward: 38370.9459619 Total splits: 245 Good splits: 216
Reward: 38370.6414295 Total splits: 252 Good splits: 227
Reward: 38513.3607986 Total splits: 259 Good splits: 227
Reward: 39077.3313451 Total splits: 253 Good splits: 218
Reward: 38200.0168388 Total splits: 262 Good splits: 236
Reward: 37822.301223 Total splits: 251 Good splits: 217

Total results after running 200 tests
Average total rewards : 38458.5273525
Average total splits  : 258.25
Average good splits   : 226.49
Average good splits % : 87.701839303

