Reward: 38328.4619915 Total splits: 260 Good splits: 235
Reward: 37663.5488459 Total splits: 259 Good splits: 236
Reward: 39521.3322993 Total splits: 258 Good splits: 226
Reward: 37378.7162504 Total splits: 265 Good splits: 240
Reward: 35269.9089013 Total splits: 257 Good splits: 235
Reward: 37044.3725452 Total splits: 258 Good splits: 223
Reward: 41467.3716299 Total splits: 267 Good splits: 239
Reward: 38240.2107102 Total splits: 262 Good splits: 235
Reward: 40614.0293241 Total splits: 265 Good splits: 238
Reward: 38726.1986709 Total splits: 238 Good splits: 202
Reward: 38615.0599231 Total splits: 297 Good splits: 268
Reward: 36706.3026039 Total splits: 262 Good splits: 237
Reward: 39983.1402791 Total splits: 275 Good splits: 245
Reward: 37131.5744869 Total splits: 270 Good splits: 243
Reward: 37036.0634774 Total splits: 261 Good splits: 234
Reward: 37793.4054587 Total splits: 254 Good splits: 232
Reward: 37626.3753413 Total splits: 249 Good splits: 215
Reward: 37007.4954026 Total splits: 250 Good splits: 225
Reward: 37334.6200714 Total splits: 255 Good splits: 226
Reward: 38871.4981151 Total splits: 264 Good splits: 241
Reward: 35562.8105275 Total splits: 261 Good splits: 230
Reward: 36478.7334263 Total splits: 277 Good splits: 243
Reward: 39249.8667182 Total splits: 262 Good splits: 236
Reward: 36425.9982215 Total splits: 261 Good splits: 229
Reward: 38068.3798649 Total splits: 276 Good splits: 238
Reward: 38700.353585 Total splits: 258 Good splits: 225
Reward: 39721.9895514 Total splits: 270 Good splits: 246
Reward: 39105.7173326 Total splits: 256 Good splits: 238
Reward: 38304.7458688 Total splits: 262 Good splits: 231
Reward: 39982.4761966 Total splits: 274 Good splits: 249
Reward: 36566.8703676 Total splits: 274 Good splits: 241
Reward: 40490.1526675 Total splits: 266 Good splits: 223
Reward: 39026.7046976 Total splits: 268 Good splits: 243
Reward: 40385.3908685 Total splits: 284 Good splits: 256
Reward: 38261.2279375 Total splits: 271 Good splits: 246
Reward: 38688.5847554 Total splits: 251 Good splits: 221
Reward: 39311.2940823 Total splits: 268 Good splits: 239
Reward: 41012.9949699 Total splits: 271 Good splits: 236
Reward: 38555.0767286 Total splits: 265 Good splits: 238
Reward: 41066.8847003 Total splits: 271 Good splits: 247
Reward: 36913.6599007 Total splits: 296 Good splits: 255
Reward: 39505.387668 Total splits: 279 Good splits: 243
Reward: 36795.7597338 Total splits: 256 Good splits: 228
Reward: 37400.0047938 Total splits: 286 Good splits: 252
Reward: 36667.4257578 Total splits: 277 Good splits: 248
Reward: 39536.9085956 Total splits: 263 Good splits: 234
Reward: 37161.668708 Total splits: 260 Good splits: 231
Reward: 40630.0728067 Total splits: 273 Good splits: 248
Reward: 38230.8359001 Total splits: 256 Good splits: 232
Reward: 36407.9222183 Total splits: 270 Good splits: 245
Reward: 37676.0422611 Total splits: 251 Good splits: 232
Reward: 38290.2861622 Total splits: 248 Good splits: 223
Reward: 37354.8537578 Total splits: 248 Good splits: 220
Reward: 39046.3199974 Total splits: 252 Good splits: 221
Reward: 36761.4707019 Total splits: 262 Good splits: 244
Reward: 40713.6865387 Total splits: 272 Good splits: 243
Reward: 38487.9378605 Total splits: 277 Good splits: 250
Reward: 38702.9140172 Total splits: 256 Good splits: 227
Reward: 39439.8926597 Total splits: 252 Good splits: 216
Reward: 37164.9887997 Total splits: 257 Good splits: 227
Reward: 37286.3542642 Total splits: 259 Good splits: 239
Reward: 36876.9661426 Total splits: 241 Good splits: 204
Reward: 37846.9721028 Total splits: 278 Good splits: 255
Reward: 38694.2105112 Total splits: 287 Good splits: 254
Reward: 39730.1673088 Total splits: 273 Good splits: 240
Reward: 38643.5306643 Total splits: 281 Good splits: 246
Reward: 39868.4342331 Total splits: 276 Good splits: 250
Reward: 38989.1565498 Total splits: 259 Good splits: 230
Reward: 39890.4597627 Total splits: 257 Good splits: 237
Reward: 37376.0300293 Total splits: 265 Good splits: 244
Reward: 39393.1418127 Total splits: 276 Good splits: 252
Reward: 36921.7895455 Total splits: 255 Good splits: 226
Reward: 39853.2522939 Total splits: 245 Good splits: 212
Reward: 37832.6156749 Total splits: 250 Good splits: 215
Reward: 41460.5483263 Total splits: 291 Good splits: 253
Reward: 36427.3389886 Total splits: 271 Good splits: 245
Reward: 39994.2948747 Total splits: 265 Good splits: 238
Reward: 37457.0969695 Total splits: 255 Good splits: 234
Reward: 40375.2143581 Total splits: 240 Good splits: 215
Reward: 37050.8525032 Total splits: 245 Good splits: 218
Reward: 42492.090533 Total splits: 240 Good splits: 210
Reward: 36554.6411916 Total splits: 279 Good splits: 244
Reward: 41000.9746522 Total splits: 276 Good splits: 250
Reward: 37586.0459568 Total splits: 270 Good splits: 231
Reward: 40948.332834 Total splits: 256 Good splits: 232
Reward: 38091.952408 Total splits: 241 Good splits: 219
Reward: 39866.256611 Total splits: 257 Good splits: 230
Reward: 38530.6984458 Total splits: 258 Good splits: 230
Reward: 37304.9927188 Total splits: 266 Good splits: 227
Reward: 37839.0412455 Total splits: 281 Good splits: 246
Reward: 39525.1803725 Total splits: 263 Good splits: 229
Reward: 37548.8980012 Total splits: 258 Good splits: 234
Reward: 39751.5630646 Total splits: 256 Good splits: 236
Reward: 38003.6709971 Total splits: 265 Good splits: 240
Reward: 39900.1241892 Total splits: 245 Good splits: 215
Reward: 38151.178827 Total splits: 244 Good splits: 214
Reward: 39400.9858157 Total splits: 272 Good splits: 236
Reward: 38469.9456281 Total splits: 257 Good splits: 230
Reward: 37120.5880992 Total splits: 274 Good splits: 238
Reward: 39872.6504671 Total splits: 270 Good splits: 237
Reward: 39009.9001355 Total splits: 262 Good splits: 236
Reward: 40327.0111895 Total splits: 250 Good splits: 223
Reward: 38396.1031874 Total splits: 282 Good splits: 259
Reward: 39030.6839103 Total splits: 264 Good splits: 241
Reward: 39052.5237049 Total splits: 270 Good splits: 245
Reward: 40443.5233929 Total splits: 250 Good splits: 232
Reward: 40145.1570916 Total splits: 270 Good splits: 242
Reward: 40437.1559451 Total splits: 247 Good splits: 218
Reward: 37445.4189494 Total splits: 265 Good splits: 231
Reward: 40763.3863411 Total splits: 238 Good splits: 214
Reward: 37977.1570986 Total splits: 261 Good splits: 236
Reward: 38262.7656446 Total splits: 256 Good splits: 223
Reward: 37742.9083046 Total splits: 256 Good splits: 229
Reward: 40729.4439745 Total splits: 268 Good splits: 243
Reward: 36649.5723145 Total splits: 271 Good splits: 247
Reward: 38874.2153049 Total splits: 272 Good splits: 244
Reward: 38262.0924765 Total splits: 279 Good splits: 248
Reward: 38458.9457628 Total splits: 279 Good splits: 236
Reward: 37163.4668282 Total splits: 260 Good splits: 226
Reward: 38792.0978332 Total splits: 253 Good splits: 225
Reward: 34660.6159376 Total splits: 245 Good splits: 224
Reward: 39558.3645356 Total splits: 272 Good splits: 237
Reward: 37236.8522432 Total splits: 248 Good splits: 226
Reward: 40090.1090776 Total splits: 253 Good splits: 228
Reward: 37281.9616276 Total splits: 261 Good splits: 233
Reward: 39378.9474589 Total splits: 260 Good splits: 230
Reward: 39527.6452483 Total splits: 252 Good splits: 227
Reward: 38578.4804704 Total splits: 246 Good splits: 220
Reward: 39449.3690444 Total splits: 270 Good splits: 231
Reward: 39149.6151749 Total splits: 240 Good splits: 218
Reward: 38750.5481915 Total splits: 272 Good splits: 244
Reward: 38023.6145673 Total splits: 248 Good splits: 219
Reward: 38471.9935479 Total splits: 253 Good splits: 230
Reward: 38561.0675572 Total splits: 255 Good splits: 232
Reward: 36756.0083911 Total splits: 260 Good splits: 232
Reward: 37937.613702 Total splits: 279 Good splits: 253
Reward: 38654.0870685 Total splits: 267 Good splits: 229
Reward: 37980.2210037 Total splits: 280 Good splits: 246
Reward: 40071.7412247 Total splits: 267 Good splits: 246
Reward: 37936.249432 Total splits: 279 Good splits: 242
Reward: 39669.5254601 Total splits: 254 Good splits: 232
Reward: 38515.7140524 Total splits: 260 Good splits: 227
Reward: 36344.0409244 Total splits: 260 Good splits: 236
Reward: 37312.8951884 Total splits: 258 Good splits: 234
Reward: 39238.3855056 Total splits: 274 Good splits: 239
Reward: 39101.8308806 Total splits: 232 Good splits: 209
Reward: 41086.0516619 Total splits: 262 Good splits: 229
Reward: 36908.5356748 Total splits: 265 Good splits: 236
Reward: 41587.4416563 Total splits: 276 Good splits: 247
Reward: 35818.0684207 Total splits: 267 Good splits: 248
Reward: 38725.8862827 Total splits: 250 Good splits: 226
Reward: 35986.5733611 Total splits: 264 Good splits: 243
Reward: 39015.1515424 Total splits: 254 Good splits: 226
Reward: 37669.9065129 Total splits: 276 Good splits: 242
Reward: 40344.7826478 Total splits: 250 Good splits: 226
Reward: 38422.3601924 Total splits: 262 Good splits: 240
Reward: 39566.1787181 Total splits: 261 Good splits: 232
Reward: 37779.4839577 Total splits: 276 Good splits: 249
Reward: 38003.51487 Total splits: 257 Good splits: 230
Reward: 37381.0120427 Total splits: 235 Good splits: 213
Reward: 39745.892943 Total splits: 252 Good splits: 225
Reward: 37389.4552326 Total splits: 235 Good splits: 215
Reward: 38858.9344803 Total splits: 251 Good splits: 222
Reward: 36452.7358139 Total splits: 261 Good splits: 230
Reward: 38467.1778607 Total splits: 279 Good splits: 240
Reward: 37532.4061538 Total splits: 261 Good splits: 231
Reward: 38081.818959 Total splits: 261 Good splits: 233
Reward: 39894.1648397 Total splits: 272 Good splits: 247
Reward: 38006.9573639 Total splits: 270 Good splits: 242
Reward: 39259.8125604 Total splits: 248 Good splits: 220
Reward: 36725.1392659 Total splits: 254 Good splits: 223
Reward: 40035.4426852 Total splits: 246 Good splits: 226
Reward: 39097.8291489 Total splits: 262 Good splits: 235
Reward: 36741.3225441 Total splits: 265 Good splits: 227
Reward: 38798.2258096 Total splits: 262 Good splits: 232
Reward: 40419.7953622 Total splits: 267 Good splits: 232
Reward: 37202.7226548 Total splits: 252 Good splits: 225
Reward: 40737.0741766 Total splits: 265 Good splits: 235
Reward: 37789.1949252 Total splits: 255 Good splits: 227
Reward: 37413.4549436 Total splits: 267 Good splits: 245
Reward: 32494.9484421 Total splits: 274 Good splits: 245
Reward: 37964.6681281 Total splits: 242 Good splits: 211
Reward: 37506.4558361 Total splits: 279 Good splits: 248
Reward: 38235.2683096 Total splits: 284 Good splits: 256
Reward: 38146.6652174 Total splits: 240 Good splits: 217
Reward: 37722.2746674 Total splits: 267 Good splits: 226
Reward: 35952.3434503 Total splits: 260 Good splits: 229
Reward: 41749.1420761 Total splits: 251 Good splits: 235
Reward: 36533.8790006 Total splits: 253 Good splits: 228
Reward: 40187.6296265 Total splits: 273 Good splits: 251
Reward: 36431.8018442 Total splits: 262 Good splits: 240
Reward: 36212.8152139 Total splits: 241 Good splits: 206
Reward: 37264.7237326 Total splits: 266 Good splits: 232
Reward: 38838.5566963 Total splits: 274 Good splits: 246
Reward: 39907.7468284 Total splits: 277 Good splits: 247
Reward: 39241.5527764 Total splits: 250 Good splits: 221
Reward: 36601.5787727 Total splits: 268 Good splits: 243
Reward: 40406.2789406 Total splits: 261 Good splits: 239
Reward: 38749.8737453 Total splits: 262 Good splits: 234
Reward: 38843.7878921 Total splits: 260 Good splits: 227

Total results after running 200 tests
Average total rewards : 38461.3987029
Average total splits  : 262.21
Average good splits   : 233.93
Average good splits % : 89.214751535

