Reward: 50153.0204628 Total splits: 341 Good splits: 324
Reward: 50169.4393378 Total splits: 341 Good splits: 313
Reward: 48562.2634234 Total splits: 330 Good splits: 310
Reward: 46190.838705 Total splits: 352 Good splits: 329
Reward: 49378.1543021 Total splits: 318 Good splits: 302
Reward: 49608.7267618 Total splits: 358 Good splits: 339
Reward: 48629.0421515 Total splits: 327 Good splits: 308
Reward: 49028.8540644 Total splits: 345 Good splits: 321
Reward: 48219.1334443 Total splits: 335 Good splits: 310
Reward: 47999.0709055 Total splits: 343 Good splits: 324
Reward: 48053.3203271 Total splits: 338 Good splits: 310
Reward: 49436.451357 Total splits: 329 Good splits: 301
Reward: 48970.4733913 Total splits: 334 Good splits: 314
Reward: 41785.8664003 Total splits: 315 Good splits: 294
Reward: 43826.7242777 Total splits: 327 Good splits: 305
Reward: 44702.9723959 Total splits: 329 Good splits: 308
Reward: 47823.0900473 Total splits: 349 Good splits: 325
Reward: 49009.7373816 Total splits: 334 Good splits: 316
Reward: 47880.589516 Total splits: 337 Good splits: 314
Reward: 46622.0119798 Total splits: 331 Good splits: 305
Reward: 47920.1018195 Total splits: 356 Good splits: 340
Reward: 47321.4963037 Total splits: 320 Good splits: 297
Reward: 48936.7531501 Total splits: 337 Good splits: 316
Reward: 47374.4218248 Total splits: 323 Good splits: 303
Reward: 49609.4671822 Total splits: 344 Good splits: 319
Reward: 50243.3234086 Total splits: 345 Good splits: 333
Reward: 47026.8660056 Total splits: 324 Good splits: 302
Reward: 49320.0156657 Total splits: 332 Good splits: 319
Reward: 49859.4424061 Total splits: 335 Good splits: 315
Reward: 49007.7394533 Total splits: 337 Good splits: 316
Reward: 48995.9716571 Total splits: 339 Good splits: 315
Reward: 46610.1437359 Total splits: 337 Good splits: 312
Reward: 47527.6650501 Total splits: 340 Good splits: 319
Reward: 49433.2981482 Total splits: 339 Good splits: 320
Reward: 49122.7531485 Total splits: 320 Good splits: 287
Reward: 47379.0148027 Total splits: 336 Good splits: 316
Reward: 48389.7393917 Total splits: 329 Good splits: 301
Reward: 47894.0903524 Total splits: 324 Good splits: 293
Reward: 51013.4279586 Total splits: 338 Good splits: 314
Reward: 49655.8832992 Total splits: 316 Good splits: 296
Reward: 45046.2289544 Total splits: 356 Good splits: 316
Reward: 50001.6936101 Total splits: 343 Good splits: 318
Reward: 47790.0045547 Total splits: 332 Good splits: 317
Reward: 47803.2504163 Total splits: 328 Good splits: 307
Reward: 46590.6479476 Total splits: 350 Good splits: 316
Reward: 50308.9135962 Total splits: 318 Good splits: 296
Reward: 47755.2304182 Total splits: 312 Good splits: 300
Reward: 48265.9751806 Total splits: 318 Good splits: 294
Reward: 50625.5300385 Total splits: 334 Good splits: 308
Reward: 49595.276755 Total splits: 324 Good splits: 300
Reward: 45598.1163558 Total splits: 322 Good splits: 303
Reward: 50043.2026693 Total splits: 354 Good splits: 330
Reward: 45482.1562027 Total splits: 326 Good splits: 307
Reward: 50864.4261692 Total splits: 335 Good splits: 309
Reward: 46721.3273864 Total splits: 316 Good splits: 300
Reward: 46565.9899431 Total splits: 339 Good splits: 317
Reward: 48386.384889 Total splits: 320 Good splits: 296
Reward: 48509.9045551 Total splits: 334 Good splits: 308
Reward: 49637.0279544 Total splits: 342 Good splits: 309
Reward: 49415.9684801 Total splits: 347 Good splits: 319
Reward: 49668.9860025 Total splits: 337 Good splits: 321
Reward: 47977.2575355 Total splits: 327 Good splits: 299
Reward: 46349.7081398 Total splits: 330 Good splits: 309
Reward: 46012.3717488 Total splits: 326 Good splits: 315
Reward: 49478.5127466 Total splits: 324 Good splits: 305
Reward: 46468.0770059 Total splits: 321 Good splits: 300
Reward: 50594.1864858 Total splits: 328 Good splits: 311
Reward: 47427.1785251 Total splits: 339 Good splits: 324
Reward: 48193.2719712 Total splits: 326 Good splits: 310
Reward: 48696.1589895 Total splits: 330 Good splits: 320
Reward: 50358.9452078 Total splits: 330 Good splits: 312
Reward: 50359.2554615 Total splits: 332 Good splits: 311
Reward: 48087.3085876 Total splits: 330 Good splits: 308
Reward: 48437.5349448 Total splits: 326 Good splits: 301
Reward: 50321.5522049 Total splits: 310 Good splits: 288
Reward: 46435.6661663 Total splits: 329 Good splits: 306
Reward: 45998.5331122 Total splits: 343 Good splits: 326
Reward: 49345.8850452 Total splits: 321 Good splits: 300
Reward: 47884.8201489 Total splits: 352 Good splits: 325
Reward: 48335.0529327 Total splits: 329 Good splits: 311
Reward: 46852.2238665 Total splits: 323 Good splits: 297
Reward: 50637.3795049 Total splits: 345 Good splits: 315
Reward: 44729.3865592 Total splits: 320 Good splits: 295
Reward: 48604.7279496 Total splits: 342 Good splits: 311
Reward: 49553.601873 Total splits: 320 Good splits: 302
Reward: 41521.1614385 Total splits: 328 Good splits: 312
Reward: 46836.3274768 Total splits: 335 Good splits: 306
Reward: 49475.5832243 Total splits: 348 Good splits: 328
Reward: 44468.4179187 Total splits: 304 Good splits: 293
Reward: 48660.948056 Total splits: 324 Good splits: 298
Reward: 50091.0200341 Total splits: 326 Good splits: 307
Reward: 44926.3350966 Total splits: 333 Good splits: 317
Reward: 45631.5901704 Total splits: 335 Good splits: 312
Reward: 45819.1247812 Total splits: 318 Good splits: 298
Reward: 50403.1343269 Total splits: 339 Good splits: 321
Reward: 49475.2877504 Total splits: 349 Good splits: 324
Reward: 51059.5207762 Total splits: 335 Good splits: 306
Reward: 51044.6689386 Total splits: 338 Good splits: 306
Reward: 47613.0584302 Total splits: 342 Good splits: 319
Reward: 50025.6792523 Total splits: 343 Good splits: 328
Reward: 50871.6938332 Total splits: 346 Good splits: 322
Reward: 46783.356558 Total splits: 344 Good splits: 320
Reward: 48325.9566329 Total splits: 317 Good splits: 300
Reward: 48517.5331295 Total splits: 332 Good splits: 318
Reward: 50726.0886067 Total splits: 342 Good splits: 314
Reward: 49908.858687 Total splits: 328 Good splits: 306
Reward: 49094.8654968 Total splits: 337 Good splits: 318
Reward: 50296.6878974 Total splits: 328 Good splits: 305
Reward: 49207.8166522 Total splits: 348 Good splits: 329
Reward: 44938.2491302 Total splits: 321 Good splits: 304
Reward: 45141.7166042 Total splits: 329 Good splits: 298
Reward: 44143.3081079 Total splits: 314 Good splits: 293
Reward: 46198.7178607 Total splits: 333 Good splits: 315
Reward: 48617.0149601 Total splits: 326 Good splits: 309
Reward: 48108.2914752 Total splits: 336 Good splits: 308
Reward: 50894.0867653 Total splits: 345 Good splits: 320
Reward: 47460.572228 Total splits: 344 Good splits: 323
Reward: 48582.346459 Total splits: 304 Good splits: 291
Reward: 47742.4164788 Total splits: 325 Good splits: 296
Reward: 45548.8370631 Total splits: 318 Good splits: 300
Reward: 49327.6936817 Total splits: 329 Good splits: 310
Reward: 46748.5126017 Total splits: 322 Good splits: 299
Reward: 48374.1749706 Total splits: 316 Good splits: 295
Reward: 50940.7647151 Total splits: 343 Good splits: 318
Reward: 48487.0174039 Total splits: 354 Good splits: 333
Reward: 46440.2068359 Total splits: 336 Good splits: 309
Reward: 48447.1557807 Total splits: 327 Good splits: 319
Reward: 46743.7257556 Total splits: 339 Good splits: 304
Reward: 48317.5572855 Total splits: 334 Good splits: 317
Reward: 49474.7826145 Total splits: 339 Good splits: 314
Reward: 46938.2265544 Total splits: 338 Good splits: 320
Reward: 47920.2021015 Total splits: 345 Good splits: 326
Reward: 46912.0832414 Total splits: 352 Good splits: 326
Reward: 46046.2181028 Total splits: 315 Good splits: 293
Reward: 50822.4954558 Total splits: 340 Good splits: 320
Reward: 48551.8338579 Total splits: 340 Good splits: 325
Reward: 49857.4016326 Total splits: 317 Good splits: 297
Reward: 46362.1178405 Total splits: 339 Good splits: 314
Reward: 45933.1423057 Total splits: 332 Good splits: 300
Reward: 47050.0282709 Total splits: 339 Good splits: 309
Reward: 47353.9005622 Total splits: 327 Good splits: 308
Reward: 45582.1459813 Total splits: 339 Good splits: 308
Reward: 47970.3131844 Total splits: 315 Good splits: 295
Reward: 49984.1503655 Total splits: 342 Good splits: 317
Reward: 49669.7931025 Total splits: 333 Good splits: 315
Reward: 49111.0722785 Total splits: 310 Good splits: 292
Reward: 50612.3911283 Total splits: 331 Good splits: 318
Reward: 49174.4440757 Total splits: 340 Good splits: 315
Reward: 48584.5961734 Total splits: 341 Good splits: 327
Reward: 50385.6871178 Total splits: 312 Good splits: 289
Reward: 47158.4161677 Total splits: 339 Good splits: 323
Reward: 49407.7730222 Total splits: 312 Good splits: 296
Reward: 42903.8641763 Total splits: 311 Good splits: 293
Reward: 50216.0783396 Total splits: 367 Good splits: 353
Reward: 48117.1542657 Total splits: 332 Good splits: 305
Reward: 47800.3294134 Total splits: 347 Good splits: 318
Reward: 50016.3390776 Total splits: 330 Good splits: 311
Reward: 50392.8460209 Total splits: 324 Good splits: 303
Reward: 47164.7229796 Total splits: 333 Good splits: 301
Reward: 48800.3559022 Total splits: 324 Good splits: 304
Reward: 50716.1866886 Total splits: 341 Good splits: 313
Reward: 48085.8440066 Total splits: 322 Good splits: 299
Reward: 45179.798162 Total splits: 332 Good splits: 316
Reward: 48376.9727971 Total splits: 314 Good splits: 294
Reward: 48342.4968668 Total splits: 299 Good splits: 284
Reward: 47460.5790121 Total splits: 305 Good splits: 284
Reward: 47010.8280549 Total splits: 339 Good splits: 315
Reward: 48010.3980641 Total splits: 325 Good splits: 302
Reward: 49934.6110054 Total splits: 338 Good splits: 317
Reward: 48860.4847787 Total splits: 330 Good splits: 314
Reward: 48529.5023622 Total splits: 350 Good splits: 328
Reward: 48366.6661998 Total splits: 326 Good splits: 301
Reward: 47904.2702393 Total splits: 312 Good splits: 297
Reward: 50157.4138875 Total splits: 314 Good splits: 297
Reward: 47243.672404 Total splits: 339 Good splits: 318
Reward: 48279.257296 Total splits: 335 Good splits: 314
Reward: 48425.3268254 Total splits: 328 Good splits: 314
Reward: 50503.2242335 Total splits: 328 Good splits: 301
Reward: 49814.790825 Total splits: 329 Good splits: 307
Reward: 48880.1486083 Total splits: 338 Good splits: 309
Reward: 50639.7495985 Total splits: 334 Good splits: 315
Reward: 50393.3907294 Total splits: 338 Good splits: 319
Reward: 45916.9198286 Total splits: 339 Good splits: 319
Reward: 49166.136123 Total splits: 337 Good splits: 318
Reward: 47385.0148218 Total splits: 323 Good splits: 302
Reward: 47441.4274843 Total splits: 332 Good splits: 314
Reward: 50965.7512324 Total splits: 330 Good splits: 314
Reward: 50774.6294738 Total splits: 335 Good splits: 312
Reward: 49789.5773047 Total splits: 356 Good splits: 334
Reward: 49127.1765515 Total splits: 335 Good splits: 319
Reward: 49752.833752 Total splits: 356 Good splits: 336

Results after 25 tests
Average total rewards : 48113.2634571
Average total splits  : 333.24
Average good splits   : 312.12
Average good splits % : 93.6622254231

Reward: 48242.1756954 Total splits: 329 Good splits: 300
Reward: 50668.7441077 Total splits: 319 Good splits: 298

Results after 25 tests
Average total rewards : 48729.4546269
Average total splits  : 331.92
Average good splits   : 308.4
Average good splits % : 92.9139551699

Reward: 50068.0388663 Total splits: 340 Good splits: 317
Reward: 47830.8954771 Total splits: 338 Good splits: 305

Results after 25 tests
Average total rewards : 48325.8208667
Average total splits  : 332.96
Average good splits   : 312.36
Average good splits % : 93.8130706391

Reward: 49472.9576631 Total splits: 327 Good splits: 311

Results after 25 tests
Average total rewards : 48028.1632165
Average total splits  : 334.0
Average good splits   : 313.2
Average good splits % : 93.7724550898

Reward: 47258.1203864 Total splits: 329 Good splits: 303

Results after 25 tests
Average total rewards : 47765.3022022
Average total splits  : 329.76
Average good splits   : 308.04
Average good splits % : 93.4133915575

Reward: 47587.9825963 Total splits: 341 Good splits: 317

Results after 25 tests
Average total rewards : 48828.3662236
Average total splits  : 332.48
Average good splits   : 310.24
Average good splits % : 93.3108758422

Reward: 51506.4037768 Total splits: 349 Good splits: 338

Results after 25 tests
Average total rewards : 48397.1480377
Average total splits  : 335.4
Average good splits   : 313.32
Average good splits % : 93.4168157424

Reward: 49191.3911495 Total splits: 318 Good splits: 296

Results after 25 tests
Average total rewards : 48293.68176
Average total splits  : 327.92
Average good splits   : 306.76
Average good splits % : 93.5472066358

