Reward: 52015.5010019 Total splits: 346 Good splits: 332
Reward: 51167.4100619 Total splits: 345 Good splits: 325
Reward: 51155.1119352 Total splits: 351 Good splits: 334
Reward: 52155.5402664 Total splits: 339 Good splits: 325
Reward: 50970.6479724 Total splits: 330 Good splits: 317
Reward: 52307.6281493 Total splits: 339 Good splits: 325
Reward: 51420.4927904 Total splits: 345 Good splits: 325
Reward: 50703.4189704 Total splits: 339 Good splits: 327
Reward: 50834.6968964 Total splits: 341 Good splits: 319
Reward: 51963.8443439 Total splits: 354 Good splits: 333
Reward: 51978.7324655 Total splits: 355 Good splits: 336
Reward: 52420.1582152 Total splits: 343 Good splits: 333
Reward: 51620.4338474 Total splits: 351 Good splits: 339
Reward: 51859.6745723 Total splits: 354 Good splits: 340
Reward: 52493.3101776 Total splits: 335 Good splits: 317
Reward: 51970.1563471 Total splits: 361 Good splits: 346
Reward: 52535.4439223 Total splits: 333 Good splits: 322
Reward: 49158.5093654 Total splits: 354 Good splits: 339
Reward: 52321.5316751 Total splits: 343 Good splits: 329
Reward: 52318.1626927 Total splits: 348 Good splits: 329
Reward: 47997.5474257 Total splits: 359 Good splits: 342
Reward: 52090.7673928 Total splits: 334 Good splits: 324
Reward: 51418.0727704 Total splits: 348 Good splits: 326
Reward: 52069.3179385 Total splits: 349 Good splits: 333
Reward: 52100.7648452 Total splits: 347 Good splits: 332
Reward: 51422.6521083 Total splits: 349 Good splits: 323
Reward: 51951.0334307 Total splits: 354 Good splits: 346
Reward: 49476.8197246 Total splits: 348 Good splits: 337
Reward: 51338.6816208 Total splits: 334 Good splits: 317
Reward: 51148.0406209 Total splits: 356 Good splits: 333
Reward: 51858.3931004 Total splits: 339 Good splits: 319
Reward: 48599.458506 Total splits: 346 Good splits: 329
Reward: 50891.2223454 Total splits: 342 Good splits: 322
Reward: 51867.1382648 Total splits: 347 Good splits: 333
Reward: 52351.1872779 Total splits: 349 Good splits: 332
Reward: 51409.8108221 Total splits: 334 Good splits: 315
Reward: 51516.3375878 Total splits: 342 Good splits: 326
Reward: 52447.5035846 Total splits: 333 Good splits: 316
Reward: 51142.6805984 Total splits: 363 Good splits: 348
Reward: 50358.32471 Total splits: 338 Good splits: 324
Reward: 51481.7552904 Total splits: 361 Good splits: 340
Reward: 50792.3472823 Total splits: 353 Good splits: 338
Reward: 51964.477395 Total splits: 349 Good splits: 320
Reward: 51193.6654685 Total splits: 347 Good splits: 326
Reward: 51008.1959665 Total splits: 349 Good splits: 333
Reward: 50262.6308955 Total splits: 352 Good splits: 339
Reward: 52082.5806184 Total splits: 336 Good splits: 314
Reward: 52236.0876326 Total splits: 338 Good splits: 326
Reward: 51428.1227972 Total splits: 353 Good splits: 340
Reward: 50069.0016245 Total splits: 353 Good splits: 342
Reward: 52430.0760406 Total splits: 355 Good splits: 335
Reward: 51725.0038128 Total splits: 352 Good splits: 334
Reward: 50565.4406769 Total splits: 333 Good splits: 315
Reward: 51666.5653597 Total splits: 351 Good splits: 332
Reward: 52258.7321186 Total splits: 360 Good splits: 339
Reward: 51994.1328108 Total splits: 348 Good splits: 335
Reward: 50383.7252856 Total splits: 356 Good splits: 336
Reward: 51897.4900961 Total splits: 356 Good splits: 341
Reward: 51331.3084555 Total splits: 357 Good splits: 336
Reward: 51143.0892821 Total splits: 349 Good splits: 334
Reward: 48888.4013457 Total splits: 346 Good splits: 330
Reward: 48576.9479822 Total splits: 361 Good splits: 350
Reward: 51251.896559 Total splits: 357 Good splits: 335
Reward: 52815.7742548 Total splits: 340 Good splits: 326
Reward: 49094.2934303 Total splits: 349 Good splits: 334
Reward: 51986.9610578 Total splits: 366 Good splits: 349
Reward: 51809.1458894 Total splits: 368 Good splits: 352
Reward: 51196.691442 Total splits: 351 Good splits: 330
Reward: 52029.8994296 Total splits: 360 Good splits: 341
Reward: 52306.431423 Total splits: 342 Good splits: 330
Reward: 52192.7623229 Total splits: 340 Good splits: 318
Reward: 51626.1017307 Total splits: 365 Good splits: 343
Reward: 49584.9302674 Total splits: 365 Good splits: 347
Reward: 51786.7763058 Total splits: 348 Good splits: 330
Reward: 52326.5290085 Total splits: 340 Good splits: 322
Reward: 52205.1260834 Total splits: 353 Good splits: 336
Reward: 51647.2093633 Total splits: 337 Good splits: 321
Reward: 50974.6498005 Total splits: 346 Good splits: 325
Reward: 52420.3820118 Total splits: 340 Good splits: 325
Reward: 46672.490884 Total splits: 346 Good splits: 334
Reward: 52236.5966917 Total splits: 354 Good splits: 325
Reward: 51834.3775358 Total splits: 349 Good splits: 337
Reward: 47584.315665 Total splits: 374 Good splits: 353
Reward: 52013.5469915 Total splits: 355 Good splits: 335
Reward: 51251.892999 Total splits: 359 Good splits: 345
Reward: 51910.1097977 Total splits: 341 Good splits: 324
Reward: 51225.1361579 Total splits: 347 Good splits: 327
Reward: 49989.8933886 Total splits: 348 Good splits: 328
Reward: 50452.6326901 Total splits: 338 Good splits: 325
Reward: 48915.2502192 Total splits: 355 Good splits: 331
Reward: 51805.5442809 Total splits: 349 Good splits: 331
Reward: 51749.3878242 Total splits: 348 Good splits: 332
Reward: 48193.0710304 Total splits: 332 Good splits: 318
Reward: 52031.723529 Total splits: 345 Good splits: 321
Reward: 50992.369538 Total splits: 352 Good splits: 330
Reward: 51567.3193341 Total splits: 351 Good splits: 342
Reward: 51323.0346011 Total splits: 355 Good splits: 342
Reward: 52246.5365493 Total splits: 348 Good splits: 330
Reward: 50744.5846223 Total splits: 348 Good splits: 328
Reward: 52069.6313599 Total splits: 322 Good splits: 304
Reward: 51564.4936165 Total splits: 334 Good splits: 311
Reward: 52470.9328488 Total splits: 347 Good splits: 327
Reward: 51832.3951997 Total splits: 339 Good splits: 320
Reward: 51927.9142276 Total splits: 343 Good splits: 328
Reward: 52015.9256895 Total splits: 333 Good splits: 316
Reward: 50989.1901727 Total splits: 353 Good splits: 334
Reward: 49705.4038156 Total splits: 372 Good splits: 349
Reward: 51559.6655928 Total splits: 335 Good splits: 316
Reward: 51304.3836693 Total splits: 349 Good splits: 327
Reward: 51400.7626729 Total splits: 349 Good splits: 336
Reward: 49352.6010139 Total splits: 349 Good splits: 331
Reward: 51471.9849684 Total splits: 342 Good splits: 316
Reward: 49610.0194897 Total splits: 367 Good splits: 349
Reward: 51523.3933555 Total splits: 339 Good splits: 320
Reward: 51858.7195184 Total splits: 356 Good splits: 340
Reward: 50466.7841963 Total splits: 354 Good splits: 329
Reward: 50164.9935081 Total splits: 352 Good splits: 337
Reward: 50288.3813219 Total splits: 346 Good splits: 335
Reward: 47411.0446325 Total splits: 349 Good splits: 332
Reward: 51882.059573 Total splits: 349 Good splits: 330
Reward: 51966.0627316 Total splits: 357 Good splits: 340
Reward: 50939.0122835 Total splits: 354 Good splits: 338
Reward: 51069.4077447 Total splits: 350 Good splits: 335
Reward: 51719.4622648 Total splits: 344 Good splits: 330
Reward: 50727.3832127 Total splits: 344 Good splits: 321
Reward: 51158.7530447 Total splits: 338 Good splits: 320
Reward: 52181.783927 Total splits: 362 Good splits: 343
Reward: 51356.1989315 Total splits: 367 Good splits: 355
Reward: 48735.0689635 Total splits: 353 Good splits: 332
Reward: 51265.7370521 Total splits: 361 Good splits: 338
Reward: 50545.6607263 Total splits: 345 Good splits: 331
Reward: 51716.8324587 Total splits: 360 Good splits: 346
Reward: 49398.9888321 Total splits: 350 Good splits: 337
Reward: 51890.0586907 Total splits: 365 Good splits: 351
Reward: 52122.4838972 Total splits: 342 Good splits: 322
Reward: 51959.9485432 Total splits: 347 Good splits: 326
Reward: 50573.1874231 Total splits: 361 Good splits: 342
Reward: 52366.0704031 Total splits: 347 Good splits: 336
Reward: 52316.1068568 Total splits: 342 Good splits: 320
Reward: 52146.890526 Total splits: 345 Good splits: 325
Reward: 51690.0975753 Total splits: 337 Good splits: 312
Reward: 52202.4387027 Total splits: 351 Good splits: 336
Reward: 50162.8481262 Total splits: 362 Good splits: 340
Reward: 51214.6475507 Total splits: 359 Good splits: 347
Reward: 51404.056339 Total splits: 362 Good splits: 345
Reward: 52078.610165 Total splits: 341 Good splits: 329
Reward: 51761.1009312 Total splits: 343 Good splits: 327
Reward: 51707.0930702 Total splits: 346 Good splits: 323
Reward: 51839.68625 Total splits: 359 Good splits: 337
Reward: 51599.1513262 Total splits: 349 Good splits: 322
Reward: 51267.6689583 Total splits: 357 Good splits: 338
Reward: 51997.3590136 Total splits: 376 Good splits: 352
Reward: 50647.4030075 Total splits: 336 Good splits: 314
Reward: 51748.6929935 Total splits: 359 Good splits: 341
Reward: 51862.8532968 Total splits: 348 Good splits: 331
Reward: 51766.9753763 Total splits: 339 Good splits: 327
Reward: 51117.9604729 Total splits: 339 Good splits: 317
Reward: 50792.8715897 Total splits: 361 Good splits: 341
Reward: 50839.4592413 Total splits: 354 Good splits: 340
Reward: 46261.5019867 Total splits: 331 Good splits: 316
Reward: 51016.9406822 Total splits: 347 Good splits: 332
Reward: 51958.789463 Total splits: 341 Good splits: 317
Reward: 51265.0530486 Total splits: 328 Good splits: 314
Reward: 51516.4337866 Total splits: 344 Good splits: 325
Reward: 51541.3784784 Total splits: 355 Good splits: 347
Reward: 49662.2611924 Total splits: 339 Good splits: 319
Reward: 52088.1599328 Total splits: 344 Good splits: 331
Reward: 51596.2244268 Total splits: 355 Good splits: 338
Reward: 52011.6095364 Total splits: 349 Good splits: 337
Reward: 51694.4715468 Total splits: 352 Good splits: 326
Reward: 49056.3525651 Total splits: 362 Good splits: 349
Reward: 51990.1959003 Total splits: 338 Good splits: 319
Reward: 50868.8835848 Total splits: 339 Good splits: 323
Reward: 51054.1319756 Total splits: 351 Good splits: 326
Reward: 51743.5262432 Total splits: 338 Good splits: 323
Reward: 51292.1807976 Total splits: 346 Good splits: 328
Reward: 50528.78259 Total splits: 351 Good splits: 331
Reward: 50041.9472793 Total splits: 333 Good splits: 321
Reward: 51156.2156046 Total splits: 357 Good splits: 339
Reward: 51994.4837621 Total splits: 346 Good splits: 327
Reward: 52097.1695656 Total splits: 330 Good splits: 315
Reward: 52400.9474507 Total splits: 348 Good splits: 328
Reward: 52165.0577908 Total splits: 352 Good splits: 332
Reward: 51418.3736809 Total splits: 361 Good splits: 344
Reward: 52002.065684 Total splits: 348 Good splits: 324
Reward: 51406.9922943 Total splits: 347 Good splits: 329
Reward: 52254.9831192 Total splits: 346 Good splits: 333
Reward: 52723.5233693 Total splits: 345 Good splits: 328
Reward: 48715.4588262 Total splits: 352 Good splits: 337
Reward: 52186.6675224 Total splits: 348 Good splits: 324
Reward: 50669.214724 Total splits: 353 Good splits: 342
Reward: 51418.7991175 Total splits: 343 Good splits: 329

Results after 25 tests
Average total rewards : 51110.5346958
Average total splits  : 349.56
Average good splits   : 332.88
Average good splits % : 95.2282869894

Reward: 51435.1078867 Total splits: 351 Good splits: 324

Results after 25 tests
Average total rewards : 51369.8619604
Average total splits  : 351.6
Average good splits   : 333.76
Average good splits % : 94.9260523322

Reward: 51299.1063203 Total splits: 340 Good splits: 322
Reward: 51614.616272 Total splits: 345 Good splits: 335

Results after 25 tests
Average total rewards : 51275.9422286
Average total splits  : 346.8
Average good splits   : 330.32
Average good splits % : 95.2479815456

Reward: 51256.8068844 Total splits: 351 Good splits: 330

Results after 25 tests
Average total rewards : 51020.570335
Average total splits  : 346.04
Average good splits   : 327.88
Average good splits % : 94.7520517859

Reward: 51263.9364767 Total splits: 355 Good splits: 339

Results after 25 tests
Average total rewards : 51520.7661345
Average total splits  : 346.8
Average good splits   : 326.92
Average good splits % : 94.2675893887

Reward: 52301.6395991 Total splits: 339 Good splits: 322

Results after 25 tests
Average total rewards : 51345.8086485
Average total splits  : 349.6
Average good splits   : 333.2
Average good splits % : 95.3089244851

Reward: 51738.6983315 Total splits: 350 Good splits: 332

Results after 25 tests
Average total rewards : 51128.6524716
Average total splits  : 348.28
Average good splits   : 331.04
Average good splits % : 95.0499598025

Reward: 52322.5540509 Total splits: 333 Good splits: 320

Results after 25 tests
Average total rewards : 51306.2359089
Average total splits  : 348.0
Average good splits   : 331.08
Average good splits % : 95.1379310345

