Reward: 52054.9217079 Total splits: 301 Good splits: 281
Reward: 52383.4634104 Total splits: 319 Good splits: 303
Reward: 52517.7261379 Total splits: 320 Good splits: 301
Reward: 52650.3147801 Total splits: 303 Good splits: 280
Reward: 51984.9911744 Total splits: 304 Good splits: 281
Reward: 51008.1505865 Total splits: 289 Good splits: 275
Reward: 52555.2831407 Total splits: 308 Good splits: 295
Reward: 51249.8406941 Total splits: 311 Good splits: 290
Reward: 52433.2836878 Total splits: 315 Good splits: 300
Reward: 52249.1320277 Total splits: 306 Good splits: 287
Reward: 52117.4051021 Total splits: 316 Good splits: 297
Reward: 52490.794557 Total splits: 312 Good splits: 301
Reward: 52348.159608 Total splits: 310 Good splits: 289
Reward: 52335.1786751 Total splits: 318 Good splits: 295
Reward: 51377.551083 Total splits: 315 Good splits: 293
Reward: 52244.6845935 Total splits: 325 Good splits: 294
Reward: 52082.1386659 Total splits: 307 Good splits: 287
Reward: 51857.2808757 Total splits: 310 Good splits: 287
Reward: 52127.0157359 Total splits: 315 Good splits: 293
Reward: 50793.3171057 Total splits: 303 Good splits: 287
Reward: 52535.3973514 Total splits: 303 Good splits: 273
Reward: 52228.2761976 Total splits: 298 Good splits: 280
Reward: 52221.17941 Total splits: 307 Good splits: 295
Reward: 51958.3485191 Total splits: 304 Good splits: 297
Reward: 52220.93831 Total splits: 306 Good splits: 290
Reward: 52000.0681568 Total splits: 307 Good splits: 282
Reward: 52042.3651368 Total splits: 318 Good splits: 292
Reward: 52284.079053 Total splits: 317 Good splits: 305
Reward: 52259.7160226 Total splits: 314 Good splits: 283
Reward: 52720.2315437 Total splits: 295 Good splits: 283
Reward: 52300.121926 Total splits: 313 Good splits: 299
Reward: 52121.748414 Total splits: 304 Good splits: 290
Reward: 52082.5265475 Total splits: 321 Good splits: 305
Reward: 52370.2646255 Total splits: 312 Good splits: 299
Reward: 52456.7391833 Total splits: 335 Good splits: 315
Reward: 52440.3808687 Total splits: 301 Good splits: 286
Reward: 51589.0312639 Total splits: 312 Good splits: 300
Reward: 51960.5050314 Total splits: 314 Good splits: 298
Reward: 52539.5569875 Total splits: 304 Good splits: 286
Reward: 51881.296707 Total splits: 302 Good splits: 280
Reward: 52176.6633074 Total splits: 310 Good splits: 295
Reward: 52560.7358985 Total splits: 307 Good splits: 288
Reward: 52697.705109 Total splits: 332 Good splits: 310
Reward: 52610.4942998 Total splits: 329 Good splits: 311
Reward: 52067.5567011 Total splits: 329 Good splits: 311
Reward: 52190.4428864 Total splits: 312 Good splits: 295
Reward: 52448.1004705 Total splits: 304 Good splits: 284
Reward: 52512.5261237 Total splits: 319 Good splits: 296
Reward: 52669.5239281 Total splits: 318 Good splits: 298
Reward: 52059.5475478 Total splits: 308 Good splits: 291
Reward: 51351.5415138 Total splits: 313 Good splits: 293
Reward: 52354.8984581 Total splits: 314 Good splits: 290
Reward: 52693.7995132 Total splits: 321 Good splits: 290
Reward: 52042.9686277 Total splits: 303 Good splits: 274
Reward: 52547.1676625 Total splits: 317 Good splits: 299
Reward: 52451.4289994 Total splits: 321 Good splits: 308
Reward: 51936.7117508 Total splits: 325 Good splits: 303
Reward: 52085.1756203 Total splits: 309 Good splits: 284
Reward: 52339.6582338 Total splits: 311 Good splits: 295
Reward: 52409.9410934 Total splits: 315 Good splits: 300
Reward: 51703.7051224 Total splits: 300 Good splits: 285
Reward: 52125.9784321 Total splits: 326 Good splits: 302
Reward: 51736.1554883 Total splits: 332 Good splits: 312
Reward: 52398.7200501 Total splits: 320 Good splits: 300
Reward: 51671.6758819 Total splits: 328 Good splits: 301
Reward: 51682.8491845 Total splits: 317 Good splits: 297
Reward: 52060.8301015 Total splits: 301 Good splits: 280
Reward: 50050.3517886 Total splits: 317 Good splits: 302
Reward: 52252.997777 Total splits: 308 Good splits: 285
Reward: 52389.0746658 Total splits: 307 Good splits: 299
Reward: 52307.6616119 Total splits: 315 Good splits: 288
Reward: 52184.0515388 Total splits: 306 Good splits: 281
Reward: 52202.7513967 Total splits: 309 Good splits: 294
Reward: 52433.6360049 Total splits: 318 Good splits: 298
Reward: 52375.183393 Total splits: 332 Good splits: 321
Reward: 51805.964132 Total splits: 313 Good splits: 296
Reward: 51566.6954819 Total splits: 315 Good splits: 301
Reward: 52423.1491816 Total splits: 322 Good splits: 304
Reward: 51985.3632639 Total splits: 311 Good splits: 298
Reward: 52704.1995889 Total splits: 310 Good splits: 292
Reward: 52487.6194765 Total splits: 307 Good splits: 290
Reward: 52548.0224262 Total splits: 309 Good splits: 295
Reward: 51801.2304718 Total splits: 309 Good splits: 287
Reward: 52092.0745269 Total splits: 303 Good splits: 283
Reward: 51951.9271268 Total splits: 299 Good splits: 279
Reward: 51816.5800156 Total splits: 306 Good splits: 282
Reward: 52413.5507714 Total splits: 322 Good splits: 307
Reward: 51759.5364786 Total splits: 325 Good splits: 301
Reward: 52070.0254868 Total splits: 298 Good splits: 279
Reward: 52330.8025554 Total splits: 319 Good splits: 308
Reward: 52383.4757862 Total splits: 302 Good splits: 279
Reward: 52447.3044857 Total splits: 312 Good splits: 293
Reward: 52290.9406099 Total splits: 310 Good splits: 288
Reward: 52018.6400618 Total splits: 319 Good splits: 298
Reward: 52363.9687391 Total splits: 307 Good splits: 288
Reward: 52459.2857164 Total splits: 307 Good splits: 288
Reward: 51865.1103135 Total splits: 305 Good splits: 294
Reward: 52035.6468442 Total splits: 304 Good splits: 288
Reward: 52188.2282836 Total splits: 311 Good splits: 288
Reward: 52328.202022 Total splits: 299 Good splits: 280
Reward: 52161.0229409 Total splits: 310 Good splits: 290
Reward: 51569.1510245 Total splits: 304 Good splits: 287
Reward: 51931.4988001 Total splits: 299 Good splits: 283
Reward: 52632.9038477 Total splits: 303 Good splits: 273
Reward: 52170.6239898 Total splits: 307 Good splits: 286
Reward: 51859.3798246 Total splits: 304 Good splits: 287
Reward: 51981.6004719 Total splits: 316 Good splits: 291
Reward: 51499.6820628 Total splits: 316 Good splits: 293
Reward: 52330.2107897 Total splits: 307 Good splits: 289
Reward: 52160.6200905 Total splits: 304 Good splits: 278
Reward: 52195.1865992 Total splits: 327 Good splits: 297
Reward: 51916.2219449 Total splits: 320 Good splits: 301
Reward: 52502.3486677 Total splits: 311 Good splits: 293
Reward: 51689.9552941 Total splits: 324 Good splits: 305
Reward: 52708.1140594 Total splits: 299 Good splits: 277
Reward: 52309.9186072 Total splits: 324 Good splits: 304
Reward: 50441.5386218 Total splits: 314 Good splits: 291
Reward: 51882.5636172 Total splits: 328 Good splits: 307
Reward: 51273.8624161 Total splits: 295 Good splits: 272
Reward: 51654.0464188 Total splits: 324 Good splits: 301
Reward: 51886.7533728 Total splits: 312 Good splits: 297
Reward: 51740.0234003 Total splits: 315 Good splits: 293
Reward: 52364.8325411 Total splits: 304 Good splits: 286
Reward: 52586.9528825 Total splits: 335 Good splits: 307
Reward: 52554.6244887 Total splits: 315 Good splits: 290
Reward: 52851.6782534 Total splits: 303 Good splits: 283
Reward: 52381.1746918 Total splits: 328 Good splits: 310
Reward: 51970.0528302 Total splits: 312 Good splits: 301
Reward: 52442.7737346 Total splits: 315 Good splits: 300
Reward: 52066.4932707 Total splits: 314 Good splits: 298
Reward: 52704.5604018 Total splits: 317 Good splits: 301
Reward: 52373.2178017 Total splits: 314 Good splits: 292
Reward: 52355.9806021 Total splits: 308 Good splits: 296
Reward: 52473.7358023 Total splits: 314 Good splits: 300
Reward: 52362.0592187 Total splits: 311 Good splits: 288
Reward: 52078.8551932 Total splits: 321 Good splits: 299
Reward: 51886.154285 Total splits: 308 Good splits: 288
Reward: 52223.6146151 Total splits: 298 Good splits: 277
Reward: 52167.1274709 Total splits: 311 Good splits: 281
Reward: 50893.3264095 Total splits: 301 Good splits: 282
Reward: 52256.3267042 Total splits: 315 Good splits: 295
Reward: 51997.6270853 Total splits: 296 Good splits: 280
Reward: 52063.4954229 Total splits: 304 Good splits: 291
Reward: 52464.6952912 Total splits: 323 Good splits: 297
Reward: 52218.6158682 Total splits: 326 Good splits: 293
Reward: 52077.4429004 Total splits: 306 Good splits: 286
Reward: 52403.5904696 Total splits: 312 Good splits: 295
Reward: 52586.4126596 Total splits: 318 Good splits: 291
Reward: 52507.0560123 Total splits: 325 Good splits: 300
Reward: 51932.5041055 Total splits: 308 Good splits: 286
Reward: 52426.9925258 Total splits: 311 Good splits: 294
Reward: 51853.5344327 Total splits: 302 Good splits: 285
Reward: 52075.7426296 Total splits: 327 Good splits: 301
Reward: 52621.7074208 Total splits: 327 Good splits: 310
Reward: 52041.1480414 Total splits: 321 Good splits: 300
Reward: 51579.710652 Total splits: 315 Good splits: 291
Reward: 52395.4528724 Total splits: 310 Good splits: 292
Reward: 52045.5983723 Total splits: 318 Good splits: 305
Reward: 52198.5427899 Total splits: 313 Good splits: 288
Reward: 51731.2296473 Total splits: 300 Good splits: 282
Reward: 52573.0977617 Total splits: 315 Good splits: 293
Reward: 52533.0640925 Total splits: 318 Good splits: 297
Reward: 51627.7038534 Total splits: 309 Good splits: 285
Reward: 52385.1313987 Total splits: 319 Good splits: 295
Reward: 51347.9656028 Total splits: 313 Good splits: 293
Reward: 51873.9238725 Total splits: 326 Good splits: 309
Reward: 52205.2252861 Total splits: 321 Good splits: 301
Reward: 51492.2423992 Total splits: 321 Good splits: 298
Reward: 51218.5031657 Total splits: 328 Good splits: 310
Reward: 52606.0999554 Total splits: 305 Good splits: 283
Reward: 52329.5426565 Total splits: 304 Good splits: 287
Reward: 52188.1747998 Total splits: 302 Good splits: 288
Reward: 52473.3412814 Total splits: 312 Good splits: 300
Reward: 51540.2502549 Total splits: 306 Good splits: 290
Reward: 52585.3793182 Total splits: 315 Good splits: 302
Reward: 51972.1453366 Total splits: 317 Good splits: 301
Reward: 51843.8675028 Total splits: 322 Good splits: 298
Reward: 50485.4937301 Total splits: 312 Good splits: 296
Reward: 52036.2016073 Total splits: 305 Good splits: 284
Reward: 50013.8320993 Total splits: 333 Good splits: 313
Reward: 51753.531629 Total splits: 303 Good splits: 283
Reward: 52061.2164764 Total splits: 310 Good splits: 290
Reward: 52297.5224296 Total splits: 323 Good splits: 304
Reward: 52161.9554813 Total splits: 316 Good splits: 291
Reward: 52178.0951732 Total splits: 314 Good splits: 300
Reward: 52009.8257232 Total splits: 321 Good splits: 301
Reward: 52182.2561351 Total splits: 324 Good splits: 308
Reward: 52522.2748896 Total splits: 302 Good splits: 288
Reward: 52524.3277105 Total splits: 308 Good splits: 295
Reward: 51613.9231603 Total splits: 303 Good splits: 277
Reward: 52529.2683803 Total splits: 296 Good splits: 276
Reward: 52301.8114154 Total splits: 322 Good splits: 304
Reward: 51992.5340357 Total splits: 316 Good splits: 298

Results after 25 tests
Average total rewards : 52187.2688252
Average total splits  : 314.6
Average good splits   : 295.12
Average good splits % : 93.8080101716

Reward: 51906.5704834 Total splits: 304 Good splits: 286

Results after 25 tests
Average total rewards : 52051.9866557
Average total splits  : 310.96
Average good splits   : 293.28
Average good splits % : 94.3143812709

Reward: 50893.5328941 Total splits: 320 Good splits: 300

Results after 25 tests
Average total rewards : 52105.4068673
Average total splits  : 311.24
Average good splits   : 291.64
Average good splits % : 93.7026089192

Reward: 52481.8035754 Total splits: 309 Good splits: 286

Results after 25 tests
Average total rewards : 52202.0154261
Average total splits  : 313.0
Average good splits   : 293.12
Average good splits % : 93.6485623003

Reward: 52208.7398665 Total splits: 311 Good splits: 288

Results after 25 tests
Average total rewards : 51976.6924958
Average total splits  : 311.64
Average good splits   : 291.88
Average good splits % : 93.6593505327

Reward: 52219.4339528 Total splits: 318 Good splits: 298

Results after 25 tests
Average total rewards : 51988.0044903
Average total splits  : 313.64
Average good splits   : 294.68
Average good splits % : 93.9548526974

Reward: 52463.6247691 Total splits: 300 Good splits: 283

Results after 25 tests
Average total rewards : 52215.1356454
Average total splits  : 311.52
Average good splits   : 292.04
Average good splits % : 93.7467899332

Reward: 52313.5051859 Total splits: 332 Good splits: 313

Results after 25 tests
Average total rewards : 52139.5682038
Average total splits  : 314.0
Average good splits   : 293.36
Average good splits % : 93.4267515924

