Reward: 52013.1922819 Total splits: 253 Good splits: 236
Reward: 52606.7699478 Total splits: 259 Good splits: 245
Reward: 51941.3898648 Total splits: 264 Good splits: 240
Reward: 50541.3206454 Total splits: 244 Good splits: 240
Reward: 51757.154799 Total splits: 243 Good splits: 234
Reward: 51967.951211 Total splits: 248 Good splits: 229
Reward: 51885.7942778 Total splits: 271 Good splits: 251
Reward: 51706.8654552 Total splits: 267 Good splits: 258
Reward: 52109.6814772 Total splits: 248 Good splits: 232
Reward: 50514.4175147 Total splits: 253 Good splits: 244
Reward: 49294.5334803 Total splits: 250 Good splits: 240
Reward: 50503.1052736 Total splits: 262 Good splits: 252
Reward: 52455.6294985 Total splits: 258 Good splits: 246
Reward: 50478.2599257 Total splits: 276 Good splits: 268
Reward: 51978.8670243 Total splits: 256 Good splits: 242
Reward: 51246.2392502 Total splits: 250 Good splits: 242
Reward: 52048.6483319 Total splits: 270 Good splits: 253
Reward: 49713.2168483 Total splits: 240 Good splits: 232
Reward: 52244.17288 Total splits: 262 Good splits: 251
Reward: 51420.2139017 Total splits: 260 Good splits: 253
Reward: 51077.2758017 Total splits: 260 Good splits: 249
Reward: 51537.6656417 Total splits: 275 Good splits: 254
Reward: 49944.9214284 Total splits: 254 Good splits: 238
Reward: 51990.853614 Total splits: 273 Good splits: 259
Reward: 51681.5016414 Total splits: 255 Good splits: 245
Reward: 52000.509567 Total splits: 264 Good splits: 253
Reward: 52088.4406133 Total splits: 254 Good splits: 241
Reward: 51778.1934375 Total splits: 264 Good splits: 251
Reward: 51831.9426953 Total splits: 263 Good splits: 259
Reward: 51053.8404565 Total splits: 280 Good splits: 269
Reward: 51907.5315696 Total splits: 262 Good splits: 246
Reward: 51783.7733905 Total splits: 264 Good splits: 255
Reward: 50976.625029 Total splits: 257 Good splits: 235
Reward: 50988.4903228 Total splits: 255 Good splits: 244
Reward: 51583.9503228 Total splits: 257 Good splits: 244
Reward: 51604.2634256 Total splits: 247 Good splits: 240
Reward: 52391.3270217 Total splits: 241 Good splits: 230
Reward: 51584.9369827 Total splits: 247 Good splits: 242
Reward: 51666.4458681 Total splits: 261 Good splits: 253
Reward: 52333.2482156 Total splits: 276 Good splits: 261
Reward: 52187.6897888 Total splits: 252 Good splits: 237
Reward: 51862.7938818 Total splits: 259 Good splits: 248
Reward: 52462.8727919 Total splits: 264 Good splits: 253
Reward: 52179.9937817 Total splits: 271 Good splits: 260
Reward: 51453.3244042 Total splits: 247 Good splits: 235
Reward: 52410.3766206 Total splits: 274 Good splits: 262
Reward: 51779.263499 Total splits: 253 Good splits: 239
Reward: 50345.4667927 Total splits: 241 Good splits: 234
Reward: 51434.4688558 Total splits: 252 Good splits: 238
Reward: 51837.9879953 Total splits: 261 Good splits: 248
Reward: 52051.7699318 Total splits: 249 Good splits: 241
Reward: 50948.7850037 Total splits: 241 Good splits: 233
Reward: 50972.0169404 Total splits: 244 Good splits: 233
Reward: 52203.4272887 Total splits: 264 Good splits: 251
Reward: 52611.1268087 Total splits: 260 Good splits: 245
Reward: 51773.3842387 Total splits: 247 Good splits: 233
Reward: 50870.7065976 Total splits: 253 Good splits: 244
Reward: 51907.6575105 Total splits: 265 Good splits: 255
Reward: 52168.2379435 Total splits: 268 Good splits: 259
Reward: 51195.9529005 Total splits: 261 Good splits: 255
Reward: 50292.0901971 Total splits: 272 Good splits: 262
Reward: 51914.9583835 Total splits: 248 Good splits: 233
Reward: 51989.1013032 Total splits: 272 Good splits: 259
Reward: 52203.7563785 Total splits: 255 Good splits: 237
Reward: 52024.3676291 Total splits: 258 Good splits: 242
Reward: 49670.2264913 Total splits: 250 Good splits: 241
Reward: 50356.1322068 Total splits: 274 Good splits: 265
Reward: 51413.3322761 Total splits: 275 Good splits: 265
Reward: 51565.612849 Total splits: 258 Good splits: 247
Reward: 52458.16835 Total splits: 252 Good splits: 236
Reward: 51900.169369 Total splits: 251 Good splits: 230
Reward: 51564.5307642 Total splits: 254 Good splits: 246
Reward: 50936.5437138 Total splits: 269 Good splits: 258
Reward: 50971.9978331 Total splits: 265 Good splits: 253
Reward: 52133.3229338 Total splits: 276 Good splits: 259
Reward: 52373.6866256 Total splits: 269 Good splits: 262
Reward: 51381.4221956 Total splits: 270 Good splits: 256
Reward: 50579.7027733 Total splits: 271 Good splits: 264
Reward: 52244.3539538 Total splits: 275 Good splits: 263
Reward: 49193.4083825 Total splits: 252 Good splits: 240
Reward: 50408.0953327 Total splits: 241 Good splits: 233
Reward: 51936.9514664 Total splits: 279 Good splits: 269
Reward: 51751.7660226 Total splits: 258 Good splits: 247
Reward: 52197.5896178 Total splits: 263 Good splits: 250
Reward: 50797.2379646 Total splits: 263 Good splits: 257
Reward: 52075.5107712 Total splits: 248 Good splits: 238
Reward: 52240.0166188 Total splits: 246 Good splits: 232
Reward: 52206.5262766 Total splits: 276 Good splits: 265
Reward: 50421.9148496 Total splits: 256 Good splits: 239
Reward: 51986.4616962 Total splits: 247 Good splits: 239
Reward: 52080.0838281 Total splits: 266 Good splits: 258
Reward: 51203.4356048 Total splits: 255 Good splits: 248
Reward: 51851.3673337 Total splits: 265 Good splits: 253
Reward: 51957.5841525 Total splits: 263 Good splits: 253
Reward: 52425.0678129 Total splits: 257 Good splits: 248
Reward: 52127.8979108 Total splits: 267 Good splits: 251
Reward: 52024.4890282 Total splits: 261 Good splits: 255
Reward: 52202.2793976 Total splits: 266 Good splits: 249
Reward: 52172.4249393 Total splits: 270 Good splits: 254
Reward: 52096.2289088 Total splits: 236 Good splits: 220
Reward: 51831.9069653 Total splits: 254 Good splits: 238
Reward: 50576.591426 Total splits: 260 Good splits: 250
Reward: 51906.5156873 Total splits: 265 Good splits: 245
Reward: 51467.2767634 Total splits: 270 Good splits: 261
Reward: 51388.216158 Total splits: 243 Good splits: 235
Reward: 51802.3123496 Total splits: 261 Good splits: 248
Reward: 51839.6755358 Total splits: 259 Good splits: 245
Reward: 50350.8836411 Total splits: 257 Good splits: 246
Reward: 52113.093862 Total splits: 252 Good splits: 239
Reward: 51444.3495113 Total splits: 249 Good splits: 241
Reward: 52637.0104391 Total splits: 269 Good splits: 259
Reward: 51830.2985111 Total splits: 243 Good splits: 230
Reward: 51163.5330601 Total splits: 265 Good splits: 253
Reward: 49032.8689283 Total splits: 249 Good splits: 236
Reward: 52324.7715061 Total splits: 249 Good splits: 237
Reward: 52144.3157073 Total splits: 229 Good splits: 217
Reward: 51395.0938047 Total splits: 262 Good splits: 248
Reward: 50463.8223815 Total splits: 258 Good splits: 243
Reward: 52246.4085371 Total splits: 266 Good splits: 254
Reward: 52071.4798515 Total splits: 256 Good splits: 246
Reward: 52637.7922001 Total splits: 269 Good splits: 259
Reward: 51389.9288251 Total splits: 260 Good splits: 248
Reward: 50582.2137518 Total splits: 252 Good splits: 243
Reward: 51378.9675807 Total splits: 250 Good splits: 242
Reward: 52595.1531419 Total splits: 263 Good splits: 249
Reward: 51475.4687423 Total splits: 267 Good splits: 250
Reward: 51755.3791814 Total splits: 260 Good splits: 251
Reward: 52231.7421306 Total splits: 283 Good splits: 269
Reward: 52024.6708758 Total splits: 264 Good splits: 258
Reward: 51240.1887442 Total splits: 262 Good splits: 254
Reward: 51533.9253677 Total splits: 270 Good splits: 257
Reward: 52175.3870947 Total splits: 258 Good splits: 241
Reward: 52151.9819887 Total splits: 269 Good splits: 249
Reward: 52391.1186412 Total splits: 246 Good splits: 231
Reward: 52132.4912467 Total splits: 262 Good splits: 248
Reward: 51574.823189 Total splits: 269 Good splits: 253
Reward: 52312.7085334 Total splits: 262 Good splits: 249
Reward: 51904.1896289 Total splits: 281 Good splits: 267
Reward: 51068.2790074 Total splits: 252 Good splits: 236
Reward: 51391.3928057 Total splits: 264 Good splits: 247
Reward: 52364.3346043 Total splits: 251 Good splits: 242
Reward: 52085.3784156 Total splits: 252 Good splits: 236
Reward: 50973.7620181 Total splits: 253 Good splits: 235
Reward: 50557.1239846 Total splits: 258 Good splits: 252
Reward: 51888.6579648 Total splits: 243 Good splits: 234
Reward: 52288.2348933 Total splits: 258 Good splits: 245
Reward: 50100.2245543 Total splits: 248 Good splits: 234
Reward: 51567.8525698 Total splits: 253 Good splits: 238
Reward: 52232.9151251 Total splits: 273 Good splits: 260
Reward: 50987.2170581 Total splits: 262 Good splits: 251
Reward: 51828.9308079 Total splits: 265 Good splits: 246
Reward: 52059.6095509 Total splits: 235 Good splits: 230
Reward: 51813.7955015 Total splits: 270 Good splits: 259
Reward: 51127.0204646 Total splits: 269 Good splits: 245
Reward: 52274.7340599 Total splits: 248 Good splits: 237
Reward: 52099.9182514 Total splits: 252 Good splits: 244
Reward: 52454.7094689 Total splits: 250 Good splits: 239
Reward: 52258.9503421 Total splits: 270 Good splits: 246
Reward: 51683.9661157 Total splits: 254 Good splits: 243
Reward: 49380.0427618 Total splits: 251 Good splits: 236
Reward: 51270.1304758 Total splits: 253 Good splits: 245
Reward: 51168.6624892 Total splits: 277 Good splits: 255
Reward: 51478.3678031 Total splits: 273 Good splits: 260
Reward: 52085.5230844 Total splits: 241 Good splits: 228
Reward: 52152.3293962 Total splits: 249 Good splits: 242
Reward: 52309.6110065 Total splits: 263 Good splits: 244
Reward: 51637.2906466 Total splits: 249 Good splits: 237
Reward: 47037.0887943 Total splits: 251 Good splits: 242
Reward: 52134.8751449 Total splits: 243 Good splits: 239
Reward: 51743.3375201 Total splits: 269 Good splits: 258
Reward: 49524.5133222 Total splits: 245 Good splits: 232
Reward: 50934.7422281 Total splits: 252 Good splits: 240
Reward: 49741.0101319 Total splits: 233 Good splits: 224
Reward: 50771.7250776 Total splits: 257 Good splits: 246
Reward: 50349.6666632 Total splits: 269 Good splits: 253
Reward: 52365.4154472 Total splits: 270 Good splits: 258
Reward: 52265.1298609 Total splits: 263 Good splits: 253
Reward: 52508.1913953 Total splits: 263 Good splits: 257
Reward: 51858.1284395 Total splits: 248 Good splits: 239
Reward: 50720.6803363 Total splits: 256 Good splits: 248
Reward: 50042.2874949 Total splits: 244 Good splits: 237
Reward: 51080.2747009 Total splits: 254 Good splits: 244
Reward: 51595.1989491 Total splits: 229 Good splits: 224
Reward: 52099.5031062 Total splits: 259 Good splits: 243
Reward: 52071.7090193 Total splits: 247 Good splits: 236
Reward: 51122.9306773 Total splits: 231 Good splits: 223
Reward: 52031.7664781 Total splits: 239 Good splits: 227
Reward: 51702.249564 Total splits: 262 Good splits: 253
Reward: 51999.736447 Total splits: 244 Good splits: 235
Reward: 50652.6359529 Total splits: 267 Good splits: 249
Reward: 50901.7307494 Total splits: 239 Good splits: 230
Reward: 51867.6080457 Total splits: 275 Good splits: 267
Reward: 51735.0110934 Total splits: 251 Good splits: 237

Results after 25 tests
Average total rewards : 51655.6732662
Average total splits  : 257.44
Average good splits   : 246.36
Average good splits % : 95.6960845245

Reward: 50238.5246198 Total splits: 275 Good splits: 267

Results after 25 tests
Average total rewards : 51509.215435
Average total splits  : 260.08
Average good splits   : 246.84
Average good splits % : 94.9092586896

Reward: 52342.9904584 Total splits: 267 Good splits: 252

Results after 25 tests
Average total rewards : 51479.4139104
Average total splits  : 258.08
Average good splits   : 246.4
Average good splits % : 95.4742715437

Reward: 52110.9219513 Total splits: 255 Good splits: 241

Results after 25 tests
Average total rewards : 51576.3984633
Average total splits  : 259.64
Average good splits   : 248.0
Average good splits % : 95.5168695116

Reward: 52240.4114743 Total splits: 263 Good splits: 256

Results after 25 tests
Average total rewards : 51591.7438819
Average total splits  : 256.2
Average good splits   : 244.88
Average good splits % : 95.5815768931

Reward: 51547.3024874 Total splits: 256 Good splits: 243

Results after 25 tests
Average total rewards : 51487.1371428
Average total splits  : 256.4
Average good splits   : 244.92
Average good splits % : 95.5226209048

Reward: 50018.8492037 Total splits: 258 Good splits: 244

Results after 25 tests
Average total rewards : 51475.9658785
Average total splits  : 254.8
Average good splits   : 242.32
Average good splits % : 95.1020408163

Reward: 52234.1739088 Total splits: 257 Good splits: 240

Results after 25 tests
Average total rewards : 51621.1768265
Average total splits  : 261.68
Average good splits   : 248.56
Average good splits % : 94.9862427392

