Reward: 45207.35693 Total splits: 278 Good splits: 254
Reward: 48593.9530747 Total splits: 325 Good splits: 302
Reward: 46815.7236376 Total splits: 305 Good splits: 285
Reward: 49645.2092855 Total splits: 315 Good splits: 299
Reward: 43394.3681879 Total splits: 283 Good splits: 265
Reward: 45591.9628781 Total splits: 295 Good splits: 271
Reward: 48755.3518166 Total splits: 326 Good splits: 316
Reward: 50442.290505 Total splits: 282 Good splits: 263
Reward: 46816.2247728 Total splits: 304 Good splits: 284
Reward: 46860.9731941 Total splits: 317 Good splits: 297
Reward: 46869.2800674 Total splits: 308 Good splits: 298
Reward: 49241.7262809 Total splits: 318 Good splits: 299
Reward: 49878.5105346 Total splits: 305 Good splits: 286
Reward: 48847.9025828 Total splits: 343 Good splits: 327
Reward: 43879.9673555 Total splits: 318 Good splits: 304
Reward: 50883.0176293 Total splits: 333 Good splits: 314
Reward: 49312.9012613 Total splits: 328 Good splits: 311
Reward: 46211.7562847 Total splits: 301 Good splits: 280
Reward: 49182.3441155 Total splits: 299 Good splits: 279
Reward: 47812.9172461 Total splits: 294 Good splits: 263
Reward: 46397.9336033 Total splits: 328 Good splits: 309
Reward: 46628.1060975 Total splits: 319 Good splits: 300
Reward: 50536.0635963 Total splits: 311 Good splits: 299
Reward: 45215.4473575 Total splits: 287 Good splits: 268
Reward: 40878.1867818 Total splits: 293 Good splits: 270
Reward: 48210.0224868 Total splits: 313 Good splits: 287
Reward: 41153.6824141 Total splits: 314 Good splits: 288
Reward: 50227.4698064 Total splits: 306 Good splits: 288
Reward: 47303.3166284 Total splits: 320 Good splits: 299
Reward: 49965.6035346 Total splits: 283 Good splits: 266
Reward: 40309.585741 Total splits: 308 Good splits: 286
Reward: 43399.6866398 Total splits: 281 Good splits: 263
Reward: 47841.1586895 Total splits: 298 Good splits: 278
Reward: 49494.1433385 Total splits: 302 Good splits: 285
Reward: 49943.1312996 Total splits: 313 Good splits: 294
Reward: 49576.1121039 Total splits: 310 Good splits: 292
Reward: 48434.0512867 Total splits: 320 Good splits: 303
Reward: 43097.8076628 Total splits: 312 Good splits: 296
Reward: 46547.7784019 Total splits: 288 Good splits: 265
Reward: 47401.3186979 Total splits: 297 Good splits: 276
Reward: 47997.986636 Total splits: 323 Good splits: 304
Reward: 49786.542798 Total splits: 274 Good splits: 243
Reward: 43290.7329549 Total splits: 347 Good splits: 327
Reward: 50451.2801474 Total splits: 282 Good splits: 273
Reward: 40718.8548222 Total splits: 316 Good splits: 300
Reward: 48203.150642 Total splits: 291 Good splits: 282
Reward: 47024.9181308 Total splits: 312 Good splits: 302
Reward: 50817.5274353 Total splits: 308 Good splits: 286
Reward: 50312.1018794 Total splits: 293 Good splits: 269
Reward: 45075.8808745 Total splits: 319 Good splits: 300
Reward: 43796.7105148 Total splits: 324 Good splits: 313
Reward: 44542.7314442 Total splits: 277 Good splits: 257
Reward: 46091.2643275 Total splits: 314 Good splits: 302
Reward: 45911.5650861 Total splits: 310 Good splits: 293
Reward: 47632.989803 Total splits: 323 Good splits: 307
Reward: 50400.7507855 Total splits: 333 Good splits: 312
Reward: 42936.8501461 Total splits: 313 Good splits: 299
Reward: 49192.2249684 Total splits: 305 Good splits: 274
Reward: 44282.5823037 Total splits: 296 Good splits: 279
Reward: 49146.9662577 Total splits: 305 Good splits: 289
Reward: 45051.332016 Total splits: 295 Good splits: 274
Reward: 47602.8395844 Total splits: 319 Good splits: 298
Reward: 49468.8492428 Total splits: 301 Good splits: 282
Reward: 48037.7857805 Total splits: 312 Good splits: 285
Reward: 45731.6579195 Total splits: 322 Good splits: 307
Reward: 51262.4059711 Total splits: 291 Good splits: 274
Reward: 46419.6018765 Total splits: 312 Good splits: 288
Reward: 48143.814076 Total splits: 301 Good splits: 282
Reward: 49232.3011736 Total splits: 283 Good splits: 260
Reward: 50464.8786121 Total splits: 328 Good splits: 302
Reward: 51426.0611584 Total splits: 289 Good splits: 273
Reward: 49655.8455041 Total splits: 308 Good splits: 293
Reward: 48424.3774143 Total splits: 322 Good splits: 305
Reward: 44115.7911321 Total splits: 313 Good splits: 293
Reward: 49263.3787382 Total splits: 332 Good splits: 306
Reward: 51130.2498154 Total splits: 323 Good splits: 302
Reward: 48580.573607 Total splits: 295 Good splits: 277
Reward: 49048.5111504 Total splits: 325 Good splits: 308
Reward: 41323.1234567 Total splits: 283 Good splits: 264
Reward: 50460.0575333 Total splits: 322 Good splits: 302
Reward: 51184.5301658 Total splits: 324 Good splits: 310
Reward: 46621.8806431 Total splits: 297 Good splits: 280
Reward: 46801.7184115 Total splits: 333 Good splits: 304
Reward: 49113.8788392 Total splits: 289 Good splits: 268
Reward: 51070.6983133 Total splits: 309 Good splits: 288
Reward: 48005.2024751 Total splits: 313 Good splits: 291
Reward: 48995.2218857 Total splits: 301 Good splits: 280
Reward: 47765.3091355 Total splits: 313 Good splits: 293
Reward: 50328.4199622 Total splits: 309 Good splits: 293
Reward: 50712.5921671 Total splits: 321 Good splits: 295
Reward: 50298.8719845 Total splits: 323 Good splits: 306
Reward: 50617.7153544 Total splits: 303 Good splits: 286
Reward: 47351.1032607 Total splits: 324 Good splits: 300
Reward: 46397.2583834 Total splits: 328 Good splits: 308
Reward: 50085.5939687 Total splits: 316 Good splits: 305
Reward: 47275.2635504 Total splits: 313 Good splits: 294
Reward: 49539.2447403 Total splits: 326 Good splits: 314
Reward: 47312.4455944 Total splits: 307 Good splits: 294
Reward: 51695.7641943 Total splits: 306 Good splits: 289
Reward: 45986.6572514 Total splits: 304 Good splits: 290
Reward: 45991.3854424 Total splits: 298 Good splits: 279
Reward: 51504.5842504 Total splits: 301 Good splits: 283
Reward: 46788.8270374 Total splits: 318 Good splits: 297
Reward: 48564.7932419 Total splits: 280 Good splits: 256
Reward: 47184.5775503 Total splits: 299 Good splits: 277
Reward: 50049.7530338 Total splits: 341 Good splits: 319
Reward: 46998.4960854 Total splits: 296 Good splits: 276
Reward: 47997.1360853 Total splits: 320 Good splits: 300
Reward: 50492.3901828 Total splits: 339 Good splits: 328
Reward: 51131.8260594 Total splits: 336 Good splits: 315
Reward: 48485.2580354 Total splits: 265 Good splits: 251
Reward: 49384.1798339 Total splits: 291 Good splits: 270
Reward: 51291.1557716 Total splits: 336 Good splits: 320
Reward: 45837.3041522 Total splits: 298 Good splits: 277
Reward: 42209.2673068 Total splits: 294 Good splits: 275
Reward: 49744.2268859 Total splits: 309 Good splits: 291
Reward: 50407.6224379 Total splits: 305 Good splits: 289
Reward: 46412.1597639 Total splits: 321 Good splits: 305
Reward: 48617.1135328 Total splits: 306 Good splits: 286
Reward: 47426.3044001 Total splits: 300 Good splits: 282
Reward: 47997.3394808 Total splits: 318 Good splits: 302
Reward: 47128.9350435 Total splits: 329 Good splits: 306
Reward: 47796.1847375 Total splits: 331 Good splits: 312
Reward: 48733.2722475 Total splits: 322 Good splits: 305
Reward: 45561.3040149 Total splits: 316 Good splits: 297
Reward: 46389.3290704 Total splits: 323 Good splits: 307
Reward: 47894.3442815 Total splits: 303 Good splits: 283
Reward: 49430.1010154 Total splits: 288 Good splits: 260
Reward: 48538.3480225 Total splits: 311 Good splits: 293
Reward: 48742.6359791 Total splits: 303 Good splits: 284
Reward: 47615.801508 Total splits: 285 Good splits: 271
Reward: 47647.4695652 Total splits: 329 Good splits: 312
Reward: 44705.9197533 Total splits: 264 Good splits: 249
Reward: 47493.5340983 Total splits: 340 Good splits: 317
Reward: 51007.1478313 Total splits: 290 Good splits: 276
Reward: 47849.2829815 Total splits: 309 Good splits: 293
Reward: 47566.9042899 Total splits: 300 Good splits: 277
Reward: 48711.723532 Total splits: 313 Good splits: 295
Reward: 44768.3291866 Total splits: 295 Good splits: 279
Reward: 49348.1861081 Total splits: 310 Good splits: 289
Reward: 45569.1562295 Total splits: 305 Good splits: 288
Reward: 49391.7704948 Total splits: 292 Good splits: 271
Reward: 47838.2511487 Total splits: 323 Good splits: 307
Reward: 50138.3794629 Total splits: 331 Good splits: 312
Reward: 40020.6249067 Total splits: 290 Good splits: 269
Reward: 47708.9346987 Total splits: 275 Good splits: 255
Reward: 50316.278446 Total splits: 315 Good splits: 290
Reward: 44362.4936134 Total splits: 328 Good splits: 316
Reward: 44211.1623516 Total splits: 292 Good splits: 276
Reward: 49701.3460622 Total splits: 309 Good splits: 297
Reward: 47993.2626778 Total splits: 328 Good splits: 304
Reward: 46463.8943338 Total splits: 313 Good splits: 303
Reward: 49818.0560336 Total splits: 287 Good splits: 272
Reward: 47356.076415 Total splits: 312 Good splits: 289
Reward: 50375.4346039 Total splits: 308 Good splits: 280
Reward: 50899.6907731 Total splits: 308 Good splits: 290
Reward: 49802.2280274 Total splits: 315 Good splits: 291
Reward: 47582.0571583 Total splits: 326 Good splits: 312
Reward: 47527.1595161 Total splits: 316 Good splits: 293
Reward: 49791.7341649 Total splits: 315 Good splits: 299
Reward: 45977.2907282 Total splits: 300 Good splits: 284
Reward: 47942.8618372 Total splits: 318 Good splits: 292
Reward: 50516.5709501 Total splits: 310 Good splits: 284
Reward: 46229.4973913 Total splits: 298 Good splits: 279
Reward: 49211.923313 Total splits: 308 Good splits: 295
Reward: 50682.8362003 Total splits: 317 Good splits: 299
Reward: 47000.9214553 Total splits: 314 Good splits: 288
Reward: 49669.9872611 Total splits: 303 Good splits: 284
Reward: 44442.8956115 Total splits: 315 Good splits: 289
Reward: 49473.3066009 Total splits: 314 Good splits: 296
Reward: 50181.5575455 Total splits: 304 Good splits: 280
Reward: 47045.2275683 Total splits: 323 Good splits: 299
Reward: 45006.077405 Total splits: 314 Good splits: 289
Reward: 49597.4863734 Total splits: 305 Good splits: 289
Reward: 44710.9973921 Total splits: 329 Good splits: 311
Reward: 50119.808058 Total splits: 339 Good splits: 322
Reward: 47135.7796887 Total splits: 336 Good splits: 319
Reward: 48829.5956793 Total splits: 324 Good splits: 301
Reward: 50539.971588 Total splits: 294 Good splits: 276
Reward: 50344.9421721 Total splits: 328 Good splits: 313
Reward: 46047.6091997 Total splits: 314 Good splits: 295
Reward: 46573.9470133 Total splits: 328 Good splits: 315
Reward: 46893.3935322 Total splits: 279 Good splits: 265
Reward: 42964.1399935 Total splits: 281 Good splits: 256
Reward: 50698.0265595 Total splits: 304 Good splits: 287
Reward: 50592.1081959 Total splits: 283 Good splits: 263
Reward: 48465.5265558 Total splits: 292 Good splits: 272
Reward: 45039.1432079 Total splits: 287 Good splits: 261
Reward: 48195.0176169 Total splits: 298 Good splits: 272
Reward: 44729.3548816 Total splits: 315 Good splits: 289
Reward: 49829.9364438 Total splits: 300 Good splits: 285
Reward: 47128.76519 Total splits: 306 Good splits: 288
Reward: 42650.0736893 Total splits: 323 Good splits: 306
Reward: 49182.0002727 Total splits: 294 Good splits: 272
Reward: 51694.9746543 Total splits: 315 Good splits: 296
Reward: 51067.7091215 Total splits: 297 Good splits: 280
Reward: 50520.5440515 Total splits: 290 Good splits: 275

Results after 50 tests
Average total rewards : 47813.8098666
Average total splits  : 306.34
Average good splits   : 287.74
Average good splits % : 93.9283149442

Reward: 44448.1377642 Total splits: 337 Good splits: 316

Results after 50 tests
Average total rewards : 48142.2409319
Average total splits  : 312.2
Average good splits   : 292.26
Average good splits % : 93.6130685458

Reward: 50407.4152764 Total splits: 290 Good splits: 276

Results after 50 tests
Average total rewards : 47984.9338203
Average total splits  : 310.18
Average good splits   : 291.06
Average good splits % : 93.8358372558

Reward: 50658.9092016 Total splits: 321 Good splits: 304

Results after 50 tests
Average total rewards : 47402.6048613
Average total splits  : 306.22
Average good splits   : 287.78
Average good splits % : 93.9781856182

