Reward: 49378.795151 Total splits: 308 Good splits: 291
Reward: 51938.0059733 Total splits: 310 Good splits: 287
Reward: 48423.1816832 Total splits: 321 Good splits: 302
Reward: 50703.3753827 Total splits: 340 Good splits: 328
Reward: 52031.4745892 Total splits: 348 Good splits: 324
Reward: 51564.1923197 Total splits: 319 Good splits: 299
Reward: 51180.6523936 Total splits: 331 Good splits: 307
Reward: 50290.6338646 Total splits: 346 Good splits: 332
Reward: 51822.8750542 Total splits: 340 Good splits: 323
Reward: 51974.9361292 Total splits: 344 Good splits: 329
Reward: 50377.6744561 Total splits: 335 Good splits: 317
Reward: 49674.7912941 Total splits: 355 Good splits: 333
Reward: 49673.6255531 Total splits: 318 Good splits: 306
Reward: 49414.5689313 Total splits: 320 Good splits: 307
Reward: 51021.4607036 Total splits: 330 Good splits: 318
Reward: 51577.0312906 Total splits: 312 Good splits: 300
Reward: 52038.7996124 Total splits: 322 Good splits: 303
Reward: 51679.9840277 Total splits: 333 Good splits: 315
Reward: 51626.7074057 Total splits: 310 Good splits: 296
Reward: 49948.4849388 Total splits: 329 Good splits: 306
Reward: 48582.1858234 Total splits: 321 Good splits: 307
Reward: 51421.8818551 Total splits: 328 Good splits: 309
Reward: 49810.9359775 Total splits: 328 Good splits: 314
Reward: 51052.1420786 Total splits: 338 Good splits: 317
Reward: 50769.0761312 Total splits: 338 Good splits: 322
Reward: 49189.8019524 Total splits: 336 Good splits: 316
Reward: 49875.7270369 Total splits: 330 Good splits: 312
Reward: 42569.8406085 Total splits: 337 Good splits: 319
Reward: 50888.1936509 Total splits: 326 Good splits: 310
Reward: 51487.9878221 Total splits: 320 Good splits: 300
Reward: 50337.7551549 Total splits: 334 Good splits: 300
Reward: 51553.3341148 Total splits: 326 Good splits: 306
Reward: 51088.4723209 Total splits: 310 Good splits: 293
Reward: 48769.4849125 Total splits: 347 Good splits: 329
Reward: 51629.1886348 Total splits: 336 Good splits: 318
Reward: 50452.835186 Total splits: 329 Good splits: 305
Reward: 51477.7313826 Total splits: 315 Good splits: 296
Reward: 51750.3337501 Total splits: 323 Good splits: 311
Reward: 50346.0153724 Total splits: 343 Good splits: 329
Reward: 51643.4054108 Total splits: 361 Good splits: 338
Reward: 49633.9968345 Total splits: 313 Good splits: 298
Reward: 50132.7814756 Total splits: 348 Good splits: 334
Reward: 51861.2260692 Total splits: 333 Good splits: 312
Reward: 50861.8978907 Total splits: 326 Good splits: 310
Reward: 48590.9155271 Total splits: 311 Good splits: 292
Reward: 49477.1604881 Total splits: 315 Good splits: 298
Reward: 49673.5698732 Total splits: 341 Good splits: 322
Reward: 49057.0568633 Total splits: 340 Good splits: 323
Reward: 51762.9715538 Total splits: 319 Good splits: 304
Reward: 48315.2786075 Total splits: 330 Good splits: 315
Reward: 51488.7990368 Total splits: 340 Good splits: 319
Reward: 51633.3679277 Total splits: 358 Good splits: 343
Reward: 51912.9966282 Total splits: 309 Good splits: 294
Reward: 52177.1845554 Total splits: 329 Good splits: 314
Reward: 51372.7234608 Total splits: 320 Good splits: 298
Reward: 50340.8222615 Total splits: 323 Good splits: 305
Reward: 51114.2844597 Total splits: 304 Good splits: 288
Reward: 52074.7315693 Total splits: 324 Good splits: 308
Reward: 49243.1817467 Total splits: 330 Good splits: 318
Reward: 50680.6612976 Total splits: 341 Good splits: 330
Reward: 51604.5081711 Total splits: 312 Good splits: 293
Reward: 49800.3301024 Total splits: 347 Good splits: 333
Reward: 51710.5030173 Total splits: 328 Good splits: 313
Reward: 51485.7065028 Total splits: 318 Good splits: 304
Reward: 50198.1182698 Total splits: 364 Good splits: 340
Reward: 50906.1169403 Total splits: 315 Good splits: 301
Reward: 51861.8065839 Total splits: 329 Good splits: 308
Reward: 46974.0145549 Total splits: 336 Good splits: 317
Reward: 51009.7437731 Total splits: 306 Good splits: 293
Reward: 50082.5858631 Total splits: 316 Good splits: 304
Reward: 48247.4510562 Total splits: 323 Good splits: 303
Reward: 51772.721343 Total splits: 319 Good splits: 303
Reward: 52188.1804113 Total splits: 328 Good splits: 311
Reward: 51418.5716999 Total splits: 316 Good splits: 299
Reward: 50750.2783071 Total splits: 317 Good splits: 292
Reward: 48671.2261874 Total splits: 317 Good splits: 297
Reward: 52557.7922913 Total splits: 349 Good splits: 327
Reward: 50548.1767302 Total splits: 320 Good splits: 299
Reward: 52673.6232287 Total splits: 320 Good splits: 297
Reward: 51294.1674126 Total splits: 330 Good splits: 311
Reward: 50978.8536858 Total splits: 337 Good splits: 319
Reward: 49712.4266798 Total splits: 353 Good splits: 331
Reward: 49724.1538541 Total splits: 341 Good splits: 315
Reward: 51070.680704 Total splits: 329 Good splits: 315
Reward: 50178.1641157 Total splits: 343 Good splits: 330
Reward: 47157.7726625 Total splits: 338 Good splits: 321
Reward: 47931.4889574 Total splits: 335 Good splits: 322
Reward: 50240.9728557 Total splits: 336 Good splits: 312
Reward: 51023.7898984 Total splits: 319 Good splits: 300
Reward: 47137.3557278 Total splits: 333 Good splits: 323
Reward: 50604.4176503 Total splits: 350 Good splits: 331
Reward: 49303.8984943 Total splits: 325 Good splits: 310
Reward: 51388.4730935 Total splits: 332 Good splits: 317
Reward: 51243.8482271 Total splits: 333 Good splits: 317
Reward: 51990.9003555 Total splits: 322 Good splits: 307
Reward: 49145.6275727 Total splits: 344 Good splits: 325
Reward: 51281.8896711 Total splits: 325 Good splits: 305
Reward: 51225.0117594 Total splits: 320 Good splits: 308
Reward: 46292.7011834 Total splits: 327 Good splits: 317
Reward: 49740.2746344 Total splits: 332 Good splits: 312
Reward: 52160.6475905 Total splits: 335 Good splits: 325
Reward: 50705.4135543 Total splits: 334 Good splits: 319
Reward: 46278.4117566 Total splits: 321 Good splits: 305
Reward: 50595.4513704 Total splits: 326 Good splits: 313
Reward: 50476.4387118 Total splits: 335 Good splits: 318
Reward: 50851.5439855 Total splits: 318 Good splits: 306
Reward: 51020.4405856 Total splits: 336 Good splits: 319
Reward: 51142.9869216 Total splits: 316 Good splits: 290
Reward: 49611.5167592 Total splits: 344 Good splits: 327
Reward: 50067.2306652 Total splits: 334 Good splits: 311
Reward: 50927.560676 Total splits: 326 Good splits: 307
Reward: 51363.9445308 Total splits: 320 Good splits: 297
Reward: 49971.8955499 Total splits: 321 Good splits: 302
Reward: 49802.0963416 Total splits: 332 Good splits: 313
Reward: 47872.6275792 Total splits: 335 Good splits: 316
Reward: 50383.9748612 Total splits: 338 Good splits: 321
Reward: 46768.2300376 Total splits: 337 Good splits: 315
Reward: 50101.2182793 Total splits: 311 Good splits: 289
Reward: 51651.1211353 Total splits: 329 Good splits: 310
Reward: 52640.8393275 Total splits: 302 Good splits: 292
Reward: 52406.2680369 Total splits: 334 Good splits: 324
Reward: 51587.828037 Total splits: 315 Good splits: 292
Reward: 51360.1250969 Total splits: 327 Good splits: 308
Reward: 51470.947401 Total splits: 336 Good splits: 317
Reward: 47626.9452082 Total splits: 353 Good splits: 338
Reward: 47359.1505497 Total splits: 317 Good splits: 294
Reward: 47381.4033889 Total splits: 339 Good splits: 321
Reward: 52303.4213248 Total splits: 315 Good splits: 305
Reward: 49060.9106074 Total splits: 318 Good splits: 303
Reward: 50823.5051154 Total splits: 326 Good splits: 307
Reward: 51316.0913996 Total splits: 334 Good splits: 313
Reward: 50123.6130043 Total splits: 339 Good splits: 332
Reward: 51743.7426316 Total splits: 325 Good splits: 308
Reward: 51470.0341232 Total splits: 314 Good splits: 303
Reward: 51322.2783939 Total splits: 321 Good splits: 304
Reward: 49384.2519295 Total splits: 346 Good splits: 326
Reward: 48665.3005711 Total splits: 312 Good splits: 295
Reward: 52589.9857901 Total splits: 317 Good splits: 306
Reward: 50485.0060096 Total splits: 324 Good splits: 308
Reward: 48464.4773122 Total splits: 327 Good splits: 312
Reward: 51151.9879578 Total splits: 343 Good splits: 327
Reward: 48910.4762579 Total splits: 321 Good splits: 302
Reward: 51696.8754308 Total splits: 320 Good splits: 300
Reward: 51275.0796054 Total splits: 314 Good splits: 300
Reward: 49685.0967639 Total splits: 336 Good splits: 321
Reward: 51524.5099944 Total splits: 322 Good splits: 305
Reward: 51066.7586751 Total splits: 330 Good splits: 307
Reward: 51747.282708 Total splits: 317 Good splits: 294
Reward: 50371.8202006 Total splits: 340 Good splits: 320
Reward: 51987.2092374 Total splits: 336 Good splits: 313
Reward: 49326.4860157 Total splits: 330 Good splits: 310
Reward: 51254.5489509 Total splits: 335 Good splits: 322
Reward: 51185.3626388 Total splits: 322 Good splits: 312
Reward: 52098.5056517 Total splits: 339 Good splits: 312
Reward: 50308.6987927 Total splits: 332 Good splits: 311
Reward: 50811.0795509 Total splits: 313 Good splits: 296
Reward: 51249.8729868 Total splits: 337 Good splits: 313
Reward: 51413.2725611 Total splits: 348 Good splits: 329
Reward: 51638.6493673 Total splits: 341 Good splits: 327
Reward: 50759.0919883 Total splits: 320 Good splits: 306
Reward: 46367.6740742 Total splits: 335 Good splits: 318
Reward: 46377.2202224 Total splits: 329 Good splits: 312
Reward: 52417.4528929 Total splits: 329 Good splits: 317
Reward: 51862.0175294 Total splits: 329 Good splits: 319
Reward: 51094.4944572 Total splits: 336 Good splits: 314
Reward: 51709.2437387 Total splits: 348 Good splits: 329
Reward: 48162.2148028 Total splits: 324 Good splits: 310
Reward: 51793.3677591 Total splits: 334 Good splits: 318
Reward: 51557.162299 Total splits: 331 Good splits: 316
Reward: 51166.93429 Total splits: 350 Good splits: 327
Reward: 49641.8503472 Total splits: 319 Good splits: 303
Reward: 52044.8595616 Total splits: 317 Good splits: 307
Reward: 51695.8431183 Total splits: 336 Good splits: 318
Reward: 47751.1667251 Total splits: 323 Good splits: 303
Reward: 51461.7084417 Total splits: 324 Good splits: 303
Reward: 51956.4290398 Total splits: 328 Good splits: 312
Reward: 49078.1073762 Total splits: 340 Good splits: 317
Reward: 50264.0179515 Total splits: 341 Good splits: 322
Reward: 50339.1724661 Total splits: 320 Good splits: 299
Reward: 47907.3308721 Total splits: 338 Good splits: 312
Reward: 51153.8354278 Total splits: 341 Good splits: 318
Reward: 51529.1724172 Total splits: 312 Good splits: 291
Reward: 52284.7480726 Total splits: 309 Good splits: 293
Reward: 50743.5189479 Total splits: 340 Good splits: 321
Reward: 49364.6936657 Total splits: 344 Good splits: 328
Reward: 50688.6706768 Total splits: 333 Good splits: 314
Reward: 51584.6218454 Total splits: 333 Good splits: 315
Reward: 52157.9289232 Total splits: 321 Good splits: 308
Reward: 52148.6536175 Total splits: 308 Good splits: 298
Reward: 52158.3510281 Total splits: 316 Good splits: 300
Reward: 51566.5279181 Total splits: 307 Good splits: 296
Reward: 51660.352678 Total splits: 359 Good splits: 341
Reward: 48038.4313172 Total splits: 368 Good splits: 351
Reward: 49640.9460625 Total splits: 320 Good splits: 309

Results after 50 tests
Average total rewards : 50346.4872631
Average total splits  : 329.92
Average good splits   : 312.14
Average good splits % : 94.610814743

Reward: 50844.6195699 Total splits: 345 Good splits: 316
Reward: 50705.6758402 Total splits: 307 Good splits: 289
Reward: 51552.3188985 Total splits: 311 Good splits: 293
Reward: 50352.5149765 Total splits: 330 Good splits: 307

Results after 50 tests
Average total rewards : 50254.5443326
Average total splits  : 330.68
Average good splits   : 313.12
Average good splits % : 94.6897302528

Reward: 50827.4727402 Total splits: 326 Good splits: 302

Results after 50 tests
Average total rewards : 50797.387853
Average total splits  : 328.06
Average good splits   : 310.36
Average good splits % : 94.6046454917

Reward: 51393.6082003 Total splits: 313 Good splits: 294

Results after 50 tests
Average total rewards : 50629.9402426
Average total splits  : 327.22
Average good splits   : 309.96
Average good splits % : 94.7252612921

