Reward: 52249.1791971 Total splits: 288 Good splits: 275
Reward: 52407.3421248 Total splits: 297 Good splits: 275
Reward: 51000.9118264 Total splits: 280 Good splits: 259
Reward: 52474.137767 Total splits: 290 Good splits: 277
Reward: 52062.4922258 Total splits: 271 Good splits: 254
Reward: 52378.8167142 Total splits: 263 Good splits: 254
Reward: 52747.4976717 Total splits: 292 Good splits: 273
Reward: 52203.3870672 Total splits: 273 Good splits: 254
Reward: 51385.6671154 Total splits: 304 Good splits: 282
Reward: 51858.3190194 Total splits: 290 Good splits: 276
Reward: 52131.9055143 Total splits: 283 Good splits: 264
Reward: 51801.4481524 Total splits: 272 Good splits: 258
Reward: 52696.2520436 Total splits: 281 Good splits: 260
Reward: 52007.969582 Total splits: 283 Good splits: 262
Reward: 51980.930783 Total splits: 286 Good splits: 270
Reward: 52130.4905077 Total splits: 316 Good splits: 298
Reward: 52573.894458 Total splits: 307 Good splits: 282
Reward: 52510.4143236 Total splits: 277 Good splits: 264
Reward: 52104.7376114 Total splits: 278 Good splits: 262
Reward: 52153.4544157 Total splits: 285 Good splits: 261
Reward: 52452.9552189 Total splits: 282 Good splits: 260
Reward: 51862.8768597 Total splits: 292 Good splits: 271
Reward: 51974.5080962 Total splits: 303 Good splits: 284
Reward: 52765.2871053 Total splits: 291 Good splits: 277
Reward: 49964.0156337 Total splits: 282 Good splits: 254
Reward: 52761.0708701 Total splits: 287 Good splits: 266
Reward: 52497.0528513 Total splits: 307 Good splits: 288
Reward: 52496.9719175 Total splits: 290 Good splits: 274
Reward: 52728.4474392 Total splits: 290 Good splits: 260
Reward: 52582.8959153 Total splits: 272 Good splits: 261
Reward: 52020.690856 Total splits: 297 Good splits: 275
Reward: 52761.245633 Total splits: 272 Good splits: 249
Reward: 51894.1230282 Total splits: 258 Good splits: 239
Reward: 52185.398632 Total splits: 274 Good splits: 257
Reward: 52546.5171594 Total splits: 266 Good splits: 251
Reward: 51905.5955435 Total splits: 294 Good splits: 275
Reward: 51302.5919755 Total splits: 285 Good splits: 264
Reward: 52222.6959787 Total splits: 304 Good splits: 283
Reward: 52307.8238876 Total splits: 295 Good splits: 273
Reward: 52413.2090065 Total splits: 308 Good splits: 298
Reward: 51962.4431453 Total splits: 311 Good splits: 300
Reward: 49564.4413812 Total splits: 300 Good splits: 287
Reward: 52687.7204954 Total splits: 261 Good splits: 244
Reward: 52216.1439625 Total splits: 289 Good splits: 269
Reward: 52136.6255193 Total splits: 293 Good splits: 269
Reward: 52640.9378318 Total splits: 285 Good splits: 263
Reward: 52561.5137585 Total splits: 287 Good splits: 273
Reward: 49709.5024436 Total splits: 302 Good splits: 288
Reward: 52017.9022994 Total splits: 276 Good splits: 260
Reward: 52139.6423741 Total splits: 286 Good splits: 270
Reward: 52349.7262287 Total splits: 279 Good splits: 262
Reward: 50153.3896943 Total splits: 270 Good splits: 257
Reward: 52601.3640533 Total splits: 290 Good splits: 270
Reward: 52548.8397471 Total splits: 281 Good splits: 260
Reward: 52524.2060921 Total splits: 271 Good splits: 254
Reward: 51924.1173691 Total splits: 298 Good splits: 275
Reward: 51521.9254203 Total splits: 289 Good splits: 273
Reward: 52727.7003375 Total splits: 291 Good splits: 278
Reward: 52042.8795922 Total splits: 296 Good splits: 280
Reward: 52361.9505823 Total splits: 291 Good splits: 269
Reward: 52692.3578121 Total splits: 292 Good splits: 276
Reward: 52127.9152997 Total splits: 270 Good splits: 260
Reward: 51888.1799064 Total splits: 305 Good splits: 286
Reward: 52659.4225396 Total splits: 290 Good splits: 271
Reward: 52163.0580506 Total splits: 288 Good splits: 270
Reward: 52586.1076521 Total splits: 284 Good splits: 269
Reward: 52060.5954733 Total splits: 313 Good splits: 295
Reward: 52438.6065216 Total splits: 287 Good splits: 276
Reward: 50373.4750126 Total splits: 278 Good splits: 259
Reward: 52683.2866812 Total splits: 296 Good splits: 276
Reward: 50236.4848681 Total splits: 289 Good splits: 273
Reward: 52008.2904541 Total splits: 296 Good splits: 276
Reward: 52082.5459006 Total splits: 276 Good splits: 263
Reward: 52217.3914719 Total splits: 284 Good splits: 269
Reward: 52447.2598523 Total splits: 257 Good splits: 238
Reward: 52448.910408 Total splits: 289 Good splits: 275
Reward: 52452.0805755 Total splits: 298 Good splits: 284
Reward: 52115.1792478 Total splits: 283 Good splits: 269
Reward: 52459.900159 Total splits: 286 Good splits: 272
Reward: 52465.077647 Total splits: 281 Good splits: 259
Reward: 51995.4103485 Total splits: 277 Good splits: 261
Reward: 52219.0193181 Total splits: 266 Good splits: 250
Reward: 51955.7533262 Total splits: 278 Good splits: 254
Reward: 52025.6622695 Total splits: 282 Good splits: 261
Reward: 52844.5343913 Total splits: 282 Good splits: 260
Reward: 52275.6139255 Total splits: 278 Good splits: 262
Reward: 52754.6954505 Total splits: 287 Good splits: 272
Reward: 52166.9508315 Total splits: 284 Good splits: 264
Reward: 52572.1866769 Total splits: 292 Good splits: 268
Reward: 51820.9619262 Total splits: 302 Good splits: 288
Reward: 52343.1391106 Total splits: 280 Good splits: 265
Reward: 52343.9749445 Total splits: 322 Good splits: 302
Reward: 51976.9527115 Total splits: 295 Good splits: 271
Reward: 52116.3819647 Total splits: 305 Good splits: 285
Reward: 52609.9313672 Total splits: 272 Good splits: 256
Reward: 52438.1484667 Total splits: 276 Good splits: 262
Reward: 51880.7808262 Total splits: 284 Good splits: 270
Reward: 52809.6503212 Total splits: 275 Good splits: 260
Reward: 52504.0640773 Total splits: 282 Good splits: 273
Reward: 52168.1242946 Total splits: 266 Good splits: 248
Reward: 52422.4927414 Total splits: 296 Good splits: 284
Reward: 52212.5999146 Total splits: 298 Good splits: 277
Reward: 51941.9806399 Total splits: 294 Good splits: 280
Reward: 52074.8471018 Total splits: 285 Good splits: 265
Reward: 51729.0303288 Total splits: 289 Good splits: 273
Reward: 52219.7101852 Total splits: 271 Good splits: 253
Reward: 52661.565478 Total splits: 284 Good splits: 270
Reward: 52309.0927247 Total splits: 299 Good splits: 279
Reward: 52411.9640906 Total splits: 277 Good splits: 256
Reward: 51829.7431564 Total splits: 263 Good splits: 246
Reward: 52107.5430423 Total splits: 267 Good splits: 255
Reward: 51766.7731237 Total splits: 284 Good splits: 265
Reward: 51849.3996148 Total splits: 285 Good splits: 270
Reward: 51810.6282714 Total splits: 294 Good splits: 278
Reward: 52310.8512009 Total splits: 276 Good splits: 257
Reward: 52361.0249756 Total splits: 284 Good splits: 265
Reward: 52287.8838919 Total splits: 288 Good splits: 265
Reward: 52804.4532935 Total splits: 297 Good splits: 274
Reward: 52221.0285366 Total splits: 298 Good splits: 280
Reward: 52597.6554314 Total splits: 293 Good splits: 281
Reward: 52535.2396263 Total splits: 276 Good splits: 261
Reward: 51815.0440805 Total splits: 277 Good splits: 259
Reward: 52206.5009771 Total splits: 290 Good splits: 277
Reward: 52020.6722583 Total splits: 280 Good splits: 259
Reward: 51298.9550926 Total splits: 271 Good splits: 251
Reward: 52388.5894386 Total splits: 276 Good splits: 259
Reward: 50885.6317024 Total splits: 286 Good splits: 269
Reward: 52035.6125501 Total splits: 285 Good splits: 266
Reward: 51850.2042528 Total splits: 285 Good splits: 271
Reward: 52489.0755687 Total splits: 290 Good splits: 269
Reward: 52480.009288 Total splits: 278 Good splits: 266
Reward: 52656.9246323 Total splits: 286 Good splits: 270
Reward: 52190.7585205 Total splits: 276 Good splits: 258
Reward: 52159.8243433 Total splits: 296 Good splits: 277
Reward: 52622.0564804 Total splits: 296 Good splits: 281
Reward: 52132.7027928 Total splits: 286 Good splits: 267
Reward: 51864.7648558 Total splits: 281 Good splits: 261
Reward: 50284.8909675 Total splits: 301 Good splits: 287
Reward: 52451.8630812 Total splits: 254 Good splits: 239
Reward: 50866.5011341 Total splits: 286 Good splits: 269
Reward: 52182.6226082 Total splits: 287 Good splits: 272
Reward: 52282.8864118 Total splits: 273 Good splits: 256
Reward: 52277.8634503 Total splits: 284 Good splits: 267
Reward: 52015.3891012 Total splits: 288 Good splits: 267
Reward: 52179.983551 Total splits: 263 Good splits: 251
Reward: 51793.9167913 Total splits: 281 Good splits: 265
Reward: 52329.3540667 Total splits: 270 Good splits: 254
Reward: 50280.201099 Total splits: 281 Good splits: 255
Reward: 52597.4628656 Total splits: 268 Good splits: 249
Reward: 52252.2712907 Total splits: 277 Good splits: 257
Reward: 52439.8019962 Total splits: 287 Good splits: 273
Reward: 52688.7983286 Total splits: 286 Good splits: 265
Reward: 51171.8546957 Total splits: 300 Good splits: 285
Reward: 52549.4665241 Total splits: 292 Good splits: 279
Reward: 52290.6127779 Total splits: 266 Good splits: 251
Reward: 52081.0851468 Total splits: 276 Good splits: 258
Reward: 52739.0439642 Total splits: 284 Good splits: 263
Reward: 52058.5547142 Total splits: 274 Good splits: 248
Reward: 51907.5530186 Total splits: 284 Good splits: 266
Reward: 51368.3571911 Total splits: 278 Good splits: 262
Reward: 52402.5705171 Total splits: 289 Good splits: 269
Reward: 52352.4378622 Total splits: 277 Good splits: 259
Reward: 52537.562805 Total splits: 280 Good splits: 261
Reward: 52504.365863 Total splits: 287 Good splits: 265
Reward: 52277.0780317 Total splits: 269 Good splits: 250
Reward: 51432.3769685 Total splits: 270 Good splits: 249
Reward: 51371.7320051 Total splits: 282 Good splits: 264
Reward: 52569.5739717 Total splits: 304 Good splits: 290
Reward: 52238.2368064 Total splits: 267 Good splits: 247
Reward: 52183.3983037 Total splits: 283 Good splits: 262
Reward: 52368.3710537 Total splits: 263 Good splits: 249
Reward: 52677.8502088 Total splits: 294 Good splits: 278
Reward: 51945.2294268 Total splits: 315 Good splits: 289
Reward: 52263.0898273 Total splits: 287 Good splits: 271
Reward: 52152.1137203 Total splits: 310 Good splits: 295
Reward: 52426.8586027 Total splits: 288 Good splits: 270
Reward: 52150.1840237 Total splits: 281 Good splits: 267
Reward: 52538.2058758 Total splits: 264 Good splits: 239
Reward: 51419.8676017 Total splits: 299 Good splits: 283
Reward: 52073.1025624 Total splits: 275 Good splits: 253
Reward: 52207.1872772 Total splits: 299 Good splits: 279
Reward: 52090.5482123 Total splits: 292 Good splits: 267
Reward: 52057.223244 Total splits: 294 Good splits: 271
Reward: 51838.2519576 Total splits: 289 Good splits: 266
Reward: 49956.6637307 Total splits: 305 Good splits: 288
Reward: 52199.0810163 Total splits: 293 Good splits: 276
Reward: 52203.2339189 Total splits: 307 Good splits: 286
Reward: 52227.7950097 Total splits: 283 Good splits: 266
Reward: 52202.3735549 Total splits: 276 Good splits: 264
Reward: 52482.9212017 Total splits: 263 Good splits: 246
Reward: 51930.539825 Total splits: 286 Good splits: 264
Reward: 49716.0099364 Total splits: 269 Good splits: 253
Reward: 50999.2274737 Total splits: 287 Good splits: 267
Reward: 52263.6397176 Total splits: 275 Good splits: 262

Results after 25 tests
Average total rewards : 52016.1468543
Average total splits  : 284.72
Average good splits   : 268.16
Average good splits % : 94.183759483


Results after 25 tests
Average total rewards : 51883.7510055
Average total splits  : 285.32
Average good splits   : 268.0
Average good splits % : 93.9296228796

Reward: 50455.3987586 Total splits: 272 Good splits: 256

Results after 25 tests
Average total rewards : 52074.5497691
Average total splits  : 284.88
Average good splits   : 267.6
Average good splits % : 93.9342881213

Reward: 52200.7758749 Total splits: 291 Good splits: 274

Results after 25 tests
Average total rewards : 52108.8770795
Average total splits  : 282.04
Average good splits   : 264.64
Average good splits % : 93.8306623174

Reward: 51857.5410169 Total splits: 259 Good splits: 238

Results after 25 tests
Average total rewards : 52204.2307333
Average total splits  : 283.32
Average good splits   : 264.0
Average good splits % : 93.1808555697

Reward: 52486.0132309 Total splits: 286 Good splits: 265

Results after 25 tests
Average total rewards : 52193.1701602
Average total splits  : 285.16
Average good splits   : 266.68
Average good splits % : 93.5194276897

Reward: 51894.50817 Total splits: 267 Good splits: 249

Results after 25 tests
Average total rewards : 52203.3948551
Average total splits  : 286.96
Average good splits   : 269.16
Average good splits % : 93.7970448843

Reward: 52328.3073077 Total splits: 279 Good splits: 267

Results after 25 tests
Average total rewards : 52014.3144069
Average total splits  : 286.44
Average good splits   : 268.32
Average good splits % : 93.6740678676

