Reward: 34511.0158159 Total splits: 147 Good splits: 119
Reward: 37263.541882 Total splits: 130 Good splits: 108
Reward: 17767.1309305 Total splits: 111 Good splits: 87
Reward: 22438.6195989 Total splits: 117 Good splits: 91
Reward: 42287.9965466 Total splits: 146 Good splits: 116
Reward: 41200.7615816 Total splits: 147 Good splits: 127
Reward: 27119.4307133 Total splits: 141 Good splits: 114
Reward: 36278.6083298 Total splits: 111 Good splits: 93
Reward: 38832.8616387 Total splits: 145 Good splits: 122
Reward: 31172.717278 Total splits: 154 Good splits: 127
Reward: 25471.7381909 Total splits: 139 Good splits: 114
Reward: 31302.743133 Total splits: 102 Good splits: 80
Reward: 32107.8505283 Total splits: 133 Good splits: 113
Reward: 40526.8807318 Total splits: 138 Good splits: 116
Reward: 26054.7249989 Total splits: 142 Good splits: 118
Reward: 38976.6515811 Total splits: 157 Good splits: 134
Reward: 34486.5167998 Total splits: 130 Good splits: 105
Reward: 36842.1799936 Total splits: 148 Good splits: 119
Reward: 27603.5113906 Total splits: 144 Good splits: 117
Reward: 38385.6882236 Total splits: 147 Good splits: 129
Reward: 32344.844562 Total splits: 124 Good splits: 100
Reward: 34199.6015891 Total splits: 141 Good splits: 119
Reward: 31034.6497932 Total splits: 127 Good splits: 104
Reward: 30399.3822193 Total splits: 121 Good splits: 100
Reward: 36946.5263329 Total splits: 138 Good splits: 110
Reward: 38475.1800012 Total splits: 160 Good splits: 135
Reward: 33406.3974404 Total splits: 122 Good splits: 94
Reward: 35065.1718912 Total splits: 160 Good splits: 130
Reward: 24067.0530639 Total splits: 147 Good splits: 127
Reward: 30699.1803564 Total splits: 129 Good splits: 99
Reward: 38126.4513324 Total splits: 131 Good splits: 107
Reward: 34072.6731445 Total splits: 144 Good splits: 122
Reward: 25783.4558701 Total splits: 124 Good splits: 105
Reward: 30613.2475365 Total splits: 140 Good splits: 116
Reward: 37930.8086941 Total splits: 155 Good splits: 137
Reward: 29763.7553801 Total splits: 126 Good splits: 112
Reward: 25154.6081192 Total splits: 137 Good splits: 110
Reward: 30413.5165322 Total splits: 125 Good splits: 97
Reward: 35055.0659583 Total splits: 144 Good splits: 117
Reward: 35584.7279485 Total splits: 140 Good splits: 117
Reward: 33315.7933572 Total splits: 147 Good splits: 119
Reward: 39282.9961313 Total splits: 136 Good splits: 106
Reward: 28503.5363928 Total splits: 139 Good splits: 112
Reward: 36085.5203552 Total splits: 139 Good splits: 115
Reward: 45359.7741463 Total splits: 138 Good splits: 110
Reward: 23136.7819758 Total splits: 128 Good splits: 103
Reward: 33172.2187802 Total splits: 125 Good splits: 105
Reward: 29021.2714491 Total splits: 121 Good splits: 98
Reward: 30079.8272784 Total splits: 143 Good splits: 113
Reward: 38867.6355433 Total splits: 136 Good splits: 115
Reward: 33877.3999654 Total splits: 122 Good splits: 100
Reward: 40623.6635029 Total splits: 137 Good splits: 105
Reward: 35803.8400238 Total splits: 163 Good splits: 133
Reward: 37707.263704 Total splits: 142 Good splits: 120
Reward: 46000.6814444 Total splits: 131 Good splits: 111
Reward: 31149.6740305 Total splits: 121 Good splits: 99
Reward: 22583.2426268 Total splits: 110 Good splits: 98
Reward: 40421.638962 Total splits: 154 Good splits: 124
Reward: 21087.7850418 Total splits: 132 Good splits: 103
Reward: 24122.8542677 Total splits: 120 Good splits: 99
Reward: 32452.6431474 Total splits: 125 Good splits: 102
Reward: 27900.6538678 Total splits: 107 Good splits: 88
Reward: 36563.6128676 Total splits: 119 Good splits: 98
Reward: 36788.658792 Total splits: 151 Good splits: 127
Reward: 33890.2575726 Total splits: 121 Good splits: 92
Reward: 37832.5890536 Total splits: 146 Good splits: 117
Reward: 25748.9464967 Total splits: 115 Good splits: 95
Reward: 32518.8690717 Total splits: 147 Good splits: 127
Reward: 38112.6344833 Total splits: 129 Good splits: 108
Reward: 22032.6567824 Total splits: 151 Good splits: 120
Reward: 44695.594249 Total splits: 140 Good splits: 117
Reward: 36531.392407 Total splits: 120 Good splits: 93
Reward: 34376.1971683 Total splits: 161 Good splits: 132
Reward: 29287.180793 Total splits: 112 Good splits: 92
Reward: 35598.5938497 Total splits: 121 Good splits: 102
Reward: 26851.5712636 Total splits: 121 Good splits: 95
Reward: 37757.2981358 Total splits: 116 Good splits: 93
Reward: 39498.7856854 Total splits: 135 Good splits: 115
Reward: 41579.7577545 Total splits: 155 Good splits: 134
Reward: 28032.4047802 Total splits: 142 Good splits: 110
Reward: 41080.0522677 Total splits: 143 Good splits: 125
Reward: 29653.068375 Total splits: 130 Good splits: 102
Reward: 26787.4496544 Total splits: 110 Good splits: 91
Reward: 32044.1365149 Total splits: 147 Good splits: 109
Reward: 32512.7570122 Total splits: 140 Good splits: 119
Reward: 26689.7229356 Total splits: 116 Good splits: 98
Reward: 31179.5002851 Total splits: 137 Good splits: 113
Reward: 31490.8859517 Total splits: 146 Good splits: 121
Reward: 32193.1506371 Total splits: 144 Good splits: 116
Reward: 38056.060254 Total splits: 144 Good splits: 128
Reward: 24334.1977835 Total splits: 113 Good splits: 91
Reward: 31534.5707782 Total splits: 131 Good splits: 111
Reward: 27734.5362524 Total splits: 112 Good splits: 94
Reward: 39348.2483833 Total splits: 147 Good splits: 121
Reward: 39971.9405316 Total splits: 143 Good splits: 114
Reward: 40583.1088608 Total splits: 148 Good splits: 122
Reward: 30023.3795038 Total splits: 160 Good splits: 142
Reward: 38206.7467328 Total splits: 151 Good splits: 130
Reward: 21593.5985472 Total splits: 114 Good splits: 94
Reward: 24070.6303731 Total splits: 140 Good splits: 111
Reward: 38530.1481418 Total splits: 130 Good splits: 111
Reward: 29716.8827092 Total splits: 141 Good splits: 108
Reward: 37568.5771699 Total splits: 128 Good splits: 107
Reward: 27751.6984801 Total splits: 140 Good splits: 115
Reward: 31787.2766376 Total splits: 125 Good splits: 108
Reward: 37323.2153608 Total splits: 145 Good splits: 115
Reward: 27862.2211333 Total splits: 112 Good splits: 93
Reward: 34900.3725274 Total splits: 129 Good splits: 109
Reward: 26091.7154146 Total splits: 143 Good splits: 119
Reward: 29514.5204342 Total splits: 129 Good splits: 112
Reward: 30156.7068521 Total splits: 164 Good splits: 145
Reward: 33933.0089376 Total splits: 126 Good splits: 102
Reward: 20997.1157699 Total splits: 138 Good splits: 111
Reward: 35501.423104 Total splits: 173 Good splits: 147
Reward: 36242.0547749 Total splits: 147 Good splits: 129
Reward: 34102.0795226 Total splits: 114 Good splits: 92
Reward: 41859.3011124 Total splits: 141 Good splits: 116
Reward: 35431.9154653 Total splits: 138 Good splits: 120
Reward: 34145.0132765 Total splits: 127 Good splits: 114
Reward: 37988.2569291 Total splits: 131 Good splits: 102
Reward: 35121.7119638 Total splits: 141 Good splits: 113
Reward: 30891.9970796 Total splits: 133 Good splits: 111
Reward: 25370.3076708 Total splits: 126 Good splits: 107
Reward: 31096.7616197 Total splits: 147 Good splits: 117
Reward: 37598.6328942 Total splits: 119 Good splits: 107
Reward: 30350.2352643 Total splits: 104 Good splits: 77
Reward: 39768.2560814 Total splits: 121 Good splits: 101
Reward: 29603.7065259 Total splits: 149 Good splits: 130
Reward: 38741.9872029 Total splits: 140 Good splits: 120
Reward: 28601.8623581 Total splits: 108 Good splits: 90
Reward: 33710.2856281 Total splits: 141 Good splits: 120
Reward: 41160.088763 Total splits: 151 Good splits: 129
Reward: 30089.899397 Total splits: 124 Good splits: 102
Reward: 40563.9605886 Total splits: 147 Good splits: 123
Reward: 25302.839167 Total splits: 115 Good splits: 91
Reward: 31404.6244224 Total splits: 148 Good splits: 111
Reward: 42911.5923989 Total splits: 139 Good splits: 108
Reward: 39060.6731392 Total splits: 132 Good splits: 110
Reward: 32264.4058547 Total splits: 139 Good splits: 111
Reward: 37664.8369985 Total splits: 147 Good splits: 123
Reward: 31137.7585668 Total splits: 123 Good splits: 103
Reward: 39186.9865272 Total splits: 139 Good splits: 115
Reward: 28785.7807081 Total splits: 111 Good splits: 93
Reward: 27914.0425511 Total splits: 146 Good splits: 116
Reward: 31215.4354486 Total splits: 166 Good splits: 134
Reward: 38518.1548109 Total splits: 169 Good splits: 150
Reward: 37154.7263089 Total splits: 152 Good splits: 120
Reward: 39308.848974 Total splits: 121 Good splits: 103
Reward: 34443.6950136 Total splits: 144 Good splits: 117
Reward: 39250.3228145 Total splits: 150 Good splits: 129
Reward: 32436.782894 Total splits: 132 Good splits: 105
Reward: 23051.3542299 Total splits: 111 Good splits: 86
Reward: 38634.3005458 Total splits: 154 Good splits: 130
Reward: 45363.4300062 Total splits: 146 Good splits: 126
Reward: 39319.782413 Total splits: 137 Good splits: 110
Reward: 19911.8265895 Total splits: 127 Good splits: 105
Reward: 36740.9751763 Total splits: 153 Good splits: 133
Reward: 28919.2313512 Total splits: 134 Good splits: 111
Reward: 40038.4623481 Total splits: 130 Good splits: 112
Reward: 34875.6780482 Total splits: 148 Good splits: 121
Reward: 30567.5472794 Total splits: 122 Good splits: 100
Reward: 38576.1349835 Total splits: 118 Good splits: 94
Reward: 30618.8490557 Total splits: 104 Good splits: 83
Reward: 32370.5336277 Total splits: 170 Good splits: 145
Reward: 37394.2981528 Total splits: 125 Good splits: 103
Reward: 26483.7255653 Total splits: 141 Good splits: 115
Reward: 37001.4491785 Total splits: 138 Good splits: 118
Reward: 35450.5021135 Total splits: 142 Good splits: 117
Reward: 38070.6813995 Total splits: 125 Good splits: 106
Reward: 43418.060469 Total splits: 136 Good splits: 116
Reward: 37650.5574145 Total splits: 136 Good splits: 110
Reward: 34190.8285771 Total splits: 129 Good splits: 109
Reward: 30139.7614047 Total splits: 125 Good splits: 103
Reward: 38336.3494337 Total splits: 153 Good splits: 126
Reward: 41892.6476497 Total splits: 134 Good splits: 109
Reward: 32399.3645174 Total splits: 166 Good splits: 136
Reward: 29851.7073997 Total splits: 113 Good splits: 96
Reward: 33794.8859959 Total splits: 132 Good splits: 111
Reward: 27315.4609146 Total splits: 123 Good splits: 100
Reward: 41269.3225578 Total splits: 154 Good splits: 130
Reward: 32370.6543887 Total splits: 108 Good splits: 87
Reward: 26102.632061 Total splits: 138 Good splits: 115
Reward: 43112.0843906 Total splits: 141 Good splits: 122
Reward: 16570.0945933 Total splits: 111 Good splits: 85
Reward: 44417.223118 Total splits: 138 Good splits: 118
Reward: 28074.9975118 Total splits: 103 Good splits: 79
Reward: 37351.0082591 Total splits: 154 Good splits: 122
Reward: 40908.0858277 Total splits: 149 Good splits: 126
Reward: 35817.0671999 Total splits: 149 Good splits: 125
Reward: 26691.27644 Total splits: 116 Good splits: 90
Reward: 38696.3936315 Total splits: 120 Good splits: 103
Reward: 43019.9677755 Total splits: 135 Good splits: 108
Reward: 34566.8313225 Total splits: 124 Good splits: 103
Reward: 23756.5709948 Total splits: 123 Good splits: 104
Reward: 33995.4497161 Total splits: 146 Good splits: 123
Reward: 32154.9166319 Total splits: 150 Good splits: 124
Reward: 32513.7838824 Total splits: 122 Good splits: 103

Results after 50 tests
Average total rewards : 34121.3699022
Average total splits  : 134.9
Average good splits   : 111.44
Average good splits % : 82.609340252

Reward: 31574.2505726 Total splits: 142 Good splits: 113

Results after 50 tests
Average total rewards : 33061.5106945
Average total splits  : 133.56
Average good splits   : 109.48
Average good splits % : 81.9706498952

Reward: 41117.8656393 Total splits: 144 Good splits: 122

Results after 50 tests
Average total rewards : 33061.5149664
Average total splits  : 135.96
Average good splits   : 112.44
Average good splits % : 82.7007943513

Reward: 37638.7734634 Total splits: 138 Good splits: 121

Results after 50 tests
Average total rewards : 33820.4293508
Average total splits  : 135.98
Average good splits   : 113.02
Average good splits % : 83.1151639947

