Reward: 48183.3246238 Total splits: 139 Good splits: 112
Reward: 46481.7926499 Total splits: 142 Good splits: 111
Reward: 48755.0257227 Total splits: 139 Good splits: 119
Reward: 48509.1059941 Total splits: 134 Good splits: 115
Reward: 48414.2437044 Total splits: 162 Good splits: 133
Reward: 46949.9630245 Total splits: 151 Good splits: 131
Reward: 48550.3118965 Total splits: 153 Good splits: 126
Reward: 49368.8060351 Total splits: 133 Good splits: 110
Reward: 46533.7375759 Total splits: 142 Good splits: 116
Reward: 44602.360835 Total splits: 157 Good splits: 134
Reward: 45912.7895925 Total splits: 142 Good splits: 113
Reward: 44698.5540424 Total splits: 160 Good splits: 132
Reward: 45983.9050198 Total splits: 154 Good splits: 129
Reward: 48628.1029039 Total splits: 134 Good splits: 115
Reward: 48625.8417989 Total splits: 147 Good splits: 123
Reward: 48348.4860636 Total splits: 153 Good splits: 119
Reward: 48061.0619078 Total splits: 142 Good splits: 121
Reward: 46204.0660353 Total splits: 145 Good splits: 129
Reward: 45099.1734395 Total splits: 141 Good splits: 118
Reward: 49089.662009 Total splits: 133 Good splits: 107
Reward: 47826.4426808 Total splits: 144 Good splits: 120
Reward: 48888.0449486 Total splits: 145 Good splits: 115
Reward: 49842.1332271 Total splits: 135 Good splits: 107
Reward: 46063.0803294 Total splits: 137 Good splits: 104
Reward: 48383.3191403 Total splits: 146 Good splits: 116
Reward: 48216.3791 Total splits: 137 Good splits: 105
Reward: 47323.3755633 Total splits: 147 Good splits: 126
Reward: 48933.4542201 Total splits: 154 Good splits: 126
Reward: 47210.2838877 Total splits: 137 Good splits: 115
Reward: 46960.5809918 Total splits: 143 Good splits: 123
Reward: 47970.9724667 Total splits: 139 Good splits: 113
Reward: 47825.7458276 Total splits: 136 Good splits: 114
Reward: 49267.8445086 Total splits: 157 Good splits: 134
Reward: 49031.8445078 Total splits: 143 Good splits: 119
Reward: 48586.5524236 Total splits: 151 Good splits: 119
Reward: 49026.7234473 Total splits: 140 Good splits: 119
Reward: 47079.6535461 Total splits: 146 Good splits: 117
Reward: 46818.0797054 Total splits: 147 Good splits: 111
Reward: 47461.7334888 Total splits: 144 Good splits: 125
Reward: 48881.5592456 Total splits: 146 Good splits: 119
Reward: 48971.2531018 Total splits: 155 Good splits: 129
Reward: 47582.5596245 Total splits: 146 Good splits: 118
Reward: 48974.985692 Total splits: 136 Good splits: 112
Reward: 48881.1424519 Total splits: 152 Good splits: 123
Reward: 44832.2278863 Total splits: 136 Good splits: 111
Reward: 48164.6398131 Total splits: 143 Good splits: 128
Reward: 44468.1868032 Total splits: 149 Good splits: 122
Reward: 48820.1619126 Total splits: 140 Good splits: 109
Reward: 48252.6648432 Total splits: 139 Good splits: 118
Reward: 48156.5443935 Total splits: 157 Good splits: 135
Reward: 47669.0807795 Total splits: 141 Good splits: 120
Reward: 45749.1078712 Total splits: 137 Good splits: 111
Reward: 46402.0908039 Total splits: 145 Good splits: 117
Reward: 46779.0862959 Total splits: 126 Good splits: 100
Reward: 48705.0968485 Total splits: 138 Good splits: 120
Reward: 49764.1547267 Total splits: 148 Good splits: 120
Reward: 47009.8191002 Total splits: 138 Good splits: 115
Reward: 45231.7226546 Total splits: 141 Good splits: 118
Reward: 45548.4557323 Total splits: 145 Good splits: 116
Reward: 47926.3658643 Total splits: 149 Good splits: 123
Reward: 49128.8425869 Total splits: 152 Good splits: 120
Reward: 47298.3489232 Total splits: 141 Good splits: 121
Reward: 47544.8547014 Total splits: 158 Good splits: 120
Reward: 47122.2235466 Total splits: 151 Good splits: 123
Reward: 48271.5280859 Total splits: 130 Good splits: 107
Reward: 47668.8984234 Total splits: 138 Good splits: 109
Reward: 44912.2982769 Total splits: 148 Good splits: 126
Reward: 45727.8342098 Total splits: 147 Good splits: 121
Reward: 48899.2556536 Total splits: 146 Good splits: 128
Reward: 46863.1784628 Total splits: 141 Good splits: 120
Reward: 44802.2677353 Total splits: 140 Good splits: 119
Reward: 47809.8455718 Total splits: 129 Good splits: 100
Reward: 47304.9144627 Total splits: 142 Good splits: 112
Reward: 48115.8729623 Total splits: 129 Good splits: 105
Reward: 46625.9445986 Total splits: 132 Good splits: 109
Reward: 48974.018609 Total splits: 146 Good splits: 120
Reward: 45181.9890807 Total splits: 138 Good splits: 110
Reward: 48414.1775242 Total splits: 153 Good splits: 128
Reward: 43741.8844619 Total splits: 145 Good splits: 116
Reward: 37349.9826429 Total splits: 137 Good splits: 115
Reward: 46395.2452736 Total splits: 134 Good splits: 113
Reward: 48743.2036584 Total splits: 136 Good splits: 118
Reward: 47540.0313394 Total splits: 143 Good splits: 127
Reward: 47852.898861 Total splits: 143 Good splits: 118
Reward: 44420.5363757 Total splits: 142 Good splits: 118
Reward: 47835.8158135 Total splits: 141 Good splits: 122
Reward: 47496.8641682 Total splits: 152 Good splits: 126
Reward: 48655.0531873 Total splits: 153 Good splits: 128
Reward: 46951.4249505 Total splits: 131 Good splits: 112
Reward: 44871.8319685 Total splits: 138 Good splits: 116
Reward: 48423.4774122 Total splits: 147 Good splits: 120
Reward: 48233.8549052 Total splits: 142 Good splits: 117
Reward: 49752.3335902 Total splits: 161 Good splits: 139
Reward: 48375.2132214 Total splits: 144 Good splits: 120
Reward: 49142.8682198 Total splits: 142 Good splits: 120
Reward: 48832.6354694 Total splits: 152 Good splits: 126
Reward: 47614.3892824 Total splits: 131 Good splits: 107
Reward: 48115.9953705 Total splits: 141 Good splits: 117
Reward: 48483.990937 Total splits: 148 Good splits: 122
Reward: 45711.8514389 Total splits: 140 Good splits: 117
Reward: 47649.3125904 Total splits: 131 Good splits: 109
Reward: 46166.5317235 Total splits: 162 Good splits: 130
Reward: 45844.7626688 Total splits: 158 Good splits: 124
Reward: 48211.5639718 Total splits: 133 Good splits: 112
Reward: 49224.5516964 Total splits: 139 Good splits: 111
Reward: 48409.451499 Total splits: 139 Good splits: 111
Reward: 45571.6128291 Total splits: 150 Good splits: 124
Reward: 48832.8608851 Total splits: 132 Good splits: 108
Reward: 46793.7168469 Total splits: 139 Good splits: 104
Reward: 47299.2815117 Total splits: 140 Good splits: 116
Reward: 49030.7875716 Total splits: 142 Good splits: 111
Reward: 48051.8719169 Total splits: 139 Good splits: 110
Reward: 45131.8045482 Total splits: 139 Good splits: 118
Reward: 45738.6956974 Total splits: 144 Good splits: 123
Reward: 48778.3543091 Total splits: 138 Good splits: 114
Reward: 48108.7204346 Total splits: 150 Good splits: 123
Reward: 48653.4221432 Total splits: 138 Good splits: 116
Reward: 46696.7773838 Total splits: 143 Good splits: 120
Reward: 47239.5679927 Total splits: 137 Good splits: 113
Reward: 46142.7071753 Total splits: 151 Good splits: 124
Reward: 46189.0068531 Total splits: 131 Good splits: 115
Reward: 49016.4129873 Total splits: 141 Good splits: 115
Reward: 49157.4144939 Total splits: 140 Good splits: 113
Reward: 47149.3678003 Total splits: 139 Good splits: 115
Reward: 45992.222541 Total splits: 154 Good splits: 132
Reward: 47874.9256892 Total splits: 134 Good splits: 111
Reward: 44360.0705425 Total splits: 157 Good splits: 122
Reward: 43585.1344758 Total splits: 133 Good splits: 109
Reward: 47516.6122142 Total splits: 146 Good splits: 117
Reward: 48803.1982839 Total splits: 137 Good splits: 111
Reward: 46933.5163942 Total splits: 140 Good splits: 118
Reward: 46254.2902071 Total splits: 135 Good splits: 108
Reward: 49007.7473634 Total splits: 147 Good splits: 129
Reward: 47384.4772235 Total splits: 152 Good splits: 121
Reward: 44009.268868 Total splits: 147 Good splits: 123
Reward: 44397.5158585 Total splits: 145 Good splits: 119
Reward: 47617.0274874 Total splits: 139 Good splits: 111
Reward: 46627.7031478 Total splits: 131 Good splits: 107
Reward: 48636.4742979 Total splits: 129 Good splits: 107
Reward: 46673.6503926 Total splits: 131 Good splits: 104
Reward: 48443.0721522 Total splits: 138 Good splits: 107
Reward: 49233.7963297 Total splits: 147 Good splits: 122
Reward: 48265.794486 Total splits: 137 Good splits: 111
Reward: 49250.6247565 Total splits: 135 Good splits: 116
Reward: 48127.6610299 Total splits: 135 Good splits: 110
Reward: 48146.2789256 Total splits: 142 Good splits: 115
Reward: 45366.9405179 Total splits: 148 Good splits: 119
Reward: 47961.4997398 Total splits: 150 Good splits: 126
Reward: 49148.5784208 Total splits: 143 Good splits: 122
Reward: 48160.9656274 Total splits: 130 Good splits: 105
Reward: 48110.8621592 Total splits: 132 Good splits: 111
Reward: 47099.2277013 Total splits: 149 Good splits: 124
Reward: 48041.8554819 Total splits: 144 Good splits: 116
Reward: 46107.8510766 Total splits: 145 Good splits: 122
Reward: 49088.9703233 Total splits: 149 Good splits: 128
Reward: 49582.3288841 Total splits: 148 Good splits: 118
Reward: 47669.9112173 Total splits: 149 Good splits: 117
Reward: 48335.9839204 Total splits: 147 Good splits: 125
Reward: 47922.5734578 Total splits: 144 Good splits: 116
Reward: 47918.2101235 Total splits: 144 Good splits: 115
Reward: 46890.8038086 Total splits: 133 Good splits: 111
Reward: 45756.9431248 Total splits: 149 Good splits: 123
Reward: 48580.5268535 Total splits: 138 Good splits: 116
Reward: 41657.4898717 Total splits: 150 Good splits: 130
Reward: 48217.3688606 Total splits: 151 Good splits: 129
Reward: 46693.0101979 Total splits: 149 Good splits: 127
Reward: 47982.2001821 Total splits: 141 Good splits: 113
Reward: 46765.8116722 Total splits: 136 Good splits: 116
Reward: 47212.4276467 Total splits: 144 Good splits: 118
Reward: 48147.7021991 Total splits: 147 Good splits: 118
Reward: 44572.5906621 Total splits: 138 Good splits: 118
Reward: 47309.2872434 Total splits: 135 Good splits: 106
Reward: 48929.0605944 Total splits: 136 Good splits: 112
Reward: 44195.0723685 Total splits: 148 Good splits: 126
Reward: 49235.2303841 Total splits: 158 Good splits: 133
Reward: 50169.6192655 Total splits: 130 Good splits: 109
Reward: 47183.5719808 Total splits: 139 Good splits: 108
Reward: 48555.0002317 Total splits: 134 Good splits: 103
Reward: 48822.0114409 Total splits: 149 Good splits: 124
Reward: 48341.8477972 Total splits: 134 Good splits: 111
Reward: 47471.6105868 Total splits: 135 Good splits: 99
Reward: 46567.6724943 Total splits: 145 Good splits: 125
Reward: 47836.3036172 Total splits: 148 Good splits: 123
Reward: 48453.4377798 Total splits: 140 Good splits: 118
Reward: 48068.6658389 Total splits: 133 Good splits: 107
Reward: 46078.7708594 Total splits: 136 Good splits: 110
Reward: 46832.9051981 Total splits: 135 Good splits: 113
Reward: 48099.7869992 Total splits: 144 Good splits: 118
Reward: 47611.2593794 Total splits: 144 Good splits: 112
Reward: 50003.5288162 Total splits: 144 Good splits: 124
Reward: 49253.1145368 Total splits: 148 Good splits: 124
Reward: 46255.9775901 Total splits: 133 Good splits: 108
Reward: 48443.3396265 Total splits: 148 Good splits: 121
Reward: 44950.7399914 Total splits: 160 Good splits: 131

Results after 50 tests
Average total rewards : 47538.5634719
Average total splits  : 143.24
Average good splits   : 118.1
Average good splits % : 82.449036582

Reward: 46384.7355727 Total splits: 154 Good splits: 139
Reward: 48027.4553252 Total splits: 139 Good splits: 114
Reward: 47815.958122 Total splits: 150 Good splits: 123
Reward: 48433.4303389 Total splits: 139 Good splits: 109

Results after 50 tests
Average total rewards : 47465.2620961
Average total splits  : 142.3
Average good splits   : 117.54
Average good splits % : 82.6001405481

Reward: 47170.7528608 Total splits: 134 Good splits: 108

Results after 50 tests
Average total rewards : 47402.5231809
Average total splits  : 143.0
Average good splits   : 118.34
Average good splits % : 82.7552447552

Reward: 48380.1751723 Total splits: 142 Good splits: 117

Results after 50 tests
Average total rewards : 47309.6055958
Average total splits  : 142.26
Average good splits   : 116.5
Average good splits % : 81.8923098552

