Reward: 45642.6207853 Total splits: 150 Good splits: 120
Reward: 45376.056289 Total splits: 135 Good splits: 99
Reward: 48342.1926328 Total splits: 138 Good splits: 103
Reward: 42411.2434138 Total splits: 144 Good splits: 111
Reward: 46704.5358854 Total splits: 138 Good splits: 109
Reward: 48310.3030579 Total splits: 148 Good splits: 120
Reward: 43092.2561566 Total splits: 143 Good splits: 112
Reward: 45878.6626656 Total splits: 126 Good splits: 92
Reward: 44628.0719066 Total splits: 136 Good splits: 95
Reward: 47230.9233364 Total splits: 146 Good splits: 114
Reward: 46936.8744106 Total splits: 155 Good splits: 124
Reward: 48801.954815 Total splits: 144 Good splits: 115
Reward: 44366.2460166 Total splits: 137 Good splits: 107
Reward: 48124.4938695 Total splits: 127 Good splits: 101
Reward: 48972.5818104 Total splits: 130 Good splits: 100
Reward: 43008.6830733 Total splits: 133 Good splits: 110
Reward: 45644.5211245 Total splits: 141 Good splits: 105
Reward: 46283.0455718 Total splits: 148 Good splits: 113
Reward: 42563.6609919 Total splits: 156 Good splits: 125
Reward: 46281.9665916 Total splits: 121 Good splits: 100
Reward: 42145.6892922 Total splits: 137 Good splits: 100
Reward: 43694.1710806 Total splits: 142 Good splits: 108
Reward: 46914.0367394 Total splits: 136 Good splits: 108
Reward: 39556.0416135 Total splits: 141 Good splits: 111
Reward: 40559.4927669 Total splits: 130 Good splits: 102
Reward: 45433.5960816 Total splits: 137 Good splits: 105
Reward: 48200.1865302 Total splits: 125 Good splits: 94
Reward: 47426.8718749 Total splits: 127 Good splits: 102
Reward: 46582.3981697 Total splits: 144 Good splits: 112
Reward: 43574.8622796 Total splits: 141 Good splits: 109
Reward: 45742.6442362 Total splits: 128 Good splits: 100
Reward: 44603.4257232 Total splits: 133 Good splits: 101
Reward: 45835.2524595 Total splits: 151 Good splits: 121
Reward: 47369.3946102 Total splits: 128 Good splits: 96
Reward: 45617.1002423 Total splits: 131 Good splits: 87
Reward: 44104.9947119 Total splits: 140 Good splits: 111
Reward: 45967.553673 Total splits: 138 Good splits: 114
Reward: 45471.213302 Total splits: 139 Good splits: 118
Reward: 44223.1975486 Total splits: 138 Good splits: 103
Reward: 47497.8693499 Total splits: 134 Good splits: 102
Reward: 47003.5939063 Total splits: 139 Good splits: 99
Reward: 45337.2848529 Total splits: 149 Good splits: 112
Reward: 45863.138858 Total splits: 136 Good splits: 107
Reward: 41981.6896447 Total splits: 142 Good splits: 113
Reward: 46421.4803062 Total splits: 136 Good splits: 108
Reward: 49403.4942909 Total splits: 135 Good splits: 98
Reward: 46183.6771308 Total splits: 139 Good splits: 104
Reward: 45830.6676406 Total splits: 130 Good splits: 96
Reward: 45743.8305251 Total splits: 140 Good splits: 106
Reward: 43434.0735134 Total splits: 123 Good splits: 93
Reward: 45073.4999213 Total splits: 125 Good splits: 94
Reward: 47432.9805604 Total splits: 139 Good splits: 109
Reward: 45916.6540977 Total splits: 125 Good splits: 103
Reward: 46308.1744566 Total splits: 139 Good splits: 104
Reward: 48203.8180483 Total splits: 135 Good splits: 97
Reward: 46479.0911432 Total splits: 129 Good splits: 100
Reward: 45205.0373353 Total splits: 133 Good splits: 105
Reward: 43710.1404264 Total splits: 134 Good splits: 114
Reward: 46493.189653 Total splits: 132 Good splits: 104
Reward: 47309.8816601 Total splits: 125 Good splits: 88
Reward: 46615.5913145 Total splits: 143 Good splits: 110
Reward: 47276.7850655 Total splits: 145 Good splits: 118
Reward: 44709.0195125 Total splits: 142 Good splits: 114
Reward: 45270.364333 Total splits: 148 Good splits: 105
Reward: 44309.9542062 Total splits: 150 Good splits: 124
Reward: 42462.6483974 Total splits: 133 Good splits: 111
Reward: 45621.7036158 Total splits: 130 Good splits: 98
Reward: 46531.2034271 Total splits: 136 Good splits: 106
Reward: 46929.4387611 Total splits: 131 Good splits: 101
Reward: 44768.3699181 Total splits: 131 Good splits: 96
Reward: 48294.8745732 Total splits: 126 Good splits: 92
Reward: 41384.2950647 Total splits: 131 Good splits: 102
Reward: 44535.1702889 Total splits: 146 Good splits: 125
Reward: 44034.8498393 Total splits: 143 Good splits: 108
Reward: 48367.5315546 Total splits: 136 Good splits: 107
Reward: 43392.8389968 Total splits: 138 Good splits: 108
Reward: 46087.9858411 Total splits: 140 Good splits: 113
Reward: 43421.3450418 Total splits: 142 Good splits: 117
Reward: 45589.3150096 Total splits: 138 Good splits: 111
Reward: 45046.5227091 Total splits: 145 Good splits: 116
Reward: 44712.227881 Total splits: 129 Good splits: 103
Reward: 48743.8111339 Total splits: 131 Good splits: 103
Reward: 45852.8029703 Total splits: 139 Good splits: 110
Reward: 43528.9650853 Total splits: 144 Good splits: 108
Reward: 47149.4953659 Total splits: 148 Good splits: 113
Reward: 38915.9564091 Total splits: 141 Good splits: 114
Reward: 48554.0438736 Total splits: 136 Good splits: 102
Reward: 45290.5802415 Total splits: 136 Good splits: 91
Reward: 44606.7824146 Total splits: 134 Good splits: 101
Reward: 48873.22219 Total splits: 132 Good splits: 104
Reward: 44215.7821519 Total splits: 134 Good splits: 98
Reward: 48036.1331741 Total splits: 140 Good splits: 110
Reward: 46115.1294119 Total splits: 130 Good splits: 101
Reward: 45936.322822 Total splits: 141 Good splits: 108
Reward: 45614.2225533 Total splits: 148 Good splits: 120
Reward: 46888.0947784 Total splits: 136 Good splits: 109
Reward: 45385.0794614 Total splits: 143 Good splits: 119
Reward: 43287.2205272 Total splits: 151 Good splits: 119
Reward: 41980.0662974 Total splits: 126 Good splits: 95
Reward: 42458.4009752 Total splits: 149 Good splits: 110
Reward: 44636.0436828 Total splits: 129 Good splits: 86
Reward: 46029.3949705 Total splits: 142 Good splits: 114
Reward: 44291.1800014 Total splits: 132 Good splits: 102
Reward: 41474.6783298 Total splits: 130 Good splits: 97
Reward: 44965.6392289 Total splits: 143 Good splits: 114
Reward: 45949.2180798 Total splits: 129 Good splits: 99
Reward: 46065.7800046 Total splits: 145 Good splits: 121
Reward: 47859.5790058 Total splits: 142 Good splits: 101
Reward: 43963.2596559 Total splits: 128 Good splits: 92
Reward: 43444.9044148 Total splits: 138 Good splits: 117
Reward: 47922.6999547 Total splits: 140 Good splits: 106
Reward: 48680.9332098 Total splits: 135 Good splits: 105
Reward: 47534.2900127 Total splits: 144 Good splits: 113
Reward: 41903.3633922 Total splits: 149 Good splits: 117
Reward: 44539.5420439 Total splits: 154 Good splits: 122
Reward: 45803.038929 Total splits: 140 Good splits: 112
Reward: 46169.6702532 Total splits: 137 Good splits: 105
Reward: 45678.2459175 Total splits: 143 Good splits: 104
Reward: 41742.4730823 Total splits: 136 Good splits: 100
Reward: 47337.6561955 Total splits: 139 Good splits: 94
Reward: 43599.4261802 Total splits: 149 Good splits: 121
Reward: 48007.2793017 Total splits: 141 Good splits: 96
Reward: 45320.6830458 Total splits: 148 Good splits: 119
Reward: 43737.6016012 Total splits: 148 Good splits: 120
Reward: 43935.9848389 Total splits: 144 Good splits: 102
Reward: 45804.397182 Total splits: 140 Good splits: 108
Reward: 45562.2760737 Total splits: 131 Good splits: 105
Reward: 43381.2518537 Total splits: 143 Good splits: 106
Reward: 47375.608545 Total splits: 128 Good splits: 103
Reward: 41358.7296086 Total splits: 143 Good splits: 101
Reward: 47469.8149835 Total splits: 142 Good splits: 111
Reward: 44025.5758527 Total splits: 143 Good splits: 102
Reward: 45094.7486647 Total splits: 140 Good splits: 103
Reward: 47242.6238201 Total splits: 137 Good splits: 105
Reward: 44204.8310306 Total splits: 148 Good splits: 121
Reward: 47054.2421228 Total splits: 146 Good splits: 109
Reward: 46480.8923813 Total splits: 133 Good splits: 102
Reward: 41756.9271974 Total splits: 122 Good splits: 82
Reward: 47902.5860345 Total splits: 143 Good splits: 107
Reward: 44316.4790918 Total splits: 127 Good splits: 98
Reward: 45550.2222743 Total splits: 127 Good splits: 102
Reward: 44628.0412252 Total splits: 136 Good splits: 106
Reward: 44822.2182928 Total splits: 143 Good splits: 108
Reward: 44256.7709704 Total splits: 140 Good splits: 110
Reward: 44904.733407 Total splits: 130 Good splits: 99
Reward: 43775.8845346 Total splits: 141 Good splits: 109
Reward: 46294.5432685 Total splits: 139 Good splits: 100
Reward: 45918.2815748 Total splits: 133 Good splits: 103
Reward: 49410.1870025 Total splits: 140 Good splits: 110
Reward: 48008.0197444 Total splits: 134 Good splits: 108
Reward: 47852.2034584 Total splits: 150 Good splits: 116
Reward: 47303.6783945 Total splits: 143 Good splits: 113
Reward: 47671.1251221 Total splits: 148 Good splits: 105
Reward: 44922.6379236 Total splits: 127 Good splits: 103
Reward: 46415.3193204 Total splits: 135 Good splits: 104
Reward: 46403.4873961 Total splits: 134 Good splits: 105
Reward: 47791.3051479 Total splits: 147 Good splits: 116
Reward: 48394.1066298 Total splits: 138 Good splits: 109
Reward: 45875.06011 Total splits: 132 Good splits: 103
Reward: 45947.0462156 Total splits: 135 Good splits: 108
Reward: 46532.1574759 Total splits: 143 Good splits: 109
Reward: 45907.7508475 Total splits: 143 Good splits: 114
Reward: 48127.975013 Total splits: 145 Good splits: 119
Reward: 45808.1416902 Total splits: 135 Good splits: 99
Reward: 44898.4662684 Total splits: 132 Good splits: 97
Reward: 46593.770259 Total splits: 138 Good splits: 108
Reward: 42588.4961713 Total splits: 139 Good splits: 108
Reward: 46208.2165499 Total splits: 136 Good splits: 108
Reward: 47924.5843171 Total splits: 140 Good splits: 108
Reward: 42488.7204307 Total splits: 139 Good splits: 109
Reward: 47050.0525612 Total splits: 160 Good splits: 128
Reward: 43308.279891 Total splits: 128 Good splits: 100
Reward: 46337.8606307 Total splits: 127 Good splits: 102
Reward: 45413.0967383 Total splits: 131 Good splits: 103
Reward: 44581.4908317 Total splits: 133 Good splits: 95
Reward: 45666.8066857 Total splits: 146 Good splits: 122
Reward: 45954.7886194 Total splits: 124 Good splits: 91
Reward: 45959.4017282 Total splits: 138 Good splits: 110
Reward: 47762.0577873 Total splits: 123 Good splits: 94
Reward: 46428.0051331 Total splits: 140 Good splits: 109
Reward: 45720.4853321 Total splits: 140 Good splits: 115
Reward: 48102.8117766 Total splits: 143 Good splits: 103
Reward: 46755.8910486 Total splits: 153 Good splits: 121
Reward: 47561.2885045 Total splits: 154 Good splits: 120
Reward: 43626.1336459 Total splits: 141 Good splits: 99
Reward: 46540.2870837 Total splits: 150 Good splits: 128
Reward: 47919.5344938 Total splits: 134 Good splits: 94
Reward: 45732.0205196 Total splits: 130 Good splits: 104
Reward: 43060.3309096 Total splits: 140 Good splits: 108
Reward: 45305.4064871 Total splits: 131 Good splits: 101
Reward: 44761.9700859 Total splits: 147 Good splits: 112
Reward: 46052.5079663 Total splits: 141 Good splits: 110
Reward: 49629.5285679 Total splits: 125 Good splits: 92
Reward: 45662.4114898 Total splits: 145 Good splits: 106

Results after 50 tests
Average total rewards : 45499.0138165
Average total splits  : 139.18
Average good splits   : 108.06
Average good splits % : 77.6404655841

Reward: 49277.1534068 Total splits: 139 Good splits: 114
Reward: 42557.8516651 Total splits: 144 Good splits: 106
Reward: 47068.8311414 Total splits: 125 Good splits: 95
Reward: 46329.3400876 Total splits: 133 Good splits: 99

Results after 50 tests
Average total rewards : 45512.3591473
Average total splits  : 138.88
Average good splits   : 107.1
Average good splits % : 77.1169354839

Reward: 47197.7113097 Total splits: 139 Good splits: 109

Results after 50 tests
Average total rewards : 45761.5571819
Average total splits  : 137.62
Average good splits   : 106.12
Average good splits % : 77.1108850458

Reward: 44741.7891889 Total splits: 144 Good splits: 103

Results after 50 tests
Average total rewards : 45710.315014
Average total splits  : 136.4
Average good splits   : 104.8
Average good splits % : 76.8328445748

