Reward: 50154.0162258 Total splits: 355 Good splits: 339
Reward: 48763.154763 Total splits: 371 Good splits: 352
Reward: 48596.1266328 Total splits: 349 Good splits: 335
Reward: 48438.3782032 Total splits: 344 Good splits: 321
Reward: 50992.4451885 Total splits: 353 Good splits: 327
Reward: 50884.196518 Total splits: 335 Good splits: 313
Reward: 48938.87281 Total splits: 323 Good splits: 306
Reward: 50070.0632217 Total splits: 355 Good splits: 334
Reward: 48602.4413222 Total splits: 338 Good splits: 327
Reward: 47748.7321448 Total splits: 365 Good splits: 344
Reward: 48653.4281225 Total splits: 357 Good splits: 341
Reward: 46361.7109734 Total splits: 368 Good splits: 352
Reward: 47808.3324213 Total splits: 362 Good splits: 343
Reward: 50350.7420277 Total splits: 361 Good splits: 338
Reward: 49973.7714065 Total splits: 364 Good splits: 346
Reward: 49043.2084688 Total splits: 357 Good splits: 334
Reward: 46430.2872151 Total splits: 350 Good splits: 324
Reward: 48236.1889888 Total splits: 382 Good splits: 353
Reward: 49049.3953454 Total splits: 351 Good splits: 331
Reward: 46652.4129869 Total splits: 364 Good splits: 344
Reward: 48041.4868305 Total splits: 372 Good splits: 345
Reward: 48569.8423117 Total splits: 352 Good splits: 335
Reward: 48373.8734 Total splits: 356 Good splits: 339
Reward: 48631.8562171 Total splits: 334 Good splits: 307
Reward: 49936.5631526 Total splits: 328 Good splits: 304
Reward: 50134.7344596 Total splits: 359 Good splits: 330
Reward: 49670.9717267 Total splits: 353 Good splits: 330
Reward: 49454.4190888 Total splits: 355 Good splits: 324
Reward: 45955.9732766 Total splits: 329 Good splits: 310
Reward: 47498.7543133 Total splits: 338 Good splits: 316
Reward: 49327.7148829 Total splits: 339 Good splits: 313
Reward: 49513.2919004 Total splits: 335 Good splits: 306
Reward: 49244.2909499 Total splits: 340 Good splits: 322
Reward: 50417.6582167 Total splits: 358 Good splits: 328
Reward: 50642.1475854 Total splits: 347 Good splits: 321
Reward: 49096.5402353 Total splits: 356 Good splits: 326
Reward: 44128.0819984 Total splits: 328 Good splits: 305
Reward: 49857.0916279 Total splits: 380 Good splits: 360
Reward: 43050.434482 Total splits: 326 Good splits: 303
Reward: 47384.7637604 Total splits: 329 Good splits: 314
Reward: 47090.8107632 Total splits: 351 Good splits: 324
Reward: 48712.0102514 Total splits: 368 Good splits: 342
Reward: 50782.9772129 Total splits: 353 Good splits: 326
Reward: 49474.096706 Total splits: 386 Good splits: 353
Reward: 50801.9309312 Total splits: 351 Good splits: 329
Reward: 49653.4244953 Total splits: 338 Good splits: 311
Reward: 50045.4396952 Total splits: 344 Good splits: 326
Reward: 50943.0390917 Total splits: 338 Good splits: 316
Reward: 50175.0943672 Total splits: 342 Good splits: 322
Reward: 46650.080124 Total splits: 357 Good splits: 337

Results after 50 tests
Average total rewards : 48780.1459808
Average total splits  : 350.92
Average good splits   : 328.56
Average good splits % : 93.6281773624

Reward: 48818.956273 Total splits: 341 Good splits: 327
Reward: 49538.4758551 Total splits: 360 Good splits: 327
Reward: 48480.8779163 Total splits: 370 Good splits: 346
Reward: 47329.7582052 Total splits: 388 Good splits: 361
Reward: 50081.532297 Total splits: 330 Good splits: 295
Reward: 48756.6945975 Total splits: 359 Good splits: 348
Reward: 50680.103627 Total splits: 341 Good splits: 316
Reward: 47337.116214 Total splits: 352 Good splits: 338
Reward: 50088.3514902 Total splits: 329 Good splits: 317
Reward: 49728.8503589 Total splits: 349 Good splits: 312
Reward: 47378.2728528 Total splits: 362 Good splits: 341
Reward: 49017.7515424 Total splits: 341 Good splits: 307
Reward: 46996.0539525 Total splits: 334 Good splits: 316
Reward: 50049.2968325 Total splits: 330 Good splits: 314
Reward: 45853.4709534 Total splits: 351 Good splits: 327
Reward: 51598.5318175 Total splits: 347 Good splits: 328
Reward: 50696.043354 Total splits: 358 Good splits: 325
Reward: 47584.4630874 Total splits: 327 Good splits: 303
Reward: 46664.1467823 Total splits: 319 Good splits: 303
Reward: 49557.0137223 Total splits: 346 Good splits: 320
Reward: 45158.0548421 Total splits: 342 Good splits: 316
Reward: 49851.663262 Total splits: 335 Good splits: 308
Reward: 47859.858119 Total splits: 354 Good splits: 332
Reward: 47861.4154259 Total splits: 360 Good splits: 338
Reward: 50165.9979142 Total splits: 353 Good splits: 324
Reward: 48186.9210527 Total splits: 339 Good splits: 318
Reward: 49589.7339039 Total splits: 344 Good splits: 324
Reward: 50294.7354506 Total splits: 341 Good splits: 323
Reward: 50774.0018235 Total splits: 358 Good splits: 335
Reward: 49653.4819132 Total splits: 350 Good splits: 326
Reward: 50068.5482415 Total splits: 373 Good splits: 350
Reward: 50624.9725959 Total splits: 346 Good splits: 327
Reward: 47304.7652665 Total splits: 339 Good splits: 326
Reward: 47883.2319925 Total splits: 356 Good splits: 326
Reward: 49558.0991143 Total splits: 334 Good splits: 309
Reward: 49002.3259018 Total splits: 352 Good splits: 329
Reward: 44865.2087329 Total splits: 352 Good splits: 325
Reward: 48124.9511624 Total splits: 330 Good splits: 309
Reward: 49241.1879834 Total splits: 327 Good splits: 306
Reward: 48257.1252458 Total splits: 346 Good splits: 326
Reward: 49490.7523949 Total splits: 357 Good splits: 339
Reward: 48762.8593165 Total splits: 334 Good splits: 313
Reward: 49683.3155872 Total splits: 339 Good splits: 320
Reward: 44599.5574684 Total splits: 349 Good splits: 330
Reward: 49318.027803 Total splits: 335 Good splits: 314
Reward: 50126.09499 Total splits: 361 Good splits: 338
Reward: 47172.0884678 Total splits: 350 Good splits: 332
Reward: 49849.9687017 Total splits: 344 Good splits: 311
Reward: 51136.4546791 Total splits: 349 Good splits: 331
Reward: 48328.5496758 Total splits: 344 Good splits: 322

Results after 50 tests
Average total rewards : 48780.5942152
Average total splits  : 346.54
Average good splits   : 323.96
Average good splits % : 93.484157673

Reward: 49768.4787598 Total splits: 360 Good splits: 347
Reward: 48479.9107744 Total splits: 328 Good splits: 306
Reward: 49543.9264053 Total splits: 329 Good splits: 315
Reward: 47191.4212024 Total splits: 346 Good splits: 336
Reward: 48050.3106852 Total splits: 335 Good splits: 312
Reward: 48957.8166083 Total splits: 350 Good splits: 325
Reward: 48663.2992866 Total splits: 360 Good splits: 338
Reward: 49742.7845207 Total splits: 371 Good splits: 343
Reward: 48286.0873106 Total splits: 333 Good splits: 320
Reward: 50756.9595622 Total splits: 370 Good splits: 350
Reward: 48336.1638559 Total splits: 360 Good splits: 332
Reward: 49256.155143 Total splits: 378 Good splits: 354
Reward: 50636.8507202 Total splits: 335 Good splits: 305
Reward: 49552.8266653 Total splits: 334 Good splits: 314
Reward: 49224.8035643 Total splits: 330 Good splits: 309
Reward: 47229.3165221 Total splits: 363 Good splits: 347
Reward: 48587.9214649 Total splits: 333 Good splits: 305
Reward: 45703.2846911 Total splits: 342 Good splits: 319
Reward: 48621.1448448 Total splits: 336 Good splits: 305
Reward: 49976.984844 Total splits: 358 Good splits: 341
Reward: 48520.9341269 Total splits: 370 Good splits: 346
Reward: 48676.6342302 Total splits: 357 Good splits: 336
Reward: 49170.9641569 Total splits: 344 Good splits: 328
Reward: 49670.347506 Total splits: 348 Good splits: 322
Reward: 48905.6088987 Total splits: 356 Good splits: 334
Reward: 45628.965762 Total splits: 349 Good splits: 329
Reward: 50610.5616688 Total splits: 341 Good splits: 312
Reward: 46007.6536843 Total splits: 347 Good splits: 326
Reward: 48945.447039 Total splits: 350 Good splits: 330
Reward: 50653.3272286 Total splits: 364 Good splits: 339
Reward: 49842.2036658 Total splits: 352 Good splits: 329
Reward: 50548.605468 Total splits: 349 Good splits: 331
Reward: 51026.7629281 Total splits: 364 Good splits: 339
Reward: 50606.7468564 Total splits: 359 Good splits: 334
Reward: 50561.7979794 Total splits: 347 Good splits: 327
Reward: 49176.5289534 Total splits: 347 Good splits: 325
Reward: 50351.7286185 Total splits: 359 Good splits: 330
Reward: 51010.3481937 Total splits: 338 Good splits: 316
Reward: 48322.9091111 Total splits: 341 Good splits: 311
Reward: 50179.997458 Total splits: 358 Good splits: 331
Reward: 50163.0523319 Total splits: 334 Good splits: 309
Reward: 48525.1729943 Total splits: 340 Good splits: 316
Reward: 50700.426458 Total splits: 336 Good splits: 318
Reward: 50386.1751016 Total splits: 336 Good splits: 317
Reward: 50254.0567252 Total splits: 355 Good splits: 328
Reward: 48807.4074035 Total splits: 350 Good splits: 326
Reward: 47770.0543969 Total splits: 348 Good splits: 328
Reward: 50418.987872 Total splits: 323 Good splits: 300
Reward: 49979.9450417 Total splits: 365 Good splits: 348
Reward: 49397.8734087 Total splits: 354 Good splits: 329

Results after 50 tests
Average total rewards : 49227.753454
Average total splits  : 348.64
Average good splits   : 326.34
Average good splits % : 93.6037173015

Reward: 50100.2253046 Total splits: 337 Good splits: 313
Reward: 47904.9309693 Total splits: 320 Good splits: 292
Reward: 48336.2025241 Total splits: 350 Good splits: 325
Reward: 49275.73395 Total splits: 371 Good splits: 342
Reward: 48075.8457948 Total splits: 366 Good splits: 337
Reward: 50676.1714901 Total splits: 325 Good splits: 307
Reward: 48750.0644099 Total splits: 332 Good splits: 311
Reward: 49676.0847581 Total splits: 328 Good splits: 315
Reward: 46264.4583928 Total splits: 356 Good splits: 337
Reward: 50298.427323 Total splits: 346 Good splits: 329
Reward: 50778.9324166 Total splits: 337 Good splits: 323
Reward: 48000.3976715 Total splits: 378 Good splits: 355
Reward: 44571.2290738 Total splits: 350 Good splits: 326
Reward: 46983.9452126 Total splits: 333 Good splits: 309
Reward: 48538.484455 Total splits: 351 Good splits: 328
Reward: 48944.2436998 Total splits: 347 Good splits: 333
Reward: 48310.1936336 Total splits: 334 Good splits: 309
Reward: 51079.185081 Total splits: 345 Good splits: 320
Reward: 51050.5572662 Total splits: 366 Good splits: 342
Reward: 46464.6442359 Total splits: 342 Good splits: 323
Reward: 47428.9647866 Total splits: 357 Good splits: 342
Reward: 48990.0272122 Total splits: 352 Good splits: 334
Reward: 49863.1530625 Total splits: 359 Good splits: 336
Reward: 45860.7800701 Total splits: 359 Good splits: 332
Reward: 50422.2008461 Total splits: 348 Good splits: 326
Reward: 47078.4918484 Total splits: 328 Good splits: 312
Reward: 49157.0871798 Total splits: 332 Good splits: 313
Reward: 47485.2511985 Total splits: 352 Good splits: 318
Reward: 47467.3400641 Total splits: 348 Good splits: 328
Reward: 48212.1690927 Total splits: 340 Good splits: 318
Reward: 50224.3595816 Total splits: 364 Good splits: 336
Reward: 50641.0036332 Total splits: 350 Good splits: 330
Reward: 49337.1442515 Total splits: 367 Good splits: 344
Reward: 47191.0305056 Total splits: 373 Good splits: 349
Reward: 47748.5634684 Total splits: 361 Good splits: 340
Reward: 50252.9580147 Total splits: 346 Good splits: 316
Reward: 49406.9219636 Total splits: 343 Good splits: 302
Reward: 48319.6427744 Total splits: 329 Good splits: 308
Reward: 49414.5760778 Total splits: 352 Good splits: 324
Reward: 49910.8272956 Total splits: 328 Good splits: 301
Reward: 50916.1000079 Total splits: 341 Good splits: 315
Reward: 48929.3285886 Total splits: 340 Good splits: 313
Reward: 51384.965521 Total splits: 359 Good splits: 335
Reward: 50913.0263615 Total splits: 343 Good splits: 322
Reward: 48626.4260908 Total splits: 341 Good splits: 327
Reward: 48669.5456973 Total splits: 362 Good splits: 333
Reward: 49342.0307213 Total splits: 364 Good splits: 347
Reward: 50561.8231089 Total splits: 349 Good splits: 336
Reward: 49093.2842136 Total splits: 332 Good splits: 304
Reward: 49816.4451719 Total splits: 350 Good splits: 328

Results after 50 tests
Average total rewards : 48934.9085215
Average total splits  : 347.66
Average good splits   : 324.9
Average good splits % : 93.4533739861

