Reward: 51059.8495954 Total splits: 336 Good splits: 309
Reward: 49943.6017183 Total splits: 366 Good splits: 342
Reward: 50520.6727579 Total splits: 358 Good splits: 328
Reward: 49687.0964692 Total splits: 374 Good splits: 348
Reward: 47924.0350876 Total splits: 351 Good splits: 330
Reward: 49641.6238873 Total splits: 323 Good splits: 298
Reward: 48505.3834607 Total splits: 356 Good splits: 339
Reward: 49047.6093303 Total splits: 335 Good splits: 308
Reward: 50388.8181344 Total splits: 380 Good splits: 356
Reward: 49238.8868942 Total splits: 354 Good splits: 332
Reward: 50349.9940143 Total splits: 325 Good splits: 308
Reward: 48843.9087608 Total splits: 353 Good splits: 328
Reward: 49678.802017 Total splits: 356 Good splits: 343
Reward: 50497.0858988 Total splits: 340 Good splits: 327
Reward: 47528.2528363 Total splits: 333 Good splits: 312
Reward: 49493.1474808 Total splits: 348 Good splits: 320
Reward: 48579.2731935 Total splits: 338 Good splits: 314
Reward: 48770.3926736 Total splits: 342 Good splits: 325
Reward: 49202.8868959 Total splits: 354 Good splits: 342
Reward: 48290.9476232 Total splits: 325 Good splits: 307
Reward: 49573.4364795 Total splits: 357 Good splits: 335
Reward: 46873.0582225 Total splits: 346 Good splits: 324
Reward: 47411.9052508 Total splits: 358 Good splits: 331
Reward: 49966.6238788 Total splits: 336 Good splits: 321
Reward: 48275.6065628 Total splits: 361 Good splits: 340
Reward: 48205.0405297 Total splits: 358 Good splits: 332
Reward: 46342.5102179 Total splits: 361 Good splits: 337
Reward: 47144.9756385 Total splits: 347 Good splits: 321
Reward: 48642.4818926 Total splits: 371 Good splits: 347
Reward: 49993.7360257 Total splits: 344 Good splits: 321
Reward: 50913.8539681 Total splits: 345 Good splits: 324
Reward: 49231.7540291 Total splits: 357 Good splits: 335
Reward: 49980.3943182 Total splits: 350 Good splits: 329
Reward: 50513.9818869 Total splits: 353 Good splits: 334
Reward: 47613.5006688 Total splits: 328 Good splits: 314
Reward: 47528.5492114 Total splits: 348 Good splits: 325
Reward: 47958.4139111 Total splits: 360 Good splits: 333
Reward: 50431.5062725 Total splits: 324 Good splits: 305
Reward: 49622.943619 Total splits: 352 Good splits: 318
Reward: 51126.3209922 Total splits: 343 Good splits: 327
Reward: 50304.3183476 Total splits: 370 Good splits: 345
Reward: 50596.7028874 Total splits: 337 Good splits: 314
Reward: 47247.2959088 Total splits: 332 Good splits: 307
Reward: 51524.1134519 Total splits: 369 Good splits: 344
Reward: 50668.6474358 Total splits: 335 Good splits: 308
Reward: 50432.6200547 Total splits: 346 Good splits: 324
Reward: 47740.6724742 Total splits: 339 Good splits: 320
Reward: 49155.4825577 Total splits: 350 Good splits: 333
Reward: 50283.6641909 Total splits: 358 Good splits: 330
Reward: 50559.0669563 Total splits: 349 Good splits: 325
Reward: 47633.552094 Total splits: 349 Good splits: 334
Reward: 50811.8230468 Total splits: 392 Good splits: 364
Reward: 47399.9651207 Total splits: 353 Good splits: 339
Reward: 49723.655115 Total splits: 353 Good splits: 329
Reward: 48980.4815891 Total splits: 371 Good splits: 341
Reward: 49702.3213314 Total splits: 344 Good splits: 323
Reward: 51256.2085181 Total splits: 378 Good splits: 363
Reward: 50879.7047392 Total splits: 347 Good splits: 312
Reward: 50547.3203921 Total splits: 343 Good splits: 309
Reward: 48060.0025109 Total splits: 341 Good splits: 311
Reward: 49583.2458507 Total splits: 332 Good splits: 314
Reward: 49603.1691426 Total splits: 348 Good splits: 316
Reward: 50260.6743117 Total splits: 343 Good splits: 318
Reward: 49889.7802942 Total splits: 336 Good splits: 311
Reward: 48759.3569518 Total splits: 356 Good splits: 328
Reward: 49195.6562055 Total splits: 349 Good splits: 328
Reward: 50246.8710392 Total splits: 341 Good splits: 318
Reward: 46223.892336 Total splits: 349 Good splits: 329
Reward: 46002.9572655 Total splits: 365 Good splits: 344
Reward: 48920.107968 Total splits: 372 Good splits: 343
Reward: 49388.0129157 Total splits: 374 Good splits: 339
Reward: 49932.8485282 Total splits: 361 Good splits: 335
Reward: 47822.6469017 Total splits: 360 Good splits: 333
Reward: 47884.7959733 Total splits: 335 Good splits: 316
Reward: 49915.2520631 Total splits: 315 Good splits: 296
Reward: 48903.4403441 Total splits: 328 Good splits: 312
Reward: 49909.2385646 Total splits: 346 Good splits: 324
Reward: 50287.7990802 Total splits: 364 Good splits: 326
Reward: 49382.5478364 Total splits: 356 Good splits: 343
Reward: 45949.6637962 Total splits: 340 Good splits: 322
Reward: 49122.7842012 Total splits: 332 Good splits: 309
Reward: 48124.3261539 Total splits: 340 Good splits: 318
Reward: 49292.8502601 Total splits: 343 Good splits: 315
Reward: 48045.0848292 Total splits: 347 Good splits: 319
Reward: 47730.4576897 Total splits: 349 Good splits: 322
Reward: 48825.8087693 Total splits: 348 Good splits: 324
Reward: 50420.7175642 Total splits: 337 Good splits: 313
Reward: 50186.1414777 Total splits: 376 Good splits: 357
Reward: 48751.5679033 Total splits: 339 Good splits: 308
Reward: 49659.953949 Total splits: 361 Good splits: 335
Reward: 48910.6438212 Total splits: 352 Good splits: 334
Reward: 48296.1716078 Total splits: 320 Good splits: 296
Reward: 49932.5175959 Total splits: 353 Good splits: 333
Reward: 47186.073771 Total splits: 358 Good splits: 328
Reward: 50065.9696403 Total splits: 335 Good splits: 311
Reward: 48880.900885 Total splits: 359 Good splits: 339
Reward: 49540.147842 Total splits: 357 Good splits: 336
Reward: 50120.0493513 Total splits: 365 Good splits: 347
Reward: 50051.7180024 Total splits: 336 Good splits: 320
Reward: 47635.7915111 Total splits: 351 Good splits: 329

Results after 100 tests
Average total rewards : 49168.9211522
Average total splits  : 349.3
Average good splits   : 326.32
Average good splits % : 93.4211279702

Reward: 47271.2976773 Total splits: 363 Good splits: 341
Reward: 50503.0226619 Total splits: 350 Good splits: 333
Reward: 51233.2492339 Total splits: 349 Good splits: 322
Reward: 50679.0753528 Total splits: 382 Good splits: 350
Reward: 48970.3481753 Total splits: 337 Good splits: 318
Reward: 49095.4528321 Total splits: 343 Good splits: 311
Reward: 45077.9908775 Total splits: 356 Good splits: 332
Reward: 50471.9625992 Total splits: 344 Good splits: 322
Reward: 49927.9181793 Total splits: 344 Good splits: 328
Reward: 49962.3826629 Total splits: 325 Good splits: 305
Reward: 42657.3367705 Total splits: 356 Good splits: 335
Reward: 50663.6887294 Total splits: 356 Good splits: 341
Reward: 49960.4671956 Total splits: 349 Good splits: 328
Reward: 51276.4997439 Total splits: 370 Good splits: 351
Reward: 50474.5854679 Total splits: 350 Good splits: 329
Reward: 46591.7712346 Total splits: 337 Good splits: 317
Reward: 46707.7288281 Total splits: 349 Good splits: 327
Reward: 46417.7985438 Total splits: 355 Good splits: 336
Reward: 48619.6967604 Total splits: 349 Good splits: 320
Reward: 49500.3144822 Total splits: 354 Good splits: 329
Reward: 49243.9225231 Total splits: 362 Good splits: 338
Reward: 49871.591234 Total splits: 358 Good splits: 340
Reward: 50589.2604827 Total splits: 354 Good splits: 335
Reward: 47019.250525 Total splits: 343 Good splits: 328
Reward: 50528.4311552 Total splits: 358 Good splits: 334
Reward: 48977.5706858 Total splits: 358 Good splits: 335
Reward: 48048.9167704 Total splits: 344 Good splits: 321
Reward: 48498.8013205 Total splits: 331 Good splits: 309
Reward: 45887.7152038 Total splits: 349 Good splits: 326
Reward: 48165.8792065 Total splits: 351 Good splits: 325
Reward: 49882.5594078 Total splits: 338 Good splits: 308
Reward: 50023.5903816 Total splits: 341 Good splits: 328
Reward: 49446.5306771 Total splits: 327 Good splits: 306
Reward: 50011.7314103 Total splits: 340 Good splits: 313
Reward: 49734.7366309 Total splits: 359 Good splits: 332
Reward: 49480.5375595 Total splits: 334 Good splits: 307
Reward: 48812.1924055 Total splits: 361 Good splits: 338
Reward: 47130.0596889 Total splits: 355 Good splits: 331
Reward: 49114.1136743 Total splits: 326 Good splits: 299
Reward: 49504.1185909 Total splits: 359 Good splits: 332
Reward: 50431.0602318 Total splits: 352 Good splits: 331
Reward: 46136.7177404 Total splits: 338 Good splits: 321
Reward: 45779.5447883 Total splits: 350 Good splits: 329
Reward: 50167.9935636 Total splits: 333 Good splits: 309
Reward: 50514.2567796 Total splits: 347 Good splits: 322
Reward: 48505.2910027 Total splits: 347 Good splits: 324
Reward: 48812.9532567 Total splits: 345 Good splits: 331
Reward: 47662.3399047 Total splits: 361 Good splits: 328
Reward: 49384.9401142 Total splits: 357 Good splits: 327
Reward: 47984.6232985 Total splits: 333 Good splits: 305
Reward: 52029.2090128 Total splits: 365 Good splits: 348
Reward: 45374.3252425 Total splits: 349 Good splits: 330
Reward: 50076.8119223 Total splits: 342 Good splits: 314
Reward: 50137.9730785 Total splits: 344 Good splits: 318
Reward: 48858.8600646 Total splits: 375 Good splits: 352
Reward: 48620.196336 Total splits: 343 Good splits: 317
Reward: 47587.2911757 Total splits: 358 Good splits: 332
Reward: 51034.0571518 Total splits: 336 Good splits: 311
Reward: 46829.9512688 Total splits: 344 Good splits: 322
Reward: 50846.4187858 Total splits: 358 Good splits: 329
Reward: 50240.7844341 Total splits: 363 Good splits: 347
Reward: 46831.9884659 Total splits: 354 Good splits: 336
Reward: 48919.9725096 Total splits: 321 Good splits: 300
Reward: 49785.7454896 Total splits: 351 Good splits: 320
Reward: 48743.4656532 Total splits: 325 Good splits: 313
Reward: 49201.9747115 Total splits: 355 Good splits: 339
Reward: 49042.9732706 Total splits: 343 Good splits: 310
Reward: 48276.1671599 Total splits: 364 Good splits: 344
Reward: 48150.6278719 Total splits: 340 Good splits: 309
Reward: 49601.3153238 Total splits: 347 Good splits: 328
Reward: 50257.0107893 Total splits: 342 Good splits: 317
Reward: 47310.4706921 Total splits: 336 Good splits: 311
Reward: 49390.4137572 Total splits: 352 Good splits: 330
Reward: 46621.8281787 Total splits: 355 Good splits: 327
Reward: 50201.5129186 Total splits: 362 Good splits: 334
Reward: 49649.5449231 Total splits: 361 Good splits: 338
Reward: 45222.4206337 Total splits: 334 Good splits: 311
Reward: 48028.5856058 Total splits: 356 Good splits: 335
Reward: 49534.5315559 Total splits: 341 Good splits: 313
Reward: 49830.203195 Total splits: 339 Good splits: 322
Reward: 49856.1884919 Total splits: 353 Good splits: 327
Reward: 47102.0143592 Total splits: 354 Good splits: 331
Reward: 49599.9427113 Total splits: 359 Good splits: 335
Reward: 49926.6064771 Total splits: 331 Good splits: 313
Reward: 48909.358998 Total splits: 355 Good splits: 335
Reward: 50698.1875683 Total splits: 378 Good splits: 356
Reward: 50880.2505098 Total splits: 340 Good splits: 311
Reward: 45925.6390678 Total splits: 361 Good splits: 328
Reward: 47225.8640863 Total splits: 348 Good splits: 328
Reward: 48384.0549838 Total splits: 352 Good splits: 327
Reward: 49434.4669293 Total splits: 354 Good splits: 326
Reward: 49674.5711758 Total splits: 365 Good splits: 341
Reward: 50321.1743377 Total splits: 351 Good splits: 323
Reward: 47976.1544442 Total splits: 332 Good splits: 301
Reward: 49534.8779499 Total splits: 336 Good splits: 307
Reward: 49911.9861327 Total splits: 332 Good splits: 310
Reward: 48905.2388746 Total splits: 339 Good splits: 315
Reward: 47755.6000169 Total splits: 347 Good splits: 321
Reward: 49510.6538759 Total splits: 368 Good splits: 349
Reward: 49597.8124313 Total splits: 350 Good splits: 325

Results after 100 tests
Average total rewards : 48887.8109282
Average total splits  : 348.89
Average good splits   : 325.53
Average good splits % : 93.304479922

