Reward: 51375.0814098 Total splits: 364 Good splits: 333
Reward: 51347.4605242 Total splits: 350 Good splits: 327
Reward: 47327.9217312 Total splits: 341 Good splits: 317
Reward: 48347.3489696 Total splits: 343 Good splits: 314
Reward: 48208.6710038 Total splits: 365 Good splits: 340
Reward: 47813.385284 Total splits: 360 Good splits: 334
Reward: 47772.9286633 Total splits: 343 Good splits: 314
Reward: 50302.1677165 Total splits: 373 Good splits: 347
Reward: 48652.5506706 Total splits: 361 Good splits: 333
Reward: 49175.4503213 Total splits: 350 Good splits: 331
Reward: 47635.7824611 Total splits: 340 Good splits: 320
Reward: 48639.1839152 Total splits: 350 Good splits: 334
Reward: 46998.832681 Total splits: 357 Good splits: 326
Reward: 49137.599255 Total splits: 344 Good splits: 321
Reward: 48219.8925007 Total splits: 329 Good splits: 312
Reward: 50453.6722905 Total splits: 344 Good splits: 316
Reward: 47723.3034695 Total splits: 377 Good splits: 344
Reward: 51318.7318194 Total splits: 344 Good splits: 327
Reward: 48041.4282129 Total splits: 337 Good splits: 317
Reward: 49719.0916897 Total splits: 327 Good splits: 304
Reward: 48273.3727807 Total splits: 327 Good splits: 310
Reward: 49177.7625928 Total splits: 377 Good splits: 340
Reward: 51015.8015761 Total splits: 378 Good splits: 342
Reward: 49835.6942562 Total splits: 357 Good splits: 341
Reward: 48676.524557 Total splits: 341 Good splits: 327
Reward: 50225.793101 Total splits: 321 Good splits: 300
Reward: 47713.3251635 Total splits: 343 Good splits: 317
Reward: 50269.3845273 Total splits: 336 Good splits: 311
Reward: 49999.0000942 Total splits: 342 Good splits: 319
Reward: 50453.0373477 Total splits: 356 Good splits: 340
Reward: 50250.0805502 Total splits: 355 Good splits: 328
Reward: 48960.1182746 Total splits: 363 Good splits: 335
Reward: 50250.5509118 Total splits: 359 Good splits: 335
Reward: 49560.9224608 Total splits: 354 Good splits: 321
Reward: 48267.2458843 Total splits: 342 Good splits: 322
Reward: 49779.060603 Total splits: 324 Good splits: 301
Reward: 50289.9712533 Total splits: 352 Good splits: 327
Reward: 48007.5899663 Total splits: 350 Good splits: 330
Reward: 50525.3327255 Total splits: 383 Good splits: 361
Reward: 50204.4626641 Total splits: 338 Good splits: 322
Reward: 48568.906542 Total splits: 341 Good splits: 323
Reward: 49190.5030761 Total splits: 349 Good splits: 326
Reward: 50507.9719867 Total splits: 341 Good splits: 307
Reward: 50548.4354818 Total splits: 335 Good splits: 316
Reward: 49238.6506196 Total splits: 334 Good splits: 310
Reward: 47091.4575621 Total splits: 359 Good splits: 333
Reward: 49329.516755 Total splits: 333 Good splits: 312
Reward: 49310.099106 Total splits: 347 Good splits: 323
Reward: 50392.1024209 Total splits: 373 Good splits: 345
Reward: 50197.7849934 Total splits: 339 Good splits: 314
Reward: 48277.7676199 Total splits: 354 Good splits: 328
Reward: 50675.2254255 Total splits: 360 Good splits: 336
Reward: 48505.6361843 Total splits: 367 Good splits: 323
Reward: 49297.3716171 Total splits: 360 Good splits: 341
Reward: 46959.7791595 Total splits: 364 Good splits: 342
Reward: 46899.1887328 Total splits: 350 Good splits: 327
Reward: 43848.3406042 Total splits: 340 Good splits: 316
Reward: 46020.5226226 Total splits: 323 Good splits: 300
Reward: 49718.2659583 Total splits: 355 Good splits: 338
Reward: 46416.6359879 Total splits: 357 Good splits: 336
Reward: 48887.7872518 Total splits: 374 Good splits: 345
Reward: 48202.0647283 Total splits: 329 Good splits: 306
Reward: 51357.4503897 Total splits: 369 Good splits: 342
Reward: 50769.981779 Total splits: 331 Good splits: 310
Reward: 48280.1544661 Total splits: 341 Good splits: 311
Reward: 49846.2141061 Total splits: 346 Good splits: 322
Reward: 47494.9619515 Total splits: 361 Good splits: 331
Reward: 45030.7274104 Total splits: 377 Good splits: 355
Reward: 48932.8307977 Total splits: 370 Good splits: 339
Reward: 50012.1830075 Total splits: 362 Good splits: 336
Reward: 50080.0029167 Total splits: 336 Good splits: 311
Reward: 49990.4053849 Total splits: 340 Good splits: 313
Reward: 50109.995521 Total splits: 356 Good splits: 333
Reward: 49856.1313077 Total splits: 339 Good splits: 320
Reward: 49537.6431256 Total splits: 337 Good splits: 319
Reward: 49945.4199902 Total splits: 353 Good splits: 333
Reward: 49971.1197298 Total splits: 331 Good splits: 303
Reward: 49999.4690771 Total splits: 352 Good splits: 325
Reward: 49102.4044119 Total splits: 359 Good splits: 333
Reward: 48805.3843674 Total splits: 345 Good splits: 312
Reward: 48870.2595484 Total splits: 334 Good splits: 304
Reward: 49579.8091498 Total splits: 341 Good splits: 318
Reward: 50691.4442265 Total splits: 355 Good splits: 336
Reward: 50440.2403037 Total splits: 340 Good splits: 314
Reward: 50102.4223797 Total splits: 347 Good splits: 332
Reward: 51071.8005799 Total splits: 339 Good splits: 319
Reward: 50028.9452991 Total splits: 359 Good splits: 335
Reward: 50618.9994682 Total splits: 348 Good splits: 316
Reward: 49769.3515462 Total splits: 342 Good splits: 321
Reward: 50431.8314982 Total splits: 340 Good splits: 319
Reward: 44798.5462248 Total splits: 369 Good splits: 347
Reward: 48339.8790827 Total splits: 378 Good splits: 353
Reward: 50490.4943084 Total splits: 366 Good splits: 345
Reward: 48607.6921297 Total splits: 360 Good splits: 334
Reward: 49510.1895275 Total splits: 349 Good splits: 311
Reward: 49036.2463943 Total splits: 382 Good splits: 361
Reward: 50897.6813753 Total splits: 349 Good splits: 326
Reward: 49468.4026395 Total splits: 348 Good splits: 336
Reward: 48748.5921891 Total splits: 364 Good splits: 341
Reward: 50196.1673157 Total splits: 347 Good splits: 329

Results after 100 tests
Average total rewards : 49188.5100524
Average total splits  : 350.43
Average good splits   : 326.32
Average good splits % : 93.1198812887

Reward: 49028.2796942 Total splits: 332 Good splits: 314
Reward: 47610.029376 Total splits: 322 Good splits: 295
Reward: 50263.0335696 Total splits: 340 Good splits: 318
Reward: 44738.4148364 Total splits: 327 Good splits: 303
Reward: 49334.5976578 Total splits: 386 Good splits: 357
Reward: 50373.2050833 Total splits: 347 Good splits: 330
Reward: 48904.7313321 Total splits: 352 Good splits: 326
Reward: 50751.7548689 Total splits: 337 Good splits: 308
Reward: 46891.231675 Total splits: 351 Good splits: 323
Reward: 49361.9000894 Total splits: 354 Good splits: 333
Reward: 45374.2351438 Total splits: 331 Good splits: 310
Reward: 46889.8006695 Total splits: 347 Good splits: 326
Reward: 49998.535031 Total splits: 331 Good splits: 316
Reward: 49427.6435693 Total splits: 377 Good splits: 357
Reward: 50287.1518589 Total splits: 352 Good splits: 327
Reward: 49282.608566 Total splits: 330 Good splits: 304
Reward: 49762.0187815 Total splits: 346 Good splits: 322
Reward: 49498.4839442 Total splits: 345 Good splits: 317
Reward: 50007.1109733 Total splits: 359 Good splits: 331
Reward: 50062.2346159 Total splits: 358 Good splits: 337
Reward: 48488.5291267 Total splits: 343 Good splits: 317
Reward: 49996.6050102 Total splits: 364 Good splits: 342
Reward: 51090.9488122 Total splits: 348 Good splits: 336
Reward: 49604.3008473 Total splits: 334 Good splits: 316
Reward: 49830.0255734 Total splits: 356 Good splits: 331
Reward: 49642.4389973 Total splits: 344 Good splits: 312
Reward: 47077.9034208 Total splits: 374 Good splits: 358
Reward: 49812.3378705 Total splits: 367 Good splits: 343
Reward: 50603.6310719 Total splits: 342 Good splits: 321
Reward: 50353.1132695 Total splits: 381 Good splits: 357
Reward: 50582.0366186 Total splits: 344 Good splits: 325
Reward: 47996.9691458 Total splits: 364 Good splits: 336
Reward: 49628.9395456 Total splits: 356 Good splits: 327
Reward: 46935.9940688 Total splits: 324 Good splits: 306
Reward: 47069.1139519 Total splits: 344 Good splits: 319
Reward: 50586.3270315 Total splits: 346 Good splits: 332
Reward: 50115.2577368 Total splits: 364 Good splits: 338
Reward: 49371.543239 Total splits: 366 Good splits: 344
Reward: 46156.3093535 Total splits: 328 Good splits: 301
Reward: 49200.4974661 Total splits: 347 Good splits: 330
Reward: 49855.6189999 Total splits: 342 Good splits: 320
Reward: 49976.8065969 Total splits: 334 Good splits: 300
Reward: 48463.889279 Total splits: 348 Good splits: 324
Reward: 48618.7338737 Total splits: 389 Good splits: 351
Reward: 49142.3762112 Total splits: 332 Good splits: 307
Reward: 50369.6414864 Total splits: 357 Good splits: 328
Reward: 49064.5101974 Total splits: 354 Good splits: 331
Reward: 49132.2705308 Total splits: 370 Good splits: 343
Reward: 49245.2943756 Total splits: 350 Good splits: 333
Reward: 48951.0119366 Total splits: 333 Good splits: 311
Reward: 48846.9683704 Total splits: 353 Good splits: 328
Reward: 47378.4539303 Total splits: 344 Good splits: 324
Reward: 45673.7019092 Total splits: 341 Good splits: 321
Reward: 51112.2758256 Total splits: 329 Good splits: 310
Reward: 50016.7342383 Total splits: 339 Good splits: 312
Reward: 49867.3442621 Total splits: 346 Good splits: 320
Reward: 46884.1839333 Total splits: 358 Good splits: 339
Reward: 48552.117833 Total splits: 353 Good splits: 329
Reward: 49468.1556652 Total splits: 344 Good splits: 321
Reward: 50004.6841483 Total splits: 338 Good splits: 313
Reward: 46587.4017024 Total splits: 340 Good splits: 327
Reward: 46855.9378828 Total splits: 351 Good splits: 326
Reward: 48118.5863207 Total splits: 346 Good splits: 325
Reward: 50878.7941456 Total splits: 365 Good splits: 335
Reward: 47655.6164851 Total splits: 362 Good splits: 337
Reward: 50027.2585553 Total splits: 356 Good splits: 332
Reward: 47843.6017887 Total splits: 333 Good splits: 312
Reward: 49787.0976422 Total splits: 360 Good splits: 337
Reward: 49460.5464747 Total splits: 332 Good splits: 324
Reward: 50749.1028296 Total splits: 358 Good splits: 333
Reward: 50112.7111136 Total splits: 371 Good splits: 344
Reward: 50902.1468705 Total splits: 348 Good splits: 320
Reward: 48026.6381466 Total splits: 345 Good splits: 317
Reward: 50266.2016894 Total splits: 361 Good splits: 342
Reward: 51356.6810492 Total splits: 329 Good splits: 283
Reward: 50783.4455216 Total splits: 358 Good splits: 335
Reward: 50439.8005312 Total splits: 351 Good splits: 327
Reward: 50961.0183708 Total splits: 340 Good splits: 322
Reward: 47382.0012172 Total splits: 351 Good splits: 324
Reward: 49815.8997682 Total splits: 363 Good splits: 336
Reward: 48521.0554023 Total splits: 337 Good splits: 309
Reward: 51138.8376064 Total splits: 341 Good splits: 315
Reward: 49779.4097551 Total splits: 348 Good splits: 327
Reward: 50518.715355 Total splits: 345 Good splits: 314
Reward: 49772.4990079 Total splits: 354 Good splits: 333
Reward: 49294.1619272 Total splits: 363 Good splits: 333
Reward: 49124.86123 Total splits: 351 Good splits: 326
Reward: 51871.7275683 Total splits: 350 Good splits: 330
Reward: 47107.8018697 Total splits: 302 Good splits: 285
Reward: 50997.0269497 Total splits: 379 Good splits: 358
Reward: 49203.434961 Total splits: 362 Good splits: 341
Reward: 50560.0103455 Total splits: 348 Good splits: 323
Reward: 50839.8200545 Total splits: 360 Good splits: 332
Reward: 48648.2580606 Total splits: 363 Good splits: 334
Reward: 48165.6389211 Total splits: 354 Good splits: 327
Reward: 47376.8109007 Total splits: 329 Good splits: 310
Reward: 49765.152816 Total splits: 367 Good splits: 345
Reward: 50977.514963 Total splits: 366 Good splits: 342
Reward: 48712.9971889 Total splits: 361 Good splits: 336
Reward: 45122.5302447 Total splits: 351 Good splits: 338

Results after 100 tests
Average total rewards : 49181.2335033
Average total splits  : 349.65
Average good splits   : 326.06
Average good splits % : 93.2532532533

