Reward: 45350.0085107 Total splits: 338 Good splits: 311
Reward: 49187.8229613 Total splits: 316 Good splits: 291
Reward: 47390.6403128 Total splits: 346 Good splits: 319
Reward: 47438.9835976 Total splits: 359 Good splits: 339
Reward: 48376.341075 Total splits: 356 Good splits: 343
Reward: 48650.7146236 Total splits: 335 Good splits: 311
Reward: 49606.9812338 Total splits: 342 Good splits: 319
Reward: 48161.2626139 Total splits: 352 Good splits: 332
Reward: 48013.4306366 Total splits: 325 Good splits: 306
Reward: 49318.6494646 Total splits: 352 Good splits: 334
Reward: 48351.2313203 Total splits: 352 Good splits: 325
Reward: 49755.2708368 Total splits: 358 Good splits: 340
Reward: 48571.3799818 Total splits: 344 Good splits: 328
Reward: 46723.5311826 Total splits: 352 Good splits: 322
Reward: 49853.743115 Total splits: 335 Good splits: 302
Reward: 51070.2676688 Total splits: 347 Good splits: 322
Reward: 46271.6926398 Total splits: 353 Good splits: 331
Reward: 46793.4656454 Total splits: 362 Good splits: 342
Reward: 49121.4819283 Total splits: 319 Good splits: 301
Reward: 47109.6180756 Total splits: 348 Good splits: 326
Reward: 48923.6103316 Total splits: 335 Good splits: 312
Reward: 49762.0068719 Total splits: 355 Good splits: 329
Reward: 51364.6612449 Total splits: 352 Good splits: 325
Reward: 46460.7138146 Total splits: 336 Good splits: 318
Reward: 46750.1193165 Total splits: 333 Good splits: 316
Reward: 48699.3015909 Total splits: 329 Good splits: 313
Reward: 48045.0781252 Total splits: 365 Good splits: 343
Reward: 47015.4289949 Total splits: 359 Good splits: 342
Reward: 50272.2728425 Total splits: 342 Good splits: 323
Reward: 50847.8099116 Total splits: 356 Good splits: 334
Reward: 46773.5047565 Total splits: 366 Good splits: 336
Reward: 49039.5596166 Total splits: 373 Good splits: 354
Reward: 46208.9205306 Total splits: 326 Good splits: 307
Reward: 49041.6805316 Total splits: 359 Good splits: 340
Reward: 50100.6075959 Total splits: 371 Good splits: 348
Reward: 49018.5002613 Total splits: 349 Good splits: 325
Reward: 42900.3123047 Total splits: 332 Good splits: 316
Reward: 47086.1044723 Total splits: 316 Good splits: 299
Reward: 47277.7064605 Total splits: 372 Good splits: 359
Reward: 48991.9016393 Total splits: 344 Good splits: 320
Reward: 49141.64252 Total splits: 354 Good splits: 327
Reward: 47743.7818424 Total splits: 352 Good splits: 334
Reward: 49500.903483 Total splits: 345 Good splits: 316
Reward: 46828.2448108 Total splits: 348 Good splits: 325
Reward: 49295.5337996 Total splits: 342 Good splits: 325
Reward: 49610.3277262 Total splits: 358 Good splits: 345
Reward: 46992.0915109 Total splits: 343 Good splits: 323
Reward: 50981.2268817 Total splits: 348 Good splits: 316
Reward: 47067.4084799 Total splits: 343 Good splits: 321
Reward: 49551.8679546 Total splits: 370 Good splits: 344
Reward: 48222.8852251 Total splits: 342 Good splits: 315
Reward: 49524.3345546 Total splits: 323 Good splits: 314
Reward: 47463.8752851 Total splits: 356 Good splits: 343
Reward: 46539.9576121 Total splits: 360 Good splits: 340
Reward: 49625.2280705 Total splits: 362 Good splits: 332
Reward: 48828.7894158 Total splits: 336 Good splits: 323
Reward: 46130.0883565 Total splits: 362 Good splits: 342
Reward: 45793.7872102 Total splits: 345 Good splits: 332
Reward: 47648.0756439 Total splits: 354 Good splits: 324
Reward: 49419.8528373 Total splits: 348 Good splits: 328
Reward: 49062.3807098 Total splits: 365 Good splits: 340
Reward: 49083.4276887 Total splits: 362 Good splits: 345
Reward: 49944.4535809 Total splits: 358 Good splits: 338
Reward: 49338.7084587 Total splits: 344 Good splits: 322
Reward: 47201.5874932 Total splits: 327 Good splits: 300
Reward: 47373.0366908 Total splits: 345 Good splits: 324
Reward: 43829.2179066 Total splits: 348 Good splits: 325
Reward: 50347.3610398 Total splits: 342 Good splits: 319
Reward: 47615.4910364 Total splits: 342 Good splits: 318
Reward: 49284.4980793 Total splits: 325 Good splits: 308
Reward: 47790.9331473 Total splits: 361 Good splits: 333
Reward: 50713.4522937 Total splits: 353 Good splits: 327
Reward: 50440.7122156 Total splits: 347 Good splits: 324
Reward: 47603.5013127 Total splits: 355 Good splits: 327
Reward: 48451.828228 Total splits: 359 Good splits: 339
Reward: 49039.5139086 Total splits: 320 Good splits: 303
Reward: 49704.2606537 Total splits: 337 Good splits: 312
Reward: 50948.4613544 Total splits: 366 Good splits: 342
Reward: 49814.7999928 Total splits: 346 Good splits: 331
Reward: 49125.5821673 Total splits: 353 Good splits: 326
Reward: 49661.6844567 Total splits: 340 Good splits: 321
Reward: 49543.7045031 Total splits: 362 Good splits: 344
Reward: 48792.9282343 Total splits: 353 Good splits: 324
Reward: 49558.3207386 Total splits: 342 Good splits: 320
Reward: 50003.060135 Total splits: 348 Good splits: 331
Reward: 47776.9432025 Total splits: 371 Good splits: 344
Reward: 49380.983789 Total splits: 362 Good splits: 345
Reward: 49491.1092324 Total splits: 352 Good splits: 336
Reward: 48147.0356282 Total splits: 331 Good splits: 308
Reward: 47612.8767046 Total splits: 321 Good splits: 301
Reward: 47537.5980199 Total splits: 344 Good splits: 330
Reward: 46458.1007033 Total splits: 334 Good splits: 315
Reward: 47444.6041568 Total splits: 365 Good splits: 349
Reward: 49537.3907467 Total splits: 352 Good splits: 323
Reward: 48350.0561746 Total splits: 352 Good splits: 327
Reward: 50867.2957519 Total splits: 367 Good splits: 347
Reward: 50217.877117 Total splits: 335 Good splits: 320
Reward: 49052.9785369 Total splits: 333 Good splits: 318
Reward: 49345.1754012 Total splits: 339 Good splits: 315
Reward: 49713.3395561 Total splits: 334 Good splits: 306

Results after 100 tests
Average total rewards : 48508.1249261
Average total splits  : 347.44
Average good splits   : 325.99
Average good splits % : 93.8262721621

Reward: 49302.4111028 Total splits: 345 Good splits: 321
Reward: 48257.4014998 Total splits: 310 Good splits: 290
Reward: 49652.5772125 Total splits: 353 Good splits: 329
Reward: 47228.9264707 Total splits: 360 Good splits: 349
Reward: 46989.6922995 Total splits: 334 Good splits: 322
Reward: 48046.8456537 Total splits: 350 Good splits: 329
Reward: 44474.2112066 Total splits: 343 Good splits: 321
Reward: 49087.8993727 Total splits: 336 Good splits: 323
Reward: 48911.3806862 Total splits: 343 Good splits: 321
Reward: 43698.2717816 Total splits: 362 Good splits: 339
Reward: 43800.6959145 Total splits: 348 Good splits: 326
Reward: 49546.7384437 Total splits: 357 Good splits: 334
Reward: 48267.1520287 Total splits: 348 Good splits: 322
Reward: 47223.9473849 Total splits: 354 Good splits: 333
Reward: 47505.7251956 Total splits: 344 Good splits: 326
Reward: 46617.6978092 Total splits: 340 Good splits: 318
Reward: 50670.7374346 Total splits: 337 Good splits: 311
Reward: 47460.0761392 Total splits: 351 Good splits: 326
Reward: 49197.6620783 Total splits: 356 Good splits: 343
Reward: 44135.5813681 Total splits: 346 Good splits: 325
Reward: 49031.3531889 Total splits: 340 Good splits: 316
Reward: 48526.7623604 Total splits: 363 Good splits: 345
Reward: 47717.3799916 Total splits: 359 Good splits: 341
Reward: 45446.1847203 Total splits: 323 Good splits: 302
Reward: 47641.9774105 Total splits: 373 Good splits: 354
Reward: 51246.2245019 Total splits: 341 Good splits: 321
Reward: 47655.080263 Total splits: 362 Good splits: 343
Reward: 50427.3095586 Total splits: 358 Good splits: 326
Reward: 49963.6738029 Total splits: 351 Good splits: 329
Reward: 48746.4266225 Total splits: 321 Good splits: 297
Reward: 46545.025474 Total splits: 322 Good splits: 306
Reward: 48058.5295824 Total splits: 337 Good splits: 322
Reward: 48698.9403541 Total splits: 349 Good splits: 332
Reward: 48216.2486215 Total splits: 325 Good splits: 305
Reward: 49071.9613482 Total splits: 356 Good splits: 333
Reward: 51221.6991052 Total splits: 348 Good splits: 330
Reward: 49175.1585777 Total splits: 358 Good splits: 338
Reward: 46065.8520949 Total splits: 342 Good splits: 325
Reward: 50126.3423409 Total splits: 343 Good splits: 326
Reward: 46786.7294795 Total splits: 337 Good splits: 315
Reward: 47786.5645612 Total splits: 327 Good splits: 308
Reward: 49036.4641847 Total splits: 372 Good splits: 352
Reward: 48731.6352 Total splits: 342 Good splits: 323
Reward: 48754.7513912 Total splits: 324 Good splits: 303
Reward: 49511.9739432 Total splits: 321 Good splits: 297
Reward: 47281.9097906 Total splits: 349 Good splits: 325
Reward: 47777.6418887 Total splits: 361 Good splits: 346
Reward: 47388.3521603 Total splits: 344 Good splits: 321
Reward: 49317.2505633 Total splits: 352 Good splits: 327
Reward: 45739.4192731 Total splits: 360 Good splits: 345
Reward: 47152.9660622 Total splits: 338 Good splits: 320
Reward: 48238.8142473 Total splits: 356 Good splits: 339
Reward: 51268.5320452 Total splits: 350 Good splits: 321
Reward: 48101.507441 Total splits: 346 Good splits: 311
Reward: 48307.6056228 Total splits: 346 Good splits: 327
Reward: 50332.6912321 Total splits: 350 Good splits: 322
Reward: 48715.7051044 Total splits: 338 Good splits: 323
Reward: 49940.1938012 Total splits: 346 Good splits: 322
Reward: 48301.5225291 Total splits: 346 Good splits: 328
Reward: 49601.0008069 Total splits: 342 Good splits: 327
Reward: 49254.5621557 Total splits: 361 Good splits: 338
Reward: 48740.3279177 Total splits: 354 Good splits: 333
Reward: 49278.7184378 Total splits: 363 Good splits: 331
Reward: 50239.8608929 Total splits: 340 Good splits: 321
Reward: 49374.2894395 Total splits: 306 Good splits: 284
Reward: 47585.105618 Total splits: 365 Good splits: 346
Reward: 48571.8876416 Total splits: 337 Good splits: 324
Reward: 48789.2670069 Total splits: 361 Good splits: 346
Reward: 49096.9385134 Total splits: 347 Good splits: 324
Reward: 47583.5426686 Total splits: 351 Good splits: 334
Reward: 46836.4912913 Total splits: 336 Good splits: 311
Reward: 45157.0616786 Total splits: 346 Good splits: 319
Reward: 50857.8608461 Total splits: 342 Good splits: 323
Reward: 48446.1291218 Total splits: 353 Good splits: 335
Reward: 47257.3324505 Total splits: 342 Good splits: 310
Reward: 48812.5019331 Total splits: 345 Good splits: 321
Reward: 49517.2550491 Total splits: 344 Good splits: 317
Reward: 49254.1045167 Total splits: 353 Good splits: 334
Reward: 48250.7691748 Total splits: 333 Good splits: 310
Reward: 45542.2109092 Total splits: 337 Good splits: 329
Reward: 45723.0392401 Total splits: 333 Good splits: 315
Reward: 50434.7769251 Total splits: 363 Good splits: 342
Reward: 49917.3858693 Total splits: 339 Good splits: 323
Reward: 47164.4797509 Total splits: 329 Good splits: 312
Reward: 48406.7770539 Total splits: 352 Good splits: 332
Reward: 49354.4933495 Total splits: 355 Good splits: 324
Reward: 49287.5911036 Total splits: 340 Good splits: 320
Reward: 49969.6494941 Total splits: 348 Good splits: 318
Reward: 49643.9132387 Total splits: 367 Good splits: 348
Reward: 50281.3004514 Total splits: 341 Good splits: 313
Reward: 47277.9356992 Total splits: 339 Good splits: 310
Reward: 50851.4448092 Total splits: 360 Good splits: 333
Reward: 49749.675563 Total splits: 357 Good splits: 334
Reward: 43809.8892813 Total splits: 347 Good splits: 322
Reward: 48883.9297394 Total splits: 337 Good splits: 327
Reward: 49391.8994574 Total splits: 342 Good splits: 324
Reward: 47450.6238624 Total splits: 345 Good splits: 321
Reward: 46530.5145744 Total splits: 347 Good splits: 327
Reward: 48454.614811 Total splits: 350 Good splits: 329
Reward: 47785.3870327 Total splits: 343 Good splits: 323

Results after 100 tests
Average total rewards : 48305.465309
Average total splits  : 345.85
Average good splits   : 324.88
Average good splits % : 93.9366777505

