Reward: 48525.0281682 Total splits: 355 Good splits: 330
Reward: 48365.6333492 Total splits: 344 Good splits: 319
Reward: 49065.955548 Total splits: 351 Good splits: 326
Reward: 46168.9237347 Total splits: 363 Good splits: 339
Reward: 49061.035184 Total splits: 352 Good splits: 325
Reward: 50194.1631028 Total splits: 365 Good splits: 335
Reward: 51337.4453057 Total splits: 366 Good splits: 344
Reward: 49405.1312347 Total splits: 358 Good splits: 331
Reward: 50234.6822457 Total splits: 348 Good splits: 326
Reward: 48224.7650456 Total splits: 343 Good splits: 331
Reward: 48406.7815893 Total splits: 365 Good splits: 337
Reward: 50228.0240941 Total splits: 370 Good splits: 345
Reward: 48083.8863098 Total splits: 383 Good splits: 359
Reward: 49018.7710832 Total splits: 358 Good splits: 342
Reward: 49562.8540246 Total splits: 321 Good splits: 291
Reward: 47924.4075586 Total splits: 358 Good splits: 334
Reward: 48878.0552078 Total splits: 325 Good splits: 306
Reward: 45493.8442661 Total splits: 334 Good splits: 312
Reward: 48974.4479329 Total splits: 342 Good splits: 322
Reward: 48676.0735288 Total splits: 344 Good splits: 327
Reward: 50904.9792119 Total splits: 353 Good splits: 335
Reward: 51044.5008424 Total splits: 367 Good splits: 340
Reward: 48260.4578409 Total splits: 362 Good splits: 340
Reward: 48543.5776085 Total splits: 343 Good splits: 318
Reward: 49350.9450386 Total splits: 330 Good splits: 304
Reward: 49155.5622048 Total splits: 340 Good splits: 320
Reward: 48175.0550199 Total splits: 373 Good splits: 350
Reward: 50567.4364683 Total splits: 361 Good splits: 333
Reward: 45293.83034 Total splits: 350 Good splits: 319
Reward: 49228.5103082 Total splits: 387 Good splits: 366
Reward: 49502.4235655 Total splits: 362 Good splits: 338
Reward: 50901.6639301 Total splits: 347 Good splits: 327
Reward: 47859.8034157 Total splits: 353 Good splits: 337
Reward: 50670.7807625 Total splits: 360 Good splits: 330
Reward: 49731.6571726 Total splits: 370 Good splits: 335
Reward: 48337.1117431 Total splits: 346 Good splits: 310
Reward: 49754.8413594 Total splits: 317 Good splits: 299
Reward: 50341.7899312 Total splits: 350 Good splits: 337
Reward: 49067.9040252 Total splits: 349 Good splits: 323
Reward: 49713.3444904 Total splits: 360 Good splits: 338
Reward: 50411.5331006 Total splits: 336 Good splits: 319
Reward: 48016.079749 Total splits: 342 Good splits: 319
Reward: 47487.7816975 Total splits: 337 Good splits: 304
Reward: 49823.3434729 Total splits: 358 Good splits: 336
Reward: 48731.3280719 Total splits: 374 Good splits: 347
Reward: 48932.0957595 Total splits: 353 Good splits: 327
Reward: 47961.2545902 Total splits: 321 Good splits: 297
Reward: 49872.7912729 Total splits: 345 Good splits: 318
Reward: 49289.278333 Total splits: 372 Good splits: 352
Reward: 49787.3347791 Total splits: 366 Good splits: 343
Reward: 50486.1749761 Total splits: 387 Good splits: 364
Reward: 47431.3484993 Total splits: 375 Good splits: 354
Reward: 48297.8361607 Total splits: 360 Good splits: 340
Reward: 45675.05973 Total splits: 369 Good splits: 349
Reward: 49801.9687856 Total splits: 368 Good splits: 344
Reward: 49887.6103384 Total splits: 360 Good splits: 334
Reward: 49144.8755349 Total splits: 344 Good splits: 318
Reward: 49535.5020755 Total splits: 364 Good splits: 345
Reward: 47398.0582659 Total splits: 339 Good splits: 315
Reward: 49623.3627135 Total splits: 362 Good splits: 335
Reward: 49437.3557161 Total splits: 360 Good splits: 330
Reward: 47112.138358 Total splits: 351 Good splits: 326
Reward: 49953.5994647 Total splits: 343 Good splits: 310
Reward: 48455.3226755 Total splits: 337 Good splits: 317
Reward: 48885.1518723 Total splits: 352 Good splits: 326
Reward: 47883.3963161 Total splits: 392 Good splits: 351
Reward: 50615.3420898 Total splits: 345 Good splits: 325
Reward: 50187.0503367 Total splits: 354 Good splits: 320
Reward: 47568.7868144 Total splits: 347 Good splits: 323
Reward: 50024.5959453 Total splits: 350 Good splits: 327
Reward: 43470.3323208 Total splits: 343 Good splits: 319
Reward: 48168.2953205 Total splits: 334 Good splits: 306
Reward: 48259.6900845 Total splits: 368 Good splits: 341
Reward: 46416.357508 Total splits: 369 Good splits: 348
Reward: 51289.644088 Total splits: 366 Good splits: 338
Reward: 49991.5262463 Total splits: 337 Good splits: 310
Reward: 48795.5171816 Total splits: 339 Good splits: 315
Reward: 50618.2430839 Total splits: 349 Good splits: 325
Reward: 47983.6228152 Total splits: 346 Good splits: 330
Reward: 50161.6780424 Total splits: 343 Good splits: 315
Reward: 48080.3908461 Total splits: 345 Good splits: 322
Reward: 51210.3790885 Total splits: 371 Good splits: 344
Reward: 50751.0055094 Total splits: 343 Good splits: 319
Reward: 48092.2816856 Total splits: 347 Good splits: 329
Reward: 50680.8835599 Total splits: 365 Good splits: 347
Reward: 50314.0272843 Total splits: 348 Good splits: 335
Reward: 48958.4231521 Total splits: 344 Good splits: 318
Reward: 46689.9750878 Total splits: 351 Good splits: 333
Reward: 49917.065536 Total splits: 347 Good splits: 322
Reward: 49715.4302691 Total splits: 355 Good splits: 324
Reward: 48782.0595828 Total splits: 327 Good splits: 307
Reward: 49055.6117229 Total splits: 349 Good splits: 324
Reward: 51331.4348577 Total splits: 374 Good splits: 352
Reward: 49387.8994107 Total splits: 339 Good splits: 311
Reward: 50006.5548067 Total splits: 375 Good splits: 352
Reward: 46000.633576 Total splits: 360 Good splits: 340
Reward: 47918.6609351 Total splits: 375 Good splits: 353
Reward: 50734.3567604 Total splits: 368 Good splits: 334
Reward: 50215.6031358 Total splits: 339 Good splits: 315
Reward: 49083.6564351 Total splits: 344 Good splits: 320

Results after 100 tests
Average total rewards : 49020.3468122
Average total splits  : 353.48
Average good splits   : 329.43
Average good splits % : 93.1962204368

Reward: 50069.1244805 Total splits: 331 Good splits: 311
Reward: 49146.815343 Total splits: 344 Good splits: 319
Reward: 49799.3493505 Total splits: 351 Good splits: 325
Reward: 48316.1383818 Total splits: 366 Good splits: 328
Reward: 49164.1159976 Total splits: 381 Good splits: 362
Reward: 47068.4782228 Total splits: 356 Good splits: 333
Reward: 50612.8620032 Total splits: 348 Good splits: 334
Reward: 48131.7420252 Total splits: 318 Good splits: 292
Reward: 49314.7666658 Total splits: 341 Good splits: 311
Reward: 50075.6089359 Total splits: 362 Good splits: 332
Reward: 48306.3973559 Total splits: 332 Good splits: 316
Reward: 48544.6686292 Total splits: 358 Good splits: 327
Reward: 45071.9738544 Total splits: 346 Good splits: 329
Reward: 49363.7453501 Total splits: 332 Good splits: 310
Reward: 47272.2897153 Total splits: 318 Good splits: 287
Reward: 49646.2305255 Total splits: 356 Good splits: 336
Reward: 46172.440694 Total splits: 375 Good splits: 353
Reward: 44629.4498655 Total splits: 347 Good splits: 323
Reward: 51453.0147997 Total splits: 350 Good splits: 322
Reward: 50216.7667048 Total splits: 346 Good splits: 321
Reward: 46792.4846254 Total splits: 365 Good splits: 334
Reward: 48328.3849463 Total splits: 345 Good splits: 321
Reward: 48232.2506769 Total splits: 343 Good splits: 321
Reward: 49122.6310002 Total splits: 340 Good splits: 316
Reward: 49606.7871636 Total splits: 335 Good splits: 317
Reward: 50950.3484663 Total splits: 339 Good splits: 317
Reward: 48550.7253479 Total splits: 344 Good splits: 321
Reward: 50916.5400785 Total splits: 328 Good splits: 312
Reward: 49607.1683867 Total splits: 368 Good splits: 350
Reward: 49883.6381697 Total splits: 333 Good splits: 311
Reward: 49963.6234496 Total splits: 373 Good splits: 347
Reward: 49851.7436154 Total splits: 354 Good splits: 327
Reward: 50688.8067975 Total splits: 375 Good splits: 347
Reward: 49176.4244249 Total splits: 359 Good splits: 337
Reward: 48535.2955572 Total splits: 342 Good splits: 318
Reward: 50125.5372925 Total splits: 357 Good splits: 329
Reward: 48684.7099438 Total splits: 351 Good splits: 332
Reward: 51220.5192574 Total splits: 368 Good splits: 348
Reward: 51291.6796057 Total splits: 373 Good splits: 342
Reward: 50438.9244877 Total splits: 323 Good splits: 303
Reward: 47914.5834759 Total splits: 347 Good splits: 305
Reward: 50892.5482604 Total splits: 351 Good splits: 317
Reward: 49182.5462837 Total splits: 338 Good splits: 308
Reward: 48790.598819 Total splits: 332 Good splits: 296
Reward: 49965.2010539 Total splits: 365 Good splits: 338
Reward: 46540.6195175 Total splits: 346 Good splits: 319
Reward: 48079.114442 Total splits: 337 Good splits: 311
Reward: 49919.8032001 Total splits: 354 Good splits: 333
Reward: 50874.0440753 Total splits: 347 Good splits: 323
Reward: 47862.5979127 Total splits: 349 Good splits: 324
Reward: 48043.4254033 Total splits: 363 Good splits: 338
Reward: 47766.1918482 Total splits: 331 Good splits: 303
Reward: 49391.8607897 Total splits: 352 Good splits: 327
Reward: 49141.5392567 Total splits: 370 Good splits: 344
Reward: 50421.7561763 Total splits: 353 Good splits: 337
Reward: 49100.341732 Total splits: 349 Good splits: 311
Reward: 51143.3217157 Total splits: 348 Good splits: 326
Reward: 51469.7639557 Total splits: 342 Good splits: 309
Reward: 51007.3718052 Total splits: 346 Good splits: 317
Reward: 49918.2459668 Total splits: 362 Good splits: 343
Reward: 50376.4433973 Total splits: 365 Good splits: 330
Reward: 49437.853769 Total splits: 347 Good splits: 325
Reward: 49506.5633678 Total splits: 379 Good splits: 348
Reward: 46192.138349 Total splits: 338 Good splits: 320
Reward: 50181.5041718 Total splits: 357 Good splits: 338
Reward: 48338.0197883 Total splits: 355 Good splits: 323
Reward: 49589.0430411 Total splits: 370 Good splits: 351
Reward: 49616.0354487 Total splits: 349 Good splits: 313
Reward: 49206.5640425 Total splits: 339 Good splits: 321
Reward: 48492.465133 Total splits: 353 Good splits: 327
Reward: 49895.4685532 Total splits: 355 Good splits: 330
Reward: 48573.5280742 Total splits: 369 Good splits: 342
Reward: 50828.5193593 Total splits: 369 Good splits: 335
Reward: 51108.7783991 Total splits: 377 Good splits: 346
Reward: 50413.7121947 Total splits: 362 Good splits: 335
Reward: 51252.4378723 Total splits: 364 Good splits: 340
Reward: 49640.6972222 Total splits: 338 Good splits: 310
Reward: 48796.1649913 Total splits: 333 Good splits: 317
Reward: 49533.90275 Total splits: 343 Good splits: 314
Reward: 47595.5023559 Total splits: 346 Good splits: 321
Reward: 48205.4602253 Total splits: 340 Good splits: 323
Reward: 46490.5438105 Total splits: 349 Good splits: 320
Reward: 49247.2819455 Total splits: 356 Good splits: 335
Reward: 50787.8866483 Total splits: 354 Good splits: 332
Reward: 48491.7608418 Total splits: 338 Good splits: 311
Reward: 50379.152768 Total splits: 355 Good splits: 329
Reward: 49674.1671892 Total splits: 367 Good splits: 341
Reward: 50379.8755786 Total splits: 356 Good splits: 332
Reward: 49774.6873335 Total splits: 383 Good splits: 349
Reward: 50726.2456863 Total splits: 318 Good splits: 298
Reward: 50786.686383 Total splits: 350 Good splits: 319
Reward: 47264.2632451 Total splits: 353 Good splits: 322
Reward: 48750.1966328 Total splits: 340 Good splits: 312
Reward: 50569.9957324 Total splits: 357 Good splits: 331
Reward: 50292.1070966 Total splits: 350 Good splits: 321
Reward: 49049.3882924 Total splits: 338 Good splits: 314
Reward: 47062.2924411 Total splits: 358 Good splits: 337
Reward: 49911.8219757 Total splits: 379 Good splits: 353
Reward: 49789.4507187 Total splits: 334 Good splits: 310
Reward: 49010.6314912 Total splits: 359 Good splits: 333

Results after 100 tests
Average total rewards : 49269.889162
Average total splits  : 350.97
Average good splits   : 325.58
Average good splits % : 92.7657634556

