Reward: 49585.6451061 Total splits: 365 Good splits: 338
Reward: 49800.1327236 Total splits: 339 Good splits: 323
Reward: 49899.8341804 Total splits: 362 Good splits: 346
Reward: 47070.4443226 Total splits: 341 Good splits: 323
Reward: 48730.5895461 Total splits: 351 Good splits: 336
Reward: 49203.1811906 Total splits: 342 Good splits: 322
Reward: 48118.255566 Total splits: 368 Good splits: 353
Reward: 48834.5124656 Total splits: 356 Good splits: 334
Reward: 49522.3777666 Total splits: 343 Good splits: 323
Reward: 47173.887226 Total splits: 352 Good splits: 335
Reward: 49011.201434 Total splits: 362 Good splits: 345
Reward: 46892.3320783 Total splits: 352 Good splits: 335
Reward: 46831.8534718 Total splits: 348 Good splits: 320
Reward: 48574.2828454 Total splits: 368 Good splits: 345
Reward: 46529.084155 Total splits: 360 Good splits: 330
Reward: 45671.8089618 Total splits: 342 Good splits: 326
Reward: 49321.4905545 Total splits: 352 Good splits: 333
Reward: 47018.032065 Total splits: 360 Good splits: 329
Reward: 47368.1285667 Total splits: 336 Good splits: 309
Reward: 48173.8863451 Total splits: 361 Good splits: 343
Reward: 48494.0588378 Total splits: 343 Good splits: 327
Reward: 45532.8738885 Total splits: 336 Good splits: 315
Reward: 51048.0760577 Total splits: 359 Good splits: 341
Reward: 50414.3985594 Total splits: 364 Good splits: 348
Reward: 45185.1787639 Total splits: 355 Good splits: 338
Reward: 48901.415401 Total splits: 355 Good splits: 336
Reward: 45897.2282052 Total splits: 352 Good splits: 337
Reward: 48175.7833543 Total splits: 345 Good splits: 327
Reward: 47104.727123 Total splits: 350 Good splits: 330
Reward: 46991.5991189 Total splits: 344 Good splits: 318
Reward: 47734.5217817 Total splits: 353 Good splits: 325
Reward: 48485.8333606 Total splits: 333 Good splits: 305
Reward: 45771.4261389 Total splits: 348 Good splits: 327
Reward: 46678.5505198 Total splits: 356 Good splits: 335
Reward: 48393.1112133 Total splits: 352 Good splits: 338
Reward: 48332.0572836 Total splits: 354 Good splits: 332
Reward: 45088.7814388 Total splits: 336 Good splits: 309
Reward: 48146.7494857 Total splits: 360 Good splits: 339
Reward: 49193.5337791 Total splits: 349 Good splits: 332
Reward: 47212.4132086 Total splits: 343 Good splits: 323
Reward: 47194.5426887 Total splits: 353 Good splits: 334
Reward: 45320.2325645 Total splits: 359 Good splits: 337
Reward: 48074.3746098 Total splits: 347 Good splits: 328
Reward: 49200.6681285 Total splits: 330 Good splits: 309
Reward: 48977.7311129 Total splits: 364 Good splits: 350
Reward: 47770.3878435 Total splits: 342 Good splits: 329
Reward: 48350.4613307 Total splits: 358 Good splits: 335
Reward: 47192.6740439 Total splits: 357 Good splits: 337
Reward: 48748.3704087 Total splits: 336 Good splits: 316
Reward: 49051.552005 Total splits: 361 Good splits: 341
Reward: 46026.5598766 Total splits: 366 Good splits: 344
Reward: 49889.2360988 Total splits: 351 Good splits: 326
Reward: 47606.0002526 Total splits: 366 Good splits: 347
Reward: 47807.3476531 Total splits: 358 Good splits: 338
Reward: 47923.632549 Total splits: 337 Good splits: 323
Reward: 44140.6956809 Total splits: 338 Good splits: 321
Reward: 50591.708513 Total splits: 358 Good splits: 338
Reward: 48976.8730514 Total splits: 359 Good splits: 335
Reward: 48410.7065319 Total splits: 352 Good splits: 334
Reward: 48889.7657632 Total splits: 334 Good splits: 315
Reward: 48106.8816383 Total splits: 342 Good splits: 317
Reward: 45675.7720577 Total splits: 359 Good splits: 344
Reward: 47435.4959166 Total splits: 366 Good splits: 342
Reward: 47382.7643077 Total splits: 362 Good splits: 348
Reward: 47637.6202696 Total splits: 349 Good splits: 332
Reward: 50524.3779543 Total splits: 333 Good splits: 311
Reward: 44144.8053483 Total splits: 344 Good splits: 323
Reward: 48372.3601021 Total splits: 364 Good splits: 345
Reward: 48528.6388925 Total splits: 362 Good splits: 351
Reward: 47949.7768942 Total splits: 336 Good splits: 316
Reward: 49132.4248027 Total splits: 332 Good splits: 315
Reward: 47048.6256232 Total splits: 354 Good splits: 338
Reward: 48583.6055896 Total splits: 349 Good splits: 329
Reward: 48533.9326094 Total splits: 360 Good splits: 335
Reward: 46822.7771818 Total splits: 347 Good splits: 324
Reward: 44931.283462 Total splits: 331 Good splits: 309
Reward: 48516.5377574 Total splits: 354 Good splits: 321
Reward: 48191.4467029 Total splits: 338 Good splits: 313
Reward: 49730.748845 Total splits: 338 Good splits: 315
Reward: 49277.5040282 Total splits: 350 Good splits: 327
Reward: 46636.1276791 Total splits: 347 Good splits: 322
Reward: 48394.4452111 Total splits: 346 Good splits: 331
Reward: 42050.1997524 Total splits: 351 Good splits: 332
Reward: 46019.3527726 Total splits: 363 Good splits: 336
Reward: 47497.9497189 Total splits: 335 Good splits: 307
Reward: 48617.4115343 Total splits: 346 Good splits: 323
Reward: 48216.5399382 Total splits: 348 Good splits: 327
Reward: 47858.324049 Total splits: 346 Good splits: 331
Reward: 44501.7439603 Total splits: 341 Good splits: 320
Reward: 47818.4325543 Total splits: 351 Good splits: 335
Reward: 48873.5085996 Total splits: 342 Good splits: 323
Reward: 47313.4417663 Total splits: 339 Good splits: 318
Reward: 47388.2856705 Total splits: 332 Good splits: 311
Reward: 47233.0933625 Total splits: 360 Good splits: 339
Reward: 48616.9942442 Total splits: 335 Good splits: 313
Reward: 49602.3433956 Total splits: 378 Good splits: 354
Reward: 46945.8870999 Total splits: 360 Good splits: 343
Reward: 46431.8840464 Total splits: 356 Good splits: 334
Reward: 48513.6496945 Total splits: 343 Good splits: 331
Reward: 46745.7692323 Total splits: 353 Good splits: 339

Results after 100 tests
Average total rewards : 47780.5956306
Average total splits  : 350.15
Average good splits   : 329.91
Average good splits % : 94.2196201628

Reward: 47870.0497135 Total splits: 347 Good splits: 331
Reward: 49189.1168673 Total splits: 357 Good splits: 336
Reward: 47069.9394652 Total splits: 342 Good splits: 313
Reward: 48728.9112845 Total splits: 339 Good splits: 311
Reward: 47601.6721177 Total splits: 362 Good splits: 339
Reward: 44448.0674828 Total splits: 334 Good splits: 316
Reward: 47433.135364 Total splits: 358 Good splits: 339
Reward: 45781.321967 Total splits: 361 Good splits: 347
Reward: 48332.3488606 Total splits: 390 Good splits: 369
Reward: 49024.2629853 Total splits: 349 Good splits: 330
Reward: 47103.1905536 Total splits: 340 Good splits: 326
Reward: 47062.5314556 Total splits: 345 Good splits: 318
Reward: 48509.6018566 Total splits: 348 Good splits: 332
Reward: 48322.674601 Total splits: 338 Good splits: 315
Reward: 48435.5889587 Total splits: 353 Good splits: 333
Reward: 47243.9952585 Total splits: 361 Good splits: 339
Reward: 50164.8942209 Total splits: 361 Good splits: 345
Reward: 47053.7998588 Total splits: 336 Good splits: 312
Reward: 50764.4551531 Total splits: 338 Good splits: 323
Reward: 47519.4163955 Total splits: 351 Good splits: 338
Reward: 44732.1620439 Total splits: 331 Good splits: 315
Reward: 50357.3638256 Total splits: 386 Good splits: 357
Reward: 48989.2286348 Total splits: 373 Good splits: 351
Reward: 41222.8485074 Total splits: 361 Good splits: 343
Reward: 48864.0646614 Total splits: 346 Good splits: 323
Reward: 44805.7587792 Total splits: 335 Good splits: 308
Reward: 49466.9745265 Total splits: 333 Good splits: 311
Reward: 49557.618899 Total splits: 346 Good splits: 330
Reward: 48800.5066749 Total splits: 356 Good splits: 336
Reward: 47332.7225712 Total splits: 332 Good splits: 312
Reward: 47593.268611 Total splits: 361 Good splits: 346
Reward: 48973.8576748 Total splits: 337 Good splits: 321
Reward: 47528.3255873 Total splits: 325 Good splits: 306
Reward: 47202.4167383 Total splits: 336 Good splits: 316
Reward: 47328.7206513 Total splits: 352 Good splits: 334
Reward: 49840.9587814 Total splits: 354 Good splits: 339
Reward: 48240.6350739 Total splits: 339 Good splits: 319
Reward: 49374.9256265 Total splits: 371 Good splits: 338
Reward: 48715.4976136 Total splits: 349 Good splits: 330
Reward: 50624.9947811 Total splits: 328 Good splits: 298
Reward: 49413.83219 Total splits: 334 Good splits: 313
Reward: 47733.3449175 Total splits: 324 Good splits: 302
Reward: 49452.6049619 Total splits: 366 Good splits: 346
Reward: 50621.1790313 Total splits: 353 Good splits: 333
Reward: 49077.5622362 Total splits: 337 Good splits: 313
Reward: 47029.4484715 Total splits: 361 Good splits: 341
Reward: 47725.6669823 Total splits: 348 Good splits: 333
Reward: 45726.4665789 Total splits: 347 Good splits: 325
Reward: 49566.1309618 Total splits: 369 Good splits: 347
Reward: 45857.4700064 Total splits: 355 Good splits: 335
Reward: 47539.0044999 Total splits: 354 Good splits: 338
Reward: 48031.3698935 Total splits: 346 Good splits: 326
Reward: 46066.3950389 Total splits: 366 Good splits: 336
Reward: 49562.5300764 Total splits: 355 Good splits: 331
Reward: 48877.2619305 Total splits: 338 Good splits: 318
Reward: 47100.2264373 Total splits: 350 Good splits: 331
Reward: 47615.2248628 Total splits: 340 Good splits: 324
Reward: 47125.1782224 Total splits: 357 Good splits: 333
Reward: 47221.0573401 Total splits: 346 Good splits: 326
Reward: 46727.8838287 Total splits: 347 Good splits: 326
Reward: 48155.9698232 Total splits: 347 Good splits: 326
Reward: 48454.282369 Total splits: 347 Good splits: 322
Reward: 49004.2854388 Total splits: 345 Good splits: 324
Reward: 47387.2812494 Total splits: 354 Good splits: 336
Reward: 49784.5710349 Total splits: 375 Good splits: 358
Reward: 48186.6022291 Total splits: 368 Good splits: 343
Reward: 44725.7807175 Total splits: 311 Good splits: 291
Reward: 48672.6890678 Total splits: 349 Good splits: 324
Reward: 48417.2395852 Total splits: 353 Good splits: 333
Reward: 46786.373921 Total splits: 344 Good splits: 326
Reward: 46854.7024511 Total splits: 308 Good splits: 290
Reward: 47258.2950589 Total splits: 353 Good splits: 330
Reward: 48182.5854322 Total splits: 379 Good splits: 368
Reward: 47940.3792269 Total splits: 353 Good splits: 334
Reward: 48571.5673321 Total splits: 338 Good splits: 323
Reward: 45295.4348194 Total splits: 366 Good splits: 343
Reward: 47574.6273772 Total splits: 342 Good splits: 321
Reward: 49240.6829308 Total splits: 338 Good splits: 315
Reward: 45945.1653304 Total splits: 346 Good splits: 323
Reward: 45549.8509913 Total splits: 340 Good splits: 326
Reward: 47079.2114371 Total splits: 359 Good splits: 343
Reward: 46037.4210743 Total splits: 361 Good splits: 340
Reward: 47170.3604345 Total splits: 373 Good splits: 347
Reward: 48576.5550172 Total splits: 334 Good splits: 307
Reward: 47982.9225227 Total splits: 349 Good splits: 332
Reward: 47283.4602849 Total splits: 344 Good splits: 316
Reward: 45987.9011479 Total splits: 342 Good splits: 318
Reward: 47530.1650974 Total splits: 342 Good splits: 326
Reward: 48488.1565146 Total splits: 361 Good splits: 331
Reward: 49704.530878 Total splits: 334 Good splits: 319
Reward: 46448.7598591 Total splits: 346 Good splits: 330
Reward: 48293.3059028 Total splits: 339 Good splits: 318
Reward: 48018.2072626 Total splits: 325 Good splits: 300
Reward: 47315.2076024 Total splits: 353 Good splits: 334
Reward: 47380.5004041 Total splits: 349 Good splits: 331
Reward: 48811.3873121 Total splits: 336 Good splits: 309
Reward: 47392.4031515 Total splits: 338 Good splits: 320
Reward: 45028.720597 Total splits: 325 Good splits: 301
Reward: 49612.51705 Total splits: 349 Good splits: 327
Reward: 46208.8496823 Total splits: 356 Good splits: 339

Results after 100 tests
Average total rewards : 47776.2057277
Average total splits  : 348.25
Average good splits   : 327.66
Average good splits % : 94.0875807609

