Reward: 47921.825509 Total splits: 348 Good splits: 319
Reward: 49285.9678082 Total splits: 320 Good splits: 302
Reward: 49579.9064786 Total splits: 364 Good splits: 334
Reward: 50907.4586233 Total splits: 352 Good splits: 321
Reward: 46037.4441229 Total splits: 335 Good splits: 302
Reward: 50575.7346454 Total splits: 350 Good splits: 311
Reward: 47602.3189581 Total splits: 355 Good splits: 322
Reward: 50029.2687425 Total splits: 350 Good splits: 328
Reward: 49417.1458601 Total splits: 329 Good splits: 301
Reward: 49049.3683334 Total splits: 344 Good splits: 325
Reward: 47894.6528999 Total splits: 348 Good splits: 325
Reward: 50712.202954 Total splits: 377 Good splits: 350
Reward: 47415.2958622 Total splits: 339 Good splits: 316
Reward: 50046.2730906 Total splits: 356 Good splits: 335
Reward: 48872.6702329 Total splits: 347 Good splits: 324
Reward: 50867.556651 Total splits: 331 Good splits: 312
Reward: 47419.9112907 Total splits: 352 Good splits: 327
Reward: 49173.7703778 Total splits: 337 Good splits: 313
Reward: 47709.140953 Total splits: 319 Good splits: 302
Reward: 48065.6265932 Total splits: 356 Good splits: 329
Reward: 51384.50772 Total splits: 359 Good splits: 336
Reward: 49097.3445801 Total splits: 364 Good splits: 328
Reward: 49054.1155528 Total splits: 350 Good splits: 335
Reward: 49896.3636959 Total splits: 358 Good splits: 331
Reward: 48461.3234159 Total splits: 357 Good splits: 327
Reward: 50668.2055883 Total splits: 345 Good splits: 331
Reward: 50144.3824198 Total splits: 342 Good splits: 315
Reward: 46691.7215642 Total splits: 348 Good splits: 319
Reward: 47353.8800301 Total splits: 347 Good splits: 327
Reward: 47166.8780079 Total splits: 344 Good splits: 315
Reward: 49835.5685637 Total splits: 334 Good splits: 314
Reward: 49973.7509754 Total splits: 347 Good splits: 328
Reward: 50101.1399312 Total splits: 363 Good splits: 329
Reward: 48963.2127823 Total splits: 337 Good splits: 309
Reward: 48084.6843898 Total splits: 343 Good splits: 320
Reward: 46674.1752851 Total splits: 344 Good splits: 320
Reward: 47347.8802125 Total splits: 345 Good splits: 314
Reward: 48019.207546 Total splits: 373 Good splits: 340
Reward: 49732.8646344 Total splits: 341 Good splits: 316
Reward: 50511.2405028 Total splits: 335 Good splits: 309
Reward: 48183.7114302 Total splits: 354 Good splits: 327
Reward: 49376.6101185 Total splits: 348 Good splits: 320
Reward: 49930.8391024 Total splits: 346 Good splits: 326
Reward: 48475.2798826 Total splits: 372 Good splits: 339
Reward: 47923.3583661 Total splits: 379 Good splits: 356
Reward: 47135.4846646 Total splits: 344 Good splits: 324
Reward: 45440.2669232 Total splits: 355 Good splits: 328
Reward: 48992.2085776 Total splits: 351 Good splits: 331
Reward: 50265.0651105 Total splits: 357 Good splits: 330
Reward: 51004.4280154 Total splits: 371 Good splits: 351
Reward: 48550.9749964 Total splits: 312 Good splits: 297
Reward: 48032.9076729 Total splits: 340 Good splits: 315
Reward: 46827.9763279 Total splits: 332 Good splits: 308
Reward: 49560.519705 Total splits: 373 Good splits: 349
Reward: 50804.7354364 Total splits: 347 Good splits: 317
Reward: 47309.3840134 Total splits: 336 Good splits: 307
Reward: 50325.5966722 Total splits: 365 Good splits: 341
Reward: 48525.2684756 Total splits: 357 Good splits: 334
Reward: 48999.3143369 Total splits: 361 Good splits: 321
Reward: 49239.3991566 Total splits: 351 Good splits: 319
Reward: 46685.0903171 Total splits: 360 Good splits: 337
Reward: 48506.4772487 Total splits: 338 Good splits: 316
Reward: 49569.8663048 Total splits: 345 Good splits: 319
Reward: 51323.0406644 Total splits: 362 Good splits: 345
Reward: 45905.4315205 Total splits: 338 Good splits: 313
Reward: 48432.0025321 Total splits: 341 Good splits: 314
Reward: 50945.6203783 Total splits: 344 Good splits: 312
Reward: 47127.7247128 Total splits: 349 Good splits: 328
Reward: 51009.9768211 Total splits: 368 Good splits: 335
Reward: 43933.8192124 Total splits: 341 Good splits: 311
Reward: 49123.1815497 Total splits: 345 Good splits: 324
Reward: 46836.8306041 Total splits: 335 Good splits: 302
Reward: 48809.2395347 Total splits: 353 Good splits: 328
Reward: 49831.086024 Total splits: 337 Good splits: 321
Reward: 48783.9237813 Total splits: 353 Good splits: 323
Reward: 48796.2085519 Total splits: 362 Good splits: 338
Reward: 47539.2845628 Total splits: 354 Good splits: 332
Reward: 50247.0408301 Total splits: 351 Good splits: 322
Reward: 48029.4339712 Total splits: 337 Good splits: 320
Reward: 49797.8598722 Total splits: 338 Good splits: 320
Reward: 50823.3413374 Total splits: 351 Good splits: 331
Reward: 50868.6805396 Total splits: 355 Good splits: 329
Reward: 49638.476957 Total splits: 360 Good splits: 337
Reward: 48557.8151082 Total splits: 334 Good splits: 312
Reward: 46277.8626267 Total splits: 358 Good splits: 334
Reward: 48739.4868623 Total splits: 356 Good splits: 327
Reward: 47198.9581217 Total splits: 332 Good splits: 304
Reward: 48381.9313081 Total splits: 357 Good splits: 332
Reward: 51271.1191755 Total splits: 367 Good splits: 335
Reward: 49858.9641489 Total splits: 330 Good splits: 318
Reward: 47791.0663135 Total splits: 366 Good splits: 342
Reward: 49507.2332661 Total splits: 359 Good splits: 337
Reward: 48041.7266431 Total splits: 361 Good splits: 332
Reward: 50975.0190271 Total splits: 355 Good splits: 328
Reward: 48728.8581496 Total splits: 328 Good splits: 307
Reward: 49580.3200361 Total splits: 357 Good splits: 337
Reward: 51078.8024413 Total splits: 341 Good splits: 325
Reward: 48530.2607066 Total splits: 331 Good splits: 309
Reward: 48033.2843089 Total splits: 349 Good splits: 322
Reward: 49499.8543858 Total splits: 348 Good splits: 324

Results after 100 tests
Average total rewards : 48872.6551683
Average total splits  : 348.82
Average good splits   : 323.83
Average good splits % : 92.8358465684

Reward: 47643.8889916 Total splits: 353 Good splits: 328
Reward: 49233.6512715 Total splits: 361 Good splits: 338
Reward: 49970.3090625 Total splits: 320 Good splits: 296
Reward: 49985.366367 Total splits: 347 Good splits: 318
Reward: 48581.3914399 Total splits: 371 Good splits: 344
Reward: 47327.3845959 Total splits: 343 Good splits: 327
Reward: 50409.3665598 Total splits: 377 Good splits: 342
Reward: 49436.4133932 Total splits: 336 Good splits: 322
Reward: 46882.3239162 Total splits: 339 Good splits: 311
Reward: 49356.58051 Total splits: 378 Good splits: 347
Reward: 48558.6917151 Total splits: 347 Good splits: 325
Reward: 46757.1827881 Total splits: 345 Good splits: 325
Reward: 49704.6495983 Total splits: 332 Good splits: 317
Reward: 48014.2507709 Total splits: 325 Good splits: 302
Reward: 49453.1520492 Total splits: 340 Good splits: 315
Reward: 49199.6443447 Total splits: 353 Good splits: 312
Reward: 50108.5162811 Total splits: 337 Good splits: 312
Reward: 49723.0587115 Total splits: 340 Good splits: 307
Reward: 49979.6287278 Total splits: 365 Good splits: 345
Reward: 49697.2290158 Total splits: 340 Good splits: 311
Reward: 48788.8696147 Total splits: 341 Good splits: 325
Reward: 47935.635886 Total splits: 364 Good splits: 342
Reward: 49699.9026492 Total splits: 348 Good splits: 321
Reward: 48467.2637976 Total splits: 348 Good splits: 328
Reward: 42752.3725203 Total splits: 346 Good splits: 322
Reward: 50071.2417757 Total splits: 359 Good splits: 336
Reward: 46387.1364034 Total splits: 339 Good splits: 318
Reward: 48206.1617134 Total splits: 341 Good splits: 315
Reward: 48422.8698103 Total splits: 345 Good splits: 322
Reward: 46908.2180546 Total splits: 333 Good splits: 308
Reward: 48847.2053716 Total splits: 366 Good splits: 336
Reward: 50019.1468634 Total splits: 362 Good splits: 324
Reward: 50164.0628645 Total splits: 357 Good splits: 336
Reward: 42636.0383811 Total splits: 366 Good splits: 338
Reward: 51742.7261832 Total splits: 369 Good splits: 348
Reward: 50392.0945845 Total splits: 332 Good splits: 305
Reward: 50110.1663813 Total splits: 367 Good splits: 341
Reward: 48071.873646 Total splits: 350 Good splits: 326
Reward: 50249.1472916 Total splits: 353 Good splits: 328
Reward: 48748.2737644 Total splits: 366 Good splits: 346
Reward: 44071.3625145 Total splits: 352 Good splits: 327
Reward: 47351.7851784 Total splits: 359 Good splits: 332
Reward: 47361.5303068 Total splits: 325 Good splits: 309
Reward: 47783.973282 Total splits: 355 Good splits: 331
Reward: 48867.8146199 Total splits: 350 Good splits: 331
Reward: 51025.26059 Total splits: 350 Good splits: 332
Reward: 49478.6376226 Total splits: 351 Good splits: 326
Reward: 48681.6540466 Total splits: 363 Good splits: 345
Reward: 50561.451362 Total splits: 346 Good splits: 321
Reward: 49153.6787677 Total splits: 337 Good splits: 318
Reward: 48913.0702154 Total splits: 358 Good splits: 337
Reward: 50202.7699376 Total splits: 329 Good splits: 306
Reward: 49427.7594801 Total splits: 348 Good splits: 317
Reward: 49508.1955363 Total splits: 304 Good splits: 280
Reward: 48808.2370904 Total splits: 379 Good splits: 347
Reward: 48884.0555468 Total splits: 338 Good splits: 308
Reward: 49282.6654532 Total splits: 339 Good splits: 309
Reward: 49494.4583395 Total splits: 333 Good splits: 305
Reward: 51497.6512238 Total splits: 371 Good splits: 356
Reward: 48171.9794381 Total splits: 309 Good splits: 293
Reward: 50817.0711509 Total splits: 350 Good splits: 318
Reward: 49618.7554512 Total splits: 346 Good splits: 332
Reward: 49616.8114316 Total splits: 350 Good splits: 325
Reward: 51510.4900125 Total splits: 349 Good splits: 326
Reward: 47000.9281866 Total splits: 333 Good splits: 312
Reward: 47060.4034242 Total splits: 370 Good splits: 354
Reward: 49454.0385395 Total splits: 357 Good splits: 336
Reward: 49435.1743544 Total splits: 345 Good splits: 320
Reward: 50001.2826098 Total splits: 377 Good splits: 346
Reward: 50407.5999549 Total splits: 348 Good splits: 324
Reward: 49995.0115001 Total splits: 331 Good splits: 300
Reward: 49311.049677 Total splits: 334 Good splits: 310
Reward: 48997.6753657 Total splits: 368 Good splits: 348
Reward: 51177.4141582 Total splits: 373 Good splits: 346
Reward: 49441.1696884 Total splits: 350 Good splits: 336
Reward: 50295.2302011 Total splits: 348 Good splits: 322
Reward: 50415.3245598 Total splits: 370 Good splits: 351
Reward: 49929.9831757 Total splits: 345 Good splits: 321
Reward: 47847.3062082 Total splits: 348 Good splits: 338
Reward: 49041.7427419 Total splits: 358 Good splits: 325
Reward: 50665.474715 Total splits: 359 Good splits: 336
Reward: 49140.3149966 Total splits: 355 Good splits: 331
Reward: 48317.4806753 Total splits: 350 Good splits: 326
Reward: 49081.3294246 Total splits: 355 Good splits: 330
Reward: 51018.658379 Total splits: 373 Good splits: 352
Reward: 49986.6495609 Total splits: 359 Good splits: 340
Reward: 48178.5336411 Total splits: 337 Good splits: 314
Reward: 48341.8401426 Total splits: 336 Good splits: 318
Reward: 49526.9801731 Total splits: 350 Good splits: 321
Reward: 49463.4560794 Total splits: 357 Good splits: 335
Reward: 50050.1435997 Total splits: 348 Good splits: 326
Reward: 49285.9958195 Total splits: 364 Good splits: 340
Reward: 49086.2257267 Total splits: 352 Good splits: 331
Reward: 49539.6677296 Total splits: 356 Good splits: 331
Reward: 46434.3922406 Total splits: 367 Good splits: 349
Reward: 48971.7387731 Total splits: 348 Good splits: 322
Reward: 50362.2825698 Total splits: 340 Good splits: 317
Reward: 48220.0470346 Total splits: 348 Good splits: 325
Reward: 45113.529661 Total splits: 351 Good splits: 334
Reward: 45256.3761669 Total splits: 350 Good splits: 328

Results after 100 tests
Average total rewards : 48945.8665772
Average total splits  : 350.02
Average good splits   : 326.35
Average good splits % : 93.237529284

