Reward: 49852.5015873 Total splits: 341 Good splits: 317
Reward: 47550.8619593 Total splits: 341 Good splits: 327
Reward: 46229.502852 Total splits: 342 Good splits: 323
Reward: 44813.2630358 Total splits: 352 Good splits: 325
Reward: 48657.4480319 Total splits: 332 Good splits: 307
Reward: 46774.2578684 Total splits: 357 Good splits: 331
Reward: 50412.7721342 Total splits: 356 Good splits: 341
Reward: 48341.7683152 Total splits: 347 Good splits: 318
Reward: 48923.6568476 Total splits: 357 Good splits: 333
Reward: 49749.3454007 Total splits: 346 Good splits: 330
Reward: 48302.8628157 Total splits: 335 Good splits: 318
Reward: 45810.0735619 Total splits: 343 Good splits: 321
Reward: 49621.4474791 Total splits: 357 Good splits: 330
Reward: 49250.019309 Total splits: 340 Good splits: 309
Reward: 50608.8920429 Total splits: 356 Good splits: 329
Reward: 50459.9321016 Total splits: 371 Good splits: 352
Reward: 48959.6460394 Total splits: 366 Good splits: 347
Reward: 49552.968596 Total splits: 359 Good splits: 333
Reward: 50088.0342537 Total splits: 339 Good splits: 316
Reward: 46964.4419932 Total splits: 342 Good splits: 312
Reward: 48170.6175497 Total splits: 360 Good splits: 337
Reward: 46540.1447176 Total splits: 344 Good splits: 317
Reward: 50320.1282867 Total splits: 346 Good splits: 323
Reward: 48645.2618852 Total splits: 342 Good splits: 308
Reward: 50985.6811168 Total splits: 340 Good splits: 313
Reward: 49327.2046435 Total splits: 342 Good splits: 311
Reward: 46745.9811163 Total splits: 330 Good splits: 316
Reward: 49241.8672738 Total splits: 347 Good splits: 324
Reward: 49121.2801796 Total splits: 350 Good splits: 326
Reward: 49547.6488427 Total splits: 340 Good splits: 316
Reward: 49613.0309854 Total splits: 340 Good splits: 314
Reward: 48652.3969023 Total splits: 334 Good splits: 314
Reward: 46990.5411648 Total splits: 345 Good splits: 321
Reward: 48527.3864399 Total splits: 340 Good splits: 319
Reward: 49339.5091887 Total splits: 350 Good splits: 326
Reward: 47968.0032267 Total splits: 346 Good splits: 319
Reward: 49133.8334899 Total splits: 365 Good splits: 338
Reward: 49410.0966384 Total splits: 356 Good splits: 325
Reward: 48868.116508 Total splits: 343 Good splits: 318
Reward: 50243.80094 Total splits: 360 Good splits: 337
Reward: 48147.1982233 Total splits: 362 Good splits: 346
Reward: 49828.8583316 Total splits: 356 Good splits: 329
Reward: 49027.1779396 Total splits: 352 Good splits: 331
Reward: 47947.7576944 Total splits: 351 Good splits: 326
Reward: 48921.5762026 Total splits: 332 Good splits: 308
Reward: 50507.9334527 Total splits: 369 Good splits: 341
Reward: 49651.2181306 Total splits: 359 Good splits: 337
Reward: 50214.8439042 Total splits: 346 Good splits: 327
Reward: 46571.3904388 Total splits: 333 Good splits: 318
Reward: 44716.3957192 Total splits: 355 Good splits: 338
Reward: 49965.1247576 Total splits: 361 Good splits: 342
Reward: 50203.9624603 Total splits: 371 Good splits: 346
Reward: 49713.1552575 Total splits: 333 Good splits: 307
Reward: 48584.4061805 Total splits: 355 Good splits: 329
Reward: 50884.4724038 Total splits: 342 Good splits: 318
Reward: 47058.4333862 Total splits: 369 Good splits: 351
Reward: 48816.5873951 Total splits: 357 Good splits: 337
Reward: 48757.4850896 Total splits: 359 Good splits: 341
Reward: 47837.6260137 Total splits: 339 Good splits: 309
Reward: 50743.3332405 Total splits: 376 Good splits: 357
Reward: 48048.4958721 Total splits: 348 Good splits: 328
Reward: 48173.0234681 Total splits: 338 Good splits: 312
Reward: 47979.7387294 Total splits: 340 Good splits: 324
Reward: 47928.6097028 Total splits: 371 Good splits: 345
Reward: 50376.6105187 Total splits: 356 Good splits: 326
Reward: 47451.9630364 Total splits: 373 Good splits: 352
Reward: 48645.3939789 Total splits: 346 Good splits: 329
Reward: 48395.2095814 Total splits: 352 Good splits: 333
Reward: 49152.8440136 Total splits: 337 Good splits: 315
Reward: 46739.2550871 Total splits: 356 Good splits: 327
Reward: 49293.3617315 Total splits: 349 Good splits: 313
Reward: 51498.4163997 Total splits: 331 Good splits: 310
Reward: 49694.5890826 Total splits: 341 Good splits: 324
Reward: 50049.3428127 Total splits: 344 Good splits: 317
Reward: 50678.1242922 Total splits: 335 Good splits: 309
Reward: 48406.4557833 Total splits: 335 Good splits: 305
Reward: 47320.2506815 Total splits: 367 Good splits: 352
Reward: 48262.4291607 Total splits: 352 Good splits: 330
Reward: 47556.3256977 Total splits: 348 Good splits: 316
Reward: 50504.2727452 Total splits: 356 Good splits: 325
Reward: 50833.4755435 Total splits: 367 Good splits: 338
Reward: 49009.5759565 Total splits: 350 Good splits: 334
Reward: 49477.7851276 Total splits: 339 Good splits: 325
Reward: 50901.3756279 Total splits: 387 Good splits: 362
Reward: 47276.4193054 Total splits: 352 Good splits: 329
Reward: 50025.6195029 Total splits: 347 Good splits: 321
Reward: 46919.1651121 Total splits: 359 Good splits: 339
Reward: 49629.8399418 Total splits: 362 Good splits: 328
Reward: 50824.7163865 Total splits: 358 Good splits: 332
Reward: 48683.7937042 Total splits: 336 Good splits: 319
Reward: 48048.0675488 Total splits: 339 Good splits: 305
Reward: 47956.3473429 Total splits: 351 Good splits: 328
Reward: 46738.9342278 Total splits: 330 Good splits: 317
Reward: 50356.6629812 Total splits: 376 Good splits: 348
Reward: 47072.3807128 Total splits: 343 Good splits: 325
Reward: 49616.8922206 Total splits: 350 Good splits: 336
Reward: 49834.8595972 Total splits: 340 Good splits: 314
Reward: 49509.4045999 Total splits: 358 Good splits: 346
Reward: 49734.4467965 Total splits: 360 Good splits: 332
Reward: 47642.4538719 Total splits: 353 Good splits: 337

Results after 100 tests
Average total rewards : 48826.6209203
Average total splits  : 350.08
Average good splits   : 326.86
Average good splits % : 93.3672303473

Reward: 45727.0017188 Total splits: 343 Good splits: 324
Reward: 47805.1391187 Total splits: 343 Good splits: 319
Reward: 49657.6420082 Total splits: 364 Good splits: 335
Reward: 48623.0496476 Total splits: 344 Good splits: 329
Reward: 49834.9309516 Total splits: 356 Good splits: 330
Reward: 50368.1846079 Total splits: 359 Good splits: 340
Reward: 47368.5255237 Total splits: 349 Good splits: 327
Reward: 49685.5678588 Total splits: 370 Good splits: 351
Reward: 49775.1389182 Total splits: 345 Good splits: 320
Reward: 49893.8343659 Total splits: 346 Good splits: 331
Reward: 49151.0991049 Total splits: 324 Good splits: 305
Reward: 50641.5883173 Total splits: 341 Good splits: 324
Reward: 50428.6019246 Total splits: 371 Good splits: 347
Reward: 44253.2123884 Total splits: 358 Good splits: 335
Reward: 49151.9159628 Total splits: 341 Good splits: 326
Reward: 49223.4820704 Total splits: 347 Good splits: 322
Reward: 47512.6089403 Total splits: 360 Good splits: 344
Reward: 50115.9391618 Total splits: 339 Good splits: 314
Reward: 50810.226894 Total splits: 368 Good splits: 345
Reward: 48024.5896969 Total splits: 336 Good splits: 303
Reward: 49121.8878404 Total splits: 358 Good splits: 326
Reward: 48484.0488562 Total splits: 347 Good splits: 337
Reward: 48880.9031274 Total splits: 352 Good splits: 327
Reward: 47214.6191888 Total splits: 337 Good splits: 314
Reward: 50166.0216672 Total splits: 339 Good splits: 313
Reward: 50860.5625532 Total splits: 351 Good splits: 337
Reward: 46849.8011212 Total splits: 340 Good splits: 325
Reward: 49551.300599 Total splits: 337 Good splits: 311
Reward: 49983.158385 Total splits: 363 Good splits: 340
Reward: 49064.2111458 Total splits: 355 Good splits: 337
Reward: 49073.9784396 Total splits: 340 Good splits: 328
Reward: 49384.0562161 Total splits: 339 Good splits: 312
Reward: 48167.1869024 Total splits: 336 Good splits: 318
Reward: 48445.9691223 Total splits: 335 Good splits: 309
Reward: 49859.3377095 Total splits: 356 Good splits: 334
Reward: 49413.1385561 Total splits: 342 Good splits: 318
Reward: 50484.172116 Total splits: 351 Good splits: 325
Reward: 45587.8777532 Total splits: 362 Good splits: 340
Reward: 49338.5507931 Total splits: 352 Good splits: 329
Reward: 50288.4089267 Total splits: 380 Good splits: 361
Reward: 49766.339721 Total splits: 344 Good splits: 327
Reward: 50034.2677258 Total splits: 355 Good splits: 328
Reward: 50802.7791632 Total splits: 340 Good splits: 320
Reward: 44785.2768909 Total splits: 331 Good splits: 313
Reward: 46246.5987098 Total splits: 332 Good splits: 312
Reward: 50062.2955532 Total splits: 362 Good splits: 340
Reward: 50021.7942224 Total splits: 347 Good splits: 314
Reward: 49699.3181899 Total splits: 348 Good splits: 322
Reward: 49219.1614478 Total splits: 337 Good splits: 322
Reward: 46370.5042299 Total splits: 339 Good splits: 317
Reward: 50109.4228739 Total splits: 323 Good splits: 303
Reward: 47628.3479882 Total splits: 356 Good splits: 327
Reward: 51213.4435639 Total splits: 350 Good splits: 327
Reward: 50533.2036841 Total splits: 355 Good splits: 330
Reward: 50337.7904003 Total splits: 335 Good splits: 308
Reward: 48681.6992371 Total splits: 347 Good splits: 336
Reward: 48513.8514068 Total splits: 348 Good splits: 326
Reward: 48783.8768674 Total splits: 343 Good splits: 313
Reward: 49994.3584331 Total splits: 334 Good splits: 310
Reward: 48573.4803769 Total splits: 349 Good splits: 326
Reward: 48866.1450837 Total splits: 340 Good splits: 318
Reward: 48637.3436806 Total splits: 365 Good splits: 348
Reward: 48432.1863123 Total splits: 335 Good splits: 309
Reward: 50125.8542089 Total splits: 347 Good splits: 328
Reward: 49285.6451005 Total splits: 345 Good splits: 324
Reward: 49975.8566415 Total splits: 355 Good splits: 331
Reward: 48829.2188782 Total splits: 353 Good splits: 328
Reward: 49441.3804551 Total splits: 345 Good splits: 331
Reward: 48238.2004587 Total splits: 349 Good splits: 333
Reward: 51143.7648029 Total splits: 354 Good splits: 328
Reward: 50800.819857 Total splits: 348 Good splits: 328
Reward: 47234.3317283 Total splits: 359 Good splits: 334
Reward: 47887.3000352 Total splits: 363 Good splits: 338
Reward: 47375.0823067 Total splits: 360 Good splits: 336
Reward: 47526.7742793 Total splits: 372 Good splits: 350
Reward: 49559.0944466 Total splits: 343 Good splits: 326
Reward: 50103.7939818 Total splits: 338 Good splits: 311
Reward: 49355.2664094 Total splits: 336 Good splits: 318
Reward: 49187.3469113 Total splits: 341 Good splits: 315
Reward: 49618.682067 Total splits: 367 Good splits: 336
Reward: 50061.2857568 Total splits: 358 Good splits: 336
Reward: 49346.3919996 Total splits: 345 Good splits: 324
Reward: 50307.4731358 Total splits: 350 Good splits: 331
Reward: 50171.3812613 Total splits: 340 Good splits: 324
Reward: 50598.9586106 Total splits: 373 Good splits: 344
Reward: 48146.8524253 Total splits: 350 Good splits: 333
Reward: 48301.4028978 Total splits: 334 Good splits: 307
Reward: 48261.7182855 Total splits: 340 Good splits: 321
Reward: 49245.4593433 Total splits: 338 Good splits: 318
Reward: 48401.2540557 Total splits: 359 Good splits: 338
Reward: 48888.7672689 Total splits: 335 Good splits: 312
Reward: 45086.0919102 Total splits: 368 Good splits: 353
Reward: 48996.6470451 Total splits: 341 Good splits: 316
Reward: 50260.4885294 Total splits: 342 Good splits: 321
Reward: 47495.5628678 Total splits: 369 Good splits: 339
Reward: 48885.8896143 Total splits: 363 Good splits: 338
Reward: 50163.3872905 Total splits: 365 Good splits: 336
Reward: 48278.8761466 Total splits: 347 Good splits: 327
Reward: 48436.408249 Total splits: 350 Good splits: 328
Reward: 48013.098432 Total splits: 361 Good splits: 349

Results after 100 tests
Average total rewards : 48986.2076366
Average total splits  : 348.94
Average good splits   : 326.98
Average good splits % : 93.7066544392

