Reward: 50080.8921209 Total splits: 351 Good splits: 334
Reward: 49623.4264348 Total splits: 353 Good splits: 333
Reward: 47643.6850953 Total splits: 343 Good splits: 319
Reward: 47833.5881495 Total splits: 337 Good splits: 319
Reward: 51249.8956173 Total splits: 375 Good splits: 348
Reward: 50689.5075839 Total splits: 337 Good splits: 307
Reward: 49496.1148967 Total splits: 348 Good splits: 321
Reward: 50515.6834783 Total splits: 377 Good splits: 342
Reward: 48608.3749609 Total splits: 337 Good splits: 306
Reward: 49951.8718502 Total splits: 330 Good splits: 306
Reward: 48463.525316 Total splits: 344 Good splits: 324
Reward: 47599.4424987 Total splits: 351 Good splits: 326
Reward: 49371.331145 Total splits: 329 Good splits: 305
Reward: 49331.0342088 Total splits: 356 Good splits: 336
Reward: 50317.9220507 Total splits: 338 Good splits: 306
Reward: 47764.621292 Total splits: 371 Good splits: 345
Reward: 48516.3268771 Total splits: 329 Good splits: 308
Reward: 49535.0218308 Total splits: 358 Good splits: 332
Reward: 50567.2102515 Total splits: 378 Good splits: 354
Reward: 50485.2111297 Total splits: 366 Good splits: 341
Reward: 50405.8663955 Total splits: 365 Good splits: 326
Reward: 49483.4794563 Total splits: 353 Good splits: 330
Reward: 49658.3397859 Total splits: 328 Good splits: 303
Reward: 49909.7221841 Total splits: 328 Good splits: 308
Reward: 50847.7417514 Total splits: 365 Good splits: 342
Reward: 50077.123952 Total splits: 345 Good splits: 325
Reward: 48954.2493311 Total splits: 346 Good splits: 324
Reward: 48946.7902706 Total splits: 337 Good splits: 312
Reward: 50178.6494132 Total splits: 357 Good splits: 323
Reward: 51946.7141124 Total splits: 357 Good splits: 339
Reward: 49521.4590741 Total splits: 335 Good splits: 310
Reward: 49307.8206678 Total splits: 340 Good splits: 325
Reward: 48999.5722284 Total splits: 353 Good splits: 334
Reward: 49805.0758043 Total splits: 343 Good splits: 314
Reward: 49172.3827246 Total splits: 341 Good splits: 315
Reward: 48381.1425767 Total splits: 331 Good splits: 311
Reward: 45804.8605047 Total splits: 333 Good splits: 305
Reward: 48745.612426 Total splits: 348 Good splits: 330
Reward: 48348.0739085 Total splits: 331 Good splits: 300
Reward: 49811.3137645 Total splits: 329 Good splits: 303
Reward: 47630.3170326 Total splits: 362 Good splits: 337
Reward: 50544.2708404 Total splits: 333 Good splits: 303
Reward: 50661.5102034 Total splits: 334 Good splits: 297
Reward: 47772.5544558 Total splits: 353 Good splits: 333
Reward: 49462.0074545 Total splits: 352 Good splits: 326
Reward: 52056.9349191 Total splits: 376 Good splits: 351
Reward: 48343.1270536 Total splits: 338 Good splits: 311
Reward: 51382.9849094 Total splits: 367 Good splits: 345
Reward: 49666.7839607 Total splits: 355 Good splits: 320
Reward: 49557.0117011 Total splits: 351 Good splits: 318
Reward: 47175.7788405 Total splits: 344 Good splits: 328
Reward: 46426.5682853 Total splits: 357 Good splits: 338
Reward: 49839.9448513 Total splits: 343 Good splits: 327
Reward: 49744.3760089 Total splits: 339 Good splits: 323
Reward: 48608.3406428 Total splits: 359 Good splits: 331
Reward: 46437.2024342 Total splits: 362 Good splits: 334
Reward: 47723.3439443 Total splits: 373 Good splits: 346
Reward: 49411.8030661 Total splits: 346 Good splits: 319
Reward: 50313.6924592 Total splits: 319 Good splits: 297
Reward: 48231.1562145 Total splits: 349 Good splits: 333
Reward: 48020.8398503 Total splits: 331 Good splits: 312
Reward: 48645.9727397 Total splits: 344 Good splits: 313
Reward: 48336.8986904 Total splits: 320 Good splits: 304
Reward: 48006.0028199 Total splits: 371 Good splits: 348
Reward: 49478.0234712 Total splits: 349 Good splits: 326
Reward: 44158.1330033 Total splits: 345 Good splits: 324
Reward: 48960.3870277 Total splits: 350 Good splits: 328
Reward: 49054.6731305 Total splits: 353 Good splits: 327
Reward: 47281.4590237 Total splits: 335 Good splits: 315
Reward: 49606.8744957 Total splits: 353 Good splits: 312
Reward: 51410.3205684 Total splits: 334 Good splits: 315
Reward: 48278.3235469 Total splits: 334 Good splits: 311
Reward: 50653.6748326 Total splits: 350 Good splits: 328
Reward: 49917.0434239 Total splits: 354 Good splits: 332
Reward: 49027.2236698 Total splits: 341 Good splits: 317
Reward: 49798.9709313 Total splits: 355 Good splits: 329
Reward: 50142.7394871 Total splits: 375 Good splits: 344
Reward: 48717.3967186 Total splits: 344 Good splits: 314
Reward: 50247.1938047 Total splits: 335 Good splits: 313
Reward: 48960.8632069 Total splits: 333 Good splits: 307
Reward: 50204.0015587 Total splits: 346 Good splits: 320
Reward: 47315.7540054 Total splits: 342 Good splits: 309
Reward: 49870.6374043 Total splits: 346 Good splits: 327
Reward: 51180.7162118 Total splits: 358 Good splits: 333
Reward: 48920.156468 Total splits: 352 Good splits: 324
Reward: 49034.3154675 Total splits: 328 Good splits: 315
Reward: 50463.1693419 Total splits: 355 Good splits: 317
Reward: 49904.9561857 Total splits: 335 Good splits: 300
Reward: 49071.9480738 Total splits: 338 Good splits: 321
Reward: 49797.9958305 Total splits: 336 Good splits: 297
Reward: 50410.614477 Total splits: 338 Good splits: 315
Reward: 49918.2881864 Total splits: 368 Good splits: 338
Reward: 49727.8690457 Total splits: 355 Good splits: 320
Reward: 48251.1146758 Total splits: 339 Good splits: 318
Reward: 51873.699493 Total splits: 372 Good splits: 348
Reward: 50699.8714465 Total splits: 385 Good splits: 353
Reward: 48874.7722297 Total splits: 365 Good splits: 335
Reward: 48880.277531 Total splits: 347 Good splits: 320
Reward: 49813.9006572 Total splits: 363 Good splits: 341
Reward: 49370.1308961 Total splits: 373 Good splits: 347

Results after 100 tests
Average total rewards : 49292.2759003
Average total splits  : 348.32
Average good splits   : 323.25
Average good splits % : 92.8025953147

Reward: 50648.7931407 Total splits: 371 Good splits: 348
Reward: 50040.6422933 Total splits: 349 Good splits: 325
Reward: 47618.4624299 Total splits: 344 Good splits: 326
Reward: 46924.9851772 Total splits: 351 Good splits: 335
Reward: 49328.4886568 Total splits: 355 Good splits: 329
Reward: 50466.0161098 Total splits: 340 Good splits: 301
Reward: 50220.8390113 Total splits: 360 Good splits: 331
Reward: 51027.4972054 Total splits: 333 Good splits: 313
Reward: 47506.5216499 Total splits: 369 Good splits: 346
Reward: 46660.5044731 Total splits: 384 Good splits: 358
Reward: 49913.9585938 Total splits: 364 Good splits: 337
Reward: 49112.8297305 Total splits: 366 Good splits: 330
Reward: 50243.6382169 Total splits: 358 Good splits: 329
Reward: 48986.8539383 Total splits: 336 Good splits: 310
Reward: 49788.3684541 Total splits: 369 Good splits: 348
Reward: 50453.0484393 Total splits: 367 Good splits: 339
Reward: 49399.380701 Total splits: 353 Good splits: 324
Reward: 44869.164812 Total splits: 378 Good splits: 355
Reward: 46370.5717541 Total splits: 345 Good splits: 311
Reward: 49907.6743873 Total splits: 348 Good splits: 325
Reward: 46413.7429537 Total splits: 362 Good splits: 339
Reward: 50779.973131 Total splits: 332 Good splits: 309
Reward: 50147.253613 Total splits: 350 Good splits: 325
Reward: 49291.6280232 Total splits: 357 Good splits: 342
Reward: 47019.5345681 Total splits: 368 Good splits: 339
Reward: 49844.8014592 Total splits: 342 Good splits: 315
Reward: 51502.0051031 Total splits: 350 Good splits: 322
Reward: 48477.4686409 Total splits: 336 Good splits: 317
Reward: 50325.609983 Total splits: 374 Good splits: 348
Reward: 48240.2208928 Total splits: 354 Good splits: 323
Reward: 49905.5941914 Total splits: 348 Good splits: 328
Reward: 49486.402543 Total splits: 340 Good splits: 319
Reward: 43501.1571657 Total splits: 390 Good splits: 366
Reward: 50134.9833334 Total splits: 341 Good splits: 318
Reward: 49657.4046112 Total splits: 352 Good splits: 330
Reward: 49605.696491 Total splits: 372 Good splits: 346
Reward: 49814.9212413 Total splits: 353 Good splits: 334
Reward: 50448.1319391 Total splits: 348 Good splits: 323
Reward: 46361.9312771 Total splits: 352 Good splits: 324
Reward: 47248.4196417 Total splits: 360 Good splits: 338
Reward: 48025.4459486 Total splits: 376 Good splits: 348
Reward: 50007.1738931 Total splits: 366 Good splits: 340
Reward: 49456.4444613 Total splits: 378 Good splits: 344
Reward: 47630.3138427 Total splits: 351 Good splits: 317
Reward: 50001.7551179 Total splits: 340 Good splits: 306
Reward: 48867.922815 Total splits: 335 Good splits: 318
Reward: 46790.1190706 Total splits: 355 Good splits: 330
Reward: 49506.3528932 Total splits: 366 Good splits: 345
Reward: 50040.6464794 Total splits: 372 Good splits: 329
Reward: 49032.768406 Total splits: 347 Good splits: 325
Reward: 50606.3509778 Total splits: 365 Good splits: 331
Reward: 49324.7118447 Total splits: 359 Good splits: 330
Reward: 49817.1642308 Total splits: 342 Good splits: 317
Reward: 48857.9861565 Total splits: 353 Good splits: 323
Reward: 48319.2845961 Total splits: 355 Good splits: 328
Reward: 50316.0406091 Total splits: 332 Good splits: 314
Reward: 49981.0360813 Total splits: 323 Good splits: 306
Reward: 51129.3760497 Total splits: 329 Good splits: 303
Reward: 50897.2881975 Total splits: 338 Good splits: 319
Reward: 49617.031451 Total splits: 343 Good splits: 320
Reward: 51687.1912749 Total splits: 344 Good splits: 312
Reward: 48945.9788039 Total splits: 354 Good splits: 325
Reward: 50081.2676865 Total splits: 363 Good splits: 336
Reward: 49685.7004031 Total splits: 347 Good splits: 319
Reward: 50448.230113 Total splits: 367 Good splits: 337
Reward: 48990.0669534 Total splits: 352 Good splits: 330
Reward: 47933.6571896 Total splits: 317 Good splits: 296
Reward: 47950.1429947 Total splits: 363 Good splits: 346
Reward: 48833.9563582 Total splits: 323 Good splits: 295
Reward: 49021.2537427 Total splits: 332 Good splits: 316
Reward: 49491.4972248 Total splits: 347 Good splits: 322
Reward: 47973.1381027 Total splits: 364 Good splits: 342
Reward: 49080.1335403 Total splits: 374 Good splits: 341
Reward: 48607.2360757 Total splits: 378 Good splits: 352
Reward: 48860.0218979 Total splits: 366 Good splits: 327
Reward: 48752.2701867 Total splits: 349 Good splits: 318
Reward: 49014.6454012 Total splits: 361 Good splits: 330
Reward: 49536.3884537 Total splits: 363 Good splits: 339
Reward: 44767.1748051 Total splits: 349 Good splits: 327
Reward: 46711.6946351 Total splits: 362 Good splits: 338
Reward: 51104.1307031 Total splits: 341 Good splits: 315
Reward: 50594.7181714 Total splits: 359 Good splits: 335
Reward: 47846.6139822 Total splits: 326 Good splits: 296
Reward: 48557.5107073 Total splits: 363 Good splits: 346
Reward: 50146.9986193 Total splits: 357 Good splits: 324
Reward: 49031.2192691 Total splits: 345 Good splits: 328
Reward: 46778.5780249 Total splits: 368 Good splits: 335
Reward: 50114.6573182 Total splits: 316 Good splits: 291
Reward: 51072.353803 Total splits: 346 Good splits: 320
Reward: 50370.9642765 Total splits: 363 Good splits: 343
Reward: 46902.3263807 Total splits: 349 Good splits: 322
Reward: 49528.2825605 Total splits: 319 Good splits: 298
Reward: 50068.0043534 Total splits: 330 Good splits: 297
Reward: 46538.5412319 Total splits: 347 Good splits: 317
Reward: 49198.8423783 Total splits: 363 Good splits: 339
Reward: 49116.3396537 Total splits: 361 Good splits: 329
Reward: 47805.6930535 Total splits: 354 Good splits: 332
Reward: 49803.639284 Total splits: 370 Good splits: 341
Reward: 48021.7318955 Total splits: 342 Good splits: 311
Reward: 48706.2520692 Total splits: 340 Good splits: 309

Results after 100 tests
Average total rewards : 49035.9937668
Average total splits  : 352.8
Average good splits   : 326.94
Average good splits % : 92.6700680272

