Reward: 46068.4490809 Total splits: 352 Good splits: 334
Reward: 50248.1348641 Total splits: 362 Good splits: 338
Reward: 49632.04913 Total splits: 339 Good splits: 321
Reward: 50220.6722656 Total splits: 352 Good splits: 332
Reward: 49139.4410326 Total splits: 340 Good splits: 312
Reward: 49504.8126247 Total splits: 334 Good splits: 304
Reward: 47880.6252229 Total splits: 350 Good splits: 330
Reward: 47751.6596547 Total splits: 347 Good splits: 328
Reward: 48952.9026764 Total splits: 367 Good splits: 333
Reward: 49374.2049314 Total splits: 344 Good splits: 316
Reward: 49478.4148974 Total splits: 367 Good splits: 330
Reward: 48118.4871109 Total splits: 343 Good splits: 322
Reward: 51193.0519679 Total splits: 378 Good splits: 358
Reward: 49523.2638971 Total splits: 355 Good splits: 333
Reward: 50944.5505686 Total splits: 338 Good splits: 321
Reward: 50143.4208887 Total splits: 312 Good splits: 292
Reward: 49368.3924819 Total splits: 341 Good splits: 322
Reward: 48653.2224869 Total splits: 355 Good splits: 327
Reward: 46411.9713805 Total splits: 356 Good splits: 329
Reward: 49682.838575 Total splits: 338 Good splits: 310
Reward: 50592.458825 Total splits: 342 Good splits: 312
Reward: 48724.0162767 Total splits: 361 Good splits: 334
Reward: 49140.2480323 Total splits: 349 Good splits: 324
Reward: 50585.5937709 Total splits: 366 Good splits: 341
Reward: 50737.0918464 Total splits: 353 Good splits: 325
Reward: 48974.4442783 Total splits: 367 Good splits: 335
Reward: 49311.1013176 Total splits: 321 Good splits: 305
Reward: 49526.3635828 Total splits: 361 Good splits: 340
Reward: 49041.616148 Total splits: 363 Good splits: 337
Reward: 46850.2080236 Total splits: 317 Good splits: 300
Reward: 47748.8814072 Total splits: 362 Good splits: 329
Reward: 49710.9282707 Total splits: 342 Good splits: 308
Reward: 48441.6836841 Total splits: 323 Good splits: 303
Reward: 47141.5855386 Total splits: 356 Good splits: 326
Reward: 49649.2147186 Total splits: 343 Good splits: 315
Reward: 48656.6279656 Total splits: 356 Good splits: 332
Reward: 50517.4978521 Total splits: 342 Good splits: 326
Reward: 49169.5660744 Total splits: 353 Good splits: 326
Reward: 47341.0116606 Total splits: 337 Good splits: 308
Reward: 50410.7126589 Total splits: 346 Good splits: 327
Reward: 47734.5548598 Total splits: 330 Good splits: 305
Reward: 50778.4154574 Total splits: 357 Good splits: 331
Reward: 50960.5296779 Total splits: 373 Good splits: 347
Reward: 47390.6084598 Total splits: 363 Good splits: 329
Reward: 50117.8976913 Total splits: 332 Good splits: 313
Reward: 48735.6802083 Total splits: 342 Good splits: 324
Reward: 51008.0616139 Total splits: 348 Good splits: 318
Reward: 49329.0822922 Total splits: 360 Good splits: 337
Reward: 50882.6576592 Total splits: 349 Good splits: 332
Reward: 49221.4793728 Total splits: 314 Good splits: 287
Reward: 51206.9772591 Total splits: 371 Good splits: 339
Reward: 51148.1781817 Total splits: 373 Good splits: 348
Reward: 49197.6510966 Total splits: 339 Good splits: 315
Reward: 49709.2064114 Total splits: 337 Good splits: 321
Reward: 50197.7806866 Total splits: 370 Good splits: 338
Reward: 48172.9515468 Total splits: 360 Good splits: 324
Reward: 50384.4767737 Total splits: 355 Good splits: 338
Reward: 50444.2415834 Total splits: 358 Good splits: 332
Reward: 49064.9210154 Total splits: 364 Good splits: 338
Reward: 44262.1825528 Total splits: 367 Good splits: 339
Reward: 50762.3348433 Total splits: 346 Good splits: 331
Reward: 46070.2943492 Total splits: 341 Good splits: 323
Reward: 49913.6183839 Total splits: 345 Good splits: 317
Reward: 47169.6996238 Total splits: 369 Good splits: 337
Reward: 46580.5898239 Total splits: 336 Good splits: 309
Reward: 51639.5590992 Total splits: 356 Good splits: 328
Reward: 47476.0041434 Total splits: 369 Good splits: 337
Reward: 49545.2736966 Total splits: 334 Good splits: 306
Reward: 45041.7291805 Total splits: 352 Good splits: 333
Reward: 49924.2729125 Total splits: 364 Good splits: 339
Reward: 49010.5658987 Total splits: 373 Good splits: 344
Reward: 50360.7932328 Total splits: 348 Good splits: 323
Reward: 49334.4781812 Total splits: 385 Good splits: 358
Reward: 45374.8121075 Total splits: 378 Good splits: 352
Reward: 50939.815811 Total splits: 334 Good splits: 317
Reward: 48249.956046 Total splits: 356 Good splits: 326
Reward: 49417.7891187 Total splits: 354 Good splits: 327
Reward: 47770.5692699 Total splits: 339 Good splits: 316
Reward: 49076.7560807 Total splits: 353 Good splits: 331
Reward: 50762.8352978 Total splits: 353 Good splits: 324
Reward: 49451.7879988 Total splits: 379 Good splits: 341
Reward: 50680.5925175 Total splits: 354 Good splits: 334
Reward: 47947.5856533 Total splits: 349 Good splits: 317
Reward: 49220.5258537 Total splits: 353 Good splits: 320
Reward: 49899.9096122 Total splits: 355 Good splits: 324
Reward: 48165.1953148 Total splits: 353 Good splits: 316
Reward: 47918.0879618 Total splits: 368 Good splits: 341
Reward: 48254.9402464 Total splits: 357 Good splits: 320
Reward: 47021.3516262 Total splits: 353 Good splits: 326
Reward: 50099.8905293 Total splits: 355 Good splits: 330
Reward: 49937.7090205 Total splits: 370 Good splits: 347
Reward: 49717.4999085 Total splits: 364 Good splits: 336
Reward: 47700.412346 Total splits: 349 Good splits: 316
Reward: 48649.3938434 Total splits: 347 Good splits: 319
Reward: 47292.9525243 Total splits: 327 Good splits: 300
Reward: 49097.4173114 Total splits: 372 Good splits: 351
Reward: 50195.811312 Total splits: 345 Good splits: 329
Reward: 48745.1129503 Total splits: 361 Good splits: 342
Reward: 50377.095157 Total splits: 356 Good splits: 322
Reward: 49478.3290267 Total splits: 347 Good splits: 324

Results after 100 tests
Average total rewards : 49087.8229989
Average total splits  : 351.91
Average good splits   : 326.33
Average good splits % : 92.7310960189

Reward: 51304.0369329 Total splits: 356 Good splits: 339
Reward: 49333.4040455 Total splits: 341 Good splits: 314
Reward: 49471.5084176 Total splits: 347 Good splits: 314
Reward: 49718.8642055 Total splits: 353 Good splits: 332
Reward: 49950.4328368 Total splits: 356 Good splits: 340
Reward: 46577.3646467 Total splits: 361 Good splits: 336
Reward: 50072.1883741 Total splits: 355 Good splits: 325
Reward: 50971.7053146 Total splits: 358 Good splits: 325
Reward: 50033.5351719 Total splits: 350 Good splits: 320
Reward: 46772.1283884 Total splits: 354 Good splits: 335
Reward: 45572.5440243 Total splits: 348 Good splits: 326
Reward: 48367.3043865 Total splits: 359 Good splits: 321
Reward: 50075.6469116 Total splits: 342 Good splits: 323
Reward: 46921.6894887 Total splits: 355 Good splits: 330
Reward: 49793.4118082 Total splits: 359 Good splits: 332
Reward: 49276.3650253 Total splits: 338 Good splits: 322
Reward: 48438.9699036 Total splits: 315 Good splits: 294
Reward: 50678.3333846 Total splits: 354 Good splits: 325
Reward: 50917.5393043 Total splits: 347 Good splits: 314
Reward: 47826.1929592 Total splits: 351 Good splits: 329
Reward: 49779.8967421 Total splits: 357 Good splits: 325
Reward: 45086.2504088 Total splits: 347 Good splits: 327
Reward: 51195.3030391 Total splits: 351 Good splits: 337
Reward: 48157.9209203 Total splits: 352 Good splits: 333
Reward: 49853.6134353 Total splits: 355 Good splits: 323
Reward: 50159.5641224 Total splits: 352 Good splits: 318
Reward: 49018.4039664 Total splits: 357 Good splits: 334
Reward: 51047.9589242 Total splits: 358 Good splits: 334
Reward: 51024.6121728 Total splits: 350 Good splits: 332
Reward: 45803.4674312 Total splits: 373 Good splits: 352
Reward: 48160.9036068 Total splits: 317 Good splits: 299
Reward: 49462.5693654 Total splits: 352 Good splits: 326
Reward: 48132.0441484 Total splits: 338 Good splits: 313
Reward: 50177.7378608 Total splits: 338 Good splits: 310
Reward: 49997.143953 Total splits: 358 Good splits: 334
Reward: 49783.1816939 Total splits: 366 Good splits: 331
Reward: 48960.8378991 Total splits: 341 Good splits: 316
Reward: 49398.3635006 Total splits: 352 Good splits: 312
Reward: 49368.7999052 Total splits: 356 Good splits: 326
Reward: 48665.190143 Total splits: 370 Good splits: 351
Reward: 48377.9471121 Total splits: 360 Good splits: 334
Reward: 48378.9719286 Total splits: 336 Good splits: 316
Reward: 48796.3495624 Total splits: 361 Good splits: 340
Reward: 48611.3612991 Total splits: 328 Good splits: 307
Reward: 49565.4403073 Total splits: 357 Good splits: 331
Reward: 48443.7798185 Total splits: 345 Good splits: 313
Reward: 49643.5907274 Total splits: 363 Good splits: 336
Reward: 48865.0235783 Total splits: 333 Good splits: 301
Reward: 48004.030769 Total splits: 377 Good splits: 345
Reward: 50991.2075149 Total splits: 353 Good splits: 333
Reward: 46662.1287565 Total splits: 350 Good splits: 323
Reward: 46037.5894208 Total splits: 347 Good splits: 321
Reward: 50518.2111665 Total splits: 336 Good splits: 310
Reward: 50090.7336896 Total splits: 342 Good splits: 315
Reward: 49358.3813244 Total splits: 348 Good splits: 335
Reward: 49023.7002703 Total splits: 357 Good splits: 328
Reward: 50444.0487031 Total splits: 348 Good splits: 326
Reward: 49685.5943091 Total splits: 364 Good splits: 338
Reward: 49444.7732473 Total splits: 366 Good splits: 343
Reward: 47125.0436269 Total splits: 356 Good splits: 330
Reward: 50167.5699492 Total splits: 353 Good splits: 322
Reward: 46495.5320936 Total splits: 351 Good splits: 325
Reward: 49922.1953781 Total splits: 346 Good splits: 320
Reward: 50007.0948792 Total splits: 351 Good splits: 326
Reward: 50910.1276905 Total splits: 364 Good splits: 338
Reward: 49015.7837706 Total splits: 362 Good splits: 325
Reward: 50088.1728687 Total splits: 365 Good splits: 334
Reward: 49224.5976568 Total splits: 346 Good splits: 313
Reward: 46831.3021552 Total splits: 360 Good splits: 345
Reward: 51881.4586721 Total splits: 366 Good splits: 340
Reward: 48227.3228727 Total splits: 359 Good splits: 335
Reward: 49788.6728221 Total splits: 350 Good splits: 332
Reward: 47544.9039145 Total splits: 356 Good splits: 337
Reward: 49393.5752445 Total splits: 358 Good splits: 328
Reward: 49139.8132454 Total splits: 328 Good splits: 305
Reward: 49749.3036393 Total splits: 362 Good splits: 332
Reward: 47017.9194346 Total splits: 352 Good splits: 328
Reward: 49727.5878937 Total splits: 349 Good splits: 324
Reward: 47961.8741321 Total splits: 345 Good splits: 327
Reward: 49020.067811 Total splits: 351 Good splits: 331
Reward: 48668.8490972 Total splits: 368 Good splits: 354
Reward: 48857.9180255 Total splits: 344 Good splits: 321
Reward: 50027.3464895 Total splits: 380 Good splits: 354
Reward: 50745.6624748 Total splits: 342 Good splits: 316
Reward: 48947.9950913 Total splits: 325 Good splits: 298
Reward: 47918.7987621 Total splits: 371 Good splits: 349
Reward: 49774.6343157 Total splits: 354 Good splits: 330
Reward: 48677.6263692 Total splits: 342 Good splits: 320
Reward: 47137.6284074 Total splits: 339 Good splits: 317
Reward: 46841.6033829 Total splits: 374 Good splits: 351
Reward: 47905.0312215 Total splits: 368 Good splits: 339
Reward: 50405.0700658 Total splits: 357 Good splits: 323
Reward: 49934.4392773 Total splits: 341 Good splits: 310
Reward: 51468.4046265 Total splits: 371 Good splits: 337
Reward: 52159.916315 Total splits: 337 Good splits: 320
Reward: 47099.1226453 Total splits: 340 Good splits: 319
Reward: 46134.266446 Total splits: 382 Good splits: 368
Reward: 50146.8805163 Total splits: 353 Good splits: 325
Reward: 47308.7287177 Total splits: 325 Good splits: 308
Reward: 46854.5057014 Total splits: 328 Good splits: 307

Results after 100 tests
Average total rewards : 49025.0413997
Average total splits  : 351.81
Average good splits   : 326.87
Average good splits % : 92.9109462494

