Reward: 49377.2873896 Total splits: 335 Good splits: 311
Reward: 48991.1506216 Total splits: 335 Good splits: 316
Reward: 50132.7616242 Total splits: 348 Good splits: 307
Reward: 49747.9925764 Total splits: 334 Good splits: 317
Reward: 50506.3500129 Total splits: 338 Good splits: 318
Reward: 49077.0877008 Total splits: 345 Good splits: 329
Reward: 49092.4800392 Total splits: 362 Good splits: 336
Reward: 51865.7938954 Total splits: 377 Good splits: 335
Reward: 51573.5918559 Total splits: 348 Good splits: 319
Reward: 50666.7024668 Total splits: 304 Good splits: 288
Reward: 49582.9899455 Total splits: 328 Good splits: 313
Reward: 50121.8630015 Total splits: 372 Good splits: 354
Reward: 50432.3105693 Total splits: 339 Good splits: 315
Reward: 51538.1859057 Total splits: 340 Good splits: 313
Reward: 44656.6759667 Total splits: 381 Good splits: 363
Reward: 48815.5005279 Total splits: 345 Good splits: 329
Reward: 50354.1870909 Total splits: 342 Good splits: 320
Reward: 47021.4839971 Total splits: 363 Good splits: 341
Reward: 50393.8098268 Total splits: 361 Good splits: 335
Reward: 47815.1151586 Total splits: 330 Good splits: 305
Reward: 49560.8608054 Total splits: 341 Good splits: 314
Reward: 50387.3079793 Total splits: 343 Good splits: 314
Reward: 46609.5504327 Total splits: 343 Good splits: 322
Reward: 44854.5294694 Total splits: 330 Good splits: 315
Reward: 49609.0450436 Total splits: 342 Good splits: 327
Reward: 50680.8749507 Total splits: 355 Good splits: 319
Reward: 48827.3621718 Total splits: 341 Good splits: 321
Reward: 50757.2656234 Total splits: 336 Good splits: 306
Reward: 50475.3135811 Total splits: 362 Good splits: 337
Reward: 50246.1022603 Total splits: 358 Good splits: 333
Reward: 47320.8403397 Total splits: 365 Good splits: 337
Reward: 49600.0439777 Total splits: 354 Good splits: 326
Reward: 50686.5194539 Total splits: 350 Good splits: 322
Reward: 49319.9704817 Total splits: 356 Good splits: 329
Reward: 49569.4121113 Total splits: 337 Good splits: 319
Reward: 47266.534299 Total splits: 367 Good splits: 340
Reward: 51236.1749533 Total splits: 338 Good splits: 318
Reward: 48567.3469283 Total splits: 338 Good splits: 309
Reward: 49274.0411472 Total splits: 353 Good splits: 332
Reward: 49488.5718619 Total splits: 360 Good splits: 333
Reward: 49012.8475128 Total splits: 333 Good splits: 308
Reward: 50432.5338363 Total splits: 345 Good splits: 318
Reward: 50382.2932812 Total splits: 339 Good splits: 320
Reward: 48288.6916287 Total splits: 339 Good splits: 319
Reward: 50026.1667451 Total splits: 359 Good splits: 320
Reward: 51404.4708673 Total splits: 371 Good splits: 351
Reward: 50276.4268889 Total splits: 367 Good splits: 345
Reward: 51182.9663623 Total splits: 369 Good splits: 341
Reward: 50616.5190699 Total splits: 337 Good splits: 313
Reward: 49440.9105403 Total splits: 345 Good splits: 317

Results after 50 tests
Average total rewards : 49543.2962955
Average total splits  : 348.0
Average good splits   : 323.78
Average good splits % : 93.0402298851

Reward: 47452.907327 Total splits: 372 Good splits: 339
Reward: 48835.7554661 Total splits: 364 Good splits: 343
Reward: 50176.8646637 Total splits: 337 Good splits: 316
Reward: 49502.9122298 Total splits: 347 Good splits: 321
Reward: 50066.3800359 Total splits: 349 Good splits: 322
Reward: 49798.1488727 Total splits: 366 Good splits: 346
Reward: 50325.3080424 Total splits: 356 Good splits: 326
Reward: 51472.1354806 Total splits: 333 Good splits: 305
Reward: 48057.821897 Total splits: 341 Good splits: 316
Reward: 50147.1483212 Total splits: 335 Good splits: 308
Reward: 48582.8684676 Total splits: 344 Good splits: 318
Reward: 48202.6531455 Total splits: 341 Good splits: 314
Reward: 48943.2097215 Total splits: 339 Good splits: 313
Reward: 47357.5140771 Total splits: 380 Good splits: 368
Reward: 51214.8185899 Total splits: 372 Good splits: 340
Reward: 51962.5277982 Total splits: 347 Good splits: 327
Reward: 46811.072894 Total splits: 314 Good splits: 297
Reward: 50462.8007687 Total splits: 347 Good splits: 329
Reward: 48622.1625021 Total splits: 333 Good splits: 301
Reward: 49850.4585588 Total splits: 375 Good splits: 355
Reward: 48939.6313156 Total splits: 334 Good splits: 311
Reward: 47659.891599 Total splits: 347 Good splits: 320
Reward: 48668.710869 Total splits: 351 Good splits: 318
Reward: 49691.5377024 Total splits: 323 Good splits: 297
Reward: 48398.7843843 Total splits: 360 Good splits: 335
Reward: 48836.8130694 Total splits: 339 Good splits: 316
Reward: 49552.1977474 Total splits: 369 Good splits: 342
Reward: 49616.773685 Total splits: 354 Good splits: 325
Reward: 48340.490777 Total splits: 333 Good splits: 311
Reward: 49262.7364637 Total splits: 342 Good splits: 319
Reward: 50369.4790539 Total splits: 370 Good splits: 346
Reward: 48607.0267406 Total splits: 350 Good splits: 314
Reward: 49710.6161648 Total splits: 352 Good splits: 329
Reward: 50335.2132934 Total splits: 357 Good splits: 327
Reward: 50532.6564061 Total splits: 350 Good splits: 326
Reward: 50251.5857788 Total splits: 340 Good splits: 320
Reward: 51319.9916796 Total splits: 336 Good splits: 317
Reward: 45152.9202744 Total splits: 334 Good splits: 316
Reward: 50972.3528737 Total splits: 361 Good splits: 333
Reward: 50613.3119111 Total splits: 336 Good splits: 317
Reward: 48994.5055431 Total splits: 326 Good splits: 309
Reward: 48948.4586055 Total splits: 348 Good splits: 324
Reward: 46700.2919884 Total splits: 344 Good splits: 329
Reward: 46801.4382372 Total splits: 342 Good splits: 310
Reward: 48565.096578 Total splits: 377 Good splits: 349
Reward: 51556.5380837 Total splits: 325 Good splits: 304
Reward: 48976.6403609 Total splits: 343 Good splits: 319
Reward: 48961.4503863 Total splits: 356 Good splits: 335
Reward: 49151.1550712 Total splits: 358 Good splits: 331
Reward: 48308.2119909 Total splits: 340 Good splits: 324

Results after 50 tests
Average total rewards : 49232.8395499
Average total splits  : 347.78
Average good splits   : 323.54
Average good splits % : 93.0300764851

Reward: 49168.3132107 Total splits: 335 Good splits: 305
Reward: 50804.4933102 Total splits: 350 Good splits: 326
Reward: 50496.4519376 Total splits: 343 Good splits: 317
Reward: 51520.4487201 Total splits: 346 Good splits: 320
Reward: 50713.4936762 Total splits: 360 Good splits: 330
Reward: 49504.0906105 Total splits: 351 Good splits: 324
Reward: 49702.1969409 Total splits: 345 Good splits: 330
Reward: 45968.7630482 Total splits: 326 Good splits: 302
Reward: 50061.6518353 Total splits: 363 Good splits: 326
Reward: 50255.0500207 Total splits: 375 Good splits: 353
Reward: 45735.818213 Total splits: 356 Good splits: 331
Reward: 50124.8891958 Total splits: 357 Good splits: 332
Reward: 46284.8627236 Total splits: 348 Good splits: 321
Reward: 51477.7480326 Total splits: 341 Good splits: 324
Reward: 49981.7444842 Total splits: 343 Good splits: 324
Reward: 51418.9610911 Total splits: 365 Good splits: 338
Reward: 47034.8756515 Total splits: 363 Good splits: 330
Reward: 51570.0983063 Total splits: 352 Good splits: 323
Reward: 50246.1600211 Total splits: 333 Good splits: 304
Reward: 50888.7798738 Total splits: 350 Good splits: 317
Reward: 50789.1626433 Total splits: 392 Good splits: 371
Reward: 50343.0810825 Total splits: 350 Good splits: 316
Reward: 49591.8524633 Total splits: 368 Good splits: 345
Reward: 49225.0407437 Total splits: 321 Good splits: 295
Reward: 48518.3479197 Total splits: 360 Good splits: 331
Reward: 49872.0609011 Total splits: 345 Good splits: 316
Reward: 48579.5645365 Total splits: 334 Good splits: 311
Reward: 48102.8285072 Total splits: 356 Good splits: 323
Reward: 50346.4237639 Total splits: 350 Good splits: 319
Reward: 49918.6339349 Total splits: 343 Good splits: 315
Reward: 50211.3428728 Total splits: 340 Good splits: 316
Reward: 49037.186909 Total splits: 365 Good splits: 350
Reward: 49399.4032489 Total splits: 353 Good splits: 322
Reward: 49734.8400374 Total splits: 329 Good splits: 308
Reward: 49343.9093694 Total splits: 362 Good splits: 340
Reward: 50487.1102778 Total splits: 345 Good splits: 307
Reward: 48638.3754239 Total splits: 369 Good splits: 347
Reward: 50007.8703369 Total splits: 365 Good splits: 346
Reward: 49492.14483 Total splits: 338 Good splits: 316
Reward: 50619.4936806 Total splits: 339 Good splits: 314
Reward: 50711.2028372 Total splits: 362 Good splits: 333
Reward: 50681.0913234 Total splits: 357 Good splits: 335
Reward: 47819.0340873 Total splits: 319 Good splits: 300
Reward: 48024.8041695 Total splits: 355 Good splits: 322
Reward: 51105.8718381 Total splits: 332 Good splits: 306
Reward: 50374.0237469 Total splits: 334 Good splits: 317
Reward: 50710.5131663 Total splits: 357 Good splits: 329
Reward: 48899.8033137 Total splits: 357 Good splits: 334
Reward: 50719.4319198 Total splits: 377 Good splits: 347
Reward: 51210.4071559 Total splits: 326 Good splits: 296

Results after 50 tests
Average total rewards : 49709.4749589
Average total splits  : 350.04
Average good splits   : 324.08
Average good splits % : 92.5837047195

Reward: 49015.8593379 Total splits: 345 Good splits: 317
Reward: 47869.3283623 Total splits: 348 Good splits: 320
Reward: 51556.1685221 Total splits: 375 Good splits: 348
Reward: 49833.7303807 Total splits: 346 Good splits: 317
Reward: 47835.0505156 Total splits: 365 Good splits: 336
Reward: 46666.1153789 Total splits: 324 Good splits: 301
Reward: 50646.1819886 Total splits: 365 Good splits: 325
Reward: 48526.6774991 Total splits: 354 Good splits: 327
Reward: 48683.5905842 Total splits: 332 Good splits: 310
Reward: 50350.9093372 Total splits: 351 Good splits: 333
Reward: 50041.598251 Total splits: 352 Good splits: 321
Reward: 50490.5884633 Total splits: 371 Good splits: 349
Reward: 50475.1753501 Total splits: 376 Good splits: 347
Reward: 47612.4332312 Total splits: 364 Good splits: 334
Reward: 50823.8091904 Total splits: 334 Good splits: 311
Reward: 49766.4556741 Total splits: 351 Good splits: 336
Reward: 46159.7486047 Total splits: 360 Good splits: 340
Reward: 48637.4405116 Total splits: 354 Good splits: 326
Reward: 49349.177138 Total splits: 357 Good splits: 324
Reward: 47826.4842906 Total splits: 357 Good splits: 334
Reward: 51023.0747249 Total splits: 326 Good splits: 301
Reward: 50516.4948233 Total splits: 325 Good splits: 301
Reward: 48864.3734262 Total splits: 334 Good splits: 311
Reward: 48713.102056 Total splits: 358 Good splits: 336
Reward: 50154.9947153 Total splits: 354 Good splits: 326
Reward: 51231.9398724 Total splits: 361 Good splits: 340
Reward: 49212.8616794 Total splits: 335 Good splits: 311
Reward: 51223.303432 Total splits: 367 Good splits: 334
Reward: 51174.1088382 Total splits: 344 Good splits: 316
Reward: 50447.4449369 Total splits: 362 Good splits: 338
Reward: 49604.468838 Total splits: 357 Good splits: 323
Reward: 48147.1133665 Total splits: 339 Good splits: 317
Reward: 47760.9741233 Total splits: 371 Good splits: 347
Reward: 48375.6932307 Total splits: 351 Good splits: 324
Reward: 50575.3228426 Total splits: 351 Good splits: 328
Reward: 50215.9256007 Total splits: 372 Good splits: 346
Reward: 50513.0224233 Total splits: 346 Good splits: 323
Reward: 49677.9307635 Total splits: 348 Good splits: 313
Reward: 51077.4879357 Total splits: 364 Good splits: 337
Reward: 49735.5544162 Total splits: 363 Good splits: 342
Reward: 50489.4058829 Total splits: 346 Good splits: 317
Reward: 49506.4306047 Total splits: 372 Good splits: 331
Reward: 48749.2025055 Total splits: 344 Good splits: 327
Reward: 49301.6738931 Total splits: 349 Good splits: 322
Reward: 47825.8178168 Total splits: 368 Good splits: 350
Reward: 47530.2958885 Total splits: 355 Good splits: 329
Reward: 49380.7851884 Total splits: 357 Good splits: 327
Reward: 50287.5527306 Total splits: 359 Good splits: 326
Reward: 49102.5356258 Total splits: 375 Good splits: 355
Reward: 49306.2595997 Total splits: 337 Good splits: 307

Results after 50 tests
Average total rewards : 49437.8334879
Average total splits  : 353.42
Average good splits   : 327.22
Average good splits % : 92.5867240111

