Reward: 50363.3256639 Total splits: 358 Good splits: 331
Reward: 49207.3089645 Total splits: 338 Good splits: 305
Reward: 50139.8308311 Total splits: 341 Good splits: 327
Reward: 49920.0466032 Total splits: 361 Good splits: 336
Reward: 49822.8739169 Total splits: 308 Good splits: 287
Reward: 49262.2938676 Total splits: 367 Good splits: 339
Reward: 49592.4976701 Total splits: 342 Good splits: 313
Reward: 50493.226383 Total splits: 338 Good splits: 322
Reward: 47828.403449 Total splits: 337 Good splits: 321
Reward: 48410.6287397 Total splits: 363 Good splits: 332
Reward: 49979.7032888 Total splits: 358 Good splits: 332
Reward: 46632.2644233 Total splits: 349 Good splits: 319
Reward: 49077.5219232 Total splits: 328 Good splits: 313
Reward: 48944.6859493 Total splits: 329 Good splits: 306
Reward: 48341.897219 Total splits: 353 Good splits: 340
Reward: 46376.5079726 Total splits: 340 Good splits: 317
Reward: 50879.003838 Total splits: 329 Good splits: 310
Reward: 50072.9934948 Total splits: 347 Good splits: 319
Reward: 49911.570024 Total splits: 347 Good splits: 326
Reward: 51299.0667747 Total splits: 360 Good splits: 338
Reward: 51572.9537462 Total splits: 334 Good splits: 312
Reward: 48736.8865271 Total splits: 362 Good splits: 330
Reward: 47188.9218029 Total splits: 357 Good splits: 337
Reward: 50285.2500366 Total splits: 346 Good splits: 321
Reward: 50380.281215 Total splits: 369 Good splits: 350
Reward: 48925.9594623 Total splits: 352 Good splits: 336
Reward: 48465.016841 Total splits: 345 Good splits: 316
Reward: 50916.3076492 Total splits: 344 Good splits: 315
Reward: 48120.8090755 Total splits: 330 Good splits: 318
Reward: 49144.2551465 Total splits: 352 Good splits: 315
Reward: 50357.274645 Total splits: 351 Good splits: 335
Reward: 49245.068836 Total splits: 340 Good splits: 320
Reward: 46824.5510637 Total splits: 347 Good splits: 316
Reward: 50696.9612192 Total splits: 348 Good splits: 318
Reward: 48963.9878894 Total splits: 348 Good splits: 327
Reward: 47629.2300467 Total splits: 358 Good splits: 333
Reward: 50267.488209 Total splits: 340 Good splits: 314
Reward: 48708.3803229 Total splits: 342 Good splits: 327
Reward: 48766.5466999 Total splits: 360 Good splits: 336
Reward: 51372.8761059 Total splits: 376 Good splits: 344
Reward: 50286.6829136 Total splits: 360 Good splits: 337
Reward: 48259.3037297 Total splits: 359 Good splits: 336
Reward: 49576.8802858 Total splits: 350 Good splits: 324
Reward: 49698.5757793 Total splits: 358 Good splits: 330
Reward: 48526.7912764 Total splits: 323 Good splits: 307
Reward: 47899.2983644 Total splits: 333 Good splits: 311
Reward: 50735.493969 Total splits: 331 Good splits: 313
Reward: 50068.5294887 Total splits: 372 Good splits: 338
Reward: 51167.5092047 Total splits: 355 Good splits: 323
Reward: 48572.9675758 Total splits: 345 Good splits: 325

Results after 50 tests
Average total rewards : 49358.3338025
Average total splits  : 347.6
Average good splits   : 323.94
Average good splits % : 93.1933256617

Reward: 49875.9355472 Total splits: 355 Good splits: 331
Reward: 48680.1430125 Total splits: 338 Good splits: 310
Reward: 51223.9258015 Total splits: 373 Good splits: 343
Reward: 48499.7948491 Total splits: 329 Good splits: 306
Reward: 49843.645533 Total splits: 364 Good splits: 343
Reward: 48788.5352862 Total splits: 357 Good splits: 335
Reward: 52042.6616408 Total splits: 345 Good splits: 320
Reward: 48825.5920828 Total splits: 340 Good splits: 323
Reward: 47709.4754949 Total splits: 325 Good splits: 307
Reward: 51465.7422376 Total splits: 358 Good splits: 339
Reward: 50250.6722059 Total splits: 359 Good splits: 331
Reward: 48466.3950565 Total splits: 365 Good splits: 339
Reward: 49329.5884871 Total splits: 348 Good splits: 311
Reward: 46681.2404073 Total splits: 350 Good splits: 329
Reward: 48585.9866155 Total splits: 342 Good splits: 323
Reward: 48411.2472854 Total splits: 330 Good splits: 314
Reward: 48992.2001709 Total splits: 350 Good splits: 315
Reward: 50095.437059 Total splits: 348 Good splits: 320
Reward: 49497.6684872 Total splits: 358 Good splits: 329
Reward: 49061.005897 Total splits: 343 Good splits: 317
Reward: 48231.2557143 Total splits: 337 Good splits: 311
Reward: 49784.7769449 Total splits: 363 Good splits: 340
Reward: 48719.4663533 Total splits: 361 Good splits: 339
Reward: 50677.1619057 Total splits: 335 Good splits: 303
Reward: 50841.5999557 Total splits: 358 Good splits: 329
Reward: 49350.9837708 Total splits: 342 Good splits: 321
Reward: 50197.429516 Total splits: 344 Good splits: 326
Reward: 45240.4368257 Total splits: 348 Good splits: 333
Reward: 50474.2247193 Total splits: 343 Good splits: 320
Reward: 49919.0675657 Total splits: 360 Good splits: 338
Reward: 44308.171091 Total splits: 353 Good splits: 326
Reward: 50867.6970868 Total splits: 342 Good splits: 322
Reward: 49176.0999881 Total splits: 350 Good splits: 331
Reward: 48554.8277057 Total splits: 366 Good splits: 343
Reward: 49926.342068 Total splits: 360 Good splits: 329
Reward: 49635.0099505 Total splits: 344 Good splits: 328
Reward: 50011.6936654 Total splits: 343 Good splits: 307
Reward: 49454.8651834 Total splits: 338 Good splits: 323
Reward: 48418.3173122 Total splits: 348 Good splits: 321
Reward: 50006.6040485 Total splits: 351 Good splits: 334
Reward: 50431.9917713 Total splits: 361 Good splits: 337
Reward: 50119.8397388 Total splits: 374 Good splits: 346
Reward: 51435.5865722 Total splits: 352 Good splits: 324
Reward: 50610.6949977 Total splits: 361 Good splits: 338
Reward: 50016.2764105 Total splits: 352 Good splits: 335
Reward: 50481.0598866 Total splits: 357 Good splits: 331
Reward: 49531.5436108 Total splits: 343 Good splits: 316
Reward: 50746.5300168 Total splits: 381 Good splits: 350
Reward: 47517.5773901 Total splits: 341 Good splits: 323
Reward: 48348.3009547 Total splits: 350 Good splits: 321

Results after 50 tests
Average total rewards : 49387.2465176
Average total splits  : 350.7
Average good splits   : 326.6
Average good splits % : 93.128029655

Reward: 47871.0669753 Total splits: 371 Good splits: 344
Reward: 47443.0126758 Total splits: 352 Good splits: 332
Reward: 49081.2497763 Total splits: 335 Good splits: 299
Reward: 49572.3087441 Total splits: 348 Good splits: 315
Reward: 50958.4572119 Total splits: 337 Good splits: 309
Reward: 50552.8558719 Total splits: 378 Good splits: 353
Reward: 49075.8555953 Total splits: 356 Good splits: 341
Reward: 44929.2684017 Total splits: 363 Good splits: 338
Reward: 48313.4768412 Total splits: 320 Good splits: 304
Reward: 50213.3960498 Total splits: 320 Good splits: 298
Reward: 48806.5211334 Total splits: 338 Good splits: 313
Reward: 50095.9265942 Total splits: 364 Good splits: 349
Reward: 46661.1223512 Total splits: 352 Good splits: 321
Reward: 51880.9768206 Total splits: 341 Good splits: 323
Reward: 49745.4448948 Total splits: 341 Good splits: 321
Reward: 46901.2483761 Total splits: 340 Good splits: 318
Reward: 50647.6392236 Total splits: 343 Good splits: 306
Reward: 50977.6222924 Total splits: 356 Good splits: 340
Reward: 48840.1532238 Total splits: 349 Good splits: 334
Reward: 49302.3966077 Total splits: 372 Good splits: 351
Reward: 48467.1079725 Total splits: 346 Good splits: 317
Reward: 46839.1879251 Total splits: 359 Good splits: 340
Reward: 49105.985652 Total splits: 327 Good splits: 300
Reward: 48512.1665191 Total splits: 342 Good splits: 321
Reward: 50358.3386792 Total splits: 338 Good splits: 322
Reward: 49185.7101428 Total splits: 349 Good splits: 327
Reward: 49031.3677692 Total splits: 337 Good splits: 314
Reward: 49934.1942548 Total splits: 362 Good splits: 332
Reward: 49056.5761446 Total splits: 365 Good splits: 334
Reward: 50468.8062438 Total splits: 360 Good splits: 320
Reward: 49747.9381516 Total splits: 351 Good splits: 327
Reward: 49072.7762391 Total splits: 367 Good splits: 340
Reward: 51454.0801837 Total splits: 358 Good splits: 335
Reward: 49766.580472 Total splits: 364 Good splits: 344
Reward: 47019.8113124 Total splits: 377 Good splits: 346
Reward: 49172.7982666 Total splits: 333 Good splits: 312
Reward: 49519.7052504 Total splits: 334 Good splits: 309
Reward: 50118.9450697 Total splits: 362 Good splits: 337
Reward: 49586.9605821 Total splits: 346 Good splits: 323
Reward: 51332.1623697 Total splits: 355 Good splits: 338
Reward: 48963.816982 Total splits: 341 Good splits: 309
Reward: 48254.1854854 Total splits: 322 Good splits: 294
Reward: 49494.3467207 Total splits: 342 Good splits: 313
Reward: 46849.9168132 Total splits: 351 Good splits: 328
Reward: 49633.5215524 Total splits: 339 Good splits: 318
Reward: 47597.6846532 Total splits: 333 Good splits: 317
Reward: 48652.6931895 Total splits: 344 Good splits: 307
Reward: 49574.4146287 Total splits: 345 Good splits: 320
Reward: 47122.8690505 Total splits: 348 Good splits: 331
Reward: 48668.1016847 Total splits: 333 Good splits: 306

Results after 50 tests
Average total rewards : 49088.6549924
Average total splits  : 348.12
Average good splits   : 323.8
Average good splits % : 93.0139032518

Reward: 48730.5942061 Total splits: 355 Good splits: 326
Reward: 50972.1355705 Total splits: 315 Good splits: 293
Reward: 43299.6780459 Total splits: 339 Good splits: 313
Reward: 48721.4011908 Total splits: 349 Good splits: 321
Reward: 45436.4742502 Total splits: 338 Good splits: 313
Reward: 49546.3857859 Total splits: 339 Good splits: 306
Reward: 50601.8218103 Total splits: 361 Good splits: 342
Reward: 48796.278415 Total splits: 353 Good splits: 317
Reward: 50711.3792664 Total splits: 324 Good splits: 300
Reward: 50240.5969372 Total splits: 358 Good splits: 336
Reward: 47238.9408125 Total splits: 349 Good splits: 320
Reward: 51061.4816497 Total splits: 323 Good splits: 305
Reward: 49778.499012 Total splits: 352 Good splits: 331
Reward: 44945.1579767 Total splits: 362 Good splits: 329
Reward: 50390.055859 Total splits: 351 Good splits: 318
Reward: 49236.4575036 Total splits: 346 Good splits: 322
Reward: 49028.4703782 Total splits: 363 Good splits: 341
Reward: 49785.276326 Total splits: 344 Good splits: 322
Reward: 48450.3412243 Total splits: 349 Good splits: 323
Reward: 48995.0868864 Total splits: 368 Good splits: 343
Reward: 49151.8903358 Total splits: 368 Good splits: 356
Reward: 49857.0160632 Total splits: 376 Good splits: 345
Reward: 48555.7505575 Total splits: 340 Good splits: 320
Reward: 50844.8771278 Total splits: 368 Good splits: 352
Reward: 46791.9948079 Total splits: 354 Good splits: 314
Reward: 49440.2210216 Total splits: 344 Good splits: 321
Reward: 49988.8226064 Total splits: 346 Good splits: 323
Reward: 51904.0402368 Total splits: 341 Good splits: 315
Reward: 50541.9771321 Total splits: 348 Good splits: 319
Reward: 47381.7820163 Total splits: 344 Good splits: 324
Reward: 51685.356602 Total splits: 361 Good splits: 341
Reward: 51121.3831973 Total splits: 364 Good splits: 334
Reward: 49748.942702 Total splits: 369 Good splits: 339
Reward: 50457.9695206 Total splits: 375 Good splits: 354
Reward: 49808.9227252 Total splits: 328 Good splits: 292
Reward: 49655.9344323 Total splits: 341 Good splits: 320
Reward: 49524.7323334 Total splits: 361 Good splits: 344
Reward: 50127.6583353 Total splits: 360 Good splits: 335
Reward: 47912.1964694 Total splits: 367 Good splits: 338
Reward: 49643.4390531 Total splits: 345 Good splits: 322
Reward: 49457.7163668 Total splits: 352 Good splits: 322
Reward: 49111.7585688 Total splits: 342 Good splits: 313
Reward: 48589.4470104 Total splits: 353 Good splits: 325
Reward: 48954.4608393 Total splits: 351 Good splits: 334
Reward: 50524.3076195 Total splits: 373 Good splits: 343
Reward: 49808.6197837 Total splits: 350 Good splits: 334
Reward: 50710.4165178 Total splits: 348 Good splits: 324
Reward: 49967.2768815 Total splits: 337 Good splits: 305
Reward: 50965.5582219 Total splits: 383 Good splits: 359
Reward: 49066.0162486 Total splits: 325 Good splits: 309

Results after 50 tests
Average total rewards : 49345.3399688
Average total splits  : 351.04
Average good splits   : 325.94
Average good splits % : 92.8498176846

