Reward: 48492.4793913 Total splits: 347 Good splits: 313
Reward: 47496.7235214 Total splits: 318 Good splits: 297
Reward: 49985.5314193 Total splits: 347 Good splits: 320
Reward: 51933.6423591 Total splits: 349 Good splits: 324
Reward: 48830.2217172 Total splits: 338 Good splits: 300
Reward: 48546.5316059 Total splits: 327 Good splits: 309
Reward: 50984.9914951 Total splits: 335 Good splits: 304
Reward: 50980.5207215 Total splits: 315 Good splits: 286
Reward: 46122.0204415 Total splits: 344 Good splits: 319
Reward: 47107.2783529 Total splits: 341 Good splits: 316
Reward: 47829.6823977 Total splits: 337 Good splits: 315
Reward: 50460.5513184 Total splits: 341 Good splits: 324
Reward: 45533.0825061 Total splits: 356 Good splits: 333
Reward: 48534.2369455 Total splits: 349 Good splits: 324
Reward: 50348.7240426 Total splits: 351 Good splits: 334
Reward: 46535.4984189 Total splits: 336 Good splits: 309
Reward: 48961.0695991 Total splits: 349 Good splits: 331
Reward: 50293.2949445 Total splits: 366 Good splits: 335
Reward: 49415.4557206 Total splits: 326 Good splits: 296
Reward: 50845.786985 Total splits: 356 Good splits: 312
Reward: 49419.4580102 Total splits: 346 Good splits: 319
Reward: 48756.1777394 Total splits: 330 Good splits: 304
Reward: 48300.1271796 Total splits: 343 Good splits: 321
Reward: 50126.983791 Total splits: 328 Good splits: 314
Reward: 47200.2463907 Total splits: 326 Good splits: 311
Reward: 48644.1161675 Total splits: 362 Good splits: 333
Reward: 49016.931739 Total splits: 360 Good splits: 336
Reward: 50596.3863483 Total splits: 359 Good splits: 331
Reward: 50193.5624555 Total splits: 363 Good splits: 339
Reward: 47894.6356828 Total splits: 342 Good splits: 319
Reward: 49965.88158 Total splits: 361 Good splits: 338
Reward: 50575.3876874 Total splits: 354 Good splits: 325
Reward: 49572.4879305 Total splits: 362 Good splits: 335
Reward: 49013.1405097 Total splits: 358 Good splits: 330
Reward: 50416.7315414 Total splits: 329 Good splits: 308
Reward: 49411.2835724 Total splits: 350 Good splits: 325
Reward: 48464.2062636 Total splits: 353 Good splits: 325
Reward: 50619.6347835 Total splits: 362 Good splits: 339
Reward: 48111.3977966 Total splits: 358 Good splits: 341
Reward: 49964.6252791 Total splits: 356 Good splits: 331
Reward: 49401.3118125 Total splits: 363 Good splits: 333
Reward: 46808.1227224 Total splits: 359 Good splits: 344
Reward: 47927.2855771 Total splits: 327 Good splits: 312
Reward: 49244.5332609 Total splits: 343 Good splits: 309
Reward: 47188.608242 Total splits: 325 Good splits: 305
Reward: 49075.1819765 Total splits: 340 Good splits: 320
Reward: 50685.0124371 Total splits: 341 Good splits: 316
Reward: 50149.2539652 Total splits: 349 Good splits: 325
Reward: 49105.5657911 Total splits: 337 Good splits: 309
Reward: 48640.5129833 Total splits: 341 Good splits: 313

Results after 50 tests
Average total rewards : 49074.5223024
Average total splits  : 345.1
Average good splits   : 320.22
Average good splits % : 92.7904955085

Reward: 48709.442888 Total splits: 338 Good splits: 315
Reward: 49227.8431379 Total splits: 361 Good splits: 328
Reward: 47922.6633794 Total splits: 344 Good splits: 315
Reward: 49488.1746637 Total splits: 324 Good splits: 296
Reward: 49641.1710074 Total splits: 330 Good splits: 305
Reward: 50219.8261891 Total splits: 353 Good splits: 326
Reward: 48119.9391442 Total splits: 375 Good splits: 357
Reward: 49036.184374 Total splits: 368 Good splits: 339
Reward: 46101.683614 Total splits: 333 Good splits: 314
Reward: 48395.6807436 Total splits: 354 Good splits: 323
Reward: 48932.7741822 Total splits: 351 Good splits: 323
Reward: 48326.0011093 Total splits: 374 Good splits: 346
Reward: 49459.7782453 Total splits: 342 Good splits: 326
Reward: 48473.8583486 Total splits: 357 Good splits: 335
Reward: 47334.893555 Total splits: 346 Good splits: 328
Reward: 50138.0371787 Total splits: 336 Good splits: 307
Reward: 50369.0595616 Total splits: 349 Good splits: 331
Reward: 50591.526009 Total splits: 360 Good splits: 339
Reward: 51457.6754136 Total splits: 361 Good splits: 335
Reward: 49963.0142157 Total splits: 376 Good splits: 344
Reward: 48841.5478973 Total splits: 340 Good splits: 313
Reward: 47933.5459984 Total splits: 352 Good splits: 344
Reward: 49586.8544498 Total splits: 349 Good splits: 324
Reward: 50326.0675625 Total splits: 351 Good splits: 330
Reward: 50093.5195719 Total splits: 344 Good splits: 327
Reward: 50803.9498733 Total splits: 328 Good splits: 301
Reward: 51034.5300478 Total splits: 387 Good splits: 363
Reward: 49167.5911342 Total splits: 352 Good splits: 317
Reward: 48198.5569565 Total splits: 329 Good splits: 309
Reward: 49313.6767433 Total splits: 338 Good splits: 317
Reward: 48887.5294618 Total splits: 350 Good splits: 324
Reward: 49932.4315098 Total splits: 354 Good splits: 338
Reward: 49116.4977386 Total splits: 350 Good splits: 335
Reward: 49934.0015792 Total splits: 342 Good splits: 312
Reward: 46473.8291874 Total splits: 343 Good splits: 317
Reward: 47844.6983245 Total splits: 330 Good splits: 315
Reward: 47793.1181728 Total splits: 364 Good splits: 334
Reward: 47893.0680793 Total splits: 370 Good splits: 348
Reward: 48476.6798326 Total splits: 342 Good splits: 310
Reward: 49017.9023629 Total splits: 354 Good splits: 326
Reward: 48530.5693624 Total splits: 356 Good splits: 335
Reward: 47832.7566376 Total splits: 346 Good splits: 326
Reward: 50572.554441 Total splits: 344 Good splits: 329
Reward: 51365.1623422 Total splits: 348 Good splits: 330
Reward: 49992.6931886 Total splits: 361 Good splits: 337
Reward: 49892.1732539 Total splits: 334 Good splits: 316
Reward: 49307.2229407 Total splits: 344 Good splits: 313
Reward: 49034.5542839 Total splits: 329 Good splits: 308
Reward: 48291.6474353 Total splits: 338 Good splits: 324
Reward: 49363.2798261 Total splits: 335 Good splits: 306

Results after 50 tests
Average total rewards : 49135.2287431
Average total splits  : 348.72
Average good splits   : 325.2
Average good splits % : 93.2553337922

Reward: 50097.2429149 Total splits: 344 Good splits: 314
Reward: 50066.7207383 Total splits: 367 Good splits: 344
Reward: 47903.3247518 Total splits: 335 Good splits: 321
Reward: 47889.1150459 Total splits: 371 Good splits: 344
Reward: 47924.2047329 Total splits: 357 Good splits: 331
Reward: 48569.6592612 Total splits: 359 Good splits: 338
Reward: 48434.5655954 Total splits: 331 Good splits: 305
Reward: 50247.004319 Total splits: 337 Good splits: 311
Reward: 48125.8407957 Total splits: 353 Good splits: 330
Reward: 49555.2474417 Total splits: 346 Good splits: 319
Reward: 47307.9042919 Total splits: 339 Good splits: 314
Reward: 50324.2828032 Total splits: 350 Good splits: 313
Reward: 49822.8953295 Total splits: 343 Good splits: 313
Reward: 49460.2039173 Total splits: 360 Good splits: 338
Reward: 50338.9190956 Total splits: 332 Good splits: 320
Reward: 48802.9602142 Total splits: 334 Good splits: 314
Reward: 50805.3731126 Total splits: 355 Good splits: 326
Reward: 49146.6619152 Total splits: 340 Good splits: 320
Reward: 48087.3684849 Total splits: 337 Good splits: 313
Reward: 50909.42206 Total splits: 329 Good splits: 307
Reward: 47130.0672612 Total splits: 341 Good splits: 321
Reward: 48993.5799155 Total splits: 359 Good splits: 338
Reward: 48298.6869891 Total splits: 361 Good splits: 348
Reward: 47536.7476207 Total splits: 338 Good splits: 315
Reward: 49116.1986902 Total splits: 362 Good splits: 330
Reward: 46713.4670032 Total splits: 362 Good splits: 344
Reward: 48691.1648021 Total splits: 337 Good splits: 319
Reward: 48222.85085 Total splits: 336 Good splits: 317
Reward: 49108.0218256 Total splits: 348 Good splits: 323
Reward: 50478.2485557 Total splits: 348 Good splits: 328
Reward: 50353.4684119 Total splits: 361 Good splits: 334
Reward: 50227.387833 Total splits: 353 Good splits: 333
Reward: 50297.5447865 Total splits: 344 Good splits: 314
Reward: 50591.7265839 Total splits: 353 Good splits: 320
Reward: 49944.3184397 Total splits: 329 Good splits: 304
Reward: 49916.5630307 Total splits: 354 Good splits: 339
Reward: 48873.8213126 Total splits: 355 Good splits: 336
Reward: 49190.2118062 Total splits: 355 Good splits: 336
Reward: 48603.9619019 Total splits: 337 Good splits: 316
Reward: 47580.9390639 Total splits: 358 Good splits: 335
Reward: 49841.6598072 Total splits: 351 Good splits: 324
Reward: 47585.0402043 Total splits: 357 Good splits: 328
Reward: 49740.6389704 Total splits: 375 Good splits: 355
Reward: 49084.9790543 Total splits: 353 Good splits: 336
Reward: 45492.1671575 Total splits: 349 Good splits: 326
Reward: 50509.1278494 Total splits: 349 Good splits: 328
Reward: 47899.9616106 Total splits: 357 Good splits: 337
Reward: 49669.6029715 Total splits: 356 Good splits: 333
Reward: 50151.5901373 Total splits: 349 Good splits: 322
Reward: 49484.1623302 Total splits: 350 Good splits: 321

Results after 50 tests
Average total rewards : 49062.9364719
Average total splits  : 349.12
Average good splits   : 325.9
Average good splits % : 93.3489917507

Reward: 50347.139133 Total splits: 326 Good splits: 300
Reward: 48841.1053582 Total splits: 333 Good splits: 311
Reward: 48715.4706651 Total splits: 344 Good splits: 321
Reward: 49534.3152537 Total splits: 344 Good splits: 326
Reward: 50569.0188977 Total splits: 364 Good splits: 341
Reward: 49008.3112644 Total splits: 361 Good splits: 336
Reward: 47903.7379456 Total splits: 356 Good splits: 329
Reward: 48084.4301328 Total splits: 365 Good splits: 342
Reward: 50030.4916854 Total splits: 326 Good splits: 299
Reward: 47852.5152949 Total splits: 343 Good splits: 318
Reward: 51044.2154363 Total splits: 352 Good splits: 322
Reward: 49394.5457821 Total splits: 330 Good splits: 312
Reward: 48984.060831 Total splits: 339 Good splits: 310
Reward: 47908.5779892 Total splits: 350 Good splits: 328
Reward: 50125.6342031 Total splits: 332 Good splits: 316
Reward: 49141.6794107 Total splits: 348 Good splits: 326
Reward: 50140.8292544 Total splits: 339 Good splits: 316
Reward: 48470.0798246 Total splits: 349 Good splits: 326
Reward: 49177.693636 Total splits: 362 Good splits: 331
Reward: 48835.2311547 Total splits: 363 Good splits: 337
Reward: 49582.7554914 Total splits: 357 Good splits: 340
Reward: 49397.5010272 Total splits: 346 Good splits: 324
Reward: 50133.1292084 Total splits: 340 Good splits: 303
Reward: 48707.1952515 Total splits: 331 Good splits: 305
Reward: 49250.6783646 Total splits: 321 Good splits: 300
Reward: 49652.6126026 Total splits: 350 Good splits: 331
Reward: 47439.5267535 Total splits: 332 Good splits: 310
Reward: 48047.1073731 Total splits: 344 Good splits: 324
Reward: 50841.6126028 Total splits: 355 Good splits: 328
Reward: 49962.758588 Total splits: 344 Good splits: 314
Reward: 45943.1557586 Total splits: 382 Good splits: 354
Reward: 48816.3425449 Total splits: 348 Good splits: 317
Reward: 49871.3152447 Total splits: 341 Good splits: 324
Reward: 51286.513638 Total splits: 361 Good splits: 334
Reward: 46972.2687481 Total splits: 326 Good splits: 310
Reward: 49855.0220598 Total splits: 359 Good splits: 331
Reward: 49862.5845362 Total splits: 353 Good splits: 324
Reward: 51239.3957214 Total splits: 364 Good splits: 341
Reward: 50646.4570026 Total splits: 342 Good splits: 317
Reward: 49269.3863681 Total splits: 374 Good splits: 348
Reward: 50562.3102294 Total splits: 348 Good splits: 331
Reward: 49523.4879505 Total splits: 348 Good splits: 314
Reward: 46288.1466339 Total splits: 321 Good splits: 300
Reward: 49836.7964981 Total splits: 351 Good splits: 326
Reward: 49133.1674916 Total splits: 350 Good splits: 323
Reward: 47254.9039084 Total splits: 347 Good splits: 318
Reward: 50847.0583493 Total splits: 345 Good splits: 323
Reward: 48449.521902 Total splits: 347 Good splits: 320
Reward: 48083.0596591 Total splits: 338 Good splits: 320
Reward: 49449.6618823 Total splits: 351 Good splits: 333

Results after 50 tests
Average total rewards : 49206.2903309
Average total splits  : 346.84
Average good splits   : 322.68
Average good splits % : 93.0342521047

