Reward: 49106.6449006 Total splits: 345 Good splits: 324
Reward: 50864.5887883 Total splits: 367 Good splits: 346
Reward: 48352.1354655 Total splits: 340 Good splits: 326
Reward: 49741.4612229 Total splits: 352 Good splits: 329
Reward: 45222.0689225 Total splits: 363 Good splits: 338
Reward: 46934.7319313 Total splits: 341 Good splits: 325
Reward: 46088.50117 Total splits: 334 Good splits: 315
Reward: 48965.0926889 Total splits: 334 Good splits: 311
Reward: 49167.9070968 Total splits: 334 Good splits: 319
Reward: 47721.9481758 Total splits: 325 Good splits: 305
Reward: 50518.9843262 Total splits: 332 Good splits: 306
Reward: 48466.8053596 Total splits: 313 Good splits: 297
Reward: 50977.2928437 Total splits: 347 Good splits: 318
Reward: 51126.9109497 Total splits: 342 Good splits: 318
Reward: 47008.8542096 Total splits: 342 Good splits: 326
Reward: 51226.5683203 Total splits: 351 Good splits: 319
Reward: 48951.7058813 Total splits: 340 Good splits: 317
Reward: 51673.8335281 Total splits: 348 Good splits: 333
Reward: 47336.1946187 Total splits: 337 Good splits: 317
Reward: 47264.8211569 Total splits: 362 Good splits: 334
Reward: 46806.0680725 Total splits: 334 Good splits: 312
Reward: 47116.2316173 Total splits: 342 Good splits: 315
Reward: 49644.5647198 Total splits: 353 Good splits: 334
Reward: 50541.2522656 Total splits: 324 Good splits: 306
Reward: 48927.72925 Total splits: 322 Good splits: 296
Reward: 50169.9234076 Total splits: 325 Good splits: 311
Reward: 48979.4983908 Total splits: 329 Good splits: 303
Reward: 48837.3411406 Total splits: 330 Good splits: 309
Reward: 48532.9258537 Total splits: 338 Good splits: 303
Reward: 49752.3479812 Total splits: 322 Good splits: 292
Reward: 48946.2152601 Total splits: 339 Good splits: 319
Reward: 49253.9420794 Total splits: 363 Good splits: 342
Reward: 48354.9160147 Total splits: 332 Good splits: 296
Reward: 50189.2614362 Total splits: 349 Good splits: 320
Reward: 50047.5148814 Total splits: 319 Good splits: 300
Reward: 49446.5849932 Total splits: 329 Good splits: 307
Reward: 50601.1233307 Total splits: 346 Good splits: 326
Reward: 46568.6899183 Total splits: 334 Good splits: 307
Reward: 50290.6796282 Total splits: 328 Good splits: 299
Reward: 49641.950548 Total splits: 330 Good splits: 308
Reward: 49052.8558368 Total splits: 322 Good splits: 298
Reward: 48873.1231325 Total splits: 331 Good splits: 310
Reward: 49655.3823687 Total splits: 339 Good splits: 316
Reward: 49515.5279369 Total splits: 337 Good splits: 320
Reward: 48362.7126177 Total splits: 327 Good splits: 313
Reward: 47065.4741588 Total splits: 349 Good splits: 331
Reward: 48948.5974819 Total splits: 311 Good splits: 291
Reward: 48320.5639525 Total splits: 316 Good splits: 289
Reward: 48036.133565 Total splits: 315 Good splits: 299
Reward: 47422.1717145 Total splits: 343 Good splits: 320

Results after 50 tests
Average total rewards : 48892.3671022
Average total splits  : 336.54
Average good splits   : 314.3
Average good splits % : 93.3915730671

Reward: 47970.3670151 Total splits: 312 Good splits: 295
Reward: 47227.4069 Total splits: 351 Good splits: 330
Reward: 49037.9989718 Total splits: 322 Good splits: 294
Reward: 47364.4281939 Total splits: 326 Good splits: 297
Reward: 48661.4555003 Total splits: 324 Good splits: 296
Reward: 48818.0162079 Total splits: 325 Good splits: 299
Reward: 50194.9225837 Total splits: 335 Good splits: 310
Reward: 49024.5270046 Total splits: 354 Good splits: 332
Reward: 48526.4021151 Total splits: 341 Good splits: 324
Reward: 48928.8356394 Total splits: 343 Good splits: 313
Reward: 49203.4796284 Total splits: 341 Good splits: 320
Reward: 48071.8970894 Total splits: 354 Good splits: 325
Reward: 48069.1635414 Total splits: 354 Good splits: 327
Reward: 49209.5040906 Total splits: 354 Good splits: 332
Reward: 49147.4409728 Total splits: 344 Good splits: 322
Reward: 47485.4955984 Total splits: 341 Good splits: 317
Reward: 46017.6808175 Total splits: 341 Good splits: 320
Reward: 44687.575629 Total splits: 340 Good splits: 319
Reward: 49061.3797034 Total splits: 327 Good splits: 312
Reward: 51153.8131246 Total splits: 350 Good splits: 331
Reward: 50921.5532648 Total splits: 344 Good splits: 325
Reward: 49202.8764825 Total splits: 331 Good splits: 307
Reward: 49522.9364397 Total splits: 319 Good splits: 292
Reward: 50505.6930596 Total splits: 330 Good splits: 306
Reward: 50046.2623271 Total splits: 327 Good splits: 290
Reward: 50834.6457863 Total splits: 336 Good splits: 314
Reward: 49484.1920678 Total splits: 342 Good splits: 314
Reward: 50464.6423593 Total splits: 342 Good splits: 320
Reward: 50515.8259525 Total splits: 349 Good splits: 330
Reward: 48608.081747 Total splits: 349 Good splits: 322
Reward: 46464.4175216 Total splits: 339 Good splits: 315
Reward: 49964.1381057 Total splits: 336 Good splits: 312
Reward: 50517.2494212 Total splits: 333 Good splits: 315
Reward: 50050.2950623 Total splits: 351 Good splits: 329
Reward: 49582.1214977 Total splits: 344 Good splits: 319
Reward: 49620.8075277 Total splits: 328 Good splits: 308
Reward: 48918.4704128 Total splits: 305 Good splits: 282
Reward: 46236.4331019 Total splits: 323 Good splits: 298
Reward: 49151.1572716 Total splits: 337 Good splits: 312
Reward: 50265.2228132 Total splits: 339 Good splits: 324
Reward: 48675.9675744 Total splits: 320 Good splits: 294
Reward: 49156.5101477 Total splits: 348 Good splits: 317
Reward: 48447.6692154 Total splits: 343 Good splits: 322
Reward: 51507.2362279 Total splits: 360 Good splits: 336
Reward: 46308.5054222 Total splits: 346 Good splits: 319
Reward: 50105.6616579 Total splits: 327 Good splits: 308
Reward: 48297.7696232 Total splits: 328 Good splits: 312
Reward: 49091.984884 Total splits: 354 Good splits: 330
Reward: 49861.1481985 Total splits: 345 Good splits: 327
Reward: 47125.907404 Total splits: 332 Good splits: 312

Results after 50 tests
Average total rewards : 48946.3434581
Average total splits  : 337.72
Average good splits   : 314.52
Average good splits % : 93.1304038849

Reward: 49334.2149338 Total splits: 324 Good splits: 291
Reward: 46164.1593501 Total splits: 332 Good splits: 305
Reward: 50851.0354917 Total splits: 343 Good splits: 324
Reward: 50072.0463647 Total splits: 356 Good splits: 337
Reward: 49596.018217 Total splits: 321 Good splits: 302
Reward: 49979.8849222 Total splits: 343 Good splits: 323
Reward: 49428.8773637 Total splits: 330 Good splits: 303
Reward: 45610.2533267 Total splits: 332 Good splits: 318
Reward: 49027.5640941 Total splits: 335 Good splits: 312
Reward: 47500.0525852 Total splits: 320 Good splits: 297
Reward: 46373.6203044 Total splits: 330 Good splits: 311
Reward: 48940.5042179 Total splits: 343 Good splits: 319
Reward: 50670.8197885 Total splits: 363 Good splits: 340
Reward: 47656.1413888 Total splits: 330 Good splits: 306
Reward: 48031.4516368 Total splits: 329 Good splits: 307
Reward: 50360.1480215 Total splits: 335 Good splits: 315
Reward: 50075.8033585 Total splits: 350 Good splits: 325
Reward: 49476.9937998 Total splits: 356 Good splits: 330
Reward: 48899.8843033 Total splits: 337 Good splits: 314
Reward: 49100.3802234 Total splits: 342 Good splits: 323
Reward: 46067.032164 Total splits: 330 Good splits: 309
Reward: 50582.2455656 Total splits: 361 Good splits: 336
Reward: 46991.2579787 Total splits: 335 Good splits: 303
Reward: 49598.5786193 Total splits: 339 Good splits: 319
Reward: 51142.0888305 Total splits: 350 Good splits: 329
Reward: 50749.8711493 Total splits: 353 Good splits: 328
Reward: 45925.8955582 Total splits: 333 Good splits: 303
Reward: 45960.4197803 Total splits: 345 Good splits: 311
Reward: 49211.637453 Total splits: 343 Good splits: 326
Reward: 47005.6926828 Total splits: 353 Good splits: 328
Reward: 50759.853128 Total splits: 347 Good splits: 328
Reward: 48528.128833 Total splits: 322 Good splits: 302
Reward: 50224.467492 Total splits: 352 Good splits: 328
Reward: 47536.1523678 Total splits: 335 Good splits: 310
Reward: 51278.9346233 Total splits: 325 Good splits: 303
Reward: 48241.3794005 Total splits: 348 Good splits: 322
Reward: 49962.5660724 Total splits: 337 Good splits: 320
Reward: 48188.4854353 Total splits: 357 Good splits: 337
Reward: 50527.4624069 Total splits: 376 Good splits: 352
Reward: 47572.9358409 Total splits: 339 Good splits: 313
Reward: 48774.662315 Total splits: 343 Good splits: 325
Reward: 50359.4635649 Total splits: 332 Good splits: 310
Reward: 48995.7608816 Total splits: 367 Good splits: 341
Reward: 48579.6680218 Total splits: 318 Good splits: 298
Reward: 48334.5990443 Total splits: 318 Good splits: 294
Reward: 49206.7879154 Total splits: 338 Good splits: 308
Reward: 48639.3847551 Total splits: 361 Good splits: 330
Reward: 47136.4615341 Total splits: 332 Good splits: 317
Reward: 49202.2685444 Total splits: 343 Good splits: 320
Reward: 47901.1379826 Total splits: 327 Good splits: 306

Results after 50 tests
Average total rewards : 48806.7026727
Average total splits  : 340.2
Average good splits   : 317.16
Average good splits % : 93.2275132275

Reward: 48433.085732 Total splits: 323 Good splits: 297
Reward: 47169.7543136 Total splits: 364 Good splits: 338
Reward: 47985.3126035 Total splits: 337 Good splits: 312
Reward: 49902.0508365 Total splits: 335 Good splits: 317
Reward: 50569.8123463 Total splits: 357 Good splits: 339
Reward: 48919.9472087 Total splits: 358 Good splits: 330
Reward: 47998.611975 Total splits: 342 Good splits: 316
Reward: 49281.7219097 Total splits: 321 Good splits: 300
Reward: 49209.4800725 Total splits: 324 Good splits: 304
Reward: 49979.7975677 Total splits: 349 Good splits: 334
Reward: 48032.1667686 Total splits: 327 Good splits: 307
Reward: 48586.2261823 Total splits: 333 Good splits: 314
Reward: 51449.3381771 Total splits: 325 Good splits: 302
Reward: 48386.3130412 Total splits: 306 Good splits: 291
Reward: 50500.398664 Total splits: 344 Good splits: 328
Reward: 45673.6013129 Total splits: 325 Good splits: 307
Reward: 49733.2932345 Total splits: 357 Good splits: 333
Reward: 48441.4704458 Total splits: 332 Good splits: 305
Reward: 49409.750542 Total splits: 339 Good splits: 319
Reward: 49515.6955471 Total splits: 359 Good splits: 331
Reward: 51272.5219702 Total splits: 362 Good splits: 343
Reward: 46488.1859168 Total splits: 339 Good splits: 327
Reward: 48204.437596 Total splits: 329 Good splits: 296
Reward: 51012.5799562 Total splits: 348 Good splits: 320
Reward: 48770.2125431 Total splits: 336 Good splits: 310
Reward: 49263.2838822 Total splits: 357 Good splits: 326
Reward: 50031.3113829 Total splits: 353 Good splits: 336
Reward: 46931.5784546 Total splits: 335 Good splits: 307
Reward: 50691.8028354 Total splits: 349 Good splits: 310
Reward: 49051.9278538 Total splits: 332 Good splits: 313
Reward: 49677.1225987 Total splits: 341 Good splits: 316
Reward: 50084.1725102 Total splits: 341 Good splits: 310
Reward: 48816.925933 Total splits: 348 Good splits: 326
Reward: 43753.2633883 Total splits: 326 Good splits: 301
Reward: 49626.921962 Total splits: 343 Good splits: 315
Reward: 48316.4746995 Total splits: 321 Good splits: 307
Reward: 49434.9463769 Total splits: 348 Good splits: 330
Reward: 48703.5135795 Total splits: 338 Good splits: 316
Reward: 49071.4135197 Total splits: 339 Good splits: 317
Reward: 50254.6711436 Total splits: 336 Good splits: 312
Reward: 48578.7498204 Total splits: 354 Good splits: 339
Reward: 48664.3322976 Total splits: 324 Good splits: 305
Reward: 46673.4687032 Total splits: 318 Good splits: 297
Reward: 51071.18281 Total splits: 335 Good splits: 308
Reward: 49534.1959259 Total splits: 350 Good splits: 327
Reward: 50496.2884122 Total splits: 337 Good splits: 323
Reward: 48020.7637193 Total splits: 318 Good splits: 300
Reward: 49958.6744866 Total splits: 334 Good splits: 314
Reward: 47834.9777843 Total splits: 346 Good splits: 318
Reward: 50561.8761694 Total splits: 346 Good splits: 316

Results after 50 tests
Average total rewards : 49000.5921342
Average total splits  : 338.8
Average good splits   : 316.18
Average good splits % : 93.3234946871

