Reward: 47559.9244933 Total splits: 322 Good splits: 302
Reward: 47851.8038459 Total splits: 332 Good splits: 319
Reward: 46905.7988015 Total splits: 325 Good splits: 302
Reward: 48671.4969683 Total splits: 342 Good splits: 315
Reward: 48041.6406734 Total splits: 327 Good splits: 308
Reward: 49377.9795993 Total splits: 351 Good splits: 334
Reward: 44530.080894 Total splits: 348 Good splits: 321
Reward: 46405.6266817 Total splits: 325 Good splits: 298
Reward: 49458.5524188 Total splits: 328 Good splits: 303
Reward: 48538.6408425 Total splits: 329 Good splits: 306
Reward: 50366.7793322 Total splits: 334 Good splits: 308
Reward: 49336.6586693 Total splits: 338 Good splits: 317
Reward: 50364.1280661 Total splits: 318 Good splits: 294
Reward: 45482.4188261 Total splits: 313 Good splits: 290
Reward: 48590.161279 Total splits: 344 Good splits: 323
Reward: 46403.8467767 Total splits: 343 Good splits: 325
Reward: 48447.0090223 Total splits: 319 Good splits: 296
Reward: 49817.3251769 Total splits: 338 Good splits: 314
Reward: 47350.6223804 Total splits: 321 Good splits: 302
Reward: 38772.7742503 Total splits: 317 Good splits: 300
Reward: 49241.320262 Total splits: 322 Good splits: 294
Reward: 51045.016253 Total splits: 338 Good splits: 318
Reward: 49892.4392021 Total splits: 329 Good splits: 307
Reward: 48425.6945799 Total splits: 338 Good splits: 313
Reward: 48029.7050373 Total splits: 301 Good splits: 279
Reward: 49713.9254371 Total splits: 321 Good splits: 306
Reward: 47428.8928691 Total splits: 330 Good splits: 305
Reward: 51169.754408 Total splits: 361 Good splits: 338
Reward: 48459.0871512 Total splits: 331 Good splits: 308
Reward: 46973.2419159 Total splits: 312 Good splits: 295
Reward: 49655.2148701 Total splits: 366 Good splits: 345
Reward: 48177.4700775 Total splits: 323 Good splits: 303
Reward: 45732.7102853 Total splits: 335 Good splits: 314
Reward: 48394.3402408 Total splits: 333 Good splits: 308
Reward: 50010.994054 Total splits: 343 Good splits: 316
Reward: 49767.2908345 Total splits: 340 Good splits: 320
Reward: 48131.7835084 Total splits: 359 Good splits: 340
Reward: 48428.0183928 Total splits: 343 Good splits: 320
Reward: 50712.3128969 Total splits: 336 Good splits: 320
Reward: 50181.5844579 Total splits: 313 Good splits: 296
Reward: 50689.0741276 Total splits: 335 Good splits: 303
Reward: 47066.9514809 Total splits: 329 Good splits: 310
Reward: 44751.5242044 Total splits: 347 Good splits: 327
Reward: 48686.924033 Total splits: 320 Good splits: 289
Reward: 47227.3855276 Total splits: 327 Good splits: 303
Reward: 49372.3720912 Total splits: 330 Good splits: 312
Reward: 42256.8118275 Total splits: 327 Good splits: 301
Reward: 43065.4027615 Total splits: 319 Good splits: 294
Reward: 48098.6741736 Total splits: 324 Good splits: 301
Reward: 50158.4188367 Total splits: 351 Good splits: 333

Results after 50 tests
Average total rewards : 48064.3520959
Average total splits  : 331.94
Average good splits   : 309.9
Average good splits % : 93.3602458276

Reward: 49619.1061936 Total splits: 325 Good splits: 312
Reward: 44973.5061738 Total splits: 329 Good splits: 302
Reward: 50245.5203953 Total splits: 338 Good splits: 314
Reward: 47409.0886098 Total splits: 333 Good splits: 311
Reward: 45269.9686609 Total splits: 329 Good splits: 306
Reward: 48691.0450843 Total splits: 337 Good splits: 324
Reward: 49439.7063172 Total splits: 348 Good splits: 322
Reward: 45059.1849297 Total splits: 316 Good splits: 294
Reward: 49163.9330447 Total splits: 350 Good splits: 330
Reward: 49701.3383705 Total splits: 334 Good splits: 314
Reward: 50917.4915226 Total splits: 348 Good splits: 320
Reward: 47671.4032714 Total splits: 346 Good splits: 315
Reward: 48891.5854768 Total splits: 340 Good splits: 321
Reward: 48249.091226 Total splits: 330 Good splits: 315
Reward: 49243.1296176 Total splits: 341 Good splits: 310
Reward: 48662.2230033 Total splits: 353 Good splits: 321
Reward: 50394.3361125 Total splits: 334 Good splits: 311
Reward: 45847.1717957 Total splits: 313 Good splits: 295
Reward: 50225.6073384 Total splits: 343 Good splits: 320
Reward: 50698.3500537 Total splits: 334 Good splits: 307
Reward: 45671.6806415 Total splits: 341 Good splits: 311
Reward: 48306.0714026 Total splits: 320 Good splits: 293
Reward: 49132.7373687 Total splits: 319 Good splits: 290
Reward: 49337.1523855 Total splits: 335 Good splits: 309
Reward: 46831.4038971 Total splits: 324 Good splits: 304
Reward: 50171.0180888 Total splits: 331 Good splits: 320
Reward: 51165.1778499 Total splits: 338 Good splits: 321
Reward: 48191.560917 Total splits: 313 Good splits: 298
Reward: 49528.7522189 Total splits: 343 Good splits: 315
Reward: 46845.5157204 Total splits: 338 Good splits: 324
Reward: 48631.5025113 Total splits: 352 Good splits: 326
Reward: 46508.791184 Total splits: 321 Good splits: 302
Reward: 49439.1669732 Total splits: 324 Good splits: 308
Reward: 46033.6537656 Total splits: 316 Good splits: 293
Reward: 45921.0619054 Total splits: 329 Good splits: 312
Reward: 50544.5909956 Total splits: 338 Good splits: 316
Reward: 50334.5614818 Total splits: 331 Good splits: 316
Reward: 45979.551162 Total splits: 325 Good splits: 297
Reward: 49596.4520117 Total splits: 325 Good splits: 303
Reward: 47648.6619403 Total splits: 330 Good splits: 305
Reward: 46946.7625216 Total splits: 317 Good splits: 295
Reward: 50200.1156732 Total splits: 331 Good splits: 310
Reward: 46689.5303397 Total splits: 338 Good splits: 320
Reward: 48194.4077062 Total splits: 344 Good splits: 321
Reward: 48067.1868989 Total splits: 336 Good splits: 319
Reward: 47114.937226 Total splits: 331 Good splits: 310
Reward: 48983.6364716 Total splits: 350 Good splits: 322
Reward: 50214.1628915 Total splits: 332 Good splits: 306
Reward: 48522.2116829 Total splits: 344 Good splits: 323
Reward: 49450.1401913 Total splits: 323 Good splits: 304

Results after 50 tests
Average total rewards : 48411.4988644
Average total splits  : 333.2
Average good splits   : 311.14
Average good splits % : 93.3793517407

Reward: 48537.913646 Total splits: 338 Good splits: 308
Reward: 49883.3886426 Total splits: 344 Good splits: 321
Reward: 50653.9576617 Total splits: 351 Good splits: 332
Reward: 48933.3214387 Total splits: 327 Good splits: 311
Reward: 45179.4722608 Total splits: 329 Good splits: 312
Reward: 50214.9764405 Total splits: 323 Good splits: 300
Reward: 47851.5248306 Total splits: 332 Good splits: 308
Reward: 48328.8429986 Total splits: 319 Good splits: 308
Reward: 45599.0289715 Total splits: 331 Good splits: 313
Reward: 50296.8612336 Total splits: 341 Good splits: 318
Reward: 48922.7358349 Total splits: 315 Good splits: 298
Reward: 47564.1786979 Total splits: 308 Good splits: 296
Reward: 48965.8333896 Total splits: 337 Good splits: 320
Reward: 49587.2673833 Total splits: 340 Good splits: 314
Reward: 49244.4797916 Total splits: 335 Good splits: 301
Reward: 49366.3721739 Total splits: 335 Good splits: 322
Reward: 46547.9032217 Total splits: 329 Good splits: 304
Reward: 41803.6904336 Total splits: 305 Good splits: 276
Reward: 44724.8311378 Total splits: 332 Good splits: 310
Reward: 49566.6270401 Total splits: 330 Good splits: 305
Reward: 47660.4759774 Total splits: 324 Good splits: 310
Reward: 49386.8489989 Total splits: 323 Good splits: 308
Reward: 49093.0803242 Total splits: 303 Good splits: 283
Reward: 48353.3961967 Total splits: 318 Good splits: 297
Reward: 50428.6570558 Total splits: 328 Good splits: 309
Reward: 49925.243932 Total splits: 339 Good splits: 318
Reward: 47839.3245282 Total splits: 320 Good splits: 300
Reward: 45525.2266064 Total splits: 300 Good splits: 277
Reward: 50803.8445591 Total splits: 328 Good splits: 303
Reward: 48965.3783835 Total splits: 327 Good splits: 310
Reward: 51132.9863235 Total splits: 347 Good splits: 320
Reward: 50682.1676648 Total splits: 329 Good splits: 306
Reward: 47667.6964923 Total splits: 329 Good splits: 305
Reward: 50233.9736246 Total splits: 347 Good splits: 326
Reward: 47747.1786445 Total splits: 311 Good splits: 289
Reward: 50854.1593192 Total splits: 335 Good splits: 312
Reward: 48915.1478445 Total splits: 315 Good splits: 301
Reward: 48800.7337003 Total splits: 336 Good splits: 318
Reward: 47799.963397 Total splits: 330 Good splits: 304
Reward: 45888.7489812 Total splits: 327 Good splits: 308
Reward: 48412.5324933 Total splits: 325 Good splits: 299
Reward: 49108.298409 Total splits: 318 Good splits: 300
Reward: 50366.204259 Total splits: 334 Good splits: 314
Reward: 50719.2311117 Total splits: 338 Good splits: 321
Reward: 43688.5260448 Total splits: 333 Good splits: 322
Reward: 49287.3172754 Total splits: 335 Good splits: 308
Reward: 51437.7391405 Total splits: 338 Good splits: 313
Reward: 50317.8843577 Total splits: 323 Good splits: 305
Reward: 48567.733105 Total splits: 333 Good splits: 300
Reward: 45937.265793 Total splits: 325 Good splits: 301

Results after 50 tests
Average total rewards : 48546.4034355
Average total splits  : 328.38
Average good splits   : 307.28
Average good splits % : 93.5745173275

Reward: 49333.3331294 Total splits: 336 Good splits: 311
Reward: 48767.7037312 Total splits: 321 Good splits: 303
Reward: 50157.4609939 Total splits: 351 Good splits: 332
Reward: 48101.6517386 Total splits: 323 Good splits: 296
Reward: 48683.176827 Total splits: 358 Good splits: 336
Reward: 50937.3430679 Total splits: 334 Good splits: 311
Reward: 50504.9792859 Total splits: 338 Good splits: 313
Reward: 49287.5978407 Total splits: 360 Good splits: 338
Reward: 50315.7799454 Total splits: 364 Good splits: 342
Reward: 45905.6793165 Total splits: 347 Good splits: 322
Reward: 49334.2743565 Total splits: 310 Good splits: 291
Reward: 46368.4695077 Total splits: 333 Good splits: 303
Reward: 49253.1839886 Total splits: 343 Good splits: 319
Reward: 50415.7447673 Total splits: 313 Good splits: 293
Reward: 49948.6013129 Total splits: 303 Good splits: 277
Reward: 49606.6813096 Total splits: 336 Good splits: 316
Reward: 44261.799791 Total splits: 310 Good splits: 291
Reward: 50340.154375 Total splits: 333 Good splits: 316
Reward: 48089.6715994 Total splits: 320 Good splits: 300
Reward: 45863.8220549 Total splits: 319 Good splits: 294
Reward: 47731.1224734 Total splits: 324 Good splits: 303
Reward: 49736.7348558 Total splits: 341 Good splits: 319
Reward: 49166.9692395 Total splits: 303 Good splits: 276
Reward: 50572.1051816 Total splits: 328 Good splits: 311
Reward: 47049.4302855 Total splits: 311 Good splits: 295
Reward: 50166.547409 Total splits: 332 Good splits: 315
Reward: 48213.9730145 Total splits: 339 Good splits: 320
Reward: 50320.3495239 Total splits: 317 Good splits: 296
Reward: 49980.1728552 Total splits: 323 Good splits: 310
Reward: 48654.0901957 Total splits: 330 Good splits: 310
Reward: 47476.479709 Total splits: 334 Good splits: 303
Reward: 50672.998838 Total splits: 331 Good splits: 309
Reward: 49393.9652955 Total splits: 333 Good splits: 309
Reward: 49200.0069208 Total splits: 323 Good splits: 307
Reward: 47875.2228844 Total splits: 324 Good splits: 293
Reward: 49370.1898785 Total splits: 319 Good splits: 298
Reward: 48565.6064995 Total splits: 319 Good splits: 298
Reward: 48485.2901965 Total splits: 320 Good splits: 285
Reward: 49358.9618203 Total splits: 322 Good splits: 305
Reward: 49724.3740768 Total splits: 331 Good splits: 313
Reward: 50211.7408516 Total splits: 318 Good splits: 306
Reward: 45789.2345276 Total splits: 322 Good splits: 302
Reward: 49526.8297422 Total splits: 323 Good splits: 304
Reward: 45022.6599551 Total splits: 303 Good splits: 284
Reward: 48624.2862869 Total splits: 331 Good splits: 315
Reward: 48222.73096 Total splits: 334 Good splits: 308
Reward: 50366.0942275 Total splits: 327 Good splits: 306
Reward: 48890.7073012 Total splits: 328 Good splits: 302
Reward: 48149.2289381 Total splits: 326 Good splits: 307
Reward: 48840.7827448 Total splits: 328 Good splits: 315

Results after 50 tests
Average total rewards : 48816.7199125
Average total splits  : 327.92
Average good splits   : 306.56
Average good splits % : 93.4862161503

