Reward: 44611.3808352 Total splits: 281 Good splits: 277
Reward: 43424.9066975 Total splits: 262 Good splits: 250
Reward: 42796.1748416 Total splits: 260 Good splits: 249
Reward: 43135.911492 Total splits: 293 Good splits: 282
Reward: 43791.5241581 Total splits: 286 Good splits: 270
Reward: 40344.2473189 Total splits: 256 Good splits: 244
Reward: 44989.7449902 Total splits: 281 Good splits: 272
Reward: 45813.708186 Total splits: 295 Good splits: 286
Reward: 42762.8131685 Total splits: 255 Good splits: 231
Reward: 47859.1090975 Total splits: 281 Good splits: 274
Reward: 42439.1890333 Total splits: 252 Good splits: 245
Reward: 39450.3691754 Total splits: 260 Good splits: 240
Reward: 41690.7876684 Total splits: 249 Good splits: 231
Reward: 44625.6466667 Total splits: 279 Good splits: 273
Reward: 37678.9905943 Total splits: 256 Good splits: 227
Reward: 44542.9845793 Total splits: 259 Good splits: 250
Reward: 45104.1281371 Total splits: 263 Good splits: 257
Reward: 45999.0071872 Total splits: 283 Good splits: 272
Reward: 47828.2644413 Total splits: 279 Good splits: 262
Reward: 44019.5731642 Total splits: 248 Good splits: 239
Reward: 46607.2302444 Total splits: 275 Good splits: 262
Reward: 41729.1091217 Total splits: 284 Good splits: 273
Reward: 44501.5032249 Total splits: 273 Good splits: 260
Reward: 46467.95676 Total splits: 269 Good splits: 263
Reward: 33702.137048 Total splits: 262 Good splits: 249
Reward: 45203.238971 Total splits: 286 Good splits: 281
Reward: 40057.4813221 Total splits: 283 Good splits: 264
Reward: 43349.856306 Total splits: 260 Good splits: 249
Reward: 48723.0295847 Total splits: 304 Good splits: 291
Reward: 42459.6854703 Total splits: 272 Good splits: 258
Reward: 40373.5531801 Total splits: 254 Good splits: 241
Reward: 46269.9927881 Total splits: 315 Good splits: 295
Reward: 44244.0817181 Total splits: 262 Good splits: 250
Reward: 45409.7044836 Total splits: 274 Good splits: 267
Reward: 40396.7246309 Total splits: 257 Good splits: 245
Reward: 44083.537622 Total splits: 278 Good splits: 263
Reward: 40861.6514692 Total splits: 275 Good splits: 260
Reward: 44715.0928317 Total splits: 274 Good splits: 265
Reward: 46473.5795539 Total splits: 316 Good splits: 310
Reward: 41537.4769793 Total splits: 296 Good splits: 280
Reward: 44138.7724065 Total splits: 277 Good splits: 263
Reward: 48116.1671944 Total splits: 296 Good splits: 273
Reward: 44608.3079603 Total splits: 281 Good splits: 272
Reward: 42192.7430848 Total splits: 263 Good splits: 243
Reward: 45768.8293069 Total splits: 275 Good splits: 256
Reward: 43832.3136562 Total splits: 292 Good splits: 282
Reward: 44989.8508904 Total splits: 280 Good splits: 266
Reward: 42862.2799261 Total splits: 273 Good splits: 266
Reward: 40489.0753829 Total splits: 272 Good splits: 263
Reward: 43217.9290572 Total splits: 280 Good splits: 265

Results after 50 tests
Average total rewards : 43605.8270722
Average total splits  : 274.72
Average good splits   : 262.12
Average good splits % : 95.4135119394

Reward: 43565.3005032 Total splits: 278 Good splits: 251
Reward: 44663.7008721 Total splits: 286 Good splits: 280
Reward: 40225.6917027 Total splits: 259 Good splits: 245
Reward: 45368.9296966 Total splits: 287 Good splits: 277
Reward: 42749.8181603 Total splits: 253 Good splits: 235
Reward: 40777.6176132 Total splits: 260 Good splits: 235
Reward: 43775.454316 Total splits: 270 Good splits: 264
Reward: 49646.0503635 Total splits: 299 Good splits: 288
Reward: 35785.8977463 Total splits: 233 Good splits: 209
Reward: 44891.6717475 Total splits: 274 Good splits: 259
Reward: 40639.211313 Total splits: 283 Good splits: 266
Reward: 46547.030982 Total splits: 313 Good splits: 292
Reward: 45030.1708103 Total splits: 298 Good splits: 288
Reward: 45555.8459913 Total splits: 266 Good splits: 251
Reward: 46292.327604 Total splits: 288 Good splits: 280
Reward: 48653.6853725 Total splits: 282 Good splits: 271
Reward: 44178.6549586 Total splits: 278 Good splits: 269
Reward: 42749.978893 Total splits: 285 Good splits: 274
Reward: 42167.5808404 Total splits: 284 Good splits: 270
Reward: 42800.2181933 Total splits: 261 Good splits: 257
Reward: 47138.4365454 Total splits: 295 Good splits: 282
Reward: 47227.1519782 Total splits: 267 Good splits: 255
Reward: 44878.2135482 Total splits: 275 Good splits: 271
Reward: 41046.5060863 Total splits: 277 Good splits: 271
Reward: 46483.3222339 Total splits: 312 Good splits: 309
Reward: 48593.055738 Total splits: 280 Good splits: 267
Reward: 45217.8910574 Total splits: 279 Good splits: 268
Reward: 45029.3500662 Total splits: 266 Good splits: 259
Reward: 40752.685509 Total splits: 280 Good splits: 269
Reward: 32221.2815753 Total splits: 246 Good splits: 220
Reward: 42797.5226933 Total splits: 306 Good splits: 293
Reward: 45373.7161296 Total splits: 279 Good splits: 268
Reward: 42143.8637244 Total splits: 282 Good splits: 266
Reward: 42652.6013402 Total splits: 293 Good splits: 286
Reward: 42397.3029284 Total splits: 278 Good splits: 266
Reward: 41278.9770083 Total splits: 266 Good splits: 251
Reward: 43118.0966264 Total splits: 262 Good splits: 257
Reward: 38998.9584305 Total splits: 237 Good splits: 217
Reward: 45891.7024167 Total splits: 287 Good splits: 279
Reward: 42943.1337942 Total splits: 273 Good splits: 254
Reward: 44947.0851384 Total splits: 270 Good splits: 260
Reward: 42366.4514243 Total splits: 270 Good splits: 263
Reward: 46904.3050311 Total splits: 305 Good splits: 291
Reward: 38089.1264631 Total splits: 264 Good splits: 255
Reward: 47926.5720314 Total splits: 279 Good splits: 274
Reward: 36211.8228759 Total splits: 249 Good splits: 235
Reward: 44724.2745466 Total splits: 262 Good splits: 253
Reward: 47822.1570968 Total splits: 265 Good splits: 259
Reward: 45449.0463372 Total splits: 287 Good splits: 280
Reward: 40576.8480248 Total splits: 267 Good splits: 252

Results after 50 tests
Average total rewards : 43545.3259216
Average total splits  : 275.9
Average good splits   : 263.82
Average good splits % : 95.6216020297

Reward: 40119.6413292 Total splits: 292 Good splits: 283
Reward: 46419.9492535 Total splits: 270 Good splits: 254
Reward: 43608.8759761 Total splits: 257 Good splits: 246
Reward: 47405.0272755 Total splits: 273 Good splits: 259
Reward: 44919.9829125 Total splits: 253 Good splits: 238
Reward: 43843.2784223 Total splits: 251 Good splits: 225
Reward: 44460.7566668 Total splits: 301 Good splits: 291
Reward: 46651.6998815 Total splits: 281 Good splits: 264
Reward: 44933.3148049 Total splits: 244 Good splits: 226
Reward: 45722.9639079 Total splits: 282 Good splits: 277
Reward: 38764.9529719 Total splits: 276 Good splits: 249
Reward: 45877.104807 Total splits: 311 Good splits: 294
Reward: 43085.9823432 Total splits: 292 Good splits: 280
Reward: 43729.8833714 Total splits: 272 Good splits: 261
Reward: 44852.9023791 Total splits: 284 Good splits: 273
Reward: 45139.7175163 Total splits: 282 Good splits: 271
Reward: 44123.6588568 Total splits: 274 Good splits: 251
Reward: 46276.1755376 Total splits: 285 Good splits: 264
Reward: 38272.8364964 Total splits: 261 Good splits: 240
Reward: 45690.1392615 Total splits: 272 Good splits: 253
Reward: 44423.8623822 Total splits: 250 Good splits: 224
Reward: 43656.8513056 Total splits: 271 Good splits: 264
Reward: 46126.3015708 Total splits: 275 Good splits: 260
Reward: 41165.6370643 Total splits: 276 Good splits: 261
Reward: 45298.2130343 Total splits: 247 Good splits: 241
Reward: 47120.3439135 Total splits: 295 Good splits: 292
Reward: 47337.4912933 Total splits: 296 Good splits: 288
Reward: 42669.8105756 Total splits: 275 Good splits: 252
Reward: 41999.6836451 Total splits: 281 Good splits: 268
Reward: 42418.4512627 Total splits: 288 Good splits: 273
Reward: 42896.8239392 Total splits: 294 Good splits: 282
Reward: 44332.4791971 Total splits: 267 Good splits: 259
Reward: 44416.8048331 Total splits: 264 Good splits: 252
Reward: 42223.1077884 Total splits: 289 Good splits: 280
Reward: 46226.266029 Total splits: 298 Good splits: 292
Reward: 43786.3608908 Total splits: 269 Good splits: 256
Reward: 43615.2912083 Total splits: 261 Good splits: 253
Reward: 44008.183944 Total splits: 277 Good splits: 266
Reward: 39034.7159895 Total splits: 259 Good splits: 229
Reward: 41682.2645793 Total splits: 249 Good splits: 240
Reward: 47186.5168428 Total splits: 267 Good splits: 256
Reward: 43515.4890117 Total splits: 296 Good splits: 275
Reward: 44408.4918509 Total splits: 271 Good splits: 263
Reward: 45114.2570475 Total splits: 280 Good splits: 271
Reward: 47030.2175249 Total splits: 304 Good splits: 288
Reward: 45369.8241712 Total splits: 267 Good splits: 260
Reward: 42405.2707746 Total splits: 302 Good splits: 284
Reward: 42462.2181356 Total splits: 262 Good splits: 249
Reward: 47959.4898633 Total splits: 286 Good splits: 270
Reward: 45218.0207655 Total splits: 282 Good splits: 270

Results after 50 tests
Average total rewards : 44180.1516881
Average total splits  : 276.22
Average good splits   : 262.34
Average good splits % : 94.9750199117

Reward: 42824.000739 Total splits: 247 Good splits: 236
Reward: 45882.4189518 Total splits: 297 Good splits: 281
Reward: 40423.3040318 Total splits: 255 Good splits: 236
Reward: 42688.2726369 Total splits: 289 Good splits: 276
Reward: 43649.9944448 Total splits: 292 Good splits: 274
Reward: 43907.3335444 Total splits: 296 Good splits: 279
Reward: 48199.5300498 Total splits: 267 Good splits: 258
Reward: 45569.3891594 Total splits: 286 Good splits: 273
Reward: 40792.6413296 Total splits: 274 Good splits: 252
Reward: 39540.3568658 Total splits: 247 Good splits: 241
Reward: 40917.7993916 Total splits: 284 Good splits: 269
Reward: 40749.4544962 Total splits: 293 Good splits: 280
Reward: 44627.9418083 Total splits: 292 Good splits: 285
Reward: 44537.924134 Total splits: 282 Good splits: 262
Reward: 43942.6904916 Total splits: 275 Good splits: 267
Reward: 45489.3110049 Total splits: 278 Good splits: 256
Reward: 39643.3875697 Total splits: 274 Good splits: 268
Reward: 41024.5180152 Total splits: 241 Good splits: 233
Reward: 44361.7419524 Total splits: 311 Good splits: 294
Reward: 46249.2455367 Total splits: 273 Good splits: 263
Reward: 42237.829852 Total splits: 267 Good splits: 257
Reward: 37623.3600079 Total splits: 279 Good splits: 272
Reward: 41414.1101076 Total splits: 271 Good splits: 266
Reward: 45534.2603504 Total splits: 274 Good splits: 266
Reward: 47471.6289188 Total splits: 285 Good splits: 270
Reward: 41535.8360597 Total splits: 238 Good splits: 231
Reward: 46149.3162888 Total splits: 295 Good splits: 279
Reward: 44983.5363915 Total splits: 268 Good splits: 249
Reward: 47866.8866846 Total splits: 285 Good splits: 270
Reward: 46438.9698771 Total splits: 280 Good splits: 271
Reward: 43873.4785669 Total splits: 306 Good splits: 296
Reward: 46742.1240406 Total splits: 259 Good splits: 249
Reward: 40243.8736863 Total splits: 266 Good splits: 263
Reward: 46636.1993986 Total splits: 292 Good splits: 281
Reward: 34477.5770003 Total splits: 251 Good splits: 241
Reward: 42053.6385918 Total splits: 252 Good splits: 240
Reward: 45352.9142114 Total splits: 300 Good splits: 287
Reward: 45951.7810708 Total splits: 297 Good splits: 287
Reward: 48608.1042572 Total splits: 296 Good splits: 277
Reward: 45214.056512 Total splits: 257 Good splits: 242
Reward: 46352.9239646 Total splits: 260 Good splits: 240
Reward: 42445.8004516 Total splits: 293 Good splits: 275
Reward: 48548.5995209 Total splits: 297 Good splits: 283
Reward: 43298.337319 Total splits: 283 Good splits: 268
Reward: 45834.0752031 Total splits: 288 Good splits: 278
Reward: 44974.4902043 Total splits: 281 Good splits: 267
Reward: 44467.8646691 Total splits: 284 Good splits: 275
Reward: 40437.7265343 Total splits: 296 Good splits: 288
Reward: 44364.6190662 Total splits: 274 Good splits: 255
Reward: 43820.6313428 Total splits: 287 Good splits: 277

Results after 50 tests
Average total rewards : 43799.5161261
Average total splits  : 278.28
Average good splits   : 265.66
Average good splits % : 95.4649992813

