Reward: 45578.1919557 Total splits: 335 Good splits: 313
Reward: 52078.9099982 Total splits: 381 Good splits: 335
Reward: 50358.6712823 Total splits: 369 Good splits: 340
Reward: 49362.0403957 Total splits: 342 Good splits: 309
Reward: 46308.2690773 Total splits: 351 Good splits: 325
Reward: 50525.1627315 Total splits: 352 Good splits: 337
Reward: 48643.5179076 Total splits: 347 Good splits: 320
Reward: 48983.7233529 Total splits: 370 Good splits: 347
Reward: 50474.4478371 Total splits: 346 Good splits: 325
Reward: 50558.2401687 Total splits: 353 Good splits: 324
Reward: 47843.2322974 Total splits: 360 Good splits: 341
Reward: 50161.731545 Total splits: 342 Good splits: 321
Reward: 50293.2534594 Total splits: 358 Good splits: 336
Reward: 47190.629967 Total splits: 352 Good splits: 327
Reward: 46919.0352246 Total splits: 352 Good splits: 339
Reward: 50605.9922949 Total splits: 348 Good splits: 317
Reward: 49962.9260233 Total splits: 338 Good splits: 320
Reward: 47231.0139669 Total splits: 338 Good splits: 319
Reward: 47934.5712426 Total splits: 341 Good splits: 305
Reward: 50386.1732854 Total splits: 348 Good splits: 329
Reward: 50460.4606155 Total splits: 357 Good splits: 325
Reward: 50800.7071006 Total splits: 330 Good splits: 306
Reward: 50242.3979802 Total splits: 349 Good splits: 328
Reward: 48622.102367 Total splits: 342 Good splits: 314
Reward: 47271.5902412 Total splits: 321 Good splits: 294
Reward: 49465.6693567 Total splits: 319 Good splits: 295
Reward: 47913.2064205 Total splits: 346 Good splits: 313
Reward: 48207.8351079 Total splits: 337 Good splits: 308
Reward: 50400.5189101 Total splits: 340 Good splits: 307
Reward: 48140.1171744 Total splits: 353 Good splits: 332
Reward: 50930.1349083 Total splits: 317 Good splits: 301
Reward: 48968.4180425 Total splits: 346 Good splits: 331
Reward: 48342.4960145 Total splits: 351 Good splits: 324
Reward: 48443.7926579 Total splits: 338 Good splits: 315
Reward: 51223.0431263 Total splits: 330 Good splits: 300
Reward: 48528.97051 Total splits: 349 Good splits: 326
Reward: 46490.4472527 Total splits: 339 Good splits: 311
Reward: 50859.4985477 Total splits: 350 Good splits: 320
Reward: 49020.6970149 Total splits: 327 Good splits: 304
Reward: 43764.5772326 Total splits: 368 Good splits: 342
Reward: 47842.7680637 Total splits: 340 Good splits: 320
Reward: 45729.2431032 Total splits: 373 Good splits: 352
Reward: 50461.4003974 Total splits: 338 Good splits: 312
Reward: 49332.081741 Total splits: 353 Good splits: 328
Reward: 50217.0442228 Total splits: 365 Good splits: 336
Reward: 48538.7893578 Total splits: 357 Good splits: 334
Reward: 48040.6323409 Total splits: 355 Good splits: 331
Reward: 50427.1277324 Total splits: 355 Good splits: 311
Reward: 49055.7225721 Total splits: 348 Good splits: 328
Reward: 48694.1079821 Total splits: 353 Good splits: 329

Results after 50 tests
Average total rewards : 48956.7066422
Average total splits  : 347.38
Average good splits   : 322.12
Average good splits % : 92.728424204

Reward: 52389.3373996 Total splits: 351 Good splits: 317
Reward: 51112.2315063 Total splits: 361 Good splits: 337
Reward: 47387.5612972 Total splits: 343 Good splits: 326
Reward: 50296.766796 Total splits: 354 Good splits: 330
Reward: 51069.9224398 Total splits: 350 Good splits: 322
Reward: 49704.8487205 Total splits: 349 Good splits: 331
Reward: 49173.7640753 Total splits: 371 Good splits: 342
Reward: 49489.2995632 Total splits: 358 Good splits: 324
Reward: 50875.3920251 Total splits: 393 Good splits: 366
Reward: 49690.8332475 Total splits: 348 Good splits: 325
Reward: 50147.685445 Total splits: 348 Good splits: 330
Reward: 49699.9280146 Total splits: 349 Good splits: 323
Reward: 50175.9951678 Total splits: 355 Good splits: 328
Reward: 48099.5612793 Total splits: 355 Good splits: 335
Reward: 50916.4605866 Total splits: 347 Good splits: 324
Reward: 47383.9282918 Total splits: 334 Good splits: 313
Reward: 51369.0066326 Total splits: 362 Good splits: 346
Reward: 48473.8004625 Total splits: 344 Good splits: 320
Reward: 50152.2606166 Total splits: 339 Good splits: 317
Reward: 47968.868311 Total splits: 350 Good splits: 321
Reward: 49566.1451178 Total splits: 355 Good splits: 337
Reward: 48736.7806945 Total splits: 341 Good splits: 323
Reward: 48214.1147479 Total splits: 378 Good splits: 349
Reward: 50530.3704411 Total splits: 342 Good splits: 325
Reward: 50529.5060004 Total splits: 354 Good splits: 334
Reward: 46701.8375503 Total splits: 361 Good splits: 346
Reward: 50585.2146148 Total splits: 324 Good splits: 298
Reward: 45028.3501928 Total splits: 342 Good splits: 311
Reward: 49650.2229247 Total splits: 375 Good splits: 356
Reward: 45761.4110673 Total splits: 330 Good splits: 301
Reward: 50425.9435237 Total splits: 341 Good splits: 323
Reward: 50615.5822745 Total splits: 350 Good splits: 332
Reward: 49461.8683417 Total splits: 354 Good splits: 331
Reward: 48959.7202517 Total splits: 343 Good splits: 322
Reward: 49416.6280604 Total splits: 346 Good splits: 327
Reward: 48743.5917587 Total splits: 358 Good splits: 331
Reward: 47385.9468506 Total splits: 392 Good splits: 367
Reward: 49930.180187 Total splits: 343 Good splits: 318
Reward: 50675.6940142 Total splits: 359 Good splits: 324
Reward: 50426.7503574 Total splits: 338 Good splits: 315
Reward: 48361.9174054 Total splits: 359 Good splits: 335
Reward: 50014.6440422 Total splits: 358 Good splits: 333
Reward: 50465.1261174 Total splits: 375 Good splits: 343
Reward: 47523.2460619 Total splits: 338 Good splits: 321
Reward: 49911.7774811 Total splits: 354 Good splits: 326
Reward: 45133.1501243 Total splits: 353 Good splits: 319
Reward: 48805.8644217 Total splits: 329 Good splits: 306
Reward: 47476.9690215 Total splits: 347 Good splits: 321
Reward: 50865.8688064 Total splits: 350 Good splits: 336
Reward: 47660.1771847 Total splits: 319 Good splits: 294

Results after 50 tests
Average total rewards : 49262.8410303
Average total splits  : 351.38
Average good splits   : 327.62
Average good splits % : 93.2380898173

Reward: 48844.8585682 Total splits: 366 Good splits: 339
Reward: 48859.8745305 Total splits: 339 Good splits: 320
Reward: 50059.9766384 Total splits: 340 Good splits: 319
Reward: 48871.3912325 Total splits: 355 Good splits: 326
Reward: 48391.9940151 Total splits: 348 Good splits: 320
Reward: 46285.149347 Total splits: 359 Good splits: 333
Reward: 50663.2831664 Total splits: 348 Good splits: 325
Reward: 46191.681966 Total splits: 313 Good splits: 291
Reward: 50336.8674236 Total splits: 313 Good splits: 294
Reward: 48585.5166538 Total splits: 346 Good splits: 325
Reward: 47159.8462345 Total splits: 368 Good splits: 345
Reward: 50053.2798187 Total splits: 324 Good splits: 299
Reward: 50108.337257 Total splits: 358 Good splits: 340
Reward: 45405.6596621 Total splits: 357 Good splits: 334
Reward: 50301.9970763 Total splits: 337 Good splits: 306
Reward: 49228.0972977 Total splits: 341 Good splits: 322
Reward: 46210.162081 Total splits: 377 Good splits: 343
Reward: 49834.885109 Total splits: 361 Good splits: 334
Reward: 51292.5380198 Total splits: 372 Good splits: 349
Reward: 50424.6428771 Total splits: 356 Good splits: 332
Reward: 51311.5448949 Total splits: 349 Good splits: 335
Reward: 50260.289717 Total splits: 351 Good splits: 330
Reward: 49912.7360245 Total splits: 356 Good splits: 329
Reward: 48694.9813918 Total splits: 338 Good splits: 313
Reward: 49583.6807404 Total splits: 357 Good splits: 331
Reward: 47373.6219528 Total splits: 363 Good splits: 331
Reward: 48859.2950223 Total splits: 364 Good splits: 339
Reward: 50372.7100206 Total splits: 365 Good splits: 331
Reward: 49725.5958881 Total splits: 355 Good splits: 326
Reward: 50676.0229477 Total splits: 339 Good splits: 312
Reward: 50522.4286797 Total splits: 370 Good splits: 341
Reward: 45179.2442055 Total splits: 340 Good splits: 317
Reward: 47407.5122273 Total splits: 369 Good splits: 333
Reward: 47104.0890168 Total splits: 357 Good splits: 331
Reward: 49650.5646054 Total splits: 353 Good splits: 328
Reward: 51089.2381711 Total splits: 362 Good splits: 342
Reward: 47723.6568703 Total splits: 345 Good splits: 320
Reward: 50746.8550523 Total splits: 371 Good splits: 345
Reward: 50428.7782819 Total splits: 353 Good splits: 331
Reward: 47042.5914812 Total splits: 355 Good splits: 332
Reward: 49747.4134831 Total splits: 357 Good splits: 327
Reward: 46828.789034 Total splits: 359 Good splits: 343
Reward: 49599.8191196 Total splits: 357 Good splits: 320
Reward: 50488.9418153 Total splits: 353 Good splits: 337
Reward: 49802.0112749 Total splits: 349 Good splits: 325
Reward: 48457.6386012 Total splits: 326 Good splits: 300
Reward: 51063.9151534 Total splits: 364 Good splits: 328
Reward: 47929.2223403 Total splits: 378 Good splits: 347
Reward: 50230.0938986 Total splits: 343 Good splits: 318
Reward: 49979.6748929 Total splits: 347 Good splits: 332

Results after 50 tests
Average total rewards : 49098.0599156
Average total splits  : 352.46
Average good splits   : 327.4
Average good splits % : 92.8899733303

Reward: 48165.5165959 Total splits: 357 Good splits: 328
Reward: 50579.9568561 Total splits: 341 Good splits: 321
Reward: 49524.5775703 Total splits: 309 Good splits: 287
Reward: 49712.825934 Total splits: 343 Good splits: 322
Reward: 50280.2726252 Total splits: 344 Good splits: 316
Reward: 49649.9594901 Total splits: 352 Good splits: 331
Reward: 50845.3570346 Total splits: 328 Good splits: 312
Reward: 49720.480512 Total splits: 346 Good splits: 324
Reward: 47731.1192206 Total splits: 363 Good splits: 344
Reward: 50786.3663838 Total splits: 368 Good splits: 337
Reward: 48997.745769 Total splits: 355 Good splits: 330
Reward: 49863.3363546 Total splits: 337 Good splits: 311
Reward: 47979.430245 Total splits: 361 Good splits: 333
Reward: 50940.4435023 Total splits: 354 Good splits: 328
Reward: 47980.752677 Total splits: 362 Good splits: 336
Reward: 48814.9431083 Total splits: 373 Good splits: 340
Reward: 49604.4447291 Total splits: 357 Good splits: 334
Reward: 48882.0726377 Total splits: 340 Good splits: 314
Reward: 49066.5921796 Total splits: 369 Good splits: 349
Reward: 49784.9456525 Total splits: 366 Good splits: 335
Reward: 50164.1873537 Total splits: 339 Good splits: 313
Reward: 49400.1081291 Total splits: 344 Good splits: 325
Reward: 47638.4161168 Total splits: 339 Good splits: 312
Reward: 49863.6687476 Total splits: 330 Good splits: 306
Reward: 49345.0026441 Total splits: 339 Good splits: 316
Reward: 49358.4719273 Total splits: 359 Good splits: 336
Reward: 49552.5820886 Total splits: 332 Good splits: 312
Reward: 49730.7402589 Total splits: 341 Good splits: 310
Reward: 48746.4417117 Total splits: 322 Good splits: 295
Reward: 50161.4240047 Total splits: 343 Good splits: 314
Reward: 49794.6359957 Total splits: 357 Good splits: 337
Reward: 47329.3953273 Total splits: 360 Good splits: 329
Reward: 49394.4269019 Total splits: 303 Good splits: 278
Reward: 49002.6509605 Total splits: 351 Good splits: 319
Reward: 51395.3577354 Total splits: 382 Good splits: 357
Reward: 48883.2259335 Total splits: 350 Good splits: 316
Reward: 50511.5053378 Total splits: 355 Good splits: 334
Reward: 46772.0312722 Total splits: 324 Good splits: 301
Reward: 49431.5142796 Total splits: 339 Good splits: 323
Reward: 50657.688406 Total splits: 340 Good splits: 323
Reward: 49440.8067636 Total splits: 365 Good splits: 347
Reward: 46019.946492 Total splits: 362 Good splits: 336
Reward: 50484.3914188 Total splits: 349 Good splits: 335
Reward: 49277.2137136 Total splits: 352 Good splits: 331
Reward: 49247.0513893 Total splits: 349 Good splits: 324
Reward: 44761.960471 Total splits: 347 Good splits: 330
Reward: 49509.2421671 Total splits: 348 Good splits: 327
Reward: 46337.1233686 Total splits: 346 Good splits: 322
Reward: 49880.8573607 Total splits: 352 Good splits: 332
Reward: 49106.5556541 Total splits: 346 Good splits: 322

Results after 50 tests
Average total rewards : 49202.1952602
Average total splits  : 347.8
Average good splits   : 323.88
Average good splits % : 93.1224841863

