Reward: 50375.7692791 Total splits: 379 Good splits: 352
Reward: 47088.5653978 Total splits: 342 Good splits: 319
Reward: 47526.7471042 Total splits: 345 Good splits: 326
Reward: 48689.8991382 Total splits: 355 Good splits: 333
Reward: 48566.5722449 Total splits: 347 Good splits: 330
Reward: 49008.5935917 Total splits: 338 Good splits: 306
Reward: 51617.926704 Total splits: 348 Good splits: 327
Reward: 44524.3698941 Total splits: 388 Good splits: 350
Reward: 48883.4493769 Total splits: 341 Good splits: 328
Reward: 48560.2357148 Total splits: 333 Good splits: 310
Reward: 50208.2198047 Total splits: 358 Good splits: 342
Reward: 48898.9745797 Total splits: 342 Good splits: 319
Reward: 48345.4156452 Total splits: 380 Good splits: 348
Reward: 51127.3916664 Total splits: 348 Good splits: 320
Reward: 45484.1662453 Total splits: 361 Good splits: 343
Reward: 48064.2471269 Total splits: 325 Good splits: 304
Reward: 48685.8422597 Total splits: 346 Good splits: 317
Reward: 48104.4017436 Total splits: 335 Good splits: 310
Reward: 51184.5728833 Total splits: 352 Good splits: 319
Reward: 50457.7517076 Total splits: 346 Good splits: 322
Reward: 49204.5425397 Total splits: 337 Good splits: 319
Reward: 51262.1884541 Total splits: 343 Good splits: 323
Reward: 48528.0305684 Total splits: 374 Good splits: 345
Reward: 48619.3009431 Total splits: 340 Good splits: 319
Reward: 49257.7914206 Total splits: 343 Good splits: 315
Reward: 50497.0479347 Total splits: 341 Good splits: 313
Reward: 50135.0012123 Total splits: 345 Good splits: 326
Reward: 50403.8401198 Total splits: 373 Good splits: 338
Reward: 50881.3287645 Total splits: 323 Good splits: 301
Reward: 50423.8170438 Total splits: 364 Good splits: 335
Reward: 50553.6684169 Total splits: 369 Good splits: 339
Reward: 48729.9572761 Total splits: 349 Good splits: 329
Reward: 49833.9778892 Total splits: 335 Good splits: 303
Reward: 48133.5179602 Total splits: 357 Good splits: 343
Reward: 50584.121214 Total splits: 360 Good splits: 336
Reward: 48440.9945485 Total splits: 354 Good splits: 326
Reward: 50154.8793151 Total splits: 381 Good splits: 356
Reward: 46650.7224384 Total splits: 372 Good splits: 349
Reward: 50231.9016861 Total splits: 341 Good splits: 322
Reward: 48992.7076066 Total splits: 332 Good splits: 308
Reward: 49856.0911194 Total splits: 359 Good splits: 344
Reward: 50437.6451527 Total splits: 312 Good splits: 293
Reward: 49330.9537422 Total splits: 351 Good splits: 335
Reward: 50321.9743335 Total splits: 379 Good splits: 348
Reward: 47979.6076356 Total splits: 364 Good splits: 348
Reward: 49228.378138 Total splits: 342 Good splits: 320
Reward: 48953.7688723 Total splits: 393 Good splits: 364
Reward: 46929.5479107 Total splits: 359 Good splits: 317
Reward: 50457.707401 Total splits: 356 Good splits: 320
Reward: 48142.0614969 Total splits: 356 Good splits: 328

Results after 50 tests
Average total rewards : 49171.2037052
Average total splits  : 352.26
Average good splits   : 327.74
Average good splits % : 93.0392323852

Reward: 47142.6520163 Total splits: 347 Good splits: 316
Reward: 46891.5297572 Total splits: 367 Good splits: 342
Reward: 50597.604353 Total splits: 359 Good splits: 338
Reward: 50741.930699 Total splits: 358 Good splits: 335
Reward: 48352.8212783 Total splits: 348 Good splits: 314
Reward: 49813.9413252 Total splits: 356 Good splits: 328
Reward: 50500.1281038 Total splits: 357 Good splits: 339
Reward: 49958.7762729 Total splits: 359 Good splits: 336
Reward: 49282.2410853 Total splits: 342 Good splits: 314
Reward: 50226.611139 Total splits: 370 Good splits: 343
Reward: 50546.8306654 Total splits: 344 Good splits: 319
Reward: 50882.2554503 Total splits: 365 Good splits: 337
Reward: 50138.9338454 Total splits: 346 Good splits: 328
Reward: 50640.6558452 Total splits: 338 Good splits: 320
Reward: 47191.5200915 Total splits: 322 Good splits: 300
Reward: 50616.8801669 Total splits: 357 Good splits: 334
Reward: 51398.8400011 Total splits: 350 Good splits: 325
Reward: 50497.0905059 Total splits: 361 Good splits: 326
Reward: 49960.0431717 Total splits: 333 Good splits: 314
Reward: 46674.3089088 Total splits: 338 Good splits: 312
Reward: 51612.8449615 Total splits: 375 Good splits: 350
Reward: 50608.9413141 Total splits: 373 Good splits: 348
Reward: 51450.6236613 Total splits: 346 Good splits: 319
Reward: 49800.6857695 Total splits: 353 Good splits: 331
Reward: 49454.8354093 Total splits: 346 Good splits: 309
Reward: 48699.9441076 Total splits: 367 Good splits: 340
Reward: 49752.0319201 Total splits: 353 Good splits: 333
Reward: 50383.0783193 Total splits: 332 Good splits: 306
Reward: 48886.5679026 Total splits: 364 Good splits: 339
Reward: 50024.6953823 Total splits: 343 Good splits: 306
Reward: 50915.7303804 Total splits: 353 Good splits: 327
Reward: 50351.016953 Total splits: 345 Good splits: 319
Reward: 47854.9742815 Total splits: 348 Good splits: 326
Reward: 48717.1503082 Total splits: 327 Good splits: 305
Reward: 49515.2020327 Total splits: 369 Good splits: 338
Reward: 48771.2978376 Total splits: 345 Good splits: 318
Reward: 45435.3234868 Total splits: 351 Good splits: 324
Reward: 49977.9398678 Total splits: 344 Good splits: 310
Reward: 48225.6483015 Total splits: 371 Good splits: 346
Reward: 45810.6943237 Total splits: 354 Good splits: 328
Reward: 50197.3236126 Total splits: 326 Good splits: 303
Reward: 50816.8374294 Total splits: 343 Good splits: 312
Reward: 48656.2901268 Total splits: 329 Good splits: 306
Reward: 46869.6890963 Total splits: 350 Good splits: 331
Reward: 48786.0195656 Total splits: 342 Good splits: 318
Reward: 48688.7741198 Total splits: 340 Good splits: 326
Reward: 50231.8582892 Total splits: 356 Good splits: 328
Reward: 48588.3988688 Total splits: 362 Good splits: 341
Reward: 49418.5621851 Total splits: 346 Good splits: 319
Reward: 49141.6139564 Total splits: 370 Good splits: 348

Results after 50 tests
Average total rewards : 49394.0037691
Average total splits  : 350.8
Average good splits   : 325.48
Average good splits % : 92.7822120867

Reward: 49751.846962 Total splits: 357 Good splits: 335
Reward: 48197.4258692 Total splits: 309 Good splits: 298
Reward: 49126.8512333 Total splits: 368 Good splits: 334
Reward: 49838.132932 Total splits: 341 Good splits: 306
Reward: 49564.8048951 Total splits: 362 Good splits: 329
Reward: 48394.316305 Total splits: 338 Good splits: 309
Reward: 49000.6375876 Total splits: 349 Good splits: 332
Reward: 50293.423587 Total splits: 355 Good splits: 336
Reward: 48336.7769181 Total splits: 331 Good splits: 308
Reward: 50369.2201957 Total splits: 336 Good splits: 306
Reward: 47970.0751431 Total splits: 333 Good splits: 315
Reward: 49496.5057229 Total splits: 342 Good splits: 311
Reward: 50063.3282671 Total splits: 339 Good splits: 310
Reward: 49494.9559019 Total splits: 357 Good splits: 335
Reward: 50251.7615871 Total splits: 361 Good splits: 340
Reward: 48765.3551523 Total splits: 346 Good splits: 317
Reward: 49727.8996521 Total splits: 356 Good splits: 324
Reward: 49174.7258522 Total splits: 374 Good splits: 345
Reward: 49257.6939852 Total splits: 343 Good splits: 322
Reward: 49527.5890153 Total splits: 359 Good splits: 336
Reward: 50960.2247229 Total splits: 339 Good splits: 314
Reward: 49503.9674818 Total splits: 355 Good splits: 319
Reward: 51476.6633508 Total splits: 343 Good splits: 311
Reward: 51465.7894783 Total splits: 356 Good splits: 331
Reward: 47914.3018847 Total splits: 332 Good splits: 312
Reward: 50371.2116178 Total splits: 329 Good splits: 310
Reward: 50879.4195164 Total splits: 316 Good splits: 287
Reward: 48282.7283241 Total splits: 347 Good splits: 312
Reward: 50965.3235772 Total splits: 333 Good splits: 313
Reward: 50167.5634203 Total splits: 355 Good splits: 336
Reward: 50835.0599272 Total splits: 358 Good splits: 331
Reward: 49483.2339849 Total splits: 348 Good splits: 324
Reward: 47900.9755308 Total splits: 357 Good splits: 336
Reward: 51305.3898002 Total splits: 368 Good splits: 342
Reward: 49544.5937683 Total splits: 339 Good splits: 315
Reward: 48974.2750865 Total splits: 354 Good splits: 328
Reward: 50687.0869388 Total splits: 347 Good splits: 316
Reward: 50279.2910896 Total splits: 365 Good splits: 342
Reward: 50032.0600931 Total splits: 359 Good splits: 337
Reward: 50651.604825 Total splits: 360 Good splits: 333
Reward: 49644.4145859 Total splits: 346 Good splits: 315
Reward: 45864.6272668 Total splits: 329 Good splits: 304
Reward: 50548.7443617 Total splits: 333 Good splits: 307
Reward: 47688.504272 Total splits: 356 Good splits: 331
Reward: 51095.5663359 Total splits: 358 Good splits: 313
Reward: 46463.1808513 Total splits: 363 Good splits: 340
Reward: 48693.9521934 Total splits: 330 Good splits: 314
Reward: 50910.709949 Total splits: 354 Good splits: 333
Reward: 46964.2609162 Total splits: 369 Good splits: 340
Reward: 50703.1372982 Total splits: 373 Good splits: 347

Results after 50 tests
Average total rewards : 49537.2237843
Average total splits  : 348.54
Average good splits   : 322.82
Average good splits % : 92.6206461238

Reward: 48105.3601208 Total splits: 361 Good splits: 336
Reward: 47677.7413477 Total splits: 340 Good splits: 312
Reward: 47849.9522229 Total splits: 334 Good splits: 319
Reward: 46082.5751358 Total splits: 330 Good splits: 300
Reward: 50533.232167 Total splits: 324 Good splits: 304
Reward: 46409.0912781 Total splits: 320 Good splits: 300
Reward: 48964.0316637 Total splits: 355 Good splits: 330
Reward: 49301.0559102 Total splits: 349 Good splits: 325
Reward: 50664.8361573 Total splits: 358 Good splits: 337
Reward: 50619.0595541 Total splits: 340 Good splits: 318
Reward: 47892.5294049 Total splits: 353 Good splits: 326
Reward: 51329.1542188 Total splits: 359 Good splits: 338
Reward: 48259.3417149 Total splits: 363 Good splits: 343
Reward: 49121.7526985 Total splits: 346 Good splits: 314
Reward: 47277.2313803 Total splits: 352 Good splits: 323
Reward: 49748.9186489 Total splits: 346 Good splits: 314
Reward: 48377.9669329 Total splits: 320 Good splits: 293
Reward: 50781.9699254 Total splits: 369 Good splits: 341
Reward: 50524.4915412 Total splits: 339 Good splits: 321
Reward: 50355.850676 Total splits: 338 Good splits: 319
Reward: 49541.8246816 Total splits: 332 Good splits: 312
Reward: 46206.5195199 Total splits: 364 Good splits: 333
Reward: 51131.0641531 Total splits: 356 Good splits: 321
Reward: 50543.7537692 Total splits: 366 Good splits: 340
Reward: 49941.4481981 Total splits: 351 Good splits: 322
Reward: 48411.8267253 Total splits: 358 Good splits: 331
Reward: 48876.7989202 Total splits: 338 Good splits: 319
Reward: 47874.3044148 Total splits: 348 Good splits: 324
Reward: 49809.7741969 Total splits: 340 Good splits: 307
Reward: 46593.6010282 Total splits: 343 Good splits: 324
Reward: 51164.8876122 Total splits: 333 Good splits: 308
Reward: 50641.8716197 Total splits: 344 Good splits: 310
Reward: 50327.1548642 Total splits: 336 Good splits: 306
Reward: 50473.5301222 Total splits: 331 Good splits: 298
Reward: 48548.1581438 Total splits: 346 Good splits: 318
Reward: 49959.9628374 Total splits: 347 Good splits: 331
Reward: 49507.9760155 Total splits: 344 Good splits: 319
Reward: 47320.7188078 Total splits: 342 Good splits: 322
Reward: 50894.9780253 Total splits: 322 Good splits: 297
Reward: 50900.6005117 Total splits: 363 Good splits: 350
Reward: 48884.7581887 Total splits: 336 Good splits: 314
Reward: 49639.8578441 Total splits: 381 Good splits: 355
Reward: 49480.5530751 Total splits: 360 Good splits: 336
Reward: 50168.096603 Total splits: 367 Good splits: 336
Reward: 50587.6171169 Total splits: 344 Good splits: 321
Reward: 46684.7995846 Total splits: 333 Good splits: 313
Reward: 49200.3361905 Total splits: 326 Good splits: 301
Reward: 50491.8442167 Total splits: 341 Good splits: 315
Reward: 49971.9149622 Total splits: 344 Good splits: 315
Reward: 50474.0969333 Total splits: 345 Good splits: 323

Results after 50 tests
Average total rewards : 49282.6154316
Average total splits  : 345.54
Average good splits   : 320.68
Average good splits % : 92.8054639116

