Reward: 47483.026022 Total splits: 349 Good splits: 315
Reward: 49809.0746431 Total splits: 347 Good splits: 325
Reward: 51133.2611566 Total splits: 367 Good splits: 340
Reward: 46962.2841098 Total splits: 349 Good splits: 322
Reward: 46911.4307342 Total splits: 347 Good splits: 326
Reward: 47882.925624 Total splits: 340 Good splits: 324
Reward: 47066.7304808 Total splits: 359 Good splits: 328
Reward: 51583.0664054 Total splits: 339 Good splits: 311
Reward: 48527.6459973 Total splits: 351 Good splits: 328
Reward: 48529.6807694 Total splits: 340 Good splits: 317
Reward: 49603.9945727 Total splits: 343 Good splits: 313
Reward: 50817.2632334 Total splits: 369 Good splits: 329
Reward: 46681.5572041 Total splits: 339 Good splits: 312
Reward: 49219.6626389 Total splits: 384 Good splits: 347
Reward: 48950.4529403 Total splits: 326 Good splits: 311
Reward: 47467.2321115 Total splits: 320 Good splits: 299
Reward: 47677.8682802 Total splits: 317 Good splits: 293
Reward: 45834.6011862 Total splits: 350 Good splits: 337
Reward: 49479.2628659 Total splits: 334 Good splits: 308
Reward: 48106.6661026 Total splits: 344 Good splits: 322
Reward: 49716.7804702 Total splits: 354 Good splits: 334
Reward: 48230.5821881 Total splits: 314 Good splits: 297
Reward: 48833.4991667 Total splits: 369 Good splits: 343
Reward: 50458.8467427 Total splits: 340 Good splits: 311
Reward: 49412.0070628 Total splits: 345 Good splits: 322
Reward: 49934.0591442 Total splits: 359 Good splits: 327
Reward: 49389.0939862 Total splits: 350 Good splits: 330
Reward: 50380.7751536 Total splits: 344 Good splits: 318
Reward: 49937.9840283 Total splits: 355 Good splits: 326
Reward: 40531.7818553 Total splits: 355 Good splits: 336
Reward: 49785.9618099 Total splits: 361 Good splits: 346
Reward: 50538.0905238 Total splits: 341 Good splits: 315
Reward: 48186.9824755 Total splits: 338 Good splits: 321
Reward: 48669.4091608 Total splits: 338 Good splits: 315
Reward: 50653.6684077 Total splits: 348 Good splits: 329
Reward: 49523.7751339 Total splits: 355 Good splits: 325
Reward: 50127.3124399 Total splits: 329 Good splits: 310
Reward: 50001.4904039 Total splits: 332 Good splits: 304
Reward: 48904.1966358 Total splits: 339 Good splits: 317
Reward: 47355.3331643 Total splits: 336 Good splits: 313
Reward: 50758.0838687 Total splits: 355 Good splits: 327
Reward: 48127.3518455 Total splits: 326 Good splits: 304
Reward: 51463.4464213 Total splits: 314 Good splits: 292
Reward: 50030.7304029 Total splits: 358 Good splits: 338
Reward: 49774.4800734 Total splits: 343 Good splits: 305
Reward: 48061.2498291 Total splits: 368 Good splits: 342
Reward: 50623.6278206 Total splits: 343 Good splits: 314
Reward: 49938.2002445 Total splits: 340 Good splits: 317
Reward: 49468.9580801 Total splits: 343 Good splits: 316
Reward: 48060.497301 Total splits: 351 Good splits: 323

Results after 50 tests
Average total rewards : 48932.1188584
Average total splits  : 345.14
Average good splits   : 320.48
Average good splits % : 92.8550733036

Reward: 50303.7713773 Total splits: 331 Good splits: 308
Reward: 49447.200158 Total splits: 331 Good splits: 307
Reward: 50810.4361562 Total splits: 343 Good splits: 309
Reward: 48501.407241 Total splits: 368 Good splits: 347
Reward: 48483.1223584 Total splits: 320 Good splits: 302
Reward: 49164.2680154 Total splits: 341 Good splits: 313
Reward: 47872.5686413 Total splits: 370 Good splits: 349
Reward: 50634.0216514 Total splits: 314 Good splits: 296
Reward: 48922.4008248 Total splits: 334 Good splits: 310
Reward: 48724.3966872 Total splits: 342 Good splits: 318
Reward: 47313.0709532 Total splits: 345 Good splits: 328
Reward: 46842.7860139 Total splits: 349 Good splits: 332
Reward: 50986.7530218 Total splits: 346 Good splits: 327
Reward: 50122.8975953 Total splits: 343 Good splits: 316
Reward: 50122.0398891 Total splits: 332 Good splits: 301
Reward: 50814.9947354 Total splits: 331 Good splits: 305
Reward: 49365.851073 Total splits: 350 Good splits: 327
Reward: 44334.7998782 Total splits: 345 Good splits: 318
Reward: 47109.0897102 Total splits: 335 Good splits: 306
Reward: 48781.9530685 Total splits: 364 Good splits: 336
Reward: 50673.3170231 Total splits: 340 Good splits: 315
Reward: 49678.8667084 Total splits: 316 Good splits: 288
Reward: 49818.1277022 Total splits: 344 Good splits: 323
Reward: 47451.8615285 Total splits: 369 Good splits: 334
Reward: 47646.6455795 Total splits: 334 Good splits: 302
Reward: 49160.9084177 Total splits: 346 Good splits: 326
Reward: 50870.7349641 Total splits: 353 Good splits: 324
Reward: 48916.4362408 Total splits: 349 Good splits: 332
Reward: 50460.5767797 Total splits: 340 Good splits: 316
Reward: 46722.7295724 Total splits: 340 Good splits: 316
Reward: 47945.3736161 Total splits: 361 Good splits: 339
Reward: 51013.8465125 Total splits: 327 Good splits: 301
Reward: 51534.6135769 Total splits: 332 Good splits: 310
Reward: 48467.4817274 Total splits: 323 Good splits: 302
Reward: 50489.4216488 Total splits: 353 Good splits: 338
Reward: 46865.0904031 Total splits: 334 Good splits: 312
Reward: 48187.9630012 Total splits: 306 Good splits: 286
Reward: 49851.8285859 Total splits: 396 Good splits: 377
Reward: 49816.0205752 Total splits: 359 Good splits: 324
Reward: 46739.1032323 Total splits: 365 Good splits: 346
Reward: 49270.9787913 Total splits: 350 Good splits: 323
Reward: 50499.9432582 Total splits: 349 Good splits: 321
Reward: 50886.0463314 Total splits: 359 Good splits: 340
Reward: 50461.8694702 Total splits: 337 Good splits: 308
Reward: 50448.3611837 Total splits: 351 Good splits: 322
Reward: 49558.1133985 Total splits: 340 Good splits: 315
Reward: 51072.8876957 Total splits: 354 Good splits: 326
Reward: 49907.2374338 Total splits: 326 Good splits: 304
Reward: 49162.3341224 Total splits: 360 Good splits: 341
Reward: 50144.1193778 Total splits: 335 Good splits: 319

Results after 50 tests
Average total rewards : 49247.6133502
Average total splits  : 343.64
Average good splits   : 319.7
Average good splits % : 93.0334070539

Reward: 46379.3414226 Total splits: 357 Good splits: 335
Reward: 50065.6765412 Total splits: 362 Good splits: 337
Reward: 51263.5390433 Total splits: 336 Good splits: 308
Reward: 50312.7413404 Total splits: 325 Good splits: 303
Reward: 49559.1232991 Total splits: 357 Good splits: 337
Reward: 47823.916034 Total splits: 358 Good splits: 336
Reward: 49802.9846753 Total splits: 361 Good splits: 320
Reward: 48038.4412533 Total splits: 340 Good splits: 320
Reward: 48647.5623557 Total splits: 371 Good splits: 354
Reward: 47863.314265 Total splits: 361 Good splits: 338
Reward: 49636.7865334 Total splits: 321 Good splits: 306
Reward: 47547.0250136 Total splits: 362 Good splits: 345
Reward: 50012.0343738 Total splits: 363 Good splits: 337
Reward: 47522.7107909 Total splits: 351 Good splits: 323
Reward: 48684.4647871 Total splits: 337 Good splits: 314
Reward: 48573.7023823 Total splits: 346 Good splits: 324
Reward: 47471.701139 Total splits: 339 Good splits: 318
Reward: 49710.2573695 Total splits: 344 Good splits: 319
Reward: 49143.6629026 Total splits: 353 Good splits: 329
Reward: 50049.929817 Total splits: 350 Good splits: 324
Reward: 48882.7048083 Total splits: 339 Good splits: 319
Reward: 49459.1625806 Total splits: 349 Good splits: 322
Reward: 51086.1095166 Total splits: 349 Good splits: 331
Reward: 50430.7627641 Total splits: 335 Good splits: 312
Reward: 50059.7803365 Total splits: 348 Good splits: 321
Reward: 49222.4551761 Total splits: 347 Good splits: 328
Reward: 46563.333063 Total splits: 350 Good splits: 323
Reward: 50210.1187653 Total splits: 372 Good splits: 338
Reward: 50892.6978117 Total splits: 350 Good splits: 326
Reward: 47098.1810912 Total splits: 370 Good splits: 349
Reward: 49656.2066315 Total splits: 353 Good splits: 333
Reward: 48632.0747383 Total splits: 344 Good splits: 314
Reward: 47564.5253597 Total splits: 358 Good splits: 322
Reward: 48647.0805055 Total splits: 385 Good splits: 366
Reward: 46945.3897254 Total splits: 344 Good splits: 319
Reward: 49338.7261294 Total splits: 346 Good splits: 328
Reward: 48507.5520009 Total splits: 356 Good splits: 337
Reward: 49181.6493508 Total splits: 364 Good splits: 345
Reward: 49027.9869835 Total splits: 375 Good splits: 341
Reward: 50170.2271952 Total splits: 361 Good splits: 328
Reward: 49349.0351813 Total splits: 337 Good splits: 309
Reward: 47582.1862577 Total splits: 363 Good splits: 337
Reward: 48765.3733557 Total splits: 352 Good splits: 329
Reward: 45004.2024624 Total splits: 343 Good splits: 321
Reward: 50487.950264 Total splits: 349 Good splits: 318
Reward: 50378.9008629 Total splits: 382 Good splits: 350
Reward: 50449.9806812 Total splits: 337 Good splits: 313
Reward: 49827.0930128 Total splits: 368 Good splits: 348
Reward: 49562.9143977 Total splits: 349 Good splits: 320
Reward: 49459.5288032 Total splits: 354 Good splits: 332

Results after 50 tests
Average total rewards : 49011.056103
Average total splits  : 352.46
Average good splits   : 328.12
Average good splits % : 93.09425183

Reward: 49876.5451562 Total splits: 368 Good splits: 343
Reward: 49403.494902 Total splits: 342 Good splits: 319
Reward: 49717.8770432 Total splits: 317 Good splits: 303
Reward: 48678.4862288 Total splits: 337 Good splits: 306
Reward: 49736.8302863 Total splits: 346 Good splits: 317
Reward: 48993.15574 Total splits: 357 Good splits: 340
Reward: 50300.9930818 Total splits: 325 Good splits: 304
Reward: 50349.8099968 Total splits: 340 Good splits: 321
Reward: 50922.785825 Total splits: 337 Good splits: 310
Reward: 47554.3938829 Total splits: 370 Good splits: 342
Reward: 48140.0388873 Total splits: 339 Good splits: 310
Reward: 45751.1217302 Total splits: 346 Good splits: 328
Reward: 47211.9038961 Total splits: 364 Good splits: 338
Reward: 44968.1205365 Total splits: 346 Good splits: 324
Reward: 49126.1900046 Total splits: 336 Good splits: 312
Reward: 50152.6465148 Total splits: 329 Good splits: 300
Reward: 47534.5687723 Total splits: 342 Good splits: 316
Reward: 49684.1490367 Total splits: 348 Good splits: 328
Reward: 49076.9745472 Total splits: 350 Good splits: 326
Reward: 51090.4432942 Total splits: 360 Good splits: 335
Reward: 50098.1797746 Total splits: 359 Good splits: 340
Reward: 50206.5004801 Total splits: 337 Good splits: 318
Reward: 48492.3818415 Total splits: 353 Good splits: 328
Reward: 47443.1500115 Total splits: 359 Good splits: 329
Reward: 47194.5585333 Total splits: 373 Good splits: 349
Reward: 50404.3409371 Total splits: 367 Good splits: 350
Reward: 48316.7042913 Total splits: 319 Good splits: 291
Reward: 50864.935365 Total splits: 340 Good splits: 315
Reward: 50115.4051093 Total splits: 358 Good splits: 328
Reward: 48642.6679502 Total splits: 327 Good splits: 300
Reward: 49947.2783807 Total splits: 350 Good splits: 330
Reward: 49666.7747909 Total splits: 334 Good splits: 305
Reward: 50157.3873324 Total splits: 368 Good splits: 345
Reward: 51192.83228 Total splits: 344 Good splits: 317
Reward: 50068.8793693 Total splits: 323 Good splits: 301
Reward: 48530.8234256 Total splits: 373 Good splits: 347
Reward: 44065.4097873 Total splits: 369 Good splits: 348
Reward: 48656.2723782 Total splits: 374 Good splits: 356
Reward: 50146.9333427 Total splits: 346 Good splits: 321
Reward: 49969.1622567 Total splits: 352 Good splits: 336
Reward: 50442.4045045 Total splits: 373 Good splits: 349
Reward: 47801.5977299 Total splits: 356 Good splits: 334
Reward: 48602.8801648 Total splits: 349 Good splits: 319
Reward: 49587.3284767 Total splits: 360 Good splits: 341
Reward: 48158.9384734 Total splits: 358 Good splits: 328
Reward: 47708.1975538 Total splits: 329 Good splits: 304
Reward: 50312.1549934 Total splits: 357 Good splits: 339
Reward: 50344.6133787 Total splits: 358 Good splits: 338
Reward: 48140.4289184 Total splits: 351 Good splits: 335
Reward: 50129.0503937 Total splits: 341 Good splits: 324

Results after 50 tests
Average total rewards : 49073.5740318
Average total splits  : 349.12
Average good splits   : 325.74
Average good splits % : 93.3031622365

