Reward: 48879.368644 Total splits: 304 Good splits: 292
Reward: 46511.6046656 Total splits: 320 Good splits: 305
Reward: 49326.2283562 Total splits: 303 Good splits: 289
Reward: 46661.0934806 Total splits: 307 Good splits: 291
Reward: 41852.4675457 Total splits: 331 Good splits: 315
Reward: 49068.3650564 Total splits: 329 Good splits: 317
Reward: 46550.5605772 Total splits: 326 Good splits: 313
Reward: 46367.337891 Total splits: 326 Good splits: 313
Reward: 45435.3813339 Total splits: 330 Good splits: 315
Reward: 48814.2067769 Total splits: 311 Good splits: 291
Reward: 49009.3082963 Total splits: 317 Good splits: 302
Reward: 47462.0706918 Total splits: 326 Good splits: 309
Reward: 45106.5332008 Total splits: 304 Good splits: 289
Reward: 48967.0047147 Total splits: 305 Good splits: 289
Reward: 45936.3551635 Total splits: 320 Good splits: 307
Reward: 47477.8164376 Total splits: 342 Good splits: 328
Reward: 45621.4787248 Total splits: 331 Good splits: 317
Reward: 43950.3559334 Total splits: 327 Good splits: 313
Reward: 42555.1957163 Total splits: 306 Good splits: 290
Reward: 41508.7648961 Total splits: 315 Good splits: 300
Reward: 50441.8841664 Total splits: 326 Good splits: 304
Reward: 42841.4556959 Total splits: 346 Good splits: 329
Reward: 48130.8698891 Total splits: 340 Good splits: 325
Reward: 47948.6319719 Total splits: 323 Good splits: 309
Reward: 46768.7815871 Total splits: 298 Good splits: 285
Reward: 46416.6684746 Total splits: 319 Good splits: 303
Reward: 45292.0849904 Total splits: 295 Good splits: 281
Reward: 47800.3684112 Total splits: 339 Good splits: 328
Reward: 47574.6953259 Total splits: 348 Good splits: 332
Reward: 43367.3405616 Total splits: 334 Good splits: 311
Reward: 48789.9723062 Total splits: 310 Good splits: 295
Reward: 47121.6987674 Total splits: 306 Good splits: 291
Reward: 43668.1489602 Total splits: 307 Good splits: 289
Reward: 43441.934914 Total splits: 328 Good splits: 311
Reward: 46598.6906543 Total splits: 320 Good splits: 303
Reward: 45280.2305393 Total splits: 324 Good splits: 309
Reward: 47317.1986976 Total splits: 333 Good splits: 322
Reward: 47714.6979696 Total splits: 284 Good splits: 261
Reward: 40540.5557042 Total splits: 314 Good splits: 298
Reward: 48582.5900582 Total splits: 321 Good splits: 306
Reward: 48645.1360369 Total splits: 343 Good splits: 329
Reward: 49579.8098756 Total splits: 329 Good splits: 304
Reward: 45153.8548286 Total splits: 328 Good splits: 315
Reward: 45946.259531 Total splits: 296 Good splits: 283
Reward: 47110.3952755 Total splits: 327 Good splits: 309
Reward: 44465.8401413 Total splits: 315 Good splits: 301
Reward: 47659.219742 Total splits: 308 Good splits: 295
Reward: 48180.4723747 Total splits: 309 Good splits: 295
Reward: 45837.4637417 Total splits: 313 Good splits: 301
Reward: 50481.8399242 Total splits: 328 Good splits: 305

Results after 50 tests
Average total rewards : 46515.2057844
Average total splits  : 319.82
Average good splits   : 304.28
Average good splits % : 95.141016822

Reward: 42767.8411913 Total splits: 321 Good splits: 303
Reward: 44498.0282335 Total splits: 328 Good splits: 314
Reward: 41520.3133968 Total splits: 327 Good splits: 310
Reward: 43376.6194565 Total splits: 312 Good splits: 295
Reward: 46418.438571 Total splits: 331 Good splits: 320
Reward: 47734.3679575 Total splits: 309 Good splits: 296
Reward: 45178.075131 Total splits: 305 Good splits: 288
Reward: 45456.5906657 Total splits: 335 Good splits: 320
Reward: 49945.8107516 Total splits: 314 Good splits: 298
Reward: 43179.9140153 Total splits: 339 Good splits: 317
Reward: 45698.1969262 Total splits: 326 Good splits: 311
Reward: 49399.7613374 Total splits: 334 Good splits: 324
Reward: 40534.3009172 Total splits: 331 Good splits: 321
Reward: 42629.1800817 Total splits: 312 Good splits: 303
Reward: 44203.2016304 Total splits: 328 Good splits: 309
Reward: 47778.7242936 Total splits: 326 Good splits: 313
Reward: 47318.9836672 Total splits: 311 Good splits: 289
Reward: 43755.487113 Total splits: 307 Good splits: 289
Reward: 43702.0099595 Total splits: 315 Good splits: 301
Reward: 45205.8424142 Total splits: 307 Good splits: 290
Reward: 49549.5693441 Total splits: 331 Good splits: 314
Reward: 44667.524826 Total splits: 290 Good splits: 275
Reward: 44797.52854 Total splits: 305 Good splits: 290
Reward: 44930.6742514 Total splits: 346 Good splits: 331
Reward: 48009.8823303 Total splits: 307 Good splits: 293
Reward: 42058.1489355 Total splits: 333 Good splits: 308
Reward: 46679.4824392 Total splits: 339 Good splits: 315
Reward: 49065.8668542 Total splits: 342 Good splits: 331
Reward: 47895.5892628 Total splits: 339 Good splits: 326
Reward: 37991.1777751 Total splits: 320 Good splits: 297
Reward: 44080.621246 Total splits: 318 Good splits: 300
Reward: 48862.8163031 Total splits: 340 Good splits: 321
Reward: 45778.7783729 Total splits: 293 Good splits: 280
Reward: 48634.2181911 Total splits: 346 Good splits: 334
Reward: 44077.5496722 Total splits: 317 Good splits: 294
Reward: 43602.1936352 Total splits: 314 Good splits: 293
Reward: 48662.2097287 Total splits: 332 Good splits: 317
Reward: 50091.0589921 Total splits: 302 Good splits: 293
Reward: 45704.8018223 Total splits: 326 Good splits: 311
Reward: 47349.4387313 Total splits: 336 Good splits: 322
Reward: 48765.657864 Total splits: 305 Good splits: 293
Reward: 44951.0171918 Total splits: 295 Good splits: 278
Reward: 49533.0669669 Total splits: 313 Good splits: 300
Reward: 44849.8401329 Total splits: 305 Good splits: 288
Reward: 35891.225982 Total splits: 335 Good splits: 320
Reward: 49686.939495 Total splits: 302 Good splits: 286
Reward: 46114.6768835 Total splits: 353 Good splits: 338
Reward: 48430.5407609 Total splits: 310 Good splits: 297
Reward: 41313.5966614 Total splits: 306 Good splits: 282
Reward: 44026.5957357 Total splits: 319 Good splits: 305
Reward: 50780.7080186 Total splits: 316 Good splits: 301
Reward: 47294.9110922 Total splits: 317 Good splits: 300
Reward: 49059.9934226 Total splits: 331 Good splits: 316
Reward: 39693.9177642 Total splits: 337 Good splits: 321
Reward: 48578.2121345 Total splits: 336 Good splits: 327
Reward: 41258.747991 Total splits: 296 Good splits: 284
Reward: 43301.2891979 Total splits: 298 Good splits: 281
Reward: 46515.2165856 Total splits: 331 Good splits: 313
Reward: 46962.2954668 Total splits: 333 Good splits: 322
Reward: 44527.7654053 Total splits: 327 Good splits: 316
Reward: 44899.7551791 Total splits: 324 Good splits: 309
Reward: 48763.9801817 Total splits: 310 Good splits: 289
Reward: 47127.1693941 Total splits: 317 Good splits: 307
Reward: 48630.5371619 Total splits: 327 Good splits: 311
Reward: 47569.9208932 Total splits: 334 Good splits: 309
Reward: 45579.5003282 Total splits: 310 Good splits: 292
Reward: 46626.0482128 Total splits: 328 Good splits: 315
Reward: 50189.2841258 Total splits: 321 Good splits: 305
Reward: 49339.5089224 Total splits: 319 Good splits: 302
Reward: 48579.5050522 Total splits: 341 Good splits: 325
Reward: 43530.602176 Total splits: 325 Good splits: 313
Reward: 46483.5164585 Total splits: 325 Good splits: 311
Reward: 44320.9119775 Total splits: 337 Good splits: 328
Reward: 47546.2900646 Total splits: 356 Good splits: 340
Reward: 45468.2770517 Total splits: 330 Good splits: 310
Reward: 38450.4887882 Total splits: 307 Good splits: 292
Reward: 42213.2396323 Total splits: 313 Good splits: 299
Reward: 47721.8077793 Total splits: 304 Good splits: 286
Reward: 49622.2631808 Total splits: 301 Good splits: 289
Reward: 39004.8963291 Total splits: 325 Good splits: 311
Reward: 49620.2622621 Total splits: 311 Good splits: 296
Reward: 45062.1103986 Total splits: 319 Good splits: 310
Reward: 48037.5405383 Total splits: 295 Good splits: 278
Reward: 48564.3683557 Total splits: 318 Good splits: 304
Reward: 46808.3676467 Total splits: 295 Good splits: 288
Reward: 43337.4999554 Total splits: 326 Good splits: 307
Reward: 49015.4520089 Total splits: 332 Good splits: 315
Reward: 48633.5344266 Total splits: 325 Good splits: 311
Reward: 49891.9552315 Total splits: 308 Good splits: 294
Reward: 44895.9590368 Total splits: 331 Good splits: 322
Reward: 48322.8685824 Total splits: 294 Good splits: 277
Reward: 49610.0044405 Total splits: 297 Good splits: 279
Reward: 48514.2325984 Total splits: 302 Good splits: 285
Reward: 47192.4984841 Total splits: 332 Good splits: 319
Reward: 47399.2952061 Total splits: 334 Good splits: 313
Reward: 47043.0164836 Total splits: 309 Good splits: 290
Reward: 48642.8517462 Total splits: 325 Good splits: 306
Reward: 45704.6865101 Total splits: 333 Good splits: 320
Reward: 47308.6650953 Total splits: 337 Good splits: 323
Reward: 43519.0821403 Total splits: 296 Good splits: 288
Reward: 44188.7092716 Total splits: 329 Good splits: 318
Reward: 36815.7933461 Total splits: 294 Good splits: 275
Reward: 47891.0085565 Total splits: 284 Good splits: 267
Reward: 48156.8916555 Total splits: 315 Good splits: 302
Reward: 44579.5579287 Total splits: 346 Good splits: 322
Reward: 45135.2660508 Total splits: 318 Good splits: 298
Reward: 36627.8440531 Total splits: 308 Good splits: 285
Reward: 48423.7928383 Total splits: 307 Good splits: 286
Reward: 45467.8416056 Total splits: 330 Good splits: 319
Reward: 47929.6110208 Total splits: 301 Good splits: 283
Reward: 49187.5364406 Total splits: 336 Good splits: 320
Reward: 45170.9050491 Total splits: 327 Good splits: 320
Reward: 45997.7054669 Total splits: 320 Good splits: 305
Reward: 46804.8446128 Total splits: 304 Good splits: 285
Reward: 45488.791004 Total splits: 298 Good splits: 289
Reward: 41722.644778 Total splits: 305 Good splits: 291
Reward: 48898.7529431 Total splits: 309 Good splits: 288
Reward: 48174.4716789 Total splits: 328 Good splits: 313
Reward: 47796.1650383 Total splits: 312 Good splits: 297
Reward: 49215.8601985 Total splits: 317 Good splits: 300
Reward: 49215.938085 Total splits: 301 Good splits: 282
Reward: 49007.2503 Total splits: 338 Good splits: 324
Reward: 48654.0118507 Total splits: 318 Good splits: 298
Reward: 46615.9287311 Total splits: 330 Good splits: 312
Reward: 42670.7256267 Total splits: 315 Good splits: 294
Reward: 42205.5494449 Total splits: 316 Good splits: 308
Reward: 45153.1390609 Total splits: 334 Good splits: 321
Reward: 47656.927582 Total splits: 300 Good splits: 280
Reward: 42083.8422611 Total splits: 283 Good splits: 264
Reward: 48441.142287 Total splits: 317 Good splits: 308
Reward: 46804.6355486 Total splits: 340 Good splits: 323
Reward: 47042.5095355 Total splits: 311 Good splits: 297
Reward: 48026.7353891 Total splits: 313 Good splits: 303
Reward: 46336.5002069 Total splits: 317 Good splits: 300
Reward: 48062.2444922 Total splits: 308 Good splits: 289
Reward: 50655.3678853 Total splits: 327 Good splits: 314
Reward: 45129.5873391 Total splits: 325 Good splits: 308
Reward: 44439.248473 Total splits: 320 Good splits: 301
Reward: 47939.4189119 Total splits: 314 Good splits: 295
Reward: 47393.8065498 Total splits: 336 Good splits: 319
Reward: 47777.1738166 Total splits: 314 Good splits: 299
Reward: 48703.6500888 Total splits: 325 Good splits: 307
Reward: 41379.7880334 Total splits: 325 Good splits: 314
Reward: 50266.1087658 Total splits: 329 Good splits: 313
Reward: 46920.5141744 Total splits: 301 Good splits: 282
Reward: 50856.6504714 Total splits: 305 Good splits: 281
Reward: 46946.2452659 Total splits: 332 Good splits: 312
Reward: 49103.5197708 Total splits: 330 Good splits: 313
Reward: 48566.6621206 Total splits: 333 Good splits: 312
Reward: 47961.2779611 Total splits: 280 Good splits: 254

Results after 150 tests
Average total rewards : 46192.0592088
Average total splits  : 319.046666667
Average good splits   : 303.213333333
Average good splits % : 95.0372986188

