Reward: 48371.1913099 Total splits: 325 Good splits: 301
Reward: 45085.3435899 Total splits: 272 Good splits: 245
Reward: 48370.4315811 Total splits: 316 Good splits: 290
Reward: 49961.1314437 Total splits: 299 Good splits: 279
Reward: 49845.6846119 Total splits: 290 Good splits: 270
Reward: 47127.4520593 Total splits: 274 Good splits: 256
Reward: 44241.0656298 Total splits: 303 Good splits: 279
Reward: 48258.6130572 Total splits: 326 Good splits: 306
Reward: 46256.6848553 Total splits: 307 Good splits: 291
Reward: 44841.9370064 Total splits: 320 Good splits: 304
Reward: 44701.0402845 Total splits: 290 Good splits: 275
Reward: 49071.719018 Total splits: 329 Good splits: 312
Reward: 48922.4263757 Total splits: 281 Good splits: 266
Reward: 49780.7789993 Total splits: 340 Good splits: 324
Reward: 46706.5991079 Total splits: 320 Good splits: 311
Reward: 49126.1772071 Total splits: 305 Good splits: 282
Reward: 47476.4153929 Total splits: 299 Good splits: 275
Reward: 47210.8087358 Total splits: 334 Good splits: 321
Reward: 50219.2591696 Total splits: 303 Good splits: 285
Reward: 49461.421282 Total splits: 304 Good splits: 280
Reward: 50114.1790225 Total splits: 307 Good splits: 284
Reward: 44387.1855745 Total splits: 323 Good splits: 308
Reward: 48423.9199382 Total splits: 316 Good splits: 302
Reward: 48221.6582526 Total splits: 331 Good splits: 306
Reward: 51309.1490689 Total splits: 298 Good splits: 284
Reward: 44970.2781238 Total splits: 321 Good splits: 301
Reward: 45972.3066187 Total splits: 297 Good splits: 278
Reward: 48941.2479327 Total splits: 288 Good splits: 268
Reward: 48112.7188164 Total splits: 286 Good splits: 272
Reward: 51265.1108197 Total splits: 293 Good splits: 270
Reward: 47504.3123902 Total splits: 317 Good splits: 297
Reward: 45084.1925195 Total splits: 335 Good splits: 317
Reward: 48105.5340258 Total splits: 303 Good splits: 286
Reward: 50513.1379953 Total splits: 272 Good splits: 255
Reward: 47694.5875575 Total splits: 296 Good splits: 270
Reward: 50537.6673349 Total splits: 282 Good splits: 266
Reward: 47715.0674103 Total splits: 322 Good splits: 311
Reward: 48625.8145371 Total splits: 318 Good splits: 299
Reward: 47980.9485685 Total splits: 315 Good splits: 302
Reward: 49788.1010751 Total splits: 303 Good splits: 283
Reward: 50404.9359298 Total splits: 325 Good splits: 310
Reward: 50869.0419687 Total splits: 283 Good splits: 257
Reward: 50216.7593792 Total splits: 311 Good splits: 295
Reward: 49441.8001798 Total splits: 291 Good splits: 272
Reward: 50048.0014882 Total splits: 302 Good splits: 291
Reward: 46147.4933329 Total splits: 352 Good splits: 332
Reward: 49809.3905242 Total splits: 332 Good splits: 312
Reward: 48856.8570797 Total splits: 317 Good splits: 300
Reward: 49670.4725475 Total splits: 332 Good splits: 319
Reward: 45596.3874559 Total splits: 323 Good splits: 309

Results after 50 tests
Average total rewards : 48227.2887637
Average total splits  : 308.56
Average good splits   : 290.16
Average good splits % : 94.0368161784

Reward: 46684.8622751 Total splits: 344 Good splits: 322
Reward: 42178.852874 Total splits: 316 Good splits: 295
Reward: 48788.2192727 Total splits: 314 Good splits: 295
Reward: 48160.6331781 Total splits: 275 Good splits: 262
Reward: 50497.6207318 Total splits: 302 Good splits: 283
Reward: 41721.0887076 Total splits: 318 Good splits: 304
Reward: 48188.5434738 Total splits: 306 Good splits: 282
Reward: 47094.3346169 Total splits: 307 Good splits: 279
Reward: 51145.5862933 Total splits: 295 Good splits: 275
Reward: 49252.0196304 Total splits: 322 Good splits: 303
Reward: 49817.9360638 Total splits: 306 Good splits: 287
Reward: 49922.9535283 Total splits: 341 Good splits: 323
Reward: 46177.8800464 Total splits: 312 Good splits: 287
Reward: 46805.6545426 Total splits: 300 Good splits: 284
Reward: 51565.9229476 Total splits: 304 Good splits: 293
Reward: 51008.1782949 Total splits: 310 Good splits: 296
Reward: 48639.8257059 Total splits: 313 Good splits: 291
Reward: 39373.333808 Total splits: 260 Good splits: 236
Reward: 43526.9334702 Total splits: 324 Good splits: 302
Reward: 45628.8242388 Total splits: 318 Good splits: 299
Reward: 47699.8555742 Total splits: 314 Good splits: 291
Reward: 45429.0421432 Total splits: 317 Good splits: 298
Reward: 45804.0321207 Total splits: 310 Good splits: 294
Reward: 43617.6129811 Total splits: 304 Good splits: 277
Reward: 47038.6170801 Total splits: 292 Good splits: 271
Reward: 46554.8714157 Total splits: 327 Good splits: 305
Reward: 50364.4839364 Total splits: 279 Good splits: 263
Reward: 47967.2535877 Total splits: 304 Good splits: 285
Reward: 50133.4306545 Total splits: 323 Good splits: 304
Reward: 49452.6799435 Total splits: 330 Good splits: 305
Reward: 49530.3209461 Total splits: 311 Good splits: 296
Reward: 46762.9913018 Total splits: 300 Good splits: 289
Reward: 49031.3355362 Total splits: 313 Good splits: 290
Reward: 47609.1053172 Total splits: 314 Good splits: 299
Reward: 48018.8628579 Total splits: 278 Good splits: 261
Reward: 49808.2945827 Total splits: 283 Good splits: 258
Reward: 49845.6059882 Total splits: 285 Good splits: 275
Reward: 46787.8382973 Total splits: 333 Good splits: 315
Reward: 45035.9915522 Total splits: 292 Good splits: 277
Reward: 49550.5239469 Total splits: 328 Good splits: 313
Reward: 51056.9670422 Total splits: 323 Good splits: 311
Reward: 46090.682541 Total splits: 303 Good splits: 280
Reward: 46382.8351387 Total splits: 320 Good splits: 296
Reward: 49471.1848357 Total splits: 324 Good splits: 301
Reward: 49869.3925622 Total splits: 297 Good splits: 281
Reward: 48360.9716741 Total splits: 328 Good splits: 305
Reward: 49270.0210614 Total splits: 316 Good splits: 297
Reward: 46982.3029503 Total splits: 304 Good splits: 288
Reward: 47431.6499442 Total splits: 308 Good splits: 285
Reward: 49467.891635 Total splits: 295 Good splits: 283

Results after 50 tests
Average total rewards : 47732.117057
Average total splits  : 308.84
Average good splits   : 289.82
Average good splits % : 93.841471312

Reward: 50332.6038748 Total splits: 316 Good splits: 294
Reward: 47982.0047791 Total splits: 299 Good splits: 275
Reward: 50402.949088 Total splits: 305 Good splits: 285
Reward: 48149.1334854 Total splits: 314 Good splits: 292
Reward: 49670.9020757 Total splits: 302 Good splits: 285
Reward: 47780.5465653 Total splits: 327 Good splits: 311
Reward: 49990.697347 Total splits: 293 Good splits: 279
Reward: 45750.48478 Total splits: 323 Good splits: 303
Reward: 50714.0566173 Total splits: 321 Good splits: 297
Reward: 49803.6328589 Total splits: 307 Good splits: 289
Reward: 50672.0736395 Total splits: 299 Good splits: 278
Reward: 49737.4710298 Total splits: 321 Good splits: 305
Reward: 48187.1032787 Total splits: 295 Good splits: 276
Reward: 49011.9411385 Total splits: 310 Good splits: 291
Reward: 47958.2180951 Total splits: 318 Good splits: 302
Reward: 51433.2378973 Total splits: 306 Good splits: 284
Reward: 49734.0678881 Total splits: 331 Good splits: 309
Reward: 50108.3435859 Total splits: 310 Good splits: 281
Reward: 50824.0910212 Total splits: 337 Good splits: 321
Reward: 47897.968627 Total splits: 299 Good splits: 277
Reward: 50735.5459821 Total splits: 313 Good splits: 296
Reward: 48411.2130344 Total splits: 316 Good splits: 294
Reward: 50577.994816 Total splits: 309 Good splits: 289
Reward: 45594.2746481 Total splits: 292 Good splits: 269
Reward: 49244.9566344 Total splits: 293 Good splits: 275
Reward: 48441.6593987 Total splits: 303 Good splits: 282
Reward: 47834.8689164 Total splits: 291 Good splits: 271
Reward: 48533.7663034 Total splits: 285 Good splits: 265
Reward: 48285.9794697 Total splits: 282 Good splits: 268
Reward: 50186.1866807 Total splits: 316 Good splits: 300
Reward: 44212.667528 Total splits: 315 Good splits: 298
Reward: 48961.5853489 Total splits: 298 Good splits: 283
Reward: 46625.0931699 Total splits: 311 Good splits: 288
Reward: 50420.2148633 Total splits: 314 Good splits: 296
Reward: 44851.0108446 Total splits: 324 Good splits: 303
Reward: 51439.8601528 Total splits: 312 Good splits: 303
Reward: 48620.2034985 Total splits: 296 Good splits: 269
Reward: 51975.8233929 Total splits: 294 Good splits: 269
Reward: 49486.1066128 Total splits: 341 Good splits: 318
Reward: 49366.6600843 Total splits: 317 Good splits: 304
Reward: 48799.7233094 Total splits: 317 Good splits: 297
Reward: 45045.6053533 Total splits: 305 Good splits: 286
Reward: 43001.5823934 Total splits: 260 Good splits: 238
Reward: 50529.4679798 Total splits: 313 Good splits: 292
Reward: 48970.9994838 Total splits: 298 Good splits: 285
Reward: 46571.2299115 Total splits: 275 Good splits: 255
Reward: 50522.4650525 Total splits: 342 Good splits: 323
Reward: 49971.4882989 Total splits: 280 Good splits: 255
Reward: 43868.2542039 Total splits: 317 Good splits: 297
Reward: 50238.8595516 Total splits: 284 Good splits: 261

Results after 50 tests
Average total rewards : 48749.3374918
Average total splits  : 306.92
Average good splits   : 287.26
Average good splits % : 93.5944219992

Reward: 46624.0058578 Total splits: 343 Good splits: 325
Reward: 41555.1254534 Total splits: 280 Good splits: 264
Reward: 45336.0001947 Total splits: 279 Good splits: 269
Reward: 49059.254408 Total splits: 312 Good splits: 293
Reward: 49733.4878392 Total splits: 315 Good splits: 298
Reward: 47318.5351899 Total splits: 336 Good splits: 317
Reward: 48910.4423526 Total splits: 311 Good splits: 294
Reward: 50687.3943831 Total splits: 305 Good splits: 290
Reward: 40489.6396878 Total splits: 317 Good splits: 292
Reward: 46470.7361459 Total splits: 301 Good splits: 286
Reward: 48540.7336006 Total splits: 289 Good splits: 266
Reward: 48129.2999351 Total splits: 312 Good splits: 294
Reward: 49906.2406613 Total splits: 326 Good splits: 305
Reward: 49484.6678245 Total splits: 331 Good splits: 309
Reward: 49087.0656137 Total splits: 307 Good splits: 294
Reward: 51258.626886 Total splits: 329 Good splits: 308
Reward: 44842.3414922 Total splits: 351 Good splits: 336
Reward: 49409.2021303 Total splits: 313 Good splits: 290
Reward: 49123.197543 Total splits: 332 Good splits: 314
Reward: 47104.4080303 Total splits: 299 Good splits: 277
Reward: 49156.5747267 Total splits: 326 Good splits: 306
Reward: 49512.7049228 Total splits: 302 Good splits: 278
Reward: 48397.6007337 Total splits: 334 Good splits: 315
Reward: 49952.8388541 Total splits: 294 Good splits: 275
Reward: 49040.3099836 Total splits: 315 Good splits: 292
Reward: 48912.4228394 Total splits: 298 Good splits: 285
Reward: 48889.3006615 Total splits: 314 Good splits: 289
Reward: 43610.8951767 Total splits: 301 Good splits: 280
Reward: 46986.7311415 Total splits: 315 Good splits: 295
Reward: 48602.8926091 Total splits: 301 Good splits: 279
Reward: 48803.835038 Total splits: 289 Good splits: 273
Reward: 47787.743933 Total splits: 346 Good splits: 321
Reward: 45742.3269873 Total splits: 322 Good splits: 308
Reward: 45583.3245089 Total splits: 319 Good splits: 301
Reward: 49332.9195831 Total splits: 319 Good splits: 304
Reward: 48382.0681431 Total splits: 279 Good splits: 262
Reward: 48105.447511 Total splits: 317 Good splits: 302
Reward: 50895.1765836 Total splits: 316 Good splits: 298
Reward: 50017.9919994 Total splits: 304 Good splits: 282
Reward: 47391.2389102 Total splits: 291 Good splits: 268
Reward: 48813.6685866 Total splits: 295 Good splits: 288
Reward: 51445.8192935 Total splits: 280 Good splits: 268
Reward: 44384.0963047 Total splits: 311 Good splits: 290
Reward: 51238.2599667 Total splits: 285 Good splits: 268
Reward: 50250.637968 Total splits: 315 Good splits: 302
Reward: 49176.1627716 Total splits: 308 Good splits: 294
Reward: 50482.7504299 Total splits: 295 Good splits: 277
Reward: 50166.5647448 Total splits: 314 Good splits: 298
Reward: 44512.2036293 Total splits: 324 Good splits: 301
Reward: 50225.8130856 Total splits: 322 Good splits: 301

Results after 50 tests
Average total rewards : 48177.4145371
Average total splits  : 310.78
Average good splits   : 292.42
Average good splits % : 94.0922839308

