Reward: 48495.9932064 Total splits: 306 Good splits: 287
Reward: 47922.5627037 Total splits: 323 Good splits: 305
Reward: 47653.6389026 Total splits: 313 Good splits: 289
Reward: 50377.6789566 Total splits: 325 Good splits: 303
Reward: 48930.7302925 Total splits: 294 Good splits: 283
Reward: 49949.9510759 Total splits: 316 Good splits: 296
Reward: 50610.407029 Total splits: 318 Good splits: 308
Reward: 49360.0273192 Total splits: 289 Good splits: 276
Reward: 50338.1396194 Total splits: 289 Good splits: 269
Reward: 49692.3229735 Total splits: 311 Good splits: 297
Reward: 47178.260164 Total splits: 325 Good splits: 309
Reward: 47373.8488442 Total splits: 328 Good splits: 312
Reward: 46321.8586671 Total splits: 313 Good splits: 302
Reward: 47469.0832942 Total splits: 346 Good splits: 332
Reward: 51207.6105225 Total splits: 299 Good splits: 282
Reward: 46026.088647 Total splits: 330 Good splits: 314
Reward: 50862.2077649 Total splits: 296 Good splits: 276
Reward: 46952.5064649 Total splits: 310 Good splits: 291
Reward: 45922.6465548 Total splits: 298 Good splits: 282
Reward: 50188.3437264 Total splits: 331 Good splits: 311
Reward: 49933.9945541 Total splits: 316 Good splits: 295
Reward: 45518.3447847 Total splits: 325 Good splits: 306
Reward: 50646.1922007 Total splits: 288 Good splits: 271
Reward: 49958.615675 Total splits: 316 Good splits: 293
Reward: 51817.9772863 Total splits: 325 Good splits: 315
Reward: 50400.3277229 Total splits: 298 Good splits: 279
Reward: 47177.3057009 Total splits: 314 Good splits: 288
Reward: 47244.5777941 Total splits: 276 Good splits: 257
Reward: 45864.7621109 Total splits: 335 Good splits: 313
Reward: 51282.7490666 Total splits: 284 Good splits: 270
Reward: 50447.8715886 Total splits: 292 Good splits: 277
Reward: 48827.7099258 Total splits: 280 Good splits: 262
Reward: 48489.9048464 Total splits: 283 Good splits: 269
Reward: 47412.1094106 Total splits: 318 Good splits: 300
Reward: 46040.3674296 Total splits: 319 Good splits: 301
Reward: 50705.6769011 Total splits: 310 Good splits: 297
Reward: 50150.6985536 Total splits: 309 Good splits: 294
Reward: 47677.5970596 Total splits: 321 Good splits: 307
Reward: 50368.088754 Total splits: 313 Good splits: 305
Reward: 48324.8759431 Total splits: 263 Good splits: 242
Reward: 49133.0446598 Total splits: 301 Good splits: 285
Reward: 50031.0508581 Total splits: 310 Good splits: 291
Reward: 49375.3903953 Total splits: 334 Good splits: 318
Reward: 46474.4458447 Total splits: 302 Good splits: 277
Reward: 45383.612519 Total splits: 317 Good splits: 299
Reward: 46681.96869 Total splits: 303 Good splits: 280
Reward: 51402.7300969 Total splits: 276 Good splits: 263
Reward: 47511.9435524 Total splits: 311 Good splits: 289
Reward: 48703.5895884 Total splits: 320 Good splits: 295
Reward: 45427.5791131 Total splits: 325 Good splits: 308

Results after 50 tests
Average total rewards : 48624.9801871
Average total splits  : 308.88
Average good splits   : 291.4
Average good splits % : 94.3408443408

Reward: 49700.4319916 Total splits: 306 Good splits: 286
Reward: 48369.8255037 Total splits: 302 Good splits: 286
Reward: 50169.7400819 Total splits: 282 Good splits: 266
Reward: 45863.4481005 Total splits: 327 Good splits: 308
Reward: 47851.3112556 Total splits: 315 Good splits: 299
Reward: 49171.8312214 Total splits: 357 Good splits: 352
Reward: 48840.8171306 Total splits: 299 Good splits: 280
Reward: 50772.0365672 Total splits: 322 Good splits: 309
Reward: 43815.8321568 Total splits: 300 Good splits: 282
Reward: 51298.1280638 Total splits: 322 Good splits: 310
Reward: 50540.0253638 Total splits: 282 Good splits: 264
Reward: 47040.4699818 Total splits: 302 Good splits: 276
Reward: 46363.4670518 Total splits: 269 Good splits: 250
Reward: 48950.6329957 Total splits: 329 Good splits: 312
Reward: 45055.6797086 Total splits: 300 Good splits: 283
Reward: 41333.3094879 Total splits: 306 Good splits: 286
Reward: 45124.5564829 Total splits: 319 Good splits: 305
Reward: 45778.4071597 Total splits: 333 Good splits: 303
Reward: 46442.7934664 Total splits: 294 Good splits: 272
Reward: 50806.0931671 Total splits: 344 Good splits: 328
Reward: 47893.3494871 Total splits: 299 Good splits: 278
Reward: 48430.4619255 Total splits: 312 Good splits: 304
Reward: 48326.7671386 Total splits: 315 Good splits: 296
Reward: 44701.6998008 Total splits: 319 Good splits: 303
Reward: 48232.8550176 Total splits: 320 Good splits: 301
Reward: 46609.9823319 Total splits: 294 Good splits: 278
Reward: 49937.6053237 Total splits: 302 Good splits: 279
Reward: 50798.0206164 Total splits: 306 Good splits: 291
Reward: 50359.0247434 Total splits: 313 Good splits: 291
Reward: 47794.212056 Total splits: 293 Good splits: 277
Reward: 48663.0096696 Total splits: 293 Good splits: 271
Reward: 48745.1010232 Total splits: 349 Good splits: 332
Reward: 50209.0907115 Total splits: 309 Good splits: 291
Reward: 45112.9923548 Total splits: 295 Good splits: 277
Reward: 50945.2913217 Total splits: 317 Good splits: 303
Reward: 48167.8960745 Total splits: 325 Good splits: 311
Reward: 48998.631669 Total splits: 282 Good splits: 262
Reward: 49430.9933185 Total splits: 315 Good splits: 298
Reward: 50008.2719886 Total splits: 284 Good splits: 275
Reward: 49695.5129556 Total splits: 313 Good splits: 294
Reward: 50993.3769531 Total splits: 306 Good splits: 290
Reward: 42406.9845345 Total splits: 292 Good splits: 281
Reward: 47305.6410781 Total splits: 317 Good splits: 296
Reward: 50757.3563291 Total splits: 306 Good splits: 292
Reward: 50468.4127841 Total splits: 285 Good splits: 270
Reward: 51335.3122957 Total splits: 319 Good splits: 301
Reward: 43966.3188086 Total splits: 305 Good splits: 287
Reward: 50857.1429165 Total splits: 319 Good splits: 304
Reward: 47770.7759891 Total splits: 307 Good splits: 290
Reward: 47806.6599892 Total splits: 299 Good splits: 287
Reward: 51941.1757692 Total splits: 294 Good splits: 287
Reward: 47285.43819 Total splits: 284 Good splits: 273
Reward: 50340.8380974 Total splits: 299 Good splits: 282
Reward: 51174.3577233 Total splits: 319 Good splits: 306
Reward: 45075.282188 Total splits: 313 Good splits: 294
Reward: 46437.2221636 Total splits: 326 Good splits: 314
Reward: 50070.6460266 Total splits: 318 Good splits: 301
Reward: 43249.7229726 Total splits: 329 Good splits: 313
Reward: 50181.8257819 Total splits: 301 Good splits: 279
Reward: 46176.7182971 Total splits: 311 Good splits: 299
Reward: 45057.7977481 Total splits: 294 Good splits: 275
Reward: 46056.0332803 Total splits: 278 Good splits: 264
Reward: 49926.7034572 Total splits: 300 Good splits: 283
Reward: 49852.71553 Total splits: 302 Good splits: 282
Reward: 45760.3378689 Total splits: 317 Good splits: 294
Reward: 50777.9341904 Total splits: 299 Good splits: 285
Reward: 51241.7599901 Total splits: 273 Good splits: 258
Reward: 45516.1144688 Total splits: 336 Good splits: 322
Reward: 48427.0320959 Total splits: 296 Good splits: 283
Reward: 49831.7440341 Total splits: 297 Good splits: 270
Reward: 45702.6279248 Total splits: 323 Good splits: 307
Reward: 48412.8219901 Total splits: 312 Good splits: 296
Reward: 42383.6231415 Total splits: 299 Good splits: 290
Reward: 46599.4703054 Total splits: 308 Good splits: 288
Reward: 50970.6112075 Total splits: 311 Good splits: 289
Reward: 49547.6619297 Total splits: 316 Good splits: 293
Reward: 51077.354927 Total splits: 281 Good splits: 260
Reward: 50883.7640028 Total splits: 281 Good splits: 260
Reward: 49153.1221559 Total splits: 305 Good splits: 291
Reward: 50709.7593549 Total splits: 317 Good splits: 298
Reward: 48881.6222125 Total splits: 296 Good splits: 276
Reward: 48033.9811483 Total splits: 305 Good splits: 290
Reward: 50203.7602496 Total splits: 309 Good splits: 288
Reward: 50531.8843471 Total splits: 327 Good splits: 308
Reward: 45637.3899825 Total splits: 315 Good splits: 294
Reward: 47425.6197342 Total splits: 285 Good splits: 271
Reward: 47691.2999033 Total splits: 307 Good splits: 284
Reward: 50354.2981365 Total splits: 298 Good splits: 275
Reward: 50650.6549943 Total splits: 326 Good splits: 307
Reward: 48191.8392546 Total splits: 307 Good splits: 291
Reward: 47790.0702898 Total splits: 312 Good splits: 298
Reward: 45808.2625897 Total splits: 288 Good splits: 276
Reward: 47685.4096731 Total splits: 335 Good splits: 318
Reward: 50724.5717799 Total splits: 314 Good splits: 300
Reward: 48976.7044544 Total splits: 291 Good splits: 278
Reward: 51516.8551849 Total splits: 303 Good splits: 283
Reward: 49824.3686585 Total splits: 330 Good splits: 308
Reward: 49884.3213423 Total splits: 298 Good splits: 281
Reward: 44641.3669114 Total splits: 312 Good splits: 296
Reward: 50150.1378849 Total splits: 316 Good splits: 297
Reward: 44999.1372925 Total splits: 305 Good splits: 284
Reward: 48439.0935535 Total splits: 298 Good splits: 282
Reward: 49280.9765784 Total splits: 296 Good splits: 275
Reward: 49258.4975998 Total splits: 294 Good splits: 285
Reward: 48246.3711028 Total splits: 299 Good splits: 282
Reward: 43871.413385 Total splits: 308 Good splits: 292
Reward: 51782.2191312 Total splits: 288 Good splits: 272
Reward: 49079.86569 Total splits: 310 Good splits: 290
Reward: 47160.994068 Total splits: 324 Good splits: 308
Reward: 50424.2489311 Total splits: 325 Good splits: 308
Reward: 48966.0430294 Total splits: 331 Good splits: 318
Reward: 42050.1603102 Total splits: 281 Good splits: 264
Reward: 49618.4316148 Total splits: 325 Good splits: 300
Reward: 52154.8692785 Total splits: 311 Good splits: 293
Reward: 50792.8363742 Total splits: 288 Good splits: 269
Reward: 50957.1970396 Total splits: 316 Good splits: 300
Reward: 49993.3486534 Total splits: 309 Good splits: 291
Reward: 50781.3887943 Total splits: 308 Good splits: 290
Reward: 47397.6988383 Total splits: 306 Good splits: 295
Reward: 50820.0086006 Total splits: 316 Good splits: 298
Reward: 50798.9293918 Total splits: 292 Good splits: 275
Reward: 51316.5584183 Total splits: 301 Good splits: 282
Reward: 46455.1940151 Total splits: 320 Good splits: 306
Reward: 51688.0234889 Total splits: 313 Good splits: 300
Reward: 48914.4211223 Total splits: 318 Good splits: 290
Reward: 50335.7534944 Total splits: 313 Good splits: 298
Reward: 46049.6417747 Total splits: 296 Good splits: 278
Reward: 50416.6799151 Total splits: 326 Good splits: 303
Reward: 46452.3631668 Total splits: 306 Good splits: 291
Reward: 49283.9316557 Total splits: 315 Good splits: 295
Reward: 51848.9824034 Total splits: 290 Good splits: 270
Reward: 50345.5619025 Total splits: 332 Good splits: 319
Reward: 45030.9567219 Total splits: 341 Good splits: 324
Reward: 47320.5815236 Total splits: 322 Good splits: 309
Reward: 48176.5593501 Total splits: 326 Good splits: 310
Reward: 47736.4412556 Total splits: 299 Good splits: 282
Reward: 49793.6143642 Total splits: 293 Good splits: 284
Reward: 45490.2465356 Total splits: 312 Good splits: 290
Reward: 50711.7013403 Total splits: 318 Good splits: 304
Reward: 46518.6266614 Total splits: 319 Good splits: 305
Reward: 47999.4077569 Total splits: 316 Good splits: 302
Reward: 51256.1570333 Total splits: 325 Good splits: 311
Reward: 46011.3197783 Total splits: 327 Good splits: 307
Reward: 50397.9313475 Total splits: 293 Good splits: 280
Reward: 49284.3360563 Total splits: 322 Good splits: 311
Reward: 47066.602354 Total splits: 284 Good splits: 266
Reward: 50241.4634713 Total splits: 280 Good splits: 269
Reward: 48872.1885243 Total splits: 313 Good splits: 290
Reward: 51335.8246625 Total splits: 310 Good splits: 292
Reward: 47585.173839 Total splits: 324 Good splits: 307

Results after 150 tests
Average total rewards : 48501.6946459
Average total splits  : 308.113333333
Average good splits   : 291.12
Average good splits % : 94.4847134171

