Reward: 51218.5617901 Total splits: 274 Good splits: 256
Reward: 50818.1118375 Total splits: 317 Good splits: 304
Reward: 48683.0331615 Total splits: 305 Good splits: 292
Reward: 46495.5809382 Total splits: 324 Good splits: 313
Reward: 51524.5967026 Total splits: 300 Good splits: 282
Reward: 50679.3907796 Total splits: 291 Good splits: 276
Reward: 49996.6742654 Total splits: 336 Good splits: 319
Reward: 50253.5554093 Total splits: 298 Good splits: 284
Reward: 51665.265839 Total splits: 312 Good splits: 297
Reward: 48081.9599574 Total splits: 321 Good splits: 310
Reward: 51016.5919104 Total splits: 325 Good splits: 305
Reward: 49717.7898653 Total splits: 298 Good splits: 272
Reward: 46185.8773493 Total splits: 334 Good splits: 320
Reward: 48008.2148303 Total splits: 295 Good splits: 278
Reward: 50470.820783 Total splits: 336 Good splits: 319
Reward: 50247.6452974 Total splits: 266 Good splits: 251
Reward: 48391.7305351 Total splits: 304 Good splits: 286
Reward: 50870.0976477 Total splits: 324 Good splits: 297
Reward: 47524.521104 Total splits: 286 Good splits: 264
Reward: 49279.6763124 Total splits: 342 Good splits: 322
Reward: 50507.4279751 Total splits: 297 Good splits: 273
Reward: 47563.3077629 Total splits: 321 Good splits: 303
Reward: 48140.5815996 Total splits: 329 Good splits: 319
Reward: 50459.8876246 Total splits: 288 Good splits: 268
Reward: 48613.9018827 Total splits: 296 Good splits: 281
Reward: 48272.039175 Total splits: 324 Good splits: 311
Reward: 47757.9786683 Total splits: 317 Good splits: 295
Reward: 50712.1522402 Total splits: 301 Good splits: 280
Reward: 49214.4999745 Total splits: 293 Good splits: 282
Reward: 45317.2670842 Total splits: 315 Good splits: 296
Reward: 40133.653095 Total splits: 337 Good splits: 324
Reward: 48212.8913209 Total splits: 299 Good splits: 277
Reward: 49223.5975969 Total splits: 323 Good splits: 311
Reward: 49717.6673495 Total splits: 338 Good splits: 316
Reward: 49265.1293317 Total splits: 310 Good splits: 295
Reward: 50660.4303542 Total splits: 319 Good splits: 306
Reward: 48333.6056122 Total splits: 334 Good splits: 309
Reward: 51290.6731996 Total splits: 319 Good splits: 294
Reward: 50568.8158442 Total splits: 318 Good splits: 305
Reward: 45981.101542 Total splits: 302 Good splits: 291
Reward: 50716.3159521 Total splits: 340 Good splits: 325
Reward: 46903.3021856 Total splits: 286 Good splits: 261
Reward: 44920.490668 Total splits: 315 Good splits: 302
Reward: 48930.917442 Total splits: 320 Good splits: 303
Reward: 49217.5579195 Total splits: 296 Good splits: 284
Reward: 48756.5556063 Total splits: 315 Good splits: 299
Reward: 50725.085311 Total splits: 301 Good splits: 277
Reward: 47912.0670034 Total splits: 315 Good splits: 303
Reward: 51137.2532379 Total splits: 312 Good splits: 292
Reward: 46473.9429037 Total splits: 287 Good splits: 270

Results after 50 tests
Average total rewards : 48935.3958756
Average total splits  : 311.1
Average good splits   : 293.98
Average good splits % : 94.4969463195

Reward: 48992.9653541 Total splits: 341 Good splits: 326
Reward: 51036.3729585 Total splits: 318 Good splits: 295
Reward: 46048.6532985 Total splits: 343 Good splits: 312
Reward: 50251.4500028 Total splits: 321 Good splits: 298
Reward: 50156.6137298 Total splits: 323 Good splits: 300
Reward: 50820.4879894 Total splits: 295 Good splits: 282
Reward: 50285.24369 Total splits: 314 Good splits: 292
Reward: 48875.7506129 Total splits: 302 Good splits: 286
Reward: 40565.1644162 Total splits: 322 Good splits: 305
Reward: 50341.351641 Total splits: 304 Good splits: 277
Reward: 49629.9629084 Total splits: 291 Good splits: 276
Reward: 43753.1089598 Total splits: 312 Good splits: 298
Reward: 51605.7105073 Total splits: 306 Good splits: 285
Reward: 47103.7721947 Total splits: 304 Good splits: 284
Reward: 51244.0683911 Total splits: 300 Good splits: 278
Reward: 48608.9645721 Total splits: 330 Good splits: 306
Reward: 49905.3937866 Total splits: 302 Good splits: 291
Reward: 48784.0304301 Total splits: 295 Good splits: 280
Reward: 46135.9731568 Total splits: 331 Good splits: 313
Reward: 49962.3595791 Total splits: 291 Good splits: 272
Reward: 49739.6990692 Total splits: 303 Good splits: 285
Reward: 50856.0562317 Total splits: 320 Good splits: 305
Reward: 48416.1885208 Total splits: 289 Good splits: 276
Reward: 49760.9864121 Total splits: 314 Good splits: 297
Reward: 51824.4979469 Total splits: 296 Good splits: 284
Reward: 48108.4898296 Total splits: 331 Good splits: 305
Reward: 47323.6222456 Total splits: 332 Good splits: 316
Reward: 51265.702554 Total splits: 307 Good splits: 292
Reward: 49438.6227681 Total splits: 328 Good splits: 308
Reward: 50627.0694933 Total splits: 338 Good splits: 313
Reward: 50730.1943658 Total splits: 298 Good splits: 279
Reward: 49665.8668539 Total splits: 307 Good splits: 288
Reward: 42199.9551808 Total splits: 335 Good splits: 313
Reward: 50812.3665946 Total splits: 311 Good splits: 295
Reward: 48621.2031645 Total splits: 299 Good splits: 277
Reward: 49453.5527568 Total splits: 283 Good splits: 269
Reward: 50099.8805762 Total splits: 344 Good splits: 332
Reward: 47497.221487 Total splits: 316 Good splits: 292
Reward: 50028.8852343 Total splits: 296 Good splits: 278
Reward: 47729.5650398 Total splits: 310 Good splits: 295
Reward: 49161.7948277 Total splits: 317 Good splits: 298
Reward: 48603.518046 Total splits: 310 Good splits: 296
Reward: 51226.0679618 Total splits: 301 Good splits: 282
Reward: 48773.9713029 Total splits: 305 Good splits: 289
Reward: 48290.7660429 Total splits: 321 Good splits: 301
Reward: 49920.0839198 Total splits: 328 Good splits: 314
Reward: 48204.8138859 Total splits: 332 Good splits: 312
Reward: 49456.7833552 Total splits: 307 Good splits: 294
Reward: 51844.6340027 Total splits: 325 Good splits: 305
Reward: 46765.3308825 Total splits: 279 Good splits: 267
Reward: 50097.603128 Total splits: 309 Good splits: 293
Reward: 46469.9570728 Total splits: 305 Good splits: 290
Reward: 45356.1195104 Total splits: 283 Good splits: 263
Reward: 49283.8532323 Total splits: 339 Good splits: 320
Reward: 51184.5023726 Total splits: 302 Good splits: 286
Reward: 51835.9928141 Total splits: 320 Good splits: 301
Reward: 48687.4695863 Total splits: 299 Good splits: 284
Reward: 50248.9954952 Total splits: 295 Good splits: 272
Reward: 48454.4612473 Total splits: 347 Good splits: 330
Reward: 46451.3727364 Total splits: 332 Good splits: 317
Reward: 51296.4695088 Total splits: 287 Good splits: 271
Reward: 48038.135843 Total splits: 306 Good splits: 291
Reward: 48035.6223589 Total splits: 296 Good splits: 275
Reward: 46980.9947023 Total splits: 316 Good splits: 297
Reward: 49768.1229098 Total splits: 322 Good splits: 300
Reward: 49950.0146843 Total splits: 272 Good splits: 259
Reward: 46005.5800053 Total splits: 309 Good splits: 290
Reward: 50864.0909476 Total splits: 302 Good splits: 288
Reward: 48826.6191293 Total splits: 335 Good splits: 317
Reward: 49605.6755116 Total splits: 294 Good splits: 275
Reward: 51118.2488398 Total splits: 293 Good splits: 272
Reward: 51629.1152192 Total splits: 297 Good splits: 289
Reward: 47849.6113344 Total splits: 298 Good splits: 285
Reward: 44352.1491819 Total splits: 325 Good splits: 306
Reward: 47392.5984488 Total splits: 351 Good splits: 330
Reward: 48955.6978385 Total splits: 312 Good splits: 297
Reward: 50207.0697236 Total splits: 303 Good splits: 290
Reward: 51575.8363716 Total splits: 306 Good splits: 283
Reward: 48148.7933305 Total splits: 309 Good splits: 296
Reward: 49701.4858219 Total splits: 291 Good splits: 274
Reward: 46200.1591509 Total splits: 335 Good splits: 322
Reward: 48319.8626399 Total splits: 277 Good splits: 265
Reward: 46704.2520701 Total splits: 283 Good splits: 264
Reward: 48340.3571285 Total splits: 299 Good splits: 283
Reward: 46651.3517108 Total splits: 307 Good splits: 291
Reward: 47178.2791147 Total splits: 319 Good splits: 297
Reward: 49879.8292593 Total splits: 324 Good splits: 306
Reward: 48841.9934259 Total splits: 336 Good splits: 321
Reward: 49477.7344273 Total splits: 298 Good splits: 279
Reward: 48399.2329753 Total splits: 295 Good splits: 277
Reward: 50506.0480388 Total splits: 296 Good splits: 278
Reward: 51807.9775172 Total splits: 315 Good splits: 293
Reward: 51242.5612268 Total splits: 303 Good splits: 286
Reward: 49818.4882471 Total splits: 337 Good splits: 317
Reward: 47499.8722379 Total splits: 320 Good splits: 312
Reward: 43839.6781515 Total splits: 301 Good splits: 288
Reward: 48448.9863691 Total splits: 309 Good splits: 290
Reward: 45135.792989 Total splits: 316 Good splits: 300
Reward: 50919.5919278 Total splits: 300 Good splits: 280
Reward: 44509.2242238 Total splits: 314 Good splits: 286
Reward: 45961.5095207 Total splits: 297 Good splits: 281
Reward: 47247.2067267 Total splits: 329 Good splits: 310
Reward: 49655.480794 Total splits: 284 Good splits: 262
Reward: 50347.0229934 Total splits: 280 Good splits: 264
Reward: 50635.6865664 Total splits: 303 Good splits: 281
Reward: 46724.6278798 Total splits: 304 Good splits: 289
Reward: 42399.1323891 Total splits: 317 Good splits: 295
Reward: 51556.2496866 Total splits: 299 Good splits: 283
Reward: 49852.1496906 Total splits: 281 Good splits: 269
Reward: 48729.176813 Total splits: 311 Good splits: 295
Reward: 49646.9122717 Total splits: 341 Good splits: 324
Reward: 48092.8207274 Total splits: 312 Good splits: 291
Reward: 47470.7880434 Total splits: 307 Good splits: 290
Reward: 47090.7043367 Total splits: 315 Good splits: 302
Reward: 45365.6393505 Total splits: 316 Good splits: 300
Reward: 45113.4724737 Total splits: 321 Good splits: 299
Reward: 49667.2652332 Total splits: 314 Good splits: 301
Reward: 47663.1819402 Total splits: 299 Good splits: 282
Reward: 50982.5034503 Total splits: 318 Good splits: 306
Reward: 44320.5943854 Total splits: 330 Good splits: 313
Reward: 49107.4237072 Total splits: 349 Good splits: 332
Reward: 49879.1542268 Total splits: 315 Good splits: 300
Reward: 49036.4059205 Total splits: 293 Good splits: 281
Reward: 49869.4319424 Total splits: 328 Good splits: 316
Reward: 45280.0949669 Total splits: 326 Good splits: 310
Reward: 46099.9724478 Total splits: 317 Good splits: 305
Reward: 49351.0173302 Total splits: 294 Good splits: 279
Reward: 50616.9910988 Total splits: 299 Good splits: 279
Reward: 46654.5125096 Total splits: 298 Good splits: 285
Reward: 48053.6991334 Total splits: 304 Good splits: 289
Reward: 45344.3731361 Total splits: 319 Good splits: 298
Reward: 49470.9467051 Total splits: 322 Good splits: 305
Reward: 49460.8487201 Total splits: 334 Good splits: 317
Reward: 46444.353093 Total splits: 326 Good splits: 310
Reward: 42810.4517025 Total splits: 317 Good splits: 297
Reward: 51227.5705003 Total splits: 291 Good splits: 274
Reward: 47238.0283306 Total splits: 328 Good splits: 312
Reward: 48871.8376785 Total splits: 306 Good splits: 289
Reward: 50675.1992384 Total splits: 310 Good splits: 290
Reward: 41904.1946105 Total splits: 304 Good splits: 285
Reward: 44393.7352207 Total splits: 293 Good splits: 277
Reward: 49379.8909924 Total splits: 318 Good splits: 302
Reward: 46974.93168 Total splits: 342 Good splits: 324
Reward: 49495.3514867 Total splits: 299 Good splits: 281
Reward: 48841.801739 Total splits: 313 Good splits: 296
Reward: 52267.0253275 Total splits: 304 Good splits: 292
Reward: 50291.4182517 Total splits: 318 Good splits: 300
Reward: 44940.0883567 Total splits: 315 Good splits: 305
Reward: 50531.345705 Total splits: 321 Good splits: 305
Reward: 43450.9746387 Total splits: 322 Good splits: 305

Results after 150 tests
Average total rewards : 48527.5567743
Average total splits  : 311.126666667
Average good splits   : 293.773333333
Average good splits % : 94.4224217361

