Reward: 49112.7339331 Total splits: 281 Good splits: 260
Reward: 48128.240795 Total splits: 306 Good splits: 285
Reward: 49217.7265365 Total splits: 328 Good splits: 311
Reward: 50759.7275739 Total splits: 312 Good splits: 292
Reward: 47011.0463472 Total splits: 338 Good splits: 318
Reward: 42456.5597503 Total splits: 313 Good splits: 297
Reward: 47558.4175059 Total splits: 310 Good splits: 294
Reward: 45098.9942535 Total splits: 337 Good splits: 324
Reward: 50828.7420284 Total splits: 291 Good splits: 275
Reward: 45702.3487887 Total splits: 311 Good splits: 301
Reward: 48437.7030493 Total splits: 312 Good splits: 295
Reward: 45105.8891238 Total splits: 322 Good splits: 299
Reward: 46052.0056652 Total splits: 336 Good splits: 311
Reward: 47661.2338296 Total splits: 317 Good splits: 298
Reward: 51301.5684142 Total splits: 313 Good splits: 297
Reward: 45303.539388 Total splits: 286 Good splits: 274
Reward: 42137.9883266 Total splits: 338 Good splits: 324
Reward: 45207.8558147 Total splits: 311 Good splits: 295
Reward: 47691.9092556 Total splits: 322 Good splits: 314
Reward: 42680.6148847 Total splits: 309 Good splits: 303
Reward: 45234.1241496 Total splits: 309 Good splits: 286
Reward: 46604.3339595 Total splits: 324 Good splits: 306
Reward: 47223.3084579 Total splits: 300 Good splits: 288
Reward: 47171.2603879 Total splits: 333 Good splits: 314
Reward: 50592.1837371 Total splits: 336 Good splits: 326
Reward: 46812.0624114 Total splits: 330 Good splits: 314
Reward: 43656.5654842 Total splits: 322 Good splits: 309
Reward: 46574.6015308 Total splits: 319 Good splits: 305
Reward: 47902.5788619 Total splits: 301 Good splits: 286
Reward: 49805.3026722 Total splits: 325 Good splits: 311
Reward: 47570.8458359 Total splits: 302 Good splits: 288
Reward: 47287.2593988 Total splits: 342 Good splits: 325
Reward: 49079.4785417 Total splits: 311 Good splits: 299
Reward: 49349.0424457 Total splits: 328 Good splits: 315
Reward: 46681.6908123 Total splits: 305 Good splits: 291
Reward: 49573.0216458 Total splits: 322 Good splits: 310
Reward: 48936.3079268 Total splits: 333 Good splits: 325
Reward: 49864.2722874 Total splits: 303 Good splits: 285
Reward: 48891.8776408 Total splits: 320 Good splits: 307
Reward: 48942.6410032 Total splits: 317 Good splits: 300
Reward: 47213.1242926 Total splits: 323 Good splits: 307
Reward: 49204.5857737 Total splits: 310 Good splits: 286
Reward: 48697.3387009 Total splits: 305 Good splits: 290
Reward: 46215.460361 Total splits: 325 Good splits: 304
Reward: 47329.6176123 Total splits: 351 Good splits: 336
Reward: 46110.4040086 Total splits: 315 Good splits: 299
Reward: 46931.6485905 Total splits: 311 Good splits: 295
Reward: 50433.0297463 Total splits: 319 Good splits: 306
Reward: 43858.3774025 Total splits: 335 Good splits: 321
Reward: 47984.1457804 Total splits: 313 Good splits: 295

Results after 50 tests
Average total rewards : 47383.7067345
Average total splits  : 317.64
Average good splits   : 301.92
Average good splits % : 95.0510011334

Reward: 48059.0394215 Total splits: 327 Good splits: 311
Reward: 44655.1558405 Total splits: 321 Good splits: 305
Reward: 47893.8279544 Total splits: 310 Good splits: 295
Reward: 50010.3424978 Total splits: 321 Good splits: 304
Reward: 40389.5435124 Total splits: 340 Good splits: 322
Reward: 48311.695769 Total splits: 301 Good splits: 284
Reward: 49014.5291343 Total splits: 322 Good splits: 304
Reward: 43274.7350263 Total splits: 331 Good splits: 317
Reward: 49208.8204041 Total splits: 341 Good splits: 329
Reward: 48879.4216032 Total splits: 339 Good splits: 324
Reward: 43963.2679861 Total splits: 330 Good splits: 310
Reward: 45732.3505484 Total splits: 315 Good splits: 299
Reward: 47959.5851256 Total splits: 324 Good splits: 309
Reward: 44808.2811022 Total splits: 320 Good splits: 307
Reward: 45568.791792 Total splits: 321 Good splits: 307
Reward: 46186.972762 Total splits: 344 Good splits: 328
Reward: 49966.7489835 Total splits: 349 Good splits: 334
Reward: 50129.9354164 Total splits: 312 Good splits: 298
Reward: 44742.2909603 Total splits: 294 Good splits: 284
Reward: 44227.0676864 Total splits: 297 Good splits: 271
Reward: 44770.5187987 Total splits: 297 Good splits: 279
Reward: 49455.0141845 Total splits: 328 Good splits: 311
Reward: 48904.2130432 Total splits: 277 Good splits: 264
Reward: 50534.7002546 Total splits: 305 Good splits: 286
Reward: 48600.0565954 Total splits: 299 Good splits: 285
Reward: 47995.3263191 Total splits: 318 Good splits: 304
Reward: 48105.5775689 Total splits: 323 Good splits: 310
Reward: 45750.8025973 Total splits: 338 Good splits: 330
Reward: 47581.3029098 Total splits: 278 Good splits: 258
Reward: 49429.709913 Total splits: 334 Good splits: 316
Reward: 47391.6553611 Total splits: 337 Good splits: 323
Reward: 50343.4052486 Total splits: 292 Good splits: 277
Reward: 49017.5616572 Total splits: 315 Good splits: 300
Reward: 49222.6129204 Total splits: 349 Good splits: 331
Reward: 47800.189604 Total splits: 322 Good splits: 308
Reward: 49471.1511965 Total splits: 312 Good splits: 292
Reward: 48039.6293337 Total splits: 314 Good splits: 300
Reward: 46804.3644327 Total splits: 309 Good splits: 290
Reward: 48386.1408326 Total splits: 335 Good splits: 319
Reward: 49106.2325353 Total splits: 315 Good splits: 291
Reward: 50279.6660519 Total splits: 318 Good splits: 299
Reward: 49898.585938 Total splits: 349 Good splits: 335
Reward: 44326.4279366 Total splits: 325 Good splits: 312
Reward: 51037.0387985 Total splits: 311 Good splits: 296
Reward: 48986.2775466 Total splits: 289 Good splits: 279
Reward: 49414.7380239 Total splits: 312 Good splits: 296
Reward: 44450.4880059 Total splits: 333 Good splits: 312
Reward: 48101.0626111 Total splits: 296 Good splits: 280
Reward: 46156.5281597 Total splits: 330 Good splits: 317
Reward: 48499.9601699 Total splits: 306 Good splits: 291
Reward: 49020.4400425 Total splits: 305 Good splits: 285
Reward: 50357.8514016 Total splits: 307 Good splits: 294
Reward: 49361.1401711 Total splits: 329 Good splits: 310
Reward: 47326.917506 Total splits: 318 Good splits: 300
Reward: 49005.9577551 Total splits: 274 Good splits: 254
Reward: 48982.4772473 Total splits: 318 Good splits: 300
Reward: 48527.7247505 Total splits: 309 Good splits: 291
Reward: 44604.5539832 Total splits: 338 Good splits: 320
Reward: 49907.7949528 Total splits: 304 Good splits: 292
Reward: 48292.7318785 Total splits: 286 Good splits: 271
Reward: 47967.7966621 Total splits: 344 Good splits: 331
Reward: 47037.0297559 Total splits: 318 Good splits: 303
Reward: 48271.7996564 Total splits: 317 Good splits: 301
Reward: 43274.6119214 Total splits: 333 Good splits: 312
Reward: 51094.0389286 Total splits: 314 Good splits: 299
Reward: 45376.8366664 Total splits: 282 Good splits: 270
Reward: 48863.2383152 Total splits: 332 Good splits: 319
Reward: 50188.3792967 Total splits: 305 Good splits: 285
Reward: 45658.008834 Total splits: 320 Good splits: 291
Reward: 47378.1219496 Total splits: 314 Good splits: 300
Reward: 45306.8518642 Total splits: 317 Good splits: 291
Reward: 48129.6396769 Total splits: 313 Good splits: 294
Reward: 45242.3431993 Total splits: 332 Good splits: 311
Reward: 46169.3877072 Total splits: 340 Good splits: 324
Reward: 42173.8070052 Total splits: 273 Good splits: 263
Reward: 50163.4399945 Total splits: 300 Good splits: 291
Reward: 46329.1895183 Total splits: 308 Good splits: 291
Reward: 39770.7732706 Total splits: 275 Good splits: 253
Reward: 51127.990633 Total splits: 328 Good splits: 311
Reward: 49523.9495069 Total splits: 326 Good splits: 308
Reward: 47365.9667734 Total splits: 322 Good splits: 302
Reward: 48819.7378229 Total splits: 331 Good splits: 319
Reward: 44712.9438405 Total splits: 303 Good splits: 282
Reward: 46952.0799874 Total splits: 303 Good splits: 282
Reward: 47504.4326391 Total splits: 346 Good splits: 326
Reward: 50626.378035 Total splits: 304 Good splits: 287
Reward: 47635.2612344 Total splits: 298 Good splits: 279
Reward: 47082.6577074 Total splits: 313 Good splits: 295
Reward: 47634.1618899 Total splits: 314 Good splits: 298
Reward: 49623.3089724 Total splits: 320 Good splits: 304
Reward: 44583.4107413 Total splits: 342 Good splits: 324
Reward: 51251.1392907 Total splits: 308 Good splits: 292
Reward: 45164.1157266 Total splits: 311 Good splits: 298
Reward: 45050.0861442 Total splits: 295 Good splits: 285
Reward: 48856.8774886 Total splits: 301 Good splits: 285
Reward: 45322.4055647 Total splits: 333 Good splits: 317
Reward: 50502.6334239 Total splits: 318 Good splits: 297
Reward: 51206.85891 Total splits: 306 Good splits: 290
Reward: 47238.0142196 Total splits: 313 Good splits: 297
Reward: 49078.9989529 Total splits: 281 Good splits: 260
Reward: 46079.1294642 Total splits: 305 Good splits: 292
Reward: 48797.8842991 Total splits: 311 Good splits: 302
Reward: 50781.0700259 Total splits: 324 Good splits: 307
Reward: 48893.1742334 Total splits: 299 Good splits: 282
Reward: 42152.4621551 Total splits: 328 Good splits: 311
Reward: 47372.2575106 Total splits: 320 Good splits: 307
Reward: 50656.9346831 Total splits: 326 Good splits: 318
Reward: 47586.9262069 Total splits: 313 Good splits: 299
Reward: 49878.5408319 Total splits: 319 Good splits: 300
Reward: 44815.6811238 Total splits: 306 Good splits: 294
Reward: 42917.4281514 Total splits: 290 Good splits: 271
Reward: 47638.8061348 Total splits: 336 Good splits: 318
Reward: 46290.8243485 Total splits: 335 Good splits: 326
Reward: 47002.8497663 Total splits: 292 Good splits: 281
Reward: 48076.3756593 Total splits: 290 Good splits: 274
Reward: 46475.0099431 Total splits: 308 Good splits: 289
Reward: 45922.1934473 Total splits: 344 Good splits: 332
Reward: 46228.8427945 Total splits: 325 Good splits: 311
Reward: 42248.9381636 Total splits: 317 Good splits: 297
Reward: 45457.7534224 Total splits: 300 Good splits: 286
Reward: 43632.6902547 Total splits: 309 Good splits: 295
Reward: 50360.4040511 Total splits: 320 Good splits: 304
Reward: 49026.3908806 Total splits: 292 Good splits: 278
Reward: 50641.2074466 Total splits: 317 Good splits: 304
Reward: 48333.4858222 Total splits: 288 Good splits: 274
Reward: 46627.6772004 Total splits: 336 Good splits: 313
Reward: 50079.6059825 Total splits: 310 Good splits: 291
Reward: 51299.8690976 Total splits: 303 Good splits: 289
Reward: 47712.9498152 Total splits: 323 Good splits: 305
Reward: 44799.7128365 Total splits: 309 Good splits: 293
Reward: 44650.7550063 Total splits: 302 Good splits: 285
Reward: 49622.9138945 Total splits: 306 Good splits: 287
Reward: 48056.2144154 Total splits: 301 Good splits: 285
Reward: 46225.4386745 Total splits: 358 Good splits: 341
Reward: 46207.3300564 Total splits: 346 Good splits: 324
Reward: 48975.639956 Total splits: 307 Good splits: 288
Reward: 47003.2747394 Total splits: 333 Good splits: 319
Reward: 44345.0849049 Total splits: 301 Good splits: 287
Reward: 49621.214189 Total splits: 280 Good splits: 258
Reward: 49849.920288 Total splits: 320 Good splits: 301
Reward: 44705.8525634 Total splits: 354 Good splits: 341
Reward: 49535.8242213 Total splits: 319 Good splits: 290
Reward: 50852.7321657 Total splits: 310 Good splits: 295
Reward: 46495.6003448 Total splits: 330 Good splits: 308
Reward: 47098.3921732 Total splits: 311 Good splits: 295
Reward: 48044.4630631 Total splits: 335 Good splits: 323
Reward: 50380.5707794 Total splits: 318 Good splits: 314
Reward: 46124.1088216 Total splits: 306 Good splits: 288
Reward: 47467.4866328 Total splits: 308 Good splits: 288
Reward: 50627.5180968 Total splits: 299 Good splits: 289

Results after 150 tests
Average total rewards : 47567.7803082
Average total splits  : 315.366666667
Average good splits   : 299.106666667
Average good splits % : 94.8440968185

