Reward: 48657.8619365 Total splits: 305 Good splits: 289
Reward: 49624.8837737 Total splits: 288 Good splits: 262
Reward: 40875.9861299 Total splits: 304 Good splits: 283
Reward: 49365.1609867 Total splits: 306 Good splits: 287
Reward: 49897.9266508 Total splits: 312 Good splits: 300
Reward: 51104.7372593 Total splits: 301 Good splits: 283
Reward: 49990.5478423 Total splits: 328 Good splits: 314
Reward: 44803.3137955 Total splits: 306 Good splits: 290
Reward: 41819.1947798 Total splits: 307 Good splits: 282
Reward: 48263.5764322 Total splits: 297 Good splits: 275
Reward: 48385.6814075 Total splits: 310 Good splits: 300
Reward: 50474.2182942 Total splits: 316 Good splits: 292
Reward: 47528.5049433 Total splits: 309 Good splits: 285
Reward: 47895.5055761 Total splits: 302 Good splits: 283
Reward: 43573.3184825 Total splits: 327 Good splits: 316
Reward: 46079.2483783 Total splits: 299 Good splits: 276
Reward: 47253.5117166 Total splits: 310 Good splits: 294
Reward: 44957.8825786 Total splits: 283 Good splits: 262
Reward: 45974.8011874 Total splits: 286 Good splits: 271
Reward: 48016.9833604 Total splits: 318 Good splits: 304
Reward: 46785.8210608 Total splits: 300 Good splits: 273
Reward: 46315.016361 Total splits: 299 Good splits: 280
Reward: 45726.5798283 Total splits: 274 Good splits: 251
Reward: 49870.5815763 Total splits: 304 Good splits: 288
Reward: 50304.3006226 Total splits: 310 Good splits: 296
Reward: 49511.1190635 Total splits: 284 Good splits: 263
Reward: 48359.027301 Total splits: 326 Good splits: 304
Reward: 50543.3553004 Total splits: 308 Good splits: 286
Reward: 48740.9645879 Total splits: 299 Good splits: 287
Reward: 49105.1531499 Total splits: 326 Good splits: 308
Reward: 49114.8752919 Total splits: 313 Good splits: 292
Reward: 44620.9346311 Total splits: 279 Good splits: 252
Reward: 49686.2821804 Total splits: 298 Good splits: 277
Reward: 46043.1848551 Total splits: 326 Good splits: 308
Reward: 47631.0241731 Total splits: 310 Good splits: 284
Reward: 45164.5851614 Total splits: 306 Good splits: 289
Reward: 40918.4241253 Total splits: 290 Good splits: 270
Reward: 50684.8354358 Total splits: 314 Good splits: 296
Reward: 48580.0832175 Total splits: 272 Good splits: 255
Reward: 48749.2722375 Total splits: 312 Good splits: 304
Reward: 49314.1934761 Total splits: 318 Good splits: 293
Reward: 45653.9706254 Total splits: 295 Good splits: 280
Reward: 49183.0269828 Total splits: 299 Good splits: 274
Reward: 48427.580924 Total splits: 296 Good splits: 279
Reward: 50021.2852548 Total splits: 305 Good splits: 282
Reward: 46656.6661132 Total splits: 291 Good splits: 263
Reward: 48789.9661821 Total splits: 328 Good splits: 309
Reward: 44250.6777102 Total splits: 315 Good splits: 295
Reward: 47041.9088527 Total splits: 286 Good splits: 266
Reward: 46370.1120428 Total splits: 308 Good splits: 281

Results after 50 tests
Average total rewards : 47534.1530767
Average total splits  : 304.1
Average good splits   : 284.66
Average good splits % : 93.607365998

Reward: 48190.8772278 Total splits: 300 Good splits: 283
Reward: 46602.0343836 Total splits: 280 Good splits: 254
Reward: 49568.0362947 Total splits: 290 Good splits: 267
Reward: 48244.3706609 Total splits: 304 Good splits: 288
Reward: 51235.2397519 Total splits: 327 Good splits: 311
Reward: 48419.0023493 Total splits: 313 Good splits: 292
Reward: 46324.3682094 Total splits: 309 Good splits: 295
Reward: 44761.6625809 Total splits: 328 Good splits: 310
Reward: 44808.3495892 Total splits: 306 Good splits: 281
Reward: 47424.7568398 Total splits: 294 Good splits: 270
Reward: 46709.2930435 Total splits: 318 Good splits: 302
Reward: 42218.9829699 Total splits: 312 Good splits: 299
Reward: 46657.0699205 Total splits: 272 Good splits: 254
Reward: 48105.0281216 Total splits: 314 Good splits: 294
Reward: 49470.0586794 Total splits: 302 Good splits: 286
Reward: 47757.6429728 Total splits: 306 Good splits: 287
Reward: 48140.5184341 Total splits: 331 Good splits: 312
Reward: 44626.5332979 Total splits: 302 Good splits: 282
Reward: 44664.9571291 Total splits: 300 Good splits: 279
Reward: 45704.9054992 Total splits: 306 Good splits: 280
Reward: 41129.2565943 Total splits: 280 Good splits: 258
Reward: 40748.5661255 Total splits: 300 Good splits: 280
Reward: 45490.6982998 Total splits: 300 Good splits: 282
Reward: 45903.1903441 Total splits: 267 Good splits: 249
Reward: 43639.0914876 Total splits: 312 Good splits: 292
Reward: 44197.1471291 Total splits: 330 Good splits: 302
Reward: 48038.3935933 Total splits: 287 Good splits: 269
Reward: 47458.3487619 Total splits: 293 Good splits: 280
Reward: 44252.3211215 Total splits: 317 Good splits: 302
Reward: 44059.5704935 Total splits: 310 Good splits: 298
Reward: 47415.7249528 Total splits: 302 Good splits: 286
Reward: 48205.6321766 Total splits: 304 Good splits: 287
Reward: 48693.0550509 Total splits: 313 Good splits: 303
Reward: 50367.8570934 Total splits: 307 Good splits: 292
Reward: 44102.0255091 Total splits: 298 Good splits: 283
Reward: 46562.5098392 Total splits: 302 Good splits: 273
Reward: 45891.7808447 Total splits: 316 Good splits: 301
Reward: 42525.4631899 Total splits: 279 Good splits: 254
Reward: 49087.6397202 Total splits: 306 Good splits: 283
Reward: 46335.1224434 Total splits: 305 Good splits: 288
Reward: 47433.8364458 Total splits: 297 Good splits: 276
Reward: 47382.4509368 Total splits: 276 Good splits: 252
Reward: 50517.4730023 Total splits: 296 Good splits: 277
Reward: 50735.0155646 Total splits: 318 Good splits: 302
Reward: 43936.0575571 Total splits: 297 Good splits: 274
Reward: 49300.2573513 Total splits: 330 Good splits: 311
Reward: 45332.0057758 Total splits: 311 Good splits: 289
Reward: 49483.0228056 Total splits: 317 Good splits: 303
Reward: 44937.1467963 Total splits: 288 Good splits: 267
Reward: 46905.1263463 Total splits: 315 Good splits: 300

Results after 50 tests
Average total rewards : 46593.9895062
Average total splits  : 303.74
Average good splits   : 284.78
Average good splits % : 93.7578191875

Reward: 50634.8061085 Total splits: 323 Good splits: 309
Reward: 48364.0349236 Total splits: 302 Good splits: 288
Reward: 46872.5427016 Total splits: 265 Good splits: 246
Reward: 49492.2740888 Total splits: 276 Good splits: 254
Reward: 46605.2560355 Total splits: 320 Good splits: 300
Reward: 48154.89763 Total splits: 289 Good splits: 274
Reward: 49104.0961044 Total splits: 316 Good splits: 292
Reward: 48572.1826183 Total splits: 303 Good splits: 280
Reward: 44809.2378565 Total splits: 277 Good splits: 267
Reward: 49697.7992374 Total splits: 280 Good splits: 260
Reward: 49348.1151294 Total splits: 302 Good splits: 280
Reward: 51657.3385592 Total splits: 325 Good splits: 304
Reward: 49133.3722599 Total splits: 310 Good splits: 293
Reward: 42421.4856156 Total splits: 297 Good splits: 279
Reward: 49494.7478113 Total splits: 313 Good splits: 296
Reward: 45998.1891935 Total splits: 303 Good splits: 287
Reward: 45188.4838706 Total splits: 299 Good splits: 275
Reward: 40073.4881761 Total splits: 246 Good splits: 217
Reward: 50290.215571 Total splits: 310 Good splits: 296
Reward: 48406.1422831 Total splits: 303 Good splits: 288
Reward: 49885.1915422 Total splits: 321 Good splits: 301
Reward: 50497.587755 Total splits: 314 Good splits: 298
Reward: 44257.2252801 Total splits: 303 Good splits: 284
Reward: 45798.3216887 Total splits: 285 Good splits: 261
Reward: 50526.7005898 Total splits: 321 Good splits: 302
Reward: 47763.7526161 Total splits: 306 Good splits: 279
Reward: 42713.8318675 Total splits: 280 Good splits: 255
Reward: 47245.9365091 Total splits: 322 Good splits: 301
Reward: 48094.9729683 Total splits: 301 Good splits: 283
Reward: 49172.1361622 Total splits: 324 Good splits: 306
Reward: 48207.202241 Total splits: 313 Good splits: 295
Reward: 48743.2407489 Total splits: 305 Good splits: 288
Reward: 48953.8191691 Total splits: 314 Good splits: 298
Reward: 49819.7701453 Total splits: 314 Good splits: 300
Reward: 47305.7898821 Total splits: 304 Good splits: 288
Reward: 48280.8021621 Total splits: 324 Good splits: 307
Reward: 39015.2974611 Total splits: 283 Good splits: 265
Reward: 48054.5417802 Total splits: 314 Good splits: 297
Reward: 42258.3699403 Total splits: 299 Good splits: 287
Reward: 46741.3977 Total splits: 282 Good splits: 257
Reward: 47632.017931 Total splits: 298 Good splits: 276
Reward: 50637.7709431 Total splits: 321 Good splits: 309
Reward: 43328.9730421 Total splits: 306 Good splits: 287
Reward: 50202.4806679 Total splits: 321 Good splits: 310
Reward: 45845.0607518 Total splits: 324 Good splits: 304
Reward: 48996.1242913 Total splits: 269 Good splits: 248
Reward: 46458.8872761 Total splits: 302 Good splits: 286
Reward: 44349.3369968 Total splits: 297 Good splits: 282
Reward: 49475.9375182 Total splits: 310 Good splits: 292
Reward: 49965.950307 Total splits: 310 Good splits: 288

Results after 50 tests
Average total rewards : 47490.9426742
Average total splits  : 302.92
Average good splits   : 284.38
Average good splits % : 93.8795721643

Reward: 44229.2897284 Total splits: 274 Good splits: 252
Reward: 50094.5308841 Total splits: 320 Good splits: 302
Reward: 46972.4913748 Total splits: 307 Good splits: 293
Reward: 44983.8174816 Total splits: 312 Good splits: 288
Reward: 48412.7396539 Total splits: 345 Good splits: 328
Reward: 48166.0774448 Total splits: 313 Good splits: 289
Reward: 47440.8336043 Total splits: 305 Good splits: 287
Reward: 47446.7868435 Total splits: 297 Good splits: 276
Reward: 47792.5663944 Total splits: 303 Good splits: 280
Reward: 46592.0439402 Total splits: 300 Good splits: 280
Reward: 47046.0040459 Total splits: 296 Good splits: 281
Reward: 49664.3078579 Total splits: 329 Good splits: 312
Reward: 44611.4885482 Total splits: 268 Good splits: 253
Reward: 44479.1061401 Total splits: 302 Good splits: 279
Reward: 49420.082618 Total splits: 306 Good splits: 295
Reward: 48701.4956445 Total splits: 318 Good splits: 300
Reward: 47969.237415 Total splits: 316 Good splits: 305
Reward: 46912.5060686 Total splits: 316 Good splits: 300
Reward: 48129.9764839 Total splits: 295 Good splits: 272
Reward: 47988.2414377 Total splits: 316 Good splits: 290
Reward: 50323.5249924 Total splits: 303 Good splits: 282
Reward: 48604.3404588 Total splits: 292 Good splits: 276
Reward: 48455.1050371 Total splits: 312 Good splits: 291
Reward: 44426.5258133 Total splits: 277 Good splits: 261
Reward: 48431.4813541 Total splits: 332 Good splits: 316
Reward: 47133.8815285 Total splits: 306 Good splits: 286
Reward: 47147.4004875 Total splits: 321 Good splits: 300
Reward: 49254.9556738 Total splits: 324 Good splits: 303
Reward: 49817.2509986 Total splits: 298 Good splits: 284
Reward: 48454.3794269 Total splits: 306 Good splits: 289
Reward: 49912.6265825 Total splits: 299 Good splits: 278
Reward: 48884.7813101 Total splits: 292 Good splits: 270
Reward: 45745.9367504 Total splits: 305 Good splits: 289
Reward: 49616.0255324 Total splits: 313 Good splits: 294
Reward: 48309.1961959 Total splits: 323 Good splits: 308
Reward: 46720.7597985 Total splits: 302 Good splits: 277
Reward: 49344.6396207 Total splits: 313 Good splits: 301
Reward: 40205.4568592 Total splits: 309 Good splits: 291
Reward: 50233.0581781 Total splits: 308 Good splits: 295
Reward: 46884.3778201 Total splits: 327 Good splits: 308
Reward: 48253.4472041 Total splits: 309 Good splits: 293
Reward: 45918.2915475 Total splits: 315 Good splits: 294
Reward: 49106.8968672 Total splits: 301 Good splits: 284
Reward: 43849.0990601 Total splits: 317 Good splits: 299
Reward: 43025.8753676 Total splits: 318 Good splits: 294
Reward: 47157.524965 Total splits: 293 Good splits: 275
Reward: 47049.1984187 Total splits: 319 Good splits: 296
Reward: 48040.6499257 Total splits: 296 Good splits: 276
Reward: 43742.1599683 Total splits: 315 Good splits: 301
Reward: 38299.2908092 Total splits: 267 Good splits: 247

Results after 50 tests
Average total rewards : 47188.0352432
Average total splits  : 307.0
Average good splits   : 288.4
Average good splits % : 93.9413680782

