Reward: 48549.2201425 Total splits: 336 Good splits: 322
Reward: 45695.3183715 Total splits: 320 Good splits: 298
Reward: 45917.6661299 Total splits: 290 Good splits: 276
Reward: 46665.537026 Total splits: 330 Good splits: 313
Reward: 43176.4889164 Total splits: 292 Good splits: 269
Reward: 49455.9799022 Total splits: 340 Good splits: 317
Reward: 50745.139999 Total splits: 306 Good splits: 289
Reward: 48662.518755 Total splits: 292 Good splits: 277
Reward: 51063.8462989 Total splits: 307 Good splits: 284
Reward: 41557.2051608 Total splits: 283 Good splits: 266
Reward: 48755.0710285 Total splits: 349 Good splits: 331
Reward: 50601.8809753 Total splits: 314 Good splits: 298
Reward: 48403.0033026 Total splits: 306 Good splits: 270
Reward: 45905.2421369 Total splits: 320 Good splits: 307
Reward: 47381.0812411 Total splits: 293 Good splits: 277
Reward: 50738.5376784 Total splits: 326 Good splits: 318
Reward: 48404.5108297 Total splits: 334 Good splits: 322
Reward: 42902.6803518 Total splits: 322 Good splits: 306
Reward: 49487.3070008 Total splits: 308 Good splits: 293
Reward: 47815.8456653 Total splits: 297 Good splits: 278
Reward: 49120.1407803 Total splits: 286 Good splits: 264
Reward: 49982.5503346 Total splits: 315 Good splits: 298
Reward: 49428.461125 Total splits: 312 Good splits: 295
Reward: 48329.3272324 Total splits: 305 Good splits: 290
Reward: 47035.036513 Total splits: 301 Good splits: 278
Reward: 50144.9444198 Total splits: 325 Good splits: 309
Reward: 44987.7261582 Total splits: 268 Good splits: 248
Reward: 47254.1050873 Total splits: 295 Good splits: 280
Reward: 50557.1774721 Total splits: 316 Good splits: 293
Reward: 49200.6360084 Total splits: 314 Good splits: 289
Reward: 51256.5016132 Total splits: 312 Good splits: 285
Reward: 48210.3600699 Total splits: 328 Good splits: 319
Reward: 51429.2557257 Total splits: 270 Good splits: 255
Reward: 49290.7470781 Total splits: 277 Good splits: 266
Reward: 49508.5531988 Total splits: 282 Good splits: 259
Reward: 50867.2594254 Total splits: 271 Good splits: 259
Reward: 50443.2034608 Total splits: 298 Good splits: 277
Reward: 51379.425065 Total splits: 284 Good splits: 270
Reward: 47528.1426525 Total splits: 286 Good splits: 265
Reward: 51650.7470088 Total splits: 297 Good splits: 286
Reward: 50290.6831234 Total splits: 287 Good splits: 279
Reward: 47798.3275415 Total splits: 341 Good splits: 324
Reward: 49637.4086062 Total splits: 270 Good splits: 258
Reward: 47344.5348859 Total splits: 319 Good splits: 299
Reward: 47642.3883691 Total splits: 276 Good splits: 252
Reward: 48282.1715572 Total splits: 305 Good splits: 291
Reward: 49487.7586443 Total splits: 293 Good splits: 279
Reward: 51543.4158029 Total splits: 300 Good splits: 284
Reward: 51187.3037618 Total splits: 283 Good splits: 269
Reward: 48044.1543016 Total splits: 299 Good splits: 272

Results after 50 tests
Average total rewards : 48614.9305587
Average total splits  : 303.6
Average good splits   : 286.06
Average good splits % : 94.2226613966

Reward: 51323.1570569 Total splits: 310 Good splits: 296
Reward: 51330.4417267 Total splits: 317 Good splits: 299
Reward: 49334.1576245 Total splits: 276 Good splits: 259
Reward: 49433.6755752 Total splits: 298 Good splits: 283
Reward: 47933.2962626 Total splits: 327 Good splits: 312
Reward: 51780.2966414 Total splits: 337 Good splits: 321
Reward: 50396.2680428 Total splits: 293 Good splits: 275
Reward: 47080.8687833 Total splits: 293 Good splits: 281
Reward: 47559.3136042 Total splits: 311 Good splits: 296
Reward: 47234.0043736 Total splits: 320 Good splits: 299
Reward: 48860.7504743 Total splits: 325 Good splits: 310
Reward: 50184.1597807 Total splits: 283 Good splits: 262
Reward: 50872.5476009 Total splits: 298 Good splits: 285
Reward: 51349.6011171 Total splits: 308 Good splits: 283
Reward: 46186.4352681 Total splits: 283 Good splits: 268
Reward: 49999.0561624 Total splits: 311 Good splits: 295
Reward: 50271.9102244 Total splits: 305 Good splits: 292
Reward: 48669.4612744 Total splits: 307 Good splits: 290
Reward: 50989.6568275 Total splits: 304 Good splits: 296
Reward: 44842.2303236 Total splits: 333 Good splits: 307
Reward: 50631.9867629 Total splits: 340 Good splits: 327
Reward: 48559.1421233 Total splits: 310 Good splits: 292
Reward: 47927.2970712 Total splits: 292 Good splits: 275
Reward: 47959.2756837 Total splits: 307 Good splits: 287
Reward: 46881.843347 Total splits: 308 Good splits: 298
Reward: 47648.0808547 Total splits: 317 Good splits: 302
Reward: 51835.4170241 Total splits: 309 Good splits: 289
Reward: 51624.475264 Total splits: 291 Good splits: 274
Reward: 47564.9013033 Total splits: 319 Good splits: 301
Reward: 49625.6292691 Total splits: 287 Good splits: 267
Reward: 51266.9437061 Total splits: 301 Good splits: 289
Reward: 46211.839334 Total splits: 285 Good splits: 271
Reward: 46191.7498448 Total splits: 286 Good splits: 267
Reward: 50620.6360893 Total splits: 327 Good splits: 308
Reward: 48749.8867592 Total splits: 311 Good splits: 291
Reward: 45998.0612824 Total splits: 326 Good splits: 311
Reward: 47247.6268787 Total splits: 326 Good splits: 309
Reward: 44982.7691773 Total splits: 320 Good splits: 303
Reward: 49159.0645387 Total splits: 273 Good splits: 260
Reward: 45731.0005328 Total splits: 308 Good splits: 289
Reward: 49597.5044336 Total splits: 339 Good splits: 325
Reward: 50037.1791444 Total splits: 281 Good splits: 264
Reward: 47235.7443512 Total splits: 301 Good splits: 283
Reward: 52329.8071613 Total splits: 326 Good splits: 316
Reward: 47882.669986 Total splits: 317 Good splits: 296
Reward: 45767.9512706 Total splits: 291 Good splits: 278
Reward: 47545.6483932 Total splits: 307 Good splits: 286
Reward: 50472.2511539 Total splits: 302 Good splits: 286
Reward: 48033.7031408 Total splits: 267 Good splits: 256
Reward: 49008.1899126 Total splits: 299 Good splits: 275
Reward: 47372.8992762 Total splits: 306 Good splits: 292
Reward: 45142.5903131 Total splits: 314 Good splits: 301
Reward: 49671.6719036 Total splits: 292 Good splits: 281
Reward: 49609.7620349 Total splits: 276 Good splits: 268
Reward: 49437.4390996 Total splits: 299 Good splits: 282
Reward: 50585.5712015 Total splits: 319 Good splits: 305
Reward: 47425.1954206 Total splits: 319 Good splits: 299
Reward: 49082.9465455 Total splits: 339 Good splits: 322
Reward: 45589.5022427 Total splits: 315 Good splits: 299
Reward: 47534.0556423 Total splits: 327 Good splits: 312
Reward: 50493.8518111 Total splits: 333 Good splits: 317
Reward: 47863.3923901 Total splits: 336 Good splits: 312
Reward: 46968.8367625 Total splits: 296 Good splits: 282
Reward: 51323.6042142 Total splits: 301 Good splits: 275
Reward: 44960.2029675 Total splits: 306 Good splits: 294
Reward: 48025.2678601 Total splits: 299 Good splits: 290
Reward: 52059.5891257 Total splits: 326 Good splits: 309
Reward: 43299.9947379 Total splits: 342 Good splits: 327
Reward: 49702.795635 Total splits: 300 Good splits: 282
Reward: 50447.6162072 Total splits: 308 Good splits: 293
Reward: 48729.3178443 Total splits: 293 Good splits: 282
Reward: 49993.9612974 Total splits: 346 Good splits: 332
Reward: 46783.6670101 Total splits: 298 Good splits: 284
Reward: 45417.0638322 Total splits: 326 Good splits: 306
Reward: 50510.4921036 Total splits: 310 Good splits: 295
Reward: 45915.392793 Total splits: 272 Good splits: 252
Reward: 47219.2781828 Total splits: 295 Good splits: 273
Reward: 51148.3328405 Total splits: 327 Good splits: 312
Reward: 48060.0416319 Total splits: 298 Good splits: 285
Reward: 48918.1977545 Total splits: 264 Good splits: 252
Reward: 50514.2582625 Total splits: 301 Good splits: 286
Reward: 51266.2352129 Total splits: 311 Good splits: 291
Reward: 49593.5063398 Total splits: 327 Good splits: 307
Reward: 50577.7305312 Total splits: 311 Good splits: 295
Reward: 49841.0188176 Total splits: 307 Good splits: 292
Reward: 47897.9110238 Total splits: 340 Good splits: 320
Reward: 43524.9832242 Total splits: 327 Good splits: 313
Reward: 49704.8516281 Total splits: 314 Good splits: 302
Reward: 50567.2692386 Total splits: 295 Good splits: 278
Reward: 47321.5336667 Total splits: 315 Good splits: 300
Reward: 45845.0506292 Total splits: 316 Good splits: 296
Reward: 49639.9053165 Total splits: 344 Good splits: 326
Reward: 48887.8442306 Total splits: 342 Good splits: 322
Reward: 50770.2240654 Total splits: 271 Good splits: 253
Reward: 51432.2506392 Total splits: 308 Good splits: 287
Reward: 47233.1334095 Total splits: 314 Good splits: 298
Reward: 49122.6150861 Total splits: 318 Good splits: 304
Reward: 46086.8001875 Total splits: 265 Good splits: 246
Reward: 49973.5884676 Total splits: 324 Good splits: 304
Reward: 47047.6724472 Total splits: 323 Good splits: 307
Reward: 51953.2965684 Total splits: 313 Good splits: 297
Reward: 45304.9011179 Total splits: 274 Good splits: 260
Reward: 49885.8580994 Total splits: 324 Good splits: 311
Reward: 49172.2810459 Total splits: 289 Good splits: 272
Reward: 41377.3255832 Total splits: 339 Good splits: 320
Reward: 50980.959458 Total splits: 305 Good splits: 285
Reward: 49188.8007809 Total splits: 297 Good splits: 280
Reward: 49224.7808079 Total splits: 318 Good splits: 299
Reward: 49864.3638671 Total splits: 333 Good splits: 316
Reward: 47362.693028 Total splits: 300 Good splits: 286
Reward: 49514.8167078 Total splits: 332 Good splits: 313
Reward: 47033.795371 Total splits: 312 Good splits: 292
Reward: 51287.0836429 Total splits: 296 Good splits: 280
Reward: 47846.3503976 Total splits: 301 Good splits: 282
Reward: 49321.8763051 Total splits: 302 Good splits: 283
Reward: 50345.8539046 Total splits: 289 Good splits: 274
Reward: 46452.7174484 Total splits: 328 Good splits: 309
Reward: 50676.8073189 Total splits: 284 Good splits: 263
Reward: 49938.3007126 Total splits: 315 Good splits: 296
Reward: 50737.8261207 Total splits: 334 Good splits: 317
Reward: 47986.2695658 Total splits: 304 Good splits: 285
Reward: 48453.9207518 Total splits: 286 Good splits: 269
Reward: 50128.5548115 Total splits: 330 Good splits: 311
Reward: 50196.8105374 Total splits: 302 Good splits: 286
Reward: 50218.946501 Total splits: 318 Good splits: 301
Reward: 51127.6767738 Total splits: 292 Good splits: 276
Reward: 48277.9109505 Total splits: 301 Good splits: 275
Reward: 46171.9250811 Total splits: 296 Good splits: 281
Reward: 46054.0481694 Total splits: 316 Good splits: 304
Reward: 51011.970867 Total splits: 301 Good splits: 289
Reward: 50549.2009416 Total splits: 294 Good splits: 276
Reward: 50266.0125212 Total splits: 347 Good splits: 336
Reward: 49782.4189068 Total splits: 325 Good splits: 310
Reward: 48566.0780492 Total splits: 300 Good splits: 282
Reward: 48102.8064395 Total splits: 310 Good splits: 292
Reward: 50180.288133 Total splits: 290 Good splits: 270
Reward: 48290.8640715 Total splits: 341 Good splits: 320
Reward: 47582.1260467 Total splits: 337 Good splits: 324
Reward: 46652.9752592 Total splits: 316 Good splits: 299
Reward: 50309.0370915 Total splits: 289 Good splits: 276
Reward: 47273.5643953 Total splits: 337 Good splits: 319
Reward: 47599.1262767 Total splits: 308 Good splits: 288
Reward: 43968.3810872 Total splits: 332 Good splits: 313
Reward: 44507.7002735 Total splits: 300 Good splits: 283
Reward: 48357.5451896 Total splits: 329 Good splits: 313
Reward: 47778.9946273 Total splits: 314 Good splits: 301
Reward: 48342.0943898 Total splits: 335 Good splits: 313
Reward: 50191.38612 Total splits: 321 Good splits: 309
Reward: 49363.0992787 Total splits: 311 Good splits: 297
Reward: 48050.6536133 Total splits: 325 Good splits: 306

Results after 150 tests
Average total rewards : 48659.4236843
Average total splits  : 309.726666667
Average good splits   : 293.1
Average good splits % : 94.631825911

