Reward: 44637.3097563 Total splits: 328 Good splits: 318
Reward: 40927.4802226 Total splits: 316 Good splits: 304
Reward: 38349.5257865 Total splits: 342 Good splits: 328
Reward: 43358.6870743 Total splits: 353 Good splits: 335
Reward: 41955.6398276 Total splits: 320 Good splits: 304
Reward: 41764.2179161 Total splits: 299 Good splits: 289
Reward: 48030.1317543 Total splits: 324 Good splits: 308
Reward: 48656.5932272 Total splits: 314 Good splits: 298
Reward: 42380.4209324 Total splits: 314 Good splits: 300
Reward: 42796.9580065 Total splits: 360 Good splits: 342
Reward: 45811.3937213 Total splits: 322 Good splits: 312
Reward: 46988.0701028 Total splits: 340 Good splits: 325
Reward: 47478.282495 Total splits: 327 Good splits: 310
Reward: 44370.2258562 Total splits: 333 Good splits: 321
Reward: 40281.7683421 Total splits: 349 Good splits: 334
Reward: 45512.4103784 Total splits: 338 Good splits: 327
Reward: 44424.2065144 Total splits: 351 Good splits: 334
Reward: 44234.2696492 Total splits: 305 Good splits: 290
Reward: 42483.2912894 Total splits: 335 Good splits: 324
Reward: 41318.525476 Total splits: 319 Good splits: 304
Reward: 45913.7562392 Total splits: 339 Good splits: 324
Reward: 48488.5980781 Total splits: 308 Good splits: 294
Reward: 44011.6928144 Total splits: 320 Good splits: 305
Reward: 41536.4811333 Total splits: 323 Good splits: 308
Reward: 42471.1734125 Total splits: 349 Good splits: 337
Reward: 49715.2019694 Total splits: 320 Good splits: 303
Reward: 38175.4340627 Total splits: 328 Good splits: 310
Reward: 45890.4986996 Total splits: 340 Good splits: 326
Reward: 45078.5766002 Total splits: 313 Good splits: 297
Reward: 43721.0681399 Total splits: 335 Good splits: 319
Reward: 41719.2659103 Total splits: 332 Good splits: 317
Reward: 48381.6337407 Total splits: 293 Good splits: 283
Reward: 40983.6340682 Total splits: 305 Good splits: 289
Reward: 39776.2184156 Total splits: 325 Good splits: 311
Reward: 41043.3113742 Total splits: 353 Good splits: 344
Reward: 43167.4863914 Total splits: 329 Good splits: 319
Reward: 48280.4710202 Total splits: 337 Good splits: 311
Reward: 47698.462186 Total splits: 316 Good splits: 298
Reward: 46036.2666016 Total splits: 320 Good splits: 301
Reward: 43200.3727706 Total splits: 320 Good splits: 304
Reward: 46400.6829186 Total splits: 308 Good splits: 295
Reward: 48238.9841344 Total splits: 298 Good splits: 278
Reward: 41825.4998386 Total splits: 314 Good splits: 301
Reward: 42543.219231 Total splits: 338 Good splits: 325
Reward: 46154.4023059 Total splits: 326 Good splits: 315
Reward: 36683.5748461 Total splits: 333 Good splits: 314
Reward: 46940.3451035 Total splits: 327 Good splits: 314
Reward: 41989.6816574 Total splits: 347 Good splits: 333
Reward: 44306.0437784 Total splits: 333 Good splits: 311
Reward: 43210.2850443 Total splits: 337 Good splits: 319

Results after 50 tests
Average total rewards : 43986.8346163
Average total splits  : 327.1
Average good splits   : 312.24
Average good splits % : 95.4570467747

Reward: 41181.6806049 Total splits: 364 Good splits: 350
Reward: 45771.0546452 Total splits: 328 Good splits: 319
Reward: 37933.9238844 Total splits: 325 Good splits: 312
Reward: 42048.2602988 Total splits: 325 Good splits: 313
Reward: 47265.7923239 Total splits: 341 Good splits: 327
Reward: 46693.9815556 Total splits: 322 Good splits: 302
Reward: 43189.5539013 Total splits: 328 Good splits: 309
Reward: 44010.5099701 Total splits: 313 Good splits: 299
Reward: 47467.7998797 Total splits: 321 Good splits: 308
Reward: 39643.8910854 Total splits: 329 Good splits: 313
Reward: 48001.9371441 Total splits: 313 Good splits: 290
Reward: 48857.5498671 Total splits: 355 Good splits: 335
Reward: 41644.8040914 Total splits: 324 Good splits: 304
Reward: 46855.4830687 Total splits: 329 Good splits: 319
Reward: 45407.671275 Total splits: 333 Good splits: 316
Reward: 42983.0004072 Total splits: 332 Good splits: 318
Reward: 43311.2204205 Total splits: 334 Good splits: 314
Reward: 42043.4413149 Total splits: 324 Good splits: 308
Reward: 46773.5078349 Total splits: 330 Good splits: 320
Reward: 42585.9689773 Total splits: 343 Good splits: 320
Reward: 43165.4905871 Total splits: 353 Good splits: 342
Reward: 42103.8745121 Total splits: 326 Good splits: 311
Reward: 49072.9804632 Total splits: 329 Good splits: 307
Reward: 46747.9335252 Total splits: 339 Good splits: 323
Reward: 37678.8596301 Total splits: 325 Good splits: 312
Reward: 48722.9999367 Total splits: 346 Good splits: 333
Reward: 46888.38353 Total splits: 316 Good splits: 305
Reward: 37221.5028812 Total splits: 330 Good splits: 314
Reward: 43774.4840727 Total splits: 322 Good splits: 308
Reward: 45058.9619576 Total splits: 336 Good splits: 319
Reward: 39469.386564 Total splits: 327 Good splits: 307
Reward: 42502.9901863 Total splits: 349 Good splits: 337
Reward: 46420.0660101 Total splits: 339 Good splits: 320
Reward: 47567.1749785 Total splits: 319 Good splits: 305
Reward: 44873.9414625 Total splits: 311 Good splits: 294
Reward: 48181.2160787 Total splits: 326 Good splits: 313
Reward: 47340.3735433 Total splits: 357 Good splits: 344
Reward: 42165.0200225 Total splits: 343 Good splits: 328
Reward: 41217.4368368 Total splits: 337 Good splits: 321
Reward: 40111.6934011 Total splits: 300 Good splits: 280
Reward: 40815.9007541 Total splits: 351 Good splits: 323
Reward: 47209.9055929 Total splits: 330 Good splits: 320
Reward: 38192.8609053 Total splits: 336 Good splits: 324
Reward: 41814.3083691 Total splits: 345 Good splits: 328
Reward: 46195.9165814 Total splits: 318 Good splits: 301
Reward: 44924.5292312 Total splits: 337 Good splits: 318
Reward: 43451.4806398 Total splits: 342 Good splits: 330
Reward: 40784.313287 Total splits: 353 Good splits: 334
Reward: 46417.9182565 Total splits: 298 Good splits: 283
Reward: 42756.3646163 Total splits: 310 Good splits: 289
Reward: 46591.4473003 Total splits: 325 Good splits: 309
Reward: 38732.9642603 Total splits: 300 Good splits: 286
Reward: 46076.880446 Total splits: 312 Good splits: 299
Reward: 39868.936839 Total splits: 333 Good splits: 323
Reward: 47227.268368 Total splits: 316 Good splits: 301
Reward: 46807.0797118 Total splits: 323 Good splits: 311
Reward: 45699.4657073 Total splits: 325 Good splits: 313
Reward: 44894.8906453 Total splits: 346 Good splits: 337
Reward: 44721.5016597 Total splits: 315 Good splits: 306
Reward: 45615.8309435 Total splits: 332 Good splits: 325
Reward: 44899.47176 Total splits: 332 Good splits: 315
Reward: 41739.578695 Total splits: 336 Good splits: 322
Reward: 48540.9475921 Total splits: 331 Good splits: 317
Reward: 46005.6444181 Total splits: 311 Good splits: 296
Reward: 43506.0609295 Total splits: 315 Good splits: 295
Reward: 49034.2605039 Total splits: 330 Good splits: 319
Reward: 44164.3071232 Total splits: 336 Good splits: 320
Reward: 39469.437879 Total splits: 314 Good splits: 296
Reward: 46791.9378557 Total splits: 332 Good splits: 313
Reward: 43532.4388139 Total splits: 353 Good splits: 337
Reward: 45923.7061581 Total splits: 343 Good splits: 327
Reward: 42434.9654619 Total splits: 325 Good splits: 310
Reward: 42427.7193082 Total splits: 304 Good splits: 291
Reward: 45021.6692396 Total splits: 358 Good splits: 337
Reward: 43418.4492549 Total splits: 331 Good splits: 309
Reward: 44152.0508334 Total splits: 321 Good splits: 309
Reward: 45454.875223 Total splits: 337 Good splits: 327
Reward: 43837.4359138 Total splits: 358 Good splits: 349
Reward: 45696.3240095 Total splits: 321 Good splits: 305
Reward: 45122.6688716 Total splits: 336 Good splits: 322
Reward: 40274.5611716 Total splits: 338 Good splits: 328
Reward: 42836.9095303 Total splits: 342 Good splits: 333
Reward: 45444.8176252 Total splits: 346 Good splits: 335
Reward: 43428.6388886 Total splits: 333 Good splits: 311
Reward: 43891.5315789 Total splits: 362 Good splits: 343
Reward: 46131.023616 Total splits: 336 Good splits: 325
Reward: 44573.6298352 Total splits: 333 Good splits: 315
Reward: 44894.381723 Total splits: 327 Good splits: 309
Reward: 36331.2680406 Total splits: 328 Good splits: 316
Reward: 38404.5296 Total splits: 323 Good splits: 306
Reward: 45022.4612412 Total splits: 315 Good splits: 297
Reward: 46614.6666439 Total splits: 364 Good splits: 356
Reward: 46676.8538693 Total splits: 347 Good splits: 327
Reward: 44569.8017937 Total splits: 331 Good splits: 301
Reward: 47699.2587286 Total splits: 332 Good splits: 317
Reward: 41950.5865163 Total splits: 337 Good splits: 325
Reward: 48525.3272877 Total splits: 356 Good splits: 340
Reward: 42965.7404983 Total splits: 347 Good splits: 330
Reward: 42173.3218598 Total splits: 330 Good splits: 312
Reward: 42821.1113914 Total splits: 342 Good splits: 330
Reward: 41512.3963862 Total splits: 327 Good splits: 306
Reward: 41236.1057154 Total splits: 323 Good splits: 310
Reward: 49837.7667383 Total splits: 321 Good splits: 307
Reward: 42745.9105323 Total splits: 357 Good splits: 343
Reward: 46435.7854485 Total splits: 319 Good splits: 312
Reward: 47730.7172597 Total splits: 303 Good splits: 289
Reward: 42696.6325901 Total splits: 336 Good splits: 324
Reward: 43248.3239863 Total splits: 333 Good splits: 320
Reward: 43619.792085 Total splits: 330 Good splits: 316
Reward: 39239.2854544 Total splits: 340 Good splits: 328
Reward: 45470.8073127 Total splits: 336 Good splits: 321
Reward: 45664.5571076 Total splits: 322 Good splits: 309
Reward: 46432.4724554 Total splits: 319 Good splits: 309
Reward: 37301.6085746 Total splits: 325 Good splits: 310
Reward: 49223.9961917 Total splits: 325 Good splits: 309
Reward: 44255.4637412 Total splits: 337 Good splits: 320
Reward: 48486.588564 Total splits: 340 Good splits: 326
Reward: 45789.341529 Total splits: 333 Good splits: 315
Reward: 45564.321039 Total splits: 293 Good splits: 280
Reward: 46898.9950355 Total splits: 335 Good splits: 329
Reward: 40432.7634446 Total splits: 313 Good splits: 295
Reward: 45957.3889777 Total splits: 332 Good splits: 317
Reward: 46119.5949922 Total splits: 319 Good splits: 301
Reward: 39226.8631281 Total splits: 332 Good splits: 313
Reward: 45490.5667494 Total splits: 333 Good splits: 313
Reward: 41569.2260716 Total splits: 319 Good splits: 303
Reward: 46865.4445772 Total splits: 307 Good splits: 292
Reward: 41226.1460134 Total splits: 326 Good splits: 312
Reward: 37906.6537127 Total splits: 317 Good splits: 304
Reward: 42907.0554356 Total splits: 322 Good splits: 308
Reward: 44108.8298572 Total splits: 327 Good splits: 309
Reward: 43997.8786521 Total splits: 335 Good splits: 322
Reward: 48039.9257549 Total splits: 347 Good splits: 333
Reward: 46826.6730978 Total splits: 350 Good splits: 342
Reward: 41199.9496253 Total splits: 336 Good splits: 327
Reward: 47750.425484 Total splits: 306 Good splits: 294
Reward: 42417.8590918 Total splits: 314 Good splits: 302
Reward: 47291.8995279 Total splits: 334 Good splits: 323
Reward: 47353.537979 Total splits: 307 Good splits: 294
Reward: 45879.365306 Total splits: 307 Good splits: 295
Reward: 45357.1492347 Total splits: 331 Good splits: 315
Reward: 45552.9409669 Total splits: 337 Good splits: 323
Reward: 45021.4646899 Total splits: 317 Good splits: 302
Reward: 46860.6661265 Total splits: 312 Good splits: 300
Reward: 46103.207557 Total splits: 331 Good splits: 322
Reward: 44161.4775503 Total splits: 317 Good splits: 302
Reward: 46166.9887472 Total splits: 336 Good splits: 320
Reward: 40120.6639428 Total splits: 314 Good splits: 298
Reward: 45962.8650833 Total splits: 348 Good splits: 323
Reward: 45222.3556217 Total splits: 327 Good splits: 319

Results after 150 tests
Average total rewards : 44237.6575525
Average total splits  : 329.933333333
Average good splits   : 315.046666667
Average good splits % : 95.4879773692

