Reward: 49243.373906 Total splits: 319 Good splits: 306
Reward: 51355.6264329 Total splits: 329 Good splits: 304
Reward: 49134.9585032 Total splits: 305 Good splits: 290
Reward: 50840.2243191 Total splits: 287 Good splits: 271
Reward: 46874.5931454 Total splits: 335 Good splits: 314
Reward: 48590.2479761 Total splits: 350 Good splits: 337
Reward: 50119.0551003 Total splits: 300 Good splits: 281
Reward: 49065.4129792 Total splits: 315 Good splits: 291
Reward: 48231.4629084 Total splits: 306 Good splits: 289
Reward: 51051.6264275 Total splits: 324 Good splits: 312
Reward: 47945.7132296 Total splits: 296 Good splits: 282
Reward: 50522.6717219 Total splits: 331 Good splits: 305
Reward: 50615.8225834 Total splits: 325 Good splits: 311
Reward: 47531.3110899 Total splits: 309 Good splits: 297
Reward: 49116.0146979 Total splits: 307 Good splits: 287
Reward: 44153.9380164 Total splits: 327 Good splits: 302
Reward: 44880.7556589 Total splits: 277 Good splits: 261
Reward: 49014.1906598 Total splits: 285 Good splits: 262
Reward: 42217.2317553 Total splits: 335 Good splits: 317
Reward: 49914.3516673 Total splits: 310 Good splits: 298
Reward: 50416.8652074 Total splits: 344 Good splits: 327
Reward: 51235.9925047 Total splits: 300 Good splits: 284
Reward: 50072.0969054 Total splits: 318 Good splits: 300
Reward: 49027.876818 Total splits: 296 Good splits: 276
Reward: 47053.2853162 Total splits: 335 Good splits: 323
Reward: 49785.5861425 Total splits: 321 Good splits: 306
Reward: 47337.5939547 Total splits: 322 Good splits: 308
Reward: 49076.6080001 Total splits: 311 Good splits: 298
Reward: 46735.8557273 Total splits: 288 Good splits: 268
Reward: 50237.959159 Total splits: 305 Good splits: 289
Reward: 48067.6831774 Total splits: 286 Good splits: 261
Reward: 50084.9165562 Total splits: 304 Good splits: 294
Reward: 40102.8833314 Total splits: 320 Good splits: 306
Reward: 45559.7757107 Total splits: 322 Good splits: 307
Reward: 49122.0039868 Total splits: 314 Good splits: 292
Reward: 48085.3625117 Total splits: 313 Good splits: 297
Reward: 45635.5884422 Total splits: 324 Good splits: 307
Reward: 50272.2162851 Total splits: 291 Good splits: 268
Reward: 52360.5146068 Total splits: 315 Good splits: 305
Reward: 49607.7226541 Total splits: 306 Good splits: 286
Reward: 48062.3450662 Total splits: 270 Good splits: 258
Reward: 47842.2116933 Total splits: 304 Good splits: 289
Reward: 49762.7097821 Total splits: 331 Good splits: 322
Reward: 45366.7661194 Total splits: 298 Good splits: 281
Reward: 46475.9885269 Total splits: 327 Good splits: 312
Reward: 50392.8589373 Total splits: 310 Good splits: 288
Reward: 46252.7118024 Total splits: 263 Good splits: 248
Reward: 50235.0997356 Total splits: 305 Good splits: 289
Reward: 48306.5583799 Total splits: 317 Good splits: 295
Reward: 49137.0142793 Total splits: 293 Good splits: 277

Results after 50 tests
Average total rewards : 48442.624682
Average total splits  : 310.5
Average good splits   : 293.56
Average good splits % : 94.5442834138

Reward: 51501.4933262 Total splits: 287 Good splits: 268
Reward: 50875.9365424 Total splits: 308 Good splits: 294
Reward: 47669.2846319 Total splits: 332 Good splits: 317
Reward: 50416.8468127 Total splits: 301 Good splits: 279
Reward: 49155.610784 Total splits: 317 Good splits: 294
Reward: 50853.2860322 Total splits: 275 Good splits: 257
Reward: 48178.8573273 Total splits: 301 Good splits: 282
Reward: 47834.8063687 Total splits: 291 Good splits: 271
Reward: 48335.0251994 Total splits: 318 Good splits: 301
Reward: 48674.7423691 Total splits: 327 Good splits: 306
Reward: 45704.3239261 Total splits: 327 Good splits: 309
Reward: 46826.7388742 Total splits: 276 Good splits: 262
Reward: 50014.6553754 Total splits: 315 Good splits: 294
Reward: 48238.9841308 Total splits: 293 Good splits: 276
Reward: 49352.163148 Total splits: 304 Good splits: 290
Reward: 50492.8218606 Total splits: 340 Good splits: 325
Reward: 49851.5923018 Total splits: 334 Good splits: 322
Reward: 49868.6001742 Total splits: 291 Good splits: 271
Reward: 51412.3012348 Total splits: 334 Good splits: 315
Reward: 47151.6232677 Total splits: 320 Good splits: 309
Reward: 49474.4644948 Total splits: 313 Good splits: 298
Reward: 50220.60469 Total splits: 298 Good splits: 286
Reward: 49879.560568 Total splits: 270 Good splits: 257
Reward: 49009.4461911 Total splits: 311 Good splits: 294
Reward: 43911.1131394 Total splits: 307 Good splits: 285
Reward: 49355.5825534 Total splits: 312 Good splits: 300
Reward: 50268.7557787 Total splits: 302 Good splits: 284
Reward: 50688.5268347 Total splits: 331 Good splits: 307
Reward: 47035.9874382 Total splits: 303 Good splits: 283
Reward: 44182.2263676 Total splits: 318 Good splits: 297
Reward: 45886.2614049 Total splits: 306 Good splits: 291
Reward: 50881.5608669 Total splits: 323 Good splits: 302
Reward: 48009.8365222 Total splits: 319 Good splits: 296
Reward: 51720.9693314 Total splits: 324 Good splits: 306
Reward: 48462.6213541 Total splits: 302 Good splits: 283
Reward: 44592.6467851 Total splits: 326 Good splits: 302
Reward: 50028.6312281 Total splits: 297 Good splits: 273
Reward: 47810.7400369 Total splits: 318 Good splits: 302
Reward: 48830.6636561 Total splits: 346 Good splits: 337
Reward: 51314.4432401 Total splits: 360 Good splits: 342
Reward: 48229.4543734 Total splits: 328 Good splits: 306
Reward: 48622.5659428 Total splits: 319 Good splits: 302
Reward: 51810.3616688 Total splits: 281 Good splits: 272
Reward: 46557.9781855 Total splits: 315 Good splits: 293
Reward: 50129.8650627 Total splits: 311 Good splits: 289
Reward: 47999.9936844 Total splits: 304 Good splits: 279
Reward: 48167.4645887 Total splits: 294 Good splits: 279
Reward: 49845.0443703 Total splits: 344 Good splits: 320
Reward: 47997.937954 Total splits: 319 Good splits: 298
Reward: 48061.9950928 Total splits: 312 Good splits: 294
Reward: 48477.7988687 Total splits: 279 Good splits: 261
Reward: 49575.1544999 Total splits: 298 Good splits: 287
Reward: 48726.0199539 Total splits: 313 Good splits: 303
Reward: 47521.9289185 Total splits: 306 Good splits: 294
Reward: 48025.1350887 Total splits: 342 Good splits: 330
Reward: 49148.2798482 Total splits: 305 Good splits: 284
Reward: 46350.7133699 Total splits: 344 Good splits: 324
Reward: 49432.3478015 Total splits: 314 Good splits: 297
Reward: 50808.1620026 Total splits: 306 Good splits: 287
Reward: 48580.7875121 Total splits: 295 Good splits: 279
Reward: 47040.046084 Total splits: 327 Good splits: 308
Reward: 49554.3260035 Total splits: 323 Good splits: 300
Reward: 49901.641392 Total splits: 281 Good splits: 262
Reward: 52228.1370077 Total splits: 314 Good splits: 297
Reward: 49193.1366321 Total splits: 279 Good splits: 265
Reward: 49709.6634523 Total splits: 319 Good splits: 307
Reward: 46512.6170347 Total splits: 321 Good splits: 298
Reward: 49149.3467415 Total splits: 325 Good splits: 296
Reward: 47251.2493222 Total splits: 315 Good splits: 303
Reward: 46127.4269396 Total splits: 317 Good splits: 302
Reward: 48340.516535 Total splits: 314 Good splits: 289
Reward: 49490.6280222 Total splits: 307 Good splits: 286
Reward: 50455.134784 Total splits: 298 Good splits: 283
Reward: 44942.4132236 Total splits: 316 Good splits: 299
Reward: 50634.011765 Total splits: 306 Good splits: 290
Reward: 45363.8573458 Total splits: 319 Good splits: 304
Reward: 44800.9758957 Total splits: 310 Good splits: 293
Reward: 47752.6791855 Total splits: 317 Good splits: 309
Reward: 50853.510258 Total splits: 268 Good splits: 258
Reward: 43104.6852027 Total splits: 328 Good splits: 315
Reward: 49422.8892649 Total splits: 354 Good splits: 333
Reward: 48787.0521467 Total splits: 315 Good splits: 295
Reward: 46619.8659534 Total splits: 294 Good splits: 276
Reward: 47209.6336638 Total splits: 317 Good splits: 291
Reward: 48580.5678443 Total splits: 291 Good splits: 274
Reward: 48005.5671981 Total splits: 275 Good splits: 266
Reward: 47306.3441979 Total splits: 282 Good splits: 263
Reward: 48316.5978664 Total splits: 279 Good splits: 266
Reward: 45294.1238967 Total splits: 317 Good splits: 298
Reward: 48746.8576433 Total splits: 317 Good splits: 303
Reward: 46940.412702 Total splits: 299 Good splits: 288
Reward: 48686.1739309 Total splits: 295 Good splits: 279
Reward: 49687.5894285 Total splits: 302 Good splits: 279
Reward: 50033.6024563 Total splits: 323 Good splits: 314
Reward: 49670.6909673 Total splits: 301 Good splits: 288
Reward: 50139.5549202 Total splits: 307 Good splits: 295
Reward: 46870.1582206 Total splits: 322 Good splits: 306
Reward: 49370.8472182 Total splits: 323 Good splits: 311
Reward: 48414.5179297 Total splits: 306 Good splits: 293
Reward: 49440.929671 Total splits: 317 Good splits: 298
Reward: 49947.8201329 Total splits: 293 Good splits: 277
Reward: 49482.3064248 Total splits: 318 Good splits: 296
Reward: 50583.528861 Total splits: 276 Good splits: 263
Reward: 44770.1559136 Total splits: 324 Good splits: 306
Reward: 50281.7526892 Total splits: 315 Good splits: 294
Reward: 50601.0557705 Total splits: 302 Good splits: 285
Reward: 44562.2901305 Total splits: 307 Good splits: 289
Reward: 50361.0638559 Total splits: 322 Good splits: 304
Reward: 50376.6573635 Total splits: 317 Good splits: 296
Reward: 49212.4213043 Total splits: 291 Good splits: 272
Reward: 48166.7086215 Total splits: 350 Good splits: 329
Reward: 41799.4992054 Total splits: 314 Good splits: 290
Reward: 51272.7881352 Total splits: 311 Good splits: 298
Reward: 51452.7263824 Total splits: 338 Good splits: 320
Reward: 50699.2446362 Total splits: 293 Good splits: 270
Reward: 49492.5161611 Total splits: 322 Good splits: 304
Reward: 49412.0384558 Total splits: 322 Good splits: 298
Reward: 48218.9870311 Total splits: 328 Good splits: 306
Reward: 47014.4676334 Total splits: 291 Good splits: 273
Reward: 47640.0881656 Total splits: 320 Good splits: 302
Reward: 48760.2972466 Total splits: 312 Good splits: 298
Reward: 47051.8905915 Total splits: 337 Good splits: 317
Reward: 47436.6740686 Total splits: 308 Good splits: 293
Reward: 43520.9094107 Total splits: 302 Good splits: 289
Reward: 48850.9652922 Total splits: 341 Good splits: 323
Reward: 50828.3841837 Total splits: 330 Good splits: 312
Reward: 46537.5770305 Total splits: 313 Good splits: 300
Reward: 48146.1329876 Total splits: 293 Good splits: 274
Reward: 49113.4626356 Total splits: 316 Good splits: 294
Reward: 47262.7939656 Total splits: 327 Good splits: 308
Reward: 49941.8184719 Total splits: 307 Good splits: 285
Reward: 47735.0131282 Total splits: 315 Good splits: 306
Reward: 50864.7908972 Total splits: 328 Good splits: 312
Reward: 46862.0015146 Total splits: 338 Good splits: 312
Reward: 51723.2372596 Total splits: 315 Good splits: 295
Reward: 45582.2315543 Total splits: 330 Good splits: 315
Reward: 50776.7176144 Total splits: 308 Good splits: 288
Reward: 49440.1727769 Total splits: 301 Good splits: 285
Reward: 50362.8936455 Total splits: 326 Good splits: 309
Reward: 44178.9123348 Total splits: 298 Good splits: 277
Reward: 47133.8750023 Total splits: 322 Good splits: 301
Reward: 47827.6418214 Total splits: 319 Good splits: 295
Reward: 48719.394243 Total splits: 316 Good splits: 296
Reward: 50377.0359284 Total splits: 296 Good splits: 277
Reward: 50786.4416428 Total splits: 326 Good splits: 302
Reward: 49124.6547295 Total splits: 322 Good splits: 300
Reward: 48004.0034201 Total splits: 300 Good splits: 278
Reward: 50715.6181169 Total splits: 309 Good splits: 289
Reward: 51427.133435 Total splits: 293 Good splits: 280
Reward: 48854.5572081 Total splits: 313 Good splits: 297

Results after 150 tests
Average total rewards : 48608.5910262
Average total splits  : 311.74
Average good splits   : 294.026666667
Average good splits % : 94.3179145014

