Reward: 41962.6052118 Total splits: 285 Good splits: 274
Reward: 45044.5462537 Total splits: 288 Good splits: 261
Reward: 44731.290327 Total splits: 301 Good splits: 275
Reward: 46678.8271345 Total splits: 308 Good splits: 292
Reward: 26635.8308855 Total splits: 259 Good splits: 230
Reward: 42493.737954 Total splits: 296 Good splits: 277
Reward: 45699.7743251 Total splits: 296 Good splits: 275
Reward: 41207.8914907 Total splits: 259 Good splits: 249
Reward: 44013.3341091 Total splits: 290 Good splits: 272
Reward: 36315.3198722 Total splits: 228 Good splits: 195
Reward: 43807.6057322 Total splits: 267 Good splits: 247
Reward: 43988.2159357 Total splits: 294 Good splits: 279
Reward: 39510.4058378 Total splits: 257 Good splits: 239
Reward: 42073.5883705 Total splits: 282 Good splits: 265
Reward: 38559.077617 Total splits: 281 Good splits: 262
Reward: 39315.8490837 Total splits: 262 Good splits: 239
Reward: 36266.5825589 Total splits: 266 Good splits: 249
Reward: 48460.3402444 Total splits: 290 Good splits: 272
Reward: 39594.5835134 Total splits: 289 Good splits: 267
Reward: 39335.5160883 Total splits: 320 Good splits: 307
Reward: 44302.5009035 Total splits: 287 Good splits: 269
Reward: 39250.4805907 Total splits: 261 Good splits: 246
Reward: 41660.0676547 Total splits: 275 Good splits: 250
Reward: 42821.9496874 Total splits: 278 Good splits: 255
Reward: 36969.4705897 Total splits: 249 Good splits: 221
Reward: 43671.4338943 Total splits: 314 Good splits: 296
Reward: 46967.4306573 Total splits: 296 Good splits: 280
Reward: 44423.6631081 Total splits: 293 Good splits: 274
Reward: 36470.3812126 Total splits: 291 Good splits: 275
Reward: 35994.0407592 Total splits: 261 Good splits: 242
Reward: 45224.4173776 Total splits: 291 Good splits: 270
Reward: 47003.5925649 Total splits: 314 Good splits: 291
Reward: 41927.799458 Total splits: 289 Good splits: 268
Reward: 44984.7450804 Total splits: 308 Good splits: 292
Reward: 44852.2783608 Total splits: 314 Good splits: 301
Reward: 44456.7415846 Total splits: 288 Good splits: 274
Reward: 39020.7430475 Total splits: 275 Good splits: 259
Reward: 45784.2869293 Total splits: 287 Good splits: 267
Reward: 45839.0757819 Total splits: 294 Good splits: 281
Reward: 44334.2526825 Total splits: 305 Good splits: 287
Reward: 42336.7380853 Total splits: 264 Good splits: 242
Reward: 45205.9229967 Total splits: 273 Good splits: 253
Reward: 42247.9313062 Total splits: 299 Good splits: 281
Reward: 41283.6354828 Total splits: 287 Good splits: 270
Reward: 45218.4514531 Total splits: 300 Good splits: 283
Reward: 42008.3219844 Total splits: 256 Good splits: 227
Reward: 45367.6237642 Total splits: 279 Good splits: 253
Reward: 41825.6776404 Total splits: 272 Good splits: 242
Reward: 45786.5375799 Total splits: 307 Good splits: 296
Reward: 46035.4864328 Total splits: 291 Good splits: 269

Results after 50 tests
Average total rewards : 42379.4120239
Average total splits  : 284.32
Average good splits   : 264.8
Average good splits % : 93.1344963421

Reward: 41958.7454463 Total splits: 294 Good splits: 272
Reward: 42747.2363501 Total splits: 267 Good splits: 254
Reward: 46621.2208696 Total splits: 289 Good splits: 276
Reward: 42613.5598133 Total splits: 273 Good splits: 254
Reward: 45040.1954799 Total splits: 264 Good splits: 242
Reward: 43923.8484932 Total splits: 303 Good splits: 290
Reward: 38306.9578454 Total splits: 269 Good splits: 251
Reward: 39159.5177504 Total splits: 288 Good splits: 269
Reward: 43966.7545304 Total splits: 274 Good splits: 256
Reward: 45764.1430313 Total splits: 289 Good splits: 268
Reward: 41442.3604411 Total splits: 283 Good splits: 268
Reward: 45257.8305724 Total splits: 272 Good splits: 258
Reward: 46443.2978957 Total splits: 295 Good splits: 284
Reward: 43854.8320935 Total splits: 273 Good splits: 255
Reward: 42075.6373626 Total splits: 277 Good splits: 265
Reward: 43531.5469924 Total splits: 300 Good splits: 291
Reward: 43974.7787869 Total splits: 265 Good splits: 243
Reward: 47084.382528 Total splits: 282 Good splits: 262
Reward: 43515.439433 Total splits: 284 Good splits: 269
Reward: 46324.5037024 Total splits: 274 Good splits: 260
Reward: 40474.4209778 Total splits: 258 Good splits: 241
Reward: 44788.3115044 Total splits: 283 Good splits: 267
Reward: 46388.5753963 Total splits: 301 Good splits: 287
Reward: 37500.511593 Total splits: 261 Good splits: 241
Reward: 37621.0435208 Total splits: 229 Good splits: 204
Reward: 47191.1155568 Total splits: 317 Good splits: 304
Reward: 45264.5044696 Total splits: 307 Good splits: 290
Reward: 42356.7473047 Total splits: 267 Good splits: 246
Reward: 43211.8644598 Total splits: 273 Good splits: 250
Reward: 39770.2588714 Total splits: 273 Good splits: 256
Reward: 44934.7523019 Total splits: 310 Good splits: 290
Reward: 48686.9030859 Total splits: 294 Good splits: 283
Reward: 42171.3002776 Total splits: 312 Good splits: 298
Reward: 36279.3841538 Total splits: 269 Good splits: 256
Reward: 38239.4998772 Total splits: 285 Good splits: 271
Reward: 40417.2719156 Total splits: 308 Good splits: 291
Reward: 39033.2135595 Total splits: 289 Good splits: 271
Reward: 43115.8022723 Total splits: 317 Good splits: 305
Reward: 44379.1023793 Total splits: 302 Good splits: 287
Reward: 44951.2552726 Total splits: 257 Good splits: 239
Reward: 38131.0877884 Total splits: 281 Good splits: 245
Reward: 43339.1814454 Total splits: 319 Good splits: 303
Reward: 46316.7687836 Total splits: 298 Good splits: 284
Reward: 39827.7210467 Total splits: 272 Good splits: 254
Reward: 39376.4424386 Total splits: 293 Good splits: 275
Reward: 39669.6516615 Total splits: 282 Good splits: 264
Reward: 42816.0336902 Total splits: 305 Good splits: 292
Reward: 43820.2254703 Total splits: 253 Good splits: 234
Reward: 39468.7296501 Total splits: 271 Good splits: 253
Reward: 45541.8230136 Total splits: 281 Good splits: 258

Results after 50 tests
Average total rewards : 42773.8058631
Average total splits  : 283.64
Average good splits   : 266.52
Average good splits % : 93.9641799464

Reward: 42996.6739875 Total splits: 287 Good splits: 266
Reward: 40058.7450505 Total splits: 244 Good splits: 211
Reward: 38621.7145006 Total splits: 282 Good splits: 266
Reward: 39105.0361469 Total splits: 255 Good splits: 240
Reward: 43313.4714489 Total splits: 283 Good splits: 263
Reward: 47421.7353615 Total splits: 296 Good splits: 280
Reward: 38504.1520991 Total splits: 279 Good splits: 253
Reward: 37227.2577066 Total splits: 284 Good splits: 262
Reward: 47670.8612905 Total splits: 292 Good splits: 277
Reward: 41416.9299299 Total splits: 274 Good splits: 254
Reward: 40997.3584217 Total splits: 270 Good splits: 248
Reward: 40338.5923035 Total splits: 293 Good splits: 273
Reward: 44862.4349867 Total splits: 303 Good splits: 277
Reward: 46002.1400723 Total splits: 301 Good splits: 288
Reward: 43701.2801208 Total splits: 274 Good splits: 250
Reward: 44570.3455684 Total splits: 254 Good splits: 226
Reward: 46304.49365 Total splits: 314 Good splits: 301
Reward: 42736.9047338 Total splits: 286 Good splits: 260
Reward: 40802.5763176 Total splits: 289 Good splits: 270
Reward: 44300.023808 Total splits: 276 Good splits: 256
Reward: 39908.2173158 Total splits: 237 Good splits: 224
Reward: 43346.5867312 Total splits: 300 Good splits: 280
Reward: 33646.8045155 Total splits: 254 Good splits: 224
Reward: 39404.4194606 Total splits: 266 Good splits: 248
Reward: 43464.7705144 Total splits: 307 Good splits: 293
Reward: 44114.1133346 Total splits: 270 Good splits: 253
Reward: 36082.1754798 Total splits: 249 Good splits: 224
Reward: 42845.9340307 Total splits: 281 Good splits: 262
Reward: 42067.6188633 Total splits: 272 Good splits: 253
Reward: 41056.8369451 Total splits: 273 Good splits: 250
Reward: 44266.7371376 Total splits: 297 Good splits: 281
Reward: 43998.6995948 Total splits: 297 Good splits: 282
Reward: 46670.9030948 Total splits: 302 Good splits: 279
Reward: 38688.581155 Total splits: 260 Good splits: 239
Reward: 44947.7398734 Total splits: 311 Good splits: 280
Reward: 35262.0194428 Total splits: 276 Good splits: 259
Reward: 44010.7353453 Total splits: 300 Good splits: 285
Reward: 43018.3281567 Total splits: 290 Good splits: 263
Reward: 40486.5769445 Total splits: 274 Good splits: 258
Reward: 44245.2761532 Total splits: 277 Good splits: 259
Reward: 43000.0376868 Total splits: 274 Good splits: 251
Reward: 39368.9264659 Total splits: 263 Good splits: 244
Reward: 42707.1462665 Total splits: 271 Good splits: 254
Reward: 43360.9628482 Total splits: 272 Good splits: 248
Reward: 41496.28275 Total splits: 238 Good splits: 213
Reward: 46750.0911247 Total splits: 277 Good splits: 258
Reward: 44853.6693879 Total splits: 289 Good splits: 269
Reward: 44288.0979284 Total splits: 302 Good splits: 287
Reward: 43577.4394773 Total splits: 283 Good splits: 270
Reward: 33540.6272828 Total splits: 242 Good splits: 216

Results after 50 tests
Average total rewards : 42108.5816562
Average total splits  : 278.8
Average good splits   : 258.54
Average good splits % : 92.7331420373

Reward: 42642.9625391 Total splits: 307 Good splits: 295
Reward: 41627.1782324 Total splits: 278 Good splits: 262
Reward: 39178.5342204 Total splits: 270 Good splits: 258
Reward: 34148.6663409 Total splits: 248 Good splits: 221
Reward: 37826.0880734 Total splits: 255 Good splits: 229
Reward: 39747.6630754 Total splits: 269 Good splits: 254
Reward: 40500.3001041 Total splits: 255 Good splits: 238
Reward: 39902.0073706 Total splits: 283 Good splits: 262
Reward: 43233.1784383 Total splits: 286 Good splits: 260
Reward: 40119.7275433 Total splits: 266 Good splits: 244
Reward: 46286.7506537 Total splits: 298 Good splits: 279
Reward: 43099.6374213 Total splits: 290 Good splits: 269
Reward: 44444.8137759 Total splits: 271 Good splits: 251
Reward: 45090.8484476 Total splits: 279 Good splits: 257
Reward: 43027.0648731 Total splits: 292 Good splits: 271
Reward: 40780.0700048 Total splits: 296 Good splits: 282
Reward: 46494.6457069 Total splits: 288 Good splits: 269
Reward: 40706.4755959 Total splits: 260 Good splits: 242
Reward: 41946.7558649 Total splits: 271 Good splits: 252
Reward: 43443.5284547 Total splits: 297 Good splits: 279
Reward: 41573.7647445 Total splits: 309 Good splits: 290
Reward: 45571.8194312 Total splits: 303 Good splits: 286
Reward: 39813.5092086 Total splits: 298 Good splits: 284
Reward: 45753.1823129 Total splits: 265 Good splits: 253
Reward: 44557.0361679 Total splits: 286 Good splits: 264
Reward: 41942.4319208 Total splits: 293 Good splits: 270
Reward: 43143.3969916 Total splits: 304 Good splits: 278
Reward: 43740.4647717 Total splits: 276 Good splits: 259
Reward: 47640.0106868 Total splits: 299 Good splits: 281
Reward: 41375.4077064 Total splits: 291 Good splits: 270
Reward: 41432.9170759 Total splits: 271 Good splits: 245
Reward: 42970.4087312 Total splits: 278 Good splits: 253
Reward: 37022.9353619 Total splits: 281 Good splits: 263
Reward: 33885.5134406 Total splits: 258 Good splits: 238
Reward: 45753.6191905 Total splits: 300 Good splits: 282
Reward: 27190.2612814 Total splits: 253 Good splits: 230
Reward: 43289.880106 Total splits: 310 Good splits: 291
Reward: 39013.3351314 Total splits: 278 Good splits: 261
Reward: 39532.2685433 Total splits: 274 Good splits: 264
Reward: 44071.2960954 Total splits: 280 Good splits: 258
Reward: 42984.1725684 Total splits: 297 Good splits: 274
Reward: 45538.6585913 Total splits: 272 Good splits: 253
Reward: 42725.7688968 Total splits: 291 Good splits: 277
Reward: 38824.7483221 Total splits: 282 Good splits: 268
Reward: 36740.7194873 Total splits: 279 Good splits: 267
Reward: 40177.757223 Total splits: 272 Good splits: 252
Reward: 46761.0647319 Total splits: 299 Good splits: 279
Reward: 45729.0099364 Total splits: 292 Good splits: 263
Reward: 41294.9486294 Total splits: 278 Good splits: 259
Reward: 42922.4943924 Total splits: 289 Good splits: 277

Results after 50 tests
Average total rewards : 41744.3939683
Average total splits  : 282.34
Average good splits   : 263.26
Average good splits % : 93.2421902671

