Reward: 50240.8446851 Total splits: 318 Good splits: 305
Reward: 49596.0884161 Total splits: 331 Good splits: 317
Reward: 47700.8437848 Total splits: 302 Good splits: 281
Reward: 46204.2016831 Total splits: 338 Good splits: 314
Reward: 48392.3880372 Total splits: 303 Good splits: 287
Reward: 45555.7008004 Total splits: 328 Good splits: 306
Reward: 49525.0106752 Total splits: 308 Good splits: 293
Reward: 50553.5853534 Total splits: 300 Good splits: 290
Reward: 41964.1828473 Total splits: 322 Good splits: 310
Reward: 45124.7185001 Total splits: 311 Good splits: 292
Reward: 49714.4128974 Total splits: 329 Good splits: 319
Reward: 49855.346941 Total splits: 328 Good splits: 306
Reward: 48960.1410386 Total splits: 303 Good splits: 289
Reward: 46785.9612629 Total splits: 318 Good splits: 289
Reward: 49762.3304686 Total splits: 345 Good splits: 330
Reward: 48565.9263857 Total splits: 288 Good splits: 269
Reward: 49576.793789 Total splits: 314 Good splits: 297
Reward: 49012.8474597 Total splits: 297 Good splits: 278
Reward: 50747.5777243 Total splits: 339 Good splits: 328
Reward: 46166.1207524 Total splits: 309 Good splits: 295
Reward: 43350.642046 Total splits: 332 Good splits: 312
Reward: 48078.4637991 Total splits: 335 Good splits: 319
Reward: 47585.6758455 Total splits: 340 Good splits: 323
Reward: 48553.7331155 Total splits: 292 Good splits: 280
Reward: 50211.1957239 Total splits: 338 Good splits: 324
Reward: 45531.9246554 Total splits: 298 Good splits: 274
Reward: 50853.7810675 Total splits: 320 Good splits: 311
Reward: 51446.0839022 Total splits: 322 Good splits: 312
Reward: 48832.6674979 Total splits: 317 Good splits: 301
Reward: 49745.9745252 Total splits: 302 Good splits: 284
Reward: 51377.9397567 Total splits: 319 Good splits: 309
Reward: 50396.4348279 Total splits: 324 Good splits: 301
Reward: 45289.0004705 Total splits: 313 Good splits: 298
Reward: 48357.1051805 Total splits: 332 Good splits: 312
Reward: 51752.6454268 Total splits: 302 Good splits: 284
Reward: 48369.4953483 Total splits: 325 Good splits: 315
Reward: 48575.8493149 Total splits: 301 Good splits: 286
Reward: 51169.6198316 Total splits: 280 Good splits: 265
Reward: 46910.2867002 Total splits: 310 Good splits: 293
Reward: 47058.0566968 Total splits: 348 Good splits: 336
Reward: 50122.1959185 Total splits: 308 Good splits: 293
Reward: 50384.1773405 Total splits: 307 Good splits: 286
Reward: 51917.4698926 Total splits: 304 Good splits: 284
Reward: 46471.1753174 Total splits: 311 Good splits: 284
Reward: 46099.5070463 Total splits: 310 Good splits: 287
Reward: 47619.9981467 Total splits: 308 Good splits: 294
Reward: 48125.2451039 Total splits: 311 Good splits: 289
Reward: 51784.8334164 Total splits: 302 Good splits: 280
Reward: 50489.2596433 Total splits: 286 Good splits: 266
Reward: 49423.6089165 Total splits: 312 Good splits: 295

Results after 50 tests
Average total rewards : 48597.7813995
Average total splits  : 314.8
Average good splits   : 297.84
Average good splits % : 94.6124523507

Reward: 50290.7101155 Total splits: 318 Good splits: 304
Reward: 47910.6274372 Total splits: 328 Good splits: 315
Reward: 51446.6536454 Total splits: 309 Good splits: 289
Reward: 45447.212873 Total splits: 290 Good splits: 269
Reward: 45701.2294844 Total splits: 328 Good splits: 306
Reward: 50354.7931205 Total splits: 310 Good splits: 288
Reward: 47263.1169694 Total splits: 308 Good splits: 292
Reward: 43606.3322569 Total splits: 311 Good splits: 292
Reward: 47668.7781896 Total splits: 321 Good splits: 309
Reward: 47909.7469318 Total splits: 323 Good splits: 307
Reward: 48434.1546858 Total splits: 332 Good splits: 311
Reward: 48559.2169942 Total splits: 334 Good splits: 314
Reward: 49923.6611159 Total splits: 300 Good splits: 281
Reward: 46163.448997 Total splits: 341 Good splits: 323
Reward: 47192.5746171 Total splits: 317 Good splits: 299
Reward: 44433.5955062 Total splits: 315 Good splits: 292
Reward: 48157.8463549 Total splits: 325 Good splits: 310
Reward: 49566.8958405 Total splits: 339 Good splits: 321
Reward: 50873.8871715 Total splits: 317 Good splits: 301
Reward: 48237.7428753 Total splits: 328 Good splits: 311
Reward: 49447.3412302 Total splits: 315 Good splits: 293
Reward: 48358.3102176 Total splits: 314 Good splits: 300
Reward: 51001.6966286 Total splits: 308 Good splits: 287
Reward: 46217.3791699 Total splits: 314 Good splits: 297
Reward: 48834.2044085 Total splits: 313 Good splits: 298
Reward: 50592.932712 Total splits: 295 Good splits: 280
Reward: 47980.1089468 Total splits: 317 Good splits: 307
Reward: 51087.0869793 Total splits: 317 Good splits: 304
Reward: 51432.7143688 Total splits: 309 Good splits: 286
Reward: 47625.9704075 Total splits: 300 Good splits: 289
Reward: 46724.6270936 Total splits: 336 Good splits: 314
Reward: 49276.0892648 Total splits: 331 Good splits: 316
Reward: 49700.8323214 Total splits: 307 Good splits: 288
Reward: 48379.8779333 Total splits: 312 Good splits: 289
Reward: 47036.6327274 Total splits: 306 Good splits: 287
Reward: 49417.8468888 Total splits: 296 Good splits: 279
Reward: 50651.6762264 Total splits: 321 Good splits: 304
Reward: 50582.745995 Total splits: 294 Good splits: 279
Reward: 50362.5607887 Total splits: 332 Good splits: 319
Reward: 49039.364788 Total splits: 304 Good splits: 294
Reward: 43427.9495557 Total splits: 312 Good splits: 289
Reward: 51360.6484967 Total splits: 308 Good splits: 290
Reward: 47244.8339527 Total splits: 290 Good splits: 272
Reward: 50852.5978956 Total splits: 304 Good splits: 281
Reward: 48690.0025693 Total splits: 303 Good splits: 290
Reward: 48048.0658255 Total splits: 339 Good splits: 329
Reward: 44313.8651829 Total splits: 307 Good splits: 292
Reward: 50224.4587693 Total splits: 310 Good splits: 299
Reward: 49900.6905595 Total splits: 337 Good splits: 325
Reward: 47213.6933993 Total splits: 336 Good splits: 323
Reward: 45832.676298 Total splits: 299 Good splits: 275
Reward: 50292.2984727 Total splits: 295 Good splits: 270
Reward: 51792.2018684 Total splits: 307 Good splits: 292
Reward: 49200.3160699 Total splits: 315 Good splits: 295
Reward: 48840.4747092 Total splits: 326 Good splits: 312
Reward: 49711.8508818 Total splits: 304 Good splits: 286
Reward: 48867.7707316 Total splits: 276 Good splits: 256
Reward: 50805.6603483 Total splits: 327 Good splits: 306
Reward: 49153.5174788 Total splits: 332 Good splits: 319
Reward: 51008.1123256 Total splits: 300 Good splits: 286
Reward: 48610.1622978 Total splits: 327 Good splits: 307
Reward: 51152.3250237 Total splits: 315 Good splits: 299
Reward: 50257.4813768 Total splits: 315 Good splits: 299
Reward: 50778.7222452 Total splits: 332 Good splits: 310
Reward: 50582.2953731 Total splits: 324 Good splits: 311
Reward: 49451.9838104 Total splits: 276 Good splits: 261
Reward: 48946.9306402 Total splits: 295 Good splits: 285
Reward: 50137.4108515 Total splits: 312 Good splits: 300
Reward: 50651.2653043 Total splits: 306 Good splits: 284
Reward: 45854.323563 Total splits: 281 Good splits: 268
Reward: 49393.0443662 Total splits: 318 Good splits: 298
Reward: 49300.3784781 Total splits: 344 Good splits: 331
Reward: 48948.0901607 Total splits: 304 Good splits: 290
Reward: 49823.2576391 Total splits: 303 Good splits: 284
Reward: 49619.5378872 Total splits: 307 Good splits: 293
Reward: 49755.8960949 Total splits: 318 Good splits: 297
Reward: 44666.2182288 Total splits: 288 Good splits: 274
Reward: 46265.1615314 Total splits: 314 Good splits: 291
Reward: 48430.7665802 Total splits: 349 Good splits: 334
Reward: 50616.9229976 Total splits: 306 Good splits: 293
Reward: 51631.7828411 Total splits: 311 Good splits: 289
Reward: 51330.9880505 Total splits: 282 Good splits: 264
Reward: 49534.22439 Total splits: 296 Good splits: 274
Reward: 45868.5898886 Total splits: 346 Good splits: 330
Reward: 51203.7298402 Total splits: 307 Good splits: 283
Reward: 43162.4161554 Total splits: 317 Good splits: 299
Reward: 50568.0974841 Total splits: 355 Good splits: 338
Reward: 45023.4402175 Total splits: 341 Good splits: 329
Reward: 47773.8730459 Total splits: 299 Good splits: 280
Reward: 49353.8853596 Total splits: 329 Good splits: 314
Reward: 50241.7865856 Total splits: 300 Good splits: 282
Reward: 47356.0991214 Total splits: 316 Good splits: 303
Reward: 51070.912367 Total splits: 318 Good splits: 300
Reward: 48534.3883668 Total splits: 299 Good splits: 285
Reward: 51409.6181573 Total splits: 319 Good splits: 302
Reward: 48403.5836896 Total splits: 312 Good splits: 298
Reward: 48839.8094936 Total splits: 333 Good splits: 310
Reward: 48614.4940001 Total splits: 317 Good splits: 304
Reward: 48715.1411616 Total splits: 325 Good splits: 309
Reward: 49576.1656139 Total splits: 305 Good splits: 289
Reward: 47572.1059576 Total splits: 326 Good splits: 304
Reward: 50205.308771 Total splits: 350 Good splits: 331
Reward: 48716.7727944 Total splits: 332 Good splits: 319
Reward: 50171.7994038 Total splits: 327 Good splits: 315
Reward: 51341.896397 Total splits: 331 Good splits: 315
Reward: 49678.751104 Total splits: 310 Good splits: 298
Reward: 50034.9102284 Total splits: 306 Good splits: 290
Reward: 47700.6742748 Total splits: 321 Good splits: 312
Reward: 50423.0207104 Total splits: 306 Good splits: 290
Reward: 50351.6921461 Total splits: 299 Good splits: 277
Reward: 48455.3431077 Total splits: 332 Good splits: 317
Reward: 50762.6029543 Total splits: 330 Good splits: 318
Reward: 43088.2215074 Total splits: 310 Good splits: 295
Reward: 47335.3435699 Total splits: 305 Good splits: 282
Reward: 46260.2582225 Total splits: 296 Good splits: 279
Reward: 45462.5678234 Total splits: 294 Good splits: 283
Reward: 51272.6684774 Total splits: 313 Good splits: 296
Reward: 48619.979657 Total splits: 341 Good splits: 330
Reward: 47193.2517942 Total splits: 264 Good splits: 240
Reward: 48358.9247283 Total splits: 326 Good splits: 308
Reward: 50961.3117323 Total splits: 288 Good splits: 275
Reward: 49673.0019875 Total splits: 295 Good splits: 277
Reward: 50941.6542414 Total splits: 296 Good splits: 275
Reward: 49080.1954299 Total splits: 296 Good splits: 281
Reward: 50616.1597577 Total splits: 339 Good splits: 321
Reward: 47471.3557035 Total splits: 305 Good splits: 286
Reward: 43041.1711074 Total splits: 277 Good splits: 260
Reward: 45595.0728112 Total splits: 299 Good splits: 283
Reward: 46648.2579854 Total splits: 308 Good splits: 287
Reward: 51411.9194307 Total splits: 312 Good splits: 290
Reward: 49875.3973285 Total splits: 325 Good splits: 312
Reward: 47651.7743618 Total splits: 329 Good splits: 307
Reward: 44283.2169478 Total splits: 268 Good splits: 256
Reward: 45468.5659421 Total splits: 320 Good splits: 305
Reward: 47382.3296611 Total splits: 327 Good splits: 308
Reward: 51900.59569 Total splits: 311 Good splits: 297
Reward: 46618.7779159 Total splits: 336 Good splits: 316
Reward: 50286.5876258 Total splits: 297 Good splits: 282
Reward: 49088.79418 Total splits: 339 Good splits: 324
Reward: 47877.1775569 Total splits: 319 Good splits: 305
Reward: 47901.7182108 Total splits: 312 Good splits: 296
Reward: 50394.6765373 Total splits: 308 Good splits: 297
Reward: 50572.7835872 Total splits: 319 Good splits: 301
Reward: 47815.3304077 Total splits: 322 Good splits: 306
Reward: 47044.4289751 Total splits: 311 Good splits: 287
Reward: 45466.3566287 Total splits: 307 Good splits: 290
Reward: 49372.8423645 Total splits: 290 Good splits: 275
Reward: 50728.1761478 Total splits: 299 Good splits: 283
Reward: 48806.5660093 Total splits: 330 Good splits: 306
Reward: 48517.6803268 Total splits: 288 Good splits: 271

Results after 150 tests
Average total rewards : 48710.8605345
Average total splits  : 313.426666667
Average good splits   : 296.533333333
Average good splits % : 94.6101161356

