Reward: 34479.3105385 Total splits: 148 Good splits: 127
Reward: 26481.4000682 Total splits: 150 Good splits: 125
Reward: 32683.4221065 Total splits: 119 Good splits: 102
Reward: 35836.0772601 Total splits: 145 Good splits: 123
Reward: 36434.8774262 Total splits: 146 Good splits: 123
Reward: 29136.4395485 Total splits: 133 Good splits: 112
Reward: 36391.334863 Total splits: 118 Good splits: 97
Reward: 30631.0070625 Total splits: 135 Good splits: 120
Reward: 28136.0398265 Total splits: 121 Good splits: 99
Reward: 37443.6712082 Total splits: 137 Good splits: 113
Reward: 30033.7465439 Total splits: 114 Good splits: 90
Reward: 28983.9709752 Total splits: 146 Good splits: 115
Reward: 38878.1368103 Total splits: 145 Good splits: 123
Reward: 27142.5990987 Total splits: 132 Good splits: 106
Reward: 34199.32123 Total splits: 135 Good splits: 117
Reward: 40604.7302056 Total splits: 139 Good splits: 119
Reward: 33678.3339875 Total splits: 129 Good splits: 101
Reward: 37915.102124 Total splits: 136 Good splits: 109
Reward: 38489.2031589 Total splits: 127 Good splits: 107
Reward: 32834.7806124 Total splits: 139 Good splits: 110
Reward: 40521.1523912 Total splits: 135 Good splits: 119
Reward: 39717.6869182 Total splits: 140 Good splits: 120
Reward: 37047.6665414 Total splits: 127 Good splits: 101
Reward: 25990.3740643 Total splits: 118 Good splits: 96
Reward: 24374.2793427 Total splits: 130 Good splits: 106
Reward: 41967.7836008 Total splits: 132 Good splits: 109
Reward: 32622.3716599 Total splits: 136 Good splits: 113
Reward: 38755.734715 Total splits: 134 Good splits: 118
Reward: 40558.7706769 Total splits: 127 Good splits: 110
Reward: 35774.8510893 Total splits: 147 Good splits: 125
Reward: 39133.7628446 Total splits: 128 Good splits: 101
Reward: 33155.9063849 Total splits: 153 Good splits: 131
Reward: 37123.4451858 Total splits: 145 Good splits: 124
Reward: 29663.2091295 Total splits: 125 Good splits: 108
Reward: 32036.5107953 Total splits: 124 Good splits: 100
Reward: 42706.2040613 Total splits: 144 Good splits: 120
Reward: 35532.1821619 Total splits: 130 Good splits: 108
Reward: 38010.3859181 Total splits: 138 Good splits: 119
Reward: 39592.4167925 Total splits: 140 Good splits: 117
Reward: 37716.4718473 Total splits: 131 Good splits: 113
Reward: 33476.29772 Total splits: 158 Good splits: 133
Reward: 29226.0864558 Total splits: 111 Good splits: 98
Reward: 37468.0154674 Total splits: 121 Good splits: 99
Reward: 28081.1756207 Total splits: 117 Good splits: 96
Reward: 37221.7208582 Total splits: 132 Good splits: 109
Reward: 32442.56753 Total splits: 132 Good splits: 107
Reward: 29241.5352374 Total splits: 144 Good splits: 119
Reward: 31397.859926 Total splits: 123 Good splits: 102
Reward: 35988.0442898 Total splits: 139 Good splits: 126
Reward: 32604.3311829 Total splits: 139 Good splits: 111
Reward: 34727.1924986 Total splits: 135 Good splits: 115
Reward: 26050.2965896 Total splits: 125 Good splits: 98
Reward: 27705.4125621 Total splits: 136 Good splits: 112
Reward: 34983.6976201 Total splits: 136 Good splits: 113
Reward: 45889.1739188 Total splits: 127 Good splits: 108
Reward: 33040.0634962 Total splits: 140 Good splits: 114
Reward: 33356.842207 Total splits: 148 Good splits: 123
Reward: 33588.5593047 Total splits: 138 Good splits: 111
Reward: 38412.3937847 Total splits: 131 Good splits: 110
Reward: 29196.6666905 Total splits: 164 Good splits: 137
Reward: 29977.1493467 Total splits: 125 Good splits: 106
Reward: 29555.1370003 Total splits: 153 Good splits: 124
Reward: 35314.5203221 Total splits: 114 Good splits: 103
Reward: 39237.7263342 Total splits: 148 Good splits: 125
Reward: 39399.0257521 Total splits: 134 Good splits: 115
Reward: 42906.0542405 Total splits: 122 Good splits: 106
Reward: 35066.0002755 Total splits: 139 Good splits: 119
Reward: 38496.5163595 Total splits: 137 Good splits: 115
Reward: 30014.9623346 Total splits: 142 Good splits: 117
Reward: 43711.3824144 Total splits: 129 Good splits: 110
Reward: 37410.6879245 Total splits: 142 Good splits: 119
Reward: 29060.19215 Total splits: 152 Good splits: 126
Reward: 35005.8375399 Total splits: 122 Good splits: 109
Reward: 40788.4722233 Total splits: 130 Good splits: 118
Reward: 30340.6951353 Total splits: 130 Good splits: 109
Reward: 25938.5999616 Total splits: 137 Good splits: 115
Reward: 36649.0752848 Total splits: 150 Good splits: 125
Reward: 29942.070041 Total splits: 142 Good splits: 120
Reward: 28416.2990859 Total splits: 156 Good splits: 137
Reward: 32291.7426059 Total splits: 131 Good splits: 109
Reward: 35038.0329458 Total splits: 122 Good splits: 109
Reward: 38664.6058959 Total splits: 138 Good splits: 114
Reward: 33318.5316991 Total splits: 142 Good splits: 123
Reward: 39164.2206397 Total splits: 132 Good splits: 101
Reward: 37735.9574795 Total splits: 136 Good splits: 121
Reward: 40641.7522715 Total splits: 132 Good splits: 114
Reward: 40946.6871815 Total splits: 132 Good splits: 112
Reward: 41270.2768411 Total splits: 121 Good splits: 104
Reward: 33332.9488187 Total splits: 139 Good splits: 110
Reward: 43510.6684933 Total splits: 125 Good splits: 111
Reward: 37324.8396909 Total splits: 108 Good splits: 94
Reward: 40182.5971562 Total splits: 122 Good splits: 97
Reward: 31342.8572281 Total splits: 154 Good splits: 125
Reward: 32342.1267684 Total splits: 121 Good splits: 106
Reward: 41105.4101455 Total splits: 141 Good splits: 121
Reward: 36986.0683014 Total splits: 122 Good splits: 102
Reward: 31957.3508926 Total splits: 143 Good splits: 121
Reward: 36800.3458968 Total splits: 127 Good splits: 107
Reward: 32001.390402 Total splits: 140 Good splits: 116
Reward: 19683.220871 Total splits: 138 Good splits: 123
Reward: 39575.1939021 Total splits: 137 Good splits: 120
Reward: 34519.4957809 Total splits: 128 Good splits: 106
Reward: 35968.7986868 Total splits: 121 Good splits: 109
Reward: 41513.1483326 Total splits: 127 Good splits: 109
Reward: 33175.8028716 Total splits: 141 Good splits: 122
Reward: 37686.7010858 Total splits: 116 Good splits: 102
Reward: 33027.1807469 Total splits: 140 Good splits: 123
Reward: 35542.582343 Total splits: 132 Good splits: 108
Reward: 28921.1473152 Total splits: 130 Good splits: 113
Reward: 35694.1635274 Total splits: 138 Good splits: 119
Reward: 25762.1601298 Total splits: 132 Good splits: 115
Reward: 44190.5418018 Total splits: 150 Good splits: 132
Reward: 37190.8318612 Total splits: 140 Good splits: 109
Reward: 38987.172319 Total splits: 139 Good splits: 124
Reward: 29562.5886613 Total splits: 152 Good splits: 127
Reward: 30254.0178954 Total splits: 141 Good splits: 121
Reward: 37826.8179111 Total splits: 136 Good splits: 116
Reward: 34983.4336435 Total splits: 134 Good splits: 114
Reward: 34729.4728457 Total splits: 131 Good splits: 112
Reward: 34967.4261682 Total splits: 147 Good splits: 125
Reward: 33205.8764025 Total splits: 135 Good splits: 117
Reward: 30616.7762141 Total splits: 145 Good splits: 117
Reward: 29231.9027513 Total splits: 125 Good splits: 102
Reward: 37998.6228823 Total splits: 141 Good splits: 124
Reward: 39312.2156489 Total splits: 153 Good splits: 137
Reward: 36678.396954 Total splits: 144 Good splits: 120
Reward: 37426.3123455 Total splits: 137 Good splits: 114
Reward: 28992.8814877 Total splits: 115 Good splits: 97
Reward: 31394.5042437 Total splits: 143 Good splits: 124
Reward: 28121.2440533 Total splits: 152 Good splits: 118
Reward: 42235.9412622 Total splits: 135 Good splits: 118
Reward: 27103.2241827 Total splits: 122 Good splits: 101
Reward: 29705.0304111 Total splits: 128 Good splits: 108
Reward: 32547.239527 Total splits: 132 Good splits: 108
Reward: 38257.6041093 Total splits: 140 Good splits: 112
Reward: 38634.0809809 Total splits: 150 Good splits: 131
Reward: 42151.7597262 Total splits: 124 Good splits: 106
Reward: 40481.9482814 Total splits: 126 Good splits: 108
Reward: 40085.9615083 Total splits: 137 Good splits: 110
Reward: 34578.1001823 Total splits: 132 Good splits: 108
Reward: 34132.3133729 Total splits: 157 Good splits: 143
Reward: 34913.4891062 Total splits: 140 Good splits: 116
Reward: 35754.3354864 Total splits: 139 Good splits: 115
Reward: 36369.3286663 Total splits: 127 Good splits: 111
Reward: 40691.5181227 Total splits: 143 Good splits: 115
Reward: 43720.5848873 Total splits: 146 Good splits: 127
Reward: 35350.5725168 Total splits: 121 Good splits: 101
Reward: 37379.7751357 Total splits: 126 Good splits: 105
Reward: 37422.4511065 Total splits: 148 Good splits: 130
Reward: 38873.8228585 Total splits: 135 Good splits: 114
Reward: 37512.101749 Total splits: 149 Good splits: 129
Reward: 38039.9415848 Total splits: 142 Good splits: 120
Reward: 31895.7950841 Total splits: 126 Good splits: 112
Reward: 35135.0199437 Total splits: 129 Good splits: 105
Reward: 37262.4556191 Total splits: 125 Good splits: 107
Reward: 38594.8537677 Total splits: 134 Good splits: 101
Reward: 29831.2244695 Total splits: 147 Good splits: 119
Reward: 45643.5869486 Total splits: 129 Good splits: 111
Reward: 32754.2973921 Total splits: 139 Good splits: 123
Reward: 20854.6492938 Total splits: 141 Good splits: 129
Reward: 42006.6353471 Total splits: 136 Good splits: 111
Reward: 36850.5584281 Total splits: 145 Good splits: 126
Reward: 28638.4788014 Total splits: 149 Good splits: 131
Reward: 32210.8699461 Total splits: 138 Good splits: 109
Reward: 32680.8798056 Total splits: 120 Good splits: 100
Reward: 39061.1784025 Total splits: 146 Good splits: 130
Reward: 37538.0513472 Total splits: 128 Good splits: 111
Reward: 37309.4033817 Total splits: 134 Good splits: 109
Reward: 41094.4277847 Total splits: 140 Good splits: 115
Reward: 41375.7842908 Total splits: 137 Good splits: 114
Reward: 43164.1218843 Total splits: 130 Good splits: 114
Reward: 45010.5035419 Total splits: 135 Good splits: 121
Reward: 33499.5252433 Total splits: 134 Good splits: 111
Reward: 33583.7241531 Total splits: 128 Good splits: 110
Reward: 37458.7652606 Total splits: 146 Good splits: 122
Reward: 37566.9244361 Total splits: 143 Good splits: 127
Reward: 29694.8804871 Total splits: 113 Good splits: 90
Reward: 34175.0263377 Total splits: 151 Good splits: 130
Reward: 34893.6593344 Total splits: 169 Good splits: 139
Reward: 37497.8296467 Total splits: 119 Good splits: 95
Reward: 40843.6720221 Total splits: 139 Good splits: 115
Reward: 43166.9298909 Total splits: 140 Good splits: 124
Reward: 34834.4874565 Total splits: 131 Good splits: 110
Reward: 36384.3411276 Total splits: 160 Good splits: 128
Reward: 39027.6819105 Total splits: 136 Good splits: 116
Reward: 30285.8515782 Total splits: 131 Good splits: 108
Reward: 34892.4991555 Total splits: 142 Good splits: 107
Reward: 23327.8830724 Total splits: 132 Good splits: 104
Reward: 39433.5364276 Total splits: 123 Good splits: 103
Reward: 39020.5649943 Total splits: 133 Good splits: 110
Reward: 29114.6872263 Total splits: 125 Good splits: 107
Reward: 34430.6991587 Total splits: 125 Good splits: 108
Reward: 35392.7008167 Total splits: 128 Good splits: 108
Reward: 27578.7646895 Total splits: 145 Good splits: 122
Reward: 40139.6243164 Total splits: 133 Good splits: 114
Reward: 38910.3928094 Total splits: 116 Good splits: 93
Reward: 38662.7404436 Total splits: 128 Good splits: 110
Reward: 37027.8434832 Total splits: 169 Good splits: 144
Reward: 37944.188658 Total splits: 155 Good splits: 136
Reward: 27696.1644389 Total splits: 134 Good splits: 117

Results after 200 tests
Average total rewards : 35188.9076966
Average total splits  : 135.405
Average good splits   : 114.165
Average good splits % : 84.3137254902

