Reward: 42919.1206519 Total splits: 135 Good splits: 117
Reward: 34701.7862157 Total splits: 123 Good splits: 106
Reward: 32468.3013359 Total splits: 143 Good splits: 116
Reward: 31664.2869517 Total splits: 143 Good splits: 121
Reward: 38166.9705039 Total splits: 119 Good splits: 98
Reward: 40350.2025047 Total splits: 131 Good splits: 111
Reward: 36400.1589401 Total splits: 152 Good splits: 123
Reward: 33410.3164497 Total splits: 139 Good splits: 119
Reward: 36432.0662858 Total splits: 123 Good splits: 105
Reward: 37473.9761011 Total splits: 124 Good splits: 105
Reward: 31228.6198905 Total splits: 144 Good splits: 126
Reward: 36481.7542085 Total splits: 137 Good splits: 122
Reward: 34338.5390526 Total splits: 142 Good splits: 114
Reward: 41151.876828 Total splits: 126 Good splits: 106
Reward: 30891.6734679 Total splits: 136 Good splits: 113
Reward: 41877.9923833 Total splits: 129 Good splits: 107
Reward: 28625.2441865 Total splits: 142 Good splits: 119
Reward: 30532.1101267 Total splits: 135 Good splits: 113
Reward: 43163.1358977 Total splits: 132 Good splits: 115
Reward: 37089.9928238 Total splits: 127 Good splits: 104
Reward: 37147.7947122 Total splits: 135 Good splits: 120
Reward: 35069.7418965 Total splits: 125 Good splits: 108
Reward: 34951.744734 Total splits: 130 Good splits: 106
Reward: 45426.8051848 Total splits: 139 Good splits: 115
Reward: 31482.3930241 Total splits: 122 Good splits: 99
Reward: 43832.572726 Total splits: 132 Good splits: 112
Reward: 36823.0592419 Total splits: 140 Good splits: 123
Reward: 42419.59825 Total splits: 150 Good splits: 130
Reward: 27004.6089761 Total splits: 125 Good splits: 104
Reward: 37406.0586818 Total splits: 128 Good splits: 113
Reward: 44822.0629992 Total splits: 127 Good splits: 110
Reward: 27917.4554961 Total splits: 141 Good splits: 117
Reward: 33095.3836965 Total splits: 151 Good splits: 129
Reward: 42049.5445914 Total splits: 129 Good splits: 104
Reward: 37456.115718 Total splits: 142 Good splits: 121
Reward: 43454.1648552 Total splits: 124 Good splits: 100
Reward: 31855.4658127 Total splits: 129 Good splits: 113
Reward: 37141.6377621 Total splits: 138 Good splits: 124
Reward: 41411.2885541 Total splits: 147 Good splits: 116
Reward: 40229.4550424 Total splits: 136 Good splits: 108
Reward: 25956.105176 Total splits: 143 Good splits: 116
Reward: 34763.9410575 Total splits: 128 Good splits: 110
Reward: 40053.345356 Total splits: 131 Good splits: 114
Reward: 33451.4145088 Total splits: 135 Good splits: 110
Reward: 29708.6588784 Total splits: 135 Good splits: 108
Reward: 35393.0015909 Total splits: 142 Good splits: 118
Reward: 30295.4122444 Total splits: 139 Good splits: 114
Reward: 30718.0070854 Total splits: 146 Good splits: 124
Reward: 42922.5755296 Total splits: 133 Good splits: 114
Reward: 27816.200603 Total splits: 162 Good splits: 137
Reward: 29633.8890846 Total splits: 138 Good splits: 120
Reward: 40283.6193946 Total splits: 123 Good splits: 98
Reward: 38629.2547967 Total splits: 144 Good splits: 119
Reward: 22756.0067156 Total splits: 143 Good splits: 120
Reward: 33953.7796711 Total splits: 138 Good splits: 120
Reward: 32235.1167862 Total splits: 167 Good splits: 140
Reward: 45637.2908899 Total splits: 122 Good splits: 101
Reward: 27543.9682206 Total splits: 138 Good splits: 112
Reward: 37903.7725314 Total splits: 137 Good splits: 116
Reward: 39858.1305547 Total splits: 127 Good splits: 108
Reward: 38272.7197568 Total splits: 130 Good splits: 112
Reward: 26875.7540473 Total splits: 143 Good splits: 110
Reward: 37455.5683766 Total splits: 150 Good splits: 123
Reward: 36933.2423503 Total splits: 136 Good splits: 116
Reward: 37723.3510628 Total splits: 128 Good splits: 103
Reward: 37259.2051832 Total splits: 125 Good splits: 103
Reward: 42049.0829943 Total splits: 149 Good splits: 126
Reward: 42271.9364453 Total splits: 141 Good splits: 115
Reward: 36632.6266115 Total splits: 134 Good splits: 110
Reward: 32158.1433378 Total splits: 138 Good splits: 118
Reward: 29001.4005938 Total splits: 125 Good splits: 111
Reward: 39862.1482597 Total splits: 129 Good splits: 107
Reward: 36920.6436233 Total splits: 154 Good splits: 125
Reward: 32998.3287624 Total splits: 135 Good splits: 118
Reward: 43540.9916235 Total splits: 127 Good splits: 105
Reward: 26305.3612676 Total splits: 146 Good splits: 116
Reward: 27815.299543 Total splits: 119 Good splits: 99
Reward: 37007.022917 Total splits: 140 Good splits: 121
Reward: 26201.7853414 Total splits: 132 Good splits: 107
Reward: 25865.9464098 Total splits: 147 Good splits: 125
Reward: 29994.5816965 Total splits: 161 Good splits: 142
Reward: 31174.4573155 Total splits: 121 Good splits: 102
Reward: 22116.3081864 Total splits: 136 Good splits: 104
Reward: 39188.1769487 Total splits: 122 Good splits: 102
Reward: 37233.7347032 Total splits: 129 Good splits: 112
Reward: 34178.5076644 Total splits: 134 Good splits: 111
Reward: 24458.529943 Total splits: 149 Good splits: 122
Reward: 33617.655225 Total splits: 115 Good splits: 97
Reward: 27844.9648936 Total splits: 144 Good splits: 121
Reward: 30818.7898961 Total splits: 130 Good splits: 111
Reward: 42057.1415007 Total splits: 141 Good splits: 124
Reward: 41268.5661912 Total splits: 126 Good splits: 104
Reward: 39704.9815616 Total splits: 126 Good splits: 106
Reward: 38097.0976023 Total splits: 150 Good splits: 128
Reward: 26424.4013994 Total splits: 131 Good splits: 109
Reward: 38545.5501413 Total splits: 135 Good splits: 111
Reward: 27498.7453246 Total splits: 128 Good splits: 107
Reward: 37183.8984227 Total splits: 119 Good splits: 98
Reward: 34982.5687779 Total splits: 135 Good splits: 115
Reward: 38686.3278047 Total splits: 123 Good splits: 110
Reward: 34107.9451342 Total splits: 138 Good splits: 121
Reward: 30472.7195466 Total splits: 139 Good splits: 111
Reward: 39101.3782717 Total splits: 163 Good splits: 134
Reward: 38555.1224587 Total splits: 141 Good splits: 121
Reward: 30344.5065061 Total splits: 154 Good splits: 125
Reward: 26863.3304741 Total splits: 131 Good splits: 114
Reward: 37375.9314709 Total splits: 143 Good splits: 123
Reward: 25899.7933213 Total splits: 134 Good splits: 120
Reward: 39172.1669331 Total splits: 131 Good splits: 111
Reward: 37344.6803369 Total splits: 148 Good splits: 124
Reward: 37961.4440834 Total splits: 140 Good splits: 118
Reward: 41303.0860268 Total splits: 141 Good splits: 117
Reward: 30750.4311007 Total splits: 144 Good splits: 115
Reward: 32899.0174609 Total splits: 136 Good splits: 115
Reward: 35677.4677798 Total splits: 136 Good splits: 111
Reward: 34977.2470139 Total splits: 154 Good splits: 130
Reward: 38864.2982369 Total splits: 129 Good splits: 103
Reward: 29987.762451 Total splits: 138 Good splits: 115
Reward: 29517.9723871 Total splits: 159 Good splits: 139
Reward: 39294.221804 Total splits: 132 Good splits: 119
Reward: 25768.7272269 Total splits: 133 Good splits: 120
Reward: 39160.7372845 Total splits: 136 Good splits: 112
Reward: 32596.0899863 Total splits: 135 Good splits: 115
Reward: 29462.8363352 Total splits: 130 Good splits: 107
Reward: 38382.3430619 Total splits: 129 Good splits: 112
Reward: 26544.4186956 Total splits: 149 Good splits: 122
Reward: 33834.4906446 Total splits: 123 Good splits: 101
Reward: 31379.5701399 Total splits: 146 Good splits: 132
Reward: 38543.3515561 Total splits: 136 Good splits: 109
Reward: 33095.7652588 Total splits: 153 Good splits: 135
Reward: 27450.9830703 Total splits: 125 Good splits: 106
Reward: 35235.2718 Total splits: 123 Good splits: 103
Reward: 27564.95657 Total splits: 123 Good splits: 104
Reward: 43313.9333627 Total splits: 135 Good splits: 107
Reward: 31548.8230633 Total splits: 130 Good splits: 105
Reward: 36276.3221897 Total splits: 148 Good splits: 126
Reward: 27320.6505425 Total splits: 126 Good splits: 109
Reward: 42678.5746953 Total splits: 132 Good splits: 115
Reward: 23900.2131 Total splits: 135 Good splits: 110
Reward: 42423.6005565 Total splits: 136 Good splits: 116
Reward: 29145.6228108 Total splits: 146 Good splits: 129
Reward: 23806.629061 Total splits: 127 Good splits: 108
Reward: 27000.8487799 Total splits: 145 Good splits: 119
Reward: 36915.926956 Total splits: 143 Good splits: 114
Reward: 26910.3808003 Total splits: 147 Good splits: 122
Reward: 38527.9930093 Total splits: 133 Good splits: 113
Reward: 32300.593004 Total splits: 134 Good splits: 112
Reward: 26205.5935612 Total splits: 127 Good splits: 110
Reward: 32080.8038 Total splits: 122 Good splits: 105
Reward: 26582.9253982 Total splits: 140 Good splits: 118
Reward: 38082.7847695 Total splits: 146 Good splits: 117
Reward: 40457.2015072 Total splits: 128 Good splits: 109
Reward: 19133.0186008 Total splits: 131 Good splits: 105
Reward: 33954.3417434 Total splits: 134 Good splits: 109
Reward: 39117.3515274 Total splits: 127 Good splits: 108
Reward: 42654.4493415 Total splits: 147 Good splits: 127
Reward: 36055.6578519 Total splits: 123 Good splits: 104
Reward: 43453.7454469 Total splits: 135 Good splits: 112
Reward: 39015.54895 Total splits: 126 Good splits: 103
Reward: 39842.8863228 Total splits: 136 Good splits: 108
Reward: 30053.6538263 Total splits: 149 Good splits: 129
Reward: 23465.2931306 Total splits: 142 Good splits: 120
Reward: 31840.9547849 Total splits: 130 Good splits: 114
Reward: 25291.856841 Total splits: 111 Good splits: 86
Reward: 32684.751359 Total splits: 123 Good splits: 103
Reward: 30116.1792882 Total splits: 131 Good splits: 111
Reward: 42095.019427 Total splits: 134 Good splits: 111
Reward: 39406.330804 Total splits: 124 Good splits: 105
Reward: 28693.0608774 Total splits: 141 Good splits: 114
Reward: 35226.5819752 Total splits: 125 Good splits: 102
Reward: 39086.1759393 Total splits: 136 Good splits: 116
Reward: 38256.2484904 Total splits: 135 Good splits: 113
Reward: 39930.1690586 Total splits: 133 Good splits: 113
Reward: 32037.9066917 Total splits: 124 Good splits: 108
Reward: 29110.9564228 Total splits: 125 Good splits: 104
Reward: 32910.5836696 Total splits: 114 Good splits: 91
Reward: 37327.3713225 Total splits: 141 Good splits: 122
Reward: 40896.0090926 Total splits: 124 Good splits: 96
Reward: 40400.8564008 Total splits: 124 Good splits: 104
Reward: 30687.5011576 Total splits: 150 Good splits: 130
Reward: 35914.7625443 Total splits: 154 Good splits: 132
Reward: 34283.3971923 Total splits: 130 Good splits: 107
Reward: 41584.4218088 Total splits: 137 Good splits: 116
Reward: 37703.803873 Total splits: 116 Good splits: 100
Reward: 37344.3546442 Total splits: 152 Good splits: 129
Reward: 41222.9418406 Total splits: 125 Good splits: 103
Reward: 36768.4623105 Total splits: 131 Good splits: 110
Reward: 31666.2270018 Total splits: 140 Good splits: 116
Reward: 31779.663979 Total splits: 138 Good splits: 123
Reward: 32203.0315033 Total splits: 144 Good splits: 120
Reward: 40698.9572645 Total splits: 135 Good splits: 117
Reward: 35563.9824768 Total splits: 137 Good splits: 115
Reward: 38895.5724101 Total splits: 137 Good splits: 114
Reward: 32823.1193921 Total splits: 150 Good splits: 123
Reward: 34391.3790226 Total splits: 119 Good splits: 101
Reward: 34170.6506371 Total splits: 131 Good splits: 115
Reward: 31965.3077229 Total splits: 136 Good splits: 118
Reward: 26899.1377689 Total splits: 144 Good splits: 116
Reward: 37997.2280996 Total splits: 143 Good splits: 123
Reward: 42552.6291855 Total splits: 139 Good splits: 115

Results after 200 tests
Average total rewards : 34711.2354378
Average total splits  : 135.455
Average good splits   : 113.83
Average good splits % : 84.0352884722

