Reward: 24814.3718879 Total splits: 127 Good splits: 106
Reward: 31420.374963 Total splits: 133 Good splits: 116
Reward: 42435.4418257 Total splits: 131 Good splits: 113
Reward: 35099.6441807 Total splits: 134 Good splits: 112
Reward: 40027.1131295 Total splits: 126 Good splits: 102
Reward: 23224.275783 Total splits: 112 Good splits: 96
Reward: 31012.0498242 Total splits: 145 Good splits: 126
Reward: 37743.373587 Total splits: 135 Good splits: 115
Reward: 35269.8389918 Total splits: 159 Good splits: 138
Reward: 31654.9948448 Total splits: 142 Good splits: 122
Reward: 27277.5175388 Total splits: 163 Good splits: 141
Reward: 32907.7461134 Total splits: 135 Good splits: 113
Reward: 41544.2409197 Total splits: 122 Good splits: 104
Reward: 36345.1078316 Total splits: 144 Good splits: 121
Reward: 37163.6960796 Total splits: 156 Good splits: 131
Reward: 45441.6848369 Total splits: 130 Good splits: 108
Reward: 39413.8179747 Total splits: 141 Good splits: 118
Reward: 30518.5177212 Total splits: 147 Good splits: 126
Reward: 35614.5179378 Total splits: 122 Good splits: 106
Reward: 40389.1979477 Total splits: 153 Good splits: 126
Reward: 36089.2012663 Total splits: 136 Good splits: 116
Reward: 35059.1668608 Total splits: 143 Good splits: 121
Reward: 32352.1832703 Total splits: 133 Good splits: 104
Reward: 33745.4007486 Total splits: 150 Good splits: 125
Reward: 38717.389337 Total splits: 129 Good splits: 107
Reward: 36324.4238031 Total splits: 150 Good splits: 123
Reward: 42135.4386866 Total splits: 145 Good splits: 125
Reward: 37488.024437 Total splits: 144 Good splits: 125
Reward: 32065.8676405 Total splits: 154 Good splits: 126
Reward: 41538.4421666 Total splits: 162 Good splits: 133
Reward: 39158.9958937 Total splits: 131 Good splits: 113
Reward: 37130.3012749 Total splits: 125 Good splits: 106
Reward: 27292.3577733 Total splits: 124 Good splits: 102
Reward: 30058.05466 Total splits: 143 Good splits: 114
Reward: 34773.3350126 Total splits: 158 Good splits: 133
Reward: 30523.9461359 Total splits: 150 Good splits: 124
Reward: 41270.8124103 Total splits: 143 Good splits: 123
Reward: 32221.9115639 Total splits: 129 Good splits: 104
Reward: 40061.6084335 Total splits: 149 Good splits: 124
Reward: 37854.9277206 Total splits: 118 Good splits: 105
Reward: 34827.2644208 Total splits: 157 Good splits: 132
Reward: 43651.0384271 Total splits: 131 Good splits: 115
Reward: 39698.2123183 Total splits: 139 Good splits: 113
Reward: 40939.8466336 Total splits: 134 Good splits: 117
Reward: 36092.4160607 Total splits: 130 Good splits: 112
Reward: 40065.7287049 Total splits: 133 Good splits: 105
Reward: 26434.3045869 Total splits: 149 Good splits: 124
Reward: 38661.4982416 Total splits: 122 Good splits: 105
Reward: 35793.4314275 Total splits: 126 Good splits: 111
Reward: 34815.9116805 Total splits: 146 Good splits: 123
Reward: 41514.7715476 Total splits: 127 Good splits: 114
Reward: 39916.5992125 Total splits: 126 Good splits: 106
Reward: 45441.2959654 Total splits: 137 Good splits: 116
Reward: 40456.1438144 Total splits: 132 Good splits: 115
Reward: 36449.7942841 Total splits: 143 Good splits: 112
Reward: 29828.9785099 Total splits: 127 Good splits: 114
Reward: 29672.8092004 Total splits: 141 Good splits: 116
Reward: 38050.1556497 Total splits: 141 Good splits: 118
Reward: 32737.8832087 Total splits: 136 Good splits: 112
Reward: 38581.0887729 Total splits: 120 Good splits: 94
Reward: 37635.6506995 Total splits: 139 Good splits: 120
Reward: 38020.1747585 Total splits: 140 Good splits: 110
Reward: 35748.1152546 Total splits: 170 Good splits: 145
Reward: 38235.4021815 Total splits: 129 Good splits: 114
Reward: 33473.2307984 Total splits: 152 Good splits: 126
Reward: 31813.1148679 Total splits: 129 Good splits: 103
Reward: 31518.0617697 Total splits: 128 Good splits: 102
Reward: 34082.2491489 Total splits: 129 Good splits: 106
Reward: 30718.6436467 Total splits: 119 Good splits: 96
Reward: 32475.389876 Total splits: 132 Good splits: 112
Reward: 32642.3160606 Total splits: 143 Good splits: 113
Reward: 37834.0995013 Total splits: 139 Good splits: 112
Reward: 44718.6006017 Total splits: 153 Good splits: 129
Reward: 39009.0596792 Total splits: 152 Good splits: 127
Reward: 33961.4983164 Total splits: 126 Good splits: 109
Reward: 25179.9172158 Total splits: 119 Good splits: 94
Reward: 42707.8942399 Total splits: 153 Good splits: 126
Reward: 41284.1096372 Total splits: 134 Good splits: 116
Reward: 36647.2001041 Total splits: 156 Good splits: 138
Reward: 35597.0473343 Total splits: 122 Good splits: 105
Reward: 36016.5305662 Total splits: 132 Good splits: 112
Reward: 32653.4652058 Total splits: 128 Good splits: 104
Reward: 37645.3516094 Total splits: 117 Good splits: 100
Reward: 31892.6546277 Total splits: 136 Good splits: 114
Reward: 39024.0319987 Total splits: 132 Good splits: 115
Reward: 35531.8200073 Total splits: 152 Good splits: 128
Reward: 38474.9488979 Total splits: 127 Good splits: 111
Reward: 37636.1979608 Total splits: 119 Good splits: 100
Reward: 32303.8917439 Total splits: 153 Good splits: 134
Reward: 37289.8954244 Total splits: 123 Good splits: 105
Reward: 37377.107691 Total splits: 136 Good splits: 116
Reward: 42412.642352 Total splits: 141 Good splits: 113
Reward: 33753.2572745 Total splits: 127 Good splits: 105
Reward: 28554.8542425 Total splits: 137 Good splits: 117
Reward: 32159.043522 Total splits: 137 Good splits: 110
Reward: 40623.292203 Total splits: 129 Good splits: 107
Reward: 33829.6722724 Total splits: 135 Good splits: 119
Reward: 40251.0894714 Total splits: 137 Good splits: 117
Reward: 39562.0669573 Total splits: 148 Good splits: 120
Reward: 25134.8659032 Total splits: 140 Good splits: 113
Reward: 40276.7734258 Total splits: 135 Good splits: 121
Reward: 38229.3088191 Total splits: 145 Good splits: 127
Reward: 35590.4282615 Total splits: 125 Good splits: 110
Reward: 39650.5659738 Total splits: 122 Good splits: 108
Reward: 38415.3489229 Total splits: 173 Good splits: 140
Reward: 34551.6208633 Total splits: 147 Good splits: 120
Reward: 30584.3868581 Total splits: 151 Good splits: 123
Reward: 36305.4430001 Total splits: 133 Good splits: 111
Reward: 39445.3100009 Total splits: 139 Good splits: 114
Reward: 40946.7186861 Total splits: 148 Good splits: 116
Reward: 38828.8952928 Total splits: 137 Good splits: 123
Reward: 36207.4104654 Total splits: 128 Good splits: 104
Reward: 43027.1643839 Total splits: 152 Good splits: 130
Reward: 33127.9979311 Total splits: 129 Good splits: 104
Reward: 20528.4879736 Total splits: 119 Good splits: 100
Reward: 34515.0558626 Total splits: 133 Good splits: 106
Reward: 39177.3736263 Total splits: 140 Good splits: 116
Reward: 39551.1795111 Total splits: 130 Good splits: 107
Reward: 33191.0208407 Total splits: 143 Good splits: 125
Reward: 36778.2061198 Total splits: 130 Good splits: 116
Reward: 33507.7434567 Total splits: 125 Good splits: 105
Reward: 35471.7902927 Total splits: 131 Good splits: 111
Reward: 38221.8118877 Total splits: 136 Good splits: 115
Reward: 29244.6378934 Total splits: 152 Good splits: 121
Reward: 37357.7761894 Total splits: 131 Good splits: 114
Reward: 38852.5872822 Total splits: 146 Good splits: 130
Reward: 26197.9324656 Total splits: 138 Good splits: 121
Reward: 33051.1962584 Total splits: 126 Good splits: 104
Reward: 27240.9922303 Total splits: 124 Good splits: 99
Reward: 23109.7960142 Total splits: 141 Good splits: 118
Reward: 32634.330202 Total splits: 135 Good splits: 107
Reward: 37332.631872 Total splits: 143 Good splits: 117
Reward: 25388.0480222 Total splits: 143 Good splits: 115
Reward: 26087.5571422 Total splits: 129 Good splits: 112
Reward: 27225.4389765 Total splits: 134 Good splits: 113
Reward: 31324.1057362 Total splits: 139 Good splits: 118
Reward: 32749.1895161 Total splits: 127 Good splits: 103
Reward: 37358.0813495 Total splits: 152 Good splits: 131
Reward: 31933.3790948 Total splits: 138 Good splits: 115
Reward: 35731.6912987 Total splits: 133 Good splits: 117
Reward: 30859.9779591 Total splits: 159 Good splits: 143
Reward: 26227.1826498 Total splits: 113 Good splits: 87
Reward: 32113.4776057 Total splits: 138 Good splits: 118
Reward: 34823.0147048 Total splits: 129 Good splits: 109
Reward: 37282.4165774 Total splits: 118 Good splits: 105
Reward: 42330.5054563 Total splits: 127 Good splits: 108
Reward: 37469.3960481 Total splits: 124 Good splits: 107
Reward: 38234.5126546 Total splits: 128 Good splits: 101
Reward: 35427.3238207 Total splits: 134 Good splits: 108
Reward: 22453.2126928 Total splits: 136 Good splits: 107
Reward: 36860.1556007 Total splits: 124 Good splits: 109
Reward: 34005.6369061 Total splits: 120 Good splits: 102
Reward: 34470.5533366 Total splits: 130 Good splits: 111
Reward: 39291.4851837 Total splits: 130 Good splits: 111
Reward: 41565.7194602 Total splits: 132 Good splits: 109
Reward: 45470.3721428 Total splits: 162 Good splits: 128
Reward: 27301.5899351 Total splits: 131 Good splits: 104
Reward: 22785.2175768 Total splits: 123 Good splits: 104
Reward: 41204.3865641 Total splits: 147 Good splits: 122
Reward: 28939.2914025 Total splits: 148 Good splits: 122
Reward: 38528.0098399 Total splits: 155 Good splits: 133
Reward: 32719.4820975 Total splits: 162 Good splits: 141
Reward: 39866.5775387 Total splits: 150 Good splits: 128
Reward: 40870.8248204 Total splits: 131 Good splits: 109
Reward: 28193.8318528 Total splits: 132 Good splits: 111
Reward: 38652.0165653 Total splits: 145 Good splits: 120
Reward: 33162.3216103 Total splits: 162 Good splits: 139
Reward: 36090.9950733 Total splits: 122 Good splits: 102
Reward: 22082.6024924 Total splits: 111 Good splits: 100
Reward: 22993.8260652 Total splits: 125 Good splits: 106
Reward: 40965.9295324 Total splits: 122 Good splits: 103
Reward: 35607.0835486 Total splits: 139 Good splits: 120
Reward: 41340.0675665 Total splits: 129 Good splits: 105
Reward: 41812.5569744 Total splits: 132 Good splits: 115
Reward: 39099.7950824 Total splits: 146 Good splits: 123
Reward: 42283.2961967 Total splits: 113 Good splits: 89
Reward: 29963.4420619 Total splits: 125 Good splits: 103
Reward: 36326.9448482 Total splits: 138 Good splits: 120
Reward: 35525.1919842 Total splits: 149 Good splits: 124
Reward: 35254.6689653 Total splits: 129 Good splits: 110
Reward: 23915.8777587 Total splits: 129 Good splits: 111
Reward: 33345.953639 Total splits: 124 Good splits: 103
Reward: 33344.2470361 Total splits: 117 Good splits: 97
Reward: 38933.6213114 Total splits: 141 Good splits: 120
Reward: 42539.1783506 Total splits: 133 Good splits: 115
Reward: 35183.7608528 Total splits: 130 Good splits: 102
Reward: 39069.348796 Total splits: 139 Good splits: 122
Reward: 43857.9258383 Total splits: 133 Good splits: 110
Reward: 35337.5098897 Total splits: 121 Good splits: 101
Reward: 29989.8045301 Total splits: 140 Good splits: 117
Reward: 37307.6837737 Total splits: 130 Good splits: 112
Reward: 37275.5799295 Total splits: 129 Good splits: 107
Reward: 39508.4385296 Total splits: 143 Good splits: 120
Reward: 29814.247697 Total splits: 139 Good splits: 109
Reward: 35905.3220836 Total splits: 117 Good splits: 100
Reward: 38667.8281863 Total splits: 142 Good splits: 123
Reward: 33598.0578372 Total splits: 128 Good splits: 107
Reward: 40822.6602082 Total splits: 133 Good splits: 110
Reward: 36713.5105882 Total splits: 144 Good splits: 118
Reward: 29155.1652258 Total splits: 144 Good splits: 115

Results after 200 tests
Average total rewards : 35339.6348518
Average total splits  : 136.14
Average good splits   : 114.36
Average good splits % : 84.0017628911

