Reward: 36475.0362468 Total splits: 133 Good splits: 103
Reward: 29770.6363237 Total splits: 134 Good splits: 110
Reward: 28267.5760114 Total splits: 131 Good splits: 110
Reward: 36279.7812115 Total splits: 130 Good splits: 112
Reward: 29738.0954389 Total splits: 163 Good splits: 137
Reward: 34368.5826576 Total splits: 136 Good splits: 118
Reward: 29691.4413405 Total splits: 124 Good splits: 106
Reward: 35978.2559535 Total splits: 150 Good splits: 122
Reward: 43518.3957614 Total splits: 133 Good splits: 110
Reward: 32710.6949905 Total splits: 139 Good splits: 122
Reward: 36484.1962912 Total splits: 145 Good splits: 124
Reward: 32678.6752763 Total splits: 119 Good splits: 101
Reward: 36563.6330704 Total splits: 143 Good splits: 119
Reward: 31890.7561069 Total splits: 123 Good splits: 111
Reward: 35842.105627 Total splits: 140 Good splits: 119
Reward: 36994.800152 Total splits: 145 Good splits: 116
Reward: 33734.1408164 Total splits: 132 Good splits: 103
Reward: 37529.1719535 Total splits: 125 Good splits: 104
Reward: 38700.1252912 Total splits: 141 Good splits: 117
Reward: 39208.8909522 Total splits: 137 Good splits: 115
Reward: 34851.6084133 Total splits: 135 Good splits: 111
Reward: 30474.3152847 Total splits: 131 Good splits: 108
Reward: 29189.3770544 Total splits: 130 Good splits: 116
Reward: 33482.0156709 Total splits: 135 Good splits: 116
Reward: 32801.3316203 Total splits: 140 Good splits: 109
Reward: 30239.905104 Total splits: 144 Good splits: 124
Reward: 39977.5775101 Total splits: 124 Good splits: 102
Reward: 30113.1379245 Total splits: 122 Good splits: 104
Reward: 41935.6921974 Total splits: 153 Good splits: 126
Reward: 21131.8984736 Total splits: 144 Good splits: 118
Reward: 32224.5904316 Total splits: 129 Good splits: 101
Reward: 38236.3007623 Total splits: 129 Good splits: 112
Reward: 32353.9902057 Total splits: 130 Good splits: 111
Reward: 30036.5931104 Total splits: 115 Good splits: 98
Reward: 33157.3513252 Total splits: 155 Good splits: 134
Reward: 36113.824283 Total splits: 120 Good splits: 104
Reward: 41277.9188098 Total splits: 130 Good splits: 116
Reward: 36899.4847133 Total splits: 139 Good splits: 119
Reward: 43773.4814533 Total splits: 148 Good splits: 121
Reward: 42237.2805544 Total splits: 133 Good splits: 109
Reward: 40257.4722783 Total splits: 133 Good splits: 114
Reward: 38048.268144 Total splits: 146 Good splits: 120
Reward: 44829.1919536 Total splits: 151 Good splits: 125
Reward: 28064.8461939 Total splits: 146 Good splits: 121
Reward: 35096.9374664 Total splits: 138 Good splits: 120
Reward: 37339.3521661 Total splits: 150 Good splits: 118
Reward: 32172.2756512 Total splits: 146 Good splits: 125
Reward: 37552.0277924 Total splits: 143 Good splits: 122
Reward: 31355.6833704 Total splits: 107 Good splits: 88
Reward: 35161.9449379 Total splits: 156 Good splits: 133
Reward: 39447.7402246 Total splits: 129 Good splits: 116
Reward: 42786.217982 Total splits: 143 Good splits: 120
Reward: 39052.2748972 Total splits: 160 Good splits: 135
Reward: 36804.2022254 Total splits: 144 Good splits: 120
Reward: 29653.4760855 Total splits: 123 Good splits: 100
Reward: 29596.4707029 Total splits: 125 Good splits: 106
Reward: 20997.9322732 Total splits: 150 Good splits: 121
Reward: 36313.1862559 Total splits: 119 Good splits: 97
Reward: 33905.2405624 Total splits: 137 Good splits: 119
Reward: 35413.639074 Total splits: 113 Good splits: 102
Reward: 33065.5407873 Total splits: 122 Good splits: 98
Reward: 30409.2202942 Total splits: 141 Good splits: 112
Reward: 37842.9206918 Total splits: 129 Good splits: 111
Reward: 33920.2364213 Total splits: 144 Good splits: 122
Reward: 24474.0147318 Total splits: 127 Good splits: 108
Reward: 38692.7500023 Total splits: 139 Good splits: 124
Reward: 30492.6081221 Total splits: 117 Good splits: 97
Reward: 29005.9215617 Total splits: 151 Good splits: 122
Reward: 42635.2009397 Total splits: 134 Good splits: 109
Reward: 25931.5826501 Total splits: 122 Good splits: 101
Reward: 31371.7992959 Total splits: 125 Good splits: 103
Reward: 41916.3795135 Total splits: 132 Good splits: 106
Reward: 30701.9952975 Total splits: 129 Good splits: 102
Reward: 37110.2412629 Total splits: 135 Good splits: 116
Reward: 28864.6103671 Total splits: 125 Good splits: 104
Reward: 35256.8010684 Total splits: 142 Good splits: 116
Reward: 36818.2460027 Total splits: 119 Good splits: 99
Reward: 36725.2150435 Total splits: 144 Good splits: 116
Reward: 35890.8297001 Total splits: 153 Good splits: 124
Reward: 42644.0414599 Total splits: 152 Good splits: 132
Reward: 43017.434693 Total splits: 129 Good splits: 105
Reward: 25756.5038862 Total splits: 151 Good splits: 125
Reward: 30169.9723788 Total splits: 147 Good splits: 126
Reward: 38183.7722932 Total splits: 136 Good splits: 116
Reward: 41062.6963873 Total splits: 131 Good splits: 109
Reward: 37869.6723952 Total splits: 133 Good splits: 114
Reward: 33185.8338698 Total splits: 153 Good splits: 129
Reward: 29434.4314592 Total splits: 140 Good splits: 117
Reward: 42209.127679 Total splits: 158 Good splits: 139
Reward: 41020.4967982 Total splits: 148 Good splits: 120
Reward: 24606.0458347 Total splits: 119 Good splits: 97
Reward: 41563.1979919 Total splits: 133 Good splits: 112
Reward: 35874.1234323 Total splits: 138 Good splits: 115
Reward: 41485.0551499 Total splits: 144 Good splits: 124
Reward: 36442.803779 Total splits: 146 Good splits: 127
Reward: 33368.1424484 Total splits: 153 Good splits: 124
Reward: 32167.7944129 Total splits: 153 Good splits: 126
Reward: 40706.0534965 Total splits: 149 Good splits: 131
Reward: 31682.4576078 Total splits: 140 Good splits: 121
Reward: 35819.6428641 Total splits: 132 Good splits: 120
Reward: 30274.1625912 Total splits: 122 Good splits: 105
Reward: 31604.259381 Total splits: 155 Good splits: 124
Reward: 24349.1025616 Total splits: 125 Good splits: 98
Reward: 35283.0755659 Total splits: 155 Good splits: 128
Reward: 41298.1149347 Total splits: 122 Good splits: 108
Reward: 42423.7091846 Total splits: 139 Good splits: 117
Reward: 34917.8107008 Total splits: 150 Good splits: 130
Reward: 38911.2855437 Total splits: 156 Good splits: 128
Reward: 39464.8777975 Total splits: 138 Good splits: 120
Reward: 36838.422148 Total splits: 145 Good splits: 118
Reward: 25984.5442113 Total splits: 129 Good splits: 108
Reward: 38892.4277336 Total splits: 143 Good splits: 121
Reward: 33464.4304686 Total splits: 150 Good splits: 126
Reward: 28500.5352328 Total splits: 111 Good splits: 87
Reward: 31672.931696 Total splits: 140 Good splits: 111
Reward: 34356.5286765 Total splits: 122 Good splits: 100
Reward: 33739.8170871 Total splits: 136 Good splits: 117
Reward: 24233.5018119 Total splits: 118 Good splits: 98
Reward: 38486.8421591 Total splits: 119 Good splits: 99
Reward: 24043.9616235 Total splits: 118 Good splits: 102
Reward: 27337.7141741 Total splits: 128 Good splits: 107
Reward: 29649.7824315 Total splits: 128 Good splits: 102
Reward: 40554.7891946 Total splits: 151 Good splits: 135
Reward: 37402.3593491 Total splits: 146 Good splits: 125
Reward: 30768.2267963 Total splits: 126 Good splits: 109
Reward: 42581.466446 Total splits: 138 Good splits: 111
Reward: 37233.1343621 Total splits: 133 Good splits: 112
Reward: 38690.9893029 Total splits: 139 Good splits: 118
Reward: 42202.4469328 Total splits: 125 Good splits: 103
Reward: 39091.786671 Total splits: 137 Good splits: 114
Reward: 37632.0361905 Total splits: 137 Good splits: 116
Reward: 31718.1004519 Total splits: 123 Good splits: 109
Reward: 33188.4854035 Total splits: 135 Good splits: 114
Reward: 35652.6269169 Total splits: 118 Good splits: 95
Reward: 36466.1078401 Total splits: 131 Good splits: 105
Reward: 36939.9602121 Total splits: 136 Good splits: 120
Reward: 28612.4624272 Total splits: 125 Good splits: 100
Reward: 31599.7299898 Total splits: 130 Good splits: 112
Reward: 30534.7861197 Total splits: 127 Good splits: 110
Reward: 28746.4244566 Total splits: 135 Good splits: 112
Reward: 42048.6620008 Total splits: 166 Good splits: 141
Reward: 29331.4622091 Total splits: 107 Good splits: 87
Reward: 29870.6205028 Total splits: 135 Good splits: 113
Reward: 32247.2628991 Total splits: 133 Good splits: 109
Reward: 29554.5799417 Total splits: 129 Good splits: 112
Reward: 41496.8987237 Total splits: 144 Good splits: 120
Reward: 36141.0847147 Total splits: 154 Good splits: 133
Reward: 42256.4093538 Total splits: 128 Good splits: 111
Reward: 30980.9697288 Total splits: 140 Good splits: 117
Reward: 33289.769618 Total splits: 146 Good splits: 113
Reward: 28335.7169125 Total splits: 117 Good splits: 100
Reward: 33990.9903098 Total splits: 137 Good splits: 112
Reward: 37208.8816817 Total splits: 135 Good splits: 117
Reward: 34541.4174196 Total splits: 117 Good splits: 95
Reward: 38701.3050952 Total splits: 135 Good splits: 121
Reward: 26491.2028023 Total splits: 133 Good splits: 111
Reward: 42607.2562838 Total splits: 141 Good splits: 127
Reward: 42512.3481871 Total splits: 137 Good splits: 120
Reward: 42138.2003994 Total splits: 126 Good splits: 104
Reward: 33359.3050274 Total splits: 131 Good splits: 117
Reward: 40559.8106987 Total splits: 148 Good splits: 130
Reward: 30406.9381362 Total splits: 158 Good splits: 134
Reward: 41040.1040497 Total splits: 165 Good splits: 139
Reward: 25288.0681147 Total splits: 145 Good splits: 120
Reward: 30855.9038152 Total splits: 146 Good splits: 114
Reward: 38353.8528576 Total splits: 124 Good splits: 103
Reward: 38053.782962 Total splits: 125 Good splits: 105
Reward: 34526.4623142 Total splits: 112 Good splits: 97
Reward: 36424.400248 Total splits: 117 Good splits: 101
Reward: 36577.069008 Total splits: 145 Good splits: 119
Reward: 25130.7116216 Total splits: 150 Good splits: 130
Reward: 34573.0336309 Total splits: 136 Good splits: 108
Reward: 41321.2674566 Total splits: 120 Good splits: 110
Reward: 31775.2416666 Total splits: 139 Good splits: 118
Reward: 34640.6945692 Total splits: 140 Good splits: 116
Reward: 34374.5553071 Total splits: 131 Good splits: 110
Reward: 40280.899567 Total splits: 141 Good splits: 120
Reward: 23610.9410392 Total splits: 127 Good splits: 100
Reward: 25049.1705686 Total splits: 120 Good splits: 95
Reward: 37968.3490133 Total splits: 127 Good splits: 105
Reward: 34269.6327086 Total splits: 127 Good splits: 108
Reward: 35735.3824505 Total splits: 139 Good splits: 119
Reward: 43183.1343141 Total splits: 149 Good splits: 130
Reward: 39027.0244573 Total splits: 135 Good splits: 111
Reward: 32283.5290557 Total splits: 148 Good splits: 118
Reward: 29266.1948118 Total splits: 133 Good splits: 114
Reward: 27124.0766645 Total splits: 118 Good splits: 93
Reward: 41618.5820834 Total splits: 138 Good splits: 118
Reward: 33392.0108244 Total splits: 137 Good splits: 121
Reward: 33034.8719227 Total splits: 122 Good splits: 103
Reward: 38087.1122636 Total splits: 133 Good splits: 118
Reward: 33202.1935084 Total splits: 128 Good splits: 109
Reward: 44230.9685025 Total splits: 137 Good splits: 115
Reward: 39822.940325 Total splits: 131 Good splits: 114
Reward: 44571.4618995 Total splits: 130 Good splits: 108
Reward: 38587.6677541 Total splits: 117 Good splits: 98
Reward: 38272.7645192 Total splits: 144 Good splits: 121
Reward: 25900.4597415 Total splits: 134 Good splits: 100
Reward: 37454.1491916 Total splits: 122 Good splits: 99
Reward: 41348.8720626 Total splits: 142 Good splits: 127

Results after 200 tests
Average total rewards : 34869.2442349
Average total splits  : 135.475
Average good splits   : 113.755
Average good splits % : 83.967521683

