Reward: 33342.5609918 Total splits: 139 Good splits: 116
Reward: 42389.5561501 Total splits: 128 Good splits: 108
Reward: 42015.3172626 Total splits: 135 Good splits: 117
Reward: 30744.09692 Total splits: 121 Good splits: 105
Reward: 36017.2713854 Total splits: 128 Good splits: 108
Reward: 21305.7679438 Total splits: 124 Good splits: 105
Reward: 38138.9814443 Total splits: 156 Good splits: 129
Reward: 39024.2287307 Total splits: 158 Good splits: 130
Reward: 33403.8258921 Total splits: 145 Good splits: 121
Reward: 30835.9375256 Total splits: 132 Good splits: 111
Reward: 40136.6252101 Total splits: 146 Good splits: 127
Reward: 34837.5368477 Total splits: 139 Good splits: 120
Reward: 31439.6390891 Total splits: 134 Good splits: 118
Reward: 30460.6197384 Total splits: 117 Good splits: 98
Reward: 36894.5598095 Total splits: 124 Good splits: 106
Reward: 40818.3862408 Total splits: 137 Good splits: 115
Reward: 28177.4137301 Total splits: 129 Good splits: 107
Reward: 38560.5076353 Total splits: 119 Good splits: 100
Reward: 35682.37141 Total splits: 144 Good splits: 114
Reward: 37918.5585793 Total splits: 155 Good splits: 137
Reward: 29620.1279713 Total splits: 133 Good splits: 114
Reward: 33095.3457062 Total splits: 145 Good splits: 116
Reward: 34588.2807454 Total splits: 137 Good splits: 106
Reward: 31304.1780021 Total splits: 121 Good splits: 100
Reward: 45871.7233715 Total splits: 137 Good splits: 107
Reward: 34651.4032794 Total splits: 143 Good splits: 123
Reward: 38787.5800231 Total splits: 162 Good splits: 139
Reward: 42654.4386824 Total splits: 141 Good splits: 115
Reward: 36755.870621 Total splits: 155 Good splits: 133
Reward: 41211.8310412 Total splits: 132 Good splits: 113
Reward: 35560.4737569 Total splits: 152 Good splits: 128
Reward: 22752.0486905 Total splits: 116 Good splits: 91
Reward: 20934.4158959 Total splits: 117 Good splits: 94
Reward: 36606.8891492 Total splits: 144 Good splits: 123
Reward: 35815.2670406 Total splits: 134 Good splits: 113
Reward: 37391.8037986 Total splits: 136 Good splits: 108
Reward: 29103.084468 Total splits: 141 Good splits: 113
Reward: 32661.8575853 Total splits: 124 Good splits: 104
Reward: 36397.3384694 Total splits: 135 Good splits: 112
Reward: 38339.9749745 Total splits: 153 Good splits: 132
Reward: 32689.367332 Total splits: 132 Good splits: 110
Reward: 37627.434887 Total splits: 148 Good splits: 126
Reward: 35415.0224189 Total splits: 149 Good splits: 125
Reward: 33297.2525437 Total splits: 116 Good splits: 98
Reward: 34467.5198834 Total splits: 145 Good splits: 127
Reward: 37387.9854171 Total splits: 140 Good splits: 107
Reward: 31710.197517 Total splits: 144 Good splits: 122
Reward: 35060.6058224 Total splits: 123 Good splits: 100
Reward: 37441.1424137 Total splits: 147 Good splits: 120
Reward: 31266.5234157 Total splits: 119 Good splits: 99
Reward: 33671.335166 Total splits: 140 Good splits: 112
Reward: 26269.6661127 Total splits: 123 Good splits: 105
Reward: 28598.2002698 Total splits: 122 Good splits: 103
Reward: 38515.7670152 Total splits: 118 Good splits: 94
Reward: 39573.9844295 Total splits: 129 Good splits: 107
Reward: 40743.8559952 Total splits: 145 Good splits: 122
Reward: 40114.2998847 Total splits: 144 Good splits: 118
Reward: 37404.7435542 Total splits: 131 Good splits: 105
Reward: 40755.4505882 Total splits: 165 Good splits: 137
Reward: 40946.8718602 Total splits: 135 Good splits: 104
Reward: 25652.8143264 Total splits: 137 Good splits: 108
Reward: 31554.4568198 Total splits: 117 Good splits: 96
Reward: 36059.4940535 Total splits: 124 Good splits: 106
Reward: 40463.4650867 Total splits: 120 Good splits: 100
Reward: 45071.5921932 Total splits: 145 Good splits: 120
Reward: 42253.6105818 Total splits: 154 Good splits: 132
Reward: 30908.3846126 Total splits: 132 Good splits: 107
Reward: 29457.0724776 Total splits: 122 Good splits: 98
Reward: 37513.2052913 Total splits: 123 Good splits: 100
Reward: 44704.43137 Total splits: 156 Good splits: 137
Reward: 39956.9703994 Total splits: 129 Good splits: 108
Reward: 27085.5059292 Total splits: 132 Good splits: 103
Reward: 33983.4955616 Total splits: 118 Good splits: 100
Reward: 32150.0783461 Total splits: 121 Good splits: 97
Reward: 24962.0510814 Total splits: 137 Good splits: 109
Reward: 42955.122738 Total splits: 138 Good splits: 120
Reward: 32772.6528183 Total splits: 112 Good splits: 94
Reward: 33357.8280243 Total splits: 121 Good splits: 98
Reward: 32535.3407478 Total splits: 141 Good splits: 116
Reward: 39429.3472665 Total splits: 142 Good splits: 117
Reward: 41193.3459864 Total splits: 133 Good splits: 113
Reward: 33155.5450615 Total splits: 130 Good splits: 106
Reward: 37923.3454563 Total splits: 144 Good splits: 114
Reward: 43803.2648211 Total splits: 128 Good splits: 108
Reward: 22244.4111204 Total splits: 123 Good splits: 100
Reward: 38475.0957942 Total splits: 152 Good splits: 121
Reward: 30850.1248012 Total splits: 139 Good splits: 112
Reward: 38386.3467954 Total splits: 158 Good splits: 140
Reward: 28150.050236 Total splits: 143 Good splits: 117
Reward: 45195.7361901 Total splits: 150 Good splits: 133
Reward: 38164.9426026 Total splits: 127 Good splits: 109
Reward: 29261.5353373 Total splits: 136 Good splits: 114
Reward: 39954.1311647 Total splits: 145 Good splits: 117
Reward: 39662.2116161 Total splits: 133 Good splits: 118
Reward: 30151.8286989 Total splits: 114 Good splits: 96
Reward: 38368.8312317 Total splits: 128 Good splits: 106
Reward: 39858.7850138 Total splits: 137 Good splits: 113
Reward: 37278.7576426 Total splits: 120 Good splits: 89
Reward: 40098.1450849 Total splits: 157 Good splits: 135
Reward: 30713.1429778 Total splits: 147 Good splits: 126
Reward: 33796.4652603 Total splits: 121 Good splits: 101
Reward: 42168.6541409 Total splits: 131 Good splits: 104
Reward: 25898.6364577 Total splits: 139 Good splits: 115
Reward: 22468.7085316 Total splits: 120 Good splits: 96
Reward: 34165.4609017 Total splits: 123 Good splits: 103
Reward: 35871.5979176 Total splits: 123 Good splits: 103
Reward: 35005.8649218 Total splits: 147 Good splits: 124
Reward: 27141.7900937 Total splits: 120 Good splits: 96
Reward: 36640.8360564 Total splits: 144 Good splits: 116
Reward: 40189.369926 Total splits: 122 Good splits: 106
Reward: 37646.0732433 Total splits: 148 Good splits: 123
Reward: 35515.3808038 Total splits: 135 Good splits: 115
Reward: 37709.7609958 Total splits: 139 Good splits: 118
Reward: 42133.9161711 Total splits: 133 Good splits: 112
Reward: 39581.3006949 Total splits: 153 Good splits: 134
Reward: 27101.2139762 Total splits: 127 Good splits: 97
Reward: 31736.8332208 Total splits: 148 Good splits: 118
Reward: 32711.2416475 Total splits: 134 Good splits: 113
Reward: 46775.224314 Total splits: 145 Good splits: 126
Reward: 25573.3465237 Total splits: 123 Good splits: 104
Reward: 25111.5418877 Total splits: 120 Good splits: 102
Reward: 28673.8402234 Total splits: 140 Good splits: 113
Reward: 31629.089718 Total splits: 119 Good splits: 97
Reward: 27950.8613048 Total splits: 113 Good splits: 96
Reward: 28184.9130972 Total splits: 152 Good splits: 126
Reward: 36738.3908838 Total splits: 135 Good splits: 115
Reward: 24245.3681477 Total splits: 117 Good splits: 100
Reward: 33365.2021294 Total splits: 143 Good splits: 118
Reward: 31751.4045907 Total splits: 144 Good splits: 119
Reward: 22142.5062608 Total splits: 134 Good splits: 107
Reward: 33740.7180478 Total splits: 118 Good splits: 100
Reward: 25881.9745538 Total splits: 140 Good splits: 116
Reward: 36522.8672363 Total splits: 115 Good splits: 91
Reward: 33657.810493 Total splits: 116 Good splits: 92
Reward: 37217.8513111 Total splits: 130 Good splits: 108
Reward: 28684.0132768 Total splits: 151 Good splits: 125
Reward: 37454.4052825 Total splits: 125 Good splits: 113
Reward: 25392.5133936 Total splits: 121 Good splits: 101
Reward: 30141.0655199 Total splits: 112 Good splits: 92
Reward: 35133.8018933 Total splits: 112 Good splits: 96
Reward: 32205.5667817 Total splits: 159 Good splits: 135
Reward: 40206.5587259 Total splits: 152 Good splits: 135
Reward: 22407.7341632 Total splits: 138 Good splits: 117
Reward: 41444.971136 Total splits: 134 Good splits: 112
Reward: 30945.718999 Total splits: 112 Good splits: 88
Reward: 27911.2035409 Total splits: 128 Good splits: 107
Reward: 24738.5943107 Total splits: 125 Good splits: 111
Reward: 31144.1138067 Total splits: 127 Good splits: 109
Reward: 37392.700059 Total splits: 157 Good splits: 129
Reward: 33101.6706562 Total splits: 145 Good splits: 118
Reward: 28264.837897 Total splits: 149 Good splits: 128
Reward: 10928.0163862 Total splits: 159 Good splits: 123
Reward: 26999.9224231 Total splits: 139 Good splits: 110
Reward: 41265.2197847 Total splits: 146 Good splits: 124
Reward: 30167.7876919 Total splits: 122 Good splits: 106
Reward: 28529.6828764 Total splits: 132 Good splits: 104
Reward: 45297.4505436 Total splits: 154 Good splits: 133
Reward: 24708.2940962 Total splits: 116 Good splits: 94
Reward: 30740.6934751 Total splits: 127 Good splits: 106
Reward: 37978.19332 Total splits: 158 Good splits: 138
Reward: 26624.6355439 Total splits: 132 Good splits: 110
Reward: 29300.0083256 Total splits: 133 Good splits: 112
Reward: 31577.9704942 Total splits: 119 Good splits: 99
Reward: 31885.8983609 Total splits: 127 Good splits: 103
Reward: 36663.3555827 Total splits: 145 Good splits: 113
Reward: 24658.521815 Total splits: 140 Good splits: 114
Reward: 45626.4805966 Total splits: 141 Good splits: 118
Reward: 34706.6307254 Total splits: 122 Good splits: 105
Reward: 30117.8420918 Total splits: 152 Good splits: 130
Reward: 31067.7915626 Total splits: 122 Good splits: 100
Reward: 37534.8915738 Total splits: 126 Good splits: 104
Reward: 35820.1232039 Total splits: 139 Good splits: 114
Reward: 40907.2258515 Total splits: 145 Good splits: 117
Reward: 32438.8635711 Total splits: 120 Good splits: 100
Reward: 38870.6081237 Total splits: 124 Good splits: 103
Reward: 43700.4588682 Total splits: 152 Good splits: 131
Reward: 31508.2490611 Total splits: 130 Good splits: 109
Reward: 38187.6247061 Total splits: 151 Good splits: 133
Reward: 24986.8457331 Total splits: 129 Good splits: 109
Reward: 14673.2196751 Total splits: 139 Good splits: 112
Reward: 31139.2995515 Total splits: 143 Good splits: 122
Reward: 42801.47603 Total splits: 139 Good splits: 111
Reward: 35879.8071482 Total splits: 135 Good splits: 106
Reward: 36895.5270118 Total splits: 139 Good splits: 114
Reward: 22116.8314074 Total splits: 103 Good splits: 80
Reward: 27442.368965 Total splits: 111 Good splits: 97
Reward: 32232.4758258 Total splits: 120 Good splits: 100
Reward: 23814.0938598 Total splits: 129 Good splits: 110
Reward: 35529.826389 Total splits: 140 Good splits: 116
Reward: 26333.0370109 Total splits: 131 Good splits: 107
Reward: 30102.7838746 Total splits: 142 Good splits: 121
Reward: 32713.2468174 Total splits: 146 Good splits: 118
Reward: 30088.697645 Total splits: 118 Good splits: 97
Reward: 28141.8211442 Total splits: 120 Good splits: 88
Reward: 26370.24735 Total splits: 138 Good splits: 110
Reward: 32095.0958699 Total splits: 133 Good splits: 113
Reward: 32539.1869559 Total splits: 152 Good splits: 129
Reward: 33464.951062 Total splits: 135 Good splits: 109
Reward: 26435.5122939 Total splits: 127 Good splits: 107
Reward: 37949.5454104 Total splits: 138 Good splits: 117

Results after 200 tests
Average total rewards : 33748.4762125
Average total splits  : 134.43
Average good splits   : 111.78
Average good splits % : 83.1510823477

