Reward: 26650.6622798 Total splits: 112 Good splits: 87
Reward: 38189.8961855 Total splits: 143 Good splits: 121
Reward: 30378.7649391 Total splits: 150 Good splits: 129
Reward: 34339.5412486 Total splits: 121 Good splits: 103
Reward: 36606.6321076 Total splits: 146 Good splits: 117
Reward: 27695.2645605 Total splits: 100 Good splits: 79
Reward: 37963.0309735 Total splits: 131 Good splits: 109
Reward: 27236.6290316 Total splits: 111 Good splits: 91
Reward: 32457.326296 Total splits: 147 Good splits: 124
Reward: 35326.6990022 Total splits: 131 Good splits: 107
Reward: 37466.129495 Total splits: 144 Good splits: 117
Reward: 32707.0267133 Total splits: 127 Good splits: 114
Reward: 32971.5434242 Total splits: 119 Good splits: 104
Reward: 35712.558856 Total splits: 141 Good splits: 123
Reward: 27185.7001132 Total splits: 132 Good splits: 115
Reward: 32731.8507281 Total splits: 155 Good splits: 127
Reward: 18931.1894031 Total splits: 122 Good splits: 95
Reward: 33246.3238455 Total splits: 116 Good splits: 94
Reward: 39988.6813726 Total splits: 143 Good splits: 118
Reward: 41788.3055296 Total splits: 155 Good splits: 136
Reward: 29367.1145205 Total splits: 127 Good splits: 106
Reward: 31707.3623227 Total splits: 133 Good splits: 95
Reward: 31357.3756497 Total splits: 156 Good splits: 129
Reward: 41621.3939185 Total splits: 146 Good splits: 120
Reward: 23639.7747839 Total splits: 161 Good splits: 127
Reward: 30829.0459527 Total splits: 116 Good splits: 90
Reward: 44286.7166277 Total splits: 153 Good splits: 129
Reward: 38898.443752 Total splits: 141 Good splits: 109
Reward: 42612.6256401 Total splits: 159 Good splits: 136
Reward: 37396.5717815 Total splits: 138 Good splits: 118
Reward: 37233.7781309 Total splits: 136 Good splits: 113
Reward: 34054.8809606 Total splits: 114 Good splits: 91
Reward: 19272.2161258 Total splits: 95 Good splits: 79
Reward: 34447.2337039 Total splits: 112 Good splits: 99
Reward: 36831.0038443 Total splits: 108 Good splits: 91
Reward: 34458.4653741 Total splits: 130 Good splits: 108
Reward: 33700.8170236 Total splits: 105 Good splits: 88
Reward: 29187.5325287 Total splits: 133 Good splits: 108
Reward: 32544.8347486 Total splits: 121 Good splits: 103
Reward: 30314.1992877 Total splits: 123 Good splits: 105
Reward: 27792.3245136 Total splits: 119 Good splits: 97
Reward: 30965.3547861 Total splits: 147 Good splits: 125
Reward: 22681.9360617 Total splits: 105 Good splits: 87
Reward: 22841.7676532 Total splits: 123 Good splits: 105
Reward: 35263.7015281 Total splits: 144 Good splits: 119
Reward: 28449.1796396 Total splits: 121 Good splits: 98
Reward: 25542.656842 Total splits: 161 Good splits: 136
Reward: 36107.032745 Total splits: 122 Good splits: 93
Reward: 41814.434669 Total splits: 144 Good splits: 117
Reward: 22150.4191305 Total splits: 141 Good splits: 108
Reward: 36463.1526793 Total splits: 135 Good splits: 113
Reward: 31179.1492561 Total splits: 125 Good splits: 106
Reward: 27219.8102 Total splits: 160 Good splits: 139
Reward: 38618.4030252 Total splits: 130 Good splits: 112
Reward: 34797.8983319 Total splits: 118 Good splits: 95
Reward: 25868.0685273 Total splits: 115 Good splits: 97
Reward: 23673.1206593 Total splits: 126 Good splits: 107
Reward: 36856.9203469 Total splits: 135 Good splits: 116
Reward: 34987.300433 Total splits: 124 Good splits: 98
Reward: 34316.424361 Total splits: 133 Good splits: 113
Reward: 33796.3640901 Total splits: 150 Good splits: 122
Reward: 29898.8165709 Total splits: 104 Good splits: 84
Reward: 31207.7672828 Total splits: 129 Good splits: 101
Reward: 26516.9237294 Total splits: 131 Good splits: 110
Reward: 37843.7083837 Total splits: 137 Good splits: 112
Reward: 21645.851614 Total splits: 110 Good splits: 88
Reward: 41700.2504966 Total splits: 127 Good splits: 106
Reward: 26961.7519654 Total splits: 138 Good splits: 113
Reward: 34928.8727892 Total splits: 145 Good splits: 122
Reward: 29564.8537927 Total splits: 118 Good splits: 98
Reward: 32865.8630103 Total splits: 115 Good splits: 97
Reward: 41542.1385749 Total splits: 143 Good splits: 123
Reward: 37745.3393918 Total splits: 134 Good splits: 105
Reward: 29093.0841197 Total splits: 108 Good splits: 91
Reward: 36835.3357965 Total splits: 139 Good splits: 118
Reward: 29314.8100945 Total splits: 129 Good splits: 95
Reward: 39994.9878616 Total splits: 132 Good splits: 108
Reward: 28359.4259555 Total splits: 125 Good splits: 109
Reward: 36628.1386717 Total splits: 133 Good splits: 111
Reward: 37915.237993 Total splits: 121 Good splits: 94
Reward: 32092.418014 Total splits: 134 Good splits: 111
Reward: 35852.2282963 Total splits: 107 Good splits: 98
Reward: 33900.4820143 Total splits: 123 Good splits: 101
Reward: 14678.6617027 Total splits: 113 Good splits: 94
Reward: 35641.9359837 Total splits: 137 Good splits: 108
Reward: 38035.149716 Total splits: 138 Good splits: 112
Reward: 34510.1643613 Total splits: 111 Good splits: 88
Reward: 28270.0517561 Total splits: 142 Good splits: 114
Reward: 39164.6721595 Total splits: 148 Good splits: 128
Reward: 25854.4784803 Total splits: 109 Good splits: 84
Reward: 34734.8064109 Total splits: 157 Good splits: 124
Reward: 28132.5855096 Total splits: 137 Good splits: 117
Reward: 43244.3997576 Total splits: 122 Good splits: 95
Reward: 27246.7623637 Total splits: 111 Good splits: 95
Reward: 36646.7072214 Total splits: 136 Good splits: 114
Reward: 36201.4826448 Total splits: 137 Good splits: 122
Reward: 26782.9045003 Total splits: 124 Good splits: 106
Reward: 37023.2789607 Total splits: 136 Good splits: 107
Reward: 29270.50944 Total splits: 134 Good splits: 108
Reward: 30862.9247903 Total splits: 140 Good splits: 123
Reward: 34712.9926084 Total splits: 131 Good splits: 113
Reward: 33450.4690274 Total splits: 158 Good splits: 133
Reward: 32498.7164126 Total splits: 137 Good splits: 112
Reward: 32524.9417301 Total splits: 122 Good splits: 103
Reward: 26827.4225535 Total splits: 142 Good splits: 118
Reward: 38142.8064215 Total splits: 146 Good splits: 122
Reward: 28706.0788606 Total splits: 103 Good splits: 89
Reward: 31642.7729597 Total splits: 147 Good splits: 114
Reward: 36202.8283123 Total splits: 159 Good splits: 138
Reward: 32618.0413044 Total splits: 121 Good splits: 97
Reward: 32283.1156766 Total splits: 150 Good splits: 125
Reward: 33814.6055088 Total splits: 135 Good splits: 118
Reward: 37377.9670165 Total splits: 121 Good splits: 103
Reward: 31078.2447484 Total splits: 113 Good splits: 93
Reward: 33230.100601 Total splits: 123 Good splits: 97
Reward: 41638.7211852 Total splits: 143 Good splits: 120
Reward: 36114.6025946 Total splits: 155 Good splits: 129
Reward: 22272.6949051 Total splits: 117 Good splits: 90
Reward: 30879.0435937 Total splits: 124 Good splits: 112
Reward: 41255.7769661 Total splits: 146 Good splits: 115
Reward: 25901.6219892 Total splits: 129 Good splits: 104
Reward: 37956.5067326 Total splits: 143 Good splits: 122
Reward: 33879.9680155 Total splits: 151 Good splits: 122
Reward: 20795.3138217 Total splits: 152 Good splits: 117
Reward: 28030.8473722 Total splits: 146 Good splits: 113
Reward: 22787.3528808 Total splits: 138 Good splits: 116
Reward: 34228.5157112 Total splits: 157 Good splits: 133
Reward: 41022.9315865 Total splits: 148 Good splits: 125
Reward: 28703.4315755 Total splits: 131 Good splits: 102
Reward: 25840.9992918 Total splits: 119 Good splits: 98
Reward: 41398.3318337 Total splits: 151 Good splits: 131
Reward: 21897.4863183 Total splits: 112 Good splits: 93
Reward: 41360.0712615 Total splits: 147 Good splits: 119
Reward: 36786.6476446 Total splits: 154 Good splits: 127
Reward: 35133.7331501 Total splits: 103 Good splits: 88
Reward: 42454.512104 Total splits: 132 Good splits: 114
Reward: 31189.1938137 Total splits: 107 Good splits: 89
Reward: 22117.848125 Total splits: 112 Good splits: 91
Reward: 36806.255729 Total splits: 153 Good splits: 119
Reward: 40543.0059977 Total splits: 142 Good splits: 126
Reward: 35034.8002637 Total splits: 149 Good splits: 122
Reward: 46143.400106 Total splits: 142 Good splits: 118
Reward: 43280.5746294 Total splits: 150 Good splits: 130
Reward: 34686.7310771 Total splits: 112 Good splits: 97
Reward: 36559.8099821 Total splits: 136 Good splits: 116
Reward: 34195.2835942 Total splits: 145 Good splits: 118
Reward: 27886.7311444 Total splits: 117 Good splits: 94
Reward: 32298.1853634 Total splits: 124 Good splits: 105
Reward: 33282.1280374 Total splits: 114 Good splits: 94
Reward: 43438.8820679 Total splits: 153 Good splits: 125
Reward: 26043.3265502 Total splits: 156 Good splits: 129
Reward: 34879.8310148 Total splits: 141 Good splits: 130
Reward: 41925.2267065 Total splits: 158 Good splits: 136
Reward: 40952.3333867 Total splits: 125 Good splits: 108
Reward: 24252.4658005 Total splits: 122 Good splits: 104
Reward: 25632.1225861 Total splits: 148 Good splits: 124
Reward: 35554.9779697 Total splits: 137 Good splits: 115
Reward: 30733.6901205 Total splits: 124 Good splits: 101
Reward: 21215.080548 Total splits: 119 Good splits: 103
Reward: 29557.5991015 Total splits: 159 Good splits: 132
Reward: 43083.8609195 Total splits: 153 Good splits: 121
Reward: 37012.2118288 Total splits: 157 Good splits: 128
Reward: 34199.2975343 Total splits: 130 Good splits: 108
Reward: 34450.2779257 Total splits: 152 Good splits: 130
Reward: 35830.0212155 Total splits: 150 Good splits: 124
Reward: 36377.7422403 Total splits: 130 Good splits: 111
Reward: 34486.969339 Total splits: 136 Good splits: 107
Reward: 37551.2193558 Total splits: 124 Good splits: 101
Reward: 37492.6724199 Total splits: 162 Good splits: 139
Reward: 29555.5258921 Total splits: 129 Good splits: 106
Reward: 34555.3964704 Total splits: 137 Good splits: 116
Reward: 32584.4040568 Total splits: 147 Good splits: 122
Reward: 29040.7321041 Total splits: 135 Good splits: 107
Reward: 35335.6696671 Total splits: 145 Good splits: 117
Reward: 32766.7154619 Total splits: 121 Good splits: 100
Reward: 37658.864848 Total splits: 138 Good splits: 124
Reward: 25737.8133685 Total splits: 143 Good splits: 113
Reward: 37239.9414908 Total splits: 120 Good splits: 102
Reward: 42606.7999202 Total splits: 149 Good splits: 122
Reward: 37497.9506288 Total splits: 134 Good splits: 111
Reward: 41738.8219391 Total splits: 153 Good splits: 128
Reward: 36418.5716374 Total splits: 145 Good splits: 120
Reward: 37271.7447118 Total splits: 151 Good splits: 135
Reward: 26694.0149278 Total splits: 111 Good splits: 96
Reward: 30682.6014174 Total splits: 128 Good splits: 101
Reward: 41347.3310801 Total splits: 137 Good splits: 118
Reward: 39082.119025 Total splits: 112 Good splits: 95
Reward: 28881.1123024 Total splits: 109 Good splits: 91
Reward: 40681.0215491 Total splits: 155 Good splits: 134
Reward: 36030.94664 Total splits: 138 Good splits: 119
Reward: 33448.927291 Total splits: 138 Good splits: 108
Reward: 34293.0844039 Total splits: 142 Good splits: 117
Reward: 18916.1451604 Total splits: 106 Good splits: 90
Reward: 36241.7728083 Total splits: 135 Good splits: 115
Reward: 28850.6081547 Total splits: 147 Good splits: 118
Reward: 43287.6344743 Total splits: 142 Good splits: 108
Reward: 31624.0686637 Total splits: 119 Good splits: 103
Reward: 40281.4000004 Total splits: 116 Good splits: 97
Reward: 29124.3484644 Total splits: 160 Good splits: 130
Reward: 29199.1919088 Total splits: 121 Good splits: 98

Results after 200 tests
Average total rewards : 33231.2478784
Average total splits  : 133.265
Average good splits   : 110.56
Average good splits % : 82.9625182906

