Reward: 29629.9541285 Total splits: 101 Good splits: 80
Reward: 31658.7853844 Total splits: 148 Good splits: 113
Reward: 34516.5521712 Total splits: 141 Good splits: 111
Reward: 31807.6482744 Total splits: 165 Good splits: 141
Reward: 19481.9967429 Total splits: 102 Good splits: 83
Reward: 40981.3348434 Total splits: 128 Good splits: 101
Reward: 28891.3110051 Total splits: 119 Good splits: 91
Reward: 32244.3929261 Total splits: 128 Good splits: 110
Reward: 29493.5511118 Total splits: 137 Good splits: 117
Reward: 32032.6280118 Total splits: 156 Good splits: 131
Reward: 32070.8324404 Total splits: 148 Good splits: 125
Reward: 27630.4329424 Total splits: 122 Good splits: 91
Reward: 33808.1817248 Total splits: 140 Good splits: 107
Reward: 37188.8686973 Total splits: 143 Good splits: 115
Reward: 34089.2804821 Total splits: 136 Good splits: 113
Reward: 37831.9913001 Total splits: 149 Good splits: 125
Reward: 36492.0424872 Total splits: 139 Good splits: 113
Reward: 34752.9858048 Total splits: 140 Good splits: 116
Reward: 26680.5449627 Total splits: 129 Good splits: 102
Reward: 38830.8255411 Total splits: 122 Good splits: 100
Reward: 35260.7066309 Total splits: 127 Good splits: 106
Reward: 31756.9373727 Total splits: 124 Good splits: 105
Reward: 28310.9185329 Total splits: 135 Good splits: 104
Reward: 38566.0408594 Total splits: 145 Good splits: 118
Reward: 26346.0004739 Total splits: 127 Good splits: 107
Reward: 27789.8470807 Total splits: 122 Good splits: 95
Reward: 21655.358951 Total splits: 123 Good splits: 99
Reward: 35478.0940464 Total splits: 119 Good splits: 94
Reward: 41977.0826954 Total splits: 159 Good splits: 132
Reward: 40282.1350404 Total splits: 155 Good splits: 126
Reward: 29919.7108604 Total splits: 159 Good splits: 133
Reward: 19514.5909304 Total splits: 104 Good splits: 82
Reward: 29311.1735815 Total splits: 156 Good splits: 126
Reward: 44094.5697538 Total splits: 135 Good splits: 107
Reward: 36052.7537917 Total splits: 150 Good splits: 123
Reward: 42562.8490218 Total splits: 141 Good splits: 119
Reward: 27599.5432853 Total splits: 127 Good splits: 99
Reward: 39860.7188035 Total splits: 153 Good splits: 128
Reward: 40633.7175198 Total splits: 162 Good splits: 130
Reward: 30811.5287786 Total splits: 136 Good splits: 107
Reward: 30538.4164146 Total splits: 149 Good splits: 124
Reward: 38782.5860871 Total splits: 149 Good splits: 130
Reward: 26205.5527476 Total splits: 146 Good splits: 118
Reward: 12904.8220947 Total splits: 112 Good splits: 87
Reward: 22687.8362019 Total splits: 135 Good splits: 112
Reward: 34026.5676234 Total splits: 153 Good splits: 124
Reward: 33046.1847369 Total splits: 148 Good splits: 113
Reward: 36674.4555245 Total splits: 170 Good splits: 137
Reward: 31791.792149 Total splits: 124 Good splits: 100
Reward: 24259.8264963 Total splits: 158 Good splits: 136
Reward: 29946.2834167 Total splits: 119 Good splits: 95
Reward: 32714.7697082 Total splits: 163 Good splits: 133
Reward: 43152.1671945 Total splits: 138 Good splits: 120
Reward: 28416.0682962 Total splits: 131 Good splits: 109
Reward: 33161.9995051 Total splits: 141 Good splits: 121
Reward: 33193.1954413 Total splits: 132 Good splits: 106
Reward: 30551.7270974 Total splits: 128 Good splits: 100
Reward: 40288.9862403 Total splits: 150 Good splits: 121
Reward: 34637.2241041 Total splits: 133 Good splits: 113
Reward: 37943.5360118 Total splits: 131 Good splits: 105
Reward: 34342.6033246 Total splits: 121 Good splits: 100
Reward: 34391.4640698 Total splits: 140 Good splits: 118
Reward: 34648.5300894 Total splits: 162 Good splits: 133
Reward: 21960.4034916 Total splits: 126 Good splits: 102
Reward: 24228.5753397 Total splits: 140 Good splits: 118
Reward: 29301.8856196 Total splits: 128 Good splits: 100
Reward: 25777.4016796 Total splits: 149 Good splits: 120
Reward: 40157.2627273 Total splits: 145 Good splits: 114
Reward: 34924.2524388 Total splits: 147 Good splits: 115
Reward: 35783.0360378 Total splits: 154 Good splits: 125
Reward: 30899.7648465 Total splits: 106 Good splits: 86
Reward: 38588.9267106 Total splits: 142 Good splits: 122
Reward: 23518.3661031 Total splits: 128 Good splits: 93
Reward: 35835.8577109 Total splits: 158 Good splits: 136
Reward: 18762.1093431 Total splits: 153 Good splits: 129
Reward: 25503.9657218 Total splits: 126 Good splits: 104
Reward: 20818.6147712 Total splits: 120 Good splits: 94
Reward: 33049.5739772 Total splits: 141 Good splits: 118
Reward: 34192.1245331 Total splits: 142 Good splits: 113
Reward: 33126.7022088 Total splits: 158 Good splits: 123
Reward: 23072.8175634 Total splits: 138 Good splits: 117
Reward: 33918.778497 Total splits: 130 Good splits: 107
Reward: 31437.8292936 Total splits: 132 Good splits: 110
Reward: 35207.884908 Total splits: 143 Good splits: 114
Reward: 27109.606751 Total splits: 147 Good splits: 117
Reward: 40247.2610031 Total splits: 137 Good splits: 112
Reward: 31640.6231823 Total splits: 106 Good splits: 85
Reward: 35364.337238 Total splits: 143 Good splits: 123
Reward: 28623.9029837 Total splits: 149 Good splits: 121
Reward: 31593.8489209 Total splits: 131 Good splits: 105
Reward: 34992.9798593 Total splits: 151 Good splits: 116
Reward: 36294.797194 Total splits: 170 Good splits: 138
Reward: 37333.2390457 Total splits: 155 Good splits: 129
Reward: 32162.6878121 Total splits: 138 Good splits: 109
Reward: 16386.2762769 Total splits: 134 Good splits: 113
Reward: 40715.1827067 Total splits: 136 Good splits: 113
Reward: 28490.641065 Total splits: 152 Good splits: 126
Reward: 37268.0510359 Total splits: 133 Good splits: 105
Reward: 22395.2550732 Total splits: 143 Good splits: 121
Reward: 32204.1593256 Total splits: 133 Good splits: 107
Reward: 37741.9572738 Total splits: 114 Good splits: 90
Reward: 34244.5545028 Total splits: 150 Good splits: 129
Reward: 39791.3600122 Total splits: 133 Good splits: 112
Reward: 21613.1095256 Total splits: 111 Good splits: 89
Reward: 33098.6071375 Total splits: 138 Good splits: 113
Reward: 27145.8976128 Total splits: 118 Good splits: 95
Reward: 29782.0922856 Total splits: 105 Good splits: 85
Reward: 27133.9923442 Total splits: 139 Good splits: 107
Reward: 31604.776065 Total splits: 134 Good splits: 108
Reward: 29612.4437176 Total splits: 120 Good splits: 101
Reward: 33371.0426058 Total splits: 116 Good splits: 98
Reward: 37695.5323561 Total splits: 149 Good splits: 131
Reward: 25809.0489019 Total splits: 124 Good splits: 96
Reward: 41742.6801266 Total splits: 144 Good splits: 118
Reward: 43513.3768682 Total splits: 144 Good splits: 126
Reward: 23561.3267152 Total splits: 110 Good splits: 89
Reward: 34331.4320835 Total splits: 136 Good splits: 109
Reward: 35854.9967151 Total splits: 143 Good splits: 112
Reward: 25825.2870821 Total splits: 112 Good splits: 96
Reward: 22348.4816801 Total splits: 127 Good splits: 109
Reward: 31452.3039882 Total splits: 120 Good splits: 103
Reward: 31532.949152 Total splits: 126 Good splits: 109
Reward: 30242.867034 Total splits: 128 Good splits: 103
Reward: 27718.7387262 Total splits: 118 Good splits: 102
Reward: 23811.1583566 Total splits: 135 Good splits: 108
Reward: 25397.2081683 Total splits: 118 Good splits: 96
Reward: 36416.81414 Total splits: 150 Good splits: 126
Reward: 26134.4625681 Total splits: 127 Good splits: 97
Reward: 35061.3536377 Total splits: 118 Good splits: 97
Reward: 41487.2292902 Total splits: 153 Good splits: 126
Reward: 32237.4841106 Total splits: 156 Good splits: 123
Reward: 17509.0798315 Total splits: 127 Good splits: 102
Reward: 37105.868776 Total splits: 145 Good splits: 119
Reward: 14563.6941683 Total splits: 115 Good splits: 101
Reward: 28189.3626509 Total splits: 97 Good splits: 77
Reward: 23525.6168119 Total splits: 100 Good splits: 84
Reward: 36118.42691 Total splits: 153 Good splits: 127
Reward: 43483.8544786 Total splits: 152 Good splits: 127
Reward: 37839.2108757 Total splits: 134 Good splits: 112
Reward: 40564.9196689 Total splits: 156 Good splits: 127
Reward: 37679.9994593 Total splits: 121 Good splits: 100
Reward: 38078.0517075 Total splits: 128 Good splits: 104
Reward: 20703.9433818 Total splits: 131 Good splits: 97
Reward: 32414.0038095 Total splits: 129 Good splits: 98
Reward: 29348.8037426 Total splits: 126 Good splits: 103
Reward: 30126.8962075 Total splits: 154 Good splits: 134
Reward: 29665.1282225 Total splits: 119 Good splits: 99
Reward: 35723.0418332 Total splits: 142 Good splits: 117
Reward: 39699.775792 Total splits: 136 Good splits: 108
Reward: 46919.9610796 Total splits: 148 Good splits: 121
Reward: 28503.6474544 Total splits: 128 Good splits: 96
Reward: 32485.7279134 Total splits: 155 Good splits: 129
Reward: 30194.3459923 Total splits: 143 Good splits: 112
Reward: 32037.4104983 Total splits: 126 Good splits: 99
Reward: 32729.1745618 Total splits: 122 Good splits: 100
Reward: 28485.8819049 Total splits: 112 Good splits: 96
Reward: 29658.4657699 Total splits: 155 Good splits: 129
Reward: 31085.1748636 Total splits: 124 Good splits: 103
Reward: 34367.6809018 Total splits: 135 Good splits: 114
Reward: 32531.3751148 Total splits: 150 Good splits: 120
Reward: 28619.3507803 Total splits: 133 Good splits: 100
Reward: 39375.4829655 Total splits: 145 Good splits: 118
Reward: 35598.7554499 Total splits: 117 Good splits: 100
Reward: 26832.0448257 Total splits: 147 Good splits: 118
Reward: 42542.5952834 Total splits: 152 Good splits: 129
Reward: 27781.2565965 Total splits: 137 Good splits: 115
Reward: 23118.294 Total splits: 109 Good splits: 84
Reward: 27298.4863859 Total splits: 133 Good splits: 111
Reward: 33351.4150742 Total splits: 162 Good splits: 137
Reward: 28414.2128361 Total splits: 121 Good splits: 103
Reward: 32957.5249176 Total splits: 126 Good splits: 106
Reward: 31067.6867365 Total splits: 118 Good splits: 98
Reward: 42597.764887 Total splits: 160 Good splits: 125
Reward: 39966.2416848 Total splits: 132 Good splits: 105
Reward: 39765.4571105 Total splits: 161 Good splits: 131
Reward: 27329.2628379 Total splits: 113 Good splits: 92
Reward: 24343.7973643 Total splits: 120 Good splits: 85
Reward: 37050.3406846 Total splits: 130 Good splits: 109
Reward: 27892.9003296 Total splits: 143 Good splits: 119
Reward: 37256.2844894 Total splits: 146 Good splits: 120
Reward: 33705.0504607 Total splits: 113 Good splits: 85
Reward: 21768.7444111 Total splits: 124 Good splits: 96
Reward: 22685.204197 Total splits: 139 Good splits: 115
Reward: 43667.2178845 Total splits: 137 Good splits: 106
Reward: 27658.4456306 Total splits: 129 Good splits: 105
Reward: 34414.916124 Total splits: 149 Good splits: 123
Reward: 35313.6823938 Total splits: 152 Good splits: 126
Reward: 30337.005561 Total splits: 137 Good splits: 107
Reward: 35321.2742342 Total splits: 128 Good splits: 109
Reward: 37607.5984844 Total splits: 142 Good splits: 115
Reward: 28416.2129652 Total splits: 109 Good splits: 90
Reward: 25710.6525229 Total splits: 107 Good splits: 91
Reward: 30086.229557 Total splits: 110 Good splits: 86
Reward: 21431.9737135 Total splits: 97 Good splits: 81
Reward: 37611.7073334 Total splits: 143 Good splits: 120
Reward: 14495.4040277 Total splits: 104 Good splits: 84
Reward: 35146.2352136 Total splits: 139 Good splits: 113
Reward: 27367.0399932 Total splits: 123 Good splits: 97
Reward: 20141.3045979 Total splits: 107 Good splits: 88
Reward: 32891.22191 Total splits: 141 Good splits: 111

Results after 200 tests
Average total rewards : 31783.4168109
Average total splits  : 134.815
Average good splits   : 109.955
Average good splits % : 81.5599154397

