Reward: 32725.8491323 Total splits: 108 Good splits: 94
Reward: 32350.1654218 Total splits: 136 Good splits: 107
Reward: 30423.2733263 Total splits: 100 Good splits: 79
Reward: 29985.2341762 Total splits: 137 Good splits: 111
Reward: 24079.1425179 Total splits: 139 Good splits: 112
Reward: 37826.2782501 Total splits: 152 Good splits: 128
Reward: 30423.633309 Total splits: 120 Good splits: 85
Reward: 24432.5434753 Total splits: 144 Good splits: 115
Reward: 32149.2022035 Total splits: 133 Good splits: 102
Reward: 25174.8776091 Total splits: 157 Good splits: 130
Reward: 24213.6446115 Total splits: 156 Good splits: 124
Reward: 29129.1014655 Total splits: 135 Good splits: 107
Reward: 41063.7122422 Total splits: 150 Good splits: 130
Reward: 14398.8781837 Total splits: 145 Good splits: 117
Reward: 33396.740884 Total splits: 132 Good splits: 103
Reward: 28804.541337 Total splits: 144 Good splits: 113
Reward: 30306.5160814 Total splits: 146 Good splits: 131
Reward: 20265.0528898 Total splits: 125 Good splits: 101
Reward: 33399.4717894 Total splits: 110 Good splits: 89
Reward: 19330.033836 Total splits: 150 Good splits: 117
Reward: 35055.2808962 Total splits: 150 Good splits: 119
Reward: 25334.7090421 Total splits: 135 Good splits: 107
Reward: 29570.932617 Total splits: 110 Good splits: 98
Reward: 39048.0840523 Total splits: 129 Good splits: 111
Reward: 19885.5462032 Total splits: 138 Good splits: 109
Reward: 30996.0739152 Total splits: 138 Good splits: 111
Reward: 33615.3233231 Total splits: 150 Good splits: 122
Reward: 21313.8909606 Total splits: 111 Good splits: 86
Reward: 39960.7521647 Total splits: 156 Good splits: 123
Reward: 21638.9449425 Total splits: 133 Good splits: 107
Reward: 30506.4256892 Total splits: 136 Good splits: 105
Reward: 31111.2432317 Total splits: 125 Good splits: 106
Reward: 30807.1482142 Total splits: 104 Good splits: 83
Reward: 25815.6718461 Total splits: 152 Good splits: 123
Reward: 30704.7774802 Total splits: 107 Good splits: 88
Reward: 23836.2383261 Total splits: 96 Good splits: 85
Reward: 29710.9581389 Total splits: 113 Good splits: 87
Reward: 32481.2071163 Total splits: 129 Good splits: 106
Reward: 31542.2705601 Total splits: 113 Good splits: 98
Reward: 39832.4157748 Total splits: 138 Good splits: 111
Reward: 23486.8863411 Total splits: 99 Good splits: 77
Reward: 42733.7568459 Total splits: 152 Good splits: 124
Reward: 38759.3628043 Total splits: 139 Good splits: 113
Reward: 26391.8241531 Total splits: 130 Good splits: 105
Reward: 24865.39996 Total splits: 104 Good splits: 79
Reward: 40058.7116362 Total splits: 134 Good splits: 110
Reward: 24750.4974622 Total splits: 142 Good splits: 112
Reward: 34766.9844881 Total splits: 148 Good splits: 118
Reward: 20534.5188756 Total splits: 144 Good splits: 114
Reward: 39034.9961369 Total splits: 113 Good splits: 87
Reward: 23054.1421383 Total splits: 106 Good splits: 83
Reward: 26878.7095721 Total splits: 143 Good splits: 119
Reward: 37326.3781922 Total splits: 110 Good splits: 92
Reward: 33951.0556045 Total splits: 152 Good splits: 124
Reward: 24664.3313822 Total splits: 147 Good splits: 114
Reward: 33561.9286245 Total splits: 149 Good splits: 125
Reward: 39737.4513915 Total splits: 137 Good splits: 103
Reward: 32706.6537947 Total splits: 134 Good splits: 108
Reward: 23195.9645621 Total splits: 116 Good splits: 98
Reward: 27930.7545949 Total splits: 164 Good splits: 137
Reward: 36418.5417995 Total splits: 123 Good splits: 102
Reward: 37103.4668456 Total splits: 137 Good splits: 110
Reward: 40511.5110426 Total splits: 133 Good splits: 110
Reward: 31712.4124148 Total splits: 124 Good splits: 100
Reward: 30604.2251168 Total splits: 134 Good splits: 109
Reward: 44533.086701 Total splits: 140 Good splits: 119
Reward: 37467.6974617 Total splits: 142 Good splits: 120
Reward: 29633.1082422 Total splits: 118 Good splits: 97
Reward: 17180.9486405 Total splits: 132 Good splits: 111
Reward: 33593.8700249 Total splits: 131 Good splits: 101
Reward: 21974.5170327 Total splits: 93 Good splits: 74
Reward: 37985.1500096 Total splits: 131 Good splits: 105
Reward: 30891.7404484 Total splits: 140 Good splits: 108
Reward: 30335.7420711 Total splits: 161 Good splits: 135
Reward: 39292.0394424 Total splits: 127 Good splits: 103
Reward: 27715.2483485 Total splits: 100 Good splits: 83
Reward: 29649.7676089 Total splits: 148 Good splits: 123
Reward: 24052.4768066 Total splits: 116 Good splits: 81
Reward: 27852.1597806 Total splits: 110 Good splits: 85
Reward: 32434.7509727 Total splits: 147 Good splits: 117
Reward: 23237.0261509 Total splits: 101 Good splits: 77
Reward: 35094.0539748 Total splits: 145 Good splits: 132
Reward: 20215.388001 Total splits: 113 Good splits: 80
Reward: 29973.282013 Total splits: 145 Good splits: 120
Reward: 32619.0065467 Total splits: 123 Good splits: 103
Reward: 22702.0551808 Total splits: 115 Good splits: 89
Reward: 25758.3090193 Total splits: 118 Good splits: 101
Reward: 38027.1525982 Total splits: 158 Good splits: 137
Reward: 39491.2136274 Total splits: 142 Good splits: 116
Reward: 17178.2679412 Total splits: 138 Good splits: 106
Reward: 39366.2129875 Total splits: 153 Good splits: 122
Reward: 25840.224592 Total splits: 165 Good splits: 135
Reward: 28702.3194522 Total splits: 133 Good splits: 115
Reward: 35754.7073079 Total splits: 135 Good splits: 107
Reward: 27587.0140555 Total splits: 116 Good splits: 97
Reward: 34862.3204395 Total splits: 144 Good splits: 114
Reward: 23510.2094293 Total splits: 134 Good splits: 111
Reward: 19238.712168 Total splits: 102 Good splits: 73
Reward: 35332.9938893 Total splits: 142 Good splits: 113
Reward: 13894.5699546 Total splits: 117 Good splits: 95
Reward: 28262.1748319 Total splits: 104 Good splits: 85
Reward: 38287.91014 Total splits: 137 Good splits: 108
Reward: 20910.5809928 Total splits: 131 Good splits: 97
Reward: 36207.5214938 Total splits: 148 Good splits: 121
Reward: 31133.673339 Total splits: 135 Good splits: 111
Reward: 45953.0835587 Total splits: 148 Good splits: 125
Reward: 22733.9154206 Total splits: 135 Good splits: 110
Reward: 39786.1149355 Total splits: 104 Good splits: 82
Reward: 35764.4091363 Total splits: 137 Good splits: 106
Reward: 33378.3650285 Total splits: 124 Good splits: 99
Reward: 36586.8516189 Total splits: 138 Good splits: 108
Reward: 24993.3424531 Total splits: 111 Good splits: 84
Reward: 29253.5761817 Total splits: 143 Good splits: 113
Reward: 32372.9451286 Total splits: 129 Good splits: 105
Reward: 28864.9009474 Total splits: 128 Good splits: 103
Reward: 24246.3726876 Total splits: 156 Good splits: 129
Reward: 32257.7173924 Total splits: 115 Good splits: 84
Reward: 29743.0781527 Total splits: 124 Good splits: 97
Reward: 34628.8216042 Total splits: 148 Good splits: 124
Reward: 35680.2140844 Total splits: 160 Good splits: 135
Reward: 37952.0657558 Total splits: 126 Good splits: 105
Reward: 24327.378398 Total splits: 110 Good splits: 87
Reward: 18840.6146916 Total splits: 101 Good splits: 79
Reward: 42983.4772148 Total splits: 147 Good splits: 123
Reward: 29154.4407939 Total splits: 135 Good splits: 108
Reward: 19700.8120784 Total splits: 142 Good splits: 121
Reward: 38176.2538716 Total splits: 130 Good splits: 113
Reward: 32831.2841112 Total splits: 161 Good splits: 130
Reward: 30797.7940248 Total splits: 164 Good splits: 140
Reward: 35814.6607477 Total splits: 152 Good splits: 123
Reward: 26434.3616459 Total splits: 114 Good splits: 92
Reward: 37936.0011426 Total splits: 131 Good splits: 102
Reward: 30985.2578125 Total splits: 154 Good splits: 130
Reward: 32059.2786338 Total splits: 115 Good splits: 89
Reward: 22152.185651 Total splits: 87 Good splits: 76
Reward: 36775.6758801 Total splits: 137 Good splits: 115
Reward: 30091.2293845 Total splits: 116 Good splits: 95
Reward: 39125.1007809 Total splits: 146 Good splits: 110
Reward: 19430.5114139 Total splits: 114 Good splits: 85
Reward: 31386.6205873 Total splits: 130 Good splits: 100
Reward: 38994.6634208 Total splits: 156 Good splits: 133
Reward: 32767.5713004 Total splits: 109 Good splits: 87
Reward: 36313.6304753 Total splits: 130 Good splits: 100
Reward: 24060.5527448 Total splits: 107 Good splits: 86
Reward: 20656.6824409 Total splits: 110 Good splits: 89
Reward: 28232.5837788 Total splits: 124 Good splits: 100
Reward: 25979.8369377 Total splits: 159 Good splits: 126
Reward: 30510.7704565 Total splits: 104 Good splits: 80
Reward: 27679.2606838 Total splits: 146 Good splits: 122
Reward: 20076.3848606 Total splits: 119 Good splits: 94
Reward: 32949.7491708 Total splits: 153 Good splits: 127
Reward: 26766.2234506 Total splits: 109 Good splits: 92
Reward: 28259.2531036 Total splits: 134 Good splits: 107
Reward: 19583.0982061 Total splits: 127 Good splits: 98
Reward: 20540.793038 Total splits: 115 Good splits: 94
Reward: 39164.3832962 Total splits: 125 Good splits: 93
Reward: 17615.9184481 Total splits: 100 Good splits: 83
Reward: 29164.1762598 Total splits: 149 Good splits: 120
Reward: 39111.3407197 Total splits: 133 Good splits: 103
Reward: 34113.4180721 Total splits: 108 Good splits: 87
Reward: 37056.2407801 Total splits: 114 Good splits: 99
Reward: 23473.5381434 Total splits: 139 Good splits: 114
Reward: 27699.5751577 Total splits: 142 Good splits: 114
Reward: 35103.9338263 Total splits: 120 Good splits: 98
Reward: 24798.3861749 Total splits: 145 Good splits: 119
Reward: 33975.5750094 Total splits: 148 Good splits: 125
Reward: 27472.5433094 Total splits: 109 Good splits: 87
Reward: 30758.1326147 Total splits: 125 Good splits: 104
Reward: 24907.3866017 Total splits: 126 Good splits: 101
Reward: 28670.3177026 Total splits: 116 Good splits: 101
Reward: 35545.9425213 Total splits: 162 Good splits: 127
Reward: 21437.5183593 Total splits: 103 Good splits: 78
Reward: 33014.5090094 Total splits: 118 Good splits: 97
Reward: 22021.6441952 Total splits: 99 Good splits: 83
Reward: 40655.3774272 Total splits: 156 Good splits: 124
Reward: 35062.874587 Total splits: 145 Good splits: 114
Reward: 31383.9424443 Total splits: 104 Good splits: 88
Reward: 33473.6023382 Total splits: 113 Good splits: 93
Reward: 35077.3897536 Total splits: 156 Good splits: 125
Reward: 32902.6481052 Total splits: 133 Good splits: 105
Reward: 36943.9349651 Total splits: 134 Good splits: 109
Reward: 32135.2760089 Total splits: 127 Good splits: 101
Reward: 35632.4152546 Total splits: 153 Good splits: 130
Reward: 21464.3938409 Total splits: 138 Good splits: 105
Reward: 19045.534531 Total splits: 140 Good splits: 111
Reward: 34969.9428834 Total splits: 160 Good splits: 131
Reward: 21744.6143356 Total splits: 147 Good splits: 122
Reward: 40330.4978043 Total splits: 134 Good splits: 105
Reward: 31831.7736203 Total splits: 150 Good splits: 115
Reward: 35647.3176641 Total splits: 142 Good splits: 114
Reward: 29881.7785786 Total splits: 134 Good splits: 114
Reward: 32986.422067 Total splits: 138 Good splits: 98
Reward: 22591.5304176 Total splits: 139 Good splits: 115
Reward: 26120.0876348 Total splits: 137 Good splits: 114
Reward: 17125.6548839 Total splits: 135 Good splits: 100
Reward: 32978.1093355 Total splits: 155 Good splits: 136
Reward: 36077.3509409 Total splits: 134 Good splits: 111
Reward: 25298.5264895 Total splits: 138 Good splits: 114
Reward: 29699.8147935 Total splits: 137 Good splits: 103
Reward: 31755.1987651 Total splits: 142 Good splits: 112

Results after 200 tests
Average total rewards : 30218.2785671
Average total splits  : 131.71
Average good splits   : 106.42
Average good splits % : 80.7987244704

