Reward: 41948.1635427 Total splits: 145 Good splits: 119
Reward: 27548.1333173 Total splits: 145 Good splits: 112
Reward: 26037.5204019 Total splits: 96 Good splits: 76
Reward: 26299.4470208 Total splits: 134 Good splits: 99
Reward: 35370.3744388 Total splits: 143 Good splits: 119
Reward: 24387.4513816 Total splits: 125 Good splits: 96
Reward: 22220.6961873 Total splits: 119 Good splits: 86
Reward: 31213.1530406 Total splits: 149 Good splits: 119
Reward: 33007.7825993 Total splits: 93 Good splits: 77
Reward: 17826.8606208 Total splits: 106 Good splits: 81
Reward: 26026.5217059 Total splits: 133 Good splits: 104
Reward: 38133.8305419 Total splits: 134 Good splits: 107
Reward: 24805.6901536 Total splits: 156 Good splits: 124
Reward: 35049.821811 Total splits: 130 Good splits: 102
Reward: 38634.6496472 Total splits: 119 Good splits: 100
Reward: 31025.3027311 Total splits: 129 Good splits: 106
Reward: 32115.2625602 Total splits: 120 Good splits: 89
Reward: 32120.6266552 Total splits: 107 Good splits: 90
Reward: 17890.5417121 Total splits: 96 Good splits: 73
Reward: 23366.7656539 Total splits: 146 Good splits: 116
Reward: 30746.9533137 Total splits: 125 Good splits: 82
Reward: 16979.7820038 Total splits: 111 Good splits: 85
Reward: 35217.9374216 Total splits: 149 Good splits: 115
Reward: 24311.8352376 Total splits: 98 Good splits: 79
Reward: 29432.1949178 Total splits: 95 Good splits: 76
Reward: 23359.8018764 Total splits: 85 Good splits: 62
Reward: 19311.6434726 Total splits: 93 Good splits: 71
Reward: 27107.3453236 Total splits: 136 Good splits: 109
Reward: 35529.7610919 Total splits: 125 Good splits: 96
Reward: 26551.381735 Total splits: 105 Good splits: 79
Reward: 27458.9829516 Total splits: 127 Good splits: 91
Reward: 24483.2816012 Total splits: 124 Good splits: 92
Reward: 21236.7805026 Total splits: 140 Good splits: 110
Reward: 25697.0611298 Total splits: 110 Good splits: 89
Reward: 28081.6380312 Total splits: 132 Good splits: 93
Reward: 30701.1575789 Total splits: 107 Good splits: 87
Reward: 21671.5423776 Total splits: 132 Good splits: 100
Reward: 20174.0780068 Total splits: 97 Good splits: 87
Reward: 27351.3823379 Total splits: 111 Good splits: 82
Reward: 34570.8729703 Total splits: 144 Good splits: 118
Reward: 19675.9022966 Total splits: 144 Good splits: 107
Reward: 33377.15955 Total splits: 149 Good splits: 118
Reward: 25032.5701407 Total splits: 92 Good splits: 66
Reward: 31104.5446483 Total splits: 120 Good splits: 88
Reward: 39228.187878 Total splits: 144 Good splits: 115
Reward: 24255.7745508 Total splits: 134 Good splits: 104
Reward: 24850.5534228 Total splits: 141 Good splits: 103
Reward: 32384.1792675 Total splits: 101 Good splits: 79
Reward: 29896.0447584 Total splits: 136 Good splits: 104
Reward: 31862.0466503 Total splits: 117 Good splits: 96
Reward: 24748.6830126 Total splits: 119 Good splits: 90
Reward: 34012.2646969 Total splits: 144 Good splits: 110
Reward: 26470.4701789 Total splits: 99 Good splits: 78
Reward: 27667.4688025 Total splits: 155 Good splits: 129
Reward: 27839.8350804 Total splits: 123 Good splits: 90
Reward: 36175.6235842 Total splits: 163 Good splits: 129
Reward: 27384.5941932 Total splits: 129 Good splits: 102
Reward: 29611.0184225 Total splits: 94 Good splits: 69
Reward: 24802.1864307 Total splits: 95 Good splits: 71
Reward: 24743.858812 Total splits: 100 Good splits: 79
Reward: 36392.389453 Total splits: 114 Good splits: 87
Reward: 30166.5479875 Total splits: 120 Good splits: 96
Reward: 30830.190613 Total splits: 142 Good splits: 115
Reward: 33636.525424 Total splits: 110 Good splits: 94
Reward: 32027.9212086 Total splits: 109 Good splits: 84
Reward: 31141.382737 Total splits: 130 Good splits: 96
Reward: 24894.5594198 Total splits: 100 Good splits: 79
Reward: 35924.2354184 Total splits: 129 Good splits: 105
Reward: 24867.9337081 Total splits: 119 Good splits: 97
Reward: 23308.1572367 Total splits: 101 Good splits: 72
Reward: 32462.4749201 Total splits: 132 Good splits: 100
Reward: 24152.9743552 Total splits: 137 Good splits: 104
Reward: 19979.7082068 Total splits: 126 Good splits: 98
Reward: 22710.8450253 Total splits: 138 Good splits: 108
Reward: 15020.0456089 Total splits: 120 Good splits: 85
Reward: 27905.8898745 Total splits: 99 Good splits: 79
Reward: 19196.9962526 Total splits: 97 Good splits: 79
Reward: 26261.2869732 Total splits: 123 Good splits: 99
Reward: 30179.9607078 Total splits: 152 Good splits: 119
Reward: 29784.4095604 Total splits: 118 Good splits: 72
Reward: 20431.9568654 Total splits: 91 Good splits: 71
Reward: 29648.4503256 Total splits: 82 Good splits: 58
Reward: 30052.3051346 Total splits: 115 Good splits: 91
Reward: 31373.9935932 Total splits: 139 Good splits: 110
Reward: 37306.5371647 Total splits: 133 Good splits: 98
Reward: 35665.5981666 Total splits: 145 Good splits: 118
Reward: 35922.7948612 Total splits: 146 Good splits: 113
Reward: 27451.7613832 Total splits: 132 Good splits: 105
Reward: 23248.2298988 Total splits: 133 Good splits: 96
Reward: 18790.0320745 Total splits: 116 Good splits: 94
Reward: 31278.5418241 Total splits: 128 Good splits: 101
Reward: 26673.8688058 Total splits: 92 Good splits: 73
Reward: 23323.9836382 Total splits: 118 Good splits: 86
Reward: 43889.8576247 Total splits: 138 Good splits: 112
Reward: 28406.3017461 Total splits: 148 Good splits: 119
Reward: 41743.3507007 Total splits: 130 Good splits: 104
Reward: 15941.7209668 Total splits: 96 Good splits: 82
Reward: 26230.6372042 Total splits: 142 Good splits: 110
Reward: 23065.8131752 Total splits: 129 Good splits: 108
Reward: 22559.5710431 Total splits: 134 Good splits: 110
Reward: 33992.3759425 Total splits: 139 Good splits: 118
Reward: 29300.7971718 Total splits: 142 Good splits: 107
Reward: 21409.3683474 Total splits: 121 Good splits: 94
Reward: 40982.9911865 Total splits: 145 Good splits: 121
Reward: 22743.0504957 Total splits: 99 Good splits: 76
Reward: 29144.3780224 Total splits: 141 Good splits: 112
Reward: 24272.5915948 Total splits: 98 Good splits: 81
Reward: 38775.0561199 Total splits: 132 Good splits: 107
Reward: 23666.8017707 Total splits: 124 Good splits: 94
Reward: 28269.0131659 Total splits: 162 Good splits: 122
Reward: 39864.535308 Total splits: 125 Good splits: 96
Reward: 27924.5329816 Total splits: 128 Good splits: 95
Reward: 31158.385752 Total splits: 136 Good splits: 109
Reward: 28624.957016 Total splits: 136 Good splits: 101
Reward: 37361.0181521 Total splits: 141 Good splits: 117
Reward: 35647.3842847 Total splits: 119 Good splits: 96
Reward: 29166.3683606 Total splits: 131 Good splits: 98
Reward: 27268.5843 Total splits: 110 Good splits: 87
Reward: 23885.1747422 Total splits: 139 Good splits: 106
Reward: 26147.6993495 Total splits: 139 Good splits: 113
Reward: 14769.7680523 Total splits: 95 Good splits: 76
Reward: 33328.8926807 Total splits: 144 Good splits: 111
Reward: 30610.1685341 Total splits: 119 Good splits: 100
Reward: 12080.0435056 Total splits: 96 Good splits: 74
Reward: 34224.0604878 Total splits: 99 Good splits: 79
Reward: 30670.476738 Total splits: 166 Good splits: 127
Reward: 23473.521844 Total splits: 114 Good splits: 93
Reward: 32118.7345418 Total splits: 149 Good splits: 118
Reward: 22539.794515 Total splits: 105 Good splits: 84
Reward: 26383.6193328 Total splits: 88 Good splits: 73
Reward: 37276.2213441 Total splits: 120 Good splits: 94
Reward: 30686.610565 Total splits: 128 Good splits: 105
Reward: 29542.2501129 Total splits: 126 Good splits: 97
Reward: 25437.5216008 Total splits: 133 Good splits: 99
Reward: 33495.0178849 Total splits: 131 Good splits: 104
Reward: 20695.2747584 Total splits: 118 Good splits: 94
Reward: 29291.6365125 Total splits: 102 Good splits: 80
Reward: 16290.9530094 Total splits: 150 Good splits: 115
Reward: 20427.0854168 Total splits: 100 Good splits: 84
Reward: 34965.2904993 Total splits: 139 Good splits: 111
Reward: 34755.3291022 Total splits: 134 Good splits: 108
Reward: 27408.4512013 Total splits: 144 Good splits: 104
Reward: 19491.590144 Total splits: 138 Good splits: 104
Reward: 24451.7227878 Total splits: 135 Good splits: 100
Reward: 36332.4809825 Total splits: 99 Good splits: 80
Reward: 24412.757602 Total splits: 91 Good splits: 72
Reward: 33660.5495266 Total splits: 127 Good splits: 100
Reward: 27764.8487086 Total splits: 144 Good splits: 113
Reward: 27764.5887767 Total splits: 110 Good splits: 87
Reward: 34383.9997119 Total splits: 118 Good splits: 90
Reward: 33304.9105131 Total splits: 130 Good splits: 109
Reward: 32273.5079743 Total splits: 149 Good splits: 128
Reward: 18207.4246502 Total splits: 97 Good splits: 73
Reward: 30483.4987332 Total splits: 109 Good splits: 86
Reward: 23982.6844261 Total splits: 142 Good splits: 112
Reward: 35041.5046 Total splits: 149 Good splits: 124
Reward: 33601.9570332 Total splits: 149 Good splits: 115
Reward: 40176.8745129 Total splits: 145 Good splits: 118
Reward: 37606.2662836 Total splits: 142 Good splits: 109
Reward: 24005.1271296 Total splits: 146 Good splits: 113
Reward: 24578.3023559 Total splits: 111 Good splits: 76
Reward: 38382.2926463 Total splits: 141 Good splits: 112
Reward: 24570.2023749 Total splits: 120 Good splits: 94
Reward: 20508.7506693 Total splits: 142 Good splits: 111
Reward: 25577.6704642 Total splits: 119 Good splits: 90
Reward: 31725.7569032 Total splits: 134 Good splits: 102
Reward: 27399.967677 Total splits: 115 Good splits: 90
Reward: 27526.1588137 Total splits: 132 Good splits: 113
Reward: 24004.62097 Total splits: 142 Good splits: 108
Reward: 37382.1321496 Total splits: 136 Good splits: 108
Reward: 32233.5874681 Total splits: 154 Good splits: 123
Reward: 35079.564922 Total splits: 139 Good splits: 107
Reward: 38158.7738377 Total splits: 142 Good splits: 124
Reward: 21655.1133555 Total splits: 140 Good splits: 111
Reward: 23651.2570723 Total splits: 123 Good splits: 99
Reward: 19002.6529064 Total splits: 132 Good splits: 102
Reward: 30260.0716048 Total splits: 143 Good splits: 107
Reward: 27260.2342499 Total splits: 124 Good splits: 98
Reward: 22731.5200505 Total splits: 121 Good splits: 87
Reward: 28334.1487854 Total splits: 140 Good splits: 111
Reward: 35911.376551 Total splits: 125 Good splits: 101
Reward: 26182.7180194 Total splits: 122 Good splits: 99
Reward: 36179.5198285 Total splits: 128 Good splits: 89
Reward: 23430.8384926 Total splits: 123 Good splits: 93
Reward: 24193.2836179 Total splits: 97 Good splits: 79
Reward: 13479.7812505 Total splits: 99 Good splits: 78
Reward: 22841.961206 Total splits: 136 Good splits: 105
Reward: 34222.0740907 Total splits: 162 Good splits: 136
Reward: 35889.4159983 Total splits: 133 Good splits: 107
Reward: 38539.1964945 Total splits: 147 Good splits: 120
Reward: 26344.8052171 Total splits: 122 Good splits: 98
Reward: 21290.1439913 Total splits: 81 Good splits: 64
Reward: 15512.614547 Total splits: 86 Good splits: 63
Reward: 14680.934667 Total splits: 93 Good splits: 73
Reward: 12654.8613256 Total splits: 84 Good splits: 68
Reward: 37639.3930724 Total splits: 129 Good splits: 104
Reward: 19048.9154501 Total splits: 142 Good splits: 99
Reward: 18633.0389658 Total splits: 117 Good splits: 83
Reward: 24443.173621 Total splits: 120 Good splits: 90
Reward: 26988.4531173 Total splits: 163 Good splits: 130

Results after 200 tests
Average total rewards : 28095.6403804
Average total splits  : 124.795
Average good splits   : 97.585
Average good splits % : 78.1962418366

