Reward: 16243.777747 Total splits: 140 Good splits: 104
Reward: 33529.3636046 Total splits: 99 Good splits: 72
Reward: 20815.2307212 Total splits: 83 Good splits: 63
Reward: 16350.6532861 Total splits: 99 Good splits: 76
Reward: 23910.4059507 Total splits: 150 Good splits: 115
Reward: 21705.8647157 Total splits: 92 Good splits: 66
Reward: 21156.6361745 Total splits: 128 Good splits: 86
Reward: 24318.5988032 Total splits: 141 Good splits: 112
Reward: 29117.4923089 Total splits: 138 Good splits: 104
Reward: 24294.6352602 Total splits: 118 Good splits: 88
Reward: 6651.36934777 Total splits: 115 Good splits: 87
Reward: 22480.9200393 Total splits: 103 Good splits: 75
Reward: 20889.1653213 Total splits: 75 Good splits: 56
Reward: 16807.0214478 Total splits: 123 Good splits: 93
Reward: 18935.1576214 Total splits: 134 Good splits: 101
Reward: 20382.5594708 Total splits: 90 Good splits: 69
Reward: 28937.988678 Total splits: 121 Good splits: 86
Reward: 13744.6121399 Total splits: 83 Good splits: 57
Reward: 30271.0014632 Total splits: 111 Good splits: 73
Reward: 26005.2062749 Total splits: 115 Good splits: 80
Reward: 12563.1548109 Total splits: 78 Good splits: 57
Reward: 27678.8837725 Total splits: 126 Good splits: 92
Reward: 20437.2148095 Total splits: 136 Good splits: 101
Reward: 29242.7057542 Total splits: 124 Good splits: 94
Reward: 29109.4120198 Total splits: 113 Good splits: 83
Reward: 23348.1071114 Total splits: 126 Good splits: 92
Reward: 17783.9667333 Total splits: 103 Good splits: 83
Reward: 21109.2295315 Total splits: 104 Good splits: 76
Reward: 20463.6103472 Total splits: 98 Good splits: 76
Reward: 28205.3480425 Total splits: 130 Good splits: 102
Reward: 32449.817868 Total splits: 103 Good splits: 70
Reward: 28356.7572943 Total splits: 126 Good splits: 88
Reward: 26487.1210268 Total splits: 127 Good splits: 95
Reward: 24988.156033 Total splits: 90 Good splits: 68
Reward: 28466.3884117 Total splits: 122 Good splits: 86
Reward: 33481.8252859 Total splits: 150 Good splits: 115
Reward: 25320.0272028 Total splits: 125 Good splits: 89
Reward: 34919.1172101 Total splits: 131 Good splits: 101
Reward: 23928.9929186 Total splits: 124 Good splits: 86
Reward: 27898.4930186 Total splits: 130 Good splits: 99
Reward: 23683.9742894 Total splits: 96 Good splits: 72
Reward: 31309.5670047 Total splits: 140 Good splits: 114
Reward: 28685.252487 Total splits: 129 Good splits: 103
Reward: 32497.0172681 Total splits: 100 Good splits: 76
Reward: 32413.5124381 Total splits: 154 Good splits: 116
Reward: 34016.9523194 Total splits: 140 Good splits: 101
Reward: 18027.8140907 Total splits: 123 Good splits: 84
Reward: 23719.3826893 Total splits: 113 Good splits: 83
Reward: 14719.4800317 Total splits: 93 Good splits: 69
Reward: 9223.18929423 Total splits: 113 Good splits: 83
Reward: 37161.6650994 Total splits: 129 Good splits: 98
Reward: 26763.8191824 Total splits: 125 Good splits: 101
Reward: 29222.8402451 Total splits: 101 Good splits: 65
Reward: 27131.9733117 Total splits: 144 Good splits: 111
Reward: 12248.2883575 Total splits: 120 Good splits: 90
Reward: 20109.057948 Total splits: 116 Good splits: 92
Reward: 29295.6222101 Total splits: 127 Good splits: 84
Reward: 22741.8051842 Total splits: 91 Good splits: 69
Reward: 24203.8641887 Total splits: 108 Good splits: 79
Reward: 35839.6546272 Total splits: 98 Good splits: 79
Reward: 26929.5646154 Total splits: 139 Good splits: 109
Reward: 29008.0303639 Total splits: 127 Good splits: 99
Reward: 24456.9815388 Total splits: 84 Good splits: 62
Reward: 19826.1537017 Total splits: 137 Good splits: 100
Reward: 18438.6304422 Total splits: 102 Good splits: 70
Reward: 22911.9858987 Total splits: 116 Good splits: 88
Reward: 23633.7185692 Total splits: 121 Good splits: 97
Reward: 25721.9244382 Total splits: 115 Good splits: 83
Reward: 25085.58626 Total splits: 121 Good splits: 91
Reward: 21820.2636309 Total splits: 120 Good splits: 85
Reward: 29605.4090009 Total splits: 143 Good splits: 119
Reward: 20642.0984496 Total splits: 81 Good splits: 59
Reward: 37487.3759086 Total splits: 116 Good splits: 88
Reward: 28089.105879 Total splits: 131 Good splits: 93
Reward: 29555.4308123 Total splits: 115 Good splits: 87
Reward: 32815.6085384 Total splits: 117 Good splits: 80
Reward: 17936.358979 Total splits: 110 Good splits: 84
Reward: 30949.0585602 Total splits: 123 Good splits: 90
Reward: 33477.7210473 Total splits: 90 Good splits: 69
Reward: 28350.6602823 Total splits: 119 Good splits: 82
Reward: 25288.0233881 Total splits: 107 Good splits: 85
Reward: 26916.7427641 Total splits: 155 Good splits: 118
Reward: 25244.8771488 Total splits: 94 Good splits: 67
Reward: 21058.4212663 Total splits: 109 Good splits: 79
Reward: 18279.0326532 Total splits: 103 Good splits: 67
Reward: 34083.4322173 Total splits: 118 Good splits: 86
Reward: 29038.9195076 Total splits: 129 Good splits: 95
Reward: 23233.3462422 Total splits: 124 Good splits: 92
Reward: 29877.0570139 Total splits: 136 Good splits: 107
Reward: 29987.9679148 Total splits: 157 Good splits: 116
Reward: 28069.4016875 Total splits: 123 Good splits: 87
Reward: 28289.7218085 Total splits: 123 Good splits: 96
Reward: 28716.9668548 Total splits: 119 Good splits: 85
Reward: 15351.9929773 Total splits: 100 Good splits: 78
Reward: 23700.1502331 Total splits: 131 Good splits: 98
Reward: 23438.0913869 Total splits: 114 Good splits: 84
Reward: 29209.795317 Total splits: 142 Good splits: 107
Reward: 23949.1514277 Total splits: 144 Good splits: 108
Reward: 18145.0074572 Total splits: 137 Good splits: 96
Reward: 25563.955624 Total splits: 108 Good splits: 83
Reward: 20019.7693398 Total splits: 86 Good splits: 58
Reward: 38492.2456131 Total splits: 125 Good splits: 92
Reward: 21271.5939558 Total splits: 133 Good splits: 102
Reward: 16416.1386057 Total splits: 91 Good splits: 68
Reward: 29630.5967363 Total splits: 110 Good splits: 92
Reward: 28676.2132207 Total splits: 133 Good splits: 99
Reward: 13272.3295439 Total splits: 75 Good splits: 59
Reward: 25515.5341812 Total splits: 143 Good splits: 116
Reward: 29421.3468825 Total splits: 135 Good splits: 104
Reward: 18686.5899541 Total splits: 90 Good splits: 66
Reward: 25169.0687485 Total splits: 103 Good splits: 72
Reward: 24778.2442286 Total splits: 133 Good splits: 100
Reward: 13651.8809759 Total splits: 148 Good splits: 118
Reward: 24713.1421341 Total splits: 88 Good splits: 70
Reward: 37458.0238056 Total splits: 110 Good splits: 87
Reward: 29320.1280052 Total splits: 139 Good splits: 117
Reward: 23620.6064758 Total splits: 133 Good splits: 90
Reward: 33129.7280045 Total splits: 158 Good splits: 126
Reward: 14692.8085533 Total splits: 111 Good splits: 83
Reward: 24798.007517 Total splits: 131 Good splits: 95
Reward: 28745.8960012 Total splits: 115 Good splits: 81
Reward: 25353.7495503 Total splits: 90 Good splits: 72
Reward: 42397.2822687 Total splits: 133 Good splits: 108
Reward: 20792.2615552 Total splits: 95 Good splits: 69
Reward: 31365.7711341 Total splits: 111 Good splits: 92
Reward: 33378.6990939 Total splits: 133 Good splits: 111
Reward: 33646.0123902 Total splits: 135 Good splits: 107
Reward: 16725.7811211 Total splits: 105 Good splits: 80
Reward: 35340.794899 Total splits: 149 Good splits: 121
Reward: 32118.669271 Total splits: 92 Good splits: 74
Reward: 17048.4544691 Total splits: 76 Good splits: 57
Reward: 26144.636503 Total splits: 124 Good splits: 95
Reward: 20322.0268494 Total splits: 130 Good splits: 96
Reward: 22861.3149807 Total splits: 115 Good splits: 88
Reward: 19901.9112627 Total splits: 85 Good splits: 70
Reward: 18994.6081831 Total splits: 90 Good splits: 70
Reward: 13131.9979567 Total splits: 92 Good splits: 63
Reward: 30368.1507461 Total splits: 90 Good splits: 72
Reward: 30976.7557521 Total splits: 135 Good splits: 99
Reward: 13713.6924997 Total splits: 124 Good splits: 92
Reward: 19264.1417374 Total splits: 103 Good splits: 81
Reward: 32880.2343759 Total splits: 123 Good splits: 95
Reward: 22343.7172412 Total splits: 131 Good splits: 99
Reward: 13289.5141659 Total splits: 141 Good splits: 108
Reward: 36527.6672716 Total splits: 135 Good splits: 102
Reward: 19048.6757088 Total splits: 92 Good splits: 68
Reward: 23686.878393 Total splits: 109 Good splits: 83
Reward: 29816.9185157 Total splits: 140 Good splits: 99
Reward: 21473.712277 Total splits: 89 Good splits: 67
Reward: 21877.2215602 Total splits: 79 Good splits: 62
Reward: 21978.7926249 Total splits: 86 Good splits: 64
Reward: 24285.1965834 Total splits: 90 Good splits: 60
Reward: 11729.5223261 Total splits: 94 Good splits: 70
Reward: 30031.8795424 Total splits: 90 Good splits: 69
Reward: 25612.2063018 Total splits: 126 Good splits: 89
Reward: 15764.4913551 Total splits: 84 Good splits: 65
Reward: 27932.1644351 Total splits: 151 Good splits: 122
Reward: 18768.4283731 Total splits: 113 Good splits: 77
Reward: 24638.8448364 Total splits: 90 Good splits: 73
Reward: 27973.0658871 Total splits: 143 Good splits: 116
Reward: 25160.4003484 Total splits: 98 Good splits: 68
Reward: 40295.4837777 Total splits: 130 Good splits: 93
Reward: 28584.3061213 Total splits: 130 Good splits: 91
Reward: 27574.0096577 Total splits: 109 Good splits: 82
Reward: 23405.8364016 Total splits: 99 Good splits: 71
Reward: 33613.5039891 Total splits: 105 Good splits: 72
Reward: 12980.3330333 Total splits: 112 Good splits: 76
Reward: 29172.0980617 Total splits: 133 Good splits: 106
Reward: 25896.5809811 Total splits: 135 Good splits: 109
Reward: 28324.7047702 Total splits: 124 Good splits: 95
Reward: 23173.6898294 Total splits: 89 Good splits: 69
Reward: 12264.9609324 Total splits: 95 Good splits: 76
Reward: 32148.5552994 Total splits: 128 Good splits: 94
Reward: 11510.5272416 Total splits: 109 Good splits: 70
Reward: 22935.0634778 Total splits: 111 Good splits: 78
Reward: 26769.4010599 Total splits: 130 Good splits: 97
Reward: 26693.7866724 Total splits: 127 Good splits: 106
Reward: 14472.8927585 Total splits: 83 Good splits: 66
Reward: 34705.0638936 Total splits: 143 Good splits: 112
Reward: 12684.2614928 Total splits: 100 Good splits: 70
Reward: 10118.417654 Total splits: 91 Good splits: 66
Reward: 13077.6477862 Total splits: 109 Good splits: 79
Reward: 30031.3857601 Total splits: 104 Good splits: 71
Reward: 11245.830179 Total splits: 86 Good splits: 64
Reward: 20991.5955954 Total splits: 99 Good splits: 77
Reward: 26945.6713109 Total splits: 139 Good splits: 112
Reward: 8973.93128807 Total splits: 94 Good splits: 66
Reward: 24310.0492039 Total splits: 147 Good splits: 105
Reward: 33655.5310874 Total splits: 109 Good splits: 80
Reward: 20916.7290394 Total splits: 86 Good splits: 65
Reward: 27011.4416578 Total splits: 118 Good splits: 89
Reward: 24518.8224194 Total splits: 121 Good splits: 86
Reward: 27272.9773344 Total splits: 97 Good splits: 72
Reward: 27390.5051415 Total splits: 141 Good splits: 109
Reward: 24154.6383519 Total splits: 109 Good splits: 75
Reward: 32556.5853875 Total splits: 139 Good splits: 102
Reward: 23192.8342089 Total splits: 117 Good splits: 87
Reward: 28891.3759215 Total splits: 144 Good splits: 110
Reward: 33150.5276068 Total splits: 120 Good splits: 95
Reward: 16728.7971859 Total splits: 131 Good splits: 88

Results after 200 tests
Average total rewards : 24662.3546703
Average total splits  : 115.89
Average good splits   : 86.765
Average good splits % : 74.8684096989

