Reward: 120136.872505 Total splits: 517 Good splits: 484
Reward: 119131.581031 Total splits: 551 Good splits: 521
Reward: 120916.634438 Total splits: 546 Good splits: 502
Reward: 127247.598802 Total splits: 536 Good splits: 486
Reward: 116871.479868 Total splits: 493 Good splits: 439
Reward: 121531.162265 Total splits: 548 Good splits: 494
Reward: 128546.307969 Total splits: 563 Good splits: 512
Reward: 120268.457646 Total splits: 553 Good splits: 506
Reward: 119190.425667 Total splits: 523 Good splits: 486
Reward: 123907.052148 Total splits: 545 Good splits: 505

Results after 10 tests
Average total rewards : 121774.757234
Average total splits  : 537.5
Average good splits   : 493.5
Average good splits % : 91.8139534884

Reward: 127450.408736 Total splits: 558 Good splits: 508
Reward: 126856.345248 Total splits: 525 Good splits: 501
Reward: 122877.352241 Total splits: 540 Good splits: 505
Reward: 125494.485638 Total splits: 519 Good splits: 474
Reward: 127034.816125 Total splits: 528 Good splits: 491
Reward: 127900.580101 Total splits: 545 Good splits: 504
Reward: 120968.647809 Total splits: 522 Good splits: 476
Reward: 121333.872665 Total splits: 499 Good splits: 458
Reward: 121045.284236 Total splits: 540 Good splits: 492
Reward: 116202.198464 Total splits: 532 Good splits: 505
Reward: 122029.938864 Total splits: 556 Good splits: 503
Reward: 123109.774909 Total splits: 519 Good splits: 485
Reward: 128468.164171 Total splits: 578 Good splits: 539
Reward: 121318.028295 Total splits: 537 Good splits: 501
Reward: 127259.804762 Total splits: 528 Good splits: 485
Reward: 121493.500203 Total splits: 503 Good splits: 454
Reward: 117470.153238 Total splits: 544 Good splits: 503
Reward: 121630.063827 Total splits: 521 Good splits: 481
Reward: 119355.823406 Total splits: 491 Good splits: 442
Reward: 122745.141593 Total splits: 533 Good splits: 489
Reward: 121924.804427 Total splits: 530 Good splits: 478
Reward: 125026.583098 Total splits: 514 Good splits: 478
Reward: 119375.275508 Total splits: 510 Good splits: 472
Reward: 122952.183259 Total splits: 548 Good splits: 507
Reward: 120815.245492 Total splits: 533 Good splits: 488
Reward: 125164.651201 Total splits: 560 Good splits: 522
Reward: 122706.796824 Total splits: 532 Good splits: 503
Reward: 126787.462046 Total splits: 522 Good splits: 480
Reward: 124290.499551 Total splits: 552 Good splits: 515
Reward: 120335.070847 Total splits: 558 Good splits: 521
Reward: 124141.270873 Total splits: 552 Good splits: 501
Reward: 127045.982955 Total splits: 530 Good splits: 498
Reward: 126769.935601 Total splits: 546 Good splits: 515
Reward: 116255.08073 Total splits: 550 Good splits: 515
Reward: 126422.732569 Total splits: 557 Good splits: 505
Reward: 122368.256399 Total splits: 509 Good splits: 462
Reward: 118998.007532 Total splits: 546 Good splits: 500
Reward: 123185.842286 Total splits: 532 Good splits: 485
Reward: 121508.558413 Total splits: 523 Good splits: 471
Reward: 122968.27725 Total splits: 540 Good splits: 495

Results after 40 tests
Average total rewards : 123027.172535
Average total splits  : 534.05
Average good splits   : 492.675
Average good splits % : 92.2525980713

Reward: 126471.857998 Total splits: 530 Good splits: 495
Reward: 124372.665755 Total splits: 504 Good splits: 459
Reward: 123048.595892 Total splits: 552 Good splits: 505
Reward: 124443.569404 Total splits: 528 Good splits: 463
Reward: 124677.431754 Total splits: 527 Good splits: 492
Reward: 125429.234957 Total splits: 577 Good splits: 528
Reward: 122342.964723 Total splits: 509 Good splits: 461
Reward: 125599.116633 Total splits: 532 Good splits: 487
Reward: 118865.173617 Total splits: 516 Good splits: 477
Reward: 119341.844266 Total splits: 505 Good splits: 473
Reward: 125794.998538 Total splits: 537 Good splits: 489
Reward: 126926.97192 Total splits: 548 Good splits: 499
Reward: 124051.379627 Total splits: 534 Good splits: 489
Reward: 121454.067238 Total splits: 539 Good splits: 470
Reward: 122856.441664 Total splits: 533 Good splits: 478
Reward: 121706.91081 Total splits: 531 Good splits: 479
Reward: 116759.851023 Total splits: 537 Good splits: 483
Reward: 119439.726498 Total splits: 531 Good splits: 496
Reward: 126262.21126 Total splits: 549 Good splits: 508
Reward: 125038.173136 Total splits: 543 Good splits: 494
Reward: 121955.362338 Total splits: 537 Good splits: 503
Reward: 123276.262846 Total splits: 529 Good splits: 492
Reward: 125682.771536 Total splits: 554 Good splits: 510
Reward: 126729.429419 Total splits: 543 Good splits: 503
Reward: 123581.350135 Total splits: 555 Good splits: 509
Reward: 123187.922278 Total splits: 528 Good splits: 484
Reward: 125037.794959 Total splits: 525 Good splits: 475
Reward: 117334.601344 Total splits: 535 Good splits: 491
Reward: 121866.571313 Total splits: 536 Good splits: 496
Reward: 127118.247641 Total splits: 548 Good splits: 501
Reward: 128606.536596 Total splits: 542 Good splits: 509
Reward: 125502.829156 Total splits: 538 Good splits: 490
Reward: 119308.325548 Total splits: 543 Good splits: 510
Reward: 121017.872755 Total splits: 543 Good splits: 498
Reward: 123873.227373 Total splits: 522 Good splits: 475
Reward: 121194.863375 Total splits: 537 Good splits: 492
Reward: 125005.774808 Total splits: 548 Good splits: 496
Reward: 118732.461144 Total splits: 526 Good splits: 488
Reward: 120739.064739 Total splits: 566 Good splits: 523
Reward: 121950.455736 Total splits: 527 Good splits: 494
Reward: 124441.665797 Total splits: 537 Good splits: 487
Reward: 123752.213915 Total splits: 523 Good splits: 488
Reward: 122488.377536 Total splits: 523 Good splits: 477
Reward: 123395.830657 Total splits: 540 Good splits: 500
Reward: 122366.590037 Total splits: 516 Good splits: 474
Reward: 125060.945984 Total splits: 553 Good splits: 519
Reward: 125217.259309 Total splits: 533 Good splits: 487
Reward: 123688.084202 Total splits: 531 Good splits: 493
Reward: 124069.326467 Total splits: 562 Good splits: 519
Reward: 124122.089614 Total splits: 544 Good splits: 508

Results after 50 tests
Average total rewards : 123303.745905
Average total splits  : 536.12
Average good splits   : 492.32
Average good splits % : 91.8301872715

