Reward: 117790.303756 Total splits: 477 Good splits: 439
Reward: 123978.055721 Total splits: 479 Good splits: 433
Reward: 120098.120315 Total splits: 458 Good splits: 425
Reward: 107164.07365 Total splits: 460 Good splits: 429
Reward: 113074.025539 Total splits: 474 Good splits: 430
Reward: 123031.099933 Total splits: 498 Good splits: 457
Reward: 123080.123934 Total splits: 466 Good splits: 435
Reward: 113412.644436 Total splits: 448 Good splits: 415
Reward: 118020.762396 Total splits: 444 Good splits: 415
Reward: 124486.893361 Total splits: 458 Good splits: 407

Results after 10 tests
Average total rewards : 118413.610304
Average total splits  : 466.2
Average good splits   : 428.5
Average good splits % : 91.9133419133

Reward: 118375.017419 Total splits: 502 Good splits: 467
Reward: 118103.834487 Total splits: 467 Good splits: 433
Reward: 121661.787704 Total splits: 462 Good splits: 426
Reward: 121393.878948 Total splits: 467 Good splits: 430
Reward: 116922.254095 Total splits: 449 Good splits: 420
Reward: 125124.834589 Total splits: 467 Good splits: 432
Reward: 104780.01017 Total splits: 457 Good splits: 422
Reward: 119549.593573 Total splits: 453 Good splits: 422
Reward: 110846.503338 Total splits: 455 Good splits: 431
Reward: 125354.388769 Total splits: 484 Good splits: 446

Results after 10 tests
Average total rewards : 118211.210309
Average total splits  : 466.3
Average good splits   : 432.9
Average good splits % : 92.8372292516

Reward: 117457.000843 Total splits: 462 Good splits: 422
Reward: 124447.288323 Total splits: 462 Good splits: 431
Reward: 117875.564795 Total splits: 448 Good splits: 418
Reward: 112299.402816 Total splits: 451 Good splits: 415
Reward: 118492.508112 Total splits: 441 Good splits: 402
Reward: 118282.216794 Total splits: 418 Good splits: 383
Reward: 116277.190823 Total splits: 449 Good splits: 426
Reward: 113692.93315 Total splits: 470 Good splits: 441
Reward: 122833.750469 Total splits: 473 Good splits: 430
Reward: 104355.82153 Total splits: 439 Good splits: 411

Results after 10 tests
Average total rewards : 116601.367766
Average total splits  : 451.3
Average good splits   : 417.9
Average good splits % : 92.599157988

Reward: 113727.947527 Total splits: 465 Good splits: 434
Reward: 113402.731829 Total splits: 446 Good splits: 417
Reward: 119496.847766 Total splits: 463 Good splits: 426
Reward: 120758.943545 Total splits: 469 Good splits: 433
Reward: 120513.96696 Total splits: 470 Good splits: 439
Reward: 121167.155919 Total splits: 461 Good splits: 425
Reward: 119121.114162 Total splits: 459 Good splits: 430
Reward: 121507.009337 Total splits: 468 Good splits: 421
Reward: 116511.11781 Total splits: 468 Good splits: 432
Reward: 113553.971474 Total splits: 455 Good splits: 416

Results after 10 tests
Average total rewards : 117976.080633
Average total splits  : 462.4
Average good splits   : 427.3
Average good splits % : 92.4091695502

Reward: 120751.992669 Total splits: 457 Good splits: 420
Reward: 122297.099725 Total splits: 492 Good splits: 462
Reward: 122335.214401 Total splits: 457 Good splits: 419
Reward: 112134.80969 Total splits: 463 Good splits: 425
Reward: 121837.104582 Total splits: 472 Good splits: 429
Reward: 117781.326444 Total splits: 455 Good splits: 428
Reward: 105937.865356 Total splits: 451 Good splits: 416
Reward: 112706.12266 Total splits: 464 Good splits: 418
Reward: 115840.012468 Total splits: 439 Good splits: 404
Reward: 115673.378872 Total splits: 440 Good splits: 408

Results after 10 tests
Average total rewards : 116729.492687
Average total splits  : 459.0
Average good splits   : 422.9
Average good splits % : 92.1350762527

Reward: 117090.681989 Total splits: 432 Good splits: 388
Reward: 116103.052389 Total splits: 453 Good splits: 419
Reward: 118146.909117 Total splits: 464 Good splits: 430
Reward: 112525.056931 Total splits: 464 Good splits: 417
Reward: 120592.141738 Total splits: 476 Good splits: 429
Reward: 117939.713613 Total splits: 453 Good splits: 417
Reward: 114266.652936 Total splits: 460 Good splits: 433
Reward: 119047.611744 Total splits: 473 Good splits: 441
Reward: 117866.90375 Total splits: 463 Good splits: 427
Reward: 121124.581914 Total splits: 431 Good splits: 405

Results after 10 tests
Average total rewards : 117470.330612
Average total splits  : 456.9
Average good splits   : 420.6
Average good splits % : 92.0551543007

Reward: 118955.752968 Total splits: 461 Good splits: 424
Reward: 119860.105324 Total splits: 443 Good splits: 414
Reward: 119568.496559 Total splits: 441 Good splits: 412
Reward: 120355.939812 Total splits: 497 Good splits: 464
Reward: 115479.977652 Total splits: 449 Good splits: 430
Reward: 114925.471725 Total splits: 438 Good splits: 397
Reward: 120908.994943 Total splits: 451 Good splits: 419
Reward: 124363.243685 Total splits: 465 Good splits: 431
Reward: 111900.940182 Total splits: 457 Good splits: 422
Reward: 115808.20026 Total splits: 426 Good splits: 385

Results after 10 tests
Average total rewards : 118212.712311
Average total splits  : 452.8
Average good splits   : 419.8
Average good splits % : 92.7120141343

Reward: 116455.747118 Total splits: 435 Good splits: 397
Reward: 120132.787802 Total splits: 471 Good splits: 430
Reward: 114685.289513 Total splits: 429 Good splits: 396
Reward: 119689.817847 Total splits: 475 Good splits: 448
Reward: 118000.945851 Total splits: 471 Good splits: 434
Reward: 115767.636957 Total splits: 439 Good splits: 413
Reward: 118069.03393 Total splits: 468 Good splits: 435
Reward: 115843.453188 Total splits: 444 Good splits: 396
Reward: 117249.740721 Total splits: 436 Good splits: 388
Reward: 122188.490094 Total splits: 483 Good splits: 446

Results after 10 tests
Average total rewards : 117808.294302
Average total splits  : 455.1
Average good splits   : 418.3
Average good splits % : 91.9138650846

Reward: 120246.834825 Total splits: 457 Good splits: 422
Reward: 112393.57177 Total splits: 444 Good splits: 400
Reward: 117600.695066 Total splits: 463 Good splits: 422
Reward: 111537.898925 Total splits: 449 Good splits: 415
Reward: 117383.213521 Total splits: 431 Good splits: 397
Reward: 117832.163795 Total splits: 471 Good splits: 444
Reward: 119504.309244 Total splits: 466 Good splits: 436
Reward: 119930.829431 Total splits: 469 Good splits: 419
Reward: 112147.362344 Total splits: 437 Good splits: 410
Reward: 118836.455945 Total splits: 434 Good splits: 394

Results after 10 tests
Average total rewards : 116741.333487
Average total splits  : 452.1
Average good splits   : 415.9
Average good splits % : 91.9929219199

Reward: 116716.593519 Total splits: 460 Good splits: 421
Reward: 113237.230752 Total splits: 488 Good splits: 438
Reward: 119042.666168 Total splits: 453 Good splits: 419
Reward: 121509.863944 Total splits: 464 Good splits: 436
Reward: 112668.373144 Total splits: 437 Good splits: 399
Reward: 125504.96414 Total splits: 481 Good splits: 444
Reward: 116630.463605 Total splits: 439 Good splits: 416
Reward: 118765.628969 Total splits: 445 Good splits: 416
Reward: 113998.888643 Total splits: 472 Good splits: 443
Reward: 121819.285237 Total splits: 470 Good splits: 431

Results after 10 tests
Average total rewards : 117989.395812
Average total splits  : 460.9
Average good splits   : 426.3
Average good splits % : 92.4929485789

