Reward: 117513.217055 Total splits: 440 Good splits: 406
Reward: 82129.5870215 Total splits: 423 Good splits: 398
Reward: 111566.35842 Total splits: 396 Good splits: 372
Reward: 98383.8415465 Total splits: 390 Good splits: 360
Reward: 119413.493898 Total splits: 388 Good splits: 360
Reward: 111183.745522 Total splits: 428 Good splits: 402
Reward: 96124.7874308 Total splits: 427 Good splits: 399
Reward: 109403.068513 Total splits: 436 Good splits: 400
Reward: 91240.3614701 Total splits: 451 Good splits: 416
Reward: 116877.778298 Total splits: 414 Good splits: 383

Results after 10 tests
Average total rewards : 105383.623917
Average total splits  : 419.3
Average good splits   : 389.6
Average good splits % : 92.9167660386

Reward: 98581.5392421 Total splits: 438 Good splits: 407
Reward: 113488.702367 Total splits: 427 Good splits: 397
Reward: 96663.1476433 Total splits: 428 Good splits: 406
Reward: 109341.938278 Total splits: 436 Good splits: 401
Reward: 102941.18929 Total splits: 434 Good splits: 404
Reward: 109942.884495 Total splits: 429 Good splits: 397
Reward: 106983.021616 Total splits: 421 Good splits: 393
Reward: 106421.697927 Total splits: 427 Good splits: 388
Reward: 113079.779605 Total splits: 430 Good splits: 396
Reward: 105280.092216 Total splits: 432 Good splits: 400

Results after 10 tests
Average total rewards : 106272.399268
Average total splits  : 430.2
Average good splits   : 398.9
Average good splits % : 92.7243142724

Reward: 101404.596191 Total splits: 443 Good splits: 412
Reward: 111180.066118 Total splits: 455 Good splits: 425
Reward: 109878.702125 Total splits: 426 Good splits: 398
Reward: 119895.705633 Total splits: 434 Good splits: 408
Reward: 107646.857436 Total splits: 431 Good splits: 397
Reward: 104377.269031 Total splits: 424 Good splits: 404
Reward: 117537.496493 Total splits: 407 Good splits: 379
Reward: 98260.730766 Total splits: 441 Good splits: 412
Reward: 101463.443715 Total splits: 408 Good splits: 379
Reward: 115379.360346 Total splits: 408 Good splits: 374

Results after 10 tests
Average total rewards : 108702.422785
Average total splits  : 427.7
Average good splits   : 398.8
Average good splits % : 93.2429272855

Reward: 117464.598699 Total splits: 406 Good splits: 372
Reward: 93813.0488422 Total splits: 427 Good splits: 396
Reward: 117543.743154 Total splits: 394 Good splits: 364
Reward: 94767.2135162 Total splits: 428 Good splits: 401
Reward: 105434.480565 Total splits: 435 Good splits: 412
Reward: 97305.9188792 Total splits: 427 Good splits: 398
Reward: 102486.336954 Total splits: 441 Good splits: 409
Reward: 116917.187592 Total splits: 402 Good splits: 363
Reward: 118360.278053 Total splits: 421 Good splits: 392
Reward: 90201.2530559 Total splits: 415 Good splits: 389

Results after 10 tests
Average total rewards : 105429.405931
Average total splits  : 419.6
Average good splits   : 389.6
Average good splits % : 92.8503336511

Reward: 116775.611359 Total splits: 418 Good splits: 383
Reward: 120433.310481 Total splits: 399 Good splits: 377
Reward: 113308.036267 Total splits: 429 Good splits: 400
Reward: 105704.266734 Total splits: 419 Good splits: 387
Reward: 112108.205906 Total splits: 427 Good splits: 400
Reward: 100783.371158 Total splits: 415 Good splits: 387
Reward: 98154.876004 Total splits: 412 Good splits: 388
Reward: 94397.9182921 Total splits: 455 Good splits: 419
Reward: 102786.304627 Total splits: 431 Good splits: 397
Reward: 103437.435039 Total splits: 411 Good splits: 382

Results after 10 tests
Average total rewards : 106788.933587
Average total splits  : 421.6
Average good splits   : 392.0
Average good splits % : 92.9791271347

Reward: 117199.325064 Total splits: 403 Good splits: 380
Reward: 94950.4931312 Total splits: 431 Good splits: 399
Reward: 103605.735565 Total splits: 435 Good splits: 404
Reward: 92990.3396967 Total splits: 430 Good splits: 401
Reward: 99882.8750277 Total splits: 431 Good splits: 390
Reward: 100651.525306 Total splits: 419 Good splits: 383
Reward: 103613.220703 Total splits: 468 Good splits: 437
Reward: 86631.7508517 Total splits: 413 Good splits: 397
Reward: 101523.295925 Total splits: 438 Good splits: 410
Reward: 119928.585613 Total splits: 427 Good splits: 398

Results after 10 tests
Average total rewards : 102097.714688
Average total splits  : 429.5
Average good splits   : 399.9
Average good splits % : 93.1082654249

Reward: 97571.3064827 Total splits: 431 Good splits: 393
Reward: 86301.4298216 Total splits: 408 Good splits: 375
Reward: 93471.8355013 Total splits: 425 Good splits: 404
Reward: 100207.241193 Total splits: 436 Good splits: 409
Reward: 101842.573817 Total splits: 441 Good splits: 411
Reward: 95987.3605311 Total splits: 459 Good splits: 422
Reward: 107506.620073 Total splits: 416 Good splits: 393
Reward: 108681.240334 Total splits: 419 Good splits: 391
Reward: 111396.531469 Total splits: 439 Good splits: 407
Reward: 96704.9702518 Total splits: 445 Good splits: 420

Results after 10 tests
Average total rewards : 99967.1109474
Average total splits  : 431.9
Average good splits   : 402.5
Average good splits % : 93.1928687196

Reward: 100420.016152 Total splits: 423 Good splits: 384
Reward: 104342.284199 Total splits: 440 Good splits: 407
Reward: 108671.361604 Total splits: 418 Good splits: 391
Reward: 98959.1625664 Total splits: 423 Good splits: 391
Reward: 115881.927852 Total splits: 426 Good splits: 408
Reward: 114785.089753 Total splits: 454 Good splits: 423
Reward: 102141.379893 Total splits: 426 Good splits: 407
Reward: 108613.385329 Total splits: 407 Good splits: 376
Reward: 91034.2988124 Total splits: 404 Good splits: 379
Reward: 102054.152007 Total splits: 383 Good splits: 359

Results after 10 tests
Average total rewards : 104690.305817
Average total splits  : 420.4
Average good splits   : 392.5
Average good splits % : 93.3634633682

Reward: 100170.519282 Total splits: 433 Good splits: 402
Reward: 91811.1144049 Total splits: 431 Good splits: 398
Reward: 84239.6185075 Total splits: 401 Good splits: 374
Reward: 98108.9506988 Total splits: 425 Good splits: 395
Reward: 105815.439635 Total splits: 428 Good splits: 402
Reward: 98354.7812992 Total splits: 393 Good splits: 367
Reward: 93872.0954482 Total splits: 452 Good splits: 416
Reward: 100055.921505 Total splits: 436 Good splits: 399
Reward: 100153.506923 Total splits: 446 Good splits: 418
Reward: 116007.566266 Total splits: 423 Good splits: 398

Results after 10 tests
Average total rewards : 98858.9513969
Average total splits  : 426.8
Average good splits   : 396.9
Average good splits % : 92.9943767573

Reward: 93053.8239601 Total splits: 415 Good splits: 375
Reward: 98638.7876978 Total splits: 426 Good splits: 390
Reward: 94016.590068 Total splits: 443 Good splits: 407
Reward: 99657.651724 Total splits: 446 Good splits: 414
Reward: 103956.322889 Total splits: 434 Good splits: 399
Reward: 98835.961003 Total splits: 438 Good splits: 409
Reward: 93193.3881573 Total splits: 421 Good splits: 378
Reward: 83285.4282296 Total splits: 419 Good splits: 391
Reward: 93706.1961627 Total splits: 445 Good splits: 423
Reward: 106041.056861 Total splits: 417 Good splits: 383

Results after 10 tests
Average total rewards : 96438.5206753
Average total splits  : 430.4
Average good splits   : 396.9
Average good splits % : 92.2165427509

