Reward: 115808.12319 Total splits: 462 Good splits: 427
Reward: 113129.057426 Total splits: 476 Good splits: 443
Reward: 123248.629426 Total splits: 497 Good splits: 462
Reward: 117046.537805 Total splits: 444 Good splits: 410
Reward: 120295.119583 Total splits: 466 Good splits: 426
Reward: 110791.742371 Total splits: 476 Good splits: 439
Reward: 107992.240254 Total splits: 461 Good splits: 419
Reward: 123847.486693 Total splits: 458 Good splits: 422
Reward: 112208.486859 Total splits: 434 Good splits: 405
Reward: 115121.863142 Total splits: 468 Good splits: 439

Results after 10 tests
Average total rewards : 115948.928675
Average total splits  : 464.2
Average good splits   : 429.2
Average good splits % : 92.4601464886

Reward: 121005.977489 Total splits: 459 Good splits: 427
Reward: 107837.535968 Total splits: 443 Good splits: 407
Reward: 123364.523448 Total splits: 469 Good splits: 434
Reward: 115630.485592 Total splits: 459 Good splits: 427
Reward: 118408.675862 Total splits: 489 Good splits: 445
Reward: 118286.903402 Total splits: 452 Good splits: 416
Reward: 120307.001425 Total splits: 434 Good splits: 396
Reward: 112353.659805 Total splits: 434 Good splits: 402
Reward: 122112.607385 Total splits: 477 Good splits: 435
Reward: 107662.690138 Total splits: 448 Good splits: 420

Results after 10 tests
Average total rewards : 116697.006051
Average total splits  : 456.4
Average good splits   : 420.9
Average good splits % : 92.2217353199

Reward: 120903.748606 Total splits: 477 Good splits: 436
Reward: 117016.062409 Total splits: 434 Good splits: 404
Reward: 118462.339601 Total splits: 466 Good splits: 425
Reward: 121382.802728 Total splits: 432 Good splits: 404
Reward: 113946.55463 Total splits: 444 Good splits: 410
Reward: 112689.047215 Total splits: 475 Good splits: 431
Reward: 114600.440957 Total splits: 403 Good splits: 373
Reward: 111798.487607 Total splits: 440 Good splits: 402
Reward: 112186.643603 Total splits: 461 Good splits: 424
Reward: 111755.555745 Total splits: 462 Good splits: 432

Results after 10 tests
Average total rewards : 115474.16831
Average total splits  : 449.4
Average good splits   : 414.1
Average good splits % : 92.145082332

Reward: 121574.755526 Total splits: 467 Good splits: 422
Reward: 111045.209379 Total splits: 448 Good splits: 412
Reward: 113610.215592 Total splits: 491 Good splits: 455
Reward: 114874.067662 Total splits: 476 Good splits: 436
Reward: 113788.056083 Total splits: 469 Good splits: 436
Reward: 115206.190176 Total splits: 444 Good splits: 407
Reward: 109729.194178 Total splits: 477 Good splits: 439
Reward: 111633.874341 Total splits: 441 Good splits: 412
Reward: 118304.199431 Total splits: 490 Good splits: 447
Reward: 110241.629695 Total splits: 450 Good splits: 407

Results after 10 tests
Average total rewards : 114000.739206
Average total splits  : 465.3
Average good splits   : 427.3
Average good splits % : 91.8332258758

Reward: 120426.673836 Total splits: 478 Good splits: 442
Reward: 116118.324214 Total splits: 475 Good splits: 429
Reward: 119668.355691 Total splits: 486 Good splits: 452
Reward: 122016.201464 Total splits: 466 Good splits: 418
Reward: 121160.467644 Total splits: 475 Good splits: 440
Reward: 118261.469791 Total splits: 456 Good splits: 420
Reward: 124296.340763 Total splits: 452 Good splits: 419
Reward: 108574.092042 Total splits: 465 Good splits: 416
Reward: 113816.803294 Total splits: 474 Good splits: 422
Reward: 122682.236853 Total splits: 492 Good splits: 451

Results after 10 tests
Average total rewards : 118702.096559
Average total splits  : 471.9
Average good splits   : 430.9
Average good splits % : 91.3117185844

Reward: 114278.080175 Total splits: 475 Good splits: 443
Reward: 125990.133793 Total splits: 475 Good splits: 428
Reward: 118526.748419 Total splits: 471 Good splits: 424
Reward: 118328.975987 Total splits: 452 Good splits: 413
Reward: 119327.212496 Total splits: 487 Good splits: 433
Reward: 120639.44534 Total splits: 462 Good splits: 426
Reward: 112952.054962 Total splits: 474 Good splits: 434
Reward: 118251.846389 Total splits: 465 Good splits: 429
Reward: 113061.423827 Total splits: 487 Good splits: 456
Reward: 116214.488052 Total splits: 462 Good splits: 433

Results after 10 tests
Average total rewards : 117757.040944
Average total splits  : 471.0
Average good splits   : 431.9
Average good splits % : 91.6985138004

Reward: 116790.467808 Total splits: 447 Good splits: 415
Reward: 109097.903409 Total splits: 456 Good splits: 423
Reward: 116598.988744 Total splits: 478 Good splits: 445
Reward: 115965.632584 Total splits: 442 Good splits: 415
Reward: 121998.654894 Total splits: 469 Good splits: 442
Reward: 120909.477807 Total splits: 479 Good splits: 447
Reward: 104859.72509 Total splits: 472 Good splits: 442
Reward: 124220.215999 Total splits: 476 Good splits: 431
Reward: 122842.831266 Total splits: 471 Good splits: 447
Reward: 116134.428687 Total splits: 475 Good splits: 443

Results after 10 tests
Average total rewards : 116941.832629
Average total splits  : 466.5
Average good splits   : 435.0
Average good splits % : 93.2475884244

Reward: 124564.458946 Total splits: 465 Good splits: 428
Reward: 119489.777437 Total splits: 458 Good splits: 425
Reward: 119991.341898 Total splits: 493 Good splits: 448
Reward: 122598.136761 Total splits: 473 Good splits: 442
Reward: 122115.699057 Total splits: 499 Good splits: 472
Reward: 120099.017543 Total splits: 462 Good splits: 416
Reward: 105157.684218 Total splits: 446 Good splits: 423
Reward: 120863.56721 Total splits: 464 Good splits: 424
Reward: 115523.346514 Total splits: 467 Good splits: 442
Reward: 110030.404648 Total splits: 479 Good splits: 446

Results after 10 tests
Average total rewards : 118043.343423
Average total splits  : 470.6
Average good splits   : 436.6
Average good splits % : 92.7751806205

Reward: 119925.796679 Total splits: 458 Good splits: 420
Reward: 120438.519753 Total splits: 452 Good splits: 406
Reward: 113338.126173 Total splits: 467 Good splits: 429
Reward: 124173.967839 Total splits: 488 Good splits: 451
Reward: 112471.301527 Total splits: 465 Good splits: 424
Reward: 113957.918745 Total splits: 444 Good splits: 409
Reward: 123302.941335 Total splits: 468 Good splits: 432
Reward: 122089.041913 Total splits: 479 Good splits: 454
Reward: 118265.520172 Total splits: 482 Good splits: 446
Reward: 118904.68454 Total splits: 480 Good splits: 447

Results after 10 tests
Average total rewards : 118686.781868
Average total splits  : 468.3
Average good splits   : 431.8
Average good splits % : 92.2058509502

Reward: 119940.916569 Total splits: 473 Good splits: 440
Reward: 117451.241384 Total splits: 486 Good splits: 436
Reward: 117050.617477 Total splits: 455 Good splits: 423
Reward: 111423.563903 Total splits: 457 Good splits: 424
Reward: 116870.523695 Total splits: 452 Good splits: 414
Reward: 109229.718486 Total splits: 477 Good splits: 442
Reward: 122721.375559 Total splits: 455 Good splits: 415
Reward: 107506.593428 Total splits: 461 Good splits: 418
Reward: 121295.886409 Total splits: 467 Good splits: 430
Reward: 110072.499747 Total splits: 488 Good splits: 441

Results after 10 tests
Average total rewards : 115356.293666
Average total splits  : 467.1
Average good splits   : 428.3
Average good splits % : 91.6934275316

