Reward: 121120.079065 Total splits: 528 Good splits: 489
Reward: 127154.494304 Total splits: 515 Good splits: 481
Reward: 126878.993744 Total splits: 514 Good splits: 476
Reward: 125092.826555 Total splits: 524 Good splits: 480
Reward: 126721.728921 Total splits: 531 Good splits: 481
Reward: 122971.283045 Total splits: 499 Good splits: 464
Reward: 124882.615624 Total splits: 500 Good splits: 459
Reward: 119882.282028 Total splits: 519 Good splits: 471
Reward: 124643.93915 Total splits: 503 Good splits: 463
Reward: 126074.242696 Total splits: 522 Good splits: 481

Results after 10 tests
Average total rewards : 124542.248513
Average total splits  : 515.5
Average good splits   : 474.5
Average good splits % : 92.046556741

Reward: 121761.776999 Total splits: 532 Good splits: 499
Reward: 123704.969354 Total splits: 522 Good splits: 482
Reward: 125911.058374 Total splits: 532 Good splits: 494
Reward: 112233.338115 Total splits: 520 Good splits: 488
Reward: 129278.778997 Total splits: 533 Good splits: 486
Reward: 126456.829308 Total splits: 523 Good splits: 468
Reward: 126938.8483 Total splits: 539 Good splits: 509
Reward: 127356.715866 Total splits: 546 Good splits: 498
Reward: 126867.736276 Total splits: 536 Good splits: 488
Reward: 124065.658001 Total splits: 506 Good splits: 463

Results after 10 tests
Average total rewards : 124457.570959
Average total splits  : 528.9
Average good splits   : 487.5
Average good splits % : 92.1724333522

Reward: 123752.107475 Total splits: 513 Good splits: 478
Reward: 116673.764166 Total splits: 506 Good splits: 481
Reward: 118884.695558 Total splits: 512 Good splits: 464
Reward: 126928.096136 Total splits: 506 Good splits: 457
Reward: 124473.570789 Total splits: 506 Good splits: 468
Reward: 122261.306012 Total splits: 514 Good splits: 454
Reward: 117840.99369 Total splits: 505 Good splits: 472
Reward: 127231.710965 Total splits: 507 Good splits: 457
Reward: 127096.832855 Total splits: 531 Good splits: 465
Reward: 126003.11384 Total splits: 523 Good splits: 490

Results after 10 tests
Average total rewards : 123114.619149
Average total splits  : 512.3
Average good splits   : 468.6
Average good splits % : 91.4698418895

Reward: 124096.10654 Total splits: 515 Good splits: 464
Reward: 118104.925081 Total splits: 527 Good splits: 487
Reward: 121204.460766 Total splits: 530 Good splits: 495
Reward: 126453.130317 Total splits: 506 Good splits: 461
Reward: 124299.76895 Total splits: 532 Good splits: 485
Reward: 121322.54161 Total splits: 488 Good splits: 448
Reward: 122887.746881 Total splits: 513 Good splits: 461
Reward: 122424.074639 Total splits: 535 Good splits: 491
Reward: 119715.046585 Total splits: 513 Good splits: 486
Reward: 119304.172349 Total splits: 518 Good splits: 465

Results after 10 tests
Average total rewards : 121981.197372
Average total splits  : 517.7
Average good splits   : 474.3
Average good splits % : 91.6167664671

Reward: 125988.21307 Total splits: 529 Good splits: 495
Reward: 121326.690195 Total splits: 509 Good splits: 458
Reward: 126710.48393 Total splits: 513 Good splits: 478
Reward: 123179.558898 Total splits: 500 Good splits: 460
Reward: 125040.224128 Total splits: 522 Good splits: 482
Reward: 122461.860859 Total splits: 521 Good splits: 486
Reward: 125854.828906 Total splits: 511 Good splits: 468
Reward: 125692.054281 Total splits: 498 Good splits: 466
Reward: 119889.869209 Total splits: 494 Good splits: 460
Reward: 124421.813129 Total splits: 534 Good splits: 496

Results after 10 tests
Average total rewards : 124056.559661
Average total splits  : 513.1
Average good splits   : 474.9
Average good splits % : 92.5550574937

Reward: 124311.705567 Total splits: 510 Good splits: 469
Reward: 125200.655915 Total splits: 518 Good splits: 486
Reward: 118719.789909 Total splits: 497 Good splits: 440
Reward: 126957.020907 Total splits: 528 Good splits: 500
Reward: 122088.617624 Total splits: 492 Good splits: 472
Reward: 119573.263539 Total splits: 530 Good splits: 493
Reward: 121872.260835 Total splits: 495 Good splits: 461
Reward: 126210.047961 Total splits: 535 Good splits: 493
Reward: 123118.022811 Total splits: 495 Good splits: 445
Reward: 124344.1502 Total splits: 534 Good splits: 490

Results after 10 tests
Average total rewards : 123239.553527
Average total splits  : 513.4
Average good splits   : 474.9
Average good splits % : 92.5009738995

Reward: 121920.598847 Total splits: 510 Good splits: 467
Reward: 121128.203986 Total splits: 550 Good splits: 510
Reward: 127649.995305 Total splits: 494 Good splits: 455
Reward: 126908.436315 Total splits: 488 Good splits: 457
Reward: 127075.21736 Total splits: 507 Good splits: 466
Reward: 129269.999413 Total splits: 525 Good splits: 491
Reward: 122552.379153 Total splits: 501 Good splits: 464
Reward: 125629.565365 Total splits: 511 Good splits: 461
Reward: 121224.509032 Total splits: 528 Good splits: 472
Reward: 123694.081128 Total splits: 503 Good splits: 470

Results after 10 tests
Average total rewards : 124705.29859
Average total splits  : 511.7
Average good splits   : 471.3
Average good splits % : 92.1047488763

Reward: 124120.537799 Total splits: 533 Good splits: 486
Reward: 127365.275682 Total splits: 524 Good splits: 485
Reward: 123478.665702 Total splits: 517 Good splits: 470
Reward: 122781.155824 Total splits: 529 Good splits: 492
Reward: 117478.534126 Total splits: 510 Good splits: 469
Reward: 125886.968917 Total splits: 529 Good splits: 493
Reward: 124999.459539 Total splits: 514 Good splits: 472
Reward: 115505.868388 Total splits: 529 Good splits: 498
Reward: 125053.037154 Total splits: 493 Good splits: 450
Reward: 119502.094811 Total splits: 504 Good splits: 452

Results after 10 tests
Average total rewards : 122617.159794
Average total splits  : 518.2
Average good splits   : 476.7
Average good splits % : 91.9915090699

Reward: 111904.008506 Total splits: 495 Good splits: 467
Reward: 120014.250602 Total splits: 510 Good splits: 483
Reward: 116355.744462 Total splits: 491 Good splits: 450
Reward: 123040.921656 Total splits: 491 Good splits: 451
Reward: 127617.123402 Total splits: 518 Good splits: 478
Reward: 123719.396084 Total splits: 501 Good splits: 457
Reward: 121889.593521 Total splits: 528 Good splits: 477
Reward: 116577.606102 Total splits: 493 Good splits: 467
Reward: 124738.052299 Total splits: 523 Good splits: 485
Reward: 123012.379807 Total splits: 526 Good splits: 484

Results after 10 tests
Average total rewards : 120886.907644
Average total splits  : 507.6
Average good splits   : 469.9
Average good splits % : 92.572892041

Reward: 118024.223385 Total splits: 531 Good splits: 495
Reward: 125224.620703 Total splits: 525 Good splits: 486
Reward: 115399.125381 Total splits: 489 Good splits: 441
Reward: 121162.661707 Total splits: 521 Good splits: 483
Reward: 120736.299825 Total splits: 502 Good splits: 459
Reward: 118020.212774 Total splits: 537 Good splits: 488
Reward: 123080.050638 Total splits: 531 Good splits: 497
Reward: 124313.092582 Total splits: 518 Good splits: 479
Reward: 121775.841519 Total splits: 516 Good splits: 479
Reward: 123825.004226 Total splits: 508 Good splits: 468

Results after 10 tests
Average total rewards : 121156.113274
Average total splits  : 517.8
Average good splits   : 477.5
Average good splits % : 92.2170722287

