Reward: 105021.220567 Total splits: 484 Good splits: 453
Reward: 106779.472742 Total splits: 458 Good splits: 431
Reward: 94273.4202854 Total splits: 441 Good splits: 422
Reward: 107358.171434 Total splits: 454 Good splits: 427
Reward: 102726.73802 Total splits: 444 Good splits: 423
Reward: 114638.970598 Total splits: 444 Good splits: 430
Reward: 102085.672066 Total splits: 450 Good splits: 419
Reward: 101640.231839 Total splits: 473 Good splits: 456
Reward: 95594.6490692 Total splits: 453 Good splits: 412
Reward: 99798.2235663 Total splits: 456 Good splits: 433
Reward: 107940.295588 Total splits: 460 Good splits: 437
Reward: 112023.767257 Total splits: 470 Good splits: 435
Reward: 105709.914389 Total splits: 461 Good splits: 435
Reward: 119038.473155 Total splits: 418 Good splits: 388
Reward: 107311.599075 Total splits: 453 Good splits: 428
Reward: 86785.3343096 Total splits: 484 Good splits: 460
Reward: 113165.62742 Total splits: 408 Good splits: 381
Reward: 101533.707941 Total splits: 452 Good splits: 418
Reward: 113426.968451 Total splits: 436 Good splits: 399
Reward: 98316.9487223 Total splits: 502 Good splits: 466

Results after 20 tests
Average total rewards : 104758.470325
Average total splits  : 455.05
Average good splits   : 427.65
Average good splits % : 93.9786836611

Reward: 108191.842813 Total splits: 468 Good splits: 443
Reward: 107466.892993 Total splits: 439 Good splits: 408
Reward: 118751.375632 Total splits: 437 Good splits: 412
Reward: 86524.7501307 Total splits: 476 Good splits: 453
Reward: 117943.441656 Total splits: 427 Good splits: 409
Reward: 116862.881598 Total splits: 397 Good splits: 370
Reward: 105825.468296 Total splits: 458 Good splits: 425
Reward: 96256.5136985 Total splits: 418 Good splits: 399
Reward: 100971.893149 Total splits: 455 Good splits: 432
Reward: 108935.830918 Total splits: 434 Good splits: 408
Reward: 102686.600246 Total splits: 477 Good splits: 454
Reward: 107120.094021 Total splits: 441 Good splits: 409
Reward: 119520.129392 Total splits: 436 Good splits: 413
Reward: 102668.328108 Total splits: 420 Good splits: 382
Reward: 91509.7213966 Total splits: 435 Good splits: 410
Reward: 94363.2974907 Total splits: 487 Good splits: 455
Reward: 95852.9824567 Total splits: 454 Good splits: 429
Reward: 102176.633768 Total splits: 476 Good splits: 442
Reward: 117264.96437 Total splits: 446 Good splits: 420
Reward: 90176.1947449 Total splits: 413 Good splits: 388

Results after 20 tests
Average total rewards : 104553.491844
Average total splits  : 444.7
Average good splits   : 418.05
Average good splits % : 94.0071958624

Reward: 108259.272774 Total splits: 478 Good splits: 450
Reward: 96789.5023343 Total splits: 428 Good splits: 408
Reward: 117396.520067 Total splits: 377 Good splits: 351
Reward: 104548.972317 Total splits: 440 Good splits: 403
Reward: 101378.104534 Total splits: 495 Good splits: 464
Reward: 99691.885768 Total splits: 434 Good splits: 412
Reward: 114720.444269 Total splits: 413 Good splits: 395
Reward: 89788.2744482 Total splits: 451 Good splits: 424
Reward: 107684.39577 Total splits: 466 Good splits: 445
Reward: 105257.025217 Total splits: 443 Good splits: 417
Reward: 96781.0298944 Total splits: 486 Good splits: 458
Reward: 100905.174995 Total splits: 422 Good splits: 395
Reward: 114925.817768 Total splits: 445 Good splits: 418
Reward: 112559.341707 Total splits: 444 Good splits: 415
Reward: 109803.960426 Total splits: 452 Good splits: 426
Reward: 112677.385694 Total splits: 435 Good splits: 409
Reward: 115104.948398 Total splits: 397 Good splits: 381
Reward: 108450.316189 Total splits: 481 Good splits: 461
Reward: 99752.9680894 Total splits: 450 Good splits: 425
Reward: 97888.2216126 Total splits: 439 Good splits: 412
Reward: 116579.686058 Total splits: 421 Good splits: 395
Reward: 110766.952045 Total splits: 433 Good splits: 404
Reward: 96264.1266682 Total splits: 464 Good splits: 440
Reward: 106684.154141 Total splits: 462 Good splits: 431
Reward: 119411.716656 Total splits: 443 Good splits: 405
Reward: 99898.9788965 Total splits: 439 Good splits: 410
Reward: 107738.592793 Total splits: 465 Good splits: 439
Reward: 104578.990598 Total splits: 481 Good splits: 446
Reward: 98280.0129458 Total splits: 484 Good splits: 457
Reward: 112809.366025 Total splits: 435 Good splits: 420
Reward: 88783.3457423 Total splits: 474 Good splits: 450
Reward: 106065.078639 Total splits: 474 Good splits: 454
Reward: 115084.073611 Total splits: 427 Good splits: 407
Reward: 93913.7272704 Total splits: 472 Good splits: 450
Reward: 104645.194227 Total splits: 453 Good splits: 429
Reward: 104968.60527 Total splits: 470 Good splits: 443
Reward: 104660.430784 Total splits: 432 Good splits: 392
Reward: 88540.5471028 Total splits: 448 Good splits: 421
Reward: 109750.030516 Total splits: 472 Good splits: 448
Reward: 101247.133466 Total splits: 454 Good splits: 427
Reward: 114570.262209 Total splits: 439 Good splits: 420
Reward: 112454.825558 Total splits: 444 Good splits: 419
Reward: 108110.106016 Total splits: 448 Good splits: 407
Reward: 94510.5200484 Total splits: 467 Good splits: 444
Reward: 101843.249863 Total splits: 467 Good splits: 437
Reward: 104148.996688 Total splits: 464 Good splits: 440
Reward: 106441.210823 Total splits: 457 Good splits: 436
Reward: 117277.931314 Total splits: 398 Good splits: 369
Reward: 110149.397305 Total splits: 434 Good splits: 408
Reward: 114584.085246 Total splits: 406 Good splits: 379
Reward: 97714.9848826 Total splits: 455 Good splits: 432
Reward: 106609.515962 Total splits: 480 Good splits: 458
Reward: 109320.369325 Total splits: 476 Good splits: 446
Reward: 105882.1036 Total splits: 486 Good splits: 456
Reward: 108422.336341 Total splits: 459 Good splits: 420
Reward: 102843.008705 Total splits: 479 Good splits: 452
Reward: 104908.330878 Total splits: 462 Good splits: 428

Results after 20 tests
Average total rewards : 105974.571343
Average total splits  : 454.25
Average good splits   : 425.65
Average good splits % : 93.7039075399

Reward: 101863.392406 Total splits: 480 Good splits: 453

Results after 20 tests
Average total rewards : 105901.097566
Average total splits  : 457.15
Average good splits   : 431.75
Average good splits % : 94.443836815

Reward: 99136.275597 Total splits: 487 Good splits: 458
Reward: 97553.057539 Total splits: 460 Good splits: 437

Results after 2 tests
Average total rewards : 98344.666568
Average total splits  : 473.5
Average good splits   : 447.5
Average good splits % : 94.5089757128

