Reward: 122548.49341 Total splits: 480 Good splits: 438
Reward: 111550.473612 Total splits: 482 Good splits: 449
Reward: 123080.790197 Total splits: 510 Good splits: 484
Reward: 114167.228164 Total splits: 499 Good splits: 467
Reward: 114614.59205 Total splits: 500 Good splits: 469
Reward: 112902.774683 Total splits: 509 Good splits: 475
Reward: 123153.842046 Total splits: 460 Good splits: 424
Reward: 123201.29694 Total splits: 496 Good splits: 469
Reward: 114503.475461 Total splits: 430 Good splits: 404
Reward: 114153.568816 Total splits: 473 Good splits: 445
Reward: 119990.682047 Total splits: 497 Good splits: 461
Reward: 118607.588698 Total splits: 474 Good splits: 421
Reward: 114261.431797 Total splits: 462 Good splits: 430
Reward: 122208.280218 Total splits: 492 Good splits: 468
Reward: 113589.173444 Total splits: 512 Good splits: 480
Reward: 114119.650525 Total splits: 497 Good splits: 456
Reward: 126258.920966 Total splits: 460 Good splits: 433
Reward: 122757.957246 Total splits: 474 Good splits: 442
Reward: 123291.411884 Total splits: 503 Good splits: 469
Reward: 120398.179051 Total splits: 491 Good splits: 452

Results after 20 tests
Average total rewards : 118467.990563
Average total splits  : 485.05
Average good splits   : 451.8
Average good splits % : 93.1450365942

Reward: 118709.591506 Total splits: 480 Good splits: 442
Reward: 119274.848134 Total splits: 454 Good splits: 419
Reward: 114385.219904 Total splits: 498 Good splits: 468
Reward: 114500.858176 Total splits: 470 Good splits: 437
Reward: 116381.82753 Total splits: 480 Good splits: 446
Reward: 120824.922828 Total splits: 490 Good splits: 466
Reward: 116749.444782 Total splits: 473 Good splits: 430
Reward: 119720.990139 Total splits: 473 Good splits: 427
Reward: 113420.824553 Total splits: 501 Good splits: 471
Reward: 120830.447175 Total splits: 478 Good splits: 440
Reward: 121210.460352 Total splits: 492 Good splits: 451
Reward: 120580.351857 Total splits: 468 Good splits: 427
Reward: 121668.372904 Total splits: 482 Good splits: 431
Reward: 119633.080759 Total splits: 474 Good splits: 426
Reward: 121478.673637 Total splits: 504 Good splits: 459
Reward: 123543.493002 Total splits: 471 Good splits: 436
Reward: 120397.423636 Total splits: 464 Good splits: 429
Reward: 122559.256832 Total splits: 483 Good splits: 447
Reward: 116401.118744 Total splits: 495 Good splits: 456
Reward: 110023.739793 Total splits: 454 Good splits: 427

Results after 20 tests
Average total rewards : 118614.747312
Average total splits  : 479.2
Average good splits   : 441.75
Average good splits % : 92.1848914858

Reward: 113185.940446 Total splits: 474 Good splits: 429
Reward: 117126.880953 Total splits: 480 Good splits: 443
Reward: 119648.154709 Total splits: 484 Good splits: 453
Reward: 123313.783878 Total splits: 464 Good splits: 436
Reward: 114728.7864 Total splits: 466 Good splits: 439
Reward: 121806.851051 Total splits: 483 Good splits: 456
Reward: 120462.674701 Total splits: 489 Good splits: 455
Reward: 120236.892048 Total splits: 480 Good splits: 446
Reward: 120756.745052 Total splits: 446 Good splits: 419
Reward: 115838.024281 Total splits: 462 Good splits: 436
Reward: 122810.845319 Total splits: 508 Good splits: 468
Reward: 115291.507628 Total splits: 443 Good splits: 411
Reward: 117867.475682 Total splits: 495 Good splits: 453
Reward: 114646.719183 Total splits: 480 Good splits: 446
Reward: 115333.880574 Total splits: 467 Good splits: 437
Reward: 117426.623043 Total splits: 444 Good splits: 413
Reward: 113190.705232 Total splits: 497 Good splits: 465
Reward: 120677.850067 Total splits: 481 Good splits: 443
Reward: 120454.20931 Total splits: 465 Good splits: 436
Reward: 115140.326831 Total splits: 440 Good splits: 410
Reward: 120641.253219 Total splits: 477 Good splits: 453
Reward: 121574.553883 Total splits: 477 Good splits: 439
Reward: 124462.713245 Total splits: 479 Good splits: 444
Reward: 115973.769579 Total splits: 486 Good splits: 452
Reward: 110902.487061 Total splits: 515 Good splits: 487
Reward: 119356.457 Total splits: 462 Good splits: 430
Reward: 121326.226669 Total splits: 511 Good splits: 469
Reward: 117132.491696 Total splits: 459 Good splits: 435
Reward: 119706.214619 Total splits: 490 Good splits: 446
Reward: 118461.740693 Total splits: 495 Good splits: 457
Reward: 123601.460405 Total splits: 486 Good splits: 448
Reward: 121767.87924 Total splits: 491 Good splits: 466
Reward: 111712.296683 Total splits: 498 Good splits: 462
Reward: 117288.415707 Total splits: 511 Good splits: 475
Reward: 113727.179713 Total splits: 475 Good splits: 449
Reward: 119818.387012 Total splits: 476 Good splits: 440
Reward: 115985.648182 Total splits: 486 Good splits: 451
Reward: 120014.899382 Total splits: 479 Good splits: 437
Reward: 120551.132604 Total splits: 463 Good splits: 422
Reward: 116498.208425 Total splits: 481 Good splits: 447
Reward: 114959.500235 Total splits: 499 Good splits: 454
Reward: 116403.329227 Total splits: 483 Good splits: 442
Reward: 116851.650309 Total splits: 476 Good splits: 430
Reward: 117587.729771 Total splits: 485 Good splits: 455
Reward: 118028.48001 Total splits: 468 Good splits: 435
Reward: 113937.071443 Total splits: 468 Good splits: 433
Reward: 118363.955169 Total splits: 488 Good splits: 457
Reward: 122456.155417 Total splits: 483 Good splits: 442
Reward: 120035.145267 Total splits: 484 Good splits: 442
Reward: 123351.844949 Total splits: 482 Good splits: 451
Reward: 111656.458488 Total splits: 460 Good splits: 419
Reward: 117094.946514 Total splits: 490 Good splits: 460

Results after 20 tests
Average total rewards : 119255.0963
Average total splits  : 479.15
Average good splits   : 443.75
Average good splits % : 92.6119169362

Reward: 113359.427118 Total splits: 494 Good splits: 447
Reward: 115357.906728 Total splits: 490 Good splits: 452
Reward: 119704.20419 Total splits: 486 Good splits: 463
Reward: 116767.733708 Total splits: 468 Good splits: 434
Reward: 119643.4982 Total splits: 497 Good splits: 467
Reward: 123839.642484 Total splits: 484 Good splits: 445
Reward: 125876.524561 Total splits: 475 Good splits: 433

Results after 20 tests
Average total rewards : 117843.230638
Average total splits  : 482.2
Average good splits   : 448.55
Average good splits % : 93.0215678142

Reward: 113841.974578 Total splits: 471 Good splits: 439

Results after 20 tests
Average total rewards : 117379.94655
Average total splits  : 477.45
Average good splits   : 442.85
Average good splits % : 92.753167871

