Reward: 116450.871583 Total splits: 478 Good splits: 452
Reward: 117948.635467 Total splits: 464 Good splits: 429
Reward: 117348.561602 Total splits: 446 Good splits: 415
Reward: 120487.998778 Total splits: 443 Good splits: 404
Reward: 116714.968963 Total splits: 431 Good splits: 398
Reward: 119424.211594 Total splits: 500 Good splits: 464
Reward: 116059.665371 Total splits: 462 Good splits: 426
Reward: 123578.625936 Total splits: 480 Good splits: 436
Reward: 123487.025424 Total splits: 455 Good splits: 414
Reward: 119915.727867 Total splits: 480 Good splits: 450
Reward: 122136.52695 Total splits: 468 Good splits: 422
Reward: 117180.711301 Total splits: 505 Good splits: 472
Reward: 123618.612059 Total splits: 436 Good splits: 406
Reward: 114643.39688 Total splits: 458 Good splits: 430
Reward: 122025.33907 Total splits: 486 Good splits: 457
Reward: 120855.805395 Total splits: 505 Good splits: 476
Reward: 122602.010187 Total splits: 478 Good splits: 450
Reward: 110610.418476 Total splits: 450 Good splits: 420
Reward: 121350.672172 Total splits: 480 Good splits: 451
Reward: 119045.886434 Total splits: 461 Good splits: 430

Results after 20 tests
Average total rewards : 119274.283575
Average total splits  : 468.3
Average good splits   : 435.1
Average good splits % : 92.9105274397

Reward: 122718.333063 Total splits: 484 Good splits: 447
Reward: 122092.51153 Total splits: 488 Good splits: 440
Reward: 119047.639713 Total splits: 480 Good splits: 452
Reward: 116171.190701 Total splits: 465 Good splits: 430
Reward: 119176.32744 Total splits: 464 Good splits: 430
Reward: 116918.20519 Total splits: 480 Good splits: 448
Reward: 122113.274566 Total splits: 476 Good splits: 449
Reward: 112135.029267 Total splits: 469 Good splits: 434
Reward: 118601.186496 Total splits: 481 Good splits: 445
Reward: 103673.803349 Total splits: 494 Good splits: 465
Reward: 119032.910233 Total splits: 472 Good splits: 446
Reward: 115668.98297 Total splits: 453 Good splits: 420
Reward: 125709.043316 Total splits: 476 Good splits: 444
Reward: 117006.146526 Total splits: 475 Good splits: 444
Reward: 121814.257314 Total splits: 466 Good splits: 435
Reward: 124429.16066 Total splits: 473 Good splits: 429
Reward: 116110.776773 Total splits: 480 Good splits: 442
Reward: 123117.53738 Total splits: 482 Good splits: 439
Reward: 115513.713634 Total splits: 444 Good splits: 408
Reward: 114851.8258 Total splits: 483 Good splits: 456

Results after 20 tests
Average total rewards : 118295.092796
Average total splits  : 474.25
Average good splits   : 440.15
Average good splits % : 92.8096995256

Reward: 121222.705502 Total splits: 447 Good splits: 421
Reward: 121867.24061 Total splits: 475 Good splits: 432
Reward: 121155.926953 Total splits: 480 Good splits: 448
Reward: 117484.677094 Total splits: 470 Good splits: 444
Reward: 123695.805298 Total splits: 513 Good splits: 484
Reward: 116970.7368 Total splits: 459 Good splits: 434
Reward: 114192.783185 Total splits: 417 Good splits: 394
Reward: 116118.310877 Total splits: 460 Good splits: 419
Reward: 116959.486498 Total splits: 504 Good splits: 472
Reward: 115297.277021 Total splits: 473 Good splits: 438
Reward: 120933.970777 Total splits: 465 Good splits: 429
Reward: 125962.992337 Total splits: 486 Good splits: 454
Reward: 124202.182163 Total splits: 477 Good splits: 437
Reward: 125093.780337 Total splits: 483 Good splits: 448
Reward: 122996.930294 Total splits: 460 Good splits: 423
Reward: 116479.468871 Total splits: 481 Good splits: 452
Reward: 123978.996031 Total splits: 476 Good splits: 438
Reward: 103883.908788 Total splits: 474 Good splits: 431
Reward: 115964.881808 Total splits: 483 Good splits: 439
Reward: 121708.879615 Total splits: 462 Good splits: 433
Reward: 123775.136329 Total splits: 483 Good splits: 439
Reward: 122342.456033 Total splits: 447 Good splits: 421
Reward: 115133.346844 Total splits: 450 Good splits: 420
Reward: 125795.573346 Total splits: 472 Good splits: 447
Reward: 119267.616605 Total splits: 494 Good splits: 463
Reward: 120364.034101 Total splits: 459 Good splits: 430
Reward: 117214.792212 Total splits: 474 Good splits: 434
Reward: 122994.935645 Total splits: 477 Good splits: 442
Reward: 115568.112444 Total splits: 501 Good splits: 465
Reward: 118719.620353 Total splits: 470 Good splits: 443
Reward: 120330.607913 Total splits: 455 Good splits: 431
Reward: 125409.115848 Total splits: 446 Good splits: 412
Reward: 112613.65071 Total splits: 479 Good splits: 446
Reward: 119622.075023 Total splits: 471 Good splits: 422
Reward: 113025.128524 Total splits: 471 Good splits: 426
Reward: 121077.902941 Total splits: 500 Good splits: 466
Reward: 121003.082946 Total splits: 454 Good splits: 427
Reward: 118005.313733 Total splits: 453 Good splits: 420
Reward: 112667.253095 Total splits: 482 Good splits: 438
Reward: 120465.135394 Total splits: 440 Good splits: 421
Reward: 124934.813168 Total splits: 441 Good splits: 399
Reward: 118688.078221 Total splits: 492 Good splits: 463
Reward: 119563.038221 Total splits: 467 Good splits: 434
Reward: 125646.692269 Total splits: 515 Good splits: 489
Reward: 118119.831469 Total splits: 490 Good splits: 464
Reward: 121734.282328 Total splits: 463 Good splits: 433
Reward: 115108.576754 Total splits: 478 Good splits: 453
Reward: 122939.303572 Total splits: 487 Good splits: 440
Reward: 119004.371951 Total splits: 467 Good splits: 432
Reward: 115884.653031 Total splits: 475 Good splits: 441
Reward: 120845.31036 Total splits: 513 Good splits: 489
Reward: 115880.855109 Total splits: 467 Good splits: 438

Results after 20 tests
Average total rewards : 119576.057291
Average total splits  : 477.55
Average good splits   : 445.2
Average good splits % : 93.2258402262

Reward: 116300.425497 Total splits: 468 Good splits: 427
Reward: 122877.687755 Total splits: 461 Good splits: 422
Reward: 126092.505895 Total splits: 466 Good splits: 423
Reward: 124293.676673 Total splits: 461 Good splits: 435
Reward: 120186.805463 Total splits: 468 Good splits: 430

Results after 20 tests
Average total rewards : 119050.930119
Average total splits  : 473.25
Average good splits   : 440.6
Average good splits % : 93.1008980454

Reward: 115925.371164 Total splits: 439 Good splits: 414
Reward: 119679.976322 Total splits: 461 Good splits: 431
Reward: 117989.680935 Total splits: 441 Good splits: 412

Results after 20 tests
Average total rewards : 120036.100943
Average total splits  : 461.35
Average good splits   : 426.8
Average good splits % : 92.5111087027

