Reward: 107856.366862 Total splits: 330 Good splits: 313
Reward: 102419.443683 Total splits: 293 Good splits: 287
Reward: 115354.966151 Total splits: 282 Good splits: 273
Reward: 111827.892293 Total splits: 335 Good splits: 320
Reward: 98801.0953655 Total splits: 304 Good splits: 293
Reward: 115218.253793 Total splits: 295 Good splits: 288
Reward: 109817.999777 Total splits: 305 Good splits: 294
Reward: 111638.548529 Total splits: 306 Good splits: 284
Reward: 113947.234406 Total splits: 322 Good splits: 311
Reward: 113213.394748 Total splits: 290 Good splits: 277
Reward: 100247.729678 Total splits: 338 Good splits: 326
Reward: 114030.404101 Total splits: 275 Good splits: 261
Reward: 99068.4108189 Total splits: 301 Good splits: 289
Reward: 101010.777739 Total splits: 326 Good splits: 317
Reward: 98300.9636116 Total splits: 297 Good splits: 294
Reward: 102791.849442 Total splits: 342 Good splits: 332
Reward: 99297.6499734 Total splits: 305 Good splits: 290
Reward: 107043.018033 Total splits: 333 Good splits: 323
Reward: 102166.311947 Total splits: 329 Good splits: 322
Reward: 104492.865719 Total splits: 330 Good splits: 313
Reward: 103493.528148 Total splits: 327 Good splits: 322
Reward: 106418.896341 Total splits: 309 Good splits: 295
Reward: 95861.4444625 Total splits: 310 Good splits: 293
Reward: 107378.795446 Total splits: 343 Good splits: 323
Reward: 111350.260399 Total splits: 259 Good splits: 247
Reward: 115337.307472 Total splits: 294 Good splits: 287
Reward: 99392.3806947 Total splits: 307 Good splits: 296
Reward: 110211.709603 Total splits: 332 Good splits: 317
Reward: 99044.6816692 Total splits: 309 Good splits: 301
Reward: 108010.180918 Total splits: 299 Good splits: 286
Reward: 104340.804635 Total splits: 340 Good splits: 321
Reward: 104013.413265 Total splits: 324 Good splits: 315
Reward: 98365.7452933 Total splits: 303 Good splits: 299
Reward: 115660.806806 Total splits: 275 Good splits: 263

Results after 20 tests
Average total rewards : 106432.477412
Average total splits  : 311.7
Average good splits   : 300.75
Average good splits % : 96.4870067372

Reward: 116559.230335 Total splits: 277 Good splits: 270
Reward: 100892.790194 Total splits: 335 Good splits: 315
Reward: 106002.010684 Total splits: 335 Good splits: 322
Reward: 107733.170243 Total splits: 328 Good splits: 318
Reward: 96637.9148328 Total splits: 323 Good splits: 308
Reward: 99621.1361928 Total splits: 332 Good splits: 312

Results after 20 tests
Average total rewards : 105311.091804
Average total splits  : 313.25
Average good splits   : 300.1
Average good splits % : 95.80207502

Reward: 115568.612932 Total splits: 291 Good splits: 276
Reward: 104653.178071 Total splits: 319 Good splits: 312
Reward: 118423.646122 Total splits: 269 Good splits: 260
Reward: 96840.5891387 Total splits: 320 Good splits: 310
Reward: 96367.0492853 Total splits: 315 Good splits: 304
Reward: 110835.032664 Total splits: 307 Good splits: 296
Reward: 103113.55576 Total splits: 340 Good splits: 322
Reward: 108640.648903 Total splits: 333 Good splits: 321
Reward: 104078.309755 Total splits: 324 Good splits: 302
Reward: 97600.3133418 Total splits: 312 Good splits: 302
Reward: 105384.274425 Total splits: 330 Good splits: 323
Reward: 105531.871409 Total splits: 333 Good splits: 318
Reward: 106077.780314 Total splits: 319 Good splits: 311
Reward: 95372.3761607 Total splits: 320 Good splits: 304
Reward: 107373.076069 Total splits: 307 Good splits: 299
Reward: 111336.807889 Total splits: 349 Good splits: 335
Reward: 102385.689689 Total splits: 301 Good splits: 291
Reward: 115348.262281 Total splits: 285 Good splits: 279
Reward: 99819.8930573 Total splits: 310 Good splits: 297
Reward: 99028.5568269 Total splits: 306 Good splits: 300
Reward: 115237.695035 Total splits: 280 Good splits: 267
Reward: 107883.065684 Total splits: 267 Good splits: 262
Reward: 98357.8294508 Total splits: 313 Good splits: 301
Reward: 116583.321007 Total splits: 297 Good splits: 288
Reward: 105942.084483 Total splits: 326 Good splits: 315
Reward: 95971.2957812 Total splits: 304 Good splits: 294
Reward: 103080.169411 Total splits: 318 Good splits: 306
Reward: 107490.917119 Total splits: 335 Good splits: 317
Reward: 104587.601981 Total splits: 332 Good splits: 310
Reward: 100724.818501 Total splits: 328 Good splits: 309
Reward: 115883.086542 Total splits: 274 Good splits: 260
Reward: 101605.376459 Total splits: 324 Good splits: 315
Reward: 107073.85171 Total splits: 345 Good splits: 335
Reward: 100585.370164 Total splits: 339 Good splits: 331
Reward: 103893.66117 Total splits: 323 Good splits: 313
Reward: 114212.298327 Total splits: 298 Good splits: 295
Reward: 109476.514983 Total splits: 339 Good splits: 329
Reward: 113599.543111 Total splits: 290 Good splits: 284
Reward: 106316.477868 Total splits: 335 Good splits: 319
Reward: 106501.81237 Total splits: 320 Good splits: 305
Reward: 101966.155259 Total splits: 320 Good splits: 306
Reward: 100507.156172 Total splits: 313 Good splits: 304
Reward: 104856.012081 Total splits: 339 Good splits: 330

Results after 20 tests
Average total rewards : 106878.402364
Average total splits  : 313.9
Average good splits   : 301.55
Average good splits % : 96.0656259955

Reward: 101042.765626 Total splits: 302 Good splits: 291
Reward: 105551.613356 Total splits: 328 Good splits: 318

Results after 20 tests
Average total rewards : 104724.673396
Average total splits  : 317.45
Average good splits   : 306.4
Average good splits % : 96.5191368719

Reward: 104549.094199 Total splits: 327 Good splits: 315
Reward: 105139.76709 Total splits: 332 Good splits: 321
Reward: 99165.8835237 Total splits: 329 Good splits: 320
Reward: 101149.372989 Total splits: 315 Good splits: 301
Reward: 100964.781251 Total splits: 320 Good splits: 314
Reward: 109053.890823 Total splits: 326 Good splits: 313
Reward: 102848.410089 Total splits: 309 Good splits: 292
Reward: 97429.5581863 Total splits: 335 Good splits: 321
Reward: 100788.891002 Total splits: 312 Good splits: 301
Reward: 107113.295372 Total splits: 323 Good splits: 304
Reward: 104382.053746 Total splits: 304 Good splits: 298
Reward: 105236.647318 Total splits: 311 Good splits: 299

Results after 3 tests
Average total rewards : 105026.476381
Average total splits  : 316.333333333
Average good splits   : 304.333333333
Average good splits % : 96.2065331928

Reward: 106742.337835 Total splits: 327 Good splits: 317

Results after 3 tests
Average total rewards : 105568.014432
Average total splits  : 319.666666667
Average good splits   : 304.333333333
Average good splits % : 95.2033368092

Reward: 108105.741111 Total splits: 310 Good splits: 302
Reward: 115338.529566 Total splits: 281 Good splits: 275
