Reward: 124685.95502 Total splits: 528 Good splits: 489
Reward: 122282.67738 Total splits: 529 Good splits: 495
Reward: 118893.242259 Total splits: 551 Good splits: 527
Reward: 123959.879094 Total splits: 548 Good splits: 510
Reward: 126073.372786 Total splits: 545 Good splits: 505
Reward: 126669.256564 Total splits: 518 Good splits: 466
Reward: 117411.333048 Total splits: 545 Good splits: 512
Reward: 118182.080294 Total splits: 546 Good splits: 508
Reward: 124188.763882 Total splits: 538 Good splits: 495
Reward: 125410.739036 Total splits: 544 Good splits: 496
Reward: 123080.529256 Total splits: 517 Good splits: 463
Reward: 125353.087494 Total splits: 511 Good splits: 468
Reward: 114912.416807 Total splits: 563 Good splits: 532
Reward: 125530.410596 Total splits: 535 Good splits: 501
Reward: 120955.52175 Total splits: 542 Good splits: 509
Reward: 122072.940888 Total splits: 519 Good splits: 481
Reward: 127019.998045 Total splits: 526 Good splits: 485
Reward: 123874.828048 Total splits: 488 Good splits: 443
Reward: 124630.730865 Total splits: 533 Good splits: 506
Reward: 119858.417665 Total splits: 556 Good splits: 510

Results after 20 tests
Average total rewards : 122752.309039
Average total splits  : 534.1
Average good splits   : 495.05
Average good splits % : 92.6886350871

Reward: 123518.964857 Total splits: 524 Good splits: 487
Reward: 123699.575665 Total splits: 526 Good splits: 487
Reward: 127715.028203 Total splits: 574 Good splits: 527
Reward: 119117.601925 Total splits: 536 Good splits: 498
Reward: 122998.173342 Total splits: 532 Good splits: 495
Reward: 124876.441868 Total splits: 553 Good splits: 522
Reward: 125048.607008 Total splits: 516 Good splits: 482
Reward: 119875.9408 Total splits: 503 Good splits: 468
Reward: 127633.093899 Total splits: 513 Good splits: 485
Reward: 124028.400616 Total splits: 536 Good splits: 503
Reward: 125195.748741 Total splits: 535 Good splits: 496
Reward: 124947.152873 Total splits: 527 Good splits: 482
Reward: 125770.411768 Total splits: 527 Good splits: 486
Reward: 119853.642962 Total splits: 541 Good splits: 507
Reward: 121553.843521 Total splits: 525 Good splits: 483
Reward: 120149.00011 Total splits: 537 Good splits: 507
Reward: 127191.961499 Total splits: 518 Good splits: 477
Reward: 123566.485016 Total splits: 532 Good splits: 494
Reward: 120667.524657 Total splits: 508 Good splits: 479
Reward: 114105.99816 Total splits: 592 Good splits: 560
Reward: 126268.18815 Total splits: 493 Good splits: 456
Reward: 124990.561877 Total splits: 559 Good splits: 519
Reward: 123459.73206 Total splits: 515 Good splits: 476
Reward: 121186.281703 Total splits: 539 Good splits: 512
Reward: 118937.039013 Total splits: 531 Good splits: 503
Reward: 114885.183349 Total splits: 522 Good splits: 491
Reward: 126800.403447 Total splits: 525 Good splits: 488
Reward: 124752.618489 Total splits: 547 Good splits: 503
Reward: 119936.809091 Total splits: 511 Good splits: 457
Reward: 120604.149098 Total splits: 533 Good splits: 501
Reward: 123777.883164 Total splits: 558 Good splits: 529
Reward: 115347.438923 Total splits: 531 Good splits: 490
Reward: 123672.701752 Total splits: 529 Good splits: 486
Reward: 122304.539786 Total splits: 537 Good splits: 494
Reward: 124566.657698 Total splits: 549 Good splits: 503
Reward: 118942.043713 Total splits: 544 Good splits: 512
Reward: 124028.472252 Total splits: 535 Good splits: 497
Reward: 125493.424141 Total splits: 554 Good splits: 503

Results after 20 tests
Average total rewards : 123823.875758
Average total splits  : 528.1
Average good splits   : 488.9
Average good splits % : 92.577163416

Reward: 124371.536217 Total splits: 498 Good splits: 466
Reward: 121298.235473 Total splits: 502 Good splits: 464

Results after 20 tests
Average total rewards : 121532.999086
Average total splits  : 535.25
Average good splits   : 499.85
Average good splits % : 93.386268099

Reward: 124611.218154 Total splits: 538 Good splits: 505
Reward: 126053.366791 Total splits: 526 Good splits: 498
Reward: 124844.441102 Total splits: 531 Good splits: 497
Reward: 124845.693729 Total splits: 519 Good splits: 480
Reward: 118983.325506 Total splits: 536 Good splits: 499
Reward: 119939.76243 Total splits: 552 Good splits: 508
Reward: 126204.795489 Total splits: 520 Good splits: 465
Reward: 124588.188782 Total splits: 515 Good splits: 467
Reward: 126661.773541 Total splits: 529 Good splits: 497
Reward: 113436.497704 Total splits: 556 Good splits: 518
Reward: 123390.153291 Total splits: 570 Good splits: 536
Reward: 119443.986093 Total splits: 529 Good splits: 493
Reward: 122447.727525 Total splits: 545 Good splits: 493
Reward: 118086.90341 Total splits: 517 Good splits: 477
Reward: 124606.819047 Total splits: 526 Good splits: 485
Reward: 120274.707955 Total splits: 530 Good splits: 495
Reward: 123852.708215 Total splits: 530 Good splits: 499
Reward: 112762.859629 Total splits: 498 Good splits: 463
Reward: 120922.021946 Total splits: 535 Good splits: 504
Reward: 117886.681918 Total splits: 520 Good splits: 479

Results after 20 tests
Average total rewards : 121692.181613
Average total splits  : 531.1
Average good splits   : 492.9
Average good splits % : 92.8073809076

Reward: 117705.553443 Total splits: 545 Good splits: 501
Reward: 122892.302093 Total splits: 520 Good splits: 490
Reward: 126777.598244 Total splits: 571 Good splits: 526
Reward: 125661.549591 Total splits: 554 Good splits: 514
Reward: 126415.057967 Total splits: 542 Good splits: 518
Reward: 118652.437386 Total splits: 543 Good splits: 504
Reward: 129114.331884 Total splits: 533 Good splits: 496
Reward: 120860.124052 Total splits: 544 Good splits: 500
Reward: 125327.55761 Total splits: 550 Good splits: 520
Reward: 115178.760791 Total splits: 535 Good splits: 507
Reward: 125176.251367 Total splits: 552 Good splits: 518
Reward: 120262.130284 Total splits: 549 Good splits: 499
Reward: 118433.679666 Total splits: 547 Good splits: 502
Reward: 116466.996438 Total splits: 535 Good splits: 501
Reward: 114580.555932 Total splits: 531 Good splits: 492
Reward: 117891.656714 Total splits: 543 Good splits: 506
Reward: 126807.829357 Total splits: 516 Good splits: 479
Reward: 125014.758499 Total splits: 576 Good splits: 536
Reward: 122458.909945 Total splits: 569 Good splits: 524
Reward: 126293.86655 Total splits: 556 Good splits: 521

Results after 20 tests
Average total rewards : 122098.595391
Average total splits  : 545.55
Average good splits   : 507.7
Average good splits % : 93.062047475

