Reward: 121959.94606 Total splits: 496 Good splits: 457
Reward: 120427.726459 Total splits: 473 Good splits: 446
Reward: 121572.577569 Total splits: 481 Good splits: 445
Reward: 119368.193162 Total splits: 451 Good splits: 425
Reward: 114479.051763 Total splits: 456 Good splits: 421
Reward: 121489.069831 Total splits: 473 Good splits: 439
Reward: 115080.386243 Total splits: 450 Good splits: 412
Reward: 121159.860539 Total splits: 475 Good splits: 453
Reward: 118326.94927 Total splits: 463 Good splits: 430
Reward: 118202.917528 Total splits: 473 Good splits: 448

Results after 10 tests
Average total rewards : 119206.667842
Average total splits  : 469.1
Average good splits   : 437.6
Average good splits % : 93.2850138563

Reward: 119470.22615 Total splits: 468 Good splits: 438
Reward: 119182.472322 Total splits: 457 Good splits: 423
Reward: 120750.888138 Total splits: 509 Good splits: 467
Reward: 127288.711789 Total splits: 493 Good splits: 469
Reward: 117490.257547 Total splits: 453 Good splits: 411
Reward: 123530.749941 Total splits: 470 Good splits: 439
Reward: 121439.9858 Total splits: 447 Good splits: 409
Reward: 119378.013262 Total splits: 452 Good splits: 430
Reward: 123663.880616 Total splits: 482 Good splits: 448
Reward: 121264.026177 Total splits: 475 Good splits: 434

Results after 10 tests
Average total rewards : 121345.921174
Average total splits  : 470.6
Average good splits   : 436.8
Average good splits % : 92.817679558

Reward: 121119.336114 Total splits: 458 Good splits: 436
Reward: 115403.518693 Total splits: 480 Good splits: 451
Reward: 125496.164181 Total splits: 479 Good splits: 438
Reward: 118655.666647 Total splits: 466 Good splits: 432
Reward: 116314.626638 Total splits: 466 Good splits: 429
Reward: 109894.589636 Total splits: 460 Good splits: 435
Reward: 120788.556546 Total splits: 475 Good splits: 445
Reward: 119484.105172 Total splits: 466 Good splits: 431
Reward: 121945.703862 Total splits: 463 Good splits: 444
Reward: 119356.155546 Total splits: 477 Good splits: 443

Results after 10 tests
Average total rewards : 118845.842303
Average total splits  : 469.0
Average good splits   : 438.4
Average good splits % : 93.4754797441

Reward: 117113.423699 Total splits: 462 Good splits: 423
Reward: 117259.691881 Total splits: 492 Good splits: 452
Reward: 110742.351874 Total splits: 420 Good splits: 395
Reward: 122812.769133 Total splits: 481 Good splits: 441
Reward: 120556.067915 Total splits: 459 Good splits: 425
Reward: 123230.761001 Total splits: 476 Good splits: 446
Reward: 121843.071749 Total splits: 476 Good splits: 445
Reward: 114724.766802 Total splits: 459 Good splits: 437
Reward: 117258.073201 Total splits: 496 Good splits: 469
Reward: 127204.876934 Total splits: 470 Good splits: 430

Results after 10 tests
Average total rewards : 119274.585419
Average total splits  : 469.1
Average good splits   : 436.3
Average good splits % : 93.007887444

Reward: 125094.199814 Total splits: 467 Good splits: 433
Reward: 117252.526766 Total splits: 480 Good splits: 442
Reward: 109910.956816 Total splits: 451 Good splits: 416
Reward: 124084.167626 Total splits: 443 Good splits: 411
Reward: 120293.281361 Total splits: 470 Good splits: 438
Reward: 120359.578288 Total splits: 500 Good splits: 454
Reward: 120390.730119 Total splits: 461 Good splits: 430
Reward: 122246.074898 Total splits: 473 Good splits: 440
Reward: 122943.069882 Total splits: 433 Good splits: 403
Reward: 115584.590065 Total splits: 443 Good splits: 418

Results after 10 tests
Average total rewards : 119815.917563
Average total splits  : 462.1
Average good splits   : 428.5
Average good splits % : 92.72884657

Reward: 120973.442263 Total splits: 452 Good splits: 420
Reward: 117666.170898 Total splits: 459 Good splits: 431
Reward: 120918.25638 Total splits: 494 Good splits: 459
Reward: 120504.683736 Total splits: 477 Good splits: 450
Reward: 124350.903163 Total splits: 481 Good splits: 446
Reward: 115434.607586 Total splits: 433 Good splits: 397
Reward: 121427.258419 Total splits: 411 Good splits: 385
Reward: 124327.726171 Total splits: 430 Good splits: 398
Reward: 122697.764206 Total splits: 504 Good splits: 469
Reward: 122769.446822 Total splits: 472 Good splits: 443

Results after 10 tests
Average total rewards : 121107.025964
Average total splits  : 461.3
Average good splits   : 429.8
Average good splits % : 93.1714719272

Reward: 118272.855698 Total splits: 458 Good splits: 430
Reward: 115122.573586 Total splits: 471 Good splits: 434
Reward: 121918.168626 Total splits: 497 Good splits: 468
Reward: 122792.131844 Total splits: 445 Good splits: 417
Reward: 114161.63541 Total splits: 474 Good splits: 445
Reward: 125373.197519 Total splits: 475 Good splits: 443
Reward: 117167.757839 Total splits: 482 Good splits: 449
Reward: 120871.221539 Total splits: 450 Good splits: 410
Reward: 126174.911696 Total splits: 468 Good splits: 434
Reward: 120350.646612 Total splits: 455 Good splits: 413

Results after 10 tests
Average total rewards : 120220.510037
Average total splits  : 467.5
Average good splits   : 434.3
Average good splits % : 92.8983957219

Reward: 123219.26066 Total splits: 470 Good splits: 442
Reward: 119314.730766 Total splits: 462 Good splits: 439
Reward: 122161.233544 Total splits: 451 Good splits: 429
Reward: 119407.642908 Total splits: 449 Good splits: 411
Reward: 125463.409522 Total splits: 477 Good splits: 445
Reward: 123543.601818 Total splits: 497 Good splits: 464
Reward: 119249.526397 Total splits: 493 Good splits: 456
Reward: 115172.715517 Total splits: 486 Good splits: 463
Reward: 119101.088296 Total splits: 438 Good splits: 413
Reward: 120296.672117 Total splits: 441 Good splits: 411
Reward: 113803.032359 Total splits: 457 Good splits: 427
Reward: 124221.276133 Total splits: 460 Good splits: 433
Reward: 117697.274608 Total splits: 453 Good splits: 410
Reward: 119389.030247 Total splits: 463 Good splits: 435
Reward: 116100.402275 Total splits: 438 Good splits: 405
Reward: 120803.915217 Total splits: 439 Good splits: 406
Reward: 123555.691424 Total splits: 487 Good splits: 452
Reward: 121764.508268 Total splits: 483 Good splits: 442
Reward: 115367.148811 Total splits: 461 Good splits: 423
Reward: 121905.871476 Total splits: 471 Good splits: 439
Reward: 125293.902686 Total splits: 462 Good splits: 432
Reward: 111591.613517 Total splits: 447 Good splits: 414
Reward: 121676.762571 Total splits: 465 Good splits: 437
Reward: 124375.66404 Total splits: 466 Good splits: 424
Reward: 118606.770118 Total splits: 490 Good splits: 455
Reward: 116495.748601 Total splits: 475 Good splits: 441

Results after 10 tests
Average total rewards : 120528.468784
Average total splits  : 463.8
Average good splits   : 429.6
Average good splits % : 92.6261319534

Reward: 112560.440331 Total splits: 478 Good splits: 443
Reward: 116285.250069 Total splits: 441 Good splits: 414
Reward: 123883.903778 Total splits: 497 Good splits: 457

Results after 10 tests
Average total rewards : 119672.558799
Average total splits  : 474.3
Average good splits   : 443.7
Average good splits % : 93.5483870968

Reward: 119031.799442 Total splits: 452 Good splits: 420

Results after 10 tests
Average total rewards : 118932.961169
Average total splits  : 456.8
Average good splits   : 424.9
Average good splits % : 93.0166374781


