Reward: 122237.813656 Total splits: 504 Good splits: 449
Reward: 128045.020526 Total splits: 552 Good splits: 510
Reward: 128166.463871 Total splits: 539 Good splits: 487
Reward: 120093.016292 Total splits: 501 Good splits: 457
Reward: 120921.105574 Total splits: 518 Good splits: 473
Reward: 119287.776785 Total splits: 554 Good splits: 507
Reward: 128258.657629 Total splits: 517 Good splits: 473
Reward: 125240.797451 Total splits: 501 Good splits: 453
Reward: 120236.014136 Total splits: 526 Good splits: 486
Reward: 125136.250592 Total splits: 542 Good splits: 506

Results after 10 tests
Average total rewards : 123762.291651
Average total splits  : 525.4
Average good splits   : 480.1
Average good splits % : 91.377997716

Reward: 118980.583738 Total splits: 534 Good splits: 486
Reward: 117980.636183 Total splits: 523 Good splits: 483
Reward: 126524.509899 Total splits: 542 Good splits: 500
Reward: 125488.630806 Total splits: 533 Good splits: 482
Reward: 119990.658986 Total splits: 518 Good splits: 475
Reward: 127537.436393 Total splits: 525 Good splits: 480
Reward: 122042.07352 Total splits: 525 Good splits: 480
Reward: 120277.151976 Total splits: 547 Good splits: 500
Reward: 122337.354849 Total splits: 534 Good splits: 484
Reward: 120628.299574 Total splits: 557 Good splits: 508
Reward: 124868.820255 Total splits: 530 Good splits: 497
Reward: 127302.471046 Total splits: 516 Good splits: 466
Reward: 123573.701304 Total splits: 535 Good splits: 481
Reward: 125763.087206 Total splits: 565 Good splits: 510
Reward: 126670.210416 Total splits: 562 Good splits: 518
Reward: 118862.37698 Total splits: 543 Good splits: 499
Reward: 120771.580099 Total splits: 551 Good splits: 520
Reward: 125722.281133 Total splits: 523 Good splits: 476
Reward: 123742.107542 Total splits: 521 Good splits: 479
Reward: 127136.054007 Total splits: 538 Good splits: 499
Reward: 122308.577604 Total splits: 532 Good splits: 487
Reward: 124747.189503 Total splits: 523 Good splits: 464
Reward: 125156.598275 Total splits: 553 Good splits: 509
Reward: 126104.621424 Total splits: 539 Good splits: 491
Reward: 122966.537607 Total splits: 522 Good splits: 477
Reward: 124534.752228 Total splits: 545 Good splits: 476
Reward: 118748.825558 Total splits: 526 Good splits: 465
Reward: 123972.261212 Total splits: 561 Good splits: 512
Reward: 121241.002025 Total splits: 519 Good splits: 479
Reward: 126025.465477 Total splits: 559 Good splits: 514
Reward: 108239.317721 Total splits: 480 Good splits: 438
Reward: 126444.21253 Total splits: 551 Good splits: 488
Reward: 107413.398636 Total splits: 526 Good splits: 491
Reward: 122599.976131 Total splits: 528 Good splits: 472
Reward: 126442.869329 Total splits: 531 Good splits: 483
Reward: 125903.085992 Total splits: 536 Good splits: 495

Results after 20 tests
Average total rewards : 124432.836182
Average total splits  : 538.85
Average good splits   : 489.1
Average good splits % : 90.7673749652

Reward: 127250.084772 Total splits: 545 Good splits: 488
Reward: 127442.909418 Total splits: 543 Good splits: 502
Reward: 125222.174141 Total splits: 526 Good splits: 481
Reward: 112515.295786 Total splits: 533 Good splits: 498

Results after 20 tests
Average total rewards : 121141.122882
Average total splits  : 531.15
Average good splits   : 487.55
Average good splits % : 91.7913960275

Reward: 127615.601311 Total splits: 532 Good splits: 486
Reward: 123524.278568 Total splits: 544 Good splits: 500
Reward: 122168.291323 Total splits: 523 Good splits: 494
Reward: 120082.593842 Total splits: 502 Good splits: 475
Reward: 122874.348365 Total splits: 524 Good splits: 475
Reward: 123787.151414 Total splits: 554 Good splits: 510
Reward: 120944.656779 Total splits: 521 Good splits: 484
Reward: 124529.483223 Total splits: 539 Good splits: 490
Reward: 119488.659046 Total splits: 515 Good splits: 477
Reward: 125650.444322 Total splits: 513 Good splits: 473
Reward: 118570.633279 Total splits: 518 Good splits: 477
Reward: 120953.044809 Total splits: 541 Good splits: 503
Reward: 127305.233982 Total splits: 550 Good splits: 523
Reward: 122309.558931 Total splits: 533 Good splits: 509
Reward: 125450.847379 Total splits: 525 Good splits: 475
Reward: 126492.57296 Total splits: 561 Good splits: 514
Reward: 121149.335104 Total splits: 543 Good splits: 511
Reward: 122160.504034 Total splits: 538 Good splits: 496
Reward: 123051.175291 Total splits: 536 Good splits: 485
Reward: 126389.311391 Total splits: 530 Good splits: 499
Reward: 124250.592368 Total splits: 537 Good splits: 489
Reward: 126759.218849 Total splits: 542 Good splits: 501
Reward: 122640.884216 Total splits: 521 Good splits: 475
Reward: 116665.025629 Total splits: 519 Good splits: 481
Reward: 117132.077005 Total splits: 517 Good splits: 489
Reward: 122919.35425 Total splits: 554 Good splits: 499
Reward: 128303.920417 Total splits: 538 Good splits: 500
Reward: 117279.61425 Total splits: 494 Good splits: 441
Reward: 121304.608606 Total splits: 573 Good splits: 525
Reward: 124866.455127 Total splits: 537 Good splits: 499
Reward: 122064.157073 Total splits: 529 Good splits: 487
Reward: 128674.909505 Total splits: 535 Good splits: 486
Reward: 126253.511193 Total splits: 517 Good splits: 463
Reward: 124471.029098 Total splits: 524 Good splits: 483
Reward: 119913.086606 Total splits: 485 Good splits: 450
Reward: 123355.349149 Total splits: 552 Good splits: 509
Reward: 124748.242371 Total splits: 502 Good splits: 467
Reward: 120107.309205 Total splits: 540 Good splits: 495
Reward: 117592.917807 Total splits: 536 Good splits: 488
Reward: 119392.249539 Total splits: 526 Good splits: 502
Reward: 124481.28977 Total splits: 537 Good splits: 503
Reward: 122392.237673 Total splits: 520 Good splits: 470
Reward: 127783.007489 Total splits: 528 Good splits: 489
Reward: 124837.876119 Total splits: 538 Good splits: 484
Reward: 126825.244542 Total splits: 547 Good splits: 486
Reward: 120038.010618 Total splits: 526 Good splits: 491
Reward: 128180.679191 Total splits: 552 Good splits: 503
Reward: 127048.262245 Total splits: 540 Good splits: 500
Reward: 124841.475191 Total splits: 539 Good splits: 488
Reward: 127153.494587 Total splits: 558 Good splits: 504

Results after 50 tests
Average total rewards : 123335.476301
Average total splits  : 532.1
Average good splits   : 490.06
Average good splits % : 92.0992294681

