Reward: 122600.217697 Total splits: 480 Good splits: 440
Reward: 120505.567377 Total splits: 473 Good splits: 447
Reward: 121456.268307 Total splits: 484 Good splits: 451
Reward: 117011.436268 Total splits: 450 Good splits: 413
Reward: 123498.546517 Total splits: 474 Good splits: 442
Reward: 123243.939321 Total splits: 484 Good splits: 459
Reward: 124239.06671 Total splits: 459 Good splits: 418
Reward: 119012.667039 Total splits: 487 Good splits: 456
Reward: 116380.566071 Total splits: 457 Good splits: 426
Reward: 118146.250578 Total splits: 501 Good splits: 464

Results after 10 tests
Average total rewards : 120609.452588
Average total splits  : 474.9
Average good splits   : 441.6
Average good splits % : 92.9879974732

Reward: 115026.573635 Total splits: 493 Good splits: 453
Reward: 119540.556453 Total splits: 508 Good splits: 470
Reward: 119848.791329 Total splits: 482 Good splits: 449
Reward: 106868.204442 Total splits: 478 Good splits: 453
Reward: 125650.949381 Total splits: 463 Good splits: 428
Reward: 125413.023643 Total splits: 488 Good splits: 440
Reward: 119689.503485 Total splits: 491 Good splits: 450
Reward: 113887.364769 Total splits: 486 Good splits: 441
Reward: 121923.561955 Total splits: 455 Good splits: 424
Reward: 124674.688123 Total splits: 474 Good splits: 435

Results after 10 tests
Average total rewards : 119252.321722
Average total splits  : 481.8
Average good splits   : 444.3
Average good splits % : 92.2166874222

Reward: 118557.529083 Total splits: 501 Good splits: 466
Reward: 115912.876863 Total splits: 513 Good splits: 476
Reward: 112758.842269 Total splits: 465 Good splits: 435
Reward: 123126.086295 Total splits: 514 Good splits: 475
Reward: 119294.419927 Total splits: 482 Good splits: 452
Reward: 119842.099535 Total splits: 477 Good splits: 446
Reward: 123256.765136 Total splits: 471 Good splits: 439
Reward: 125252.991587 Total splits: 441 Good splits: 417
Reward: 117993.942755 Total splits: 470 Good splits: 437
Reward: 123111.342104 Total splits: 481 Good splits: 447

Results after 10 tests
Average total rewards : 119910.689556
Average total splits  : 481.5
Average good splits   : 449.0
Average good splits % : 93.2502596054

Reward: 121277.155125 Total splits: 490 Good splits: 460
Reward: 117889.437489 Total splits: 448 Good splits: 426
Reward: 118469.155482 Total splits: 461 Good splits: 426
Reward: 115803.860475 Total splits: 468 Good splits: 431
Reward: 122418.640563 Total splits: 475 Good splits: 439
Reward: 115184.568895 Total splits: 447 Good splits: 416
Reward: 115588.755259 Total splits: 463 Good splits: 433
Reward: 117274.932147 Total splits: 487 Good splits: 451
Reward: 116179.34703 Total splits: 482 Good splits: 450
Reward: 116743.249337 Total splits: 444 Good splits: 417

Results after 10 tests
Average total rewards : 117682.91018
Average total splits  : 466.5
Average good splits   : 434.9
Average good splits % : 93.2261521972

Reward: 109193.459208 Total splits: 473 Good splits: 432
Reward: 115285.956347 Total splits: 451 Good splits: 420
Reward: 117845.818283 Total splits: 474 Good splits: 436
Reward: 111298.552509 Total splits: 466 Good splits: 430
Reward: 115798.006804 Total splits: 497 Good splits: 463
Reward: 117139.892268 Total splits: 492 Good splits: 445
Reward: 120465.734326 Total splits: 479 Good splits: 449
Reward: 122824.085456 Total splits: 496 Good splits: 460
Reward: 121984.013944 Total splits: 481 Good splits: 453
Reward: 125463.741523 Total splits: 483 Good splits: 442

Results after 10 tests
Average total rewards : 117729.926067
Average total splits  : 479.2
Average good splits   : 443.0
Average good splits % : 92.4457429048

Reward: 117654.490618 Total splits: 471 Good splits: 437
Reward: 120276.574911 Total splits: 472 Good splits: 433
Reward: 114279.658983 Total splits: 458 Good splits: 431
Reward: 118035.130957 Total splits: 504 Good splits: 470
Reward: 120625.957626 Total splits: 462 Good splits: 426
Reward: 124441.257397 Total splits: 473 Good splits: 440
Reward: 113100.780291 Total splits: 466 Good splits: 431
Reward: 95815.1845096 Total splits: 499 Good splits: 455
Reward: 125369.895675 Total splits: 463 Good splits: 435
Reward: 120248.072971 Total splits: 475 Good splits: 440

Results after 10 tests
Average total rewards : 116984.700394
Average total splits  : 474.3
Average good splits   : 439.8
Average good splits % : 92.7261227071

Reward: 116082.614893 Total splits: 492 Good splits: 464
Reward: 110056.575363 Total splits: 454 Good splits: 416
Reward: 109130.606053 Total splits: 448 Good splits: 423
Reward: 122941.378251 Total splits: 464 Good splits: 439
Reward: 110267.695529 Total splits: 460 Good splits: 429
Reward: 125734.927051 Total splits: 488 Good splits: 451
Reward: 107080.581411 Total splits: 438 Good splits: 415
Reward: 117455.065015 Total splits: 467 Good splits: 430
Reward: 114520.183696 Total splits: 479 Good splits: 441
Reward: 125285.385884 Total splits: 490 Good splits: 452

Results after 10 tests
Average total rewards : 115855.501314
Average total splits  : 468.0
Average good splits   : 436.0
Average good splits % : 93.1623931624

Reward: 116076.88899 Total splits: 487 Good splits: 450
Reward: 115887.500122 Total splits: 496 Good splits: 459
Reward: 112421.164694 Total splits: 485 Good splits: 443
Reward: 120988.011632 Total splits: 479 Good splits: 442
Reward: 124380.059023 Total splits: 496 Good splits: 465
Reward: 119756.690305 Total splits: 487 Good splits: 444
Reward: 115769.006126 Total splits: 487 Good splits: 460
Reward: 115275.023928 Total splits: 484 Good splits: 454
Reward: 112906.83087 Total splits: 479 Good splits: 449
Reward: 120938.290945 Total splits: 481 Good splits: 444
Reward: 125911.613038 Total splits: 461 Good splits: 431
Reward: 111350.940368 Total splits: 490 Good splits: 448
Reward: 118153.843449 Total splits: 476 Good splits: 444
Reward: 123370.97173 Total splits: 497 Good splits: 470
Reward: 121553.180168 Total splits: 472 Good splits: 425
Reward: 115543.451883 Total splits: 456 Good splits: 427
Reward: 114138.520047 Total splits: 477 Good splits: 437
Reward: 123390.119785 Total splits: 489 Good splits: 456
Reward: 110476.962618 Total splits: 515 Good splits: 473
Reward: 111809.910625 Total splits: 479 Good splits: 452
Reward: 119958.986282 Total splits: 477 Good splits: 446
Reward: 117459.929508 Total splits: 454 Good splits: 427
Reward: 110133.248446 Total splits: 507 Good splits: 472
Reward: 126784.384614 Total splits: 501 Good splits: 474
Reward: 127682.179158 Total splits: 454 Good splits: 418
Reward: 119984.050718 Total splits: 476 Good splits: 439

Results after 10 tests
Average total rewards : 115194.921679
Average total splits  : 486.4
Average good splits   : 450.4
Average good splits % : 92.5986842105

Reward: 118634.385351 Total splits: 481 Good splits: 436

Results after 10 tests
Average total rewards : 118954.355972
Average total splits  : 485.6
Average good splits   : 450.1
Average good splits % : 92.6894563427

Reward: 113017.489008 Total splits: 494 Good splits: 461
Reward: 118570.930266 Total splits: 474 Good splits: 436
Reward: 117122.535679 Total splits: 473 Good splits: 432

Results after 10 tests
Average total rewards : 119795.432286
Average total splits  : 474.4
Average good splits   : 440.9
Average good splits % : 92.9384485666

