Reward: 87965.9407815 Total splits: 411 Good splits: 385
Reward: 95190.515178 Total splits: 424 Good splits: 404
Reward: 103066.923397 Total splits: 438 Good splits: 410
Reward: 114453.761181 Total splits: 468 Good splits: 437
Reward: 103936.173033 Total splits: 420 Good splits: 408
Reward: 82803.9122057 Total splits: 428 Good splits: 403
Reward: 96897.6153431 Total splits: 458 Good splits: 433
Reward: 106938.062176 Total splits: 452 Good splits: 425
Reward: 95203.450644 Total splits: 429 Good splits: 396
Reward: 103055.713 Total splits: 437 Good splits: 410

Results after 10 tests
Average total rewards : 98951.206694
Average total splits  : 436.5
Average good splits   : 411.1
Average good splits % : 94.1809851088

Reward: 115677.509157 Total splits: 428 Good splits: 400
Reward: 111444.285964 Total splits: 439 Good splits: 405
Reward: 110036.73548 Total splits: 449 Good splits: 421
Reward: 105553.604065 Total splits: 467 Good splits: 435
Reward: 103644.206703 Total splits: 419 Good splits: 400
Reward: 119559.542717 Total splits: 450 Good splits: 423
Reward: 100859.645977 Total splits: 425 Good splits: 398
Reward: 113194.333656 Total splits: 422 Good splits: 399
Reward: 86979.7741019 Total splits: 446 Good splits: 421
Reward: 104131.207786 Total splits: 432 Good splits: 405

Results after 10 tests
Average total rewards : 107108.084561
Average total splits  : 437.7
Average good splits   : 410.7
Average good splits % : 93.8313913639

Reward: 96916.9032144 Total splits: 399 Good splits: 386
Reward: 97112.3230625 Total splits: 441 Good splits: 406
Reward: 114058.740317 Total splits: 454 Good splits: 430
Reward: 101886.838845 Total splits: 493 Good splits: 466
Reward: 102132.989627 Total splits: 407 Good splits: 394
Reward: 86231.0184833 Total splits: 446 Good splits: 428
Reward: 85450.1647064 Total splits: 443 Good splits: 416
Reward: 112579.656954 Total splits: 446 Good splits: 416
Reward: 110254.443606 Total splits: 460 Good splits: 428
Reward: 95945.4909359 Total splits: 455 Good splits: 427

Results after 10 tests
Average total rewards : 100256.856975
Average total splits  : 444.4
Average good splits   : 419.7
Average good splits % : 94.4419441944

Reward: 103409.964135 Total splits: 455 Good splits: 437
Reward: 108840.532476 Total splits: 445 Good splits: 427
Reward: 101727.839177 Total splits: 448 Good splits: 427
Reward: 112831.757999 Total splits: 412 Good splits: 390
Reward: 114216.277784 Total splits: 445 Good splits: 418
Reward: 114156.471297 Total splits: 451 Good splits: 434
Reward: 99982.5438312 Total splits: 439 Good splits: 409
Reward: 97039.27219 Total splits: 446 Good splits: 407
Reward: 104585.61871 Total splits: 444 Good splits: 414
Reward: 105555.932633 Total splits: 462 Good splits: 428

Results after 10 tests
Average total rewards : 106234.621023
Average total splits  : 444.7
Average good splits   : 419.1
Average good splits % : 94.2433100967

Reward: 113654.74185 Total splits: 417 Good splits: 396
Reward: 86360.5420826 Total splits: 470 Good splits: 430
Reward: 97854.4885195 Total splits: 391 Good splits: 370
Reward: 105723.047946 Total splits: 469 Good splits: 443
Reward: 107086.587041 Total splits: 471 Good splits: 442
Reward: 95263.9477925 Total splits: 440 Good splits: 404
Reward: 113367.074458 Total splits: 444 Good splits: 416
Reward: 117520.037828 Total splits: 464 Good splits: 432
Reward: 114245.338288 Total splits: 466 Good splits: 440
Reward: 117768.903241 Total splits: 430 Good splits: 407

Results after 10 tests
Average total rewards : 106884.470905
Average total splits  : 446.2
Average good splits   : 418.0
Average good splits % : 93.6799641416

Reward: 111243.317919 Total splits: 442 Good splits: 428
Reward: 108770.485044 Total splits: 416 Good splits: 388
Reward: 96861.0478979 Total splits: 461 Good splits: 442
Reward: 106192.193287 Total splits: 451 Good splits: 428
Reward: 102016.559488 Total splits: 420 Good splits: 396
Reward: 114492.135344 Total splits: 458 Good splits: 425
Reward: 96655.1493206 Total splits: 426 Good splits: 394
Reward: 105096.368978 Total splits: 420 Good splits: 386
Reward: 112681.793188 Total splits: 418 Good splits: 388
Reward: 117810.415382 Total splits: 470 Good splits: 443

Results after 10 tests
Average total rewards : 107181.946585
Average total splits  : 438.2
Average good splits   : 411.8
Average good splits % : 93.9753537198

Reward: 85305.3530481 Total splits: 441 Good splits: 408
Reward: 102974.251438 Total splits: 395 Good splits: 372
Reward: 80653.3304277 Total splits: 434 Good splits: 407
Reward: 102743.053069 Total splits: 420 Good splits: 395
Reward: 115060.01819 Total splits: 474 Good splits: 447
Reward: 78727.4412777 Total splits: 455 Good splits: 431
Reward: 116475.45222 Total splits: 466 Good splits: 434
Reward: 103915.804857 Total splits: 456 Good splits: 421
Reward: 105002.491798 Total splits: 471 Good splits: 444
Reward: 116936.641853 Total splits: 428 Good splits: 407

Results after 10 tests
Average total rewards : 100779.383818
Average total splits  : 444.0
Average good splits   : 416.6
Average good splits % : 93.8288288288

Reward: 109690.321531 Total splits: 462 Good splits: 436
Reward: 111427.407505 Total splits: 443 Good splits: 415
Reward: 120487.655668 Total splits: 425 Good splits: 396
Reward: 109402.667163 Total splits: 440 Good splits: 418
Reward: 118688.722827 Total splits: 427 Good splits: 406
Reward: 109542.49253 Total splits: 455 Good splits: 438
Reward: 108857.415753 Total splits: 464 Good splits: 427
Reward: 119809.487269 Total splits: 467 Good splits: 434
Reward: 115342.156589 Total splits: 491 Good splits: 468
Reward: 68235.2930861 Total splits: 429 Good splits: 400
Reward: 114720.508273 Total splits: 464 Good splits: 442
Reward: 109684.690024 Total splits: 470 Good splits: 443
Reward: 116692.819033 Total splits: 433 Good splits: 407
Reward: 116398.845336 Total splits: 473 Good splits: 450
Reward: 108068.551584 Total splits: 464 Good splits: 437
Reward: 114683.475334 Total splits: 449 Good splits: 431
Reward: 103233.393201 Total splits: 453 Good splits: 420
Reward: 99107.9341492 Total splits: 423 Good splits: 396
Reward: 115859.007018 Total splits: 436 Good splits: 411
Reward: 103855.700051 Total splits: 482 Good splits: 461
Reward: 110599.602021 Total splits: 436 Good splits: 409
Reward: 113947.859311 Total splits: 457 Good splits: 438
Reward: 113638.038385 Total splits: 443 Good splits: 413
Reward: 103064.502033 Total splits: 412 Good splits: 383
Reward: 105074.644885 Total splits: 393 Good splits: 368

Results after 10 tests
Average total rewards : 113410.523291
Average total splits  : 443.0
Average good splits   : 417.8
Average good splits % : 94.3115124153

Reward: 111402.401784 Total splits: 419 Good splits: 389
Reward: 108054.351801 Total splits: 444 Good splits: 412
Reward: 113980.759647 Total splits: 428 Good splits: 389

Results after 10 tests
Average total rewards : 112016.08534
Average total splits  : 452.6
Average good splits   : 425.9
Average good splits % : 94.1007512152

Reward: 100294.165961 Total splits: 426 Good splits: 402
Reward: 108919.205189 Total splits: 416 Good splits: 390

Results after 10 tests
Average total rewards : 102849.798862
Average total splits  : 436.8
Average good splits   : 409.2
Average good splits % : 93.6813186813

