Reward: 96542.3404346 Total splits: 325 Good splits: 314
Reward: 101282.007764 Total splits: 384 Good splits: 377
Reward: 97565.7402339 Total splits: 303 Good splits: 291
Reward: 106263.363565 Total splits: 349 Good splits: 344
Reward: 105632.851362 Total splits: 384 Good splits: 373
Reward: 110092.250803 Total splits: 347 Good splits: 336
Reward: 91635.1826951 Total splits: 340 Good splits: 324
Reward: 107382.001683 Total splits: 370 Good splits: 357
Reward: 100711.025771 Total splits: 375 Good splits: 359
Reward: 100338.01299 Total splits: 359 Good splits: 349

Results after 10 tests
Average total rewards : 101744.47773
Average total splits  : 353.6
Average good splits   : 342.4
Average good splits % : 96.8325791855

Reward: 109828.53431 Total splits: 390 Good splits: 381
Reward: 104605.24123 Total splits: 339 Good splits: 333
Reward: 98938.0129927 Total splits: 343 Good splits: 335
Reward: 110273.510878 Total splits: 363 Good splits: 350
Reward: 103314.506634 Total splits: 349 Good splits: 335
Reward: 107527.797173 Total splits: 381 Good splits: 368
Reward: 108244.101075 Total splits: 371 Good splits: 363
Reward: 100252.209018 Total splits: 340 Good splits: 323
Reward: 102246.237598 Total splits: 368 Good splits: 355
Reward: 107396.658195 Total splits: 390 Good splits: 372

Results after 10 tests
Average total rewards : 105262.68091
Average total splits  : 363.4
Average good splits   : 351.5
Average good splits % : 96.7253714915

Reward: 103676.682374 Total splits: 356 Good splits: 337
Reward: 96501.3890004 Total splits: 387 Good splits: 371
Reward: 101625.237786 Total splits: 368 Good splits: 353
Reward: 88263.924186 Total splits: 352 Good splits: 344
Reward: 89964.5184304 Total splits: 319 Good splits: 311
Reward: 99751.8587671 Total splits: 337 Good splits: 330
Reward: 95811.1300627 Total splits: 346 Good splits: 337
Reward: 108791.571777 Total splits: 354 Good splits: 342
Reward: 90711.8907867 Total splits: 348 Good splits: 325
Reward: 89672.1707195 Total splits: 379 Good splits: 365

Results after 10 tests
Average total rewards : 96477.037389
Average total splits  : 354.6
Average good splits   : 341.5
Average good splits % : 96.3056965595

Reward: 95956.6127053 Total splits: 336 Good splits: 324
Reward: 104080.415282 Total splits: 367 Good splits: 361
Reward: 93092.9860321 Total splits: 334 Good splits: 321
Reward: 93859.1874944 Total splits: 358 Good splits: 349
Reward: 105116.004941 Total splits: 373 Good splits: 363
Reward: 96484.0323313 Total splits: 384 Good splits: 376
Reward: 93990.7688107 Total splits: 311 Good splits: 298
Reward: 107713.13248 Total splits: 351 Good splits: 343
Reward: 104662.522198 Total splits: 359 Good splits: 350
Reward: 99822.8965809 Total splits: 345 Good splits: 335

Results after 10 tests
Average total rewards : 99477.8558856
Average total splits  : 351.8
Average good splits   : 342.0
Average good splits % : 97.2143263218

Reward: 107361.207275 Total splits: 335 Good splits: 331
Reward: 93749.8763311 Total splits: 354 Good splits: 345
Reward: 93726.0027756 Total splits: 345 Good splits: 333
Reward: 91604.8257811 Total splits: 343 Good splits: 331
Reward: 90437.2341664 Total splits: 358 Good splits: 346
Reward: 98246.7746553 Total splits: 354 Good splits: 344
Reward: 91653.8964989 Total splits: 332 Good splits: 321
Reward: 107725.732705 Total splits: 376 Good splits: 366
Reward: 102465.22591 Total splits: 367 Good splits: 361
Reward: 103496.034362 Total splits: 367 Good splits: 365

Results after 10 tests
Average total rewards : 98046.6810461
Average total splits  : 353.1
Average good splits   : 344.3
Average good splits % : 97.507788162

Reward: 100676.375026 Total splits: 368 Good splits: 358
Reward: 105756.43703 Total splits: 324 Good splits: 313
Reward: 102605.785293 Total splits: 349 Good splits: 336
Reward: 107070.92999 Total splits: 372 Good splits: 364
Reward: 98340.3176743 Total splits: 359 Good splits: 350
Reward: 101523.15845 Total splits: 347 Good splits: 340
Reward: 103190.66155 Total splits: 374 Good splits: 366
Reward: 100041.389462 Total splits: 360 Good splits: 353
Reward: 105378.92431 Total splits: 357 Good splits: 353
Reward: 101090.695056 Total splits: 347 Good splits: 333
Reward: 98504.2254767 Total splits: 312 Good splits: 301
Reward: 109149.209102 Total splits: 374 Good splits: 364
Reward: 97351.5206229 Total splits: 342 Good splits: 335
Reward: 99813.9157483 Total splits: 357 Good splits: 344
Reward: 103873.984877 Total splits: 361 Good splits: 354
Reward: 105793.628329 Total splits: 364 Good splits: 355
Reward: 92680.1988941 Total splits: 329 Good splits: 324
Reward: 94465.1118912 Total splits: 388 Good splits: 373
Reward: 106907.625973 Total splits: 365 Good splits: 355
Reward: 103800.268229 Total splits: 389 Good splits: 378
Reward: 104634.419793 Total splits: 382 Good splits: 373
Reward: 102303.164026 Total splits: 377 Good splits: 365
Reward: 99829.4761534 Total splits: 347 Good splits: 338
Reward: 101121.858893 Total splits: 370 Good splits: 356
Reward: 102195.456856 Total splits: 340 Good splits: 333
Reward: 111627.760033 Total splits: 333 Good splits: 327
Reward: 98749.6779891 Total splits: 361 Good splits: 352
Reward: 92781.3765011 Total splits: 376 Good splits: 366
Reward: 105836.725135 Total splits: 403 Good splits: 397
Reward: 103779.447175 Total splits: 374 Good splits: 365
Reward: 97590.4273079 Total splits: 360 Good splits: 353
Reward: 98925.8020578 Total splits: 380 Good splits: 370
Reward: 104267.041608 Total splits: 383 Good splits: 373
Reward: 108481.971223 Total splits: 361 Good splits: 354
Reward: 109205.285818 Total splits: 366 Good splits: 361
Reward: 93754.20462 Total splits: 329 Good splits: 319
Reward: 106297.224821 Total splits: 371 Good splits: 364
Reward: 104252.626162 Total splits: 323 Good splits: 315

Results after 10 tests
Average total rewards : 101898.083919
Average total splits  : 358.9
Average good splits   : 348.9
Average good splits % : 97.2137085539

Reward: 96705.2340576 Total splits: 374 Good splits: 356

Results after 10 tests
Average total rewards : 101733.157047
Average total splits  : 361.7
Average good splits   : 352.9
Average good splits % : 97.567044512

Reward: 89436.8909752 Total splits: 331 Good splits: 323

Results after 10 tests
Average total rewards : 100780.33507
Average total splits  : 361.6
Average good splits   : 352.5
Average good splits % : 97.4834070796

Reward: 96555.3521732 Total splits: 368 Good splits: 358
Reward: 105328.368225 Total splits: 364 Good splits: 356
Reward: 94716.0255174 Total splits: 369 Good splits: 356
Reward: 98807.4163296 Total splits: 349 Good splits: 335
Reward: 105600.512012 Total splits: 340 Good splits: 330
Reward: 103519.197797 Total splits: 345 Good splits: 336

Results after 2 tests
Average total rewards : 100037.274985
Average total splits  : 356.5
Average good splits   : 347.0
Average good splits % : 97.3352033661

Reward: 93566.2087381 Total splits: 336 Good splits: 327

Results after 2 tests
Average total rewards : 99447.2884817
Average total splits  : 350.0
Average good splits   : 341.5
Average good splits % : 97.5714285714

Reward: 92462.523765 Total splits: 377 Good splits: 366

Results after 2 tests
Average total rewards : 93589.2746412
Average total splits  : 373.0
Average good splits   : 361.0
Average good splits % : 96.7828418231

Reward: 105185.401511 Total splits: 370 Good splits: 358

Results after 2 tests
Average total rewards : 105392.956761
Average total splits  : 355.0
Average good splits   : 344.0
Average good splits % : 96.9014084507

Reward: 105967.353717 Total splits: 360 Good splits: 349

Results after 2 tests
Average total rewards : 102387.385023
Average total splits  : 354.5
Average good splits   : 342.0
Average good splits % : 96.4739069111

