Reward: 118440.096791 Total splits: 474 Good splits: 451
Reward: 122661.388338 Total splits: 468 Good splits: 446
Reward: 116887.116411 Total splits: 472 Good splits: 443
Reward: 118001.032326 Total splits: 503 Good splits: 466
Reward: 123090.152726 Total splits: 496 Good splits: 464
Reward: 119785.73086 Total splits: 470 Good splits: 441
Reward: 126224.200793 Total splits: 462 Good splits: 427
Reward: 127761.359347 Total splits: 487 Good splits: 465
Reward: 115323.994869 Total splits: 516 Good splits: 482
Reward: 121940.408462 Total splits: 495 Good splits: 469
Reward: 121521.427229 Total splits: 463 Good splits: 434
Reward: 122455.293669 Total splits: 449 Good splits: 421
Reward: 117983.328398 Total splits: 468 Good splits: 441
Reward: 122163.471051 Total splits: 492 Good splits: 471
Reward: 123561.331336 Total splits: 493 Good splits: 454
Reward: 125750.192982 Total splits: 489 Good splits: 457
Reward: 119817.331687 Total splits: 464 Good splits: 431
Reward: 125059.4783 Total splits: 477 Good splits: 449
Reward: 123286.324343 Total splits: 473 Good splits: 446
Reward: 125427.460589 Total splits: 462 Good splits: 430
Reward: 127380.465774 Total splits: 493 Good splits: 455
Reward: 119535.034446 Total splits: 483 Good splits: 444
Reward: 120124.201922 Total splits: 487 Good splits: 461
Reward: 120177.620974 Total splits: 497 Good splits: 471
Reward: 119514.185796 Total splits: 488 Good splits: 450
Reward: 123066.546257 Total splits: 526 Good splits: 499
Reward: 118177.438314 Total splits: 500 Good splits: 459
Reward: 116263.571002 Total splits: 470 Good splits: 444
Reward: 115892.540882 Total splits: 522 Good splits: 486
Reward: 122157.482991 Total splits: 457 Good splits: 433
Reward: 116651.19476 Total splits: 492 Good splits: 451
Reward: 112360.721566 Total splits: 500 Good splits: 472
Reward: 117077.061021 Total splits: 479 Good splits: 448
Reward: 111934.048852 Total splits: 454 Good splits: 423
Reward: 119241.533962 Total splits: 508 Good splits: 475
Reward: 120653.870432 Total splits: 520 Good splits: 481
Reward: 119490.226961 Total splits: 506 Good splits: 481
Reward: 119960.040127 Total splits: 463 Good splits: 430
Reward: 120828.112016 Total splits: 456 Good splits: 431
Reward: 122229.846079 Total splits: 483 Good splits: 444
Reward: 124521.892203 Total splits: 522 Good splits: 486
Reward: 121812.435732 Total splits: 499 Good splits: 454
Reward: 122418.112021 Total splits: 503 Good splits: 471
Reward: 116298.441298 Total splits: 472 Good splits: 441
Reward: 115374.061812 Total splits: 493 Good splits: 453
Reward: 119688.034491 Total splits: 501 Good splits: 467

Results after 10 tests
Average total rewards : 119664.231737
Average total splits  : 490.8
Average good splits   : 459.8
Average good splits % : 93.6837815811

Reward: 121673.19782 Total splits: 479 Good splits: 447

Results after 10 tests
Average total rewards : 119354.630556
Average total splits  : 491.1
Average good splits   : 457.6
Average good splits % : 93.1785787009

Reward: 119767.486513 Total splits: 488 Good splits: 458

Results after 10 tests
Average total rewards : 120783.94827
Average total splits  : 476.0
Average good splits   : 445.0
Average good splits % : 93.487394958

Reward: 120558.022312 Total splits: 495 Good splits: 469

Results after 10 tests
Average total rewards : 120753.421044
Average total splits  : 486.5
Average good splits   : 453.8
Average good splits % : 93.2785200411

Reward: 113277.563512 Total splits: 464 Good splits: 437

Results after 10 tests
Average total rewards : 120968.379628
Average total splits  : 482.9
Average good splits   : 454.7
Average good splits % : 94.1602816318

Reward: 114986.255534 Total splits: 492 Good splits: 458
Reward: 125465.974209 Total splits: 475 Good splits: 442
Reward: 109411.513524 Total splits: 478 Good splits: 449
Reward: 119308.100937 Total splits: 391 Good splits: 353
Reward: 121460.452841 Total splits: 515 Good splits: 478
Reward: 115580.565103 Total splits: 511 Good splits: 478
Reward: 122234.050632 Total splits: 501 Good splits: 465
Reward: 124937.302352 Total splits: 488 Good splits: 454
Reward: 124400.423191 Total splits: 477 Good splits: 443
Reward: 114821.240069 Total splits: 469 Good splits: 439
Reward: 119705.408179 Total splits: 472 Good splits: 439
Reward: 123451.861966 Total splits: 477 Good splits: 446
Reward: 126078.340439 Total splits: 506 Good splits: 470
Reward: 121840.351579 Total splits: 445 Good splits: 419
Reward: 111266.403324 Total splits: 454 Good splits: 419
Reward: 120473.777356 Total splits: 476 Good splits: 450
Reward: 119347.407759 Total splits: 525 Good splits: 494

Results after 10 tests
Average total rewards : 119435.622963
Average total splits  : 489.5
Average good splits   : 455.7
Average good splits % : 93.0949948927

Reward: 121361.717228 Total splits: 489 Good splits: 459
Reward: 121113.761898 Total splits: 479 Good splits: 444
Reward: 115430.65213 Total splits: 477 Good splits: 453

Results after 10 tests
Average total rewards : 119831.933062
Average total splits  : 470.2
Average good splits   : 439.5
Average good splits % : 93.4708634624

Reward: 122070.880539 Total splits: 470 Good splits: 436
Reward: 125145.007842 Total splits: 450 Good splits: 414
Reward: 121274.428603 Total splits: 478 Good splits: 445
Reward: 115835.37515 Total splits: 502 Good splits: 469
Reward: 116226.51248 Total splits: 469 Good splits: 436
Reward: 119911.99942 Total splits: 500 Good splits: 470
Reward: 125244.593729 Total splits: 510 Good splits: 474
Reward: 124348.599377 Total splits: 480 Good splits: 445
Reward: 114137.149365 Total splits: 492 Good splits: 468
Reward: 124486.133726 Total splits: 468 Good splits: 429
Reward: 118993.220272 Total splits: 487 Good splits: 459
Reward: 121505.771309 Total splits: 485 Good splits: 439
Reward: 113310.12119 Total splits: 471 Good splits: 439
Reward: 116829.651713 Total splits: 512 Good splits: 476
Reward: 115087.360992 Total splits: 442 Good splits: 412
Reward: 122315.777784 Total splits: 493 Good splits: 471
Reward: 121255.509392 Total splits: 451 Good splits: 412
Reward: 125416.053008 Total splits: 490 Good splits: 465
Reward: 121034.046443 Total splits: 477 Good splits: 446
Reward: 119930.678445 Total splits: 500 Good splits: 467
Reward: 124298.104562 Total splits: 482 Good splits: 451
Reward: 123348.615986 Total splits: 487 Good splits: 456
Reward: 119617.492749 Total splits: 505 Good splits: 458
Reward: 119397.21526 Total splits: 521 Good splits: 490
Reward: 120340.263903 Total splits: 469 Good splits: 436
Reward: 120272.483244 Total splits: 477 Good splits: 453
Reward: 121838.786342 Total splits: 487 Good splits: 448

Results after 10 tests
Average total rewards : 120718.909986
Average total splits  : 486.4
Average good splits   : 453.8
Average good splits % : 93.2976973684

Reward: 119124.389837 Total splits: 500 Good splits: 467

Results after 10 tests
Average total rewards : 120345.107972
Average total splits  : 480.9
Average good splits   : 448.4
Average good splits % : 93.24183822

Reward: 118629.995219 Total splits: 497 Good splits: 465
Reward: 118333.439545 Total splits: 461 Good splits: 429

Results after 10 tests
Average total rewards : 119891.947784
Average total splits  : 484.0
Average good splits   : 450.3
Average good splits % : 93.0371900826

