Reward: 124089.876598 Total splits: 576 Good splits: 548
Reward: 122307.423347 Total splits: 529 Good splits: 501
Reward: 123042.816977 Total splits: 530 Good splits: 490
Reward: 121028.443375 Total splits: 491 Good splits: 467
Reward: 124883.094753 Total splits: 538 Good splits: 495
Reward: 122147.587722 Total splits: 521 Good splits: 479
Reward: 124182.240013 Total splits: 534 Good splits: 498
Reward: 119550.295207 Total splits: 502 Good splits: 473
Reward: 127751.785975 Total splits: 552 Good splits: 506
Reward: 121621.618177 Total splits: 525 Good splits: 478
Reward: 124695.290156 Total splits: 545 Good splits: 508
Reward: 125058.137823 Total splits: 522 Good splits: 487
Reward: 117483.866241 Total splits: 513 Good splits: 478
Reward: 124265.358589 Total splits: 499 Good splits: 460
Reward: 118777.745315 Total splits: 515 Good splits: 483
Reward: 124177.197097 Total splits: 513 Good splits: 472
Reward: 121677.568046 Total splits: 518 Good splits: 478
Reward: 123190.989176 Total splits: 576 Good splits: 538
Reward: 122244.858861 Total splits: 524 Good splits: 482
Reward: 123441.32677 Total splits: 550 Good splits: 528
Reward: 121629.263257 Total splits: 499 Good splits: 456
Reward: 120056.744429 Total splits: 525 Good splits: 495
Reward: 125167.010045 Total splits: 498 Good splits: 472
Reward: 124078.482384 Total splits: 502 Good splits: 461
Reward: 123981.57575 Total splits: 533 Good splits: 497
Reward: 126751.393277 Total splits: 508 Good splits: 461
Reward: 118750.291891 Total splits: 521 Good splits: 489
Reward: 122567.848237 Total splits: 523 Good splits: 477
Reward: 124286.087445 Total splits: 535 Good splits: 496
Reward: 125253.533632 Total splits: 529 Good splits: 489
Reward: 124194.387435 Total splits: 502 Good splits: 458
Reward: 124585.899494 Total splits: 522 Good splits: 480
Reward: 124612.669356 Total splits: 552 Good splits: 512
Reward: 122799.518024 Total splits: 551 Good splits: 513
Reward: 125116.152142 Total splits: 490 Good splits: 449
Reward: 123318.416115 Total splits: 534 Good splits: 501
Reward: 110851.361975 Total splits: 557 Good splits: 525
Reward: 126260.609364 Total splits: 496 Good splits: 454
Reward: 123640.139672 Total splits: 525 Good splits: 484
Reward: 113517.804383 Total splits: 552 Good splits: 523
Reward: 118771.283703 Total splits: 503 Good splits: 470
Reward: 124428.046898 Total splits: 537 Good splits: 502
Reward: 125425.329414 Total splits: 507 Good splits: 466
Reward: 119403.722346 Total splits: 500 Good splits: 466
Reward: 127602.68292 Total splits: 519 Good splits: 479

Results after 20 tests
Average total rewards : 123064.502342
Average total splits  : 519.45
Average good splits   : 482.15
Average good splits % : 92.8193281355

Reward: 127463.018221 Total splits: 523 Good splits: 486
Reward: 126609.879993 Total splits: 519 Good splits: 478
Reward: 124422.9104 Total splits: 515 Good splits: 486
Reward: 124967.085509 Total splits: 524 Good splits: 482
Reward: 125135.601512 Total splits: 520 Good splits: 481
Reward: 125764.788014 Total splits: 526 Good splits: 488
Reward: 124082.817042 Total splits: 533 Good splits: 503
Reward: 124909.928776 Total splits: 525 Good splits: 481
Reward: 120840.351577 Total splits: 545 Good splits: 509
Reward: 124509.988801 Total splits: 505 Good splits: 467
Reward: 117379.26808 Total splits: 528 Good splits: 490
Reward: 124428.630954 Total splits: 498 Good splits: 467
Reward: 122423.544552 Total splits: 552 Good splits: 517

Results after 20 tests
Average total rewards : 122828.992498
Average total splits  : 527.4
Average good splits   : 491.45
Average good splits % : 93.1835419037

Reward: 125149.384638 Total splits: 530 Good splits: 485
Reward: 116203.505925 Total splits: 551 Good splits: 518
Reward: 123887.693485 Total splits: 512 Good splits: 474

Results after 20 tests
Average total rewards : 123338.638428
Average total splits  : 525.55
Average good splits   : 487.3
Average good splits % : 92.7219103796

Reward: 128614.285833 Total splits: 566 Good splits: 506
Reward: 121695.074193 Total splits: 515 Good splits: 474
Reward: 121543.541674 Total splits: 505 Good splits: 460
Reward: 123038.163837 Total splits: 542 Good splits: 514
Reward: 119269.472709 Total splits: 540 Good splits: 508
Reward: 125232.608584 Total splits: 556 Good splits: 516
Reward: 121488.160781 Total splits: 555 Good splits: 520
Reward: 124787.74539 Total splits: 535 Good splits: 504
Reward: 123592.23299 Total splits: 503 Good splits: 467
Reward: 120493.938919 Total splits: 527 Good splits: 496
Reward: 123674.154274 Total splits: 532 Good splits: 494
Reward: 119451.973546 Total splits: 528 Good splits: 493
Reward: 121467.16103 Total splits: 543 Good splits: 507
Reward: 126524.013389 Total splits: 533 Good splits: 488
Reward: 125037.854562 Total splits: 535 Good splits: 494
Reward: 122980.140528 Total splits: 493 Good splits: 460
Reward: 125091.479214 Total splits: 535 Good splits: 490
Reward: 118156.809175 Total splits: 527 Good splits: 495
Reward: 123489.830857 Total splits: 549 Good splits: 501
Reward: 122136.803447 Total splits: 519 Good splits: 481
Reward: 125924.386531 Total splits: 534 Good splits: 485
Reward: 122528.606839 Total splits: 539 Good splits: 495
Reward: 116072.834402 Total splits: 535 Good splits: 496
Reward: 125831.161079 Total splits: 509 Good splits: 469
Reward: 122108.695132 Total splits: 538 Good splits: 513
Reward: 127045.685105 Total splits: 517 Good splits: 485
Reward: 125735.212725 Total splits: 550 Good splits: 508
Reward: 123232.854921 Total splits: 507 Good splits: 478
Reward: 126755.063254 Total splits: 526 Good splits: 489
Reward: 125005.226293 Total splits: 546 Good splits: 512
Reward: 125864.412119 Total splits: 503 Good splits: 455
Reward: 123776.514668 Total splits: 531 Good splits: 496
Reward: 124904.744107 Total splits: 504 Good splits: 474
Reward: 122537.263639 Total splits: 526 Good splits: 491
Reward: 122097.56965 Total splits: 523 Good splits: 481
Reward: 118453.688957 Total splits: 537 Good splits: 490
Reward: 124958.040744 Total splits: 506 Good splits: 481
Reward: 121661.105003 Total splits: 545 Good splits: 499

Results after 20 tests
Average total rewards : 122884.604754
Average total splits  : 531.7
Average good splits   : 494.3
Average good splits % : 92.9659582471

Reward: 127207.463232 Total splits: 499 Good splits: 465

Results after 20 tests
Average total rewards : 123398.869209
Average total splits  : 526.5
Average good splits   : 488.1
Average good splits % : 92.7065527066

