Reward: 126433.061424 Total splits: 509 Good splits: 473
Reward: 120964.540185 Total splits: 542 Good splits: 508
Reward: 127954.330624 Total splits: 516 Good splits: 473
Reward: 125108.605729 Total splits: 521 Good splits: 482
Reward: 125461.139561 Total splits: 526 Good splits: 483
Reward: 125330.864632 Total splits: 536 Good splits: 493
Reward: 123471.496734 Total splits: 546 Good splits: 510
Reward: 125292.440367 Total splits: 547 Good splits: 513
Reward: 124493.801338 Total splits: 544 Good splits: 507
Reward: 122734.193478 Total splits: 507 Good splits: 451
Reward: 122419.365491 Total splits: 509 Good splits: 468
Reward: 122339.166457 Total splits: 514 Good splits: 466
Reward: 123038.612628 Total splits: 496 Good splits: 467
Reward: 122439.291403 Total splits: 526 Good splits: 491
Reward: 122343.735851 Total splits: 503 Good splits: 450
Reward: 125865.912692 Total splits: 482 Good splits: 440
Reward: 122193.440968 Total splits: 565 Good splits: 518
Reward: 126478.541316 Total splits: 537 Good splits: 490
Reward: 127947.876162 Total splits: 522 Good splits: 469
Reward: 124476.974026 Total splits: 486 Good splits: 449
Reward: 124573.513964 Total splits: 539 Good splits: 503
Reward: 126945.139375 Total splits: 535 Good splits: 475
Reward: 126070.721852 Total splits: 534 Good splits: 501
Reward: 125256.341519 Total splits: 525 Good splits: 476
Reward: 125438.765541 Total splits: 479 Good splits: 441
Reward: 122623.818969 Total splits: 519 Good splits: 472
Reward: 119591.426759 Total splits: 515 Good splits: 486
Reward: 126740.284457 Total splits: 501 Good splits: 462
Reward: 125197.078893 Total splits: 522 Good splits: 474
Reward: 122366.105162 Total splits: 551 Good splits: 522
Reward: 124327.561579 Total splits: 523 Good splits: 480
Reward: 127722.595299 Total splits: 525 Good splits: 478
Reward: 120703.97596 Total splits: 536 Good splits: 494
Reward: 123531.19893 Total splits: 537 Good splits: 505
Reward: 126321.350686 Total splits: 519 Good splits: 490
Reward: 125033.280209 Total splits: 491 Good splits: 455
Reward: 122888.896672 Total splits: 531 Good splits: 490
Reward: 123080.123741 Total splits: 525 Good splits: 484
Reward: 115585.038192 Total splits: 532 Good splits: 486
Reward: 127937.944809 Total splits: 529 Good splits: 491
Reward: 126548.292347 Total splits: 528 Good splits: 481
Reward: 117896.795701 Total splits: 542 Good splits: 506
Reward: 125347.679901 Total splits: 514 Good splits: 475
Reward: 127363.088692 Total splits: 509 Good splits: 467
Reward: 128258.186339 Total splits: 530 Good splits: 491
Reward: 127677.321711 Total splits: 530 Good splits: 485

Results after 10 tests
Average total rewards : 124590.648541
Average total splits  : 524.4
Reward: 127289.009863 Total splits: 517 Good splits: 471
Reward: 125121.052595 Total splits: 537 Good splits: 490
Reward: 126814.601357 Total splits: 513 Good splits: 463
Reward: 121682.809997 Total splits: 531 Good splits: 494

Results after 4 tests
Average total rewards : 125226.868453
Average total splits  : 524.5
Average good splits   : 479.5
Average good splits % : 91.4204003813

Reward: 124326.235105 Total splits: 547 Good splits: 514
Reward: 127425.875413 Total splits: 540 Good splits: 501
Reward: 126694.847972 Total splits: 515 Good splits: 475
Reward: 125524.476202 Total splits: 526 Good splits: 495
Reward: 123441.810505 Total splits: 539 Good splits: 483
Reward: 121538.118809 Total splits: 519 Good splits: 479
Reward: 121080.736782 Total splits: 535 Good splits: 515
Reward: 124169.861293 Total splits: 526 Good splits: 474
Reward: 124950.628949 Total splits: 530 Good splits: 495
Reward: 120691.771123 Total splits: 528 Good splits: 492
Reward: 125798.436752 Total splits: 527 Good splits: 496
Reward: 122818.953697 Total splits: 528 Good splits: 487
Reward: 124764.751065 Total splits: 512 Good splits: 468
Reward: 125347.449349 Total splits: 529 Good splits: 490
Reward: 124258.370794 Total splits: 512 Good splits: 482
Reward: 126157.623803 Total splits: 519 Good splits: 475
Reward: 124841.235648 Total splits: 558 Good splits: 521
Reward: 122439.146107 Total splits: 538 Good splits: 511
Reward: 127754.537857 Total splits: 508 Good splits: 472

Results after 10 tests
Average total rewards : 124791.159143
Average total splits  : 528.3
Average good splits   : 492.1
Average good splits % : 93.1478326708

Reward: 125932.877414 Total splits: 507 Good splits: 472

Results after 10 tests
Average total rewards : 124204.615321
Average total splits  : 526.0
Average good splits   : 487.6
Average good splits % : 92.6996197719

Reward: 119858.934015 Total splits: 506 Good splits: 459
Reward: 127361.508035 Total splits: 552 Good splits: 507
Reward: 122708.722529 Total splits: 520 Good splits: 486
Reward: 122832.63963 Total splits: 549 Good splits: 518
Reward: 121353.951198 Total splits: 554 Good splits: 523
Reward: 125811.266846 Total splits: 518 Good splits: 483
Reward: 125885.864894 Total splits: 546 Good splits: 506
Reward: 120532.282174 Total splits: 531 Good splits: 480
Reward: 119088.642903 Total splits: 516 Good splits: 486
Reward: 122130.039237 Total splits: 509 Good splits: 459
Reward: 125041.950784 Total splits: 514 Good splits: 474
Reward: 120772.512106 Total splits: 505 Good splits: 452
Reward: 126592.704864 Total splits: 518 Good splits: 476
Reward: 125049.944869 Total splits: 546 Good splits: 510
Reward: 123211.816166 Total splits: 547 Good splits: 498
Reward: 124855.107746 Total splits: 525 Good splits: 478
Reward: 122922.549795 Total splits: 517 Good splits: 494
Reward: 126043.511563 Total splits: 504 Good splits: 467
Reward: 126224.118346 Total splits: 540 Good splits: 494
Reward: 123362.600576 Total splits: 544 Good splits: 501
Reward: 124274.875092 Total splits: 509 Good splits: 473
Reward: 126070.699856 Total splits: 521 Good splits: 470
Reward: 126538.142279 Total splits: 556 Good splits: 520
Reward: 126821.34706 Total splits: 528 Good splits: 494
Reward: 117237.770017 Total splits: 534 Good splits: 493
Reward: 125312.196681 Total splits: 527 Good splits: 494
Reward: 121518.946401 Total splits: 497 Good splits: 451

Results after 10 tests
Average total rewards : 124243.668076
Average total splits  : 517.7
Average good splits   : 477.6
Average good splits % : 92.2542012749

Reward: 121492.000095 Total splits: 518 Good splits: 485
Reward: 121392.83792 Total splits: 521 Good splits: 469

Results after 10 tests
Average total rewards : 122810.761142
Average total splits  : 532.2
Average good splits   : 491.7
Average good splits % : 92.3900789177

Reward: 124961.366679 Total splits: 511 Good splits: 461

Results after 10 tests
Average total rewards : 123671.655817
Average total splits  : 528.4
Average good splits   : 486.8
Average good splits % : 92.1271763815

