Reward: 120014.585557 Total splits: 510 Good splits: 478
Reward: 118869.994934 Total splits: 492 Good splits: 462
Reward: 117371.236909 Total splits: 482 Good splits: 443
Reward: 115518.342723 Total splits: 469 Good splits: 443
Reward: 118379.727618 Total splits: 481 Good splits: 449
Reward: 120691.062163 Total splits: 449 Good splits: 424
Reward: 126335.299158 Total splits: 498 Good splits: 470
Reward: 120885.030805 Total splits: 486 Good splits: 453
Reward: 125995.187042 Total splits: 505 Good splits: 470
Reward: 121706.531427 Total splits: 474 Good splits: 435
Reward: 111983.261558 Total splits: 496 Good splits: 471
Reward: 118513.323192 Total splits: 488 Good splits: 454
Reward: 121167.810445 Total splits: 476 Good splits: 442
Reward: 121613.999889 Total splits: 493 Good splits: 456
Reward: 118469.562877 Total splits: 506 Good splits: 467
Reward: 118727.700564 Total splits: 480 Good splits: 445
Reward: 122593.493612 Total splits: 508 Good splits: 475
Reward: 120887.653496 Total splits: 488 Good splits: 445
Reward: 121353.032921 Total splits: 503 Good splits: 468
Reward: 123068.340728 Total splits: 486 Good splits: 461
Reward: 114738.501263 Total splits: 505 Good splits: 477
Reward: 118044.97352 Total splits: 487 Good splits: 452
Reward: 121316.131436 Total splits: 438 Good splits: 407
Reward: 127656.478773 Total splits: 468 Good splits: 441
Reward: 120565.457179 Total splits: 482 Good splits: 445
Reward: 115234.714675 Total splits: 473 Good splits: 445
Reward: 120455.624103 Total splits: 535 Good splits: 493
Reward: 121318.671284 Total splits: 473 Good splits: 453
Reward: 117964.906825 Total splits: 455 Good splits: 419
Reward: 120619.037474 Total splits: 497 Good splits: 476
Reward: 126905.17333 Total splits: 464 Good splits: 426
Reward: 118976.006292 Total splits: 503 Good splits: 467
Reward: 123389.942618 Total splits: 493 Good splits: 458
Reward: 117095.370494 Total splits: 523 Good splits: 490
Reward: 116735.02025 Total splits: 460 Good splits: 428
Reward: 121106.39765 Total splits: 507 Good splits: 460
Reward: 118258.648603 Total splits: 502 Good splits: 472
Reward: 119205.754168 Total splits: 511 Good splits: 477
Reward: 124348.953516 Total splits: 494 Good splits: 451
Reward: 120160.928323 Total splits: 491 Good splits: 453

Results after 10 tests
Average total rewards : 119140.857426
Average total splits  : 500.3
Average good splits   : 465.6
Average good splits % : 93.0641615031

Reward: 119616.224067 Total splits: 473 Good splits: 443
Reward: 123706.942247 Total splits: 496 Good splits: 456

Results after 10 tests
Average total rewards : 121852.980982
Average total splits  : 487.4
Average good splits   : 450.6
Average good splits % : 92.4497332786

Reward: 122886.536373 Total splits: 486 Good splits: 451

Results after 10 tests
Average total rewards : 119159.040413
Average total splits  : 493.7
Average good splits   : 461.8
Average good splits % : 93.5385861859

Reward: 125600.991728 Total splits: 483 Good splits: 455
Reward: 125402.756809 Total splits: 447 Good splits: 419
Reward: 114566.62641 Total splits: 438 Good splits: 411
Reward: 119109.237613 Total splits: 468 Good splits: 443
Reward: 120352.143844 Total splits: 506 Good splits: 472

Results after 10 tests
Average total rewards : 120130.368799
Average total splits  : 471.6
Average good splits   : 442.2
Average good splits % : 93.7659033079

Reward: 122873.936834 Total splits: 486 Good splits: 458
Reward: 120384.561477 Total splits: 494 Good splits: 460

Results after 10 tests
Average total rewards : 121990.93506
Average total splits  : 477.8
Average good splits   : 446.7
Average good splits % : 93.4910004186

Reward: 121410.358541 Total splits: 483 Good splits: 442
Reward: 121730.015679 Total splits: 488 Good splits: 456
Reward: 121904.014549 Total splits: 501 Good splits: 467
Reward: 120559.441542 Total splits: 443 Good splits: 412
Reward: 121351.589293 Total splits: 512 Good splits: 472
Reward: 123161.762148 Total splits: 502 Good splits: 473
Reward: 122959.467155 Total splits: 493 Good splits: 463
Reward: 121578.791157 Total splits: 463 Good splits: 418
Reward: 122572.568746 Total splits: 504 Good splits: 475
Reward: 121531.303432 Total splits: 506 Good splits: 481
Reward: 121196.597582 Total splits: 511 Good splits: 475
Reward: 117191.830572 Total splits: 509 Good splits: 486
Reward: 123613.32017 Total splits: 479 Good splits: 446
Reward: 122693.738914 Total splits: 478 Good splits: 440
Reward: 116966.886326 Total splits: 511 Good splits: 484
Reward: 120320.783862 Total splits: 471 Good splits: 441

Results after 10 tests
Average total rewards : 121402.56019
Average total splits  : 495.3
Average good splits   : 462.1
Average good splits % : 93.2969917222

Reward: 114067.73088 Total splits: 413 Good splits: 400
Reward: 122055.07157 Total splits: 452 Good splits: 419
Reward: 123666.609061 Total splits: 497 Good splits: 459
Reward: 117557.942502 Total splits: 492 Good splits: 464

Results after 10 tests
Average total rewards : 120406.422178
Average total splits  : 475.5
Average good splits   : 445.2
Average good splits % : 93.6277602524

Reward: 122927.935326 Total splits: 505 Good splits: 470
Reward: 122257.456004 Total splits: 504 Good splits: 470
Reward: 121488.412006 Total splits: 459 Good splits: 433
Reward: 124264.37912 Total splits: 512 Good splits: 479
Reward: 125811.667918 Total splits: 459 Good splits: 435
Reward: 124417.073244 Total splits: 481 Good splits: 449
Reward: 120662.987289 Total splits: 530 Good splits: 494
Reward: 118144.605798 Total splits: 471 Good splits: 439
Reward: 126232.353239 Total splits: 512 Good splits: 480
Reward: 119749.160774 Total splits: 504 Good splits: 471
Reward: 122969.751899 Total splits: 495 Good splits: 456
Reward: 116392.437948 Total splits: 448 Good splits: 421
Reward: 122449.054534 Total splits: 489 Good splits: 463
Reward: 120002.201406 Total splits: 506 Good splits: 470
Reward: 124052.692261 Total splits: 487 Good splits: 455
Reward: 119424.044715 Total splits: 487 Good splits: 449
Reward: 117313.782743 Total splits: 498 Good splits: 458
Reward: 124202.897523 Total splits: 501 Good splits: 457
Reward: 115867.748809 Total splits: 474 Good splits: 434
Reward: 118870.972249 Total splits: 508 Good splits: 472
Reward: 120698.294336 Total splits: 456 Good splits: 419
Reward: 123824.65105 Total splits: 492 Good splits: 467
Reward: 125544.847755 Total splits: 512 Good splits: 478
Reward: 123736.913636 Total splits: 469 Good splits: 435
Reward: 116351.840353 Total splits: 500 Good splits: 470

Results after 10 tests
Average total rewards : 120464.452661
Average total splits  : 486.2
Average good splits   : 454.5
Average good splits % : 93.4800493624

Reward: 124410.26354 Total splits: 525 Good splits: 485
Reward: 117588.039099 Total splits: 468 Good splits: 442
Reward: 117394.534161 Total splits: 498 Good splits: 455

Results after 10 tests
Average total rewards : 122082.721888
Average total splits  : 492.2
Average good splits   : 456.3
Average good splits % : 92.706216985

Reward: 124578.077595 Total splits: 472 Good splits: 445
Reward: 121090.044076 Total splits: 519 Good splits: 484

Results after 10 tests
Average total rewards : 121724.737492
Average total splits  : 495.7
Average good splits   : 462.7
Average good splits % : 93.3427476296

