Reward: 102945.612797 Total splits: 378 Good splits: 373
Reward: 111018.990261 Total splits: 344 Good splits: 331
Reward: 107419.707662 Total splits: 383 Good splits: 369
Reward: 95232.41933 Total splits: 332 Good splits: 327
Reward: 111401.60978 Total splits: 349 Good splits: 339
Reward: 106512.500975 Total splits: 372 Good splits: 363
Reward: 98216.1101017 Total splits: 348 Good splits: 340
Reward: 102359.941346 Total splits: 332 Good splits: 330
Reward: 95402.9430415 Total splits: 338 Good splits: 323
Reward: 102724.504578 Total splits: 336 Good splits: 326
Reward: 106423.88017 Total splits: 369 Good splits: 359
Reward: 111576.37715 Total splits: 340 Good splits: 331
Reward: 100288.06197 Total splits: 348 Good splits: 336
Reward: 109667.69111 Total splits: 375 Good splits: 367
Reward: 96636.3167964 Total splits: 348 Good splits: 340
Reward: 105655.686028 Total splits: 383 Good splits: 372
Reward: 110674.688774 Total splits: 389 Good splits: 378
Reward: 113202.093507 Total splits: 364 Good splits: 358
Reward: 94392.1863094 Total splits: 351 Good splits: 341
Reward: 106830.399324 Total splits: 377 Good splits: 366
Reward: 109256.015637 Total splits: 381 Good splits: 374
Reward: 107683.612069 Total splits: 375 Good splits: 366
Reward: 107722.846294 Total splits: 356 Good splits: 340
Reward: 96290.3369798 Total splits: 375 Good splits: 362
Reward: 102075.677575 Total splits: 350 Good splits: 336
Reward: 96750.5532986 Total splits: 383 Good splits: 367
Reward: 99625.4526261 Total splits: 370 Good splits: 362
Reward: 100555.56494 Total splits: 375 Good splits: 367
Reward: 102020.998197 Total splits: 328 Good splits: 316
Reward: 107945.46147 Total splits: 396 Good splits: 390
Reward: 90343.0964884 Total splits: 357 Good splits: 345
Reward: 101112.551758 Total splits: 381 Good splits: 370
Reward: 106794.42065 Total splits: 357 Good splits: 343
Reward: 109138.357215 Total splits: 381 Good splits: 365
Reward: 105972.048576 Total splits: 374 Good splits: 366
Reward: 111662.168963 Total splits: 390 Good splits: 381
Reward: 106351.673965 Total splits: 361 Good splits: 350
Reward: 102983.331247 Total splits: 339 Good splits: 331
Reward: 99955.1985216 Total splits: 380 Good splits: 376
Reward: 113595.640014 Total splits: 354 Good splits: 343
Reward: 102250.033735 Total splits: 322 Good splits: 315
Reward: 113865.779374 Total splits: 339 Good splits: 334
Reward: 107322.660182 Total splits: 349 Good splits: 345
Reward: 109198.638428 Total splits: 323 Good splits: 320
Reward: 107490.824907 Total splits: 354 Good splits: 350

Results after 10 tests
Average total rewards : 105642.83626
Average total splits  : 367.2
Average good splits   : 358.6
Average good splits % : 97.6579520697

Reward: 98300.8341436 Total splits: 286 Good splits: 277

Results after 10 tests
Average total rewards : 104434.88246
Average total splits  : 357.1
Average good splits   : 347.7
Average good splits % : 97.3676841221

Reward: 111599.356295 Total splits: 335 Good splits: 331

Results after 10 tests
Average total rewards : 102024.091008
Average total splits  : 352.6
Average good splits   : 343.7
Average good splits % : 97.4758933636

Reward: 108162.02248 Total splits: 350 Good splits: 342

Results after 10 tests
Average total rewards : 104822.453322
Average total splits  : 359.1
Average good splits   : 349.3
Average good splits % : 97.2709551657

Reward: 111703.14784 Total splits: 339 Good splits: 327
Reward: 109241.896283 Total splits: 350 Good splits: 341

Results after 10 tests
Average total rewards : 107630.929064
Average total splits  : 350.6
Average good splits   : 340.8
Average good splits % : 97.2047917855

Reward: 113398.326094 Total splits: 335 Good splits: 323
Reward: 108986.087928 Total splits: 375 Good splits: 367
Reward: 99973.4013039 Total splits: 368 Good splits: 358
Reward: 100121.105696 Total splits: 367 Good splits: 357
Reward: 107445.65553 Total splits: 368 Good splits: 357
Reward: 107018.600158 Total splits: 367 Good splits: 364
Reward: 99017.7255177 Total splits: 360 Good splits: 351
Reward: 107402.311269 Total splits: 347 Good splits: 338
Reward: 103643.233186 Total splits: 382 Good splits: 372
Reward: 112593.53397 Total splits: 321 Good splits: 314
Reward: 101988.935389 Total splits: 365 Good splits: 357
Reward: 108870.011461 Total splits: 392 Good splits: 390
Reward: 96341.248147 Total splits: 333 Good splits: 326
Reward: 110897.102574 Total splits: 408 Good splits: 398
Reward: 107570.737527 Total splits: 352 Good splits: 345
Reward: 113719.474268 Total splits: 336 Good splits: 331
Reward: 105372.685746 Total splits: 322 Good splits: 315
Reward: 102054.51676 Total splits: 335 Good splits: 330

Results after 10 tests
Average total rewards : 106916.730748
Average total splits  : 354.9
Average good splits   : 347.0
Average good splits % : 97.7740208509

Reward: 103704.887149 Total splits: 390 Good splits: 386
Reward: 107510.122132 Total splits: 367 Good splits: 359

Results after 10 tests
Average total rewards : 104846.239432
Average total splits  : 364.1
Average good splits   : 356.8
Average good splits % : 97.9950563032

Reward: 103287.54877 Total splits: 335 Good splits: 325
Reward: 98553.5634829 Total splits: 354 Good splits: 337
Reward: 103913.313302 Total splits: 378 Good splits: 369
Reward: 96465.9831291 Total splits: 337 Good splits: 327
Reward: 95705.1443304 Total splits: 360 Good splits: 348
Reward: 106817.500685 Total splits: 400 Good splits: 386
Reward: 105327.698271 Total splits: 363 Good splits: 350
Reward: 101382.307893 Total splits: 336 Good splits: 330
Reward: 111454.438753 Total splits: 325 Good splits: 320
Reward: 103511.158961 Total splits: 361 Good splits: 352
Reward: 98015.2815655 Total splits: 345 Good splits: 336
Reward: 108779.981485 Total splits: 332 Good splits: 325
Reward: 104198.805833 Total splits: 384 Good splits: 370
Reward: 113814.422083 Total splits: 386 Good splits: 381
Reward: 103258.326673 Total splits: 359 Good splits: 351
Reward: 110338.411721 Total splits: 335 Good splits: 324
Reward: 104500.956433 Total splits: 384 Good splits: 379
Reward: 102821.162943 Total splits: 358 Good splits: 349
Reward: 107417.813009 Total splits: 374 Good splits: 362
Reward: 103982.522911 Total splits: 377 Good splits: 365
Reward: 106399.374947 Total splits: 386 Good splits: 372
Reward: 115206.168274 Total splits: 357 Good splits: 351
Reward: 110853.287117 Total splits: 387 Good splits: 380
Reward: 103246.324141 Total splits: 385 Good splits: 379

Results after 10 tests
Average total rewards : 105947.691583
Average total splits  : 368.7
Average good splits   : 358.7
Average good splits % : 97.2877678329

Reward: 116306.714369 Total splits: 373 Good splits: 365
Reward: 102834.527223 Total splits: 354 Good splits: 341
Reward: 110816.264607 Total splits: 368 Good splits: 359
Reward: 110758.126502 Total splits: 367 Good splits: 357
Reward: 111615.536809 Total splits: 356 Good splits: 350

Results after 10 tests
Average total rewards : 106392.236336
Average total splits  : 361.2
Average good splits   : 352.2
Average good splits % : 97.5083056478

Reward: 99787.9066522 Total splits: 345 Good splits: 335

Results after 10 tests
Average total rewards : 104797.129369
Average total splits  : 356.2
Average good splits   : 346.6
Average good splits % : 97.3048848961

