Reward: 126997.741295 Total splits: 448 Good splits: 415
Reward: 115661.033623 Total splits: 462 Good splits: 436
Reward: 126090.050785 Total splits: 480 Good splits: 444
Reward: 126805.633988 Total splits: 475 Good splits: 434
Reward: 121963.898846 Total splits: 467 Good splits: 434
Reward: 119349.070982 Total splits: 471 Good splits: 434
Reward: 110762.323742 Total splits: 481 Good splits: 437
Reward: 121744.548464 Total splits: 460 Good splits: 424
Reward: 118867.213606 Total splits: 455 Good splits: 435
Reward: 114193.824703 Total splits: 459 Good splits: 426
Reward: 112858.500068 Total splits: 463 Good splits: 417
Reward: 114808.55773 Total splits: 512 Good splits: 481
Reward: 123215.71364 Total splits: 461 Good splits: 433
Reward: 125840.907087 Total splits: 484 Good splits: 447
Reward: 122942.675227 Total splits: 493 Good splits: 469
Reward: 118905.666816 Total splits: 452 Good splits: 421
Reward: 124113.903421 Total splits: 485 Good splits: 453
Reward: 123288.404102 Total splits: 462 Good splits: 423
Reward: 111968.763767 Total splits: 488 Good splits: 451
Reward: 125564.332916 Total splits: 461 Good splits: 425
Reward: 116232.784027 Total splits: 437 Good splits: 402
Reward: 125933.224619 Total splits: 497 Good splits: 470
Reward: 112123.039224 Total splits: 433 Good splits: 396
Reward: 110502.212699 Total splits: 524 Good splits: 488
Reward: 128066.678249 Total splits: 505 Good splits: 471
Reward: 125850.697956 Total splits: 472 Good splits: 443
Reward: 128329.07383 Total splits: 487 Good splits: 442
Reward: 113975.292158 Total splits: 469 Good splits: 434
Reward: 129573.670692 Total splits: 443 Good splits: 417
Reward: 124360.736598 Total splits: 511 Good splits: 478
Reward: 125122.776695 Total splits: 495 Good splits: 452
Reward: 128464.412999 Total splits: 477 Good splits: 447
Reward: 119164.188284 Total splits: 498 Good splits: 475
Reward: 121785.89282 Total splits: 478 Good splits: 439
Reward: 121074.738355 Total splits: 454 Good splits: 424
Reward: 119200.099475 Total splits: 474 Good splits: 435
Reward: 124884.729656 Total splits: 467 Good splits: 433
Reward: 126173.814252 Total splits: 442 Good splits: 402
Reward: 126926.192737 Total splits: 485 Good splits: 445
Reward: 126190.415639 Total splits: 485 Good splits: 448
Reward: 127660.853749 Total splits: 446 Good splits: 410
Reward: 125607.684241 Total splits: 508 Good splits: 468
Reward: 124936.82652 Total splits: 441 Good splits: 405
Reward: 119807.919838 Total splits: 466 Good splits: 436
Reward: 122203.422233 Total splits: 445 Good splits: 406
Reward: 124572.321378 Total splits: 440 Good splits: 402
Reward: 117734.175835 Total splits: 488 Good splits: 453
Reward: 126813.995964 Total splits: 470 Good splits: 437
Reward: 122169.782227 Total splits: 476 Good splits: 447
Reward: 124140.931594 Total splits: 504 Good splits: 466
Reward: 125892.918709 Total splits: 456 Good splits: 424
Reward: 126409.178292 Total splits: 475 Good splits: 444
Reward: 122523.91494 Total splits: 483 Good splits: 445
Reward: 118300.95438 Total splits: 440 Good splits: 418
Reward: 117363.423068 Total splits: 464 Good splits: 436
Reward: 127833.983997 Total splits: 460 Good splits: 418
Reward: 120342.70446 Total splits: 460 Good splits: 430
Reward: 115141.144053 Total splits: 490 Good splits: 449
Reward: 122752.340489 Total splits: 527 Good splits: 505
Reward: 123821.844244 Total splits: 457 Good splits: 424
Reward: 119942.460715 Total splits: 462 Good splits: 431
Reward: 125304.500544 Total splits: 481 Good splits: 457
Reward: 122426.829527 Total splits: 462 Good splits: 425
Reward: 127216.62909 Total splits: 506 Good splits: 467
Reward: 124405.217179 Total splits: 513 Good splits: 482
Reward: 124848.801573 Total splits: 453 Good splits: 421
Reward: 126185.660822 Total splits: 504 Good splits: 477
Reward: 123026.065667 Total splits: 478 Good splits: 449
Reward: 122871.823597 Total splits: 497 Good splits: 463
Reward: 118935.38308 Total splits: 487 Good splits: 453
Reward: 125811.855534 Total splits: 468 Good splits: 437
Reward: 125289.518131 Total splits: 477 Good splits: 440
Reward: 110062.446185 Total splits: 482 Good splits: 461
Reward: 121003.909872 Total splits: 438 Good splits: 409
Reward: 116035.848638 Total splits: 468 Good splits: 427
Reward: 120672.011132 Total splits: 491 Good splits: 463
Reward: 119436.366602 Total splits: 446 Good splits: 414
Reward: 124540.591042 Total splits: 508 Good splits: 469
Reward: 127364.238673 Total splits: 460 Good splits: 432
Reward: 123239.764988 Total splits: 519 Good splits: 489
Reward: 120974.589109 Total splits: 439 Good splits: 408
Reward: 124528.517095 Total splits: 481 Good splits: 445
Reward: 125988.564516 Total splits: 488 Good splits: 453
Reward: 123650.766322 Total splits: 490 Good splits: 459
Reward: 127828.894808 Total splits: 461 Good splits: 427
Reward: 117075.213688 Total splits: 479 Good splits: 449
Reward: 123156.116643 Total splits: 501 Good splits: 459
Reward: 128365.997595 Total splits: 488 Good splits: 463
Reward: 123189.060881 Total splits: 447 Good splits: 407
Reward: 121048.17759 Total splits: 412 Good splits: 379
Reward: 117005.282075 Total splits: 458 Good splits: 423
Reward: 116070.168303 Total splits: 518 Good splits: 489
Reward: 118478.988622 Total splits: 488 Good splits: 456
Reward: 125146.920305 Total splits: 491 Good splits: 465
Reward: 126877.853371 Total splits: 530 Good splits: 496
Reward: 112537.988059 Total splits: 493 Good splits: 460
Reward: 124686.354444 Total splits: 494 Good splits: 453
Reward: 126621.520432 Total splits: 511 Good splits: 473
Reward: 113087.465747 Total splits: 456 Good splits: 422
Reward: 128632.161873 Total splits: 485 Good splits: 451

Results after 100 tests
Average total rewards : 122094.782801
Average total splits  : 475.58
Average good splits   : 442.06
Average good splits % : 92.9517641617

