Reward: 104242.799916 Total splits: 371 Good splits: 350
Reward: 93626.0329966 Total splits: 406 Good splits: 386
Reward: 112635.375383 Total splits: 390 Good splits: 369
Reward: 108039.312082 Total splits: 414 Good splits: 396
Reward: 110940.669527 Total splits: 385 Good splits: 368
Reward: 113494.066939 Total splits: 434 Good splits: 416
Reward: 120138.766122 Total splits: 372 Good splits: 358
Reward: 122361.842402 Total splits: 375 Good splits: 358
Reward: 102923.152248 Total splits: 377 Good splits: 352
Reward: 104286.938321 Total splits: 400 Good splits: 382

Results after 10 tests
Average total rewards : 109268.895594
Average total splits  : 392.4
Average good splits   : 373.5
Average good splits % : 95.1834862385

Reward: 124071.557964 Total splits: 354 Good splits: 337
Reward: 100136.131298 Total splits: 390 Good splits: 369
Reward: 99206.7758361 Total splits: 360 Good splits: 340
Reward: 122020.037815 Total splits: 366 Good splits: 348
Reward: 105853.726823 Total splits: 399 Good splits: 372
Reward: 96783.2072017 Total splits: 426 Good splits: 407
Reward: 104797.035677 Total splits: 396 Good splits: 377
Reward: 109979.352602 Total splits: 378 Good splits: 358
Reward: 114234.969426 Total splits: 375 Good splits: 350
Reward: 105047.133439 Total splits: 390 Good splits: 372

Results after 10 tests
Average total rewards : 108212.992808
Average total splits  : 383.4
Average good splits   : 363.0
Average good splits % : 94.6791862285

Reward: 99071.8330696 Total splits: 382 Good splits: 358
Reward: 101932.354132 Total splits: 393 Good splits: 371
Reward: 113749.97798 Total splits: 384 Good splits: 363
Reward: 100809.920209 Total splits: 404 Good splits: 382
Reward: 116763.11964 Total splits: 387 Good splits: 366
Reward: 113815.445942 Total splits: 384 Good splits: 368
Reward: 106299.687579 Total splits: 386 Good splits: 365
Reward: 111433.354682 Total splits: 399 Good splits: 375
Reward: 104588.855791 Total splits: 441 Good splits: 430
Reward: 106874.418708 Total splits: 446 Good splits: 419

Results after 10 tests
Average total rewards : 107533.896773
Average total splits  : 400.6
Average good splits   : 379.7
Average good splits % : 94.7828257614

Reward: 109852.370321 Total splits: 390 Good splits: 368
Reward: 106092.09907 Total splits: 406 Good splits: 390
Reward: 115533.818534 Total splits: 391 Good splits: 380
Reward: 108747.705359 Total splits: 401 Good splits: 381
Reward: 119979.246103 Total splits: 392 Good splits: 371
Reward: 108660.239435 Total splits: 384 Good splits: 361
Reward: 110797.300149 Total splits: 316 Good splits: 285
Reward: 120041.183421 Total splits: 350 Good splits: 334
Reward: 111326.009123 Total splits: 410 Good splits: 386
Reward: 122880.358161 Total splits: 380 Good splits: 363

Results after 10 tests
Average total rewards : 113391.032968
Average total splits  : 382.0
Average good splits   : 361.9
Average good splits % : 94.7382198953

Reward: 114555.39702 Total splits: 354 Good splits: 333
Reward: 116508.222801 Total splits: 343 Good splits: 328
Reward: 99855.5462542 Total splits: 410 Good splits: 393
Reward: 96316.6879168 Total splits: 421 Good splits: 399
Reward: 117522.156474 Total splits: 377 Good splits: 357
Reward: 102038.884595 Total splits: 405 Good splits: 379
Reward: 109063.038342 Total splits: 405 Good splits: 378
Reward: 105443.185387 Total splits: 403 Good splits: 383
Reward: 106156.904146 Total splits: 407 Good splits: 377
Reward: 117473.442713 Total splits: 399 Good splits: 376

Results after 10 tests
Average total rewards : 108493.346565
Average total splits  : 392.4
Average good splits   : 370.3
Average good splits % : 94.3679918451

Reward: 112961.56037 Total splits: 404 Good splits: 386
Reward: 102406.619463 Total splits: 419 Good splits: 398
Reward: 100981.632937 Total splits: 388 Good splits: 367
Reward: 115477.108054 Total splits: 402 Good splits: 384
Reward: 106846.362469 Total splits: 417 Good splits: 394
Reward: 101045.239692 Total splits: 411 Good splits: 389
Reward: 113415.982569 Total splits: 369 Good splits: 347
Reward: 115350.298748 Total splits: 371 Good splits: 354
Reward: 103603.845073 Total splits: 379 Good splits: 349
Reward: 103912.940397 Total splits: 397 Good splits: 377

Results after 10 tests
Average total rewards : 107600.158977
Average total splits  : 395.7
Average good splits   : 374.5
Average good splits % : 94.642405863

Reward: 105395.171634 Total splits: 392 Good splits: 369
Reward: 106328.995767 Total splits: 417 Good splits: 394
Reward: 97372.0735409 Total splits: 413 Good splits: 393
Reward: 118541.609443 Total splits: 362 Good splits: 343
Reward: 103748.861022 Total splits: 399 Good splits: 375
Reward: 102011.746581 Total splits: 411 Good splits: 391
Reward: 109462.074778 Total splits: 391 Good splits: 373
Reward: 112926.133505 Total splits: 425 Good splits: 411
Reward: 112342.163666 Total splits: 385 Good splits: 367
Reward: 85087.0637196 Total splits: 379 Good splits: 355
Reward: 105554.865728 Total splits: 374 Good splits: 351
Reward: 118582.241665 Total splits: 409 Good splits: 387
Reward: 109681.911987 Total splits: 386 Good splits: 354
Reward: 117898.855868 Total splits: 352 Good splits: 332
Reward: 103616.847532 Total splits: 390 Good splits: 370
Reward: 110061.731841 Total splits: 417 Good splits: 394
Reward: 108234.509157 Total splits: 376 Good splits: 351
Reward: 100726.633647 Total splits: 400 Good splits: 379
Reward: 113717.163978 Total splits: 385 Good splits: 363
Reward: 112620.941781 Total splits: 374 Good splits: 353

Results after 20 tests
Average total rewards : 107695.579842
Average total splits  : 391.85
Average good splits   : 370.25
Average good splits % : 94.4876866148

Reward: 118979.590563 Total splits: 402 Good splits: 384
Reward: 109200.435393 Total splits: 399 Good splits: 377
Reward: 115302.886283 Total splits: 345 Good splits: 330
Reward: 112002.136736 Total splits: 371 Good splits: 361
Reward: 107054.810185 Total splits: 398 Good splits: 371
Reward: 110694.668689 Total splits: 350 Good splits: 333
Reward: 117181.636499 Total splits: 392 Good splits: 370
Reward: 109872.011033 Total splits: 392 Good splits: 371
Reward: 98847.1676 Total splits: 345 Good splits: 318
Reward: 108356.751216 Total splits: 402 Good splits: 389
Reward: 106135.362093 Total splits: 411 Good splits: 382
Reward: 107038.766788 Total splits: 433 Good splits: 411
Reward: 106552.041022 Total splits: 376 Good splits: 351
Reward: 115659.425274 Total splits: 371 Good splits: 355
Reward: 122617.327277 Total splits: 359 Good splits: 332
Reward: 106455.644212 Total splits: 366 Good splits: 352
Reward: 104396.670737 Total splits: 410 Good splits: 388
Reward: 105703.98634 Total splits: 393 Good splits: 370
Reward: 107409.923958 Total splits: 427 Good splits: 396
Reward: 100057.062283 Total splits: 406 Good splits: 383

Results after 20 tests
Average total rewards : 109475.915209
Average total splits  : 387.4
Average good splits   : 366.2
Average good splits % : 94.527620031

