Reward: 124125.622126 Total splits: 415 Good splits: 388
Reward: 121683.55275 Total splits: 483 Good splits: 450
Reward: 125929.277027 Total splits: 452 Good splits: 424
Reward: 120635.006131 Total splits: 434 Good splits: 402
Reward: 120732.859879 Total splits: 465 Good splits: 433
Reward: 118269.841236 Total splits: 470 Good splits: 441
Reward: 127596.791248 Total splits: 474 Good splits: 446
Reward: 127603.378881 Total splits: 494 Good splits: 466
Reward: 121971.362796 Total splits: 469 Good splits: 442
Reward: 126573.802545 Total splits: 487 Good splits: 459

Results after 10 tests
Average total rewards : 123512.149462
Average total splits  : 464.3
Average good splits   : 435.1
Average good splits % : 93.7109627396

Reward: 121703.125929 Total splits: 440 Good splits: 414
Reward: 121758.93964 Total splits: 452 Good splits: 421
Reward: 125027.389932 Total splits: 473 Good splits: 446
Reward: 120422.439907 Total splits: 495 Good splits: 471
Reward: 116068.292026 Total splits: 477 Good splits: 441
Reward: 122557.810889 Total splits: 433 Good splits: 400
Reward: 122603.983437 Total splits: 425 Good splits: 404
Reward: 122950.373155 Total splits: 475 Good splits: 441
Reward: 121688.507304 Total splits: 483 Good splits: 444
Reward: 118196.284037 Total splits: 453 Good splits: 426

Results after 10 tests
Average total rewards : 121297.714626
Average total splits  : 460.6
Average good splits   : 430.8
Average good splits % : 93.5301780287

Reward: 120570.951179 Total splits: 444 Good splits: 424
Reward: 120716.753363 Total splits: 432 Good splits: 400
Reward: 122873.148295 Total splits: 436 Good splits: 395
Reward: 124319.95891 Total splits: 457 Good splits: 426
Reward: 118525.689276 Total splits: 452 Good splits: 420
Reward: 120791.366663 Total splits: 416 Good splits: 390
Reward: 119817.010513 Total splits: 429 Good splits: 392
Reward: 110925.310202 Total splits: 505 Good splits: 478
Reward: 124164.431419 Total splits: 503 Good splits: 478
Reward: 124686.477365 Total splits: 477 Good splits: 441

Results after 10 tests
Average total rewards : 120739.109719
Average total splits  : 455.1
Average good splits   : 424.4
Average good splits % : 93.2542298396

Reward: 125750.287005 Total splits: 469 Good splits: 433
Reward: 120362.776245 Total splits: 425 Good splits: 395
Reward: 121773.994114 Total splits: 461 Good splits: 425
Reward: 128103.554436 Total splits: 425 Good splits: 398
Reward: 122068.790713 Total splits: 450 Good splits: 413
Reward: 127415.104149 Total splits: 486 Good splits: 457
Reward: 127671.823079 Total splits: 464 Good splits: 432
Reward: 119035.707114 Total splits: 448 Good splits: 417
Reward: 109833.185267 Total splits: 434 Good splits: 395
Reward: 127294.242784 Total splits: 464 Good splits: 430

Results after 10 tests
Average total rewards : 122930.94649
Average total splits  : 452.6
Average good splits   : 419.5
Average good splits % : 92.686699072

Reward: 122970.395857 Total splits: 453 Good splits: 429
Reward: 118951.231391 Total splits: 442 Good splits: 415
Reward: 123390.482852 Total splits: 440 Good splits: 405
Reward: 122072.932868 Total splits: 465 Good splits: 423
Reward: 121670.778525 Total splits: 458 Good splits: 424
Reward: 123736.579881 Total splits: 509 Good splits: 480
Reward: 125393.921941 Total splits: 455 Good splits: 428
Reward: 124350.835863 Total splits: 470 Good splits: 434
Reward: 124684.964727 Total splits: 468 Good splits: 439
Reward: 122113.891309 Total splits: 459 Good splits: 434

Results after 10 tests
Average total rewards : 122933.601521
Average total splits  : 461.9
Average good splits   : 431.1
Average good splits % : 93.3318900195

Reward: 120507.646829 Total splits: 456 Good splits: 433
Reward: 122786.820504 Total splits: 473 Good splits: 428
Reward: 129024.315001 Total splits: 477 Good splits: 451
Reward: 125308.169609 Total splits: 512 Good splits: 474
Reward: 125238.572467 Total splits: 489 Good splits: 456
Reward: 112994.076698 Total splits: 490 Good splits: 459
Reward: 128394.480716 Total splits: 475 Good splits: 447
Reward: 122097.734979 Total splits: 439 Good splits: 407
Reward: 125652.893462 Total splits: 459 Good splits: 438
Reward: 126851.986099 Total splits: 459 Good splits: 431

Results after 10 tests
Average total rewards : 123885.669636
Average total splits  : 472.9
Average good splits   : 442.4
Average good splits % : 93.5504334955

Reward: 121888.323379 Total splits: 459 Good splits: 430
Reward: 126323.628718 Total splits: 456 Good splits: 418
Reward: 115925.69006 Total splits: 502 Good splits: 469
Reward: 126205.277599 Total splits: 479 Good splits: 445
Reward: 116900.877011 Total splits: 423 Good splits: 389
Reward: 122815.323849 Total splits: 455 Good splits: 409
Reward: 121793.670762 Total splits: 489 Good splits: 457
Reward: 114989.236128 Total splits: 492 Good splits: 458
Reward: 120350.772058 Total splits: 451 Good splits: 422
Reward: 120066.707198 Total splits: 428 Good splits: 400
Reward: 128290.691793 Total splits: 473 Good splits: 451
Reward: 120312.304704 Total splits: 488 Good splits: 460
Reward: 122353.89119 Total splits: 456 Good splits: 429
Reward: 120390.649713 Total splits: 447 Good splits: 418
Reward: 119820.387647 Total splits: 471 Good splits: 439
Reward: 120815.181531 Total splits: 456 Good splits: 423
Reward: 128365.715718 Total splits: 464 Good splits: 432
Reward: 111634.514395 Total splits: 402 Good splits: 376
Reward: 129176.041384 Total splits: 470 Good splits: 443
Reward: 126429.161611 Total splits: 463 Good splits: 427

Results after 20 tests
Average total rewards : 121742.402322
Average total splits  : 461.2
Average good splits   : 429.75
Average good splits % : 93.1808326106

Reward: 127396.879864 Total splits: 473 Good splits: 442
Reward: 116281.333072 Total splits: 459 Good splits: 440
Reward: 125561.90818 Total splits: 466 Good splits: 435
Reward: 129952.864388 Total splits: 475 Good splits: 441
Reward: 119675.344553 Total splits: 480 Good splits: 453
Reward: 109416.126125 Total splits: 464 Good splits: 431
Reward: 111820.818103 Total splits: 460 Good splits: 416
Reward: 123508.947534 Total splits: 465 Good splits: 436
Reward: 119667.965824 Total splits: 443 Good splits: 420
Reward: 125884.866262 Total splits: 447 Good splits: 418
Reward: 128665.390656 Total splits: 445 Good splits: 413
Reward: 121356.755231 Total splits: 472 Good splits: 439
Reward: 127380.166808 Total splits: 468 Good splits: 439
Reward: 124669.626797 Total splits: 461 Good splits: 423
Reward: 110093.304403 Total splits: 438 Good splits: 404
Reward: 120413.835602 Total splits: 478 Good splits: 448
Reward: 117692.122857 Total splits: 465 Good splits: 447
Reward: 120079.665704 Total splits: 458 Good splits: 418
Reward: 117891.326685 Total splits: 424 Good splits: 398
Reward: 110146.681726 Total splits: 430 Good splits: 409

Results after 20 tests
Average total rewards : 120377.796519
Average total splits  : 458.55
Average good splits   : 428.5
Average good splits % : 93.4467342711

