Reward: 99181.4680672 Total splits: 258 Good splits: 253
Reward: 110040.2646 Total splits: 258 Good splits: 253
Reward: 107885.031775 Total splits: 231 Good splits: 230
Reward: 109004.382005 Total splits: 247 Good splits: 236
Reward: 106722.51262 Total splits: 228 Good splits: 223
Reward: 108225.444115 Total splits: 245 Good splits: 242
Reward: 106401.070315 Total splits: 258 Good splits: 253
Reward: 112491.302118 Total splits: 261 Good splits: 253
Reward: 106602.13867 Total splits: 215 Good splits: 213
Reward: 104160.642994 Total splits: 264 Good splits: 263

Results after 10 tests
Average total rewards : 107071.425728
Average total splits  : 246.5
Average good splits   : 241.9
Average good splits % : 98.1338742394

Reward: 110204.684359 Total splits: 238 Good splits: 235
Reward: 101605.409023 Total splits: 224 Good splits: 219
Reward: 105577.636129 Total splits: 208 Good splits: 201
Reward: 105547.106999 Total splits: 250 Good splits: 247
Reward: 104669.539137 Total splits: 239 Good splits: 235
Reward: 97499.5582084 Total splits: 188 Good splits: 186
Reward: 106952.774049 Total splits: 270 Good splits: 269
Reward: 103144.472714 Total splits: 247 Good splits: 244
Reward: 107803.264176 Total splits: 215 Good splits: 211
Reward: 98322.6370539 Total splits: 220 Good splits: 213

Results after 10 tests
Average total rewards : 104132.708185
Average total splits  : 229.9
Average good splits   : 226.0
Average good splits % : 98.3036102653

Reward: 106460.132648 Total splits: 270 Good splits: 263
Reward: 110551.970993 Total splits: 239 Good splits: 231
Reward: 104606.531845 Total splits: 270 Good splits: 265
Reward: 103367.168314 Total splits: 224 Good splits: 220
Reward: 105015.391476 Total splits: 226 Good splits: 222
Reward: 105951.633113 Total splits: 225 Good splits: 220
Reward: 102096.307909 Total splits: 237 Good splits: 232
Reward: 107878.042367 Total splits: 225 Good splits: 223
Reward: 101397.655219 Total splits: 238 Good splits: 234
Reward: 105938.599432 Total splits: 258 Good splits: 255

Results after 10 tests
Average total rewards : 105326.343331
Average total splits  : 241.2
Average good splits   : 236.5
Average good splits % : 98.0514096186

Reward: 94276.4545971 Total splits: 214 Good splits: 206
Reward: 106157.414248 Total splits: 228 Good splits: 224
Reward: 111505.140897 Total splits: 223 Good splits: 215
Reward: 100923.997158 Total splits: 181 Good splits: 177
Reward: 107466.8803 Total splits: 261 Good splits: 260
Reward: 109638.933912 Total splits: 262 Good splits: 257
Reward: 105182.272368 Total splits: 267 Good splits: 261
Reward: 104587.23118 Total splits: 256 Good splits: 256
Reward: 104738.504743 Total splits: 217 Good splits: 214
Reward: 107779.533944 Total splits: 281 Good splits: 279

Results after 10 tests
Average total rewards : 105225.636335
Average total splits  : 239.0
Average good splits   : 234.9
Average good splits % : 98.2845188285

Reward: 99695.1263338 Total splits: 246 Good splits: 241
Reward: 105094.473896 Total splits: 235 Good splits: 233
Reward: 103231.053703 Total splits: 218 Good splits: 218
Reward: 103666.12791 Total splits: 225 Good splits: 219
Reward: 97101.5137858 Total splits: 203 Good splits: 199
Reward: 109096.892499 Total splits: 192 Good splits: 189
Reward: 105590.059043 Total splits: 233 Good splits: 229
Reward: 93906.4092107 Total splits: 214 Good splits: 208
Reward: 100002.015292 Total splits: 223 Good splits: 221
Reward: 109710.84992 Total splits: 267 Good splits: 263

Results after 10 tests
Average total rewards : 102709.452159
Average total splits  : 225.6
Average good splits   : 222.0
Average good splits % : 98.4042553191

Reward: 107843.820856 Total splits: 251 Good splits: 244
Reward: 103939.075965 Total splits: 229 Good splits: 227
Reward: 108131.077922 Total splits: 195 Good splits: 194
Reward: 106281.793337 Total splits: 182 Good splits: 181
Reward: 106478.638681 Total splits: 247 Good splits: 242
Reward: 94799.9893835 Total splits: 241 Good splits: 235
Reward: 104782.040828 Total splits: 194 Good splits: 190
Reward: 109291.841757 Total splits: 288 Good splits: 282
Reward: 102536.365494 Total splits: 218 Good splits: 215
Reward: 112390.736064 Total splits: 263 Good splits: 256

Results after 10 tests
Average total rewards : 105647.538029
Average total splits  : 230.8
Average good splits   : 226.6
Average good splits % : 98.1802426343

Reward: 94522.4461745 Total splits: 239 Good splits: 234
Reward: 103463.2005 Total splits: 230 Good splits: 221
Reward: 106749.004668 Total splits: 210 Good splits: 209
Reward: 106430.714613 Total splits: 216 Good splits: 212
Reward: 93435.1301391 Total splits: 198 Good splits: 192
Reward: 109313.427345 Total splits: 245 Good splits: 241
Reward: 108020.80007 Total splits: 236 Good splits: 230
Reward: 101326.265024 Total splits: 247 Good splits: 245
Reward: 110994.943686 Total splits: 261 Good splits: 256
Reward: 114835.446068 Total splits: 255 Good splits: 250
Reward: 112923.521987 Total splits: 218 Good splits: 213
Reward: 105086.13403 Total splits: 208 Good splits: 203
Reward: 106201.206183 Total splits: 219 Good splits: 211
Reward: 112601.625458 Total splits: 258 Good splits: 254
Reward: 110456.644523 Total splits: 260 Good splits: 257
Reward: 109864.635641 Total splits: 252 Good splits: 248
Reward: 95880.9080461 Total splits: 245 Good splits: 243
Reward: 96446.4524441 Total splits: 181 Good splits: 178
Reward: 102019.917052 Total splits: 254 Good splits: 247
Reward: 110547.950208 Total splits: 280 Good splits: 279

Results after 20 tests
Average total rewards : 105556.018693
Average total splits  : 235.6
Average good splits   : 231.15
Average good splits % : 98.1112054329

Reward: 106215.306901 Total splits: 247 Good splits: 244
Reward: 105468.164873 Total splits: 252 Good splits: 250
Reward: 100562.962775 Total splits: 252 Good splits: 249
Reward: 104006.519209 Total splits: 290 Good splits: 284
Reward: 91005.0605977 Total splits: 218 Good splits: 215
Reward: 103103.761501 Total splits: 227 Good splits: 222
Reward: 110915.771818 Total splits: 250 Good splits: 246
Reward: 110634.668766 Total splits: 245 Good splits: 242
Reward: 99733.0051288 Total splits: 217 Good splits: 211
Reward: 106205.210877 Total splits: 245 Good splits: 241
Reward: 106627.64225 Total splits: 238 Good splits: 231
Reward: 101737.744853 Total splits: 247 Good splits: 244
Reward: 98602.1630638 Total splits: 219 Good splits: 215
Reward: 109728.6855 Total splits: 234 Good splits: 230
Reward: 102693.012395 Total splits: 233 Good splits: 228
Reward: 98988.886149 Total splits: 241 Good splits: 238
Reward: 103745.82924 Total splits: 210 Good splits: 207
Reward: 107186.450035 Total splits: 237 Good splits: 234
Reward: 111458.56 Total splits: 225 Good splits: 220
Reward: 111755.722044 Total splits: 252 Good splits: 248

Results after 20 tests
Average total rewards : 104518.756399
Average total splits  : 238.95
Average good splits   : 234.95
Average good splits % : 98.3260096254

