Reward: 111854.009278 Total splits: 422 Good splits: 397
Reward: 120930.586584 Total splits: 370 Good splits: 346
Reward: 123616.523398 Total splits: 373 Good splits: 352
Reward: 119471.892445 Total splits: 431 Good splits: 403
Reward: 115486.775666 Total splits: 387 Good splits: 360
Reward: 124336.133656 Total splits: 403 Good splits: 374
Reward: 109012.335372 Total splits: 383 Good splits: 358
Reward: 117829.781156 Total splits: 425 Good splits: 398
Reward: 104365.837031 Total splits: 411 Good splits: 383
Reward: 114166.34224 Total splits: 412 Good splits: 385

Results after 10 tests
Average total rewards : 116107.021683
Average total splits  : 401.7
Average good splits   : 375.6
Average good splits % : 93.502613891

Reward: 121646.900671 Total splits: 391 Good splits: 363
Reward: 115608.902062 Total splits: 399 Good splits: 371
Reward: 118519.022987 Total splits: 429 Good splits: 396
Reward: 124038.137892 Total splits: 390 Good splits: 379
Reward: 113297.665806 Total splits: 372 Good splits: 347
Reward: 123554.460351 Total splits: 372 Good splits: 343
Reward: 120687.378362 Total splits: 410 Good splits: 392
Reward: 116924.589555 Total splits: 401 Good splits: 377
Reward: 124404.676176 Total splits: 389 Good splits: 365
Reward: 119447.707048 Total splits: 426 Good splits: 402

Results after 10 tests
Average total rewards : 119812.944091
Average total splits  : 397.9
Average good splits   : 373.5
Average good splits % : 93.8678059814

Reward: 112966.317369 Total splits: 425 Good splits: 405
Reward: 108868.364883 Total splits: 417 Good splits: 391
Reward: 123592.84822 Total splits: 431 Good splits: 400
Reward: 117844.9542 Total splits: 378 Good splits: 357
Reward: 116241.915201 Total splits: 381 Good splits: 361
Reward: 119860.223519 Total splits: 399 Good splits: 373
Reward: 108156.717334 Total splits: 418 Good splits: 402
Reward: 122233.541041 Total splits: 383 Good splits: 367
Reward: 116252.106153 Total splits: 390 Good splits: 360
Reward: 123693.101233 Total splits: 423 Good splits: 391

Results after 10 tests
Average total rewards : 116971.008915
Average total splits  : 404.5
Average good splits   : 380.7
Average good splits % : 94.1161928307

Reward: 123264.931078 Total splits: 395 Good splits: 368
Reward: 121518.793237 Total splits: 409 Good splits: 385
Reward: 119756.868807 Total splits: 401 Good splits: 369
Reward: 126410.714722 Total splits: 419 Good splits: 393
Reward: 112280.082424 Total splits: 379 Good splits: 352
Reward: 114352.754797 Total splits: 400 Good splits: 375
Reward: 121565.277504 Total splits: 429 Good splits: 397
Reward: 127126.583946 Total splits: 424 Good splits: 398
Reward: 123853.747804 Total splits: 397 Good splits: 372
Reward: 122379.609015 Total splits: 404 Good splits: 383

Results after 10 tests
Average total rewards : 121250.936333
Average total splits  : 405.7
Average good splits   : 379.2
Average good splits % : 93.468079862

Reward: 126397.179273 Total splits: 355 Good splits: 331
Reward: 110271.184587 Total splits: 395 Good splits: 376
Reward: 113666.120636 Total splits: 424 Good splits: 393
Reward: 119890.093876 Total splits: 419 Good splits: 398
Reward: 114814.088062 Total splits: 388 Good splits: 365
Reward: 117038.423812 Total splits: 400 Good splits: 378
Reward: 107202.173045 Total splits: 398 Good splits: 371
Reward: 109965.568151 Total splits: 400 Good splits: 373
Reward: 121037.637468 Total splits: 378 Good splits: 349
Reward: 115816.854605 Total splits: 421 Good splits: 396

Results after 10 tests
Average total rewards : 115609.932352
Average total splits  : 397.8
Average good splits   : 373.0
Average good splits % : 93.7657114128

Reward: 123969.97401 Total splits: 391 Good splits: 356
Reward: 124490.460051 Total splits: 421 Good splits: 397
Reward: 124328.615972 Total splits: 430 Good splits: 397
Reward: 122745.080991 Total splits: 419 Good splits: 379
Reward: 114269.982401 Total splits: 400 Good splits: 374
Reward: 119673.798625 Total splits: 407 Good splits: 375
Reward: 116372.250216 Total splits: 391 Good splits: 358
Reward: 112263.057712 Total splits: 431 Good splits: 406
Reward: 110555.114412 Total splits: 393 Good splits: 369
Reward: 117587.498537 Total splits: 393 Good splits: 359

Results after 10 tests
Average total rewards : 118625.583293
Average total splits  : 407.6
Average good splits   : 377.0
Average good splits % : 92.492639843

Reward: 107947.549265 Total splits: 401 Good splits: 371
Reward: 118893.53551 Total splits: 399 Good splits: 380
Reward: 111334.393619 Total splits: 427 Good splits: 415
Reward: 120896.338251 Total splits: 394 Good splits: 362
Reward: 124194.102735 Total splits: 377 Good splits: 358
Reward: 119719.325546 Total splits: 404 Good splits: 381
Reward: 109132.241956 Total splits: 436 Good splits: 409
Reward: 117931.216169 Total splits: 403 Good splits: 376
Reward: 119049.000157 Total splits: 409 Good splits: 378
Reward: 121400.890501 Total splits: 385 Good splits: 364
Reward: 121581.352495 Total splits: 395 Good splits: 369
Reward: 125894.790585 Total splits: 408 Good splits: 380
Reward: 123504.381247 Total splits: 382 Good splits: 370
Reward: 116910.764952 Total splits: 404 Good splits: 379
Reward: 122503.063757 Total splits: 402 Good splits: 379
Reward: 122199.944627 Total splits: 440 Good splits: 412
Reward: 114871.469108 Total splits: 449 Good splits: 416
Reward: 124119.812227 Total splits: 430 Good splits: 405
Reward: 125380.175192 Total splits: 407 Good splits: 385
Reward: 120547.174631 Total splits: 403 Good splits: 381

Results after 20 tests
Average total rewards : 119400.576127
Average total splits  : 407.75
Average good splits   : 383.5
Average good splits % : 94.0527283875

Reward: 116147.677511 Total splits: 418 Good splits: 387
Reward: 122048.855475 Total splits: 421 Good splits: 394
Reward: 115313.284662 Total splits: 376 Good splits: 345
Reward: 121053.908472 Total splits: 437 Good splits: 412
Reward: 114059.864856 Total splits: 368 Good splits: 343
Reward: 119347.736446 Total splits: 389 Good splits: 356
Reward: 124581.17621 Total splits: 413 Good splits: 384
Reward: 115834.904794 Total splits: 395 Good splits: 365
Reward: 117922.141004 Total splits: 374 Good splits: 347
Reward: 125800.422259 Total splits: 397 Good splits: 372
Reward: 119169.146779 Total splits: 357 Good splits: 342
Reward: 103382.239671 Total splits: 429 Good splits: 409
Reward: 118277.409948 Total splits: 377 Good splits: 346
Reward: 119830.08476 Total splits: 409 Good splits: 387
Reward: 122957.046656 Total splits: 418 Good splits: 387
Reward: 118844.037191 Total splits: 407 Good splits: 381
Reward: 122931.617166 Total splits: 391 Good splits: 365
Reward: 118397.511416 Total splits: 388 Good splits: 362
Reward: 121846.754854 Total splits: 401 Good splits: 377
Reward: 103651.960992 Total splits: 404 Good splits: 377

Results after 20 tests
Average total rewards : 118069.889056
Average total splits  : 398.45
Average good splits   : 371.9
Average good splits % : 93.3366796336

