Reward: 122707.732826 Total splits: 403 Good splits: 377
Reward: 118256.796902 Total splits: 418 Good splits: 396
Reward: 116339.553828 Total splits: 394 Good splits: 377
Reward: 124495.368435 Total splits: 375 Good splits: 351
Reward: 117711.286234 Total splits: 405 Good splits: 386
Reward: 126128.080989 Total splits: 395 Good splits: 370
Reward: 124112.116822 Total splits: 405 Good splits: 383
Reward: 118556.574037 Total splits: 436 Good splits: 411
Reward: 125501.756451 Total splits: 382 Good splits: 356
Reward: 120994.006012 Total splits: 410 Good splits: 380
Reward: 122338.217237 Total splits: 399 Good splits: 384
Reward: 120038.593596 Total splits: 393 Good splits: 375
Reward: 116009.524894 Total splits: 407 Good splits: 389
Reward: 109493.35623 Total splits: 457 Good splits: 433
Reward: 117451.355494 Total splits: 405 Good splits: 383
Reward: 118652.247343 Total splits: 430 Good splits: 402
Reward: 122633.412104 Total splits: 373 Good splits: 357
Reward: 126632.712828 Total splits: 413 Good splits: 386
Reward: 123301.274554 Total splits: 356 Good splits: 333
Reward: 118935.004449 Total splits: 384 Good splits: 358
Reward: 119763.422634 Total splits: 419 Good splits: 396
Reward: 128331.301134 Total splits: 396 Good splits: 375
Reward: 120318.481731 Total splits: 405 Good splits: 392
Reward: 118768.732805 Total splits: 431 Good splits: 405
Reward: 118467.11842 Total splits: 420 Good splits: 390
Reward: 106114.309608 Total splits: 428 Good splits: 409
Reward: 105861.697986 Total splits: 425 Good splits: 409
Reward: 117258.344866 Total splits: 424 Good splits: 400
Reward: 121834.241423 Total splits: 392 Good splits: 364
Reward: 111571.930859 Total splits: 425 Good splits: 403
Reward: 116591.972145 Total splits: 392 Good splits: 365
Reward: 121901.220273 Total splits: 442 Good splits: 412
Reward: 115827.693205 Total splits: 358 Good splits: 341
Reward: 112485.886842 Total splits: 405 Good splits: 384
Reward: 124841.312115 Total splits: 357 Good splits: 336
Reward: 101608.089893 Total splits: 422 Good splits: 411
Reward: 117176.817202 Total splits: 395 Good splits: 379
Reward: 113162.490092 Total splits: 450 Good splits: 433
Reward: 122758.179511 Total splits: 436 Good splits: 413
Reward: 118825.65395 Total splits: 441 Good splits: 415
Reward: 125664.044641 Total splits: 403 Good splits: 384
Reward: 114715.924464 Total splits: 408 Good splits: 395
Reward: 126206.844005 Total splits: 411 Good splits: 390
Reward: 112228.609672 Total splits: 438 Good splits: 414
Reward: 125529.352751 Total splits: 387 Good splits: 372
Reward: 113682.709959 Total splits: 429 Good splits: 403
Reward: 117146.356084 Total splits: 421 Good splits: 397
Reward: 119331.576436 Total splits: 418 Good splits: 401
Reward: 125859.999426 Total splits: 404 Good splits: 391
Reward: 114834.790612 Total splits: 411 Good splits: 385

Results after 50 tests
Average total rewards : 118779.16152
Average total splits  : 408.66
Average good splits   : 387.02
Average good splits % : 94.7046444477

Reward: 119254.333127 Total splits: 378 Good splits: 355
Reward: 104727.638544 Total splits: 402 Good splits: 371
Reward: 119130.171931 Total splits: 396 Good splits: 368
Reward: 120423.406618 Total splits: 409 Good splits: 384
Reward: 125421.976704 Total splits: 367 Good splits: 351
Reward: 125595.8879 Total splits: 425 Good splits: 408
Reward: 115126.002538 Total splits: 420 Good splits: 396
Reward: 121627.131683 Total splits: 382 Good splits: 369
Reward: 119004.903201 Total splits: 447 Good splits: 414
Reward: 116407.373937 Total splits: 421 Good splits: 394
Reward: 122734.197694 Total splits: 390 Good splits: 375
Reward: 118637.113059 Total splits: 409 Good splits: 383
Reward: 126403.50137 Total splits: 353 Good splits: 331
Reward: 121220.871043 Total splits: 354 Good splits: 334
Reward: 118771.812255 Total splits: 409 Good splits: 394
Reward: 123502.120257 Total splits: 400 Good splits: 381
Reward: 117671.270818 Total splits: 426 Good splits: 396
Reward: 128470.344131 Total splits: 390 Good splits: 368
Reward: 125654.352083 Total splits: 369 Good splits: 346
Reward: 118222.524577 Total splits: 346 Good splits: 325
Reward: 118627.249447 Total splits: 393 Good splits: 371
Reward: 117179.801592 Total splits: 407 Good splits: 387
Reward: 111815.884777 Total splits: 424 Good splits: 404
Reward: 123254.306821 Total splits: 424 Good splits: 397
Reward: 124526.928164 Total splits: 403 Good splits: 382
Reward: 116908.154371 Total splits: 434 Good splits: 403
Reward: 113633.053736 Total splits: 400 Good splits: 381
Reward: 124454.116789 Total splits: 438 Good splits: 419
Reward: 114060.646406 Total splits: 367 Good splits: 343
Reward: 119990.310512 Total splits: 410 Good splits: 382
Reward: 118425.238388 Total splits: 393 Good splits: 369
Reward: 118769.298783 Total splits: 390 Good splits: 366
Reward: 113985.658154 Total splits: 415 Good splits: 392
Reward: 100520.653379 Total splits: 424 Good splits: 400
Reward: 113507.170092 Total splits: 433 Good splits: 402
Reward: 122920.648692 Total splits: 375 Good splits: 350
Reward: 126743.196798 Total splits: 384 Good splits: 358
Reward: 125389.034306 Total splits: 406 Good splits: 388
Reward: 116768.026928 Total splits: 419 Good splits: 395
Reward: 116877.871901 Total splits: 421 Good splits: 401
Reward: 125084.659847 Total splits: 415 Good splits: 392
Reward: 125678.019699 Total splits: 415 Good splits: 394
Reward: 117402.664622 Total splits: 421 Good splits: 392
Reward: 106973.161112 Total splits: 425 Good splits: 396
Reward: 126654.792368 Total splits: 404 Good splits: 382
Reward: 118175.132994 Total splits: 393 Good splits: 372
Reward: 121986.385559 Total splits: 426 Good splits: 401
Reward: 111720.643666 Total splits: 413 Good splits: 393
Reward: 127187.925164 Total splits: 405 Good splits: 385
Reward: 126402.425473 Total splits: 409 Good splits: 386

Results after 50 tests
Average total rewards : 119472.59988
Average total splits  : 403.58
Average good splits   : 380.52
Average good splits % : 94.2861390555

