Reward: 121108.19525 Total splits: 439 Good splits: 408
Reward: 121965.931469 Total splits: 450 Good splits: 424
Reward: 128815.153659 Total splits: 451 Good splits: 416
Reward: 124572.062191 Total splits: 494 Good splits: 463
Reward: 127406.764701 Total splits: 443 Good splits: 414
Reward: 127723.739258 Total splits: 457 Good splits: 431
Reward: 126146.88712 Total splits: 501 Good splits: 480
Reward: 127022.267229 Total splits: 471 Good splits: 444
Reward: 118781.432895 Total splits: 459 Good splits: 433
Reward: 124735.459167 Total splits: 451 Good splits: 428
Reward: 127761.602182 Total splits: 461 Good splits: 442
Reward: 127901.728453 Total splits: 436 Good splits: 407
Reward: 106082.609158 Total splits: 461 Good splits: 442
Reward: 128606.287519 Total splits: 468 Good splits: 434
Reward: 124765.394966 Total splits: 510 Good splits: 483
Reward: 123417.003752 Total splits: 454 Good splits: 416
Reward: 115734.978962 Total splits: 465 Good splits: 440
Reward: 122273.152993 Total splits: 461 Good splits: 437
Reward: 123492.270039 Total splits: 461 Good splits: 432
Reward: 126616.679344 Total splits: 465 Good splits: 443
Reward: 123454.190044 Total splits: 406 Good splits: 386
Reward: 124139.566218 Total splits: 466 Good splits: 442
Reward: 129199.014735 Total splits: 443 Good splits: 423
Reward: 125618.486454 Total splits: 434 Good splits: 407
Reward: 125559.900761 Total splits: 492 Good splits: 463
Reward: 122600.78302 Total splits: 463 Good splits: 437
Reward: 120276.305191 Total splits: 423 Good splits: 388
Reward: 128382.090737 Total splits: 468 Good splits: 449
Reward: 123037.566344 Total splits: 461 Good splits: 448
Reward: 127543.825058 Total splits: 435 Good splits: 409
Reward: 123916.208342 Total splits: 468 Good splits: 436
Reward: 127050.484149 Total splits: 460 Good splits: 430
Reward: 127205.731724 Total splits: 465 Good splits: 442
Reward: 121749.32358 Total splits: 479 Good splits: 455
Reward: 125828.160752 Total splits: 465 Good splits: 436
Reward: 128430.919932 Total splits: 486 Good splits: 458
Reward: 108461.246967 Total splits: 459 Good splits: 428
Reward: 123024.830115 Total splits: 442 Good splits: 416
Reward: 118327.849117 Total splits: 487 Good splits: 459
Reward: 122865.699509 Total splits: 429 Good splits: 404
Reward: 123405.156909 Total splits: 481 Good splits: 457
Reward: 115800.603312 Total splits: 427 Good splits: 392
Reward: 120009.029347 Total splits: 445 Good splits: 424
Reward: 120088.387499 Total splits: 473 Good splits: 440
Reward: 129007.676875 Total splits: 454 Good splits: 431
Reward: 119609.328404 Total splits: 487 Good splits: 457
Reward: 121452.125474 Total splits: 503 Good splits: 466
Reward: 109963.668706 Total splits: 477 Good splits: 453
Reward: 125022.746216 Total splits: 481 Good splits: 453
Reward: 111408.742524 Total splits: 470 Good splits: 443

Results after 50 tests
Average total rewards : 122947.384966
Average total splits  : 461.74
Average good splits   : 434.98
Average good splits % : 94.2045306883

Reward: 126422.574216 Total splits: 428 Good splits: 399
Reward: 126115.645049 Total splits: 445 Good splits: 413
Reward: 124962.739929 Total splits: 422 Good splits: 397
Reward: 127910.486977 Total splits: 451 Good splits: 418
Reward: 116252.87973 Total splits: 472 Good splits: 439
Reward: 122850.03328 Total splits: 496 Good splits: 463
Reward: 125778.068787 Total splits: 455 Good splits: 431
Reward: 121825.894119 Total splits: 468 Good splits: 438
Reward: 127583.974532 Total splits: 439 Good splits: 411
Reward: 119226.12424 Total splits: 453 Good splits: 425
Reward: 114156.5196 Total splits: 472 Good splits: 448
Reward: 116578.88742 Total splits: 495 Good splits: 461
Reward: 114448.370501 Total splits: 431 Good splits: 410
Reward: 127038.368229 Total splits: 486 Good splits: 459
Reward: 118352.716884 Total splits: 425 Good splits: 399
Reward: 117077.254909 Total splits: 485 Good splits: 461
Reward: 122590.175877 Total splits: 458 Good splits: 436
Reward: 124287.600845 Total splits: 441 Good splits: 412
Reward: 122141.205544 Total splits: 486 Good splits: 465
Reward: 123171.243002 Total splits: 460 Good splits: 431
Reward: 107449.373842 Total splits: 430 Good splits: 398
Reward: 111240.150524 Total splits: 481 Good splits: 453
Reward: 119081.984715 Total splits: 461 Good splits: 444
Reward: 124655.986603 Total splits: 432 Good splits: 406
Reward: 125211.487414 Total splits: 461 Good splits: 435
Reward: 119087.687475 Total splits: 474 Good splits: 444
Reward: 127377.276688 Total splits: 458 Good splits: 430
Reward: 125171.724044 Total splits: 462 Good splits: 444
Reward: 122687.152565 Total splits: 421 Good splits: 396
Reward: 120197.417507 Total splits: 438 Good splits: 410
Reward: 118067.737019 Total splits: 498 Good splits: 469
Reward: 114624.188096 Total splits: 475 Good splits: 452
Reward: 126684.925938 Total splits: 481 Good splits: 454
Reward: 124694.950512 Total splits: 468 Good splits: 443
Reward: 124718.349584 Total splits: 416 Good splits: 392
Reward: 126236.051886 Total splits: 435 Good splits: 410
Reward: 128051.305251 Total splits: 452 Good splits: 431
Reward: 126977.736633 Total splits: 430 Good splits: 411
Reward: 125858.572278 Total splits: 456 Good splits: 421
Reward: 124579.289153 Total splits: 490 Good splits: 469
Reward: 122415.013154 Total splits: 460 Good splits: 437
Reward: 124858.068518 Total splits: 459 Good splits: 432
Reward: 123157.499274 Total splits: 442 Good splits: 421
Reward: 119248.315348 Total splits: 454 Good splits: 437
Reward: 123184.220729 Total splits: 468 Good splits: 442
Reward: 125056.012912 Total splits: 461 Good splits: 433
Reward: 123920.974 Total splits: 477 Good splits: 448
Reward: 118630.949976 Total splits: 489 Good splits: 460
Reward: 125666.845056 Total splits: 448 Good splits: 424
Reward: 125818.150811 Total splits: 451 Good splits: 417

Results after 50 tests
Average total rewards : 122267.603224
Average total splits  : 457.92
Average good splits   : 431.58
Average good splits % : 94.2479035639

