Reward: 116958.343645 Total splits: 448 Good splits: 424
Reward: 128086.452451 Total splits: 459 Good splits: 429
Reward: 122610.975643 Total splits: 432 Good splits: 403
Reward: 125122.229763 Total splits: 470 Good splits: 430
Reward: 126947.021815 Total splits: 476 Good splits: 452
Reward: 113641.749493 Total splits: 435 Good splits: 415
Reward: 128453.455082 Total splits: 483 Good splits: 453
Reward: 118269.538169 Total splits: 460 Good splits: 436
Reward: 118971.098641 Total splits: 424 Good splits: 410
Reward: 125680.06519 Total splits: 432 Good splits: 406
Reward: 126415.334437 Total splits: 466 Good splits: 436
Reward: 128938.805482 Total splits: 477 Good splits: 452
Reward: 120447.368764 Total splits: 463 Good splits: 438
Reward: 124101.334763 Total splits: 409 Good splits: 384
Reward: 127501.664265 Total splits: 458 Good splits: 426
Reward: 125305.357846 Total splits: 459 Good splits: 427
Reward: 120118.661228 Total splits: 502 Good splits: 468
Reward: 128523.082218 Total splits: 479 Good splits: 465
Reward: 123605.277897 Total splits: 465 Good splits: 431
Reward: 124788.52018 Total splits: 451 Good splits: 422
Reward: 122987.098462 Total splits: 450 Good splits: 415
Reward: 126415.34224 Total splits: 438 Good splits: 411
Reward: 122090.509294 Total splits: 454 Good splits: 428
Reward: 122121.758445 Total splits: 487 Good splits: 464
Reward: 120825.758443 Total splits: 496 Good splits: 471
Reward: 126009.391398 Total splits: 448 Good splits: 411
Reward: 125613.588463 Total splits: 433 Good splits: 407
Reward: 120940.131522 Total splits: 422 Good splits: 394
Reward: 124266.754884 Total splits: 429 Good splits: 403
Reward: 116317.414341 Total splits: 463 Good splits: 428
Reward: 123218.517472 Total splits: 458 Good splits: 439
Reward: 126096.816819 Total splits: 491 Good splits: 469
Reward: 124073.156367 Total splits: 529 Good splits: 498
Reward: 120891.83551 Total splits: 476 Good splits: 453
Reward: 125529.774796 Total splits: 463 Good splits: 439
Reward: 127536.687942 Total splits: 464 Good splits: 432
Reward: 116564.491678 Total splits: 473 Good splits: 440
Reward: 124366.715161 Total splits: 508 Good splits: 469
Reward: 124209.306093 Total splits: 468 Good splits: 445
Reward: 124075.370816 Total splits: 492 Good splits: 463
Reward: 125977.847781 Total splits: 478 Good splits: 445
Reward: 119587.128408 Total splits: 456 Good splits: 428
Reward: 116511.745075 Total splits: 472 Good splits: 443
Reward: 126316.759035 Total splits: 487 Good splits: 462
Reward: 120936.306453 Total splits: 434 Good splits: 408
Reward: 122962.447886 Total splits: 446 Good splits: 433
Reward: 120142.772994 Total splits: 469 Good splits: 447
Reward: 116822.888227 Total splits: 495 Good splits: 475
Reward: 123198.595664 Total splits: 512 Good splits: 494
Reward: 123511.182694 Total splits: 475 Good splits: 441
Reward: 120219.270615 Total splits: 450 Good splits: 425
Reward: 128710.519457 Total splits: 488 Good splits: 465
Reward: 116659.034162 Total splits: 428 Good splits: 408
Reward: 124597.62859 Total splits: 476 Good splits: 455
Reward: 119927.471011 Total splits: 404 Good splits: 377
Reward: 121825.52125 Total splits: 497 Good splits: 461
Reward: 127337.23506 Total splits: 434 Good splits: 417
Reward: 124814.050832 Total splits: 467 Good splits: 441
Reward: 123074.094053 Total splits: 469 Good splits: 439
Reward: 126851.115486 Total splits: 516 Good splits: 490
Reward: 125850.500156 Total splits: 496 Good splits: 472
Reward: 124525.429716 Total splits: 477 Good splits: 448
Reward: 124868.780037 Total splits: 466 Good splits: 447
Reward: 116699.431674 Total splits: 465 Good splits: 429
Reward: 127736.522204 Total splits: 477 Good splits: 454
Reward: 128438.373489 Total splits: 480 Good splits: 447
Reward: 122230.68944 Total splits: 464 Good splits: 433
Reward: 118138.395821 Total splits: 463 Good splits: 432
Reward: 127898.864213 Total splits: 450 Good splits: 433
Reward: 122225.284224 Total splits: 459 Good splits: 431
Reward: 110959.374458 Total splits: 457 Good splits: 422
Reward: 125006.803174 Total splits: 475 Good splits: 441
Reward: 124786.094704 Total splits: 497 Good splits: 473
Reward: 117647.698398 Total splits: 439 Good splits: 407
Reward: 115093.134344 Total splits: 448 Good splits: 420
Reward: 129616.688336 Total splits: 487 Good splits: 453
Reward: 119295.350289 Total splits: 465 Good splits: 431
Reward: 124841.956735 Total splits: 482 Good splits: 453
Reward: 113478.527653 Total splits: 513 Good splits: 500
Reward: 124964.847894 Total splits: 457 Good splits: 435
Reward: 128770.459397 Total splits: 440 Good splits: 426
Reward: 124011.785438 Total splits: 441 Good splits: 404
Reward: 122876.325869 Total splits: 466 Good splits: 434
Reward: 125979.280532 Total splits: 460 Good splits: 427
Reward: 116450.289929 Total splits: 448 Good splits: 426
Reward: 117063.017092 Total splits: 488 Good splits: 466
Reward: 125784.878547 Total splits: 447 Good splits: 423
Reward: 125527.193927 Total splits: 467 Good splits: 444
Reward: 119707.644436 Total splits: 478 Good splits: 449
Reward: 127146.982053 Total splits: 429 Good splits: 406
Reward: 122421.645751 Total splits: 482 Good splits: 458
Reward: 119840.524611 Total splits: 486 Good splits: 457
Reward: 107112.102874 Total splits: 462 Good splits: 435
Reward: 124874.5652 Total splits: 445 Good splits: 416
Reward: 121471.232179 Total splits: 491 Good splits: 465
Reward: 120202.212177 Total splits: 482 Good splits: 461
Reward: 124176.161829 Total splits: 450 Good splits: 426
Reward: 116108.726006 Total splits: 483 Good splits: 463
Reward: 119952.596607 Total splits: 476 Good splits: 453
Reward: 122480.59676 Total splits: 468 Good splits: 447

Results after 100 tests
Average total rewards : 122648.8134
Average total splits  : 465.49
Average good splits   : 438.87
Average good splits % : 94.2812949795

