Reward: 107181.647244 Total splits: 238 Good splits: 236
Reward: 100723.090383 Total splits: 220 Good splits: 219
Reward: 107127.391726 Total splits: 255 Good splits: 250
Reward: 106170.031068 Total splits: 194 Good splits: 191
Reward: 105613.301752 Total splits: 267 Good splits: 261
Reward: 101611.812485 Total splits: 223 Good splits: 221
Reward: 99740.9014085 Total splits: 213 Good splits: 211
Reward: 110905.958274 Total splits: 255 Good splits: 251
Reward: 103303.77659 Total splits: 252 Good splits: 251
Reward: 105366.540258 Total splits: 246 Good splits: 240
Reward: 107499.590222 Total splits: 245 Good splits: 242
Reward: 109819.002537 Total splits: 168 Good splits: 164
Reward: 103468.72378 Total splits: 232 Good splits: 228
Reward: 105714.336835 Total splits: 224 Good splits: 221
Reward: 106647.357761 Total splits: 228 Good splits: 225
Reward: 98207.198315 Total splits: 252 Good splits: 248
Reward: 105594.762753 Total splits: 234 Good splits: 229
Reward: 107557.17714 Total splits: 256 Good splits: 253
Reward: 104931.42103 Total splits: 239 Good splits: 236
Reward: 105749.591638 Total splits: 210 Good splits: 207
Reward: 107494.203289 Total splits: 244 Good splits: 241
Reward: 102320.977145 Total splits: 246 Good splits: 243
Reward: 101999.989153 Total splits: 251 Good splits: 250
Reward: 106837.142277 Total splits: 284 Good splits: 282
Reward: 97211.9950428 Total splits: 185 Good splits: 181
Reward: 105205.695939 Total splits: 251 Good splits: 248
Reward: 100019.736469 Total splits: 294 Good splits: 290
Reward: 103598.250506 Total splits: 214 Good splits: 212
Reward: 104806.63626 Total splits: 245 Good splits: 242
Reward: 110585.524758 Total splits: 211 Good splits: 211
Reward: 98502.0534225 Total splits: 229 Good splits: 225
Reward: 106522.312526 Total splits: 212 Good splits: 208
Reward: 104760.959966 Total splits: 226 Good splits: 218
Reward: 107124.308992 Total splits: 210 Good splits: 209
Reward: 98910.8561685 Total splits: 197 Good splits: 196
Reward: 111877.756465 Total splits: 261 Good splits: 256
Reward: 99510.8860026 Total splits: 230 Good splits: 230
Reward: 98963.6761558 Total splits: 240 Good splits: 239
Reward: 89291.6934494 Total splits: 191 Good splits: 188
Reward: 106518.193986 Total splits: 220 Good splits: 218
Reward: 103474.117913 Total splits: 268 Good splits: 263
Reward: 106733.318613 Total splits: 228 Good splits: 223
Reward: 103271.804088 Total splits: 241 Good splits: 240
Reward: 104441.941285 Total splits: 243 Good splits: 240
Reward: 100372.201602 Total splits: 245 Good splits: 240
Reward: 107892.504101 Total splits: 216 Good splits: 213
Reward: 107175.122563 Total splits: 225 Good splits: 224
Reward: 102936.584713 Total splits: 234 Good splits: 231
Reward: 106945.158856 Total splits: 211 Good splits: 203
Reward: 106495.826547 Total splits: 276 Good splits: 274

Results after 50 tests
Average total rewards : 104294.700829
Average total splits  : 233.58
Average good splits   : 230.44
Average good splits % : 98.6557068242

Reward: 110050.172186 Total splits: 248 Good splits: 242
Reward: 110980.562658 Total splits: 195 Good splits: 194
Reward: 110656.290251 Total splits: 212 Good splits: 211
Reward: 113490.535705 Total splits: 194 Good splits: 192
Reward: 104040.223472 Total splits: 249 Good splits: 247
Reward: 106336.482682 Total splits: 218 Good splits: 214
Reward: 97026.7341967 Total splits: 247 Good splits: 242
Reward: 105283.549465 Total splits: 221 Good splits: 218
Reward: 111252.022334 Total splits: 216 Good splits: 213
Reward: 104578.311892 Total splits: 240 Good splits: 237
Reward: 108866.994906 Total splits: 255 Good splits: 251
Reward: 112688.92314 Total splits: 207 Good splits: 205
Reward: 96107.3626479 Total splits: 207 Good splits: 203
Reward: 107046.129052 Total splits: 273 Good splits: 267
Reward: 109228.846879 Total splits: 280 Good splits: 277
Reward: 103716.859104 Total splits: 226 Good splits: 225
Reward: 103766.251787 Total splits: 219 Good splits: 216
Reward: 107195.229049 Total splits: 221 Good splits: 221
Reward: 110338.039826 Total splits: 263 Good splits: 262
Reward: 109084.467589 Total splits: 239 Good splits: 233
Reward: 102718.730193 Total splits: 203 Good splits: 199
Reward: 105024.191988 Total splits: 226 Good splits: 226
Reward: 97890.159853 Total splits: 219 Good splits: 216
Reward: 112928.026599 Total splits: 199 Good splits: 196
Reward: 101598.739794 Total splits: 228 Good splits: 225
Reward: 105998.810012 Total splits: 198 Good splits: 195
Reward: 101235.36907 Total splits: 230 Good splits: 222
Reward: 111685.91225 Total splits: 247 Good splits: 242
Reward: 110653.153842 Total splits: 228 Good splits: 222
Reward: 104497.118443 Total splits: 190 Good splits: 185
Reward: 109753.103804 Total splits: 259 Good splits: 258
Reward: 102491.602954 Total splits: 261 Good splits: 255
Reward: 110275.066635 Total splits: 239 Good splits: 234
Reward: 105016.402194 Total splits: 249 Good splits: 244
Reward: 108448.910343 Total splits: 229 Good splits: 228
Reward: 109335.630287 Total splits: 212 Good splits: 210
Reward: 108933.561309 Total splits: 206 Good splits: 204
Reward: 100771.691074 Total splits: 237 Good splits: 234
Reward: 107560.126282 Total splits: 261 Good splits: 257
Reward: 105486.854015 Total splits: 190 Good splits: 189
Reward: 105584.73321 Total splits: 188 Good splits: 185
Reward: 107676.839904 Total splits: 222 Good splits: 220
Reward: 101438.667127 Total splits: 194 Good splits: 190
Reward: 108591.357327 Total splits: 242 Good splits: 239
Reward: 103026.789802 Total splits: 264 Good splits: 261
Reward: 104033.6063 Total splits: 220 Good splits: 215
Reward: 105535.753831 Total splits: 210 Good splits: 208
Reward: 105846.826296 Total splits: 225 Good splits: 224
Reward: 109403.145244 Total splits: 209 Good splits: 206
Reward: 111378.613547 Total splits: 254 Good splits: 250

Results after 50 tests
Average total rewards : 106531.069647
Average total splits  : 227.38
Average good splits   : 224.18
Average good splits % : 98.5926642625

