Reward: 108587.881091 Total splits: 416 Good splits: 400
Reward: 116358.663481 Total splits: 386 Good splits: 365
Reward: 106526.150898 Total splits: 368 Good splits: 349
Reward: 112467.662565 Total splits: 421 Good splits: 406
Reward: 112819.176122 Total splits: 375 Good splits: 362
Reward: 117900.722947 Total splits: 406 Good splits: 390
Reward: 112325.180831 Total splits: 429 Good splits: 413
Reward: 119659.320358 Total splits: 367 Good splits: 355
Reward: 112089.71717 Total splits: 320 Good splits: 314
Reward: 122364.415919 Total splits: 356 Good splits: 339
Reward: 118829.922479 Total splits: 332 Good splits: 319
Reward: 117879.794804 Total splits: 393 Good splits: 378
Reward: 99982.525886 Total splits: 432 Good splits: 419
Reward: 102961.746359 Total splits: 410 Good splits: 387
Reward: 107322.205295 Total splits: 409 Good splits: 388
Reward: 91741.947143 Total splits: 455 Good splits: 434
Reward: 116575.666736 Total splits: 388 Good splits: 370
Reward: 103938.238238 Total splits: 406 Good splits: 388
Reward: 116986.466929 Total splits: 393 Good splits: 375
Reward: 98038.3490359 Total splits: 407 Good splits: 383
Reward: 112142.665462 Total splits: 416 Good splits: 399
Reward: 105857.008482 Total splits: 440 Good splits: 422
Reward: 111539.087084 Total splits: 414 Good splits: 397
Reward: 109775.236988 Total splits: 385 Good splits: 367
Reward: 109951.714487 Total splits: 436 Good splits: 418
Reward: 113789.20308 Total splits: 427 Good splits: 415
Reward: 119336.9162 Total splits: 343 Good splits: 327
Reward: 117178.063932 Total splits: 440 Good splits: 427
Reward: 115415.014668 Total splits: 420 Good splits: 400
Reward: 107200.334699 Total splits: 430 Good splits: 406
Reward: 108126.742908 Total splits: 398 Good splits: 380
Reward: 104264.614051 Total splits: 414 Good splits: 397
Reward: 113694.963593 Total splits: 383 Good splits: 367
Reward: 102895.862406 Total splits: 418 Good splits: 395
Reward: 99876.0592264 Total splits: 387 Good splits: 368
Reward: 98326.6180326 Total splits: 434 Good splits: 424
Reward: 117228.518672 Total splits: 424 Good splits: 401
Reward: 100124.310358 Total splits: 424 Good splits: 402
Reward: 111071.375599 Total splits: 417 Good splits: 396
Reward: 106987.005181 Total splits: 409 Good splits: 390
Reward: 114580.894274 Total splits: 395 Good splits: 383
Reward: 111144.194542 Total splits: 419 Good splits: 407
Reward: 116379.273271 Total splits: 381 Good splits: 365
Reward: 110704.947873 Total splits: 417 Good splits: 399
Reward: 105035.595374 Total splits: 413 Good splits: 392
Reward: 118649.801787 Total splits: 400 Good splits: 378
Reward: 105751.264928 Total splits: 397 Good splits: 386
Reward: 103366.09917 Total splits: 390 Good splits: 375
Reward: 108529.688298 Total splits: 401 Good splits: 380
Reward: 104546.415506 Total splits: 430 Good splits: 411

Results after 50 tests
Average total rewards : 109976.504888
Average total splits  : 403.42
Average good splits   : 386.16
Average good splits % : 95.7215804868

Reward: 102404.727277 Total splits: 413 Good splits: 394
Reward: 109946.511368 Total splits: 348 Good splits: 331
Reward: 104970.689969 Total splits: 406 Good splits: 388
Reward: 119893.418459 Total splits: 408 Good splits: 398
Reward: 112060.905987 Total splits: 408 Good splits: 388
Reward: 115509.915121 Total splits: 298 Good splits: 285
Reward: 106982.440732 Total splits: 448 Good splits: 431
Reward: 115762.552454 Total splits: 419 Good splits: 404
Reward: 101693.444982 Total splits: 415 Good splits: 398
Reward: 99258.110641 Total splits: 409 Good splits: 390
Reward: 109350.855805 Total splits: 411 Good splits: 393
Reward: 117559.568708 Total splits: 408 Good splits: 391
Reward: 109087.984292 Total splits: 421 Good splits: 407
Reward: 114816.845263 Total splits: 426 Good splits: 409
Reward: 116541.520172 Total splits: 384 Good splits: 364
Reward: 111235.15715 Total splits: 429 Good splits: 408
Reward: 122710.080634 Total splits: 380 Good splits: 362
Reward: 105782.441252 Total splits: 422 Good splits: 401
Reward: 105668.832987 Total splits: 365 Good splits: 344
Reward: 97464.9241243 Total splits: 394 Good splits: 372
Reward: 113493.844075 Total splits: 354 Good splits: 339
Reward: 106523.449879 Total splits: 440 Good splits: 425
Reward: 105773.744307 Total splits: 415 Good splits: 399
Reward: 100665.934904 Total splits: 380 Good splits: 352
Reward: 123558.284904 Total splits: 349 Good splits: 338
Reward: 102611.43086 Total splits: 406 Good splits: 382
Reward: 109559.3808 Total splits: 361 Good splits: 341
Reward: 116508.577931 Total splits: 407 Good splits: 387
Reward: 116058.60403 Total splits: 329 Good splits: 314
Reward: 115882.340535 Total splits: 344 Good splits: 329
Reward: 102123.024185 Total splits: 419 Good splits: 402
Reward: 102814.410735 Total splits: 418 Good splits: 403
Reward: 114262.158487 Total splits: 334 Good splits: 329
Reward: 93440.7556973 Total splits: 370 Good splits: 353
Reward: 113924.337205 Total splits: 337 Good splits: 319
Reward: 109835.509984 Total splits: 342 Good splits: 323
Reward: 119673.702096 Total splits: 374 Good splits: 357
Reward: 117374.671648 Total splits: 353 Good splits: 336
Reward: 83720.9914957 Total splits: 437 Good splits: 415
Reward: 106856.080976 Total splits: 428 Good splits: 412
Reward: 110636.542152 Total splits: 406 Good splits: 373
Reward: 108537.681593 Total splits: 358 Good splits: 345
Reward: 114658.346849 Total splits: 416 Good splits: 398
Reward: 109858.482341 Total splits: 399 Good splits: 383
Reward: 120721.049338 Total splits: 341 Good splits: 328
Reward: 90185.7194944 Total splits: 418 Good splits: 399
Reward: 114906.640802 Total splits: 389 Good splits: 377
Reward: 111219.594212 Total splits: 414 Good splits: 394
Reward: 109397.488357 Total splits: 383 Good splits: 369
Reward: 119170.641985 Total splits: 358 Good splits: 336

Results after 50 tests
Average total rewards : 109653.086985
Average total splits  : 389.82
Average good splits   : 372.3
Average good splits % : 95.5056179775

