Reward: 50711.4647026 Total splits: 276 Good splits: 264 Marginal splits: 4
Reward: 50109.7585038 Total splits: 302 Good splits: 287 Marginal splits: 2
Reward: 56376.0627198 Total splits: 280 Good splits: 269 Marginal splits: 1
Reward: 50769.7316451 Total splits: 302 Good splits: 291 Marginal splits: 4
Reward: 53976.0144442 Total splits: 283 Good splits: 270 Marginal splits: 4
Reward: 45968.979709 Total splits: 299 Good splits: 291 Marginal splits: 1
Reward: 54789.6353492 Total splits: 292 Good splits: 287 Marginal splits: 3
Reward: 52316.8138203 Total splits: 299 Good splits: 287 Marginal splits: 4
Reward: 57923.0001634 Total splits: 292 Good splits: 278 Marginal splits: 4
Reward: 50741.3498702 Total splits: 287 Good splits: 278 Marginal splits: 1
Reward: 55448.6121869 Total splits: 284 Good splits: 273 Marginal splits: 6
Reward: 48133.9830863 Total splits: 291 Good splits: 278 Marginal splits: 4
Reward: 57022.7368789 Total splits: 292 Good splits: 284 Marginal splits: 5
Reward: 50441.2004204 Total splits: 279 Good splits: 269 Marginal splits: 1
Reward: 53337.4382772 Total splits: 291 Good splits: 276 Marginal splits: 3
Reward: 48121.3975808 Total splits: 284 Good splits: 279 Marginal splits: 3
Reward: 52746.8971183 Total splits: 270 Good splits: 257 Marginal splits: 3
Reward: 52964.0808437 Total splits: 285 Good splits: 276 Marginal splits: 2
Reward: 55057.23367 Total splits: 271 Good splits: 260 Marginal splits: 1
Reward: 51829.4039088 Total splits: 275 Good splits: 261 Marginal splits: 4
Reward: 52959.6354476 Total splits: 295 Good splits: 284 Marginal splits: 2
Reward: 50732.782389 Total splits: 276 Good splits: 264 Marginal splits: 4
Reward: 52348.9925954 Total splits: 278 Good splits: 273 Marginal splits: 4
Reward: 51119.4304026 Total splits: 296 Good splits: 291 Marginal splits: 0
Reward: 52625.9392648 Total splits: 284 Good splits: 274 Marginal splits: 2
Reward: 51258.1549929 Total splits: 294 Good splits: 282 Marginal splits: 2
Reward: 51803.3800829 Total splits: 293 Good splits: 287 Marginal splits: 7
Reward: 54449.5975957 Total splits: 294 Good splits: 280 Marginal splits: 2
Reward: 50299.8767273 Total splits: 296 Good splits: 287 Marginal splits: 6
Reward: 54472.8156708 Total splits: 271 Good splits: 265 Marginal splits: 1
Reward: 49564.2125336 Total splits: 294 Good splits: 286 Marginal splits: 3
Reward: 53710.4773105 Total splits: 295 Good splits: 287 Marginal splits: 1
Reward: 51748.8951046 Total splits: 299 Good splits: 291 Marginal splits: 2
Reward: 52974.5025221 Total splits: 282 Good splits: 273 Marginal splits: 3
Reward: 49525.7486445 Total splits: 297 Good splits: 291 Marginal splits: 0
Reward: 54969.7887297 Total splits: 297 Good splits: 290 Marginal splits: 6
Reward: 52170.9306753 Total splits: 303 Good splits: 294 Marginal splits: 3
Reward: 56258.0483516 Total splits: 299 Good splits: 291 Marginal splits: 5
Reward: 50588.8767085 Total splits: 308 Good splits: 298 Marginal splits: 2
Reward: 54822.2476878 Total splits: 279 Good splits: 267 Marginal splits: 3
Reward: 47070.2867633 Total splits: 294 Good splits: 286 Marginal splits: 1
Reward: 53326.3505251 Total splits: 288 Good splits: 284 Marginal splits: 5
Reward: 50947.345166 Total splits: 284 Good splits: 272 Marginal splits: 2
Reward: 55274.4743266 Total splits: 276 Good splits: 269 Marginal splits: 2
Reward: 47685.5655272 Total splits: 272 Good splits: 263 Marginal splits: 2
Reward: 57618.2312063 Total splits: 269 Good splits: 259 Marginal splits: 2
Reward: 51667.3859127 Total splits: 290 Good splits: 279 Marginal splits: 2
Reward: 51960.6960206 Total splits: 287 Good splits: 280 Marginal splits: 1
Reward: 52569.3212144 Total splits: 284 Good splits: 271 Marginal splits: 2
Reward: 55821.3665699 Total splits: 291 Good splits: 280 Marginal splits: 2
Reward: 49178.9540108 Total splits: 295 Good splits: 288 Marginal splits: 1
Reward: 55352.9990284 Total splits: 306 Good splits: 287 Marginal splits: 1
Reward: 49496.74455 Total splits: 304 Good splits: 288 Marginal splits: 13
Reward: 51501.4875935 Total splits: 278 Good splits: 274 Marginal splits: 3
Reward: 50734.4879105 Total splits: 279 Good splits: 269 Marginal splits: 0
Reward: 55612.4015387 Total splits: 293 Good splits: 287 Marginal splits: 4
Reward: 52518.0437219 Total splits: 276 Good splits: 264 Marginal splits: 0
Reward: 53983.414991 Total splits: 286 Good splits: 271 Marginal splits: 2
Reward: 53651.7287946 Total splits: 287 Good splits: 277 Marginal splits: 0
Reward: 51773.6876036 Total splits: 287 Good splits: 279 Marginal splits: 2
Reward: 50646.8768116 Total splits: 291 Good splits: 282 Marginal splits: 1
Reward: 50659.7416562 Total splits: 277 Good splits: 269 Marginal splits: 3
Reward: 50030.2765208 Total splits: 275 Good splits: 264 Marginal splits: 0
Reward: 51841.5784201 Total splits: 295 Good splits: 283 Marginal splits: 2
Reward: 54123.3979811 Total splits: 285 Good splits: 276 Marginal splits: 0
Reward: 52437.4788754 Total splits: 298 Good splits: 288 Marginal splits: 4
Reward: 53231.1744065 Total splits: 273 Good splits: 269 Marginal splits: 1
Reward: 52084.5964599 Total splits: 281 Good splits: 270 Marginal splits: 4
Reward: 54617.8894038 Total splits: 305 Good splits: 296 Marginal splits: 4
Reward: 51106.4932196 Total splits: 297 Good splits: 289 Marginal splits: 1
Reward: 54490.4300847 Total splits: 280 Good splits: 270 Marginal splits: 4
Reward: 51213.702454 Total splits: 283 Good splits: 272 Marginal splits: 2
Reward: 53998.9948429 Total splits: 278 Good splits: 269 Marginal splits: 2
Reward: 49044.7040407 Total splits: 291 Good splits: 283 Marginal splits: 6
Reward: 56708.8798869 Total splits: 288 Good splits: 280 Marginal splits: 6
Reward: 48576.4048655 Total splits: 266 Good splits: 256 Marginal splits: 3
Reward: 56240.7658026 Total splits: 295 Good splits: 286 Marginal splits: 2
Reward: 50327.5883434 Total splits: 295 Good splits: 287 Marginal splits: 2
Reward: 55210.8421625 Total splits: 297 Good splits: 289 Marginal splits: 1
Reward: 46710.2329425 Total splits: 298 Good splits: 291 Marginal splits: 1
Reward: 55532.6674215 Total splits: 293 Good splits: 281 Marginal splits: 2
Reward: 49454.710114 Total splits: 283 Good splits: 276 Marginal splits: 1
Reward: 54836.7133948 Total splits: 272 Good splits: 269 Marginal splits: 4
Reward: 49002.6741442 Total splits: 283 Good splits: 266 Marginal splits: 5
Reward: 56147.0810662 Total splits: 292 Good splits: 288 Marginal splits: 1
Reward: 50445.3528945 Total splits: 296 Good splits: 288 Marginal splits: 0
Reward: 48896.3956115 Total splits: 312 Good splits: 303 Marginal splits: 2
Reward: 51845.0057765 Total splits: 294 Good splits: 284 Marginal splits: 0
Reward: 52537.8078434 Total splits: 300 Good splits: 294 Marginal splits: 6
Reward: 49277.8482079 Total splits: 274 Good splits: 264 Marginal splits: 1
Reward: 52939.2685286 Total splits: 278 Good splits: 271 Marginal splits: 3
Reward: 48362.4517499 Total splits: 277 Good splits: 270 Marginal splits: 6
Reward: 52014.9082575 Total splits: 288 Good splits: 275 Marginal splits: 2
Reward: 50095.5767786 Total splits: 296 Good splits: 288 Marginal splits: 10
Reward: 52111.148671 Total splits: 308 Good splits: 296 Marginal splits: 3
Reward: 52608.579628 Total splits: 267 Good splits: 259 Marginal splits: 3
Reward: 53010.6288346 Total splits: 300 Good splits: 290 Marginal splits: 1
Reward: 54414.2237386 Total splits: 283 Good splits: 276 Marginal splits: 2
Reward: 49595.7332237 Total splits: 271 Good splits: 265 Marginal splits: 1
Reward: 54791.9655337 Total splits: 303 Good splits: 298 Marginal splits: 0
Reward: 52517.2159816 Total splits: 298 Good splits: 289 Marginal splits: 1
Reward: 53122.3209946 Total splits: 288 Good splits: 281 Marginal splits: 4
Reward: 50610.1649705 Total splits: 313 Good splits: 300 Marginal splits: 2
Reward: 51474.2158921 Total splits: 281 Good splits: 271 Marginal splits: 5
Reward: 51537.8861809 Total splits: 279 Good splits: 270 Marginal splits: 1
Reward: 54932.5049657 Total splits: 277 Good splits: 267 Marginal splits: 0
Reward: 51115.3815412 Total splits: 299 Good splits: 295 Marginal splits: 1
Reward: 55828.0184447 Total splits: 290 Good splits: 281 Marginal splits: 0
Reward: 48574.5471835 Total splits: 269 Good splits: 261 Marginal splits: 2
Reward: 55870.6468696 Total splits: 291 Good splits: 278 Marginal splits: 2
Reward: 50286.8252982 Total splits: 281 Good splits: 272 Marginal splits: 2
Reward: 55582.4761671 Total splits: 288 Good splits: 284 Marginal splits: 4
Reward: 47485.8192732 Total splits: 287 Good splits: 277 Marginal splits: 2
Reward: 56311.9381642 Total splits: 266 Good splits: 258 Marginal splits: 1
Reward: 49833.644187 Total splits: 290 Good splits: 282 Marginal splits: 2
Reward: 58149.5684546 Total splits: 301 Good splits: 291 Marginal splits: 0
Reward: 50216.7833353 Total splits: 295 Good splits: 286 Marginal splits: 2
Reward: 54127.2328391 Total splits: 307 Good splits: 297 Marginal splits: 2
Reward: 48372.715141 Total splits: 272 Good splits: 261 Marginal splits: 0
Reward: 55149.2359399 Total splits: 275 Good splits: 267 Marginal splits: 3
Reward: 52567.4298367 Total splits: 298 Good splits: 292 Marginal splits: 1
Reward: 54613.6863331 Total splits: 302 Good splits: 291 Marginal splits: 3
Reward: 50086.4324099 Total splits: 294 Good splits: 281 Marginal splits: 1
Reward: 54342.2714901 Total splits: 284 Good splits: 272 Marginal splits: 0
Reward: 51111.0962775 Total splits: 280 Good splits: 269 Marginal splits: 0
Reward: 54843.8704566 Total splits: 288 Good splits: 281 Marginal splits: 1
Reward: 49870.0135825 Total splits: 275 Good splits: 267 Marginal splits: 2
Reward: 52365.9867023 Total splits: 315 Good splits: 308 Marginal splits: 3
Reward: 51751.6468437 Total splits: 283 Good splits: 268 Marginal splits: 3
Reward: 51826.1955027 Total splits: 298 Good splits: 285 Marginal splits: 3
Reward: 51964.2104502 Total splits: 302 Good splits: 295 Marginal splits: 4
Reward: 51311.8262647 Total splits: 280 Good splits: 272 Marginal splits: 3
Reward: 53050.1828666 Total splits: 280 Good splits: 269 Marginal splits: 4
Reward: 52112.1314284 Total splits: 278 Good splits: 267 Marginal splits: 0
Reward: 52485.6883059 Total splits: 287 Good splits: 275 Marginal splits: 5
Reward: 53279.2203284 Total splits: 300 Good splits: 292 Marginal splits: 2
Reward: 54048.7263554 Total splits: 306 Good splits: 289 Marginal splits: 3
Reward: 48768.1346096 Total splits: 272 Good splits: 266 Marginal splits: 5
Reward: 55421.8368195 Total splits: 311 Good splits: 297 Marginal splits: 3
Reward: 50852.6815991 Total splits: 293 Good splits: 274 Marginal splits: 0
Reward: 55615.9416 Total splits: 293 Good splits: 286 Marginal splits: 0
Reward: 49299.7481952 Total splits: 295 Good splits: 288 Marginal splits: 2
Reward: 56810.9316309 Total splits: 290 Good splits: 279 Marginal splits: 2
Reward: 51081.091863 Total splits: 275 Good splits: 265 Marginal splits: 2
Reward: 56630.8955981 Total splits: 282 Good splits: 274 Marginal splits: 1
Reward: 52031.0420016 Total splits: 304 Good splits: 293 Marginal splits: 1
Reward: 51791.9757151 Total splits: 280 Good splits: 269 Marginal splits: 1
Reward: 46736.2179112 Total splits: 280 Good splits: 271 Marginal splits: 1
Reward: 55590.7217498 Total splits: 296 Good splits: 288 Marginal splits: 5
Reward: 48640.3105739 Total splits: 296 Good splits: 288 Marginal splits: 2
Reward: 56534.8902853 Total splits: 283 Good splits: 276 Marginal splits: 0
Reward: 47789.2313222 Total splits: 286 Good splits: 277 Marginal splits: 2
Reward: 55221.4039631 Total splits: 279 Good splits: 272 Marginal splits: 2
Reward: 50903.2412657 Total splits: 282 Good splits: 277 Marginal splits: 2
Reward: 55419.415232 Total splits: 280 Good splits: 271 Marginal splits: 2
Reward: 50229.3032029 Total splits: 298 Good splits: 290 Marginal splits: 3
Reward: 54265.3158867 Total splits: 284 Good splits: 269 Marginal splits: 4
Reward: 47883.3036407 Total splits: 284 Good splits: 275 Marginal splits: 3
Reward: 55394.4188635 Total splits: 303 Good splits: 291 Marginal splits: 3
Reward: 49235.4013857 Total splits: 270 Good splits: 265 Marginal splits: 3
Reward: 53702.9350507 Total splits: 303 Good splits: 294 Marginal splits: 1
Reward: 51065.0883492 Total splits: 289 Good splits: 279 Marginal splits: 1
Reward: 52103.4484127 Total splits: 287 Good splits: 279 Marginal splits: 3
Reward: 52570.9830397 Total splits: 302 Good splits: 288 Marginal splits: 3
Reward: 50837.7117215 Total splits: 280 Good splits: 267 Marginal splits: 1
Reward: 49858.2032976 Total splits: 305 Good splits: 296 Marginal splits: 2
Reward: 49764.5946577 Total splits: 289 Good splits: 281 Marginal splits: 3
Reward: 54402.9438293 Total splits: 275 Good splits: 263 Marginal splits: 0
Reward: 50499.1288602 Total splits: 276 Good splits: 269 Marginal splits: 2
Reward: 54110.3208474 Total splits: 298 Good splits: 283 Marginal splits: 1
Reward: 50528.2132404 Total splits: 310 Good splits: 304 Marginal splits: 3
Reward: 54679.3906178 Total splits: 280 Good splits: 273 Marginal splits: 0
Reward: 51279.5837295 Total splits: 269 Good splits: 259 Marginal splits: 2
Reward: 50316.1322305 Total splits: 278 Good splits: 262 Marginal splits: 2
Reward: 49733.6629666 Total splits: 293 Good splits: 281 Marginal splits: 5
Reward: 55305.0056594 Total splits: 279 Good splits: 269 Marginal splits: 5
Reward: 50504.9738239 Total splits: 296 Good splits: 285 Marginal splits: 2
Reward: 57411.0273506 Total splits: 297 Good splits: 289 Marginal splits: 2
Reward: 49259.2029594 Total splits: 295 Good splits: 291 Marginal splits: 1
Reward: 56016.0893667 Total splits: 296 Good splits: 292 Marginal splits: 0
Reward: 46759.0288399 Total splits: 282 Good splits: 270 Marginal splits: 1
Reward: 56598.0702485 Total splits: 278 Good splits: 268 Marginal splits: 0
Reward: 50411.0679601 Total splits: 279 Good splits: 269 Marginal splits: 4
Reward: 54186.7166028 Total splits: 292 Good splits: 286 Marginal splits: 6
Reward: 48583.5371091 Total splits: 298 Good splits: 291 Marginal splits: 3
Reward: 55540.173888 Total splits: 285 Good splits: 279 Marginal splits: 3
Reward: 48239.3474196 Total splits: 301 Good splits: 292 Marginal splits: 3
Reward: 55512.0043525 Total splits: 296 Good splits: 285 Marginal splits: 2
Reward: 50883.3953297 Total splits: 293 Good splits: 283 Marginal splits: 3
Reward: 51515.2143615 Total splits: 295 Good splits: 284 Marginal splits: 4
Reward: 48322.3690004 Total splits: 296 Good splits: 283 Marginal splits: 4
Reward: 55299.1930184 Total splits: 295 Good splits: 280 Marginal splits: 4
Reward: 50114.5585489 Total splits: 271 Good splits: 262 Marginal splits: 3
Reward: 51354.9878543 Total splits: 287 Good splits: 279 Marginal splits: 5
Reward: 51166.5069317 Total splits: 284 Good splits: 276 Marginal splits: 3
Reward: 54262.1417294 Total splits: 295 Good splits: 285 Marginal splits: 2
Reward: 50229.755806 Total splits: 280 Good splits: 273 Marginal splits: 2
Reward: 51764.1300454 Total splits: 298 Good splits: 295 Marginal splits: 3
Reward: 52241.4838973 Total splits: 288 Good splits: 275 Marginal splits: 3
Reward: 53045.6191999 Total splits: 293 Good splits: 285 Marginal splits: 0

Total results after running 200 tests
Average total rewards : 52255.0652312
Average total splits  : 288.52
Average good splits   : 279.065
Average good splits % : 96.7229308194

Reward: 54319.0563377 Total splits: 272 Good splits: 263 Marginal splits: 2
Reward: 49106.4991721 Total splits: 290 Good splits: 283 Marginal splits: 3
Reward: 55623.427027 Total splits: 301 Good splits: 291 Marginal splits: 4
Reward: 48495.9195261 Total splits: 292 Good splits: 283 Marginal splits: 3
Reward: 52500.9501675 Total splits: 276 Good splits: 268 Marginal splits: 1
Reward: 49522.3033503 Total splits: 290 Good splits: 277 Marginal splits: 4
Reward: 55262.8134274 Total splits: 282 Good splits: 276 Marginal splits: 1
Reward: 49915.5436162 Total splits: 292 Good splits: 281 Marginal splits: 5
Reward: 55777.9681146 Total splits: 306 Good splits: 298 Marginal splits: 3
Reward: 51435.6893739 Total splits: 283 Good splits: 276 Marginal splits: 12
Reward: 55432.3781388 Total splits: 283 Good splits: 275 Marginal splits: 1
Reward: 48718.4098654 Total splits: 285 Good splits: 279 Marginal splits: 3
Reward: 53227.9187718 Total splits: 291 Good splits: 284 Marginal splits: 2
Reward: 50292.4340489 Total splits: 303 Good splits: 292 Marginal splits: 5
Reward: 51920.7143743 Total splits: 290 Good splits: 280 Marginal splits: 3
Reward: 49574.1493166 Total splits: 292 Good splits: 281 Marginal splits: 7
Reward: 54806.1563442 Total splits: 289 Good splits: 285 Marginal splits: 1
Reward: 52527.2455369 Total splits: 281 Good splits: 274 Marginal splits: 4
Reward: 53170.6836458 Total splits: 301 Good splits: 296 Marginal splits: 1
Reward: 50528.5542797 Total splits: 294 Good splits: 284 Marginal splits: 5
Reward: 55137.5712036 Total splits: 286 Good splits: 277 Marginal splits: 1
Reward: 52094.410952 Total splits: 295 Good splits: 279 Marginal splits: 2
Reward: 51619.5742236 Total splits: 301 Good splits: 291 Marginal splits: 0
Reward: 50121.4360795 Total splits: 303 Good splits: 294 Marginal splits: 0
Reward: 51653.7714273 Total splits: 270 Good splits: 259 Marginal splits: 2
Reward: 52532.3608543 Total splits: 285 Good splits: 273 Marginal splits: 2
Reward: 53164.6840613 Total splits: 289 Good splits: 279 Marginal splits: 3
Reward: 52955.2005436 Total splits: 280 Good splits: 271 Marginal splits: 0
Reward: 51733.5688324 Total splits: 276 Good splits: 265 Marginal splits: 0
Reward: 52702.6553594 Total splits: 299 Good splits: 286 Marginal splits: 0
Reward: 50368.5595841 Total splits: 319 Good splits: 306 Marginal splits: 5
Reward: 51975.1417603 Total splits: 283 Good splits: 272 Marginal splits: 3
Reward: 51333.8186241 Total splits: 295 Good splits: 290 Marginal splits: 2
Reward: 55763.9024728 Total splits: 301 Good splits: 289 Marginal splits: 4
Reward: 49668.9577837 Total splits: 300 Good splits: 288 Marginal splits: 2
Reward: 55598.9671666 Total splits: 297 Good splits: 291 Marginal splits: 3
Reward: 52451.5185899 Total splits: 287 Good splits: 278 Marginal splits: 2
Reward: 56645.4040806 Total splits: 288 Good splits: 280 Marginal splits: 1
Reward: 51304.135454 Total splits: 281 Good splits: 265 Marginal splits: 0
Reward: 56554.2423686 Total splits: 288 Good splits: 275 Marginal splits: 0
Reward: 49072.7297135 Total splits: 288 Good splits: 280 Marginal splits: 3
Reward: 57686.9362428 Total splits: 293 Good splits: 280 Marginal splits: 4
Reward: 48644.0990184 Total splits: 295 Good splits: 285 Marginal splits: 5
Reward: 55812.3921689 Total splits: 284 Good splits: 278 Marginal splits: 1
Reward: 46966.1997019 Total splits: 295 Good splits: 286 Marginal splits: 2
Reward: 53260.4176108 Total splits: 281 Good splits: 274 Marginal splits: 4
Reward: 48655.5209605 Total splits: 283 Good splits: 275 Marginal splits: 2
Reward: 51943.1174141 Total splits: 303 Good splits: 298 Marginal splits: 4
Reward: 51741.3051478 Total splits: 298 Good splits: 283 Marginal splits: 2
Reward: 54326.4016219 Total splits: 276 Good splits: 264 Marginal splits: 1
Reward: 47222.6113758 Total splits: 277 Good splits: 269 Marginal splits: 1
Reward: 56085.1637143 Total splits: 284 Good splits: 270 Marginal splits: 4
Reward: 50601.7728756 Total splits: 296 Good splits: 287 Marginal splits: 0
Reward: 55270.2538168 Total splits: 289 Good splits: 276 Marginal splits: 0
Reward: 50582.0620504 Total splits: 300 Good splits: 291 Marginal splits: 2
Reward: 54515.1429767 Total splits: 276 Good splits: 264 Marginal splits: 1
Reward: 52345.2608896 Total splits: 293 Good splits: 277 Marginal splits: 2
Reward: 53288.8475041 Total splits: 282 Good splits: 268 Marginal splits: 0
Reward: 53961.2800961 Total splits: 301 Good splits: 296 Marginal splits: 2
Reward: 51175.871453 Total splits: 292 Good splits: 284 Marginal splits: 2
Reward: 50083.5327202 Total splits: 300 Good splits: 289 Marginal splits: 4
Reward: 51670.3384629 Total splits: 294 Good splits: 288 Marginal splits: 0
Reward: 52741.1604216 Total splits: 291 Good splits: 274 Marginal splits: 2
Reward: 50219.3119933 Total splits: 278 Good splits: 276 Marginal splits: 3
Reward: 49038.2521043 Total splits: 292 Good splits: 285 Marginal splits: 2
Reward: 53497.3586847 Total splits: 292 Good splits: 286 Marginal splits: 1
Reward: 50811.9386184 Total splits: 268 Good splits: 253 Marginal splits: 1
Reward: 52086.9579591 Total splits: 282 Good splits: 272 Marginal splits: 1
Reward: 53774.2323293 Total splits: 300 Good splits: 292 Marginal splits: 3
Reward: 48075.6292633 Total splits: 287 Good splits: 279 Marginal splits: 1
Reward: 56354.8242418 Total splits: 282 Good splits: 269 Marginal splits: 2
Reward: 48453.3766563 Total splits: 275 Good splits: 267 Marginal splits: 1
Reward: 55341.982288 Total splits: 304 Good splits: 291 Marginal splits: 2
Reward: 48847.0800554 Total splits: 302 Good splits: 293 Marginal splits: 3
Reward: 55115.5852756 Total splits: 291 Good splits: 277 Marginal splits: 4
Reward: 49672.5811463 Total splits: 281 Good splits: 273 Marginal splits: 1
Reward: 55396.0366993 Total splits: 282 Good splits: 274 Marginal splits: 2
Reward: 50351.8322618 Total splits: 274 Good splits: 265 Marginal splits: 3
Reward: 52627.5427324 Total splits: 269 Good splits: 257 Marginal splits: 0
Reward: 47777.9487153 Total splits: 296 Good splits: 288 Marginal splits: 1
Reward: 55013.2156473 Total splits: 272 Good splits: 265 Marginal splits: 0
Reward: 49416.6751684 Total splits: 296 Good splits: 283 Marginal splits: 3
Reward: 55614.1280851 Total splits: 300 Good splits: 285 Marginal splits: 3
Reward: 48178.1127465 Total splits: 249 Good splits: 243 Marginal splits: 2
Reward: 54732.6865837 Total splits: 299 Good splits: 294 Marginal splits: 2
Reward: 50575.9116571 Total splits: 290 Good splits: 281 Marginal splits: 2
Reward: 53895.8001201 Total splits: 304 Good splits: 294 Marginal splits: 2
Reward: 52231.4182441 Total splits: 279 Good splits: 265 Marginal splits: 1
Reward: 53650.980673 Total splits: 282 Good splits: 266 Marginal splits: 3
Reward: 50903.6567026 Total splits: 297 Good splits: 286 Marginal splits: 1
Reward: 50950.5685561 Total splits: 275 Good splits: 266 Marginal splits: 5
Reward: 49335.4396038 Total splits: 304 Good splits: 291 Marginal splits: 2
Reward: 50208.633799 Total splits: 310 Good splits: 303 Marginal splits: 6
Reward: 52325.4797421 Total splits: 282 Good splits: 273 Marginal splits: 1
Reward: 53475.2545508 Total splits: 286 Good splits: 275 Marginal splits: 0
Reward: 54012.781411 Total splits: 288 Good splits: 277 Marginal splits: 2
Reward: 51359.7222185 Total splits: 296 Good splits: 288 Marginal splits: 0
Reward: 53412.0599672 Total splits: 284 Good splits: 274 Marginal splits: 10
Reward: 49170.5717632 Total splits: 318 Good splits: 305 Marginal splits: 4
Reward: 53563.8115516 Total splits: 292 Good splits: 285 Marginal splits: 2
Reward: 48843.5354291 Total splits: 288 Good splits: 279 Marginal splits: 2
Reward: 53520.8916178 Total splits: 303 Good splits: 292 Marginal splits: 1
Reward: 50505.7144942 Total splits: 293 Good splits: 281 Marginal splits: 0
Reward: 54484.8937824 Total splits: 288 Good splits: 277 Marginal splits: 1
Reward: 51519.3916339 Total splits: 286 Good splits: 277 Marginal splits: 1
Reward: 56022.6558003 Total splits: 293 Good splits: 286 Marginal splits: 3
Reward: 50070.9646063 Total splits: 289 Good splits: 279 Marginal splits: 1
Reward: 56792.2323472 Total splits: 298 Good splits: 289 Marginal splits: 3
Reward: 47901.7955257 Total splits: 287 Good splits: 280 Marginal splits: 2
Reward: 53419.1251599 Total splits: 270 Good splits: 262 Marginal splits: 2
Reward: 48912.6362174 Total splits: 294 Good splits: 283 Marginal splits: 2
Reward: 55404.8034784 Total splits: 299 Good splits: 291 Marginal splits: 6
Reward: 49067.506589 Total splits: 268 Good splits: 263 Marginal splits: 0
Reward: 56101.5654804 Total splits: 290 Good splits: 278 Marginal splits: 0
Reward: 51159.2882924 Total splits: 293 Good splits: 281 Marginal splits: 1
Reward: 53856.0172864 Total splits: 300 Good splits: 294 Marginal splits: 1
Reward: 47926.7373852 Total splits: 291 Good splits: 279 Marginal splits: 1
Reward: 57187.6284741 Total splits: 299 Good splits: 285 Marginal splits: 1
Reward: 49924.4445142 Total splits: 281 Good splits: 265 Marginal splits: 1
Reward: 56749.7571468 Total splits: 307 Good splits: 298 Marginal splits: 1
Reward: 51066.2792536 Total splits: 275 Good splits: 264 Marginal splits: 2
Reward: 51662.588364 Total splits: 276 Good splits: 271 Marginal splits: 3
Reward: 49555.6124883 Total splits: 296 Good splits: 283 Marginal splits: 3
Reward: 54536.872157 Total splits: 303 Good splits: 293 Marginal splits: 5
Reward: 49489.9461159 Total splits: 293 Good splits: 283 Marginal splits: 0
Reward: 53935.5740458 Total splits: 299 Good splits: 286 Marginal splits: 3
Reward: 51533.5258331 Total splits: 298 Good splits: 293 Marginal splits: 3
Reward: 52776.1769003 Total splits: 285 Good splits: 275 Marginal splits: 0
Reward: 47560.7895438 Total splits: 262 Good splits: 258 Marginal splits: 1
Reward: 52230.6050593 Total splits: 294 Good splits: 285 Marginal splits: 7
Reward: 52075.2773605 Total splits: 296 Good splits: 290 Marginal splits: 3
Reward: 50735.3169079 Total splits: 292 Good splits: 282 Marginal splits: 3
Reward: 53484.9661768 Total splits: 299 Good splits: 285 Marginal splits: 2
Reward: 46798.4687616 Total splits: 294 Good splits: 284 Marginal splits: 1
Reward: 53459.3676814 Total splits: 290 Good splits: 284 Marginal splits: 0
Reward: 49083.6853884 Total splits: 276 Good splits: 267 Marginal splits: 3
Reward: 55177.4220479 Total splits: 285 Good splits: 273 Marginal splits: 6
Reward: 49340.7295466 Total splits: 295 Good splits: 284 Marginal splits: 4
Reward: 55002.0787565 Total splits: 310 Good splits: 299 Marginal splits: 3
Reward: 50308.1641422 Total splits: 285 Good splits: 275 Marginal splits: 0
Reward: 55564.7761892 Total splits: 275 Good splits: 266 Marginal splits: 2
Reward: 48958.9738205 Total splits: 283 Good splits: 277 Marginal splits: 0
Reward: 56780.1502778 Total splits: 294 Good splits: 284 Marginal splits: 1
Reward: 50311.4054062 Total splits: 296 Good splits: 284 Marginal splits: 5
Reward: 57977.1504154 Total splits: 295 Good splits: 288 Marginal splits: 1
Reward: 51025.8359657 Total splits: 281 Good splits: 275 Marginal splits: 6
Reward: 56124.9269639 Total splits: 294 Good splits: 282 Marginal splits: 1
Reward: 47860.108487 Total splits: 282 Good splits: 275 Marginal splits: 2
Reward: 57310.1131304 Total splits: 277 Good splits: 269 Marginal splits: 0
Reward: 50509.5640042 Total splits: 290 Good splits: 283 Marginal splits: 3
Reward: 56190.4652661 Total splits: 271 Good splits: 262 Marginal splits: 1
Reward: 45713.3566122 Total splits: 292 Good splits: 286 Marginal splits: 3
Reward: 55857.0436868 Total splits: 287 Good splits: 281 Marginal splits: 3
Reward: 49785.4118626 Total splits: 290 Good splits: 278 Marginal splits: 2
Reward: 55337.434523 Total splits: 269 Good splits: 259 Marginal splits: 1
Reward: 52366.0718034 Total splits: 279 Good splits: 268 Marginal splits: 4
Reward: 54370.4068009 Total splits: 293 Good splits: 284 Marginal splits: 2
Reward: 51905.0213885 Total splits: 290 Good splits: 279 Marginal splits: 3
Reward: 51053.8331382 Total splits: 293 Good splits: 282 Marginal splits: 1
Reward: 50357.1709222 Total splits: 294 Good splits: 285 Marginal splits: 2
Reward: 54770.7682867 Total splits: 286 Good splits: 280 Marginal splits: 4
Reward: 50176.2557303 Total splits: 290 Good splits: 283 Marginal splits: 1
Reward: 52041.0079775 Total splits: 281 Good splits: 273 Marginal splits: 7
Reward: 51621.4649578 Total splits: 288 Good splits: 279 Marginal splits: 1
Reward: 54164.4196058 Total splits: 297 Good splits: 288 Marginal splits: 4
Reward: 51122.6231944 Total splits: 300 Good splits: 292 Marginal splits: 5
Reward: 50282.6042024 Total splits: 272 Good splits: 266 Marginal splits: 5
Reward: 54567.0957471 Total splits: 293 Good splits: 286 Marginal splits: 5
Reward: 50969.9714583 Total splits: 272 Good splits: 261 Marginal splits: 0
Reward: 52455.5537813 Total splits: 299 Good splits: 290 Marginal splits: 2
Reward: 49749.4775739 Total splits: 279 Good splits: 273 Marginal splits: 3
Reward: 53220.4987934 Total splits: 303 Good splits: 296 Marginal splits: 1
Reward: 51920.9782675 Total splits: 299 Good splits: 287 Marginal splits: 0
Reward: 53657.7535664 Total splits: 288 Good splits: 281 Marginal splits: 4
Reward: 50336.5876265 Total splits: 300 Good splits: 290 Marginal splits: 0
Reward: 56194.2735805 Total splits: 292 Good splits: 284 Marginal splits: 2
Reward: 47526.1152015 Total splits: 270 Good splits: 264 Marginal splits: 1
Reward: 56824.3050421 Total splits: 288 Good splits: 281 Marginal splits: 2
Reward: 50977.4775175 Total splits: 302 Good splits: 289 Marginal splits: 1
Reward: 55205.7432179 Total splits: 288 Good splits: 282 Marginal splits: 3
Reward: 48751.4506868 Total splits: 300 Good splits: 287 Marginal splits: 3
Reward: 55782.7532106 Total splits: 278 Good splits: 269 Marginal splits: 1
Reward: 51029.5568002 Total splits: 291 Good splits: 279 Marginal splits: 2
Reward: 54321.784602 Total splits: 290 Good splits: 278 Marginal splits: 1
Reward: 50114.5902907 Total splits: 277 Good splits: 272 Marginal splits: 1
Reward: 56728.3449028 Total splits: 275 Good splits: 264 Marginal splits: 0
Reward: 47330.0485509 Total splits: 293 Good splits: 288 Marginal splits: 2
Reward: 56121.2612365 Total splits: 288 Good splits: 275 Marginal splits: 6
Reward: 50189.5688554 Total splits: 301 Good splits: 290 Marginal splits: 1
Reward: 54891.5741521 Total splits: 298 Good splits: 290 Marginal splits: 8
Reward: 48235.7877971 Total splits: 280 Good splits: 274 Marginal splits: 1
Reward: 54127.4405096 Total splits: 279 Good splits: 270 Marginal splits: 5
Reward: 51422.3144523 Total splits: 296 Good splits: 285 Marginal splits: 2
Reward: 54316.2681468 Total splits: 286 Good splits: 280 Marginal splits: 6
Reward: 51685.4930553 Total splits: 285 Good splits: 273 Marginal splits: 1
Reward: 55175.5151249 Total splits: 298 Good splits: 292 Marginal splits: 3
Reward: 51128.6868803 Total splits: 273 Good splits: 261 Marginal splits: 1
Reward: 52318.1308778 Total splits: 290 Good splits: 281 Marginal splits: 6
Reward: 51482.7122044 Total splits: 300 Good splits: 288 Marginal splits: 0
Reward: 51420.5895567 Total splits: 273 Good splits: 261 Marginal splits: 0

Total results after running 200 tests
Average total rewards : 52217.8179665
Average total splits  : 289.14
Average good splits   : 279.64
Average good splits % : 96.714394411

Reward: 56357.3258443 Total splits: 286 Good splits: 274 Marginal splits: 2
Reward: 49777.6703053 Total splits: 293 Good splits: 286 Marginal splits: 0
Reward: 56152.1709404 Total splits: 290 Good splits: 282 Marginal splits: 5
Reward: 49009.1517172 Total splits: 283 Good splits: 270 Marginal splits: 2
Reward: 55586.2942469 Total splits: 307 Good splits: 297 Marginal splits: 1
Reward: 48808.3822391 Total splits: 289 Good splits: 279 Marginal splits: 0
Reward: 53889.7464974 Total splits: 283 Good splits: 272 Marginal splits: 2
Reward: 52522.6699202 Total splits: 282 Good splits: 277 Marginal splits: 1
Reward: 55784.1883615 Total splits: 289 Good splits: 280 Marginal splits: 0
Reward: 49884.9008827 Total splits: 284 Good splits: 275 Marginal splits: 0
Reward: 55569.088701 Total splits: 309 Good splits: 295 Marginal splits: 4
Reward: 49227.0684469 Total splits: 283 Good splits: 278 Marginal splits: 2
Reward: 55903.8837275 Total splits: 287 Good splits: 287 Marginal splits: 2
Reward: 50713.4650965 Total splits: 293 Good splits: 280 Marginal splits: 3
Reward: 56793.5761086 Total splits: 299 Good splits: 285 Marginal splits: 0
Reward: 49394.1322379 Total splits: 288 Good splits: 273 Marginal splits: 2
Reward: 55664.8474865 Total splits: 275 Good splits: 266 Marginal splits: 1
Reward: 49484.7587 Total splits: 294 Good splits: 285 Marginal splits: 5
Reward: 54029.4776414 Total splits: 298 Good splits: 285 Marginal splits: 1
Reward: 51383.3005102 Total splits: 293 Good splits: 283 Marginal splits: 3
Reward: 54830.3926656 Total splits: 314 Good splits: 301 Marginal splits: 2
Reward: 51198.8130961 Total splits: 298 Good splits: 290 Marginal splits: 5
Reward: 52925.5078569 Total splits: 278 Good splits: 276 Marginal splits: 2
Reward: 48698.7465677 Total splits: 271 Good splits: 264 Marginal splits: 2
Reward: 51724.7819769 Total splits: 297 Good splits: 278 Marginal splits: 1
Reward: 51714.3362744 Total splits: 299 Good splits: 289 Marginal splits: 2
Reward: 52447.9332724 Total splits: 294 Good splits: 281 Marginal splits: 2
Reward: 54797.4717027 Total splits: 290 Good splits: 287 Marginal splits: 4
Reward: 52603.2098467 Total splits: 281 Good splits: 276 Marginal splits: 2
Reward: 54407.2514796 Total splits: 300 Good splits: 286 Marginal splits: 3
Reward: 49238.8344148 Total splits: 281 Good splits: 271 Marginal splits: 3
Reward: 50946.5354097 Total splits: 288 Good splits: 282 Marginal splits: 5
Reward: 52606.4958622 Total splits: 295 Good splits: 287 Marginal splits: 5
Reward: 53452.4720751 Total splits: 277 Good splits: 268 Marginal splits: 5
Reward: 50296.73798 Total splits: 293 Good splits: 276 Marginal splits: 1
Reward: 54278.4393055 Total splits: 272 Good splits: 264 Marginal splits: 2
Reward: 51641.4795768 Total splits: 278 Good splits: 267 Marginal splits: 1
Reward: 56133.4785726 Total splits: 299 Good splits: 285 Marginal splits: 1
Reward: 51365.2986812 Total splits: 314 Good splits: 305 Marginal splits: 1
Reward: 55940.1872545 Total splits: 297 Good splits: 285 Marginal splits: 5
Reward: 49331.2863363 Total splits: 285 Good splits: 276 Marginal splits: 0
Reward: 55282.9490635 Total splits: 284 Good splits: 272 Marginal splits: 1
Reward: 50881.0720716 Total splits: 287 Good splits: 279 Marginal splits: 1
Reward: 55770.7399801 Total splits: 280 Good splits: 273 Marginal splits: 4
Reward: 48156.4430694 Total splits: 277 Good splits: 268 Marginal splits: 0
Reward: 55495.5215321 Total splits: 266 Good splits: 261 Marginal splits: 3
Reward: 49832.9797699 Total splits: 282 Good splits: 274 Marginal splits: 0
Reward: 56441.9159767 Total splits: 292 Good splits: 285 Marginal splits: 4
Reward: 51028.1893311 Total splits: 301 Good splits: 290 Marginal splits: 3
Reward: 55137.6841908 Total splits: 288 Good splits: 275 Marginal splits: 1
Reward: 50670.4870728 Total splits: 276 Good splits: 268 Marginal splits: 1
Reward: 51540.3378835 Total splits: 282 Good splits: 271 Marginal splits: 6
Reward: 51081.6199797 Total splits: 269 Good splits: 265 Marginal splits: 2
Reward: 54966.6871309 Total splits: 282 Good splits: 272 Marginal splits: 1
Reward: 48972.8527862 Total splits: 295 Good splits: 290 Marginal splits: 2
Reward: 53443.4432903 Total splits: 304 Good splits: 287 Marginal splits: 7
Reward: 51561.6380958 Total splits: 288 Good splits: 278 Marginal splits: 1
Reward: 52284.2290085 Total splits: 301 Good splits: 291 Marginal splits: 2
Reward: 53500.2398081 Total splits: 301 Good splits: 288 Marginal splits: 0
Reward: 51750.9720197 Total splits: 292 Good splits: 279 Marginal splits: 5
Reward: 52784.5503128 Total splits: 305 Good splits: 298 Marginal splits: 4
Reward: 52326.2622907 Total splits: 290 Good splits: 278 Marginal splits: 2
Reward: 53752.7518974 Total splits: 286 Good splits: 276 Marginal splits: 2
Reward: 50811.9310131 Total splits: 292 Good splits: 285 Marginal splits: 2
Reward: 52924.7599724 Total splits: 286 Good splits: 276 Marginal splits: 2
Reward: 51212.2676381 Total splits: 287 Good splits: 281 Marginal splits: 3
Reward: 54203.9693296 Total splits: 301 Good splits: 292 Marginal splits: 3
Reward: 50921.1842627 Total splits: 276 Good splits: 270 Marginal splits: 2
Reward: 52752.9770769 Total splits: 301 Good splits: 290 Marginal splits: 3
Reward: 50553.0316616 Total splits: 293 Good splits: 280 Marginal splits: 0
Reward: 56640.0177778 Total splits: 297 Good splits: 280 Marginal splits: 2
Reward: 49624.1061571 Total splits: 300 Good splits: 290 Marginal splits: 2
Reward: 55660.4138938 Total splits: 287 Good splits: 278 Marginal splits: 3
Reward: 50258.0090729 Total splits: 297 Good splits: 289 Marginal splits: 2
Reward: 53299.8849754 Total splits: 299 Good splits: 287 Marginal splits: 4
Reward: 50281.5812443 Total splits: 274 Good splits: 266 Marginal splits: 2
Reward: 53506.4652855 Total splits: 284 Good splits: 275 Marginal splits: 1
Reward: 49999.5328205 Total splits: 279 Good splits: 270 Marginal splits: 2
Reward: 53579.438357 Total splits: 284 Good splits: 270 Marginal splits: 0
Reward: 48911.1516586 Total splits: 286 Good splits: 271 Marginal splits: 1
Reward: 56757.3596273 Total splits: 283 Good splits: 273 Marginal splits: 4
Reward: 50090.5388092 Total splits: 282 Good splits: 270 Marginal splits: 3
Reward: 54308.2507055 Total splits: 267 Good splits: 260 Marginal splits: 1
Reward: 49974.601468 Total splits: 270 Good splits: 262 Marginal splits: 0
Reward: 55938.0508033 Total splits: 293 Good splits: 287 Marginal splits: 1
Reward: 51507.0997669 Total splits: 306 Good splits: 291 Marginal splits: 2
Reward: 55321.7782357 Total splits: 283 Good splits: 276 Marginal splits: 7
Reward: 49324.6401567 Total splits: 290 Good splits: 279 Marginal splits: 4
Reward: 53065.1943608 Total splits: 290 Good splits: 280 Marginal splits: 5
Reward: 50038.5756141 Total splits: 290 Good splits: 284 Marginal splits: 1
Reward: 54144.5244756 Total splits: 284 Good splits: 272 Marginal splits: 1
Reward: 51472.639494 Total splits: 266 Good splits: 259 Marginal splits: 0
Reward: 52730.3747266 Total splits: 304 Good splits: 299 Marginal splits: 4
Reward: 52790.4949227 Total splits: 287 Good splits: 275 Marginal splits: 0
Reward: 54519.9396819 Total splits: 297 Good splits: 292 Marginal splits: 3
Reward: 54193.4027152 Total splits: 300 Good splits: 290 Marginal splits: 3
Reward: 50225.0208981 Total splits: 273 Good splits: 263 Marginal splits: 2
Reward: 52656.160305 Total splits: 295 Good splits: 285 Marginal splits: 0
Reward: 51271.8770576 Total splits: 286 Good splits: 277 Marginal splits: 1
Reward: 54129.1980867 Total splits: 283 Good splits: 275 Marginal splits: 0
Reward: 51320.4562285 Total splits: 287 Good splits: 273 Marginal splits: 1
Reward: 52486.06311 Total splits: 296 Good splits: 289 Marginal splits: 1
Reward: 49941.6044861 Total splits: 286 Good splits: 268 Marginal splits: 0
Reward: 54609.1434233 Total splits: 285 Good splits: 276 Marginal splits: 5
Reward: 49900.3268277 Total splits: 283 Good splits: 278 Marginal splits: 2
Reward: 56103.5206548 Total splits: 290 Good splits: 284 Marginal splits: 2
Reward: 48891.590078 Total splits: 292 Good splits: 280 Marginal splits: 5
Reward: 52974.2354886 Total splits: 283 Good splits: 276 Marginal splits: 4
Reward: 46968.3893398 Total splits: 279 Good splits: 270 Marginal splits: 5
Reward: 57229.7643242 Total splits: 283 Good splits: 272 Marginal splits: 4
Reward: 49874.2792173 Total splits: 293 Good splits: 284 Marginal splits: 3
Reward: 55459.3105316 Total splits: 297 Good splits: 287 Marginal splits: 1
Reward: 48386.2894616 Total splits: 286 Good splits: 272 Marginal splits: 3
Reward: 56830.3278652 Total splits: 298 Good splits: 289 Marginal splits: 3
Reward: 50286.1917685 Total splits: 284 Good splits: 276 Marginal splits: 1
Reward: 56379.4525135 Total splits: 286 Good splits: 281 Marginal splits: 1
Reward: 51136.9691431 Total splits: 312 Good splits: 305 Marginal splits: 3
Reward: 55918.6586413 Total splits: 286 Good splits: 280 Marginal splits: 1
Reward: 48148.6512826 Total splits: 312 Good splits: 305 Marginal splits: 2
Reward: 56367.8453351 Total splits: 296 Good splits: 281 Marginal splits: 1
Reward: 51709.7838925 Total splits: 289 Good splits: 279 Marginal splits: 1
Reward: 54021.6513647 Total splits: 290 Good splits: 280 Marginal splits: 2
Reward: 48117.5479108 Total splits: 301 Good splits: 283 Marginal splits: 4
Reward: 51936.5427772 Total splits: 282 Good splits: 274 Marginal splits: 3
Reward: 50172.3273426 Total splits: 283 Good splits: 271 Marginal splits: 0
Reward: 53357.0426918 Total splits: 292 Good splits: 282 Marginal splits: 4
Reward: 52459.0368117 Total splits: 283 Good splits: 272 Marginal splits: 1
Reward: 52435.2079875 Total splits: 293 Good splits: 281 Marginal splits: 2
Reward: 50380.9996236 Total splits: 271 Good splits: 263 Marginal splits: 4
Reward: 48528.7906692 Total splits: 301 Good splits: 294 Marginal splits: 3
Reward: 51153.8499338 Total splits: 277 Good splits: 265 Marginal splits: 1
Reward: 50948.7628488 Total splits: 282 Good splits: 268 Marginal splits: 1
Reward: 53258.5737276 Total splits: 296 Good splits: 287 Marginal splits: 2
Reward: 53240.3405903 Total splits: 295 Good splits: 286 Marginal splits: 2
Reward: 53002.0226032 Total splits: 282 Good splits: 273 Marginal splits: 0
Reward: 51795.2488726 Total splits: 298 Good splits: 287 Marginal splits: 3
Reward: 54129.3251614 Total splits: 283 Good splits: 271 Marginal splits: 3
Reward: 49752.7201358 Total splits: 299 Good splits: 288 Marginal splits: 3
Reward: 52765.8599955 Total splits: 279 Good splits: 270 Marginal splits: 1
Reward: 49842.7068475 Total splits: 295 Good splits: 288 Marginal splits: 3
Reward: 51910.1403582 Total splits: 272 Good splits: 267 Marginal splits: 0
Reward: 50771.5381446 Total splits: 277 Good splits: 265 Marginal splits: 0
Reward: 55798.2492253 Total splits: 289 Good splits: 284 Marginal splits: 0
Reward: 49427.4214286 Total splits: 292 Good splits: 276 Marginal splits: 4
Reward: 57275.1606811 Total splits: 291 Good splits: 282 Marginal splits: 1
Reward: 51104.6488546 Total splits: 295 Good splits: 284 Marginal splits: 5
Reward: 56620.9302667 Total splits: 299 Good splits: 287 Marginal splits: 3
Reward: 46540.2026687 Total splits: 278 Good splits: 263 Marginal splits: 2
Reward: 53672.6968256 Total splits: 292 Good splits: 282 Marginal splits: 2
Reward: 48698.7915071 Total splits: 280 Good splits: 269 Marginal splits: 0
Reward: 56617.2104264 Total splits: 281 Good splits: 272 Marginal splits: 0
Reward: 47081.8737871 Total splits: 293 Good splits: 282 Marginal splits: 1
Reward: 53853.1151769 Total splits: 296 Good splits: 290 Marginal splits: 0
Reward: 49258.6387734 Total splits: 297 Good splits: 290 Marginal splits: 1
Reward: 52711.2276493 Total splits: 292 Good splits: 287 Marginal splits: 0
Reward: 51474.895464 Total splits: 287 Good splits: 280 Marginal splits: 5
Reward: 55043.6996578 Total splits: 281 Good splits: 270 Marginal splits: 1
Reward: 49222.2532645 Total splits: 297 Good splits: 286 Marginal splits: 1
Reward: 55122.4414699 Total splits: 273 Good splits: 263 Marginal splits: 3
Reward: 50277.4072005 Total splits: 285 Good splits: 278 Marginal splits: 0
Reward: 54587.6413923 Total splits: 259 Good splits: 253 Marginal splits: 2
Reward: 51132.7932335 Total splits: 299 Good splits: 294 Marginal splits: 7
Reward: 53614.1750252 Total splits: 280 Good splits: 271 Marginal splits: 4
Reward: 50637.5520518 Total splits: 299 Good splits: 291 Marginal splits: 2
Reward: 50670.4527084 Total splits: 288 Good splits: 277 Marginal splits: 3
Reward: 53902.0025211 Total splits: 303 Good splits: 288 Marginal splits: 5
Reward: 50633.8417036 Total splits: 299 Good splits: 287 Marginal splits: 0
Reward: 54578.758431 Total splits: 282 Good splits: 276 Marginal splits: 0
Reward: 51096.5452922 Total splits: 298 Good splits: 288 Marginal splits: 6
Reward: 50718.7061429 Total splits: 298 Good splits: 290 Marginal splits: 2
Reward: 51904.482501 Total splits: 283 Good splits: 275 Marginal splits: 1
Reward: 53454.741276 Total splits: 306 Good splits: 294 Marginal splits: 5
Reward: 48176.5141498 Total splits: 296 Good splits: 291 Marginal splits: 4
Reward: 54075.1275893 Total splits: 277 Good splits: 268 Marginal splits: 2
Reward: 52052.5143068 Total splits: 292 Good splits: 282 Marginal splits: 2
Reward: 56084.7657044 Total splits: 277 Good splits: 273 Marginal splits: 2
Reward: 51031.7576612 Total splits: 276 Good splits: 268 Marginal splits: 0
Reward: 57513.0329313 Total splits: 281 Good splits: 272 Marginal splits: 3
Reward: 49588.0872184 Total splits: 312 Good splits: 296 Marginal splits: 0
Reward: 54927.6647939 Total splits: 282 Good splits: 275 Marginal splits: 3
Reward: 48138.34281 Total splits: 300 Good splits: 294 Marginal splits: 3
Reward: 48807.8219763 Total splits: 276 Good splits: 273 Marginal splits: 3
Reward: 50125.9464989 Total splits: 290 Good splits: 281 Marginal splits: 5
Reward: 55598.3980349 Total splits: 290 Good splits: 282 Marginal splits: 0
Reward: 51127.6466301 Total splits: 306 Good splits: 297 Marginal splits: 0
Reward: 53612.3674816 Total splits: 291 Good splits: 280 Marginal splits: 4
Reward: 50063.1674026 Total splits: 291 Good splits: 281 Marginal splits: 3
Reward: 54441.766027 Total splits: 292 Good splits: 285 Marginal splits: 4
Reward: 48044.145092 Total splits: 280 Good splits: 271 Marginal splits: 2
Reward: 56110.4008581 Total splits: 275 Good splits: 268 Marginal splits: 2
Reward: 50952.892955 Total splits: 289 Good splits: 277 Marginal splits: 3
Reward: 54727.9571058 Total splits: 278 Good splits: 275 Marginal splits: 2
Reward: 49319.0274353 Total splits: 275 Good splits: 268 Marginal splits: 6
Reward: 55053.6115594 Total splits: 275 Good splits: 268 Marginal splits: 5
Reward: 52249.1151249 Total splits: 280 Good splits: 272 Marginal splits: 2
Reward: 54132.0255527 Total splits: 277 Good splits: 271 Marginal splits: 0
Reward: 49151.2573888 Total splits: 292 Good splits: 287 Marginal splits: 3
Reward: 52716.3104277 Total splits: 291 Good splits: 283 Marginal splits: 5
Reward: 50510.7430121 Total splits: 298 Good splits: 292 Marginal splits: 2
Reward: 51197.51874 Total splits: 288 Good splits: 280 Marginal splits: 1

Total results after running 200 tests
Average total rewards : 52319.7268679
Average total splits  : 288.695
Average good splits   : 279.295
Average good splits % : 96.7439685481

Reward: 53343.3177783 Total splits: 275 Good splits: 268 Marginal splits: 1
Reward: 49866.4435138 Total splits: 295 Good splits: 289 Marginal splits: 3
Reward: 54420.0641784 Total splits: 281 Good splits: 272 Marginal splits: 4
Reward: 50787.0828397 Total splits: 288 Good splits: 277 Marginal splits: 1
Reward: 54205.5751058 Total splits: 283 Good splits: 272 Marginal splits: 4
Reward: 48092.5903162 Total splits: 296 Good splits: 290 Marginal splits: 4
Reward: 53330.8493056 Total splits: 292 Good splits: 281 Marginal splits: 4
Reward: 49840.8397114 Total splits: 274 Good splits: 262 Marginal splits: 1
Reward: 56575.647974 Total splits: 283 Good splits: 275 Marginal splits: 2
Reward: 48214.1742938 Total splits: 291 Good splits: 281 Marginal splits: 1
Reward: 56171.2007511 Total splits: 272 Good splits: 267 Marginal splits: 3
Reward: 49799.0312399 Total splits: 284 Good splits: 272 Marginal splits: 1
Reward: 55966.8067948 Total splits: 284 Good splits: 276 Marginal splits: 4
Reward: 50077.3381032 Total splits: 295 Good splits: 287 Marginal splits: 3
Reward: 55007.0274517 Total splits: 293 Good splits: 286 Marginal splits: 0
Reward: 47590.8557532 Total splits: 298 Good splits: 293 Marginal splits: 1
Reward: 54159.4522857 Total splits: 282 Good splits: 273 Marginal splits: 4
Reward: 50911.9340692 Total splits: 284 Good splits: 273 Marginal splits: 0
Reward: 51227.5448739 Total splits: 291 Good splits: 276 Marginal splits: 2
Reward: 50953.1553481 Total splits: 282 Good splits: 271 Marginal splits: 1
Reward: 55741.6214616 Total splits: 286 Good splits: 278 Marginal splits: 2
Reward: 48319.2176039 Total splits: 264 Good splits: 253 Marginal splits: 2
Reward: 52906.7370517 Total splits: 288 Good splits: 280 Marginal splits: 4
Reward: 49197.2434587 Total splits: 300 Good splits: 290 Marginal splits: 2
Reward: 51566.462624 Total splits: 301 Good splits: 290 Marginal splits: 2
Reward: 51969.5183635 Total splits: 290 Good splits: 278 Marginal splits: 0
Reward: 53001.1968379 Total splits: 297 Good splits: 290 Marginal splits: 1
Reward: 52662.7516006 Total splits: 289 Good splits: 282 Marginal splits: 2
Reward: 52834.849517 Total splits: 289 Good splits: 279 Marginal splits: 1
Reward: 53969.9142557 Total splits: 289 Good splits: 277 Marginal splits: 1
Reward: 50532.7698844 Total splits: 296 Good splits: 287 Marginal splits: 1
Reward: 52832.800686 Total splits: 292 Good splits: 283 Marginal splits: 0
Reward: 51093.1267305 Total splits: 281 Good splits: 275 Marginal splits: 0
Reward: 55722.91871 Total splits: 292 Good splits: 282 Marginal splits: 3
Reward: 50272.7468686 Total splits: 283 Good splits: 279 Marginal splits: 3
Reward: 55113.1070739 Total splits: 294 Good splits: 284 Marginal splits: 5
Reward: 52385.2637369 Total splits: 290 Good splits: 280 Marginal splits: 3
Reward: 55451.8695226 Total splits: 273 Good splits: 261 Marginal splits: 0
Reward: 50274.8886967 Total splits: 293 Good splits: 284 Marginal splits: 1
Reward: 54602.4860599 Total splits: 298 Good splits: 285 Marginal splits: 0
Reward: 48728.5556312 Total splits: 289 Good splits: 278 Marginal splits: 3
Reward: 56605.1840182 Total splits: 273 Good splits: 265 Marginal splits: 1
Reward: 50949.9327155 Total splits: 271 Good splits: 260 Marginal splits: 2
Reward: 54884.1646192 Total splits: 291 Good splits: 284 Marginal splits: 2
Reward: 48392.7820155 Total splits: 281 Good splits: 273 Marginal splits: 5
Reward: 53143.3602159 Total splits: 292 Good splits: 286 Marginal splits: 2
Reward: 50744.3866959 Total splits: 258 Good splits: 249 Marginal splits: 0
Reward: 51761.362363 Total splits: 289 Good splits: 284 Marginal splits: 7
Reward: 51346.3729143 Total splits: 288 Good splits: 275 Marginal splits: 3
Reward: 55315.3769109 Total splits: 277 Good splits: 266 Marginal splits: 0
Reward: 49773.7858348 Total splits: 280 Good splits: 273 Marginal splits: 0
Reward: 55900.020987 Total splits: 305 Good splits: 294 Marginal splits: 0
Reward: 51944.0883678 Total splits: 287 Good splits: 275 Marginal splits: 2
Reward: 55209.434993 Total splits: 310 Good splits: 301 Marginal splits: 2
Reward: 50246.7367155 Total splits: 282 Good splits: 274 Marginal splits: 0
Reward: 53974.466285 Total splits: 282 Good splits: 273 Marginal splits: 0
Reward: 51978.0950066 Total splits: 285 Good splits: 273 Marginal splits: 2
Reward: 53837.4837681 Total splits: 288 Good splits: 281 Marginal splits: 1
Reward: 52882.329939 Total splits: 305 Good splits: 296 Marginal splits: 3
Reward: 51001.4775002 Total splits: 294 Good splits: 285 Marginal splits: 3
Reward: 52221.6088642 Total splits: 300 Good splits: 293 Marginal splits: 1
Reward: 51612.9346854 Total splits: 312 Good splits: 306 Marginal splits: 5
Reward: 51922.0096714 Total splits: 279 Good splits: 268 Marginal splits: 3
Reward: 50341.5522176 Total splits: 303 Good splits: 294 Marginal splits: 4
Reward: 53547.2702233 Total splits: 279 Good splits: 268 Marginal splits: 0
Reward: 52471.8864175 Total splits: 294 Good splits: 284 Marginal splits: 3
Reward: 51469.5816304 Total splits: 278 Good splits: 262 Marginal splits: 0
Reward: 52337.7038473 Total splits: 283 Good splits: 280 Marginal splits: 1
Reward: 53858.4835608 Total splits: 289 Good splits: 275 Marginal splits: 1
Reward: 48664.0213413 Total splits: 298 Good splits: 290 Marginal splits: 1
Reward: 56151.5062383 Total splits: 291 Good splits: 279 Marginal splits: 2
Reward: 50309.9660596 Total splits: 277 Good splits: 266 Marginal splits: 1
Reward: 54297.9151356 Total splits: 284 Good splits: 279 Marginal splits: 0
Reward: 49151.7115618 Total splits: 285 Good splits: 272 Marginal splits: 2
Reward: 55967.626418 Total splits: 305 Good splits: 297 Marginal splits: 3
Reward: 48714.6939186 Total splits: 284 Good splits: 272 Marginal splits: 3
Reward: 52923.9271138 Total splits: 295 Good splits: 290 Marginal splits: 1
Reward: 50870.8337371 Total splits: 293 Good splits: 285 Marginal splits: 1
Reward: 53424.4003253 Total splits: 277 Good splits: 264 Marginal splits: 0
Reward: 47451.3366044 Total splits: 282 Good splits: 279 Marginal splits: 6
Reward: 56397.6767657 Total splits: 300 Good splits: 290 Marginal splits: 2
Reward: 50198.3074203 Total splits: 299 Good splits: 288 Marginal splits: 2
Reward: 55783.5898522 Total splits: 303 Good splits: 297 Marginal splits: 1
Reward: 49913.1560319 Total splits: 298 Good splits: 290 Marginal splits: 4
Reward: 54563.4270085 Total splits: 285 Good splits: 277 Marginal splits: 2
Reward: 45520.0534418 Total splits: 291 Good splits: 288 Marginal splits: 5
Reward: 53867.797024 Total splits: 286 Good splits: 280 Marginal splits: 1
Reward: 50692.144652 Total splits: 288 Good splits: 280 Marginal splits: 2
Reward: 53853.2216981 Total splits: 296 Good splits: 285 Marginal splits: 1
Reward: 50259.3118409 Total splits: 281 Good splits: 273 Marginal splits: 3
Reward: 51384.5183213 Total splits: 272 Good splits: 260 Marginal splits: 2
Reward: 49390.9286021 Total splits: 278 Good splits: 271 Marginal splits: 3
Reward: 52349.225288 Total splits: 278 Good splits: 265 Marginal splits: 1
Reward: 51324.6503311 Total splits: 299 Good splits: 285 Marginal splits: 2
Reward: 50191.1503414 Total splits: 280 Good splits: 278 Marginal splits: 2
Reward: 52977.4807795 Total splits: 306 Good splits: 293 Marginal splits: 1
Reward: 52855.7479403 Total splits: 278 Good splits: 270 Marginal splits: 1
Reward: 54023.8556131 Total splits: 291 Good splits: 283 Marginal splits: 0
Reward: 52192.8229823 Total splits: 280 Good splits: 274 Marginal splits: 3
Reward: 54162.0614362 Total splits: 294 Good splits: 282 Marginal splits: 2
Reward: 51783.3847767 Total splits: 276 Good splits: 274 Marginal splits: 3
Reward: 52949.1501153 Total splits: 293 Good splits: 275 Marginal splits: 2
Reward: 48840.9581435 Total splits: 296 Good splits: 285 Marginal splits: 8
Reward: 52189.0681717 Total splits: 281 Good splits: 269 Marginal splits: 1
Reward: 51237.3363001 Total splits: 292 Good splits: 280 Marginal splits: 3
Reward: 52625.7646705 Total splits: 294 Good splits: 285 Marginal splits: 4
Reward: 50773.2152574 Total splits: 295 Good splits: 287 Marginal splits: 0
Reward: 54849.9335818 Total splits: 296 Good splits: 286 Marginal splits: 7
Reward: 48991.3680752 Total splits: 290 Good splits: 278 Marginal splits: 1
Reward: 54703.9415875 Total splits: 285 Good splits: 279 Marginal splits: 0
Reward: 50240.7714799 Total splits: 297 Good splits: 288 Marginal splits: 0
Reward: 54413.4410343 Total splits: 292 Good splits: 283 Marginal splits: 0
Reward: 49866.7359622 Total splits: 269 Good splits: 260 Marginal splits: 2
Reward: 54503.0453095 Total splits: 284 Good splits: 282 Marginal splits: 4
Reward: 49898.6822453 Total splits: 289 Good splits: 283 Marginal splits: 4
Reward: 56000.2869268 Total splits: 280 Good splits: 270 Marginal splits: 2
Reward: 50496.4037832 Total splits: 289 Good splits: 278 Marginal splits: 1
Reward: 56296.5462947 Total splits: 291 Good splits: 283 Marginal splits: 3
Reward: 50599.9574014 Total splits: 294 Good splits: 285 Marginal splits: 4
Reward: 56946.3767644 Total splits: 296 Good splits: 287 Marginal splits: 1
Reward: 49945.6023632 Total splits: 286 Good splits: 276 Marginal splits: 1
Reward: 55235.5401667 Total splits: 294 Good splits: 281 Marginal splits: 1
Reward: 50916.159229 Total splits: 298 Good splits: 280 Marginal splits: 2
Reward: 53945.4324295 Total splits: 296 Good splits: 285 Marginal splits: 1
Reward: 51077.9689179 Total splits: 287 Good splits: 276 Marginal splits: 5
Reward: 53086.9426517 Total splits: 291 Good splits: 281 Marginal splits: 3
Reward: 52658.5382369 Total splits: 298 Good splits: 289 Marginal splits: 4
Reward: 52958.1772041 Total splits: 283 Good splits: 280 Marginal splits: 3
Reward: 51778.1175843 Total splits: 288 Good splits: 277 Marginal splits: 4
Reward: 51532.0907268 Total splits: 308 Good splits: 298 Marginal splits: 3
Reward: 54076.2447682 Total splits: 282 Good splits: 274 Marginal splits: 0
Reward: 52104.2579264 Total splits: 306 Good splits: 291 Marginal splits: 1
Reward: 52387.2100663 Total splits: 291 Good splits: 283 Marginal splits: 3
Reward: 52349.41086 Total splits: 295 Good splits: 284 Marginal splits: 2
Reward: 54213.740694 Total splits: 298 Good splits: 287 Marginal splits: 5
Reward: 50816.1869698 Total splits: 278 Good splits: 269 Marginal splits: 3
Reward: 54096.4204431 Total splits: 293 Good splits: 278 Marginal splits: 3
Reward: 49566.0583406 Total splits: 280 Good splits: 273 Marginal splits: 2
Reward: 55437.5730789 Total splits: 279 Good splits: 263 Marginal splits: 1
Reward: 50263.4448742 Total splits: 285 Good splits: 279 Marginal splits: 2
Reward: 54985.5109243 Total splits: 290 Good splits: 279 Marginal splits: 0
Reward: 48646.9008928 Total splits: 287 Good splits: 277 Marginal splits: 5
Reward: 55311.1966828 Total splits: 302 Good splits: 294 Marginal splits: 0
Reward: 50323.9740856 Total splits: 278 Good splits: 272 Marginal splits: 2
Reward: 55778.2954489 Total splits: 290 Good splits: 282 Marginal splits: 2
Reward: 48937.0853729 Total splits: 286 Good splits: 280 Marginal splits: 4
Reward: 55170.9183472 Total splits: 271 Good splits: 263 Marginal splits: 1
Reward: 49513.0005746 Total splits: 288 Good splits: 280 Marginal splits: 2
Reward: 56319.0642347 Total splits: 272 Good splits: 266 Marginal splits: 2
Reward: 49290.9889326 Total splits: 285 Good splits: 275 Marginal splits: 3
Reward: 54190.5237017 Total splits: 288 Good splits: 276 Marginal splits: 1
Reward: 48745.5038548 Total splits: 296 Good splits: 288 Marginal splits: 1
Reward: 52996.7808973 Total splits: 291 Good splits: 284 Marginal splits: 2
Reward: 51958.1054914 Total splits: 303 Good splits: 290 Marginal splits: 3
Reward: 56427.0522534 Total splits: 311 Good splits: 300 Marginal splits: 2
Reward: 51794.6207154 Total splits: 288 Good splits: 283 Marginal splits: 7
Reward: 55461.5630869 Total splits: 284 Good splits: 278 Marginal splits: 3
Reward: 50137.5030694 Total splits: 302 Good splits: 293 Marginal splits: 4
Reward: 55819.893123 Total splits: 295 Good splits: 291 Marginal splits: 0
Reward: 49771.812068 Total splits: 283 Good splits: 274 Marginal splits: 0
Reward: 52949.9108327 Total splits: 286 Good splits: 277 Marginal splits: 1
Reward: 49869.6191172 Total splits: 289 Good splits: 281 Marginal splits: 3
Reward: 52358.9454778 Total splits: 286 Good splits: 281 Marginal splits: 4
Reward: 51066.2987815 Total splits: 296 Good splits: 285 Marginal splits: 0
Reward: 52873.0203396 Total splits: 295 Good splits: 285 Marginal splits: 1
Reward: 52537.6148257 Total splits: 292 Good splits: 286 Marginal splits: 1
Reward: 51181.6376768 Total splits: 293 Good splits: 283 Marginal splits: 4
Reward: 54443.1725175 Total splits: 295 Good splits: 285 Marginal splits: 2
Reward: 50117.6622828 Total splits: 294 Good splits: 280 Marginal splits: 3
Reward: 51896.5636414 Total splits: 294 Good splits: 283 Marginal splits: 1
Reward: 51516.2755378 Total splits: 302 Good splits: 287 Marginal splits: 2
Reward: 52912.0101806 Total splits: 297 Good splits: 288 Marginal splits: 2
Reward: 49815.2389012 Total splits: 293 Good splits: 283 Marginal splits: 3
Reward: 53518.6544207 Total splits: 284 Good splits: 272 Marginal splits: 3
Reward: 52059.6412112 Total splits: 293 Good splits: 284 Marginal splits: 0
Reward: 55071.845404 Total splits: 280 Good splits: 270 Marginal splits: 2
Reward: 49803.9686678 Total splits: 295 Good splits: 281 Marginal splits: 1
Reward: 54605.0859201 Total splits: 303 Good splits: 294 Marginal splits: 4
Reward: 49493.443336 Total splits: 302 Good splits: 290 Marginal splits: 1
Reward: 56744.669576 Total splits: 279 Good splits: 269 Marginal splits: 3
Reward: 49117.1409874 Total splits: 277 Good splits: 270 Marginal splits: 1
Reward: 54613.6555687 Total splits: 288 Good splits: 282 Marginal splits: 4
Reward: 51884.5549746 Total splits: 295 Good splits: 291 Marginal splits: 3
Reward: 54801.2322926 Total splits: 287 Good splits: 276 Marginal splits: 5
Reward: 48450.9632397 Total splits: 298 Good splits: 292 Marginal splits: 5
Reward: 55440.7370567 Total splits: 284 Good splits: 276 Marginal splits: 3
Reward: 49790.412952 Total splits: 275 Good splits: 266 Marginal splits: 2
Reward: 52954.0850384 Total splits: 284 Good splits: 277 Marginal splits: 1
Reward: 50872.3225197 Total splits: 282 Good splits: 275 Marginal splits: 5
Reward: 53732.2678466 Total splits: 284 Good splits: 275 Marginal splits: 3
Reward: 47223.226691 Total splits: 285 Good splits: 273 Marginal splits: 5
Reward: 53828.3692115 Total splits: 276 Good splits: 271 Marginal splits: 0
Reward: 51658.1164906 Total splits: 265 Good splits: 253 Marginal splits: 3
Reward: 53985.7830386 Total splits: 313 Good splits: 307 Marginal splits: 5
Reward: 52136.2034061 Total splits: 286 Good splits: 278 Marginal splits: 3
Reward: 51243.6875535 Total splits: 292 Good splits: 284 Marginal splits: 3
Reward: 50372.1434373 Total splits: 295 Good splits: 287 Marginal splits: 3
Reward: 53533.2292012 Total splits: 271 Good splits: 261 Marginal splits: 0
Reward: 52733.5297778 Total splits: 292 Good splits: 281 Marginal splits: 2
Reward: 50563.9855958 Total splits: 301 Good splits: 291 Marginal splits: 1

Total results after running 200 tests
Average total rewards : 52256.1331078
Average total splits  : 288.845
Average good splits   : 279.655
Average good splits % : 96.8183627897

Reward: 50517.25583 Total splits: 284 Good splits: 274 Marginal splits: 4
Reward: 50722.2149679 Total splits: 280 Good splits: 266 Marginal splits: 1
Reward: 57827.2937581 Total splits: 275 Good splits: 263 Marginal splits: 1
Reward: 48960.6486684 Total splits: 283 Good splits: 273 Marginal splits: 2
Reward: 54998.8957746 Total splits: 281 Good splits: 268 Marginal splits: 2
Reward: 48572.7368073 Total splits: 293 Good splits: 284 Marginal splits: 5
Reward: 55923.6701627 Total splits: 284 Good splits: 276 Marginal splits: 0
Reward: 50695.312663 Total splits: 280 Good splits: 267 Marginal splits: 0
Reward: 58271.4231484 Total splits: 294 Good splits: 288 Marginal splits: 5
Reward: 49996.3533513 Total splits: 291 Good splits: 282 Marginal splits: 1
Reward: 55104.652719 Total splits: 291 Good splits: 285 Marginal splits: 2
Reward: 48046.2772263 Total splits: 277 Good splits: 270 Marginal splits: 1
Reward: 56583.8740142 Total splits: 293 Good splits: 284 Marginal splits: 4
Reward: 50736.7559941 Total splits: 260 Good splits: 254 Marginal splits: 1
Reward: 53669.7561948 Total splits: 294 Good splits: 286 Marginal splits: 7
Reward: 48239.5144111 Total splits: 310 Good splits: 297 Marginal splits: 0
Reward: 55230.5714631 Total splits: 291 Good splits: 285 Marginal splits: 3
Reward: 51869.62716 Total splits: 307 Good splits: 297 Marginal splits: 2
Reward: 51307.3013787 Total splits: 302 Good splits: 291 Marginal splits: 4
Reward: 53099.9092656 Total splits: 289 Good splits: 279 Marginal splits: 3
Reward: 54012.9514408 Total splits: 279 Good splits: 270 Marginal splits: 2
Reward: 47560.025948 Total splits: 274 Good splits: 270 Marginal splits: 4
Reward: 54062.1165335 Total splits: 289 Good splits: 278 Marginal splits: 4
Reward: 50888.2661159 Total splits: 292 Good splits: 284 Marginal splits: 1
Reward: 52311.5285393 Total splits: 287 Good splits: 280 Marginal splits: 2
Reward: 52406.1460271 Total splits: 283 Good splits: 276 Marginal splits: 1
Reward: 52459.4224946 Total splits: 283 Good splits: 273 Marginal splits: 1
Reward: 54984.9186453 Total splits: 283 Good splits: 271 Marginal splits: 1
Reward: 52296.2584422 Total splits: 305 Good splits: 296 Marginal splits: 1
Reward: 54266.6190683 Total splits: 279 Good splits: 267 Marginal splits: 1
Reward: 50180.3294371 Total splits: 287 Good splits: 283 Marginal splits: 0
Reward: 51127.1608363 Total splits: 292 Good splits: 282 Marginal splits: 1
Reward: 50778.8115784 Total splits: 299 Good splits: 289 Marginal splits: 3
Reward: 53721.5283201 Total splits: 297 Good splits: 287 Marginal splits: 3
Reward: 46966.4291797 Total splits: 262 Good splits: 254 Marginal splits: 4
Reward: 52408.1507157 Total splits: 271 Good splits: 263 Marginal splits: 2
Reward: 51511.8890499 Total splits: 282 Good splits: 268 Marginal splits: 4
Reward: 55618.2876222 Total splits: 291 Good splits: 284 Marginal splits: 1
Reward: 51121.2347502 Total splits: 290 Good splits: 277 Marginal splits: 4
Reward: 53240.0887619 Total splits: 296 Good splits: 288 Marginal splits: 1
Reward: 45701.9416922 Total splits: 276 Good splits: 271 Marginal splits: 1
Reward: 55832.6043108 Total splits: 285 Good splits: 273 Marginal splits: 3
Reward: 47611.3819168 Total splits: 306 Good splits: 294 Marginal splits: 1
Reward: 55361.760294 Total splits: 278 Good splits: 268 Marginal splits: 3
Reward: 46727.7777079 Total splits: 287 Good splits: 269 Marginal splits: 2
Reward: 57243.3922205 Total splits: 285 Good splits: 275 Marginal splits: 1
Reward: 48021.2275343 Total splits: 288 Good splits: 277 Marginal splits: 3
Reward: 54674.3563045 Total splits: 290 Good splits: 283 Marginal splits: 0
Reward: 52680.7323747 Total splits: 305 Good splits: 299 Marginal splits: 2
Reward: 56327.4629745 Total splits: 290 Good splits: 280 Marginal splits: 4
Reward: 50268.8536558 Total splits: 280 Good splits: 272 Marginal splits: 4
Reward: 54621.9957252 Total splits: 279 Good splits: 270 Marginal splits: 0
Reward: 50556.3217139 Total splits: 278 Good splits: 272 Marginal splits: 3
Reward: 53367.5932955 Total splits: 301 Good splits: 295 Marginal splits: 2
Reward: 48605.8763669 Total splits: 303 Good splits: 291 Marginal splits: 2
Reward: 54558.0553094 Total splits: 298 Good splits: 286 Marginal splits: 6
Reward: 50090.9211889 Total splits: 285 Good splits: 270 Marginal splits: 3
Reward: 53597.1876142 Total splits: 285 Good splits: 275 Marginal splits: 1
Reward: 53560.108059 Total splits: 292 Good splits: 279 Marginal splits: 1
Reward: 51652.0765428 Total splits: 283 Good splits: 278 Marginal splits: 4
Reward: 52402.4449402 Total splits: 288 Good splits: 276 Marginal splits: 4
Reward: 53006.1111195 Total splits: 297 Good splits: 292 Marginal splits: 1
Reward: 51484.0299983 Total splits: 300 Good splits: 288 Marginal splits: 1
Reward: 48772.647244 Total splits: 275 Good splits: 267 Marginal splits: 3
Reward: 53222.1004579 Total splits: 288 Good splits: 278 Marginal splits: 1
Reward: 52084.7269472 Total splits: 275 Good splits: 258 Marginal splits: 3
Reward: 53083.8812148 Total splits: 294 Good splits: 284 Marginal splits: 1
Reward: 52345.4077977 Total splits: 284 Good splits: 276 Marginal splits: 1
Reward: 51402.1869064 Total splits: 284 Good splits: 277 Marginal splits: 3
Reward: 49835.8993044 Total splits: 286 Good splits: 274 Marginal splits: 2
Reward: 56619.5369671 Total splits: 293 Good splits: 289 Marginal splits: 3
Reward: 51121.7836262 Total splits: 299 Good splits: 284 Marginal splits: 0
Reward: 55648.830137 Total splits: 294 Good splits: 286 Marginal splits: 3
Reward: 49646.0093612 Total splits: 302 Good splits: 290 Marginal splits: 1
Reward: 52788.8701171 Total splits: 284 Good splits: 273 Marginal splits: 1
Reward: 49793.1228541 Total splits: 275 Good splits: 264 Marginal splits: 0
Reward: 52754.4891845 Total splits: 288 Good splits: 275 Marginal splits: 5
Reward: 51060.875742 Total splits: 282 Good splits: 265 Marginal splits: 4
Reward: 51292.2142692 Total splits: 284 Good splits: 279 Marginal splits: 2
Reward: 49056.2087577 Total splits: 299 Good splits: 289 Marginal splits: 9
Reward: 56630.646716 Total splits: 285 Good splits: 273 Marginal splits: 4
Reward: 48004.4245207 Total splits: 305 Good splits: 296 Marginal splits: 3
Reward: 56629.3160574 Total splits: 285 Good splits: 281 Marginal splits: 0
Reward: 50132.2673975 Total splits: 292 Good splits: 278 Marginal splits: 1
Reward: 55682.6359804 Total splits: 297 Good splits: 287 Marginal splits: 2
Reward: 49999.2308136 Total splits: 284 Good splits: 274 Marginal splits: 0
Reward: 54516.6902318 Total splits: 270 Good splits: 264 Marginal splits: 1
Reward: 52339.0070278 Total splits: 294 Good splits: 283 Marginal splits: 1
Reward: 52445.4186425 Total splits: 297 Good splits: 293 Marginal splits: 10
Reward: 49670.1386352 Total splits: 314 Good splits: 301 Marginal splits: 2
Reward: 51174.4839858 Total splits: 273 Good splits: 268 Marginal splits: 0
Reward: 49678.8082778 Total splits: 309 Good splits: 305 Marginal splits: 0
Reward: 53205.9263854 Total splits: 294 Good splits: 273 Marginal splits: 3
Reward: 51443.78155 Total splits: 314 Good splits: 302 Marginal splits: 3
Reward: 51375.0644781 Total splits: 286 Good splits: 277 Marginal splits: 2
Reward: 50091.5083916 Total splits: 291 Good splits: 279 Marginal splits: 4
Reward: 52861.390029 Total splits: 313 Good splits: 306 Marginal splits: 9
Reward: 52105.3570303 Total splits: 297 Good splits: 278 Marginal splits: 0
Reward: 51166.1744775 Total splits: 275 Good splits: 263 Marginal splits: 2
Reward: 53443.8199203 Total splits: 281 Good splits: 272 Marginal splits: 0
Reward: 49901.6776506 Total splits: 282 Good splits: 271 Marginal splits: 1
Reward: 52530.7045575 Total splits: 302 Good splits: 296 Marginal splits: 0
Reward: 50033.7269013 Total splits: 288 Good splits: 277 Marginal splits: 7
Reward: 53213.59463 Total splits: 289 Good splits: 280 Marginal splits: 1
Reward: 52046.3617976 Total splits: 289 Good splits: 278 Marginal splits: 1
Reward: 53676.0738943 Total splits: 294 Good splits: 287 Marginal splits: 1
Reward: 50104.0344485 Total splits: 271 Good splits: 265 Marginal splits: 1
Reward: 57217.6283698 Total splits: 291 Good splits: 281 Marginal splits: 1
Reward: 49563.638284 Total splits: 291 Good splits: 282 Marginal splits: 1
Reward: 54203.4686348 Total splits: 281 Good splits: 274 Marginal splits: 4
Reward: 50506.9145279 Total splits: 294 Good splits: 287 Marginal splits: 3
Reward: 56033.0995578 Total splits: 284 Good splits: 274 Marginal splits: 1
Reward: 48037.6568924 Total splits: 284 Good splits: 272 Marginal splits: 2
Reward: 56631.9388482 Total splits: 287 Good splits: 280 Marginal splits: 8
Reward: 48761.9177901 Total splits: 298 Good splits: 293 Marginal splits: 6
Reward: 55484.6297252 Total splits: 304 Good splits: 295 Marginal splits: 2
Reward: 50251.9772416 Total splits: 289 Good splits: 281 Marginal splits: 3
Reward: 55538.3437687 Total splits: 281 Good splits: 271 Marginal splits: 3
Reward: 49395.4073061 Total splits: 300 Good splits: 291 Marginal splits: 2
Reward: 54716.5188607 Total splits: 285 Good splits: 275 Marginal splits: 7
Reward: 51657.8105527 Total splits: 277 Good splits: 270 Marginal splits: 4
Reward: 53645.8566339 Total splits: 278 Good splits: 269 Marginal splits: 2
Reward: 48972.3724156 Total splits: 289 Good splits: 277 Marginal splits: 0
Reward: 53792.0680702 Total splits: 296 Good splits: 281 Marginal splits: 3
Reward: 49771.6551565 Total splits: 297 Good splits: 287 Marginal splits: 2
Reward: 53944.2720531 Total splits: 292 Good splits: 284 Marginal splits: 0
Reward: 51489.2927509 Total splits: 295 Good splits: 279 Marginal splits: 2
Reward: 52589.7926856 Total splits: 289 Good splits: 281 Marginal splits: 3
Reward: 51905.7837094 Total splits: 292 Good splits: 285 Marginal splits: 3
Reward: 51341.0017476 Total splits: 301 Good splits: 294 Marginal splits: 2
Reward: 52940.8560767 Total splits: 305 Good splits: 296 Marginal splits: 4
Reward: 50887.7031424 Total splits: 272 Good splits: 261 Marginal splits: 2
Reward: 53736.5503846 Total splits: 298 Good splits: 285 Marginal splits: 1
Reward: 49357.3795176 Total splits: 279 Good splits: 266 Marginal splits: 1
Reward: 53999.46839 Total splits: 286 Good splits: 276 Marginal splits: 0
Reward: 52513.2305017 Total splits: 293 Good splits: 286 Marginal splits: 2
Reward: 50855.9189346 Total splits: 291 Good splits: 284 Marginal splits: 6
Reward: 47905.2134789 Total splits: 281 Good splits: 272 Marginal splits: 7
Reward: 55386.3521798 Total splits: 293 Good splits: 282 Marginal splits: 1
Reward: 51772.9331254 Total splits: 288 Good splits: 275 Marginal splits: 2
Reward: 54593.7820711 Total splits: 290 Good splits: 281 Marginal splits: 0
Reward: 49426.5050181 Total splits: 301 Good splits: 286 Marginal splits: 4
Reward: 51134.0694091 Total splits: 300 Good splits: 292 Marginal splits: 2
Reward: 50624.7898399 Total splits: 303 Good splits: 289 Marginal splits: 1
Reward: 55862.9642861 Total splits: 279 Good splits: 271 Marginal splits: 0
Reward: 50679.3536479 Total splits: 268 Good splits: 262 Marginal splits: 0
Reward: 55534.3906341 Total splits: 288 Good splits: 280 Marginal splits: 7
Reward: 49255.6650908 Total splits: 297 Good splits: 289 Marginal splits: 2
Reward: 51912.4012082 Total splits: 281 Good splits: 273 Marginal splits: 1
Reward: 49735.7012551 Total splits: 303 Good splits: 290 Marginal splits: 2
Reward: 51083.9806683 Total splits: 290 Good splits: 286 Marginal splits: 3
Reward: 49492.833763 Total splits: 290 Good splits: 280 Marginal splits: 1
Reward: 52978.4120946 Total splits: 286 Good splits: 273 Marginal splits: 4
Reward: 49165.4664056 Total splits: 297 Good splits: 286 Marginal splits: 1
Reward: 56002.7082651 Total splits: 286 Good splits: 278 Marginal splits: 2
Reward: 53315.4815557 Total splits: 288 Good splits: 279 Marginal splits: 2
Reward: 55337.0897589 Total splits: 281 Good splits: 270 Marginal splits: 1
Reward: 50496.0028511 Total splits: 292 Good splits: 282 Marginal splits: 2
Reward: 54657.1804337 Total splits: 313 Good splits: 302 Marginal splits: 2
Reward: 45010.0718944 Total splits: 299 Good splits: 289 Marginal splits: 4
Reward: 54118.1537406 Total splits: 299 Good splits: 294 Marginal splits: 4
Reward: 51839.7500198 Total splits: 291 Good splits: 285 Marginal splits: 3
Reward: 52488.9261582 Total splits: 302 Good splits: 295 Marginal splits: 4
Reward: 53667.2753284 Total splits: 298 Good splits: 287 Marginal splits: 4
Reward: 51400.5967945 Total splits: 283 Good splits: 267 Marginal splits: 1
Reward: 53596.4723139 Total splits: 298 Good splits: 288 Marginal splits: 2
Reward: 51706.2050773 Total splits: 295 Good splits: 292 Marginal splits: 1
Reward: 53370.3149574 Total splits: 288 Good splits: 278 Marginal splits: 2
Reward: 51133.3305333 Total splits: 300 Good splits: 286 Marginal splits: 2
Reward: 52766.6381995 Total splits: 283 Good splits: 271 Marginal splits: 1
Reward: 51876.1442936 Total splits: 303 Good splits: 295 Marginal splits: 3
Reward: 54612.4091976 Total splits: 295 Good splits: 290 Marginal splits: 1
Reward: 52747.6194572 Total splits: 289 Good splits: 282 Marginal splits: 1
Reward: 56043.294713 Total splits: 282 Good splits: 270 Marginal splits: 0
Reward: 50619.7398046 Total splits: 298 Good splits: 287 Marginal splits: 1
Reward: 52283.6048329 Total splits: 287 Good splits: 273 Marginal splits: 4
Reward: 49494.8543942 Total splits: 291 Good splits: 285 Marginal splits: 3
Reward: 57160.0157428 Total splits: 281 Good splits: 267 Marginal splits: 1
Reward: 49686.1899422 Total splits: 288 Good splits: 275 Marginal splits: 5
Reward: 53608.0603753 Total splits: 300 Good splits: 291 Marginal splits: 2
Reward: 49826.5114224 Total splits: 311 Good splits: 303 Marginal splits: 3
Reward: 55991.8131451 Total splits: 286 Good splits: 281 Marginal splits: 3
Reward: 49120.2187966 Total splits: 296 Good splits: 275 Marginal splits: 2
Reward: 55606.8959846 Total splits: 281 Good splits: 272 Marginal splits: 1
Reward: 50812.3757179 Total splits: 284 Good splits: 272 Marginal splits: 1
Reward: 55733.7770865 Total splits: 279 Good splits: 270 Marginal splits: 1
Reward: 48405.0761344 Total splits: 274 Good splits: 264 Marginal splits: 1
Reward: 57777.6359709 Total splits: 293 Good splits: 284 Marginal splits: 3
Reward: 48387.8822476 Total splits: 278 Good splits: 264 Marginal splits: 1
Reward: 54852.0398736 Total splits: 304 Good splits: 293 Marginal splits: 1
Reward: 48509.7337986 Total splits: 295 Good splits: 285 Marginal splits: 2
Reward: 53701.7874253 Total splits: 289 Good splits: 281 Marginal splits: 5
Reward: 50871.5681494 Total splits: 300 Good splits: 290 Marginal splits: 3
Reward: 53280.7972006 Total splits: 291 Good splits: 285 Marginal splits: 3
Reward: 52225.1295849 Total splits: 313 Good splits: 302 Marginal splits: 3
Reward: 53576.6067147 Total splits: 297 Good splits: 289 Marginal splits: 1
Reward: 49920.7427543 Total splits: 275 Good splits: 270 Marginal splits: 2
Reward: 53253.8446436 Total splits: 293 Good splits: 282 Marginal splits: 3
Reward: 52979.1332763 Total splits: 296 Good splits: 286 Marginal splits: 2
Reward: 51427.7930637 Total splits: 276 Good splits: 265 Marginal splits: 1

Total results after running 200 tests
Average total rewards : 52182.3496849
Average total splits  : 289.755
Average good splits   : 280.06
Average good splits % : 96.6540698176

