Reward: 50724.7936499 Total splits: 277 Good splits: 270 Marginal splits: 2
Reward: 48538.8024959 Total splits: 283 Good splits: 267 Marginal splits: 1
Reward: 57704.3725722 Total splits: 290 Good splits: 279 Marginal splits: 1
Reward: 49294.4225781 Total splits: 287 Good splits: 272 Marginal splits: 1
Reward: 55445.0560997 Total splits: 277 Good splits: 270 Marginal splits: 3
Reward: 43790.295812 Total splits: 276 Good splits: 271 Marginal splits: 1
Reward: 53871.7408894 Total splits: 288 Good splits: 276 Marginal splits: 2
Reward: 47934.7070421 Total splits: 259 Good splits: 253 Marginal splits: 3
Reward: 56196.6184043 Total splits: 285 Good splits: 279 Marginal splits: 0
Reward: 50399.2051484 Total splits: 294 Good splits: 286 Marginal splits: 4
Reward: 57494.2579617 Total splits: 290 Good splits: 285 Marginal splits: 0
Reward: 49941.0241877 Total splits: 284 Good splits: 273 Marginal splits: 4
Reward: 56542.2012175 Total splits: 289 Good splits: 281 Marginal splits: 8
Reward: 50773.3557317 Total splits: 291 Good splits: 281 Marginal splits: 1
Reward: 51616.5217172 Total splits: 279 Good splits: 268 Marginal splits: 1
Reward: 48554.6333887 Total splits: 284 Good splits: 272 Marginal splits: 2
Reward: 54931.0622491 Total splits: 292 Good splits: 278 Marginal splits: 3
Reward: 52397.8512007 Total splits: 303 Good splits: 288 Marginal splits: 2
Reward: 51514.0580353 Total splits: 297 Good splits: 292 Marginal splits: 3
Reward: 51560.864711 Total splits: 271 Good splits: 265 Marginal splits: 2
Reward: 53052.8759015 Total splits: 290 Good splits: 282 Marginal splits: 1
Reward: 50781.3810556 Total splits: 284 Good splits: 274 Marginal splits: 3
Reward: 53733.8511032 Total splits: 267 Good splits: 257 Marginal splits: 0
Reward: 52147.6275016 Total splits: 288 Good splits: 281 Marginal splits: 1
Reward: 52143.6686172 Total splits: 286 Good splits: 278 Marginal splits: 2
Reward: 50523.231683 Total splits: 276 Good splits: 263 Marginal splits: 2
Reward: 52283.4107761 Total splits: 285 Good splits: 277 Marginal splits: 2
Reward: 55079.5177561 Total splits: 273 Good splits: 261 Marginal splits: 2
Reward: 48088.0941337 Total splits: 286 Good splits: 276 Marginal splits: 3
Reward: 53650.3226585 Total splits: 296 Good splits: 286 Marginal splits: 8
Reward: 47429.4834032 Total splits: 277 Good splits: 269 Marginal splits: 0
Reward: 48792.4304477 Total splits: 269 Good splits: 260 Marginal splits: 2
Reward: 51224.6979318 Total splits: 290 Good splits: 277 Marginal splits: 1
Reward: 52624.4508425 Total splits: 297 Good splits: 286 Marginal splits: 2
Reward: 50161.8271696 Total splits: 285 Good splits: 274 Marginal splits: 2
Reward: 52651.5806492 Total splits: 281 Good splits: 271 Marginal splits: 4
Reward: 52165.4294798 Total splits: 308 Good splits: 298 Marginal splits: 1
Reward: 56480.0982412 Total splits: 282 Good splits: 275 Marginal splits: 1
Reward: 50629.4050311 Total splits: 282 Good splits: 272 Marginal splits: 3
Reward: 57488.2978543 Total splits: 294 Good splits: 283 Marginal splits: 1
Reward: 49023.2000096 Total splits: 288 Good splits: 282 Marginal splits: 0
Reward: 52762.5416907 Total splits: 269 Good splits: 261 Marginal splits: 5
Reward: 49042.200786 Total splits: 278 Good splits: 258 Marginal splits: 0
Reward: 54509.0729394 Total splits: 291 Good splits: 283 Marginal splits: 1
Reward: 47148.3867843 Total splits: 287 Good splits: 277 Marginal splits: 0
Reward: 56557.0298056 Total splits: 292 Good splits: 279 Marginal splits: 6
Reward: 47788.5589536 Total splits: 285 Good splits: 277 Marginal splits: 2
Reward: 56023.9135094 Total splits: 281 Good splits: 272 Marginal splits: 8
Reward: 52108.4161147 Total splits: 275 Good splits: 265 Marginal splits: 2
Reward: 54809.2544351 Total splits: 298 Good splits: 289 Marginal splits: 4
Reward: 49883.8244642 Total splits: 284 Good splits: 276 Marginal splits: 0
Reward: 52786.3254131 Total splits: 293 Good splits: 284 Marginal splits: 4
Reward: 51402.7123956 Total splits: 277 Good splits: 270 Marginal splits: 1
Reward: 54429.7884869 Total splits: 287 Good splits: 277 Marginal splits: 3
Reward: 46365.2713628 Total splits: 288 Good splits: 276 Marginal splits: 5
Reward: 52770.8979258 Total splits: 284 Good splits: 275 Marginal splits: 5
Reward: 51701.1875624 Total splits: 286 Good splits: 274 Marginal splits: 3
Reward: 52925.1100983 Total splits: 286 Good splits: 280 Marginal splits: 2
Reward: 55397.0723342 Total splits: 297 Good splits: 280 Marginal splits: 1
Reward: 51376.6182606 Total splits: 291 Good splits: 286 Marginal splits: 2
Reward: 53332.042211 Total splits: 290 Good splits: 279 Marginal splits: 1
Reward: 52671.6295544 Total splits: 275 Good splits: 267 Marginal splits: 1
Reward: 49467.357427 Total splits: 292 Good splits: 282 Marginal splits: 1
Reward: 51485.9483326 Total splits: 292 Good splits: 281 Marginal splits: 2
Reward: 53914.2874552 Total splits: 273 Good splits: 259 Marginal splits: 3
Reward: 52068.2882305 Total splits: 289 Good splits: 275 Marginal splits: 3
Reward: 55522.7613501 Total splits: 297 Good splits: 290 Marginal splits: 4
Reward: 51405.3146728 Total splits: 269 Good splits: 259 Marginal splits: 0
Reward: 52937.1456631 Total splits: 279 Good splits: 270 Marginal splits: 5
Reward: 48837.4434995 Total splits: 294 Good splits: 284 Marginal splits: 1
Reward: 56405.1505915 Total splits: 295 Good splits: 289 Marginal splits: 2
Reward: 50434.8766259 Total splits: 287 Good splits: 277 Marginal splits: 5
Reward: 53537.5628151 Total splits: 284 Good splits: 277 Marginal splits: 2
Reward: 48625.2547599 Total splits: 282 Good splits: 270 Marginal splits: 4
Reward: 57746.1254945 Total splits: 278 Good splits: 269 Marginal splits: 3
Reward: 49898.3333133 Total splits: 280 Good splits: 272 Marginal splits: 3
Reward: 54560.1795363 Total splits: 287 Good splits: 272 Marginal splits: 3
Reward: 52416.5935038 Total splits: 293 Good splits: 285 Marginal splits: 4
Reward: 54665.5438063 Total splits: 290 Good splits: 281 Marginal splits: 6
Reward: 48580.8598902 Total splits: 294 Good splits: 276 Marginal splits: 1
Reward: 56527.6164393 Total splits: 280 Good splits: 271 Marginal splits: 1
Reward: 48558.4839817 Total splits: 293 Good splits: 286 Marginal splits: 1
Reward: 54974.1268607 Total splits: 291 Good splits: 285 Marginal splits: 0
Reward: 49085.2121033 Total splits: 279 Good splits: 271 Marginal splits: 1
Reward: 57269.0968915 Total splits: 304 Good splits: 290 Marginal splits: 3
Reward: 50893.4000283 Total splits: 311 Good splits: 299 Marginal splits: 5
Reward: 54008.5909296 Total splits: 311 Good splits: 301 Marginal splits: 9
Reward: 51633.7979901 Total splits: 279 Good splits: 276 Marginal splits: 4
Reward: 55267.1208042 Total splits: 291 Good splits: 280 Marginal splits: 9
Reward: 49456.8124533 Total splits: 278 Good splits: 269 Marginal splits: 1
Reward: 52822.3428726 Total splits: 292 Good splits: 278 Marginal splits: 1
Reward: 49107.643902 Total splits: 268 Good splits: 259 Marginal splits: 1
Reward: 54645.851844 Total splits: 303 Good splits: 288 Marginal splits: 1
Reward: 51464.2748546 Total splits: 288 Good splits: 278 Marginal splits: 0
Reward: 51047.8490098 Total splits: 276 Good splits: 270 Marginal splits: 6
Reward: 53360.6062733 Total splits: 290 Good splits: 277 Marginal splits: 1
Reward: 51633.0795548 Total splits: 282 Good splits: 272 Marginal splits: 2
Reward: 55003.7901324 Total splits: 293 Good splits: 286 Marginal splits: 1
Reward: 48207.8372997 Total splits: 286 Good splits: 279 Marginal splits: 1
Reward: 54623.5804131 Total splits: 283 Good splits: 275 Marginal splits: 1
Reward: 51198.2125719 Total splits: 296 Good splits: 287 Marginal splits: 2
Reward: 53941.4820841 Total splits: 277 Good splits: 268 Marginal splits: 1
Reward: 50965.9455256 Total splits: 293 Good splits: 281 Marginal splits: 3
Reward: 52713.6855985 Total splits: 282 Good splits: 269 Marginal splits: 1
Reward: 53451.9018142 Total splits: 301 Good splits: 287 Marginal splits: 1
Reward: 55732.1361953 Total splits: 280 Good splits: 268 Marginal splits: 4
Reward: 52214.7260984 Total splits: 275 Good splits: 270 Marginal splits: 1
Reward: 50837.3301071 Total splits: 283 Good splits: 276 Marginal splits: 2
Reward: 49789.4843995 Total splits: 262 Good splits: 256 Marginal splits: 2
Reward: 58581.5657836 Total splits: 289 Good splits: 276 Marginal splits: 1
Reward: 50584.8395589 Total splits: 287 Good splits: 275 Marginal splits: 1
Reward: 57075.9871734 Total splits: 304 Good splits: 292 Marginal splits: 5
Reward: 49656.1518416 Total splits: 287 Good splits: 279 Marginal splits: 2
Reward: 54832.1463454 Total splits: 293 Good splits: 288 Marginal splits: 6
Reward: 48960.1495718 Total splits: 274 Good splits: 264 Marginal splits: 3
Reward: 57306.4620597 Total splits: 281 Good splits: 270 Marginal splits: 0
Reward: 52137.711244 Total splits: 302 Good splits: 293 Marginal splits: 1
Reward: 50749.7672948 Total splits: 283 Good splits: 277 Marginal splits: 5
Reward: 49578.301759 Total splits: 281 Good splits: 274 Marginal splits: 2
Reward: 56473.4600748 Total splits: 295 Good splits: 284 Marginal splits: 5
Reward: 51088.4620728 Total splits: 284 Good splits: 268 Marginal splits: 3
Reward: 55193.1498835 Total splits: 290 Good splits: 279 Marginal splits: 6
Reward: 47648.4543957 Total splits: 300 Good splits: 285 Marginal splits: 3
Reward: 51681.6608699 Total splits: 301 Good splits: 290 Marginal splits: 4
Reward: 52318.2787508 Total splits: 286 Good splits: 277 Marginal splits: 2
Reward: 55607.1015996 Total splits: 275 Good splits: 269 Marginal splits: 1
Reward: 52218.9603168 Total splits: 276 Good splits: 267 Marginal splits: 2
Reward: 52270.4431069 Total splits: 284 Good splits: 278 Marginal splits: 0
Reward: 51448.0434416 Total splits: 298 Good splits: 291 Marginal splits: 1
Reward: 50999.6694085 Total splits: 275 Good splits: 264 Marginal splits: 2
Reward: 53116.4626031 Total splits: 293 Good splits: 288 Marginal splits: 2
Reward: 48913.9153401 Total splits: 272 Good splits: 262 Marginal splits: 4
Reward: 53136.9241616 Total splits: 291 Good splits: 281 Marginal splits: 3
Reward: 49615.4302399 Total splits: 284 Good splits: 275 Marginal splits: 1
Reward: 52899.3938327 Total splits: 284 Good splits: 273 Marginal splits: 4
Reward: 50385.6419605 Total splits: 274 Good splits: 270 Marginal splits: 3
Reward: 49623.896536 Total splits: 290 Good splits: 282 Marginal splits: 3
Reward: 50166.1781743 Total splits: 265 Good splits: 252 Marginal splits: 4
Reward: 55628.663536 Total splits: 318 Good splits: 311 Marginal splits: 1
Reward: 50859.9547398 Total splits: 280 Good splits: 268 Marginal splits: 4
Reward: 53869.2518258 Total splits: 285 Good splits: 278 Marginal splits: 2
Reward: 50824.5826347 Total splits: 292 Good splits: 287 Marginal splits: 3
Reward: 56494.3773812 Total splits: 308 Good splits: 299 Marginal splits: 1
Reward: 49653.3335068 Total splits: 283 Good splits: 275 Marginal splits: 0
Reward: 56433.846231 Total splits: 288 Good splits: 276 Marginal splits: 3
Reward: 51706.5815965 Total splits: 291 Good splits: 280 Marginal splits: 5
Reward: 55842.1286566 Total splits: 292 Good splits: 281 Marginal splits: 1
Reward: 49758.4328459 Total splits: 283 Good splits: 273 Marginal splits: 2
Reward: 54993.3692965 Total splits: 281 Good splits: 270 Marginal splits: 3
Reward: 47947.0335283 Total splits: 281 Good splits: 274 Marginal splits: 2
Reward: 56218.6174932 Total splits: 295 Good splits: 287 Marginal splits: 3
Reward: 47423.9812373 Total splits: 262 Good splits: 253 Marginal splits: 2
Reward: 57327.4410838 Total splits: 299 Good splits: 289 Marginal splits: 2
Reward: 51567.3945917 Total splits: 288 Good splits: 278 Marginal splits: 0
Reward: 55764.0997347 Total splits: 276 Good splits: 270 Marginal splits: 5
Reward: 51442.7005472 Total splits: 305 Good splits: 298 Marginal splits: 0
Reward: 50882.4996042 Total splits: 294 Good splits: 289 Marginal splits: 4
Reward: 48519.8614893 Total splits: 305 Good splits: 296 Marginal splits: 2
Reward: 54899.3162932 Total splits: 288 Good splits: 279 Marginal splits: 0
Reward: 49157.0821863 Total splits: 279 Good splits: 266 Marginal splits: 1
Reward: 51469.0164247 Total splits: 303 Good splits: 290 Marginal splits: 1
Reward: 49890.5341191 Total splits: 279 Good splits: 266 Marginal splits: 4
Reward: 52339.6989372 Total splits: 280 Good splits: 273 Marginal splits: 1
Reward: 51319.7275818 Total splits: 280 Good splits: 274 Marginal splits: 1
Reward: 51353.4392889 Total splits: 289 Good splits: 279 Marginal splits: 0
Reward: 54717.7560535 Total splits: 293 Good splits: 285 Marginal splits: 0
Reward: 51453.7073618 Total splits: 284 Good splits: 277 Marginal splits: 3
Reward: 54789.3246919 Total splits: 283 Good splits: 275 Marginal splits: 3
Reward: 50158.5708589 Total splits: 281 Good splits: 269 Marginal splits: 1
Reward: 51967.0247222 Total splits: 298 Good splits: 282 Marginal splits: 2
Reward: 51170.6541287 Total splits: 281 Good splits: 269 Marginal splits: 1
Reward: 52031.9258585 Total splits: 277 Good splits: 272 Marginal splits: 2
Reward: 50903.3598266 Total splits: 294 Good splits: 289 Marginal splits: 6
Reward: 54482.2215222 Total splits: 312 Good splits: 305 Marginal splits: 3
Reward: 51512.1878256 Total splits: 296 Good splits: 279 Marginal splits: 2
Reward: 55286.2004125 Total splits: 288 Good splits: 280 Marginal splits: 2
Reward: 50235.8696727 Total splits: 295 Good splits: 288 Marginal splits: 2
Reward: 57350.1154823 Total splits: 292 Good splits: 285 Marginal splits: 1
Reward: 47567.2467026 Total splits: 277 Good splits: 270 Marginal splits: 2
Reward: 55750.1200987 Total splits: 277 Good splits: 273 Marginal splits: 2
Reward: 48299.5871644 Total splits: 267 Good splits: 259 Marginal splits: 0
Reward: 55613.1997569 Total splits: 275 Good splits: 266 Marginal splits: 1
Reward: 49253.2388779 Total splits: 287 Good splits: 277 Marginal splits: 1
Reward: 54417.7515602 Total splits: 279 Good splits: 271 Marginal splits: 4
Reward: 51278.6796691 Total splits: 288 Good splits: 279 Marginal splits: 2
Reward: 56734.406365 Total splits: 300 Good splits: 291 Marginal splits: 2
Reward: 49500.3654277 Total splits: 297 Good splits: 288 Marginal splits: 3
Reward: 55438.5194048 Total splits: 295 Good splits: 291 Marginal splits: 6
Reward: 49801.7011964 Total splits: 296 Good splits: 286 Marginal splits: 6
Reward: 55729.7594726 Total splits: 283 Good splits: 277 Marginal splits: 1
Reward: 49588.6783877 Total splits: 305 Good splits: 296 Marginal splits: 2
Reward: 53319.5437169 Total splits: 267 Good splits: 262 Marginal splits: 0
Reward: 51300.0950099 Total splits: 274 Good splits: 263 Marginal splits: 3
Reward: 54341.8841196 Total splits: 302 Good splits: 293 Marginal splits: 3
Reward: 53064.5511757 Total splits: 289 Good splits: 279 Marginal splits: 2
Reward: 54243.850374 Total splits: 284 Good splits: 277 Marginal splits: 1
Reward: 49314.4832352 Total splits: 299 Good splits: 294 Marginal splits: 6
Reward: 51795.7599461 Total splits: 273 Good splits: 264 Marginal splits: 1
Reward: 52433.6198159 Total splits: 300 Good splits: 292 Marginal splits: 4
Reward: 52398.0828476 Total splits: 277 Good splits: 268 Marginal splits: 6

Total results after running 200 tests
Average total rewards : 52266.0862348
Average total splits  : 286.615
Average good splits   : 277.23
Average good splits % : 96.7255726323

Reward: 54868.1727432 Total splits: 288 Good splits: 280 Marginal splits: 3
Reward: 49888.1696726 Total splits: 292 Good splits: 279 Marginal splits: 1
Reward: 57915.9978571 Total splits: 277 Good splits: 272 Marginal splits: 0
Reward: 49767.3617852 Total splits: 288 Good splits: 276 Marginal splits: 8
Reward: 54970.7803299 Total splits: 297 Good splits: 284 Marginal splits: 2
Reward: 49628.4751413 Total splits: 285 Good splits: 275 Marginal splits: 1
Reward: 53811.6180441 Total splits: 294 Good splits: 280 Marginal splits: 3
Reward: 50605.6105495 Total splits: 277 Good splits: 268 Marginal splits: 5
Reward: 53275.9557488 Total splits: 283 Good splits: 277 Marginal splits: 1
Reward: 50185.3951223 Total splits: 276 Good splits: 264 Marginal splits: 1
Reward: 55766.9987537 Total splits: 279 Good splits: 270 Marginal splits: 2
Reward: 48533.557295 Total splits: 288 Good splits: 272 Marginal splits: 7
Reward: 53929.1554189 Total splits: 312 Good splits: 298 Marginal splits: 5
Reward: 46727.361405 Total splits: 265 Good splits: 258 Marginal splits: 3
Reward: 51268.746962 Total splits: 286 Good splits: 278 Marginal splits: 0
Reward: 50533.3338223 Total splits: 285 Good splits: 274 Marginal splits: 3
Reward: 53912.9736879 Total splits: 289 Good splits: 285 Marginal splits: 3
Reward: 51171.6396689 Total splits: 292 Good splits: 286 Marginal splits: 1
Reward: 55078.0302257 Total splits: 299 Good splits: 288 Marginal splits: 4
Reward: 52118.9591947 Total splits: 284 Good splits: 274 Marginal splits: 1
Reward: 52588.0601325 Total splits: 281 Good splits: 280 Marginal splits: 2
Reward: 48202.4440682 Total splits: 299 Good splits: 290 Marginal splits: 0
Reward: 52860.3510518 Total splits: 308 Good splits: 288 Marginal splits: 1
Reward: 51053.4038956 Total splits: 276 Good splits: 270 Marginal splits: 6
Reward: 51597.011253 Total splits: 315 Good splits: 305 Marginal splits: 4
Reward: 50964.3385324 Total splits: 287 Good splits: 277 Marginal splits: 2
Reward: 51981.9866987 Total splits: 289 Good splits: 279 Marginal splits: 1
Reward: 55506.169135 Total splits: 290 Good splits: 281 Marginal splits: 3
Reward: 52569.749143 Total splits: 304 Good splits: 291 Marginal splits: 2
Reward: 53760.5566018 Total splits: 298 Good splits: 286 Marginal splits: 2
Reward: 51450.6770321 Total splits: 283 Good splits: 271 Marginal splits: 5
Reward: 54143.2845486 Total splits: 288 Good splits: 285 Marginal splits: 2
Reward: 51420.6205711 Total splits: 295 Good splits: 283 Marginal splits: 1
Reward: 53538.4238929 Total splits: 268 Good splits: 254 Marginal splits: 5
Reward: 49280.0576948 Total splits: 292 Good splits: 279 Marginal splits: 2
Reward: 53425.6512623 Total splits: 294 Good splits: 285 Marginal splits: 1
Reward: 50554.8633387 Total splits: 284 Good splits: 274 Marginal splits: 0
Reward: 54830.4930342 Total splits: 280 Good splits: 268 Marginal splits: 2
Reward: 51176.1629952 Total splits: 288 Good splits: 279 Marginal splits: 1
Reward: 54125.8659463 Total splits: 283 Good splits: 277 Marginal splits: 3
Reward: 47560.6430499 Total splits: 287 Good splits: 278 Marginal splits: 5
Reward: 54904.9873086 Total splits: 278 Good splits: 270 Marginal splits: 1
Reward: 48210.4246532 Total splits: 272 Good splits: 259 Marginal splits: 2
Reward: 55875.2846437 Total splits: 309 Good splits: 302 Marginal splits: 0
Reward: 47890.2211714 Total splits: 282 Good splits: 273 Marginal splits: 2
Reward: 55986.7047827 Total splits: 297 Good splits: 285 Marginal splits: 5
Reward: 49771.7518606 Total splits: 308 Good splits: 296 Marginal splits: 3
Reward: 56898.4010226 Total splits: 276 Good splits: 269 Marginal splits: 1
Reward: 48709.5441571 Total splits: 291 Good splits: 281 Marginal splits: 1
Reward: 53623.9580797 Total splits: 298 Good splits: 288 Marginal splits: 1
Reward: 46284.0624732 Total splits: 292 Good splits: 282 Marginal splits: 1
Reward: 56473.5160756 Total splits: 282 Good splits: 269 Marginal splits: 2
Reward: 49993.647158 Total splits: 291 Good splits: 282 Marginal splits: 1
Reward: 54460.0836669 Total splits: 278 Good splits: 267 Marginal splits: 4
Reward: 49903.5417505 Total splits: 289 Good splits: 281 Marginal splits: 1
Reward: 53668.3198294 Total splits: 290 Good splits: 284 Marginal splits: 3
Reward: 50615.2329873 Total splits: 288 Good splits: 268 Marginal splits: 1
Reward: 52792.6429914 Total splits: 283 Good splits: 273 Marginal splits: 3
Reward: 52747.4092741 Total splits: 277 Good splits: 264 Marginal splits: 4
Reward: 51735.547966 Total splits: 295 Good splits: 288 Marginal splits: 7
Reward: 47400.3231273 Total splits: 284 Good splits: 276 Marginal splits: 1
Reward: 51324.7361439 Total splits: 285 Good splits: 270 Marginal splits: 3
Reward: 53654.1337672 Total splits: 309 Good splits: 295 Marginal splits: 0
Reward: 48970.9105299 Total splits: 289 Good splits: 283 Marginal splits: 1
Reward: 51998.6256889 Total splits: 311 Good splits: 298 Marginal splits: 5
Reward: 52572.1788427 Total splits: 284 Good splits: 278 Marginal splits: 2
Reward: 51762.2282063 Total splits: 278 Good splits: 268 Marginal splits: 2
Reward: 50116.2656621 Total splits: 285 Good splits: 275 Marginal splits: 7
Reward: 53261.5039369 Total splits: 281 Good splits: 274 Marginal splits: 0
Reward: 49971.0382239 Total splits: 299 Good splits: 294 Marginal splits: 1
Reward: 54989.9556523 Total splits: 295 Good splits: 283 Marginal splits: 3
Reward: 51186.1235369 Total splits: 278 Good splits: 265 Marginal splits: 0
Reward: 56091.0042612 Total splits: 289 Good splits: 280 Marginal splits: 0
Reward: 47746.430804 Total splits: 277 Good splits: 259 Marginal splits: 7
Reward: 57514.3205978 Total splits: 298 Good splits: 291 Marginal splits: 3
Reward: 49289.2371248 Total splits: 278 Good splits: 267 Marginal splits: 3
Reward: 55869.64495 Total splits: 281 Good splits: 276 Marginal splits: 0
Reward: 52662.625982 Total splits: 273 Good splits: 265 Marginal splits: 0
Reward: 55892.1459842 Total splits: 266 Good splits: 261 Marginal splits: 2
Reward: 48934.5645082 Total splits: 280 Good splits: 274 Marginal splits: 1
Reward: 55497.4469272 Total splits: 284 Good splits: 277 Marginal splits: 2
Reward: 50469.1320875 Total splits: 279 Good splits: 273 Marginal splits: 1
Reward: 56585.1515225 Total splits: 295 Good splits: 287 Marginal splits: 4
Reward: 46574.4042971 Total splits: 294 Good splits: 280 Marginal splits: 2
Reward: 56147.6965544 Total splits: 273 Good splits: 264 Marginal splits: 0
Reward: 51611.3040417 Total splits: 294 Good splits: 285 Marginal splits: 3
Reward: 53985.0331819 Total splits: 288 Good splits: 276 Marginal splits: 5
Reward: 53365.9956755 Total splits: 291 Good splits: 282 Marginal splits: 1
Reward: 53249.972678 Total splits: 308 Good splits: 300 Marginal splits: 4
Reward: 47831.8526555 Total splits: 287 Good splits: 280 Marginal splits: 0
Reward: 53586.422435 Total splits: 301 Good splits: 288 Marginal splits: 2
Reward: 48414.4917378 Total splits: 290 Good splits: 282 Marginal splits: 3
Reward: 52167.7615017 Total splits: 294 Good splits: 286 Marginal splits: 0
Reward: 47624.5234693 Total splits: 310 Good splits: 304 Marginal splits: 6
Reward: 52723.2999614 Total splits: 286 Good splits: 274 Marginal splits: 0
Reward: 53909.3197151 Total splits: 281 Good splits: 277 Marginal splits: 3
Reward: 50428.1796392 Total splits: 278 Good splits: 267 Marginal splits: 0
Reward: 53969.3789396 Total splits: 289 Good splits: 277 Marginal splits: 1
Reward: 52531.1913902 Total splits: 291 Good splits: 282 Marginal splits: 4
Reward: 54966.8423289 Total splits: 286 Good splits: 275 Marginal splits: 9
Reward: 51270.2348512 Total splits: 292 Good splits: 280 Marginal splits: 2
Reward: 51091.7899655 Total splits: 295 Good splits: 282 Marginal splits: 9
Reward: 47907.1831352 Total splits: 291 Good splits: 288 Marginal splits: 2
Reward: 52812.3525738 Total splits: 286 Good splits: 276 Marginal splits: 2
Reward: 51362.5076396 Total splits: 268 Good splits: 257 Marginal splits: 0
Reward: 55569.5191425 Total splits: 297 Good splits: 288 Marginal splits: 1
Reward: 49656.1709863 Total splits: 278 Good splits: 267 Marginal splits: 3
Reward: 51422.7170088 Total splits: 305 Good splits: 292 Marginal splits: 5
Reward: 47043.866165 Total splits: 275 Good splits: 269 Marginal splits: 2
Reward: 54921.7197321 Total splits: 289 Good splits: 282 Marginal splits: 2
Reward: 50902.6233588 Total splits: 302 Good splits: 294 Marginal splits: 2
Reward: 55088.6741475 Total splits: 300 Good splits: 296 Marginal splits: 5
Reward: 47304.2212295 Total splits: 286 Good splits: 280 Marginal splits: 3
Reward: 53922.9028575 Total splits: 287 Good splits: 278 Marginal splits: 5
Reward: 49268.3020401 Total splits: 280 Good splits: 273 Marginal splits: 4
Reward: 54021.9331302 Total splits: 297 Good splits: 288 Marginal splits: 2
Reward: 49652.3292629 Total splits: 268 Good splits: 260 Marginal splits: 1
Reward: 54713.5464512 Total splits: 290 Good splits: 282 Marginal splits: 6
Reward: 47961.6973015 Total splits: 286 Good splits: 278 Marginal splits: 1
Reward: 57482.989339 Total splits: 286 Good splits: 278 Marginal splits: 3
Reward: 50150.0232413 Total splits: 291 Good splits: 283 Marginal splits: 4
Reward: 53062.8550036 Total splits: 280 Good splits: 266 Marginal splits: 4
Reward: 49714.2684109 Total splits: 274 Good splits: 267 Marginal splits: 0
Reward: 53814.5557479 Total splits: 286 Good splits: 281 Marginal splits: 1
Reward: 51338.869416 Total splits: 272 Good splits: 264 Marginal splits: 1
Reward: 51559.5538677 Total splits: 271 Good splits: 260 Marginal splits: 1
Reward: 52260.7706211 Total splits: 290 Good splits: 276 Marginal splits: 0
Reward: 50437.7687848 Total splits: 293 Good splits: 288 Marginal splits: 4
Reward: 51809.4120534 Total splits: 284 Good splits: 279 Marginal splits: 3
Reward: 52835.292504 Total splits: 276 Good splits: 269 Marginal splits: 2
Reward: 52801.7242665 Total splits: 286 Good splits: 281 Marginal splits: 5
Reward: 53873.9563358 Total splits: 291 Good splits: 274 Marginal splits: 3
Reward: 50695.8203131 Total splits: 283 Good splits: 272 Marginal splits: 2
Reward: 51096.6912546 Total splits: 274 Good splits: 266 Marginal splits: 2
Reward: 50658.5315014 Total splits: 292 Good splits: 281 Marginal splits: 2
Reward: 50840.2334995 Total splits: 305 Good splits: 301 Marginal splits: 5
Reward: 51244.9185307 Total splits: 286 Good splits: 277 Marginal splits: 2
Reward: 49674.223417 Total splits: 270 Good splits: 260 Marginal splits: 0
Reward: 55485.2753661 Total splits: 299 Good splits: 288 Marginal splits: 0
Reward: 50989.1213332 Total splits: 290 Good splits: 279 Marginal splits: 4
Reward: 56291.9042163 Total splits: 302 Good splits: 291 Marginal splits: 1
Reward: 48988.9483845 Total splits: 294 Good splits: 281 Marginal splits: 1
Reward: 54365.555527 Total splits: 282 Good splits: 276 Marginal splits: 2
Reward: 50673.1440286 Total splits: 289 Good splits: 272 Marginal splits: 0
Reward: 54156.5212669 Total splits: 277 Good splits: 272 Marginal splits: 4
Reward: 52259.4771716 Total splits: 295 Good splits: 289 Marginal splits: 2
Reward: 51797.8762215 Total splits: 277 Good splits: 270 Marginal splits: 1
Reward: 47939.4427856 Total splits: 282 Good splits: 279 Marginal splits: 6
Reward: 56894.8155267 Total splits: 273 Good splits: 266 Marginal splits: 0
Reward: 48872.7242602 Total splits: 277 Good splits: 267 Marginal splits: 1
Reward: 54846.3537855 Total splits: 284 Good splits: 278 Marginal splits: 2
Reward: 47828.4755575 Total splits: 269 Good splits: 260 Marginal splits: 1
Reward: 57014.7284206 Total splits: 300 Good splits: 295 Marginal splits: 0
Reward: 49394.9736213 Total splits: 301 Good splits: 293 Marginal splits: 2
Reward: 54726.3910889 Total splits: 312 Good splits: 303 Marginal splits: 2
Reward: 49474.7420817 Total splits: 277 Good splits: 269 Marginal splits: 2
Reward: 55893.0192518 Total splits: 282 Good splits: 274 Marginal splits: 1
Reward: 51310.1034658 Total splits: 283 Good splits: 274 Marginal splits: 2
Reward: 52943.0130314 Total splits: 296 Good splits: 283 Marginal splits: 2
Reward: 50238.9511528 Total splits: 287 Good splits: 280 Marginal splits: 0
Reward: 54813.6085733 Total splits: 302 Good splits: 289 Marginal splits: 1
Reward: 50861.8281127 Total splits: 309 Good splits: 302 Marginal splits: 5
Reward: 52610.7797233 Total splits: 288 Good splits: 278 Marginal splits: 0
Reward: 54512.7815559 Total splits: 274 Good splits: 267 Marginal splits: 1
Reward: 51766.2299856 Total splits: 296 Good splits: 290 Marginal splits: 3
Reward: 53508.9747739 Total splits: 275 Good splits: 270 Marginal splits: 0
Reward: 52357.4154498 Total splits: 314 Good splits: 305 Marginal splits: 4
Reward: 55949.2720389 Total splits: 296 Good splits: 284 Marginal splits: 1
Reward: 49766.9619529 Total splits: 275 Good splits: 268 Marginal splits: 2
Reward: 53715.3790578 Total splits: 290 Good splits: 279 Marginal splits: 2
Reward: 47760.5156182 Total splits: 269 Good splits: 259 Marginal splits: 2
Reward: 53591.8981162 Total splits: 295 Good splits: 286 Marginal splits: 6
Reward: 50824.1103124 Total splits: 280 Good splits: 270 Marginal splits: 1
Reward: 55327.9598002 Total splits: 286 Good splits: 276 Marginal splits: 0
Reward: 50870.0877321 Total splits: 295 Good splits: 287 Marginal splits: 0
Reward: 55966.6950154 Total splits: 297 Good splits: 292 Marginal splits: 4
Reward: 49343.6479506 Total splits: 277 Good splits: 267 Marginal splits: 2
Reward: 57865.0564219 Total splits: 294 Good splits: 286 Marginal splits: 1
Reward: 50195.5113477 Total splits: 287 Good splits: 281 Marginal splits: 1
Reward: 57306.2857578 Total splits: 290 Good splits: 275 Marginal splits: 1
Reward: 47825.2423636 Total splits: 294 Good splits: 284 Marginal splits: 0
Reward: 56726.1391072 Total splits: 276 Good splits: 263 Marginal splits: 1
Reward: 50198.2432499 Total splits: 272 Good splits: 264 Marginal splits: 2
Reward: 55368.3057836 Total splits: 308 Good splits: 302 Marginal splits: 5
Reward: 50383.6436892 Total splits: 291 Good splits: 284 Marginal splits: 6
Reward: 58359.9793956 Total splits: 301 Good splits: 289 Marginal splits: 2
Reward: 50439.3268649 Total splits: 309 Good splits: 301 Marginal splits: 0
Reward: 57874.8609611 Total splits: 298 Good splits: 289 Marginal splits: 6
Reward: 49526.8711058 Total splits: 282 Good splits: 274 Marginal splits: 0
Reward: 55307.0055628 Total splits: 292 Good splits: 280 Marginal splits: 4
Reward: 48734.4837271 Total splits: 285 Good splits: 272 Marginal splits: 2
Reward: 54369.7118189 Total splits: 303 Good splits: 289 Marginal splits: 0
Reward: 51944.7883735 Total splits: 265 Good splits: 260 Marginal splits: 3
Reward: 54665.1035942 Total splits: 288 Good splits: 273 Marginal splits: 4
Reward: 52574.3356419 Total splits: 286 Good splits: 278 Marginal splits: 3
Reward: 52788.744906 Total splits: 278 Good splits: 265 Marginal splits: 1
Reward: 51397.5502385 Total splits: 288 Good splits: 277 Marginal splits: 3
Reward: 53108.4399517 Total splits: 283 Good splits: 274 Marginal splits: 2
Reward: 50887.1326889 Total splits: 295 Good splits: 286 Marginal splits: 4
Reward: 52258.7998182 Total splits: 308 Good splits: 297 Marginal splits: 2

Total results after running 200 tests
Average total rewards : 52206.139011
Average total splits  : 288.005
Average good splits   : 278.655
Average good splits % : 96.7535285846

Reward: 50019.0762389 Total splits: 290 Good splits: 278 Marginal splits: 2
Reward: 49003.6939999 Total splits: 281 Good splits: 276 Marginal splits: 0
Reward: 55644.1125616 Total splits: 289 Good splits: 282 Marginal splits: 2
Reward: 50948.5343083 Total splits: 289 Good splits: 281 Marginal splits: 1
Reward: 51681.8278126 Total splits: 288 Good splits: 284 Marginal splits: 5
Reward: 47651.4313457 Total splits: 292 Good splits: 284 Marginal splits: 1
Reward: 54997.269195 Total splits: 302 Good splits: 295 Marginal splits: 0
Reward: 50843.4488783 Total splits: 299 Good splits: 292 Marginal splits: 0
Reward: 56910.033223 Total splits: 301 Good splits: 293 Marginal splits: 1
Reward: 49048.1100911 Total splits: 283 Good splits: 274 Marginal splits: 1
Reward: 53412.7076379 Total splits: 264 Good splits: 261 Marginal splits: 3
Reward: 49013.8886246 Total splits: 295 Good splits: 284 Marginal splits: 1
Reward: 57876.0408904 Total splits: 306 Good splits: 294 Marginal splits: 3
Reward: 49110.6938735 Total splits: 290 Good splits: 283 Marginal splits: 5
Reward: 53469.7232495 Total splits: 281 Good splits: 267 Marginal splits: 0
Reward: 48334.9955167 Total splits: 294 Good splits: 277 Marginal splits: 3
Reward: 55904.7913524 Total splits: 281 Good splits: 274 Marginal splits: 4
Reward: 53642.4830751 Total splits: 297 Good splits: 289 Marginal splits: 1
Reward: 55001.294159 Total splits: 290 Good splits: 283 Marginal splits: 3
Reward: 52964.5980009 Total splits: 291 Good splits: 276 Marginal splits: 1
Reward: 54097.6179829 Total splits: 283 Good splits: 271 Marginal splits: 8
Reward: 52066.0463246 Total splits: 274 Good splits: 267 Marginal splits: 2
Reward: 53672.9972778 Total splits: 290 Good splits: 283 Marginal splits: 3
Reward: 52755.8069622 Total splits: 281 Good splits: 277 Marginal splits: 1
Reward: 52028.2658418 Total splits: 305 Good splits: 297 Marginal splits: 7
Reward: 50815.8645389 Total splits: 281 Good splits: 273 Marginal splits: 1
Reward: 54035.4507233 Total splits: 304 Good splits: 289 Marginal splits: 1
Reward: 53904.6220809 Total splits: 300 Good splits: 287 Marginal splits: 1
Reward: 52308.576752 Total splits: 278 Good splits: 269 Marginal splits: 1
Reward: 53864.4098146 Total splits: 281 Good splits: 269 Marginal splits: 3
Reward: 48770.6522386 Total splits: 265 Good splits: 257 Marginal splits: 0
Reward: 53496.6069745 Total splits: 290 Good splits: 281 Marginal splits: 1
Reward: 50638.0927791 Total splits: 298 Good splits: 291 Marginal splits: 3
Reward: 54753.4164002 Total splits: 281 Good splits: 268 Marginal splits: 4
Reward: 49822.9741779 Total splits: 301 Good splits: 292 Marginal splits: 1
Reward: 54849.2917019 Total splits: 294 Good splits: 287 Marginal splits: 3
Reward: 51485.3907314 Total splits: 290 Good splits: 282 Marginal splits: 12
Reward: 53884.7025286 Total splits: 276 Good splits: 261 Marginal splits: 2
Reward: 51683.2168411 Total splits: 276 Good splits: 269 Marginal splits: 2
Reward: 54235.1091554 Total splits: 279 Good splits: 270 Marginal splits: 5
Reward: 47516.4038784 Total splits: 273 Good splits: 264 Marginal splits: 1
Reward: 56555.8214811 Total splits: 294 Good splits: 282 Marginal splits: 0
Reward: 47728.5532463 Total splits: 301 Good splits: 294 Marginal splits: 4
Reward: 53945.5513243 Total splits: 291 Good splits: 286 Marginal splits: 4
Reward: 47563.391882 Total splits: 281 Good splits: 271 Marginal splits: 4
Reward: 57687.3977072 Total splits: 293 Good splits: 285 Marginal splits: 0
Reward: 49319.4603924 Total splits: 293 Good splits: 283 Marginal splits: 6
Reward: 54869.3331915 Total splits: 287 Good splits: 276 Marginal splits: 6
Reward: 51179.4541197 Total splits: 277 Good splits: 270 Marginal splits: 4
Reward: 55212.2048364 Total splits: 284 Good splits: 278 Marginal splits: 6
Reward: 49848.3213905 Total splits: 291 Good splits: 279 Marginal splits: 2
Reward: 52600.5932892 Total splits: 300 Good splits: 296 Marginal splits: 2
Reward: 51049.78622 Total splits: 282 Good splits: 273 Marginal splits: 1
Reward: 52340.8571517 Total splits: 275 Good splits: 268 Marginal splits: 1
Reward: 50332.2445113 Total splits: 288 Good splits: 280 Marginal splits: 2
Reward: 52456.9622375 Total splits: 273 Good splits: 264 Marginal splits: 1
Reward: 52201.8739253 Total splits: 283 Good splits: 277 Marginal splits: 2
Reward: 53513.1577433 Total splits: 292 Good splits: 282 Marginal splits: 1
Reward: 54140.1253673 Total splits: 299 Good splits: 291 Marginal splits: 1
Reward: 47669.6664633 Total splits: 301 Good splits: 292 Marginal splits: 9
Reward: 50603.3492182 Total splits: 297 Good splits: 293 Marginal splits: 6
Reward: 50781.9445411 Total splits: 314 Good splits: 304 Marginal splits: 1
Reward: 53531.4675364 Total splits: 285 Good splits: 273 Marginal splits: 0
Reward: 51260.3448009 Total splits: 284 Good splits: 276 Marginal splits: 1
Reward: 51332.9663143 Total splits: 278 Good splits: 271 Marginal splits: 2
Reward: 52289.7688775 Total splits: 296 Good splits: 285 Marginal splits: 2
Reward: 52521.4307667 Total splits: 278 Good splits: 270 Marginal splits: 4
Reward: 51741.8596261 Total splits: 284 Good splits: 275 Marginal splits: 4
Reward: 55153.4351828 Total splits: 296 Good splits: 289 Marginal splits: 2
Reward: 46150.0089908 Total splits: 259 Good splits: 250 Marginal splits: 9
Reward: 55287.9497037 Total splits: 284 Good splits: 279 Marginal splits: 4
Reward: 50124.4811301 Total splits: 267 Good splits: 258 Marginal splits: 3
Reward: 54856.5669771 Total splits: 273 Good splits: 270 Marginal splits: 2
Reward: 47802.1729808 Total splits: 265 Good splits: 256 Marginal splits: 1
Reward: 57371.6010076 Total splits: 292 Good splits: 280 Marginal splits: 0
Reward: 50513.6506252 Total splits: 292 Good splits: 285 Marginal splits: 1
Reward: 56581.1510755 Total splits: 294 Good splits: 285 Marginal splits: 2
Reward: 48997.9593911 Total splits: 284 Good splits: 280 Marginal splits: 1
Reward: 55423.208982 Total splits: 284 Good splits: 274 Marginal splits: 1
Reward: 48107.8694995 Total splits: 288 Good splits: 277 Marginal splits: 1
Reward: 56329.3053815 Total splits: 292 Good splits: 279 Marginal splits: 0
Reward: 49534.3623984 Total splits: 282 Good splits: 277 Marginal splits: 3
Reward: 54937.8575286 Total splits: 294 Good splits: 288 Marginal splits: 3
Reward: 49630.0300173 Total splits: 277 Good splits: 267 Marginal splits: 2
Reward: 54865.713482 Total splits: 271 Good splits: 264 Marginal splits: 1
Reward: 51912.7025707 Total splits: 280 Good splits: 268 Marginal splits: 1
Reward: 55772.7187529 Total splits: 292 Good splits: 282 Marginal splits: 5
Reward: 51595.6531484 Total splits: 304 Good splits: 294 Marginal splits: 1
Reward: 55286.4159319 Total splits: 292 Good splits: 283 Marginal splits: 6
Reward: 48921.4724849 Total splits: 295 Good splits: 279 Marginal splits: 1
Reward: 53971.9059687 Total splits: 288 Good splits: 280 Marginal splits: 1
Reward: 49537.0535306 Total splits: 283 Good splits: 270 Marginal splits: 6
Reward: 52346.5505364 Total splits: 293 Good splits: 285 Marginal splits: 4
Reward: 52099.3896887 Total splits: 294 Good splits: 282 Marginal splits: 6
Reward: 53348.9175016 Total splits: 304 Good splits: 290 Marginal splits: 6
Reward: 53761.2033507 Total splits: 292 Good splits: 281 Marginal splits: 5
Reward: 52052.0437219 Total splits: 277 Good splits: 273 Marginal splits: 0
Reward: 53270.2543778 Total splits: 280 Good splits: 271 Marginal splits: 4
Reward: 51355.804133 Total splits: 291 Good splits: 283 Marginal splits: 3
Reward: 54186.2830893 Total splits: 278 Good splits: 272 Marginal splits: 2
Reward: 49274.4970754 Total splits: 261 Good splits: 253 Marginal splits: 1
Reward: 55232.9782108 Total splits: 275 Good splits: 265 Marginal splits: 1
Reward: 49593.6684601 Total splits: 292 Good splits: 282 Marginal splits: 1
Reward: 50020.773285 Total splits: 280 Good splits: 273 Marginal splits: 3
Reward: 51894.9259393 Total splits: 294 Good splits: 285 Marginal splits: 3
Reward: 55490.5061559 Total splits: 282 Good splits: 269 Marginal splits: 1
Reward: 50486.8591743 Total splits: 288 Good splits: 277 Marginal splits: 0
Reward: 56891.5505952 Total splits: 276 Good splits: 270 Marginal splits: 1
Reward: 48999.2853348 Total splits: 289 Good splits: 281 Marginal splits: 2
Reward: 57277.6570376 Total splits: 291 Good splits: 280 Marginal splits: 3
Reward: 49468.9080355 Total splits: 288 Good splits: 283 Marginal splits: 6
Reward: 56673.663828 Total splits: 297 Good splits: 286 Marginal splits: 5
Reward: 45912.1196531 Total splits: 284 Good splits: 277 Marginal splits: 2
Reward: 54793.2416305 Total splits: 288 Good splits: 276 Marginal splits: 3
Reward: 48365.9320945 Total splits: 284 Good splits: 276 Marginal splits: 2
Reward: 56328.4099637 Total splits: 289 Good splits: 280 Marginal splits: 1
Reward: 50560.7397839 Total splits: 299 Good splits: 288 Marginal splits: 2
Reward: 55939.6159091 Total splits: 277 Good splits: 272 Marginal splits: 1
Reward: 47573.4078434 Total splits: 294 Good splits: 280 Marginal splits: 4
Reward: 55884.1205734 Total splits: 294 Good splits: 285 Marginal splits: 2
Reward: 50151.5442764 Total splits: 295 Good splits: 281 Marginal splits: 1
Reward: 53951.4999371 Total splits: 287 Good splits: 274 Marginal splits: 0
Reward: 48781.5880854 Total splits: 275 Good splits: 268 Marginal splits: 1
Reward: 51939.868443 Total splits: 297 Good splits: 288 Marginal splits: 0
Reward: 49571.4064672 Total splits: 287 Good splits: 283 Marginal splits: 1
Reward: 52027.0644002 Total splits: 282 Good splits: 269 Marginal splits: 1
Reward: 53747.8295502 Total splits: 311 Good splits: 299 Marginal splits: 3
Reward: 52049.8493688 Total splits: 279 Good splits: 272 Marginal splits: 1
Reward: 51584.2916398 Total splits: 299 Good splits: 291 Marginal splits: 5
Reward: 50964.4437756 Total splits: 289 Good splits: 280 Marginal splits: 1
Reward: 52247.8195659 Total splits: 291 Good splits: 284 Marginal splits: 0
Reward: 49967.9073389 Total splits: 292 Good splits: 283 Marginal splits: 0
Reward: 53241.552745 Total splits: 281 Good splits: 270 Marginal splits: 1
Reward: 51869.1731518 Total splits: 268 Good splits: 261 Marginal splits: 0
Reward: 53557.9744649 Total splits: 270 Good splits: 263 Marginal splits: 1
Reward: 50347.9123684 Total splits: 290 Good splits: 277 Marginal splits: 4
Reward: 52909.3161234 Total splits: 285 Good splits: 276 Marginal splits: 3
Reward: 49770.9678773 Total splits: 278 Good splits: 268 Marginal splits: 4
Reward: 56745.4989633 Total splits: 281 Good splits: 275 Marginal splits: 2
Reward: 49891.8931882 Total splits: 271 Good splits: 263 Marginal splits: 4
Reward: 54514.1686271 Total splits: 284 Good splits: 281 Marginal splits: 2
Reward: 51145.8306764 Total splits: 293 Good splits: 286 Marginal splits: 1
Reward: 52757.086299 Total splits: 284 Good splits: 270 Marginal splits: 4
Reward: 50840.4367333 Total splits: 281 Good splits: 275 Marginal splits: 0
Reward: 56980.0478289 Total splits: 274 Good splits: 265 Marginal splits: 1
Reward: 52186.7966578 Total splits: 280 Good splits: 269 Marginal splits: 0
Reward: 57763.7187598 Total splits: 284 Good splits: 275 Marginal splits: 2
Reward: 48110.6629834 Total splits: 287 Good splits: 267 Marginal splits: 0
Reward: 55889.6997374 Total splits: 280 Good splits: 275 Marginal splits: 5
Reward: 49558.9489956 Total splits: 276 Good splits: 268 Marginal splits: 0
Reward: 56576.348719 Total splits: 281 Good splits: 271 Marginal splits: 2
Reward: 50219.2635935 Total splits: 274 Good splits: 266 Marginal splits: 0
Reward: 56487.1302607 Total splits: 291 Good splits: 280 Marginal splits: 5
Reward: 49863.815131 Total splits: 288 Good splits: 281 Marginal splits: 1
Reward: 56436.8162596 Total splits: 284 Good splits: 276 Marginal splits: 1
Reward: 52583.080031 Total splits: 300 Good splits: 287 Marginal splits: 2
Reward: 55539.2668102 Total splits: 297 Good splits: 289 Marginal splits: 9
Reward: 50787.6066058 Total splits: 292 Good splits: 278 Marginal splits: 3
Reward: 51741.0083166 Total splits: 275 Good splits: 268 Marginal splits: 2
Reward: 49928.243064 Total splits: 290 Good splits: 279 Marginal splits: 0
Reward: 54288.0007611 Total splits: 275 Good splits: 271 Marginal splits: 1
Reward: 48818.5706636 Total splits: 296 Good splits: 282 Marginal splits: 2
Reward: 53775.4053828 Total splits: 287 Good splits: 282 Marginal splits: 2
Reward: 51990.9702075 Total splits: 295 Good splits: 282 Marginal splits: 2
Reward: 53182.8234334 Total splits: 294 Good splits: 290 Marginal splits: 0
Reward: 52767.5827039 Total splits: 266 Good splits: 258 Marginal splits: 2
Reward: 49703.1735552 Total splits: 287 Good splits: 277 Marginal splits: 5
Reward: 54077.0130121 Total splits: 286 Good splits: 278 Marginal splits: 2
Reward: 48937.5571108 Total splits: 288 Good splits: 278 Marginal splits: 1
Reward: 52560.2121073 Total splits: 301 Good splits: 294 Marginal splits: 2
Reward: 51044.4989245 Total splits: 296 Good splits: 286 Marginal splits: 5
Reward: 54815.4397101 Total splits: 316 Good splits: 308 Marginal splits: 1
Reward: 51929.527314 Total splits: 287 Good splits: 270 Marginal splits: 2
Reward: 56169.0939245 Total splits: 299 Good splits: 294 Marginal splits: 1
Reward: 50744.7345408 Total splits: 296 Good splits: 285 Marginal splits: 0
Reward: 53149.5260888 Total splits: 306 Good splits: 298 Marginal splits: 7
Reward: 50477.0939131 Total splits: 282 Good splits: 274 Marginal splits: 1
Reward: 56480.1921879 Total splits: 292 Good splits: 284 Marginal splits: 2
Reward: 50951.8544859 Total splits: 292 Good splits: 282 Marginal splits: 2
Reward: 55809.7703396 Total splits: 288 Good splits: 281 Marginal splits: 6
Reward: 49376.1217586 Total splits: 281 Good splits: 268 Marginal splits: 3
Reward: 53494.3421152 Total splits: 305 Good splits: 299 Marginal splits: 1
Reward: 50837.6330402 Total splits: 283 Good splits: 275 Marginal splits: 2
Reward: 55407.0174903 Total splits: 285 Good splits: 277 Marginal splits: 1
Reward: 49423.5333222 Total splits: 284 Good splits: 273 Marginal splits: 3
Reward: 56006.7563866 Total splits: 269 Good splits: 260 Marginal splits: 2
Reward: 49841.2992833 Total splits: 297 Good splits: 290 Marginal splits: 2
Reward: 55311.3106798 Total splits: 293 Good splits: 287 Marginal splits: 5
Reward: 49457.6110844 Total splits: 283 Good splits: 277 Marginal splits: 0
Reward: 53974.3362687 Total splits: 282 Good splits: 274 Marginal splits: 1
Reward: 48879.9436507 Total splits: 269 Good splits: 260 Marginal splits: 1
Reward: 54922.8476378 Total splits: 280 Good splits: 274 Marginal splits: 1
Reward: 48727.5054631 Total splits: 285 Good splits: 281 Marginal splits: 4
Reward: 53542.5714478 Total splits: 291 Good splits: 285 Marginal splits: 8
Reward: 51473.1502867 Total splits: 285 Good splits: 273 Marginal splits: 3
Reward: 53361.2742186 Total splits: 294 Good splits: 285 Marginal splits: 2
Reward: 50148.5430539 Total splits: 291 Good splits: 276 Marginal splits: 2
Reward: 51121.3692462 Total splits: 315 Good splits: 297 Marginal splits: 2
Reward: 52275.3898447 Total splits: 306 Good splits: 295 Marginal splits: 2
Reward: 50257.0160591 Total splits: 302 Good splits: 289 Marginal splits: 3

Total results after running 200 tests
Average total rewards : 52314.6635108
Average total splits  : 287.375
Average good splits   : 278.37
Average good splits % : 96.8664636799

Reward: 50298.5591108 Total splits: 259 Good splits: 248 Marginal splits: 4
Reward: 49082.8840396 Total splits: 281 Good splits: 273 Marginal splits: 4
Reward: 56803.0762109 Total splits: 264 Good splits: 257 Marginal splits: 0
Reward: 48358.7775674 Total splits: 269 Good splits: 258 Marginal splits: 1
Reward: 54428.0875837 Total splits: 301 Good splits: 293 Marginal splits: 5
Reward: 47355.8971474 Total splits: 278 Good splits: 269 Marginal splits: 5
Reward: 55267.4356745 Total splits: 288 Good splits: 283 Marginal splits: 3
Reward: 51537.5906036 Total splits: 283 Good splits: 273 Marginal splits: 0
Reward: 56956.3001488 Total splits: 294 Good splits: 284 Marginal splits: 1
Reward: 51028.7027561 Total splits: 294 Good splits: 285 Marginal splits: 1
Reward: 52876.8159361 Total splits: 265 Good splits: 256 Marginal splits: 0
Reward: 50002.414253 Total splits: 296 Good splits: 287 Marginal splits: 5
Reward: 54236.3165866 Total splits: 287 Good splits: 281 Marginal splits: 2
Reward: 51027.5119257 Total splits: 280 Good splits: 274 Marginal splits: 3
Reward: 53609.0237276 Total splits: 266 Good splits: 259 Marginal splits: 2
Reward: 48185.7755605 Total splits: 296 Good splits: 285 Marginal splits: 6
Reward: 53631.196119 Total splits: 293 Good splits: 284 Marginal splits: 2
Reward: 52904.4021091 Total splits: 297 Good splits: 291 Marginal splits: 2
Reward: 53599.2984304 Total splits: 275 Good splits: 266 Marginal splits: 4
Reward: 51938.5162791 Total splits: 308 Good splits: 299 Marginal splits: 6
Reward: 54470.8760932 Total splits: 296 Good splits: 287 Marginal splits: 1
Reward: 50552.9242774 Total splits: 301 Good splits: 296 Marginal splits: 1
Reward: 52887.303549 Total splits: 279 Good splits: 276 Marginal splits: 3
Reward: 51590.9158749 Total splits: 283 Good splits: 278 Marginal splits: 0
Reward: 51285.2700322 Total splits: 288 Good splits: 280 Marginal splits: 0
Reward: 50661.6701753 Total splits: 286 Good splits: 273 Marginal splits: 1
Reward: 50909.0855919 Total splits: 288 Good splits: 283 Marginal splits: 1
Reward: 55458.4547473 Total splits: 279 Good splits: 271 Marginal splits: 1
Reward: 51253.4871492 Total splits: 292 Good splits: 282 Marginal splits: 3
Reward: 53365.4399168 Total splits: 307 Good splits: 297 Marginal splits: 6
Reward: 48487.5660655 Total splits: 284 Good splits: 275 Marginal splits: 2
Reward: 50338.060646 Total splits: 279 Good splits: 272 Marginal splits: 2
Reward: 49695.1975415 Total splits: 305 Good splits: 295 Marginal splits: 4
Reward: 56883.9184722 Total splits: 282 Good splits: 272 Marginal splits: 3
Reward: 49940.8393416 Total splits: 301 Good splits: 293 Marginal splits: 1
Reward: 54074.314706 Total splits: 293 Good splits: 281 Marginal splits: 2
Reward: 51863.7752842 Total splits: 276 Good splits: 267 Marginal splits: 1
Reward: 54106.6207651 Total splits: 278 Good splits: 269 Marginal splits: 0
Reward: 50832.7591703 Total splits: 290 Good splits: 282 Marginal splits: 1
Reward: 56925.0201695 Total splits: 276 Good splits: 266 Marginal splits: 0
Reward: 49772.6904205 Total splits: 276 Good splits: 263 Marginal splits: 5
Reward: 56903.5504444 Total splits: 272 Good splits: 267 Marginal splits: 2
Reward: 48609.8193242 Total splits: 280 Good splits: 270 Marginal splits: 1
Reward: 56159.5898821 Total splits: 276 Good splits: 268 Marginal splits: 0
Reward: 47760.3109201 Total splits: 278 Good splits: 269 Marginal splits: 2
Reward: 57748.7570678 Total splits: 285 Good splits: 280 Marginal splits: 2
Reward: 45963.9922313 Total splits: 287 Good splits: 274 Marginal splits: 3
Reward: 54544.7298213 Total splits: 287 Good splits: 277 Marginal splits: 1
Reward: 49690.0578027 Total splits: 290 Good splits: 278 Marginal splits: 0
Reward: 54252.9681074 Total splits: 291 Good splits: 282 Marginal splits: 6
Reward: 48489.4744015 Total splits: 293 Good splits: 286 Marginal splits: 1
Reward: 53578.4012227 Total splits: 294 Good splits: 282 Marginal splits: 1
Reward: 50135.0324949 Total splits: 286 Good splits: 276 Marginal splits: 0
Reward: 54228.6414863 Total splits: 286 Good splits: 278 Marginal splits: 1
Reward: 50337.3688868 Total splits: 292 Good splits: 287 Marginal splits: 4
Reward: 51952.0143378 Total splits: 280 Good splits: 272 Marginal splits: 0
Reward: 52016.617239 Total splits: 287 Good splits: 272 Marginal splits: 0
Reward: 53840.0719033 Total splits: 283 Good splits: 275 Marginal splits: 3
Reward: 53556.2561795 Total splits: 285 Good splits: 271 Marginal splits: 0
Reward: 51725.7363901 Total splits: 280 Good splits: 271 Marginal splits: 0
Reward: 50808.3229625 Total splits: 291 Good splits: 284 Marginal splits: 2
Reward: 53457.1281023 Total splits: 279 Good splits: 268 Marginal splits: 2
Reward: 52413.6528761 Total splits: 278 Good splits: 270 Marginal splits: 0
Reward: 51459.8850657 Total splits: 307 Good splits: 293 Marginal splits: 1
Reward: 52789.2153355 Total splits: 274 Good splits: 270 Marginal splits: 1
Reward: 52352.7622351 Total splits: 282 Good splits: 273 Marginal splits: 3
Reward: 52583.7206268 Total splits: 290 Good splits: 277 Marginal splits: 3
Reward: 52987.2603935 Total splits: 305 Good splits: 294 Marginal splits: 2
Reward: 54564.1060563 Total splits: 306 Good splits: 293 Marginal splits: 3
Reward: 49055.9633856 Total splits: 277 Good splits: 269 Marginal splits: 2
Reward: 55686.8310485 Total splits: 285 Good splits: 275 Marginal splits: 2
Reward: 50467.836105 Total splits: 290 Good splits: 284 Marginal splits: 1
Reward: 50082.6804347 Total splits: 270 Good splits: 266 Marginal splits: 0
Reward: 49468.9880729 Total splits: 290 Good splits: 282 Marginal splits: 3
Reward: 53324.5220872 Total splits: 282 Good splits: 268 Marginal splits: 0
Reward: 49965.6685538 Total splits: 279 Good splits: 274 Marginal splits: 3
Reward: 55230.7361661 Total splits: 297 Good splits: 284 Marginal splits: 1
Reward: 49980.8261726 Total splits: 263 Good splits: 260 Marginal splits: 4
Reward: 52256.4497145 Total splits: 278 Good splits: 269 Marginal splits: 3
Reward: 49309.2226334 Total splits: 289 Good splits: 283 Marginal splits: 4
Reward: 51726.3935533 Total splits: 294 Good splits: 289 Marginal splits: 5
Reward: 48835.8066172 Total splits: 269 Good splits: 258 Marginal splits: 3
Reward: 56533.7376273 Total splits: 308 Good splits: 300 Marginal splits: 6
Reward: 49032.2917141 Total splits: 297 Good splits: 289 Marginal splits: 1
Reward: 55197.8715792 Total splits: 290 Good splits: 278 Marginal splits: 1
Reward: 51906.5441058 Total splits: 292 Good splits: 286 Marginal splits: 0
Reward: 55328.7331058 Total splits: 295 Good splits: 288 Marginal splits: 3
Reward: 52639.0833155 Total splits: 297 Good splits: 291 Marginal splits: 8
Reward: 53267.9058341 Total splits: 286 Good splits: 281 Marginal splits: 1
Reward: 52154.9536012 Total splits: 292 Good splits: 282 Marginal splits: 3
Reward: 54082.5535255 Total splits: 285 Good splits: 275 Marginal splits: 2
Reward: 49860.6309427 Total splits: 312 Good splits: 303 Marginal splits: 0
Reward: 52124.7195661 Total splits: 302 Good splits: 295 Marginal splits: 1
Reward: 52636.2500972 Total splits: 282 Good splits: 269 Marginal splits: 4
Reward: 50831.3439815 Total splits: 292 Good splits: 279 Marginal splits: 1
Reward: 54803.411376 Total splits: 303 Good splits: 289 Marginal splits: 7
Reward: 51637.9812719 Total splits: 293 Good splits: 286 Marginal splits: 4
Reward: 54850.0166775 Total splits: 276 Good splits: 274 Marginal splits: 2
Reward: 51730.1089551 Total splits: 308 Good splits: 288 Marginal splits: 0
Reward: 53388.0656866 Total splits: 280 Good splits: 269 Marginal splits: 1
Reward: 49896.0042591 Total splits: 288 Good splits: 279 Marginal splits: 1
Reward: 53937.3934435 Total splits: 286 Good splits: 273 Marginal splits: 3
Reward: 49450.7579023 Total splits: 281 Good splits: 276 Marginal splits: 7
Reward: 53515.2658382 Total splits: 273 Good splits: 267 Marginal splits: 2
Reward: 52328.2737645 Total splits: 276 Good splits: 263 Marginal splits: 0
Reward: 55900.555363 Total splits: 299 Good splits: 288 Marginal splits: 1
Reward: 51898.6714362 Total splits: 288 Good splits: 276 Marginal splits: 1
Reward: 53131.0019813 Total splits: 314 Good splits: 300 Marginal splits: 2
Reward: 49359.7598273 Total splits: 284 Good splits: 280 Marginal splits: 4
Reward: 58042.257819 Total splits: 299 Good splits: 281 Marginal splits: 1
Reward: 50118.7597469 Total splits: 290 Good splits: 280 Marginal splits: 2
Reward: 57202.0294304 Total splits: 289 Good splits: 280 Marginal splits: 1
Reward: 47636.8473111 Total splits: 291 Good splits: 282 Marginal splits: 0
Reward: 56741.5821278 Total splits: 278 Good splits: 266 Marginal splits: 1
Reward: 51001.2024598 Total splits: 274 Good splits: 262 Marginal splits: 1
Reward: 56450.2686713 Total splits: 280 Good splits: 274 Marginal splits: 1
Reward: 51867.8406062 Total splits: 285 Good splits: 277 Marginal splits: 3
Reward: 53996.3329314 Total splits: 296 Good splits: 285 Marginal splits: 1
Reward: 45186.3406489 Total splits: 284 Good splits: 279 Marginal splits: 4
Reward: 55987.2251711 Total splits: 282 Good splits: 271 Marginal splits: 1
Reward: 51674.2606646 Total splits: 291 Good splits: 274 Marginal splits: 3
Reward: 52381.3591642 Total splits: 288 Good splits: 282 Marginal splits: 0
Reward: 50218.0491804 Total splits: 286 Good splits: 277 Marginal splits: 3
Reward: 53849.1067959 Total splits: 278 Good splits: 269 Marginal splits: 2
Reward: 50060.2684211 Total splits: 286 Good splits: 279 Marginal splits: 2
Reward: 53133.9016972 Total splits: 285 Good splits: 278 Marginal splits: 6
Reward: 50430.3982473 Total splits: 284 Good splits: 275 Marginal splits: 1
Reward: 52634.7223765 Total splits: 300 Good splits: 288 Marginal splits: 8
Reward: 51994.4512035 Total splits: 289 Good splits: 276 Marginal splits: 1
Reward: 52742.7881392 Total splits: 273 Good splits: 264 Marginal splits: 2
Reward: 52669.0457307 Total splits: 268 Good splits: 255 Marginal splits: 2
Reward: 51544.9408901 Total splits: 279 Good splits: 273 Marginal splits: 3
Reward: 52987.7659679 Total splits: 306 Good splits: 297 Marginal splits: 2
Reward: 50166.0883256 Total splits: 297 Good splits: 277 Marginal splits: 1
Reward: 53235.1995756 Total splits: 281 Good splits: 273 Marginal splits: 1
Reward: 50884.1592227 Total splits: 298 Good splits: 287 Marginal splits: 5
Reward: 52863.8448325 Total splits: 296 Good splits: 290 Marginal splits: 2
Reward: 51023.529481 Total splits: 295 Good splits: 285 Marginal splits: 1
Reward: 51566.2106324 Total splits: 280 Good splits: 267 Marginal splits: 2
Reward: 50704.1586258 Total splits: 281 Good splits: 268 Marginal splits: 0
Reward: 53263.836262 Total splits: 291 Good splits: 285 Marginal splits: 2
Reward: 50463.8026687 Total splits: 279 Good splits: 272 Marginal splits: 4
Reward: 56728.9902227 Total splits: 284 Good splits: 277 Marginal splits: 5
Reward: 50954.0075294 Total splits: 290 Good splits: 278 Marginal splits: 0
Reward: 56300.3457551 Total splits: 285 Good splits: 275 Marginal splits: 4
Reward: 51543.2025539 Total splits: 299 Good splits: 290 Marginal splits: 0
Reward: 54424.64827 Total splits: 289 Good splits: 279 Marginal splits: 0
Reward: 48937.7870732 Total splits: 279 Good splits: 269 Marginal splits: 1
Reward: 56017.9418448 Total splits: 281 Good splits: 273 Marginal splits: 0
Reward: 50802.1555121 Total splits: 281 Good splits: 273 Marginal splits: 3
Reward: 53365.959898 Total splits: 275 Good splits: 262 Marginal splits: 2
Reward: 48973.4383526 Total splits: 281 Good splits: 268 Marginal splits: 3
Reward: 57140.5824461 Total splits: 279 Good splits: 269 Marginal splits: 2
Reward: 50555.9207014 Total splits: 297 Good splits: 293 Marginal splits: 7
Reward: 55433.7624201 Total splits: 291 Good splits: 283 Marginal splits: 0
Reward: 52683.3105995 Total splits: 286 Good splits: 277 Marginal splits: 1
Reward: 54509.1991288 Total splits: 291 Good splits: 283 Marginal splits: 7
Reward: 50876.731359 Total splits: 279 Good splits: 271 Marginal splits: 2
Reward: 54649.91587 Total splits: 271 Good splits: 266 Marginal splits: 0
Reward: 50098.8944571 Total splits: 295 Good splits: 285 Marginal splits: 1
Reward: 52277.8365984 Total splits: 284 Good splits: 275 Marginal splits: 2
Reward: 51586.4976618 Total splits: 297 Good splits: 287 Marginal splits: 7
Reward: 53299.9014436 Total splits: 282 Good splits: 273 Marginal splits: 1
Reward: 51169.6739092 Total splits: 279 Good splits: 266 Marginal splits: 2
Reward: 52698.5936032 Total splits: 285 Good splits: 278 Marginal splits: 2
Reward: 53303.3689008 Total splits: 294 Good splits: 287 Marginal splits: 1
Reward: 52191.9930829 Total splits: 304 Good splits: 292 Marginal splits: 1
Reward: 49886.5090561 Total splits: 289 Good splits: 279 Marginal splits: 1
Reward: 49936.1343975 Total splits: 302 Good splits: 288 Marginal splits: 0
Reward: 52704.7466461 Total splits: 294 Good splits: 281 Marginal splits: 3
Reward: 49532.6693419 Total splits: 285 Good splits: 279 Marginal splits: 2
Reward: 55342.5655155 Total splits: 286 Good splits: 279 Marginal splits: 2
Reward: 52502.2756915 Total splits: 291 Good splits: 282 Marginal splits: 6
Reward: 53653.05361 Total splits: 273 Good splits: 267 Marginal splits: 1
Reward: 50719.6093419 Total splits: 283 Good splits: 275 Marginal splits: 1
Reward: 54968.3404839 Total splits: 287 Good splits: 275 Marginal splits: 2
Reward: 49813.1580495 Total splits: 287 Good splits: 275 Marginal splits: 4
Reward: 53863.4922333 Total splits: 279 Good splits: 272 Marginal splits: 2
Reward: 49793.3366061 Total splits: 293 Good splits: 278 Marginal splits: 2
Reward: 53905.3781863 Total splits: 293 Good splits: 286 Marginal splits: 3
Reward: 49750.1292034 Total splits: 286 Good splits: 277 Marginal splits: 3
Reward: 54226.6746208 Total splits: 284 Good splits: 273 Marginal splits: 0
Reward: 49507.9923239 Total splits: 297 Good splits: 285 Marginal splits: 2
Reward: 52928.4234099 Total splits: 297 Good splits: 290 Marginal splits: 3
Reward: 50461.961545 Total splits: 292 Good splits: 284 Marginal splits: 1
Reward: 53336.2325236 Total splits: 291 Good splits: 284 Marginal splits: 4
Reward: 48199.1924806 Total splits: 302 Good splits: 292 Marginal splits: 3
Reward: 53999.8614783 Total splits: 277 Good splits: 269 Marginal splits: 3
Reward: 51033.4709478 Total splits: 278 Good splits: 273 Marginal splits: 2
Reward: 53561.0338936 Total splits: 290 Good splits: 280 Marginal splits: 2
Reward: 49495.3590337 Total splits: 287 Good splits: 276 Marginal splits: 0
Reward: 53463.4908149 Total splits: 278 Good splits: 267 Marginal splits: 0
Reward: 52003.8924952 Total splits: 290 Good splits: 279 Marginal splits: 0
Reward: 56059.57617 Total splits: 282 Good splits: 278 Marginal splits: 0
Reward: 51584.7985277 Total splits: 291 Good splits: 277 Marginal splits: 5
Reward: 53799.605595 Total splits: 278 Good splits: 271 Marginal splits: 2
Reward: 50469.4307607 Total splits: 282 Good splits: 264 Marginal splits: 3
Reward: 52587.3928585 Total splits: 305 Good splits: 299 Marginal splits: 4
Reward: 51210.0546989 Total splits: 278 Good splits: 269 Marginal splits: 2
Reward: 51025.3129469 Total splits: 274 Good splits: 271 Marginal splits: 0

Total results after running 200 tests
Average total rewards : 52253.912083
Average total splits  : 286.885
Average good splits   : 277.68
Average good splits % : 96.7913972498

Reward: 52391.1884254 Total splits: 278 Good splits: 269 Marginal splits: 3
Reward: 46509.4368571 Total splits: 277 Good splits: 272 Marginal splits: 3
Reward: 56012.058275 Total splits: 267 Good splits: 255 Marginal splits: 2
Reward: 49700.8309661 Total splits: 290 Good splits: 274 Marginal splits: 1
Reward: 54662.7269375 Total splits: 288 Good splits: 280 Marginal splits: 2
Reward: 48842.4030847 Total splits: 294 Good splits: 290 Marginal splits: 4
Reward: 56366.4094214 Total splits: 288 Good splits: 280 Marginal splits: 1
Reward: 50951.4004125 Total splits: 301 Good splits: 292 Marginal splits: 4
Reward: 56229.8898683 Total splits: 292 Good splits: 282 Marginal splits: 0
Reward: 47834.6456594 Total splits: 294 Good splits: 280 Marginal splits: 9
Reward: 57496.9179782 Total splits: 285 Good splits: 280 Marginal splits: 4
Reward: 48968.343657 Total splits: 301 Good splits: 293 Marginal splits: 0
Reward: 57936.5151716 Total splits: 274 Good splits: 264 Marginal splits: 1
Reward: 51249.7373483 Total splits: 284 Good splits: 275 Marginal splits: 2
Reward: 54134.1182997 Total splits: 293 Good splits: 286 Marginal splits: 2
Reward: 47710.8434665 Total splits: 267 Good splits: 261 Marginal splits: 4
Reward: 55717.1858472 Total splits: 299 Good splits: 293 Marginal splits: 1
Reward: 52538.0505894 Total splits: 306 Good splits: 299 Marginal splits: 3
Reward: 54767.9233873 Total splits: 292 Good splits: 285 Marginal splits: 2
Reward: 52451.5440925 Total splits: 283 Good splits: 270 Marginal splits: 2
Reward: 52581.7736968 Total splits: 292 Good splits: 284 Marginal splits: 2
Reward: 49705.5496996 Total splits: 291 Good splits: 285 Marginal splits: 2
Reward: 53622.2074415 Total splits: 290 Good splits: 277 Marginal splits: 1
Reward: 51771.631383 Total splits: 293 Good splits: 282 Marginal splits: 0
Reward: 53219.9373842 Total splits: 287 Good splits: 279 Marginal splits: 3
Reward: 51201.345128 Total splits: 280 Good splits: 270 Marginal splits: 0
Reward: 52594.6061628 Total splits: 294 Good splits: 279 Marginal splits: 1
Reward: 55023.2608669 Total splits: 285 Good splits: 275 Marginal splits: 6
Reward: 50884.0282292 Total splits: 281 Good splits: 265 Marginal splits: 0
Reward: 55337.285514 Total splits: 286 Good splits: 271 Marginal splits: 2
Reward: 51255.9764537 Total splits: 285 Good splits: 269 Marginal splits: 3
Reward: 55287.4024723 Total splits: 286 Good splits: 275 Marginal splits: 7
Reward: 49851.6857138 Total splits: 283 Good splits: 276 Marginal splits: 2
Reward: 54795.060305 Total splits: 304 Good splits: 290 Marginal splits: 2
Reward: 49015.7941308 Total splits: 281 Good splits: 274 Marginal splits: 3
Reward: 53317.6645041 Total splits: 290 Good splits: 283 Marginal splits: 5
Reward: 50161.1611734 Total splits: 265 Good splits: 261 Marginal splits: 1
Reward: 52264.9923178 Total splits: 278 Good splits: 270 Marginal splits: 5
Reward: 51022.4950431 Total splits: 291 Good splits: 280 Marginal splits: 3
Reward: 55233.0927501 Total splits: 277 Good splits: 265 Marginal splits: 10
Reward: 47153.732031 Total splits: 283 Good splits: 272 Marginal splits: 4
Reward: 55837.6126647 Total splits: 280 Good splits: 270 Marginal splits: 3
Reward: 50264.9475715 Total splits: 288 Good splits: 283 Marginal splits: 3
Reward: 54999.8143517 Total splits: 279 Good splits: 268 Marginal splits: 2
Reward: 48565.3533871 Total splits: 295 Good splits: 284 Marginal splits: 4
Reward: 56402.3182095 Total splits: 281 Good splits: 275 Marginal splits: 1
Reward: 43013.9446362 Total splits: 284 Good splits: 281 Marginal splits: 3
Reward: 49304.4854828 Total splits: 294 Good splits: 278 Marginal splits: 2
Reward: 51003.6906004 Total splits: 287 Good splits: 278 Marginal splits: 0
Reward: 55343.3381832 Total splits: 292 Good splits: 279 Marginal splits: 2
Reward: 50167.5417002 Total splits: 287 Good splits: 284 Marginal splits: 2
Reward: 55574.8344963 Total splits: 297 Good splits: 288 Marginal splits: 1
Reward: 51047.9095274 Total splits: 280 Good splits: 273 Marginal splits: 0
Reward: 53398.6542067 Total splits: 281 Good splits: 270 Marginal splits: 7
Reward: 50569.5220696 Total splits: 278 Good splits: 267 Marginal splits: 0
Reward: 54304.7220763 Total splits: 293 Good splits: 288 Marginal splits: 1
Reward: 51469.2993759 Total splits: 281 Good splits: 275 Marginal splits: 6
Reward: 51635.4697663 Total splits: 278 Good splits: 267 Marginal splits: 2
Reward: 53256.7458469 Total splits: 284 Good splits: 276 Marginal splits: 1
Reward: 51835.9819637 Total splits: 281 Good splits: 268 Marginal splits: 4
Reward: 51123.0503727 Total splits: 265 Good splits: 255 Marginal splits: 1
Reward: 51964.7282976 Total splits: 293 Good splits: 285 Marginal splits: 2
Reward: 53576.5686897 Total splits: 303 Good splits: 298 Marginal splits: 1
Reward: 51160.5088744 Total splits: 296 Good splits: 281 Marginal splits: 7
Reward: 53531.8703089 Total splits: 293 Good splits: 285 Marginal splits: 3
Reward: 53080.9019324 Total splits: 283 Good splits: 275 Marginal splits: 1
Reward: 51712.7087725 Total splits: 278 Good splits: 269 Marginal splits: 3
Reward: 52946.1179126 Total splits: 297 Good splits: 285 Marginal splits: 2
Reward: 54456.4916682 Total splits: 276 Good splits: 268 Marginal splits: 4
Reward: 49169.9445268 Total splits: 269 Good splits: 261 Marginal splits: 0
Reward: 56203.4725427 Total splits: 290 Good splits: 277 Marginal splits: 1
Reward: 52221.4738177 Total splits: 284 Good splits: 275 Marginal splits: 3
Reward: 55146.8222989 Total splits: 278 Good splits: 264 Marginal splits: 2
Reward: 48107.8826611 Total splits: 285 Good splits: 274 Marginal splits: 1
Reward: 54928.8363546 Total splits: 286 Good splits: 272 Marginal splits: 1
Reward: 50756.6805075 Total splits: 298 Good splits: 291 Marginal splits: 2
Reward: 55271.7845137 Total splits: 293 Good splits: 284 Marginal splits: 0
Reward: 48751.2234782 Total splits: 291 Good splits: 285 Marginal splits: 2
Reward: 55221.3722324 Total splits: 302 Good splits: 295 Marginal splits: 0
Reward: 46771.0298418 Total splits: 281 Good splits: 274 Marginal splits: 4
Reward: 57707.6199979 Total splits: 269 Good splits: 263 Marginal splits: 1
Reward: 48285.5569799 Total splits: 287 Good splits: 280 Marginal splits: 5
Reward: 54549.778035 Total splits: 284 Good splits: 276 Marginal splits: 7
Reward: 48464.5393552 Total splits: 271 Good splits: 260 Marginal splits: 1
Reward: 55057.7001783 Total splits: 288 Good splits: 274 Marginal splits: 5
Reward: 49779.6936893 Total splits: 291 Good splits: 279 Marginal splits: 4
Reward: 54680.3254729 Total splits: 279 Good splits: 267 Marginal splits: 3
Reward: 52665.8205117 Total splits: 281 Good splits: 273 Marginal splits: 1
Reward: 54241.2713866 Total splits: 286 Good splits: 283 Marginal splits: 0
Reward: 51273.4919031 Total splits: 279 Good splits: 269 Marginal splits: 1
Reward: 51198.9186851 Total splits: 295 Good splits: 287 Marginal splits: 3
Reward: 50344.4963871 Total splits: 272 Good splits: 258 Marginal splits: 3
Reward: 52599.587715 Total splits: 294 Good splits: 287 Marginal splits: 8
Reward: 52609.9086935 Total splits: 302 Good splits: 293 Marginal splits: 0
Reward: 52660.8261807 Total splits: 274 Good splits: 262 Marginal splits: 3
Reward: 52834.5738488 Total splits: 284 Good splits: 274 Marginal splits: 3
Reward: 53265.1871075 Total splits: 287 Good splits: 282 Marginal splits: 2
Reward: 54008.7976915 Total splits: 287 Good splits: 278 Marginal splits: 2
Reward: 50529.4249702 Total splits: 304 Good splits: 296 Marginal splits: 3
Reward: 52950.3095102 Total splits: 290 Good splits: 280 Marginal splits: 2
Reward: 49220.0212989 Total splits: 282 Good splits: 274 Marginal splits: 5
Reward: 53073.1289022 Total splits: 300 Good splits: 287 Marginal splits: 1
Reward: 48097.141105 Total splits: 277 Good splits: 266 Marginal splits: 0
Reward: 51928.1026333 Total splits: 283 Good splits: 270 Marginal splits: 4
Reward: 52614.4931399 Total splits: 272 Good splits: 258 Marginal splits: 1
Reward: 55067.3477738 Total splits: 272 Good splits: 264 Marginal splits: 4
Reward: 50568.7019732 Total splits: 280 Good splits: 276 Marginal splits: 2
Reward: 53868.450012 Total splits: 276 Good splits: 268 Marginal splits: 2
Reward: 48217.3207139 Total splits: 293 Good splits: 281 Marginal splits: 0
Reward: 57554.2698948 Total splits: 286 Good splits: 279 Marginal splits: 1
Reward: 50455.510334 Total splits: 297 Good splits: 286 Marginal splits: 3
Reward: 54726.2932486 Total splits: 281 Good splits: 266 Marginal splits: 4
Reward: 49569.7300644 Total splits: 295 Good splits: 289 Marginal splits: 8
Reward: 57563.8334247 Total splits: 295 Good splits: 282 Marginal splits: 3
Reward: 48793.1329879 Total splits: 281 Good splits: 271 Marginal splits: 1
Reward: 54631.894187 Total splits: 295 Good splits: 284 Marginal splits: 4
Reward: 50459.8874052 Total splits: 283 Good splits: 276 Marginal splits: 4
Reward: 54727.8861039 Total splits: 272 Good splits: 266 Marginal splits: 2
Reward: 51021.0837856 Total splits: 298 Good splits: 290 Marginal splits: 4
Reward: 56071.6313276 Total splits: 286 Good splits: 279 Marginal splits: 2
Reward: 50925.0417004 Total splits: 278 Good splits: 267 Marginal splits: 4
Reward: 54848.5857489 Total splits: 293 Good splits: 287 Marginal splits: 5
Reward: 49008.3714692 Total splits: 284 Good splits: 267 Marginal splits: 6
Reward: 54084.9396206 Total splits: 272 Good splits: 264 Marginal splits: 2
Reward: 51505.3637294 Total splits: 296 Good splits: 286 Marginal splits: 2
Reward: 52108.4043258 Total splits: 286 Good splits: 275 Marginal splits: 6
Reward: 51720.2924844 Total splits: 280 Good splits: 269 Marginal splits: 2
Reward: 52507.3489243 Total splits: 298 Good splits: 288 Marginal splits: 5
Reward: 51746.3853222 Total splits: 287 Good splits: 277 Marginal splits: 6
Reward: 53384.3786311 Total splits: 306 Good splits: 302 Marginal splits: 7
Reward: 52776.5946359 Total splits: 290 Good splits: 282 Marginal splits: 4
Reward: 53216.998876 Total splits: 305 Good splits: 296 Marginal splits: 3
Reward: 53315.7126614 Total splits: 292 Good splits: 283 Marginal splits: 1
Reward: 52210.0520886 Total splits: 294 Good splits: 284 Marginal splits: 3
Reward: 53472.6963636 Total splits: 300 Good splits: 285 Marginal splits: 5
Reward: 53630.8001183 Total splits: 284 Good splits: 277 Marginal splits: 2
Reward: 54054.0756322 Total splits: 285 Good splits: 274 Marginal splits: 2
Reward: 49623.2543384 Total splits: 297 Good splits: 286 Marginal splits: 4
Reward: 54310.5133088 Total splits: 293 Good splits: 282 Marginal splits: 0
Reward: 51638.6548634 Total splits: 290 Good splits: 282 Marginal splits: 0
Reward: 53034.2770203 Total splits: 290 Good splits: 279 Marginal splits: 1
Reward: 49518.7199739 Total splits: 285 Good splits: 272 Marginal splits: 3
Reward: 55170.671329 Total splits: 303 Good splits: 299 Marginal splits: 0
Reward: 50033.6212114 Total splits: 276 Good splits: 268 Marginal splits: 1
Reward: 53935.2858527 Total splits: 279 Good splits: 272 Marginal splits: 3
Reward: 50388.2585466 Total splits: 295 Good splits: 285 Marginal splits: 1
Reward: 54801.040192 Total splits: 272 Good splits: 254 Marginal splits: 2
Reward: 48838.4059271 Total splits: 287 Good splits: 281 Marginal splits: 2
Reward: 54966.0926195 Total splits: 285 Good splits: 275 Marginal splits: 3
Reward: 50475.742129 Total splits: 277 Good splits: 270 Marginal splits: 1
Reward: 56144.4519542 Total splits: 289 Good splits: 282 Marginal splits: 1
Reward: 47509.9335498 Total splits: 298 Good splits: 288 Marginal splits: 1
Reward: 58125.831052 Total splits: 287 Good splits: 278 Marginal splits: 1
Reward: 50942.4229906 Total splits: 291 Good splits: 276 Marginal splits: 3
Reward: 54798.0592522 Total splits: 288 Good splits: 284 Marginal splits: 0
Reward: 51211.3932562 Total splits: 302 Good splits: 293 Marginal splits: 2
Reward: 49750.7001249 Total splits: 278 Good splits: 268 Marginal splits: 2
Reward: 48779.7498239 Total splits: 293 Good splits: 286 Marginal splits: 3
Reward: 54831.7535226 Total splits: 286 Good splits: 276 Marginal splits: 1
Reward: 48938.7440205 Total splits: 276 Good splits: 265 Marginal splits: 3
Reward: 52601.6516008 Total splits: 292 Good splits: 287 Marginal splits: 8
Reward: 50028.6313282 Total splits: 284 Good splits: 276 Marginal splits: 0
Reward: 52185.2126062 Total splits: 283 Good splits: 280 Marginal splits: 5
Reward: 53671.0822247 Total splits: 298 Good splits: 283 Marginal splits: 0
Reward: 53714.9326487 Total splits: 288 Good splits: 282 Marginal splits: 2
Reward: 52609.3692336 Total splits: 297 Good splits: 290 Marginal splits: 2
Reward: 50243.6453919 Total splits: 289 Good splits: 281 Marginal splits: 2
Reward: 54679.819794 Total splits: 296 Good splits: 287 Marginal splits: 2
Reward: 51611.4039067 Total splits: 285 Good splits: 281 Marginal splits: 4
Reward: 53674.3464168 Total splits: 288 Good splits: 282 Marginal splits: 5
Reward: 49393.4862532 Total splits: 261 Good splits: 253 Marginal splits: 0
Reward: 52582.3409449 Total splits: 290 Good splits: 284 Marginal splits: 3
Reward: 50514.0739173 Total splits: 271 Good splits: 262 Marginal splits: 2
Reward: 52531.0535023 Total splits: 301 Good splits: 282 Marginal splits: 2
Reward: 51123.4036655 Total splits: 275 Good splits: 267 Marginal splits: 2
Reward: 56827.6542662 Total splits: 291 Good splits: 279 Marginal splits: 2
Reward: 50041.4245645 Total splits: 283 Good splits: 276 Marginal splits: 4
Reward: 57386.0282337 Total splits: 306 Good splits: 294 Marginal splits: 2
Reward: 44547.2374718 Total splits: 294 Good splits: 288 Marginal splits: 4
Reward: 54942.3305281 Total splits: 276 Good splits: 268 Marginal splits: 2
Reward: 49716.6936826 Total splits: 258 Good splits: 254 Marginal splits: 3
Reward: 53112.4161757 Total splits: 276 Good splits: 267 Marginal splits: 1
Reward: 47500.4039096 Total splits: 298 Good splits: 288 Marginal splits: 7
Reward: 55488.050703 Total splits: 287 Good splits: 280 Marginal splits: 3
Reward: 48601.108629 Total splits: 278 Good splits: 270 Marginal splits: 1
Reward: 56472.1680265 Total splits: 298 Good splits: 290 Marginal splits: 2
Reward: 46040.8443119 Total splits: 278 Good splits: 269 Marginal splits: 5
Reward: 56165.0912532 Total splits: 290 Good splits: 279 Marginal splits: 1
Reward: 50142.8406636 Total splits: 301 Good splits: 288 Marginal splits: 5
Reward: 52705.9582365 Total splits: 289 Good splits: 286 Marginal splits: 3
Reward: 49362.5891743 Total splits: 281 Good splits: 263 Marginal splits: 1
Reward: 54863.5733249 Total splits: 272 Good splits: 262 Marginal splits: 4
Reward: 51035.4010785 Total splits: 276 Good splits: 265 Marginal splits: 0
Reward: 57470.4837428 Total splits: 281 Good splits: 273 Marginal splits: 2
Reward: 51138.0775208 Total splits: 282 Good splits: 273 Marginal splits: 1
Reward: 54613.6183226 Total splits: 284 Good splits: 274 Marginal splits: 1
Reward: 52437.1110794 Total splits: 298 Good splits: 284 Marginal splits: 1
Reward: 51108.8169248 Total splits: 304 Good splits: 294 Marginal splits: 5
Reward: 52500.4550446 Total splits: 297 Good splits: 289 Marginal splits: 0
Reward: 52730.1182101 Total splits: 294 Good splits: 286 Marginal splits: 0

Total results after running 200 tests
Average total rewards : 52301.0438209
Average total splits  : 286.705
Average good splits   : 277.4
Average good splits % : 96.7545037582

