Reward: 52781.4058595 Total splits: 306 Good splits: 299 Marginal splits: 5
Reward: 50140.1703954 Total splits: 317 Good splits: 312 Marginal splits: 4
Reward: 56794.7354404 Total splits: 302 Good splits: 296 Marginal splits: 4
Reward: 49238.7574996 Total splits: 324 Good splits: 307 Marginal splits: 2
Reward: 56969.5551429 Total splits: 316 Good splits: 303 Marginal splits: 0
Reward: 49487.6297766 Total splits: 313 Good splits: 296 Marginal splits: 2
Reward: 55329.9323917 Total splits: 313 Good splits: 300 Marginal splits: 1
Reward: 46745.7890363 Total splits: 313 Good splits: 305 Marginal splits: 3
Reward: 58007.7012969 Total splits: 310 Good splits: 296 Marginal splits: 5
Reward: 51328.3970287 Total splits: 319 Good splits: 307 Marginal splits: 2
Reward: 57048.9387333 Total splits: 324 Good splits: 311 Marginal splits: 8
Reward: 48169.1701537 Total splits: 320 Good splits: 308 Marginal splits: 2
Reward: 54345.6178095 Total splits: 291 Good splits: 279 Marginal splits: 2
Reward: 51893.6229047 Total splits: 313 Good splits: 300 Marginal splits: 4
Reward: 54883.8299637 Total splits: 329 Good splits: 320 Marginal splits: 5
Reward: 49659.3601831 Total splits: 328 Good splits: 316 Marginal splits: 3
Reward: 53598.9491765 Total splits: 309 Good splits: 303 Marginal splits: 4
Reward: 51712.4609667 Total splits: 327 Good splits: 315 Marginal splits: 1
Reward: 54160.8357697 Total splits: 312 Good splits: 298 Marginal splits: 0
Reward: 51281.6310743 Total splits: 314 Good splits: 301 Marginal splits: 3
Reward: 51818.0736141 Total splits: 300 Good splits: 292 Marginal splits: 5
Reward: 52267.6759926 Total splits: 299 Good splits: 291 Marginal splits: 2
Reward: 52662.0941235 Total splits: 296 Good splits: 290 Marginal splits: 2
Reward: 52703.2570032 Total splits: 311 Good splits: 299 Marginal splits: 3
Reward: 51534.1447493 Total splits: 308 Good splits: 296 Marginal splits: 2
Reward: 50810.8161384 Total splits: 314 Good splits: 304 Marginal splits: 1
Reward: 53232.1028501 Total splits: 316 Good splits: 311 Marginal splits: 2
Reward: 52745.2506917 Total splits: 307 Good splits: 301 Marginal splits: 5
Reward: 50624.3458021 Total splits: 310 Good splits: 300 Marginal splits: 1
Reward: 54244.5995847 Total splits: 318 Good splits: 308 Marginal splits: 0
Reward: 50391.8977823 Total splits: 316 Good splits: 306 Marginal splits: 3
Reward: 51508.8562259 Total splits: 315 Good splits: 303 Marginal splits: 1
Reward: 52192.8979104 Total splits: 315 Good splits: 302 Marginal splits: 5
Reward: 53811.9338045 Total splits: 312 Good splits: 305 Marginal splits: 3
Reward: 47942.4708318 Total splits: 295 Good splits: 281 Marginal splits: 2
Reward: 55947.0616118 Total splits: 329 Good splits: 314 Marginal splits: 3
Reward: 50768.5650114 Total splits: 303 Good splits: 290 Marginal splits: 2
Reward: 55624.0638156 Total splits: 306 Good splits: 302 Marginal splits: 1
Reward: 49328.9284531 Total splits: 305 Good splits: 297 Marginal splits: 3
Reward: 55387.2499573 Total splits: 320 Good splits: 308 Marginal splits: 3
Reward: 48683.0947195 Total splits: 317 Good splits: 300 Marginal splits: 1
Reward: 57053.6473727 Total splits: 317 Good splits: 304 Marginal splits: 3
Reward: 49203.3571905 Total splits: 331 Good splits: 320 Marginal splits: 2
Reward: 53504.5267391 Total splits: 327 Good splits: 314 Marginal splits: 3
Reward: 47783.2188387 Total splits: 304 Good splits: 295 Marginal splits: 2
Reward: 56854.2970547 Total splits: 308 Good splits: 296 Marginal splits: 1
Reward: 51576.0003217 Total splits: 309 Good splits: 294 Marginal splits: 0
Reward: 55094.0849759 Total splits: 302 Good splits: 290 Marginal splits: 4
Reward: 52913.6985397 Total splits: 299 Good splits: 292 Marginal splits: 1
Reward: 53396.26182 Total splits: 304 Good splits: 299 Marginal splits: 5
Reward: 49537.1394879 Total splits: 310 Good splits: 303 Marginal splits: 2
Reward: 55051.2645126 Total splits: 312 Good splits: 303 Marginal splits: 0
Reward: 49768.9087564 Total splits: 321 Good splits: 314 Marginal splits: 4
Reward: 54630.9916484 Total splits: 298 Good splits: 289 Marginal splits: 4
Reward: 48403.822929 Total splits: 309 Good splits: 299 Marginal splits: 2
Reward: 54078.4001859 Total splits: 317 Good splits: 303 Marginal splits: 2
Reward: 51709.2435751 Total splits: 295 Good splits: 290 Marginal splits: 0
Reward: 54186.5212982 Total splits: 320 Good splits: 308 Marginal splits: 4
Reward: 54394.3554472 Total splits: 312 Good splits: 304 Marginal splits: 3
Reward: 52708.727257 Total splits: 321 Good splits: 312 Marginal splits: 1
Reward: 53133.823052 Total splits: 313 Good splits: 307 Marginal splits: 3
Reward: 49951.5069573 Total splits: 303 Good splits: 295 Marginal splits: 0
Reward: 52668.7073739 Total splits: 328 Good splits: 315 Marginal splits: 2
Reward: 51935.4053525 Total splits: 325 Good splits: 310 Marginal splits: 4
Reward: 54251.7856916 Total splits: 302 Good splits: 291 Marginal splits: 1
Reward: 52144.5483844 Total splits: 300 Good splits: 288 Marginal splits: 1
Reward: 52813.2756379 Total splits: 292 Good splits: 280 Marginal splits: 3
Reward: 51160.495073 Total splits: 316 Good splits: 307 Marginal splits: 2
Reward: 50486.8044528 Total splits: 334 Good splits: 326 Marginal splits: 2
Reward: 48929.4736878 Total splits: 303 Good splits: 290 Marginal splits: 5
Reward: 54823.8377109 Total splits: 320 Good splits: 307 Marginal splits: 4
Reward: 49574.6629456 Total splits: 326 Good splits: 316 Marginal splits: 3
Reward: 56565.2502311 Total splits: 322 Good splits: 305 Marginal splits: 5
Reward: 50923.6829814 Total splits: 322 Good splits: 315 Marginal splits: 5
Reward: 52759.2056681 Total splits: 304 Good splits: 294 Marginal splits: 0
Reward: 50367.3096355 Total splits: 310 Good splits: 295 Marginal splits: 0
Reward: 55568.494769 Total splits: 314 Good splits: 305 Marginal splits: 5
Reward: 51831.8323287 Total splits: 312 Good splits: 300 Marginal splits: 2
Reward: 56530.5786276 Total splits: 319 Good splits: 304 Marginal splits: 2
Reward: 48500.7088775 Total splits: 321 Good splits: 312 Marginal splits: 2
Reward: 55296.0697797 Total splits: 291 Good splits: 284 Marginal splits: 4
Reward: 50645.6524725 Total splits: 323 Good splits: 311 Marginal splits: 3
Reward: 56343.5574872 Total splits: 321 Good splits: 310 Marginal splits: 3
Reward: 48853.1300872 Total splits: 327 Good splits: 317 Marginal splits: 3
Reward: 55492.3075004 Total splits: 319 Good splits: 307 Marginal splits: 1
Reward: 50781.893129 Total splits: 320 Good splits: 313 Marginal splits: 2
Reward: 56303.1359257 Total splits: 326 Good splits: 316 Marginal splits: 5
Reward: 52571.1210017 Total splits: 299 Good splits: 287 Marginal splits: 1
Reward: 54165.2147816 Total splits: 306 Good splits: 301 Marginal splits: 3
Reward: 49964.1160611 Total splits: 318 Good splits: 308 Marginal splits: 0
Reward: 53830.3048243 Total splits: 299 Good splits: 286 Marginal splits: 2
Reward: 50475.5466969 Total splits: 310 Good splits: 301 Marginal splits: 1
Reward: 52079.8010876 Total splits: 322 Good splits: 312 Marginal splits: 2
Reward: 52583.3107865 Total splits: 323 Good splits: 307 Marginal splits: 4
Reward: 52354.8663418 Total splits: 301 Good splits: 289 Marginal splits: 2
Reward: 51298.3191965 Total splits: 308 Good splits: 296 Marginal splits: 2
Reward: 54105.3339477 Total splits: 316 Good splits: 310 Marginal splits: 3
Reward: 50602.562944 Total splits: 318 Good splits: 301 Marginal splits: 2
Reward: 49162.8251209 Total splits: 328 Good splits: 313 Marginal splits: 1
Reward: 53866.8222878 Total splits: 313 Good splits: 305 Marginal splits: 5
Reward: 51419.3212788 Total splits: 303 Good splits: 293 Marginal splits: 2
Reward: 52756.3332044 Total splits: 320 Good splits: 312 Marginal splits: 0
Reward: 50151.4103163 Total splits: 317 Good splits: 301 Marginal splits: 2
Reward: 50687.5410342 Total splits: 324 Good splits: 314 Marginal splits: 2
Reward: 52143.1409157 Total splits: 310 Good splits: 299 Marginal splits: 2
Reward: 57434.9284408 Total splits: 312 Good splits: 304 Marginal splits: 2
Reward: 50983.0827467 Total splits: 310 Good splits: 299 Marginal splits: 2
Reward: 56587.4660739 Total splits: 310 Good splits: 305 Marginal splits: 5
Reward: 49766.4238073 Total splits: 312 Good splits: 304 Marginal splits: 6
Reward: 57448.6139927 Total splits: 322 Good splits: 308 Marginal splits: 6
Reward: 50398.5139508 Total splits: 303 Good splits: 298 Marginal splits: 4
Reward: 56037.5007087 Total splits: 303 Good splits: 288 Marginal splits: 3
Reward: 48249.8915091 Total splits: 309 Good splits: 303 Marginal splits: 3
Reward: 55630.9614784 Total splits: 330 Good splits: 319 Marginal splits: 2
Reward: 49672.0464085 Total splits: 308 Good splits: 301 Marginal splits: 3
Reward: 56816.79864 Total splits: 315 Good splits: 304 Marginal splits: 2
Reward: 51357.1930174 Total splits: 295 Good splits: 289 Marginal splits: 1
Reward: 57295.1462034 Total splits: 327 Good splits: 316 Marginal splits: 1
Reward: 48972.2155038 Total splits: 326 Good splits: 310 Marginal splits: 4
Reward: 56104.4772376 Total splits: 300 Good splits: 292 Marginal splits: 2
Reward: 51375.9512241 Total splits: 334 Good splits: 320 Marginal splits: 3
Reward: 54777.4903933 Total splits: 319 Good splits: 303 Marginal splits: 3
Reward: 49962.2292572 Total splits: 311 Good splits: 302 Marginal splits: 3
Reward: 54689.9841205 Total splits: 306 Good splits: 299 Marginal splits: 5
Reward: 51590.6805351 Total splits: 300 Good splits: 292 Marginal splits: 3
Reward: 52106.3134424 Total splits: 304 Good splits: 296 Marginal splits: 5
Reward: 53245.7302506 Total splits: 316 Good splits: 311 Marginal splits: 3
Reward: 52783.8134495 Total splits: 314 Good splits: 302 Marginal splits: 2
Reward: 51144.9613965 Total splits: 312 Good splits: 293 Marginal splits: 5
Reward: 54310.5309455 Total splits: 325 Good splits: 312 Marginal splits: 2
Reward: 52448.6179785 Total splits: 311 Good splits: 294 Marginal splits: 1
Reward: 51737.2996662 Total splits: 320 Good splits: 310 Marginal splits: 2
Reward: 54257.8976175 Total splits: 311 Good splits: 305 Marginal splits: 2
Reward: 51844.1923679 Total splits: 322 Good splits: 311 Marginal splits: 3
Reward: 54090.0300167 Total splits: 325 Good splits: 317 Marginal splits: 2
Reward: 51893.1859273 Total splits: 329 Good splits: 320 Marginal splits: 2
Reward: 54497.8082853 Total splits: 304 Good splits: 295 Marginal splits: 1
Reward: 50676.5212804 Total splits: 317 Good splits: 306 Marginal splits: 2
Reward: 54025.8880064 Total splits: 306 Good splits: 300 Marginal splits: 6
Reward: 49741.8950677 Total splits: 319 Good splits: 309 Marginal splits: 3
Reward: 54937.3398576 Total splits: 306 Good splits: 295 Marginal splits: 2
Reward: 49306.4846631 Total splits: 309 Good splits: 299 Marginal splits: 1
Reward: 55384.0722778 Total splits: 319 Good splits: 306 Marginal splits: 2
Reward: 50899.5151646 Total splits: 302 Good splits: 291 Marginal splits: 5
Reward: 57158.1850311 Total splits: 309 Good splits: 304 Marginal splits: 2
Reward: 49607.6271252 Total splits: 314 Good splits: 304 Marginal splits: 0
Reward: 53766.0675969 Total splits: 307 Good splits: 291 Marginal splits: 4
Reward: 48526.5754364 Total splits: 315 Good splits: 306 Marginal splits: 1
Reward: 57400.6450272 Total splits: 322 Good splits: 313 Marginal splits: 3
Reward: 49873.6770952 Total splits: 302 Good splits: 292 Marginal splits: 4
Reward: 51224.515015 Total splits: 323 Good splits: 314 Marginal splits: 6
Reward: 49154.181189 Total splits: 305 Good splits: 295 Marginal splits: 1
Reward: 56547.6847967 Total splits: 316 Good splits: 305 Marginal splits: 3
Reward: 47814.5207987 Total splits: 313 Good splits: 303 Marginal splits: 0
Reward: 56018.1200501 Total splits: 330 Good splits: 319 Marginal splits: 1
Reward: 52635.2374752 Total splits: 311 Good splits: 296 Marginal splits: 2
Reward: 52721.7927909 Total splits: 323 Good splits: 314 Marginal splits: 2
Reward: 45644.4264576 Total splits: 320 Good splits: 308 Marginal splits: 0
Reward: 54784.4438964 Total splits: 334 Good splits: 322 Marginal splits: 4
Reward: 49875.9290256 Total splits: 302 Good splits: 295 Marginal splits: 1
Reward: 53410.4101853 Total splits: 321 Good splits: 317 Marginal splits: 2
Reward: 50941.8527629 Total splits: 304 Good splits: 293 Marginal splits: 2
Reward: 54537.6082562 Total splits: 298 Good splits: 285 Marginal splits: 2
Reward: 51760.8467414 Total splits: 310 Good splits: 301 Marginal splits: 4
Reward: 53342.5217916 Total splits: 300 Good splits: 296 Marginal splits: 1
Reward: 53236.5821473 Total splits: 309 Good splits: 298 Marginal splits: 2
Reward: 52519.4594182 Total splits: 304 Good splits: 295 Marginal splits: 2
Reward: 54785.8451182 Total splits: 304 Good splits: 291 Marginal splits: 1
Reward: 51283.4124349 Total splits: 303 Good splits: 293 Marginal splits: 2
Reward: 52637.3692451 Total splits: 322 Good splits: 306 Marginal splits: 2
Reward: 48873.646994 Total splits: 296 Good splits: 286 Marginal splits: 3
Reward: 52794.7770807 Total splits: 307 Good splits: 299 Marginal splits: 5
Reward: 51040.1043982 Total splits: 314 Good splits: 304 Marginal splits: 2
Reward: 54543.0255516 Total splits: 295 Good splits: 286 Marginal splits: 4
Reward: 51282.461419 Total splits: 296 Good splits: 285 Marginal splits: 2
Reward: 55000.2309538 Total splits: 296 Good splits: 289 Marginal splits: 2
Reward: 50958.4814036 Total splits: 323 Good splits: 318 Marginal splits: 3
Reward: 56530.6749562 Total splits: 324 Good splits: 310 Marginal splits: 0
Reward: 49004.4245904 Total splits: 314 Good splits: 303 Marginal splits: 2
Reward: 56400.1983909 Total splits: 321 Good splits: 310 Marginal splits: 2
Reward: 49326.6596115 Total splits: 304 Good splits: 294 Marginal splits: 1
Reward: 56065.75164 Total splits: 314 Good splits: 306 Marginal splits: 3
Reward: 51158.9998844 Total splits: 333 Good splits: 318 Marginal splits: 5
Reward: 56675.5536779 Total splits: 294 Good splits: 285 Marginal splits: 2
Reward: 51978.3424154 Total splits: 308 Good splits: 299 Marginal splits: 2
Reward: 56558.0104375 Total splits: 308 Good splits: 294 Marginal splits: 5
Reward: 49152.6793283 Total splits: 324 Good splits: 312 Marginal splits: 2
Reward: 53582.6205956 Total splits: 317 Good splits: 302 Marginal splits: 2
Reward: 51068.2202367 Total splits: 311 Good splits: 300 Marginal splits: 2
Reward: 53908.514913 Total splits: 311 Good splits: 298 Marginal splits: 1
Reward: 49646.6512123 Total splits: 314 Good splits: 300 Marginal splits: 1
Reward: 53596.9961555 Total splits: 332 Good splits: 321 Marginal splits: 5
Reward: 51175.431395 Total splits: 316 Good splits: 306 Marginal splits: 3
Reward: 54196.0220756 Total splits: 328 Good splits: 316 Marginal splits: 4
Reward: 53528.4768211 Total splits: 311 Good splits: 298 Marginal splits: 3
Reward: 54603.9143566 Total splits: 328 Good splits: 311 Marginal splits: 2
Reward: 49926.1004477 Total splits: 328 Good splits: 320 Marginal splits: 5
Reward: 53764.2942929 Total splits: 306 Good splits: 287 Marginal splits: 1
Reward: 50465.2353123 Total splits: 314 Good splits: 290 Marginal splits: 4
Reward: 51441.2366562 Total splits: 302 Good splits: 295 Marginal splits: 5

Total results after running 200 tests
Average total rewards : 52532.2616695
Average total splits  : 313.045
Average good splits   : 302.41
Average good splits % : 96.6027248479

Reward: 50546.5036855 Total splits: 309 Good splits: 297 Marginal splits: 2
Reward: 49657.6961075 Total splits: 306 Good splits: 298 Marginal splits: 4
Reward: 57379.3865992 Total splits: 312 Good splits: 298 Marginal splits: 3
Reward: 50203.8048526 Total splits: 307 Good splits: 296 Marginal splits: 4
Reward: 52216.6529685 Total splits: 318 Good splits: 306 Marginal splits: 2
Reward: 49260.7800259 Total splits: 308 Good splits: 299 Marginal splits: 3
Reward: 54703.0611175 Total splits: 327 Good splits: 314 Marginal splits: 1
Reward: 51119.6757593 Total splits: 307 Good splits: 298 Marginal splits: 1
Reward: 57324.2720004 Total splits: 320 Good splits: 305 Marginal splits: 6
Reward: 50704.6120686 Total splits: 306 Good splits: 292 Marginal splits: 1
Reward: 56138.6045353 Total splits: 307 Good splits: 295 Marginal splits: 3
Reward: 50314.7257795 Total splits: 318 Good splits: 302 Marginal splits: 2
Reward: 57065.9015777 Total splits: 313 Good splits: 297 Marginal splits: 2
Reward: 51293.104086 Total splits: 308 Good splits: 296 Marginal splits: 0
Reward: 55935.6700046 Total splits: 331 Good splits: 324 Marginal splits: 4
Reward: 48465.4676492 Total splits: 318 Good splits: 304 Marginal splits: 0
Reward: 55047.7336435 Total splits: 302 Good splits: 294 Marginal splits: 1
Reward: 49356.9119548 Total splits: 329 Good splits: 316 Marginal splits: 2
Reward: 50665.5180673 Total splits: 323 Good splits: 313 Marginal splits: 1
Reward: 48832.0837448 Total splits: 309 Good splits: 295 Marginal splits: 1
Reward: 54554.783485 Total splits: 325 Good splits: 314 Marginal splits: 1
Reward: 51296.9872571 Total splits: 318 Good splits: 310 Marginal splits: 3
Reward: 54353.2665646 Total splits: 312 Good splits: 302 Marginal splits: 5
Reward: 53365.1749659 Total splits: 311 Good splits: 303 Marginal splits: 3
Reward: 53237.4806747 Total splits: 328 Good splits: 315 Marginal splits: 1
Reward: 51301.7099165 Total splits: 305 Good splits: 299 Marginal splits: 4
Reward: 54256.799188 Total splits: 320 Good splits: 309 Marginal splits: 0
Reward: 52390.512196 Total splits: 331 Good splits: 321 Marginal splits: 2
Reward: 49684.1132334 Total splits: 320 Good splits: 313 Marginal splits: 1
Reward: 54351.4140384 Total splits: 314 Good splits: 302 Marginal splits: 2
Reward: 50049.6498041 Total splits: 308 Good splits: 294 Marginal splits: 4
Reward: 52881.6662357 Total splits: 303 Good splits: 291 Marginal splits: 3
Reward: 52688.8648846 Total splits: 299 Good splits: 287 Marginal splits: 0
Reward: 54066.1938831 Total splits: 312 Good splits: 301 Marginal splits: 1
Reward: 49586.7039026 Total splits: 316 Good splits: 308 Marginal splits: 1
Reward: 55283.2263838 Total splits: 322 Good splits: 313 Marginal splits: 5
Reward: 52442.0453602 Total splits: 300 Good splits: 290 Marginal splits: 0
Reward: 56419.088438 Total splits: 308 Good splits: 293 Marginal splits: 1
Reward: 52250.080089 Total splits: 312 Good splits: 300 Marginal splits: 2
Reward: 53475.2914305 Total splits: 290 Good splits: 277 Marginal splits: 2
Reward: 49269.7785532 Total splits: 310 Good splits: 297 Marginal splits: 6
Reward: 54912.6266713 Total splits: 308 Good splits: 298 Marginal splits: 2
Reward: 49434.8055066 Total splits: 311 Good splits: 306 Marginal splits: 3
Reward: 55287.1422319 Total splits: 314 Good splits: 294 Marginal splits: 3
Reward: 48338.4322544 Total splits: 293 Good splits: 281 Marginal splits: 1
Reward: 56463.1753621 Total splits: 316 Good splits: 307 Marginal splits: 5
Reward: 47822.0957937 Total splits: 321 Good splits: 314 Marginal splits: 4
Reward: 52393.3358209 Total splits: 321 Good splits: 311 Marginal splits: 1
Reward: 52057.385962 Total splits: 307 Good splits: 302 Marginal splits: 2
Reward: 55570.9546574 Total splits: 316 Good splits: 301 Marginal splits: 1
Reward: 48040.0361261 Total splits: 303 Good splits: 292 Marginal splits: 2
Reward: 53414.9074463 Total splits: 315 Good splits: 308 Marginal splits: 5
Reward: 49997.6459688 Total splits: 326 Good splits: 314 Marginal splits: 4
Reward: 54700.6912877 Total splits: 321 Good splits: 310 Marginal splits: 6
Reward: 49603.3239749 Total splits: 312 Good splits: 301 Marginal splits: 0
Reward: 54345.9909508 Total splits: 317 Good splits: 306 Marginal splits: 7
Reward: 49175.1271182 Total splits: 308 Good splits: 303 Marginal splits: 3
Reward: 53684.2237797 Total splits: 301 Good splits: 291 Marginal splits: 4
Reward: 52716.2696083 Total splits: 322 Good splits: 317 Marginal splits: 4
Reward: 52131.163135 Total splits: 319 Good splits: 311 Marginal splits: 2
Reward: 52744.3072924 Total splits: 308 Good splits: 302 Marginal splits: 4
Reward: 52233.612859 Total splits: 330 Good splits: 318 Marginal splits: 1
Reward: 52851.5528194 Total splits: 310 Good splits: 295 Marginal splits: 3
Reward: 51978.2835987 Total splits: 312 Good splits: 302 Marginal splits: 1
Reward: 53046.935854 Total splits: 321 Good splits: 313 Marginal splits: 5
Reward: 52113.8987089 Total splits: 308 Good splits: 291 Marginal splits: 3
Reward: 54622.019653 Total splits: 313 Good splits: 298 Marginal splits: 5
Reward: 52186.306591 Total splits: 333 Good splits: 324 Marginal splits: 1
Reward: 48020.521413 Total splits: 313 Good splits: 306 Marginal splits: 4
Reward: 49930.89278 Total splits: 298 Good splits: 286 Marginal splits: 2
Reward: 55257.6756303 Total splits: 292 Good splits: 285 Marginal splits: 3
Reward: 51509.8932465 Total splits: 313 Good splits: 299 Marginal splits: 3
Reward: 54686.3638845 Total splits: 311 Good splits: 303 Marginal splits: 1
Reward: 49697.1674673 Total splits: 302 Good splits: 294 Marginal splits: 2
Reward: 51333.2335884 Total splits: 317 Good splits: 311 Marginal splits: 7
Reward: 51505.4821463 Total splits: 310 Good splits: 297 Marginal splits: 2
Reward: 57537.7317239 Total splits: 306 Good splits: 301 Marginal splits: 2
Reward: 51429.7968734 Total splits: 322 Good splits: 308 Marginal splits: 2
Reward: 55728.0807673 Total splits: 299 Good splits: 292 Marginal splits: 1
Reward: 46743.3413157 Total splits: 311 Good splits: 291 Marginal splits: 2
Reward: 54320.7410283 Total splits: 293 Good splits: 283 Marginal splits: 2
Reward: 48656.0774821 Total splits: 302 Good splits: 297 Marginal splits: 4
Reward: 55171.6320013 Total splits: 295 Good splits: 285 Marginal splits: 3
Reward: 47985.7977748 Total splits: 304 Good splits: 296 Marginal splits: 4
Reward: 53924.8162888 Total splits: 320 Good splits: 307 Marginal splits: 4
Reward: 51477.044228 Total splits: 300 Good splits: 286 Marginal splits: 3
Reward: 56100.8939114 Total splits: 329 Good splits: 316 Marginal splits: 1
Reward: 52137.379501 Total splits: 311 Good splits: 298 Marginal splits: 1
Reward: 53375.8940022 Total splits: 324 Good splits: 313 Marginal splits: 1
Reward: 51572.0088667 Total splits: 316 Good splits: 308 Marginal splits: 1
Reward: 52295.6964038 Total splits: 309 Good splits: 303 Marginal splits: 1
Reward: 49865.7952945 Total splits: 305 Good splits: 293 Marginal splits: 1
Reward: 51020.0093031 Total splits: 323 Good splits: 308 Marginal splits: 6
Reward: 52036.7769859 Total splits: 316 Good splits: 304 Marginal splits: 0
Reward: 53231.1155378 Total splits: 304 Good splits: 298 Marginal splits: 3
Reward: 52569.8247495 Total splits: 312 Good splits: 302 Marginal splits: 3
Reward: 51664.1910183 Total splits: 321 Good splits: 313 Marginal splits: 2
Reward: 52235.1044528 Total splits: 329 Good splits: 318 Marginal splits: 2
Reward: 51591.168782 Total splits: 304 Good splits: 296 Marginal splits: 1
Reward: 53811.953888 Total splits: 318 Good splits: 308 Marginal splits: 3
Reward: 50878.1805622 Total splits: 308 Good splits: 297 Marginal splits: 1
Reward: 51182.8048524 Total splits: 316 Good splits: 303 Marginal splits: 1
Reward: 48646.9472181 Total splits: 320 Good splits: 308 Marginal splits: 3
Reward: 52669.7243154 Total splits: 310 Good splits: 297 Marginal splits: 1
Reward: 51870.9880043 Total splits: 306 Good splits: 298 Marginal splits: 2
Reward: 55015.7255918 Total splits: 300 Good splits: 288 Marginal splits: 3
Reward: 51103.5419023 Total splits: 311 Good splits: 298 Marginal splits: 1
Reward: 54674.5973126 Total splits: 308 Good splits: 302 Marginal splits: 2
Reward: 49365.5597891 Total splits: 312 Good splits: 299 Marginal splits: 4
Reward: 57543.626853 Total splits: 303 Good splits: 294 Marginal splits: 2
Reward: 49903.8929881 Total splits: 310 Good splits: 298 Marginal splits: 3
Reward: 58114.7838178 Total splits: 333 Good splits: 316 Marginal splits: 3
Reward: 47161.1083903 Total splits: 310 Good splits: 299 Marginal splits: 4
Reward: 55631.6711965 Total splits: 321 Good splits: 314 Marginal splits: 1
Reward: 50521.0066756 Total splits: 311 Good splits: 301 Marginal splits: 1
Reward: 55016.3588596 Total splits: 301 Good splits: 293 Marginal splits: 2
Reward: 51443.6090656 Total splits: 301 Good splits: 292 Marginal splits: 2
Reward: 55120.5241671 Total splits: 330 Good splits: 318 Marginal splits: 3
Reward: 49260.7056728 Total splits: 299 Good splits: 290 Marginal splits: 3
Reward: 57181.7623239 Total splits: 328 Good splits: 320 Marginal splits: 1
Reward: 50691.9634976 Total splits: 324 Good splits: 313 Marginal splits: 3
Reward: 54416.1979132 Total splits: 316 Good splits: 304 Marginal splits: 2
Reward: 45801.3435475 Total splits: 319 Good splits: 309 Marginal splits: 0
Reward: 50982.7422532 Total splits: 337 Good splits: 324 Marginal splits: 1
Reward: 50495.4118738 Total splits: 306 Good splits: 304 Marginal splits: 2
Reward: 53614.9320485 Total splits: 320 Good splits: 307 Marginal splits: 6
Reward: 52640.9812473 Total splits: 322 Good splits: 305 Marginal splits: 2
Reward: 52380.0176248 Total splits: 319 Good splits: 308 Marginal splits: 2
Reward: 51758.6638118 Total splits: 316 Good splits: 301 Marginal splits: 2
Reward: 52635.8007235 Total splits: 306 Good splits: 299 Marginal splits: 3
Reward: 51960.2914323 Total splits: 323 Good splits: 313 Marginal splits: 1
Reward: 51107.9121981 Total splits: 317 Good splits: 308 Marginal splits: 3
Reward: 53973.7830473 Total splits: 313 Good splits: 304 Marginal splits: 2
Reward: 52285.9104934 Total splits: 332 Good splits: 317 Marginal splits: 1
Reward: 54056.1454878 Total splits: 301 Good splits: 288 Marginal splits: 2
Reward: 51829.5951354 Total splits: 320 Good splits: 304 Marginal splits: 1
Reward: 54637.7512149 Total splits: 315 Good splits: 301 Marginal splits: 2
Reward: 49274.4124961 Total splits: 312 Good splits: 301 Marginal splits: 3
Reward: 55476.289623 Total splits: 313 Good splits: 298 Marginal splits: 5
Reward: 49914.4605846 Total splits: 309 Good splits: 299 Marginal splits: 3
Reward: 54427.5224187 Total splits: 303 Good splits: 296 Marginal splits: 4
Reward: 49705.0621696 Total splits: 293 Good splits: 285 Marginal splits: 1
Reward: 54807.0739568 Total splits: 311 Good splits: 305 Marginal splits: 2
Reward: 50465.7971122 Total splits: 311 Good splits: 300 Marginal splits: 3
Reward: 54972.6077725 Total splits: 326 Good splits: 320 Marginal splits: 1
Reward: 52438.7038564 Total splits: 310 Good splits: 304 Marginal splits: 0
Reward: 54165.4314055 Total splits: 326 Good splits: 316 Marginal splits: 2
Reward: 48624.4680864 Total splits: 319 Good splits: 308 Marginal splits: 1
Reward: 52934.7130221 Total splits: 311 Good splits: 305 Marginal splits: 4
Reward: 48571.9942648 Total splits: 317 Good splits: 306 Marginal splits: 2
Reward: 54386.5199101 Total splits: 314 Good splits: 308 Marginal splits: 2
Reward: 46647.3077601 Total splits: 309 Good splits: 302 Marginal splits: 2
Reward: 55373.2398776 Total splits: 333 Good splits: 316 Marginal splits: 3
Reward: 51518.51431 Total splits: 310 Good splits: 300 Marginal splits: 1
Reward: 55433.0995379 Total splits: 310 Good splits: 297 Marginal splits: 4
Reward: 52728.8815754 Total splits: 320 Good splits: 314 Marginal splits: 3
Reward: 51527.4133407 Total splits: 312 Good splits: 298 Marginal splits: 4
Reward: 50809.2031818 Total splits: 317 Good splits: 310 Marginal splits: 6
Reward: 54945.4189996 Total splits: 306 Good splits: 294 Marginal splits: 3
Reward: 50026.5445426 Total splits: 299 Good splits: 289 Marginal splits: 3
Reward: 53780.680955 Total splits: 311 Good splits: 303 Marginal splits: 1
Reward: 49932.2585806 Total splits: 309 Good splits: 303 Marginal splits: 4
Reward: 52071.4120772 Total splits: 316 Good splits: 307 Marginal splits: 5
Reward: 51715.4587778 Total splits: 312 Good splits: 307 Marginal splits: 4
Reward: 53830.2266467 Total splits: 318 Good splits: 306 Marginal splits: 3
Reward: 53139.9405261 Total splits: 314 Good splits: 303 Marginal splits: 1
Reward: 51134.9904449 Total splits: 307 Good splits: 296 Marginal splits: 2
Reward: 55320.6722552 Total splits: 320 Good splits: 311 Marginal splits: 1
Reward: 49964.4983135 Total splits: 303 Good splits: 293 Marginal splits: 2
Reward: 52760.4237843 Total splits: 317 Good splits: 307 Marginal splits: 3
Reward: 52510.2859877 Total splits: 317 Good splits: 305 Marginal splits: 1
Reward: 53627.0766834 Total splits: 309 Good splits: 300 Marginal splits: 1
Reward: 51490.3079745 Total splits: 304 Good splits: 295 Marginal splits: 1
Reward: 53626.3147607 Total splits: 301 Good splits: 291 Marginal splits: 0
Reward: 50925.0976981 Total splits: 319 Good splits: 306 Marginal splits: 0
Reward: 56257.0330886 Total splits: 321 Good splits: 302 Marginal splits: 0
Reward: 50736.4598778 Total splits: 313 Good splits: 308 Marginal splits: 3
Reward: 57453.9213845 Total splits: 298 Good splits: 289 Marginal splits: 3
Reward: 51403.3042712 Total splits: 314 Good splits: 304 Marginal splits: 4
Reward: 56184.5532571 Total splits: 307 Good splits: 292 Marginal splits: 2
Reward: 48081.1762744 Total splits: 320 Good splits: 311 Marginal splits: 0
Reward: 55471.8426797 Total splits: 310 Good splits: 301 Marginal splits: 1
Reward: 49945.8260542 Total splits: 312 Good splits: 303 Marginal splits: 3
Reward: 56061.616863 Total splits: 315 Good splits: 308 Marginal splits: 1
Reward: 50414.632216 Total splits: 315 Good splits: 308 Marginal splits: 2
Reward: 55887.4876212 Total splits: 323 Good splits: 311 Marginal splits: 0
Reward: 49865.1835524 Total splits: 309 Good splits: 302 Marginal splits: 7
Reward: 55230.8737849 Total splits: 310 Good splits: 301 Marginal splits: 3
Reward: 48439.8065085 Total splits: 306 Good splits: 297 Marginal splits: 1
Reward: 55259.2486306 Total splits: 319 Good splits: 309 Marginal splits: 2
Reward: 49937.3869664 Total splits: 317 Good splits: 301 Marginal splits: 1
Reward: 57265.808927 Total splits: 311 Good splits: 301 Marginal splits: 2
Reward: 52023.5433691 Total splits: 312 Good splits: 294 Marginal splits: 1
Reward: 55037.4263356 Total splits: 313 Good splits: 299 Marginal splits: 2
Reward: 52288.3362821 Total splits: 303 Good splits: 291 Marginal splits: 1
Reward: 53349.7642839 Total splits: 331 Good splits: 325 Marginal splits: 2
Reward: 50670.1983226 Total splits: 310 Good splits: 294 Marginal splits: 5
Reward: 51898.096339 Total splits: 314 Good splits: 303 Marginal splits: 4
Reward: 51992.5494467 Total splits: 314 Good splits: 308 Marginal splits: 3
Reward: 51909.736948 Total splits: 311 Good splits: 298 Marginal splits: 3

Total results after running 200 tests
Average total rewards : 52396.8702587
Average total splits  : 312.985
Average good splits   : 302.455
Average good splits % : 96.6356215154

Reward: 49054.6153827 Total splits: 326 Good splits: 321 Marginal splits: 3
Reward: 49836.0395554 Total splits: 308 Good splits: 298 Marginal splits: 1
Reward: 55920.2670553 Total splits: 328 Good splits: 319 Marginal splits: 1
Reward: 50388.379075 Total splits: 314 Good splits: 304 Marginal splits: 2
Reward: 56384.879539 Total splits: 318 Good splits: 313 Marginal splits: 2
Reward: 47194.7470923 Total splits: 307 Good splits: 299 Marginal splits: 3
Reward: 55352.3659874 Total splits: 322 Good splits: 310 Marginal splits: 0
Reward: 50744.5324988 Total splits: 321 Good splits: 314 Marginal splits: 4
Reward: 54068.8052628 Total splits: 331 Good splits: 320 Marginal splits: 2
Reward: 52409.8794243 Total splits: 327 Good splits: 311 Marginal splits: 2
Reward: 56086.2791574 Total splits: 312 Good splits: 306 Marginal splits: 4
Reward: 49057.5797511 Total splits: 294 Good splits: 281 Marginal splits: 3
Reward: 56983.831074 Total splits: 318 Good splits: 308 Marginal splits: 4
Reward: 51070.2634072 Total splits: 334 Good splits: 330 Marginal splits: 3
Reward: 56240.6765728 Total splits: 326 Good splits: 313 Marginal splits: 5
Reward: 50682.483037 Total splits: 317 Good splits: 304 Marginal splits: 7
Reward: 56548.0469921 Total splits: 313 Good splits: 304 Marginal splits: 2
Reward: 52315.8602605 Total splits: 283 Good splits: 278 Marginal splits: 4
Reward: 55432.6015794 Total splits: 324 Good splits: 311 Marginal splits: 1
Reward: 51992.3717617 Total splits: 300 Good splits: 289 Marginal splits: 0
Reward: 53902.5007258 Total splits: 326 Good splits: 321 Marginal splits: 3
Reward: 51274.9554605 Total splits: 323 Good splits: 314 Marginal splits: 1
Reward: 52871.3827316 Total splits: 311 Good splits: 302 Marginal splits: 4
Reward: 50935.098606 Total splits: 317 Good splits: 304 Marginal splits: 5
Reward: 50339.1774304 Total splits: 313 Good splits: 305 Marginal splits: 1
Reward: 51148.047382 Total splits: 317 Good splits: 309 Marginal splits: 4
Reward: 53199.480348 Total splits: 310 Good splits: 298 Marginal splits: 2
Reward: 54368.4458244 Total splits: 302 Good splits: 293 Marginal splits: 2
Reward: 51332.2931979 Total splits: 313 Good splits: 306 Marginal splits: 1
Reward: 52837.5102108 Total splits: 301 Good splits: 294 Marginal splits: 2
Reward: 50738.6297121 Total splits: 300 Good splits: 295 Marginal splits: 4
Reward: 52562.0864737 Total splits: 301 Good splits: 290 Marginal splits: 2
Reward: 51559.4447462 Total splits: 323 Good splits: 314 Marginal splits: 2
Reward: 54785.2153334 Total splits: 308 Good splits: 293 Marginal splits: 2
Reward: 48775.2986983 Total splits: 309 Good splits: 300 Marginal splits: 6
Reward: 54890.3996864 Total splits: 320 Good splits: 308 Marginal splits: 3
Reward: 51077.8656166 Total splits: 316 Good splits: 305 Marginal splits: 2
Reward: 55262.3558657 Total splits: 318 Good splits: 306 Marginal splits: 1
Reward: 52008.6928404 Total splits: 310 Good splits: 304 Marginal splits: 5
Reward: 54148.3656285 Total splits: 307 Good splits: 298 Marginal splits: 1
Reward: 48863.3348502 Total splits: 312 Good splits: 305 Marginal splits: 4
Reward: 56461.3325004 Total splits: 320 Good splits: 312 Marginal splits: 5
Reward: 50266.3684131 Total splits: 312 Good splits: 301 Marginal splits: 1
Reward: 56985.8716028 Total splits: 314 Good splits: 304 Marginal splits: 3
Reward: 47584.6981229 Total splits: 317 Good splits: 308 Marginal splits: 2
Reward: 55119.1674759 Total splits: 306 Good splits: 294 Marginal splits: 2
Reward: 51496.0465684 Total splits: 314 Good splits: 302 Marginal splits: 3
Reward: 55383.7921541 Total splits: 319 Good splits: 309 Marginal splits: 1
Reward: 52819.8476934 Total splits: 292 Good splits: 279 Marginal splits: 3
Reward: 56042.1844345 Total splits: 303 Good splits: 297 Marginal splits: 3
Reward: 50114.2061947 Total splits: 305 Good splits: 293 Marginal splits: 3
Reward: 53831.116553 Total splits: 305 Good splits: 296 Marginal splits: 5
Reward: 52457.4285378 Total splits: 302 Good splits: 296 Marginal splits: 1
Reward: 53300.4996023 Total splits: 308 Good splits: 296 Marginal splits: 1
Reward: 50992.5110116 Total splits: 305 Good splits: 290 Marginal splits: 1
Reward: 51891.8255668 Total splits: 332 Good splits: 321 Marginal splits: 6
Reward: 51212.4048419 Total splits: 321 Good splits: 307 Marginal splits: 4
Reward: 54568.3583817 Total splits: 312 Good splits: 305 Marginal splits: 5
Reward: 53518.323241 Total splits: 314 Good splits: 303 Marginal splits: 2
Reward: 52482.5478918 Total splits: 301 Good splits: 285 Marginal splits: 2
Reward: 50099.126384 Total splits: 318 Good splits: 308 Marginal splits: 4
Reward: 50599.5261339 Total splits: 317 Good splits: 305 Marginal splits: 2
Reward: 53422.6635374 Total splits: 318 Good splits: 306 Marginal splits: 2
Reward: 52072.4362143 Total splits: 305 Good splits: 295 Marginal splits: 1
Reward: 49996.1824706 Total splits: 306 Good splits: 297 Marginal splits: 2
Reward: 50748.7451754 Total splits: 317 Good splits: 307 Marginal splits: 2
Reward: 54634.6883446 Total splits: 297 Good splits: 286 Marginal splits: 2
Reward: 53015.0573976 Total splits: 312 Good splits: 306 Marginal splits: 1
Reward: 54484.3879512 Total splits: 297 Good splits: 291 Marginal splits: 2
Reward: 49861.07582 Total splits: 333 Good splits: 326 Marginal splits: 0
Reward: 54864.7211485 Total splits: 315 Good splits: 308 Marginal splits: 3
Reward: 49543.0970646 Total splits: 296 Good splits: 286 Marginal splits: 2
Reward: 55170.3286204 Total splits: 312 Good splits: 303 Marginal splits: 3
Reward: 50328.9080723 Total splits: 292 Good splits: 287 Marginal splits: 2
Reward: 52096.2990595 Total splits: 313 Good splits: 303 Marginal splits: 4
Reward: 50385.9579253 Total splits: 299 Good splits: 292 Marginal splits: 2
Reward: 57624.406975 Total splits: 300 Good splits: 291 Marginal splits: 5
Reward: 49232.8045951 Total splits: 330 Good splits: 311 Marginal splits: 3
Reward: 55570.717268 Total splits: 308 Good splits: 298 Marginal splits: 3
Reward: 48591.2394752 Total splits: 305 Good splits: 294 Marginal splits: 3
Reward: 57348.0678651 Total splits: 322 Good splits: 312 Marginal splits: 6
Reward: 48310.9310787 Total splits: 323 Good splits: 309 Marginal splits: 4
Reward: 56602.2209618 Total splits: 314 Good splits: 307 Marginal splits: 3
Reward: 50567.7632311 Total splits: 289 Good splits: 279 Marginal splits: 0
Reward: 55417.4891988 Total splits: 306 Good splits: 296 Marginal splits: 2
Reward: 51282.0082956 Total splits: 308 Good splits: 300 Marginal splits: 3
Reward: 51501.0445615 Total splits: 311 Good splits: 306 Marginal splits: 5
Reward: 53084.8270158 Total splits: 323 Good splits: 301 Marginal splits: 1
Reward: 52619.8047137 Total splits: 311 Good splits: 300 Marginal splits: 2
Reward: 51517.6287871 Total splits: 302 Good splits: 290 Marginal splits: 0
Reward: 52058.2274857 Total splits: 303 Good splits: 293 Marginal splits: 4
Reward: 50827.2848186 Total splits: 317 Good splits: 308 Marginal splits: 3
Reward: 51000.0003454 Total splits: 317 Good splits: 301 Marginal splits: 3
Reward: 52670.1095287 Total splits: 325 Good splits: 315 Marginal splits: 1
Reward: 53344.386311 Total splits: 299 Good splits: 292 Marginal splits: 3
Reward: 55172.225822 Total splits: 313 Good splits: 303 Marginal splits: 2
Reward: 50681.1459203 Total splits: 311 Good splits: 306 Marginal splits: 2
Reward: 53299.9762743 Total splits: 326 Good splits: 317 Marginal splits: 2
Reward: 51664.449669 Total splits: 325 Good splits: 312 Marginal splits: 1
Reward: 54073.6540914 Total splits: 309 Good splits: 300 Marginal splits: 3
Reward: 50597.846456 Total splits: 305 Good splits: 300 Marginal splits: 3
Reward: 50848.2278895 Total splits: 314 Good splits: 306 Marginal splits: 3
Reward: 51121.9327059 Total splits: 303 Good splits: 297 Marginal splits: 4
Reward: 54007.1106368 Total splits: 305 Good splits: 297 Marginal splits: 1
Reward: 50919.1206891 Total splits: 313 Good splits: 301 Marginal splits: 3
Reward: 52970.4676696 Total splits: 321 Good splits: 316 Marginal splits: 3
Reward: 51242.5474213 Total splits: 310 Good splits: 298 Marginal splits: 0
Reward: 55764.3035111 Total splits: 318 Good splits: 302 Marginal splits: 1
Reward: 49697.7966838 Total splits: 313 Good splits: 299 Marginal splits: 3
Reward: 58101.8182032 Total splits: 309 Good splits: 300 Marginal splits: 3
Reward: 49677.492101 Total splits: 314 Good splits: 308 Marginal splits: 1
Reward: 56216.5496601 Total splits: 318 Good splits: 305 Marginal splits: 4
Reward: 49003.9822632 Total splits: 302 Good splits: 292 Marginal splits: 4
Reward: 54604.6208164 Total splits: 318 Good splits: 310 Marginal splits: 3
Reward: 50442.7135979 Total splits: 318 Good splits: 309 Marginal splits: 1
Reward: 53880.0204649 Total splits: 307 Good splits: 298 Marginal splits: 0
Reward: 50283.9644001 Total splits: 307 Good splits: 296 Marginal splits: 1
Reward: 56389.4273622 Total splits: 310 Good splits: 302 Marginal splits: 1
Reward: 50083.7585133 Total splits: 308 Good splits: 302 Marginal splits: 1
Reward: 55178.3033273 Total splits: 317 Good splits: 311 Marginal splits: 3
Reward: 50672.7272622 Total splits: 303 Good splits: 295 Marginal splits: 2
Reward: 56103.5520401 Total splits: 319 Good splits: 303 Marginal splits: 4
Reward: 49834.2042074 Total splits: 310 Good splits: 304 Marginal splits: 0
Reward: 54081.9050903 Total splits: 314 Good splits: 299 Marginal splits: 2
Reward: 51567.9536051 Total splits: 319 Good splits: 306 Marginal splits: 4
Reward: 53485.7858331 Total splits: 319 Good splits: 309 Marginal splits: 2
Reward: 51640.636678 Total splits: 282 Good splits: 273 Marginal splits: 3
Reward: 51456.0380358 Total splits: 317 Good splits: 311 Marginal splits: 6
Reward: 49922.9645711 Total splits: 315 Good splits: 308 Marginal splits: 2
Reward: 51922.1285719 Total splits: 325 Good splits: 312 Marginal splits: 5
Reward: 53562.7904289 Total splits: 318 Good splits: 311 Marginal splits: 3
Reward: 51500.9900899 Total splits: 302 Good splits: 292 Marginal splits: 0
Reward: 54104.396726 Total splits: 316 Good splits: 301 Marginal splits: 1
Reward: 52483.3062096 Total splits: 316 Good splits: 305 Marginal splits: 4
Reward: 54121.312882 Total splits: 322 Good splits: 312 Marginal splits: 5
Reward: 51186.4981316 Total splits: 319 Good splits: 307 Marginal splits: 5
Reward: 52831.122533 Total splits: 313 Good splits: 302 Marginal splits: 4
Reward: 49632.6021167 Total splits: 304 Good splits: 298 Marginal splits: 5
Reward: 55573.2628474 Total splits: 336 Good splits: 331 Marginal splits: 1
Reward: 49255.0517971 Total splits: 316 Good splits: 305 Marginal splits: 2
Reward: 54355.1044839 Total splits: 310 Good splits: 301 Marginal splits: 2
Reward: 49769.0663406 Total splits: 320 Good splits: 310 Marginal splits: 1
Reward: 53502.9820417 Total splits: 303 Good splits: 298 Marginal splits: 1
Reward: 49370.985857 Total splits: 313 Good splits: 304 Marginal splits: 3
Reward: 56181.1834064 Total splits: 296 Good splits: 284 Marginal splits: 2
Reward: 51385.2706734 Total splits: 317 Good splits: 307 Marginal splits: 3
Reward: 54692.1494324 Total splits: 319 Good splits: 305 Marginal splits: 4
Reward: 44952.4032362 Total splits: 303 Good splits: 298 Marginal splits: 4
Reward: 54557.7119438 Total splits: 320 Good splits: 309 Marginal splits: 4
Reward: 49895.7404884 Total splits: 304 Good splits: 284 Marginal splits: 3
Reward: 55169.4678589 Total splits: 305 Good splits: 294 Marginal splits: 2
Reward: 49236.7845336 Total splits: 319 Good splits: 309 Marginal splits: 2
Reward: 57584.3514129 Total splits: 311 Good splits: 297 Marginal splits: 2
Reward: 48908.1465265 Total splits: 312 Good splits: 295 Marginal splits: 1
Reward: 52250.6886525 Total splits: 319 Good splits: 309 Marginal splits: 4
Reward: 52095.0178427 Total splits: 306 Good splits: 301 Marginal splits: 0
Reward: 49829.257917 Total splits: 338 Good splits: 329 Marginal splits: 3
Reward: 52134.7406994 Total splits: 314 Good splits: 304 Marginal splits: 3
Reward: 55162.4166108 Total splits: 306 Good splits: 296 Marginal splits: 1
Reward: 48472.7712491 Total splits: 322 Good splits: 307 Marginal splits: 2
Reward: 53106.9527263 Total splits: 327 Good splits: 318 Marginal splits: 3
Reward: 49008.1845242 Total splits: 312 Good splits: 304 Marginal splits: 2
Reward: 51726.7719254 Total splits: 304 Good splits: 295 Marginal splits: 3
Reward: 52029.4613252 Total splits: 306 Good splits: 295 Marginal splits: 3
Reward: 52477.1727383 Total splits: 307 Good splits: 289 Marginal splits: 0
Reward: 52452.6917136 Total splits: 316 Good splits: 308 Marginal splits: 4
Reward: 51528.4263604 Total splits: 319 Good splits: 310 Marginal splits: 4
Reward: 53698.8999783 Total splits: 286 Good splits: 273 Marginal splits: 1
Reward: 51594.3899538 Total splits: 331 Good splits: 318 Marginal splits: 1
Reward: 53348.9269834 Total splits: 320 Good splits: 312 Marginal splits: 1
Reward: 52306.1011053 Total splits: 314 Good splits: 305 Marginal splits: 2
Reward: 53893.4356107 Total splits: 318 Good splits: 306 Marginal splits: 5
Reward: 52366.7999691 Total splits: 305 Good splits: 289 Marginal splits: 3
Reward: 52908.8256903 Total splits: 306 Good splits: 301 Marginal splits: 1
Reward: 52354.5964689 Total splits: 309 Good splits: 299 Marginal splits: 0
Reward: 52870.3383506 Total splits: 307 Good splits: 289 Marginal splits: 4
Reward: 51175.3625579 Total splits: 316 Good splits: 299 Marginal splits: 1
Reward: 57532.4548023 Total splits: 320 Good splits: 313 Marginal splits: 4
Reward: 51088.1184296 Total splits: 315 Good splits: 305 Marginal splits: 1
Reward: 54689.2226216 Total splits: 293 Good splits: 279 Marginal splits: 0
Reward: 47171.03387 Total splits: 300 Good splits: 288 Marginal splits: 0
Reward: 55502.9354514 Total splits: 299 Good splits: 295 Marginal splits: 1
Reward: 49839.8056237 Total splits: 316 Good splits: 308 Marginal splits: 3
Reward: 57035.8276412 Total splits: 326 Good splits: 314 Marginal splits: 2
Reward: 46392.4218604 Total splits: 319 Good splits: 308 Marginal splits: 3
Reward: 58067.8647931 Total splits: 325 Good splits: 314 Marginal splits: 1
Reward: 49710.5977008 Total splits: 310 Good splits: 301 Marginal splits: 3
Reward: 54285.0693447 Total splits: 315 Good splits: 308 Marginal splits: 5
Reward: 50491.3087593 Total splits: 321 Good splits: 307 Marginal splits: 2
Reward: 55013.3330825 Total splits: 310 Good splits: 304 Marginal splits: 2
Reward: 49557.5447869 Total splits: 299 Good splits: 292 Marginal splits: 2
Reward: 56677.1684152 Total splits: 311 Good splits: 299 Marginal splits: 0
Reward: 49439.3019449 Total splits: 309 Good splits: 301 Marginal splits: 2
Reward: 53459.2412109 Total splits: 322 Good splits: 310 Marginal splits: 4
Reward: 52651.6411834 Total splits: 311 Good splits: 302 Marginal splits: 2
Reward: 53443.4647684 Total splits: 324 Good splits: 308 Marginal splits: 3
Reward: 51603.0552078 Total splits: 299 Good splits: 285 Marginal splits: 0
Reward: 52695.5755617 Total splits: 317 Good splits: 310 Marginal splits: 1
Reward: 51135.710766 Total splits: 324 Good splits: 313 Marginal splits: 3
Reward: 50668.472781 Total splits: 321 Good splits: 305 Marginal splits: 2

Total results after running 200 tests
Average total rewards : 52445.1760803
Average total splits  : 312.535
Average good splits   : 302.475
Average good splits % : 96.78116051

Reward: 54914.2093754 Total splits: 320 Good splits: 309 Marginal splits: 3
Reward: 50822.3456066 Total splits: 305 Good splits: 297 Marginal splits: 0
Reward: 56414.0790993 Total splits: 307 Good splits: 300 Marginal splits: 4
Reward: 50592.601076 Total splits: 318 Good splits: 305 Marginal splits: 0
Reward: 55769.7144896 Total splits: 308 Good splits: 299 Marginal splits: 2
Reward: 48306.6097293 Total splits: 312 Good splits: 300 Marginal splits: 4
Reward: 56708.6813205 Total splits: 311 Good splits: 299 Marginal splits: 1
Reward: 51148.62558 Total splits: 321 Good splits: 311 Marginal splits: 2
Reward: 55641.8372674 Total splits: 304 Good splits: 294 Marginal splits: 3
Reward: 50898.9884661 Total splits: 304 Good splits: 293 Marginal splits: 3
Reward: 51565.0588382 Total splits: 313 Good splits: 305 Marginal splits: 1
Reward: 49739.6542694 Total splits: 284 Good splits: 275 Marginal splits: 4
Reward: 56876.678099 Total splits: 324 Good splits: 316 Marginal splits: 3
Reward: 51007.4090765 Total splits: 298 Good splits: 287 Marginal splits: 5
Reward: 53669.8319141 Total splits: 311 Good splits: 299 Marginal splits: 2
Reward: 49376.1991728 Total splits: 320 Good splits: 311 Marginal splits: 3
Reward: 56250.9963744 Total splits: 318 Good splits: 312 Marginal splits: 1
Reward: 49075.5724856 Total splits: 317 Good splits: 308 Marginal splits: 5
Reward: 53975.1245147 Total splits: 319 Good splits: 300 Marginal splits: 2
Reward: 52416.8697729 Total splits: 316 Good splits: 302 Marginal splits: 1
Reward: 52969.602662 Total splits: 327 Good splits: 317 Marginal splits: 5
Reward: 50549.596343 Total splits: 315 Good splits: 304 Marginal splits: 3
Reward: 52289.4100141 Total splits: 321 Good splits: 309 Marginal splits: 3
Reward: 51926.1610904 Total splits: 324 Good splits: 317 Marginal splits: 6
Reward: 50824.5883504 Total splits: 332 Good splits: 321 Marginal splits: 5
Reward: 50534.0402605 Total splits: 323 Good splits: 312 Marginal splits: 2
Reward: 52424.5693456 Total splits: 315 Good splits: 306 Marginal splits: 2
Reward: 54082.6531838 Total splits: 313 Good splits: 305 Marginal splits: 3
Reward: 53254.8919301 Total splits: 305 Good splits: 297 Marginal splits: 4
Reward: 55043.8519914 Total splits: 337 Good splits: 323 Marginal splits: 3
Reward: 50456.944705 Total splits: 323 Good splits: 308 Marginal splits: 3
Reward: 53370.6504031 Total splits: 313 Good splits: 302 Marginal splits: 2
Reward: 50652.4287795 Total splits: 307 Good splits: 294 Marginal splits: 2
Reward: 51647.6497347 Total splits: 324 Good splits: 309 Marginal splits: 2
Reward: 50258.0733594 Total splits: 314 Good splits: 305 Marginal splits: 1
Reward: 55312.4913978 Total splits: 318 Good splits: 307 Marginal splits: 4
Reward: 52188.7667127 Total splits: 320 Good splits: 310 Marginal splits: 2
Reward: 53945.1519128 Total splits: 302 Good splits: 292 Marginal splits: 0
Reward: 49990.7072797 Total splits: 314 Good splits: 301 Marginal splits: 0
Reward: 56018.9908086 Total splits: 311 Good splits: 299 Marginal splits: 1
Reward: 46370.4329036 Total splits: 303 Good splits: 297 Marginal splits: 6
Reward: 55880.325761 Total splits: 310 Good splits: 300 Marginal splits: 2
Reward: 51059.4226566 Total splits: 308 Good splits: 295 Marginal splits: 3
Reward: 53789.8518158 Total splits: 325 Good splits: 315 Marginal splits: 1
Reward: 46136.9770193 Total splits: 306 Good splits: 301 Marginal splits: 1
Reward: 56468.1674346 Total splits: 332 Good splits: 317 Marginal splits: 1
Reward: 49833.6684871 Total splits: 325 Good splits: 315 Marginal splits: 4
Reward: 54848.2873124 Total splits: 334 Good splits: 326 Marginal splits: 4
Reward: 51571.4662952 Total splits: 325 Good splits: 315 Marginal splits: 3
Reward: 55856.5286704 Total splits: 325 Good splits: 313 Marginal splits: 4
Reward: 47866.9882357 Total splits: 319 Good splits: 307 Marginal splits: 3
Reward: 51370.2859192 Total splits: 301 Good splits: 296 Marginal splits: 6
Reward: 52794.7478908 Total splits: 310 Good splits: 302 Marginal splits: 1
Reward: 55323.5229187 Total splits: 305 Good splits: 296 Marginal splits: 4
Reward: 47933.6372335 Total splits: 297 Good splits: 291 Marginal splits: 0
Reward: 54326.8311558 Total splits: 313 Good splits: 304 Marginal splits: 4
Reward: 53001.7954612 Total splits: 304 Good splits: 295 Marginal splits: 1
Reward: 54459.6765431 Total splits: 307 Good splits: 292 Marginal splits: 1
Reward: 54241.0664732 Total splits: 330 Good splits: 315 Marginal splits: 4
Reward: 50181.9548655 Total splits: 315 Good splits: 304 Marginal splits: 2
Reward: 52754.3432705 Total splits: 301 Good splits: 294 Marginal splits: 2
Reward: 53371.4261455 Total splits: 315 Good splits: 306 Marginal splits: 1
Reward: 50501.30786 Total splits: 306 Good splits: 294 Marginal splits: 4
Reward: 52111.7305917 Total splits: 313 Good splits: 298 Marginal splits: 4
Reward: 51520.598605 Total splits: 304 Good splits: 295 Marginal splits: 3
Reward: 52776.0523006 Total splits: 306 Good splits: 297 Marginal splits: 2
Reward: 52944.895089 Total splits: 321 Good splits: 307 Marginal splits: 3
Reward: 53337.9494073 Total splits: 307 Good splits: 299 Marginal splits: 2
Reward: 54450.1840725 Total splits: 320 Good splits: 310 Marginal splits: 4
Reward: 50798.7865318 Total splits: 299 Good splits: 290 Marginal splits: 2
Reward: 56284.1264816 Total splits: 303 Good splits: 287 Marginal splits: 4
Reward: 50546.5888215 Total splits: 307 Good splits: 299 Marginal splits: 2
Reward: 56333.0944466 Total splits: 309 Good splits: 300 Marginal splits: 1
Reward: 50022.386728 Total splits: 315 Good splits: 306 Marginal splits: 4
Reward: 56316.4086215 Total splits: 302 Good splits: 289 Marginal splits: 2
Reward: 51503.8443977 Total splits: 310 Good splits: 302 Marginal splits: 1
Reward: 57075.8998197 Total splits: 313 Good splits: 292 Marginal splits: 2
Reward: 51111.3821729 Total splits: 311 Good splits: 299 Marginal splits: 2
Reward: 52752.8737587 Total splits: 325 Good splits: 315 Marginal splits: 2
Reward: 46882.5856729 Total splits: 282 Good splits: 271 Marginal splits: 1
Reward: 55970.8959076 Total splits: 313 Good splits: 306 Marginal splits: 2
Reward: 48930.7930944 Total splits: 308 Good splits: 301 Marginal splits: 3
Reward: 55427.6366567 Total splits: 305 Good splits: 296 Marginal splits: 2
Reward: 50378.245034 Total splits: 304 Good splits: 296 Marginal splits: 0
Reward: 55350.2058625 Total splits: 315 Good splits: 300 Marginal splits: 3
Reward: 51074.6991889 Total splits: 326 Good splits: 317 Marginal splits: 3
Reward: 53507.1172399 Total splits: 313 Good splits: 304 Marginal splits: 2
Reward: 50996.0421078 Total splits: 313 Good splits: 304 Marginal splits: 3
Reward: 52067.9953105 Total splits: 299 Good splits: 293 Marginal splits: 3
Reward: 49691.4525289 Total splits: 311 Good splits: 294 Marginal splits: 4
Reward: 53239.5195141 Total splits: 303 Good splits: 288 Marginal splits: 2
Reward: 51700.3076582 Total splits: 316 Good splits: 307 Marginal splits: 1
Reward: 53687.4825965 Total splits: 309 Good splits: 300 Marginal splits: 2
Reward: 50802.053898 Total splits: 305 Good splits: 289 Marginal splits: 2
Reward: 51436.1928115 Total splits: 306 Good splits: 298 Marginal splits: 0
Reward: 52639.3257018 Total splits: 306 Good splits: 297 Marginal splits: 3
Reward: 51523.067075 Total splits: 296 Good splits: 287 Marginal splits: 2
Reward: 54873.3190487 Total splits: 322 Good splits: 307 Marginal splits: 2
Reward: 50476.4137025 Total splits: 307 Good splits: 290 Marginal splits: 2
Reward: 54477.883261 Total splits: 311 Good splits: 297 Marginal splits: 1
Reward: 52012.3372436 Total splits: 304 Good splits: 291 Marginal splits: 1
Reward: 52448.1919228 Total splits: 290 Good splits: 279 Marginal splits: 1
Reward: 49863.3443179 Total splits: 326 Good splits: 316 Marginal splits: 2
Reward: 53312.1031637 Total splits: 309 Good splits: 300 Marginal splits: 2
Reward: 48437.0879819 Total splits: 309 Good splits: 300 Marginal splits: 4
Reward: 55101.434269 Total splits: 307 Good splits: 296 Marginal splits: 2
Reward: 51430.5243394 Total splits: 316 Good splits: 306 Marginal splits: 1
Reward: 56390.6105993 Total splits: 319 Good splits: 309 Marginal splits: 2
Reward: 48706.5367487 Total splits: 325 Good splits: 317 Marginal splits: 1
Reward: 57606.968653 Total splits: 312 Good splits: 301 Marginal splits: 4
Reward: 50995.3648284 Total splits: 317 Good splits: 308 Marginal splits: 2
Reward: 56125.4186515 Total splits: 322 Good splits: 306 Marginal splits: 6
Reward: 48838.0640769 Total splits: 304 Good splits: 293 Marginal splits: 3
Reward: 55440.8250736 Total splits: 314 Good splits: 299 Marginal splits: 2
Reward: 50426.2720813 Total splits: 307 Good splits: 299 Marginal splits: 2
Reward: 56996.2853864 Total splits: 318 Good splits: 310 Marginal splits: 2
Reward: 51659.5828576 Total splits: 310 Good splits: 303 Marginal splits: 2
Reward: 54410.3651762 Total splits: 321 Good splits: 313 Marginal splits: 1
Reward: 49186.9717623 Total splits: 310 Good splits: 305 Marginal splits: 2
Reward: 55873.4050742 Total splits: 315 Good splits: 301 Marginal splits: 3
Reward: 51116.0991315 Total splits: 324 Good splits: 310 Marginal splits: 3
Reward: 53571.2754207 Total splits: 327 Good splits: 320 Marginal splits: 5
Reward: 50440.0612715 Total splits: 309 Good splits: 302 Marginal splits: 1
Reward: 55459.1483549 Total splits: 304 Good splits: 294 Marginal splits: 4
Reward: 49678.9955508 Total splits: 311 Good splits: 299 Marginal splits: 0
Reward: 54463.3927444 Total splits: 315 Good splits: 308 Marginal splits: 2
Reward: 51057.538361 Total splits: 322 Good splits: 308 Marginal splits: 5
Reward: 51922.6511024 Total splits: 305 Good splits: 293 Marginal splits: 4
Reward: 52900.8919685 Total splits: 316 Good splits: 309 Marginal splits: 1
Reward: 50158.9840376 Total splits: 307 Good splits: 300 Marginal splits: 2
Reward: 52647.8989072 Total splits: 316 Good splits: 304 Marginal splits: 3
Reward: 51282.6526311 Total splits: 331 Good splits: 312 Marginal splits: 5
Reward: 51713.8847428 Total splits: 316 Good splits: 305 Marginal splits: 4
Reward: 52726.2641131 Total splits: 322 Good splits: 312 Marginal splits: 3
Reward: 54003.2777092 Total splits: 323 Good splits: 313 Marginal splits: 3
Reward: 52356.3737208 Total splits: 327 Good splits: 312 Marginal splits: 1
Reward: 53113.0727272 Total splits: 302 Good splits: 287 Marginal splits: 1
Reward: 49162.2750003 Total splits: 308 Good splits: 304 Marginal splits: 1
Reward: 52114.4564038 Total splits: 304 Good splits: 290 Marginal splits: 6
Reward: 51711.7566252 Total splits: 327 Good splits: 314 Marginal splits: 3
Reward: 53268.5513105 Total splits: 314 Good splits: 304 Marginal splits: 3
Reward: 49055.923042 Total splits: 314 Good splits: 299 Marginal splits: 1
Reward: 55201.9394081 Total splits: 293 Good splits: 283 Marginal splits: 3
Reward: 50870.9254769 Total splits: 311 Good splits: 299 Marginal splits: 1
Reward: 55972.9809555 Total splits: 319 Good splits: 308 Marginal splits: 3
Reward: 51936.4585226 Total splits: 319 Good splits: 310 Marginal splits: 2
Reward: 56071.1572181 Total splits: 315 Good splits: 304 Marginal splits: 1
Reward: 48432.6687635 Total splits: 313 Good splits: 301 Marginal splits: 3
Reward: 55587.8937075 Total splits: 307 Good splits: 299 Marginal splits: 1
Reward: 49620.4300649 Total splits: 310 Good splits: 303 Marginal splits: 4
Reward: 54860.8320078 Total splits: 317 Good splits: 305 Marginal splits: 2
Reward: 50126.6561935 Total splits: 299 Good splits: 286 Marginal splits: 2
Reward: 55331.651479 Total splits: 312 Good splits: 303 Marginal splits: 1
Reward: 49419.7082323 Total splits: 320 Good splits: 308 Marginal splits: 3
Reward: 54175.4198571 Total splits: 323 Good splits: 311 Marginal splits: 2
Reward: 52241.448927 Total splits: 318 Good splits: 302 Marginal splits: 3
Reward: 53559.3328356 Total splits: 300 Good splits: 290 Marginal splits: 2
Reward: 50294.5154384 Total splits: 338 Good splits: 326 Marginal splits: 4
Reward: 54476.829941 Total splits: 330 Good splits: 318 Marginal splits: 2
Reward: 49495.9084744 Total splits: 313 Good splits: 306 Marginal splits: 2
Reward: 54982.7923381 Total splits: 313 Good splits: 303 Marginal splits: 1
Reward: 50895.2501222 Total splits: 301 Good splits: 293 Marginal splits: 3
Reward: 51790.104033 Total splits: 321 Good splits: 314 Marginal splits: 4
Reward: 53116.2287663 Total splits: 322 Good splits: 312 Marginal splits: 2
Reward: 52437.8886821 Total splits: 315 Good splits: 306 Marginal splits: 2
Reward: 52909.8386434 Total splits: 312 Good splits: 300 Marginal splits: 0
Reward: 49364.3578791 Total splits: 303 Good splits: 293 Marginal splits: 1
Reward: 53187.7672652 Total splits: 326 Good splits: 321 Marginal splits: 6
Reward: 51612.299903 Total splits: 326 Good splits: 316 Marginal splits: 3
Reward: 53828.667907 Total splits: 336 Good splits: 329 Marginal splits: 1
Reward: 50362.2655559 Total splits: 318 Good splits: 306 Marginal splits: 3
Reward: 54091.9050497 Total splits: 317 Good splits: 304 Marginal splits: 2
Reward: 51144.8959188 Total splits: 304 Good splits: 298 Marginal splits: 1
Reward: 51172.7911098 Total splits: 316 Good splits: 304 Marginal splits: 3
Reward: 51473.6490129 Total splits: 307 Good splits: 296 Marginal splits: 2
Reward: 53405.4416657 Total splits: 316 Good splits: 301 Marginal splits: 3
Reward: 50030.1778242 Total splits: 313 Good splits: 299 Marginal splits: 5
Reward: 56900.4775202 Total splits: 317 Good splits: 303 Marginal splits: 0
Reward: 51018.6753928 Total splits: 312 Good splits: 297 Marginal splits: 3
Reward: 56546.6554129 Total splits: 328 Good splits: 315 Marginal splits: 5
Reward: 48185.3970279 Total splits: 318 Good splits: 306 Marginal splits: 2
Reward: 56439.021455 Total splits: 323 Good splits: 312 Marginal splits: 1
Reward: 49461.8495702 Total splits: 320 Good splits: 308 Marginal splits: 5
Reward: 55077.8230866 Total splits: 320 Good splits: 312 Marginal splits: 2
Reward: 49558.7814232 Total splits: 328 Good splits: 319 Marginal splits: 3
Reward: 55499.2412697 Total splits: 317 Good splits: 309 Marginal splits: 4
Reward: 47725.1580333 Total splits: 323 Good splits: 311 Marginal splits: 3
Reward: 54196.1005199 Total splits: 303 Good splits: 299 Marginal splits: 6
Reward: 50492.5065877 Total splits: 289 Good splits: 278 Marginal splits: 1
Reward: 55365.3574719 Total splits: 308 Good splits: 296 Marginal splits: 5
Reward: 49866.7718079 Total splits: 304 Good splits: 295 Marginal splits: 1
Reward: 55734.8865912 Total splits: 324 Good splits: 314 Marginal splits: 0
Reward: 51647.8267257 Total splits: 315 Good splits: 300 Marginal splits: 1
Reward: 54101.9188909 Total splits: 317 Good splits: 303 Marginal splits: 3
Reward: 51341.5967273 Total splits: 311 Good splits: 300 Marginal splits: 4
Reward: 51845.7971578 Total splits: 320 Good splits: 313 Marginal splits: 3
Reward: 50031.2283038 Total splits: 308 Good splits: 297 Marginal splits: 2
Reward: 53470.3140856 Total splits: 315 Good splits: 302 Marginal splits: 4
Reward: 49344.8362171 Total splits: 326 Good splits: 317 Marginal splits: 3
Reward: 54287.3640362 Total splits: 315 Good splits: 301 Marginal splits: 2

Total results after running 200 tests
Average total rewards : 52443.4241921
Average total splits  : 313.61
Average good splits   : 302.96
Average good splits % : 96.6040623705

Reward: 54715.8405597 Total splits: 304 Good splits: 291 Marginal splits: 3
Reward: 50072.9158598 Total splits: 323 Good splits: 312 Marginal splits: 1
Reward: 57250.7516529 Total splits: 325 Good splits: 315 Marginal splits: 1
Reward: 49139.7811443 Total splits: 317 Good splits: 305 Marginal splits: 2
Reward: 56224.5265928 Total splits: 321 Good splits: 305 Marginal splits: 1
Reward: 49098.2666106 Total splits: 318 Good splits: 310 Marginal splits: 1
Reward: 56560.6981356 Total splits: 302 Good splits: 294 Marginal splits: 1
Reward: 49277.5406981 Total splits: 311 Good splits: 298 Marginal splits: 4
Reward: 52114.3716093 Total splits: 331 Good splits: 321 Marginal splits: 1
Reward: 48261.5086514 Total splits: 327 Good splits: 320 Marginal splits: 1
Reward: 53347.7996778 Total splits: 320 Good splits: 309 Marginal splits: 3
Reward: 48670.3333973 Total splits: 299 Good splits: 288 Marginal splits: 4
Reward: 56441.456462 Total splits: 328 Good splits: 319 Marginal splits: 5
Reward: 51372.466512 Total splits: 314 Good splits: 304 Marginal splits: 1
Reward: 55861.3685224 Total splits: 311 Good splits: 305 Marginal splits: 3
Reward: 48054.8273995 Total splits: 326 Good splits: 304 Marginal splits: 3
Reward: 52895.572866 Total splits: 321 Good splits: 310 Marginal splits: 4
Reward: 51265.782481 Total splits: 333 Good splits: 323 Marginal splits: 1
Reward: 55858.9890594 Total splits: 344 Good splits: 331 Marginal splits: 4
Reward: 48495.3922899 Total splits: 321 Good splits: 313 Marginal splits: 2
Reward: 54136.0142 Total splits: 316 Good splits: 310 Marginal splits: 7
Reward: 52221.8706777 Total splits: 324 Good splits: 314 Marginal splits: 2
Reward: 52081.9120289 Total splits: 310 Good splits: 296 Marginal splits: 3
Reward: 50529.7268942 Total splits: 311 Good splits: 300 Marginal splits: 5
Reward: 52962.954755 Total splits: 303 Good splits: 297 Marginal splits: 0
Reward: 50308.6002444 Total splits: 313 Good splits: 304 Marginal splits: 4
Reward: 53475.6270366 Total splits: 294 Good splits: 287 Marginal splits: 3
Reward: 54295.6670933 Total splits: 325 Good splits: 311 Marginal splits: 1
Reward: 51057.2124556 Total splits: 309 Good splits: 300 Marginal splits: 3
Reward: 54697.8167129 Total splits: 322 Good splits: 315 Marginal splits: 2
Reward: 51612.3267681 Total splits: 331 Good splits: 323 Marginal splits: 2
Reward: 51251.2040974 Total splits: 312 Good splits: 304 Marginal splits: 3
Reward: 52409.6166906 Total splits: 312 Good splits: 301 Marginal splits: 1
Reward: 54549.7912508 Total splits: 313 Good splits: 306 Marginal splits: 3
Reward: 50253.3745282 Total splits: 298 Good splits: 282 Marginal splits: 2
Reward: 52688.2621813 Total splits: 315 Good splits: 307 Marginal splits: 1
Reward: 52660.4202775 Total splits: 312 Good splits: 303 Marginal splits: 2
Reward: 53881.40456 Total splits: 314 Good splits: 300 Marginal splits: 2
Reward: 50333.6917874 Total splits: 305 Good splits: 296 Marginal splits: 1
Reward: 56681.4405285 Total splits: 296 Good splits: 292 Marginal splits: 1
Reward: 48322.0569165 Total splits: 306 Good splits: 295 Marginal splits: 1
Reward: 57459.8986782 Total splits: 316 Good splits: 308 Marginal splits: 6
Reward: 51011.5249826 Total splits: 305 Good splits: 298 Marginal splits: 0
Reward: 55201.8878812 Total splits: 328 Good splits: 315 Marginal splits: 3
Reward: 48470.9328554 Total splits: 305 Good splits: 291 Marginal splits: 0
Reward: 54403.1409018 Total splits: 314 Good splits: 304 Marginal splits: 3
Reward: 50662.2349783 Total splits: 294 Good splits: 283 Marginal splits: 1
Reward: 54586.7104592 Total splits: 304 Good splits: 293 Marginal splits: 2
Reward: 50355.032163 Total splits: 296 Good splits: 290 Marginal splits: 1
Reward: 54801.9571858 Total splits: 306 Good splits: 294 Marginal splits: 5
Reward: 49112.4829099 Total splits: 310 Good splits: 298 Marginal splits: 2
Reward: 54655.0989446 Total splits: 313 Good splits: 304 Marginal splits: 5
Reward: 51446.3834764 Total splits: 303 Good splits: 299 Marginal splits: 2
Reward: 54347.3196111 Total splits: 324 Good splits: 309 Marginal splits: 1
Reward: 48457.7810148 Total splits: 303 Good splits: 293 Marginal splits: 2
Reward: 53550.993172 Total splits: 317 Good splits: 305 Marginal splits: 3
Reward: 50825.7176237 Total splits: 310 Good splits: 298 Marginal splits: 4
Reward: 54613.4174058 Total splits: 312 Good splits: 300 Marginal splits: 4
Reward: 53203.3733714 Total splits: 327 Good splits: 318 Marginal splits: 2
Reward: 51624.1633423 Total splits: 299 Good splits: 291 Marginal splits: 4
Reward: 53388.2907598 Total splits: 311 Good splits: 302 Marginal splits: 0
Reward: 51706.6828553 Total splits: 328 Good splits: 318 Marginal splits: 3
Reward: 51550.5418174 Total splits: 313 Good splits: 297 Marginal splits: 2
Reward: 51234.5891605 Total splits: 296 Good splits: 285 Marginal splits: 3
Reward: 53667.9391561 Total splits: 315 Good splits: 305 Marginal splits: 4
Reward: 51939.3630153 Total splits: 323 Good splits: 307 Marginal splits: 1
Reward: 51887.1699366 Total splits: 314 Good splits: 307 Marginal splits: 2
Reward: 49327.0292472 Total splits: 324 Good splits: 316 Marginal splits: 4
Reward: 52316.6787756 Total splits: 309 Good splits: 296 Marginal splits: 1
Reward: 49768.4167459 Total splits: 299 Good splits: 293 Marginal splits: 2
Reward: 56119.5059685 Total splits: 302 Good splits: 298 Marginal splits: 2
Reward: 49759.2924734 Total splits: 324 Good splits: 313 Marginal splits: 2
Reward: 56352.1799369 Total splits: 322 Good splits: 313 Marginal splits: 2
Reward: 49756.6453285 Total splits: 322 Good splits: 308 Marginal splits: 1
Reward: 52540.0889871 Total splits: 302 Good splits: 288 Marginal splits: 2
Reward: 50687.5014598 Total splits: 325 Good splits: 310 Marginal splits: 3
Reward: 56584.7093868 Total splits: 336 Good splits: 327 Marginal splits: 1
Reward: 50264.5652889 Total splits: 306 Good splits: 296 Marginal splits: 1
Reward: 53654.8375136 Total splits: 315 Good splits: 301 Marginal splits: 4
Reward: 49522.9581192 Total splits: 315 Good splits: 307 Marginal splits: 3
Reward: 56958.3619134 Total splits: 305 Good splits: 295 Marginal splits: 2
Reward: 50435.7886809 Total splits: 305 Good splits: 299 Marginal splits: 7
Reward: 57194.6760883 Total splits: 302 Good splits: 292 Marginal splits: 2
Reward: 49978.5259315 Total splits: 321 Good splits: 305 Marginal splits: 0
Reward: 55868.5693423 Total splits: 310 Good splits: 292 Marginal splits: 0
Reward: 51715.4684445 Total splits: 312 Good splits: 303 Marginal splits: 2
Reward: 58003.7024593 Total splits: 308 Good splits: 295 Marginal splits: 1
Reward: 51776.7198856 Total splits: 320 Good splits: 309 Marginal splits: 4
Reward: 53754.2708989 Total splits: 321 Good splits: 307 Marginal splits: 2
Reward: 52781.9836071 Total splits: 297 Good splits: 291 Marginal splits: 3
Reward: 53983.6611258 Total splits: 309 Good splits: 303 Marginal splits: 4
Reward: 49646.0140126 Total splits: 304 Good splits: 292 Marginal splits: 2
Reward: 53846.2676165 Total splits: 324 Good splits: 310 Marginal splits: 4
Reward: 51170.6378753 Total splits: 312 Good splits: 302 Marginal splits: 1
Reward: 53585.4935343 Total splits: 330 Good splits: 319 Marginal splits: 1
Reward: 52730.0204298 Total splits: 321 Good splits: 309 Marginal splits: 0
Reward: 51480.1734149 Total splits: 327 Good splits: 317 Marginal splits: 4
Reward: 54860.6151172 Total splits: 313 Good splits: 303 Marginal splits: 4
Reward: 49669.5595794 Total splits: 324 Good splits: 314 Marginal splits: 0
Reward: 53740.1750313 Total splits: 314 Good splits: 303 Marginal splits: 2
Reward: 49759.1833217 Total splits: 319 Good splits: 305 Marginal splits: 0
Reward: 52720.3657604 Total splits: 315 Good splits: 305 Marginal splits: 1
Reward: 50687.506894 Total splits: 313 Good splits: 302 Marginal splits: 1
Reward: 50651.2933933 Total splits: 318 Good splits: 305 Marginal splits: 5
Reward: 50827.4369811 Total splits: 306 Good splits: 291 Marginal splits: 0
Reward: 54627.106824 Total splits: 321 Good splits: 314 Marginal splits: 3
Reward: 50395.5553968 Total splits: 316 Good splits: 304 Marginal splits: 2
Reward: 55533.6019961 Total splits: 318 Good splits: 310 Marginal splits: 4
Reward: 50735.9440209 Total splits: 298 Good splits: 292 Marginal splits: 0
Reward: 56542.6241676 Total splits: 315 Good splits: 305 Marginal splits: 1
Reward: 49921.3586048 Total splits: 309 Good splits: 294 Marginal splits: 1
Reward: 55767.1376952 Total splits: 306 Good splits: 300 Marginal splits: 4
Reward: 47257.1247771 Total splits: 311 Good splits: 303 Marginal splits: 1
Reward: 55402.1038032 Total splits: 312 Good splits: 298 Marginal splits: 3
Reward: 50781.7558846 Total splits: 291 Good splits: 283 Marginal splits: 3
Reward: 53563.7792505 Total splits: 305 Good splits: 295 Marginal splits: 3
Reward: 49813.8991076 Total splits: 311 Good splits: 296 Marginal splits: 4
Reward: 54972.252178 Total splits: 321 Good splits: 309 Marginal splits: 2
Reward: 51251.899513 Total splits: 324 Good splits: 319 Marginal splits: 2
Reward: 56407.5787468 Total splits: 316 Good splits: 309 Marginal splits: 1
Reward: 50627.0396531 Total splits: 310 Good splits: 297 Marginal splits: 3
Reward: 52938.5509005 Total splits: 316 Good splits: 309 Marginal splits: 5
Reward: 48994.3941059 Total splits: 311 Good splits: 297 Marginal splits: 1
Reward: 54736.7975063 Total splits: 305 Good splits: 294 Marginal splits: 3
Reward: 51936.3383505 Total splits: 311 Good splits: 299 Marginal splits: 1
Reward: 52919.5022249 Total splits: 314 Good splits: 304 Marginal splits: 1
Reward: 53719.7312857 Total splits: 311 Good splits: 297 Marginal splits: 2
Reward: 53471.0383544 Total splits: 309 Good splits: 294 Marginal splits: 1
Reward: 52180.548036 Total splits: 315 Good splits: 305 Marginal splits: 2
Reward: 52119.4557001 Total splits: 320 Good splits: 307 Marginal splits: 5
Reward: 51406.7241091 Total splits: 318 Good splits: 304 Marginal splits: 1
Reward: 52492.8878389 Total splits: 311 Good splits: 297 Marginal splits: 2
Reward: 53592.2728254 Total splits: 311 Good splits: 301 Marginal splits: 2
Reward: 50780.5500889 Total splits: 312 Good splits: 299 Marginal splits: 2
Reward: 53638.9795376 Total splits: 302 Good splits: 295 Marginal splits: 3
Reward: 51869.3367144 Total splits: 304 Good splits: 295 Marginal splits: 2
Reward: 52065.8366285 Total splits: 311 Good splits: 300 Marginal splits: 4
Reward: 51071.1063905 Total splits: 304 Good splits: 295 Marginal splits: 4
Reward: 52838.8937097 Total splits: 311 Good splits: 300 Marginal splits: 2
Reward: 51609.3793477 Total splits: 330 Good splits: 316 Marginal splits: 3
Reward: 55189.7044913 Total splits: 318 Good splits: 308 Marginal splits: 4
Reward: 49818.1612182 Total splits: 302 Good splits: 295 Marginal splits: 1
Reward: 56709.2840698 Total splits: 307 Good splits: 296 Marginal splits: 3
Reward: 50845.6620045 Total splits: 311 Good splits: 300 Marginal splits: 1
Reward: 56882.442913 Total splits: 297 Good splits: 286 Marginal splits: 1
Reward: 50417.3307713 Total splits: 307 Good splits: 302 Marginal splits: 3
Reward: 51496.5122712 Total splits: 311 Good splits: 303 Marginal splits: 2
Reward: 49161.5811363 Total splits: 304 Good splits: 290 Marginal splits: 0
Reward: 55758.1075149 Total splits: 307 Good splits: 299 Marginal splits: 3
Reward: 49882.6898671 Total splits: 312 Good splits: 301 Marginal splits: 1
Reward: 54853.7296716 Total splits: 323 Good splits: 313 Marginal splits: 0
Reward: 49113.2993236 Total splits: 314 Good splits: 295 Marginal splits: 2
Reward: 54274.3246986 Total splits: 327 Good splits: 315 Marginal splits: 2
Reward: 49004.1884845 Total splits: 305 Good splits: 293 Marginal splits: 0
Reward: 56885.1455571 Total splits: 305 Good splits: 298 Marginal splits: 2
Reward: 51327.3584126 Total splits: 322 Good splits: 306 Marginal splits: 2
Reward: 53247.3080464 Total splits: 321 Good splits: 310 Marginal splits: 2
Reward: 51961.8694668 Total splits: 296 Good splits: 289 Marginal splits: 0
Reward: 55370.011317 Total splits: 307 Good splits: 297 Marginal splits: 1
Reward: 51040.4570148 Total splits: 315 Good splits: 304 Marginal splits: 4
Reward: 52713.1633623 Total splits: 329 Good splits: 317 Marginal splits: 6
Reward: 50704.8133317 Total splits: 297 Good splits: 285 Marginal splits: 1
Reward: 53418.6801139 Total splits: 322 Good splits: 305 Marginal splits: 2
Reward: 50549.1664395 Total splits: 317 Good splits: 303 Marginal splits: 3
Reward: 54155.7564307 Total splits: 317 Good splits: 310 Marginal splits: 2
Reward: 52873.6698691 Total splits: 312 Good splits: 304 Marginal splits: 0
Reward: 51725.1660052 Total splits: 318 Good splits: 306 Marginal splits: 3
Reward: 52936.6022149 Total splits: 298 Good splits: 295 Marginal splits: 2
Reward: 51150.7134126 Total splits: 308 Good splits: 298 Marginal splits: 3
Reward: 52692.3144859 Total splits: 307 Good splits: 302 Marginal splits: 3
Reward: 50839.9929879 Total splits: 305 Good splits: 289 Marginal splits: 2
Reward: 50657.3483031 Total splits: 308 Good splits: 303 Marginal splits: 1
Reward: 53064.8749888 Total splits: 310 Good splits: 299 Marginal splits: 4
Reward: 54277.6122267 Total splits: 304 Good splits: 288 Marginal splits: 2
Reward: 50532.1080934 Total splits: 317 Good splits: 307 Marginal splits: 2
Reward: 56465.8692012 Total splits: 313 Good splits: 304 Marginal splits: 3
Reward: 48763.1734976 Total splits: 310 Good splits: 302 Marginal splits: 4
Reward: 54578.7548121 Total splits: 314 Good splits: 304 Marginal splits: 3
Reward: 51079.6655255 Total splits: 325 Good splits: 314 Marginal splits: 5
Reward: 56537.2677884 Total splits: 336 Good splits: 328 Marginal splits: 2
Reward: 49841.6573663 Total splits: 302 Good splits: 293 Marginal splits: 3
Reward: 55715.5052065 Total splits: 311 Good splits: 302 Marginal splits: 3
Reward: 50713.0239052 Total splits: 339 Good splits: 334 Marginal splits: 3
Reward: 56562.2537724 Total splits: 329 Good splits: 323 Marginal splits: 1
Reward: 50711.6591981 Total splits: 316 Good splits: 301 Marginal splits: 5
Reward: 57177.1414373 Total splits: 312 Good splits: 296 Marginal splits: 2
Reward: 50444.7430552 Total splits: 328 Good splits: 317 Marginal splits: 5
Reward: 55465.3441085 Total splits: 316 Good splits: 309 Marginal splits: 0
Reward: 49756.3224253 Total splits: 303 Good splits: 287 Marginal splits: 0
Reward: 52908.6223119 Total splits: 318 Good splits: 303 Marginal splits: 2
Reward: 49375.0470428 Total splits: 322 Good splits: 314 Marginal splits: 1
Reward: 52829.3539419 Total splits: 320 Good splits: 312 Marginal splits: 0
Reward: 49576.2989777 Total splits: 301 Good splits: 293 Marginal splits: 5
Reward: 54423.3769065 Total splits: 316 Good splits: 304 Marginal splits: 1
Reward: 52189.0836243 Total splits: 325 Good splits: 315 Marginal splits: 5
Reward: 53491.8858256 Total splits: 305 Good splits: 302 Marginal splits: 2
Reward: 49324.0776469 Total splits: 315 Good splits: 302 Marginal splits: 0
Reward: 52335.3418208 Total splits: 318 Good splits: 306 Marginal splits: 2
Reward: 51322.3690201 Total splits: 301 Good splits: 293 Marginal splits: 2
Reward: 51344.9985861 Total splits: 302 Good splits: 289 Marginal splits: 1

Total results after running 200 tests
Average total rewards : 52452.4188145
Average total splits  : 313.305
Average good splits   : 302.8
Average good splits % : 96.6470372321

