Reward: 50430.4324397 Total splits: 276 Good splits: 269 Marginal splits: 11
Reward: 48158.8059434 Total splits: 272 Good splits: 261 Marginal splits: 8
Reward: 55388.6581618 Total splits: 293 Good splits: 287 Marginal splits: 8
Reward: 49237.9509339 Total splits: 266 Good splits: 256 Marginal splits: 7
Reward: 57217.710718 Total splits: 274 Good splits: 267 Marginal splits: 8
Reward: 47670.7853459 Total splits: 255 Good splits: 246 Marginal splits: 6
Reward: 55729.4680086 Total splits: 267 Good splits: 258 Marginal splits: 5
Reward: 49495.1976638 Total splits: 265 Good splits: 252 Marginal splits: 4
Reward: 55994.2476645 Total splits: 266 Good splits: 254 Marginal splits: 6
Reward: 49501.7027618 Total splits: 272 Good splits: 262 Marginal splits: 4
Reward: 53980.9035865 Total splits: 274 Good splits: 265 Marginal splits: 7
Reward: 47283.8639274 Total splits: 267 Good splits: 258 Marginal splits: 7
Reward: 57380.1526399 Total splits: 284 Good splits: 276 Marginal splits: 8
Reward: 52171.6463783 Total splits: 283 Good splits: 268 Marginal splits: 7
Reward: 55387.014745 Total splits: 272 Good splits: 259 Marginal splits: 4
Reward: 48098.4183199 Total splits: 255 Good splits: 241 Marginal splits: 4
Reward: 53976.5628611 Total splits: 280 Good splits: 271 Marginal splits: 7
Reward: 51620.8878402 Total splits: 276 Good splits: 268 Marginal splits: 4
Reward: 51481.3903481 Total splits: 274 Good splits: 263 Marginal splits: 5
Reward: 51887.2249919 Total splits: 270 Good splits: 262 Marginal splits: 6
Reward: 52701.224361 Total splits: 284 Good splits: 272 Marginal splits: 12
Reward: 49554.2646541 Total splits: 245 Good splits: 240 Marginal splits: 4
Reward: 53094.8876853 Total splits: 266 Good splits: 254 Marginal splits: 8
Reward: 50467.8194874 Total splits: 280 Good splits: 268 Marginal splits: 6
Reward: 51175.6904131 Total splits: 288 Good splits: 283 Marginal splits: 5
Reward: 52051.2387949 Total splits: 279 Good splits: 271 Marginal splits: 9
Reward: 52600.318567 Total splits: 251 Good splits: 245 Marginal splits: 6
Reward: 52170.9864589 Total splits: 285 Good splits: 280 Marginal splits: 5
Reward: 51044.4138566 Total splits: 256 Good splits: 250 Marginal splits: 5
Reward: 53804.8177609 Total splits: 274 Good splits: 266 Marginal splits: 8
Reward: 50068.3980723 Total splits: 266 Good splits: 256 Marginal splits: 3
Reward: 52803.2378152 Total splits: 258 Good splits: 247 Marginal splits: 6
Reward: 50839.3960907 Total splits: 284 Good splits: 278 Marginal splits: 7
Reward: 52563.2087051 Total splits: 271 Good splits: 263 Marginal splits: 10
Reward: 50351.6837322 Total splits: 268 Good splits: 265 Marginal splits: 6
Reward: 55131.1428628 Total splits: 262 Good splits: 253 Marginal splits: 4
Reward: 51128.2770054 Total splits: 266 Good splits: 259 Marginal splits: 10
Reward: 56052.29489 Total splits: 262 Good splits: 260 Marginal splits: 8
Reward: 51653.8304449 Total splits: 270 Good splits: 266 Marginal splits: 8
Reward: 54952.3851313 Total splits: 254 Good splits: 246 Marginal splits: 4
Reward: 48729.7466429 Total splits: 281 Good splits: 275 Marginal splits: 11
Reward: 52983.5426481 Total splits: 282 Good splits: 272 Marginal splits: 11
Reward: 50542.9434681 Total splits: 279 Good splits: 267 Marginal splits: 11
Reward: 56932.1923844 Total splits: 258 Good splits: 248 Marginal splits: 4
Reward: 46887.6190267 Total splits: 273 Good splits: 263 Marginal splits: 2
Reward: 54637.2607661 Total splits: 274 Good splits: 266 Marginal splits: 6
Reward: 51471.9221419 Total splits: 268 Good splits: 265 Marginal splits: 10
Reward: 55659.5235088 Total splits: 276 Good splits: 270 Marginal splits: 12
Reward: 51957.3816871 Total splits: 262 Good splits: 254 Marginal splits: 6
Reward: 52774.4679537 Total splits: 290 Good splits: 284 Marginal splits: 8
Reward: 48663.8568081 Total splits: 258 Good splits: 250 Marginal splits: 6
Reward: 56621.5523681 Total splits: 269 Good splits: 267 Marginal splits: 3
Reward: 49127.1002368 Total splits: 258 Good splits: 251 Marginal splits: 4
Reward: 54035.9222716 Total splits: 285 Good splits: 271 Marginal splits: 10
Reward: 50761.499823 Total splits: 261 Good splits: 253 Marginal splits: 5
Reward: 53682.2718798 Total splits: 284 Good splits: 276 Marginal splits: 3
Reward: 51934.1605749 Total splits: 272 Good splits: 267 Marginal splits: 4
Reward: 47216.3008364 Total splits: 303 Good splits: 298 Marginal splits: 9
Reward: 52441.5553066 Total splits: 277 Good splits: 270 Marginal splits: 4
Reward: 52032.3794539 Total splits: 279 Good splits: 271 Marginal splits: 6
Reward: 51381.4284722 Total splits: 288 Good splits: 278 Marginal splits: 9
Reward: 51419.5377437 Total splits: 294 Good splits: 287 Marginal splits: 3
Reward: 51029.2769599 Total splits: 256 Good splits: 251 Marginal splits: 3
Reward: 52163.4592309 Total splits: 262 Good splits: 255 Marginal splits: 4
Reward: 53032.8727635 Total splits: 281 Good splits: 270 Marginal splits: 7
Reward: 52712.3045479 Total splits: 280 Good splits: 273 Marginal splits: 6
Reward: 53213.4846552 Total splits: 257 Good splits: 251 Marginal splits: 7
Reward: 52191.6798334 Total splits: 264 Good splits: 257 Marginal splits: 6
Reward: 51794.0159158 Total splits: 262 Good splits: 250 Marginal splits: 2
Reward: 49484.0790487 Total splits: 273 Good splits: 263 Marginal splits: 11
Reward: 55244.4311036 Total splits: 259 Good splits: 251 Marginal splits: 6
Reward: 49519.2107294 Total splits: 273 Good splits: 264 Marginal splits: 4
Reward: 55513.5787708 Total splits: 267 Good splits: 258 Marginal splits: 7
Reward: 48592.9887201 Total splits: 267 Good splits: 258 Marginal splits: 7
Reward: 55567.1464653 Total splits: 277 Good splits: 268 Marginal splits: 6
Reward: 49657.7207641 Total splits: 265 Good splits: 252 Marginal splits: 7
Reward: 55784.6046059 Total splits: 282 Good splits: 274 Marginal splits: 4
Reward: 51449.7957726 Total splits: 269 Good splits: 252 Marginal splits: 7
Reward: 54981.1396188 Total splits: 272 Good splits: 264 Marginal splits: 3
Reward: 47666.5098839 Total splits: 289 Good splits: 282 Marginal splits: 7
Reward: 56281.2371722 Total splits: 275 Good splits: 269 Marginal splits: 6
Reward: 48860.7981721 Total splits: 256 Good splits: 251 Marginal splits: 6
Reward: 56343.1215445 Total splits: 262 Good splits: 252 Marginal splits: 4
Reward: 46323.8922522 Total splits: 264 Good splits: 257 Marginal splits: 9
Reward: 52284.5243993 Total splits: 272 Good splits: 263 Marginal splits: 6
Reward: 49924.2682798 Total splits: 284 Good splits: 274 Marginal splits: 6
Reward: 55726.4065891 Total splits: 283 Good splits: 274 Marginal splits: 6
Reward: 51691.7158541 Total splits: 290 Good splits: 281 Marginal splits: 8
Reward: 55590.1000342 Total splits: 255 Good splits: 247 Marginal splits: 5
Reward: 51190.4307618 Total splits: 259 Good splits: 251 Marginal splits: 4
Reward: 55313.120841 Total splits: 261 Good splits: 257 Marginal splits: 4
Reward: 50906.5227986 Total splits: 270 Good splits: 257 Marginal splits: 5
Reward: 53493.0855157 Total splits: 275 Good splits: 258 Marginal splits: 5
Reward: 51565.976707 Total splits: 257 Good splits: 247 Marginal splits: 4
Reward: 52657.0336283 Total splits: 283 Good splits: 270 Marginal splits: 6
Reward: 53067.2184474 Total splits: 270 Good splits: 264 Marginal splits: 7
Reward: 52192.5363805 Total splits: 267 Good splits: 256 Marginal splits: 8
Reward: 53181.5721228 Total splits: 271 Good splits: 257 Marginal splits: 5
Reward: 52189.4136926 Total splits: 268 Good splits: 258 Marginal splits: 9
Reward: 53603.9381272 Total splits: 267 Good splits: 254 Marginal splits: 1
Reward: 48975.6514328 Total splits: 280 Good splits: 273 Marginal splits: 3
Reward: 52392.961522 Total splits: 267 Good splits: 256 Marginal splits: 10
Reward: 46776.1983012 Total splits: 284 Good splits: 274 Marginal splits: 11
Reward: 54180.5303209 Total splits: 256 Good splits: 246 Marginal splits: 5
Reward: 51030.1641604 Total splits: 280 Good splits: 274 Marginal splits: 10
Reward: 54711.5877488 Total splits: 260 Good splits: 251 Marginal splits: 3
Reward: 51138.049954 Total splits: 284 Good splits: 280 Marginal splits: 8
Reward: 55698.6127449 Total splits: 261 Good splits: 254 Marginal splits: 8
Reward: 49557.5700403 Total splits: 263 Good splits: 252 Marginal splits: 5
Reward: 54976.9415596 Total splits: 274 Good splits: 262 Marginal splits: 7
Reward: 50350.5719315 Total splits: 282 Good splits: 272 Marginal splits: 3
Reward: 54898.1061219 Total splits: 272 Good splits: 262 Marginal splits: 6
Reward: 48135.334252 Total splits: 255 Good splits: 247 Marginal splits: 6
Reward: 55415.3768589 Total splits: 298 Good splits: 287 Marginal splits: 6
Reward: 50933.2100447 Total splits: 283 Good splits: 266 Marginal splits: 8
Reward: 54596.8854937 Total splits: 260 Good splits: 255 Marginal splits: 5
Reward: 52019.7210234 Total splits: 278 Good splits: 269 Marginal splits: 5
Reward: 57459.6033698 Total splits: 258 Good splits: 252 Marginal splits: 6
Reward: 49307.8654296 Total splits: 264 Good splits: 259 Marginal splits: 5
Reward: 54188.8158947 Total splits: 271 Good splits: 265 Marginal splits: 7
Reward: 49799.3544352 Total splits: 287 Good splits: 281 Marginal splits: 7
Reward: 54389.8374604 Total splits: 280 Good splits: 271 Marginal splits: 3
Reward: 49608.723795 Total splits: 265 Good splits: 258 Marginal splits: 2
Reward: 53709.6961748 Total splits: 263 Good splits: 255 Marginal splits: 11
Reward: 50834.912248 Total splits: 275 Good splits: 268 Marginal splits: 6
Reward: 53012.2465072 Total splits: 285 Good splits: 273 Marginal splits: 7
Reward: 52786.1689997 Total splits: 280 Good splits: 273 Marginal splits: 5
Reward: 52011.3264755 Total splits: 265 Good splits: 257 Marginal splits: 4
Reward: 51989.570586 Total splits: 266 Good splits: 260 Marginal splits: 5
Reward: 52631.9888869 Total splits: 261 Good splits: 253 Marginal splits: 4
Reward: 52277.4836989 Total splits: 271 Good splits: 261 Marginal splits: 2
Reward: 50639.7477531 Total splits: 278 Good splits: 270 Marginal splits: 8
Reward: 53369.1356773 Total splits: 283 Good splits: 272 Marginal splits: 5
Reward: 51984.5459397 Total splits: 267 Good splits: 257 Marginal splits: 5
Reward: 52010.7361705 Total splits: 273 Good splits: 264 Marginal splits: 3
Reward: 50216.154959 Total splits: 276 Good splits: 264 Marginal splits: 8
Reward: 53932.8856901 Total splits: 275 Good splits: 263 Marginal splits: 4
Reward: 48041.1300693 Total splits: 269 Good splits: 261 Marginal splits: 5
Reward: 54453.0668153 Total splits: 256 Good splits: 247 Marginal splits: 9
Reward: 50851.3168694 Total splits: 267 Good splits: 260 Marginal splits: 5
Reward: 55547.9422265 Total splits: 283 Good splits: 270 Marginal splits: 6
Reward: 49476.2361838 Total splits: 275 Good splits: 270 Marginal splits: 13
Reward: 55149.0810143 Total splits: 265 Good splits: 251 Marginal splits: 9
Reward: 49407.0425081 Total splits: 264 Good splits: 256 Marginal splits: 5
Reward: 53667.4028648 Total splits: 282 Good splits: 274 Marginal splits: 9
Reward: 50216.4867462 Total splits: 257 Good splits: 242 Marginal splits: 8
Reward: 53608.2282999 Total splits: 254 Good splits: 245 Marginal splits: 3
Reward: 47658.7466142 Total splits: 260 Good splits: 251 Marginal splits: 9
Reward: 56276.0594594 Total splits: 253 Good splits: 248 Marginal splits: 8
Reward: 49611.3853447 Total splits: 290 Good splits: 280 Marginal splits: 7
Reward: 55857.3178342 Total splits: 263 Good splits: 255 Marginal splits: 4
Reward: 50117.5609908 Total splits: 267 Good splits: 257 Marginal splits: 1
Reward: 56065.5490243 Total splits: 274 Good splits: 264 Marginal splits: 4
Reward: 51868.3677732 Total splits: 273 Good splits: 266 Marginal splits: 4
Reward: 54072.5066944 Total splits: 289 Good splits: 279 Marginal splits: 4
Reward: 51444.2527833 Total splits: 296 Good splits: 285 Marginal splits: 10
Reward: 54078.7620015 Total splits: 269 Good splits: 251 Marginal splits: 4
Reward: 51990.1578544 Total splits: 260 Good splits: 252 Marginal splits: 6
Reward: 52074.8478516 Total splits: 289 Good splits: 277 Marginal splits: 5
Reward: 49695.2426553 Total splits: 276 Good splits: 268 Marginal splits: 3
Reward: 53509.6564537 Total splits: 262 Good splits: 254 Marginal splits: 4
Reward: 48795.1826001 Total splits: 271 Good splits: 259 Marginal splits: 8
Reward: 53849.5717731 Total splits: 275 Good splits: 265 Marginal splits: 8
Reward: 51533.8123031 Total splits: 259 Good splits: 252 Marginal splits: 3
Reward: 50352.7682155 Total splits: 268 Good splits: 259 Marginal splits: 5
Reward: 52126.373436 Total splits: 255 Good splits: 241 Marginal splits: 9
Reward: 52082.0000045 Total splits: 284 Good splits: 270 Marginal splits: 4
Reward: 51522.1482496 Total splits: 273 Good splits: 266 Marginal splits: 8
Reward: 50819.1184818 Total splits: 276 Good splits: 266 Marginal splits: 1
Reward: 52316.1264915 Total splits: 261 Good splits: 254 Marginal splits: 8
Reward: 49581.5601554 Total splits: 271 Good splits: 264 Marginal splits: 9
Reward: 53657.7980867 Total splits: 267 Good splits: 258 Marginal splits: 2
Reward: 49367.842443 Total splits: 276 Good splits: 265 Marginal splits: 8
Reward: 54146.1670318 Total splits: 259 Good splits: 249 Marginal splits: 4
Reward: 51001.2756794 Total splits: 278 Good splits: 266 Marginal splits: 7
Reward: 54120.5785479 Total splits: 272 Good splits: 260 Marginal splits: 7
Reward: 49637.5080601 Total splits: 269 Good splits: 259 Marginal splits: 7
Reward: 57361.8673838 Total splits: 262 Good splits: 248 Marginal splits: 4
Reward: 50896.0828477 Total splits: 277 Good splits: 271 Marginal splits: 3
Reward: 53724.4083477 Total splits: 279 Good splits: 268 Marginal splits: 4
Reward: 48631.8631524 Total splits: 269 Good splits: 258 Marginal splits: 11
Reward: 56987.9120889 Total splits: 265 Good splits: 255 Marginal splits: 4
Reward: 49347.9862271 Total splits: 272 Good splits: 259 Marginal splits: 7
Reward: 54582.2849564 Total splits: 268 Good splits: 260 Marginal splits: 4
Reward: 50041.5672607 Total splits: 288 Good splits: 280 Marginal splits: 8
Reward: 57048.6677435 Total splits: 269 Good splits: 256 Marginal splits: 8
Reward: 48996.2551774 Total splits: 268 Good splits: 264 Marginal splits: 7
Reward: 54732.9002136 Total splits: 266 Good splits: 254 Marginal splits: 8
Reward: 49925.6355272 Total splits: 280 Good splits: 268 Marginal splits: 4
Reward: 56198.0855607 Total splits: 269 Good splits: 258 Marginal splits: 6
Reward: 49902.2409652 Total splits: 274 Good splits: 261 Marginal splits: 3
Reward: 52529.9264208 Total splits: 295 Good splits: 287 Marginal splits: 11
Reward: 51330.1224317 Total splits: 259 Good splits: 253 Marginal splits: 6
Reward: 54547.1416866 Total splits: 273 Good splits: 262 Marginal splits: 10
Reward: 51327.9210411 Total splits: 264 Good splits: 253 Marginal splits: 5
Reward: 52493.1160576 Total splits: 259 Good splits: 249 Marginal splits: 5
Reward: 49316.3573761 Total splits: 268 Good splits: 255 Marginal splits: 8
Reward: 53780.608473 Total splits: 276 Good splits: 266 Marginal splits: 6
Reward: 50496.3843512 Total splits: 275 Good splits: 263 Marginal splits: 5
Reward: 52130.741262 Total splits: 276 Good splits: 272 Marginal splits: 11

Total results after running 200 tests
Average total rewards : 52190.5422474
Average total splits  : 271.315
Average good splits   : 262.25
Average good splits % : 96.6588651567

Reward: 55289.9092067 Total splits: 279 Good splits: 266 Marginal splits: 10
Reward: 49008.2953294 Total splits: 275 Good splits: 269 Marginal splits: 7
Reward: 55306.0393397 Total splits: 279 Good splits: 270 Marginal splits: 6
Reward: 50261.9175629 Total splits: 276 Good splits: 262 Marginal splits: 5
Reward: 56095.3839714 Total splits: 272 Good splits: 269 Marginal splits: 4
Reward: 46802.0896134 Total splits: 251 Good splits: 240 Marginal splits: 5
Reward: 55424.5301579 Total splits: 271 Good splits: 259 Marginal splits: 4
Reward: 48666.2352359 Total splits: 283 Good splits: 276 Marginal splits: 9
Reward: 56675.4522603 Total splits: 282 Good splits: 271 Marginal splits: 11
Reward: 50635.0346272 Total splits: 262 Good splits: 260 Marginal splits: 5
Reward: 50539.6789735 Total splits: 289 Good splits: 273 Marginal splits: 6
Reward: 48507.0576252 Total splits: 259 Good splits: 247 Marginal splits: 4
Reward: 56189.9363012 Total splits: 270 Good splits: 262 Marginal splits: 7
Reward: 49503.407466 Total splits: 271 Good splits: 268 Marginal splits: 6
Reward: 54064.7985396 Total splits: 267 Good splits: 256 Marginal splits: 6
Reward: 49982.9421586 Total splits: 253 Good splits: 244 Marginal splits: 2
Reward: 54187.5200708 Total splits: 265 Good splits: 252 Marginal splits: 6
Reward: 52174.1629777 Total splits: 264 Good splits: 255 Marginal splits: 7
Reward: 54915.6902554 Total splits: 277 Good splits: 265 Marginal splits: 7
Reward: 51716.0731297 Total splits: 282 Good splits: 273 Marginal splits: 11
Reward: 52835.7649091 Total splits: 270 Good splits: 259 Marginal splits: 2
Reward: 47676.6935474 Total splits: 279 Good splits: 267 Marginal splits: 9
Reward: 53008.4403988 Total splits: 277 Good splits: 271 Marginal splits: 9
Reward: 53714.5118522 Total splits: 281 Good splits: 273 Marginal splits: 6
Reward: 51682.7589815 Total splits: 283 Good splits: 271 Marginal splits: 8
Reward: 49032.0602929 Total splits: 273 Good splits: 264 Marginal splits: 7
Reward: 52544.4670968 Total splits: 276 Good splits: 270 Marginal splits: 7
Reward: 54109.4260277 Total splits: 270 Good splits: 261 Marginal splits: 7
Reward: 50801.3312701 Total splits: 264 Good splits: 255 Marginal splits: 5
Reward: 53940.4507182 Total splits: 284 Good splits: 276 Marginal splits: 8
Reward: 49851.2201395 Total splits: 256 Good splits: 251 Marginal splits: 8
Reward: 52180.1795552 Total splits: 254 Good splits: 243 Marginal splits: 8
Reward: 50260.6707101 Total splits: 265 Good splits: 260 Marginal splits: 9
Reward: 52694.9095824 Total splits: 258 Good splits: 254 Marginal splits: 6
Reward: 51387.2777627 Total splits: 258 Good splits: 248 Marginal splits: 5
Reward: 56149.085259 Total splits: 273 Good splits: 262 Marginal splits: 3
Reward: 50208.0820206 Total splits: 261 Good splits: 258 Marginal splits: 4
Reward: 54088.6148035 Total splits: 242 Good splits: 233 Marginal splits: 9
Reward: 51480.6869005 Total splits: 287 Good splits: 275 Marginal splits: 7
Reward: 56982.8779903 Total splits: 273 Good splits: 266 Marginal splits: 6
Reward: 47059.7398999 Total splits: 257 Good splits: 252 Marginal splits: 7
Reward: 54978.1109734 Total splits: 265 Good splits: 254 Marginal splits: 5
Reward: 50831.7998556 Total splits: 274 Good splits: 265 Marginal splits: 9
Reward: 56922.9999373 Total splits: 289 Good splits: 276 Marginal splits: 5
Reward: 48330.1677366 Total splits: 265 Good splits: 263 Marginal splits: 1
Reward: 54618.5571733 Total splits: 296 Good splits: 286 Marginal splits: 5
Reward: 46902.5538347 Total splits: 268 Good splits: 256 Marginal splits: 5
Reward: 57052.3895463 Total splits: 265 Good splits: 258 Marginal splits: 3
Reward: 51817.2380804 Total splits: 262 Good splits: 245 Marginal splits: 10
Reward: 53339.8846503 Total splits: 280 Good splits: 274 Marginal splits: 6
Reward: 49812.7471061 Total splits: 265 Good splits: 255 Marginal splits: 3
Reward: 54349.356658 Total splits: 273 Good splits: 262 Marginal splits: 7
Reward: 49553.7585379 Total splits: 276 Good splits: 268 Marginal splits: 6
Reward: 53355.0804678 Total splits: 293 Good splits: 287 Marginal splits: 8
Reward: 48693.8597432 Total splits: 275 Good splits: 267 Marginal splits: 7
Reward: 53664.6448764 Total splits: 269 Good splits: 262 Marginal splits: 8
Reward: 51293.6603665 Total splits: 249 Good splits: 243 Marginal splits: 8
Reward: 52524.2724716 Total splits: 275 Good splits: 266 Marginal splits: 4
Reward: 52746.3452278 Total splits: 265 Good splits: 256 Marginal splits: 1
Reward: 50303.7074167 Total splits: 272 Good splits: 261 Marginal splits: 6
Reward: 51522.3744528 Total splits: 260 Good splits: 253 Marginal splits: 2
Reward: 51810.554011 Total splits: 276 Good splits: 269 Marginal splits: 6
Reward: 53025.2656769 Total splits: 246 Good splits: 236 Marginal splits: 6
Reward: 50241.6944927 Total splits: 268 Good splits: 263 Marginal splits: 5
Reward: 54447.1618338 Total splits: 280 Good splits: 265 Marginal splits: 5
Reward: 52445.7871225 Total splits: 280 Good splits: 268 Marginal splits: 6
Reward: 54202.159234 Total splits: 270 Good splits: 260 Marginal splits: 3
Reward: 52130.3728885 Total splits: 278 Good splits: 271 Marginal splits: 9
Reward: 54174.3693422 Total splits: 264 Good splits: 254 Marginal splits: 4
Reward: 49314.5466452 Total splits: 270 Good splits: 254 Marginal splits: 6
Reward: 54059.6195324 Total splits: 283 Good splits: 274 Marginal splits: 6
Reward: 49859.9596624 Total splits: 281 Good splits: 270 Marginal splits: 4
Reward: 54720.1514442 Total splits: 272 Good splits: 265 Marginal splits: 3
Reward: 49041.9140163 Total splits: 270 Good splits: 262 Marginal splits: 2
Reward: 54090.0167483 Total splits: 262 Good splits: 258 Marginal splits: 8
Reward: 52114.2966967 Total splits: 263 Good splits: 256 Marginal splits: 4
Reward: 55546.4720121 Total splits: 292 Good splits: 288 Marginal splits: 7
Reward: 51086.1065021 Total splits: 274 Good splits: 259 Marginal splits: 6
Reward: 52701.2917602 Total splits: 263 Good splits: 254 Marginal splits: 7
Reward: 48346.8089923 Total splits: 262 Good splits: 253 Marginal splits: 8
Reward: 54195.1971139 Total splits: 272 Good splits: 260 Marginal splits: 3
Reward: 49127.6593273 Total splits: 251 Good splits: 241 Marginal splits: 10
Reward: 54524.4295955 Total splits: 283 Good splits: 277 Marginal splits: 6
Reward: 48636.1430424 Total splits: 280 Good splits: 271 Marginal splits: 9
Reward: 54531.2705598 Total splits: 281 Good splits: 271 Marginal splits: 15
Reward: 50498.5208159 Total splits: 284 Good splits: 278 Marginal splits: 7
Reward: 55659.4909621 Total splits: 282 Good splits: 269 Marginal splits: 4
Reward: 52631.5005522 Total splits: 250 Good splits: 239 Marginal splits: 6
Reward: 53545.9499677 Total splits: 269 Good splits: 257 Marginal splits: 10
Reward: 48470.9356157 Total splits: 276 Good splits: 258 Marginal splits: 11
Reward: 54217.9213355 Total splits: 257 Good splits: 252 Marginal splits: 4
Reward: 50305.1526038 Total splits: 277 Good splits: 264 Marginal splits: 9
Reward: 52841.4921546 Total splits: 268 Good splits: 257 Marginal splits: 7
Reward: 50898.7595033 Total splits: 265 Good splits: 259 Marginal splits: 6
Reward: 54163.9820945 Total splits: 266 Good splits: 256 Marginal splits: 5
Reward: 51925.2605232 Total splits: 265 Good splits: 246 Marginal splits: 8
Reward: 53453.9967802 Total splits: 280 Good splits: 274 Marginal splits: 8
Reward: 53641.9854744 Total splits: 258 Good splits: 247 Marginal splits: 6
Reward: 50808.6135771 Total splits: 264 Good splits: 253 Marginal splits: 7
Reward: 53095.9117989 Total splits: 272 Good splits: 265 Marginal splits: 10
Reward: 49908.1892245 Total splits: 270 Good splits: 257 Marginal splits: 4
Reward: 53056.4274978 Total splits: 268 Good splits: 259 Marginal splits: 4
Reward: 49006.9637339 Total splits: 269 Good splits: 264 Marginal splits: 7
Reward: 52215.0631685 Total splits: 262 Good splits: 258 Marginal splits: 6
Reward: 50584.3954451 Total splits: 296 Good splits: 288 Marginal splits: 10
Reward: 53575.8141949 Total splits: 267 Good splits: 262 Marginal splits: 7
Reward: 50810.6933705 Total splits: 262 Good splits: 252 Marginal splits: 6
Reward: 53222.4315375 Total splits: 267 Good splits: 260 Marginal splits: 3
Reward: 47913.4355224 Total splits: 252 Good splits: 245 Marginal splits: 5
Reward: 54821.240376 Total splits: 274 Good splits: 260 Marginal splits: 4
Reward: 47975.4380829 Total splits: 279 Good splits: 269 Marginal splits: 8
Reward: 55226.9246105 Total splits: 255 Good splits: 243 Marginal splits: 10
Reward: 48678.8217123 Total splits: 277 Good splits: 267 Marginal splits: 10
Reward: 54275.4033048 Total splits: 268 Good splits: 261 Marginal splits: 7
Reward: 48642.4668863 Total splits: 287 Good splits: 275 Marginal splits: 6
Reward: 55753.0641067 Total splits: 286 Good splits: 281 Marginal splits: 8
Reward: 51328.4190853 Total splits: 281 Good splits: 273 Marginal splits: 7
Reward: 54286.5033305 Total splits: 286 Good splits: 271 Marginal splits: 9
Reward: 49101.5898075 Total splits: 273 Good splits: 260 Marginal splits: 9
Reward: 56649.0708395 Total splits: 276 Good splits: 271 Marginal splits: 5
Reward: 49840.7846537 Total splits: 270 Good splits: 259 Marginal splits: 6
Reward: 53519.8385317 Total splits: 290 Good splits: 279 Marginal splits: 7
Reward: 48958.7624865 Total splits: 284 Good splits: 273 Marginal splits: 4
Reward: 55659.732553 Total splits: 276 Good splits: 270 Marginal splits: 5
Reward: 51440.1558808 Total splits: 262 Good splits: 255 Marginal splits: 5
Reward: 54825.0162402 Total splits: 267 Good splits: 257 Marginal splits: 4
Reward: 52776.5501046 Total splits: 263 Good splits: 254 Marginal splits: 3
Reward: 49786.7436033 Total splits: 293 Good splits: 274 Marginal splits: 12
Reward: 50275.3095196 Total splits: 272 Good splits: 258 Marginal splits: 4
Reward: 50636.0028118 Total splits: 272 Good splits: 268 Marginal splits: 9
Reward: 49712.4115958 Total splits: 264 Good splits: 259 Marginal splits: 3
Reward: 51910.2993422 Total splits: 272 Good splits: 268 Marginal splits: 6
Reward: 52894.4949489 Total splits: 255 Good splits: 248 Marginal splits: 6
Reward: 49001.1908552 Total splits: 282 Good splits: 274 Marginal splits: 6
Reward: 53652.2406469 Total splits: 276 Good splits: 264 Marginal splits: 6
Reward: 51659.5249586 Total splits: 261 Good splits: 253 Marginal splits: 4
Reward: 52594.7281767 Total splits: 252 Good splits: 247 Marginal splits: 2
Reward: 49163.2650516 Total splits: 281 Good splits: 274 Marginal splits: 6
Reward: 54849.0961914 Total splits: 272 Good splits: 258 Marginal splits: 3
Reward: 48424.0561861 Total splits: 305 Good splits: 292 Marginal splits: 5
Reward: 56934.3270772 Total splits: 290 Good splits: 280 Marginal splits: 5
Reward: 47553.3263869 Total splits: 248 Good splits: 238 Marginal splits: 9
Reward: 55952.0644391 Total splits: 270 Good splits: 264 Marginal splits: 9
Reward: 46788.8534723 Total splits: 284 Good splits: 269 Marginal splits: 9
Reward: 54519.9724221 Total splits: 264 Good splits: 260 Marginal splits: 6
Reward: 50357.1511219 Total splits: 283 Good splits: 276 Marginal splits: 9
Reward: 55337.2943247 Total splits: 258 Good splits: 256 Marginal splits: 7
Reward: 47265.6966953 Total splits: 269 Good splits: 253 Marginal splits: 12
Reward: 56576.5794001 Total splits: 264 Good splits: 255 Marginal splits: 4
Reward: 51146.9880777 Total splits: 270 Good splits: 259 Marginal splits: 7
Reward: 53307.2593955 Total splits: 283 Good splits: 274 Marginal splits: 8
Reward: 47754.3476835 Total splits: 272 Good splits: 263 Marginal splits: 9
Reward: 56678.1778118 Total splits: 280 Good splits: 273 Marginal splits: 7
Reward: 50283.4503791 Total splits: 262 Good splits: 256 Marginal splits: 4
Reward: 56737.5885607 Total splits: 269 Good splits: 255 Marginal splits: 8
Reward: 50001.8203485 Total splits: 287 Good splits: 273 Marginal splits: 6
Reward: 54485.9059933 Total splits: 289 Good splits: 284 Marginal splits: 6
Reward: 51218.8465211 Total splits: 279 Good splits: 272 Marginal splits: 6
Reward: 54221.3549736 Total splits: 257 Good splits: 250 Marginal splits: 5
Reward: 49899.2938804 Total splits: 266 Good splits: 256 Marginal splits: 4
Reward: 52458.1507055 Total splits: 279 Good splits: 270 Marginal splits: 3
Reward: 49922.4029065 Total splits: 280 Good splits: 276 Marginal splits: 11
Reward: 51668.5941605 Total splits: 280 Good splits: 267 Marginal splits: 7
Reward: 51855.6840046 Total splits: 278 Good splits: 268 Marginal splits: 3
Reward: 53264.9847416 Total splits: 265 Good splits: 258 Marginal splits: 5
Reward: 51490.1828823 Total splits: 279 Good splits: 270 Marginal splits: 7
Reward: 52698.9081736 Total splits: 271 Good splits: 266 Marginal splits: 4
Reward: 53557.2030078 Total splits: 281 Good splits: 272 Marginal splits: 9
Reward: 51648.8144355 Total splits: 283 Good splits: 274 Marginal splits: 1
Reward: 52145.9158041 Total splits: 294 Good splits: 282 Marginal splits: 9
Reward: 49733.7943806 Total splits: 279 Good splits: 271 Marginal splits: 8
Reward: 52890.1088099 Total splits: 258 Good splits: 245 Marginal splits: 6
Reward: 50791.4562528 Total splits: 267 Good splits: 259 Marginal splits: 5
Reward: 53709.355958 Total splits: 272 Good splits: 260 Marginal splits: 8
Reward: 50530.4305545 Total splits: 286 Good splits: 280 Marginal splits: 6
Reward: 55139.7883356 Total splits: 262 Good splits: 253 Marginal splits: 6
Reward: 49934.5577741 Total splits: 272 Good splits: 266 Marginal splits: 7
Reward: 55707.3362121 Total splits: 256 Good splits: 245 Marginal splits: 6
Reward: 48732.5385014 Total splits: 275 Good splits: 261 Marginal splits: 6
Reward: 53903.3108877 Total splits: 261 Good splits: 251 Marginal splits: 5
Reward: 48768.0230779 Total splits: 266 Good splits: 257 Marginal splits: 6
Reward: 57317.5536355 Total splits: 256 Good splits: 247 Marginal splits: 9
Reward: 49476.6077042 Total splits: 270 Good splits: 259 Marginal splits: 6
Reward: 54641.0648462 Total splits: 260 Good splits: 252 Marginal splits: 6
Reward: 49293.2924213 Total splits: 272 Good splits: 262 Marginal splits: 6
Reward: 55925.4402064 Total splits: 292 Good splits: 279 Marginal splits: 9
Reward: 50516.2313466 Total splits: 262 Good splits: 246 Marginal splits: 4
Reward: 57027.7225761 Total splits: 277 Good splits: 271 Marginal splits: 8
Reward: 51386.1509792 Total splits: 283 Good splits: 273 Marginal splits: 10
Reward: 53423.4695001 Total splits: 265 Good splits: 256 Marginal splits: 9
Reward: 50019.5610016 Total splits: 262 Good splits: 257 Marginal splits: 7
Reward: 51790.4247933 Total splits: 279 Good splits: 275 Marginal splits: 7
Reward: 51932.0525468 Total splits: 248 Good splits: 238 Marginal splits: 5
Reward: 54773.3472998 Total splits: 283 Good splits: 274 Marginal splits: 8
Reward: 51684.1797331 Total splits: 271 Good splits: 259 Marginal splits: 6
Reward: 53566.9482748 Total splits: 275 Good splits: 263 Marginal splits: 4
Reward: 50723.8023474 Total splits: 258 Good splits: 250 Marginal splits: 4
Reward: 53094.5610356 Total splits: 274 Good splits: 261 Marginal splits: 7
Reward: 49889.0577886 Total splits: 282 Good splits: 274 Marginal splits: 12
Reward: 52125.4353129 Total splits: 278 Good splits: 268 Marginal splits: 7

Total results after running 200 tests
Average total rewards : 52127.8646985
Average total splits  : 271.585
Average good splits   : 262.385
Average good splits % : 96.6124785979

Reward: 50085.4249566 Total splits: 269 Good splits: 259 Marginal splits: 6
Reward: 48410.4394964 Total splits: 255 Good splits: 246 Marginal splits: 4
Reward: 55982.6176014 Total splits: 278 Good splits: 268 Marginal splits: 8
Reward: 49922.8910121 Total splits: 255 Good splits: 252 Marginal splits: 12
Reward: 55645.2026943 Total splits: 278 Good splits: 267 Marginal splits: 10
Reward: 48294.1872222 Total splits: 272 Good splits: 258 Marginal splits: 7
Reward: 54350.0295745 Total splits: 271 Good splits: 268 Marginal splits: 2
Reward: 50595.4535871 Total splits: 272 Good splits: 265 Marginal splits: 3
Reward: 56060.0956299 Total splits: 277 Good splits: 272 Marginal splits: 5
Reward: 50309.5676076 Total splits: 262 Good splits: 252 Marginal splits: 9
Reward: 52874.379624 Total splits: 277 Good splits: 271 Marginal splits: 4
Reward: 48886.9558494 Total splits: 260 Good splits: 254 Marginal splits: 8
Reward: 55567.0839345 Total splits: 279 Good splits: 269 Marginal splits: 7
Reward: 50870.4158987 Total splits: 287 Good splits: 269 Marginal splits: 3
Reward: 55008.1859339 Total splits: 278 Good splits: 268 Marginal splits: 6
Reward: 46152.2053878 Total splits: 297 Good splits: 291 Marginal splits: 5
Reward: 55527.6690519 Total splits: 266 Good splits: 259 Marginal splits: 8
Reward: 49992.6341135 Total splits: 279 Good splits: 271 Marginal splits: 7
Reward: 51876.8045405 Total splits: 266 Good splits: 260 Marginal splits: 9
Reward: 50638.6231097 Total splits: 281 Good splits: 272 Marginal splits: 6
Reward: 52327.1806825 Total splits: 276 Good splits: 267 Marginal splits: 6
Reward: 50210.2434731 Total splits: 291 Good splits: 281 Marginal splits: 11
Reward: 52660.3646978 Total splits: 262 Good splits: 255 Marginal splits: 8
Reward: 52165.0500948 Total splits: 267 Good splits: 257 Marginal splits: 7
Reward: 52884.3196101 Total splits: 275 Good splits: 266 Marginal splits: 4
Reward: 53368.3119005 Total splits: 273 Good splits: 262 Marginal splits: 6
Reward: 50029.9809437 Total splits: 278 Good splits: 273 Marginal splits: 4
Reward: 54891.6411451 Total splits: 273 Good splits: 260 Marginal splits: 3
Reward: 51729.9102543 Total splits: 283 Good splits: 273 Marginal splits: 4
Reward: 51776.5650138 Total splits: 265 Good splits: 255 Marginal splits: 6
Reward: 50141.5889795 Total splits: 255 Good splits: 242 Marginal splits: 6
Reward: 53512.2905928 Total splits: 268 Good splits: 261 Marginal splits: 7
Reward: 49976.5566193 Total splits: 280 Good splits: 270 Marginal splits: 7
Reward: 53854.5414589 Total splits: 284 Good splits: 271 Marginal splits: 2
Reward: 48773.9973591 Total splits: 257 Good splits: 247 Marginal splits: 3
Reward: 54052.8164435 Total splits: 295 Good splits: 283 Marginal splits: 11
Reward: 51735.6723237 Total splits: 269 Good splits: 264 Marginal splits: 6
Reward: 53407.4067081 Total splits: 291 Good splits: 280 Marginal splits: 8
Reward: 50939.0998281 Total splits: 265 Good splits: 259 Marginal splits: 8
Reward: 55128.2280139 Total splits: 277 Good splits: 264 Marginal splits: 6
Reward: 49149.2250218 Total splits: 300 Good splits: 291 Marginal splits: 5
Reward: 57504.9765226 Total splits: 284 Good splits: 274 Marginal splits: 8
Reward: 49710.7980632 Total splits: 274 Good splits: 266 Marginal splits: 5
Reward: 55558.7252476 Total splits: 270 Good splits: 261 Marginal splits: 8
Reward: 47518.4101402 Total splits: 271 Good splits: 263 Marginal splits: 8
Reward: 57486.0117419 Total splits: 268 Good splits: 259 Marginal splits: 7
Reward: 48222.9148787 Total splits: 266 Good splits: 251 Marginal splits: 5
Reward: 54240.6880055 Total splits: 301 Good splits: 295 Marginal splits: 8
Reward: 51357.7015425 Total splits: 273 Good splits: 265 Marginal splits: 7
Reward: 54845.0751327 Total splits: 279 Good splits: 273 Marginal splits: 8
Reward: 48396.1486491 Total splits: 283 Good splits: 274 Marginal splits: 7
Reward: 53479.8454463 Total splits: 248 Good splits: 239 Marginal splits: 2
Reward: 48771.6465898 Total splits: 273 Good splits: 269 Marginal splits: 5
Reward: 52031.3578783 Total splits: 263 Good splits: 251 Marginal splits: 6
Reward: 49611.91688 Total splits: 261 Good splits: 255 Marginal splits: 5
Reward: 54470.4033034 Total splits: 285 Good splits: 275 Marginal splits: 3
Reward: 51042.5703824 Total splits: 260 Good splits: 252 Marginal splits: 7
Reward: 53054.5539647 Total splits: 270 Good splits: 261 Marginal splits: 9
Reward: 51474.3466547 Total splits: 276 Good splits: 265 Marginal splits: 6
Reward: 52163.3152912 Total splits: 284 Good splits: 275 Marginal splits: 10
Reward: 51222.0919545 Total splits: 255 Good splits: 249 Marginal splits: 1
Reward: 51190.5552572 Total splits: 268 Good splits: 264 Marginal splits: 5
Reward: 53299.2270597 Total splits: 264 Good splits: 258 Marginal splits: 8
Reward: 50331.6838786 Total splits: 268 Good splits: 261 Marginal splits: 3
Reward: 53888.5341455 Total splits: 271 Good splits: 263 Marginal splits: 3
Reward: 52597.8405902 Total splits: 271 Good splits: 262 Marginal splits: 3
Reward: 53036.5644366 Total splits: 265 Good splits: 250 Marginal splits: 9
Reward: 52700.0894585 Total splits: 283 Good splits: 274 Marginal splits: 8
Reward: 54388.0332835 Total splits: 282 Good splits: 277 Marginal splits: 3
Reward: 49703.5155622 Total splits: 256 Good splits: 249 Marginal splits: 6
Reward: 54493.3666679 Total splits: 268 Good splits: 257 Marginal splits: 10
Reward: 48594.3010857 Total splits: 271 Good splits: 261 Marginal splits: 7
Reward: 54247.8555504 Total splits: 257 Good splits: 246 Marginal splits: 8
Reward: 48018.812299 Total splits: 268 Good splits: 262 Marginal splits: 8
Reward: 55199.6637411 Total splits: 265 Good splits: 260 Marginal splits: 6
Reward: 50243.0422043 Total splits: 259 Good splits: 251 Marginal splits: 6
Reward: 54922.8077772 Total splits: 273 Good splits: 270 Marginal splits: 10
Reward: 50980.2255518 Total splits: 271 Good splits: 257 Marginal splits: 3
Reward: 53586.096441 Total splits: 276 Good splits: 263 Marginal splits: 11
Reward: 47559.0280555 Total splits: 279 Good splits: 266 Marginal splits: 4
Reward: 57060.1663182 Total splits: 274 Good splits: 264 Marginal splits: 4
Reward: 49745.4851087 Total splits: 263 Good splits: 256 Marginal splits: 7
Reward: 53173.0005522 Total splits: 277 Good splits: 269 Marginal splits: 8
Reward: 49350.8732912 Total splits: 285 Good splits: 278 Marginal splits: 5
Reward: 55403.284467 Total splits: 282 Good splits: 274 Marginal splits: 3
Reward: 45119.9935122 Total splits: 277 Good splits: 266 Marginal splits: 5
Reward: 54168.5238865 Total splits: 275 Good splits: 256 Marginal splits: 11
Reward: 52347.7721668 Total splits: 276 Good splits: 263 Marginal splits: 3
Reward: 55066.1380847 Total splits: 285 Good splits: 275 Marginal splits: 7
Reward: 50724.1524021 Total splits: 262 Good splits: 255 Marginal splits: 2
Reward: 54187.9450874 Total splits: 288 Good splits: 275 Marginal splits: 7
Reward: 47379.1713668 Total splits: 283 Good splits: 275 Marginal splits: 4
Reward: 52455.2942831 Total splits: 266 Good splits: 258 Marginal splits: 11
Reward: 51166.6998392 Total splits: 267 Good splits: 257 Marginal splits: 7
Reward: 54240.1586542 Total splits: 246 Good splits: 237 Marginal splits: 3
Reward: 52572.6662767 Total splits: 272 Good splits: 260 Marginal splits: 7
Reward: 50525.2019058 Total splits: 282 Good splits: 270 Marginal splits: 5
Reward: 53042.0606696 Total splits: 273 Good splits: 263 Marginal splits: 9
Reward: 49205.0200004 Total splits: 284 Good splits: 275 Marginal splits: 2
Reward: 53627.8385309 Total splits: 280 Good splits: 275 Marginal splits: 7
Reward: 52000.4717011 Total splits: 280 Good splits: 271 Marginal splits: 5
Reward: 53507.620176 Total splits: 271 Good splits: 266 Marginal splits: 9
Reward: 50994.0029316 Total splits: 286 Good splits: 281 Marginal splits: 9
Reward: 53326.8450653 Total splits: 279 Good splits: 269 Marginal splits: 6
Reward: 50472.3379695 Total splits: 285 Good splits: 278 Marginal splits: 6
Reward: 53102.708345 Total splits: 277 Good splits: 268 Marginal splits: 8
Reward: 51648.3125882 Total splits: 267 Good splits: 257 Marginal splits: 3
Reward: 53417.4805396 Total splits: 270 Good splits: 264 Marginal splits: 4
Reward: 50174.7504943 Total splits: 256 Good splits: 249 Marginal splits: 5
Reward: 55943.829706 Total splits: 294 Good splits: 280 Marginal splits: 8
Reward: 49956.65692 Total splits: 252 Good splits: 245 Marginal splits: 5
Reward: 54711.8195796 Total splits: 273 Good splits: 264 Marginal splits: 6
Reward: 47206.6136543 Total splits: 276 Good splits: 262 Marginal splits: 6
Reward: 53447.038358 Total splits: 286 Good splits: 275 Marginal splits: 15
Reward: 50325.5316876 Total splits: 278 Good splits: 269 Marginal splits: 5
Reward: 55117.7739171 Total splits: 271 Good splits: 260 Marginal splits: 8
Reward: 46737.5619803 Total splits: 283 Good splits: 267 Marginal splits: 3
Reward: 54548.7543115 Total splits: 289 Good splits: 278 Marginal splits: 9
Reward: 48592.415596 Total splits: 254 Good splits: 249 Marginal splits: 7
Reward: 55900.5927002 Total splits: 254 Good splits: 247 Marginal splits: 7
Reward: 50281.3376278 Total splits: 264 Good splits: 253 Marginal splits: 5
Reward: 53564.4028767 Total splits: 280 Good splits: 271 Marginal splits: 9
Reward: 49832.4951695 Total splits: 265 Good splits: 259 Marginal splits: 5
Reward: 54633.2082477 Total splits: 256 Good splits: 249 Marginal splits: 11
Reward: 49442.6042081 Total splits: 268 Good splits: 259 Marginal splits: 4
Reward: 53426.0875424 Total splits: 256 Good splits: 241 Marginal splits: 7
Reward: 51656.6539698 Total splits: 258 Good splits: 248 Marginal splits: 7
Reward: 51699.0540298 Total splits: 266 Good splits: 258 Marginal splits: 5
Reward: 51701.2086307 Total splits: 271 Good splits: 264 Marginal splits: 6
Reward: 53306.0571078 Total splits: 267 Good splits: 256 Marginal splits: 6
Reward: 51138.3260042 Total splits: 274 Good splits: 273 Marginal splits: 8
Reward: 50951.3438941 Total splits: 269 Good splits: 260 Marginal splits: 10
Reward: 52889.0843618 Total splits: 281 Good splits: 267 Marginal splits: 4
Reward: 53589.178028 Total splits: 254 Good splits: 244 Marginal splits: 2
Reward: 53276.7251537 Total splits: 281 Good splits: 270 Marginal splits: 9
Reward: 51083.8405541 Total splits: 271 Good splits: 261 Marginal splits: 5
Reward: 53471.442586 Total splits: 271 Good splits: 260 Marginal splits: 5
Reward: 49469.3380676 Total splits: 272 Good splits: 262 Marginal splits: 4
Reward: 55076.9921956 Total splits: 275 Good splits: 262 Marginal splits: 6
Reward: 48669.9632889 Total splits: 257 Good splits: 248 Marginal splits: 7
Reward: 52959.1388243 Total splits: 273 Good splits: 264 Marginal splits: 8
Reward: 49326.1758186 Total splits: 277 Good splits: 264 Marginal splits: 8
Reward: 54148.6975249 Total splits: 261 Good splits: 251 Marginal splits: 7
Reward: 51011.640835 Total splits: 280 Good splits: 268 Marginal splits: 7
Reward: 55098.0469173 Total splits: 253 Good splits: 246 Marginal splits: 6
Reward: 50848.3986461 Total splits: 247 Good splits: 236 Marginal splits: 6
Reward: 53963.6922954 Total splits: 271 Good splits: 265 Marginal splits: 9
Reward: 47390.4616562 Total splits: 285 Good splits: 273 Marginal splits: 3
Reward: 50584.0660471 Total splits: 272 Good splits: 263 Marginal splits: 2
Reward: 49284.5135706 Total splits: 270 Good splits: 262 Marginal splits: 3
Reward: 56728.7011411 Total splits: 269 Good splits: 259 Marginal splits: 6
Reward: 49952.630427 Total splits: 259 Good splits: 246 Marginal splits: 2
Reward: 55973.8493226 Total splits: 271 Good splits: 264 Marginal splits: 5
Reward: 52046.8636723 Total splits: 276 Good splits: 264 Marginal splits: 7
Reward: 56115.2764899 Total splits: 274 Good splits: 267 Marginal splits: 7
Reward: 50832.7912051 Total splits: 277 Good splits: 271 Marginal splits: 6
Reward: 51937.4819235 Total splits: 263 Good splits: 254 Marginal splits: 3
Reward: 49128.3040868 Total splits: 268 Good splits: 258 Marginal splits: 7
Reward: 53830.1948586 Total splits: 279 Good splits: 270 Marginal splits: 7
Reward: 49135.7204279 Total splits: 271 Good splits: 262 Marginal splits: 6
Reward: 53526.7009891 Total splits: 291 Good splits: 280 Marginal splits: 7
Reward: 51151.8158929 Total splits: 275 Good splits: 269 Marginal splits: 5
Reward: 53032.1803503 Total splits: 266 Good splits: 257 Marginal splits: 6
Reward: 53521.4700618 Total splits: 277 Good splits: 267 Marginal splits: 8
Reward: 52155.8558537 Total splits: 248 Good splits: 242 Marginal splits: 6
Reward: 53539.8880843 Total splits: 269 Good splits: 260 Marginal splits: 4
Reward: 46978.6651741 Total splits: 287 Good splits: 277 Marginal splits: 7
Reward: 52524.516922 Total splits: 266 Good splits: 256 Marginal splits: 8
Reward: 49774.6737442 Total splits: 285 Good splits: 276 Marginal splits: 7
Reward: 53788.7201069 Total splits: 274 Good splits: 268 Marginal splits: 3
Reward: 51087.207873 Total splits: 268 Good splits: 261 Marginal splits: 9
Reward: 53724.7292421 Total splits: 280 Good splits: 271 Marginal splits: 6
Reward: 50789.4924688 Total splits: 262 Good splits: 251 Marginal splits: 7
Reward: 53677.5778029 Total splits: 279 Good splits: 271 Marginal splits: 5
Reward: 51132.9161355 Total splits: 270 Good splits: 263 Marginal splits: 7
Reward: 55035.1943843 Total splits: 285 Good splits: 278 Marginal splits: 5
Reward: 50472.9563961 Total splits: 275 Good splits: 268 Marginal splits: 9
Reward: 56358.6720447 Total splits: 269 Good splits: 257 Marginal splits: 6
Reward: 49460.2196036 Total splits: 281 Good splits: 270 Marginal splits: 7
Reward: 53836.9555863 Total splits: 276 Good splits: 269 Marginal splits: 7
Reward: 48277.6087547 Total splits: 264 Good splits: 251 Marginal splits: 4
Reward: 55521.0679109 Total splits: 257 Good splits: 250 Marginal splits: 5
Reward: 50237.8462762 Total splits: 274 Good splits: 264 Marginal splits: 8
Reward: 58012.2898689 Total splits: 256 Good splits: 253 Marginal splits: 8
Reward: 51174.9615829 Total splits: 269 Good splits: 258 Marginal splits: 7
Reward: 56134.4501164 Total splits: 256 Good splits: 250 Marginal splits: 4
Reward: 49595.9643196 Total splits: 274 Good splits: 266 Marginal splits: 6
Reward: 54660.2057469 Total splits: 276 Good splits: 272 Marginal splits: 2
Reward: 51148.5066511 Total splits: 263 Good splits: 257 Marginal splits: 5
Reward: 53665.6366693 Total splits: 278 Good splits: 267 Marginal splits: 6
Reward: 49562.4097097 Total splits: 266 Good splits: 254 Marginal splits: 8
Reward: 51707.8996455 Total splits: 280 Good splits: 270 Marginal splits: 7
Reward: 49991.0885184 Total splits: 268 Good splits: 257 Marginal splits: 10
Reward: 54376.9469098 Total splits: 266 Good splits: 254 Marginal splits: 6
Reward: 52026.3181348 Total splits: 279 Good splits: 268 Marginal splits: 7
Reward: 52947.0692202 Total splits: 292 Good splits: 284 Marginal splits: 4
Reward: 50824.3260545 Total splits: 269 Good splits: 259 Marginal splits: 10
Reward: 52573.4232816 Total splits: 281 Good splits: 270 Marginal splits: 9
Reward: 51140.3481836 Total splits: 266 Good splits: 254 Marginal splits: 9
Reward: 51452.40062 Total splits: 255 Good splits: 244 Marginal splits: 6

Total results after running 200 tests
Average total rewards : 52063.3116503
Average total splits  : 272.02
Average good splits   : 262.9
Average good splits % : 96.6473053452

Reward: 53571.1933498 Total splits: 267 Good splits: 259 Marginal splits: 8
Reward: 48260.5357022 Total splits: 250 Good splits: 244 Marginal splits: 7
Reward: 56532.9958358 Total splits: 273 Good splits: 265 Marginal splits: 5
Reward: 51194.7458384 Total splits: 267 Good splits: 258 Marginal splits: 5
Reward: 55258.3225731 Total splits: 263 Good splits: 256 Marginal splits: 5
Reward: 47774.310454 Total splits: 265 Good splits: 256 Marginal splits: 11
Reward: 52534.1135703 Total splits: 266 Good splits: 252 Marginal splits: 9
Reward: 50233.8150379 Total splits: 266 Good splits: 256 Marginal splits: 4
Reward: 56224.4698797 Total splits: 272 Good splits: 262 Marginal splits: 4
Reward: 51636.5785779 Total splits: 267 Good splits: 263 Marginal splits: 7
Reward: 54848.2743424 Total splits: 266 Good splits: 257 Marginal splits: 3
Reward: 49198.6008884 Total splits: 280 Good splits: 269 Marginal splits: 9
Reward: 56093.3236235 Total splits: 265 Good splits: 258 Marginal splits: 5
Reward: 50173.4683092 Total splits: 251 Good splits: 248 Marginal splits: 6
Reward: 54799.2437015 Total splits: 267 Good splits: 257 Marginal splits: 8
Reward: 49438.6573398 Total splits: 268 Good splits: 262 Marginal splits: 7
Reward: 54750.0920173 Total splits: 275 Good splits: 264 Marginal splits: 8
Reward: 52340.3877546 Total splits: 283 Good splits: 279 Marginal splits: 10
Reward: 52980.351815 Total splits: 263 Good splits: 257 Marginal splits: 6
Reward: 51272.6464729 Total splits: 270 Good splits: 261 Marginal splits: 2
Reward: 54714.4326679 Total splits: 272 Good splits: 266 Marginal splits: 3
Reward: 49681.2377161 Total splits: 287 Good splits: 279 Marginal splits: 13
Reward: 50241.0486283 Total splits: 280 Good splits: 276 Marginal splits: 7
Reward: 52626.8585676 Total splits: 254 Good splits: 246 Marginal splits: 6
Reward: 51605.3137349 Total splits: 272 Good splits: 256 Marginal splits: 5
Reward: 52044.3036039 Total splits: 270 Good splits: 266 Marginal splits: 10
Reward: 51196.9475627 Total splits: 281 Good splits: 271 Marginal splits: 7
Reward: 54870.4292561 Total splits: 264 Good splits: 250 Marginal splits: 4
Reward: 52665.959014 Total splits: 264 Good splits: 259 Marginal splits: 4
Reward: 54572.5002239 Total splits: 265 Good splits: 258 Marginal splits: 10
Reward: 50764.9447266 Total splits: 269 Good splits: 263 Marginal splits: 8
Reward: 53804.0179307 Total splits: 261 Good splits: 254 Marginal splits: 10
Reward: 50099.3199884 Total splits: 263 Good splits: 257 Marginal splits: 7
Reward: 53398.4019344 Total splits: 268 Good splits: 260 Marginal splits: 11
Reward: 49551.8880774 Total splits: 280 Good splits: 272 Marginal splits: 5
Reward: 56320.0797242 Total splits: 268 Good splits: 260 Marginal splits: 8
Reward: 50290.3629413 Total splits: 275 Good splits: 266 Marginal splits: 8
Reward: 55230.8220948 Total splits: 271 Good splits: 264 Marginal splits: 4
Reward: 51595.4719097 Total splits: 251 Good splits: 246 Marginal splits: 3
Reward: 56730.1603731 Total splits: 273 Good splits: 262 Marginal splits: 3
Reward: 48497.0136293 Total splits: 275 Good splits: 264 Marginal splits: 7
Reward: 53258.9785382 Total splits: 275 Good splits: 270 Marginal splits: 7
Reward: 48277.5717981 Total splits: 267 Good splits: 261 Marginal splits: 6
Reward: 53471.7647512 Total splits: 280 Good splits: 276 Marginal splits: 5
Reward: 48341.4091009 Total splits: 279 Good splits: 272 Marginal splits: 6
Reward: 55142.7456674 Total splits: 280 Good splits: 267 Marginal splits: 8
Reward: 49109.8914327 Total splits: 257 Good splits: 247 Marginal splits: 5
Reward: 56649.2629741 Total splits: 281 Good splits: 269 Marginal splits: 8
Reward: 52103.3533044 Total splits: 288 Good splits: 279 Marginal splits: 8
Reward: 56694.960162 Total splits: 273 Good splits: 268 Marginal splits: 8
Reward: 48809.2898207 Total splits: 268 Good splits: 254 Marginal splits: 7
Reward: 54365.1233965 Total splits: 278 Good splits: 272 Marginal splits: 7
Reward: 50369.6046569 Total splits: 265 Good splits: 254 Marginal splits: 9
Reward: 52762.777042 Total splits: 275 Good splits: 261 Marginal splits: 9
Reward: 49170.507609 Total splits: 268 Good splits: 257 Marginal splits: 3
Reward: 51888.8495679 Total splits: 262 Good splits: 256 Marginal splits: 3
Reward: 50034.7108637 Total splits: 260 Good splits: 253 Marginal splits: 12
Reward: 53626.0520264 Total splits: 295 Good splits: 287 Marginal splits: 4
Reward: 53332.3215991 Total splits: 290 Good splits: 279 Marginal splits: 10
Reward: 50930.5820449 Total splits: 260 Good splits: 253 Marginal splits: 9
Reward: 52925.1660726 Total splits: 278 Good splits: 273 Marginal splits: 7
Reward: 51980.9051231 Total splits: 282 Good splits: 269 Marginal splits: 2
Reward: 52551.137494 Total splits: 284 Good splits: 264 Marginal splits: 5
Reward: 50276.7466552 Total splits: 277 Good splits: 268 Marginal splits: 8
Reward: 53683.1197776 Total splits: 269 Good splits: 259 Marginal splits: 7
Reward: 50772.9411993 Total splits: 273 Good splits: 265 Marginal splits: 2
Reward: 54011.7378562 Total splits: 272 Good splits: 259 Marginal splits: 6
Reward: 51912.3081708 Total splits: 258 Good splits: 250 Marginal splits: 3
Reward: 53686.2629346 Total splits: 270 Good splits: 262 Marginal splits: 5
Reward: 48597.4291962 Total splits: 270 Good splits: 264 Marginal splits: 9
Reward: 54235.2288574 Total splits: 275 Good splits: 262 Marginal splits: 5
Reward: 48818.0711253 Total splits: 261 Good splits: 254 Marginal splits: 5
Reward: 52558.3649565 Total splits: 282 Good splits: 276 Marginal splits: 9
Reward: 46828.3723648 Total splits: 244 Good splits: 238 Marginal splits: 5
Reward: 54660.6684909 Total splits: 268 Good splits: 260 Marginal splits: 8
Reward: 50565.0352419 Total splits: 270 Good splits: 262 Marginal splits: 8
Reward: 55805.2379014 Total splits: 274 Good splits: 266 Marginal splits: 9
Reward: 49263.1356399 Total splits: 287 Good splits: 280 Marginal splits: 5
Reward: 51511.3024738 Total splits: 264 Good splits: 258 Marginal splits: 5
Reward: 48724.5464657 Total splits: 251 Good splits: 244 Marginal splits: 1
Reward: 54879.533084 Total splits: 275 Good splits: 266 Marginal splits: 2
Reward: 48601.2767399 Total splits: 279 Good splits: 273 Marginal splits: 8
Reward: 55122.9451965 Total splits: 282 Good splits: 272 Marginal splits: 12
Reward: 50240.4622765 Total splits: 256 Good splits: 249 Marginal splits: 5
Reward: 54409.3720276 Total splits: 280 Good splits: 272 Marginal splits: 7
Reward: 50329.14935 Total splits: 277 Good splits: 270 Marginal splits: 9
Reward: 51682.1539735 Total splits: 267 Good splits: 261 Marginal splits: 7
Reward: 50303.4249616 Total splits: 264 Good splits: 256 Marginal splits: 6
Reward: 54261.3348466 Total splits: 285 Good splits: 270 Marginal splits: 10
Reward: 49674.4686677 Total splits: 275 Good splits: 266 Marginal splits: 10
Reward: 54121.4774324 Total splits: 266 Good splits: 254 Marginal splits: 9
Reward: 49818.7606662 Total splits: 288 Good splits: 277 Marginal splits: 8
Reward: 54736.3928407 Total splits: 276 Good splits: 268 Marginal splits: 6
Reward: 52291.1338046 Total splits: 269 Good splits: 256 Marginal splits: 5
Reward: 52277.8939477 Total splits: 275 Good splits: 265 Marginal splits: 6
Reward: 53792.2364573 Total splits: 263 Good splits: 252 Marginal splits: 5
Reward: 50943.3580098 Total splits: 250 Good splits: 246 Marginal splits: 6
Reward: 52826.5853123 Total splits: 253 Good splits: 244 Marginal splits: 7
Reward: 51232.4504609 Total splits: 270 Good splits: 262 Marginal splits: 8
Reward: 53619.1583818 Total splits: 277 Good splits: 263 Marginal splits: 8
Reward: 50390.8595315 Total splits: 261 Good splits: 255 Marginal splits: 4
Reward: 51903.8570912 Total splits: 266 Good splits: 258 Marginal splits: 8
Reward: 49915.1339391 Total splits: 277 Good splits: 267 Marginal splits: 7
Reward: 54415.0174446 Total splits: 252 Good splits: 246 Marginal splits: 3
Reward: 52243.4480384 Total splits: 275 Good splits: 268 Marginal splits: 6
Reward: 54269.3175476 Total splits: 297 Good splits: 288 Marginal splits: 6
Reward: 50407.6058841 Total splits: 273 Good splits: 258 Marginal splits: 6
Reward: 56112.1825939 Total splits: 271 Good splits: 265 Marginal splits: 6
Reward: 49423.8336217 Total splits: 265 Good splits: 256 Marginal splits: 3
Reward: 58207.4089624 Total splits: 263 Good splits: 257 Marginal splits: 5
Reward: 48341.1428784 Total splits: 251 Good splits: 240 Marginal splits: 6
Reward: 53680.1864334 Total splits: 285 Good splits: 279 Marginal splits: 7
Reward: 48168.3656783 Total splits: 264 Good splits: 251 Marginal splits: 9
Reward: 56631.6638501 Total splits: 270 Good splits: 256 Marginal splits: 2
Reward: 46438.8967728 Total splits: 262 Good splits: 257 Marginal splits: 2
Reward: 55442.3342849 Total splits: 278 Good splits: 272 Marginal splits: 9
Reward: 49731.6397749 Total splits: 266 Good splits: 258 Marginal splits: 6
Reward: 54049.8966249 Total splits: 278 Good splits: 273 Marginal splits: 2
Reward: 49432.7580687 Total splits: 265 Good splits: 254 Marginal splits: 6
Reward: 55045.6126182 Total splits: 257 Good splits: 249 Marginal splits: 6
Reward: 51205.3386019 Total splits: 254 Good splits: 245 Marginal splits: 5
Reward: 50298.6889388 Total splits: 267 Good splits: 258 Marginal splits: 6
Reward: 48885.2605395 Total splits: 273 Good splits: 264 Marginal splits: 5
Reward: 54226.8127386 Total splits: 275 Good splits: 269 Marginal splits: 7
Reward: 49880.3680383 Total splits: 269 Good splits: 263 Marginal splits: 6
Reward: 49232.6401862 Total splits: 271 Good splits: 260 Marginal splits: 7
Reward: 50217.6550716 Total splits: 285 Good splits: 279 Marginal splits: 5
Reward: 51776.625491 Total splits: 267 Good splits: 257 Marginal splits: 9
Reward: 51517.619559 Total splits: 280 Good splits: 271 Marginal splits: 7
Reward: 52441.4034852 Total splits: 267 Good splits: 258 Marginal splits: 8
Reward: 51329.8705321 Total splits: 271 Good splits: 257 Marginal splits: 8
Reward: 52627.1244274 Total splits: 275 Good splits: 263 Marginal splits: 2
Reward: 53765.3686598 Total splits: 286 Good splits: 279 Marginal splits: 7
Reward: 53047.7122595 Total splits: 275 Good splits: 265 Marginal splits: 10
Reward: 52144.6761447 Total splits: 270 Good splits: 257 Marginal splits: 12
Reward: 51829.9428868 Total splits: 270 Good splits: 259 Marginal splits: 7
Reward: 53733.5563479 Total splits: 268 Good splits: 263 Marginal splits: 11
Reward: 50098.4144163 Total splits: 261 Good splits: 252 Marginal splits: 8
Reward: 55750.4898413 Total splits: 255 Good splits: 247 Marginal splits: 5
Reward: 50942.9351403 Total splits: 269 Good splits: 263 Marginal splits: 9
Reward: 53612.7974117 Total splits: 270 Good splits: 263 Marginal splits: 1
Reward: 49162.5823179 Total splits: 266 Good splits: 257 Marginal splits: 8
Reward: 55130.4449034 Total splits: 261 Good splits: 256 Marginal splits: 4
Reward: 50715.1944476 Total splits: 291 Good splits: 282 Marginal splits: 9
Reward: 53659.1425443 Total splits: 277 Good splits: 259 Marginal splits: 10
Reward: 51637.1294424 Total splits: 271 Good splits: 260 Marginal splits: 7
Reward: 56292.0875445 Total splits: 264 Good splits: 258 Marginal splits: 5
Reward: 48205.3358582 Total splits: 293 Good splits: 285 Marginal splits: 5
Reward: 52891.0272319 Total splits: 277 Good splits: 264 Marginal splits: 7
Reward: 49737.035578 Total splits: 259 Good splits: 251 Marginal splits: 1
Reward: 52414.9045108 Total splits: 283 Good splits: 270 Marginal splits: 13
Reward: 47757.6282918 Total splits: 264 Good splits: 257 Marginal splits: 8
Reward: 54591.5736553 Total splits: 257 Good splits: 248 Marginal splits: 4
Reward: 47687.5821789 Total splits: 274 Good splits: 267 Marginal splits: 4
Reward: 54981.7150234 Total splits: 257 Good splits: 251 Marginal splits: 5
Reward: 52434.7498826 Total splits: 264 Good splits: 252 Marginal splits: 11
Reward: 54215.711118 Total splits: 277 Good splits: 271 Marginal splits: 9
Reward: 50722.6887213 Total splits: 263 Good splits: 254 Marginal splits: 6
Reward: 53213.6413504 Total splits: 254 Good splits: 246 Marginal splits: 5
Reward: 47446.617719 Total splits: 282 Good splits: 277 Marginal splits: 5
Reward: 51995.7439396 Total splits: 270 Good splits: 261 Marginal splits: 5
Reward: 50801.0223551 Total splits: 285 Good splits: 274 Marginal splits: 8
Reward: 54301.024 Total splits: 273 Good splits: 260 Marginal splits: 6
Reward: 50654.7362009 Total splits: 283 Good splits: 270 Marginal splits: 7
Reward: 54260.8194703 Total splits: 259 Good splits: 252 Marginal splits: 6
Reward: 51541.2784649 Total splits: 266 Good splits: 259 Marginal splits: 5
Reward: 49883.5007925 Total splits: 287 Good splits: 279 Marginal splits: 6
Reward: 51975.9446771 Total splits: 255 Good splits: 253 Marginal splits: 5
Reward: 50908.2345234 Total splits: 265 Good splits: 253 Marginal splits: 8
Reward: 52481.9069197 Total splits: 259 Good splits: 256 Marginal splits: 4
Reward: 50229.8782757 Total splits: 273 Good splits: 262 Marginal splits: 8
Reward: 51181.9372572 Total splits: 256 Good splits: 248 Marginal splits: 6
Reward: 52164.8677321 Total splits: 265 Good splits: 256 Marginal splits: 8
Reward: 53707.8264102 Total splits: 262 Good splits: 253 Marginal splits: 6
Reward: 50734.7198745 Total splits: 254 Good splits: 243 Marginal splits: 7
Reward: 54394.8749899 Total splits: 269 Good splits: 256 Marginal splits: 4
Reward: 49585.6737199 Total splits: 282 Good splits: 274 Marginal splits: 3
Reward: 54340.6248433 Total splits: 273 Good splits: 267 Marginal splits: 6
Reward: 46118.5651605 Total splits: 285 Good splits: 277 Marginal splits: 4
Reward: 55775.6831888 Total splits: 274 Good splits: 267 Marginal splits: 7
Reward: 49938.8647432 Total splits: 275 Good splits: 271 Marginal splits: 10
Reward: 54920.2844948 Total splits: 275 Good splits: 269 Marginal splits: 6
Reward: 47760.1194889 Total splits: 281 Good splits: 271 Marginal splits: 4
Reward: 55316.2017572 Total splits: 278 Good splits: 267 Marginal splits: 11
Reward: 50546.0718219 Total splits: 256 Good splits: 246 Marginal splits: 7
Reward: 56361.7935465 Total splits: 243 Good splits: 240 Marginal splits: 4
Reward: 48929.7878125 Total splits: 276 Good splits: 268 Marginal splits: 1
Reward: 56613.8347531 Total splits: 269 Good splits: 260 Marginal splits: 3
Reward: 50133.9176626 Total splits: 281 Good splits: 269 Marginal splits: 7
Reward: 55686.3350067 Total splits: 291 Good splits: 280 Marginal splits: 5
Reward: 48383.9900801 Total splits: 274 Good splits: 266 Marginal splits: 6
Reward: 55504.519604 Total splits: 284 Good splits: 277 Marginal splits: 5
Reward: 52314.3193109 Total splits: 275 Good splits: 265 Marginal splits: 6
Reward: 54133.1039083 Total splits: 274 Good splits: 263 Marginal splits: 8
Reward: 51923.3515533 Total splits: 287 Good splits: 274 Marginal splits: 8
Reward: 53870.8345251 Total splits: 268 Good splits: 259 Marginal splits: 5
Reward: 49903.7831373 Total splits: 274 Good splits: 266 Marginal splits: 6
Reward: 54205.4714648 Total splits: 262 Good splits: 254 Marginal splits: 7
Reward: 52242.0157898 Total splits: 273 Good splits: 270 Marginal splits: 7
Reward: 52185.0805554 Total splits: 260 Good splits: 248 Marginal splits: 4

Total results after running 200 tests
Average total rewards : 52100.5724133
Average total splits  : 270.415
Average good splits   : 261.775
Average good splits % : 96.8049109702

Reward: 56423.361257 Total splits: 253 Good splits: 240 Marginal splits: 7
Reward: 49733.1802523 Total splits: 263 Good splits: 251 Marginal splits: 4
Reward: 53485.1772454 Total splits: 282 Good splits: 271 Marginal splits: 3
Reward: 48985.200688 Total splits: 262 Good splits: 255 Marginal splits: 3
Reward: 55632.2351638 Total splits: 282 Good splits: 275 Marginal splits: 7
Reward: 49623.7432908 Total splits: 287 Good splits: 278 Marginal splits: 10
Reward: 52732.4780646 Total splits: 282 Good splits: 275 Marginal splits: 10
Reward: 50792.4777776 Total splits: 251 Good splits: 243 Marginal splits: 9
Reward: 55803.4978874 Total splits: 266 Good splits: 261 Marginal splits: 4
Reward: 51081.5052713 Total splits: 282 Good splits: 271 Marginal splits: 5
Reward: 57808.3806832 Total splits: 275 Good splits: 269 Marginal splits: 6
Reward: 48457.0337181 Total splits: 278 Good splits: 268 Marginal splits: 4
Reward: 56523.9158805 Total splits: 275 Good splits: 267 Marginal splits: 7
Reward: 50676.8584766 Total splits: 273 Good splits: 265 Marginal splits: 5
Reward: 55377.0332028 Total splits: 272 Good splits: 263 Marginal splits: 3
Reward: 48053.0644845 Total splits: 264 Good splits: 259 Marginal splits: 14
Reward: 52416.6756013 Total splits: 296 Good splits: 291 Marginal splits: 9
Reward: 51774.5713402 Total splits: 287 Good splits: 274 Marginal splits: 6
Reward: 53776.0837288 Total splits: 285 Good splits: 272 Marginal splits: 5
Reward: 51619.8160692 Total splits: 284 Good splits: 274 Marginal splits: 9
Reward: 54575.2342457 Total splits: 284 Good splits: 270 Marginal splits: 3
Reward: 50954.3063942 Total splits: 266 Good splits: 259 Marginal splits: 5
Reward: 52250.4015891 Total splits: 276 Good splits: 261 Marginal splits: 6
Reward: 53756.6779505 Total splits: 264 Good splits: 255 Marginal splits: 5
Reward: 51002.3051393 Total splits: 262 Good splits: 256 Marginal splits: 4
Reward: 52258.3863433 Total splits: 267 Good splits: 263 Marginal splits: 8
Reward: 51267.3367683 Total splits: 259 Good splits: 249 Marginal splits: 4
Reward: 54442.0057398 Total splits: 278 Good splits: 268 Marginal splits: 10
Reward: 52883.8162086 Total splits: 270 Good splits: 263 Marginal splits: 6
Reward: 54824.425547 Total splits: 294 Good splits: 281 Marginal splits: 10
Reward: 49080.8431999 Total splits: 272 Good splits: 262 Marginal splits: 2
Reward: 52543.9170072 Total splits: 246 Good splits: 239 Marginal splits: 7
Reward: 52793.6373155 Total splits: 292 Good splits: 282 Marginal splits: 7
Reward: 52554.0140667 Total splits: 260 Good splits: 255 Marginal splits: 6
Reward: 50191.744886 Total splits: 287 Good splits: 277 Marginal splits: 8
Reward: 53792.819049 Total splits: 268 Good splits: 260 Marginal splits: 6
Reward: 52388.8067358 Total splits: 255 Good splits: 245 Marginal splits: 7
Reward: 53636.8693876 Total splits: 283 Good splits: 273 Marginal splits: 4
Reward: 50321.6550499 Total splits: 277 Good splits: 264 Marginal splits: 10
Reward: 56068.1714656 Total splits: 266 Good splits: 256 Marginal splits: 6
Reward: 46958.3865727 Total splits: 269 Good splits: 260 Marginal splits: 7
Reward: 55046.6633593 Total splits: 270 Good splits: 262 Marginal splits: 6
Reward: 49434.516218 Total splits: 275 Good splits: 267 Marginal splits: 9
Reward: 54075.228416 Total splits: 273 Good splits: 268 Marginal splits: 2
Reward: 47667.7335194 Total splits: 275 Good splits: 268 Marginal splits: 8
Reward: 56444.4357793 Total splits: 271 Good splits: 263 Marginal splits: 4
Reward: 50337.3981568 Total splits: 286 Good splits: 277 Marginal splits: 6
Reward: 54502.4715682 Total splits: 292 Good splits: 281 Marginal splits: 7
Reward: 52343.5406832 Total splits: 265 Good splits: 261 Marginal splits: 4
Reward: 52402.3975603 Total splits: 262 Good splits: 254 Marginal splits: 3
Reward: 47028.1522522 Total splits: 263 Good splits: 251 Marginal splits: 6
Reward: 55713.6220422 Total splits: 272 Good splits: 266 Marginal splits: 6
Reward: 51045.4367364 Total splits: 274 Good splits: 267 Marginal splits: 4
Reward: 52496.4427675 Total splits: 284 Good splits: 272 Marginal splits: 6
Reward: 50087.2584584 Total splits: 266 Good splits: 258 Marginal splits: 4
Reward: 52235.3649376 Total splits: 269 Good splits: 258 Marginal splits: 8
Reward: 50637.083323 Total splits: 283 Good splits: 275 Marginal splits: 5
Reward: 54106.7248001 Total splits: 290 Good splits: 282 Marginal splits: 5
Reward: 53407.7788136 Total splits: 260 Good splits: 254 Marginal splits: 3
Reward: 51030.2162511 Total splits: 282 Good splits: 274 Marginal splits: 4
Reward: 52357.472814 Total splits: 279 Good splits: 267 Marginal splits: 6
Reward: 52589.0626318 Total splits: 262 Good splits: 251 Marginal splits: 6
Reward: 51812.6298532 Total splits: 265 Good splits: 252 Marginal splits: 4
Reward: 47476.500967 Total splits: 279 Good splits: 272 Marginal splits: 10
Reward: 52795.0374508 Total splits: 259 Good splits: 245 Marginal splits: 6
Reward: 52792.7465739 Total splits: 290 Good splits: 279 Marginal splits: 5
Reward: 52519.6073258 Total splits: 268 Good splits: 259 Marginal splits: 7
Reward: 52033.0095563 Total splits: 284 Good splits: 273 Marginal splits: 11
Reward: 53878.3645682 Total splits: 284 Good splits: 272 Marginal splits: 10
Reward: 49128.8899463 Total splits: 280 Good splits: 272 Marginal splits: 7
Reward: 54049.8298615 Total splits: 277 Good splits: 268 Marginal splits: 8
Reward: 50290.9572317 Total splits: 272 Good splits: 266 Marginal splits: 12
Reward: 54107.3564971 Total splits: 240 Good splits: 232 Marginal splits: 5
Reward: 48922.9016844 Total splits: 268 Good splits: 261 Marginal splits: 4
Reward: 53136.4178206 Total splits: 281 Good splits: 269 Marginal splits: 4
Reward: 49419.3020518 Total splits: 258 Good splits: 250 Marginal splits: 6
Reward: 57204.3309024 Total splits: 266 Good splits: 259 Marginal splits: 2
Reward: 51488.1223835 Total splits: 272 Good splits: 261 Marginal splits: 11
Reward: 54488.4368717 Total splits: 282 Good splits: 273 Marginal splits: 4
Reward: 49187.7375847 Total splits: 264 Good splits: 259 Marginal splits: 7
Reward: 56322.866238 Total splits: 273 Good splits: 262 Marginal splits: 8
Reward: 49194.4587439 Total splits: 279 Good splits: 266 Marginal splits: 8
Reward: 54105.3662132 Total splits: 272 Good splits: 263 Marginal splits: 6
Reward: 49952.1344636 Total splits: 249 Good splits: 244 Marginal splits: 11
Reward: 53871.0957843 Total splits: 290 Good splits: 282 Marginal splits: 7
Reward: 50835.103424 Total splits: 261 Good splits: 253 Marginal splits: 4
Reward: 54814.4329884 Total splits: 281 Good splits: 273 Marginal splits: 7
Reward: 49627.852203 Total splits: 290 Good splits: 279 Marginal splits: 10
Reward: 53431.1926632 Total splits: 271 Good splits: 264 Marginal splits: 5
Reward: 49606.1506036 Total splits: 263 Good splits: 260 Marginal splits: 5
Reward: 54844.694312 Total splits: 289 Good splits: 283 Marginal splits: 7
Reward: 49101.9039761 Total splits: 262 Good splits: 253 Marginal splits: 11
Reward: 52043.2863074 Total splits: 267 Good splits: 262 Marginal splits: 7
Reward: 52698.608993 Total splits: 258 Good splits: 249 Marginal splits: 6
Reward: 51134.8062229 Total splits: 285 Good splits: 277 Marginal splits: 10
Reward: 52041.1870603 Total splits: 281 Good splits: 274 Marginal splits: 10
Reward: 51447.5649895 Total splits: 274 Good splits: 260 Marginal splits: 9
Reward: 53865.4500067 Total splits: 275 Good splits: 267 Marginal splits: 10
Reward: 50662.1175181 Total splits: 280 Good splits: 271 Marginal splits: 5
Reward: 54406.8662296 Total splits: 265 Good splits: 254 Marginal splits: 3
Reward: 51026.3700604 Total splits: 270 Good splits: 264 Marginal splits: 2
Reward: 50480.8024189 Total splits: 275 Good splits: 259 Marginal splits: 10
Reward: 50687.341164 Total splits: 264 Good splits: 256 Marginal splits: 2
Reward: 53557.5153136 Total splits: 280 Good splits: 270 Marginal splits: 11
Reward: 51421.4414486 Total splits: 289 Good splits: 283 Marginal splits: 7
Reward: 56716.1158203 Total splits: 256 Good splits: 252 Marginal splits: 7
Reward: 50472.9901552 Total splits: 273 Good splits: 260 Marginal splits: 6
Reward: 55444.6434186 Total splits: 270 Good splits: 261 Marginal splits: 7
Reward: 48166.9337199 Total splits: 278 Good splits: 273 Marginal splits: 6
Reward: 57879.1727444 Total splits: 243 Good splits: 237 Marginal splits: 7
Reward: 49221.4892531 Total splits: 269 Good splits: 261 Marginal splits: 5
Reward: 55174.0498666 Total splits: 270 Good splits: 257 Marginal splits: 5
Reward: 47312.7693485 Total splits: 288 Good splits: 280 Marginal splits: 10
Reward: 55508.8304226 Total splits: 269 Good splits: 264 Marginal splits: 8
Reward: 48693.4597144 Total splits: 274 Good splits: 268 Marginal splits: 6
Reward: 57030.4439823 Total splits: 273 Good splits: 263 Marginal splits: 4
Reward: 50846.9152744 Total splits: 268 Good splits: 257 Marginal splits: 4
Reward: 54249.3444558 Total splits: 273 Good splits: 261 Marginal splits: 5
Reward: 47828.8543525 Total splits: 264 Good splits: 259 Marginal splits: 2
Reward: 53701.2663602 Total splits: 265 Good splits: 258 Marginal splits: 5
Reward: 51239.8809115 Total splits: 282 Good splits: 275 Marginal splits: 9
Reward: 54337.7079955 Total splits: 312 Good splits: 302 Marginal splits: 5
Reward: 49962.3310935 Total splits: 255 Good splits: 245 Marginal splits: 6
Reward: 53267.1545895 Total splits: 284 Good splits: 275 Marginal splits: 7
Reward: 51449.9499151 Total splits: 266 Good splits: 257 Marginal splits: 5
Reward: 52183.7653229 Total splits: 293 Good splits: 282 Marginal splits: 6
Reward: 52220.4257125 Total splits: 277 Good splits: 265 Marginal splits: 8
Reward: 53518.4377027 Total splits: 275 Good splits: 262 Marginal splits: 9
Reward: 52783.4087292 Total splits: 264 Good splits: 255 Marginal splits: 7
Reward: 52123.6724893 Total splits: 264 Good splits: 260 Marginal splits: 7
Reward: 51347.0159861 Total splits: 275 Good splits: 262 Marginal splits: 5
Reward: 50344.0154461 Total splits: 285 Good splits: 270 Marginal splits: 9
Reward: 50525.5122704 Total splits: 292 Good splits: 278 Marginal splits: 7
Reward: 51190.0226051 Total splits: 266 Good splits: 256 Marginal splits: 3
Reward: 53169.5644032 Total splits: 285 Good splits: 273 Marginal splits: 8
Reward: 51426.4376289 Total splits: 265 Good splits: 255 Marginal splits: 8
Reward: 51691.1015988 Total splits: 281 Good splits: 265 Marginal splits: 8
Reward: 50496.7518873 Total splits: 283 Good splits: 272 Marginal splits: 10
Reward: 52973.5729484 Total splits: 269 Good splits: 262 Marginal splits: 8
Reward: 51487.811267 Total splits: 255 Good splits: 250 Marginal splits: 5
Reward: 54460.1370916 Total splits: 297 Good splits: 287 Marginal splits: 7
Reward: 50901.1593622 Total splits: 273 Good splits: 269 Marginal splits: 12
Reward: 54205.7164259 Total splits: 271 Good splits: 262 Marginal splits: 4
Reward: 49540.1244405 Total splits: 251 Good splits: 241 Marginal splits: 5
Reward: 54796.2425883 Total splits: 293 Good splits: 283 Marginal splits: 4
Reward: 49470.8391213 Total splits: 282 Good splits: 270 Marginal splits: 6
Reward: 52021.9035261 Total splits: 278 Good splits: 261 Marginal splits: 10
Reward: 48377.4963223 Total splits: 258 Good splits: 250 Marginal splits: 4
Reward: 55027.9324759 Total splits: 278 Good splits: 267 Marginal splits: 5
Reward: 50161.2044495 Total splits: 287 Good splits: 277 Marginal splits: 7
Reward: 54831.6499515 Total splits: 300 Good splits: 288 Marginal splits: 4
Reward: 49763.4095614 Total splits: 264 Good splits: 250 Marginal splits: 9
Reward: 56825.2496154 Total splits: 276 Good splits: 266 Marginal splits: 5
Reward: 50649.5660754 Total splits: 261 Good splits: 255 Marginal splits: 4
Reward: 53975.0990022 Total splits: 274 Good splits: 268 Marginal splits: 8
Reward: 52443.0450019 Total splits: 264 Good splits: 255 Marginal splits: 10
Reward: 52223.332207 Total splits: 268 Good splits: 261 Marginal splits: 10
Reward: 49212.1484791 Total splits: 285 Good splits: 274 Marginal splits: 10
Reward: 53788.5728574 Total splits: 261 Good splits: 254 Marginal splits: 2
Reward: 48680.0491166 Total splits: 262 Good splits: 252 Marginal splits: 5
Reward: 53511.1566907 Total splits: 257 Good splits: 247 Marginal splits: 7
Reward: 50779.7639952 Total splits: 288 Good splits: 279 Marginal splits: 8
Reward: 53759.1185077 Total splits: 264 Good splits: 255 Marginal splits: 12
Reward: 51580.0246475 Total splits: 271 Good splits: 260 Marginal splits: 7
Reward: 52382.0349029 Total splits: 288 Good splits: 275 Marginal splits: 5
Reward: 53083.618734 Total splits: 273 Good splits: 266 Marginal splits: 5
Reward: 48192.7432412 Total splits: 272 Good splits: 264 Marginal splits: 6
Reward: 54884.5780433 Total splits: 268 Good splits: 259 Marginal splits: 6
Reward: 51400.6169758 Total splits: 257 Good splits: 250 Marginal splits: 11
Reward: 52551.9458894 Total splits: 266 Good splits: 259 Marginal splits: 5
Reward: 49707.3374962 Total splits: 279 Good splits: 266 Marginal splits: 7
Reward: 52974.3612667 Total splits: 273 Good splits: 262 Marginal splits: 9
Reward: 51851.2153285 Total splits: 274 Good splits: 266 Marginal splits: 8
Reward: 55352.0213431 Total splits: 265 Good splits: 259 Marginal splits: 4
Reward: 52946.2333192 Total splits: 271 Good splits: 263 Marginal splits: 10
Reward: 55558.7264058 Total splits: 268 Good splits: 251 Marginal splits: 3
Reward: 48905.5830435 Total splits: 256 Good splits: 244 Marginal splits: 6
Reward: 57796.4541339 Total splits: 279 Good splits: 271 Marginal splits: 5
Reward: 50567.1438572 Total splits: 288 Good splits: 275 Marginal splits: 6
Reward: 55475.4536089 Total splits: 286 Good splits: 281 Marginal splits: 4
Reward: 49218.1967076 Total splits: 262 Good splits: 254 Marginal splits: 6
Reward: 51499.5041534 Total splits: 258 Good splits: 246 Marginal splits: 7
Reward: 46682.5198919 Total splits: 282 Good splits: 272 Marginal splits: 7
Reward: 55090.5387596 Total splits: 251 Good splits: 243 Marginal splits: 1
Reward: 49652.2202293 Total splits: 270 Good splits: 258 Marginal splits: 6
Reward: 53360.8719708 Total splits: 277 Good splits: 267 Marginal splits: 9
Reward: 49773.21525 Total splits: 279 Good splits: 270 Marginal splits: 4
Reward: 57100.4483131 Total splits: 287 Good splits: 281 Marginal splits: 7
Reward: 49990.8777717 Total splits: 273 Good splits: 265 Marginal splits: 9
Reward: 52344.4295846 Total splits: 275 Good splits: 263 Marginal splits: 13
Reward: 48219.8965498 Total splits: 268 Good splits: 259 Marginal splits: 7
Reward: 54695.1438352 Total splits: 272 Good splits: 263 Marginal splits: 10
Reward: 50803.4261203 Total splits: 275 Good splits: 259 Marginal splits: 3
Reward: 53319.9974884 Total splits: 293 Good splits: 286 Marginal splits: 6
Reward: 49189.9639544 Total splits: 282 Good splits: 273 Marginal splits: 6
Reward: 52628.3089877 Total splits: 298 Good splits: 289 Marginal splits: 11
Reward: 50094.8369875 Total splits: 270 Good splits: 255 Marginal splits: 3
Reward: 53403.3073021 Total splits: 251 Good splits: 240 Marginal splits: 9
Reward: 51614.3414611 Total splits: 259 Good splits: 253 Marginal splits: 5
Reward: 51188.7039583 Total splits: 261 Good splits: 254 Marginal splits: 4

Total results after running 200 tests
Average total rewards : 52153.4770904
Average total splits  : 273.045
Average good splits   : 263.85
Average good splits % : 96.6324232269

