Reward: 48399.6509645 Total splits: 246 Good splits: 239
Reward: 49652.0669445 Total splits: 230 Good splits: 227
Reward: 47958.9459356 Total splits: 224 Good splits: 222
Reward: 49745.4895179 Total splits: 229 Good splits: 224
Reward: 49369.525518 Total splits: 233 Good splits: 229
Reward: 46381.901496 Total splits: 248 Good splits: 241
Reward: 47173.7413529 Total splits: 220 Good splits: 213
Reward: 49068.7955565 Total splits: 239 Good splits: 235
Reward: 49309.8538185 Total splits: 240 Good splits: 232
Reward: 49570.9030389 Total splits: 222 Good splits: 220
Reward: 48517.0165561 Total splits: 225 Good splits: 222
Reward: 45769.9081293 Total splits: 223 Good splits: 216
Reward: 45580.519673 Total splits: 224 Good splits: 220
Reward: 47137.8376494 Total splits: 223 Good splits: 219
Reward: 48044.8347679 Total splits: 229 Good splits: 222
Reward: 48365.6722752 Total splits: 228 Good splits: 219
Reward: 46777.3895851 Total splits: 217 Good splits: 209
Reward: 49262.1876471 Total splits: 229 Good splits: 220
Reward: 47693.5277283 Total splits: 233 Good splits: 224
Reward: 49614.5764519 Total splits: 230 Good splits: 226
Reward: 48225.9139279 Total splits: 223 Good splits: 219
Reward: 44216.604356 Total splits: 219 Good splits: 212
Reward: 47870.0960571 Total splits: 230 Good splits: 222
Reward: 50734.1099661 Total splits: 236 Good splits: 230
Reward: 43464.3784686 Total splits: 231 Good splits: 226
Reward: 45907.3349491 Total splits: 239 Good splits: 231
Reward: 47674.5966363 Total splits: 244 Good splits: 237
Reward: 46756.6847772 Total splits: 224 Good splits: 213
Reward: 49981.8568918 Total splits: 233 Good splits: 225
Reward: 46945.4666968 Total splits: 224 Good splits: 217
Reward: 48711.7327236 Total splits: 231 Good splits: 221
Reward: 48416.1018866 Total splits: 240 Good splits: 233
Reward: 47859.5861965 Total splits: 239 Good splits: 233
Reward: 48671.7735997 Total splits: 226 Good splits: 221
Reward: 46370.5894211 Total splits: 230 Good splits: 225
Reward: 46999.6584656 Total splits: 221 Good splits: 211
Reward: 43649.114245 Total splits: 225 Good splits: 220
Reward: 48926.159904 Total splits: 239 Good splits: 231
Reward: 48336.370533 Total splits: 221 Good splits: 217
Reward: 46080.7753747 Total splits: 230 Good splits: 225
Reward: 47736.3117012 Total splits: 223 Good splits: 216
Reward: 49417.4952913 Total splits: 239 Good splits: 232
Reward: 47213.2900309 Total splits: 232 Good splits: 223
Reward: 49301.6568507 Total splits: 246 Good splits: 240
Reward: 47521.4267261 Total splits: 229 Good splits: 224
Reward: 45555.1674777 Total splits: 222 Good splits: 217
Reward: 49140.7199041 Total splits: 228 Good splits: 220
Reward: 50833.2412285 Total splits: 235 Good splits: 230
Reward: 47206.2643721 Total splits: 233 Good splits: 225
Reward: 42916.266366 Total splits: 233 Good splits: 227
Reward: 46337.7066725 Total splits: 240 Good splits: 230
Reward: 47460.268451 Total splits: 230 Good splits: 224
Reward: 49671.8543879 Total splits: 232 Good splits: 226
Reward: 48103.8075729 Total splits: 241 Good splits: 237
Reward: 46781.2676069 Total splits: 236 Good splits: 227
Reward: 45389.6126065 Total splits: 230 Good splits: 224
Reward: 45604.9597391 Total splits: 235 Good splits: 227
Reward: 49324.5051508 Total splits: 226 Good splits: 221
Reward: 46547.7657875 Total splits: 217 Good splits: 212
Reward: 49506.1089007 Total splits: 232 Good splits: 226
Reward: 46261.0287949 Total splits: 228 Good splits: 217
Reward: 48921.8635919 Total splits: 228 Good splits: 220
Reward: 46982.8251809 Total splits: 220 Good splits: 210
Reward: 48635.5032 Total splits: 226 Good splits: 218
Reward: 46130.112646 Total splits: 210 Good splits: 203
Reward: 45124.9137339 Total splits: 231 Good splits: 221
Reward: 40851.1537079 Total splits: 227 Good splits: 217
Reward: 47363.8029243 Total splits: 229 Good splits: 215
Reward: 44983.997445 Total splits: 230 Good splits: 222
Reward: 48132.6001888 Total splits: 228 Good splits: 221
Reward: 44568.5565112 Total splits: 235 Good splits: 233
Reward: 49030.721098 Total splits: 230 Good splits: 223
Reward: 50405.7305265 Total splits: 232 Good splits: 228
Reward: 48843.2895848 Total splits: 229 Good splits: 223
Reward: 46328.6041734 Total splits: 220 Good splits: 216
Reward: 48217.491159 Total splits: 222 Good splits: 214
Reward: 48227.779276 Total splits: 235 Good splits: 222
Reward: 48296.6569336 Total splits: 227 Good splits: 217
Reward: 49734.4495331 Total splits: 231 Good splits: 222
Reward: 47169.8816477 Total splits: 236 Good splits: 229
Reward: 49857.6011083 Total splits: 225 Good splits: 221
Reward: 48135.6844525 Total splits: 240 Good splits: 238
Reward: 45652.5659993 Total splits: 214 Good splits: 208
Reward: 48261.1986324 Total splits: 237 Good splits: 229
Reward: 49663.7014498 Total splits: 218 Good splits: 213
Reward: 46377.425887 Total splits: 239 Good splits: 231
Reward: 48438.1880292 Total splits: 219 Good splits: 212
Reward: 47811.6262351 Total splits: 238 Good splits: 224
Reward: 44168.842186 Total splits: 230 Good splits: 221
Reward: 48592.5922862 Total splits: 226 Good splits: 220
Reward: 47417.061931 Total splits: 214 Good splits: 209
Reward: 48105.050048 Total splits: 228 Good splits: 219
Reward: 47692.6572075 Total splits: 231 Good splits: 225
Reward: 45756.3719228 Total splits: 233 Good splits: 228
Reward: 47789.0450829 Total splits: 227 Good splits: 224
Reward: 48614.8797925 Total splits: 229 Good splits: 221
Reward: 49930.20771 Total splits: 242 Good splits: 233
Reward: 45977.6941607 Total splits: 237 Good splits: 235
Reward: 48928.2117044 Total splits: 232 Good splits: 223
Reward: 48772.7788283 Total splits: 243 Good splits: 240
Reward: 44058.4595632 Total splits: 209 Good splits: 202
Reward: 49169.0643452 Total splits: 235 Good splits: 229
Reward: 47773.3485201 Total splits: 236 Good splits: 227
Reward: 48326.9012151 Total splits: 238 Good splits: 235
Reward: 45654.3038441 Total splits: 218 Good splits: 214
Reward: 49164.2464857 Total splits: 226 Good splits: 221
Reward: 47875.5484668 Total splits: 232 Good splits: 222
Reward: 48801.366872 Total splits: 237 Good splits: 232
Reward: 48218.3033815 Total splits: 220 Good splits: 218
Reward: 45700.9961066 Total splits: 230 Good splits: 227
Reward: 50142.0367298 Total splits: 236 Good splits: 226
Reward: 45568.6606223 Total splits: 251 Good splits: 250
Reward: 46163.5417749 Total splits: 239 Good splits: 234
Reward: 49792.071028 Total splits: 236 Good splits: 229
Reward: 48848.7831069 Total splits: 224 Good splits: 220
Reward: 48803.4957743 Total splits: 233 Good splits: 230
Reward: 48434.5065155 Total splits: 235 Good splits: 226
Reward: 47084.2385725 Total splits: 236 Good splits: 231
Reward: 48470.0576531 Total splits: 235 Good splits: 230
Reward: 49105.5870104 Total splits: 226 Good splits: 220
Reward: 49649.9858733 Total splits: 246 Good splits: 238
Reward: 49294.817944 Total splits: 233 Good splits: 230
Reward: 48417.9717328 Total splits: 226 Good splits: 223
Reward: 47817.0608684 Total splits: 222 Good splits: 217
Reward: 47288.9672711 Total splits: 235 Good splits: 230
Reward: 49126.9864344 Total splits: 236 Good splits: 227
Reward: 47946.9642214 Total splits: 238 Good splits: 233
Reward: 48234.8484868 Total splits: 236 Good splits: 227
Reward: 46989.3335342 Total splits: 233 Good splits: 227
Reward: 48499.7777774 Total splits: 240 Good splits: 233
Reward: 45017.5870237 Total splits: 230 Good splits: 227
Reward: 49990.4976926 Total splits: 234 Good splits: 222
Reward: 45933.1130257 Total splits: 236 Good splits: 232
Reward: 42962.1460265 Total splits: 221 Good splits: 216
Reward: 48906.5119098 Total splits: 232 Good splits: 223
Reward: 46205.6764695 Total splits: 245 Good splits: 241
Reward: 45892.0362555 Total splits: 219 Good splits: 213
Reward: 50194.3619014 Total splits: 245 Good splits: 238
Reward: 46277.6213248 Total splits: 234 Good splits: 229
Reward: 46920.5271872 Total splits: 231 Good splits: 225
Reward: 46933.6141235 Total splits: 227 Good splits: 220
Reward: 49110.1237446 Total splits: 221 Good splits: 216
Reward: 48437.7016596 Total splits: 221 Good splits: 219
Reward: 49682.2041274 Total splits: 222 Good splits: 217
Reward: 47614.9906078 Total splits: 228 Good splits: 221
Reward: 48428.1800005 Total splits: 228 Good splits: 224
Reward: 49481.5438256 Total splits: 242 Good splits: 234
Reward: 47871.9048593 Total splits: 238 Good splits: 225
Reward: 48155.7074758 Total splits: 214 Good splits: 206
Reward: 47475.550275 Total splits: 224 Good splits: 221
Reward: 48016.2709654 Total splits: 231 Good splits: 224
Reward: 44638.1879142 Total splits: 234 Good splits: 230
Reward: 48413.8679045 Total splits: 228 Good splits: 222
Reward: 47893.2294072 Total splits: 224 Good splits: 219
Reward: 48397.0089179 Total splits: 225 Good splits: 218
Reward: 46707.4149484 Total splits: 231 Good splits: 222
Reward: 48883.0413683 Total splits: 246 Good splits: 241
Reward: 47141.4228292 Total splits: 234 Good splits: 229
Reward: 48396.444074 Total splits: 221 Good splits: 211
Reward: 44086.1445583 Total splits: 238 Good splits: 227
Reward: 50314.28166 Total splits: 231 Good splits: 221
Reward: 43766.069845 Total splits: 230 Good splits: 225
Reward: 48668.5092957 Total splits: 211 Good splits: 202
Reward: 50314.3986339 Total splits: 226 Good splits: 213
Reward: 45022.9282045 Total splits: 231 Good splits: 221
Reward: 48831.9405835 Total splits: 219 Good splits: 215
Reward: 40527.919331 Total splits: 212 Good splits: 209
Reward: 49532.6326373 Total splits: 232 Good splits: 225
Reward: 46569.4076265 Total splits: 225 Good splits: 216
Reward: 51105.5525681 Total splits: 234 Good splits: 228
Reward: 47038.3624111 Total splits: 231 Good splits: 225
Reward: 48755.2894417 Total splits: 244 Good splits: 238
Reward: 42107.3634102 Total splits: 226 Good splits: 220
Reward: 47537.6456234 Total splits: 223 Good splits: 215
Reward: 47966.1959164 Total splits: 238 Good splits: 230
Reward: 44610.1938102 Total splits: 227 Good splits: 219
Reward: 46903.6333576 Total splits: 236 Good splits: 231
Reward: 49399.7447148 Total splits: 234 Good splits: 226
Reward: 48477.8718961 Total splits: 230 Good splits: 223
Reward: 48364.8028926 Total splits: 242 Good splits: 236
Reward: 50163.9285747 Total splits: 235 Good splits: 231
Reward: 48805.675682 Total splits: 226 Good splits: 222
Reward: 47007.1161404 Total splits: 235 Good splits: 226
Reward: 48038.6570704 Total splits: 231 Good splits: 221
Reward: 49567.089164 Total splits: 233 Good splits: 226
Reward: 46287.0983095 Total splits: 235 Good splits: 225
Reward: 48186.0453225 Total splits: 229 Good splits: 223
Reward: 43561.6356299 Total splits: 233 Good splits: 229
Reward: 47953.3013998 Total splits: 242 Good splits: 239
Reward: 50328.1599233 Total splits: 235 Good splits: 233
Reward: 46973.8313734 Total splits: 230 Good splits: 221
Reward: 47992.5200486 Total splits: 230 Good splits: 222
Reward: 49089.7832657 Total splits: 222 Good splits: 218
Reward: 48727.2783359 Total splits: 246 Good splits: 238
Reward: 48204.9457907 Total splits: 230 Good splits: 227
Reward: 47078.2970358 Total splits: 220 Good splits: 212

Results after 100 tests
Average total rewards : 47657.3002227
Average total splits  : 230.28
Average good splits   : 223.49
Average good splits % : 97.0514156679

Reward: 48858.2055595 Total splits: 222 Good splits: 213
Reward: 48831.4750073 Total splits: 239 Good splits: 230
Reward: 48345.1581505 Total splits: 223 Good splits: 213
Reward: 47918.57211 Total splits: 237 Good splits: 232

Results after 100 tests
Average total rewards : 47674.0765263
Average total splits  : 230.6
Average good splits   : 224.31
Average good splits % : 97.2723330442

