Reward: 46693.9059577 Total splits: 569 Good splits: 434
Reward: 45094.3337214 Total splits: 546 Good splits: 417
Reward: 48422.8718115 Total splits: 523 Good splits: 405
Reward: 48429.6558803 Total splits: 566 Good splits: 431
Reward: 47766.6606561 Total splits: 550 Good splits: 434
Reward: 48151.3808989 Total splits: 567 Good splits: 432
Reward: 44039.1061521 Total splits: 549 Good splits: 402
Reward: 45616.9026431 Total splits: 536 Good splits: 400
Reward: 45220.0545752 Total splits: 539 Good splits: 399
Reward: 47066.2911295 Total splits: 524 Good splits: 380
Reward: 48482.0442166 Total splits: 552 Good splits: 415
Reward: 47193.7744678 Total splits: 528 Good splits: 404
Reward: 46135.6786966 Total splits: 539 Good splits: 406
Reward: 47096.5971183 Total splits: 544 Good splits: 387
Reward: 43372.084705 Total splits: 542 Good splits: 387
Reward: 44712.5209734 Total splits: 569 Good splits: 424
Reward: 48263.2975051 Total splits: 529 Good splits: 412
Reward: 45790.6192131 Total splits: 550 Good splits: 420
Reward: 48484.9596372 Total splits: 569 Good splits: 442
Reward: 48854.9359241 Total splits: 573 Good splits: 426
Reward: 46965.3359187 Total splits: 527 Good splits: 370
Reward: 44453.3639891 Total splits: 521 Good splits: 386
Reward: 42891.460791 Total splits: 553 Good splits: 416
Reward: 46478.251928 Total splits: 538 Good splits: 402
Reward: 48045.3733976 Total splits: 538 Good splits: 409
Reward: 46235.1187569 Total splits: 567 Good splits: 414
Reward: 45895.0917456 Total splits: 576 Good splits: 439
Reward: 46826.9819819 Total splits: 572 Good splits: 428
Reward: 44549.6661249 Total splits: 524 Good splits: 380
Reward: 49309.3608971 Total splits: 527 Good splits: 402
Reward: 46837.1541983 Total splits: 576 Good splits: 441
Reward: 45405.5387664 Total splits: 568 Good splits: 429
Reward: 48811.4097621 Total splits: 541 Good splits: 433
Reward: 48909.7228487 Total splits: 572 Good splits: 415
Reward: 48159.0045681 Total splits: 579 Good splits: 418
Reward: 40347.8287587 Total splits: 548 Good splits: 420
Reward: 45483.7779422 Total splits: 561 Good splits: 422
Reward: 47958.5866485 Total splits: 538 Good splits: 409
Reward: 44958.56263 Total splits: 527 Good splits: 400
Reward: 49224.3090142 Total splits: 554 Good splits: 420
Reward: 48998.2741123 Total splits: 558 Good splits: 411
Reward: 47684.5221727 Total splits: 565 Good splits: 415
Reward: 49253.3365556 Total splits: 534 Good splits: 413
Reward: 44378.3597643 Total splits: 537 Good splits: 412
Reward: 46927.9973785 Total splits: 550 Good splits: 424
Reward: 48383.7215391 Total splits: 555 Good splits: 429
Reward: 47725.1727404 Total splits: 538 Good splits: 435
Reward: 49445.3181653 Total splits: 540 Good splits: 416
Reward: 49805.6989764 Total splits: 552 Good splits: 405
Reward: 44747.8080468 Total splits: 527 Good splits: 387
Reward: 47093.1694396 Total splits: 550 Good splits: 417
Reward: 38894.4960395 Total splits: 539 Good splits: 401
Reward: 50714.3203 Total splits: 538 Good splits: 398
Reward: 45065.2968547 Total splits: 505 Good splits: 376
Reward: 47259.4545667 Total splits: 528 Good splits: 427
Reward: 48262.919334 Total splits: 561 Good splits: 416
Reward: 49771.9244689 Total splits: 559 Good splits: 440
Reward: 45057.897888 Total splits: 526 Good splits: 402
Reward: 46916.5236114 Total splits: 519 Good splits: 413
Reward: 44330.3679355 Total splits: 530 Good splits: 394
Reward: 48618.8817014 Total splits: 552 Good splits: 406
Reward: 38127.7267415 Total splits: 538 Good splits: 403
Reward: 47189.5210598 Total splits: 562 Good splits: 434
Reward: 45174.5820139 Total splits: 541 Good splits: 400
Reward: 49825.7047361 Total splits: 530 Good splits: 394
Reward: 49588.2223193 Total splits: 558 Good splits: 415
Reward: 47694.2556361 Total splits: 527 Good splits: 393
Reward: 48253.4111858 Total splits: 569 Good splits: 428
Reward: 47459.4513225 Total splits: 559 Good splits: 415
Reward: 48823.2030314 Total splits: 562 Good splits: 424
Reward: 46444.4583526 Total splits: 524 Good splits: 380
Reward: 49740.885225 Total splits: 556 Good splits: 409
Reward: 49295.5205705 Total splits: 551 Good splits: 430
Reward: 47996.0729958 Total splits: 551 Good splits: 435
Reward: 50390.0824344 Total splits: 575 Good splits: 424
Reward: 47614.4921753 Total splits: 535 Good splits: 421
Reward: 39259.813477 Total splits: 547 Good splits: 407
Reward: 48066.5986804 Total splits: 550 Good splits: 416
Reward: 41783.4833965 Total splits: 534 Good splits: 391
Reward: 45520.5880378 Total splits: 513 Good splits: 362
Reward: 48744.3524063 Total splits: 556 Good splits: 405
Reward: 47982.1651354 Total splits: 533 Good splits: 396
Reward: 43493.537462 Total splits: 541 Good splits: 419
Reward: 46942.0248576 Total splits: 549 Good splits: 422
Reward: 44802.617641 Total splits: 522 Good splits: 386
Reward: 50092.2499397 Total splits: 542 Good splits: 409
Reward: 45945.5733939 Total splits: 539 Good splits: 399
Reward: 46855.6305991 Total splits: 548 Good splits: 411
Reward: 50142.038363 Total splits: 548 Good splits: 387
Reward: 47919.2600716 Total splits: 564 Good splits: 430
Reward: 47551.5607647 Total splits: 568 Good splits: 425
Reward: 46530.0757736 Total splits: 550 Good splits: 427
Reward: 41032.9277559 Total splits: 516 Good splits: 384
Reward: 46091.5112228 Total splits: 542 Good splits: 418
Reward: 44476.1552307 Total splits: 541 Good splits: 396
Reward: 44729.6763694 Total splits: 541 Good splits: 425
Reward: 44809.9894767 Total splits: 550 Good splits: 428
Reward: 44505.5770756 Total splits: 547 Good splits: 431
Reward: 49025.9162617 Total splits: 539 Good splits: 418
Reward: 46528.368129 Total splits: 521 Good splits: 403

Results after 100 tests
Average total rewards : 46684.1831946
Average total splits  : 545.73
Average good splits   : 411.47
Average good splits % : 75.3980906309

Reward: 49699.2793475 Total splits: 533 Good splits: 409
Reward: 45559.5280499 Total splits: 565 Good splits: 413
Reward: 49230.4427944 Total splits: 544 Good splits: 418
Reward: 49500.9081623 Total splits: 558 Good splits: 428
Reward: 43783.5833122 Total splits: 558 Good splits: 417
Reward: 48526.4842537 Total splits: 570 Good splits: 448
Reward: 47267.3508687 Total splits: 533 Good splits: 399
Reward: 47941.8127978 Total splits: 536 Good splits: 422
Reward: 44567.7444733 Total splits: 547 Good splits: 398
Reward: 43955.153511 Total splits: 551 Good splits: 402
Reward: 45919.6736184 Total splits: 570 Good splits: 428
Reward: 49420.0822067 Total splits: 550 Good splits: 414
Reward: 44848.5856701 Total splits: 527 Good splits: 400
Reward: 46113.2038542 Total splits: 551 Good splits: 417
Reward: 42293.4891259 Total splits: 551 Good splits: 409
Reward: 42265.6796238 Total splits: 534 Good splits: 379
Reward: 48077.9691359 Total splits: 529 Good splits: 409
Reward: 48258.9650877 Total splits: 533 Good splits: 399
Reward: 46564.4391203 Total splits: 539 Good splits: 409
Reward: 48546.4284772 Total splits: 545 Good splits: 419
Reward: 47909.7251253 Total splits: 555 Good splits: 414
Reward: 49700.4152422 Total splits: 588 Good splits: 458
Reward: 46384.3862439 Total splits: 535 Good splits: 407
Reward: 47207.8709301 Total splits: 526 Good splits: 399
Reward: 49452.5300157 Total splits: 556 Good splits: 417
Reward: 48942.3055083 Total splits: 553 Good splits: 409
Reward: 49035.9530576 Total splits: 551 Good splits: 417
Reward: 47974.2767591 Total splits: 548 Good splits: 415
Reward: 44601.5241 Total splits: 559 Good splits: 425
Reward: 47560.034062 Total splits: 572 Good splits: 419
Reward: 49905.8631516 Total splits: 562 Good splits: 423
Reward: 50094.3069569 Total splits: 555 Good splits: 430
Reward: 49391.8522274 Total splits: 568 Good splits: 418
Reward: 45941.4270238 Total splits: 545 Good splits: 438
Reward: 45147.372652 Total splits: 581 Good splits: 443
Reward: 45117.1432236 Total splits: 513 Good splits: 389
Reward: 46839.2210076 Total splits: 543 Good splits: 408
Reward: 50665.1241949 Total splits: 560 Good splits: 424
Reward: 49131.8571364 Total splits: 569 Good splits: 420
Reward: 47607.1077708 Total splits: 566 Good splits: 415
Reward: 49177.3294216 Total splits: 534 Good splits: 400
Reward: 50278.9268588 Total splits: 555 Good splits: 417
Reward: 46857.079483 Total splits: 584 Good splits: 429
Reward: 48327.0481576 Total splits: 546 Good splits: 406
Reward: 47074.1898235 Total splits: 536 Good splits: 387
Reward: 49852.9637406 Total splits: 557 Good splits: 412
Reward: 48063.4155794 Total splits: 570 Good splits: 436
Reward: 45692.1612276 Total splits: 552 Good splits: 410
Reward: 48533.5518201 Total splits: 531 Good splits: 393
Reward: 45841.8353423 Total splits: 536 Good splits: 393
Reward: 48082.4745007 Total splits: 546 Good splits: 400
Reward: 38996.3716728 Total splits: 513 Good splits: 404
Reward: 44799.571683 Total splits: 543 Good splits: 422
Reward: 46740.1300137 Total splits: 548 Good splits: 431
Reward: 44612.7672185 Total splits: 551 Good splits: 424
Reward: 47352.1808955 Total splits: 531 Good splits: 402
Reward: 48807.8206412 Total splits: 544 Good splits: 397
Reward: 47664.551383 Total splits: 558 Good splits: 407
Reward: 47015.5624941 Total splits: 583 Good splits: 427
Reward: 49083.3887619 Total splits: 571 Good splits: 430
Reward: 50585.6480203 Total splits: 550 Good splits: 422
Reward: 49912.8953059 Total splits: 557 Good splits: 442
Reward: 46082.9367787 Total splits: 553 Good splits: 412
Reward: 45816.2583816 Total splits: 559 Good splits: 407
Reward: 48644.9278663 Total splits: 559 Good splits: 420
Reward: 46666.3822694 Total splits: 548 Good splits: 421
Reward: 47385.2658371 Total splits: 555 Good splits: 395
Reward: 49652.1279459 Total splits: 555 Good splits: 412
Reward: 44264.9010552 Total splits: 512 Good splits: 391
Reward: 48763.8618716 Total splits: 554 Good splits: 430
Reward: 47546.7224457 Total splits: 566 Good splits: 420
Reward: 47637.168763 Total splits: 560 Good splits: 412
Reward: 47254.788697 Total splits: 539 Good splits: 391
Reward: 44697.8901037 Total splits: 537 Good splits: 399
Reward: 41201.8360723 Total splits: 518 Good splits: 399
Reward: 49024.2480549 Total splits: 524 Good splits: 422
Reward: 45552.2943411 Total splits: 553 Good splits: 396
Reward: 46552.2189669 Total splits: 546 Good splits: 418
Reward: 42918.9090669 Total splits: 522 Good splits: 390
Reward: 44643.3908266 Total splits: 541 Good splits: 394
Reward: 47258.9455927 Total splits: 548 Good splits: 412
Reward: 48774.243846 Total splits: 597 Good splits: 452
Reward: 47491.1875492 Total splits: 551 Good splits: 438
Reward: 48639.7165076 Total splits: 566 Good splits: 437
Reward: 44827.978268 Total splits: 550 Good splits: 388
Reward: 49736.8366663 Total splits: 552 Good splits: 411
Reward: 45706.2594955 Total splits: 565 Good splits: 429
Reward: 50887.0088929 Total splits: 568 Good splits: 415
Reward: 46322.2331612 Total splits: 526 Good splits: 402
Reward: 46344.4373487 Total splits: 534 Good splits: 385
Reward: 47405.2058724 Total splits: 523 Good splits: 375
Reward: 46676.6798711 Total splits: 560 Good splits: 435
Reward: 44207.4580123 Total splits: 541 Good splits: 419
Reward: 45161.7831309 Total splits: 552 Good splits: 423
Reward: 48974.9039939 Total splits: 552 Good splits: 421
Reward: 48762.6425547 Total splits: 530 Good splits: 408
Reward: 46042.2923421 Total splits: 535 Good splits: 404
Reward: 43291.3347211 Total splits: 548 Good splits: 402
Reward: 47543.1422275 Total splits: 543 Good splits: 408
Reward: 45388.5886101 Total splits: 533 Good splits: 410

Results after 100 tests
Average total rewards : 47080.5197193
Average total splits  : 549.0
Average good splits   : 413.19
Average good splits % : 75.262295082

