Reward: 46048.4181997 Total splits: 355 Good splits: 340
Reward: 48165.6306167 Total splits: 352 Good splits: 326
Reward: 50590.8999435 Total splits: 355 Good splits: 326
Reward: 49979.5052651 Total splits: 347 Good splits: 315
Reward: 46383.0722589 Total splits: 357 Good splits: 332
Reward: 47935.8907356 Total splits: 372 Good splits: 336
Reward: 49507.3197053 Total splits: 361 Good splits: 333
Reward: 50588.71897 Total splits: 378 Good splits: 346
Reward: 47300.4163204 Total splits: 364 Good splits: 320
Reward: 50402.2192949 Total splits: 384 Good splits: 340
Reward: 49365.7783887 Total splits: 362 Good splits: 321
Reward: 50252.7882073 Total splits: 350 Good splits: 314
Reward: 44246.7524334 Total splits: 344 Good splits: 317
Reward: 48059.1748347 Total splits: 367 Good splits: 344
Reward: 51346.9106669 Total splits: 362 Good splits: 329
Reward: 47753.5828494 Total splits: 347 Good splits: 319
Reward: 48658.5557732 Total splits: 367 Good splits: 331
Reward: 44386.1403584 Total splits: 354 Good splits: 320
Reward: 50560.5323486 Total splits: 391 Good splits: 366
Reward: 48532.7299043 Total splits: 378 Good splits: 342
Reward: 49351.0710484 Total splits: 365 Good splits: 332
Reward: 48439.3786422 Total splits: 363 Good splits: 338
Reward: 46428.3940651 Total splits: 364 Good splits: 331
Reward: 47355.8131619 Total splits: 356 Good splits: 320
Reward: 48925.784118 Total splits: 361 Good splits: 324
Reward: 49685.5048613 Total splits: 369 Good splits: 326
Reward: 48544.9120407 Total splits: 345 Good splits: 321
Reward: 47868.9428312 Total splits: 345 Good splits: 313
Reward: 47266.7251642 Total splits: 374 Good splits: 335
Reward: 48340.3138988 Total splits: 369 Good splits: 338
Reward: 48467.6837044 Total splits: 339 Good splits: 304
Reward: 49267.2798932 Total splits: 367 Good splits: 334
Reward: 49279.4609457 Total splits: 372 Good splits: 339
Reward: 47602.2128776 Total splits: 375 Good splits: 339
Reward: 48127.331093 Total splits: 352 Good splits: 323
Reward: 49844.1864781 Total splits: 343 Good splits: 315
Reward: 44816.4517863 Total splits: 358 Good splits: 332
Reward: 50460.8163683 Total splits: 359 Good splits: 323
Reward: 49599.9587463 Total splits: 375 Good splits: 335
Reward: 47445.1248163 Total splits: 376 Good splits: 350
Reward: 46913.9860087 Total splits: 363 Good splits: 328
Reward: 50139.7692651 Total splits: 369 Good splits: 339
Reward: 49567.0203553 Total splits: 370 Good splits: 349
Reward: 49869.1620713 Total splits: 377 Good splits: 343
Reward: 44220.1903934 Total splits: 388 Good splits: 348
Reward: 48823.8996982 Total splits: 376 Good splits: 343
Reward: 46348.2538895 Total splits: 363 Good splits: 336
Reward: 45462.9038846 Total splits: 354 Good splits: 317
Reward: 49407.42438 Total splits: 372 Good splits: 331
Reward: 47640.7621924 Total splits: 372 Good splits: 336
Reward: 51036.5316412 Total splits: 374 Good splits: 352
Reward: 49002.3906187 Total splits: 355 Good splits: 327
Reward: 49200.7727776 Total splits: 360 Good splits: 338
Reward: 47907.0593229 Total splits: 360 Good splits: 322
Reward: 50042.3809234 Total splits: 372 Good splits: 338
Reward: 48587.4251754 Total splits: 392 Good splits: 359
Reward: 48841.1153565 Total splits: 374 Good splits: 347
Reward: 46642.3109511 Total splits: 352 Good splits: 322
Reward: 50066.1013693 Total splits: 356 Good splits: 322
Reward: 49783.1429252 Total splits: 360 Good splits: 330
Reward: 49645.6655555 Total splits: 377 Good splits: 348
Reward: 48345.091261 Total splits: 364 Good splits: 336
Reward: 51065.6159575 Total splits: 392 Good splits: 366
Reward: 50300.4256714 Total splits: 337 Good splits: 308
Reward: 48492.4924048 Total splits: 374 Good splits: 347
Reward: 48139.793477 Total splits: 359 Good splits: 322
Reward: 50929.109465 Total splits: 370 Good splits: 334
Reward: 47913.854568 Total splits: 389 Good splits: 366
Reward: 50703.5883883 Total splits: 386 Good splits: 357
Reward: 50378.308144 Total splits: 366 Good splits: 330
Reward: 50333.0999973 Total splits: 412 Good splits: 367
Reward: 48161.9862287 Total splits: 364 Good splits: 339
Reward: 48298.5898918 Total splits: 369 Good splits: 346
Reward: 48988.2616423 Total splits: 352 Good splits: 319
Reward: 48663.5454859 Total splits: 372 Good splits: 342
Reward: 48110.0926359 Total splits: 369 Good splits: 338
Reward: 49702.0865826 Total splits: 398 Good splits: 365
Reward: 48215.3981324 Total splits: 344 Good splits: 307
Reward: 46201.5453564 Total splits: 356 Good splits: 332
Reward: 48623.0298293 Total splits: 387 Good splits: 345
Reward: 49261.2020825 Total splits: 349 Good splits: 318
Reward: 50161.8690865 Total splits: 395 Good splits: 365
Reward: 50452.7229686 Total splits: 369 Good splits: 333
Reward: 47208.3705572 Total splits: 360 Good splits: 334
Reward: 46599.7318134 Total splits: 365 Good splits: 342
Reward: 47168.5515152 Total splits: 353 Good splits: 320
Reward: 48171.8766771 Total splits: 395 Good splits: 373
Reward: 46791.4320985 Total splits: 393 Good splits: 360
Reward: 48714.9475929 Total splits: 384 Good splits: 355
Reward: 47904.470432 Total splits: 370 Good splits: 337
Reward: 47869.4692892 Total splits: 350 Good splits: 324
Reward: 48840.0666157 Total splits: 341 Good splits: 318
Reward: 47900.6941702 Total splits: 376 Good splits: 337
Reward: 50118.6511431 Total splits: 379 Good splits: 350
Reward: 47809.5077148 Total splits: 354 Good splits: 327
Reward: 45798.7923836 Total splits: 372 Good splits: 325
Reward: 46639.172525 Total splits: 374 Good splits: 340
Reward: 45629.2856948 Total splits: 336 Good splits: 306
Reward: 49714.6079298 Total splits: 373 Good splits: 344
Reward: 50514.421361 Total splits: 364 Good splits: 322

Results after 100 tests
Average total rewards : 48511.6641114
Average total splits  : 366.22
Average good splits   : 334.6
Average good splits % : 91.3658456665

Reward: 48413.0745352 Total splits: 370 Good splits: 329
Reward: 49865.1492599 Total splits: 349 Good splits: 319
Reward: 48952.3054434 Total splits: 382 Good splits: 349
Reward: 49425.3798767 Total splits: 379 Good splits: 349
Reward: 49802.1269859 Total splits: 368 Good splits: 342
Reward: 48347.7009005 Total splits: 362 Good splits: 323
Reward: 44387.5944442 Total splits: 338 Good splits: 314
Reward: 49802.9761164 Total splits: 346 Good splits: 317
Reward: 48363.8293185 Total splits: 381 Good splits: 345
Reward: 49003.5356191 Total splits: 354 Good splits: 321
Reward: 47463.0679878 Total splits: 354 Good splits: 331
Reward: 47265.9764536 Total splits: 360 Good splits: 328
Reward: 49909.3848475 Total splits: 390 Good splits: 349
Reward: 46661.3511226 Total splits: 355 Good splits: 316
Reward: 48121.4889447 Total splits: 368 Good splits: 333
Reward: 50042.9632055 Total splits: 372 Good splits: 336
Reward: 48582.5127164 Total splits: 378 Good splits: 353
Reward: 49313.5492281 Total splits: 351 Good splits: 324
Reward: 50593.2003139 Total splits: 368 Good splits: 338
Reward: 44551.6848638 Total splits: 353 Good splits: 332
Reward: 48395.5559964 Total splits: 362 Good splits: 327
Reward: 50931.6033719 Total splits: 364 Good splits: 336
Reward: 48781.4373017 Total splits: 359 Good splits: 322
Reward: 46105.0690295 Total splits: 344 Good splits: 318
Reward: 49038.6600235 Total splits: 362 Good splits: 329
Reward: 50078.4420993 Total splits: 374 Good splits: 343
Reward: 48258.8426885 Total splits: 351 Good splits: 310
Reward: 47193.9227118 Total splits: 370 Good splits: 343
Reward: 47496.2293347 Total splits: 366 Good splits: 347
Reward: 47220.962068 Total splits: 354 Good splits: 321
Reward: 50362.7608223 Total splits: 386 Good splits: 345
Reward: 49384.8513934 Total splits: 354 Good splits: 331
Reward: 49981.5498772 Total splits: 364 Good splits: 333
Reward: 50951.0228067 Total splits: 367 Good splits: 338
Reward: 50026.1513802 Total splits: 362 Good splits: 325
Reward: 46902.6402608 Total splits: 369 Good splits: 327
Reward: 49828.8378898 Total splits: 346 Good splits: 315
Reward: 48017.5177636 Total splits: 374 Good splits: 347
Reward: 46462.9964105 Total splits: 380 Good splits: 341
Reward: 50110.503698 Total splits: 380 Good splits: 346
Reward: 49464.5563988 Total splits: 373 Good splits: 342
Reward: 49971.9537376 Total splits: 360 Good splits: 327
Reward: 50267.1905041 Total splits: 371 Good splits: 321
Reward: 46824.7297678 Total splits: 379 Good splits: 342
Reward: 46155.4503527 Total splits: 370 Good splits: 328
Reward: 47844.0878519 Total splits: 373 Good splits: 344
Reward: 49386.3360199 Total splits: 388 Good splits: 357
Reward: 48940.510995 Total splits: 365 Good splits: 324
Reward: 48294.2527858 Total splits: 378 Good splits: 350
Reward: 49801.0715346 Total splits: 359 Good splits: 336
Reward: 50983.2790196 Total splits: 366 Good splits: 331
Reward: 46592.8266999 Total splits: 331 Good splits: 282
Reward: 47863.7491254 Total splits: 354 Good splits: 329
Reward: 47986.065513 Total splits: 369 Good splits: 335
Reward: 50437.1806137 Total splits: 351 Good splits: 320
Reward: 49224.5880706 Total splits: 362 Good splits: 323
Reward: 51135.9125652 Total splits: 368 Good splits: 336
Reward: 49755.153875 Total splits: 380 Good splits: 354
Reward: 43334.6500749 Total splits: 375 Good splits: 339
Reward: 48241.468702 Total splits: 360 Good splits: 339
Reward: 47844.4503835 Total splits: 388 Good splits: 354
Reward: 45327.8548793 Total splits: 362 Good splits: 338
Reward: 49296.5967576 Total splits: 354 Good splits: 330
Reward: 49121.6913104 Total splits: 356 Good splits: 323
Reward: 46463.9499558 Total splits: 361 Good splits: 318
Reward: 49040.4575453 Total splits: 371 Good splits: 335
Reward: 47155.6413487 Total splits: 362 Good splits: 332
Reward: 48505.3851216 Total splits: 363 Good splits: 329
Reward: 49014.7529368 Total splits: 379 Good splits: 340
Reward: 46536.4535735 Total splits: 360 Good splits: 319
Reward: 49481.6979005 Total splits: 348 Good splits: 331
Reward: 49656.4194931 Total splits: 373 Good splits: 335
Reward: 45586.5316817 Total splits: 375 Good splits: 338
Reward: 48291.9999634 Total splits: 358 Good splits: 319
Reward: 46254.8005081 Total splits: 348 Good splits: 330
Reward: 46493.3844158 Total splits: 354 Good splits: 336
Reward: 49043.140682 Total splits: 335 Good splits: 300
Reward: 50343.1907274 Total splits: 379 Good splits: 343
Reward: 49611.604027 Total splits: 381 Good splits: 356
Reward: 38920.1428316 Total splits: 352 Good splits: 316
Reward: 47382.6233302 Total splits: 356 Good splits: 332
Reward: 51879.7232423 Total splits: 370 Good splits: 347
Reward: 48960.0602758 Total splits: 330 Good splits: 306
Reward: 49005.9941627 Total splits: 362 Good splits: 333
Reward: 48012.7817655 Total splits: 366 Good splits: 345
Reward: 47984.1350684 Total splits: 372 Good splits: 344
Reward: 50300.4337679 Total splits: 369 Good splits: 345
Reward: 48920.859977 Total splits: 372 Good splits: 327
Reward: 49399.3940438 Total splits: 381 Good splits: 349
Reward: 46953.2374275 Total splits: 351 Good splits: 324
Reward: 51008.6926188 Total splits: 368 Good splits: 345
Reward: 47905.0223743 Total splits: 347 Good splits: 323
Reward: 45506.3728529 Total splits: 386 Good splits: 349
Reward: 49386.3542256 Total splits: 374 Good splits: 348
Reward: 48409.2769638 Total splits: 386 Good splits: 364
Reward: 50395.9157924 Total splits: 371 Good splits: 351
Reward: 48677.4592817 Total splits: 352 Good splits: 318
Reward: 44693.7966457 Total splits: 361 Good splits: 315
Reward: 43154.0591501 Total splits: 353 Good splits: 333
Reward: 51130.5054726 Total splits: 378 Good splits: 359

Results after 100 tests
Average total rewards : 48379.602678
Average total splits  : 364.62
Average good splits   : 333.3
Average good splits % : 91.4102353135

