Reward: 51288.7785494 Total splits: 344 Good splits: 313
Reward: 47075.6028729 Total splits: 336 Good splits: 320
Reward: 48981.1284197 Total splits: 340 Good splits: 318
Reward: 49680.9488133 Total splits: 338 Good splits: 315
Reward: 48745.8157459 Total splits: 344 Good splits: 318
Reward: 49862.7576853 Total splits: 353 Good splits: 330
Reward: 47928.396183 Total splits: 323 Good splits: 303
Reward: 47120.2957717 Total splits: 332 Good splits: 314
Reward: 49261.4968577 Total splits: 318 Good splits: 299
Reward: 47571.3652806 Total splits: 325 Good splits: 308
Reward: 48769.8989895 Total splits: 351 Good splits: 315
Reward: 48071.5284965 Total splits: 330 Good splits: 299
Reward: 47326.794828 Total splits: 341 Good splits: 315
Reward: 50714.7684708 Total splits: 324 Good splits: 308
Reward: 47611.8334993 Total splits: 336 Good splits: 310
Reward: 48427.549537 Total splits: 332 Good splits: 318
Reward: 49525.0850643 Total splits: 335 Good splits: 302
Reward: 48816.4330674 Total splits: 320 Good splits: 298
Reward: 45162.2694229 Total splits: 319 Good splits: 289
Reward: 50395.2208483 Total splits: 366 Good splits: 342
Reward: 45323.3185024 Total splits: 335 Good splits: 303
Reward: 50130.3003668 Total splits: 338 Good splits: 320
Reward: 48743.8636283 Total splits: 331 Good splits: 299
Reward: 46375.8002488 Total splits: 348 Good splits: 319
Reward: 47473.2224002 Total splits: 345 Good splits: 325
Reward: 49623.8321567 Total splits: 332 Good splits: 315
Reward: 48657.5300499 Total splits: 337 Good splits: 314
Reward: 47292.023496 Total splits: 337 Good splits: 320
Reward: 47623.3711646 Total splits: 322 Good splits: 297
Reward: 45644.4716365 Total splits: 315 Good splits: 294
Reward: 48682.3995068 Total splits: 341 Good splits: 322
Reward: 48601.9564767 Total splits: 317 Good splits: 289
Reward: 50824.6707968 Total splits: 344 Good splits: 323
Reward: 49290.6420689 Total splits: 345 Good splits: 329
Reward: 49034.6268107 Total splits: 352 Good splits: 331
Reward: 49057.3180712 Total splits: 319 Good splits: 299
Reward: 46974.4827393 Total splits: 328 Good splits: 304
Reward: 49466.8857278 Total splits: 316 Good splits: 299
Reward: 46343.752836 Total splits: 316 Good splits: 307
Reward: 46212.0916009 Total splits: 326 Good splits: 319
Reward: 48837.4309048 Total splits: 342 Good splits: 316
Reward: 48056.4522677 Total splits: 322 Good splits: 307
Reward: 47117.1393779 Total splits: 337 Good splits: 311
Reward: 47954.4723982 Total splits: 318 Good splits: 301
Reward: 48663.6116331 Total splits: 330 Good splits: 311
Reward: 47110.1995976 Total splits: 318 Good splits: 306
Reward: 49689.6480231 Total splits: 334 Good splits: 314
Reward: 48983.8820114 Total splits: 333 Good splits: 313
Reward: 48502.4043949 Total splits: 332 Good splits: 315
Reward: 49765.1573521 Total splits: 309 Good splits: 290
Reward: 44825.8537471 Total splits: 325 Good splits: 304
Reward: 48570.5354155 Total splits: 340 Good splits: 324
Reward: 50029.9573928 Total splits: 334 Good splits: 311
Reward: 50924.5859868 Total splits: 350 Good splits: 324
Reward: 47199.0270797 Total splits: 317 Good splits: 303
Reward: 50385.5376426 Total splits: 307 Good splits: 288
Reward: 48251.484695 Total splits: 344 Good splits: 316
Reward: 47664.7358752 Total splits: 313 Good splits: 297
Reward: 47990.0487633 Total splits: 332 Good splits: 320
Reward: 51096.2806418 Total splits: 322 Good splits: 307
Reward: 46182.0336228 Total splits: 331 Good splits: 309
Reward: 47863.5528157 Total splits: 338 Good splits: 316
Reward: 44498.9881636 Total splits: 307 Good splits: 279
Reward: 48341.1526157 Total splits: 319 Good splits: 300
Reward: 47030.3814887 Total splits: 338 Good splits: 314
Reward: 45526.6464518 Total splits: 318 Good splits: 301
Reward: 50131.0736559 Total splits: 346 Good splits: 323
Reward: 47616.5705255 Total splits: 321 Good splits: 295
Reward: 47353.2028821 Total splits: 330 Good splits: 294
Reward: 47155.5199609 Total splits: 330 Good splits: 296
Reward: 47139.0518768 Total splits: 308 Good splits: 288
Reward: 49210.2560279 Total splits: 344 Good splits: 321
Reward: 48037.1936978 Total splits: 345 Good splits: 320
Reward: 47599.5482245 Total splits: 344 Good splits: 315
Reward: 46534.1808658 Total splits: 343 Good splits: 321
Reward: 50654.7861956 Total splits: 332 Good splits: 301
Reward: 48636.7434683 Total splits: 339 Good splits: 312
Reward: 50263.0837096 Total splits: 324 Good splits: 305
Reward: 47563.4792492 Total splits: 318 Good splits: 307
Reward: 49379.210105 Total splits: 336 Good splits: 321
Reward: 49478.165511 Total splits: 331 Good splits: 321
Reward: 49744.8193336 Total splits: 324 Good splits: 301
Reward: 47952.8193439 Total splits: 348 Good splits: 329
Reward: 49026.0082354 Total splits: 337 Good splits: 310
Reward: 43926.6608076 Total splits: 316 Good splits: 306
Reward: 51068.3516759 Total splits: 338 Good splits: 322
Reward: 49099.0914817 Total splits: 320 Good splits: 303
Reward: 48524.3538954 Total splits: 329 Good splits: 309
Reward: 47098.6387886 Total splits: 333 Good splits: 320
Reward: 50715.4389184 Total splits: 327 Good splits: 307
Reward: 50228.159205 Total splits: 317 Good splits: 297
Reward: 49213.696815 Total splits: 344 Good splits: 324
Reward: 47275.4077207 Total splits: 315 Good splits: 285
Reward: 50046.4672842 Total splits: 317 Good splits: 302
Reward: 48365.9744006 Total splits: 361 Good splits: 339
Reward: 50442.4237459 Total splits: 321 Good splits: 300
Reward: 49869.1173535 Total splits: 338 Good splits: 318
Reward: 44027.3390372 Total splits: 320 Good splits: 297
Reward: 49564.8718236 Total splits: 335 Good splits: 308
Reward: 48923.2733576 Total splits: 339 Good splits: 315

Results after 100 tests
Average total rewards : 48366.4070823
Average total splits  : 331.31
Average good splits   : 309.91
Average good splits % : 93.5407926111

Reward: 50826.5007884 Total splits: 340 Good splits: 326
Reward: 49396.9652148 Total splits: 352 Good splits: 329
Reward: 48033.1905304 Total splits: 330 Good splits: 312
Reward: 49435.9393959 Total splits: 317 Good splits: 302
Reward: 48796.2193181 Total splits: 337 Good splits: 316
Reward: 50497.3878632 Total splits: 318 Good splits: 300
Reward: 48256.1335894 Total splits: 335 Good splits: 313
Reward: 46317.3222059 Total splits: 326 Good splits: 307
Reward: 49995.9640631 Total splits: 334 Good splits: 315
Reward: 47289.4855517 Total splits: 338 Good splits: 319
Reward: 47577.1213275 Total splits: 309 Good splits: 288
Reward: 48093.6227109 Total splits: 315 Good splits: 289
Reward: 47846.9197792 Total splits: 319 Good splits: 297
Reward: 49666.5772736 Total splits: 340 Good splits: 319
Reward: 48995.7564983 Total splits: 327 Good splits: 303
Reward: 44451.5842503 Total splits: 334 Good splits: 319
Reward: 50207.7350952 Total splits: 315 Good splits: 303
Reward: 49118.413277 Total splits: 356 Good splits: 336
Reward: 48329.1365417 Total splits: 338 Good splits: 322
Reward: 49951.7598446 Total splits: 343 Good splits: 319
Reward: 49924.9550342 Total splits: 327 Good splits: 309
Reward: 48159.8749666 Total splits: 345 Good splits: 321
Reward: 46962.8615985 Total splits: 322 Good splits: 308
Reward: 50119.5814192 Total splits: 345 Good splits: 331
Reward: 49996.551204 Total splits: 329 Good splits: 307
Reward: 48454.5578199 Total splits: 318 Good splits: 300
Reward: 50484.3002498 Total splits: 356 Good splits: 334
Reward: 48400.1543776 Total splits: 309 Good splits: 297
Reward: 49730.2066435 Total splits: 328 Good splits: 310
Reward: 48735.2464724 Total splits: 323 Good splits: 304
Reward: 50348.9884469 Total splits: 346 Good splits: 318
Reward: 48788.2190256 Total splits: 318 Good splits: 293
Reward: 50347.6977851 Total splits: 329 Good splits: 315
Reward: 49775.6379848 Total splits: 325 Good splits: 302
Reward: 49150.1972233 Total splits: 325 Good splits: 299
Reward: 48835.0434842 Total splits: 326 Good splits: 314
Reward: 48972.7291266 Total splits: 308 Good splits: 289
Reward: 50319.9945536 Total splits: 338 Good splits: 317
Reward: 48714.2280329 Total splits: 338 Good splits: 321
Reward: 48542.2410974 Total splits: 346 Good splits: 326
Reward: 46712.500705 Total splits: 298 Good splits: 277
Reward: 47627.3637918 Total splits: 308 Good splits: 294
Reward: 48466.3392803 Total splits: 334 Good splits: 314
Reward: 47162.4451694 Total splits: 311 Good splits: 289
Reward: 50436.3937242 Total splits: 310 Good splits: 299
Reward: 48507.8881809 Total splits: 323 Good splits: 307
Reward: 44926.9911902 Total splits: 339 Good splits: 315
Reward: 46454.6147788 Total splits: 326 Good splits: 303
Reward: 48930.0425694 Total splits: 328 Good splits: 313
Reward: 47513.640529 Total splits: 322 Good splits: 306
Reward: 50720.6167345 Total splits: 331 Good splits: 316
Reward: 51070.9067256 Total splits: 334 Good splits: 318
Reward: 48802.0833449 Total splits: 343 Good splits: 327
Reward: 47481.0486839 Total splits: 317 Good splits: 289
Reward: 50079.9733843 Total splits: 322 Good splits: 307
Reward: 50657.8562899 Total splits: 339 Good splits: 322
Reward: 47772.6654066 Total splits: 323 Good splits: 290
Reward: 48371.9984311 Total splits: 347 Good splits: 329
Reward: 48102.4058832 Total splits: 320 Good splits: 303
Reward: 50561.2668746 Total splits: 317 Good splits: 299
Reward: 48362.7970819 Total splits: 335 Good splits: 314
Reward: 47650.895146 Total splits: 334 Good splits: 310
Reward: 47878.5587703 Total splits: 309 Good splits: 283
Reward: 47003.4938392 Total splits: 335 Good splits: 322
Reward: 50546.9239886 Total splits: 350 Good splits: 321
Reward: 50585.1175513 Total splits: 352 Good splits: 331
Reward: 51007.7132918 Total splits: 321 Good splits: 299
Reward: 49039.644405 Total splits: 322 Good splits: 305
Reward: 48005.8316679 Total splits: 331 Good splits: 308
Reward: 45474.9939424 Total splits: 335 Good splits: 310
Reward: 50740.3024314 Total splits: 337 Good splits: 311
Reward: 50598.1826039 Total splits: 336 Good splits: 320
Reward: 50917.8448258 Total splits: 318 Good splits: 303
Reward: 50230.863321 Total splits: 346 Good splits: 326
Reward: 47919.5468571 Total splits: 315 Good splits: 287
Reward: 46369.0633872 Total splits: 350 Good splits: 337
Reward: 48221.2974466 Total splits: 338 Good splits: 313
Reward: 49895.0024874 Total splits: 320 Good splits: 296
Reward: 47589.5748524 Total splits: 328 Good splits: 300
Reward: 48779.9388894 Total splits: 314 Good splits: 297
Reward: 46839.5098691 Total splits: 315 Good splits: 287
Reward: 44748.822065 Total splits: 326 Good splits: 303
Reward: 47864.8678204 Total splits: 317 Good splits: 296
Reward: 48604.4598569 Total splits: 336 Good splits: 313
Reward: 49125.5604455 Total splits: 348 Good splits: 323
Reward: 46889.1097887 Total splits: 309 Good splits: 286
Reward: 49391.8515778 Total splits: 326 Good splits: 294
Reward: 50323.1624753 Total splits: 312 Good splits: 293
Reward: 44919.605332 Total splits: 322 Good splits: 304
Reward: 48943.0729791 Total splits: 343 Good splits: 307
Reward: 49074.2891515 Total splits: 333 Good splits: 304
Reward: 47658.2069864 Total splits: 333 Good splits: 317
Reward: 49678.2141264 Total splits: 318 Good splits: 294
Reward: 49911.402362 Total splits: 330 Good splits: 316
Reward: 48616.8855198 Total splits: 319 Good splits: 307
Reward: 51671.2757675 Total splits: 340 Good splits: 322
Reward: 48713.1281344 Total splits: 329 Good splits: 307
Reward: 47564.9295295 Total splits: 327 Good splits: 308
Reward: 51088.8957022 Total splits: 325 Good splits: 312
Reward: 45937.4219038 Total splits: 340 Good splits: 319

Results after 100 tests
Average total rewards : 48725.8830152
Average total splits  : 328.9
Average good splits   : 308.71
Average good splits % : 93.8613560353

