Reward: 46552.1657246 Total splits: 308 Good splits: 292
Reward: 46265.4223655 Total splits: 297 Good splits: 288
Reward: 49436.3512344 Total splits: 312 Good splits: 294
Reward: 49910.3470085 Total splits: 309 Good splits: 286
Reward: 51194.2864633 Total splits: 338 Good splits: 318
Reward: 48903.420272 Total splits: 305 Good splits: 292
Reward: 50802.0823866 Total splits: 300 Good splits: 280
Reward: 49011.5145052 Total splits: 293 Good splits: 275
Reward: 47950.0660813 Total splits: 320 Good splits: 305
Reward: 47371.258979 Total splits: 304 Good splits: 286
Reward: 49616.1607973 Total splits: 290 Good splits: 268
Reward: 47263.2967451 Total splits: 297 Good splits: 283
Reward: 49284.6573152 Total splits: 304 Good splits: 286
Reward: 50018.3764595 Total splits: 308 Good splits: 289
Reward: 49777.525771 Total splits: 328 Good splits: 307
Reward: 47442.8777138 Total splits: 298 Good splits: 286
Reward: 49607.2717951 Total splits: 304 Good splits: 290
Reward: 49084.4953541 Total splits: 305 Good splits: 283
Reward: 49460.152027 Total splits: 298 Good splits: 285
Reward: 48718.1750344 Total splits: 335 Good splits: 330
Reward: 49246.2498544 Total splits: 311 Good splits: 295
Reward: 47824.4788812 Total splits: 286 Good splits: 267
Reward: 49601.8002075 Total splits: 301 Good splits: 287
Reward: 50334.1671077 Total splits: 317 Good splits: 290
Reward: 48197.0688791 Total splits: 317 Good splits: 300
Reward: 48846.5702988 Total splits: 313 Good splits: 294
Reward: 45795.1260937 Total splits: 291 Good splits: 282
Reward: 49939.0493935 Total splits: 317 Good splits: 301
Reward: 49595.9426995 Total splits: 289 Good splits: 274
Reward: 50926.4005053 Total splits: 319 Good splits: 308
Reward: 46118.9206786 Total splits: 304 Good splits: 295
Reward: 49079.2631356 Total splits: 296 Good splits: 281
Reward: 48808.0124426 Total splits: 299 Good splits: 286
Reward: 47642.6160414 Total splits: 302 Good splits: 284
Reward: 49614.6735775 Total splits: 306 Good splits: 288
Reward: 51639.371095 Total splits: 298 Good splits: 284
Reward: 49136.0011011 Total splits: 314 Good splits: 292
Reward: 47653.9404909 Total splits: 300 Good splits: 284
Reward: 47787.7428678 Total splits: 300 Good splits: 282
Reward: 47283.3466282 Total splits: 289 Good splits: 276
Reward: 44522.579375 Total splits: 288 Good splits: 274
Reward: 49867.058612 Total splits: 312 Good splits: 292
Reward: 47770.0863222 Total splits: 307 Good splits: 296
Reward: 48841.8830904 Total splits: 307 Good splits: 284
Reward: 46790.5488087 Total splits: 302 Good splits: 286
Reward: 49881.114806 Total splits: 312 Good splits: 299
Reward: 49712.7525105 Total splits: 297 Good splits: 284
Reward: 48567.358085 Total splits: 303 Good splits: 278
Reward: 48462.9276586 Total splits: 303 Good splits: 283
Reward: 50235.455715 Total splits: 314 Good splits: 288
Reward: 48119.5938716 Total splits: 319 Good splits: 301
Reward: 49622.8253538 Total splits: 295 Good splits: 271
Reward: 46523.318736 Total splits: 319 Good splits: 310
Reward: 49298.1059606 Total splits: 305 Good splits: 293
Reward: 50624.483475 Total splits: 306 Good splits: 299
Reward: 47483.8734604 Total splits: 310 Good splits: 296
Reward: 50094.1833381 Total splits: 318 Good splits: 298
Reward: 46235.0083481 Total splits: 289 Good splits: 273
Reward: 48706.7534788 Total splits: 303 Good splits: 297
Reward: 49895.8608655 Total splits: 303 Good splits: 293
Reward: 50340.6512198 Total splits: 304 Good splits: 295
Reward: 48331.6498791 Total splits: 282 Good splits: 269
Reward: 48117.6383788 Total splits: 315 Good splits: 299
Reward: 46902.3809533 Total splits: 290 Good splits: 279
Reward: 47786.5080575 Total splits: 324 Good splits: 317
Reward: 49560.2774451 Total splits: 302 Good splits: 286
Reward: 49771.7673525 Total splits: 325 Good splits: 297
Reward: 49561.7324823 Total splits: 297 Good splits: 283
Reward: 49905.1299909 Total splits: 308 Good splits: 292
Reward: 48949.6975976 Total splits: 319 Good splits: 301
Reward: 48107.7329501 Total splits: 283 Good splits: 263
Reward: 49923.3023442 Total splits: 314 Good splits: 293
Reward: 49803.5603019 Total splits: 313 Good splits: 295
Reward: 49818.782718 Total splits: 323 Good splits: 305
Reward: 49012.8975299 Total splits: 300 Good splits: 289
Reward: 46133.1247369 Total splits: 294 Good splits: 280
Reward: 49130.3124918 Total splits: 311 Good splits: 293
Reward: 49971.3642125 Total splits: 312 Good splits: 298
Reward: 47190.6653984 Total splits: 311 Good splits: 289
Reward: 48209.9941319 Total splits: 297 Good splits: 279
Reward: 50908.0444331 Total splits: 306 Good splits: 288
Reward: 48498.4816167 Total splits: 302 Good splits: 287
Reward: 49636.3113922 Total splits: 306 Good splits: 290
Reward: 47052.4355597 Total splits: 294 Good splits: 277
Reward: 48898.4711366 Total splits: 301 Good splits: 286
Reward: 45455.1298426 Total splits: 317 Good splits: 297
Reward: 49976.3684305 Total splits: 291 Good splits: 278
Reward: 48336.7006991 Total splits: 303 Good splits: 282
Reward: 49309.6323257 Total splits: 294 Good splits: 279
Reward: 49022.1824404 Total splits: 314 Good splits: 294
Reward: 49120.716143 Total splits: 312 Good splits: 299
Reward: 49156.316117 Total splits: 306 Good splits: 290
Reward: 47691.8652444 Total splits: 304 Good splits: 295
Reward: 49465.4208087 Total splits: 305 Good splits: 283
Reward: 47376.8122119 Total splits: 299 Good splits: 283
Reward: 46904.6968469 Total splits: 305 Good splits: 295
Reward: 48462.0470272 Total splits: 296 Good splits: 287
Reward: 49472.5502962 Total splits: 286 Good splits: 271
Reward: 48059.4954048 Total splits: 285 Good splits: 274
Reward: 49999.7640454 Total splits: 290 Good splits: 280

Results after 100 tests
Average total rewards : 48733.2903008
Average total splits  : 304.74
Average good splits   : 288.85
Average good splits % : 94.7857189736

Reward: 47683.1286353 Total splits: 288 Good splits: 274
Reward: 48417.4371026 Total splits: 286 Good splits: 275
Reward: 47601.3538605 Total splits: 285 Good splits: 270
Reward: 49271.3639958 Total splits: 281 Good splits: 271
Reward: 48118.9054228 Total splits: 309 Good splits: 290
Reward: 44488.1103884 Total splits: 307 Good splits: 298
Reward: 46552.6419576 Total splits: 296 Good splits: 279
Reward: 49093.6373479 Total splits: 305 Good splits: 275
Reward: 45714.0183764 Total splits: 305 Good splits: 291
Reward: 46753.7039529 Total splits: 290 Good splits: 274
Reward: 43527.825728 Total splits: 306 Good splits: 287
Reward: 45972.9294423 Total splits: 291 Good splits: 262
Reward: 46478.7828176 Total splits: 302 Good splits: 293
Reward: 48406.4646134 Total splits: 313 Good splits: 300
Reward: 48380.5566239 Total splits: 315 Good splits: 297
Reward: 48801.6837295 Total splits: 320 Good splits: 305
Reward: 48876.8141063 Total splits: 330 Good splits: 310
Reward: 48263.9793927 Total splits: 313 Good splits: 289
Reward: 48514.3148764 Total splits: 296 Good splits: 274
Reward: 50101.2801432 Total splits: 319 Good splits: 299
Reward: 50842.0696981 Total splits: 300 Good splits: 289
Reward: 48821.5444955 Total splits: 311 Good splits: 298
Reward: 49013.923648 Total splits: 306 Good splits: 293
Reward: 49119.8333659 Total splits: 291 Good splits: 278
Reward: 47696.089912 Total splits: 296 Good splits: 275
Reward: 49126.0747613 Total splits: 303 Good splits: 289
Reward: 49055.9851636 Total splits: 303 Good splits: 289
Reward: 45341.09588 Total splits: 330 Good splits: 308
Reward: 47843.9860951 Total splits: 289 Good splits: 276
Reward: 48829.723309 Total splits: 284 Good splits: 273
Reward: 47212.6493022 Total splits: 314 Good splits: 303
Reward: 50075.5704244 Total splits: 320 Good splits: 294
Reward: 49180.7406618 Total splits: 286 Good splits: 273
Reward: 46450.3805935 Total splits: 293 Good splits: 283
Reward: 49997.5795233 Total splits: 311 Good splits: 293
Reward: 48090.561254 Total splits: 286 Good splits: 277
Reward: 48984.4737477 Total splits: 306 Good splits: 289
Reward: 47139.5527269 Total splits: 307 Good splits: 292
Reward: 48923.9177539 Total splits: 282 Good splits: 268
Reward: 48451.4824811 Total splits: 295 Good splits: 277
Reward: 49441.0185671 Total splits: 321 Good splits: 300
Reward: 49933.2678451 Total splits: 294 Good splits: 278
Reward: 51106.2303634 Total splits: 322 Good splits: 307
Reward: 47526.9609813 Total splits: 306 Good splits: 296
Reward: 47598.9473126 Total splits: 320 Good splits: 302
Reward: 48105.0486773 Total splits: 308 Good splits: 292
Reward: 48711.8597185 Total splits: 305 Good splits: 291
Reward: 49529.252449 Total splits: 303 Good splits: 289
Reward: 45260.0878693 Total splits: 290 Good splits: 275
Reward: 49755.2150913 Total splits: 318 Good splits: 307
Reward: 48670.3417559 Total splits: 291 Good splits: 279
Reward: 48162.1515559 Total splits: 309 Good splits: 295
Reward: 44627.1588735 Total splits: 307 Good splits: 292
Reward: 50657.9803978 Total splits: 283 Good splits: 263
Reward: 47279.6810315 Total splits: 312 Good splits: 301
Reward: 48185.2525852 Total splits: 293 Good splits: 283
Reward: 50152.4023603 Total splits: 321 Good splits: 300
Reward: 49677.41959 Total splits: 312 Good splits: 295
Reward: 49274.3413024 Total splits: 303 Good splits: 294
Reward: 49066.9879068 Total splits: 299 Good splits: 289
Reward: 48206.766455 Total splits: 311 Good splits: 289
Reward: 50472.8499283 Total splits: 306 Good splits: 289
Reward: 45706.3841453 Total splits: 304 Good splits: 290
Reward: 49709.3389827 Total splits: 294 Good splits: 280
Reward: 50143.387293 Total splits: 288 Good splits: 274
Reward: 46534.7774703 Total splits: 307 Good splits: 292
Reward: 49451.0438113 Total splits: 311 Good splits: 293
Reward: 47486.8891021 Total splits: 289 Good splits: 272
Reward: 48636.5033894 Total splits: 320 Good splits: 300
Reward: 48191.4423379 Total splits: 302 Good splits: 289
Reward: 48549.2089921 Total splits: 318 Good splits: 306
Reward: 46877.8974561 Total splits: 313 Good splits: 295
Reward: 48683.5097121 Total splits: 301 Good splits: 286
Reward: 46874.1319106 Total splits: 293 Good splits: 275
Reward: 47559.9263713 Total splits: 284 Good splits: 264
Reward: 44273.0508445 Total splits: 297 Good splits: 280
Reward: 47671.7347175 Total splits: 291 Good splits: 277
Reward: 49971.6182778 Total splits: 300 Good splits: 286
Reward: 50092.9644655 Total splits: 311 Good splits: 293
Reward: 48420.8189301 Total splits: 287 Good splits: 282
Reward: 48871.3629332 Total splits: 306 Good splits: 295
Reward: 49235.9105256 Total splits: 307 Good splits: 300
Reward: 51022.4867412 Total splits: 305 Good splits: 290
Reward: 47230.5636294 Total splits: 315 Good splits: 291
Reward: 49433.3443976 Total splits: 312 Good splits: 299
Reward: 49623.0242822 Total splits: 310 Good splits: 293
Reward: 48514.5873688 Total splits: 293 Good splits: 272
Reward: 49691.3783242 Total splits: 310 Good splits: 300
Reward: 45236.9732462 Total splits: 297 Good splits: 286
Reward: 46350.0766682 Total splits: 290 Good splits: 269
Reward: 46835.3499189 Total splits: 310 Good splits: 296
Reward: 47193.9352148 Total splits: 288 Good splits: 271
Reward: 50569.1140222 Total splits: 305 Good splits: 283
Reward: 45157.1848155 Total splits: 290 Good splits: 279
Reward: 49013.2238713 Total splits: 330 Good splits: 308
Reward: 48470.7590371 Total splits: 304 Good splits: 277
Reward: 49230.5394411 Total splits: 326 Good splits: 300
Reward: 47525.6909743 Total splits: 294 Good splits: 283
Reward: 47794.9201207 Total splits: 317 Good splits: 299
Reward: 51552.5625589 Total splits: 327 Good splits: 311

Results after 100 tests
Average total rewards : 48260.0500623
Average total splits  : 303.5
Average good splits   : 287.72
Average good splits % : 94.8006589786

