Reward: 48145.4564127 Total splits: 292 Good splits: 271
Reward: 49808.3511736 Total splits: 286 Good splits: 278
Reward: 48536.3550274 Total splits: 268 Good splits: 258
Reward: 49278.1675453 Total splits: 281 Good splits: 266
Reward: 49636.8792342 Total splits: 265 Good splits: 251
Reward: 43933.6907054 Total splits: 260 Good splits: 251
Reward: 46164.042829 Total splits: 276 Good splits: 268
Reward: 48762.3017237 Total splits: 275 Good splits: 263
Reward: 50605.9885938 Total splits: 282 Good splits: 266
Reward: 47396.8755206 Total splits: 295 Good splits: 280
Reward: 49621.5414454 Total splits: 273 Good splits: 257
Reward: 48420.469707 Total splits: 284 Good splits: 266
Reward: 50117.5502291 Total splits: 282 Good splits: 263
Reward: 46013.1352366 Total splits: 282 Good splits: 272
Reward: 48474.4312623 Total splits: 276 Good splits: 262
Reward: 47491.767883 Total splits: 295 Good splits: 283
Reward: 48516.8670257 Total splits: 266 Good splits: 255
Reward: 48912.8113297 Total splits: 288 Good splits: 277
Reward: 49143.8102773 Total splits: 280 Good splits: 268
Reward: 47737.3210729 Total splits: 288 Good splits: 270
Reward: 47528.7894811 Total splits: 290 Good splits: 279
Reward: 48751.737927 Total splits: 275 Good splits: 264
Reward: 49489.0184282 Total splits: 322 Good splits: 308
Reward: 48930.5065763 Total splits: 308 Good splits: 291
Reward: 46990.6971719 Total splits: 272 Good splits: 261
Reward: 48249.0477976 Total splits: 282 Good splits: 277
Reward: 49132.8554574 Total splits: 277 Good splits: 262
Reward: 48271.546869 Total splits: 264 Good splits: 248
Reward: 46664.6722026 Total splits: 272 Good splits: 264
Reward: 48783.4795295 Total splits: 278 Good splits: 264
Reward: 50006.6087253 Total splits: 278 Good splits: 266
Reward: 46461.3440583 Total splits: 269 Good splits: 262
Reward: 47892.8842182 Total splits: 263 Good splits: 257
Reward: 49300.8156355 Total splits: 279 Good splits: 264
Reward: 48972.9919865 Total splits: 295 Good splits: 283
Reward: 48906.9906377 Total splits: 289 Good splits: 278
Reward: 49355.3913663 Total splits: 282 Good splits: 267
Reward: 42946.7616073 Total splits: 288 Good splits: 263
Reward: 49090.2666524 Total splits: 282 Good splits: 270
Reward: 47070.7011211 Total splits: 282 Good splits: 272
Reward: 48392.8283819 Total splits: 262 Good splits: 245
Reward: 48662.1763732 Total splits: 274 Good splits: 261
Reward: 49315.169576 Total splits: 296 Good splits: 278
Reward: 48277.1503624 Total splits: 277 Good splits: 264
Reward: 50106.9602486 Total splits: 288 Good splits: 277
Reward: 47643.3531405 Total splits: 269 Good splits: 256
Reward: 48794.3499042 Total splits: 289 Good splits: 283
Reward: 49586.7748133 Total splits: 272 Good splits: 261
Reward: 47444.025648 Total splits: 280 Good splits: 267
Reward: 50637.8491321 Total splits: 282 Good splits: 273
Reward: 47069.1607449 Total splits: 280 Good splits: 263
Reward: 47224.2611467 Total splits: 271 Good splits: 260
Reward: 49430.9282569 Total splits: 280 Good splits: 264
Reward: 45246.2704426 Total splits: 267 Good splits: 251
Reward: 47466.4554054 Total splits: 283 Good splits: 269
Reward: 47830.8159191 Total splits: 274 Good splits: 262
Reward: 48647.3419974 Total splits: 286 Good splits: 270
Reward: 50227.2291453 Total splits: 307 Good splits: 294
Reward: 49224.4322985 Total splits: 290 Good splits: 278
Reward: 46362.3936931 Total splits: 283 Good splits: 268
Reward: 48785.0749579 Total splits: 271 Good splits: 263
Reward: 48610.4115903 Total splits: 284 Good splits: 271
Reward: 47896.9590805 Total splits: 275 Good splits: 266
Reward: 49030.2390859 Total splits: 273 Good splits: 260
Reward: 49262.4878734 Total splits: 287 Good splits: 280
Reward: 48864.5233749 Total splits: 280 Good splits: 267
Reward: 45913.6772504 Total splits: 289 Good splits: 273
Reward: 47003.5777591 Total splits: 287 Good splits: 270
Reward: 50433.7996055 Total splits: 286 Good splits: 278
Reward: 49366.2934652 Total splits: 283 Good splits: 261
Reward: 49607.737857 Total splits: 271 Good splits: 262
Reward: 48911.6821616 Total splits: 278 Good splits: 265
Reward: 48559.9644788 Total splits: 278 Good splits: 263
Reward: 47885.8118655 Total splits: 288 Good splits: 272
Reward: 49949.4273438 Total splits: 294 Good splits: 284
Reward: 44258.6831556 Total splits: 269 Good splits: 261
Reward: 48554.3325991 Total splits: 284 Good splits: 269
Reward: 47518.2121296 Total splits: 270 Good splits: 259
Reward: 45288.0020591 Total splits: 269 Good splits: 260
Reward: 48178.5443586 Total splits: 279 Good splits: 272
Reward: 47817.7897664 Total splits: 273 Good splits: 261
Reward: 50093.0485195 Total splits: 277 Good splits: 269
Reward: 50667.8508151 Total splits: 274 Good splits: 263
Reward: 50162.6733385 Total splits: 271 Good splits: 260
Reward: 46351.9240085 Total splits: 270 Good splits: 257
Reward: 50430.2247441 Total splits: 294 Good splits: 281
Reward: 48558.6372789 Total splits: 285 Good splits: 268
Reward: 50392.7966905 Total splits: 292 Good splits: 280
Reward: 48591.457884 Total splits: 286 Good splits: 272
Reward: 49552.5782095 Total splits: 286 Good splits: 276
Reward: 47226.4622397 Total splits: 299 Good splits: 285
Reward: 49605.2097255 Total splits: 281 Good splits: 271
Reward: 50254.8759109 Total splits: 295 Good splits: 285
Reward: 48008.6247149 Total splits: 284 Good splits: 269
Reward: 48366.2140806 Total splits: 281 Good splits: 265
Reward: 49719.7512654 Total splits: 282 Good splits: 268
Reward: 49686.4554085 Total splits: 279 Good splits: 263
Reward: 42819.7987593 Total splits: 275 Good splits: 263
Reward: 50042.9374309 Total splits: 289 Good splits: 278
Reward: 50857.7953244 Total splits: 297 Good splits: 283

Results after 100 tests
Average total rewards : 48401.9139648
Average total splits  : 281.16
Average good splits   : 268.42
Average good splits % : 95.4687722293

Reward: 49554.5193666 Total splits: 282 Good splits: 269
Reward: 50156.0512979 Total splits: 281 Good splits: 267
Reward: 45939.4060009 Total splits: 280 Good splits: 268
Reward: 50778.1573252 Total splits: 272 Good splits: 261
Reward: 49387.9152143 Total splits: 278 Good splits: 273
Reward: 47928.8808681 Total splits: 296 Good splits: 278
Reward: 50398.9962276 Total splits: 278 Good splits: 270
Reward: 47314.854948 Total splits: 292 Good splits: 279
Reward: 49819.5086054 Total splits: 274 Good splits: 265
Reward: 50126.3960943 Total splits: 280 Good splits: 266
Reward: 49499.0299279 Total splits: 282 Good splits: 273
Reward: 48104.2773372 Total splits: 274 Good splits: 265
Reward: 48004.7724179 Total splits: 272 Good splits: 255
Reward: 47569.1110702 Total splits: 283 Good splits: 267
Reward: 49737.4060438 Total splits: 297 Good splits: 288
Reward: 49895.5360433 Total splits: 291 Good splits: 284
Reward: 46862.3762347 Total splits: 296 Good splits: 281
Reward: 49293.8333237 Total splits: 274 Good splits: 264
Reward: 49531.8568744 Total splits: 294 Good splits: 278
Reward: 47679.1963451 Total splits: 273 Good splits: 255
Reward: 49180.7631945 Total splits: 284 Good splits: 266
Reward: 47981.4971259 Total splits: 286 Good splits: 269
Reward: 45820.9892625 Total splits: 309 Good splits: 291
Reward: 49485.2197654 Total splits: 295 Good splits: 284
Reward: 49308.4271545 Total splits: 294 Good splits: 282
Reward: 48879.7779228 Total splits: 296 Good splits: 277
Reward: 48214.6844859 Total splits: 279 Good splits: 265
Reward: 50222.7619457 Total splits: 266 Good splits: 251
Reward: 45183.8363243 Total splits: 262 Good splits: 252
Reward: 48724.6483362 Total splits: 273 Good splits: 266
Reward: 47315.5034602 Total splits: 286 Good splits: 274
Reward: 47567.4653804 Total splits: 286 Good splits: 278
Reward: 48167.6529149 Total splits: 276 Good splits: 260
Reward: 45247.2045123 Total splits: 282 Good splits: 274
Reward: 49280.0800836 Total splits: 282 Good splits: 272
Reward: 45619.7988449 Total splits: 285 Good splits: 269
Reward: 47430.999755 Total splits: 294 Good splits: 284
Reward: 48611.3423535 Total splits: 296 Good splits: 280
Reward: 47008.4557527 Total splits: 286 Good splits: 274
Reward: 48583.4204156 Total splits: 270 Good splits: 256
Reward: 46291.5465174 Total splits: 273 Good splits: 265
Reward: 48116.6791234 Total splits: 277 Good splits: 267
Reward: 47162.2614092 Total splits: 271 Good splits: 257
Reward: 48488.4251414 Total splits: 281 Good splits: 264
Reward: 47449.2286575 Total splits: 288 Good splits: 273
Reward: 47423.7117507 Total splits: 279 Good splits: 260
Reward: 49388.0807157 Total splits: 277 Good splits: 266
Reward: 49159.6468062 Total splits: 281 Good splits: 271
Reward: 49100.067812 Total splits: 275 Good splits: 265
Reward: 46767.0330323 Total splits: 272 Good splits: 258
Reward: 50805.32052 Total splits: 278 Good splits: 262
Reward: 50081.5814424 Total splits: 278 Good splits: 260
Reward: 45456.254311 Total splits: 289 Good splits: 277
Reward: 49223.8314758 Total splits: 275 Good splits: 268
Reward: 43691.4636043 Total splits: 267 Good splits: 257
Reward: 49351.6121997 Total splits: 278 Good splits: 273
Reward: 45632.9216878 Total splits: 260 Good splits: 254
Reward: 49282.6023499 Total splits: 266 Good splits: 258
Reward: 47921.2475592 Total splits: 282 Good splits: 273
Reward: 48797.2407894 Total splits: 287 Good splits: 273
Reward: 46129.393755 Total splits: 272 Good splits: 260
Reward: 48008.2662396 Total splits: 262 Good splits: 249
Reward: 49314.3097219 Total splits: 275 Good splits: 265
Reward: 46408.3207777 Total splits: 283 Good splits: 273
Reward: 47976.2521025 Total splits: 286 Good splits: 276
Reward: 49042.7215039 Total splits: 280 Good splits: 269
Reward: 48906.5178064 Total splits: 288 Good splits: 272
Reward: 47838.7068133 Total splits: 263 Good splits: 253
Reward: 49072.3893348 Total splits: 274 Good splits: 266
Reward: 50371.4290214 Total splits: 285 Good splits: 274
Reward: 48311.5101298 Total splits: 297 Good splits: 278
Reward: 48421.3865331 Total splits: 281 Good splits: 269
Reward: 48441.413682 Total splits: 297 Good splits: 282
Reward: 49028.1429675 Total splits: 262 Good splits: 249
Reward: 48169.2597851 Total splits: 291 Good splits: 282
Reward: 49558.6963032 Total splits: 290 Good splits: 286
Reward: 47652.7682566 Total splits: 282 Good splits: 274
Reward: 48021.2320806 Total splits: 284 Good splits: 274
Reward: 49436.0413 Total splits: 276 Good splits: 258
Reward: 46145.1873604 Total splits: 277 Good splits: 261
Reward: 45833.4151688 Total splits: 283 Good splits: 272
Reward: 49137.0226011 Total splits: 264 Good splits: 257
Reward: 47618.3939815 Total splits: 282 Good splits: 272
Reward: 49456.6684585 Total splits: 297 Good splits: 280
Reward: 46708.5845362 Total splits: 287 Good splits: 273
Reward: 48469.7841635 Total splits: 279 Good splits: 266
Reward: 50060.0650658 Total splits: 287 Good splits: 266
Reward: 49382.5864777 Total splits: 289 Good splits: 277
Reward: 48701.0585892 Total splits: 284 Good splits: 260
Reward: 48791.4395171 Total splits: 287 Good splits: 271
Reward: 48156.8918382 Total splits: 281 Good splits: 270
Reward: 48448.8812706 Total splits: 291 Good splits: 279
Reward: 47425.361121 Total splits: 295 Good splits: 286
Reward: 47541.541182 Total splits: 284 Good splits: 261
Reward: 49276.318034 Total splits: 290 Good splits: 282
Reward: 46082.5124109 Total splits: 291 Good splits: 282
Reward: 47120.8787583 Total splits: 277 Good splits: 267
Reward: 48458.5000261 Total splits: 296 Good splits: 280
Reward: 48182.0185156 Total splits: 273 Good splits: 260
Reward: 46725.7257754 Total splits: 286 Good splits: 278

Results after 100 tests
Average total rewards : 48228.3896043
Average total splits  : 281.78
Average good splits   : 269.4
Average good splits % : 95.606501526

