Reward: 50483.2515431 Total splits: 272 Good splits: 264
Reward: 49018.9559748 Total splits: 265 Good splits: 256
Reward: 44442.2448663 Total splits: 256 Good splits: 250
Reward: 47483.4973361 Total splits: 260 Good splits: 248
Reward: 47250.9619388 Total splits: 262 Good splits: 252
Reward: 49451.4680958 Total splits: 277 Good splits: 266
Reward: 48455.9127089 Total splits: 271 Good splits: 258
Reward: 45447.2523674 Total splits: 271 Good splits: 265
Reward: 42613.7398919 Total splits: 267 Good splits: 258
Reward: 45803.6287394 Total splits: 258 Good splits: 235
Reward: 48094.9023243 Total splits: 246 Good splits: 237
Reward: 48038.874642 Total splits: 263 Good splits: 246
Reward: 49350.6287439 Total splits: 260 Good splits: 252
Reward: 48036.6346869 Total splits: 255 Good splits: 251
Reward: 48547.1591645 Total splits: 265 Good splits: 259
Reward: 47298.8502956 Total splits: 256 Good splits: 248
Reward: 46927.0619485 Total splits: 248 Good splits: 242
Reward: 50889.7000006 Total splits: 259 Good splits: 254
Reward: 47145.5211811 Total splits: 263 Good splits: 256
Reward: 44204.2316308 Total splits: 252 Good splits: 242
Reward: 47956.7688664 Total splits: 262 Good splits: 250
Reward: 46716.1209788 Total splits: 260 Good splits: 247
Reward: 47710.7912351 Total splits: 266 Good splits: 257
Reward: 47937.5554113 Total splits: 246 Good splits: 239
Reward: 50573.2051019 Total splits: 277 Good splits: 266
Reward: 45692.2018712 Total splits: 251 Good splits: 240
Reward: 49296.8558254 Total splits: 252 Good splits: 241
Reward: 47240.2723924 Total splits: 257 Good splits: 252
Reward: 48984.137719 Total splits: 262 Good splits: 249
Reward: 49319.8876912 Total splits: 263 Good splits: 252
Reward: 47081.7823399 Total splits: 255 Good splits: 239
Reward: 48970.856375 Total splits: 274 Good splits: 267
Reward: 45185.360312 Total splits: 244 Good splits: 240
Reward: 49471.5920575 Total splits: 268 Good splits: 262
Reward: 47258.8912826 Total splits: 262 Good splits: 249
Reward: 49514.0606748 Total splits: 271 Good splits: 261
Reward: 49964.729329 Total splits: 263 Good splits: 257
Reward: 46487.114739 Total splits: 259 Good splits: 251
Reward: 42288.8891044 Total splits: 240 Good splits: 232
Reward: 48658.7123559 Total splits: 262 Good splits: 251
Reward: 45236.1132862 Total splits: 262 Good splits: 258
Reward: 49698.9389688 Total splits: 282 Good splits: 273
Reward: 48744.2820823 Total splits: 277 Good splits: 265
Reward: 47948.6708769 Total splits: 261 Good splits: 251
Reward: 48890.0849642 Total splits: 267 Good splits: 250
Reward: 47074.2676162 Total splits: 259 Good splits: 246
Reward: 50798.2667471 Total splits: 265 Good splits: 250
Reward: 49461.931701 Total splits: 278 Good splits: 270
Reward: 49016.9285236 Total splits: 253 Good splits: 247
Reward: 45751.5305767 Total splits: 253 Good splits: 245
Reward: 50535.1816521 Total splits: 262 Good splits: 250
Reward: 45970.8432162 Total splits: 259 Good splits: 253
Reward: 47865.4931818 Total splits: 252 Good splits: 249
Reward: 47331.3581538 Total splits: 266 Good splits: 255
Reward: 48594.0689828 Total splits: 269 Good splits: 260
Reward: 48014.5489669 Total splits: 252 Good splits: 244
Reward: 48513.0295679 Total splits: 271 Good splits: 265
Reward: 48514.0749626 Total splits: 262 Good splits: 249
Reward: 47873.1060591 Total splits: 283 Good splits: 279
Reward: 44413.94245 Total splits: 260 Good splits: 252
Reward: 49373.0136496 Total splits: 269 Good splits: 261
Reward: 46318.9490482 Total splits: 274 Good splits: 263
Reward: 48000.0535697 Total splits: 265 Good splits: 247
Reward: 49480.3650249 Total splits: 262 Good splits: 253
Reward: 47654.3288698 Total splits: 276 Good splits: 265
Reward: 48325.1831299 Total splits: 284 Good splits: 272
Reward: 46787.922837 Total splits: 269 Good splits: 259
Reward: 47818.5812798 Total splits: 269 Good splits: 251
Reward: 49233.5502937 Total splits: 241 Good splits: 232
Reward: 48936.0457536 Total splits: 257 Good splits: 245
Reward: 47715.8851372 Total splits: 258 Good splits: 252
Reward: 47216.7445807 Total splits: 275 Good splits: 265
Reward: 49966.8191966 Total splits: 267 Good splits: 258
Reward: 47098.1874266 Total splits: 270 Good splits: 260
Reward: 44703.1816654 Total splits: 255 Good splits: 247
Reward: 47579.1457292 Total splits: 247 Good splits: 241
Reward: 45785.7496494 Total splits: 261 Good splits: 247
Reward: 49960.1820143 Total splits: 282 Good splits: 274
Reward: 47074.4679578 Total splits: 269 Good splits: 261
Reward: 50619.2566716 Total splits: 269 Good splits: 266
Reward: 49753.9822181 Total splits: 259 Good splits: 256
Reward: 50024.4622195 Total splits: 269 Good splits: 261
Reward: 49041.8700559 Total splits: 269 Good splits: 260
Reward: 49540.3989681 Total splits: 261 Good splits: 249
Reward: 48216.0028042 Total splits: 265 Good splits: 255
Reward: 47947.074862 Total splits: 277 Good splits: 270
Reward: 48355.9424274 Total splits: 261 Good splits: 255
Reward: 49654.2298005 Total splits: 267 Good splits: 254
Reward: 47972.3520206 Total splits: 279 Good splits: 272
Reward: 47664.7820386 Total splits: 262 Good splits: 251
Reward: 50361.0610635 Total splits: 261 Good splits: 256
Reward: 46115.9775759 Total splits: 249 Good splits: 242
Reward: 45029.2042714 Total splits: 283 Good splits: 270
Reward: 49654.6713082 Total splits: 265 Good splits: 254
Reward: 48984.1948797 Total splits: 246 Good splits: 239
Reward: 46675.5367677 Total splits: 260 Good splits: 254
Reward: 48428.5382448 Total splits: 253 Good splits: 244
Reward: 47987.7401014 Total splits: 260 Good splits: 245
Reward: 48098.2093268 Total splits: 274 Good splits: 263
Reward: 48004.8683425 Total splits: 254 Good splits: 250

Results after 100 tests
Average total rewards : 47926.9963906
Average total splits  : 263.06
Average good splits   : 253.71
Average good splits % : 96.4456777921

Reward: 46336.4864993 Total splits: 264 Good splits: 255
Reward: 48679.8833727 Total splits: 269 Good splits: 257
Reward: 48923.1402628 Total splits: 264 Good splits: 249
Reward: 48917.0612498 Total splits: 252 Good splits: 239
Reward: 48812.1714787 Total splits: 266 Good splits: 254
Reward: 46758.5087967 Total splits: 267 Good splits: 259
Reward: 48514.1950574 Total splits: 249 Good splits: 240
Reward: 49285.1737325 Total splits: 279 Good splits: 271
Reward: 45304.4249992 Total splits: 255 Good splits: 243
Reward: 47448.860832 Total splits: 259 Good splits: 251
Reward: 46568.6544432 Total splits: 276 Good splits: 262
Reward: 48675.7782907 Total splits: 251 Good splits: 242
Reward: 46990.0770712 Total splits: 250 Good splits: 236
Reward: 45832.7711053 Total splits: 250 Good splits: 245
Reward: 46577.3431097 Total splits: 251 Good splits: 239
Reward: 49976.3691254 Total splits: 279 Good splits: 269
Reward: 44181.1641352 Total splits: 263 Good splits: 253
Reward: 48127.014194 Total splits: 259 Good splits: 248
Reward: 49310.8367882 Total splits: 250 Good splits: 237
Reward: 48201.8134509 Total splits: 266 Good splits: 251
Reward: 49497.9256334 Total splits: 255 Good splits: 251
Reward: 46697.3712235 Total splits: 270 Good splits: 261
Reward: 48591.5989146 Total splits: 283 Good splits: 272
Reward: 46362.1433001 Total splits: 270 Good splits: 263
Reward: 44627.7214151 Total splits: 272 Good splits: 267
Reward: 45493.8553936 Total splits: 266 Good splits: 255
Reward: 49263.3737874 Total splits: 273 Good splits: 265
Reward: 49888.6022827 Total splits: 269 Good splits: 261
Reward: 50281.4560866 Total splits: 278 Good splits: 271
Reward: 43784.3310007 Total splits: 263 Good splits: 256
Reward: 49300.6264451 Total splits: 275 Good splits: 263
Reward: 46677.3882001 Total splits: 279 Good splits: 267
Reward: 49241.8294057 Total splits: 258 Good splits: 248
Reward: 43306.2677225 Total splits: 263 Good splits: 258
Reward: 48981.237479 Total splits: 270 Good splits: 263
Reward: 46820.8043789 Total splits: 267 Good splits: 259
Reward: 49470.9622083 Total splits: 255 Good splits: 243
Reward: 46744.1494524 Total splits: 236 Good splits: 223
Reward: 49559.4048087 Total splits: 261 Good splits: 248
Reward: 49260.9391152 Total splits: 260 Good splits: 247
Reward: 50560.1093467 Total splits: 264 Good splits: 252
Reward: 42431.9344189 Total splits: 256 Good splits: 246
Reward: 49405.4222072 Total splits: 281 Good splits: 272
Reward: 46139.1597004 Total splits: 259 Good splits: 256
Reward: 50962.4194662 Total splits: 263 Good splits: 250
Reward: 46799.7292605 Total splits: 268 Good splits: 259
Reward: 48093.7452994 Total splits: 260 Good splits: 252
Reward: 49962.1694895 Total splits: 269 Good splits: 263
Reward: 47732.9810991 Total splits: 272 Good splits: 263
Reward: 46464.7248157 Total splits: 246 Good splits: 235
Reward: 41924.9719296 Total splits: 256 Good splits: 251
Reward: 49019.371974 Total splits: 258 Good splits: 253
Reward: 47391.6924605 Total splits: 259 Good splits: 246
Reward: 49309.4922502 Total splits: 278 Good splits: 259
Reward: 47793.1945436 Total splits: 249 Good splits: 234
Reward: 49300.5088793 Total splits: 272 Good splits: 258
Reward: 48979.0399357 Total splits: 269 Good splits: 259
Reward: 46112.3654185 Total splits: 262 Good splits: 250
Reward: 48801.1933984 Total splits: 268 Good splits: 263
Reward: 48258.0872522 Total splits: 260 Good splits: 247
Reward: 48689.5772194 Total splits: 267 Good splits: 258
Reward: 46422.5755402 Total splits: 264 Good splits: 251
Reward: 49431.9675427 Total splits: 277 Good splits: 272
Reward: 48362.9453258 Total splits: 256 Good splits: 246
Reward: 48649.4550485 Total splits: 256 Good splits: 254
Reward: 46996.5001805 Total splits: 274 Good splits: 265
Reward: 47898.401658 Total splits: 251 Good splits: 236
Reward: 47979.5844235 Total splits: 255 Good splits: 246
Reward: 49137.8872192 Total splits: 258 Good splits: 249
Reward: 49553.6286899 Total splits: 269 Good splits: 256
Reward: 49645.1384399 Total splits: 257 Good splits: 248
Reward: 44779.2376532 Total splits: 272 Good splits: 262
Reward: 48710.8643706 Total splits: 268 Good splits: 254
Reward: 43527.7727682 Total splits: 245 Good splits: 241
Reward: 50073.5475973 Total splits: 280 Good splits: 270
Reward: 47663.7522921 Total splits: 261 Good splits: 252
Reward: 49323.3348469 Total splits: 278 Good splits: 271
Reward: 49323.6744198 Total splits: 264 Good splits: 257
Reward: 45169.9725853 Total splits: 248 Good splits: 235
Reward: 50344.167822 Total splits: 272 Good splits: 258
Reward: 48562.1525054 Total splits: 261 Good splits: 248
Reward: 48733.5026636 Total splits: 247 Good splits: 239
Reward: 47633.0316722 Total splits: 264 Good splits: 250
Reward: 49411.9014108 Total splits: 258 Good splits: 256
Reward: 49855.6041915 Total splits: 265 Good splits: 246
Reward: 49968.1849558 Total splits: 257 Good splits: 246
Reward: 43182.2833181 Total splits: 279 Good splits: 268
Reward: 49943.4761834 Total splits: 270 Good splits: 260
Reward: 50689.0829013 Total splits: 280 Good splits: 267
Reward: 49370.169647 Total splits: 261 Good splits: 253
Reward: 50205.5810118 Total splits: 263 Good splits: 250
Reward: 48743.5380367 Total splits: 263 Good splits: 247
Reward: 48587.0114089 Total splits: 277 Good splits: 272
Reward: 47545.7815036 Total splits: 270 Good splits: 263
Reward: 47136.9096362 Total splits: 263 Good splits: 256
Reward: 48648.6105223 Total splits: 270 Good splits: 259
Reward: 47893.866084 Total splits: 234 Good splits: 231
Reward: 49490.3140477 Total splits: 266 Good splits: 256
Reward: 45609.0882166 Total splits: 254 Good splits: 244
Reward: 49221.0054025 Total splits: 268 Good splits: 260

Results after 100 tests
Average total rewards : 47948.3111036
Average total splits  : 263.53
Average good splits   : 253.61
Average good splits % : 96.2357226881

