Reward: 46226.7419004 Total splits: 253 Good splits: 240
Reward: 48199.409236 Total splits: 241 Good splits: 239
Reward: 47144.5127403 Total splits: 252 Good splits: 241
Reward: 44861.1214397 Total splits: 255 Good splits: 245
Reward: 46651.6361995 Total splits: 248 Good splits: 239
Reward: 47350.0506027 Total splits: 247 Good splits: 240
Reward: 49370.6065165 Total splits: 231 Good splits: 221
Reward: 49302.7304468 Total splits: 251 Good splits: 237
Reward: 49737.5324384 Total splits: 242 Good splits: 236
Reward: 50205.5980716 Total splits: 247 Good splits: 242
Reward: 49805.4670361 Total splits: 241 Good splits: 234
Reward: 48401.2424506 Total splits: 241 Good splits: 235
Reward: 47402.3358248 Total splits: 245 Good splits: 237
Reward: 47863.1662322 Total splits: 235 Good splits: 231
Reward: 48951.4077427 Total splits: 249 Good splits: 242
Reward: 47533.9320063 Total splits: 221 Good splits: 213
Reward: 45285.8828898 Total splits: 244 Good splits: 234
Reward: 46467.5718564 Total splits: 241 Good splits: 234
Reward: 44579.1480559 Total splits: 247 Good splits: 241
Reward: 48276.8218635 Total splits: 245 Good splits: 235
Reward: 47837.0186555 Total splits: 240 Good splits: 231
Reward: 48841.5578087 Total splits: 242 Good splits: 234
Reward: 45007.4999724 Total splits: 241 Good splits: 231
Reward: 46840.9619426 Total splits: 247 Good splits: 240
Reward: 47591.0493122 Total splits: 233 Good splits: 223
Reward: 48307.3333818 Total splits: 246 Good splits: 238
Reward: 48640.1158584 Total splits: 238 Good splits: 232
Reward: 48908.1912206 Total splits: 240 Good splits: 232
Reward: 45769.6357923 Total splits: 237 Good splits: 227
Reward: 46311.2859437 Total splits: 268 Good splits: 258
Reward: 48043.3611695 Total splits: 260 Good splits: 247
Reward: 44322.5608553 Total splits: 241 Good splits: 233
Reward: 49736.3404934 Total splits: 243 Good splits: 236
Reward: 46837.1835574 Total splits: 242 Good splits: 233
Reward: 50113.2149968 Total splits: 247 Good splits: 234
Reward: 49381.9332533 Total splits: 257 Good splits: 242
Reward: 48443.7325465 Total splits: 248 Good splits: 237
Reward: 47935.3445843 Total splits: 243 Good splits: 234
Reward: 50097.7137965 Total splits: 251 Good splits: 242
Reward: 45755.6235589 Total splits: 249 Good splits: 243
Reward: 49288.2423434 Total splits: 255 Good splits: 248
Reward: 42228.3347574 Total splits: 240 Good splits: 234
Reward: 48172.3469321 Total splits: 248 Good splits: 240
Reward: 45651.2115327 Total splits: 249 Good splits: 240
Reward: 47280.0761556 Total splits: 242 Good splits: 231
Reward: 48284.250838 Total splits: 251 Good splits: 235
Reward: 45500.8124014 Total splits: 242 Good splits: 232
Reward: 46937.0101908 Total splits: 250 Good splits: 245
Reward: 49988.858153 Total splits: 255 Good splits: 246
Reward: 49570.0930734 Total splits: 258 Good splits: 243
Reward: 48527.4641031 Total splits: 240 Good splits: 232
Reward: 50331.5547619 Total splits: 243 Good splits: 235
Reward: 47416.334303 Total splits: 261 Good splits: 256
Reward: 49475.2424942 Total splits: 259 Good splits: 253
Reward: 47062.0502214 Total splits: 239 Good splits: 233
Reward: 46723.0307455 Total splits: 238 Good splits: 232
Reward: 45253.6684269 Total splits: 256 Good splits: 255
Reward: 47910.0694158 Total splits: 249 Good splits: 238
Reward: 48740.9020889 Total splits: 241 Good splits: 234
Reward: 46374.4175822 Total splits: 237 Good splits: 228
Reward: 48807.3008516 Total splits: 256 Good splits: 250
Reward: 48066.4082492 Total splits: 245 Good splits: 238
Reward: 47180.7301298 Total splits: 252 Good splits: 248
Reward: 45624.0317565 Total splits: 227 Good splits: 223
Reward: 49992.5624869 Total splits: 257 Good splits: 253
Reward: 48198.7330351 Total splits: 238 Good splits: 231
Reward: 45785.1307847 Total splits: 245 Good splits: 237
Reward: 48431.7404849 Total splits: 250 Good splits: 236
Reward: 48296.7417305 Total splits: 239 Good splits: 230
Reward: 48066.2119789 Total splits: 227 Good splits: 219
Reward: 48574.0428149 Total splits: 253 Good splits: 244
Reward: 48981.2803497 Total splits: 252 Good splits: 244
Reward: 49168.9877321 Total splits: 252 Good splits: 238
Reward: 46543.7843745 Total splits: 240 Good splits: 232
Reward: 48640.5404772 Total splits: 243 Good splits: 238
Reward: 48904.6212867 Total splits: 248 Good splits: 244
Reward: 47952.6562485 Total splits: 248 Good splits: 238
Reward: 47857.9873944 Total splits: 260 Good splits: 245
Reward: 47473.5353873 Total splits: 232 Good splits: 227
Reward: 48985.9836392 Total splits: 251 Good splits: 241
Reward: 47307.5923735 Total splits: 250 Good splits: 245
Reward: 46279.5456909 Total splits: 263 Good splits: 254
Reward: 46697.8746064 Total splits: 252 Good splits: 243
Reward: 48597.0094256 Total splits: 242 Good splits: 229
Reward: 50897.4086902 Total splits: 253 Good splits: 246
Reward: 46667.2260465 Total splits: 253 Good splits: 245
Reward: 48853.5464853 Total splits: 249 Good splits: 243
Reward: 48598.683011 Total splits: 236 Good splits: 231
Reward: 48321.999354 Total splits: 241 Good splits: 233
Reward: 48998.7723433 Total splits: 249 Good splits: 241
Reward: 49897.8802525 Total splits: 245 Good splits: 239
Reward: 49580.987265 Total splits: 259 Good splits: 245
Reward: 48113.3066291 Total splits: 242 Good splits: 235
Reward: 47619.854479 Total splits: 248 Good splits: 238
Reward: 47498.1698639 Total splits: 234 Good splits: 225
Reward: 48351.6600644 Total splits: 243 Good splits: 229
Reward: 49407.2553659 Total splits: 253 Good splits: 245
Reward: 49416.5317243 Total splits: 249 Good splits: 242
Reward: 51046.6876965 Total splits: 257 Good splits: 252
Reward: 49052.8563808 Total splits: 234 Good splits: 232

Results after 100 tests
Average total rewards : 47917.9240371
Average total splits  : 246.09
Average good splits   : 237.81
Average good splits % : 96.635377301

Reward: 44817.2596019 Total splits: 242 Good splits: 234
Reward: 46088.8962588 Total splits: 240 Good splits: 232
Reward: 48900.2554273 Total splits: 252 Good splits: 241
Reward: 48633.003524 Total splits: 265 Good splits: 258
Reward: 47991.8906704 Total splits: 251 Good splits: 245
Reward: 49235.2449562 Total splits: 255 Good splits: 251
Reward: 46037.0482029 Total splits: 236 Good splits: 226
Reward: 44885.0121279 Total splits: 236 Good splits: 228
Reward: 46196.7508128 Total splits: 240 Good splits: 227
Reward: 49387.0055588 Total splits: 241 Good splits: 233
Reward: 47186.2288045 Total splits: 252 Good splits: 244
Reward: 50228.3406815 Total splits: 248 Good splits: 237
Reward: 46556.0177313 Total splits: 248 Good splits: 235
Reward: 44981.12156 Total splits: 235 Good splits: 233
Reward: 46847.697819 Total splits: 233 Good splits: 230
Reward: 45050.0880971 Total splits: 250 Good splits: 236
Reward: 46051.8152387 Total splits: 233 Good splits: 228
Reward: 48957.8965367 Total splits: 254 Good splits: 243
Reward: 46979.7585376 Total splits: 251 Good splits: 243
Reward: 48892.0461231 Total splits: 249 Good splits: 240
Reward: 45578.0742798 Total splits: 227 Good splits: 218
Reward: 49225.2488503 Total splits: 252 Good splits: 245
Reward: 47662.5877022 Total splits: 246 Good splits: 233
Reward: 49811.1898096 Total splits: 245 Good splits: 237
Reward: 50247.1784173 Total splits: 249 Good splits: 243
Reward: 49917.4115886 Total splits: 260 Good splits: 249
Reward: 49517.4476766 Total splits: 245 Good splits: 233
Reward: 44775.4505585 Total splits: 254 Good splits: 246
Reward: 47262.461888 Total splits: 258 Good splits: 248
Reward: 46979.7085782 Total splits: 247 Good splits: 241
Reward: 48849.3605663 Total splits: 229 Good splits: 220
Reward: 47637.4141442 Total splits: 233 Good splits: 223
Reward: 48187.9009216 Total splits: 245 Good splits: 235
Reward: 45976.0269036 Total splits: 234 Good splits: 232
Reward: 48428.9497191 Total splits: 259 Good splits: 249
Reward: 48885.8004386 Total splits: 245 Good splits: 233
Reward: 46063.5530033 Total splits: 247 Good splits: 240
Reward: 43836.4561566 Total splits: 251 Good splits: 245
Reward: 48321.2982554 Total splits: 239 Good splits: 228
Reward: 48164.0036624 Total splits: 242 Good splits: 230
Reward: 48527.2534895 Total splits: 242 Good splits: 232
Reward: 42822.6804254 Total splits: 246 Good splits: 238
Reward: 46817.9803102 Total splits: 246 Good splits: 237
Reward: 50019.5244286 Total splits: 238 Good splits: 233
Reward: 47706.1983265 Total splits: 258 Good splits: 254
Reward: 47239.4494578 Total splits: 243 Good splits: 232
Reward: 48362.3419972 Total splits: 234 Good splits: 232
Reward: 51170.4746889 Total splits: 267 Good splits: 259
Reward: 49441.9971401 Total splits: 230 Good splits: 224
Reward: 48853.7132289 Total splits: 238 Good splits: 232
Reward: 47029.9108494 Total splits: 247 Good splits: 238
Reward: 48277.5799709 Total splits: 229 Good splits: 227
Reward: 47697.6023689 Total splits: 232 Good splits: 224
Reward: 45815.887016 Total splits: 243 Good splits: 240
Reward: 47366.6945809 Total splits: 247 Good splits: 238
Reward: 42422.2841031 Total splits: 240 Good splits: 230
Reward: 45914.8349978 Total splits: 229 Good splits: 217
Reward: 48218.2867722 Total splits: 235 Good splits: 227
Reward: 48865.7256304 Total splits: 258 Good splits: 253
Reward: 46847.5156384 Total splits: 226 Good splits: 219
Reward: 46547.8718598 Total splits: 243 Good splits: 240
Reward: 49863.8861719 Total splits: 250 Good splits: 236
Reward: 50441.2390999 Total splits: 248 Good splits: 246
Reward: 45876.1971151 Total splits: 246 Good splits: 239
Reward: 47111.6274202 Total splits: 242 Good splits: 227
Reward: 48969.0923333 Total splits: 246 Good splits: 240
Reward: 45283.6823158 Total splits: 235 Good splits: 223
Reward: 46870.0497546 Total splits: 252 Good splits: 246
Reward: 46679.477652 Total splits: 228 Good splits: 217
Reward: 47530.8397155 Total splits: 256 Good splits: 239
Reward: 47715.0954592 Total splits: 258 Good splits: 244
Reward: 47443.7776343 Total splits: 240 Good splits: 232
Reward: 45211.6137123 Total splits: 243 Good splits: 239
Reward: 49770.9349306 Total splits: 253 Good splits: 247
Reward: 47821.8426788 Total splits: 248 Good splits: 237
Reward: 47551.5898615 Total splits: 239 Good splits: 230
Reward: 46238.8493913 Total splits: 225 Good splits: 219
Reward: 47000.2768731 Total splits: 245 Good splits: 238
Reward: 49689.2018557 Total splits: 258 Good splits: 249
Reward: 47523.4983759 Total splits: 254 Good splits: 243
Reward: 50208.0175825 Total splits: 245 Good splits: 236
Reward: 46327.0189379 Total splits: 242 Good splits: 235
Reward: 43380.8498829 Total splits: 250 Good splits: 247
Reward: 47928.7256888 Total splits: 241 Good splits: 236
Reward: 46654.560985 Total splits: 245 Good splits: 236
Reward: 47355.1105911 Total splits: 241 Good splits: 231
Reward: 49419.1356278 Total splits: 247 Good splits: 237
Reward: 48575.8979145 Total splits: 255 Good splits: 248
Reward: 49930.6410336 Total splits: 250 Good splits: 245
Reward: 49099.7575715 Total splits: 232 Good splits: 227
Reward: 44149.5484996 Total splits: 243 Good splits: 232
Reward: 48732.8508118 Total splits: 243 Good splits: 232
Reward: 47649.0878698 Total splits: 234 Good splits: 225
Reward: 46791.6390979 Total splits: 241 Good splits: 237
Reward: 46710.3772067 Total splits: 245 Good splits: 240
Reward: 49265.5917258 Total splits: 251 Good splits: 241
Reward: 50054.6722483 Total splits: 244 Good splits: 237
Reward: 48033.1861216 Total splits: 250 Good splits: 241
Reward: 48729.4638953 Total splits: 255 Good splits: 249
Reward: 48088.7921728 Total splits: 258 Good splits: 246

Results after 100 tests
Average total rewards : 47568.7440649
Average total splits  : 244.67
Average good splits   : 236.47
Average good splits % : 96.6485470225

