Reward: 50466.412789 Total splits: 338 Good splits: 317
Reward: 49523.2555039 Total splits: 348 Good splits: 326
Reward: 50104.884404 Total splits: 355 Good splits: 339
Reward: 48365.8749861 Total splits: 347 Good splits: 322
Reward: 45695.0537979 Total splits: 365 Good splits: 336
Reward: 49230.2700822 Total splits: 331 Good splits: 316
Reward: 47746.8064073 Total splits: 348 Good splits: 320
Reward: 46687.7123727 Total splits: 350 Good splits: 336
Reward: 48947.0613094 Total splits: 366 Good splits: 339
Reward: 48040.8504707 Total splits: 364 Good splits: 341
Reward: 50747.2074989 Total splits: 364 Good splits: 339
Reward: 49907.3809656 Total splits: 333 Good splits: 312
Reward: 49096.126643 Total splits: 373 Good splits: 346
Reward: 50100.1521648 Total splits: 379 Good splits: 346
Reward: 47804.9754348 Total splits: 338 Good splits: 310
Reward: 48435.7021481 Total splits: 334 Good splits: 303
Reward: 48784.8241135 Total splits: 332 Good splits: 314
Reward: 46443.3609009 Total splits: 335 Good splits: 308
Reward: 48615.603892 Total splits: 366 Good splits: 344
Reward: 47686.8179942 Total splits: 353 Good splits: 332
Reward: 45439.5854704 Total splits: 336 Good splits: 313
Reward: 48848.3007585 Total splits: 374 Good splits: 345
Reward: 50211.5550644 Total splits: 340 Good splits: 321
Reward: 49131.4526853 Total splits: 347 Good splits: 324
Reward: 49758.8652658 Total splits: 333 Good splits: 312
Reward: 49429.2710909 Total splits: 345 Good splits: 327
Reward: 50093.8619776 Total splits: 344 Good splits: 329
Reward: 50119.3422835 Total splits: 315 Good splits: 288
Reward: 48937.3163243 Total splits: 350 Good splits: 330
Reward: 50595.8473513 Total splits: 361 Good splits: 341
Reward: 45796.8759232 Total splits: 344 Good splits: 329
Reward: 48417.4028881 Total splits: 344 Good splits: 321
Reward: 51220.3162011 Total splits: 349 Good splits: 323
Reward: 47996.8306166 Total splits: 382 Good splits: 356
Reward: 48138.6757847 Total splits: 358 Good splits: 326
Reward: 48331.466514 Total splits: 338 Good splits: 321
Reward: 49168.242125 Total splits: 346 Good splits: 319
Reward: 46234.4462022 Total splits: 356 Good splits: 338
Reward: 49625.2656764 Total splits: 380 Good splits: 358
Reward: 49059.9593514 Total splits: 372 Good splits: 350
Reward: 45415.7749198 Total splits: 336 Good splits: 315
Reward: 50551.2388602 Total splits: 329 Good splits: 308
Reward: 47196.1343685 Total splits: 373 Good splits: 339
Reward: 47951.6469048 Total splits: 344 Good splits: 313
Reward: 48681.8354261 Total splits: 339 Good splits: 315
Reward: 48235.976541 Total splits: 354 Good splits: 322
Reward: 47510.6385274 Total splits: 356 Good splits: 331
Reward: 46962.4411746 Total splits: 359 Good splits: 335
Reward: 48846.7851885 Total splits: 357 Good splits: 338
Reward: 49806.2481361 Total splits: 343 Good splits: 310

Results after 50 tests
Average total rewards : 48602.8786696
Average total splits  : 350.46
Average good splits   : 326.86
Average good splits % : 93.265993266

Reward: 46877.4088302 Total splits: 360 Good splits: 331
Reward: 50122.4335546 Total splits: 348 Good splits: 314
Reward: 45040.8447451 Total splits: 358 Good splits: 327
Reward: 49727.8879523 Total splits: 339 Good splits: 313
Reward: 51359.7792727 Total splits: 346 Good splits: 323
Reward: 41075.7661077 Total splits: 371 Good splits: 350
Reward: 48192.6064636 Total splits: 334 Good splits: 305
Reward: 48143.6322634 Total splits: 346 Good splits: 324
Reward: 50206.2351083 Total splits: 340 Good splits: 309
Reward: 47481.882258 Total splits: 345 Good splits: 327

Results after 10 tests
Average total rewards : 47822.8476556
Average total splits  : 348.7
Average good splits   : 322.3
Average good splits % : 92.429022082

Reward: 49481.9880167 Total splits: 343 Good splits: 318
Reward: 51242.7807059 Total splits: 349 Good splits: 331
Reward: 48180.4521728 Total splits: 365 Good splits: 335
Reward: 49471.5103924 Total splits: 367 Good splits: 346
Reward: 49404.4625762 Total splits: 357 Good splits: 333
Reward: 48399.2142356 Total splits: 355 Good splits: 334
Reward: 49540.9323142 Total splits: 343 Good splits: 322
Reward: 49073.7475965 Total splits: 338 Good splits: 316
Reward: 47231.6487241 Total splits: 358 Good splits: 336
Reward: 50474.1295398 Total splits: 345 Good splits: 319

Results after 10 tests
Average total rewards : 49250.0866274
Average total splits  : 352.0
Average good splits   : 329.0
Average good splits % : 93.4659090909

Reward: 47682.7464121 Total splits: 367 Good splits: 340
Reward: 47917.4428276 Total splits: 344 Good splits: 311
Reward: 49355.1476182 Total splits: 350 Good splits: 318
Reward: 49542.3525854 Total splits: 357 Good splits: 334
Reward: 48802.7497218 Total splits: 371 Good splits: 348
Reward: 49433.8219455 Total splits: 356 Good splits: 328
Reward: 47402.9105684 Total splits: 360 Good splits: 332
Reward: 49192.7211237 Total splits: 355 Good splits: 331
Reward: 50237.353359 Total splits: 342 Good splits: 327
Reward: 51212.1871119 Total splits: 353 Good splits: 330
Reward: 49385.3861588 Total splits: 358 Good splits: 323
Reward: 49655.2297319 Total splits: 371 Good splits: 345
Reward: 48941.9717258 Total splits: 359 Good splits: 325
Reward: 48099.3174697 Total splits: 355 Good splits: 325
Reward: 50022.3848511 Total splits: 343 Good splits: 311
Reward: 48878.8050767 Total splits: 354 Good splits: 328
Reward: 50702.9793774 Total splits: 348 Good splits: 324
Reward: 47665.7961439 Total splits: 356 Good splits: 334
Reward: 48667.8354612 Total splits: 349 Good splits: 330
Reward: 51353.5021578 Total splits: 360 Good splits: 340
Reward: 46058.2683224 Total splits: 319 Good splits: 306
Reward: 48301.3877866 Total splits: 350 Good splits: 329
Reward: 46244.7663924 Total splits: 350 Good splits: 326
Reward: 44354.5943708 Total splits: 357 Good splits: 331
Reward: 47375.2230383 Total splits: 356 Good splits: 325
Reward: 46807.3398423 Total splits: 350 Good splits: 326
Reward: 51072.0619586 Total splits: 351 Good splits: 327
Reward: 47422.468914 Total splits: 330 Good splits: 314
Reward: 48251.9858419 Total splits: 358 Good splits: 326
Reward: 49767.1310907 Total splits: 341 Good splits: 314

Results after 30 tests
Average total rewards : 48660.2622995
Average total splits  : 352.333333333
Average good splits   : 326.933333333
Average good splits % : 92.7909176916

Reward: 48356.1057106 Total splits: 353 Good splits: 326
Reward: 48841.5719866 Total splits: 363 Good splits: 335
Reward: 47232.0366249 Total splits: 366 Good splits: 342
Reward: 48752.6951385 Total splits: 367 Good splits: 352
Reward: 50619.4895216 Total splits: 323 Good splits: 308
Reward: 49056.1154743 Total splits: 342 Good splits: 321
Reward: 50884.5164263 Total splits: 353 Good splits: 328
Reward: 48719.3676307 Total splits: 349 Good splits: 335
Reward: 50712.1357046 Total splits: 341 Good splits: 320
Reward: 50436.2437585 Total splits: 362 Good splits: 344
Reward: 47616.4254656 Total splits: 341 Good splits: 322
Reward: 46203.6508038 Total splits: 338 Good splits: 315
Reward: 46451.468399 Total splits: 358 Good splits: 333
Reward: 48618.5763736 Total splits: 347 Good splits: 318
Reward: 48830.2704859 Total splits: 350 Good splits: 321
Reward: 51224.7881922 Total splits: 372 Good splits: 351
Reward: 47023.8712241 Total splits: 337 Good splits: 310
Reward: 51199.1230602 Total splits: 359 Good splits: 339
Reward: 49089.9063115 Total splits: 326 Good splits: 300
Reward: 48376.6488711 Total splits: 340 Good splits: 324
Reward: 45636.4205475 Total splits: 355 Good splits: 336
Reward: 49015.5528869 Total splits: 329 Good splits: 306
Reward: 50004.1081693 Total splits: 353 Good splits: 334
Reward: 49907.6871157 Total splits: 332 Good splits: 314
Reward: 50990.6714416 Total splits: 361 Good splits: 347
Reward: 48807.1402401 Total splits: 349 Good splits: 321
Reward: 51271.2419442 Total splits: 349 Good splits: 323
Reward: 50968.3799339 Total splits: 349 Good splits: 316
Reward: 44438.4853471 Total splits: 377 Good splits: 354
Reward: 44150.8338286 Total splits: 351 Good splits: 326
Reward: 50043.7956081 Total splits: 342 Good splits: 319
Reward: 49852.0569991 Total splits: 326 Good splits: 296
Reward: 49807.4936117 Total splits: 355 Good splits: 334
Reward: 47244.1445409 Total splits: 351 Good splits: 328
Reward: 47392.3642979 Total splits: 331 Good splits: 309
Reward: 48146.5306001 Total splits: 368 Good splits: 349
Reward: 49005.469922 Total splits: 338 Good splits: 322
Reward: 49914.8266982 Total splits: 350 Good splits: 328
Reward: 46231.8917898 Total splits: 343 Good splits: 325
Reward: 49555.6567869 Total splits: 344 Good splits: 312
Reward: 48800.5171216 Total splits: 324 Good splits: 307
Reward: 49888.7046198 Total splits: 372 Good splits: 338
Reward: 49203.3440612 Total splits: 337 Good splits: 318
Reward: 49387.8067664 Total splits: 345 Good splits: 323
Reward: 47269.9757759 Total splits: 358 Good splits: 324
Reward: 49205.105635 Total splits: 337 Good splits: 316
Reward: 50107.6586849 Total splits: 347 Good splits: 331
Reward: 48427.9041327 Total splits: 367 Good splits: 348
Reward: 49028.4439579 Total splits: 345 Good splits: 317
Reward: 50261.8628538 Total splits: 353 Good splits: 333
Reward: 50196.6619271 Total splits: 360 Good splits: 339
Reward: 48728.7116575 Total splits: 365 Good splits: 334
Reward: 50401.0416974 Total splits: 356 Good splits: 332
Reward: 48419.225296 Total splits: 341 Good splits: 306
Reward: 49221.6046536 Total splits: 358 Good splits: 336
Reward: 49625.0320731 Total splits: 369 Good splits: 341
Reward: 48596.880477 Total splits: 368 Good splits: 346
Reward: 49991.6080535 Total splits: 388 Good splits: 359
Reward: 50422.3247304 Total splits: 351 Good splits: 330
Reward: 50940.4419529 Total splits: 369 Good splits: 345
Reward: 49589.5965826 Total splits: 356 Good splits: 329
Reward: 47661.9212721 Total splits: 357 Good splits: 316
Reward: 50165.9501915 Total splits: 341 Good splits: 323
Reward: 48685.7258687 Total splits: 342 Good splits: 314
Reward: 49407.9774559 Total splits: 344 Good splits: 323
Reward: 50885.1360134 Total splits: 355 Good splits: 324
Reward: 48182.6297744 Total splits: 369 Good splits: 336
Reward: 46257.7873892 Total splits: 322 Good splits: 293
Reward: 48183.7706692 Total splits: 353 Good splits: 324
Reward: 49732.9279842 Total splits: 338 Good splits: 317
Reward: 46811.2085731 Total splits: 337 Good splits: 317
Reward: 45760.940559 Total splits: 331 Good splits: 305
Reward: 48662.2410466 Total splits: 353 Good splits: 338
Reward: 50053.8009843 Total splits: 382 Good splits: 363
Reward: 51232.3639733 Total splits: 361 Good splits: 339
Reward: 47413.8051875 Total splits: 341 Good splits: 322
Reward: 49069.6331461 Total splits: 350 Good splits: 327
Reward: 49443.0501005 Total splits: 337 Good splits: 306
Reward: 49680.363688 Total splits: 364 Good splits: 342
Reward: 49346.5116615 Total splits: 349 Good splits: 329
Reward: 49870.9638488 Total splits: 367 Good splits: 344
Reward: 50610.4247443 Total splits: 359 Good splits: 331
Reward: 50806.4592769 Total splits: 345 Good splits: 315
Reward: 50747.5288139 Total splits: 355 Good splits: 331
Reward: 49242.0934198 Total splits: 388 Good splits: 365
Reward: 49240.3247309 Total splits: 339 Good splits: 316
Reward: 49715.4023564 Total splits: 336 Good splits: 309
Reward: 48936.9606394 Total splits: 331 Good splits: 314
Reward: 50588.4976371 Total splits: 370 Good splits: 335
Reward: 50743.5574009 Total splits: 355 Good splits: 329
Reward: 51002.383099 Total splits: 360 Good splits: 344
Reward: 49552.8388943 Total splits: 361 Good splits: 331
Reward: 47196.7505864 Total splits: 362 Good splits: 340
Reward: 44077.3644054 Total splits: 332 Good splits: 313
Reward: 46441.6662518 Total splits: 339 Good splits: 317
Reward: 49627.468661 Total splits: 346 Good splits: 324
Reward: 49331.0770716 Total splits: 341 Good splits: 317
Reward: 44771.8624107 Total splits: 343 Good splits: 326
Reward: 47315.5380285 Total splits: 366 Good splits: 342
Reward: 50490.1550909 Total splits: 332 Good splits: 314

Results after 100 tests
Average total rewards : 48952.9127509
Average total splits  : 350.59
Average good splits   : 327.1
Average good splits % : 93.2998659403

