Reward: 47326.9852071 Total splits: 234 Good splits: 229
Reward: 47486.1779022 Total splits: 223 Good splits: 219
Reward: 43001.4824458 Total splits: 218 Good splits: 213
Reward: 47334.4123738 Total splits: 229 Good splits: 223
Reward: 45443.4475527 Total splits: 235 Good splits: 232
Reward: 44998.6390635 Total splits: 218 Good splits: 213
Reward: 47287.7684558 Total splits: 224 Good splits: 214
Reward: 49403.3811215 Total splits: 233 Good splits: 225
Reward: 50739.5348411 Total splits: 229 Good splits: 224
Reward: 45259.3154472 Total splits: 225 Good splits: 217
Reward: 48227.5529039 Total splits: 234 Good splits: 230
Reward: 45739.8222768 Total splits: 231 Good splits: 225
Reward: 44252.5526839 Total splits: 238 Good splits: 235
Reward: 47309.3974489 Total splits: 233 Good splits: 232
Reward: 47185.4537832 Total splits: 221 Good splits: 215
Reward: 49220.8844535 Total splits: 236 Good splits: 231
Reward: 48359.0519136 Total splits: 222 Good splits: 220
Reward: 47779.0091551 Total splits: 235 Good splits: 233
Reward: 48589.8758495 Total splits: 218 Good splits: 213
Reward: 46518.8536533 Total splits: 218 Good splits: 204
Reward: 49785.0279027 Total splits: 227 Good splits: 222
Reward: 47178.5475963 Total splits: 244 Good splits: 240
Reward: 50177.822976 Total splits: 241 Good splits: 237
Reward: 47522.275311 Total splits: 227 Good splits: 220
Reward: 45741.7734697 Total splits: 242 Good splits: 231
Reward: 45760.7216651 Total splits: 243 Good splits: 233
Reward: 46320.4383257 Total splits: 227 Good splits: 222
Reward: 48119.9148945 Total splits: 226 Good splits: 221
Reward: 47956.5175339 Total splits: 241 Good splits: 238
Reward: 46546.2146667 Total splits: 227 Good splits: 221
Reward: 44652.0416266 Total splits: 237 Good splits: 233
Reward: 45825.6827288 Total splits: 235 Good splits: 230
Reward: 47956.4842488 Total splits: 241 Good splits: 236
Reward: 45951.9404079 Total splits: 220 Good splits: 212
Reward: 45841.8927037 Total splits: 217 Good splits: 209
Reward: 50105.4630771 Total splits: 231 Good splits: 223
Reward: 45198.7713412 Total splits: 231 Good splits: 225
Reward: 48606.7398365 Total splits: 251 Good splits: 243
Reward: 50175.4263773 Total splits: 234 Good splits: 225
Reward: 46613.1438063 Total splits: 241 Good splits: 238
Reward: 48511.0036483 Total splits: 222 Good splits: 219
Reward: 45726.2284559 Total splits: 234 Good splits: 229
Reward: 48019.6978058 Total splits: 227 Good splits: 223
Reward: 48649.3819917 Total splits: 215 Good splits: 212
Reward: 47989.8409099 Total splits: 231 Good splits: 221
Reward: 48965.4898348 Total splits: 229 Good splits: 222
Reward: 47305.5865281 Total splits: 240 Good splits: 235
Reward: 49309.7158155 Total splits: 245 Good splits: 238
Reward: 49110.8970338 Total splits: 238 Good splits: 224
Reward: 49570.9404837 Total splits: 235 Good splits: 223
Reward: 50494.0990856 Total splits: 241 Good splits: 235
Reward: 44270.7796512 Total splits: 232 Good splits: 225
Reward: 47816.8161829 Total splits: 239 Good splits: 229
Reward: 49351.1376963 Total splits: 229 Good splits: 222
Reward: 46774.7750118 Total splits: 244 Good splits: 234
Reward: 42957.7241615 Total splits: 236 Good splits: 228
Reward: 41504.0417831 Total splits: 230 Good splits: 227
Reward: 48340.5567598 Total splits: 227 Good splits: 223
Reward: 44448.2622707 Total splits: 213 Good splits: 203
Reward: 48795.3616571 Total splits: 227 Good splits: 217
Reward: 44527.7801123 Total splits: 225 Good splits: 219
Reward: 48160.03025 Total splits: 225 Good splits: 218
Reward: 47615.4778013 Total splits: 210 Good splits: 208
Reward: 47522.2528363 Total splits: 225 Good splits: 220
Reward: 45489.0872544 Total splits: 232 Good splits: 225
Reward: 44968.5386282 Total splits: 242 Good splits: 234
Reward: 48886.9711616 Total splits: 238 Good splits: 229
Reward: 49521.0491774 Total splits: 231 Good splits: 222
Reward: 46598.343965 Total splits: 222 Good splits: 215
Reward: 47844.2840492 Total splits: 229 Good splits: 222
Reward: 47506.2475248 Total splits: 227 Good splits: 220
Reward: 46857.6293625 Total splits: 232 Good splits: 222
Reward: 48723.5616196 Total splits: 229 Good splits: 224
Reward: 49363.1522179 Total splits: 235 Good splits: 229
Reward: 48585.7945365 Total splits: 225 Good splits: 217
Reward: 47686.4254271 Total splits: 241 Good splits: 230
Reward: 44737.9301428 Total splits: 228 Good splits: 220
Reward: 48867.6563863 Total splits: 241 Good splits: 237
Reward: 48020.1477946 Total splits: 230 Good splits: 223
Reward: 48514.0614128 Total splits: 245 Good splits: 241
Reward: 45739.9277793 Total splits: 240 Good splits: 232
Reward: 49367.694887 Total splits: 232 Good splits: 229
Reward: 48439.6897662 Total splits: 227 Good splits: 222
Reward: 49747.7609292 Total splits: 234 Good splits: 226
Reward: 47275.3865882 Total splits: 252 Good splits: 246
Reward: 47233.0363688 Total splits: 244 Good splits: 235
Reward: 46960.2334654 Total splits: 227 Good splits: 219
Reward: 45063.5336067 Total splits: 227 Good splits: 223
Reward: 46103.0543846 Total splits: 230 Good splits: 225
Reward: 47261.1344164 Total splits: 234 Good splits: 222
Reward: 45353.9860976 Total splits: 231 Good splits: 226
Reward: 46574.6918834 Total splits: 227 Good splits: 221
Reward: 44635.5141891 Total splits: 220 Good splits: 212
Reward: 45811.0965293 Total splits: 207 Good splits: 206
Reward: 46542.3217824 Total splits: 221 Good splits: 217
Reward: 48285.8915607 Total splits: 241 Good splits: 234
Reward: 47663.3635835 Total splits: 230 Good splits: 222
Reward: 49366.4581998 Total splits: 240 Good splits: 230
Reward: 48770.810656 Total splits: 230 Good splits: 222
Reward: 49106.4578602 Total splits: 239 Good splits: 229

Results after 100 tests
Average total rewards : 47307.1124199
Average total splits  : 231.16
Average good splits   : 224.68
Average good splits % : 97.196746842

Reward: 46095.3558208 Total splits: 234 Good splits: 231
Reward: 48164.453848 Total splits: 222 Good splits: 218
Reward: 47175.7193171 Total splits: 234 Good splits: 228
Reward: 48698.517029 Total splits: 229 Good splits: 227
Reward: 50768.8531502 Total splits: 225 Good splits: 223
Reward: 48878.6105196 Total splits: 228 Good splits: 223
Reward: 41827.5167328 Total splits: 216 Good splits: 210
Reward: 41581.0610065 Total splits: 244 Good splits: 239
Reward: 46988.0648889 Total splits: 220 Good splits: 215
Reward: 49422.0465753 Total splits: 235 Good splits: 225
Reward: 46669.1114404 Total splits: 226 Good splits: 223
Reward: 48864.2986187 Total splits: 226 Good splits: 221
Reward: 50386.8665169 Total splits: 231 Good splits: 227
Reward: 49856.5365837 Total splits: 240 Good splits: 235
Reward: 44944.1008514 Total splits: 222 Good splits: 211
Reward: 46224.6845283 Total splits: 227 Good splits: 222
Reward: 48828.7705062 Total splits: 233 Good splits: 223
Reward: 48823.7211397 Total splits: 233 Good splits: 226
Reward: 42328.5043194 Total splits: 221 Good splits: 216
Reward: 46764.257946 Total splits: 227 Good splits: 224
Reward: 48962.7123123 Total splits: 233 Good splits: 225
Reward: 46342.2739619 Total splits: 219 Good splits: 215
Reward: 44836.0923288 Total splits: 222 Good splits: 215
Reward: 48152.0269756 Total splits: 224 Good splits: 217
Reward: 48929.3090318 Total splits: 238 Good splits: 231
Reward: 48045.2647271 Total splits: 224 Good splits: 215
Reward: 46931.2774592 Total splits: 211 Good splits: 204
Reward: 48047.4626098 Total splits: 231 Good splits: 231
Reward: 47354.435302 Total splits: 216 Good splits: 211
Reward: 47716.1862276 Total splits: 225 Good splits: 213
Reward: 47976.7022902 Total splits: 251 Good splits: 241
Reward: 50367.1819358 Total splits: 239 Good splits: 231
Reward: 48975.051341 Total splits: 245 Good splits: 243
Reward: 46420.4555606 Total splits: 246 Good splits: 238
Reward: 43948.7103974 Total splits: 232 Good splits: 227
Reward: 44901.2660812 Total splits: 233 Good splits: 224
Reward: 47801.6919874 Total splits: 242 Good splits: 236
Reward: 46615.4908847 Total splits: 231 Good splits: 229
Reward: 46369.4560365 Total splits: 221 Good splits: 210
Reward: 44760.7089349 Total splits: 223 Good splits: 217
Reward: 46817.4454438 Total splits: 244 Good splits: 235
Reward: 47653.7118064 Total splits: 228 Good splits: 219
Reward: 43149.8373101 Total splits: 222 Good splits: 212
Reward: 46437.2703297 Total splits: 240 Good splits: 231
Reward: 46279.3744003 Total splits: 242 Good splits: 235
Reward: 49299.3070193 Total splits: 231 Good splits: 224
Reward: 49618.5706233 Total splits: 252 Good splits: 245
Reward: 48741.0186044 Total splits: 235 Good splits: 234
Reward: 49695.004746 Total splits: 223 Good splits: 217
Reward: 41808.4612079 Total splits: 217 Good splits: 214
Reward: 49880.6610145 Total splits: 244 Good splits: 234
Reward: 49011.7184394 Total splits: 233 Good splits: 222
Reward: 49484.5141375 Total splits: 224 Good splits: 220
Reward: 47755.3645261 Total splits: 239 Good splits: 230
Reward: 47296.0333865 Total splits: 238 Good splits: 230
Reward: 49623.3414772 Total splits: 240 Good splits: 230
Reward: 47806.3937822 Total splits: 235 Good splits: 226
Reward: 49425.4620874 Total splits: 236 Good splits: 228
Reward: 45909.5046716 Total splits: 226 Good splits: 218
Reward: 46463.5830756 Total splits: 221 Good splits: 219
Reward: 47979.2065767 Total splits: 228 Good splits: 221
Reward: 48567.1419746 Total splits: 234 Good splits: 230
Reward: 43511.9376803 Total splits: 230 Good splits: 218
Reward: 49299.7839016 Total splits: 228 Good splits: 221
Reward: 45119.7843413 Total splits: 227 Good splits: 218
Reward: 46027.110214 Total splits: 222 Good splits: 217
Reward: 47113.7611316 Total splits: 226 Good splits: 218
Reward: 48135.36923 Total splits: 221 Good splits: 215
Reward: 48616.9818868 Total splits: 232 Good splits: 223
Reward: 45674.002261 Total splits: 226 Good splits: 218
Reward: 46282.1403229 Total splits: 244 Good splits: 233
Reward: 48598.0472274 Total splits: 227 Good splits: 217
Reward: 49327.1240332 Total splits: 237 Good splits: 231
Reward: 48487.1090664 Total splits: 235 Good splits: 231
Reward: 49770.0645559 Total splits: 228 Good splits: 226
Reward: 48285.4065791 Total splits: 225 Good splits: 219
Reward: 46150.2536386 Total splits: 233 Good splits: 228
Reward: 48247.4021246 Total splits: 222 Good splits: 218
Reward: 47577.2399404 Total splits: 234 Good splits: 228
Reward: 46269.6115464 Total splits: 237 Good splits: 229
Reward: 48646.8387235 Total splits: 219 Good splits: 215
Reward: 49079.2461432 Total splits: 224 Good splits: 219
Reward: 48075.0540299 Total splits: 222 Good splits: 217
Reward: 47276.3116013 Total splits: 236 Good splits: 227
Reward: 48116.0140541 Total splits: 231 Good splits: 222
Reward: 44473.2909651 Total splits: 217 Good splits: 209
Reward: 45366.7100082 Total splits: 222 Good splits: 211
Reward: 48197.0152776 Total splits: 233 Good splits: 226
Reward: 48132.6721432 Total splits: 231 Good splits: 224
Reward: 47070.8793779 Total splits: 228 Good splits: 224
Reward: 48364.1984979 Total splits: 235 Good splits: 227
Reward: 45991.9642824 Total splits: 227 Good splits: 222
Reward: 49146.309562 Total splits: 242 Good splits: 239
Reward: 47180.9838532 Total splits: 237 Good splits: 232
Reward: 45674.7436816 Total splits: 228 Good splits: 224
Reward: 47947.9231623 Total splits: 238 Good splits: 231
Reward: 49811.6539518 Total splits: 227 Good splits: 221
Reward: 50329.5646841 Total splits: 236 Good splits: 228
Reward: 50187.1952671 Total splits: 233 Good splits: 226
Reward: 47130.3799562 Total splits: 235 Good splits: 229

Results after 100 tests
Average total rewards : 47441.3981327
Average total splits  : 230.46
Average good splits   : 223.95
Average good splits % : 97.1752147878

