Reward: 48998.2798295 Total splits: 543 Good splits: 411
Reward: 49930.1631904 Total splits: 512 Good splits: 389
Reward: 40531.0564714 Total splits: 545 Good splits: 421
Reward: 49744.9796379 Total splits: 562 Good splits: 435
Reward: 49228.2550033 Total splits: 552 Good splits: 429
Reward: 41125.4848381 Total splits: 516 Good splits: 394
Reward: 42276.8799936 Total splits: 498 Good splits: 379
Reward: 45095.0402654 Total splits: 554 Good splits: 405
Reward: 42092.2099137 Total splits: 567 Good splits: 448
Reward: 48786.72051 Total splits: 570 Good splits: 396
Reward: 49981.2457726 Total splits: 533 Good splits: 402
Reward: 41736.1873278 Total splits: 506 Good splits: 371
Reward: 47883.3420381 Total splits: 538 Good splits: 387
Reward: 47380.9371275 Total splits: 551 Good splits: 431
Reward: 49527.7339614 Total splits: 543 Good splits: 419
Reward: 47234.1916311 Total splits: 533 Good splits: 419
Reward: 49009.0154699 Total splits: 526 Good splits: 396
Reward: 47650.008701 Total splits: 540 Good splits: 418
Reward: 46185.1478761 Total splits: 563 Good splits: 428
Reward: 45472.9337283 Total splits: 579 Good splits: 473
Reward: 49442.5315774 Total splits: 575 Good splits: 424
Reward: 46615.3699168 Total splits: 538 Good splits: 415
Reward: 46467.6753851 Total splits: 533 Good splits: 411
Reward: 48732.3752447 Total splits: 510 Good splits: 384
Reward: 47178.4815234 Total splits: 546 Good splits: 437
Reward: 46839.1148677 Total splits: 559 Good splits: 412
Reward: 45556.6542237 Total splits: 531 Good splits: 385
Reward: 47275.0687093 Total splits: 516 Good splits: 379
Reward: 46632.1686405 Total splits: 518 Good splits: 383
Reward: 46659.5460124 Total splits: 566 Good splits: 426
Reward: 43010.4067633 Total splits: 534 Good splits: 391
Reward: 48051.0244709 Total splits: 547 Good splits: 408
Reward: 49248.9963934 Total splits: 532 Good splits: 411
Reward: 47668.1106155 Total splits: 541 Good splits: 396
Reward: 45393.6481468 Total splits: 543 Good splits: 429
Reward: 46498.0660841 Total splits: 513 Good splits: 379
Reward: 45901.4329025 Total splits: 543 Good splits: 413
Reward: 43625.0744178 Total splits: 500 Good splits: 385
Reward: 47374.7232604 Total splits: 545 Good splits: 421
Reward: 49795.1440994 Total splits: 570 Good splits: 411
Reward: 49444.8341901 Total splits: 561 Good splits: 420
Reward: 40872.6179227 Total splits: 535 Good splits: 403
Reward: 44554.1253012 Total splits: 543 Good splits: 403
Reward: 44217.7836456 Total splits: 533 Good splits: 400
Reward: 49805.4193478 Total splits: 536 Good splits: 414
Reward: 47367.4718513 Total splits: 540 Good splits: 396
Reward: 48623.5278279 Total splits: 553 Good splits: 429
Reward: 49372.8844239 Total splits: 540 Good splits: 405
Reward: 45095.8835385 Total splits: 539 Good splits: 397
Reward: 49779.3788436 Total splits: 565 Good splits: 448
Reward: 46082.5872158 Total splits: 524 Good splits: 413
Reward: 48080.1607745 Total splits: 564 Good splits: 426
Reward: 44386.8881817 Total splits: 516 Good splits: 387
Reward: 44946.6719735 Total splits: 541 Good splits: 416
Reward: 35249.2471062 Total splits: 543 Good splits: 423
Reward: 45073.5524456 Total splits: 555 Good splits: 407
Reward: 48105.6245603 Total splits: 542 Good splits: 422
Reward: 49768.4268181 Total splits: 555 Good splits: 421
Reward: 48484.9696549 Total splits: 600 Good splits: 443
Reward: 49481.2655401 Total splits: 584 Good splits: 449
Reward: 45933.7679789 Total splits: 566 Good splits: 418
Reward: 43164.7968165 Total splits: 513 Good splits: 383
Reward: 42370.5245495 Total splits: 525 Good splits: 407
Reward: 48548.4325774 Total splits: 558 Good splits: 425
Reward: 47814.7124131 Total splits: 539 Good splits: 415
Reward: 47908.9677598 Total splits: 508 Good splits: 392
Reward: 41243.0199348 Total splits: 544 Good splits: 401
Reward: 48249.8275762 Total splits: 528 Good splits: 391
Reward: 44375.2594402 Total splits: 531 Good splits: 416
Reward: 47118.8298204 Total splits: 546 Good splits: 416
Reward: 45110.4451383 Total splits: 525 Good splits: 409
Reward: 42729.0650909 Total splits: 545 Good splits: 412
Reward: 43506.9152293 Total splits: 530 Good splits: 412
Reward: 48364.4544607 Total splits: 523 Good splits: 397
Reward: 48317.3217021 Total splits: 543 Good splits: 417
Reward: 46933.8666037 Total splits: 534 Good splits: 395
Reward: 47038.5546672 Total splits: 521 Good splits: 404
Reward: 48464.8693635 Total splits: 533 Good splits: 405
Reward: 47214.8825101 Total splits: 563 Good splits: 438
Reward: 45955.9593295 Total splits: 545 Good splits: 401
Reward: 44318.7835078 Total splits: 552 Good splits: 437
Reward: 45392.1778143 Total splits: 551 Good splits: 403
Reward: 48992.502554 Total splits: 514 Good splits: 367
Reward: 48863.8378611 Total splits: 529 Good splits: 400
Reward: 39935.5647905 Total splits: 528 Good splits: 376
Reward: 48480.6839794 Total splits: 551 Good splits: 409
Reward: 46439.091877 Total splits: 503 Good splits: 384
Reward: 49247.7825381 Total splits: 545 Good splits: 408
Reward: 47908.7527502 Total splits: 533 Good splits: 397
Reward: 48437.1200796 Total splits: 541 Good splits: 405
Reward: 49625.1342275 Total splits: 541 Good splits: 418
Reward: 43565.366241 Total splits: 512 Good splits: 375
Reward: 43061.4140121 Total splits: 545 Good splits: 422
Reward: 46884.3606439 Total splits: 567 Good splits: 426
Reward: 48203.2799083 Total splits: 539 Good splits: 410
Reward: 45753.6510368 Total splits: 512 Good splits: 398
Reward: 46213.2851517 Total splits: 552 Good splits: 411
Reward: 47807.2045881 Total splits: 534 Good splits: 402
Reward: 46907.93517 Total splits: 534 Good splits: 403
Reward: 47735.5519292 Total splits: 520 Good splits: 397

Results after 100 tests
Average total rewards : 46507.6670133
Average total splits  : 539.83
Average good splits   : 408.75
Average good splits % : 75.7182816813

Reward: 45986.5321384 Total splits: 533 Good splits: 415
Reward: 49028.0939732 Total splits: 553 Good splits: 408
Reward: 50369.0581467 Total splits: 587 Good splits: 447
Reward: 49617.7809053 Total splits: 562 Good splits: 437
Reward: 48785.3641515 Total splits: 548 Good splits: 413
Reward: 41157.7363994 Total splits: 558 Good splits: 437
Reward: 41434.4220855 Total splits: 535 Good splits: 389
Reward: 49541.6121803 Total splits: 574 Good splits: 425
Reward: 46953.5990919 Total splits: 545 Good splits: 404
Reward: 48052.816705 Total splits: 550 Good splits: 401
Reward: 50196.8748607 Total splits: 531 Good splits: 402
Reward: 48966.4122182 Total splits: 575 Good splits: 456
Reward: 45282.5484878 Total splits: 526 Good splits: 401
Reward: 48888.6343394 Total splits: 546 Good splits: 421
Reward: 46189.4842816 Total splits: 542 Good splits: 411
Reward: 48338.2874812 Total splits: 569 Good splits: 437
Reward: 46804.442517 Total splits: 546 Good splits: 411
Reward: 44258.6219567 Total splits: 535 Good splits: 367
Reward: 47789.2428193 Total splits: 554 Good splits: 408
Reward: 46369.6998579 Total splits: 541 Good splits: 437
Reward: 37075.174547 Total splits: 522 Good splits: 384
Reward: 49180.3571228 Total splits: 556 Good splits: 398
Reward: 42466.1609081 Total splits: 522 Good splits: 409
Reward: 47377.791054 Total splits: 511 Good splits: 408
Reward: 49480.4268102 Total splits: 571 Good splits: 425
Reward: 46122.5535066 Total splits: 591 Good splits: 450
Reward: 47193.207766 Total splits: 548 Good splits: 409
Reward: 46366.7735541 Total splits: 551 Good splits: 434
Reward: 44977.479742 Total splits: 544 Good splits: 412
Reward: 50058.5233111 Total splits: 540 Good splits: 410
Reward: 47681.0755907 Total splits: 566 Good splits: 416
Reward: 45601.3810391 Total splits: 549 Good splits: 418
Reward: 46572.8049265 Total splits: 534 Good splits: 408
Reward: 48028.4662696 Total splits: 542 Good splits: 393
Reward: 40917.2649963 Total splits: 553 Good splits: 408
Reward: 50484.3917615 Total splits: 555 Good splits: 414
Reward: 50569.6391231 Total splits: 567 Good splits: 425
Reward: 49636.8816305 Total splits: 527 Good splits: 393
Reward: 49229.6465905 Total splits: 543 Good splits: 411
Reward: 49337.0931257 Total splits: 564 Good splits: 426
Reward: 50181.2016787 Total splits: 535 Good splits: 401
Reward: 49328.036567 Total splits: 519 Good splits: 410
Reward: 49349.5534399 Total splits: 562 Good splits: 430
Reward: 46390.1363759 Total splits: 510 Good splits: 387
Reward: 49557.1748035 Total splits: 547 Good splits: 415
Reward: 45869.5067285 Total splits: 562 Good splits: 409
Reward: 47798.1205684 Total splits: 528 Good splits: 401
Reward: 47084.3041597 Total splits: 551 Good splits: 426
Reward: 40320.1067847 Total splits: 525 Good splits: 400
Reward: 48984.151573 Total splits: 527 Good splits: 381
Reward: 49270.0950042 Total splits: 541 Good splits: 403
Reward: 43868.1103161 Total splits: 526 Good splits: 391
Reward: 49507.9548706 Total splits: 542 Good splits: 413
Reward: 48158.1007091 Total splits: 571 Good splits: 437
Reward: 45481.7250554 Total splits: 523 Good splits: 426
Reward: 49861.5517844 Total splits: 556 Good splits: 419
Reward: 48628.6720575 Total splits: 539 Good splits: 414
Reward: 50355.4897478 Total splits: 544 Good splits: 402
Reward: 44180.4569972 Total splits: 512 Good splits: 367
Reward: 47953.3907708 Total splits: 516 Good splits: 394
Reward: 49714.7474638 Total splits: 546 Good splits: 396
Reward: 47160.1613837 Total splits: 546 Good splits: 410
Reward: 44568.9205899 Total splits: 543 Good splits: 418
Reward: 46170.612135 Total splits: 519 Good splits: 407
Reward: 43563.9471359 Total splits: 557 Good splits: 433
Reward: 44718.8990697 Total splits: 542 Good splits: 390
Reward: 45742.8111609 Total splits: 547 Good splits: 432
Reward: 49441.3396318 Total splits: 570 Good splits: 440
Reward: 48399.3702921 Total splits: 546 Good splits: 404
Reward: 49467.5223991 Total splits: 549 Good splits: 421
Reward: 48524.1517537 Total splits: 545 Good splits: 409
Reward: 45702.0716241 Total splits: 554 Good splits: 416
Reward: 50229.480024 Total splits: 554 Good splits: 414
Reward: 42329.8045117 Total splits: 539 Good splits: 438
Reward: 47509.7107527 Total splits: 565 Good splits: 412
Reward: 48217.4184874 Total splits: 543 Good splits: 423
Reward: 46263.9786603 Total splits: 550 Good splits: 425
Reward: 48962.9211315 Total splits: 575 Good splits: 435
Reward: 49217.048043 Total splits: 545 Good splits: 425
Reward: 39077.1314919 Total splits: 548 Good splits: 401
Reward: 48693.1844288 Total splits: 532 Good splits: 413
Reward: 50496.5433831 Total splits: 570 Good splits: 443
Reward: 46802.1436841 Total splits: 547 Good splits: 427
Reward: 47855.9152428 Total splits: 545 Good splits: 413
Reward: 49052.352838 Total splits: 566 Good splits: 438
Reward: 44029.471016 Total splits: 558 Good splits: 393
Reward: 50088.365844 Total splits: 558 Good splits: 413
Reward: 50786.7785799 Total splits: 557 Good splits: 423
Reward: 50815.5940386 Total splits: 562 Good splits: 429
Reward: 46876.4141549 Total splits: 541 Good splits: 406
Reward: 50184.7303043 Total splits: 551 Good splits: 415
Reward: 46990.1991729 Total splits: 552 Good splits: 409
Reward: 47037.3884531 Total splits: 566 Good splits: 440
Reward: 49075.2344961 Total splits: 579 Good splits: 426
Reward: 49399.7433784 Total splits: 564 Good splits: 417
Reward: 49430.6307542 Total splits: 526 Good splits: 416
Reward: 46375.860107 Total splits: 513 Good splits: 380
Reward: 43183.1160729 Total splits: 548 Good splits: 416
Reward: 47347.7388305 Total splits: 570 Good splits: 412
Reward: 46899.6556784 Total splits: 509 Good splits: 390

Results after 100 tests
Average total rewards : 47308.9930616
Average total splits  : 546.99
Average good splits   : 413.72
Average good splits % : 75.6357520247

