Reward: 46054.0397679 Total splits: 445 Good splits: 378
Reward: 49898.6224884 Total splits: 429 Good splits: 378
Reward: 48318.7713924 Total splits: 416 Good splits: 360
Reward: 47219.6923121 Total splits: 415 Good splits: 364
Reward: 48479.0824487 Total splits: 409 Good splits: 359
Reward: 49522.4016292 Total splits: 437 Good splits: 390
Reward: 47954.7107641 Total splits: 434 Good splits: 372
Reward: 48892.8009144 Total splits: 425 Good splits: 377
Reward: 50381.8264488 Total splits: 452 Good splits: 386
Reward: 50294.8015603 Total splits: 452 Good splits: 399
Reward: 46968.8095539 Total splits: 411 Good splits: 359
Reward: 46818.3072512 Total splits: 414 Good splits: 357
Reward: 51148.6028877 Total splits: 444 Good splits: 383
Reward: 47568.2439389 Total splits: 418 Good splits: 355
Reward: 49532.9695881 Total splits: 385 Good splits: 329
Reward: 48516.3426622 Total splits: 416 Good splits: 361
Reward: 49306.3561112 Total splits: 431 Good splits: 363
Reward: 48411.5638443 Total splits: 422 Good splits: 386
Reward: 48301.1352934 Total splits: 413 Good splits: 360
Reward: 47509.3333084 Total splits: 441 Good splits: 385
Reward: 50020.6248995 Total splits: 408 Good splits: 367
Reward: 49451.7059865 Total splits: 433 Good splits: 382
Reward: 45991.0040889 Total splits: 442 Good splits: 377
Reward: 50148.1086588 Total splits: 445 Good splits: 402
Reward: 47241.1766735 Total splits: 435 Good splits: 386
Reward: 48607.4533277 Total splits: 436 Good splits: 381
Reward: 47746.6675932 Total splits: 429 Good splits: 366
Reward: 45183.4047401 Total splits: 409 Good splits: 350
Reward: 48068.8190231 Total splits: 399 Good splits: 337
Reward: 50313.0207903 Total splits: 454 Good splits: 395
Reward: 48088.6170705 Total splits: 446 Good splits: 378
Reward: 42444.1527093 Total splits: 436 Good splits: 375
Reward: 48562.3737615 Total splits: 407 Good splits: 344
Reward: 50939.0850887 Total splits: 417 Good splits: 361
Reward: 49984.4887982 Total splits: 416 Good splits: 359
Reward: 49375.8053756 Total splits: 429 Good splits: 357
Reward: 49872.1085429 Total splits: 428 Good splits: 357
Reward: 50263.0248932 Total splits: 413 Good splits: 366
Reward: 47661.6024707 Total splits: 408 Good splits: 360
Reward: 47231.6435766 Total splits: 405 Good splits: 350
Reward: 50279.5428362 Total splits: 431 Good splits: 373
Reward: 50008.5290606 Total splits: 443 Good splits: 386
Reward: 48241.4280859 Total splits: 414 Good splits: 353
Reward: 47289.1434294 Total splits: 424 Good splits: 370
Reward: 50692.61149 Total splits: 431 Good splits: 364
Reward: 48614.7344126 Total splits: 410 Good splits: 362
Reward: 50501.4757483 Total splits: 439 Good splits: 381
Reward: 50645.7676948 Total splits: 424 Good splits: 346
Reward: 50428.7128243 Total splits: 407 Good splits: 348
Reward: 48204.1934396 Total splits: 428 Good splits: 368
Reward: 50288.5838016 Total splits: 430 Good splits: 373
Reward: 42662.0940835 Total splits: 398 Good splits: 344
Reward: 49585.9051418 Total splits: 402 Good splits: 336
Reward: 45732.7682145 Total splits: 424 Good splits: 355
Reward: 47502.7405392 Total splits: 401 Good splits: 343
Reward: 46102.7889386 Total splits: 406 Good splits: 346
Reward: 50471.7284336 Total splits: 411 Good splits: 349
Reward: 46983.1775459 Total splits: 390 Good splits: 347
Reward: 48154.3113258 Total splits: 456 Good splits: 401
Reward: 50291.3550859 Total splits: 426 Good splits: 374
Reward: 50977.9823032 Total splits: 400 Good splits: 360
Reward: 47382.6024202 Total splits: 401 Good splits: 347
Reward: 49202.1846146 Total splits: 412 Good splits: 360
Reward: 48590.3200406 Total splits: 425 Good splits: 342
Reward: 47725.4127605 Total splits: 410 Good splits: 356
Reward: 45855.44874 Total splits: 414 Good splits: 361
Reward: 47461.2987503 Total splits: 400 Good splits: 347
Reward: 46830.59682 Total splits: 422 Good splits: 363
Reward: 46260.0700532 Total splits: 420 Good splits: 369
Reward: 47906.4900239 Total splits: 425 Good splits: 383
Reward: 46058.1497905 Total splits: 411 Good splits: 360
Reward: 50440.848142 Total splits: 416 Good splits: 358
Reward: 43601.8969089 Total splits: 388 Good splits: 339
Reward: 46641.8420988 Total splits: 437 Good splits: 374
Reward: 48510.7615083 Total splits: 422 Good splits: 365
Reward: 48355.8374269 Total splits: 391 Good splits: 332
Reward: 47674.3000042 Total splits: 434 Good splits: 370
Reward: 50198.3060302 Total splits: 405 Good splits: 352
Reward: 45718.3271755 Total splits: 396 Good splits: 339
Reward: 47470.8785476 Total splits: 392 Good splits: 337
Reward: 46537.9216956 Total splits: 415 Good splits: 359
Reward: 49357.4942464 Total splits: 420 Good splits: 348
Reward: 47406.009863 Total splits: 405 Good splits: 348
Reward: 48079.2640672 Total splits: 418 Good splits: 366
Reward: 43864.0842947 Total splits: 432 Good splits: 378
Reward: 42876.3985068 Total splits: 404 Good splits: 358
Reward: 49417.5907436 Total splits: 414 Good splits: 365
Reward: 48034.1795972 Total splits: 414 Good splits: 372
Reward: 45180.054682 Total splits: 410 Good splits: 352
Reward: 46283.5506293 Total splits: 414 Good splits: 345
Reward: 49389.8305377 Total splits: 433 Good splits: 368
Reward: 46842.9936368 Total splits: 399 Good splits: 360
Reward: 49518.3318448 Total splits: 431 Good splits: 372
Reward: 49028.0933508 Total splits: 400 Good splits: 362
Reward: 50255.3417387 Total splits: 410 Good splits: 356
Reward: 43764.1916643 Total splits: 397 Good splits: 331
Reward: 48602.1932192 Total splits: 416 Good splits: 358
Reward: 46580.6103323 Total splits: 400 Good splits: 342
Reward: 49432.153041 Total splits: 431 Good splits: 379
Reward: 46237.3310023 Total splits: 396 Good splits: 349

Results after 100 tests
Average total rewards : 48105.2606722
Average total splits  : 418.79
Average good splits   : 362.52
Average good splits % : 86.5636715299

Reward: 48906.6030507 Total splits: 437 Good splits: 374
Reward: 47825.1439924 Total splits: 419 Good splits: 357
Reward: 50722.921184 Total splits: 424 Good splits: 362
Reward: 51190.153452 Total splits: 423 Good splits: 365
Reward: 48989.5200146 Total splits: 428 Good splits: 375
Reward: 48725.4407355 Total splits: 415 Good splits: 364
Reward: 48424.1544293 Total splits: 396 Good splits: 344
Reward: 49020.2367437 Total splits: 409 Good splits: 340
Reward: 45487.0049427 Total splits: 449 Good splits: 390
Reward: 48743.3990565 Total splits: 404 Good splits: 364
Reward: 45721.0496953 Total splits: 399 Good splits: 335
Reward: 50406.4615687 Total splits: 430 Good splits: 370
Reward: 50153.2660392 Total splits: 413 Good splits: 368
Reward: 49153.5122818 Total splits: 434 Good splits: 381
Reward: 50857.9327561 Total splits: 424 Good splits: 360
Reward: 49065.868831 Total splits: 428 Good splits: 378
Reward: 48506.5351914 Total splits: 394 Good splits: 340
Reward: 47184.5663058 Total splits: 440 Good splits: 385
Reward: 49974.7801755 Total splits: 438 Good splits: 385
Reward: 47933.0581154 Total splits: 400 Good splits: 358
Reward: 46587.2715053 Total splits: 412 Good splits: 364
Reward: 49866.8413357 Total splits: 415 Good splits: 352
Reward: 47478.7739314 Total splits: 409 Good splits: 347
Reward: 49652.9948739 Total splits: 432 Good splits: 371
Reward: 45814.0009179 Total splits: 391 Good splits: 349
Reward: 48495.8678869 Total splits: 419 Good splits: 356
Reward: 49960.9234141 Total splits: 435 Good splits: 368
Reward: 50586.1854739 Total splits: 396 Good splits: 346
Reward: 47880.548551 Total splits: 438 Good splits: 384
Reward: 42822.6367166 Total splits: 417 Good splits: 365
Reward: 46114.9602796 Total splits: 402 Good splits: 342
Reward: 50073.9108214 Total splits: 427 Good splits: 365
Reward: 48771.1142814 Total splits: 431 Good splits: 379
Reward: 48058.5951532 Total splits: 428 Good splits: 382
Reward: 47744.6608141 Total splits: 423 Good splits: 377
Reward: 43755.9836197 Total splits: 398 Good splits: 361
Reward: 48305.3522247 Total splits: 409 Good splits: 372
Reward: 49612.0371092 Total splits: 415 Good splits: 376
Reward: 47288.6642123 Total splits: 410 Good splits: 349
Reward: 49952.351937 Total splits: 446 Good splits: 386
Reward: 46778.3476259 Total splits: 425 Good splits: 371
Reward: 46355.380728 Total splits: 439 Good splits: 379
Reward: 48187.9996532 Total splits: 408 Good splits: 358
Reward: 47462.3752602 Total splits: 437 Good splits: 385
Reward: 46854.5111373 Total splits: 428 Good splits: 362
Reward: 48993.4013406 Total splits: 442 Good splits: 395
Reward: 48574.6374461 Total splits: 389 Good splits: 349
Reward: 45838.184017 Total splits: 418 Good splits: 352
Reward: 47051.2245436 Total splits: 413 Good splits: 349
Reward: 50129.6637942 Total splits: 404 Good splits: 339
Reward: 50134.6269124 Total splits: 433 Good splits: 371
Reward: 48509.8041448 Total splits: 409 Good splits: 356
Reward: 50499.2029879 Total splits: 415 Good splits: 371
Reward: 50947.5279846 Total splits: 421 Good splits: 375
Reward: 47392.6974706 Total splits: 424 Good splits: 370
Reward: 48277.5160083 Total splits: 404 Good splits: 362
Reward: 47325.4427683 Total splits: 417 Good splits: 367
Reward: 50548.2215322 Total splits: 446 Good splits: 382
Reward: 49965.3968334 Total splits: 410 Good splits: 346
Reward: 47720.2542765 Total splits: 446 Good splits: 386
Reward: 48578.1106667 Total splits: 435 Good splits: 382
Reward: 47338.3397569 Total splits: 398 Good splits: 340
Reward: 47639.5458735 Total splits: 394 Good splits: 331
Reward: 46531.5688471 Total splits: 416 Good splits: 363
Reward: 45481.6651746 Total splits: 403 Good splits: 338
Reward: 48365.0274786 Total splits: 388 Good splits: 344
Reward: 50215.2185365 Total splits: 432 Good splits: 373
Reward: 48642.6979644 Total splits: 397 Good splits: 345
Reward: 49591.8491228 Total splits: 422 Good splits: 360
Reward: 50414.2354001 Total splits: 434 Good splits: 379
Reward: 50929.3710858 Total splits: 440 Good splits: 390
Reward: 46873.2371034 Total splits: 418 Good splits: 359
Reward: 47164.484015 Total splits: 386 Good splits: 326
Reward: 47755.4785745 Total splits: 457 Good splits: 394
Reward: 48877.0040747 Total splits: 414 Good splits: 372
Reward: 43933.7708079 Total splits: 390 Good splits: 329
Reward: 49655.0189454 Total splits: 449 Good splits: 388
Reward: 49445.9536234 Total splits: 429 Good splits: 366
Reward: 49442.7849684 Total splits: 415 Good splits: 354
Reward: 48697.0073128 Total splits: 440 Good splits: 377
Reward: 50652.7798774 Total splits: 453 Good splits: 385
Reward: 50198.4718872 Total splits: 431 Good splits: 374
Reward: 48395.6879626 Total splits: 438 Good splits: 354
Reward: 49401.6555667 Total splits: 438 Good splits: 382
Reward: 50359.8419115 Total splits: 432 Good splits: 378
Reward: 50179.367859 Total splits: 435 Good splits: 378
Reward: 48253.3231446 Total splits: 411 Good splits: 355
Reward: 49527.2003086 Total splits: 462 Good splits: 391
Reward: 47086.6281538 Total splits: 428 Good splits: 369
Reward: 48045.388689 Total splits: 422 Good splits: 359
Reward: 48108.5042416 Total splits: 410 Good splits: 352
Reward: 50279.2055072 Total splits: 448 Good splits: 384
Reward: 49442.1152329 Total splits: 424 Good splits: 373
Reward: 48619.7646693 Total splits: 420 Good splits: 353
Reward: 49279.1473889 Total splits: 384 Good splits: 320
Reward: 50280.3733709 Total splits: 439 Good splits: 386
Reward: 46193.8193115 Total splits: 418 Good splits: 367
Reward: 46880.8941582 Total splits: 415 Good splits: 365
Reward: 42533.5962048 Total splits: 394 Good splits: 338
Reward: 49618.887008 Total splits: 419 Good splits: 371

Results after 100 tests
Average total rewards : 48422.7072187
Average total splits  : 420.63
Average good splits   : 364.55
Average good splits % : 86.6676176212

