Reward: 49115.8393428 Total splits: 383 Good splits: 349
Reward: 48057.2807506 Total splits: 366 Good splits: 338
Reward: 47720.149085 Total splits: 360 Good splits: 318
Reward: 49354.6072407 Total splits: 352 Good splits: 311
Reward: 46347.2655322 Total splits: 342 Good splits: 312
Reward: 49056.4021338 Total splits: 344 Good splits: 317
Reward: 46385.9875838 Total splits: 351 Good splits: 318
Reward: 47707.9085929 Total splits: 350 Good splits: 331
Reward: 46411.8811435 Total splits: 354 Good splits: 313
Reward: 49027.7954433 Total splits: 348 Good splits: 326
Reward: 47695.1255664 Total splits: 360 Good splits: 333
Reward: 48694.7570979 Total splits: 374 Good splits: 339
Reward: 51125.0053689 Total splits: 392 Good splits: 361
Reward: 50291.2542282 Total splits: 381 Good splits: 339
Reward: 48068.6783552 Total splits: 361 Good splits: 320
Reward: 50815.2871768 Total splits: 391 Good splits: 367
Reward: 47075.5579888 Total splits: 368 Good splits: 347
Reward: 47650.5391863 Total splits: 356 Good splits: 327
Reward: 49622.117399 Total splits: 359 Good splits: 327
Reward: 51231.4207046 Total splits: 387 Good splits: 357
Reward: 47660.1228429 Total splits: 366 Good splits: 323
Reward: 50320.7913946 Total splits: 381 Good splits: 349
Reward: 46599.3862286 Total splits: 351 Good splits: 333
Reward: 48564.9704568 Total splits: 365 Good splits: 339
Reward: 49156.0927029 Total splits: 351 Good splits: 318
Reward: 49864.5787499 Total splits: 364 Good splits: 331
Reward: 50204.354035 Total splits: 359 Good splits: 321
Reward: 46706.164729 Total splits: 366 Good splits: 342
Reward: 48621.8543058 Total splits: 385 Good splits: 353
Reward: 43545.6767808 Total splits: 332 Good splits: 301
Reward: 48825.3810162 Total splits: 366 Good splits: 333
Reward: 46953.3677917 Total splits: 391 Good splits: 357
Reward: 49400.6437787 Total splits: 360 Good splits: 333
Reward: 50170.8885505 Total splits: 362 Good splits: 333
Reward: 51538.0335794 Total splits: 376 Good splits: 342
Reward: 48670.5843955 Total splits: 375 Good splits: 347
Reward: 48145.8839169 Total splits: 379 Good splits: 348
Reward: 47795.5109096 Total splits: 353 Good splits: 320
Reward: 47662.4207088 Total splits: 376 Good splits: 340
Reward: 50997.1984109 Total splits: 355 Good splits: 338
Reward: 48914.1172382 Total splits: 362 Good splits: 342
Reward: 44275.1063693 Total splits: 343 Good splits: 309
Reward: 50143.6350918 Total splits: 370 Good splits: 332
Reward: 49656.0838608 Total splits: 345 Good splits: 311
Reward: 47591.7005457 Total splits: 355 Good splits: 326
Reward: 49869.4600353 Total splits: 363 Good splits: 325
Reward: 48186.82962 Total splits: 335 Good splits: 311
Reward: 47815.2332588 Total splits: 349 Good splits: 332
Reward: 44423.8524093 Total splits: 353 Good splits: 319
Reward: 48205.250403 Total splits: 377 Good splits: 339
Reward: 47272.3120639 Total splits: 369 Good splits: 335
Reward: 51061.3300491 Total splits: 372 Good splits: 342
Reward: 50688.3057514 Total splits: 343 Good splits: 302
Reward: 47040.3040593 Total splits: 356 Good splits: 325
Reward: 46921.8489612 Total splits: 369 Good splits: 332
Reward: 47965.2293488 Total splits: 377 Good splits: 345
Reward: 48358.6783703 Total splits: 379 Good splits: 343
Reward: 48507.3231045 Total splits: 380 Good splits: 357
Reward: 47777.6197066 Total splits: 359 Good splits: 340
Reward: 48770.9497743 Total splits: 378 Good splits: 355
Reward: 49487.4834864 Total splits: 371 Good splits: 334
Reward: 45854.7871541 Total splits: 337 Good splits: 304
Reward: 50633.8881532 Total splits: 370 Good splits: 343
Reward: 45141.5647305 Total splits: 404 Good splits: 373
Reward: 49191.1647224 Total splits: 349 Good splits: 316
Reward: 50861.7987294 Total splits: 365 Good splits: 336
Reward: 44139.0581463 Total splits: 347 Good splits: 323
Reward: 49192.5689374 Total splits: 347 Good splits: 325
Reward: 47048.8168439 Total splits: 372 Good splits: 344
Reward: 51383.8143955 Total splits: 380 Good splits: 342
Reward: 48094.0704079 Total splits: 393 Good splits: 360
Reward: 50747.2295144 Total splits: 377 Good splits: 349
Reward: 49536.8710442 Total splits: 352 Good splits: 327
Reward: 50251.1284956 Total splits: 370 Good splits: 338
Reward: 47736.3857023 Total splits: 375 Good splits: 331
Reward: 48905.7416553 Total splits: 367 Good splits: 338
Reward: 45643.3510936 Total splits: 350 Good splits: 312
Reward: 49387.472541 Total splits: 352 Good splits: 324
Reward: 48387.9509264 Total splits: 356 Good splits: 337
Reward: 49463.8669706 Total splits: 408 Good splits: 369
Reward: 48905.9018097 Total splits: 359 Good splits: 328
Reward: 48507.742941 Total splits: 360 Good splits: 323
Reward: 45552.4440662 Total splits: 355 Good splits: 328
Reward: 50609.1521087 Total splits: 369 Good splits: 338
Reward: 50639.7290008 Total splits: 375 Good splits: 341
Reward: 47139.3207877 Total splits: 382 Good splits: 346
Reward: 49379.76345 Total splits: 359 Good splits: 330
Reward: 49564.1871991 Total splits: 383 Good splits: 367
Reward: 49153.372416 Total splits: 391 Good splits: 354
Reward: 48963.1352805 Total splits: 362 Good splits: 326
Reward: 47106.1894399 Total splits: 375 Good splits: 341
Reward: 49057.7300491 Total splits: 386 Good splits: 351
Reward: 49019.8758911 Total splits: 355 Good splits: 323
Reward: 49201.6821234 Total splits: 363 Good splits: 327
Reward: 48940.1451008 Total splits: 372 Good splits: 339
Reward: 50720.2769348 Total splits: 382 Good splits: 342
Reward: 49914.3153419 Total splits: 374 Good splits: 343
Reward: 49942.0682746 Total splits: 355 Good splits: 319
Reward: 49925.5073508 Total splits: 368 Good splits: 334
Reward: 49731.4550599 Total splits: 347 Good splits: 318

Results after 100 tests
Average total rewards : 48593.669435
Average total splits  : 365.4
Average good splits   : 334.16
Average good splits % : 91.4504652436

Reward: 49745.7963678 Total splits: 388 Good splits: 360
Reward: 49767.7505701 Total splits: 357 Good splits: 320
Reward: 46934.901244 Total splits: 351 Good splits: 313
Reward: 45022.572861 Total splits: 358 Good splits: 321
Reward: 48976.5963497 Total splits: 349 Good splits: 323
Reward: 49210.1223285 Total splits: 373 Good splits: 343
Reward: 46698.0709385 Total splits: 349 Good splits: 325
Reward: 46636.3904207 Total splits: 363 Good splits: 322
Reward: 46115.6213129 Total splits: 346 Good splits: 325
Reward: 48688.1654576 Total splits: 364 Good splits: 323
Reward: 44156.1616333 Total splits: 357 Good splits: 327
Reward: 48758.7626382 Total splits: 358 Good splits: 333
Reward: 49540.0120448 Total splits: 369 Good splits: 335
Reward: 46440.3334093 Total splits: 368 Good splits: 330
Reward: 48281.168746 Total splits: 372 Good splits: 353
Reward: 49651.7828368 Total splits: 382 Good splits: 356
Reward: 47445.5596574 Total splits: 362 Good splits: 333
Reward: 48083.0448433 Total splits: 374 Good splits: 329
Reward: 48697.6034039 Total splits: 362 Good splits: 328
Reward: 47145.3515061 Total splits: 355 Good splits: 315
Reward: 47691.3689401 Total splits: 373 Good splits: 347
Reward: 46515.2946834 Total splits: 362 Good splits: 323
Reward: 48411.6394356 Total splits: 379 Good splits: 348
Reward: 47681.4714162 Total splits: 371 Good splits: 352
Reward: 50820.1389024 Total splits: 365 Good splits: 334
Reward: 50358.3985559 Total splits: 383 Good splits: 355
Reward: 48907.2487349 Total splits: 382 Good splits: 355
Reward: 50129.1381454 Total splits: 379 Good splits: 338
Reward: 47124.3958269 Total splits: 356 Good splits: 326
Reward: 50281.1858049 Total splits: 368 Good splits: 337
Reward: 47060.6657291 Total splits: 366 Good splits: 324
Reward: 47022.069602 Total splits: 363 Good splits: 334
Reward: 42510.6331214 Total splits: 346 Good splits: 324
Reward: 45957.2656923 Total splits: 375 Good splits: 339
Reward: 47885.9337474 Total splits: 349 Good splits: 322
Reward: 43926.6172346 Total splits: 385 Good splits: 352
Reward: 44507.0267405 Total splits: 370 Good splits: 333
Reward: 51360.7787175 Total splits: 372 Good splits: 336
Reward: 45539.6803787 Total splits: 360 Good splits: 329
Reward: 48746.8609166 Total splits: 379 Good splits: 348
Reward: 47292.1245086 Total splits: 362 Good splits: 334
Reward: 48887.7040681 Total splits: 362 Good splits: 332
Reward: 47797.7287533 Total splits: 378 Good splits: 356
Reward: 50060.866304 Total splits: 337 Good splits: 307
Reward: 48057.1879174 Total splits: 346 Good splits: 303
Reward: 49558.1311511 Total splits: 372 Good splits: 344
Reward: 46771.3564026 Total splits: 336 Good splits: 307
Reward: 44475.4690288 Total splits: 364 Good splits: 336
Reward: 47832.7392539 Total splits: 357 Good splits: 318
Reward: 46595.6160661 Total splits: 352 Good splits: 317
Reward: 47311.4439323 Total splits: 376 Good splits: 349
Reward: 49516.5268117 Total splits: 359 Good splits: 324
Reward: 46957.8009257 Total splits: 364 Good splits: 343
Reward: 45617.3416545 Total splits: 371 Good splits: 337
Reward: 51232.8504387 Total splits: 373 Good splits: 348
Reward: 46522.4900562 Total splits: 349 Good splits: 314
Reward: 48844.941187 Total splits: 352 Good splits: 317
Reward: 46446.9671148 Total splits: 362 Good splits: 328
Reward: 48956.1417198 Total splits: 350 Good splits: 318
Reward: 48485.6159078 Total splits: 365 Good splits: 340
Reward: 50099.5806563 Total splits: 375 Good splits: 341
Reward: 47790.3349029 Total splits: 364 Good splits: 327
Reward: 47287.9352605 Total splits: 364 Good splits: 335
Reward: 47133.0096879 Total splits: 342 Good splits: 303
Reward: 51225.9618409 Total splits: 382 Good splits: 349
Reward: 49891.6347826 Total splits: 386 Good splits: 344
Reward: 49109.6733654 Total splits: 364 Good splits: 333
Reward: 51513.6502207 Total splits: 370 Good splits: 332
Reward: 45861.2914614 Total splits: 368 Good splits: 339
Reward: 49177.305293 Total splits: 376 Good splits: 334
Reward: 50103.1960296 Total splits: 376 Good splits: 347
Reward: 46590.1234093 Total splits: 374 Good splits: 336
Reward: 49595.0172776 Total splits: 351 Good splits: 319
Reward: 50146.3167597 Total splits: 382 Good splits: 345
Reward: 49549.4870078 Total splits: 373 Good splits: 338
Reward: 46513.3623647 Total splits: 358 Good splits: 327
Reward: 50315.9942768 Total splits: 378 Good splits: 342
Reward: 51428.3376732 Total splits: 377 Good splits: 353
Reward: 49366.171952 Total splits: 357 Good splits: 342
Reward: 50536.1963009 Total splits: 350 Good splits: 316
Reward: 46674.1227386 Total splits: 355 Good splits: 322
Reward: 51882.4327275 Total splits: 380 Good splits: 348
Reward: 47843.7623771 Total splits: 357 Good splits: 334
Reward: 46254.397673 Total splits: 365 Good splits: 339
Reward: 50095.9998465 Total splits: 359 Good splits: 336
Reward: 45148.8717608 Total splits: 339 Good splits: 312
Reward: 50272.9597404 Total splits: 370 Good splits: 338
Reward: 49785.5071384 Total splits: 357 Good splits: 326
Reward: 49570.9935097 Total splits: 372 Good splits: 334
Reward: 47716.2661161 Total splits: 339 Good splits: 318
Reward: 50510.1694258 Total splits: 373 Good splits: 341
Reward: 50168.3170506 Total splits: 366 Good splits: 332
Reward: 50436.7477693 Total splits: 370 Good splits: 349
Reward: 49763.223295 Total splits: 372 Good splits: 341
Reward: 50064.0026649 Total splits: 360 Good splits: 332
Reward: 49167.3528549 Total splits: 375 Good splits: 344
Reward: 48195.986042 Total splits: 365 Good splits: 341
Reward: 50018.7833839 Total splits: 377 Good splits: 343
Reward: 47333.9003373 Total splits: 328 Good splits: 297
Reward: 46425.68274 Total splits: 343 Good splits: 311

Results after 100 tests
Average total rewards : 48262.1868381
Average total splits  : 364.16
Average good splits   : 332.82
Average good splits % : 91.3938927944

