Reward: 50723.9866377 Total splits: 352 Good splits: 331
Reward: 47471.7352242 Total splits: 328 Good splits: 298
Reward: 48047.3029788 Total splits: 330 Good splits: 316
Reward: 48941.5872747 Total splits: 350 Good splits: 327
Reward: 50078.5942827 Total splits: 325 Good splits: 307
Reward: 50076.7528605 Total splits: 313 Good splits: 300
Reward: 45578.5188646 Total splits: 308 Good splits: 288
Reward: 47266.7738204 Total splits: 336 Good splits: 308
Reward: 51238.6019841 Total splits: 336 Good splits: 314
Reward: 48129.0523825 Total splits: 322 Good splits: 298
Reward: 48789.1407658 Total splits: 319 Good splits: 287
Reward: 46950.5183737 Total splits: 330 Good splits: 309
Reward: 50738.9935934 Total splits: 327 Good splits: 308
Reward: 48647.5644549 Total splits: 338 Good splits: 309
Reward: 42898.742137 Total splits: 309 Good splits: 293
Reward: 51341.1609508 Total splits: 351 Good splits: 331
Reward: 44345.4071255 Total splits: 320 Good splits: 304
Reward: 47251.0720508 Total splits: 311 Good splits: 289
Reward: 47229.8661928 Total splits: 323 Good splits: 308
Reward: 48824.7265615 Total splits: 333 Good splits: 311
Reward: 48093.8136377 Total splits: 341 Good splits: 316
Reward: 45915.6050362 Total splits: 321 Good splits: 295
Reward: 48835.0738722 Total splits: 323 Good splits: 303
Reward: 48199.3707373 Total splits: 324 Good splits: 302
Reward: 44894.8693753 Total splits: 341 Good splits: 311
Reward: 49580.3188753 Total splits: 312 Good splits: 292
Reward: 49960.7063059 Total splits: 329 Good splits: 312
Reward: 48177.8925323 Total splits: 336 Good splits: 308
Reward: 46759.3369178 Total splits: 333 Good splits: 308
Reward: 49548.8029016 Total splits: 321 Good splits: 299
Reward: 45996.6743644 Total splits: 316 Good splits: 297
Reward: 48345.7282676 Total splits: 330 Good splits: 310
Reward: 49991.1826809 Total splits: 326 Good splits: 311
Reward: 48802.8302608 Total splits: 326 Good splits: 310
Reward: 45773.7005183 Total splits: 344 Good splits: 320
Reward: 48928.7615516 Total splits: 318 Good splits: 301
Reward: 49239.9533579 Total splits: 334 Good splits: 320
Reward: 48301.4839256 Total splits: 341 Good splits: 321
Reward: 48984.461898 Total splits: 341 Good splits: 320
Reward: 51018.8823353 Total splits: 342 Good splits: 327
Reward: 50205.7149229 Total splits: 349 Good splits: 328
Reward: 49034.8446489 Total splits: 327 Good splits: 310
Reward: 49211.9190854 Total splits: 323 Good splits: 312
Reward: 49397.1332146 Total splits: 334 Good splits: 313
Reward: 47933.2496792 Total splits: 325 Good splits: 293
Reward: 49377.6075836 Total splits: 344 Good splits: 323
Reward: 47177.4480044 Total splits: 315 Good splits: 289
Reward: 50085.4212062 Total splits: 337 Good splits: 313
Reward: 48827.9822614 Total splits: 328 Good splits: 305
Reward: 48004.3048891 Total splits: 342 Good splits: 319
Reward: 48903.9781006 Total splits: 314 Good splits: 297
Reward: 48564.3319697 Total splits: 328 Good splits: 307
Reward: 48975.1883971 Total splits: 348 Good splits: 335
Reward: 48318.6975297 Total splits: 303 Good splits: 285
Reward: 45058.2256923 Total splits: 338 Good splits: 322
Reward: 50072.6120691 Total splits: 328 Good splits: 305
Reward: 49210.327776 Total splits: 323 Good splits: 306
Reward: 50226.9838244 Total splits: 314 Good splits: 286
Reward: 51743.4128652 Total splits: 346 Good splits: 327
Reward: 49018.3809069 Total splits: 326 Good splits: 304
Reward: 47951.8079499 Total splits: 329 Good splits: 292
Reward: 48479.5759668 Total splits: 320 Good splits: 303
Reward: 50099.9190282 Total splits: 326 Good splits: 306
Reward: 49129.5963931 Total splits: 330 Good splits: 319
Reward: 49732.2388387 Total splits: 334 Good splits: 310
Reward: 46609.1993892 Total splits: 342 Good splits: 321
Reward: 50118.7941821 Total splits: 359 Good splits: 338
Reward: 48992.5814173 Total splits: 320 Good splits: 296
Reward: 48518.2778184 Total splits: 320 Good splits: 295
Reward: 49189.1396145 Total splits: 327 Good splits: 317
Reward: 50095.762157 Total splits: 332 Good splits: 314
Reward: 48209.3312842 Total splits: 327 Good splits: 301
Reward: 50957.9997492 Total splits: 334 Good splits: 311
Reward: 48579.6313989 Total splits: 329 Good splits: 299
Reward: 50376.9007796 Total splits: 347 Good splits: 321
Reward: 48240.9799089 Total splits: 329 Good splits: 314
Reward: 48014.9905067 Total splits: 321 Good splits: 300
Reward: 45845.2334117 Total splits: 343 Good splits: 328
Reward: 49257.6533928 Total splits: 353 Good splits: 334
Reward: 47813.580241 Total splits: 312 Good splits: 298
Reward: 44569.0173395 Total splits: 309 Good splits: 285
Reward: 49316.9658847 Total splits: 315 Good splits: 303
Reward: 47506.7193779 Total splits: 328 Good splits: 311
Reward: 49474.366185 Total splits: 308 Good splits: 296
Reward: 46034.5824125 Total splits: 294 Good splits: 276
Reward: 46719.9372044 Total splits: 328 Good splits: 306
Reward: 48811.1200469 Total splits: 343 Good splits: 321
Reward: 48605.1138332 Total splits: 314 Good splits: 296
Reward: 48003.1634666 Total splits: 315 Good splits: 288
Reward: 50468.633988 Total splits: 336 Good splits: 312
Reward: 47109.5226023 Total splits: 319 Good splits: 302
Reward: 49229.9186079 Total splits: 330 Good splits: 309
Reward: 46724.4910788 Total splits: 319 Good splits: 299
Reward: 47646.9617804 Total splits: 344 Good splits: 312
Reward: 49613.044341 Total splits: 350 Good splits: 319
Reward: 48814.3021053 Total splits: 332 Good splits: 314
Reward: 45595.5351997 Total splits: 341 Good splits: 310
Reward: 48200.9501015 Total splits: 327 Good splits: 304
Reward: 45945.6170914 Total splits: 298 Good splits: 282
Reward: 51009.7724855 Total splits: 327 Good splits: 309

Results after 100 tests
Average total rewards : 48448.8024106
Average total splits  : 328.63
Average good splits   : 307.69
Average good splits % : 93.6280923835

Reward: 48450.2239478 Total splits: 310 Good splits: 298
Reward: 48629.869058 Total splits: 327 Good splits: 312
Reward: 50731.4218118 Total splits: 334 Good splits: 308
Reward: 48266.5799178 Total splits: 325 Good splits: 300
Reward: 47428.3187366 Total splits: 324 Good splits: 308
Reward: 48531.7415844 Total splits: 333 Good splits: 311
Reward: 48669.7200415 Total splits: 332 Good splits: 304
Reward: 48302.1893018 Total splits: 330 Good splits: 313
Reward: 48692.5832429 Total splits: 320 Good splits: 285
Reward: 50036.5055188 Total splits: 342 Good splits: 323
Reward: 48375.1319012 Total splits: 322 Good splits: 298
Reward: 50489.3399919 Total splits: 325 Good splits: 311
Reward: 49030.9237621 Total splits: 327 Good splits: 309
Reward: 49617.1273569 Total splits: 336 Good splits: 319
Reward: 48976.343719 Total splits: 315 Good splits: 296
Reward: 49580.1825995 Total splits: 338 Good splits: 317
Reward: 49935.3609494 Total splits: 318 Good splits: 292
Reward: 51162.2910397 Total splits: 356 Good splits: 332
Reward: 48838.434914 Total splits: 317 Good splits: 289
Reward: 48940.8654746 Total splits: 313 Good splits: 300
Reward: 46431.5335175 Total splits: 340 Good splits: 323
Reward: 45354.6243531 Total splits: 321 Good splits: 303
Reward: 50931.3004265 Total splits: 318 Good splits: 297
Reward: 51484.9183013 Total splits: 347 Good splits: 330
Reward: 49072.5286218 Total splits: 334 Good splits: 306
Reward: 46457.4065755 Total splits: 327 Good splits: 305
Reward: 49221.2092532 Total splits: 355 Good splits: 337
Reward: 47508.4504669 Total splits: 341 Good splits: 323
Reward: 48067.8660531 Total splits: 318 Good splits: 292
Reward: 46550.6143865 Total splits: 323 Good splits: 300
Reward: 49770.5654449 Total splits: 330 Good splits: 306
Reward: 49880.9712122 Total splits: 329 Good splits: 290
Reward: 49430.4391584 Total splits: 339 Good splits: 321
Reward: 49243.3496934 Total splits: 335 Good splits: 313
Reward: 47982.9145638 Total splits: 338 Good splits: 312
Reward: 47261.9218448 Total splits: 310 Good splits: 295
Reward: 49562.3314821 Total splits: 333 Good splits: 311
Reward: 47436.289991 Total splits: 316 Good splits: 291
Reward: 49756.0300787 Total splits: 337 Good splits: 325
Reward: 47175.1432968 Total splits: 339 Good splits: 315
Reward: 47309.0120191 Total splits: 347 Good splits: 319
Reward: 49455.795908 Total splits: 342 Good splits: 325
Reward: 49266.4679438 Total splits: 312 Good splits: 287
Reward: 47721.4374034 Total splits: 341 Good splits: 315
Reward: 49942.8730489 Total splits: 337 Good splits: 316
Reward: 48944.6319064 Total splits: 335 Good splits: 319
Reward: 47473.5261075 Total splits: 357 Good splits: 322
Reward: 46178.0499406 Total splits: 324 Good splits: 305
Reward: 50358.9127023 Total splits: 344 Good splits: 324
Reward: 51190.7087437 Total splits: 353 Good splits: 326
Reward: 45071.0470217 Total splits: 310 Good splits: 291
Reward: 49597.0672322 Total splits: 321 Good splits: 303
Reward: 49526.5677155 Total splits: 318 Good splits: 303
Reward: 46217.7745471 Total splits: 303 Good splits: 281
Reward: 46945.0814769 Total splits: 316 Good splits: 296
Reward: 48312.0895243 Total splits: 335 Good splits: 315
Reward: 49708.1635453 Total splits: 333 Good splits: 316
Reward: 48337.6599426 Total splits: 319 Good splits: 295
Reward: 49754.9498853 Total splits: 327 Good splits: 310
Reward: 48934.5622155 Total splits: 334 Good splits: 315
Reward: 44978.460992 Total splits: 319 Good splits: 297
Reward: 46563.3979631 Total splits: 335 Good splits: 313
Reward: 49727.1839072 Total splits: 315 Good splits: 298
Reward: 47477.2845097 Total splits: 325 Good splits: 304
Reward: 46360.052991 Total splits: 300 Good splits: 280
Reward: 46908.9568205 Total splits: 333 Good splits: 319
Reward: 46525.0304911 Total splits: 339 Good splits: 326
Reward: 46961.6243771 Total splits: 318 Good splits: 279
Reward: 49595.1830486 Total splits: 346 Good splits: 326
Reward: 46819.4535286 Total splits: 313 Good splits: 290
Reward: 49920.2568763 Total splits: 330 Good splits: 316
Reward: 49492.3643535 Total splits: 345 Good splits: 323
Reward: 48903.1429353 Total splits: 315 Good splits: 304
Reward: 49838.0700556 Total splits: 311 Good splits: 287
Reward: 48818.0923341 Total splits: 333 Good splits: 303
Reward: 48432.0855997 Total splits: 318 Good splits: 298
Reward: 46255.1440063 Total splits: 304 Good splits: 280
Reward: 50116.5409028 Total splits: 334 Good splits: 315
Reward: 50791.7005865 Total splits: 319 Good splits: 298
Reward: 47349.2523114 Total splits: 315 Good splits: 293
Reward: 50020.8371539 Total splits: 343 Good splits: 321
Reward: 48497.2976616 Total splits: 336 Good splits: 307
Reward: 50671.6280062 Total splits: 348 Good splits: 326
Reward: 42304.9650671 Total splits: 330 Good splits: 312
Reward: 49693.7335332 Total splits: 337 Good splits: 310
Reward: 48964.3872268 Total splits: 331 Good splits: 305
Reward: 50569.979376 Total splits: 328 Good splits: 311
Reward: 48386.7398134 Total splits: 348 Good splits: 324
Reward: 49569.5337681 Total splits: 330 Good splits: 296
Reward: 47385.9125746 Total splits: 326 Good splits: 310
Reward: 47404.4899943 Total splits: 328 Good splits: 313
Reward: 49474.6620765 Total splits: 326 Good splits: 298
Reward: 46204.2805633 Total splits: 335 Good splits: 315
Reward: 49520.7232221 Total splits: 312 Good splits: 284
Reward: 49491.0314477 Total splits: 331 Good splits: 310
Reward: 48087.5398757 Total splits: 341 Good splits: 315
Reward: 48787.4609283 Total splits: 312 Good splits: 293
Reward: 47729.1366259 Total splits: 310 Good splits: 297
Reward: 47020.24848 Total splits: 336 Good splits: 317
Reward: 51217.9375758 Total splits: 355 Good splits: 329

Results after 100 tests
Average total rewards : 48543.4774598
Average total splits  : 328.92
Average good splits   : 307.45
Average good splits % : 93.4725769184

