Reward: 47724.7548147 Total splits: 316 Good splits: 299
Reward: 48134.475636 Total splits: 277 Good splits: 253
Reward: 47105.6040097 Total splits: 290 Good splits: 280
Reward: 49502.5295169 Total splits: 312 Good splits: 298
Reward: 49580.4941768 Total splits: 285 Good splits: 273
Reward: 47950.1552962 Total splits: 307 Good splits: 293
Reward: 44947.4604699 Total splits: 310 Good splits: 293
Reward: 50223.6132252 Total splits: 305 Good splits: 283
Reward: 50996.2304565 Total splits: 312 Good splits: 299
Reward: 47102.0177115 Total splits: 278 Good splits: 265
Reward: 45351.5742608 Total splits: 292 Good splits: 275
Reward: 46102.0626114 Total splits: 297 Good splits: 283
Reward: 48923.7976918 Total splits: 299 Good splits: 275
Reward: 47948.5552229 Total splits: 311 Good splits: 297
Reward: 49223.7422186 Total splits: 304 Good splits: 286
Reward: 50744.8713035 Total splits: 309 Good splits: 293
Reward: 47392.5632551 Total splits: 314 Good splits: 296
Reward: 48620.0471412 Total splits: 295 Good splits: 284
Reward: 47311.9969475 Total splits: 312 Good splits: 293
Reward: 46261.4822929 Total splits: 297 Good splits: 279
Reward: 45221.47718 Total splits: 286 Good splits: 278
Reward: 49636.9453925 Total splits: 318 Good splits: 305
Reward: 50698.7065189 Total splits: 298 Good splits: 277
Reward: 45551.5667677 Total splits: 302 Good splits: 284
Reward: 47792.2659131 Total splits: 317 Good splits: 302
Reward: 48967.1470815 Total splits: 316 Good splits: 301
Reward: 46213.725999 Total splits: 287 Good splits: 273
Reward: 49334.259733 Total splits: 306 Good splits: 293
Reward: 49120.571019 Total splits: 288 Good splits: 263
Reward: 50434.208084 Total splits: 331 Good splits: 321
Reward: 46754.8233178 Total splits: 303 Good splits: 292
Reward: 49685.7046157 Total splits: 300 Good splits: 278
Reward: 50220.8704121 Total splits: 314 Good splits: 305
Reward: 48803.4449615 Total splits: 298 Good splits: 280
Reward: 48006.0085332 Total splits: 316 Good splits: 301
Reward: 49626.8378361 Total splits: 293 Good splits: 271
Reward: 46881.754852 Total splits: 293 Good splits: 283
Reward: 46846.3444345 Total splits: 295 Good splits: 282
Reward: 50581.5311819 Total splits: 307 Good splits: 287
Reward: 47240.5702236 Total splits: 299 Good splits: 285
Reward: 48504.6629251 Total splits: 313 Good splits: 296
Reward: 46796.1687976 Total splits: 292 Good splits: 273
Reward: 49689.0846536 Total splits: 316 Good splits: 310
Reward: 49028.624956 Total splits: 315 Good splits: 298
Reward: 48811.1533546 Total splits: 303 Good splits: 285
Reward: 50823.1292272 Total splits: 310 Good splits: 289
Reward: 46795.3348616 Total splits: 305 Good splits: 285
Reward: 49093.8458655 Total splits: 291 Good splits: 271
Reward: 50066.2993876 Total splits: 324 Good splits: 307
Reward: 48958.838041 Total splits: 296 Good splits: 275
Reward: 47351.5725584 Total splits: 294 Good splits: 279
Reward: 47565.0210935 Total splits: 298 Good splits: 277
Reward: 49319.7427987 Total splits: 315 Good splits: 299
Reward: 46306.2825251 Total splits: 292 Good splits: 284
Reward: 49150.1413954 Total splits: 308 Good splits: 291
Reward: 48946.4385494 Total splits: 304 Good splits: 281
Reward: 47332.5105171 Total splits: 294 Good splits: 277
Reward: 49231.9646581 Total splits: 297 Good splits: 281
Reward: 47750.5030017 Total splits: 309 Good splits: 292
Reward: 48831.8457483 Total splits: 296 Good splits: 274
Reward: 47767.7694034 Total splits: 319 Good splits: 301
Reward: 46284.3919492 Total splits: 298 Good splits: 284
Reward: 48688.9090217 Total splits: 296 Good splits: 283
Reward: 48969.5797816 Total splits: 317 Good splits: 302
Reward: 49393.2874344 Total splits: 303 Good splits: 289
Reward: 48706.890981 Total splits: 323 Good splits: 303
Reward: 51084.2917396 Total splits: 301 Good splits: 281
Reward: 46717.4055155 Total splits: 315 Good splits: 292
Reward: 46212.235131 Total splits: 299 Good splits: 280
Reward: 49565.7570569 Total splits: 298 Good splits: 285
Reward: 45234.776174 Total splits: 301 Good splits: 283
Reward: 50299.6819754 Total splits: 328 Good splits: 308
Reward: 47047.9642014 Total splits: 302 Good splits: 289
Reward: 48875.3126526 Total splits: 310 Good splits: 295
Reward: 48873.4829018 Total splits: 299 Good splits: 286
Reward: 48894.1303052 Total splits: 306 Good splits: 284
Reward: 47336.9111671 Total splits: 300 Good splits: 285
Reward: 47915.7228386 Total splits: 303 Good splits: 284
Reward: 49141.0208052 Total splits: 304 Good splits: 290
Reward: 47557.6416415 Total splits: 293 Good splits: 275
Reward: 48356.5983536 Total splits: 308 Good splits: 292
Reward: 49534.2276926 Total splits: 306 Good splits: 288
Reward: 49379.3610663 Total splits: 309 Good splits: 291
Reward: 47542.386257 Total splits: 309 Good splits: 299
Reward: 48725.3252704 Total splits: 294 Good splits: 277
Reward: 46400.7928947 Total splits: 316 Good splits: 299
Reward: 45409.7286513 Total splits: 306 Good splits: 295
Reward: 48478.5003327 Total splits: 309 Good splits: 294
Reward: 49656.9427346 Total splits: 292 Good splits: 274
Reward: 49589.6809768 Total splits: 309 Good splits: 281
Reward: 49684.9752287 Total splits: 301 Good splits: 283
Reward: 49327.5099259 Total splits: 304 Good splits: 286
Reward: 46173.1988307 Total splits: 310 Good splits: 294
Reward: 47189.3642647 Total splits: 314 Good splits: 295
Reward: 47915.7953073 Total splits: 303 Good splits: 284
Reward: 47216.4496204 Total splits: 308 Good splits: 292
Reward: 44405.7159486 Total splits: 305 Good splits: 288
Reward: 50115.9003047 Total splits: 307 Good splits: 289
Reward: 47761.204629 Total splits: 301 Good splits: 274
Reward: 48574.4004204 Total splits: 318 Good splits: 301

Results after 100 tests
Average total rewards : 48251.2517862
Average total splits  : 304.05
Average good splits   : 287.37
Average good splits % : 94.5140601875

Reward: 50338.3365023 Total splits: 299 Good splits: 285
Reward: 47751.5569886 Total splits: 303 Good splits: 289
Reward: 49408.9110908 Total splits: 288 Good splits: 273
Reward: 50705.8728741 Total splits: 310 Good splits: 292
Reward: 49220.6242462 Total splits: 296 Good splits: 281
Reward: 49574.7485574 Total splits: 307 Good splits: 287
Reward: 48558.98879 Total splits: 313 Good splits: 294
Reward: 48958.3111992 Total splits: 292 Good splits: 274
Reward: 49272.9531407 Total splits: 322 Good splits: 306
Reward: 47293.0670232 Total splits: 303 Good splits: 290
Reward: 48760.1325331 Total splits: 327 Good splits: 319
Reward: 50105.8128754 Total splits: 297 Good splits: 285
Reward: 46328.8299112 Total splits: 310 Good splits: 293
Reward: 49026.8136014 Total splits: 301 Good splits: 281
Reward: 48037.4843888 Total splits: 300 Good splits: 285
Reward: 49368.3068995 Total splits: 315 Good splits: 294
Reward: 49580.1544373 Total splits: 309 Good splits: 288
Reward: 48348.7024119 Total splits: 301 Good splits: 285
Reward: 49932.8495367 Total splits: 302 Good splits: 277
Reward: 50732.0672209 Total splits: 291 Good splits: 280
Reward: 48649.6981433 Total splits: 324 Good splits: 300
Reward: 48654.625054 Total splits: 316 Good splits: 291
Reward: 49150.7295252 Total splits: 318 Good splits: 291
Reward: 49265.179484 Total splits: 301 Good splits: 285
Reward: 48523.160154 Total splits: 295 Good splits: 272
Reward: 47522.9944473 Total splits: 305 Good splits: 296
Reward: 49792.5224484 Total splits: 322 Good splits: 310
Reward: 48422.727852 Total splits: 306 Good splits: 289
Reward: 47944.0668002 Total splits: 284 Good splits: 276
Reward: 47772.2529601 Total splits: 310 Good splits: 288
Reward: 43885.5014284 Total splits: 313 Good splits: 287
Reward: 46057.9952889 Total splits: 299 Good splits: 286
Reward: 44292.3969201 Total splits: 311 Good splits: 299
Reward: 48134.9969936 Total splits: 299 Good splits: 283
Reward: 49217.7376227 Total splits: 318 Good splits: 309
Reward: 50209.8220313 Total splits: 305 Good splits: 289
Reward: 49705.0369702 Total splits: 304 Good splits: 287
Reward: 47658.7891505 Total splits: 316 Good splits: 295
Reward: 45572.2153981 Total splits: 308 Good splits: 291
Reward: 49462.1479397 Total splits: 293 Good splits: 273
Reward: 47731.5621932 Total splits: 313 Good splits: 292
Reward: 48144.1279926 Total splits: 316 Good splits: 293
Reward: 47339.6130057 Total splits: 298 Good splits: 278
Reward: 50235.4309862 Total splits: 319 Good splits: 301
Reward: 48656.7910997 Total splits: 300 Good splits: 287
Reward: 50474.6213066 Total splits: 311 Good splits: 298
Reward: 47659.4586495 Total splits: 293 Good splits: 281
Reward: 48274.05789 Total splits: 289 Good splits: 272
Reward: 48041.3194966 Total splits: 305 Good splits: 290
Reward: 49304.2055943 Total splits: 294 Good splits: 276
Reward: 48842.2744539 Total splits: 303 Good splits: 293
Reward: 45540.2506991 Total splits: 308 Good splits: 293
Reward: 47381.2339392 Total splits: 291 Good splits: 272
Reward: 48053.7995628 Total splits: 312 Good splits: 291
Reward: 50623.3310383 Total splits: 302 Good splits: 291
Reward: 47000.9265801 Total splits: 302 Good splits: 282
Reward: 48305.8839565 Total splits: 303 Good splits: 284
Reward: 49407.2348232 Total splits: 309 Good splits: 289
Reward: 49917.7390471 Total splits: 295 Good splits: 281
Reward: 43070.249002 Total splits: 322 Good splits: 297
Reward: 49497.8309871 Total splits: 300 Good splits: 283
Reward: 49574.3610426 Total splits: 310 Good splits: 285
Reward: 45623.5356399 Total splits: 328 Good splits: 308
Reward: 49081.6322544 Total splits: 310 Good splits: 299
Reward: 48298.2753621 Total splits: 304 Good splits: 285
Reward: 50581.6671429 Total splits: 308 Good splits: 293
Reward: 50222.1323315 Total splits: 324 Good splits: 309
Reward: 50060.1298167 Total splits: 316 Good splits: 303
Reward: 48716.8951838 Total splits: 290 Good splits: 277
Reward: 48264.7103281 Total splits: 305 Good splits: 291
Reward: 47183.745974 Total splits: 301 Good splits: 288
Reward: 44645.6592624 Total splits: 302 Good splits: 283
Reward: 45942.0417359 Total splits: 313 Good splits: 292
Reward: 50720.0851973 Total splits: 315 Good splits: 300
Reward: 47099.1921575 Total splits: 298 Good splits: 270
Reward: 45394.3900735 Total splits: 297 Good splits: 283
Reward: 48059.0237504 Total splits: 316 Good splits: 301
Reward: 47141.5459713 Total splits: 313 Good splits: 298
Reward: 48235.0648621 Total splits: 301 Good splits: 286
Reward: 46518.2070148 Total splits: 321 Good splits: 311
Reward: 49020.1930743 Total splits: 304 Good splits: 279
Reward: 49880.2719312 Total splits: 299 Good splits: 284
Reward: 48417.2480571 Total splits: 303 Good splits: 291
Reward: 49607.5288948 Total splits: 312 Good splits: 293
Reward: 49086.9238029 Total splits: 302 Good splits: 290
Reward: 50964.3204099 Total splits: 319 Good splits: 303
Reward: 50203.3698948 Total splits: 292 Good splits: 269
Reward: 48009.4866122 Total splits: 315 Good splits: 298
Reward: 47931.8631503 Total splits: 312 Good splits: 294
Reward: 50199.8416125 Total splits: 312 Good splits: 303
Reward: 49261.0213975 Total splits: 297 Good splits: 280
Reward: 47107.9590963 Total splits: 293 Good splits: 278
Reward: 45498.6050532 Total splits: 300 Good splits: 282
Reward: 48827.2041886 Total splits: 287 Good splits: 268
Reward: 47814.3550892 Total splits: 294 Good splits: 280
Reward: 47862.3477762 Total splits: 283 Good splits: 277
Reward: 49621.2336106 Total splits: 295 Good splits: 288
Reward: 49523.3346308 Total splits: 314 Good splits: 294
Reward: 49326.9537431 Total splits: 281 Good splits: 269
Reward: 48260.0088675 Total splits: 294 Good splits: 285

Results after 100 tests
Average total rewards : 48424.8742914
Average total splits  : 304.98
Average good splits   : 288.46
Average good splits % : 94.5832513607

