Reward: 48300.0567019 Total splits: 283 Good splits: 272
Reward: 49520.8747958 Total splits: 278 Good splits: 263
Reward: 46181.798783 Total splits: 266 Good splits: 260
Reward: 48544.7477319 Total splits: 276 Good splits: 259
Reward: 49360.4042591 Total splits: 281 Good splits: 270
Reward: 47622.8595233 Total splits: 286 Good splits: 271
Reward: 48500.7135421 Total splits: 276 Good splits: 251
Reward: 49398.6727414 Total splits: 281 Good splits: 271
Reward: 46197.1445835 Total splits: 265 Good splits: 256
Reward: 48448.2233463 Total splits: 293 Good splits: 283
Reward: 47937.0516186 Total splits: 267 Good splits: 249
Reward: 49590.8710061 Total splits: 277 Good splits: 263
Reward: 46248.652152 Total splits: 284 Good splits: 275
Reward: 50493.1139983 Total splits: 280 Good splits: 265
Reward: 48710.001375 Total splits: 286 Good splits: 275
Reward: 48652.1883036 Total splits: 258 Good splits: 249
Reward: 47502.4605858 Total splits: 262 Good splits: 248
Reward: 45988.1320383 Total splits: 277 Good splits: 260
Reward: 49874.4470491 Total splits: 275 Good splits: 262
Reward: 48272.2857613 Total splits: 292 Good splits: 271
Reward: 47494.7481051 Total splits: 280 Good splits: 270
Reward: 48665.2793515 Total splits: 271 Good splits: 255
Reward: 49898.9610945 Total splits: 287 Good splits: 269
Reward: 48213.6980563 Total splits: 294 Good splits: 276
Reward: 46268.6815611 Total splits: 267 Good splits: 252
Reward: 49702.206706 Total splits: 293 Good splits: 277
Reward: 47110.3567671 Total splits: 284 Good splits: 273
Reward: 47420.1619075 Total splits: 285 Good splits: 271
Reward: 47707.1744362 Total splits: 277 Good splits: 267
Reward: 45994.0507414 Total splits: 269 Good splits: 259
Reward: 46972.6719897 Total splits: 286 Good splits: 272
Reward: 49293.4711559 Total splits: 281 Good splits: 270
Reward: 49879.6657228 Total splits: 287 Good splits: 277
Reward: 45725.572505 Total splits: 269 Good splits: 253
Reward: 47394.3217308 Total splits: 279 Good splits: 263
Reward: 48786.9401181 Total splits: 294 Good splits: 282
Reward: 47749.2666375 Total splits: 272 Good splits: 257
Reward: 48402.8719556 Total splits: 281 Good splits: 273
Reward: 49521.8068585 Total splits: 284 Good splits: 271
Reward: 47769.9413894 Total splits: 281 Good splits: 263
Reward: 49054.8284967 Total splits: 277 Good splits: 268
Reward: 49569.3344262 Total splits: 286 Good splits: 270
Reward: 49909.3833384 Total splits: 278 Good splits: 263
Reward: 46696.9378936 Total splits: 301 Good splits: 284
Reward: 49703.5390679 Total splits: 291 Good splits: 274
Reward: 50183.2801164 Total splits: 286 Good splits: 275
Reward: 49055.4404042 Total splits: 304 Good splits: 295
Reward: 49141.178554 Total splits: 279 Good splits: 271
Reward: 48373.8110606 Total splits: 259 Good splits: 243
Reward: 49072.5663944 Total splits: 290 Good splits: 279
Reward: 45592.7032646 Total splits: 291 Good splits: 273
Reward: 48107.4282655 Total splits: 270 Good splits: 252
Reward: 45869.8639613 Total splits: 272 Good splits: 262
Reward: 49703.3558315 Total splits: 287 Good splits: 272
Reward: 50027.7652827 Total splits: 294 Good splits: 280
Reward: 48716.3725554 Total splits: 308 Good splits: 294
Reward: 48332.8618555 Total splits: 290 Good splits: 283
Reward: 45031.8124573 Total splits: 264 Good splits: 255
Reward: 46231.0886344 Total splits: 275 Good splits: 268
Reward: 48302.2179803 Total splits: 273 Good splits: 259
Reward: 48827.5251303 Total splits: 275 Good splits: 259
Reward: 46740.2402757 Total splits: 277 Good splits: 269
Reward: 42340.1312755 Total splits: 271 Good splits: 259
Reward: 49582.6224409 Total splits: 308 Good splits: 298
Reward: 47107.7850506 Total splits: 299 Good splits: 286
Reward: 47324.4188152 Total splits: 289 Good splits: 275
Reward: 47761.288282 Total splits: 267 Good splits: 252
Reward: 48103.5183291 Total splits: 276 Good splits: 264
Reward: 49956.959524 Total splits: 293 Good splits: 280
Reward: 43736.6184635 Total splits: 282 Good splits: 262
Reward: 45884.3640419 Total splits: 280 Good splits: 265
Reward: 46611.2430733 Total splits: 272 Good splits: 264
Reward: 47920.5866073 Total splits: 295 Good splits: 276
Reward: 48603.8030447 Total splits: 287 Good splits: 278
Reward: 49313.908007 Total splits: 301 Good splits: 284
Reward: 49016.7518701 Total splits: 292 Good splits: 280
Reward: 46998.2539988 Total splits: 277 Good splits: 267
Reward: 46239.861847 Total splits: 282 Good splits: 262
Reward: 46646.8446092 Total splits: 293 Good splits: 286
Reward: 50083.718768 Total splits: 291 Good splits: 275
Reward: 47148.855361 Total splits: 295 Good splits: 283
Reward: 50306.4619621 Total splits: 291 Good splits: 273
Reward: 50129.581931 Total splits: 289 Good splits: 274
Reward: 49799.7119279 Total splits: 280 Good splits: 268
Reward: 49566.8448681 Total splits: 272 Good splits: 264
Reward: 45302.8496875 Total splits: 275 Good splits: 256
Reward: 48505.6407594 Total splits: 294 Good splits: 282
Reward: 46439.0390546 Total splits: 273 Good splits: 267
Reward: 47180.0541815 Total splits: 277 Good splits: 258
Reward: 49632.238135 Total splits: 295 Good splits: 279
Reward: 47510.4825545 Total splits: 279 Good splits: 273
Reward: 47764.5727529 Total splits: 271 Good splits: 261
Reward: 47977.8106152 Total splits: 266 Good splits: 257
Reward: 48750.3975427 Total splits: 283 Good splits: 272
Reward: 48441.8770016 Total splits: 268 Good splits: 261
Reward: 47696.9159216 Total splits: 261 Good splits: 254
Reward: 47675.9695369 Total splits: 271 Good splits: 262
Reward: 47362.655187 Total splits: 279 Good splits: 263
Reward: 48925.1842134 Total splits: 301 Good splits: 289
Reward: 46460.8443761 Total splits: 284 Good splits: 271

Results after 100 tests
Average total rewards : 48033.7074955
Average total splits  : 281.5
Average good splits   : 268.51
Average good splits % : 95.3854351687

Reward: 47457.7008771 Total splits: 286 Good splits: 272
Reward: 48677.4449833 Total splits: 283 Good splits: 271
Reward: 48041.4403159 Total splits: 286 Good splits: 270
Reward: 50309.0011947 Total splits: 294 Good splits: 282
Reward: 47809.0149782 Total splits: 275 Good splits: 262
Reward: 47896.9676885 Total splits: 271 Good splits: 262
Reward: 49487.1356171 Total splits: 278 Good splits: 261
Reward: 46385.1783303 Total splits: 269 Good splits: 260
Reward: 45822.5659735 Total splits: 292 Good splits: 277
Reward: 47734.0130222 Total splits: 282 Good splits: 262
Reward: 49570.5280424 Total splits: 284 Good splits: 279
Reward: 45136.4538257 Total splits: 270 Good splits: 266
Reward: 47124.1737675 Total splits: 294 Good splits: 286
Reward: 50243.0736288 Total splits: 292 Good splits: 282
Reward: 47307.3336989 Total splits: 279 Good splits: 259
Reward: 48270.9788768 Total splits: 272 Good splits: 259
Reward: 46936.9091686 Total splits: 278 Good splits: 264
Reward: 45821.1593566 Total splits: 279 Good splits: 263
Reward: 48281.9447886 Total splits: 289 Good splits: 280
Reward: 51581.0413264 Total splits: 290 Good splits: 277
Reward: 50080.8889769 Total splits: 280 Good splits: 267
Reward: 47929.1427359 Total splits: 265 Good splits: 251
Reward: 47363.9276522 Total splits: 281 Good splits: 272
Reward: 47959.306757 Total splits: 286 Good splits: 270
Reward: 47254.5856165 Total splits: 283 Good splits: 269
Reward: 49555.9729498 Total splits: 285 Good splits: 274
Reward: 50164.9271226 Total splits: 290 Good splits: 279
Reward: 49159.2456301 Total splits: 272 Good splits: 263
Reward: 45862.3598559 Total splits: 282 Good splits: 271
Reward: 48856.763044 Total splits: 275 Good splits: 268
Reward: 45686.1423321 Total splits: 285 Good splits: 272
Reward: 50391.2582939 Total splits: 283 Good splits: 274
Reward: 48945.3968074 Total splits: 290 Good splits: 272
Reward: 47951.3761715 Total splits: 287 Good splits: 280
Reward: 48078.9905351 Total splits: 277 Good splits: 267
Reward: 50267.6009503 Total splits: 266 Good splits: 249
Reward: 49665.4999627 Total splits: 275 Good splits: 269
Reward: 49601.4030601 Total splits: 273 Good splits: 259
Reward: 49030.4623195 Total splits: 286 Good splits: 272
Reward: 47816.9244649 Total splits: 289 Good splits: 271
Reward: 48220.6972547 Total splits: 290 Good splits: 272
Reward: 49765.5768712 Total splits: 302 Good splits: 288
Reward: 50917.3941658 Total splits: 306 Good splits: 293
Reward: 47335.4202878 Total splits: 285 Good splits: 268
Reward: 48362.0436529 Total splits: 282 Good splits: 269
Reward: 46096.3652948 Total splits: 301 Good splits: 285
Reward: 44285.9231844 Total splits: 269 Good splits: 258
Reward: 47750.819099 Total splits: 277 Good splits: 257
Reward: 49598.0418806 Total splits: 277 Good splits: 266
Reward: 45733.1605377 Total splits: 293 Good splits: 278
Reward: 49038.1600216 Total splits: 290 Good splits: 277
Reward: 46618.4993638 Total splits: 273 Good splits: 262
Reward: 48285.871549 Total splits: 290 Good splits: 283
Reward: 48938.0726413 Total splits: 292 Good splits: 272
Reward: 48500.6012341 Total splits: 294 Good splits: 280
Reward: 50292.2971076 Total splits: 289 Good splits: 276
Reward: 43792.8753651 Total splits: 287 Good splits: 278
Reward: 46983.1281703 Total splits: 281 Good splits: 268
Reward: 46848.7090139 Total splits: 270 Good splits: 255
Reward: 48632.6796849 Total splits: 293 Good splits: 279
Reward: 48308.7894626 Total splits: 289 Good splits: 280
Reward: 47660.2814705 Total splits: 295 Good splits: 284
Reward: 45392.1244922 Total splits: 275 Good splits: 256
Reward: 46468.7159038 Total splits: 283 Good splits: 271
Reward: 47584.8577252 Total splits: 274 Good splits: 265
Reward: 48807.1712427 Total splits: 273 Good splits: 268
Reward: 49147.033269 Total splits: 298 Good splits: 290
Reward: 49230.2644266 Total splits: 279 Good splits: 273
Reward: 46430.7169216 Total splits: 271 Good splits: 261
Reward: 48001.9030797 Total splits: 299 Good splits: 286
Reward: 45700.9269142 Total splits: 284 Good splits: 271
Reward: 48663.1955577 Total splits: 275 Good splits: 266
Reward: 48774.4350524 Total splits: 288 Good splits: 277
Reward: 47147.8087015 Total splits: 280 Good splits: 256
Reward: 46781.0643385 Total splits: 282 Good splits: 271
Reward: 46543.6817175 Total splits: 286 Good splits: 275
Reward: 49571.3967122 Total splits: 297 Good splits: 288
Reward: 48183.0773228 Total splits: 284 Good splits: 263
Reward: 48564.563262 Total splits: 273 Good splits: 263
Reward: 48225.6614224 Total splits: 276 Good splits: 265
Reward: 50328.9410784 Total splits: 282 Good splits: 277
Reward: 49502.2964316 Total splits: 292 Good splits: 278
Reward: 47211.8119377 Total splits: 295 Good splits: 282
Reward: 41937.528036 Total splits: 279 Good splits: 273
Reward: 49689.3365259 Total splits: 280 Good splits: 263
Reward: 48929.5069639 Total splits: 301 Good splits: 288
Reward: 51087.7669099 Total splits: 282 Good splits: 268
Reward: 45096.9001999 Total splits: 270 Good splits: 253
Reward: 44239.606431 Total splits: 296 Good splits: 283
Reward: 48543.7879537 Total splits: 275 Good splits: 264
Reward: 50517.5237244 Total splits: 270 Good splits: 259
Reward: 45652.2296611 Total splits: 275 Good splits: 268
Reward: 47443.0785898 Total splits: 295 Good splits: 279
Reward: 46971.2531878 Total splits: 285 Good splits: 276
Reward: 50438.3429743 Total splits: 271 Good splits: 260
Reward: 48284.5988766 Total splits: 287 Good splits: 273
Reward: 49067.1608947 Total splits: 275 Good splits: 268
Reward: 49807.1520638 Total splits: 278 Good splits: 254
Reward: 50605.7484706 Total splits: 303 Good splits: 287
Reward: 50303.5955575 Total splits: 308 Good splits: 296

Results after 100 tests
Average total rewards : 48083.5840654
Average total splits  : 283.54
Average good splits   : 271.05
Average good splits % : 95.5949777809

