Reward: 49174.8843084 Total splits: 272 Good splits: 263
Reward: 47854.4367081 Total splits: 263 Good splits: 254
Reward: 45916.9649404 Total splits: 263 Good splits: 252
Reward: 47443.9548898 Total splits: 251 Good splits: 238
Reward: 48309.307225 Total splits: 261 Good splits: 255
Reward: 50112.2702343 Total splits: 253 Good splits: 249
Reward: 47195.5607754 Total splits: 255 Good splits: 246
Reward: 47714.6338784 Total splits: 264 Good splits: 259
Reward: 49684.3880858 Total splits: 266 Good splits: 256
Reward: 47263.4144919 Total splits: 252 Good splits: 242
Reward: 49952.5981027 Total splits: 253 Good splits: 237
Reward: 45177.7910764 Total splits: 249 Good splits: 239
Reward: 47951.3095107 Total splits: 251 Good splits: 242
Reward: 50163.2818018 Total splits: 258 Good splits: 244
Reward: 46432.6209578 Total splits: 280 Good splits: 269
Reward: 46515.1023793 Total splits: 271 Good splits: 260
Reward: 48794.1015676 Total splits: 270 Good splits: 263
Reward: 49775.6729959 Total splits: 260 Good splits: 250
Reward: 48119.352248 Total splits: 259 Good splits: 247
Reward: 46685.0630278 Total splits: 264 Good splits: 259
Reward: 47548.0822259 Total splits: 243 Good splits: 239
Reward: 49487.4977623 Total splits: 267 Good splits: 256
Reward: 47390.4312576 Total splits: 235 Good splits: 228
Reward: 50360.552789 Total splits: 259 Good splits: 252
Reward: 47146.0211259 Total splits: 268 Good splits: 251
Reward: 48457.4939428 Total splits: 277 Good splits: 266
Reward: 49573.2453331 Total splits: 260 Good splits: 255
Reward: 50180.2420807 Total splits: 271 Good splits: 261
Reward: 45837.9298861 Total splits: 253 Good splits: 243
Reward: 47337.7358758 Total splits: 254 Good splits: 248
Reward: 46838.6862014 Total splits: 259 Good splits: 251
Reward: 50666.8767747 Total splits: 257 Good splits: 248
Reward: 48899.5906074 Total splits: 267 Good splits: 257
Reward: 49356.9359781 Total splits: 256 Good splits: 247
Reward: 45553.8160706 Total splits: 252 Good splits: 235
Reward: 47040.5993724 Total splits: 258 Good splits: 245
Reward: 47304.9587215 Total splits: 242 Good splits: 234
Reward: 50281.7416381 Total splits: 272 Good splits: 263
Reward: 47681.5300925 Total splits: 269 Good splits: 257
Reward: 45064.8683661 Total splits: 253 Good splits: 246
Reward: 44831.7613635 Total splits: 254 Good splits: 245
Reward: 49144.5482456 Total splits: 256 Good splits: 244
Reward: 50224.2116825 Total splits: 272 Good splits: 264
Reward: 46807.9665094 Total splits: 259 Good splits: 250
Reward: 48919.6607232 Total splits: 262 Good splits: 250
Reward: 49134.4902919 Total splits: 263 Good splits: 257
Reward: 45021.0526647 Total splits: 263 Good splits: 255
Reward: 48112.2236971 Total splits: 270 Good splits: 266
Reward: 49404.2879582 Total splits: 267 Good splits: 256
Reward: 49689.2526376 Total splits: 258 Good splits: 250
Reward: 48549.2348033 Total splits: 256 Good splits: 245
Reward: 47880.3895434 Total splits: 269 Good splits: 261
Reward: 48861.7268233 Total splits: 254 Good splits: 244
Reward: 47760.111597 Total splits: 266 Good splits: 259
Reward: 49521.1019794 Total splits: 268 Good splits: 256
Reward: 49242.6948994 Total splits: 267 Good splits: 257
Reward: 43159.6312477 Total splits: 258 Good splits: 250
Reward: 47881.7010524 Total splits: 261 Good splits: 242
Reward: 48332.9478329 Total splits: 253 Good splits: 237
Reward: 48192.6298485 Total splits: 244 Good splits: 233
Reward: 46849.1647209 Total splits: 261 Good splits: 255
Reward: 50325.6311522 Total splits: 262 Good splits: 253
Reward: 48852.307453 Total splits: 244 Good splits: 226
Reward: 48482.3283477 Total splits: 273 Good splits: 264
Reward: 49818.2962048 Total splits: 262 Good splits: 254
Reward: 48210.2293456 Total splits: 258 Good splits: 250
Reward: 49476.9472345 Total splits: 265 Good splits: 254
Reward: 50118.6921947 Total splits: 269 Good splits: 253
Reward: 46799.0865325 Total splits: 271 Good splits: 265
Reward: 49322.5590417 Total splits: 271 Good splits: 262
Reward: 50364.2075988 Total splits: 266 Good splits: 257
Reward: 46797.0532866 Total splits: 269 Good splits: 260
Reward: 47881.9470896 Total splits: 261 Good splits: 255
Reward: 44692.8286939 Total splits: 258 Good splits: 248
Reward: 48174.3461303 Total splits: 270 Good splits: 262
Reward: 49991.9083998 Total splits: 261 Good splits: 246
Reward: 47409.530185 Total splits: 262 Good splits: 255
Reward: 50064.820414 Total splits: 268 Good splits: 253
Reward: 49413.7384481 Total splits: 275 Good splits: 259
Reward: 47344.9394572 Total splits: 264 Good splits: 251
Reward: 48497.590107 Total splits: 259 Good splits: 253
Reward: 48487.589268 Total splits: 264 Good splits: 256
Reward: 44162.1715255 Total splits: 267 Good splits: 255
Reward: 45825.4022836 Total splits: 271 Good splits: 264
Reward: 46868.1056855 Total splits: 265 Good splits: 251
Reward: 48705.5665693 Total splits: 253 Good splits: 239
Reward: 49220.97525 Total splits: 259 Good splits: 245
Reward: 47213.5110521 Total splits: 268 Good splits: 259
Reward: 47319.6593404 Total splits: 261 Good splits: 253
Reward: 44815.2832481 Total splits: 263 Good splits: 260
Reward: 47030.4107684 Total splits: 248 Good splits: 241
Reward: 47112.0143222 Total splits: 261 Good splits: 252
Reward: 48396.5192777 Total splits: 247 Good splits: 237
Reward: 48263.5674664 Total splits: 248 Good splits: 236
Reward: 48787.8753051 Total splits: 262 Good splits: 253
Reward: 46375.2034477 Total splits: 241 Good splits: 233
Reward: 44325.0555194 Total splits: 251 Good splits: 242
Reward: 49371.1841561 Total splits: 260 Good splits: 251
Reward: 48273.3875972 Total splits: 269 Good splits: 257
Reward: 44694.4536515 Total splits: 247 Good splits: 231

Results after 100 tests
Average total rewards : 47970.5325848
Average total splits  : 260.61
Average good splits   : 250.77
Average good splits % : 96.2242431219

Reward: 46940.5340283 Total splits: 251 Good splits: 244
Reward: 47994.9924996 Total splits: 273 Good splits: 268
Reward: 47786.4711527 Total splits: 250 Good splits: 241
Reward: 47646.7639572 Total splits: 283 Good splits: 274
Reward: 49399.6902182 Total splits: 279 Good splits: 269
Reward: 46057.1130308 Total splits: 251 Good splits: 240
Reward: 49934.4615973 Total splits: 261 Good splits: 250
Reward: 48085.0542015 Total splits: 268 Good splits: 261
Reward: 50893.038625 Total splits: 261 Good splits: 247
Reward: 48050.0099454 Total splits: 259 Good splits: 252
Reward: 50593.3186385 Total splits: 263 Good splits: 249
Reward: 47018.4643441 Total splits: 252 Good splits: 238
Reward: 47666.4119458 Total splits: 260 Good splits: 252
Reward: 47835.7250783 Total splits: 247 Good splits: 241
Reward: 44928.8625219 Total splits: 244 Good splits: 231
Reward: 49103.1028283 Total splits: 260 Good splits: 252
Reward: 46999.0871697 Total splits: 270 Good splits: 259
Reward: 48015.9297578 Total splits: 245 Good splits: 238
Reward: 47488.3788209 Total splits: 248 Good splits: 239
Reward: 44374.5176068 Total splits: 249 Good splits: 234
Reward: 49641.4632523 Total splits: 267 Good splits: 259
Reward: 50210.62986 Total splits: 276 Good splits: 269
Reward: 47555.4917264 Total splits: 238 Good splits: 234
Reward: 46082.2586073 Total splits: 271 Good splits: 263
Reward: 49480.0516427 Total splits: 272 Good splits: 262
Reward: 46800.3203196 Total splits: 255 Good splits: 244
Reward: 49120.8153829 Total splits: 270 Good splits: 257
Reward: 44875.8231609 Total splits: 250 Good splits: 243
Reward: 49961.4221615 Total splits: 265 Good splits: 258
Reward: 49177.8066044 Total splits: 262 Good splits: 251
Reward: 48381.4040398 Total splits: 275 Good splits: 258
Reward: 48232.4414966 Total splits: 260 Good splits: 243
Reward: 47977.8734502 Total splits: 253 Good splits: 238
Reward: 46686.0314667 Total splits: 264 Good splits: 246
Reward: 44426.7061829 Total splits: 253 Good splits: 247
Reward: 48151.4943066 Total splits: 267 Good splits: 256
Reward: 47904.0394691 Total splits: 255 Good splits: 250
Reward: 50304.3755298 Total splits: 262 Good splits: 249
Reward: 48256.0965476 Total splits: 273 Good splits: 265
Reward: 51047.360284 Total splits: 271 Good splits: 254
Reward: 46331.9783187 Total splits: 261 Good splits: 247
Reward: 47688.8199478 Total splits: 269 Good splits: 259
Reward: 50075.4245366 Total splits: 257 Good splits: 248
Reward: 46630.1376052 Total splits: 258 Good splits: 248
Reward: 47389.9343362 Total splits: 256 Good splits: 248
Reward: 47704.6245506 Total splits: 273 Good splits: 258
Reward: 45882.8009393 Total splits: 262 Good splits: 258
Reward: 48428.5471393 Total splits: 269 Good splits: 260
Reward: 48758.8335079 Total splits: 257 Good splits: 242
Reward: 50593.0345622 Total splits: 275 Good splits: 258
Reward: 49366.0628643 Total splits: 268 Good splits: 256
Reward: 48987.2600529 Total splits: 253 Good splits: 238
Reward: 49531.0674032 Total splits: 262 Good splits: 249
Reward: 48940.94102 Total splits: 252 Good splits: 247
Reward: 47703.7790884 Total splits: 256 Good splits: 252
Reward: 46671.5865035 Total splits: 245 Good splits: 237
Reward: 46671.7068141 Total splits: 266 Good splits: 252
Reward: 49014.2587802 Total splits: 260 Good splits: 251
Reward: 48350.5834038 Total splits: 258 Good splits: 239
Reward: 49067.197925 Total splits: 260 Good splits: 251
Reward: 48494.8512593 Total splits: 262 Good splits: 254
Reward: 48595.0408033 Total splits: 261 Good splits: 251
Reward: 46273.7088817 Total splits: 256 Good splits: 244
Reward: 48195.3060706 Total splits: 261 Good splits: 254
Reward: 48053.479434 Total splits: 267 Good splits: 253
Reward: 50845.0122392 Total splits: 272 Good splits: 261
Reward: 46995.7285424 Total splits: 258 Good splits: 247
Reward: 45744.643389 Total splits: 269 Good splits: 259
Reward: 46318.1074654 Total splits: 263 Good splits: 253
Reward: 46747.1578354 Total splits: 272 Good splits: 259
Reward: 48327.6273487 Total splits: 270 Good splits: 264
Reward: 48640.4513305 Total splits: 268 Good splits: 256
Reward: 49725.825963 Total splits: 265 Good splits: 250
Reward: 48271.1142296 Total splits: 256 Good splits: 237
Reward: 47916.5918259 Total splits: 260 Good splits: 249
Reward: 48675.3439696 Total splits: 258 Good splits: 248
Reward: 50244.9912491 Total splits: 279 Good splits: 266
Reward: 45843.6855896 Total splits: 247 Good splits: 238
Reward: 46375.5179145 Total splits: 275 Good splits: 265
Reward: 47427.1425338 Total splits: 261 Good splits: 255
Reward: 47276.6992661 Total splits: 250 Good splits: 238
Reward: 48094.0092631 Total splits: 265 Good splits: 249
Reward: 48917.2079467 Total splits: 272 Good splits: 263
Reward: 44852.8749467 Total splits: 249 Good splits: 239
Reward: 49512.9767174 Total splits: 267 Good splits: 261
Reward: 48785.9167381 Total splits: 263 Good splits: 253
Reward: 47988.1480835 Total splits: 267 Good splits: 261
Reward: 48269.6148296 Total splits: 256 Good splits: 244
Reward: 48598.2997848 Total splits: 259 Good splits: 248
Reward: 47576.6850059 Total splits: 253 Good splits: 246
Reward: 46366.9620196 Total splits: 249 Good splits: 236
Reward: 46905.6173989 Total splits: 251 Good splits: 237
Reward: 49827.3766735 Total splits: 265 Good splits: 252
Reward: 47738.8633326 Total splits: 262 Good splits: 254
Reward: 49977.4046877 Total splits: 274 Good splits: 267
Reward: 48625.2903771 Total splits: 248 Good splits: 243
Reward: 49367.9178656 Total splits: 263 Good splits: 252
Reward: 45196.9503846 Total splits: 276 Good splits: 260
Reward: 46438.1393441 Total splits: 262 Good splits: 252
Reward: 48554.8600039 Total splits: 261 Good splits: 246

Results after 100 tests
Average total rewards : 48014.575553
Average total splits  : 261.42
Average good splits   : 250.87
Average good splits % : 95.9643485579

