Reward: 49826.1756101 Total splits: 346 Good splits: 319
Reward: 48391.4303448 Total splits: 339 Good splits: 322
Reward: 50342.4942203 Total splits: 358 Good splits: 335
Reward: 50308.3198355 Total splits: 342 Good splits: 308
Reward: 49797.844635 Total splits: 358 Good splits: 335
Reward: 49896.0554923 Total splits: 342 Good splits: 316
Reward: 50618.8942228 Total splits: 354 Good splits: 334
Reward: 51052.3468456 Total splits: 331 Good splits: 303
Reward: 46049.7825086 Total splits: 356 Good splits: 338
Reward: 50794.3167341 Total splits: 356 Good splits: 325
Reward: 49904.1566918 Total splits: 331 Good splits: 313
Reward: 48806.1738234 Total splits: 338 Good splits: 314
Reward: 48054.0176866 Total splits: 359 Good splits: 332
Reward: 45205.4587461 Total splits: 370 Good splits: 347
Reward: 50646.5299898 Total splits: 336 Good splits: 312
Reward: 47484.1851077 Total splits: 346 Good splits: 322
Reward: 49359.2976837 Total splits: 350 Good splits: 324
Reward: 49346.2827332 Total splits: 353 Good splits: 320
Reward: 49159.2127906 Total splits: 347 Good splits: 320
Reward: 51090.196142 Total splits: 346 Good splits: 313
Reward: 49472.9961496 Total splits: 331 Good splits: 314
Reward: 51285.1830629 Total splits: 340 Good splits: 317
Reward: 48248.8934756 Total splits: 328 Good splits: 309
Reward: 48572.5723869 Total splits: 366 Good splits: 333
Reward: 49524.2951698 Total splits: 332 Good splits: 310
Reward: 50267.9605018 Total splits: 366 Good splits: 333
Reward: 49788.2144946 Total splits: 348 Good splits: 328
Reward: 46506.2850324 Total splits: 339 Good splits: 320
Reward: 46706.296633 Total splits: 342 Good splits: 314
Reward: 49256.786809 Total splits: 346 Good splits: 323
Reward: 49717.5422166 Total splits: 371 Good splits: 341
Reward: 48707.7525814 Total splits: 354 Good splits: 327
Reward: 50629.1467266 Total splits: 357 Good splits: 335
Reward: 46793.5392052 Total splits: 335 Good splits: 312
Reward: 48158.4916105 Total splits: 342 Good splits: 310
Reward: 50183.0641106 Total splits: 354 Good splits: 334
Reward: 49043.6063663 Total splits: 352 Good splits: 339
Reward: 48862.70786 Total splits: 343 Good splits: 318
Reward: 45821.1695648 Total splits: 355 Good splits: 334
Reward: 50926.5632216 Total splits: 359 Good splits: 330
Reward: 47476.5546523 Total splits: 356 Good splits: 336
Reward: 42870.9619282 Total splits: 343 Good splits: 329
Reward: 49845.1668736 Total splits: 324 Good splits: 298
Reward: 49517.052702 Total splits: 343 Good splits: 324
Reward: 50060.1657447 Total splits: 346 Good splits: 327
Reward: 48902.9732322 Total splits: 332 Good splits: 298
Reward: 49799.8322842 Total splits: 348 Good splits: 326
Reward: 50008.8699958 Total splits: 367 Good splits: 338
Reward: 50218.6673578 Total splits: 339 Good splits: 311
Reward: 50061.7735409 Total splits: 345 Good splits: 322
Reward: 47892.2877781 Total splits: 367 Good splits: 341
Reward: 49129.2555878 Total splits: 309 Good splits: 288
Reward: 44754.2580243 Total splits: 368 Good splits: 335
Reward: 46051.7412751 Total splits: 367 Good splits: 352
Reward: 50042.868842 Total splits: 360 Good splits: 338
Reward: 49483.9566691 Total splits: 348 Good splits: 320
Reward: 49296.309596 Total splits: 360 Good splits: 335
Reward: 46887.0517042 Total splits: 373 Good splits: 354
Reward: 44078.3243725 Total splits: 324 Good splits: 312
Reward: 49433.029687 Total splits: 344 Good splits: 320
Reward: 47742.0789934 Total splits: 344 Good splits: 317
Reward: 49616.4479957 Total splits: 314 Good splits: 299
Reward: 49197.7452604 Total splits: 329 Good splits: 306
Reward: 51235.9924868 Total splits: 353 Good splits: 331
Reward: 47959.4234312 Total splits: 345 Good splits: 315
Reward: 47904.4139393 Total splits: 357 Good splits: 337
Reward: 46550.111754 Total splits: 330 Good splits: 301
Reward: 50287.7541574 Total splits: 344 Good splits: 314
Reward: 47212.305756 Total splits: 342 Good splits: 325
Reward: 49921.3906324 Total splits: 342 Good splits: 325
Reward: 48645.3070288 Total splits: 352 Good splits: 330
Reward: 49837.6354449 Total splits: 330 Good splits: 310
Reward: 46589.8166461 Total splits: 356 Good splits: 336
Reward: 48737.6419118 Total splits: 325 Good splits: 299
Reward: 50701.102358 Total splits: 335 Good splits: 319
Reward: 49231.8712228 Total splits: 351 Good splits: 324
Reward: 50077.1693434 Total splits: 348 Good splits: 325
Reward: 49371.6378763 Total splits: 335 Good splits: 303
Reward: 45789.0777214 Total splits: 344 Good splits: 321
Reward: 47192.4320691 Total splits: 349 Good splits: 331
Reward: 51372.6031631 Total splits: 353 Good splits: 326
Reward: 48889.5451648 Total splits: 328 Good splits: 298
Reward: 49750.8884103 Total splits: 347 Good splits: 325
Reward: 48973.0759424 Total splits: 348 Good splits: 308
Reward: 49218.922254 Total splits: 357 Good splits: 333
Reward: 49488.070962 Total splits: 340 Good splits: 320
Reward: 50212.8676694 Total splits: 358 Good splits: 332
Reward: 48304.3750831 Total splits: 326 Good splits: 310
Reward: 46268.0623463 Total splits: 337 Good splits: 318
Reward: 50475.2161561 Total splits: 353 Good splits: 331
Reward: 47658.5195819 Total splits: 380 Good splits: 355
Reward: 50699.0138146 Total splits: 342 Good splits: 313
Reward: 50178.0579161 Total splits: 361 Good splits: 342
Reward: 47570.6354535 Total splits: 359 Good splits: 335
Reward: 48152.6452313 Total splits: 360 Good splits: 342
Reward: 49756.2235026 Total splits: 374 Good splits: 343
Reward: 47711.7287053 Total splits: 332 Good splits: 312
Reward: 48237.2464603 Total splits: 345 Good splits: 322
Reward: 50127.7711194 Total splits: 348 Good splits: 322
Reward: 47974.5103308 Total splits: 355 Good splits: 326

Results after 100 tests
Average total rewards : 48852.3867617
Average total splits  : 347.09
Average good splits   : 323.18
Average good splits % : 93.1112967818

Reward: 49587.3608574 Total splits: 350 Good splits: 326
Reward: 48628.5576133 Total splits: 365 Good splits: 343
Reward: 49734.7993871 Total splits: 360 Good splits: 340
Reward: 47497.9925494 Total splits: 353 Good splits: 331
Reward: 46692.6387944 Total splits: 358 Good splits: 329
Reward: 48151.93168 Total splits: 359 Good splits: 341
Reward: 49765.0002175 Total splits: 350 Good splits: 332
Reward: 47844.7447023 Total splits: 331 Good splits: 301
Reward: 50240.9628526 Total splits: 378 Good splits: 347
Reward: 50204.3029645 Total splits: 332 Good splits: 316
Reward: 50989.5216744 Total splits: 343 Good splits: 323
Reward: 49806.6099283 Total splits: 345 Good splits: 316
Reward: 47738.8621838 Total splits: 348 Good splits: 332
Reward: 49918.9499438 Total splits: 335 Good splits: 320
Reward: 50986.0463597 Total splits: 363 Good splits: 333
Reward: 50688.746404 Total splits: 355 Good splits: 332
Reward: 50689.5442793 Total splits: 328 Good splits: 308
Reward: 50746.9116837 Total splits: 388 Good splits: 365
Reward: 49057.4762591 Total splits: 344 Good splits: 320
Reward: 49195.8637179 Total splits: 343 Good splits: 316
Reward: 48398.5081264 Total splits: 346 Good splits: 328
Reward: 48176.5249786 Total splits: 352 Good splits: 331
Reward: 49901.7969549 Total splits: 342 Good splits: 320
Reward: 50449.3381128 Total splits: 335 Good splits: 314
Reward: 50035.8055993 Total splits: 354 Good splits: 333
Reward: 49529.2929927 Total splits: 368 Good splits: 336
Reward: 50706.8915716 Total splits: 341 Good splits: 312
Reward: 51586.5534877 Total splits: 329 Good splits: 307
Reward: 49383.8693639 Total splits: 362 Good splits: 325
Reward: 49163.7027462 Total splits: 356 Good splits: 327
Reward: 47772.6067184 Total splits: 378 Good splits: 355
Reward: 49699.7919871 Total splits: 356 Good splits: 333
Reward: 50295.0171172 Total splits: 364 Good splits: 339
Reward: 48682.5803776 Total splits: 363 Good splits: 344
Reward: 50637.527339 Total splits: 359 Good splits: 335
Reward: 50131.6941874 Total splits: 353 Good splits: 337
Reward: 49472.2515115 Total splits: 357 Good splits: 325
Reward: 47376.3711229 Total splits: 334 Good splits: 314
Reward: 51018.0087542 Total splits: 368 Good splits: 340
Reward: 45945.5550758 Total splits: 347 Good splits: 310
Reward: 48576.533223 Total splits: 353 Good splits: 330
Reward: 49458.0608576 Total splits: 355 Good splits: 326
Reward: 51274.6210502 Total splits: 361 Good splits: 336
Reward: 47660.8457214 Total splits: 349 Good splits: 320
Reward: 48296.0628611 Total splits: 348 Good splits: 330
Reward: 49672.2456428 Total splits: 367 Good splits: 345
Reward: 45509.6608544 Total splits: 347 Good splits: 326
Reward: 42266.1375422 Total splits: 333 Good splits: 308
Reward: 47883.4523247 Total splits: 342 Good splits: 322
Reward: 47540.6609698 Total splits: 346 Good splits: 326

Results after 50 tests
Average total rewards : 49093.3758645
Average total splits  : 351.86
Average good splits   : 328.1
Average good splits % : 93.2473142727

Reward: 49437.9780601 Total splits: 352 Good splits: 333
Reward: 48771.2191913 Total splits: 350 Good splits: 330
Reward: 49940.0265538 Total splits: 344 Good splits: 320
Reward: 48949.0870675 Total splits: 347 Good splits: 323
Reward: 49691.3698582 Total splits: 331 Good splits: 312
Reward: 49258.9802422 Total splits: 341 Good splits: 315
Reward: 49807.3723905 Total splits: 357 Good splits: 334
Reward: 50797.0976885 Total splits: 335 Good splits: 318
Reward: 51340.0850525 Total splits: 358 Good splits: 331
Reward: 50831.6727873 Total splits: 343 Good splits: 319

Results after 10 tests
Average total rewards : 49882.4888892
Average total splits  : 345.8
Average good splits   : 323.5
Average good splits % : 93.5511856564

Reward: 50342.4189956 Total splits: 354 Good splits: 334
Reward: 50378.7903215 Total splits: 332 Good splits: 302
Reward: 49290.3159244 Total splits: 339 Good splits: 322
Reward: 49695.0902928 Total splits: 353 Good splits: 329
Reward: 48897.8155429 Total splits: 327 Good splits: 310
Reward: 49307.6256362 Total splits: 334 Good splits: 308
Reward: 49016.6045045 Total splits: 341 Good splits: 316
Reward: 49945.0371613 Total splits: 336 Good splits: 307
Reward: 47331.0012799 Total splits: 343 Good splits: 327
Reward: 50081.7038009 Total splits: 357 Good splits: 341

Results after 10 tests
Average total rewards : 49428.640346
Average total splits  : 341.6
Average good splits   : 319.6
Average good splits % : 93.5597189696

Reward: 49441.1602022 Total splits: 344 Good splits: 323
Reward: 50016.9027987 Total splits: 373 Good splits: 353
Reward: 49248.8008779 Total splits: 361 Good splits: 330
Reward: 48364.4361956 Total splits: 330 Good splits: 310
Reward: 50460.6316164 Total splits: 358 Good splits: 333
Reward: 49048.8237719 Total splits: 339 Good splits: 304
Reward: 45518.8981456 Total splits: 361 Good splits: 344
Reward: 50106.7699039 Total splits: 360 Good splits: 337
Reward: 48221.4441246 Total splits: 362 Good splits: 344
Reward: 48749.4242846 Total splits: 356 Good splits: 329
Reward: 51692.5118101 Total splits: 341 Good splits: 321
Reward: 50424.1549321 Total splits: 340 Good splits: 314
Reward: 50135.4397623 Total splits: 343 Good splits: 327
Reward: 47529.0038333 Total splits: 346 Good splits: 320
Reward: 49749.6017109 Total splits: 349 Good splits: 329
Reward: 50062.8948094 Total splits: 329 Good splits: 289
Reward: 49409.796992 Total splits: 349 Good splits: 316
Reward: 49602.8545808 Total splits: 362 Good splits: 332
Reward: 49698.8553037 Total splits: 338 Good splits: 315
Reward: 49535.0364173 Total splits: 337 Good splits: 320
Reward: 49105.3342144 Total splits: 356 Good splits: 323
Reward: 50334.202432 Total splits: 360 Good splits: 344
Reward: 44016.8744357 Total splits: 346 Good splits: 328
Reward: 49577.1717291 Total splits: 335 Good splits: 315
Reward: 49776.8838836 Total splits: 348 Good splits: 321
Reward: 46957.9337493 Total splits: 345 Good splits: 320
Reward: 49352.6847217 Total splits: 352 Good splits: 335
Reward: 50054.4120055 Total splits: 345 Good splits: 318
Reward: 48978.0215102 Total splits: 358 Good splits: 329
Reward: 51170.899015 Total splits: 330 Good splits: 314

Results after 30 tests
Average total rewards : 49211.3953257
Average total splits  : 348.433333333
Average good splits   : 324.566666667
Average good splits % : 93.1502917823

