Reward: 48991.9806524 Total splits: 572 Good splits: 461
Reward: 48181.018718 Total splits: 602 Good splits: 443
Reward: 47433.2508222 Total splits: 577 Good splits: 431
Reward: 45102.5704926 Total splits: 552 Good splits: 445
Reward: 45819.8465506 Total splits: 553 Good splits: 436
Reward: 45762.5843835 Total splits: 577 Good splits: 448
Reward: 49401.6195518 Total splits: 577 Good splits: 462
Reward: 50199.544694 Total splits: 595 Good splits: 439
Reward: 47049.8931764 Total splits: 582 Good splits: 430
Reward: 49242.8184382 Total splits: 542 Good splits: 419
Reward: 44525.3534635 Total splits: 562 Good splits: 454
Reward: 50352.7405788 Total splits: 578 Good splits: 435
Reward: 48359.4624645 Total splits: 584 Good splits: 486
Reward: 47097.7554726 Total splits: 583 Good splits: 438
Reward: 47330.6611384 Total splits: 558 Good splits: 449
Reward: 46207.6975755 Total splits: 566 Good splits: 432
Reward: 48833.8955092 Total splits: 593 Good splits: 461
Reward: 46720.8766155 Total splits: 581 Good splits: 463
Reward: 47629.1417506 Total splits: 598 Good splits: 477
Reward: 48578.0098634 Total splits: 568 Good splits: 444
Reward: 47376.3074058 Total splits: 574 Good splits: 458
Reward: 51479.1970703 Total splits: 558 Good splits: 425
Reward: 47942.4134744 Total splits: 597 Good splits: 458
Reward: 47883.6963012 Total splits: 575 Good splits: 416
Reward: 49501.5959711 Total splits: 581 Good splits: 436
Reward: 48244.7715085 Total splits: 550 Good splits: 427
Reward: 48011.7758602 Total splits: 634 Good splits: 476
Reward: 47539.1588831 Total splits: 549 Good splits: 447
Reward: 48017.9833419 Total splits: 559 Good splits: 429
Reward: 50210.8452741 Total splits: 569 Good splits: 441
Reward: 46600.2194668 Total splits: 560 Good splits: 438
Reward: 48804.4111849 Total splits: 553 Good splits: 432
Reward: 48658.3186882 Total splits: 619 Good splits: 476
Reward: 49901.6772712 Total splits: 561 Good splits: 424
Reward: 46201.4282649 Total splits: 556 Good splits: 434
Reward: 45201.0698213 Total splits: 562 Good splits: 432
Reward: 45105.3048807 Total splits: 562 Good splits: 437
Reward: 46305.2196618 Total splits: 578 Good splits: 442
Reward: 46804.7399175 Total splits: 566 Good splits: 421
Reward: 45770.2945459 Total splits: 586 Good splits: 468
Reward: 47766.4765356 Total splits: 593 Good splits: 448
Reward: 46884.0076041 Total splits: 555 Good splits: 435
Reward: 49030.2632635 Total splits: 597 Good splits: 467
Reward: 44573.0445093 Total splits: 592 Good splits: 464
Reward: 48490.9109366 Total splits: 560 Good splits: 429
Reward: 43263.4901518 Total splits: 565 Good splits: 461
Reward: 46853.0962917 Total splits: 549 Good splits: 434
Reward: 48913.903026 Total splits: 572 Good splits: 444
Reward: 49936.608759 Total splits: 584 Good splits: 430
Reward: 50654.434011 Total splits: 544 Good splits: 430
Reward: 44911.342259 Total splits: 570 Good splits: 469
Reward: 48219.8132515 Total splits: 584 Good splits: 450
Reward: 47041.9145631 Total splits: 581 Good splits: 446
Reward: 48107.4995222 Total splits: 558 Good splits: 417
Reward: 43041.3924069 Total splits: 571 Good splits: 460
Reward: 47586.6132943 Total splits: 557 Good splits: 449
Reward: 45074.554682 Total splits: 582 Good splits: 442
Reward: 41165.0341871 Total splits: 557 Good splits: 429
Reward: 48115.7675195 Total splits: 554 Good splits: 404
Reward: 45855.7710795 Total splits: 566 Good splits: 460
Reward: 47483.2023467 Total splits: 564 Good splits: 435
Reward: 46516.5709713 Total splits: 586 Good splits: 459
Reward: 45035.49601 Total splits: 545 Good splits: 439
Reward: 49241.9166585 Total splits: 541 Good splits: 402
Reward: 45942.4906652 Total splits: 554 Good splits: 433
Reward: 46891.8716208 Total splits: 569 Good splits: 441
Reward: 49409.5729536 Total splits: 610 Good splits: 469
Reward: 47330.5752423 Total splits: 569 Good splits: 447
Reward: 47086.3958235 Total splits: 548 Good splits: 438
Reward: 41206.6847198 Total splits: 560 Good splits: 439
Reward: 47392.8111951 Total splits: 549 Good splits: 425
Reward: 48887.0449627 Total splits: 574 Good splits: 456
Reward: 48089.3623782 Total splits: 557 Good splits: 435
Reward: 47663.4676924 Total splits: 590 Good splits: 462
Reward: 47614.1711828 Total splits: 582 Good splits: 463
Reward: 49720.5296918 Total splits: 589 Good splits: 446
Reward: 46991.2547525 Total splits: 568 Good splits: 431
Reward: 48245.1443957 Total splits: 606 Good splits: 473
Reward: 49021.4130287 Total splits: 605 Good splits: 458
Reward: 42052.4320503 Total splits: 555 Good splits: 426
Reward: 47554.0622366 Total splits: 538 Good splits: 423
Reward: 49175.9173595 Total splits: 591 Good splits: 435
Reward: 49065.0647592 Total splits: 559 Good splits: 431
Reward: 49195.3649919 Total splits: 588 Good splits: 456
Reward: 49756.195004 Total splits: 586 Good splits: 456
Reward: 40873.2709166 Total splits: 569 Good splits: 459
Reward: 50331.5495276 Total splits: 620 Good splits: 474
Reward: 42432.3382997 Total splits: 590 Good splits: 472
Reward: 48199.0187038 Total splits: 577 Good splits: 449
Reward: 49485.0277374 Total splits: 574 Good splits: 441
Reward: 45194.1552877 Total splits: 541 Good splits: 431
Reward: 49514.4922602 Total splits: 597 Good splits: 448
Reward: 50073.8459754 Total splits: 541 Good splits: 417
Reward: 48987.0207802 Total splits: 587 Good splits: 457
Reward: 47320.8154347 Total splits: 550 Good splits: 400
Reward: 48932.618364 Total splits: 555 Good splits: 410
Reward: 47794.7523838 Total splits: 562 Good splits: 438
Reward: 49815.7469629 Total splits: 550 Good splits: 430
Reward: 49135.4785602 Total splits: 570 Good splits: 454
Reward: 48754.5497237 Total splits: 583 Good splits: 467

Results after 100 tests
Average total rewards : 47472.8078217
Average total splits  : 571.89
Average good splits   : 443.63
Average good splits % : 77.5726101173

Reward: 48639.5720677 Total splits: 595 Good splits: 451
Reward: 49974.6697311 Total splits: 612 Good splits: 487
Reward: 46334.9085999 Total splits: 590 Good splits: 475
Reward: 45540.5598074 Total splits: 589 Good splits: 469
Reward: 44881.9263065 Total splits: 544 Good splits: 424
Reward: 47667.4125029 Total splits: 563 Good splits: 432
Reward: 43930.0340186 Total splits: 615 Good splits: 481
Reward: 49377.3330566 Total splits: 586 Good splits: 440
Reward: 47911.563401 Total splits: 537 Good splits: 407
Reward: 46358.8723311 Total splits: 558 Good splits: 444
Reward: 50570.0688433 Total splits: 567 Good splits: 439
Reward: 46961.4648851 Total splits: 557 Good splits: 445
Reward: 47648.9705932 Total splits: 601 Good splits: 474
Reward: 48404.257708 Total splits: 583 Good splits: 436
Reward: 49316.135013 Total splits: 566 Good splits: 437
Reward: 48053.3526087 Total splits: 573 Good splits: 456
Reward: 48646.960215 Total splits: 566 Good splits: 426
Reward: 49129.1822863 Total splits: 557 Good splits: 453
Reward: 48390.9622174 Total splits: 576 Good splits: 445
Reward: 49666.7615387 Total splits: 600 Good splits: 455
Reward: 47785.5726628 Total splits: 574 Good splits: 445
Reward: 48517.2508158 Total splits: 556 Good splits: 433
Reward: 47128.6219904 Total splits: 534 Good splits: 439
Reward: 48163.8040083 Total splits: 582 Good splits: 445
Reward: 49187.5825411 Total splits: 593 Good splits: 456
Reward: 49661.9801244 Total splits: 589 Good splits: 456
Reward: 47251.8052417 Total splits: 570 Good splits: 449
Reward: 45652.0136885 Total splits: 563 Good splits: 426
Reward: 48850.1870411 Total splits: 554 Good splits: 433
Reward: 45706.9844748 Total splits: 571 Good splits: 448
Reward: 44271.8922561 Total splits: 569 Good splits: 444
Reward: 50703.115541 Total splits: 610 Good splits: 445
Reward: 49335.9674813 Total splits: 577 Good splits: 451
Reward: 47058.8113662 Total splits: 544 Good splits: 420
Reward: 50224.3855467 Total splits: 568 Good splits: 460
Reward: 45027.0917259 Total splits: 577 Good splits: 438
Reward: 49501.9164637 Total splits: 597 Good splits: 443
Reward: 48865.2520247 Total splits: 566 Good splits: 433
Reward: 47634.9627958 Total splits: 558 Good splits: 442
Reward: 48103.7614546 Total splits: 552 Good splits: 416
Reward: 44451.7069092 Total splits: 576 Good splits: 455
Reward: 48095.3982459 Total splits: 559 Good splits: 415
Reward: 47778.9909542 Total splits: 561 Good splits: 440
Reward: 48031.3408774 Total splits: 562 Good splits: 436
Reward: 48042.3027771 Total splits: 577 Good splits: 463
Reward: 46999.3494311 Total splits: 601 Good splits: 436
Reward: 49743.9954483 Total splits: 586 Good splits: 451
Reward: 48673.0951336 Total splits: 594 Good splits: 449
Reward: 48799.2075563 Total splits: 554 Good splits: 429
Reward: 49744.1195834 Total splits: 577 Good splits: 470

Results after 50 tests
Average total rewards : 47927.9486779
Average total splits  : 573.72
Average good splits   : 444.84
Average good splits % : 77.5360803179

Reward: 48142.8562393 Total splits: 586 Good splits: 451
Reward: 49825.5986042 Total splits: 572 Good splits: 432
Reward: 44164.1549764 Total splits: 595 Good splits: 454
Reward: 47730.597503 Total splits: 575 Good splits: 451
Reward: 50253.8183434 Total splits: 586 Good splits: 473
Reward: 48181.4874236 Total splits: 584 Good splits: 461
Reward: 48890.3121013 Total splits: 595 Good splits: 453
Reward: 47370.6585116 Total splits: 568 Good splits: 441
Reward: 46855.609474 Total splits: 556 Good splits: 438
Reward: 47226.9750448 Total splits: 579 Good splits: 446

Results after 10 tests
Average total rewards : 47864.2068222
Average total splits  : 579.6
Average good splits   : 450.0
Average good splits % : 77.6397515528

Reward: 48144.1496531 Total splits: 569 Good splits: 436
Reward: 43832.2718099 Total splits: 565 Good splits: 461
Reward: 50366.2864127 Total splits: 574 Good splits: 447
Reward: 47737.6145901 Total splits: 575 Good splits: 450
Reward: 47031.0924591 Total splits: 562 Good splits: 436
Reward: 49357.4233443 Total splits: 568 Good splits: 456
Reward: 48044.5386747 Total splits: 585 Good splits: 456
Reward: 47305.4627775 Total splits: 570 Good splits: 434
Reward: 47855.3099923 Total splits: 556 Good splits: 419
Reward: 46368.8944964 Total splits: 587 Good splits: 446

Results after 10 tests
Average total rewards : 47604.304421
Average total splits  : 571.1
Average good splits   : 444.1
Average good splits % : 77.7622132726

Reward: 49529.6318247 Total splits: 557 Good splits: 439
Reward: 48920.8026169 Total splits: 574 Good splits: 445
Reward: 49657.7849947 Total splits: 562 Good splits: 433
Reward: 48353.7248932 Total splits: 569 Good splits: 443
Reward: 48789.7894534 Total splits: 577 Good splits: 463
Reward: 46050.7067204 Total splits: 571 Good splits: 443
Reward: 46068.26393 Total splits: 547 Good splits: 434
Reward: 44063.5822158 Total splits: 574 Good splits: 462
Reward: 47167.4951816 Total splits: 580 Good splits: 448
Reward: 49649.6385258 Total splits: 532 Good splits: 413
Reward: 49043.0656707 Total splits: 583 Good splits: 446
Reward: 47277.5542389 Total splits: 572 Good splits: 428
Reward: 50719.2432744 Total splits: 552 Good splits: 409
Reward: 48780.0405662 Total splits: 613 Good splits: 473
Reward: 45613.047541 Total splits: 550 Good splits: 409
Reward: 49959.7773522 Total splits: 605 Good splits: 463
Reward: 47598.3688378 Total splits: 573 Good splits: 429
Reward: 47734.2148366 Total splits: 539 Good splits: 417
Reward: 50532.0649025 Total splits: 594 Good splits: 476
Reward: 48933.074539 Total splits: 603 Good splits: 469
Reward: 47121.6450457 Total splits: 580 Good splits: 455
Reward: 49461.641672 Total splits: 574 Good splits: 461
Reward: 49239.4469592 Total splits: 582 Good splits: 450
Reward: 47074.1953065 Total splits: 550 Good splits: 442
Reward: 41625.9232147 Total splits: 541 Good splits: 433
Reward: 47193.3306758 Total splits: 571 Good splits: 443
Reward: 45374.9715224 Total splits: 543 Good splits: 440
Reward: 46952.4371553 Total splits: 571 Good splits: 436
Reward: 49760.0345598 Total splits: 585 Good splits: 447
Reward: 48368.5404013 Total splits: 580 Good splits: 466

Results after 30 tests
Average total rewards : 47887.134621
Average total splits  : 570.133333333
Average good splits   : 443.833333333
Average good splits % : 77.8472871843

