Reward: 49075.4740091 Total splits: 372 Good splits: 339
Reward: 49584.5921307 Total splits: 372 Good splits: 339
Reward: 50959.9330973 Total splits: 387 Good splits: 353
Reward: 48963.9126911 Total splits: 363 Good splits: 327
Reward: 50831.0370733 Total splits: 382 Good splits: 352
Reward: 49945.4409094 Total splits: 403 Good splits: 361
Reward: 50383.2396577 Total splits: 381 Good splits: 346
Reward: 49533.5787633 Total splits: 368 Good splits: 342
Reward: 49797.8358127 Total splits: 386 Good splits: 340
Reward: 48252.3078106 Total splits: 402 Good splits: 362
Reward: 46786.6929025 Total splits: 388 Good splits: 362
Reward: 49418.3177167 Total splits: 359 Good splits: 331
Reward: 47747.2006617 Total splits: 401 Good splits: 360
Reward: 49003.4175589 Total splits: 378 Good splits: 348
Reward: 47980.0240336 Total splits: 421 Good splits: 391
Reward: 47440.5364146 Total splits: 385 Good splits: 350
Reward: 48134.5748332 Total splits: 388 Good splits: 360
Reward: 46772.6676216 Total splits: 367 Good splits: 342
Reward: 50112.3766532 Total splits: 407 Good splits: 366
Reward: 49529.0582136 Total splits: 367 Good splits: 342
Reward: 47895.4921312 Total splits: 401 Good splits: 352
Reward: 49220.4656385 Total splits: 350 Good splits: 314
Reward: 46965.9967852 Total splits: 410 Good splits: 380
Reward: 49576.6590905 Total splits: 375 Good splits: 338
Reward: 49719.0385931 Total splits: 373 Good splits: 341
Reward: 48868.6498722 Total splits: 380 Good splits: 342
Reward: 50421.0720722 Total splits: 370 Good splits: 346
Reward: 47595.9408596 Total splits: 388 Good splits: 364
Reward: 48710.3385711 Total splits: 374 Good splits: 338
Reward: 51267.4937047 Total splits: 374 Good splits: 333
Reward: 49686.5981268 Total splits: 364 Good splits: 341
Reward: 49603.6899238 Total splits: 407 Good splits: 379
Reward: 49788.6508406 Total splits: 371 Good splits: 330
Reward: 49071.4484002 Total splits: 369 Good splits: 353
Reward: 45184.6409469 Total splits: 382 Good splits: 349
Reward: 48534.7087847 Total splits: 366 Good splits: 335
Reward: 47963.9726324 Total splits: 376 Good splits: 345
Reward: 47448.0738296 Total splits: 377 Good splits: 342
Reward: 51009.8040534 Total splits: 389 Good splits: 344
Reward: 49610.1742747 Total splits: 370 Good splits: 327
Reward: 50244.6451748 Total splits: 372 Good splits: 338
Reward: 48708.1718871 Total splits: 372 Good splits: 338
Reward: 51421.5594502 Total splits: 420 Good splits: 390
Reward: 48628.2460028 Total splits: 393 Good splits: 352
Reward: 49957.9922977 Total splits: 368 Good splits: 334
Reward: 49387.7675359 Total splits: 374 Good splits: 346
Reward: 50930.0976414 Total splits: 405 Good splits: 354
Reward: 51870.6314497 Total splits: 420 Good splits: 379
Reward: 48041.0211282 Total splits: 384 Good splits: 356
Reward: 49898.6968155 Total splits: 369 Good splits: 346
Reward: 48120.9641107 Total splits: 371 Good splits: 333
Reward: 49421.3513714 Total splits: 399 Good splits: 372
Reward: 49439.1893232 Total splits: 385 Good splits: 346
Reward: 48742.2962921 Total splits: 396 Good splits: 363
Reward: 48849.8650599 Total splits: 365 Good splits: 335
Reward: 50376.2791004 Total splits: 396 Good splits: 361
Reward: 50068.1461216 Total splits: 398 Good splits: 353
Reward: 49360.1296312 Total splits: 378 Good splits: 352
Reward: 51750.7017268 Total splits: 387 Good splits: 347
Reward: 49411.5339464 Total splits: 394 Good splits: 358
Reward: 49775.3287168 Total splits: 357 Good splits: 335
Reward: 47982.2639495 Total splits: 376 Good splits: 349
Reward: 48467.2752421 Total splits: 390 Good splits: 363
Reward: 49726.8666318 Total splits: 380 Good splits: 346
Reward: 49077.8933557 Total splits: 383 Good splits: 353
Reward: 48507.2766129 Total splits: 399 Good splits: 366
Reward: 49938.4741375 Total splits: 383 Good splits: 347
Reward: 49516.4940592 Total splits: 387 Good splits: 347
Reward: 47581.0381839 Total splits: 387 Good splits: 359
Reward: 50402.4358154 Total splits: 392 Good splits: 348
Reward: 50151.587311 Total splits: 392 Good splits: 357
Reward: 48986.9352234 Total splits: 380 Good splits: 345
Reward: 50026.4718621 Total splits: 380 Good splits: 337
Reward: 47929.7322387 Total splits: 372 Good splits: 341
Reward: 50065.0302218 Total splits: 385 Good splits: 361
Reward: 49848.6117619 Total splits: 376 Good splits: 339
Reward: 50475.4176916 Total splits: 359 Good splits: 334
Reward: 47061.7993572 Total splits: 363 Good splits: 332
Reward: 49299.0799515 Total splits: 358 Good splits: 317
Reward: 48693.1924993 Total splits: 391 Good splits: 373
Reward: 50691.5810358 Total splits: 372 Good splits: 345
Reward: 46820.7666577 Total splits: 415 Good splits: 379
Reward: 48876.7096551 Total splits: 378 Good splits: 348
Reward: 48914.2102838 Total splits: 399 Good splits: 362
Reward: 50380.2730675 Total splits: 391 Good splits: 341
Reward: 49074.0150433 Total splits: 383 Good splits: 352
Reward: 51408.557521 Total splits: 366 Good splits: 339
Reward: 50178.6059175 Total splits: 382 Good splits: 351
Reward: 49477.0581733 Total splits: 417 Good splits: 372
Reward: 49094.8620914 Total splits: 394 Good splits: 370
Reward: 49464.5245198 Total splits: 389 Good splits: 360
Reward: 49108.9354807 Total splits: 417 Good splits: 393
Reward: 49447.6834695 Total splits: 377 Good splits: 347
Reward: 50064.4904401 Total splits: 387 Good splits: 352
Reward: 49587.7964473 Total splits: 398 Good splits: 368
Reward: 48563.7458307 Total splits: 379 Good splits: 342
Reward: 50703.7389349 Total splits: 386 Good splits: 352
Reward: 50829.5826646 Total splits: 375 Good splits: 343
Reward: 48326.1567108 Total splits: 384 Good splits: 347
Reward: 49716.443634 Total splits: 393 Good splits: 349

Results after 100 tests
Average total rewards : 49272.6735617
Average total splits  : 383.61
Average good splits   : 350.2
Average good splits % : 91.2906337165

Reward: 50102.3715199 Total splits: 370 Good splits: 337
Reward: 49612.5381289 Total splits: 385 Good splits: 341
Reward: 49641.5884561 Total splits: 398 Good splits: 367
Reward: 45407.3645631 Total splits: 396 Good splits: 365
Reward: 49019.360011 Total splits: 406 Good splits: 372
Reward: 47161.4422636 Total splits: 401 Good splits: 369
Reward: 48108.6430095 Total splits: 382 Good splits: 343
Reward: 47903.3770176 Total splits: 376 Good splits: 339
Reward: 47761.340665 Total splits: 384 Good splits: 349
Reward: 49938.7779856 Total splits: 391 Good splits: 362
Reward: 48885.2153341 Total splits: 382 Good splits: 351
Reward: 50876.1774508 Total splits: 387 Good splits: 347
Reward: 49156.7683661 Total splits: 383 Good splits: 340
Reward: 48235.2522567 Total splits: 381 Good splits: 342
Reward: 49508.6217913 Total splits: 406 Good splits: 367
Reward: 51065.3001991 Total splits: 364 Good splits: 328
Reward: 49486.1635331 Total splits: 385 Good splits: 355
Reward: 47158.3632332 Total splits: 385 Good splits: 349
Reward: 50190.2237113 Total splits: 390 Good splits: 357
Reward: 48483.5207101 Total splits: 375 Good splits: 341
Reward: 47953.9300129 Total splits: 377 Good splits: 345
Reward: 48108.997195 Total splits: 397 Good splits: 354
Reward: 49204.6760777 Total splits: 413 Good splits: 376
Reward: 46595.0862732 Total splits: 398 Good splits: 365
Reward: 48944.0644871 Total splits: 372 Good splits: 340
Reward: 50094.4513302 Total splits: 371 Good splits: 341
Reward: 47802.0099887 Total splits: 380 Good splits: 346
Reward: 49581.8027709 Total splits: 385 Good splits: 347
Reward: 48401.9734957 Total splits: 343 Good splits: 313
Reward: 50197.4297998 Total splits: 374 Good splits: 335
Reward: 48286.336511 Total splits: 410 Good splits: 374
Reward: 49508.0734023 Total splits: 400 Good splits: 378
Reward: 50958.8509842 Total splits: 370 Good splits: 338
Reward: 44128.6940057 Total splits: 409 Good splits: 367
Reward: 48987.8781336 Total splits: 396 Good splits: 360
Reward: 49355.1314296 Total splits: 400 Good splits: 361
Reward: 51481.7062819 Total splits: 400 Good splits: 375
Reward: 47739.9641981 Total splits: 393 Good splits: 369
Reward: 50583.6695515 Total splits: 405 Good splits: 371
Reward: 49790.4580907 Total splits: 372 Good splits: 341
Reward: 45642.9586565 Total splits: 386 Good splits: 349
Reward: 50834.9693327 Total splits: 387 Good splits: 357
Reward: 47458.4407811 Total splits: 406 Good splits: 363
Reward: 51007.5667637 Total splits: 386 Good splits: 341
Reward: 46550.0062231 Total splits: 366 Good splits: 331
Reward: 50427.477771 Total splits: 388 Good splits: 357
Reward: 50103.113668 Total splits: 381 Good splits: 335
Reward: 49580.942996 Total splits: 375 Good splits: 335
Reward: 49923.8857216 Total splits: 407 Good splits: 361
Reward: 50372.5039804 Total splits: 383 Good splits: 349

Results after 50 tests
Average total rewards : 48946.1892024
Average total splits  : 387.14
Average good splits   : 351.9
Average good splits % : 90.8973497959

Reward: 50408.3267488 Total splits: 409 Good splits: 388
Reward: 49173.4673692 Total splits: 392 Good splits: 363
Reward: 49565.4636333 Total splits: 398 Good splits: 355
Reward: 48694.0022525 Total splits: 416 Good splits: 377
Reward: 49322.2768841 Total splits: 403 Good splits: 382
Reward: 46980.0404216 Total splits: 401 Good splits: 353
Reward: 49254.624211 Total splits: 376 Good splits: 345
Reward: 50518.3765845 Total splits: 391 Good splits: 357
Reward: 47049.5114428 Total splits: 383 Good splits: 356
Reward: 50914.217693 Total splits: 402 Good splits: 365

Results after 10 tests
Average total rewards : 49188.0307241
Average total splits  : 397.1
Average good splits   : 364.1
Average good splits % : 91.6897506925

Reward: 47169.9755639 Total splits: 403 Good splits: 371
Reward: 49710.0292551 Total splits: 372 Good splits: 341
Reward: 50240.2665715 Total splits: 391 Good splits: 363
Reward: 49460.4239279 Total splits: 389 Good splits: 367
Reward: 48638.7262775 Total splits: 372 Good splits: 342
Reward: 50189.7377853 Total splits: 373 Good splits: 342
Reward: 49218.8551875 Total splits: 363 Good splits: 338
Reward: 50540.5979154 Total splits: 374 Good splits: 343
Reward: 49278.1726944 Total splits: 371 Good splits: 333
Reward: 47194.3515809 Total splits: 385 Good splits: 355

Results after 10 tests
Average total rewards : 49164.1136759
Average total splits  : 379.3
Average good splits   : 349.5
Average good splits % : 92.1434220933

Reward: 49260.2571193 Total splits: 364 Good splits: 327
Reward: 50526.2050746 Total splits: 395 Good splits: 369
Reward: 50683.7633632 Total splits: 381 Good splits: 352
Reward: 49367.7328003 Total splits: 420 Good splits: 393
Reward: 48960.0335583 Total splits: 377 Good splits: 337
Reward: 48427.4647768 Total splits: 380 Good splits: 343
Reward: 44009.0448865 Total splits: 383 Good splits: 343
Reward: 49717.1000138 Total splits: 394 Good splits: 349
Reward: 49839.5498452 Total splits: 369 Good splits: 336
Reward: 50767.7291715 Total splits: 382 Good splits: 356
Reward: 47518.9781419 Total splits: 401 Good splits: 367
Reward: 46999.3322528 Total splits: 373 Good splits: 333
Reward: 50600.8658816 Total splits: 365 Good splits: 338
Reward: 50853.4572886 Total splits: 364 Good splits: 332
Reward: 48896.4255498 Total splits: 400 Good splits: 364
Reward: 48293.6741454 Total splits: 383 Good splits: 352
Reward: 48458.1011263 Total splits: 382 Good splits: 355
Reward: 50545.183176 Total splits: 397 Good splits: 361
Reward: 50262.383377 Total splits: 394 Good splits: 359
Reward: 45812.8154431 Total splits: 388 Good splits: 359
Reward: 49131.6082374 Total splits: 414 Good splits: 388
Reward: 48662.0668676 Total splits: 416 Good splits: 379
Reward: 49725.6557731 Total splits: 395 Good splits: 365
Reward: 48741.1438665 Total splits: 397 Good splits: 354
Reward: 50786.7463324 Total splits: 391 Good splits: 360
Reward: 47296.5621097 Total splits: 395 Good splits: 362
Reward: 50523.0667894 Total splits: 373 Good splits: 332
Reward: 51066.4118686 Total splits: 402 Good splits: 367
Reward: 43494.9228349 Total splits: 381 Good splits: 357
Reward: 50773.6861304 Total splits: 400 Good splits: 373

Results after 30 tests
Average total rewards : 49000.0655934
Average total splits  : 388.533333333
Average good splits   : 355.4
Average good splits % : 91.4722031572

