Reward: 48510.1469238 Total splits: 299 Good splits: 289
Reward: 47664.3325805 Total splits: 292 Good splits: 283
Reward: 46424.4172853 Total splits: 303 Good splits: 291
Reward: 50802.5308177 Total splits: 288 Good splits: 274
Reward: 47788.8832868 Total splits: 288 Good splits: 275
Reward: 50385.5260565 Total splits: 303 Good splits: 290
Reward: 46654.8609499 Total splits: 291 Good splits: 278
Reward: 49794.8728027 Total splits: 318 Good splits: 306
Reward: 49664.4078502 Total splits: 292 Good splits: 277
Reward: 48824.590027 Total splits: 282 Good splits: 273
Reward: 49217.2663225 Total splits: 287 Good splits: 280
Reward: 48601.4201421 Total splits: 296 Good splits: 276
Reward: 48991.6557706 Total splits: 278 Good splits: 265
Reward: 47489.2879597 Total splits: 300 Good splits: 289
Reward: 45417.1713915 Total splits: 299 Good splits: 289
Reward: 48258.4891108 Total splits: 327 Good splits: 314
Reward: 49480.2471808 Total splits: 312 Good splits: 302
Reward: 44399.1359535 Total splits: 285 Good splits: 276
Reward: 48853.4599756 Total splits: 293 Good splits: 271
Reward: 47649.594635 Total splits: 311 Good splits: 302
Reward: 45501.9603019 Total splits: 282 Good splits: 273
Reward: 46785.566312 Total splits: 293 Good splits: 279
Reward: 48534.8659363 Total splits: 303 Good splits: 294
Reward: 49989.4779356 Total splits: 306 Good splits: 289
Reward: 50767.5634203 Total splits: 304 Good splits: 296
Reward: 47438.9583991 Total splits: 270 Good splits: 247
Reward: 44367.0282091 Total splits: 325 Good splits: 313
Reward: 50423.3513251 Total splits: 296 Good splits: 286
Reward: 50205.8201539 Total splits: 295 Good splits: 278
Reward: 47513.0681126 Total splits: 307 Good splits: 294
Reward: 49720.763973 Total splits: 293 Good splits: 283
Reward: 49023.6732932 Total splits: 307 Good splits: 296
Reward: 49640.0552733 Total splits: 287 Good splits: 275
Reward: 47451.9137225 Total splits: 288 Good splits: 279
Reward: 48987.2201997 Total splits: 289 Good splits: 269
Reward: 49042.7753234 Total splits: 300 Good splits: 292
Reward: 49393.0906372 Total splits: 295 Good splits: 285
Reward: 44276.8035104 Total splits: 297 Good splits: 289
Reward: 48945.0436036 Total splits: 279 Good splits: 262
Reward: 49439.5086928 Total splits: 297 Good splits: 287
Reward: 49814.8100602 Total splits: 293 Good splits: 275
Reward: 48103.9066909 Total splits: 294 Good splits: 283
Reward: 50026.707201 Total splits: 284 Good splits: 268
Reward: 44049.7087404 Total splits: 288 Good splits: 277
Reward: 49693.7296484 Total splits: 275 Good splits: 268
Reward: 49152.0241315 Total splits: 292 Good splits: 274
Reward: 45831.5283107 Total splits: 300 Good splits: 285
Reward: 46842.7524552 Total splits: 306 Good splits: 298
Reward: 50244.3378042 Total splits: 295 Good splits: 284
Reward: 47909.7381169 Total splits: 289 Good splits: 277
Reward: 49491.7874477 Total splits: 264 Good splits: 250
Reward: 50087.1483862 Total splits: 288 Good splits: 274
Reward: 49869.0788344 Total splits: 296 Good splits: 279
Reward: 48044.3753942 Total splits: 302 Good splits: 291
Reward: 48728.5937506 Total splits: 284 Good splits: 270
Reward: 48814.6709253 Total splits: 291 Good splits: 274
Reward: 49682.7145922 Total splits: 291 Good splits: 264
Reward: 50730.3449945 Total splits: 283 Good splits: 272
Reward: 50146.3081759 Total splits: 301 Good splits: 288
Reward: 49168.9642388 Total splits: 306 Good splits: 290
Reward: 49810.5433317 Total splits: 309 Good splits: 294
Reward: 47642.0655536 Total splits: 303 Good splits: 287
Reward: 49907.0776229 Total splits: 302 Good splits: 284
Reward: 50225.4352192 Total splits: 295 Good splits: 278
Reward: 50958.4300231 Total splits: 281 Good splits: 271
Reward: 50255.3408103 Total splits: 313 Good splits: 297
Reward: 49318.2623968 Total splits: 298 Good splits: 292
Reward: 50294.3322992 Total splits: 292 Good splits: 282
Reward: 49314.0121674 Total splits: 298 Good splits: 277
Reward: 51009.1583202 Total splits: 304 Good splits: 285
Reward: 49474.6095181 Total splits: 297 Good splits: 285
Reward: 46689.3837111 Total splits: 269 Good splits: 257
Reward: 50280.5049335 Total splits: 301 Good splits: 291
Reward: 49628.1117144 Total splits: 289 Good splits: 273
Reward: 49663.8073735 Total splits: 302 Good splits: 295
Reward: 49477.0747429 Total splits: 293 Good splits: 278
Reward: 50077.2361453 Total splits: 310 Good splits: 296
Reward: 47595.9470507 Total splits: 297 Good splits: 282
Reward: 49961.4266223 Total splits: 296 Good splits: 287
Reward: 50457.4418804 Total splits: 303 Good splits: 291
Reward: 48677.6889823 Total splits: 292 Good splits: 274
Reward: 49787.8922236 Total splits: 288 Good splits: 279
Reward: 48479.0446919 Total splits: 299 Good splits: 284
Reward: 49445.1880885 Total splits: 292 Good splits: 279
Reward: 50973.0569403 Total splits: 307 Good splits: 298
Reward: 49355.7430585 Total splits: 286 Good splits: 278
Reward: 48283.8418686 Total splits: 313 Good splits: 299
Reward: 49435.1076485 Total splits: 302 Good splits: 292
Reward: 49358.6810508 Total splits: 280 Good splits: 264
Reward: 47047.4479263 Total splits: 293 Good splits: 280
Reward: 50496.4701382 Total splits: 298 Good splits: 286
Reward: 48786.8260791 Total splits: 293 Good splits: 284
Reward: 50601.4332783 Total splits: 293 Good splits: 285
Reward: 50011.1373444 Total splits: 268 Good splits: 260
Reward: 49085.1490995 Total splits: 285 Good splits: 277
Reward: 46725.1363478 Total splits: 295 Good splits: 278
Reward: 49171.1668263 Total splits: 293 Good splits: 286
Reward: 50318.8091081 Total splits: 296 Good splits: 273
Reward: 49572.9408685 Total splits: 297 Good splits: 283
Reward: 47340.6091836 Total splits: 306 Good splits: 288

Results after 100 tests
Average total rewards : 48837.4760745
Average total splits  : 295.07
Average good splits   : 282.16
Average good splits % : 95.6247670044

Reward: 48660.8216353 Total splits: 305 Good splits: 290
Reward: 49028.3896704 Total splits: 289 Good splits: 272
Reward: 44998.7124458 Total splits: 316 Good splits: 305
Reward: 49184.3250774 Total splits: 295 Good splits: 282
Reward: 49098.4822986 Total splits: 304 Good splits: 285
Reward: 50473.0548533 Total splits: 288 Good splits: 277
Reward: 47401.8770431 Total splits: 291 Good splits: 278
Reward: 48736.9779462 Total splits: 282 Good splits: 268
Reward: 48990.1069276 Total splits: 285 Good splits: 271
Reward: 49614.1975176 Total splits: 300 Good splits: 281
Reward: 46049.7064724 Total splits: 291 Good splits: 270
Reward: 49847.0547348 Total splits: 307 Good splits: 292
Reward: 47118.7221192 Total splits: 280 Good splits: 270
Reward: 48087.7394233 Total splits: 290 Good splits: 278
Reward: 49786.5477745 Total splits: 302 Good splits: 291
Reward: 47492.7774918 Total splits: 293 Good splits: 276
Reward: 49322.5349645 Total splits: 314 Good splits: 296
Reward: 46992.0484377 Total splits: 304 Good splits: 284
Reward: 46909.4231672 Total splits: 273 Good splits: 260
Reward: 47941.5787627 Total splits: 297 Good splits: 284
Reward: 49445.1695846 Total splits: 311 Good splits: 301
Reward: 46196.3674638 Total splits: 304 Good splits: 289
Reward: 50373.9437977 Total splits: 307 Good splits: 298
Reward: 48007.5736255 Total splits: 290 Good splits: 278
Reward: 49924.1389937 Total splits: 304 Good splits: 288
Reward: 50208.9586667 Total splits: 297 Good splits: 280
Reward: 47314.0123602 Total splits: 297 Good splits: 275
Reward: 48570.9484105 Total splits: 290 Good splits: 278
Reward: 48605.6310982 Total splits: 291 Good splits: 270
Reward: 48617.3186318 Total splits: 313 Good splits: 297
Reward: 47569.74804 Total splits: 278 Good splits: 260
Reward: 48123.8358873 Total splits: 281 Good splits: 270
Reward: 46355.1424217 Total splits: 292 Good splits: 279
Reward: 48969.8706475 Total splits: 308 Good splits: 295
Reward: 49101.6530416 Total splits: 293 Good splits: 270
Reward: 48579.6329867 Total splits: 295 Good splits: 285
Reward: 49220.5509141 Total splits: 289 Good splits: 282
Reward: 50002.3733931 Total splits: 315 Good splits: 299
Reward: 47787.3307466 Total splits: 302 Good splits: 284
Reward: 48238.110541 Total splits: 285 Good splits: 271
Reward: 49488.4976262 Total splits: 310 Good splits: 300
Reward: 47456.5870475 Total splits: 281 Good splits: 270
Reward: 49034.1824065 Total splits: 271 Good splits: 259
Reward: 47805.6906909 Total splits: 321 Good splits: 295
Reward: 48255.6069599 Total splits: 266 Good splits: 255
Reward: 45577.1901721 Total splits: 296 Good splits: 289
Reward: 51050.3696367 Total splits: 307 Good splits: 289
Reward: 47201.5641654 Total splits: 299 Good splits: 292
Reward: 46715.7034439 Total splits: 272 Good splits: 258
Reward: 50954.6985597 Total splits: 300 Good splits: 287

Results after 50 tests
Average total rewards : 48409.7496145
Average total splits  : 295.42
Average good splits   : 281.06
Average good splits % : 95.1391239591

Reward: 46332.5349916 Total splits: 294 Good splits: 280
Reward: 48902.6040198 Total splits: 300 Good splits: 286
Reward: 51029.01568 Total splits: 316 Good splits: 301
Reward: 50208.3727099 Total splits: 284 Good splits: 273
Reward: 50394.2980843 Total splits: 293 Good splits: 285
Reward: 49038.33614 Total splits: 304 Good splits: 293
Reward: 49085.4062306 Total splits: 289 Good splits: 276
Reward: 48667.3335635 Total splits: 294 Good splits: 275
Reward: 49100.3187515 Total splits: 306 Good splits: 297
Reward: 47116.9370988 Total splits: 302 Good splits: 287

Results after 10 tests
Average total rewards : 48987.515727
Average total splits  : 298.2
Average good splits   : 285.3
Average good splits % : 95.6740442656

Reward: 49357.8290543 Total splits: 298 Good splits: 284
Reward: 47985.4247612 Total splits: 281 Good splits: 274
Reward: 48316.3936249 Total splits: 306 Good splits: 286
Reward: 49209.1313818 Total splits: 312 Good splits: 298
Reward: 48791.9287508 Total splits: 285 Good splits: 278
Reward: 44778.2402514 Total splits: 313 Good splits: 304
Reward: 48882.1323088 Total splits: 291 Good splits: 284
Reward: 48796.0386603 Total splits: 291 Good splits: 279
Reward: 48579.0865363 Total splits: 309 Good splits: 296
Reward: 47877.9374618 Total splits: 303 Good splits: 285

Results after 10 tests
Average total rewards : 48257.4142792
Average total splits  : 298.9
Average good splits   : 286.8
Average good splits % : 95.9518233523

Reward: 49833.0084472 Total splits: 289 Good splits: 277
Reward: 48490.5926313 Total splits: 285 Good splits: 271
Reward: 50187.3022588 Total splits: 306 Good splits: 280
Reward: 46500.9683922 Total splits: 282 Good splits: 270
Reward: 48296.5603282 Total splits: 296 Good splits: 283
Reward: 48712.6982138 Total splits: 279 Good splits: 270
Reward: 47702.9009716 Total splits: 282 Good splits: 277
Reward: 46377.4202856 Total splits: 307 Good splits: 288
Reward: 49287.1467631 Total splits: 296 Good splits: 278
Reward: 47810.1759506 Total splits: 311 Good splits: 303
Reward: 48469.7062984 Total splits: 293 Good splits: 285
Reward: 47707.8346074 Total splits: 292 Good splits: 277
Reward: 49983.5155013 Total splits: 285 Good splits: 268
Reward: 50478.8056452 Total splits: 276 Good splits: 266
Reward: 45683.1628357 Total splits: 284 Good splits: 274
Reward: 47738.9748383 Total splits: 316 Good splits: 303
Reward: 48120.6224737 Total splits: 300 Good splits: 281
Reward: 46846.2487583 Total splits: 315 Good splits: 299
Reward: 49113.3372593 Total splits: 291 Good splits: 274
Reward: 48203.4932691 Total splits: 310 Good splits: 299
Reward: 50548.4267152 Total splits: 309 Good splits: 292
Reward: 49496.6688209 Total splits: 268 Good splits: 253
Reward: 47829.7915064 Total splits: 272 Good splits: 260
Reward: 48046.2595341 Total splits: 302 Good splits: 288
Reward: 50420.9448435 Total splits: 294 Good splits: 283
Reward: 44233.0567941 Total splits: 285 Good splits: 273
Reward: 47188.2287657 Total splits: 303 Good splits: 282
Reward: 47349.8738518 Total splits: 304 Good splits: 287
Reward: 50202.8168938 Total splits: 283 Good splits: 272
Reward: 50150.1135163 Total splits: 315 Good splits: 310

Results after 30 tests
Average total rewards : 48367.021899
Average total splits  : 294.333333333
Average good splits   : 280.766666667
Average good splits % : 95.3907134768

