Reward: 48431.2518777 Total splits: 315 Good splits: 300
Reward: 48299.0027232 Total splits: 316 Good splits: 295
Reward: 49168.6646443 Total splits: 330 Good splits: 311
Reward: 49114.8235681 Total splits: 301 Good splits: 290
Reward: 50377.8543188 Total splits: 314 Good splits: 294
Reward: 47791.3623888 Total splits: 307 Good splits: 294
Reward: 48667.0289406 Total splits: 338 Good splits: 320
Reward: 50019.8723414 Total splits: 310 Good splits: 291
Reward: 48674.1224843 Total splits: 319 Good splits: 300
Reward: 48586.9669026 Total splits: 318 Good splits: 305
Reward: 47936.740947 Total splits: 324 Good splits: 295
Reward: 48563.0036569 Total splits: 303 Good splits: 291
Reward: 47360.3842266 Total splits: 330 Good splits: 311
Reward: 48408.5836964 Total splits: 326 Good splits: 310
Reward: 48464.6540008 Total splits: 317 Good splits: 302
Reward: 49394.3759808 Total splits: 336 Good splits: 317
Reward: 48255.197225 Total splits: 317 Good splits: 296
Reward: 50139.553845 Total splits: 306 Good splits: 289
Reward: 47141.1275935 Total splits: 314 Good splits: 300
Reward: 48617.8805319 Total splits: 331 Good splits: 307
Reward: 47634.0537377 Total splits: 318 Good splits: 297
Reward: 48678.8598066 Total splits: 317 Good splits: 306
Reward: 47984.1684648 Total splits: 344 Good splits: 332
Reward: 49628.692725 Total splits: 330 Good splits: 318
Reward: 45896.0369128 Total splits: 320 Good splits: 304
Reward: 50888.9910513 Total splits: 313 Good splits: 292
Reward: 44897.240021 Total splits: 320 Good splits: 306
Reward: 46820.0156591 Total splits: 309 Good splits: 299
Reward: 49635.0582094 Total splits: 314 Good splits: 296
Reward: 49706.4014665 Total splits: 330 Good splits: 313
Reward: 48726.1842389 Total splits: 317 Good splits: 304
Reward: 46881.4520059 Total splits: 329 Good splits: 311
Reward: 49488.1405682 Total splits: 326 Good splits: 315
Reward: 47771.7491627 Total splits: 299 Good splits: 281
Reward: 48170.4914765 Total splits: 338 Good splits: 313
Reward: 48402.2181949 Total splits: 330 Good splits: 305
Reward: 51082.8922059 Total splits: 302 Good splits: 288
Reward: 50877.2271214 Total splits: 313 Good splits: 296
Reward: 49506.2103154 Total splits: 330 Good splits: 308
Reward: 49116.5999517 Total splits: 302 Good splits: 285
Reward: 47748.6718524 Total splits: 318 Good splits: 299
Reward: 49626.5267501 Total splits: 308 Good splits: 287
Reward: 49163.6258681 Total splits: 306 Good splits: 295
Reward: 48592.506181 Total splits: 342 Good splits: 320
Reward: 48208.0524662 Total splits: 341 Good splits: 317
Reward: 49240.7043487 Total splits: 317 Good splits: 303
Reward: 48580.4507161 Total splits: 325 Good splits: 300
Reward: 47618.0906478 Total splits: 332 Good splits: 307
Reward: 48058.4308193 Total splits: 331 Good splits: 314
Reward: 50549.7262606 Total splits: 302 Good splits: 288
Reward: 51584.3312427 Total splits: 328 Good splits: 315
Reward: 50469.8761042 Total splits: 319 Good splits: 299
Reward: 45816.5705136 Total splits: 325 Good splits: 308
Reward: 46143.1748722 Total splits: 319 Good splits: 306
Reward: 48624.9612482 Total splits: 319 Good splits: 303
Reward: 48178.2875539 Total splits: 331 Good splits: 321
Reward: 50025.8024908 Total splits: 316 Good splits: 296
Reward: 50750.1863082 Total splits: 346 Good splits: 334
Reward: 50359.920131 Total splits: 316 Good splits: 289
Reward: 50216.4733746 Total splits: 321 Good splits: 299
Reward: 48531.6925162 Total splits: 321 Good splits: 297
Reward: 51435.2103493 Total splits: 325 Good splits: 305
Reward: 48341.6618569 Total splits: 343 Good splits: 324
Reward: 48133.7165681 Total splits: 322 Good splits: 303
Reward: 46751.6389223 Total splits: 303 Good splits: 290
Reward: 48982.3829856 Total splits: 300 Good splits: 280
Reward: 49376.346546 Total splits: 291 Good splits: 279
Reward: 47103.7517422 Total splits: 318 Good splits: 303
Reward: 49389.4255866 Total splits: 306 Good splits: 292
Reward: 48970.5977711 Total splits: 315 Good splits: 304
Reward: 47479.6795989 Total splits: 312 Good splits: 293
Reward: 50330.034469 Total splits: 321 Good splits: 307
Reward: 49692.7970221 Total splits: 312 Good splits: 294
Reward: 43532.8019181 Total splits: 329 Good splits: 312
Reward: 49709.6289161 Total splits: 295 Good splits: 281
Reward: 47547.5849371 Total splits: 287 Good splits: 272
Reward: 49612.6574311 Total splits: 297 Good splits: 287
Reward: 47426.0042559 Total splits: 336 Good splits: 321
Reward: 49742.0575568 Total splits: 317 Good splits: 302
Reward: 49309.4225038 Total splits: 348 Good splits: 333
Reward: 49089.9955706 Total splits: 335 Good splits: 318
Reward: 49235.8616777 Total splits: 316 Good splits: 297
Reward: 49919.054909 Total splits: 340 Good splits: 316
Reward: 49352.9458968 Total splits: 303 Good splits: 276
Reward: 48724.4395462 Total splits: 328 Good splits: 306
Reward: 48719.2780792 Total splits: 344 Good splits: 333
Reward: 47073.9116929 Total splits: 305 Good splits: 292
Reward: 49959.7947277 Total splits: 311 Good splits: 296
Reward: 48051.3618011 Total splits: 312 Good splits: 298
Reward: 50766.3758554 Total splits: 337 Good splits: 313
Reward: 46755.707081 Total splits: 317 Good splits: 300
Reward: 49529.3423944 Total splits: 313 Good splits: 290
Reward: 50234.0585356 Total splits: 325 Good splits: 311
Reward: 49763.2089614 Total splits: 329 Good splits: 303
Reward: 48814.2460894 Total splits: 316 Good splits: 297
Reward: 45922.5964838 Total splits: 327 Good splits: 305
Reward: 49197.2008392 Total splits: 318 Good splits: 300
Reward: 50582.42078 Total splits: 305 Good splits: 286
Reward: 49201.6398562 Total splits: 322 Good splits: 307
Reward: 48917.6427093 Total splits: 308 Good splits: 288

Results after 100 tests
Average total rewards : 48759.7168188
Average total splits  : 319.44
Average good splits   : 301.98
Average good splits % : 94.5341848234

Reward: 49221.600206 Total splits: 305 Good splits: 291
Reward: 47510.3588959 Total splits: 319 Good splits: 295
Reward: 48808.4988534 Total splits: 294 Good splits: 278
Reward: 49532.7686865 Total splits: 318 Good splits: 296
Reward: 50172.1979917 Total splits: 300 Good splits: 281
Reward: 49635.2537444 Total splits: 337 Good splits: 315
Reward: 47244.5374639 Total splits: 331 Good splits: 313
Reward: 47911.2144701 Total splits: 313 Good splits: 293
Reward: 48296.6282375 Total splits: 335 Good splits: 318
Reward: 48699.1173815 Total splits: 321 Good splits: 293
Reward: 50978.694312 Total splits: 301 Good splits: 283
Reward: 51012.4639353 Total splits: 322 Good splits: 301
Reward: 48568.1361346 Total splits: 313 Good splits: 300
Reward: 48351.1863802 Total splits: 326 Good splits: 306
Reward: 50786.7751279 Total splits: 309 Good splits: 294
Reward: 49591.9421585 Total splits: 306 Good splits: 285
Reward: 50207.3012235 Total splits: 298 Good splits: 287
Reward: 48835.1316493 Total splits: 327 Good splits: 311
Reward: 47655.5954949 Total splits: 312 Good splits: 288
Reward: 48228.1755053 Total splits: 297 Good splits: 276
Reward: 50581.124531 Total splits: 328 Good splits: 316
Reward: 49283.0348431 Total splits: 301 Good splits: 283
Reward: 50230.7306607 Total splits: 315 Good splits: 294
Reward: 49928.0785429 Total splits: 320 Good splits: 303
Reward: 48188.5359802 Total splits: 298 Good splits: 280
Reward: 49210.2792475 Total splits: 300 Good splits: 288
Reward: 49843.1721315 Total splits: 303 Good splits: 284
Reward: 49874.9776797 Total splits: 318 Good splits: 305
Reward: 45517.6069874 Total splits: 327 Good splits: 309
Reward: 46642.1112503 Total splits: 324 Good splits: 314
Reward: 45784.069262 Total splits: 306 Good splits: 291
Reward: 47684.3125822 Total splits: 314 Good splits: 302
Reward: 49531.6478894 Total splits: 314 Good splits: 299
Reward: 50355.4124419 Total splits: 291 Good splits: 275
Reward: 50329.3157937 Total splits: 307 Good splits: 288
Reward: 49528.2296504 Total splits: 311 Good splits: 299
Reward: 50474.5171932 Total splits: 320 Good splits: 306
Reward: 50117.9644926 Total splits: 332 Good splits: 307
Reward: 51488.849024 Total splits: 296 Good splits: 277
Reward: 48240.9063353 Total splits: 322 Good splits: 301
Reward: 49481.2124226 Total splits: 339 Good splits: 320
Reward: 48521.7250298 Total splits: 337 Good splits: 323
Reward: 48878.3063705 Total splits: 326 Good splits: 311
Reward: 46739.5792536 Total splits: 330 Good splits: 310
Reward: 48624.3320606 Total splits: 324 Good splits: 310
Reward: 50581.5053045 Total splits: 330 Good splits: 314
Reward: 51066.1114129 Total splits: 332 Good splits: 315
Reward: 50740.1621398 Total splits: 321 Good splits: 305
Reward: 50067.5607612 Total splits: 310 Good splits: 294
Reward: 49366.967842 Total splits: 313 Good splits: 295

Results after 50 tests
Average total rewards : 49162.9983394
Average total splits  : 315.86
Average good splits   : 298.44
Average good splits % : 94.4848983727

Reward: 48652.5596841 Total splits: 314 Good splits: 297
Reward: 49044.7579505 Total splits: 348 Good splits: 326
Reward: 47641.4632847 Total splits: 338 Good splits: 326
Reward: 48954.3222984 Total splits: 334 Good splits: 319
Reward: 48099.0234242 Total splits: 291 Good splits: 274
Reward: 50485.6879181 Total splits: 315 Good splits: 301
Reward: 50120.9456639 Total splits: 308 Good splits: 296
Reward: 47681.9505466 Total splits: 323 Good splits: 303
Reward: 46540.8060633 Total splits: 324 Good splits: 307
Reward: 50221.4874725 Total splits: 337 Good splits: 321

Results after 10 tests
Average total rewards : 48744.3004306
Average total splits  : 323.2
Average good splits   : 307.0
Average good splits % : 94.9876237624

Reward: 49618.7957729 Total splits: 318 Good splits: 295
Reward: 47051.4329173 Total splits: 299 Good splits: 288
Reward: 48283.8904929 Total splits: 317 Good splits: 294
Reward: 46952.2414563 Total splits: 329 Good splits: 315
Reward: 49859.8111834 Total splits: 340 Good splits: 326
Reward: 49598.9863157 Total splits: 328 Good splits: 304
Reward: 49849.8707296 Total splits: 306 Good splits: 282
Reward: 47488.7015588 Total splits: 316 Good splits: 298
Reward: 50825.1125806 Total splits: 326 Good splits: 308
Reward: 45386.3078197 Total splits: 328 Good splits: 311

Results after 10 tests
Average total rewards : 48491.5150827
Average total splits  : 320.7
Average good splits   : 302.1
Average good splits % : 94.2001870907

Reward: 48803.895273 Total splits: 330 Good splits: 318
Reward: 47974.7207397 Total splits: 328 Good splits: 314
Reward: 50021.9869961 Total splits: 335 Good splits: 307
Reward: 49830.9975224 Total splits: 338 Good splits: 312
Reward: 50351.4240678 Total splits: 311 Good splits: 294
Reward: 48669.2286167 Total splits: 321 Good splits: 301
Reward: 50095.3033418 Total splits: 317 Good splits: 296
Reward: 50277.4407825 Total splits: 314 Good splits: 297
Reward: 49366.6401708 Total splits: 328 Good splits: 306
Reward: 48864.9468435 Total splits: 302 Good splits: 282
Reward: 48088.5347313 Total splits: 305 Good splits: 280
Reward: 51419.4570957 Total splits: 298 Good splits: 281
Reward: 50432.4054682 Total splits: 320 Good splits: 306
Reward: 48530.1977305 Total splits: 312 Good splits: 287
Reward: 45823.219539 Total splits: 303 Good splits: 288
Reward: 48756.0310415 Total splits: 303 Good splits: 285
Reward: 47670.9336344 Total splits: 320 Good splits: 305
Reward: 48018.6070608 Total splits: 324 Good splits: 312
Reward: 49218.8772791 Total splits: 299 Good splits: 286
Reward: 49622.1044116 Total splits: 292 Good splits: 273
Reward: 50118.4546327 Total splits: 329 Good splits: 311
Reward: 50456.4709928 Total splits: 337 Good splits: 324
Reward: 49950.4164085 Total splits: 323 Good splits: 308
Reward: 48382.7917468 Total splits: 335 Good splits: 319
Reward: 49901.2802276 Total splits: 318 Good splits: 301
Reward: 48858.6313782 Total splits: 303 Good splits: 282
Reward: 48638.2200532 Total splits: 331 Good splits: 314
Reward: 49113.4735515 Total splits: 329 Good splits: 308
Reward: 49688.4754177 Total splits: 316 Good splits: 305
Reward: 47904.0233824 Total splits: 318 Good splits: 301

Results after 30 tests
Average total rewards : 49161.6396713
Average total splits  : 317.966666667
Average good splits   : 300.1
Average good splits % : 94.380962365

