Reward: 49185.1641229 Total splits: 436 Good splits: 385
Reward: 50791.9335191 Total splits: 434 Good splits: 374
Reward: 43322.0796832 Total splits: 420 Good splits: 369
Reward: 49552.1865843 Total splits: 436 Good splits: 388
Reward: 49614.8446078 Total splits: 446 Good splits: 395
Reward: 49029.6447621 Total splits: 428 Good splits: 370
Reward: 48991.3906388 Total splits: 434 Good splits: 381
Reward: 46702.7514553 Total splits: 424 Good splits: 366
Reward: 49265.7019367 Total splits: 444 Good splits: 388
Reward: 50677.5193911 Total splits: 438 Good splits: 381
Reward: 47291.320595 Total splits: 457 Good splits: 401
Reward: 49949.1378888 Total splits: 431 Good splits: 391
Reward: 48035.8051294 Total splits: 431 Good splits: 379
Reward: 48426.3340187 Total splits: 425 Good splits: 381
Reward: 47749.5907572 Total splits: 440 Good splits: 370
Reward: 47259.2507537 Total splits: 471 Good splits: 402
Reward: 50948.3709933 Total splits: 404 Good splits: 347
Reward: 45128.5650388 Total splits: 414 Good splits: 359
Reward: 50060.028131 Total splits: 437 Good splits: 372
Reward: 46770.5804998 Total splits: 462 Good splits: 411
Reward: 49398.1803877 Total splits: 461 Good splits: 410
Reward: 50634.0041977 Total splits: 446 Good splits: 383
Reward: 49669.3281775 Total splits: 457 Good splits: 395
Reward: 45977.0338086 Total splits: 423 Good splits: 382
Reward: 49987.5002436 Total splits: 411 Good splits: 367
Reward: 48374.6418282 Total splits: 443 Good splits: 381
Reward: 49357.8728069 Total splits: 424 Good splits: 368
Reward: 46380.4552543 Total splits: 408 Good splits: 361
Reward: 49059.3447335 Total splits: 453 Good splits: 393
Reward: 47790.7376747 Total splits: 421 Good splits: 365
Reward: 51574.2338253 Total splits: 444 Good splits: 388
Reward: 49689.4262707 Total splits: 414 Good splits: 366
Reward: 47471.4951558 Total splits: 457 Good splits: 377
Reward: 51057.4667938 Total splits: 450 Good splits: 397
Reward: 48237.9663276 Total splits: 456 Good splits: 397
Reward: 49730.2404174 Total splits: 459 Good splits: 392
Reward: 50897.8122695 Total splits: 467 Good splits: 416
Reward: 48872.603224 Total splits: 444 Good splits: 393
Reward: 45618.2520451 Total splits: 442 Good splits: 375
Reward: 48788.0698003 Total splits: 436 Good splits: 384
Reward: 50457.1421872 Total splits: 430 Good splits: 363
Reward: 49263.0130906 Total splits: 408 Good splits: 353
Reward: 46644.4973631 Total splits: 452 Good splits: 403
Reward: 48985.3005645 Total splits: 441 Good splits: 365
Reward: 50229.4061324 Total splits: 431 Good splits: 360
Reward: 49664.7411675 Total splits: 424 Good splits: 354
Reward: 45736.0601304 Total splits: 434 Good splits: 385
Reward: 49008.6458438 Total splits: 433 Good splits: 372
Reward: 49810.2143822 Total splits: 410 Good splits: 350
Reward: 44940.8059149 Total splits: 430 Good splits: 377
Reward: 50628.2879268 Total splits: 461 Good splits: 410
Reward: 45021.1534646 Total splits: 440 Good splits: 399
Reward: 48447.3854111 Total splits: 446 Good splits: 378
Reward: 48813.0067171 Total splits: 427 Good splits: 374
Reward: 49976.2286967 Total splits: 467 Good splits: 394
Reward: 49029.7302361 Total splits: 410 Good splits: 369
Reward: 47625.1444134 Total splits: 426 Good splits: 365
Reward: 50494.3250304 Total splits: 483 Good splits: 420
Reward: 50786.6260909 Total splits: 454 Good splits: 396
Reward: 49112.3883412 Total splits: 430 Good splits: 373
Reward: 50465.4946453 Total splits: 460 Good splits: 402
Reward: 49768.4811636 Total splits: 439 Good splits: 375
Reward: 48979.9379722 Total splits: 422 Good splits: 366
Reward: 50201.5592661 Total splits: 441 Good splits: 390
Reward: 48465.8621449 Total splits: 428 Good splits: 383
Reward: 50718.8206104 Total splits: 460 Good splits: 409
Reward: 47961.5050118 Total splits: 433 Good splits: 389
Reward: 49744.8621586 Total splits: 414 Good splits: 360
Reward: 48780.5958497 Total splits: 427 Good splits: 363
Reward: 48331.4473561 Total splits: 475 Good splits: 421
Reward: 49703.5295359 Total splits: 447 Good splits: 384
Reward: 48269.9679106 Total splits: 438 Good splits: 379
Reward: 51022.6636652 Total splits: 451 Good splits: 387
Reward: 46216.0975761 Total splits: 424 Good splits: 390
Reward: 50298.8579897 Total splits: 427 Good splits: 382
Reward: 49708.2724 Total splits: 421 Good splits: 357
Reward: 50766.7388363 Total splits: 426 Good splits: 381
Reward: 48557.2760921 Total splits: 402 Good splits: 366
Reward: 48639.1771497 Total splits: 461 Good splits: 409
Reward: 47451.6535086 Total splits: 446 Good splits: 391
Reward: 49138.8750762 Total splits: 461 Good splits: 407
Reward: 48370.3455487 Total splits: 422 Good splits: 360
Reward: 50304.9238011 Total splits: 453 Good splits: 393
Reward: 51569.967309 Total splits: 443 Good splits: 375
Reward: 45465.0961505 Total splits: 431 Good splits: 380
Reward: 48621.9730996 Total splits: 435 Good splits: 369
Reward: 48612.8996578 Total splits: 448 Good splits: 391
Reward: 46344.0731564 Total splits: 434 Good splits: 388
Reward: 48077.8477418 Total splits: 434 Good splits: 384
Reward: 46926.8359489 Total splits: 442 Good splits: 371
Reward: 47521.7671202 Total splits: 463 Good splits: 414
Reward: 47415.7428068 Total splits: 434 Good splits: 389
Reward: 51217.9414445 Total splits: 453 Good splits: 399
Reward: 48422.2577941 Total splits: 424 Good splits: 373
Reward: 49224.8514411 Total splits: 442 Good splits: 396
Reward: 47735.3952661 Total splits: 449 Good splits: 400
Reward: 50367.0797752 Total splits: 445 Good splits: 399
Reward: 47369.6951892 Total splits: 434 Good splits: 377
Reward: 46267.4183036 Total splits: 420 Good splits: 372
Reward: 50643.0898256 Total splits: 441 Good splits: 386

Results after 100 tests
Average total rewards : 48756.6384615
Average total splits  : 438.15
Average good splits   : 382.67
Average good splits % : 87.3376697478

Reward: 48334.7110727 Total splits: 449 Good splits: 389
Reward: 47384.7949597 Total splits: 439 Good splits: 378
Reward: 51153.3789963 Total splits: 459 Good splits: 400
Reward: 50855.9439528 Total splits: 451 Good splits: 397
Reward: 46388.2160845 Total splits: 454 Good splits: 399
Reward: 47730.9595239 Total splits: 418 Good splits: 360
Reward: 51603.1183336 Total splits: 442 Good splits: 388
Reward: 50716.3130161 Total splits: 449 Good splits: 391
Reward: 48166.8824107 Total splits: 433 Good splits: 360
Reward: 50513.8530846 Total splits: 443 Good splits: 386
Reward: 45848.9173755 Total splits: 441 Good splits: 382
Reward: 51285.1225879 Total splits: 426 Good splits: 369
Reward: 48325.6431623 Total splits: 467 Good splits: 404
Reward: 47660.3579165 Total splits: 424 Good splits: 369
Reward: 51113.9778007 Total splits: 474 Good splits: 413
Reward: 50326.4323724 Total splits: 457 Good splits: 412
Reward: 47774.7500168 Total splits: 446 Good splits: 389
Reward: 50329.2925393 Total splits: 415 Good splits: 356
Reward: 49689.2145687 Total splits: 474 Good splits: 420
Reward: 48084.595877 Total splits: 431 Good splits: 387
Reward: 50159.3166516 Total splits: 409 Good splits: 356
Reward: 48527.4906128 Total splits: 434 Good splits: 381
Reward: 48591.0936677 Total splits: 469 Good splits: 406
Reward: 49274.1944495 Total splits: 435 Good splits: 381
Reward: 48176.3880628 Total splits: 424 Good splits: 373
Reward: 47929.3571142 Total splits: 440 Good splits: 395
Reward: 50613.0650863 Total splits: 490 Good splits: 449
Reward: 50149.7738795 Total splits: 428 Good splits: 379
Reward: 48360.4817923 Total splits: 436 Good splits: 384
Reward: 48679.4330387 Total splits: 437 Good splits: 374
Reward: 50845.0282892 Total splits: 463 Good splits: 410
Reward: 44898.4187706 Total splits: 450 Good splits: 406
Reward: 50032.6490821 Total splits: 439 Good splits: 385
Reward: 50218.537851 Total splits: 442 Good splits: 389
Reward: 50811.7370933 Total splits: 426 Good splits: 364
Reward: 45051.2175835 Total splits: 397 Good splits: 353
Reward: 49194.538801 Total splits: 461 Good splits: 409
Reward: 48756.3160318 Total splits: 438 Good splits: 392
Reward: 49563.895658 Total splits: 444 Good splits: 376
Reward: 47101.8292317 Total splits: 418 Good splits: 376
Reward: 47217.7483367 Total splits: 430 Good splits: 370
Reward: 45425.3864766 Total splits: 465 Good splits: 410
Reward: 50829.2778001 Total splits: 431 Good splits: 383
Reward: 47813.0703667 Total splits: 440 Good splits: 384
Reward: 48267.2962528 Total splits: 434 Good splits: 375
Reward: 49399.7377996 Total splits: 420 Good splits: 357
Reward: 48810.18266 Total splits: 445 Good splits: 398
Reward: 50531.2994303 Total splits: 411 Good splits: 360
Reward: 51046.8068911 Total splits: 433 Good splits: 384
Reward: 44862.0647937 Total splits: 444 Good splits: 393

Results after 50 tests
Average total rewards : 48888.4821841
Average total splits  : 440.5
Average good splits   : 386.02
Average good splits % : 87.6322360953

Reward: 49253.2257459 Total splits: 437 Good splits: 354
Reward: 49615.382357 Total splits: 433 Good splits: 384
Reward: 49066.6628135 Total splits: 475 Good splits: 421
Reward: 48293.9897618 Total splits: 439 Good splits: 381
Reward: 48931.6593901 Total splits: 448 Good splits: 390
Reward: 45774.3176976 Total splits: 437 Good splits: 380
Reward: 47461.3367842 Total splits: 442 Good splits: 381
Reward: 48945.0968665 Total splits: 450 Good splits: 394
Reward: 50878.3366106 Total splits: 433 Good splits: 378
Reward: 48128.3253227 Total splits: 450 Good splits: 384

Results after 10 tests
Average total rewards : 48634.833335
Average total splits  : 444.4
Average good splits   : 384.7
Average good splits % : 86.5661566157

Reward: 48802.031433 Total splits: 432 Good splits: 384
Reward: 50671.0806796 Total splits: 463 Good splits: 410
Reward: 46642.4514667 Total splits: 430 Good splits: 373
Reward: 46635.0998279 Total splits: 454 Good splits: 390
Reward: 45925.4297718 Total splits: 453 Good splits: 388
Reward: 48246.2274219 Total splits: 438 Good splits: 388
Reward: 50279.2499642 Total splits: 422 Good splits: 372
Reward: 49380.3818507 Total splits: 414 Good splits: 365
Reward: 47263.3370136 Total splits: 430 Good splits: 368
Reward: 50834.6398424 Total splits: 457 Good splits: 396

Results after 10 tests
Average total rewards : 48467.9929272
Average total splits  : 439.3
Average good splits   : 383.4
Average good splits % : 87.2752105623

Reward: 45466.702158 Total splits: 450 Good splits: 396
Reward: 48034.1057907 Total splits: 440 Good splits: 385
Reward: 50511.8718055 Total splits: 457 Good splits: 411
Reward: 50438.0325691 Total splits: 438 Good splits: 384
Reward: 50309.6601107 Total splits: 481 Good splits: 420
Reward: 49274.9393963 Total splits: 426 Good splits: 383
Reward: 47246.5942607 Total splits: 445 Good splits: 384
Reward: 50820.1399873 Total splits: 461 Good splits: 403
Reward: 48514.2605335 Total splits: 444 Good splits: 397
Reward: 47662.5528499 Total splits: 450 Good splits: 411
Reward: 48968.0447722 Total splits: 439 Good splits: 382
Reward: 47356.0808383 Total splits: 449 Good splits: 396
Reward: 42436.8263386 Total splits: 446 Good splits: 391
Reward: 49032.5065759 Total splits: 467 Good splits: 409
Reward: 49083.966015 Total splits: 402 Good splits: 341
Reward: 47724.5649063 Total splits: 426 Good splits: 365
Reward: 50554.7269089 Total splits: 472 Good splits: 413
Reward: 49360.7866259 Total splits: 403 Good splits: 357
Reward: 46301.6633078 Total splits: 432 Good splits: 365
Reward: 47609.3962487 Total splits: 426 Good splits: 390
Reward: 50905.3748301 Total splits: 464 Good splits: 412
Reward: 45827.2356284 Total splits: 466 Good splits: 427
Reward: 51165.3042959 Total splits: 440 Good splits: 391
Reward: 48534.7013119 Total splits: 457 Good splits: 388
Reward: 45113.2712984 Total splits: 421 Good splits: 374
Reward: 50597.0325863 Total splits: 438 Good splits: 388
Reward: 47103.9427543 Total splits: 455 Good splits: 399
Reward: 47984.1335448 Total splits: 437 Good splits: 385
Reward: 47121.2403226 Total splits: 443 Good splits: 389
Reward: 49849.8993791 Total splits: 441 Good splits: 385

Results after 30 tests
Average total rewards : 48363.6519317
Average total splits  : 443.866666667
Average good splits   : 390.7
Average good splits % : 88.0219285071

