Reward: 49922.3195062 Total splits: 236 Good splits: 234
Reward: 46989.7012141 Total splits: 234 Good splits: 223
Reward: 51229.571126 Total splits: 249 Good splits: 242
Reward: 45958.2580051 Total splits: 225 Good splits: 218
Reward: 47465.0100613 Total splits: 240 Good splits: 236
Reward: 43814.5585109 Total splits: 222 Good splits: 215
Reward: 48687.2910165 Total splits: 219 Good splits: 211
Reward: 49490.0311096 Total splits: 234 Good splits: 233
Reward: 49426.8246919 Total splits: 243 Good splits: 237
Reward: 42479.3808149 Total splits: 226 Good splits: 221
Reward: 48780.4964602 Total splits: 245 Good splits: 240
Reward: 45169.0591294 Total splits: 250 Good splits: 242
Reward: 46272.4583023 Total splits: 235 Good splits: 232
Reward: 48102.2632032 Total splits: 228 Good splits: 222
Reward: 46410.0862752 Total splits: 245 Good splits: 239
Reward: 49218.6624853 Total splits: 243 Good splits: 236
Reward: 45365.6405655 Total splits: 245 Good splits: 238
Reward: 48051.6963536 Total splits: 239 Good splits: 234
Reward: 49788.9863991 Total splits: 234 Good splits: 225
Reward: 48155.5469617 Total splits: 238 Good splits: 233
Reward: 48299.7187837 Total splits: 243 Good splits: 235
Reward: 48450.556425 Total splits: 246 Good splits: 240
Reward: 48304.5894319 Total splits: 225 Good splits: 223
Reward: 50035.76009 Total splits: 224 Good splits: 217
Reward: 49719.0217174 Total splits: 236 Good splits: 228
Reward: 47149.0584135 Total splits: 236 Good splits: 230
Reward: 47791.6797328 Total splits: 227 Good splits: 222
Reward: 47320.7380968 Total splits: 234 Good splits: 229
Reward: 49250.7229701 Total splits: 241 Good splits: 236
Reward: 47441.9475412 Total splits: 241 Good splits: 238
Reward: 48236.4992899 Total splits: 249 Good splits: 241
Reward: 48089.835698 Total splits: 217 Good splits: 210
Reward: 48644.7431472 Total splits: 233 Good splits: 226
Reward: 49659.4303991 Total splits: 239 Good splits: 230
Reward: 45648.0159411 Total splits: 234 Good splits: 228
Reward: 48657.1804514 Total splits: 231 Good splits: 227
Reward: 48838.1520969 Total splits: 225 Good splits: 218
Reward: 49307.9648931 Total splits: 250 Good splits: 240
Reward: 46318.2596266 Total splits: 239 Good splits: 228
Reward: 49249.4368988 Total splits: 243 Good splits: 237
Reward: 49404.8430381 Total splits: 231 Good splits: 216
Reward: 49296.9523718 Total splits: 233 Good splits: 226
Reward: 47617.0118916 Total splits: 246 Good splits: 238
Reward: 42616.9615524 Total splits: 231 Good splits: 226
Reward: 50979.4050953 Total splits: 243 Good splits: 236
Reward: 45773.368494 Total splits: 240 Good splits: 234
Reward: 47619.7418095 Total splits: 242 Good splits: 239
Reward: 46817.0490953 Total splits: 225 Good splits: 220
Reward: 48954.5281675 Total splits: 224 Good splits: 218
Reward: 49727.0340946 Total splits: 229 Good splits: 225
Reward: 49156.6464858 Total splits: 234 Good splits: 230
Reward: 48849.7058376 Total splits: 242 Good splits: 237
Reward: 50779.4953633 Total splits: 234 Good splits: 230
Reward: 46496.7432427 Total splits: 243 Good splits: 237
Reward: 48095.7053591 Total splits: 235 Good splits: 231
Reward: 49792.3548044 Total splits: 246 Good splits: 237
Reward: 48767.2829267 Total splits: 250 Good splits: 243
Reward: 47778.3293946 Total splits: 220 Good splits: 214
Reward: 46865.0237854 Total splits: 245 Good splits: 236
Reward: 49181.7864527 Total splits: 230 Good splits: 223
Reward: 49084.7165877 Total splits: 215 Good splits: 209
Reward: 45400.1973583 Total splits: 227 Good splits: 219
Reward: 48536.6209279 Total splits: 237 Good splits: 226
Reward: 45533.3041783 Total splits: 242 Good splits: 229
Reward: 47472.3550906 Total splits: 243 Good splits: 232
Reward: 50594.4727354 Total splits: 227 Good splits: 219
Reward: 48027.5163259 Total splits: 232 Good splits: 227
Reward: 48732.6010449 Total splits: 234 Good splits: 224
Reward: 47649.2977664 Total splits: 236 Good splits: 228
Reward: 44546.7810754 Total splits: 232 Good splits: 229
Reward: 49154.6891167 Total splits: 244 Good splits: 236
Reward: 43565.3640014 Total splits: 238 Good splits: 233
Reward: 48938.2750584 Total splits: 235 Good splits: 231
Reward: 49384.8762876 Total splits: 250 Good splits: 244
Reward: 49675.5930023 Total splits: 244 Good splits: 240
Reward: 49993.0613716 Total splits: 249 Good splits: 237
Reward: 49003.8708461 Total splits: 231 Good splits: 224
Reward: 49121.3543663 Total splits: 222 Good splits: 215
Reward: 46875.0837876 Total splits: 244 Good splits: 239
Reward: 46077.2693056 Total splits: 240 Good splits: 232
Reward: 43986.6879681 Total splits: 240 Good splits: 236
Reward: 48108.3170601 Total splits: 235 Good splits: 224
Reward: 50159.01874 Total splits: 238 Good splits: 231
Reward: 49560.2254169 Total splits: 231 Good splits: 224
Reward: 44601.0684811 Total splits: 243 Good splits: 237
Reward: 47463.6223429 Total splits: 227 Good splits: 221
Reward: 47618.2928568 Total splits: 244 Good splits: 237
Reward: 43751.0733991 Total splits: 250 Good splits: 243
Reward: 49099.0982936 Total splits: 242 Good splits: 234
Reward: 49184.6786824 Total splits: 228 Good splits: 222
Reward: 45710.691566 Total splits: 245 Good splits: 235
Reward: 48620.4554197 Total splits: 231 Good splits: 224
Reward: 47955.5314288 Total splits: 214 Good splits: 206
Reward: 49858.8210128 Total splits: 242 Good splits: 235
Reward: 46993.1990847 Total splits: 219 Good splits: 213
Reward: 49707.9607721 Total splits: 231 Good splits: 216
Reward: 49124.4593004 Total splits: 237 Good splits: 230
Reward: 49238.2534168 Total splits: 238 Good splits: 233
Reward: 48214.2782066 Total splits: 237 Good splits: 231
Reward: 47926.8154099 Total splits: 241 Good splits: 238

Results after 100 tests
Average total rewards : 47960.1097219
Average total splits  : 236.01
Average good splits   : 229.33
Average good splits % : 97.1696114571

Reward: 47618.0783006 Total splits: 219 Good splits: 214
Reward: 49446.0905432 Total splits: 239 Good splits: 224
Reward: 48550.2896868 Total splits: 216 Good splits: 208
Reward: 49815.4771225 Total splits: 239 Good splits: 235
Reward: 46772.565296 Total splits: 241 Good splits: 234
Reward: 48663.5617419 Total splits: 253 Good splits: 244
Reward: 48670.6690317 Total splits: 249 Good splits: 243
Reward: 47907.5626209 Total splits: 228 Good splits: 220
Reward: 48140.9954715 Total splits: 237 Good splits: 232
Reward: 44080.0741568 Total splits: 244 Good splits: 236
Reward: 45095.5303385 Total splits: 231 Good splits: 225
Reward: 47786.6355175 Total splits: 250 Good splits: 244
Reward: 50233.743203 Total splits: 240 Good splits: 237
Reward: 50818.8479836 Total splits: 211 Good splits: 208
Reward: 48319.528264 Total splits: 218 Good splits: 209
Reward: 44541.4293964 Total splits: 227 Good splits: 223
Reward: 49143.8975831 Total splits: 227 Good splits: 223
Reward: 49749.2532011 Total splits: 250 Good splits: 243
Reward: 45613.8349408 Total splits: 242 Good splits: 237
Reward: 48841.2329963 Total splits: 226 Good splits: 210
Reward: 50255.2185118 Total splits: 219 Good splits: 212
Reward: 47689.1597489 Total splits: 239 Good splits: 233
Reward: 46991.7883093 Total splits: 242 Good splits: 228
Reward: 48584.1153077 Total splits: 242 Good splits: 237
Reward: 47338.2302349 Total splits: 237 Good splits: 227
Reward: 47480.653475 Total splits: 225 Good splits: 219
Reward: 47242.4461725 Total splits: 250 Good splits: 241
Reward: 49902.3176807 Total splits: 230 Good splits: 226
Reward: 50044.7262676 Total splits: 239 Good splits: 231
Reward: 45281.4950898 Total splits: 215 Good splits: 210
Reward: 49614.0278606 Total splits: 232 Good splits: 229
Reward: 47317.8191641 Total splits: 244 Good splits: 235
Reward: 49469.27603 Total splits: 230 Good splits: 223
Reward: 50010.183758 Total splits: 222 Good splits: 215
Reward: 48416.0911384 Total splits: 225 Good splits: 220
Reward: 49863.3117206 Total splits: 241 Good splits: 234
Reward: 48997.3135695 Total splits: 226 Good splits: 214
Reward: 48966.1180981 Total splits: 231 Good splits: 227
Reward: 49465.7353194 Total splits: 250 Good splits: 242
Reward: 50485.4936173 Total splits: 224 Good splits: 218
Reward: 48159.1948601 Total splits: 246 Good splits: 243
Reward: 45812.0930555 Total splits: 232 Good splits: 221
Reward: 46054.0474487 Total splits: 228 Good splits: 222
Reward: 50220.6229518 Total splits: 221 Good splits: 213
Reward: 47567.2855535 Total splits: 228 Good splits: 224
Reward: 46607.7520887 Total splits: 231 Good splits: 224
Reward: 50082.8198129 Total splits: 244 Good splits: 238
Reward: 48605.8146925 Total splits: 260 Good splits: 255
Reward: 49620.0396613 Total splits: 246 Good splits: 243
Reward: 49394.9541128 Total splits: 247 Good splits: 239

Results after 50 tests
Average total rewards : 48306.9888542
Average total splits  : 234.66
Average good splits   : 227.84
Average good splits % : 97.0936674337

Reward: 49395.4770805 Total splits: 236 Good splits: 226
Reward: 49515.0352636 Total splits: 232 Good splits: 226
Reward: 50379.691317 Total splits: 238 Good splits: 223
Reward: 46489.3972127 Total splits: 244 Good splits: 237
Reward: 42196.930438 Total splits: 242 Good splits: 236
Reward: 50533.7122567 Total splits: 249 Good splits: 242
Reward: 49221.264352 Total splits: 226 Good splits: 219
Reward: 46247.3918461 Total splits: 231 Good splits: 225
Reward: 49952.1016385 Total splits: 231 Good splits: 226
Reward: 46946.3074226 Total splits: 230 Good splits: 223

Results after 10 tests
Average total rewards : 48087.7308828
Average total splits  : 235.9
Average good splits   : 228.3
Average good splits % : 96.7782958881

Reward: 47887.7560971 Total splits: 240 Good splits: 237
Reward: 50158.610734 Total splits: 231 Good splits: 225
Reward: 47247.1181256 Total splits: 234 Good splits: 224
Reward: 48009.2563412 Total splits: 236 Good splits: 233
Reward: 48166.1222554 Total splits: 243 Good splits: 239
Reward: 49030.8879771 Total splits: 240 Good splits: 234
Reward: 48577.9604108 Total splits: 242 Good splits: 236
Reward: 48876.0056572 Total splits: 235 Good splits: 230
Reward: 48443.6592456 Total splits: 212 Good splits: 208
Reward: 48879.6657708 Total splits: 230 Good splits: 228

Results after 10 tests
Average total rewards : 48527.7042615
Average total splits  : 234.3
Average good splits   : 229.4
Average good splits % : 97.9086641058

Reward: 46840.7868649 Total splits: 232 Good splits: 221
Reward: 49472.8632517 Total splits: 246 Good splits: 236
Reward: 50142.3309143 Total splits: 250 Good splits: 246
Reward: 45854.8040301 Total splits: 236 Good splits: 231
Reward: 44746.449563 Total splits: 233 Good splits: 229
Reward: 48052.5265865 Total splits: 237 Good splits: 230
Reward: 48045.2165196 Total splits: 240 Good splits: 231
Reward: 49046.7278473 Total splits: 240 Good splits: 234
Reward: 47146.8236148 Total splits: 237 Good splits: 232
Reward: 48417.4189193 Total splits: 236 Good splits: 226
Reward: 49261.0895844 Total splits: 214 Good splits: 211
Reward: 49518.5217692 Total splits: 240 Good splits: 236
Reward: 49123.1371926 Total splits: 252 Good splits: 244
Reward: 49205.9240678 Total splits: 222 Good splits: 211
Reward: 50679.928592 Total splits: 248 Good splits: 239
Reward: 48348.2326205 Total splits: 224 Good splits: 218
Reward: 45520.7491217 Total splits: 243 Good splits: 235
Reward: 45478.3519195 Total splits: 243 Good splits: 238
Reward: 45098.7995989 Total splits: 246 Good splits: 239
Reward: 49681.0808148 Total splits: 211 Good splits: 208
Reward: 46018.8341899 Total splits: 214 Good splits: 206
Reward: 49401.0981767 Total splits: 242 Good splits: 235
Reward: 46332.3064956 Total splits: 246 Good splits: 239
Reward: 47815.3982443 Total splits: 252 Good splits: 242
Reward: 48519.1202862 Total splits: 237 Good splits: 231
Reward: 48132.8915159 Total splits: 240 Good splits: 235
Reward: 50134.0764856 Total splits: 234 Good splits: 226
Reward: 51287.0677195 Total splits: 243 Good splits: 239
Reward: 46929.5752248 Total splits: 230 Good splits: 221
Reward: 46704.420094 Total splits: 241 Good splits: 233

Results after 30 tests
Average total rewards : 48031.8850608
Average total splits  : 236.966666667
Average good splits   : 230.066666667
Average good splits % : 97.0881980588

