Reward: 48811.5726692 Total splits: 255 Good splits: 247
Reward: 48671.8296165 Total splits: 258 Good splits: 253
Reward: 48105.2080037 Total splits: 248 Good splits: 238
Reward: 47027.9948772 Total splits: 247 Good splits: 238
Reward: 49708.9650943 Total splits: 260 Good splits: 251
Reward: 49381.7686788 Total splits: 255 Good splits: 244
Reward: 48091.1899136 Total splits: 253 Good splits: 246
Reward: 49644.3943666 Total splits: 261 Good splits: 254
Reward: 45821.3395183 Total splits: 241 Good splits: 233
Reward: 47006.8105477 Total splits: 271 Good splits: 263
Reward: 46673.2087339 Total splits: 276 Good splits: 273
Reward: 49873.6520779 Total splits: 257 Good splits: 251
Reward: 48705.4123233 Total splits: 246 Good splits: 240
Reward: 49602.0765406 Total splits: 242 Good splits: 237
Reward: 48144.1697185 Total splits: 249 Good splits: 246
Reward: 48831.3610665 Total splits: 235 Good splits: 224
Reward: 49959.1346504 Total splits: 240 Good splits: 233
Reward: 50622.095903 Total splits: 241 Good splits: 237
Reward: 48508.268877 Total splits: 254 Good splits: 246
Reward: 48791.2063334 Total splits: 264 Good splits: 251
Reward: 47791.3888651 Total splits: 262 Good splits: 251
Reward: 47628.5578252 Total splits: 273 Good splits: 256
Reward: 49232.5997538 Total splits: 254 Good splits: 249
Reward: 47614.1076847 Total splits: 262 Good splits: 258
Reward: 47283.7236175 Total splits: 251 Good splits: 242
Reward: 49869.4294214 Total splits: 255 Good splits: 247
Reward: 48928.9460172 Total splits: 232 Good splits: 224
Reward: 46845.9434159 Total splits: 277 Good splits: 269
Reward: 47390.2830771 Total splits: 265 Good splits: 261
Reward: 49389.4726642 Total splits: 256 Good splits: 251
Reward: 49415.6291211 Total splits: 264 Good splits: 253
Reward: 48302.9161286 Total splits: 256 Good splits: 247
Reward: 50481.4898677 Total splits: 258 Good splits: 250
Reward: 49908.3701512 Total splits: 261 Good splits: 253
Reward: 46383.0656107 Total splits: 269 Good splits: 260
Reward: 49027.4684851 Total splits: 268 Good splits: 262
Reward: 48079.8673112 Total splits: 248 Good splits: 239
Reward: 49597.0100043 Total splits: 252 Good splits: 243
Reward: 49951.2799091 Total splits: 244 Good splits: 238
Reward: 46838.1763777 Total splits: 254 Good splits: 247
Reward: 50880.0341994 Total splits: 252 Good splits: 243
Reward: 48765.5884539 Total splits: 254 Good splits: 244
Reward: 50035.2370041 Total splits: 268 Good splits: 256
Reward: 48026.0525658 Total splits: 235 Good splits: 229
Reward: 45819.8181387 Total splits: 248 Good splits: 243
Reward: 48182.195738 Total splits: 256 Good splits: 245
Reward: 50295.0878113 Total splits: 260 Good splits: 254
Reward: 48904.5824638 Total splits: 241 Good splits: 231
Reward: 49118.6443863 Total splits: 246 Good splits: 240
Reward: 45207.8619475 Total splits: 255 Good splits: 240
Reward: 50683.0882283 Total splits: 261 Good splits: 255
Reward: 48675.0860662 Total splits: 262 Good splits: 256
Reward: 49264.4599072 Total splits: 250 Good splits: 245
Reward: 46777.369721 Total splits: 249 Good splits: 241
Reward: 48847.531318 Total splits: 259 Good splits: 249
Reward: 50070.2398073 Total splits: 235 Good splits: 229
Reward: 49635.7891138 Total splits: 256 Good splits: 248
Reward: 50450.9229485 Total splits: 257 Good splits: 241
Reward: 45207.7101555 Total splits: 260 Good splits: 255
Reward: 47060.2042246 Total splits: 256 Good splits: 249
Reward: 48364.5194914 Total splits: 246 Good splits: 241
Reward: 48487.0931962 Total splits: 271 Good splits: 262
Reward: 47013.8316599 Total splits: 251 Good splits: 246
Reward: 42737.2370359 Total splits: 243 Good splits: 238
Reward: 49448.2362154 Total splits: 245 Good splits: 242
Reward: 47806.5725201 Total splits: 254 Good splits: 242
Reward: 48386.5680373 Total splits: 246 Good splits: 232
Reward: 50224.2483969 Total splits: 256 Good splits: 251
Reward: 48775.9510885 Total splits: 231 Good splits: 223
Reward: 47684.8570528 Total splits: 255 Good splits: 252
Reward: 49564.5245586 Total splits: 249 Good splits: 241
Reward: 47762.4222687 Total splits: 240 Good splits: 231
Reward: 45922.7500284 Total splits: 252 Good splits: 241
Reward: 47097.3150972 Total splits: 260 Good splits: 254
Reward: 49132.9007115 Total splits: 246 Good splits: 236
Reward: 46006.1307502 Total splits: 259 Good splits: 253
Reward: 49358.5847244 Total splits: 255 Good splits: 251
Reward: 51123.9700074 Total splits: 266 Good splits: 257
Reward: 45090.1042645 Total splits: 264 Good splits: 254
Reward: 48168.0606436 Total splits: 255 Good splits: 243
Reward: 46745.2810844 Total splits: 268 Good splits: 261
Reward: 46049.2947404 Total splits: 239 Good splits: 234
Reward: 49821.1580466 Total splits: 246 Good splits: 241
Reward: 43232.9971952 Total splits: 252 Good splits: 246
Reward: 49091.2736933 Total splits: 266 Good splits: 256
Reward: 47515.6451817 Total splits: 264 Good splits: 251
Reward: 46863.9262707 Total splits: 243 Good splits: 238
Reward: 50042.4111444 Total splits: 261 Good splits: 251
Reward: 49748.8029934 Total splits: 252 Good splits: 243
Reward: 46320.3169216 Total splits: 249 Good splits: 239
Reward: 45886.7827347 Total splits: 260 Good splits: 248
Reward: 45416.967661 Total splits: 262 Good splits: 251
Reward: 47569.9667234 Total splits: 243 Good splits: 236
Reward: 46291.8499021 Total splits: 247 Good splits: 238
Reward: 46173.4485423 Total splits: 271 Good splits: 263
Reward: 50315.5779542 Total splits: 258 Good splits: 256
Reward: 50320.6934677 Total splits: 261 Good splits: 252
Reward: 48772.6450695 Total splits: 242 Good splits: 233
Reward: 46977.6156405 Total splits: 255 Good splits: 246
Reward: 47843.1996801 Total splits: 252 Good splits: 245

Results after 100 tests
Average total rewards : 48230.0462141
Average total splits  : 254.09
Average good splits   : 246.16
Average good splits % : 96.8790586013

Reward: 49488.6940915 Total splits: 241 Good splits: 236
Reward: 48369.8777037 Total splits: 242 Good splits: 229
Reward: 47127.2989596 Total splits: 259 Good splits: 253
Reward: 48570.7530069 Total splits: 245 Good splits: 239
Reward: 47219.1015212 Total splits: 253 Good splits: 243
Reward: 49019.5201982 Total splits: 248 Good splits: 244
Reward: 49988.312556 Total splits: 253 Good splits: 244
Reward: 48439.074785 Total splits: 249 Good splits: 239
Reward: 46809.8903745 Total splits: 249 Good splits: 245
Reward: 46426.6579086 Total splits: 261 Good splits: 252
Reward: 48836.1739329 Total splits: 268 Good splits: 259
Reward: 49598.1790551 Total splits: 275 Good splits: 263
Reward: 46782.5582941 Total splits: 260 Good splits: 253
Reward: 41850.9699237 Total splits: 271 Good splits: 265
Reward: 48322.9112876 Total splits: 269 Good splits: 261
Reward: 48944.403184 Total splits: 249 Good splits: 243
Reward: 50824.9387196 Total splits: 242 Good splits: 233
Reward: 45758.0790038 Total splits: 247 Good splits: 239
Reward: 47975.0278759 Total splits: 251 Good splits: 247
Reward: 49147.2930692 Total splits: 247 Good splits: 244
Reward: 50286.075926 Total splits: 259 Good splits: 253
Reward: 50365.5338722 Total splits: 255 Good splits: 248
Reward: 48085.0581799 Total splits: 237 Good splits: 234
Reward: 48607.9860162 Total splits: 236 Good splits: 230
Reward: 46892.1231329 Total splits: 272 Good splits: 262
Reward: 48077.9645915 Total splits: 265 Good splits: 258
Reward: 48213.9651439 Total splits: 264 Good splits: 258
Reward: 51235.6403861 Total splits: 265 Good splits: 252
Reward: 49455.7186436 Total splits: 242 Good splits: 234
Reward: 47881.0839546 Total splits: 254 Good splits: 245
Reward: 46256.950985 Total splits: 255 Good splits: 246
Reward: 45584.8616559 Total splits: 249 Good splits: 241
Reward: 48952.8552068 Total splits: 265 Good splits: 256
Reward: 48260.7714385 Total splits: 274 Good splits: 266
Reward: 48667.1836795 Total splits: 232 Good splits: 217
Reward: 48882.1461333 Total splits: 245 Good splits: 230
Reward: 49465.4117123 Total splits: 247 Good splits: 238
Reward: 50179.0679242 Total splits: 262 Good splits: 259
Reward: 48524.8060978 Total splits: 262 Good splits: 252
Reward: 48266.1851726 Total splits: 253 Good splits: 246
Reward: 49858.2821589 Total splits: 253 Good splits: 246
Reward: 44343.5089396 Total splits: 254 Good splits: 248
Reward: 49963.530838 Total splits: 258 Good splits: 246
Reward: 50279.8136717 Total splits: 255 Good splits: 251
Reward: 46061.6328622 Total splits: 261 Good splits: 248
Reward: 49107.2787869 Total splits: 257 Good splits: 246
Reward: 49796.0721123 Total splits: 259 Good splits: 255
Reward: 45245.1133062 Total splits: 250 Good splits: 246
Reward: 48416.0375618 Total splits: 240 Good splits: 234
Reward: 44952.4477422 Total splits: 264 Good splits: 255

Results after 50 tests
Average total rewards : 48193.2964657
Average total splits  : 254.46
Average good splits   : 246.62
Average good splits % : 96.9189656528

Reward: 50866.8387329 Total splits: 247 Good splits: 240
Reward: 48243.2522168 Total splits: 250 Good splits: 240
Reward: 49333.6959061 Total splits: 231 Good splits: 217
Reward: 50141.5082767 Total splits: 254 Good splits: 245
Reward: 49795.6253061 Total splits: 262 Good splits: 251
Reward: 48914.4071836 Total splits: 254 Good splits: 246
Reward: 46230.1062652 Total splits: 269 Good splits: 259
Reward: 47599.4403252 Total splits: 231 Good splits: 224
Reward: 48619.3323799 Total splits: 267 Good splits: 262
Reward: 50051.197971 Total splits: 263 Good splits: 248

Results after 10 tests
Average total rewards : 48979.5404564
Average total splits  : 252.8
Average good splits   : 243.2
Average good splits % : 96.2025316456

Reward: 50737.6846844 Total splits: 265 Good splits: 254
Reward: 48732.5741892 Total splits: 243 Good splits: 237
Reward: 48421.0905307 Total splits: 263 Good splits: 253
Reward: 50404.7755902 Total splits: 260 Good splits: 250
Reward: 48222.2736122 Total splits: 249 Good splits: 243
Reward: 48765.3727736 Total splits: 240 Good splits: 230
Reward: 48085.9313222 Total splits: 258 Good splits: 245
Reward: 48806.9748108 Total splits: 247 Good splits: 240
Reward: 49271.3391555 Total splits: 246 Good splits: 238
Reward: 45765.1567856 Total splits: 238 Good splits: 232

Results after 10 tests
Average total rewards : 48721.3173454
Average total splits  : 250.9
Average good splits   : 242.2
Average good splits % : 96.532483061

Reward: 45557.5957845 Total splits: 257 Good splits: 253
Reward: 50757.2376395 Total splits: 243 Good splits: 231
Reward: 51185.9455879 Total splits: 262 Good splits: 254
Reward: 48511.9723824 Total splits: 245 Good splits: 236
Reward: 48486.9902425 Total splits: 268 Good splits: 259
Reward: 49017.4803001 Total splits: 248 Good splits: 234
Reward: 47115.3297856 Total splits: 261 Good splits: 253
Reward: 47604.4932431 Total splits: 243 Good splits: 236
Reward: 48142.6696057 Total splits: 250 Good splits: 245
Reward: 49664.7045618 Total splits: 255 Good splits: 241
Reward: 48487.7072367 Total splits: 232 Good splits: 222
Reward: 47400.1482976 Total splits: 250 Good splits: 244
Reward: 50908.006356 Total splits: 292 Good splits: 285
Reward: 48891.1697353 Total splits: 262 Good splits: 249
Reward: 49660.3896284 Total splits: 250 Good splits: 238
Reward: 49636.0178247 Total splits: 257 Good splits: 250
Reward: 46735.7970799 Total splits: 239 Good splits: 235
Reward: 47004.6037583 Total splits: 247 Good splits: 235
Reward: 50221.1364237 Total splits: 244 Good splits: 238
Reward: 42965.3949646 Total splits: 259 Good splits: 252
Reward: 47992.4122491 Total splits: 247 Good splits: 241
Reward: 47463.846745 Total splits: 257 Good splits: 243
Reward: 48304.8656805 Total splits: 250 Good splits: 244
Reward: 49944.9924215 Total splits: 268 Good splits: 262
Reward: 49424.485574 Total splits: 258 Good splits: 252
Reward: 47594.6569421 Total splits: 231 Good splits: 222
Reward: 49994.5832308 Total splits: 263 Good splits: 258
Reward: 45062.5241798 Total splits: 257 Good splits: 252
Reward: 45382.7204863 Total splits: 250 Good splits: 240
Reward: 47717.0029188 Total splits: 244 Good splits: 235

Results after 30 tests
Average total rewards : 48227.8960289
Average total splits  : 252.966666667
Average good splits   : 244.633333333
Average good splits % : 96.7057583344

