Reward: 46063.4105312 Total splits: 273 Good splits: 259
Reward: 50162.518737 Total splits: 282 Good splits: 275
Reward: 50682.3163938 Total splits: 280 Good splits: 269
Reward: 51667.8906575 Total splits: 262 Good splits: 250
Reward: 45779.9906015 Total splits: 271 Good splits: 262
Reward: 51239.0377181 Total splits: 243 Good splits: 230
Reward: 49465.5436188 Total splits: 266 Good splits: 249
Reward: 48802.7365414 Total splits: 268 Good splits: 255
Reward: 49683.9213795 Total splits: 290 Good splits: 284
Reward: 47529.492508 Total splits: 255 Good splits: 249
Reward: 46280.4814831 Total splits: 225 Good splits: 216
Reward: 45770.052473 Total splits: 260 Good splits: 246
Reward: 46893.8281615 Total splits: 263 Good splits: 251
Reward: 49681.4195484 Total splits: 282 Good splits: 274
Reward: 44301.8068978 Total splits: 267 Good splits: 258
Reward: 49039.3091093 Total splits: 269 Good splits: 259
Reward: 50844.2357837 Total splits: 276 Good splits: 268
Reward: 44823.2757224 Total splits: 251 Good splits: 243
Reward: 47902.1228201 Total splits: 265 Good splits: 250
Reward: 49492.689536 Total splits: 285 Good splits: 275
Reward: 50952.2781114 Total splits: 270 Good splits: 263
Reward: 43719.6259617 Total splits: 245 Good splits: 236
Reward: 49423.7108614 Total splits: 290 Good splits: 284
Reward: 47611.2682279 Total splits: 239 Good splits: 229
Reward: 49964.0476367 Total splits: 256 Good splits: 242
Reward: 49936.6223478 Total splits: 256 Good splits: 247
Reward: 49068.1379792 Total splits: 277 Good splits: 267
Reward: 49219.016159 Total splits: 255 Good splits: 246
Reward: 47869.1572761 Total splits: 258 Good splits: 251
Reward: 47801.5537597 Total splits: 234 Good splits: 228
Reward: 42576.3116869 Total splits: 259 Good splits: 243
Reward: 49794.2420855 Total splits: 265 Good splits: 259
Reward: 50403.686321 Total splits: 278 Good splits: 271
Reward: 48976.8985143 Total splits: 279 Good splits: 266
Reward: 43030.4096254 Total splits: 270 Good splits: 257
Reward: 46707.804091 Total splits: 272 Good splits: 265
Reward: 47845.8291616 Total splits: 244 Good splits: 232
Reward: 50549.5955165 Total splits: 259 Good splits: 254
Reward: 49512.465542 Total splits: 275 Good splits: 269
Reward: 50706.3565193 Total splits: 265 Good splits: 251
Reward: 44953.7116436 Total splits: 252 Good splits: 244
Reward: 45949.748213 Total splits: 271 Good splits: 265
Reward: 47975.4824508 Total splits: 256 Good splits: 245
Reward: 48504.780683 Total splits: 270 Good splits: 260
Reward: 48433.85638 Total splits: 278 Good splits: 268
Reward: 49513.5553569 Total splits: 268 Good splits: 259
Reward: 50418.0502234 Total splits: 259 Good splits: 251
Reward: 44239.8661734 Total splits: 267 Good splits: 258
Reward: 49709.4918044 Total splits: 267 Good splits: 254
Reward: 40020.7122383 Total splits: 267 Good splits: 262
Reward: 45094.8839236 Total splits: 247 Good splits: 232
Reward: 45750.595806 Total splits: 248 Good splits: 237
Reward: 46989.4136612 Total splits: 268 Good splits: 265
Reward: 44153.8049265 Total splits: 260 Good splits: 244
Reward: 48528.0458261 Total splits: 282 Good splits: 273
Reward: 45481.7256438 Total splits: 259 Good splits: 253
Reward: 49322.6983575 Total splits: 275 Good splits: 267
Reward: 50780.9066491 Total splits: 252 Good splits: 240
Reward: 51470.6507061 Total splits: 278 Good splits: 263
Reward: 46047.8590386 Total splits: 250 Good splits: 240
Reward: 41339.6145775 Total splits: 251 Good splits: 239
Reward: 48313.5954695 Total splits: 240 Good splits: 229
Reward: 44974.8078182 Total splits: 262 Good splits: 252
Reward: 49430.6955994 Total splits: 268 Good splits: 261
Reward: 45120.4367827 Total splits: 268 Good splits: 261
Reward: 45401.4998373 Total splits: 263 Good splits: 253
Reward: 45147.143797 Total splits: 256 Good splits: 244
Reward: 46990.1175759 Total splits: 256 Good splits: 249
Reward: 45334.8005845 Total splits: 271 Good splits: 258
Reward: 50188.040118 Total splits: 272 Good splits: 263
Reward: 50686.6649499 Total splits: 255 Good splits: 243
Reward: 50535.66407 Total splits: 280 Good splits: 269
Reward: 48274.5917567 Total splits: 259 Good splits: 250
Reward: 46096.326806 Total splits: 269 Good splits: 257
Reward: 49327.8110812 Total splits: 252 Good splits: 245
Reward: 46885.8329314 Total splits: 262 Good splits: 251
Reward: 50462.5701269 Total splits: 265 Good splits: 256
Reward: 50380.5949844 Total splits: 250 Good splits: 238
Reward: 45127.3861321 Total splits: 248 Good splits: 240
Reward: 49959.8958681 Total splits: 245 Good splits: 239
Reward: 48124.7559482 Total splits: 261 Good splits: 248
Reward: 42003.4245309 Total splits: 275 Good splits: 262
Reward: 50150.4029774 Total splits: 272 Good splits: 261
Reward: 49776.0654985 Total splits: 258 Good splits: 253
Reward: 46533.0224942 Total splits: 291 Good splits: 285
Reward: 49050.1042414 Total splits: 261 Good splits: 257
Reward: 47102.7840659 Total splits: 278 Good splits: 262
Reward: 49201.6067184 Total splits: 254 Good splits: 245
Reward: 48866.8215766 Total splits: 255 Good splits: 239
Reward: 49936.8146299 Total splits: 295 Good splits: 289
Reward: 48990.4746474 Total splits: 284 Good splits: 281
Reward: 42988.8386858 Total splits: 265 Good splits: 260
Reward: 50533.2904332 Total splits: 265 Good splits: 254
Reward: 49024.3456639 Total splits: 274 Good splits: 260
Reward: 48487.1599614 Total splits: 248 Good splits: 236
Reward: 50815.8136161 Total splits: 274 Good splits: 263
Reward: 48057.109989 Total splits: 271 Good splits: 255
Reward: 50572.8349299 Total splits: 272 Good splits: 259
Reward: 44280.5474111 Total splits: 276 Good splits: 268
Reward: 44284.8576207 Total splits: 265 Good splits: 251

Results after 100 tests
Average total rewards : 47838.7410382
Average total splits  : 264.39
Average good splits   : 254.47
Average good splits % : 96.2479670184

Reward: 49579.9580092 Total splits: 262 Good splits: 248
Reward: 47542.0770978 Total splits: 281 Good splits: 274
Reward: 48578.8536181 Total splits: 256 Good splits: 244
Reward: 48769.0859715 Total splits: 266 Good splits: 261
Reward: 49852.9311061 Total splits: 263 Good splits: 247
Reward: 51486.0259025 Total splits: 241 Good splits: 233
Reward: 50346.5459851 Total splits: 244 Good splits: 237
Reward: 47503.4450877 Total splits: 272 Good splits: 257
Reward: 46015.2953498 Total splits: 273 Good splits: 266
Reward: 45005.4870697 Total splits: 239 Good splits: 228
Reward: 47792.2714076 Total splits: 253 Good splits: 242
Reward: 41495.6285232 Total splits: 255 Good splits: 246
Reward: 50306.228027 Total splits: 259 Good splits: 251
Reward: 50400.1146949 Total splits: 248 Good splits: 232
Reward: 40198.1116818 Total splits: 253 Good splits: 238
Reward: 49135.3204178 Total splits: 254 Good splits: 243
Reward: 40825.3470258 Total splits: 263 Good splits: 256
Reward: 51830.3501868 Total splits: 278 Good splits: 274
Reward: 51346.0188247 Total splits: 249 Good splits: 241
Reward: 48798.1088174 Total splits: 258 Good splits: 247
Reward: 42728.0643252 Total splits: 254 Good splits: 247
Reward: 49325.9739352 Total splits: 242 Good splits: 230
Reward: 48839.9879191 Total splits: 274 Good splits: 262
Reward: 50237.3399796 Total splits: 262 Good splits: 253
Reward: 50181.6295423 Total splits: 266 Good splits: 257
Reward: 49940.9928777 Total splits: 267 Good splits: 259
Reward: 46611.7510259 Total splits: 239 Good splits: 232
Reward: 45438.3901871 Total splits: 242 Good splits: 231
Reward: 49932.5639954 Total splits: 274 Good splits: 262
Reward: 48082.2077264 Total splits: 278 Good splits: 267
Reward: 48390.2817858 Total splits: 275 Good splits: 266
Reward: 43146.3416226 Total splits: 241 Good splits: 232
Reward: 49465.833092 Total splits: 283 Good splits: 271
Reward: 47809.0393398 Total splits: 257 Good splits: 242
Reward: 48581.7856664 Total splits: 281 Good splits: 266
Reward: 43277.7967707 Total splits: 263 Good splits: 255
Reward: 46502.786572 Total splits: 271 Good splits: 264
Reward: 49508.396496 Total splits: 234 Good splits: 230
Reward: 47329.406071 Total splits: 260 Good splits: 255
Reward: 44046.3463499 Total splits: 274 Good splits: 261
Reward: 43458.5201125 Total splits: 271 Good splits: 262
Reward: 49758.7874827 Total splits: 254 Good splits: 239
Reward: 46646.9407855 Total splits: 259 Good splits: 249
Reward: 47516.9994194 Total splits: 257 Good splits: 246
Reward: 48698.2717045 Total splits: 258 Good splits: 242
Reward: 49108.8534991 Total splits: 260 Good splits: 251
Reward: 48601.7347064 Total splits: 246 Good splits: 238
Reward: 50769.8041868 Total splits: 282 Good splits: 272
Reward: 45083.1015658 Total splits: 272 Good splits: 266
Reward: 44225.674752 Total splits: 261 Good splits: 245
Reward: 49301.9707649 Total splits: 269 Good splits: 259
Reward: 47640.8589951 Total splits: 273 Good splits: 262
Reward: 50168.5958248 Total splits: 254 Good splits: 246
Reward: 50835.3399169 Total splits: 269 Good splits: 260
Reward: 50635.0313312 Total splits: 278 Good splits: 269
Reward: 48478.872898 Total splits: 257 Good splits: 252
Reward: 51263.0916151 Total splits: 267 Good splits: 261
Reward: 49222.6296768 Total splits: 233 Good splits: 227
Reward: 46771.669149 Total splits: 266 Good splits: 257
Reward: 50069.6313265 Total splits: 252 Good splits: 242
Reward: 49845.7863163 Total splits: 273 Good splits: 264
Reward: 49496.3981341 Total splits: 260 Good splits: 249
Reward: 48409.7915754 Total splits: 289 Good splits: 279
Reward: 49466.9474806 Total splits: 241 Good splits: 231
Reward: 47303.5801017 Total splits: 257 Good splits: 248
Reward: 50882.0657819 Total splits: 283 Good splits: 276
Reward: 46474.4903813 Total splits: 266 Good splits: 256
Reward: 44802.5871544 Total splits: 266 Good splits: 258
Reward: 50166.0471485 Total splits: 262 Good splits: 246
Reward: 49509.7767783 Total splits: 256 Good splits: 246
Reward: 40993.6759782 Total splits: 279 Good splits: 263
Reward: 49321.4554943 Total splits: 299 Good splits: 292
Reward: 48624.2306473 Total splits: 271 Good splits: 262
Reward: 50536.9340898 Total splits: 276 Good splits: 265
Reward: 51175.3820711 Total splits: 281 Good splits: 272
Reward: 51376.8370986 Total splits: 277 Good splits: 268
Reward: 49663.8820093 Total splits: 264 Good splits: 258
Reward: 50764.0461933 Total splits: 240 Good splits: 233
Reward: 50193.871898 Total splits: 253 Good splits: 244
Reward: 51394.6473019 Total splits: 261 Good splits: 252
Reward: 47430.7542874 Total splits: 248 Good splits: 240
Reward: 44210.8828519 Total splits: 260 Good splits: 249
Reward: 47491.0571604 Total splits: 267 Good splits: 259
Reward: 49728.6473279 Total splits: 274 Good splits: 256
Reward: 47598.824328 Total splits: 271 Good splits: 263
Reward: 44885.7057419 Total splits: 258 Good splits: 248
Reward: 46736.2996683 Total splits: 276 Good splits: 267
Reward: 48395.5404157 Total splits: 257 Good splits: 243
Reward: 49413.7841973 Total splits: 257 Good splits: 243
Reward: 50454.8788815 Total splits: 251 Good splits: 247
Reward: 48522.4884381 Total splits: 260 Good splits: 247
Reward: 47412.9359896 Total splits: 280 Good splits: 272
Reward: 51393.8767178 Total splits: 278 Good splits: 271
Reward: 46603.8420782 Total splits: 263 Good splits: 245
Reward: 48372.2771483 Total splits: 285 Good splits: 276
Reward: 46779.1372232 Total splits: 265 Good splits: 252
Reward: 47689.0371101 Total splits: 247 Good splits: 235
Reward: 47434.4447539 Total splits: 273 Good splits: 262
Reward: 51707.8700487 Total splits: 274 Good splits: 268
Reward: 50767.0113905 Total splits: 249 Good splits: 241

Results after 100 tests
Average total rewards : 48178.7222919
Average total splits  : 262.89
Average good splits   : 252.98
Average good splits % : 96.230362509

