Reward: 45906.2743535 Total splits: 239 Good splits: 234
Reward: 45123.7930304 Total splits: 240 Good splits: 231
Reward: 43207.3149785 Total splits: 257 Good splits: 251
Reward: 48500.0659768 Total splits: 229 Good splits: 221
Reward: 48000.4475479 Total splits: 227 Good splits: 217
Reward: 49869.8583158 Total splits: 234 Good splits: 226
Reward: 43224.5671411 Total splits: 233 Good splits: 227
Reward: 47298.0383863 Total splits: 261 Good splits: 251
Reward: 48914.9209554 Total splits: 248 Good splits: 240
Reward: 50434.2394806 Total splits: 246 Good splits: 238
Reward: 44759.1986402 Total splits: 246 Good splits: 240
Reward: 45403.1057826 Total splits: 250 Good splits: 241
Reward: 48592.6899613 Total splits: 234 Good splits: 225
Reward: 47811.7849997 Total splits: 238 Good splits: 234
Reward: 47204.1210987 Total splits: 248 Good splits: 241
Reward: 50733.5662835 Total splits: 252 Good splits: 247
Reward: 43128.4480416 Total splits: 226 Good splits: 216
Reward: 45787.5930404 Total splits: 247 Good splits: 236
Reward: 44223.7661927 Total splits: 251 Good splits: 243
Reward: 47369.6329294 Total splits: 224 Good splits: 207
Reward: 51351.4540588 Total splits: 249 Good splits: 241
Reward: 47324.7076365 Total splits: 231 Good splits: 223
Reward: 47252.2945605 Total splits: 258 Good splits: 250
Reward: 47151.0772169 Total splits: 239 Good splits: 228
Reward: 49676.6129781 Total splits: 242 Good splits: 236
Reward: 46814.2549332 Total splits: 235 Good splits: 229
Reward: 46520.9194985 Total splits: 244 Good splits: 239
Reward: 48090.7688086 Total splits: 235 Good splits: 230
Reward: 45424.9349753 Total splits: 236 Good splits: 229
Reward: 46655.3209036 Total splits: 253 Good splits: 249
Reward: 46354.3999434 Total splits: 204 Good splits: 196
Reward: 48773.7522117 Total splits: 251 Good splits: 241
Reward: 50063.1778507 Total splits: 268 Good splits: 261
Reward: 45992.0592373 Total splits: 234 Good splits: 225
Reward: 47274.0461104 Total splits: 259 Good splits: 250
Reward: 49577.3474283 Total splits: 232 Good splits: 226
Reward: 49832.6178009 Total splits: 225 Good splits: 217
Reward: 45975.7092798 Total splits: 241 Good splits: 238
Reward: 49034.0528954 Total splits: 251 Good splits: 245
Reward: 50539.5188251 Total splits: 264 Good splits: 260
Reward: 44131.6528166 Total splits: 250 Good splits: 241
Reward: 49015.0101233 Total splits: 263 Good splits: 258
Reward: 47760.683476 Total splits: 243 Good splits: 237
Reward: 47422.4912822 Total splits: 240 Good splits: 232
Reward: 43385.5950924 Total splits: 240 Good splits: 235
Reward: 50063.5005689 Total splits: 255 Good splits: 244
Reward: 45993.293288 Total splits: 263 Good splits: 255
Reward: 48176.1160059 Total splits: 241 Good splits: 231
Reward: 43432.0746834 Total splits: 238 Good splits: 231
Reward: 50270.4014366 Total splits: 261 Good splits: 251
Reward: 49821.5543593 Total splits: 253 Good splits: 245
Reward: 49489.3690816 Total splits: 250 Good splits: 243
Reward: 47902.7927193 Total splits: 251 Good splits: 242
Reward: 50797.1446838 Total splits: 250 Good splits: 244
Reward: 47254.3399649 Total splits: 241 Good splits: 237
Reward: 49683.0796535 Total splits: 243 Good splits: 235
Reward: 47476.0321712 Total splits: 262 Good splits: 258
Reward: 49394.4789789 Total splits: 246 Good splits: 236
Reward: 49312.1977602 Total splits: 270 Good splits: 258
Reward: 47668.5893618 Total splits: 272 Good splits: 266
Reward: 43762.4518025 Total splits: 242 Good splits: 236
Reward: 50898.9137443 Total splits: 267 Good splits: 263
Reward: 43776.7033731 Total splits: 234 Good splits: 229
Reward: 50984.9805949 Total splits: 232 Good splits: 228
Reward: 50628.6063399 Total splits: 226 Good splits: 219
Reward: 45444.2526972 Total splits: 233 Good splits: 224
Reward: 47443.7486285 Total splits: 239 Good splits: 230
Reward: 43471.2685041 Total splits: 223 Good splits: 210
Reward: 44435.2643079 Total splits: 251 Good splits: 246
Reward: 49618.2052325 Total splits: 240 Good splits: 232
Reward: 45866.6440606 Total splits: 246 Good splits: 233
Reward: 49468.7842688 Total splits: 243 Good splits: 241
Reward: 48622.2920771 Total splits: 246 Good splits: 240
Reward: 49464.8956953 Total splits: 247 Good splits: 239
Reward: 50553.6124302 Total splits: 257 Good splits: 248
Reward: 48646.1670132 Total splits: 260 Good splits: 256
Reward: 45568.0538128 Total splits: 234 Good splits: 228
Reward: 48665.349307 Total splits: 234 Good splits: 225
Reward: 45353.2284319 Total splits: 226 Good splits: 219
Reward: 45282.5618672 Total splits: 250 Good splits: 246
Reward: 47627.8317536 Total splits: 253 Good splits: 247
Reward: 48246.076072 Total splits: 240 Good splits: 235
Reward: 48201.5360844 Total splits: 250 Good splits: 244
Reward: 49383.8745188 Total splits: 247 Good splits: 240
Reward: 48096.3226407 Total splits: 256 Good splits: 246
Reward: 44433.4553783 Total splits: 221 Good splits: 214
Reward: 49147.3783108 Total splits: 262 Good splits: 251
Reward: 49883.7492631 Total splits: 242 Good splits: 237
Reward: 49665.2471991 Total splits: 251 Good splits: 245
Reward: 46067.3204282 Total splits: 247 Good splits: 235
Reward: 49475.2342321 Total splits: 244 Good splits: 240
Reward: 51285.4011376 Total splits: 242 Good splits: 234
Reward: 48595.7094033 Total splits: 240 Good splits: 231
Reward: 48338.8071049 Total splits: 241 Good splits: 229
Reward: 48707.4759234 Total splits: 244 Good splits: 238
Reward: 46031.6303971 Total splits: 229 Good splits: 220
Reward: 45806.0269652 Total splits: 245 Good splits: 240
Reward: 47706.4230666 Total splits: 238 Good splits: 231
Reward: 47527.3207875 Total splits: 249 Good splits: 246
Reward: 50913.0153775 Total splits: 255 Good splits: 249

Results after 100 tests
Average total rewards : 47667.1867203
Average total splits  : 244.39
Average good splits   : 237.02
Average good splits % : 96.9843283277

Reward: 49813.0575532 Total splits: 236 Good splits: 225
Reward: 50334.6197112 Total splits: 252 Good splits: 248
Reward: 49510.1605033 Total splits: 231 Good splits: 226
Reward: 46872.3527463 Total splits: 230 Good splits: 225
Reward: 44036.9368438 Total splits: 230 Good splits: 223
Reward: 46119.4060186 Total splits: 251 Good splits: 242
Reward: 48818.5238493 Total splits: 254 Good splits: 244
Reward: 51348.9017215 Total splits: 217 Good splits: 212
Reward: 47561.9791599 Total splits: 248 Good splits: 243
Reward: 48964.518215 Total splits: 258 Good splits: 252
Reward: 50426.4477187 Total splits: 233 Good splits: 228
Reward: 50139.7114215 Total splits: 224 Good splits: 216
Reward: 44569.093028 Total splits: 243 Good splits: 234
Reward: 50959.7167583 Total splits: 254 Good splits: 247
Reward: 42703.7446688 Total splits: 242 Good splits: 228
Reward: 50036.0774994 Total splits: 242 Good splits: 230
Reward: 50853.4468046 Total splits: 249 Good splits: 241
Reward: 50742.8560406 Total splits: 248 Good splits: 241
Reward: 51055.84732 Total splits: 236 Good splits: 225
Reward: 48469.98574 Total splits: 259 Good splits: 249
Reward: 50174.9561694 Total splits: 252 Good splits: 243
Reward: 50020.4125728 Total splits: 254 Good splits: 249
Reward: 46751.9709122 Total splits: 230 Good splits: 220
Reward: 45241.5674884 Total splits: 228 Good splits: 225
Reward: 49791.0795995 Total splits: 233 Good splits: 227
Reward: 50307.3914802 Total splits: 263 Good splits: 257
Reward: 46556.1153573 Total splits: 251 Good splits: 245
Reward: 48514.3431366 Total splits: 255 Good splits: 250
Reward: 43423.6678685 Total splits: 211 Good splits: 204
Reward: 50679.3207126 Total splits: 246 Good splits: 239
Reward: 51457.1169467 Total splits: 233 Good splits: 225
Reward: 46168.4535953 Total splits: 216 Good splits: 207
Reward: 50441.9728201 Total splits: 224 Good splits: 211
Reward: 49076.0220254 Total splits: 235 Good splits: 228
Reward: 43155.7611447 Total splits: 265 Good splits: 259
Reward: 49976.9908537 Total splits: 239 Good splits: 233
Reward: 46369.6009272 Total splits: 241 Good splits: 235
Reward: 44066.2023109 Total splits: 244 Good splits: 237
Reward: 47220.0262076 Total splits: 248 Good splits: 240
Reward: 50632.4462009 Total splits: 251 Good splits: 243
Reward: 49771.6801815 Total splits: 234 Good splits: 223
Reward: 46996.5254215 Total splits: 234 Good splits: 230
Reward: 50180.6210472 Total splits: 253 Good splits: 244
Reward: 46817.8187998 Total splits: 228 Good splits: 221
Reward: 48272.4192071 Total splits: 244 Good splits: 238
Reward: 45771.8994085 Total splits: 267 Good splits: 260
Reward: 49632.7226864 Total splits: 249 Good splits: 243
Reward: 42839.9413016 Total splits: 245 Good splits: 237
Reward: 48844.4684985 Total splits: 250 Good splits: 235
Reward: 44265.5712368 Total splits: 252 Good splits: 242
Reward: 46455.1646569 Total splits: 235 Good splits: 230
Reward: 48325.2018214 Total splits: 228 Good splits: 219
Reward: 47470.4577702 Total splits: 244 Good splits: 239
Reward: 49245.2284226 Total splits: 234 Good splits: 225
Reward: 50645.5871551 Total splits: 223 Good splits: 216
Reward: 48035.7907903 Total splits: 236 Good splits: 224
Reward: 49175.8953365 Total splits: 221 Good splits: 212
Reward: 50637.1474191 Total splits: 250 Good splits: 246
Reward: 50893.1400642 Total splits: 252 Good splits: 247
Reward: 50045.6905077 Total splits: 249 Good splits: 240
Reward: 49183.7591862 Total splits: 254 Good splits: 243
Reward: 47013.2971135 Total splits: 250 Good splits: 242
Reward: 46876.075108 Total splits: 237 Good splits: 233
Reward: 50644.0909476 Total splits: 254 Good splits: 248
Reward: 43604.1630061 Total splits: 225 Good splits: 217
Reward: 48644.8380871 Total splits: 217 Good splits: 207
Reward: 46050.366052 Total splits: 234 Good splits: 230
Reward: 49586.3003515 Total splits: 254 Good splits: 247
Reward: 44072.8941464 Total splits: 252 Good splits: 246
Reward: 47992.9095247 Total splits: 242 Good splits: 223
Reward: 48337.2344605 Total splits: 239 Good splits: 231
Reward: 47217.1195833 Total splits: 248 Good splits: 240
Reward: 51707.8009406 Total splits: 250 Good splits: 246
Reward: 46838.6655745 Total splits: 263 Good splits: 259
Reward: 50375.3991601 Total splits: 258 Good splits: 252
Reward: 49234.525519 Total splits: 232 Good splits: 225
Reward: 49941.0625989 Total splits: 251 Good splits: 248
Reward: 39090.9189728 Total splits: 249 Good splits: 239
Reward: 43413.3010867 Total splits: 239 Good splits: 233
Reward: 51411.5693776 Total splits: 228 Good splits: 224
Reward: 45289.731164 Total splits: 229 Good splits: 226
Reward: 46747.6420375 Total splits: 240 Good splits: 233
Reward: 50625.2245133 Total splits: 245 Good splits: 238
Reward: 45936.5049994 Total splits: 254 Good splits: 250
Reward: 44712.9420264 Total splits: 232 Good splits: 227
Reward: 47953.7418625 Total splits: 248 Good splits: 243
Reward: 47737.1543661 Total splits: 242 Good splits: 233
Reward: 43811.7168415 Total splits: 253 Good splits: 246
Reward: 44228.9448301 Total splits: 244 Good splits: 239
Reward: 49279.0523021 Total splits: 256 Good splits: 250
Reward: 46994.8316959 Total splits: 241 Good splits: 234
Reward: 50190.0136719 Total splits: 242 Good splits: 232
Reward: 48425.2496839 Total splits: 233 Good splits: 224
Reward: 47352.4820885 Total splits: 239 Good splits: 230
Reward: 49011.2073743 Total splits: 240 Good splits: 231
Reward: 48099.3871182 Total splits: 240 Good splits: 235
Reward: 48704.5033055 Total splits: 247 Good splits: 241
Reward: 48806.7176521 Total splits: 254 Good splits: 246
Reward: 47650.3973128 Total splits: 229 Good splits: 221
Reward: 50459.8670185 Total splits: 230 Good splits: 221

Results after 100 tests
Average total rewards : 48009.3937605
Average total splits  : 241.98
Average good splits   : 234.6
Average good splits % : 96.9501611703

