Reward: 50523.630787 Total splits: 219 Good splits: 216
Reward: 46483.6932222 Total splits: 217 Good splits: 212
Reward: 49132.3973644 Total splits: 235 Good splits: 226
Reward: 47153.1454935 Total splits: 233 Good splits: 225
Reward: 48279.6980238 Total splits: 206 Good splits: 196
Reward: 49692.9135208 Total splits: 237 Good splits: 230
Reward: 46242.5817438 Total splits: 218 Good splits: 211
Reward: 49235.2793464 Total splits: 243 Good splits: 235
Reward: 45621.3840179 Total splits: 245 Good splits: 241
Reward: 47079.6509723 Total splits: 213 Good splits: 207
Reward: 45975.7007921 Total splits: 239 Good splits: 233
Reward: 50538.8321948 Total splits: 245 Good splits: 238
Reward: 48524.8072135 Total splits: 220 Good splits: 217
Reward: 47740.7601776 Total splits: 217 Good splits: 208
Reward: 45900.5386536 Total splits: 219 Good splits: 212
Reward: 44437.3494598 Total splits: 211 Good splits: 202
Reward: 50291.4907651 Total splits: 222 Good splits: 216
Reward: 49295.405871 Total splits: 211 Good splits: 206
Reward: 45463.4548093 Total splits: 218 Good splits: 210
Reward: 49316.787481 Total splits: 255 Good splits: 247
Reward: 49137.6955537 Total splits: 214 Good splits: 208
Reward: 48093.2523792 Total splits: 241 Good splits: 230
Reward: 46474.1471121 Total splits: 224 Good splits: 221
Reward: 49745.8982042 Total splits: 226 Good splits: 222
Reward: 41068.8696364 Total splits: 211 Good splits: 205
Reward: 48917.3133251 Total splits: 240 Good splits: 235
Reward: 48345.2550071 Total splits: 225 Good splits: 219
Reward: 49064.3728676 Total splits: 232 Good splits: 225
Reward: 50266.2834743 Total splits: 230 Good splits: 225
Reward: 45085.6454084 Total splits: 210 Good splits: 206
Reward: 50302.9507935 Total splits: 229 Good splits: 224
Reward: 47978.7380947 Total splits: 216 Good splits: 211
Reward: 48840.758972 Total splits: 245 Good splits: 241
Reward: 46816.4590535 Total splits: 221 Good splits: 218
Reward: 49601.1207841 Total splits: 223 Good splits: 216
Reward: 49549.7064396 Total splits: 227 Good splits: 223
Reward: 49064.7687098 Total splits: 232 Good splits: 231
Reward: 45329.5683211 Total splits: 236 Good splits: 232
Reward: 48984.8983656 Total splits: 235 Good splits: 226
Reward: 48492.0564137 Total splits: 228 Good splits: 224
Reward: 47154.4174557 Total splits: 216 Good splits: 209
Reward: 49320.6130047 Total splits: 218 Good splits: 210
Reward: 46653.1897957 Total splits: 212 Good splits: 207
Reward: 50440.5242132 Total splits: 220 Good splits: 212
Reward: 44571.8434487 Total splits: 233 Good splits: 230
Reward: 50546.35995 Total splits: 241 Good splits: 234
Reward: 50989.442749 Total splits: 242 Good splits: 236
Reward: 48563.7367415 Total splits: 229 Good splits: 224
Reward: 47083.9851949 Total splits: 222 Good splits: 213
Reward: 43125.8778854 Total splits: 224 Good splits: 221
Reward: 50082.8250376 Total splits: 219 Good splits: 216
Reward: 44881.965781 Total splits: 208 Good splits: 202
Reward: 46988.5784213 Total splits: 215 Good splits: 208
Reward: 48368.4180602 Total splits: 218 Good splits: 210
Reward: 48787.6066783 Total splits: 231 Good splits: 225
Reward: 46688.3714309 Total splits: 228 Good splits: 221
Reward: 50547.0177832 Total splits: 228 Good splits: 219
Reward: 42856.6283318 Total splits: 230 Good splits: 223
Reward: 46535.3087015 Total splits: 231 Good splits: 227
Reward: 49001.7301629 Total splits: 252 Good splits: 247
Reward: 49948.6444548 Total splits: 241 Good splits: 234
Reward: 47568.6146776 Total splits: 227 Good splits: 223
Reward: 47218.5644363 Total splits: 246 Good splits: 238
Reward: 39152.4007772 Total splits: 224 Good splits: 219
Reward: 45212.6768784 Total splits: 226 Good splits: 217
Reward: 45610.5123133 Total splits: 219 Good splits: 212
Reward: 51272.3353361 Total splits: 219 Good splits: 213
Reward: 49507.3764416 Total splits: 230 Good splits: 225
Reward: 49893.8601861 Total splits: 237 Good splits: 233
Reward: 46067.3440334 Total splits: 219 Good splits: 214
Reward: 44895.428526 Total splits: 230 Good splits: 219
Reward: 50374.5812288 Total splits: 246 Good splits: 241
Reward: 48971.5535252 Total splits: 231 Good splits: 224
Reward: 45483.0512806 Total splits: 217 Good splits: 208
Reward: 50349.7927745 Total splits: 217 Good splits: 211
Reward: 45299.6994321 Total splits: 217 Good splits: 208
Reward: 50481.7980974 Total splits: 236 Good splits: 226
Reward: 48686.8245367 Total splits: 231 Good splits: 226
Reward: 49266.7989203 Total splits: 216 Good splits: 208
Reward: 50054.9563749 Total splits: 215 Good splits: 210
Reward: 50244.0068544 Total splits: 216 Good splits: 210
Reward: 49485.9821241 Total splits: 225 Good splits: 216
Reward: 46922.664984 Total splits: 231 Good splits: 227
Reward: 50214.6530833 Total splits: 213 Good splits: 208
Reward: 43187.1997639 Total splits: 214 Good splits: 209
Reward: 49157.7466839 Total splits: 236 Good splits: 230
Reward: 49544.5653465 Total splits: 222 Good splits: 214
Reward: 51097.3878905 Total splits: 243 Good splits: 237
Reward: 49618.7873027 Total splits: 247 Good splits: 241
Reward: 42467.2883319 Total splits: 225 Good splits: 222
Reward: 48612.179816 Total splits: 231 Good splits: 224
Reward: 49895.2317015 Total splits: 202 Good splits: 197
Reward: 48915.0392983 Total splits: 212 Good splits: 208
Reward: 48714.1936271 Total splits: 236 Good splits: 228
Reward: 50157.4590167 Total splits: 222 Good splits: 216
Reward: 48817.8693239 Total splits: 219 Good splits: 211
Reward: 44120.608294 Total splits: 212 Good splits: 207
Reward: 48618.7501131 Total splits: 226 Good splits: 221
Reward: 45784.2180125 Total splits: 227 Good splits: 222
Reward: 50060.5837752 Total splits: 243 Good splits: 237

Results after 100 tests
Average total rewards : 47922.3093123
Average total splits  : 226.31
Average good splits   : 220.18
Average good splits % : 97.2913260572

Reward: 48427.9814795 Total splits: 220 Good splits: 214
Reward: 49599.1622404 Total splits: 217 Good splits: 212
Reward: 48668.6343811 Total splits: 235 Good splits: 230
Reward: 45867.6382283 Total splits: 226 Good splits: 218
Reward: 43831.8153991 Total splits: 220 Good splits: 210
Reward: 48671.4484824 Total splits: 231 Good splits: 224
Reward: 47007.4020528 Total splits: 230 Good splits: 224
Reward: 47003.4964893 Total splits: 241 Good splits: 235
Reward: 49485.8766964 Total splits: 236 Good splits: 232
Reward: 48153.00877 Total splits: 241 Good splits: 225
Reward: 49903.8505142 Total splits: 228 Good splits: 222
Reward: 49855.4188244 Total splits: 232 Good splits: 226
Reward: 47416.100386 Total splits: 215 Good splits: 209
Reward: 49999.1834464 Total splits: 235 Good splits: 229
Reward: 48120.0400271 Total splits: 230 Good splits: 222
Reward: 46887.4870414 Total splits: 254 Good splits: 247
Reward: 49003.421564 Total splits: 233 Good splits: 229
Reward: 48673.6415318 Total splits: 239 Good splits: 227
Reward: 50281.3296175 Total splits: 238 Good splits: 232
Reward: 48142.6675377 Total splits: 227 Good splits: 222
Reward: 49926.7805564 Total splits: 230 Good splits: 223
Reward: 44401.331753 Total splits: 213 Good splits: 210
Reward: 48466.0234793 Total splits: 222 Good splits: 211
Reward: 50345.200219 Total splits: 229 Good splits: 223
Reward: 44907.5684698 Total splits: 209 Good splits: 205
Reward: 46128.9295809 Total splits: 234 Good splits: 226
Reward: 42953.1730206 Total splits: 209 Good splits: 205
Reward: 48518.8142771 Total splits: 221 Good splits: 215
Reward: 49155.3428454 Total splits: 235 Good splits: 230
Reward: 49211.1519753 Total splits: 221 Good splits: 215
Reward: 49780.6353634 Total splits: 223 Good splits: 218
Reward: 48310.8853776 Total splits: 230 Good splits: 223
Reward: 48695.0913819 Total splits: 236 Good splits: 234
Reward: 48787.7987914 Total splits: 227 Good splits: 217
Reward: 42021.5528424 Total splits: 222 Good splits: 216
Reward: 47322.7928411 Total splits: 239 Good splits: 232
Reward: 46563.515687 Total splits: 214 Good splits: 208
Reward: 49385.1029051 Total splits: 228 Good splits: 221
Reward: 49497.9874124 Total splits: 219 Good splits: 213
Reward: 48203.6078188 Total splits: 221 Good splits: 212
Reward: 46540.6158373 Total splits: 234 Good splits: 229
Reward: 47879.4054912 Total splits: 235 Good splits: 234
Reward: 45784.4207985 Total splits: 224 Good splits: 221
Reward: 46898.9567086 Total splits: 214 Good splits: 211
Reward: 50833.1852014 Total splits: 237 Good splits: 230
Reward: 45330.2068025 Total splits: 215 Good splits: 210
Reward: 44472.798385 Total splits: 196 Good splits: 187
Reward: 48067.0888907 Total splits: 219 Good splits: 219
Reward: 49805.8334623 Total splits: 240 Good splits: 234
Reward: 42408.9136103 Total splits: 229 Good splits: 222
Reward: 45550.1375497 Total splits: 231 Good splits: 223
Reward: 47453.9033384 Total splits: 243 Good splits: 240
Reward: 49093.6995523 Total splits: 221 Good splits: 216
Reward: 49417.5667535 Total splits: 222 Good splits: 214
Reward: 49472.0515412 Total splits: 242 Good splits: 238
Reward: 49938.1897239 Total splits: 233 Good splits: 227
Reward: 49377.5891002 Total splits: 239 Good splits: 234
Reward: 40927.2503192 Total splits: 214 Good splits: 204
Reward: 39462.8048307 Total splits: 230 Good splits: 223
Reward: 48351.9065434 Total splits: 227 Good splits: 216
Reward: 50421.0719443 Total splits: 240 Good splits: 231
Reward: 44042.9025837 Total splits: 205 Good splits: 199
Reward: 46859.0088715 Total splits: 232 Good splits: 224
Reward: 44284.3904302 Total splits: 234 Good splits: 230
Reward: 46907.1492599 Total splits: 212 Good splits: 206
Reward: 48195.2413669 Total splits: 220 Good splits: 210
Reward: 45637.1151193 Total splits: 232 Good splits: 227
Reward: 47293.1382113 Total splits: 225 Good splits: 212
Reward: 41641.986574 Total splits: 224 Good splits: 223
Reward: 50501.5479109 Total splits: 242 Good splits: 238
Reward: 47938.2997319 Total splits: 220 Good splits: 213
Reward: 48210.5228825 Total splits: 227 Good splits: 221
Reward: 39056.3945568 Total splits: 224 Good splits: 222
Reward: 45940.9264746 Total splits: 195 Good splits: 192
Reward: 50748.8052388 Total splits: 229 Good splits: 221
Reward: 48369.1044786 Total splits: 235 Good splits: 229
Reward: 48024.6298172 Total splits: 209 Good splits: 202
Reward: 50832.7972976 Total splits: 245 Good splits: 240
Reward: 50310.3674282 Total splits: 220 Good splits: 208
Reward: 49856.9077757 Total splits: 223 Good splits: 219
Reward: 49185.2510633 Total splits: 244 Good splits: 240
Reward: 48717.0444279 Total splits: 209 Good splits: 195
Reward: 47068.4499548 Total splits: 221 Good splits: 215
Reward: 43186.5407479 Total splits: 231 Good splits: 222
Reward: 48455.3728105 Total splits: 221 Good splits: 214
Reward: 48575.6522993 Total splits: 234 Good splits: 231
Reward: 48721.5691672 Total splits: 233 Good splits: 226
Reward: 45668.3390313 Total splits: 251 Good splits: 246
Reward: 49915.8531661 Total splits: 223 Good splits: 218
Reward: 47658.7597923 Total splits: 210 Good splits: 203
Reward: 45464.5821654 Total splits: 231 Good splits: 229
Reward: 45488.7955203 Total splits: 236 Good splits: 228
Reward: 47229.409259 Total splits: 222 Good splits: 220
Reward: 49727.9544299 Total splits: 236 Good splits: 232
Reward: 50404.225061 Total splits: 241 Good splits: 234
Reward: 48391.6802767 Total splits: 232 Good splits: 226
Reward: 51029.3749 Total splits: 224 Good splits: 213
Reward: 44639.1419552 Total splits: 234 Good splits: 229
Reward: 49083.8627065 Total splits: 235 Good splits: 231
Reward: 48206.5343912 Total splits: 216 Good splits: 210

Results after 100 tests
Average total rewards : 47565.4011683
Average total splits  : 227.32
Average good splits   : 221.07
Average good splits % : 97.250571881

