Reward: 48365.458392 Total splits: 216 Good splits: 210
Reward: 48228.3428655 Total splits: 215 Good splits: 205
Reward: 50068.3012885 Total splits: 219 Good splits: 216
Reward: 47524.3791304 Total splits: 212 Good splits: 210
Reward: 50133.0385952 Total splits: 213 Good splits: 207
Reward: 50670.0181246 Total splits: 223 Good splits: 221
Reward: 44973.4746956 Total splits: 219 Good splits: 212
Reward: 44859.2822693 Total splits: 208 Good splits: 207
Reward: 47124.1614449 Total splits: 201 Good splits: 199
Reward: 46356.7646782 Total splits: 198 Good splits: 195
Reward: 48350.9197983 Total splits: 204 Good splits: 201
Reward: 48211.8465566 Total splits: 203 Good splits: 198
Reward: 47683.2008478 Total splits: 201 Good splits: 195
Reward: 47971.1860222 Total splits: 195 Good splits: 190
Reward: 50322.104423 Total splits: 200 Good splits: 195
Reward: 46734.0232322 Total splits: 202 Good splits: 197
Reward: 47603.9890266 Total splits: 206 Good splits: 201
Reward: 50636.5448698 Total splits: 214 Good splits: 203
Reward: 50122.323833 Total splits: 215 Good splits: 213
Reward: 41265.3044716 Total splits: 195 Good splits: 190
Reward: 50185.0510896 Total splits: 213 Good splits: 206
Reward: 45592.5529825 Total splits: 217 Good splits: 208
Reward: 47680.8338843 Total splits: 213 Good splits: 209
Reward: 47600.0034517 Total splits: 204 Good splits: 199
Reward: 40924.9586671 Total splits: 223 Good splits: 216
Reward: 48840.0460596 Total splits: 206 Good splits: 201
Reward: 49980.5672235 Total splits: 221 Good splits: 217
Reward: 47394.067094 Total splits: 217 Good splits: 212
Reward: 45850.2922135 Total splits: 217 Good splits: 212
Reward: 38616.7050403 Total splits: 215 Good splits: 212
Reward: 49226.7818395 Total splits: 210 Good splits: 205
Reward: 46982.6843731 Total splits: 233 Good splits: 228
Reward: 49610.9836949 Total splits: 227 Good splits: 224
Reward: 47765.0242966 Total splits: 205 Good splits: 200
Reward: 46669.9440881 Total splits: 219 Good splits: 212
Reward: 47162.7813488 Total splits: 216 Good splits: 212
Reward: 43973.1145603 Total splits: 222 Good splits: 219
Reward: 49848.4945342 Total splits: 214 Good splits: 210
Reward: 48150.1429055 Total splits: 208 Good splits: 202
Reward: 45043.3602249 Total splits: 223 Good splits: 218
Reward: 49173.651925 Total splits: 200 Good splits: 196
Reward: 43670.3621165 Total splits: 214 Good splits: 212
Reward: 48530.4265865 Total splits: 210 Good splits: 203
Reward: 46784.9801065 Total splits: 206 Good splits: 197
Reward: 44468.8210995 Total splits: 228 Good splits: 226
Reward: 44260.0253159 Total splits: 212 Good splits: 206
Reward: 49261.6021626 Total splits: 210 Good splits: 200
Reward: 50631.7307869 Total splits: 225 Good splits: 223
Reward: 50187.4349362 Total splits: 214 Good splits: 206
Reward: 46966.3854868 Total splits: 225 Good splits: 224
Reward: 45198.1410495 Total splits: 210 Good splits: 209
Reward: 48470.6345003 Total splits: 222 Good splits: 218
Reward: 41086.4823146 Total splits: 213 Good splits: 211
Reward: 48922.2486821 Total splits: 215 Good splits: 212
Reward: 44644.8228059 Total splits: 191 Good splits: 187
Reward: 49771.0538096 Total splits: 229 Good splits: 227
Reward: 49751.5460848 Total splits: 215 Good splits: 209
Reward: 44773.21941 Total splits: 222 Good splits: 219
Reward: 49401.1458071 Total splits: 201 Good splits: 197
Reward: 49643.4028166 Total splits: 235 Good splits: 233
Reward: 49250.5965485 Total splits: 237 Good splits: 230
Reward: 47332.9786674 Total splits: 192 Good splits: 185
Reward: 44100.2968103 Total splits: 199 Good splits: 193
Reward: 47760.9420753 Total splits: 212 Good splits: 206
Reward: 47121.2791473 Total splits: 207 Good splits: 202
Reward: 50376.9177457 Total splits: 215 Good splits: 211
Reward: 44050.7640223 Total splits: 212 Good splits: 207
Reward: 48757.6266278 Total splits: 204 Good splits: 197
Reward: 47997.170364 Total splits: 205 Good splits: 201
Reward: 48600.9226355 Total splits: 216 Good splits: 209
Reward: 47538.3865875 Total splits: 234 Good splits: 230
Reward: 40656.915138 Total splits: 202 Good splits: 192
Reward: 50283.127286 Total splits: 228 Good splits: 224
Reward: 48877.5443219 Total splits: 228 Good splits: 225
Reward: 46119.3470091 Total splits: 213 Good splits: 209
Reward: 46718.8109946 Total splits: 214 Good splits: 206
Reward: 50115.823424 Total splits: 212 Good splits: 207
Reward: 49816.0236079 Total splits: 214 Good splits: 208
Reward: 51221.4645385 Total splits: 217 Good splits: 214
Reward: 44951.8298738 Total splits: 210 Good splits: 207
Reward: 48935.0788732 Total splits: 230 Good splits: 224
Reward: 50664.828357 Total splits: 212 Good splits: 210
Reward: 50150.1625918 Total splits: 192 Good splits: 189
Reward: 47307.1015964 Total splits: 195 Good splits: 188
Reward: 40986.2296865 Total splits: 200 Good splits: 193
Reward: 49810.3535385 Total splits: 222 Good splits: 219
Reward: 38691.5537573 Total splits: 213 Good splits: 209
Reward: 48326.4710777 Total splits: 207 Good splits: 204
Reward: 49309.6647074 Total splits: 215 Good splits: 212
Reward: 42499.4741462 Total splits: 217 Good splits: 211
Reward: 50499.6624573 Total splits: 212 Good splits: 207
Reward: 46040.7248412 Total splits: 200 Good splits: 195
Reward: 48762.9188119 Total splits: 206 Good splits: 203
Reward: 49780.2660822 Total splits: 216 Good splits: 211
Reward: 50579.6399903 Total splits: 214 Good splits: 213
Reward: 48633.6081565 Total splits: 212 Good splits: 208
Reward: 46566.0366383 Total splits: 224 Good splits: 222
Reward: 50472.0307261 Total splits: 207 Good splits: 201
Reward: 46479.8283198 Total splits: 195 Good splits: 186
Reward: 50921.461793 Total splits: 205 Good splits: 202

Results after 100 tests
Average total rewards : 47469.6703551
Average total splits  : 212.44
Average good splits   : 207.72
Average good splits % : 97.7781961966

Reward: 48120.3654936 Total splits: 207 Good splits: 203
Reward: 48734.3763237 Total splits: 216 Good splits: 214
Reward: 42398.3438858 Total splits: 198 Good splits: 191
Reward: 50211.4314766 Total splits: 209 Good splits: 203
Reward: 43123.0119077 Total splits: 207 Good splits: 198
Reward: 41113.2272621 Total splits: 207 Good splits: 203
Reward: 48920.9509317 Total splits: 213 Good splits: 211
Reward: 47704.3946173 Total splits: 212 Good splits: 208
Reward: 48821.5843658 Total splits: 224 Good splits: 216
Reward: 48611.3243027 Total splits: 199 Good splits: 195
Reward: 49317.0186271 Total splits: 210 Good splits: 207
Reward: 49387.2635272 Total splits: 229 Good splits: 221
Reward: 48654.5202498 Total splits: 222 Good splits: 218
Reward: 48350.9650778 Total splits: 203 Good splits: 200
Reward: 44188.6908816 Total splits: 209 Good splits: 204
Reward: 42673.6705808 Total splits: 211 Good splits: 207
Reward: 49921.3831792 Total splits: 219 Good splits: 214
Reward: 48170.6922762 Total splits: 208 Good splits: 205
Reward: 48120.2547334 Total splits: 214 Good splits: 209
Reward: 49561.0161254 Total splits: 226 Good splits: 220
Reward: 46056.0867835 Total splits: 219 Good splits: 212
Reward: 48247.0176981 Total splits: 220 Good splits: 218
Reward: 44869.9436977 Total splits: 202 Good splits: 193
Reward: 48401.9648606 Total splits: 201 Good splits: 197
Reward: 46503.7730004 Total splits: 204 Good splits: 199
Reward: 47813.6274968 Total splits: 220 Good splits: 217
Reward: 51260.7532613 Total splits: 209 Good splits: 204
Reward: 40086.9455679 Total splits: 197 Good splits: 192
Reward: 45893.0045334 Total splits: 209 Good splits: 206
Reward: 44631.107523 Total splits: 199 Good splits: 190
Reward: 46693.4771793 Total splits: 211 Good splits: 207
Reward: 48087.2988905 Total splits: 207 Good splits: 200
Reward: 49872.0343152 Total splits: 205 Good splits: 203
Reward: 44972.3598755 Total splits: 209 Good splits: 204
Reward: 49059.2069589 Total splits: 225 Good splits: 217
Reward: 45769.2603512 Total splits: 224 Good splits: 222
Reward: 49946.2149618 Total splits: 218 Good splits: 217
Reward: 50959.2847153 Total splits: 207 Good splits: 202
Reward: 50654.4990405 Total splits: 218 Good splits: 214
Reward: 46764.5607477 Total splits: 201 Good splits: 189
Reward: 49834.958714 Total splits: 209 Good splits: 204
Reward: 44969.4354846 Total splits: 211 Good splits: 207
Reward: 49480.7429039 Total splits: 239 Good splits: 236
Reward: 40451.7339606 Total splits: 208 Good splits: 201
Reward: 49907.3743896 Total splits: 212 Good splits: 203
Reward: 46791.5453387 Total splits: 193 Good splits: 187
Reward: 45005.8320402 Total splits: 220 Good splits: 218
Reward: 50464.2542038 Total splits: 230 Good splits: 230
Reward: 45984.3681709 Total splits: 210 Good splits: 204
Reward: 43122.2076367 Total splits: 189 Good splits: 183
Reward: 47612.1742046 Total splits: 218 Good splits: 212
Reward: 48645.6911956 Total splits: 210 Good splits: 206
Reward: 48629.9770404 Total splits: 221 Good splits: 217
Reward: 49391.9550006 Total splits: 213 Good splits: 202
Reward: 49332.0328996 Total splits: 211 Good splits: 206
Reward: 50239.7799243 Total splits: 203 Good splits: 200
Reward: 48537.2103454 Total splits: 198 Good splits: 188
Reward: 49233.9202909 Total splits: 224 Good splits: 221
Reward: 49172.3076254 Total splits: 207 Good splits: 200
Reward: 48888.474951 Total splits: 188 Good splits: 185
Reward: 45771.1427018 Total splits: 219 Good splits: 211
Reward: 49769.6930946 Total splits: 214 Good splits: 210
Reward: 50491.2308097 Total splits: 201 Good splits: 199
Reward: 48622.3929084 Total splits: 218 Good splits: 215
Reward: 46207.9119678 Total splits: 200 Good splits: 192
Reward: 49129.7788033 Total splits: 209 Good splits: 203
Reward: 41701.1313487 Total splits: 219 Good splits: 212
Reward: 50933.0780854 Total splits: 218 Good splits: 210
Reward: 43772.3130602 Total splits: 207 Good splits: 201
Reward: 49551.4304316 Total splits: 230 Good splits: 225
Reward: 48338.6770303 Total splits: 214 Good splits: 209
Reward: 43662.2410397 Total splits: 217 Good splits: 213
Reward: 44938.8283452 Total splits: 208 Good splits: 207
Reward: 50586.3174221 Total splits: 213 Good splits: 209
Reward: 48594.1456446 Total splits: 211 Good splits: 209
Reward: 46576.9443315 Total splits: 216 Good splits: 212
Reward: 48510.7939942 Total splits: 202 Good splits: 198
Reward: 49820.8441698 Total splits: 210 Good splits: 207
Reward: 47511.2421564 Total splits: 211 Good splits: 207
Reward: 46983.1155889 Total splits: 207 Good splits: 202
Reward: 47916.0728432 Total splits: 228 Good splits: 220
Reward: 48648.3415965 Total splits: 226 Good splits: 223
Reward: 47862.0909335 Total splits: 203 Good splits: 198
Reward: 50014.9800767 Total splits: 220 Good splits: 213
Reward: 39550.9603135 Total splits: 177 Good splits: 169
Reward: 49735.8384857 Total splits: 214 Good splits: 206
Reward: 48623.6321416 Total splits: 204 Good splits: 197
Reward: 48486.1562271 Total splits: 188 Good splits: 178
Reward: 50778.070066 Total splits: 205 Good splits: 198
Reward: 46733.4443559 Total splits: 204 Good splits: 196
Reward: 48476.772628 Total splits: 207 Good splits: 206
Reward: 41303.3698006 Total splits: 192 Good splits: 186
Reward: 42231.357478 Total splits: 209 Good splits: 203
Reward: 50031.4156866 Total splits: 220 Good splits: 218
Reward: 45941.7051162 Total splits: 208 Good splits: 206
Reward: 46264.8354915 Total splits: 209 Good splits: 203
Reward: 50577.2018403 Total splits: 212 Good splits: 208
Reward: 46406.0686947 Total splits: 224 Good splits: 217
Reward: 48282.3679871 Total splits: 196 Good splits: 191
Reward: 49917.4638963 Total splits: 215 Good splits: 210

Results after 100 tests
Average total rewards : 47475.982822
Average total splits  : 210.67
Average good splits   : 205.57
Average good splits % : 97.5791522286

