Reward: 44408.239597 Total splits: 208 Good splits: 206
Reward: 47977.9268051 Total splits: 239 Good splits: 232
Reward: 50063.3336822 Total splits: 237 Good splits: 233
Reward: 46483.1844287 Total splits: 228 Good splits: 219
Reward: 51112.8128965 Total splits: 235 Good splits: 230
Reward: 46171.7495425 Total splits: 216 Good splits: 211
Reward: 47881.9845917 Total splits: 231 Good splits: 227
Reward: 45241.973437 Total splits: 212 Good splits: 207
Reward: 50249.3885904 Total splits: 232 Good splits: 223
Reward: 50694.5452847 Total splits: 232 Good splits: 224
Reward: 44464.880566 Total splits: 240 Good splits: 236
Reward: 48305.304747 Total splits: 214 Good splits: 205
Reward: 41437.90825 Total splits: 219 Good splits: 216
Reward: 47683.1596293 Total splits: 231 Good splits: 220
Reward: 50514.2325014 Total splits: 221 Good splits: 218
Reward: 43362.2347542 Total splits: 241 Good splits: 235
Reward: 50408.6895409 Total splits: 231 Good splits: 224
Reward: 50063.2021873 Total splits: 239 Good splits: 236
Reward: 50320.5846293 Total splits: 237 Good splits: 232
Reward: 49658.6501892 Total splits: 222 Good splits: 217
Reward: 50306.8758462 Total splits: 236 Good splits: 228
Reward: 41431.9224927 Total splits: 220 Good splits: 217
Reward: 42185.6048139 Total splits: 218 Good splits: 209
Reward: 49439.5066348 Total splits: 246 Good splits: 237
Reward: 48812.2572713 Total splits: 223 Good splits: 215
Reward: 46131.6772086 Total splits: 218 Good splits: 214
Reward: 44491.5926019 Total splits: 207 Good splits: 198
Reward: 50149.5135159 Total splits: 218 Good splits: 209
Reward: 49793.5872073 Total splits: 228 Good splits: 223
Reward: 46879.4587676 Total splits: 223 Good splits: 214
Reward: 46127.6129963 Total splits: 224 Good splits: 218
Reward: 50758.4117897 Total splits: 243 Good splits: 238
Reward: 47380.9610661 Total splits: 243 Good splits: 242
Reward: 46252.1864099 Total splits: 204 Good splits: 193
Reward: 48851.8123656 Total splits: 238 Good splits: 234
Reward: 45890.3154078 Total splits: 221 Good splits: 217
Reward: 50407.8122996 Total splits: 239 Good splits: 234
Reward: 49142.63409 Total splits: 222 Good splits: 221
Reward: 48295.3804084 Total splits: 205 Good splits: 198
Reward: 47118.9575517 Total splits: 224 Good splits: 217
Reward: 47949.7919456 Total splits: 220 Good splits: 216
Reward: 52022.3764551 Total splits: 227 Good splits: 223
Reward: 50124.7243153 Total splits: 246 Good splits: 241
Reward: 49050.5596893 Total splits: 207 Good splits: 202
Reward: 47344.021184 Total splits: 245 Good splits: 241
Reward: 49731.4390751 Total splits: 222 Good splits: 214
Reward: 48549.5403576 Total splits: 221 Good splits: 215
Reward: 49216.4106967 Total splits: 224 Good splits: 219
Reward: 50317.895534 Total splits: 240 Good splits: 235
Reward: 50076.4105401 Total splits: 220 Good splits: 219
Reward: 45424.2848006 Total splits: 235 Good splits: 227
Reward: 45229.6414225 Total splits: 226 Good splits: 219
Reward: 47725.8334763 Total splits: 227 Good splits: 224
Reward: 50314.8206547 Total splits: 230 Good splits: 228
Reward: 45037.6785248 Total splits: 213 Good splits: 209
Reward: 49285.2680343 Total splits: 237 Good splits: 232
Reward: 44292.3621543 Total splits: 230 Good splits: 226
Reward: 48967.6958096 Total splits: 229 Good splits: 223
Reward: 49644.3555259 Total splits: 225 Good splits: 222
Reward: 45143.6505355 Total splits: 227 Good splits: 221
Reward: 49573.7788462 Total splits: 233 Good splits: 229
Reward: 48075.7431701 Total splits: 224 Good splits: 214
Reward: 49451.4740006 Total splits: 234 Good splits: 225
Reward: 46728.6753971 Total splits: 231 Good splits: 225
Reward: 45955.9081151 Total splits: 227 Good splits: 225
Reward: 50016.5543724 Total splits: 230 Good splits: 225
Reward: 50923.2525683 Total splits: 220 Good splits: 213
Reward: 48173.3889136 Total splits: 220 Good splits: 212
Reward: 46518.1591492 Total splits: 241 Good splits: 234
Reward: 47337.5644453 Total splits: 220 Good splits: 214
Reward: 47064.4763611 Total splits: 216 Good splits: 209
Reward: 50218.1871049 Total splits: 238 Good splits: 232
Reward: 46752.974166 Total splits: 235 Good splits: 231
Reward: 48061.2723374 Total splits: 248 Good splits: 242
Reward: 45050.4392864 Total splits: 242 Good splits: 240
Reward: 46626.6282441 Total splits: 223 Good splits: 219
Reward: 47022.1461137 Total splits: 232 Good splits: 228
Reward: 50928.7726597 Total splits: 217 Good splits: 213
Reward: 51309.3464203 Total splits: 222 Good splits: 217
Reward: 47367.3136518 Total splits: 238 Good splits: 232
Reward: 49256.0442235 Total splits: 243 Good splits: 236
Reward: 44921.6857119 Total splits: 214 Good splits: 209
Reward: 50946.9158135 Total splits: 231 Good splits: 230
Reward: 46795.1967622 Total splits: 217 Good splits: 207
Reward: 45722.6884612 Total splits: 239 Good splits: 235
Reward: 44297.0643235 Total splits: 236 Good splits: 226
Reward: 50568.7171593 Total splits: 223 Good splits: 218
Reward: 48792.3384323 Total splits: 227 Good splits: 226
Reward: 46148.2273147 Total splits: 235 Good splits: 230
Reward: 47135.7957438 Total splits: 221 Good splits: 216
Reward: 49300.9616493 Total splits: 220 Good splits: 216
Reward: 50391.4294967 Total splits: 233 Good splits: 229
Reward: 49587.8649381 Total splits: 225 Good splits: 217
Reward: 45631.5683463 Total splits: 234 Good splits: 232
Reward: 50282.7262793 Total splits: 215 Good splits: 205
Reward: 44480.8438565 Total splits: 223 Good splits: 217
Reward: 40832.4064838 Total splits: 236 Good splits: 228
Reward: 46066.8669997 Total splits: 227 Good splits: 222
Reward: 46059.52656 Total splits: 216 Good splits: 211
Reward: 47037.3572416 Total splits: 232 Good splits: 227
Reward: 49846.4509001 Total splits: 260 Good splits: 253
Reward: 49358.5270084 Total splits: 241 Good splits: 238
Reward: 48396.8053832 Total splits: 231 Good splits: 226
Reward: 48938.5548772 Total splits: 218 Good splits: 210
Reward: 47509.784114 Total splits: 232 Good splits: 231
Reward: 48489.0431073 Total splits: 240 Good splits: 235
Reward: 46199.400452 Total splits: 248 Good splits: 240
Reward: 48209.556516 Total splits: 211 Good splits: 208
Reward: 46877.3179876 Total splits: 227 Good splits: 221
Reward: 48619.4018329 Total splits: 211 Good splits: 208
Reward: 50412.4358208 Total splits: 246 Good splits: 241
Reward: 43274.5511062 Total splits: 235 Good splits: 231
Reward: 50521.7263367 Total splits: 235 Good splits: 229
Reward: 50732.1632904 Total splits: 253 Good splits: 238
Reward: 45135.5667708 Total splits: 242 Good splits: 234
Reward: 48489.0506325 Total splits: 215 Good splits: 207
Reward: 44765.2401684 Total splits: 223 Good splits: 215
Reward: 50620.8289087 Total splits: 212 Good splits: 205
Reward: 48697.9962229 Total splits: 227 Good splits: 224
Reward: 44404.4141376 Total splits: 228 Good splits: 221
Reward: 45499.5116769 Total splits: 238 Good splits: 234
Reward: 49674.2573773 Total splits: 238 Good splits: 234
Reward: 48973.7287955 Total splits: 225 Good splits: 218
Reward: 47201.6871768 Total splits: 217 Good splits: 216
Reward: 50832.3422669 Total splits: 236 Good splits: 229
Reward: 48830.6574889 Total splits: 204 Good splits: 197
Reward: 50651.4070914 Total splits: 241 Good splits: 239
Reward: 49257.5086482 Total splits: 228 Good splits: 223
Reward: 44956.4053917 Total splits: 235 Good splits: 231
Reward: 48714.2401021 Total splits: 225 Good splits: 216
Reward: 44964.4207741 Total splits: 221 Good splits: 218
Reward: 47223.2340626 Total splits: 215 Good splits: 209
Reward: 49513.6531546 Total splits: 232 Good splits: 228
Reward: 49949.2119538 Total splits: 210 Good splits: 200
Reward: 45634.8266366 Total splits: 230 Good splits: 223
Reward: 44321.1664726 Total splits: 221 Good splits: 217
Reward: 50348.7928556 Total splits: 223 Good splits: 221
Reward: 45726.1231822 Total splits: 238 Good splits: 235
Reward: 45896.2520984 Total splits: 243 Good splits: 239
Reward: 47780.4060266 Total splits: 213 Good splits: 210
Reward: 44607.3503707 Total splits: 204 Good splits: 199
Reward: 47405.5329545 Total splits: 236 Good splits: 234
Reward: 43680.2902812 Total splits: 214 Good splits: 203
Reward: 48066.9365845 Total splits: 228 Good splits: 220
Reward: 49015.9344529 Total splits: 249 Good splits: 245
Reward: 50355.9249778 Total splits: 230 Good splits: 224
Reward: 47324.3643302 Total splits: 232 Good splits: 220
Reward: 48623.5428002 Total splits: 239 Good splits: 230
Reward: 48122.6417907 Total splits: 232 Good splits: 223
Reward: 47792.0123411 Total splits: 236 Good splits: 233
Reward: 49105.807385 Total splits: 219 Good splits: 211
Reward: 48760.0194477 Total splits: 228 Good splits: 223
Reward: 50555.7193939 Total splits: 232 Good splits: 227
Reward: 48540.8304658 Total splits: 233 Good splits: 229
Reward: 44940.1873314 Total splits: 213 Good splits: 200
Reward: 44097.3095668 Total splits: 222 Good splits: 216
Reward: 46756.2073537 Total splits: 227 Good splits: 221
Reward: 50605.8290391 Total splits: 217 Good splits: 213
Reward: 49623.3593957 Total splits: 228 Good splits: 225
Reward: 50333.0909743 Total splits: 237 Good splits: 229
Reward: 47535.4435302 Total splits: 216 Good splits: 210
Reward: 48881.886419 Total splits: 241 Good splits: 238
Reward: 46692.3978228 Total splits: 206 Good splits: 201
Reward: 47353.5851006 Total splits: 236 Good splits: 229
Reward: 46719.3912473 Total splits: 238 Good splits: 231
Reward: 49098.7966258 Total splits: 218 Good splits: 212
Reward: 50793.8481316 Total splits: 232 Good splits: 223
Reward: 47587.6284455 Total splits: 219 Good splits: 212
Reward: 48202.1564348 Total splits: 231 Good splits: 227
Reward: 51316.2190049 Total splits: 232 Good splits: 222
Reward: 49151.4630191 Total splits: 219 Good splits: 209
Reward: 45639.5067029 Total splits: 223 Good splits: 219
Reward: 41703.3096897 Total splits: 231 Good splits: 224
Reward: 49442.7667686 Total splits: 225 Good splits: 220
Reward: 49760.8279012 Total splits: 220 Good splits: 215
Reward: 46032.6608938 Total splits: 248 Good splits: 244
Reward: 50696.3738739 Total splits: 213 Good splits: 208
Reward: 48628.3890285 Total splits: 239 Good splits: 229
Reward: 50045.8926661 Total splits: 224 Good splits: 216
Reward: 48505.0609396 Total splits: 216 Good splits: 210
Reward: 49623.5946439 Total splits: 254 Good splits: 249
Reward: 49312.8394154 Total splits: 219 Good splits: 214
Reward: 49740.3408665 Total splits: 222 Good splits: 219
Reward: 49197.2639087 Total splits: 229 Good splits: 216
Reward: 46736.6385942 Total splits: 227 Good splits: 222
Reward: 46143.484588 Total splits: 225 Good splits: 217
Reward: 51485.8905337 Total splits: 236 Good splits: 230
Reward: 43753.0063724 Total splits: 214 Good splits: 207
Reward: 45466.5589389 Total splits: 240 Good splits: 234
Reward: 44260.2526209 Total splits: 242 Good splits: 238
Reward: 41171.5833342 Total splits: 221 Good splits: 211
Reward: 50592.5107891 Total splits: 216 Good splits: 209
Reward: 45246.0792024 Total splits: 220 Good splits: 213
Reward: 48918.5955287 Total splits: 212 Good splits: 206
Reward: 51081.8112225 Total splits: 241 Good splits: 235
Reward: 46351.7428713 Total splits: 222 Good splits: 212
Reward: 49753.6932291 Total splits: 236 Good splits: 230
Reward: 50661.6467851 Total splits: 231 Good splits: 226
Reward: 44819.6466329 Total splits: 221 Good splits: 209
Reward: 47527.547689 Total splits: 205 Good splits: 198

Results after 200 tests
Average total rewards : 47843.0349025
Average total splits  : 227.69
Average good splits   : 221.85
Average good splits % : 97.4351091396

