Reward: 50488.8058331 Total splits: 217 Good splits: 215
Reward: 47433.9681986 Total splits: 224 Good splits: 222
Reward: 50499.5830891 Total splits: 221 Good splits: 217
Reward: 50036.3561703 Total splits: 232 Good splits: 228
Reward: 47417.4722993 Total splits: 202 Good splits: 199
Reward: 48794.4094045 Total splits: 222 Good splits: 217
Reward: 44016.7964176 Total splits: 207 Good splits: 204
Reward: 48737.0561699 Total splits: 211 Good splits: 203
Reward: 49106.3477433 Total splits: 210 Good splits: 205
Reward: 50363.0932652 Total splits: 225 Good splits: 221
Reward: 48409.5231677 Total splits: 190 Good splits: 189
Reward: 43541.0581753 Total splits: 213 Good splits: 209
Reward: 51065.7479657 Total splits: 216 Good splits: 213
Reward: 47103.648691 Total splits: 204 Good splits: 195
Reward: 48323.857837 Total splits: 228 Good splits: 222
Reward: 48410.7494376 Total splits: 201 Good splits: 194
Reward: 50233.9544653 Total splits: 215 Good splits: 210
Reward: 49116.2180522 Total splits: 215 Good splits: 209
Reward: 48071.2808381 Total splits: 205 Good splits: 200
Reward: 46277.4269079 Total splits: 199 Good splits: 194
Reward: 49867.2775276 Total splits: 196 Good splits: 194
Reward: 47469.4949294 Total splits: 210 Good splits: 208
Reward: 49206.8183927 Total splits: 224 Good splits: 223
Reward: 50252.6495888 Total splits: 210 Good splits: 202
Reward: 46164.150496 Total splits: 215 Good splits: 209
Reward: 50358.9497004 Total splits: 203 Good splits: 200
Reward: 44921.3820902 Total splits: 228 Good splits: 223
Reward: 50836.6368874 Total splits: 206 Good splits: 203
Reward: 48801.7223418 Total splits: 207 Good splits: 204
Reward: 48881.2969987 Total splits: 223 Good splits: 219
Reward: 50286.9744467 Total splits: 231 Good splits: 226
Reward: 48500.1620426 Total splits: 206 Good splits: 200
Reward: 50189.831265 Total splits: 215 Good splits: 208
Reward: 42158.4492774 Total splits: 210 Good splits: 207
Reward: 46572.3804731 Total splits: 207 Good splits: 202
Reward: 47545.1370096 Total splits: 188 Good splits: 183
Reward: 49146.7105753 Total splits: 217 Good splits: 214
Reward: 47325.0740748 Total splits: 225 Good splits: 221
Reward: 47671.5536032 Total splits: 197 Good splits: 189
Reward: 47904.9908986 Total splits: 214 Good splits: 211
Reward: 46824.911067 Total splits: 207 Good splits: 198
Reward: 50801.7702724 Total splits: 217 Good splits: 215
Reward: 48865.6239943 Total splits: 215 Good splits: 208
Reward: 50784.1911131 Total splits: 218 Good splits: 213
Reward: 46608.4342918 Total splits: 195 Good splits: 187
Reward: 49638.8722323 Total splits: 214 Good splits: 211
Reward: 48729.6676337 Total splits: 201 Good splits: 193
Reward: 48554.4938515 Total splits: 203 Good splits: 199
Reward: 50486.2704401 Total splits: 230 Good splits: 229
Reward: 48160.5898907 Total splits: 217 Good splits: 213
Reward: 48997.7167805 Total splits: 235 Good splits: 229
Reward: 43636.4433591 Total splits: 222 Good splits: 220
Reward: 46405.846062 Total splits: 217 Good splits: 211
Reward: 43446.7139598 Total splits: 221 Good splits: 214
Reward: 49642.3740789 Total splits: 210 Good splits: 205
Reward: 49953.5481544 Total splits: 212 Good splits: 207
Reward: 46737.2471259 Total splits: 208 Good splits: 204
Reward: 47906.2100355 Total splits: 215 Good splits: 212
Reward: 42243.8013268 Total splits: 192 Good splits: 185
Reward: 47741.9978887 Total splits: 224 Good splits: 220
Reward: 49703.3653419 Total splits: 208 Good splits: 202
Reward: 49741.1586112 Total splits: 218 Good splits: 213
Reward: 43427.6927197 Total splits: 205 Good splits: 202
Reward: 47702.7223241 Total splits: 228 Good splits: 226
Reward: 47006.1115991 Total splits: 209 Good splits: 205
Reward: 51333.4703678 Total splits: 209 Good splits: 204
Reward: 50798.7399039 Total splits: 209 Good splits: 201
Reward: 49897.0690309 Total splits: 221 Good splits: 216
Reward: 49820.892723 Total splits: 204 Good splits: 202
Reward: 50116.3063408 Total splits: 224 Good splits: 222
Reward: 45609.471661 Total splits: 209 Good splits: 202
Reward: 40141.3650199 Total splits: 212 Good splits: 207
Reward: 49143.0732247 Total splits: 230 Good splits: 227
Reward: 48841.3036064 Total splits: 221 Good splits: 217
Reward: 43911.6468037 Total splits: 201 Good splits: 197
Reward: 44482.261597 Total splits: 220 Good splits: 218
Reward: 49380.9799614 Total splits: 220 Good splits: 215
Reward: 47054.0993689 Total splits: 215 Good splits: 208
Reward: 49173.4423267 Total splits: 209 Good splits: 205
Reward: 50494.0840078 Total splits: 192 Good splits: 187
Reward: 46822.1012896 Total splits: 216 Good splits: 209
Reward: 47189.5719621 Total splits: 193 Good splits: 190
Reward: 47680.8366736 Total splits: 190 Good splits: 185
Reward: 48423.751265 Total splits: 215 Good splits: 211
Reward: 49210.49689 Total splits: 209 Good splits: 203
Reward: 49493.297155 Total splits: 220 Good splits: 215
Reward: 44100.0462084 Total splits: 213 Good splits: 212
Reward: 47362.1761978 Total splits: 211 Good splits: 202
Reward: 50785.2703395 Total splits: 222 Good splits: 216
Reward: 46131.0216374 Total splits: 202 Good splits: 200
Reward: 50323.4885863 Total splits: 219 Good splits: 209
Reward: 48983.7847831 Total splits: 227 Good splits: 222
Reward: 45989.9145065 Total splits: 208 Good splits: 206
Reward: 42118.1309443 Total splits: 209 Good splits: 207
Reward: 50133.2209513 Total splits: 204 Good splits: 194
Reward: 47792.8936011 Total splits: 201 Good splits: 195
Reward: 40464.0934606 Total splits: 213 Good splits: 209
Reward: 40423.050857 Total splits: 196 Good splits: 192
Reward: 50431.0068708 Total splits: 223 Good splits: 217
Reward: 48092.1804461 Total splits: 216 Good splits: 210
Reward: 49233.2886748 Total splits: 213 Good splits: 211
Reward: 47588.7689926 Total splits: 220 Good splits: 217
Reward: 49297.5598908 Total splits: 211 Good splits: 205
Reward: 46954.7862758 Total splits: 204 Good splits: 198
Reward: 49470.1793113 Total splits: 229 Good splits: 224
Reward: 45626.5129256 Total splits: 223 Good splits: 216
Reward: 48807.9078171 Total splits: 226 Good splits: 223
Reward: 49343.003092 Total splits: 211 Good splits: 209
Reward: 47076.3572026 Total splits: 209 Good splits: 206
Reward: 48692.1053009 Total splits: 200 Good splits: 197
Reward: 44046.1827882 Total splits: 198 Good splits: 191
Reward: 48809.6318921 Total splits: 206 Good splits: 205
Reward: 48470.3552525 Total splits: 208 Good splits: 204
Reward: 50779.144486 Total splits: 204 Good splits: 200
Reward: 50284.8660678 Total splits: 211 Good splits: 207
Reward: 47062.4439957 Total splits: 226 Good splits: 221
Reward: 45517.1028597 Total splits: 210 Good splits: 208
Reward: 45020.3810738 Total splits: 204 Good splits: 197
Reward: 46598.8183403 Total splits: 212 Good splits: 208
Reward: 47248.8361588 Total splits: 201 Good splits: 198
Reward: 46604.0382717 Total splits: 216 Good splits: 209
Reward: 47448.4693428 Total splits: 220 Good splits: 215
Reward: 51868.4579246 Total splits: 212 Good splits: 208
Reward: 42912.5096117 Total splits: 218 Good splits: 213
Reward: 48211.4882446 Total splits: 198 Good splits: 191
Reward: 50208.749688 Total splits: 206 Good splits: 200
Reward: 43227.6378681 Total splits: 207 Good splits: 201
Reward: 44628.6578232 Total splits: 205 Good splits: 199
Reward: 48213.07158 Total splits: 210 Good splits: 205
Reward: 43425.3103841 Total splits: 204 Good splits: 201
Reward: 50566.7248947 Total splits: 230 Good splits: 229
Reward: 49826.4595557 Total splits: 221 Good splits: 216
Reward: 46972.5798834 Total splits: 207 Good splits: 199
Reward: 44647.2147765 Total splits: 218 Good splits: 215
Reward: 49249.149564 Total splits: 206 Good splits: 198
Reward: 50676.3864172 Total splits: 208 Good splits: 202
Reward: 48464.0538223 Total splits: 206 Good splits: 199
Reward: 47701.7806633 Total splits: 222 Good splits: 218
Reward: 48998.9264249 Total splits: 204 Good splits: 201
Reward: 48222.853988 Total splits: 202 Good splits: 196
Reward: 50062.2805694 Total splits: 211 Good splits: 208
Reward: 48275.5993997 Total splits: 210 Good splits: 206
Reward: 46203.2391557 Total splits: 204 Good splits: 202
Reward: 46710.1462113 Total splits: 208 Good splits: 207
Reward: 47623.3464797 Total splits: 232 Good splits: 227
Reward: 49867.4179491 Total splits: 220 Good splits: 220
Reward: 48557.0013211 Total splits: 217 Good splits: 213
Reward: 50395.0943426 Total splits: 207 Good splits: 203
Reward: 49464.5757625 Total splits: 201 Good splits: 197
Reward: 46327.8025315 Total splits: 202 Good splits: 198
Reward: 46223.9928678 Total splits: 210 Good splits: 205
Reward: 48745.093453 Total splits: 220 Good splits: 215
Reward: 48593.0368266 Total splits: 197 Good splits: 190
Reward: 50334.9484564 Total splits: 214 Good splits: 206
Reward: 48358.3929156 Total splits: 211 Good splits: 207
Reward: 47441.9069675 Total splits: 211 Good splits: 203
Reward: 48880.846896 Total splits: 215 Good splits: 210
Reward: 46537.5368784 Total splits: 208 Good splits: 207
Reward: 47440.961738 Total splits: 230 Good splits: 224
Reward: 47589.464404 Total splits: 226 Good splits: 223
Reward: 49548.5525276 Total splits: 224 Good splits: 220
Reward: 46390.9672727 Total splits: 204 Good splits: 198
Reward: 45353.3160001 Total splits: 215 Good splits: 212
Reward: 43969.8948487 Total splits: 203 Good splits: 196
Reward: 49000.0475202 Total splits: 223 Good splits: 217
Reward: 48810.814004 Total splits: 201 Good splits: 196
Reward: 48914.1660568 Total splits: 210 Good splits: 205
Reward: 47749.3974187 Total splits: 216 Good splits: 214
Reward: 49267.914796 Total splits: 220 Good splits: 217
Reward: 43450.4182663 Total splits: 223 Good splits: 221
Reward: 43511.6788961 Total splits: 217 Good splits: 210
Reward: 49804.9825611 Total splits: 215 Good splits: 209
Reward: 44988.402277 Total splits: 208 Good splits: 201
Reward: 45217.8036449 Total splits: 202 Good splits: 197
Reward: 49104.0394776 Total splits: 216 Good splits: 210
Reward: 49770.5589304 Total splits: 225 Good splits: 220
Reward: 46440.5583579 Total splits: 230 Good splits: 228
Reward: 49817.161478 Total splits: 208 Good splits: 203
Reward: 48841.1701234 Total splits: 222 Good splits: 219
Reward: 49880.8764276 Total splits: 214 Good splits: 211
Reward: 48140.3192684 Total splits: 220 Good splits: 214
Reward: 46051.4177956 Total splits: 196 Good splits: 189
Reward: 49707.1426963 Total splits: 212 Good splits: 206
Reward: 44466.3241595 Total splits: 214 Good splits: 209
Reward: 49273.1090463 Total splits: 218 Good splits: 216
Reward: 50066.2916752 Total splits: 214 Good splits: 211
Reward: 50767.3405474 Total splits: 220 Good splits: 210
Reward: 49838.6750028 Total splits: 209 Good splits: 206
Reward: 46256.4761159 Total splits: 211 Good splits: 208
Reward: 48783.1640153 Total splits: 209 Good splits: 204
Reward: 44708.5483626 Total splits: 206 Good splits: 197
Reward: 49716.6658548 Total splits: 206 Good splits: 199
Reward: 46485.1636374 Total splits: 198 Good splits: 195
Reward: 49705.9421856 Total splits: 216 Good splits: 213
Reward: 45779.3221834 Total splits: 213 Good splits: 207
Reward: 46733.1372869 Total splits: 216 Good splits: 211
Reward: 49746.0564876 Total splits: 210 Good splits: 206
Reward: 50675.1571766 Total splits: 212 Good splits: 210
Reward: 49429.9356942 Total splits: 212 Good splits: 206
Reward: 49909.4461675 Total splits: 208 Good splits: 200

Results after 200 tests
Average total rewards : 47875.5655298
Average total splits  : 212.245
Average good splits   : 207.585
Average good splits % : 97.8044241325

