Reward: 48458.475436 Total splits: 263 Good splits: 254
Reward: 41143.4540709 Total splits: 257 Good splits: 247
Reward: 44148.018914 Total splits: 261 Good splits: 252
Reward: 47280.2577917 Total splits: 276 Good splits: 267
Reward: 45191.6521821 Total splits: 262 Good splits: 251
Reward: 48522.8559588 Total splits: 237 Good splits: 230
Reward: 47392.6835485 Total splits: 252 Good splits: 240
Reward: 49498.8315899 Total splits: 249 Good splits: 243
Reward: 46934.6428264 Total splits: 273 Good splits: 263
Reward: 48397.28013 Total splits: 250 Good splits: 236
Reward: 46625.1646782 Total splits: 287 Good splits: 273
Reward: 47950.2396592 Total splits: 266 Good splits: 255
Reward: 49953.6755086 Total splits: 275 Good splits: 267
Reward: 45540.6392631 Total splits: 274 Good splits: 264
Reward: 50247.7223044 Total splits: 276 Good splits: 264
Reward: 48990.6274044 Total splits: 273 Good splits: 259
Reward: 50335.1903786 Total splits: 285 Good splits: 275
Reward: 50489.6372461 Total splits: 254 Good splits: 246
Reward: 50742.4225321 Total splits: 255 Good splits: 243
Reward: 49056.7509735 Total splits: 249 Good splits: 238
Reward: 43681.6076146 Total splits: 271 Good splits: 264
Reward: 51356.6601736 Total splits: 271 Good splits: 266
Reward: 46588.1059631 Total splits: 288 Good splits: 278
Reward: 45811.5591902 Total splits: 263 Good splits: 251
Reward: 51715.1424619 Total splits: 280 Good splits: 273
Reward: 47475.0272638 Total splits: 267 Good splits: 258
Reward: 50072.8188144 Total splits: 264 Good splits: 258
Reward: 50505.1173836 Total splits: 256 Good splits: 250
Reward: 49416.6007351 Total splits: 275 Good splits: 268
Reward: 48591.4460518 Total splits: 239 Good splits: 228
Reward: 48043.8031468 Total splits: 257 Good splits: 245
Reward: 43211.9439317 Total splits: 268 Good splits: 257
Reward: 49566.9056508 Total splits: 264 Good splits: 255
Reward: 47279.2134707 Total splits: 269 Good splits: 256
Reward: 45428.3178301 Total splits: 278 Good splits: 268
Reward: 49949.4544565 Total splits: 277 Good splits: 265
Reward: 42114.9006899 Total splits: 258 Good splits: 248
Reward: 50317.3215502 Total splits: 263 Good splits: 250
Reward: 47237.5469709 Total splits: 266 Good splits: 258
Reward: 50971.4995501 Total splits: 257 Good splits: 244
Reward: 50272.6482972 Total splits: 263 Good splits: 257
Reward: 50767.1680435 Total splits: 273 Good splits: 264
Reward: 50457.6875688 Total splits: 237 Good splits: 229
Reward: 49277.0407141 Total splits: 242 Good splits: 233
Reward: 50618.8332661 Total splits: 289 Good splits: 278
Reward: 50022.0540382 Total splits: 279 Good splits: 265
Reward: 47726.1589449 Total splits: 259 Good splits: 245
Reward: 46064.9669926 Total splits: 274 Good splits: 268
Reward: 50042.7006952 Total splits: 274 Good splits: 267
Reward: 42870.0374729 Total splits: 270 Good splits: 261
Reward: 48022.1492082 Total splits: 284 Good splits: 274
Reward: 49963.1225968 Total splits: 275 Good splits: 269
Reward: 48359.9557207 Total splits: 270 Good splits: 259
Reward: 47885.3784434 Total splits: 265 Good splits: 250
Reward: 52064.4162647 Total splits: 256 Good splits: 245
Reward: 45583.5346147 Total splits: 260 Good splits: 246
Reward: 50509.7961964 Total splits: 263 Good splits: 254
Reward: 49667.8702902 Total splits: 266 Good splits: 253
Reward: 50624.9940024 Total splits: 275 Good splits: 265
Reward: 45989.2815396 Total splits: 268 Good splits: 259
Reward: 48158.2976327 Total splits: 263 Good splits: 254
Reward: 44881.9849505 Total splits: 282 Good splits: 275
Reward: 44928.3900692 Total splits: 270 Good splits: 265
Reward: 50483.6084795 Total splits: 246 Good splits: 237
Reward: 48759.6588611 Total splits: 246 Good splits: 234
Reward: 48186.2750197 Total splits: 276 Good splits: 269
Reward: 48797.4205671 Total splits: 243 Good splits: 234
Reward: 48008.9755524 Total splits: 257 Good splits: 247
Reward: 49977.2612265 Total splits: 253 Good splits: 244
Reward: 48782.0709541 Total splits: 279 Good splits: 270
Reward: 48578.1086071 Total splits: 274 Good splits: 262
Reward: 51174.5292272 Total splits: 252 Good splits: 245
Reward: 50141.6426363 Total splits: 272 Good splits: 266
Reward: 45958.1558116 Total splits: 238 Good splits: 226
Reward: 46344.0974933 Total splits: 239 Good splits: 233
Reward: 46652.2854121 Total splits: 258 Good splits: 247
Reward: 39618.833347 Total splits: 282 Good splits: 272
Reward: 48821.5552005 Total splits: 244 Good splits: 234
Reward: 48427.4806731 Total splits: 258 Good splits: 248
Reward: 46602.9169314 Total splits: 274 Good splits: 267
Reward: 47652.9797673 Total splits: 261 Good splits: 257
Reward: 42190.5410902 Total splits: 246 Good splits: 239
Reward: 49223.8744388 Total splits: 274 Good splits: 265
Reward: 48629.4153788 Total splits: 264 Good splits: 255
Reward: 45919.5303159 Total splits: 285 Good splits: 273
Reward: 47776.5809311 Total splits: 256 Good splits: 250
Reward: 48713.1103749 Total splits: 272 Good splits: 261
Reward: 50494.9693287 Total splits: 237 Good splits: 227
Reward: 50789.2687302 Total splits: 251 Good splits: 242
Reward: 51078.661438 Total splits: 268 Good splits: 265
Reward: 48009.1414729 Total splits: 257 Good splits: 243
Reward: 48019.8371714 Total splits: 243 Good splits: 229
Reward: 50874.7350436 Total splits: 245 Good splits: 242
Reward: 50540.2613811 Total splits: 281 Good splits: 270
Reward: 45750.6165025 Total splits: 274 Good splits: 262
Reward: 49500.9458365 Total splits: 261 Good splits: 248
Reward: 48290.0874702 Total splits: 280 Good splits: 274
Reward: 49935.6801725 Total splits: 265 Good splits: 253
Reward: 50793.2809002 Total splits: 245 Good splits: 242
Reward: 44598.6167359 Total splits: 251 Good splits: 247
Reward: 47495.4542596 Total splits: 268 Good splits: 261
Reward: 49122.614332 Total splits: 269 Good splits: 263
Reward: 50296.1866342 Total splits: 277 Good splits: 268
Reward: 43219.1403581 Total splits: 263 Good splits: 254
Reward: 49936.7711688 Total splits: 251 Good splits: 246
Reward: 46923.2372545 Total splits: 282 Good splits: 274
Reward: 50774.5942408 Total splits: 252 Good splits: 246
Reward: 48918.6268831 Total splits: 264 Good splits: 252
Reward: 48028.9356656 Total splits: 249 Good splits: 241
Reward: 47761.9412765 Total splits: 260 Good splits: 252
Reward: 48031.2972732 Total splits: 267 Good splits: 262
Reward: 47238.7338367 Total splits: 256 Good splits: 254
Reward: 46708.9976043 Total splits: 251 Good splits: 239
Reward: 46484.7593682 Total splits: 287 Good splits: 282
Reward: 47889.0185234 Total splits: 267 Good splits: 255
Reward: 49189.2690758 Total splits: 278 Good splits: 265
Reward: 49391.1336962 Total splits: 235 Good splits: 231
Reward: 45610.4426421 Total splits: 256 Good splits: 251
Reward: 48756.334091 Total splits: 269 Good splits: 260
Reward: 50158.6844102 Total splits: 261 Good splits: 255
Reward: 45283.763549 Total splits: 270 Good splits: 254
Reward: 48847.4765575 Total splits: 275 Good splits: 263
Reward: 49963.6929651 Total splits: 272 Good splits: 263
Reward: 48420.7480943 Total splits: 258 Good splits: 246
Reward: 50074.5952093 Total splits: 246 Good splits: 238
Reward: 47250.6536333 Total splits: 279 Good splits: 270
Reward: 48413.0153707 Total splits: 261 Good splits: 249
Reward: 47153.3616502 Total splits: 277 Good splits: 271
Reward: 46604.1878557 Total splits: 254 Good splits: 244
Reward: 49325.8355685 Total splits: 256 Good splits: 247
Reward: 46741.4854212 Total splits: 260 Good splits: 253
Reward: 45939.422076 Total splits: 283 Good splits: 275
Reward: 51609.0056027 Total splits: 274 Good splits: 263
Reward: 50754.8118101 Total splits: 277 Good splits: 265
Reward: 50142.8856627 Total splits: 277 Good splits: 270
Reward: 46950.6164989 Total splits: 282 Good splits: 276
Reward: 46088.1249363 Total splits: 267 Good splits: 260
Reward: 51094.6228339 Total splits: 283 Good splits: 276
Reward: 46821.8902368 Total splits: 276 Good splits: 265
Reward: 47920.0986883 Total splits: 282 Good splits: 269
Reward: 49315.3553247 Total splits: 282 Good splits: 269
Reward: 47596.1749669 Total splits: 239 Good splits: 227
Reward: 43685.8429119 Total splits: 258 Good splits: 246
Reward: 50309.0965041 Total splits: 244 Good splits: 238
Reward: 47406.3579475 Total splits: 272 Good splits: 261
Reward: 39083.2073692 Total splits: 258 Good splits: 252
Reward: 46059.0359781 Total splits: 258 Good splits: 249
Reward: 47975.3358069 Total splits: 250 Good splits: 240
Reward: 46534.0044155 Total splits: 270 Good splits: 259
Reward: 50513.8809383 Total splits: 276 Good splits: 260
Reward: 45513.3740648 Total splits: 268 Good splits: 262
Reward: 49819.5202744 Total splits: 249 Good splits: 232
Reward: 45826.8178243 Total splits: 259 Good splits: 246
Reward: 49023.5124994 Total splits: 224 Good splits: 219
Reward: 49403.4229326 Total splits: 267 Good splits: 261
Reward: 49380.9206678 Total splits: 273 Good splits: 259
Reward: 50089.0721624 Total splits: 266 Good splits: 260
Reward: 45608.5679557 Total splits: 284 Good splits: 276
Reward: 51434.881434 Total splits: 282 Good splits: 273
Reward: 50840.3662882 Total splits: 278 Good splits: 266
Reward: 47105.0804588 Total splits: 246 Good splits: 242
Reward: 50365.8605818 Total splits: 279 Good splits: 271
Reward: 50239.9419895 Total splits: 271 Good splits: 264
Reward: 51036.3436413 Total splits: 268 Good splits: 262
Reward: 47462.3171041 Total splits: 279 Good splits: 269
Reward: 49397.4027452 Total splits: 263 Good splits: 249
Reward: 46028.735988 Total splits: 248 Good splits: 240
Reward: 50378.9662121 Total splits: 252 Good splits: 242
Reward: 49589.8196173 Total splits: 244 Good splits: 236
Reward: 46460.8850048 Total splits: 246 Good splits: 238
Reward: 45216.9639425 Total splits: 273 Good splits: 256
Reward: 48947.5923526 Total splits: 279 Good splits: 269
Reward: 46591.8094345 Total splits: 273 Good splits: 266
Reward: 47444.4114631 Total splits: 290 Good splits: 289
Reward: 48468.9571189 Total splits: 262 Good splits: 247
Reward: 51569.4304182 Total splits: 269 Good splits: 261
Reward: 50028.9362698 Total splits: 264 Good splits: 257
Reward: 50317.6469394 Total splits: 265 Good splits: 256
Reward: 49592.881792 Total splits: 262 Good splits: 253
Reward: 50159.0030742 Total splits: 265 Good splits: 259
Reward: 50216.3407699 Total splits: 244 Good splits: 235
Reward: 45442.0075343 Total splits: 266 Good splits: 262
Reward: 45444.5171294 Total splits: 274 Good splits: 268
Reward: 47746.1359062 Total splits: 256 Good splits: 249
Reward: 45652.9331186 Total splits: 265 Good splits: 258
Reward: 46347.7881895 Total splits: 278 Good splits: 262
Reward: 47561.6340415 Total splits: 264 Good splits: 254
Reward: 40720.3130476 Total splits: 249 Good splits: 240
Reward: 50144.4975389 Total splits: 266 Good splits: 252
Reward: 49464.7754894 Total splits: 272 Good splits: 265
Reward: 46214.0381825 Total splits: 268 Good splits: 263
Reward: 49058.7796128 Total splits: 254 Good splits: 249
Reward: 42033.6788122 Total splits: 268 Good splits: 260
Reward: 44203.9987324 Total splits: 263 Good splits: 254
Reward: 50650.2321784 Total splits: 259 Good splits: 252
Reward: 49307.1970468 Total splits: 267 Good splits: 260
Reward: 48829.8829169 Total splits: 257 Good splits: 248
Reward: 46439.9604293 Total splits: 277 Good splits: 272
Reward: 50621.3234827 Total splits: 260 Good splits: 248
Reward: 47311.9139657 Total splits: 282 Good splits: 276

Results after 200 tests
Average total rewards : 48088.3042135
Average total splits  : 264.42
Average good splits   : 255.285
Average good splits % : 96.5452688904

