Reward: 43145.1313628 Total splits: 388 Good splits: 331
Reward: 43691.9530936 Total splits: 364 Good splits: 309
Reward: 50833.0704867 Total splits: 367 Good splits: 325
Reward: 43558.1175248 Total splits: 385 Good splits: 339
Reward: 49003.593143 Total splits: 344 Good splits: 307
Reward: 48809.4646095 Total splits: 363 Good splits: 302
Reward: 38215.4627147 Total splits: 346 Good splits: 303
Reward: 45720.9761538 Total splits: 370 Good splits: 309
Reward: 50578.5256569 Total splits: 363 Good splits: 318
Reward: 45000.2407156 Total splits: 328 Good splits: 282
Reward: 42762.9617478 Total splits: 413 Good splits: 346
Reward: 47551.3134588 Total splits: 334 Good splits: 280
Reward: 44138.9557723 Total splits: 361 Good splits: 315
Reward: 47260.843185 Total splits: 371 Good splits: 325
Reward: 46628.2026755 Total splits: 384 Good splits: 335
Reward: 50374.6688452 Total splits: 343 Good splits: 303
Reward: 47671.314091 Total splits: 362 Good splits: 307
Reward: 45280.1169984 Total splits: 357 Good splits: 303
Reward: 47407.1718086 Total splits: 393 Good splits: 349
Reward: 47544.5169781 Total splits: 386 Good splits: 321
Reward: 43579.5101283 Total splits: 307 Good splits: 272
Reward: 50809.5533627 Total splits: 363 Good splits: 315
Reward: 41767.8747851 Total splits: 413 Good splits: 352
Reward: 44887.4618152 Total splits: 389 Good splits: 336
Reward: 42621.8741873 Total splits: 337 Good splits: 299
Reward: 45999.9557711 Total splits: 351 Good splits: 308
Reward: 47124.3131109 Total splits: 345 Good splits: 293
Reward: 44528.8865553 Total splits: 405 Good splits: 334
Reward: 47027.673075 Total splits: 361 Good splits: 305
Reward: 45208.2663244 Total splits: 356 Good splits: 295
Reward: 42138.8246427 Total splits: 341 Good splits: 295
Reward: 42901.776191 Total splits: 362 Good splits: 318
Reward: 47405.2773223 Total splits: 369 Good splits: 324
Reward: 43446.9838976 Total splits: 317 Good splits: 264
Reward: 45596.6943015 Total splits: 363 Good splits: 308
Reward: 49007.3603394 Total splits: 394 Good splits: 335
Reward: 41539.9626379 Total splits: 345 Good splits: 278
Reward: 42255.409699 Total splits: 337 Good splits: 288
Reward: 51187.9526135 Total splits: 360 Good splits: 315
Reward: 44095.3134385 Total splits: 333 Good splits: 301
Reward: 49605.2912803 Total splits: 379 Good splits: 321
Reward: 42336.1136741 Total splits: 385 Good splits: 339
Reward: 46322.93624 Total splits: 349 Good splits: 286
Reward: 45316.5167801 Total splits: 316 Good splits: 279
Reward: 45271.0926237 Total splits: 355 Good splits: 304
Reward: 46561.4883787 Total splits: 379 Good splits: 329
Reward: 48031.1633255 Total splits: 366 Good splits: 306
Reward: 46562.2871873 Total splits: 328 Good splits: 277
Reward: 46709.2566216 Total splits: 385 Good splits: 326
Reward: 48901.9435652 Total splits: 410 Good splits: 350
Reward: 47215.6240602 Total splits: 394 Good splits: 346
Reward: 45927.1218551 Total splits: 397 Good splits: 341
Reward: 47036.191522 Total splits: 349 Good splits: 306
Reward: 49297.3090385 Total splits: 398 Good splits: 343
Reward: 46966.5484061 Total splits: 388 Good splits: 327
Reward: 45902.1145016 Total splits: 356 Good splits: 301
Reward: 48350.069125 Total splits: 372 Good splits: 332
Reward: 46754.4109107 Total splits: 337 Good splits: 284
Reward: 50109.6570608 Total splits: 394 Good splits: 351
Reward: 48162.7221901 Total splits: 415 Good splits: 362
Reward: 49301.8690189 Total splits: 331 Good splits: 300
Reward: 45134.4396272 Total splits: 369 Good splits: 319
Reward: 45962.1165031 Total splits: 367 Good splits: 304
Reward: 45778.0728297 Total splits: 315 Good splits: 274
Reward: 48777.8841114 Total splits: 356 Good splits: 313
Reward: 47215.9082304 Total splits: 406 Good splits: 359
Reward: 45451.0594902 Total splits: 370 Good splits: 322
Reward: 45289.3382816 Total splits: 346 Good splits: 303
Reward: 46832.9607668 Total splits: 373 Good splits: 310
Reward: 50615.1013211 Total splits: 426 Good splits: 356
Reward: 44099.0999258 Total splits: 342 Good splits: 295
Reward: 49451.6562508 Total splits: 417 Good splits: 350
Reward: 47788.0281677 Total splits: 345 Good splits: 305
Reward: 49239.6214262 Total splits: 364 Good splits: 312
Reward: 44945.3911148 Total splits: 389 Good splits: 326
Reward: 45575.3109876 Total splits: 333 Good splits: 300
Reward: 42260.2776322 Total splits: 314 Good splits: 267
Reward: 44127.8885295 Total splits: 335 Good splits: 288
Reward: 44372.8197186 Total splits: 361 Good splits: 325
Reward: 47966.3659239 Total splits: 349 Good splits: 306
Reward: 45423.4021457 Total splits: 395 Good splits: 338
Reward: 49235.4311123 Total splits: 373 Good splits: 323
Reward: 43984.0720701 Total splits: 318 Good splits: 278
Reward: 47243.5543916 Total splits: 344 Good splits: 288
Reward: 47937.2321398 Total splits: 364 Good splits: 311
Reward: 47192.6912514 Total splits: 347 Good splits: 288
Reward: 49899.0986251 Total splits: 376 Good splits: 329
Reward: 49026.1918713 Total splits: 381 Good splits: 320
Reward: 44035.5182925 Total splits: 393 Good splits: 345
Reward: 43374.2835657 Total splits: 331 Good splits: 293
Reward: 47188.7374224 Total splits: 349 Good splits: 297
Reward: 44492.3389294 Total splits: 348 Good splits: 298
Reward: 47947.5057521 Total splits: 368 Good splits: 311
Reward: 40910.3732844 Total splits: 328 Good splits: 275
Reward: 46234.6565898 Total splits: 388 Good splits: 325
Reward: 47934.2999586 Total splits: 315 Good splits: 277
Reward: 49706.4637142 Total splits: 372 Good splits: 320
Reward: 47299.3053535 Total splits: 355 Good splits: 303
Reward: 43425.1559591 Total splits: 399 Good splits: 343
Reward: 39830.5603285 Total splits: 336 Good splits: 270

Results after 100 tests
Average total rewards : 46221.5346618
Average total splits  : 363.1
Average good splits   : 312.2
Average good splits % : 85.9818231892

Reward: 45767.8262587 Total splits: 398 Good splits: 344
Reward: 45431.740437 Total splits: 366 Good splits: 308
Reward: 45305.9105236 Total splits: 409 Good splits: 351
Reward: 40626.4752066 Total splits: 335 Good splits: 288
Reward: 47371.0165753 Total splits: 339 Good splits: 292
Reward: 41926.1051802 Total splits: 339 Good splits: 293
Reward: 44874.8071343 Total splits: 403 Good splits: 340
Reward: 45964.9645286 Total splits: 365 Good splits: 296
Reward: 50646.5043886 Total splits: 397 Good splits: 335
Reward: 49546.9574582 Total splits: 361 Good splits: 318
Reward: 47538.7131949 Total splits: 371 Good splits: 324
Reward: 40845.9532126 Total splits: 315 Good splits: 275
Reward: 48102.379724 Total splits: 391 Good splits: 339
Reward: 43874.5899379 Total splits: 383 Good splits: 323
Reward: 46247.2370543 Total splits: 381 Good splits: 323
Reward: 42909.2637788 Total splits: 406 Good splits: 366
Reward: 38258.7181554 Total splits: 368 Good splits: 319
Reward: 48678.5585169 Total splits: 374 Good splits: 323
Reward: 48692.1797812 Total splits: 354 Good splits: 311
Reward: 45227.7526079 Total splits: 359 Good splits: 305
Reward: 49685.3310773 Total splits: 350 Good splits: 297
Reward: 49266.8636276 Total splits: 388 Good splits: 331
Reward: 49767.9201674 Total splits: 379 Good splits: 329
Reward: 48334.5889825 Total splits: 397 Good splits: 341
Reward: 48743.7225177 Total splits: 413 Good splits: 355
Reward: 50823.4752886 Total splits: 388 Good splits: 325
Reward: 49930.9770339 Total splits: 397 Good splits: 345
Reward: 49199.5022604 Total splits: 377 Good splits: 317
Reward: 47172.8980792 Total splits: 373 Good splits: 323
Reward: 47589.2650593 Total splits: 365 Good splits: 320
Reward: 41795.7738664 Total splits: 406 Good splits: 349
Reward: 45659.643235 Total splits: 353 Good splits: 319
Reward: 45980.6131808 Total splits: 370 Good splits: 316
Reward: 43345.908657 Total splits: 321 Good splits: 277
Reward: 47369.5510389 Total splits: 407 Good splits: 345
Reward: 47650.1200404 Total splits: 408 Good splits: 354
Reward: 45240.1740232 Total splits: 333 Good splits: 288
Reward: 49900.4698453 Total splits: 355 Good splits: 314
Reward: 48789.1581794 Total splits: 366 Good splits: 318
Reward: 50066.7010416 Total splits: 359 Good splits: 306
Reward: 48346.5992932 Total splits: 370 Good splits: 313
Reward: 44661.8434844 Total splits: 362 Good splits: 311
Reward: 47812.7125267 Total splits: 399 Good splits: 349
Reward: 50329.9902704 Total splits: 375 Good splits: 311
Reward: 43582.5159769 Total splits: 336 Good splits: 285
Reward: 40692.0756536 Total splits: 400 Good splits: 335
Reward: 49992.9027528 Total splits: 362 Good splits: 308
Reward: 49676.4181749 Total splits: 345 Good splits: 310
Reward: 47829.5366796 Total splits: 322 Good splits: 277
Reward: 45694.6549689 Total splits: 355 Good splits: 310
Reward: 46638.1998073 Total splits: 324 Good splits: 282
Reward: 47448.3286328 Total splits: 361 Good splits: 314
Reward: 45931.8277536 Total splits: 371 Good splits: 318
Reward: 47037.5470906 Total splits: 387 Good splits: 330
Reward: 43773.5760116 Total splits: 335 Good splits: 288
Reward: 46430.0705214 Total splits: 351 Good splits: 298
Reward: 40669.9229099 Total splits: 357 Good splits: 307
Reward: 48487.4948039 Total splits: 383 Good splits: 332
Reward: 49112.7946348 Total splits: 361 Good splits: 322
Reward: 41997.0851806 Total splits: 332 Good splits: 286
Reward: 49539.1972971 Total splits: 377 Good splits: 322
Reward: 46282.7937469 Total splits: 379 Good splits: 328
Reward: 45586.4455412 Total splits: 370 Good splits: 315
Reward: 41068.7465963 Total splits: 368 Good splits: 323
Reward: 46509.9783012 Total splits: 341 Good splits: 288
Reward: 46665.2210992 Total splits: 360 Good splits: 312
Reward: 43446.4044336 Total splits: 363 Good splits: 306
Reward: 38735.1070968 Total splits: 330 Good splits: 276
Reward: 39943.1444813 Total splits: 303 Good splits: 261
Reward: 47608.4450035 Total splits: 360 Good splits: 304
Reward: 44391.2443726 Total splits: 320 Good splits: 282
Reward: 48864.6374147 Total splits: 399 Good splits: 345
Reward: 51062.2542727 Total splits: 388 Good splits: 338
Reward: 48757.3886449 Total splits: 393 Good splits: 345
Reward: 42907.6756294 Total splits: 362 Good splits: 313
Reward: 48249.5146411 Total splits: 362 Good splits: 315
Reward: 45635.1210253 Total splits: 364 Good splits: 311
Reward: 49603.9711395 Total splits: 374 Good splits: 330
Reward: 47879.422955 Total splits: 373 Good splits: 315
Reward: 43602.2191417 Total splits: 327 Good splits: 279
Reward: 49619.5308169 Total splits: 399 Good splits: 340
Reward: 38051.6298434 Total splits: 377 Good splits: 329
Reward: 45904.5897412 Total splits: 365 Good splits: 320
Reward: 40435.2493392 Total splits: 324 Good splits: 277
Reward: 49154.7119944 Total splits: 387 Good splits: 331
Reward: 42668.1594156 Total splits: 326 Good splits: 279
Reward: 45182.4310837 Total splits: 416 Good splits: 357
Reward: 41804.365342 Total splits: 384 Good splits: 323
Reward: 47309.1542149 Total splits: 321 Good splits: 284
Reward: 42877.4792026 Total splits: 326 Good splits: 266
Reward: 40805.5207987 Total splits: 412 Good splits: 346
Reward: 48839.2816684 Total splits: 380 Good splits: 328
Reward: 45494.8566183 Total splits: 382 Good splits: 326
Reward: 50990.1919356 Total splits: 382 Good splits: 338
Reward: 46463.4144515 Total splits: 375 Good splits: 322
Reward: 47343.8091966 Total splits: 382 Good splits: 331
Reward: 48723.0506664 Total splits: 370 Good splits: 313
Reward: 48651.3742761 Total splits: 358 Good splits: 309
Reward: 49438.9595282 Total splits: 362 Good splits: 303
Reward: 46457.0399583 Total splits: 360 Good splits: 311

Results after 100 tests
Average total rewards : 46228.5014091
Average total splits  : 367.08
Average good splits   : 315.69
Average good splits % : 86.0003269042

