Reward: 46157.8747396 Total splits: 292 Good splits: 270
Reward: 49149.6756002 Total splits: 325 Good splits: 304
Reward: 49972.4426658 Total splits: 317 Good splits: 298
Reward: 42083.5782981 Total splits: 355 Good splits: 335
Reward: 51045.1409246 Total splits: 295 Good splits: 272
Reward: 46781.0611971 Total splits: 345 Good splits: 315
Reward: 50803.415803 Total splits: 304 Good splits: 288
Reward: 50379.7307086 Total splits: 325 Good splits: 303
Reward: 50730.6154237 Total splits: 317 Good splits: 298
Reward: 45783.0568574 Total splits: 302 Good splits: 283
Reward: 48308.9300155 Total splits: 318 Good splits: 301
Reward: 47530.7700185 Total splits: 318 Good splits: 301
Reward: 49616.3352316 Total splits: 310 Good splits: 295
Reward: 48715.9521175 Total splits: 280 Good splits: 261
Reward: 51703.0603999 Total splits: 311 Good splits: 289
Reward: 46816.3617492 Total splits: 313 Good splits: 297
Reward: 48983.5023761 Total splits: 324 Good splits: 299
Reward: 44756.5767961 Total splits: 278 Good splits: 258
Reward: 44858.012387 Total splits: 302 Good splits: 281
Reward: 47366.1737742 Total splits: 340 Good splits: 311
Reward: 46930.4732251 Total splits: 313 Good splits: 290
Reward: 47497.5067727 Total splits: 311 Good splits: 303
Reward: 48648.8758747 Total splits: 307 Good splits: 295
Reward: 49742.5960444 Total splits: 334 Good splits: 310
Reward: 49997.2189737 Total splits: 314 Good splits: 293
Reward: 50409.2227305 Total splits: 323 Good splits: 309
Reward: 51021.5843428 Total splits: 289 Good splits: 273
Reward: 48492.9285681 Total splits: 341 Good splits: 326
Reward: 49823.4397808 Total splits: 327 Good splits: 311
Reward: 43260.0463289 Total splits: 338 Good splits: 319
Reward: 50144.4907471 Total splits: 278 Good splits: 261
Reward: 48610.7425731 Total splits: 322 Good splits: 299
Reward: 48340.549355 Total splits: 298 Good splits: 278
Reward: 45584.0526644 Total splits: 298 Good splits: 277
Reward: 48239.5830607 Total splits: 302 Good splits: 281
Reward: 48479.219782 Total splits: 292 Good splits: 272
Reward: 45743.0676344 Total splits: 295 Good splits: 276
Reward: 47260.4309532 Total splits: 299 Good splits: 287
Reward: 44654.0828188 Total splits: 321 Good splits: 307
Reward: 43362.5435188 Total splits: 312 Good splits: 292
Reward: 48541.8004168 Total splits: 332 Good splits: 317
Reward: 45676.7654457 Total splits: 321 Good splits: 307
Reward: 47240.9571764 Total splits: 304 Good splits: 281
Reward: 49390.4940585 Total splits: 321 Good splits: 302
Reward: 48747.5187663 Total splits: 307 Good splits: 290
Reward: 47388.2802798 Total splits: 315 Good splits: 299
Reward: 50027.6227002 Total splits: 309 Good splits: 287
Reward: 46022.8520925 Total splits: 325 Good splits: 311
Reward: 42978.340659 Total splits: 319 Good splits: 296
Reward: 50193.3287656 Total splits: 330 Good splits: 308
Reward: 44233.0503598 Total splits: 307 Good splits: 296
Reward: 43523.0483839 Total splits: 286 Good splits: 262
Reward: 49540.7340253 Total splits: 317 Good splits: 298
Reward: 43136.8902611 Total splits: 294 Good splits: 276
Reward: 47291.0171833 Total splits: 290 Good splits: 262
Reward: 43235.0113156 Total splits: 330 Good splits: 307
Reward: 45510.9610303 Total splits: 305 Good splits: 288
Reward: 49213.2513968 Total splits: 286 Good splits: 263
Reward: 44785.433832 Total splits: 318 Good splits: 301
Reward: 50170.6240843 Total splits: 315 Good splits: 296
Reward: 51088.6207943 Total splits: 310 Good splits: 293
Reward: 45888.8918069 Total splits: 318 Good splits: 299
Reward: 49826.7469915 Total splits: 301 Good splits: 275
Reward: 48632.7470566 Total splits: 340 Good splits: 322
Reward: 47952.6453974 Total splits: 282 Good splits: 261
Reward: 47990.7317203 Total splits: 316 Good splits: 282
Reward: 45757.6561072 Total splits: 317 Good splits: 295
Reward: 51377.498637 Total splits: 296 Good splits: 285
Reward: 50392.0276595 Total splits: 309 Good splits: 287
Reward: 48558.9932043 Total splits: 286 Good splits: 269
Reward: 47136.3889375 Total splits: 320 Good splits: 305
Reward: 48727.460844 Total splits: 304 Good splits: 290
Reward: 45071.4764412 Total splits: 259 Good splits: 242
Reward: 51215.2278576 Total splits: 294 Good splits: 278
Reward: 47682.7153601 Total splits: 308 Good splits: 291
Reward: 50435.5667165 Total splits: 294 Good splits: 271
Reward: 51147.106816 Total splits: 329 Good splits: 314
Reward: 49878.0345369 Total splits: 290 Good splits: 271
Reward: 47501.5617649 Total splits: 294 Good splits: 281
Reward: 49027.792364 Total splits: 342 Good splits: 322
Reward: 51134.2209308 Total splits: 333 Good splits: 320
Reward: 51382.9838483 Total splits: 303 Good splits: 285
Reward: 49056.1840267 Total splits: 323 Good splits: 305
Reward: 47006.5483864 Total splits: 321 Good splits: 301
Reward: 49737.4660714 Total splits: 312 Good splits: 292
Reward: 51479.6180567 Total splits: 306 Good splits: 288
Reward: 50628.3077507 Total splits: 284 Good splits: 269
Reward: 45189.5096943 Total splits: 301 Good splits: 282
Reward: 50235.0225071 Total splits: 310 Good splits: 294
Reward: 48123.2833768 Total splits: 320 Good splits: 301
Reward: 46348.8065185 Total splits: 313 Good splits: 297
Reward: 47983.6583294 Total splits: 318 Good splits: 301
Reward: 47324.430955 Total splits: 320 Good splits: 288
Reward: 48205.0506205 Total splits: 333 Good splits: 309
Reward: 49331.5146979 Total splits: 301 Good splits: 281
Reward: 51585.5868509 Total splits: 336 Good splits: 316
Reward: 47965.9175947 Total splits: 291 Good splits: 274
Reward: 49765.7534137 Total splits: 280 Good splits: 265
Reward: 47602.0711283 Total splits: 300 Good splits: 279
Reward: 48913.7939425 Total splits: 297 Good splits: 274

Results after 100 tests
Average total rewards : 48089.2252478
Average total splits  : 310.27
Average good splits   : 291.19
Average good splits % : 93.8505172914

Reward: 49313.5597865 Total splits: 299 Good splits: 278
Reward: 48745.9427138 Total splits: 299 Good splits: 285
Reward: 45293.4691079 Total splits: 315 Good splits: 295
Reward: 50159.102071 Total splits: 288 Good splits: 267
Reward: 47021.594329 Total splits: 336 Good splits: 314
Reward: 47944.7362576 Total splits: 323 Good splits: 304
Reward: 45256.1069108 Total splits: 313 Good splits: 288
Reward: 51108.2612413 Total splits: 320 Good splits: 300
Reward: 49243.363802 Total splits: 318 Good splits: 296
Reward: 47932.2820946 Total splits: 336 Good splits: 317
Reward: 47276.4052758 Total splits: 306 Good splits: 273
Reward: 48512.6526083 Total splits: 283 Good splits: 266
Reward: 51651.4671984 Total splits: 311 Good splits: 288
Reward: 47665.74095 Total splits: 317 Good splits: 303
Reward: 47872.0944565 Total splits: 300 Good splits: 279
Reward: 49857.9066667 Total splits: 336 Good splits: 309
Reward: 46292.5449744 Total splits: 285 Good splits: 265
Reward: 49927.8726814 Total splits: 300 Good splits: 280
Reward: 46049.6492293 Total splits: 329 Good splits: 314
Reward: 48658.8643764 Total splits: 324 Good splits: 305
Reward: 48940.1370151 Total splits: 316 Good splits: 294
Reward: 50266.3699046 Total splits: 307 Good splits: 286
Reward: 35373.3288266 Total splits: 260 Good splits: 237
Reward: 48461.6174837 Total splits: 336 Good splits: 311
Reward: 47175.6043488 Total splits: 325 Good splits: 303
Reward: 46681.2391938 Total splits: 304 Good splits: 278
Reward: 48396.9732925 Total splits: 323 Good splits: 299
Reward: 49284.1198495 Total splits: 318 Good splits: 302
Reward: 50391.3548801 Total splits: 296 Good splits: 280
Reward: 49501.8255248 Total splits: 292 Good splits: 274
Reward: 47565.2228553 Total splits: 334 Good splits: 317
Reward: 45424.2267515 Total splits: 300 Good splits: 284
Reward: 46857.9638279 Total splits: 322 Good splits: 306
Reward: 47176.1989538 Total splits: 326 Good splits: 304
Reward: 50289.9096178 Total splits: 329 Good splits: 308
Reward: 48432.0061554 Total splits: 338 Good splits: 324
Reward: 51141.5622199 Total splits: 295 Good splits: 275
Reward: 51319.0415149 Total splits: 300 Good splits: 288
Reward: 48554.4990429 Total splits: 326 Good splits: 309
Reward: 51222.312481 Total splits: 299 Good splits: 281
Reward: 49738.0700583 Total splits: 305 Good splits: 292
Reward: 47773.9808105 Total splits: 288 Good splits: 270
Reward: 47664.4475489 Total splits: 345 Good splits: 329
Reward: 48693.1806246 Total splits: 296 Good splits: 269
Reward: 47323.1408524 Total splits: 331 Good splits: 313
Reward: 50009.0310981 Total splits: 276 Good splits: 261
Reward: 48591.8375853 Total splits: 297 Good splits: 276
Reward: 42722.1199887 Total splits: 308 Good splits: 286
Reward: 49961.4245322 Total splits: 277 Good splits: 260
Reward: 49874.2716623 Total splits: 314 Good splits: 294
Reward: 49397.4087276 Total splits: 312 Good splits: 298
Reward: 45397.3142701 Total splits: 304 Good splits: 290
Reward: 45636.9357136 Total splits: 296 Good splits: 275
Reward: 48289.7739349 Total splits: 333 Good splits: 308
Reward: 50178.7988725 Total splits: 307 Good splits: 287
Reward: 51158.8943913 Total splits: 336 Good splits: 306
Reward: 50847.6743848 Total splits: 280 Good splits: 261
Reward: 49692.912638 Total splits: 320 Good splits: 297
Reward: 46593.7335035 Total splits: 304 Good splits: 289
Reward: 43733.4492694 Total splits: 331 Good splits: 302
Reward: 44878.1844683 Total splits: 327 Good splits: 308
Reward: 47919.6657149 Total splits: 320 Good splits: 292
Reward: 49990.3296612 Total splits: 307 Good splits: 284
Reward: 48581.4568436 Total splits: 311 Good splits: 290
Reward: 51818.9073268 Total splits: 338 Good splits: 315
Reward: 48019.3933904 Total splits: 312 Good splits: 294
Reward: 47503.3750309 Total splits: 304 Good splits: 292
Reward: 47874.032888 Total splits: 294 Good splits: 274
Reward: 47308.6096151 Total splits: 318 Good splits: 297
Reward: 48324.2446994 Total splits: 322 Good splits: 299
Reward: 47955.9017534 Total splits: 310 Good splits: 290
Reward: 49315.3311348 Total splits: 315 Good splits: 297
Reward: 46326.2192725 Total splits: 306 Good splits: 290
Reward: 50839.5134769 Total splits: 304 Good splits: 289
Reward: 47172.7788038 Total splits: 312 Good splits: 300
Reward: 50870.8855599 Total splits: 311 Good splits: 280
Reward: 49307.9486579 Total splits: 320 Good splits: 295
Reward: 46074.5520087 Total splits: 283 Good splits: 257
Reward: 49724.684921 Total splits: 334 Good splits: 325
Reward: 46919.4736384 Total splits: 299 Good splits: 280
Reward: 50701.0513672 Total splits: 299 Good splits: 279
Reward: 50262.2865518 Total splits: 315 Good splits: 297
Reward: 49068.8887612 Total splits: 302 Good splits: 277
Reward: 49317.2823684 Total splits: 307 Good splits: 289
Reward: 47812.4906741 Total splits: 331 Good splits: 319
Reward: 41866.3069801 Total splits: 283 Good splits: 269
Reward: 49618.6400841 Total splits: 287 Good splits: 255
Reward: 42515.4550346 Total splits: 298 Good splits: 283
Reward: 48322.7455215 Total splits: 332 Good splits: 310
Reward: 48009.785344 Total splits: 302 Good splits: 277
Reward: 50312.0280989 Total splits: 324 Good splits: 306
Reward: 48103.6462041 Total splits: 296 Good splits: 285
Reward: 47016.310337 Total splits: 290 Good splits: 262
Reward: 49501.2176234 Total splits: 296 Good splits: 278
Reward: 47779.5369101 Total splits: 333 Good splits: 316
Reward: 47230.7504394 Total splits: 307 Good splits: 295
Reward: 49676.3752991 Total splits: 334 Good splits: 321
Reward: 47335.7117032 Total splits: 299 Good splits: 279
Reward: 47999.311031 Total splits: 310 Good splits: 291
Reward: 49371.9569102 Total splits: 330 Good splits: 311

Results after 100 tests
Average total rewards : 48200.6479705
Average total splits  : 310.66
Average good splits   : 290.96
Average good splits % : 93.6586622031

