Reward: 43060.8040095 Total splits: 405 Good splits: 300
Reward: 32531.5685027 Total splits: 431 Good splits: 310
Reward: 38272.5173915 Total splits: 347 Good splits: 302
Reward: 48630.4006305 Total splits: 425 Good splits: 313
Reward: 45418.7634189 Total splits: 403 Good splits: 319
Reward: 41834.4472027 Total splits: 393 Good splits: 290
Reward: 46107.6928264 Total splits: 435 Good splits: 328
Reward: 40289.1810492 Total splits: 326 Good splits: 282
Reward: 42432.1716236 Total splits: 359 Good splits: 306
Reward: 41084.0935019 Total splits: 355 Good splits: 292
Reward: 39348.1973686 Total splits: 377 Good splits: 301
Reward: 46851.173447 Total splits: 445 Good splits: 355
Reward: 43552.473575 Total splits: 410 Good splits: 335
Reward: 38369.5438134 Total splits: 357 Good splits: 283
Reward: 39988.0346722 Total splits: 367 Good splits: 297
Reward: 45079.2399062 Total splits: 436 Good splits: 326
Reward: 48179.657092 Total splits: 479 Good splits: 343
Reward: 38558.4016875 Total splits: 352 Good splits: 286
Reward: 44204.2471017 Total splits: 371 Good splits: 305
Reward: 40563.3066877 Total splits: 375 Good splits: 289
Reward: 45776.7316837 Total splits: 422 Good splits: 344
Reward: 42955.5044615 Total splits: 424 Good splits: 333
Reward: 35404.0969823 Total splits: 325 Good splits: 280
Reward: 47655.891044 Total splits: 418 Good splits: 325
Reward: 46642.3189118 Total splits: 379 Good splits: 301
Reward: 43927.6124487 Total splits: 413 Good splits: 294
Reward: 46655.4829475 Total splits: 400 Good splits: 313
Reward: 41419.0901258 Total splits: 363 Good splits: 299
Reward: 46097.3943388 Total splits: 385 Good splits: 305
Reward: 39032.0007507 Total splits: 338 Good splits: 297
Reward: 41077.2476095 Total splits: 424 Good splits: 322
Reward: 41200.5705784 Total splits: 431 Good splits: 339
Reward: 42871.0503541 Total splits: 484 Good splits: 333
Reward: 46251.5977166 Total splits: 421 Good splits: 316
Reward: 46398.7503293 Total splits: 458 Good splits: 328
Reward: 50110.8037939 Total splits: 463 Good splits: 349
Reward: 48512.4049613 Total splits: 425 Good splits: 323
Reward: 46785.3159616 Total splits: 412 Good splits: 314
Reward: 41634.0350909 Total splits: 362 Good splits: 299
Reward: 38276.0653862 Total splits: 362 Good splits: 303
Reward: 44630.7550805 Total splits: 399 Good splits: 315
Reward: 40090.8956784 Total splits: 462 Good splits: 348
Reward: 40519.3630693 Total splits: 361 Good splits: 305
Reward: 35178.3540707 Total splits: 317 Good splits: 286
Reward: 43932.5637665 Total splits: 400 Good splits: 308
Reward: 39851.3128865 Total splits: 343 Good splits: 269
Reward: 41415.6861399 Total splits: 371 Good splits: 304
Reward: 42960.6908927 Total splits: 438 Good splits: 328
Reward: 48173.0680528 Total splits: 376 Good splits: 320
Reward: 37657.4307631 Total splits: 355 Good splits: 289
Reward: 43446.419511 Total splits: 419 Good splits: 325
Reward: 38181.4292309 Total splits: 397 Good splits: 304
Reward: 45604.1675887 Total splits: 444 Good splits: 307
Reward: 46704.6452254 Total splits: 406 Good splits: 306
Reward: 35909.7943044 Total splits: 313 Good splits: 264
Reward: 47900.8867425 Total splits: 418 Good splits: 316
Reward: 39185.7423361 Total splits: 375 Good splits: 298
Reward: 42505.4253091 Total splits: 461 Good splits: 339
Reward: 44677.6410979 Total splits: 389 Good splits: 310
Reward: 45816.4088159 Total splits: 385 Good splits: 318
Reward: 42593.9620565 Total splits: 341 Good splits: 298
Reward: 45966.0717787 Total splits: 439 Good splits: 316
Reward: 42520.8922028 Total splits: 383 Good splits: 288
Reward: 39142.8298543 Total splits: 392 Good splits: 303
Reward: 40899.5662237 Total splits: 426 Good splits: 325
Reward: 45299.4841296 Total splits: 366 Good splits: 283
Reward: 39628.9222025 Total splits: 347 Good splits: 293
Reward: 39384.8704841 Total splits: 370 Good splits: 302
Reward: 39362.8085401 Total splits: 428 Good splits: 329
Reward: 44079.7885356 Total splits: 403 Good splits: 304
Reward: 42001.444135 Total splits: 347 Good splits: 278
Reward: 48167.2263658 Total splits: 444 Good splits: 346
Reward: 48187.7375149 Total splits: 412 Good splits: 316
Reward: 40240.2812291 Total splits: 428 Good splits: 323
Reward: 42305.8653042 Total splits: 379 Good splits: 314
Reward: 41005.7412003 Total splits: 307 Good splits: 245
Reward: 45091.0274273 Total splits: 435 Good splits: 325
Reward: 46876.8188018 Total splits: 390 Good splits: 325
Reward: 48214.5241588 Total splits: 414 Good splits: 300
Reward: 35490.3030338 Total splits: 315 Good splits: 278
Reward: 45206.5804075 Total splits: 430 Good splits: 314
Reward: 41410.8739799 Total splits: 358 Good splits: 299
Reward: 43025.1485416 Total splits: 384 Good splits: 306
Reward: 45865.2730879 Total splits: 415 Good splits: 307
Reward: 37014.3487513 Total splits: 371 Good splits: 304
Reward: 45838.6136551 Total splits: 418 Good splits: 322
Reward: 45034.9186535 Total splits: 425 Good splits: 342
Reward: 40293.8234498 Total splits: 376 Good splits: 295
Reward: 39130.4186067 Total splits: 391 Good splits: 311
Reward: 43840.5486426 Total splits: 385 Good splits: 307
Reward: 43367.3055596 Total splits: 427 Good splits: 326
Reward: 41999.0073441 Total splits: 375 Good splits: 300
Reward: 36923.606281 Total splits: 358 Good splits: 307
Reward: 46048.0802406 Total splits: 426 Good splits: 312
Reward: 47831.8626064 Total splits: 433 Good splits: 310
Reward: 42695.5237053 Total splits: 357 Good splits: 277
Reward: 38991.1229625 Total splits: 450 Good splits: 342
Reward: 43797.4499442 Total splits: 380 Good splits: 271
Reward: 41727.1134617 Total splits: 409 Good splits: 318
Reward: 45569.9729354 Total splits: 376 Good splits: 294

Results after 100 tests
Average total rewards : 42794.5431954
Average total splits  : 394.96
Average good splits   : 308.93
Average good splits % : 78.2180473972

Reward: 40604.2202798 Total splits: 387 Good splits: 293
Reward: 45539.0484344 Total splits: 336 Good splits: 279
Reward: 37187.6748642 Total splits: 377 Good splits: 291
Reward: 37481.8241897 Total splits: 325 Good splits: 275
Reward: 40738.1045233 Total splits: 422 Good splits: 316
Reward: 44055.6823695 Total splits: 473 Good splits: 349
Reward: 44365.3463011 Total splits: 391 Good splits: 312
Reward: 36903.2184613 Total splits: 411 Good splits: 311
Reward: 47866.3943777 Total splits: 390 Good splits: 310
Reward: 40455.5561994 Total splits: 333 Good splits: 274
Reward: 46536.150661 Total splits: 377 Good splits: 304
Reward: 45333.2047253 Total splits: 378 Good splits: 295
Reward: 45721.5836434 Total splits: 319 Good splits: 272
Reward: 44385.6210916 Total splits: 434 Good splits: 323
Reward: 49447.4668978 Total splits: 414 Good splits: 328
Reward: 41246.9900486 Total splits: 384 Good splits: 340
Reward: 34392.2849414 Total splits: 385 Good splits: 306
Reward: 44792.4774412 Total splits: 431 Good splits: 333
Reward: 44227.9506733 Total splits: 414 Good splits: 318
Reward: 49874.2966546 Total splits: 439 Good splits: 321
Reward: 44487.6990041 Total splits: 371 Good splits: 307
Reward: 41190.7518651 Total splits: 339 Good splits: 280
Reward: 41144.2190139 Total splits: 478 Good splits: 354
Reward: 46841.9291516 Total splits: 440 Good splits: 323
Reward: 45369.9106602 Total splits: 433 Good splits: 326
Reward: 48834.4179131 Total splits: 407 Good splits: 301
Reward: 47203.3401314 Total splits: 439 Good splits: 334
Reward: 44174.473248 Total splits: 395 Good splits: 304
Reward: 36567.4922854 Total splits: 369 Good splits: 300
Reward: 45131.3617455 Total splits: 401 Good splits: 321
Reward: 42547.2319538 Total splits: 440 Good splits: 318
Reward: 44824.9281055 Total splits: 369 Good splits: 305
Reward: 41548.5729283 Total splits: 358 Good splits: 285
Reward: 43974.5720145 Total splits: 351 Good splits: 283
Reward: 44497.0291683 Total splits: 461 Good splits: 337
Reward: 46561.148219 Total splits: 459 Good splits: 342
Reward: 38475.2678373 Total splits: 361 Good splits: 311
Reward: 48305.9134428 Total splits: 425 Good splits: 325
Reward: 45215.7892042 Total splits: 384 Good splits: 312
Reward: 41912.1916568 Total splits: 375 Good splits: 306
Reward: 44394.8537625 Total splits: 472 Good splits: 371
Reward: 43034.3642546 Total splits: 429 Good splits: 321
Reward: 37579.0803618 Total splits: 333 Good splits: 288
Reward: 44854.1805631 Total splits: 386 Good splits: 284
Reward: 41831.7276797 Total splits: 385 Good splits: 312
Reward: 34758.7211705 Total splits: 397 Good splits: 324
Reward: 47525.9267335 Total splits: 403 Good splits: 311
Reward: 43991.6567137 Total splits: 369 Good splits: 308
Reward: 39153.7295858 Total splits: 307 Good splits: 273
Reward: 42474.9097665 Total splits: 398 Good splits: 336
Reward: 39144.1328647 Total splits: 363 Good splits: 307
Reward: 47801.987707 Total splits: 413 Good splits: 307
Reward: 43123.515213 Total splits: 336 Good splits: 267
Reward: 42033.1804131 Total splits: 429 Good splits: 326
Reward: 46009.52292 Total splits: 443 Good splits: 321
Reward: 43768.7041286 Total splits: 482 Good splits: 349
Reward: 40017.9547221 Total splits: 336 Good splits: 277
Reward: 41764.2199303 Total splits: 351 Good splits: 291
Reward: 41570.2493656 Total splits: 359 Good splits: 286
Reward: 42690.84064 Total splits: 373 Good splits: 301
Reward: 45621.5912936 Total splits: 446 Good splits: 336
Reward: 47928.9679812 Total splits: 440 Good splits: 318
Reward: 46328.2294045 Total splits: 385 Good splits: 311
Reward: 49462.0712468 Total splits: 422 Good splits: 330
Reward: 36668.8569864 Total splits: 372 Good splits: 298
Reward: 45488.6500528 Total splits: 359 Good splits: 279
Reward: 40499.757237 Total splits: 347 Good splits: 310
Reward: 40041.8627508 Total splits: 366 Good splits: 312
Reward: 46606.3894757 Total splits: 423 Good splits: 326
Reward: 42278.5124661 Total splits: 359 Good splits: 284
Reward: 45539.5194368 Total splits: 496 Good splits: 381
Reward: 41162.45364 Total splits: 412 Good splits: 295
Reward: 49468.6210853 Total splits: 418 Good splits: 339
Reward: 37898.1186212 Total splits: 418 Good splits: 324
Reward: 36473.7401995 Total splits: 412 Good splits: 320
Reward: 39565.015538 Total splits: 418 Good splits: 329
Reward: 42142.1441187 Total splits: 367 Good splits: 301
Reward: 47435.6892576 Total splits: 421 Good splits: 302
Reward: 42933.6676844 Total splits: 374 Good splits: 315
Reward: 45274.2643546 Total splits: 369 Good splits: 307
Reward: 38831.1274512 Total splits: 419 Good splits: 301
Reward: 37200.9862884 Total splits: 314 Good splits: 271
Reward: 40970.0322203 Total splits: 441 Good splits: 329
Reward: 37971.4812035 Total splits: 351 Good splits: 287
Reward: 43657.6978574 Total splits: 422 Good splits: 318
Reward: 43596.7619583 Total splits: 364 Good splits: 291
Reward: 45260.9282031 Total splits: 429 Good splits: 326
Reward: 46848.7077903 Total splits: 375 Good splits: 304
Reward: 44507.8522096 Total splits: 405 Good splits: 306
Reward: 37292.9864923 Total splits: 338 Good splits: 282
Reward: 48917.2593029 Total splits: 441 Good splits: 334
Reward: 41272.5684206 Total splits: 349 Good splits: 289
Reward: 48631.0013856 Total splits: 379 Good splits: 315
Reward: 38188.0651029 Total splits: 367 Good splits: 306
Reward: 43793.6240393 Total splits: 362 Good splits: 291
Reward: 44399.8628541 Total splits: 431 Good splits: 348
Reward: 45150.1472653 Total splits: 381 Good splits: 320
Reward: 45203.6915294 Total splits: 424 Good splits: 319
Reward: 43747.6480818 Total splits: 470 Good splits: 322
Reward: 48750.211317 Total splits: 448 Good splits: 349

Results after 100 tests
Average total rewards : 43204.9755863
Average total splits  : 395.73
Average good splits   : 311.09
Average good splits % : 78.6116796806

