Reward: 44269.1189542 Total splits: 273 Good splits: 259
Reward: 51214.411453 Total splits: 289 Good splits: 270
Reward: 48024.3683088 Total splits: 309 Good splits: 295
Reward: 45630.611878 Total splits: 264 Good splits: 258
Reward: 49403.0291872 Total splits: 288 Good splits: 265
Reward: 45213.3096795 Total splits: 268 Good splits: 252
Reward: 49962.9453626 Total splits: 272 Good splits: 263
Reward: 51144.6078342 Total splits: 290 Good splits: 270
Reward: 45713.3736992 Total splits: 282 Good splits: 267
Reward: 48345.108317 Total splits: 301 Good splits: 285
Reward: 50188.331157 Total splits: 295 Good splits: 284
Reward: 45203.1702165 Total splits: 309 Good splits: 300
Reward: 47344.4705961 Total splits: 315 Good splits: 306
Reward: 40592.4473696 Total splits: 259 Good splits: 250
Reward: 46441.7146699 Total splits: 279 Good splits: 267
Reward: 46683.078526 Total splits: 282 Good splits: 267
Reward: 50831.7182668 Total splits: 279 Good splits: 269
Reward: 47627.1321743 Total splits: 297 Good splits: 286
Reward: 51249.1727781 Total splits: 298 Good splits: 283
Reward: 48335.7632897 Total splits: 256 Good splits: 243
Reward: 49268.2851537 Total splits: 280 Good splits: 263
Reward: 45915.4839663 Total splits: 306 Good splits: 298
Reward: 48933.2145007 Total splits: 289 Good splits: 275
Reward: 47836.6092043 Total splits: 279 Good splits: 268
Reward: 49788.8487277 Total splits: 311 Good splits: 298
Reward: 47947.6937264 Total splits: 286 Good splits: 277
Reward: 45435.3910992 Total splits: 290 Good splits: 266
Reward: 49498.1981626 Total splits: 299 Good splits: 285
Reward: 49694.877672 Total splits: 276 Good splits: 266
Reward: 51084.6639682 Total splits: 270 Good splits: 254
Reward: 49242.0838818 Total splits: 278 Good splits: 267
Reward: 46258.1067024 Total splits: 273 Good splits: 263
Reward: 48105.6589335 Total splits: 268 Good splits: 256
Reward: 50298.0037609 Total splits: 288 Good splits: 272
Reward: 47101.9129698 Total splits: 277 Good splits: 266
Reward: 51858.5513517 Total splits: 297 Good splits: 284
Reward: 51251.6144482 Total splits: 294 Good splits: 283
Reward: 49431.8407865 Total splits: 292 Good splits: 283
Reward: 46271.9222418 Total splits: 300 Good splits: 285
Reward: 46413.4603337 Total splits: 283 Good splits: 265
Reward: 46219.6882654 Total splits: 284 Good splits: 270
Reward: 49869.1434907 Total splits: 297 Good splits: 286
Reward: 50691.2433245 Total splits: 266 Good splits: 258
Reward: 45348.4247294 Total splits: 284 Good splits: 269
Reward: 47141.3547692 Total splits: 301 Good splits: 297
Reward: 48190.9225936 Total splits: 261 Good splits: 252
Reward: 49469.3259708 Total splits: 285 Good splits: 272
Reward: 42516.1259906 Total splits: 249 Good splits: 236
Reward: 49811.6034835 Total splits: 254 Good splits: 240
Reward: 47833.0359228 Total splits: 292 Good splits: 275
Reward: 51074.623825 Total splits: 304 Good splits: 292
Reward: 48078.5635418 Total splits: 277 Good splits: 267
Reward: 46299.9264758 Total splits: 297 Good splits: 285
Reward: 44218.6950506 Total splits: 295 Good splits: 283
Reward: 50502.520035 Total splits: 265 Good splits: 237
Reward: 45934.5551964 Total splits: 313 Good splits: 296
Reward: 47812.8967305 Total splits: 301 Good splits: 288
Reward: 49962.3376119 Total splits: 276 Good splits: 259
Reward: 49996.6768762 Total splits: 295 Good splits: 283
Reward: 49620.6752818 Total splits: 292 Good splits: 279
Reward: 46773.7813295 Total splits: 302 Good splits: 287
Reward: 50569.3808683 Total splits: 279 Good splits: 265
Reward: 49065.7368582 Total splits: 280 Good splits: 264
Reward: 47544.7102981 Total splits: 284 Good splits: 273
Reward: 46844.9636311 Total splits: 312 Good splits: 288
Reward: 47130.8556935 Total splits: 285 Good splits: 269
Reward: 47797.2214068 Total splits: 295 Good splits: 282
Reward: 49514.4906135 Total splits: 299 Good splits: 289
Reward: 49179.3817915 Total splits: 280 Good splits: 262
Reward: 45987.8878795 Total splits: 307 Good splits: 296
Reward: 47143.4685782 Total splits: 302 Good splits: 288
Reward: 47057.8612103 Total splits: 314 Good splits: 304
Reward: 44468.7394484 Total splits: 279 Good splits: 262
Reward: 49086.1526109 Total splits: 275 Good splits: 263
Reward: 46869.1820927 Total splits: 277 Good splits: 268
Reward: 48169.8537848 Total splits: 278 Good splits: 263
Reward: 42577.074371 Total splits: 249 Good splits: 234
Reward: 46279.7436655 Total splits: 287 Good splits: 280
Reward: 50368.5856775 Total splits: 285 Good splits: 277
Reward: 49300.3307055 Total splits: 300 Good splits: 292
Reward: 50095.0104276 Total splits: 290 Good splits: 279
Reward: 48595.4709442 Total splits: 288 Good splits: 277
Reward: 46838.1362003 Total splits: 272 Good splits: 260
Reward: 50348.6242957 Total splits: 280 Good splits: 267
Reward: 41808.9814403 Total splits: 319 Good splits: 309
Reward: 45229.2734154 Total splits: 284 Good splits: 274
Reward: 48633.4132042 Total splits: 273 Good splits: 258
Reward: 49449.2082934 Total splits: 294 Good splits: 282
Reward: 45377.4452245 Total splits: 284 Good splits: 274
Reward: 50043.740947 Total splits: 267 Good splits: 247
Reward: 50174.540791 Total splits: 272 Good splits: 256
Reward: 48509.9657549 Total splits: 302 Good splits: 293
Reward: 49301.3455378 Total splits: 301 Good splits: 294
Reward: 48582.7543012 Total splits: 293 Good splits: 280
Reward: 49860.0035794 Total splits: 266 Good splits: 247
Reward: 50495.3653341 Total splits: 288 Good splits: 278
Reward: 43914.0491878 Total splits: 285 Good splits: 269
Reward: 49905.7139531 Total splits: 275 Good splits: 266
Reward: 50275.9832884 Total splits: 302 Good splits: 287
Reward: 50216.7578681 Total splits: 264 Good splits: 255

Results after 100 tests
Average total rewards : 48050.3183098
Average total splits  : 285.97
Average good splits   : 272.95
Average good splits % : 95.447074868

Reward: 49327.7214392 Total splits: 275 Good splits: 261
Reward: 48989.2928603 Total splits: 275 Good splits: 262
Reward: 49895.7541539 Total splits: 258 Good splits: 249
Reward: 47190.8464075 Total splits: 285 Good splits: 263
Reward: 48354.6588093 Total splits: 303 Good splits: 282
Reward: 50572.2094644 Total splits: 303 Good splits: 294
Reward: 49838.6796688 Total splits: 298 Good splits: 288
Reward: 44684.8731719 Total splits: 285 Good splits: 269
Reward: 49646.225992 Total splits: 271 Good splits: 261
Reward: 51373.9968678 Total splits: 307 Good splits: 293
Reward: 48322.3877058 Total splits: 291 Good splits: 284
Reward: 49694.5698512 Total splits: 299 Good splits: 284
Reward: 49519.7737056 Total splits: 290 Good splits: 276
Reward: 49805.8473348 Total splits: 291 Good splits: 279
Reward: 43724.7470285 Total splits: 271 Good splits: 261
Reward: 49262.6441884 Total splits: 294 Good splits: 282
Reward: 47680.5968366 Total splits: 288 Good splits: 271
Reward: 48404.3223842 Total splits: 288 Good splits: 278
Reward: 47624.6717551 Total splits: 286 Good splits: 278
Reward: 46581.4648971 Total splits: 282 Good splits: 267
Reward: 49517.3306629 Total splits: 292 Good splits: 274
Reward: 50600.8576376 Total splits: 260 Good splits: 244
Reward: 47035.198945 Total splits: 292 Good splits: 283
Reward: 45939.8236716 Total splits: 287 Good splits: 274
Reward: 48860.9069157 Total splits: 262 Good splits: 250
Reward: 49969.5435316 Total splits: 258 Good splits: 246
Reward: 46912.4999568 Total splits: 283 Good splits: 271
Reward: 50624.6950037 Total splits: 269 Good splits: 258
Reward: 49718.6673418 Total splits: 270 Good splits: 261
Reward: 50277.4262038 Total splits: 280 Good splits: 263
Reward: 49074.8060311 Total splits: 305 Good splits: 286
Reward: 49788.9530291 Total splits: 271 Good splits: 264
Reward: 50929.6491843 Total splits: 273 Good splits: 256
Reward: 48476.06624 Total splits: 295 Good splits: 279
Reward: 43168.2519709 Total splits: 256 Good splits: 234
Reward: 45822.0693044 Total splits: 259 Good splits: 240
Reward: 45278.8198239 Total splits: 261 Good splits: 248
Reward: 47518.9067875 Total splits: 249 Good splits: 238
Reward: 48677.801512 Total splits: 252 Good splits: 239
Reward: 48975.1753788 Total splits: 274 Good splits: 262
Reward: 48300.8169256 Total splits: 267 Good splits: 256
Reward: 50054.3517591 Total splits: 284 Good splits: 272
Reward: 47553.5358989 Total splits: 291 Good splits: 272
Reward: 49544.714439 Total splits: 304 Good splits: 283
Reward: 51006.0563312 Total splits: 269 Good splits: 257
Reward: 49451.3804466 Total splits: 253 Good splits: 234
Reward: 42692.6147011 Total splits: 268 Good splits: 257
Reward: 47997.9592645 Total splits: 280 Good splits: 265
Reward: 46687.0986584 Total splits: 299 Good splits: 286
Reward: 50600.6342916 Total splits: 266 Good splits: 247
Reward: 45046.2146667 Total splits: 280 Good splits: 270
Reward: 45399.9248212 Total splits: 292 Good splits: 281
Reward: 46430.9979776 Total splits: 289 Good splits: 269
Reward: 49590.0494144 Total splits: 288 Good splits: 276
Reward: 44836.862401 Total splits: 292 Good splits: 280
Reward: 44166.2809563 Total splits: 304 Good splits: 291
Reward: 44419.3694124 Total splits: 277 Good splits: 263
Reward: 45306.4037318 Total splits: 310 Good splits: 291
Reward: 48942.8700013 Total splits: 310 Good splits: 294
Reward: 47179.677979 Total splits: 305 Good splits: 292
Reward: 48035.6199514 Total splits: 266 Good splits: 255
Reward: 49232.1631501 Total splits: 289 Good splits: 283
Reward: 43066.1029142 Total splits: 265 Good splits: 250
Reward: 48815.4943226 Total splits: 298 Good splits: 282
Reward: 50105.4366611 Total splits: 263 Good splits: 257
Reward: 47606.3577359 Total splits: 293 Good splits: 276
Reward: 49362.8642772 Total splits: 290 Good splits: 270
Reward: 46550.2626078 Total splits: 293 Good splits: 283
Reward: 49929.1368343 Total splits: 324 Good splits: 310
Reward: 49996.0600647 Total splits: 275 Good splits: 256
Reward: 46550.7363352 Total splits: 280 Good splits: 267
Reward: 49874.6116499 Total splits: 281 Good splits: 267
Reward: 45950.5948894 Total splits: 283 Good splits: 270
Reward: 47809.458318 Total splits: 266 Good splits: 249
Reward: 44222.2805654 Total splits: 276 Good splits: 265
Reward: 49062.2979975 Total splits: 294 Good splits: 276
Reward: 48115.286435 Total splits: 286 Good splits: 272
Reward: 47310.6203395 Total splits: 297 Good splits: 285
Reward: 49973.6638822 Total splits: 266 Good splits: 256
Reward: 46344.4121261 Total splits: 288 Good splits: 274
Reward: 51811.001083 Total splits: 281 Good splits: 269
Reward: 47088.5164396 Total splits: 282 Good splits: 274
Reward: 46707.9928379 Total splits: 277 Good splits: 261
Reward: 50742.5954148 Total splits: 258 Good splits: 247
Reward: 49535.8327771 Total splits: 299 Good splits: 290
Reward: 50264.5949537 Total splits: 285 Good splits: 275
Reward: 44375.88111 Total splits: 289 Good splits: 275
Reward: 47622.8013952 Total splits: 275 Good splits: 266
Reward: 50206.0853292 Total splits: 281 Good splits: 264
Reward: 42015.7628016 Total splits: 228 Good splits: 212
Reward: 51144.8429094 Total splits: 307 Good splits: 292
Reward: 48538.9265941 Total splits: 307 Good splits: 296
Reward: 48066.3357236 Total splits: 296 Good splits: 281
Reward: 46650.043071 Total splits: 270 Good splits: 259
Reward: 50145.7577762 Total splits: 294 Good splits: 279
Reward: 46906.385228 Total splits: 279 Good splits: 271
Reward: 44022.6563302 Total splits: 263 Good splits: 252
Reward: 45273.5691091 Total splits: 266 Good splits: 250
Reward: 45307.9649271 Total splits: 244 Good splits: 223
Reward: 52326.9967491 Total splits: 292 Good splits: 283

Results after 100 tests
Average total rewards : 47995.3855135
Average total splits  : 281.62
Average good splits   : 268.1
Average good splits % : 95.1992046019

