Reward: 45699.7092661 Total splits: 395 Good splits: 329
Reward: 42272.439159 Total splits: 382 Good splits: 319
Reward: 35745.1449848 Total splits: 342 Good splits: 285
Reward: 47402.8187587 Total splits: 455 Good splits: 354
Reward: 41250.931304 Total splits: 399 Good splits: 326
Reward: 46349.3893146 Total splits: 465 Good splits: 363
Reward: 46195.9546507 Total splits: 415 Good splits: 354
Reward: 48424.6179308 Total splits: 411 Good splits: 345
Reward: 44180.5688592 Total splits: 424 Good splits: 322
Reward: 38935.2365445 Total splits: 360 Good splits: 285
Reward: 36275.1579135 Total splits: 373 Good splits: 312
Reward: 44969.2185467 Total splits: 433 Good splits: 329
Reward: 43227.5688166 Total splits: 451 Good splits: 320
Reward: 39354.772819 Total splits: 391 Good splits: 331
Reward: 46554.4906211 Total splits: 448 Good splits: 332
Reward: 46392.6206506 Total splits: 497 Good splits: 364
Reward: 45174.7165254 Total splits: 417 Good splits: 346
Reward: 42403.563495 Total splits: 473 Good splits: 365
Reward: 44123.5575119 Total splits: 396 Good splits: 330
Reward: 40360.7405261 Total splits: 376 Good splits: 325
Reward: 42520.7811407 Total splits: 439 Good splits: 363
Reward: 43764.4065061 Total splits: 400 Good splits: 337
Reward: 42411.7728131 Total splits: 376 Good splits: 328
Reward: 47169.782038 Total splits: 475 Good splits: 371
Reward: 46665.4967244 Total splits: 398 Good splits: 330
Reward: 37505.0977491 Total splits: 421 Good splits: 355
Reward: 41160.1175815 Total splits: 420 Good splits: 357
Reward: 43166.2536637 Total splits: 432 Good splits: 347
Reward: 42330.3899545 Total splits: 361 Good splits: 308
Reward: 41910.6573363 Total splits: 442 Good splits: 361
Reward: 46678.0596643 Total splits: 423 Good splits: 347
Reward: 45326.1063638 Total splits: 410 Good splits: 341
Reward: 41974.5718811 Total splits: 395 Good splits: 327
Reward: 39212.1424315 Total splits: 375 Good splits: 316
Reward: 43991.7264998 Total splits: 440 Good splits: 355
Reward: 44096.4188567 Total splits: 430 Good splits: 327
Reward: 41513.8801886 Total splits: 346 Good splits: 299
Reward: 40401.4784163 Total splits: 449 Good splits: 348
Reward: 45623.4921997 Total splits: 433 Good splits: 363
Reward: 42708.0939764 Total splits: 365 Good splits: 297
Reward: 44787.5344443 Total splits: 461 Good splits: 387
Reward: 45020.9257643 Total splits: 415 Good splits: 341
Reward: 47495.5176782 Total splits: 492 Good splits: 388
Reward: 35000.4017643 Total splits: 405 Good splits: 355
Reward: 40263.6950312 Total splits: 397 Good splits: 341
Reward: 45356.3077972 Total splits: 416 Good splits: 363
Reward: 45103.9454359 Total splits: 441 Good splits: 358
Reward: 47428.7430773 Total splits: 430 Good splits: 363
Reward: 44151.3509904 Total splits: 387 Good splits: 325
Reward: 42118.6844624 Total splits: 408 Good splits: 307
Reward: 45903.9241426 Total splits: 464 Good splits: 365
Reward: 37128.6208702 Total splits: 426 Good splits: 353
Reward: 41457.5104159 Total splits: 413 Good splits: 338
Reward: 39745.4884845 Total splits: 397 Good splits: 318
Reward: 47760.0657091 Total splits: 490 Good splits: 371
Reward: 43372.042775 Total splits: 442 Good splits: 349
Reward: 43982.0873552 Total splits: 361 Good splits: 303
Reward: 40483.0662454 Total splits: 370 Good splits: 314
Reward: 38855.5362603 Total splits: 365 Good splits: 327
Reward: 45460.5675858 Total splits: 459 Good splits: 350
Reward: 42353.7474218 Total splits: 375 Good splits: 330
Reward: 47433.3659353 Total splits: 473 Good splits: 363
Reward: 40802.0377923 Total splits: 410 Good splits: 341
Reward: 39406.3574657 Total splits: 342 Good splits: 289
Reward: 47295.8493195 Total splits: 457 Good splits: 363
Reward: 38749.9746252 Total splits: 376 Good splits: 297
Reward: 41119.9144789 Total splits: 369 Good splits: 322
Reward: 44628.7839169 Total splits: 424 Good splits: 327
Reward: 39167.1192804 Total splits: 391 Good splits: 325
Reward: 41401.2987538 Total splits: 441 Good splits: 371
Reward: 47438.7151423 Total splits: 485 Good splits: 364
Reward: 46864.480227 Total splits: 503 Good splits: 386
Reward: 41970.6752094 Total splits: 378 Good splits: 313
Reward: 32434.303048 Total splits: 384 Good splits: 330
Reward: 40919.7448675 Total splits: 445 Good splits: 357
Reward: 42500.7913039 Total splits: 427 Good splits: 363
Reward: 35960.0496038 Total splits: 344 Good splits: 305
Reward: 42264.4210512 Total splits: 404 Good splits: 340
Reward: 42942.6641088 Total splits: 451 Good splits: 350
Reward: 42236.176632 Total splits: 412 Good splits: 340
Reward: 45292.8285281 Total splits: 438 Good splits: 334
Reward: 39002.9190867 Total splits: 387 Good splits: 319
Reward: 44164.7891204 Total splits: 473 Good splits: 372
Reward: 40499.9164509 Total splits: 472 Good splits: 364
Reward: 34683.4835272 Total splits: 393 Good splits: 352
Reward: 45310.9189611 Total splits: 431 Good splits: 344
Reward: 43446.2475248 Total splits: 421 Good splits: 331
Reward: 43400.3214845 Total splits: 467 Good splits: 364
Reward: 48016.0843037 Total splits: 438 Good splits: 328
Reward: 44180.7498622 Total splits: 380 Good splits: 314
Reward: 45452.4065725 Total splits: 394 Good splits: 293
Reward: 42386.3740799 Total splits: 409 Good splits: 312
Reward: 45208.8128663 Total splits: 457 Good splits: 349
Reward: 43461.0314266 Total splits: 446 Good splits: 337
Reward: 43908.5121345 Total splits: 361 Good splits: 299
Reward: 44246.0898602 Total splits: 441 Good splits: 355
Reward: 44073.5443175 Total splits: 437 Good splits: 351
Reward: 48109.856492 Total splits: 452 Good splits: 351
Reward: 42676.7966993 Total splits: 378 Good splits: 334
Reward: 45708.1688569 Total splits: 463 Good splits: 366
Reward: 44032.8893852 Total splits: 457 Good splits: 353
Reward: 41190.229725 Total splits: 431 Good splits: 362
Reward: 38583.8807413 Total splits: 424 Good splits: 359
Reward: 39454.330966 Total splits: 451 Good splits: 353
Reward: 41620.6894216 Total splits: 430 Good splits: 324
Reward: 39907.2954853 Total splits: 407 Good splits: 319
Reward: 40887.0130503 Total splits: 422 Good splits: 354
Reward: 42451.1161064 Total splits: 460 Good splits: 367
Reward: 49196.0731689 Total splits: 458 Good splits: 351
Reward: 42144.4423644 Total splits: 425 Good splits: 349
Reward: 42992.9149713 Total splits: 354 Good splits: 304
Reward: 40736.9261402 Total splits: 394 Good splits: 324
Reward: 39545.5892193 Total splits: 364 Good splits: 309
Reward: 41600.0006669 Total splits: 424 Good splits: 343
Reward: 45845.5887551 Total splits: 433 Good splits: 344
Reward: 33344.1782695 Total splits: 399 Good splits: 350
Reward: 44073.5643333 Total splits: 471 Good splits: 352
Reward: 41421.455817 Total splits: 438 Good splits: 359
Reward: 41873.2974395 Total splits: 477 Good splits: 353
Reward: 45096.8855341 Total splits: 395 Good splits: 330
Reward: 37612.904865 Total splits: 386 Good splits: 321
Reward: 38221.107579 Total splits: 412 Good splits: 340
Reward: 36732.2647349 Total splits: 447 Good splits: 356
Reward: 48525.930952 Total splits: 419 Good splits: 339
Reward: 40523.4995787 Total splits: 380 Good splits: 329
Reward: 44012.0900637 Total splits: 449 Good splits: 350
Reward: 38527.93156 Total splits: 450 Good splits: 361
Reward: 43461.8834932 Total splits: 405 Good splits: 345
Reward: 48445.8339242 Total splits: 425 Good splits: 357
Reward: 43065.3378281 Total splits: 427 Good splits: 346
Reward: 37060.8909923 Total splits: 371 Good splits: 320
Reward: 45454.5137297 Total splits: 407 Good splits: 343
Reward: 41045.1315043 Total splits: 491 Good splits: 363
Reward: 47905.1642486 Total splits: 430 Good splits: 342
Reward: 35657.6215188 Total splits: 385 Good splits: 331
Reward: 46430.2010669 Total splits: 396 Good splits: 342
Reward: 43817.5773445 Total splits: 465 Good splits: 370
Reward: 47339.0432529 Total splits: 471 Good splits: 384
Reward: 46046.8862983 Total splits: 433 Good splits: 321
Reward: 33822.5150383 Total splits: 340 Good splits: 304
Reward: 44113.9218228 Total splits: 397 Good splits: 330
Reward: 40702.2673038 Total splits: 399 Good splits: 325
Reward: 40242.5046139 Total splits: 408 Good splits: 327
Reward: 43420.6169364 Total splits: 384 Good splits: 314
Reward: 45884.9060369 Total splits: 392 Good splits: 351
Reward: 46023.9574928 Total splits: 437 Good splits: 355
Reward: 35534.6532555 Total splits: 401 Good splits: 336
Reward: 42928.5902271 Total splits: 476 Good splits: 358
Reward: 37227.8757378 Total splits: 355 Good splits: 318
Reward: 43301.373127 Total splits: 464 Good splits: 370
Reward: 41577.0387279 Total splits: 423 Good splits: 334
Reward: 35067.8700422 Total splits: 411 Good splits: 316
Reward: 46138.5006305 Total splits: 422 Good splits: 339
Reward: 40477.7091083 Total splits: 375 Good splits: 333
Reward: 39273.7621832 Total splits: 402 Good splits: 337
Reward: 42321.3745041 Total splits: 389 Good splits: 329
Reward: 41487.1077027 Total splits: 474 Good splits: 350
Reward: 47799.6240055 Total splits: 492 Good splits: 380
Reward: 41312.6874573 Total splits: 376 Good splits: 326
Reward: 36689.7230713 Total splits: 398 Good splits: 342
Reward: 42837.9797048 Total splits: 419 Good splits: 356
Reward: 42775.0365767 Total splits: 435 Good splits: 357
Reward: 37304.8684725 Total splits: 410 Good splits: 317
Reward: 38742.4745147 Total splits: 432 Good splits: 329
Reward: 44505.9696335 Total splits: 457 Good splits: 380
Reward: 51198.1376178 Total splits: 468 Good splits: 333
Reward: 41639.9230771 Total splits: 405 Good splits: 343
Reward: 42376.8191285 Total splits: 395 Good splits: 332
Reward: 42127.6087296 Total splits: 410 Good splits: 334
Reward: 44843.7583095 Total splits: 393 Good splits: 339
Reward: 47650.2482841 Total splits: 466 Good splits: 362
Reward: 44431.1525385 Total splits: 449 Good splits: 324
Reward: 46188.1959078 Total splits: 424 Good splits: 342
Reward: 42588.9269474 Total splits: 479 Good splits: 365
Reward: 44321.064484 Total splits: 419 Good splits: 361
Reward: 42544.6377657 Total splits: 413 Good splits: 356
Reward: 40200.6712805 Total splits: 375 Good splits: 322
Reward: 43622.5652078 Total splits: 366 Good splits: 318
Reward: 42511.8439763 Total splits: 433 Good splits: 357
Reward: 43823.7016467 Total splits: 410 Good splits: 337
Reward: 40751.0333928 Total splits: 495 Good splits: 377
Reward: 41023.1061729 Total splits: 452 Good splits: 368
Reward: 44051.2945874 Total splits: 494 Good splits: 385
Reward: 36420.0566244 Total splits: 360 Good splits: 307
Reward: 41094.2152583 Total splits: 391 Good splits: 335
Reward: 44754.8886465 Total splits: 396 Good splits: 330
Reward: 44924.3503446 Total splits: 449 Good splits: 356
Reward: 40936.3682892 Total splits: 435 Good splits: 354
Reward: 45431.4192266 Total splits: 512 Good splits: 366
Reward: 42543.7707436 Total splits: 361 Good splits: 291
Reward: 46152.8805193 Total splits: 459 Good splits: 366
Reward: 46346.6204516 Total splits: 437 Good splits: 365
Reward: 43436.3092477 Total splits: 413 Good splits: 336
Reward: 45409.4673874 Total splits: 433 Good splits: 370
Reward: 43444.548391 Total splits: 419 Good splits: 337
Reward: 37264.8871795 Total splits: 382 Good splits: 328
Reward: 48530.9837292 Total splits: 458 Good splits: 367
Reward: 43526.9579254 Total splits: 477 Good splits: 341
Reward: 41491.9239608 Total splits: 464 Good splits: 335
Reward: 45091.6013452 Total splits: 486 Good splits: 390

Results after 200 tests
Average total rewards : 42687.5765258
Average total splits  : 421.05
Average good splits   : 341.175
Average good splits % : 81.0295689348

