Reward: 49638.2953647 Total splits: 270 Good splits: 264
Reward: 49023.9728362 Total splits: 268 Good splits: 257
Reward: 41527.3939352 Total splits: 302 Good splits: 298
Reward: 47783.8528703 Total splits: 303 Good splits: 290
Reward: 46196.0566574 Total splits: 291 Good splits: 285
Reward: 47989.0293115 Total splits: 280 Good splits: 266
Reward: 45992.4239658 Total splits: 304 Good splits: 297
Reward: 48845.5925594 Total splits: 303 Good splits: 293
Reward: 45780.5978939 Total splits: 293 Good splits: 282
Reward: 48768.3769805 Total splits: 259 Good splits: 251
Reward: 48336.8873598 Total splits: 287 Good splits: 269
Reward: 51630.6326826 Total splits: 295 Good splits: 285
Reward: 50369.8633414 Total splits: 274 Good splits: 264
Reward: 48108.2626171 Total splits: 271 Good splits: 260
Reward: 50196.0958063 Total splits: 263 Good splits: 248
Reward: 44517.8289621 Total splits: 284 Good splits: 273
Reward: 48885.0876452 Total splits: 297 Good splits: 286
Reward: 47049.0572307 Total splits: 278 Good splits: 266
Reward: 51229.6345009 Total splits: 303 Good splits: 290
Reward: 51210.8588974 Total splits: 294 Good splits: 274
Reward: 51409.5353586 Total splits: 278 Good splits: 270
Reward: 46652.5299589 Total splits: 276 Good splits: 262
Reward: 48654.1477909 Total splits: 278 Good splits: 267
Reward: 45714.5071782 Total splits: 312 Good splits: 297
Reward: 48343.6633117 Total splits: 283 Good splits: 274
Reward: 47789.6361084 Total splits: 297 Good splits: 280
Reward: 49042.4985035 Total splits: 283 Good splits: 273
Reward: 51043.3193844 Total splits: 274 Good splits: 266
Reward: 50267.8480131 Total splits: 292 Good splits: 280
Reward: 51706.9957615 Total splits: 296 Good splits: 282
Reward: 48088.6689192 Total splits: 294 Good splits: 280
Reward: 49558.490728 Total splits: 299 Good splits: 282
Reward: 45660.4304948 Total splits: 294 Good splits: 279
Reward: 49262.4557606 Total splits: 308 Good splits: 293
Reward: 45487.0851921 Total splits: 273 Good splits: 263
Reward: 49572.6980372 Total splits: 309 Good splits: 295
Reward: 50310.2060306 Total splits: 297 Good splits: 278
Reward: 49914.45653 Total splits: 255 Good splits: 246
Reward: 49581.2410164 Total splits: 272 Good splits: 259
Reward: 48434.1052186 Total splits: 293 Good splits: 285
Reward: 49605.8656221 Total splits: 286 Good splits: 271
Reward: 50219.785416 Total splits: 293 Good splits: 281
Reward: 48454.4845719 Total splits: 285 Good splits: 275
Reward: 48113.8039074 Total splits: 276 Good splits: 265
Reward: 46264.7551371 Total splits: 309 Good splits: 299
Reward: 47917.861756 Total splits: 314 Good splits: 303
Reward: 49517.8426067 Total splits: 291 Good splits: 282
Reward: 50801.3336973 Total splits: 301 Good splits: 286
Reward: 50638.052113 Total splits: 303 Good splits: 289
Reward: 46845.4052061 Total splits: 324 Good splits: 312
Reward: 49225.0507574 Total splits: 295 Good splits: 283
Reward: 48760.1357176 Total splits: 279 Good splits: 268
Reward: 50612.1618446 Total splits: 271 Good splits: 264
Reward: 47341.8473122 Total splits: 310 Good splits: 298
Reward: 46921.1987654 Total splits: 266 Good splits: 248
Reward: 49236.9231229 Total splits: 279 Good splits: 269
Reward: 52045.7817134 Total splits: 282 Good splits: 262
Reward: 49664.4578141 Total splits: 280 Good splits: 269
Reward: 47307.4359064 Total splits: 301 Good splits: 295
Reward: 43586.0537212 Total splits: 308 Good splits: 293
Reward: 49706.4966613 Total splits: 301 Good splits: 289
Reward: 50070.6200308 Total splits: 299 Good splits: 289
Reward: 46372.4927761 Total splits: 285 Good splits: 273
Reward: 47899.4958936 Total splits: 276 Good splits: 262
Reward: 45629.7487849 Total splits: 268 Good splits: 254
Reward: 46586.7309126 Total splits: 287 Good splits: 275
Reward: 50888.2955506 Total splits: 270 Good splits: 254
Reward: 46706.8620015 Total splits: 297 Good splits: 292
Reward: 50332.4822494 Total splits: 302 Good splits: 296
Reward: 50440.9593371 Total splits: 292 Good splits: 277
Reward: 46107.5789241 Total splits: 308 Good splits: 291
Reward: 40672.4757759 Total splits: 289 Good splits: 277
Reward: 49415.1240432 Total splits: 296 Good splits: 282
Reward: 49278.0228502 Total splits: 298 Good splits: 282
Reward: 49257.3502186 Total splits: 315 Good splits: 309
Reward: 50710.1899632 Total splits: 299 Good splits: 296
Reward: 46534.3618048 Total splits: 271 Good splits: 259
Reward: 47674.5665083 Total splits: 290 Good splits: 276
Reward: 46826.7543792 Total splits: 301 Good splits: 291
Reward: 49945.4329301 Total splits: 284 Good splits: 277
Reward: 48070.8772213 Total splits: 284 Good splits: 274
Reward: 49248.7537634 Total splits: 295 Good splits: 290
Reward: 48109.1298231 Total splits: 290 Good splits: 272
Reward: 50486.1494116 Total splits: 288 Good splits: 283
Reward: 49805.9496578 Total splits: 279 Good splits: 266
Reward: 49399.3284691 Total splits: 296 Good splits: 287
Reward: 45399.5926409 Total splits: 294 Good splits: 283
Reward: 48669.9244648 Total splits: 269 Good splits: 259
Reward: 46027.3055412 Total splits: 305 Good splits: 287
Reward: 43794.6629705 Total splits: 306 Good splits: 296
Reward: 47620.6192257 Total splits: 309 Good splits: 302
Reward: 46307.8328069 Total splits: 300 Good splits: 291
Reward: 46052.4104197 Total splits: 276 Good splits: 263
Reward: 45021.621314 Total splits: 289 Good splits: 283
Reward: 48681.8588624 Total splits: 269 Good splits: 253
Reward: 47350.9521382 Total splits: 270 Good splits: 261
Reward: 43519.0117352 Total splits: 289 Good splits: 276
Reward: 49776.4133698 Total splits: 250 Good splits: 237
Reward: 43782.9362542 Total splits: 294 Good splits: 284
Reward: 47836.116095 Total splits: 277 Good splits: 259
Reward: 49663.66607 Total splits: 306 Good splits: 297
Reward: 50148.9408458 Total splits: 311 Good splits: 296
Reward: 50288.3378465 Total splits: 280 Good splits: 266
Reward: 48874.4764042 Total splits: 304 Good splits: 295
Reward: 45831.5908486 Total splits: 265 Good splits: 254
Reward: 46864.257588 Total splits: 274 Good splits: 260
Reward: 45166.0938569 Total splits: 277 Good splits: 267
Reward: 50306.5273202 Total splits: 265 Good splits: 253
Reward: 50527.4738575 Total splits: 308 Good splits: 295
Reward: 46461.182726 Total splits: 285 Good splits: 276
Reward: 48265.1845766 Total splits: 300 Good splits: 286
Reward: 51490.229524 Total splits: 257 Good splits: 244
Reward: 49141.8891172 Total splits: 298 Good splits: 290
Reward: 46454.5407817 Total splits: 296 Good splits: 285
Reward: 50789.7984497 Total splits: 266 Good splits: 262
Reward: 47279.866081 Total splits: 257 Good splits: 248
Reward: 50217.3396218 Total splits: 283 Good splits: 274
Reward: 51128.902865 Total splits: 298 Good splits: 286
Reward: 47412.7488286 Total splits: 284 Good splits: 270
Reward: 50080.1616352 Total splits: 280 Good splits: 271
Reward: 49135.4140053 Total splits: 274 Good splits: 258
Reward: 50365.4176869 Total splits: 309 Good splits: 295
Reward: 50739.1360485 Total splits: 288 Good splits: 275
Reward: 45438.8356434 Total splits: 276 Good splits: 263
Reward: 45550.6464403 Total splits: 315 Good splits: 307
Reward: 48159.4824162 Total splits: 286 Good splits: 271
Reward: 46036.5300641 Total splits: 254 Good splits: 235
Reward: 44870.5318205 Total splits: 261 Good splits: 243
Reward: 46619.7435567 Total splits: 268 Good splits: 259
Reward: 46931.4768813 Total splits: 284 Good splits: 277
Reward: 42228.8738869 Total splits: 289 Good splits: 276
Reward: 48691.6436749 Total splits: 292 Good splits: 278
Reward: 47779.4675777 Total splits: 317 Good splits: 306
Reward: 47891.541429 Total splits: 307 Good splits: 298
Reward: 46908.0474411 Total splits: 276 Good splits: 263
Reward: 49231.1039294 Total splits: 299 Good splits: 289
Reward: 49362.9634044 Total splits: 296 Good splits: 283
Reward: 49292.7107972 Total splits: 271 Good splits: 261
Reward: 50179.3801321 Total splits: 250 Good splits: 244
Reward: 49899.7750397 Total splits: 310 Good splits: 298
Reward: 51754.4519209 Total splits: 279 Good splits: 269
Reward: 45975.6268416 Total splits: 301 Good splits: 289
Reward: 49318.295079 Total splits: 315 Good splits: 305
Reward: 51134.1469929 Total splits: 279 Good splits: 263
Reward: 51831.5079296 Total splits: 279 Good splits: 272
Reward: 44531.1841526 Total splits: 280 Good splits: 270
Reward: 48795.8586085 Total splits: 282 Good splits: 271
Reward: 48114.6246472 Total splits: 276 Good splits: 264
Reward: 49593.6875664 Total splits: 299 Good splits: 283
Reward: 49466.0038382 Total splits: 284 Good splits: 272
Reward: 49800.7781391 Total splits: 264 Good splits: 248
Reward: 50012.1301878 Total splits: 292 Good splits: 283
Reward: 50066.0109807 Total splits: 282 Good splits: 270
Reward: 50266.4661509 Total splits: 301 Good splits: 293
Reward: 45731.5384386 Total splits: 298 Good splits: 285
Reward: 46279.4606364 Total splits: 281 Good splits: 272
Reward: 51167.2807619 Total splits: 298 Good splits: 284
Reward: 49720.1118691 Total splits: 292 Good splits: 281
Reward: 50168.1035456 Total splits: 277 Good splits: 264
Reward: 49030.9734394 Total splits: 289 Good splits: 276
Reward: 48171.8171058 Total splits: 288 Good splits: 271
Reward: 48805.0433435 Total splits: 292 Good splits: 278
Reward: 47760.5098971 Total splits: 284 Good splits: 273
Reward: 51200.7801059 Total splits: 293 Good splits: 285
Reward: 50752.8596796 Total splits: 303 Good splits: 294
Reward: 50012.359274 Total splits: 294 Good splits: 287
Reward: 49510.692818 Total splits: 280 Good splits: 272
Reward: 48364.0679955 Total splits: 252 Good splits: 236
Reward: 45629.98875 Total splits: 291 Good splits: 281
Reward: 51062.508431 Total splits: 295 Good splits: 272
Reward: 49488.4851267 Total splits: 311 Good splits: 302
Reward: 49235.4066113 Total splits: 276 Good splits: 262
Reward: 49451.0388426 Total splits: 302 Good splits: 283
Reward: 48743.871556 Total splits: 292 Good splits: 279
Reward: 47422.4673114 Total splits: 271 Good splits: 261
Reward: 50401.621127 Total splits: 276 Good splits: 269
Reward: 49838.3586076 Total splits: 277 Good splits: 268
Reward: 49446.7509237 Total splits: 309 Good splits: 293
Reward: 46825.4913641 Total splits: 297 Good splits: 288
Reward: 48628.2568534 Total splits: 293 Good splits: 280
Reward: 46289.0386792 Total splits: 295 Good splits: 285
Reward: 45651.8721616 Total splits: 264 Good splits: 257
Reward: 49694.3038772 Total splits: 288 Good splits: 282
Reward: 51076.3298598 Total splits: 279 Good splits: 272
Reward: 48316.6340825 Total splits: 270 Good splits: 256
Reward: 49549.0790266 Total splits: 279 Good splits: 260
Reward: 49197.0279072 Total splits: 267 Good splits: 248
Reward: 49142.240093 Total splits: 307 Good splits: 297
Reward: 44298.4642556 Total splits: 299 Good splits: 288
Reward: 51393.2707414 Total splits: 303 Good splits: 288
Reward: 49114.3224905 Total splits: 291 Good splits: 272
Reward: 50349.1211396 Total splits: 301 Good splits: 288
Reward: 49510.5704922 Total splits: 284 Good splits: 273
Reward: 45657.6238182 Total splits: 283 Good splits: 271
Reward: 42680.523922 Total splits: 285 Good splits: 275
Reward: 48617.4313233 Total splits: 280 Good splits: 266
Reward: 50083.5262773 Total splits: 293 Good splits: 285
Reward: 50337.2772914 Total splits: 285 Good splits: 268
Reward: 50403.3918827 Total splits: 286 Good splits: 274
Reward: 48362.5368502 Total splits: 281 Good splits: 272

Results after 200 tests
Average total rewards : 48418.0658977
Average total splits  : 287.76
Average good splits   : 276.035
Average good splits % : 95.9254239644

