Reward: 48319.7896364 Total splits: 329 Good splits: 308
Reward: 50083.3852666 Total splits: 279 Good splits: 264
Reward: 45922.5698965 Total splits: 316 Good splits: 302
Reward: 50435.1326539 Total splits: 324 Good splits: 304
Reward: 48892.0934923 Total splits: 309 Good splits: 292
Reward: 50567.9604685 Total splits: 314 Good splits: 301
Reward: 45888.9390643 Total splits: 322 Good splits: 306
Reward: 45425.495916 Total splits: 323 Good splits: 301
Reward: 51296.6248822 Total splits: 317 Good splits: 301
Reward: 48240.5074103 Total splits: 334 Good splits: 318
Reward: 50196.7019167 Total splits: 318 Good splits: 301
Reward: 49149.428668 Total splits: 300 Good splits: 278
Reward: 41055.6956957 Total splits: 292 Good splits: 275
Reward: 45858.426246 Total splits: 334 Good splits: 317
Reward: 47019.7770926 Total splits: 309 Good splits: 291
Reward: 51121.4768266 Total splits: 300 Good splits: 281
Reward: 48401.66108 Total splits: 303 Good splits: 287
Reward: 48682.9318467 Total splits: 336 Good splits: 322
Reward: 50933.0461684 Total splits: 301 Good splits: 283
Reward: 43395.6603907 Total splits: 319 Good splits: 298
Reward: 51264.9013187 Total splits: 294 Good splits: 284
Reward: 49640.8692473 Total splits: 309 Good splits: 296
Reward: 45795.1559988 Total splits: 329 Good splits: 319
Reward: 51600.7517931 Total splits: 287 Good splits: 273
Reward: 43485.1324525 Total splits: 332 Good splits: 318
Reward: 49971.3858094 Total splits: 311 Good splits: 296
Reward: 44659.9025768 Total splits: 298 Good splits: 281
Reward: 46012.5454617 Total splits: 310 Good splits: 290
Reward: 48723.9483119 Total splits: 322 Good splits: 316
Reward: 49433.856832 Total splits: 287 Good splits: 271
Reward: 45255.4578527 Total splits: 333 Good splits: 311
Reward: 50592.2708491 Total splits: 299 Good splits: 282
Reward: 47635.4282903 Total splits: 307 Good splits: 294
Reward: 42495.6146389 Total splits: 302 Good splits: 287
Reward: 44367.0119936 Total splits: 312 Good splits: 300
Reward: 48780.0656748 Total splits: 344 Good splits: 331
Reward: 49326.9063996 Total splits: 286 Good splits: 275
Reward: 47476.832061 Total splits: 316 Good splits: 300
Reward: 49985.4992344 Total splits: 339 Good splits: 329
Reward: 48729.2157541 Total splits: 305 Good splits: 289
Reward: 45825.7969775 Total splits: 303 Good splits: 280
Reward: 49929.3828337 Total splits: 312 Good splits: 303
Reward: 50355.9556615 Total splits: 333 Good splits: 313
Reward: 47378.066801 Total splits: 339 Good splits: 322
Reward: 48141.349882 Total splits: 321 Good splits: 300
Reward: 49860.2426818 Total splits: 333 Good splits: 322
Reward: 44226.1613421 Total splits: 309 Good splits: 291
Reward: 49310.1538142 Total splits: 313 Good splits: 292
Reward: 49683.2340746 Total splits: 342 Good splits: 328
Reward: 48033.2686551 Total splits: 317 Good splits: 300
Reward: 51052.8686007 Total splits: 301 Good splits: 281
Reward: 47582.6837151 Total splits: 312 Good splits: 297
Reward: 50451.2590295 Total splits: 309 Good splits: 286
Reward: 50255.5757112 Total splits: 300 Good splits: 282
Reward: 48889.5222608 Total splits: 288 Good splits: 269
Reward: 50540.5940292 Total splits: 322 Good splits: 310
Reward: 46700.2740914 Total splits: 309 Good splits: 293
Reward: 50850.2873981 Total splits: 288 Good splits: 266
Reward: 51264.4749332 Total splits: 316 Good splits: 295
Reward: 48989.1012519 Total splits: 325 Good splits: 305
Reward: 48491.8482372 Total splits: 320 Good splits: 308
Reward: 50844.0382625 Total splits: 304 Good splits: 288
Reward: 45390.3768182 Total splits: 308 Good splits: 288
Reward: 48368.1470527 Total splits: 308 Good splits: 286
Reward: 46623.1780431 Total splits: 303 Good splits: 290
Reward: 50826.5187102 Total splits: 311 Good splits: 286
Reward: 46594.268078 Total splits: 319 Good splits: 300
Reward: 46597.9674216 Total splits: 286 Good splits: 268
Reward: 49525.446185 Total splits: 312 Good splits: 291
Reward: 50778.6331176 Total splits: 301 Good splits: 282
Reward: 45444.5180357 Total splits: 311 Good splits: 293
Reward: 50722.04519 Total splits: 331 Good splits: 313
Reward: 50633.1830263 Total splits: 310 Good splits: 290
Reward: 48769.1500236 Total splits: 340 Good splits: 322
Reward: 45177.4749902 Total splits: 289 Good splits: 272
Reward: 49662.950741 Total splits: 303 Good splits: 291
Reward: 51394.0927513 Total splits: 307 Good splits: 283
Reward: 48972.1372543 Total splits: 294 Good splits: 281
Reward: 45419.1846683 Total splits: 307 Good splits: 288
Reward: 51008.5366243 Total splits: 301 Good splits: 287
Reward: 50116.0080036 Total splits: 305 Good splits: 290
Reward: 48198.0772348 Total splits: 321 Good splits: 304
Reward: 46398.6460505 Total splits: 328 Good splits: 313
Reward: 43379.4373854 Total splits: 324 Good splits: 307
Reward: 45389.6602663 Total splits: 338 Good splits: 320
Reward: 50130.681592 Total splits: 316 Good splits: 301
Reward: 47547.2949883 Total splits: 357 Good splits: 338
Reward: 49663.3124677 Total splits: 311 Good splits: 288
Reward: 49908.1325296 Total splits: 316 Good splits: 307
Reward: 49684.6250744 Total splits: 311 Good splits: 291
Reward: 50966.6717824 Total splits: 311 Good splits: 290
Reward: 47199.4262545 Total splits: 335 Good splits: 326
Reward: 43662.8431698 Total splits: 322 Good splits: 307
Reward: 49266.9714747 Total splits: 311 Good splits: 297
Reward: 50082.7447546 Total splits: 341 Good splits: 321
Reward: 47817.1496388 Total splits: 343 Good splits: 328
Reward: 45399.0085406 Total splits: 332 Good splits: 317
Reward: 49786.9606385 Total splits: 306 Good splits: 293
Reward: 48897.5348852 Total splits: 324 Good splits: 311
Reward: 47147.6137776 Total splits: 325 Good splits: 311
Reward: 49441.2913513 Total splits: 327 Good splits: 311
Reward: 40020.8447191 Total splits: 326 Good splits: 308
Reward: 44557.499747 Total splits: 314 Good splits: 293
Reward: 50855.8658149 Total splits: 341 Good splits: 323
Reward: 49013.6483069 Total splits: 331 Good splits: 311
Reward: 46435.6441774 Total splits: 315 Good splits: 305
Reward: 49065.196516 Total splits: 305 Good splits: 287
Reward: 46695.0009202 Total splits: 330 Good splits: 318
Reward: 49781.2642151 Total splits: 294 Good splits: 280
Reward: 44669.4376867 Total splits: 308 Good splits: 295
Reward: 51089.6775177 Total splits: 296 Good splits: 282
Reward: 48977.8102675 Total splits: 301 Good splits: 287
Reward: 49753.4225864 Total splits: 331 Good splits: 310
Reward: 50930.3236938 Total splits: 289 Good splits: 266
Reward: 47713.7037727 Total splits: 338 Good splits: 317
Reward: 49919.5570433 Total splits: 320 Good splits: 301
Reward: 50436.3359652 Total splits: 307 Good splits: 285
Reward: 46374.4300458 Total splits: 354 Good splits: 340
Reward: 48829.2792635 Total splits: 314 Good splits: 300
Reward: 49423.8444436 Total splits: 319 Good splits: 305
Reward: 42238.2829672 Total splits: 318 Good splits: 302
Reward: 43985.7457034 Total splits: 304 Good splits: 291
Reward: 45384.2772081 Total splits: 306 Good splits: 289
Reward: 50697.7163706 Total splits: 340 Good splits: 329
Reward: 47365.0403421 Total splits: 326 Good splits: 305
Reward: 46512.1340514 Total splits: 313 Good splits: 301
Reward: 42517.9464842 Total splits: 315 Good splits: 297
Reward: 44185.1926481 Total splits: 311 Good splits: 297
Reward: 50024.2419413 Total splits: 309 Good splits: 294
Reward: 48607.8574025 Total splits: 302 Good splits: 283
Reward: 49848.9706699 Total splits: 295 Good splits: 281
Reward: 49827.334912 Total splits: 310 Good splits: 297
Reward: 49229.6518626 Total splits: 311 Good splits: 296
Reward: 44367.805908 Total splits: 318 Good splits: 295
Reward: 49437.8599305 Total splits: 334 Good splits: 314
Reward: 48194.7288962 Total splits: 329 Good splits: 313
Reward: 45705.0138928 Total splits: 311 Good splits: 292
Reward: 48564.5551083 Total splits: 327 Good splits: 310
Reward: 38834.2917204 Total splits: 299 Good splits: 278
Reward: 47600.7651028 Total splits: 322 Good splits: 306
Reward: 51465.4725392 Total splits: 326 Good splits: 309
Reward: 47848.3382761 Total splits: 364 Good splits: 352
Reward: 49487.9920354 Total splits: 316 Good splits: 296
Reward: 49469.5508595 Total splits: 297 Good splits: 281
Reward: 49504.9819846 Total splits: 312 Good splits: 294
Reward: 47208.3620396 Total splits: 302 Good splits: 280
Reward: 48288.1076428 Total splits: 362 Good splits: 343
Reward: 51152.3593876 Total splits: 297 Good splits: 281
Reward: 48474.683351 Total splits: 307 Good splits: 296
Reward: 47621.1330805 Total splits: 314 Good splits: 303
Reward: 45075.3743663 Total splits: 314 Good splits: 299
Reward: 47114.8190504 Total splits: 326 Good splits: 314
Reward: 48336.8416926 Total splits: 309 Good splits: 297
Reward: 49189.6765764 Total splits: 344 Good splits: 325
Reward: 47291.2011185 Total splits: 325 Good splits: 312
Reward: 50410.3406041 Total splits: 314 Good splits: 300
Reward: 51378.5709677 Total splits: 311 Good splits: 290
Reward: 47731.593842 Total splits: 310 Good splits: 291
Reward: 50123.9534042 Total splits: 292 Good splits: 271
Reward: 49526.7934679 Total splits: 311 Good splits: 298
Reward: 45304.3997659 Total splits: 301 Good splits: 288
Reward: 48546.8617857 Total splits: 301 Good splits: 283
Reward: 45295.1180098 Total splits: 341 Good splits: 327
Reward: 48041.7943356 Total splits: 306 Good splits: 288
Reward: 47994.4690225 Total splits: 339 Good splits: 319
Reward: 50048.5480499 Total splits: 307 Good splits: 282
Reward: 49325.982222 Total splits: 303 Good splits: 282
Reward: 51206.7771617 Total splits: 310 Good splits: 296
Reward: 49540.8073239 Total splits: 338 Good splits: 321
Reward: 50743.2407269 Total splits: 302 Good splits: 286
Reward: 49434.938012 Total splits: 311 Good splits: 293
Reward: 48969.1950278 Total splits: 290 Good splits: 274
Reward: 48244.51241 Total splits: 316 Good splits: 300
Reward: 45180.8610499 Total splits: 309 Good splits: 289
Reward: 50677.9103909 Total splits: 327 Good splits: 315
Reward: 47757.734419 Total splits: 313 Good splits: 296
Reward: 43642.7021496 Total splits: 292 Good splits: 276
Reward: 48786.4973565 Total splits: 303 Good splits: 281
Reward: 51079.7985454 Total splits: 324 Good splits: 313
Reward: 49670.9984276 Total splits: 307 Good splits: 294
Reward: 49367.3108444 Total splits: 322 Good splits: 301
Reward: 47144.3240031 Total splits: 295 Good splits: 275
Reward: 49808.4328197 Total splits: 326 Good splits: 312
Reward: 51200.8567317 Total splits: 312 Good splits: 300
Reward: 47119.7020851 Total splits: 321 Good splits: 304
Reward: 47460.7441958 Total splits: 309 Good splits: 294
Reward: 50005.0213707 Total splits: 331 Good splits: 311
Reward: 48919.0379449 Total splits: 308 Good splits: 293
Reward: 44943.7926631 Total splits: 328 Good splits: 309
Reward: 50424.1011674 Total splits: 342 Good splits: 320
Reward: 47032.7330334 Total splits: 296 Good splits: 276
Reward: 48220.7293806 Total splits: 306 Good splits: 294
Reward: 45256.9598629 Total splits: 335 Good splits: 314
Reward: 44880.2004246 Total splits: 306 Good splits: 289
Reward: 49205.9108475 Total splits: 334 Good splits: 317
Reward: 45963.5975027 Total splits: 325 Good splits: 316
Reward: 49001.2646516 Total splits: 323 Good splits: 304
Reward: 47317.7883831 Total splits: 326 Good splits: 314
Reward: 50294.8338372 Total splits: 328 Good splits: 308
Reward: 47355.3626857 Total splits: 348 Good splits: 332

Results after 200 tests
Average total rewards : 48157.7814737
Average total splits  : 315.545
Average good splits   : 298.93
Average good splits % : 94.7345069641

