Reward: 49352.7967969 Total splits: 332 Good splits: 303
Reward: 45046.6517891 Total splits: 338 Good splits: 303
Reward: 48235.588097 Total splits: 313 Good splits: 284
Reward: 49312.6762146 Total splits: 369 Good splits: 343
Reward: 50085.9385913 Total splits: 345 Good splits: 312
Reward: 50596.82084 Total splits: 324 Good splits: 287
Reward: 49263.1954223 Total splits: 362 Good splits: 325
Reward: 49073.2235512 Total splits: 361 Good splits: 334
Reward: 49033.4192995 Total splits: 364 Good splits: 335
Reward: 48073.5218871 Total splits: 286 Good splits: 258
Reward: 46215.1758772 Total splits: 335 Good splits: 310
Reward: 50108.5396093 Total splits: 302 Good splits: 272
Reward: 50039.7832102 Total splits: 391 Good splits: 360
Reward: 46241.0706218 Total splits: 374 Good splits: 343
Reward: 50527.0504781 Total splits: 350 Good splits: 317
Reward: 44397.804845 Total splits: 312 Good splits: 288
Reward: 46476.8416638 Total splits: 331 Good splits: 299
Reward: 47153.3054832 Total splits: 345 Good splits: 318
Reward: 49701.4907284 Total splits: 330 Good splits: 306
Reward: 48127.3816865 Total splits: 323 Good splits: 297
Reward: 47254.8473903 Total splits: 335 Good splits: 292
Reward: 48697.4584073 Total splits: 327 Good splits: 306
Reward: 46475.7000376 Total splits: 314 Good splits: 278
Reward: 48871.4147697 Total splits: 326 Good splits: 295
Reward: 50051.8948408 Total splits: 318 Good splits: 299
Reward: 47431.1366213 Total splits: 357 Good splits: 334
Reward: 46124.6270243 Total splits: 343 Good splits: 316
Reward: 49397.7298526 Total splits: 324 Good splits: 295
Reward: 48747.761854 Total splits: 327 Good splits: 299
Reward: 49036.429491 Total splits: 315 Good splits: 299
Reward: 48444.4559623 Total splits: 340 Good splits: 313
Reward: 45732.9128547 Total splits: 339 Good splits: 309
Reward: 47242.7144637 Total splits: 317 Good splits: 283
Reward: 47191.8539198 Total splits: 334 Good splits: 302
Reward: 46450.9545991 Total splits: 326 Good splits: 293
Reward: 48647.36167 Total splits: 366 Good splits: 328
Reward: 50140.7571909 Total splits: 371 Good splits: 341
Reward: 47531.8087787 Total splits: 332 Good splits: 294
Reward: 50614.3814629 Total splits: 353 Good splits: 314
Reward: 50229.4328059 Total splits: 326 Good splits: 297
Reward: 45199.98135 Total splits: 311 Good splits: 287
Reward: 44084.8338061 Total splits: 341 Good splits: 311
Reward: 46438.2862982 Total splits: 347 Good splits: 324
Reward: 43067.8201109 Total splits: 328 Good splits: 296
Reward: 50256.6426495 Total splits: 341 Good splits: 317
Reward: 43784.7627144 Total splits: 351 Good splits: 322
Reward: 46560.384585 Total splits: 369 Good splits: 339
Reward: 50818.4827691 Total splits: 303 Good splits: 283
Reward: 49306.7340486 Total splits: 328 Good splits: 291
Reward: 47985.8164541 Total splits: 327 Good splits: 301
Reward: 50333.6713523 Total splits: 317 Good splits: 293
Reward: 48116.5767454 Total splits: 300 Good splits: 275
Reward: 49544.1767447 Total splits: 341 Good splits: 315
Reward: 46278.6646515 Total splits: 335 Good splits: 308
Reward: 48869.378806 Total splits: 347 Good splits: 319
Reward: 40026.0018938 Total splits: 330 Good splits: 292
Reward: 47300.6172929 Total splits: 353 Good splits: 327
Reward: 46854.7871149 Total splits: 343 Good splits: 314
Reward: 47366.2242389 Total splits: 355 Good splits: 334
Reward: 47448.1971486 Total splits: 303 Good splits: 273
Reward: 49846.648416 Total splits: 353 Good splits: 317
Reward: 42538.7931216 Total splits: 311 Good splits: 277
Reward: 49017.0620687 Total splits: 340 Good splits: 312
Reward: 39253.8886245 Total splits: 295 Good splits: 269
Reward: 48634.6615372 Total splits: 340 Good splits: 316
Reward: 48475.2404241 Total splits: 320 Good splits: 287
Reward: 46464.8762298 Total splits: 344 Good splits: 307
Reward: 44479.3741564 Total splits: 320 Good splits: 297
Reward: 50960.921695 Total splits: 318 Good splits: 287
Reward: 48479.2204867 Total splits: 339 Good splits: 302
Reward: 48133.7982477 Total splits: 353 Good splits: 318
Reward: 49152.2561667 Total splits: 333 Good splits: 304
Reward: 48859.7962564 Total splits: 355 Good splits: 327
Reward: 43777.6205436 Total splits: 311 Good splits: 274
Reward: 50374.1087846 Total splits: 351 Good splits: 312
Reward: 48815.423016 Total splits: 345 Good splits: 313
Reward: 47498.0435082 Total splits: 368 Good splits: 330
Reward: 48536.7399631 Total splits: 329 Good splits: 297
Reward: 46889.9044993 Total splits: 347 Good splits: 318
Reward: 49867.1741729 Total splits: 350 Good splits: 317
Reward: 48025.2028723 Total splits: 354 Good splits: 320
Reward: 49452.9710432 Total splits: 316 Good splits: 288
Reward: 50183.645215 Total splits: 294 Good splits: 269
Reward: 49275.8864579 Total splits: 345 Good splits: 309
Reward: 50786.7067091 Total splits: 336 Good splits: 315
Reward: 44416.0275908 Total splits: 343 Good splits: 310
Reward: 47085.5563878 Total splits: 303 Good splits: 276
Reward: 48121.8958154 Total splits: 356 Good splits: 325
Reward: 48627.576325 Total splits: 327 Good splits: 296
Reward: 49305.4845491 Total splits: 332 Good splits: 301
Reward: 47043.3582669 Total splits: 342 Good splits: 312
Reward: 48306.8002256 Total splits: 305 Good splits: 281
Reward: 47700.6591671 Total splits: 364 Good splits: 325
Reward: 51295.2524383 Total splits: 324 Good splits: 287
Reward: 48803.0762667 Total splits: 371 Good splits: 341
Reward: 48243.1381818 Total splits: 335 Good splits: 302
Reward: 50968.1019807 Total splits: 323 Good splits: 292
Reward: 49318.0191422 Total splits: 352 Good splits: 324
Reward: 41677.6218108 Total splits: 299 Good splits: 279
Reward: 50075.5180403 Total splits: 313 Good splits: 284

Results after 100 tests
Average total rewards : 47897.8800187
Average total splits  : 335.03
Average good splits   : 305.19
Average good splits % : 91.0933349252

Reward: 47003.8702339 Total splits: 315 Good splits: 290
Reward: 51290.7465887 Total splits: 329 Good splits: 294
Reward: 47742.98058 Total splits: 313 Good splits: 282
Reward: 47687.8535542 Total splits: 335 Good splits: 307
Reward: 50721.2653264 Total splits: 347 Good splits: 316
Reward: 50268.1256758 Total splits: 353 Good splits: 320
Reward: 48546.0573786 Total splits: 315 Good splits: 277
Reward: 46564.1109096 Total splits: 351 Good splits: 316
Reward: 47696.1145418 Total splits: 342 Good splits: 321
Reward: 51257.5764654 Total splits: 360 Good splits: 326
Reward: 48427.7511353 Total splits: 357 Good splits: 333
Reward: 48620.7135566 Total splits: 354 Good splits: 332
Reward: 46895.5323163 Total splits: 347 Good splits: 322
Reward: 49982.2641674 Total splits: 338 Good splits: 304
Reward: 50430.2391098 Total splits: 334 Good splits: 307
Reward: 35918.355904 Total splits: 304 Good splits: 270
Reward: 48177.0601078 Total splits: 340 Good splits: 311
Reward: 47583.29543 Total splits: 351 Good splits: 326
Reward: 48502.7943023 Total splits: 352 Good splits: 320
Reward: 46995.9828645 Total splits: 321 Good splits: 281
Reward: 50501.5299321 Total splits: 364 Good splits: 329
Reward: 50171.2357827 Total splits: 294 Good splits: 263
Reward: 49893.2556356 Total splits: 345 Good splits: 319
Reward: 47519.7773787 Total splits: 315 Good splits: 282
Reward: 44106.5760195 Total splits: 317 Good splits: 291
Reward: 48881.7702932 Total splits: 342 Good splits: 305
Reward: 47714.1403968 Total splits: 349 Good splits: 324
Reward: 47865.2740024 Total splits: 351 Good splits: 324
Reward: 48062.3368219 Total splits: 352 Good splits: 330
Reward: 47629.1190244 Total splits: 317 Good splits: 294
Reward: 50026.0075163 Total splits: 314 Good splits: 282
Reward: 49385.5567834 Total splits: 336 Good splits: 322
Reward: 46638.5229975 Total splits: 352 Good splits: 327
Reward: 50697.9871702 Total splits: 308 Good splits: 283
Reward: 40337.3434249 Total splits: 313 Good splits: 294
Reward: 46353.4801297 Total splits: 326 Good splits: 293
Reward: 46674.3749677 Total splits: 334 Good splits: 310
Reward: 50025.3469274 Total splits: 342 Good splits: 309
Reward: 46708.202794 Total splits: 351 Good splits: 325
Reward: 47048.9166067 Total splits: 341 Good splits: 314
Reward: 48097.4163179 Total splits: 346 Good splits: 312
Reward: 50053.7459283 Total splits: 336 Good splits: 310
Reward: 48795.6316222 Total splits: 360 Good splits: 326
Reward: 46167.94234 Total splits: 322 Good splits: 290
Reward: 49075.4211236 Total splits: 341 Good splits: 313
Reward: 46259.6415816 Total splits: 327 Good splits: 303
Reward: 46511.5878207 Total splits: 319 Good splits: 294
Reward: 47393.7546374 Total splits: 363 Good splits: 336
Reward: 44307.2640468 Total splits: 309 Good splits: 279
Reward: 43951.148195 Total splits: 339 Good splits: 310
Reward: 45579.3664312 Total splits: 329 Good splits: 300
Reward: 48593.2941719 Total splits: 357 Good splits: 325
Reward: 44643.6877318 Total splits: 328 Good splits: 297
Reward: 50603.5618408 Total splits: 332 Good splits: 303
Reward: 42338.4391066 Total splits: 349 Good splits: 318
Reward: 48987.5711562 Total splits: 361 Good splits: 335
Reward: 49224.277246 Total splits: 353 Good splits: 317
Reward: 50268.6634828 Total splits: 344 Good splits: 309
Reward: 50577.705874 Total splits: 325 Good splits: 286
Reward: 49612.2417536 Total splits: 344 Good splits: 309
Reward: 48934.646706 Total splits: 351 Good splits: 321
Reward: 45036.0844975 Total splits: 339 Good splits: 306
Reward: 50545.9095939 Total splits: 327 Good splits: 292
Reward: 48551.1642873 Total splits: 364 Good splits: 329
Reward: 48698.9920622 Total splits: 358 Good splits: 327
Reward: 46371.1429208 Total splits: 335 Good splits: 305
Reward: 47832.2565613 Total splits: 317 Good splits: 291
Reward: 48917.2873922 Total splits: 332 Good splits: 300
Reward: 46833.1364949 Total splits: 310 Good splits: 282
Reward: 49459.1366243 Total splits: 325 Good splits: 291
Reward: 49186.3348082 Total splits: 320 Good splits: 278
Reward: 48531.0170391 Total splits: 363 Good splits: 336
Reward: 40591.157407 Total splits: 307 Good splits: 280
Reward: 47569.690511 Total splits: 317 Good splits: 289
Reward: 48250.0566483 Total splits: 328 Good splits: 302
Reward: 46647.7642854 Total splits: 368 Good splits: 341
Reward: 46508.5951415 Total splits: 351 Good splits: 325
Reward: 50347.1880182 Total splits: 314 Good splits: 282
Reward: 49476.0871257 Total splits: 356 Good splits: 316
Reward: 50344.2742642 Total splits: 318 Good splits: 292
Reward: 49978.8307779 Total splits: 347 Good splits: 328
Reward: 43954.0734763 Total splits: 352 Good splits: 320
Reward: 47873.0363634 Total splits: 353 Good splits: 323
Reward: 48547.777894 Total splits: 357 Good splits: 328
Reward: 46640.8297459 Total splits: 321 Good splits: 295
Reward: 44549.2769584 Total splits: 331 Good splits: 296
Reward: 47044.219043 Total splits: 327 Good splits: 294
Reward: 49380.0381526 Total splits: 344 Good splits: 318
Reward: 48737.91138 Total splits: 322 Good splits: 290
Reward: 47515.7966011 Total splits: 298 Good splits: 272
Reward: 45296.5116971 Total splits: 326 Good splits: 297
Reward: 48304.9819448 Total splits: 338 Good splits: 302
Reward: 51557.3409902 Total splits: 366 Good splits: 340
Reward: 45523.0041575 Total splits: 320 Good splits: 297
Reward: 49801.2390131 Total splits: 364 Good splits: 339
Reward: 49460.5243765 Total splits: 367 Good splits: 337
Reward: 47524.7753038 Total splits: 343 Good splits: 320
Reward: 46476.8197398 Total splits: 349 Good splits: 315
Reward: 41819.6605192 Total splits: 330 Good splits: 308
Reward: 49868.5765928 Total splits: 354 Good splits: 329

Results after 100 tests
Average total rewards : 47760.8295428
Average total splits  : 337.14
Average good splits   : 307.8
Average good splits % : 91.2973838761

