Reward: 49250.1687134 Total splits: 332 Good splits: 302
Reward: 47544.4198052 Total splits: 342 Good splits: 321
Reward: 51882.0074715 Total splits: 354 Good splits: 323
Reward: 47448.702872 Total splits: 322 Good splits: 290
Reward: 46172.3977778 Total splits: 388 Good splits: 362
Reward: 48312.691205 Total splits: 319 Good splits: 295
Reward: 46040.284572 Total splits: 293 Good splits: 272
Reward: 46448.8104749 Total splits: 313 Good splits: 288
Reward: 50490.9512754 Total splits: 337 Good splits: 318
Reward: 48182.7571961 Total splits: 346 Good splits: 308
Reward: 47702.5852736 Total splits: 340 Good splits: 312
Reward: 49806.9057598 Total splits: 335 Good splits: 313
Reward: 50784.1449628 Total splits: 328 Good splits: 299
Reward: 47009.1974207 Total splits: 326 Good splits: 299
Reward: 51327.7537069 Total splits: 314 Good splits: 286
Reward: 48774.6160864 Total splits: 349 Good splits: 324
Reward: 45548.0589278 Total splits: 365 Good splits: 343
Reward: 44195.026397 Total splits: 338 Good splits: 312
Reward: 42058.7675868 Total splits: 327 Good splits: 289
Reward: 43010.6979452 Total splits: 340 Good splits: 314
Reward: 49656.6663067 Total splits: 310 Good splits: 286
Reward: 49825.1455088 Total splits: 343 Good splits: 313
Reward: 47390.246411 Total splits: 342 Good splits: 311
Reward: 48029.126264 Total splits: 387 Good splits: 355
Reward: 50946.3078889 Total splits: 350 Good splits: 315
Reward: 46724.5205912 Total splits: 348 Good splits: 313
Reward: 50548.422469 Total splits: 359 Good splits: 330
Reward: 50959.8505529 Total splits: 332 Good splits: 305
Reward: 50163.843171 Total splits: 326 Good splits: 295
Reward: 48960.7763578 Total splits: 333 Good splits: 303
Reward: 47439.4127311 Total splits: 332 Good splits: 300
Reward: 48106.4707981 Total splits: 308 Good splits: 280
Reward: 50271.0667192 Total splits: 348 Good splits: 330
Reward: 49101.0598328 Total splits: 348 Good splits: 318
Reward: 50413.3277761 Total splits: 327 Good splits: 306
Reward: 50078.2419143 Total splits: 305 Good splits: 283
Reward: 42568.7572067 Total splits: 369 Good splits: 345
Reward: 43505.8144287 Total splits: 358 Good splits: 322
Reward: 44640.0181341 Total splits: 305 Good splits: 287
Reward: 46254.681139 Total splits: 357 Good splits: 333
Reward: 46474.3670319 Total splits: 337 Good splits: 307
Reward: 51106.7266271 Total splits: 358 Good splits: 334
Reward: 42597.0484254 Total splits: 325 Good splits: 308
Reward: 48390.7942443 Total splits: 343 Good splits: 314
Reward: 46675.8223325 Total splits: 336 Good splits: 310
Reward: 50299.6140361 Total splits: 336 Good splits: 310
Reward: 48039.7631715 Total splits: 342 Good splits: 311
Reward: 46621.5173027 Total splits: 347 Good splits: 325
Reward: 48503.7490042 Total splits: 315 Good splits: 287
Reward: 50196.5777271 Total splits: 323 Good splits: 300
Reward: 47678.4895672 Total splits: 366 Good splits: 326
Reward: 45835.4571829 Total splits: 362 Good splits: 331
Reward: 47626.3415425 Total splits: 319 Good splits: 288
Reward: 50814.1568874 Total splits: 346 Good splits: 320
Reward: 44609.8116445 Total splits: 329 Good splits: 306
Reward: 43444.6961547 Total splits: 356 Good splits: 324
Reward: 47592.2941197 Total splits: 350 Good splits: 317
Reward: 49964.7958415 Total splits: 352 Good splits: 326
Reward: 45498.4977004 Total splits: 305 Good splits: 277
Reward: 48023.2968176 Total splits: 351 Good splits: 311
Reward: 49805.6429268 Total splits: 334 Good splits: 309
Reward: 49535.1523248 Total splits: 366 Good splits: 337
Reward: 47950.926864 Total splits: 350 Good splits: 311
Reward: 43938.1150748 Total splits: 349 Good splits: 319
Reward: 46270.9906182 Total splits: 346 Good splits: 312
Reward: 44092.2933421 Total splits: 320 Good splits: 299
Reward: 45611.5204277 Total splits: 332 Good splits: 307
Reward: 49073.4628272 Total splits: 355 Good splits: 333
Reward: 46241.3620242 Total splits: 339 Good splits: 302
Reward: 49173.559844 Total splits: 344 Good splits: 317
Reward: 44827.8754031 Total splits: 362 Good splits: 347
Reward: 42491.301524 Total splits: 341 Good splits: 316
Reward: 51157.640869 Total splits: 347 Good splits: 322
Reward: 49883.1019878 Total splits: 355 Good splits: 322
Reward: 49444.8094194 Total splits: 337 Good splits: 319
Reward: 50047.6383008 Total splits: 288 Good splits: 262
Reward: 49512.3452794 Total splits: 353 Good splits: 330
Reward: 47105.0824898 Total splits: 386 Good splits: 361
Reward: 50374.198811 Total splits: 351 Good splits: 328
Reward: 48228.0107314 Total splits: 347 Good splits: 314
Reward: 51039.2650342 Total splits: 302 Good splits: 278
Reward: 51141.4985707 Total splits: 312 Good splits: 290
Reward: 48689.4420939 Total splits: 331 Good splits: 304
Reward: 50618.1282176 Total splits: 355 Good splits: 325
Reward: 51263.2687356 Total splits: 356 Good splits: 328
Reward: 47993.8013361 Total splits: 361 Good splits: 337
Reward: 48896.7396029 Total splits: 366 Good splits: 339
Reward: 47269.6687425 Total splits: 305 Good splits: 279
Reward: 46769.434997 Total splits: 317 Good splits: 292
Reward: 48855.0041217 Total splits: 358 Good splits: 322
Reward: 47641.2373009 Total splits: 328 Good splits: 307
Reward: 45174.5004798 Total splits: 346 Good splits: 324
Reward: 47587.133774 Total splits: 333 Good splits: 303
Reward: 47813.1083435 Total splits: 345 Good splits: 313
Reward: 44954.8394214 Total splits: 365 Good splits: 333
Reward: 46611.5772312 Total splits: 366 Good splits: 337
Reward: 51410.3240166 Total splits: 383 Good splits: 364
Reward: 42574.4006447 Total splits: 321 Good splits: 288
Reward: 41875.0104804 Total splits: 327 Good splits: 299
Reward: 49092.3508319 Total splits: 357 Good splits: 320
Reward: 50347.4962184 Total splits: 369 Good splits: 347
Reward: 47873.2854698 Total splits: 326 Good splits: 306
Reward: 46266.5532045 Total splits: 342 Good splits: 317
Reward: 48924.9751543 Total splits: 307 Good splits: 290
Reward: 50063.6243451 Total splits: 365 Good splits: 335
Reward: 47092.8121264 Total splits: 317 Good splits: 285
Reward: 50613.5438985 Total splits: 337 Good splits: 308
Reward: 46468.9259036 Total splits: 295 Good splits: 272
Reward: 43569.8980078 Total splits: 355 Good splits: 331
Reward: 47343.983949 Total splits: 359 Good splits: 335
Reward: 45771.704625 Total splits: 349 Good splits: 321
Reward: 48822.6802944 Total splits: 353 Good splits: 315
Reward: 46334.3383715 Total splits: 350 Good splits: 325
Reward: 47139.1473001 Total splits: 345 Good splits: 314
Reward: 45808.4955711 Total splits: 353 Good splits: 331
Reward: 48383.5606315 Total splits: 331 Good splits: 308
Reward: 48784.6819408 Total splits: 359 Good splits: 335
Reward: 50578.5099299 Total splits: 335 Good splits: 309
Reward: 43602.678038 Total splits: 352 Good splits: 326
Reward: 49880.8419366 Total splits: 333 Good splits: 314
Reward: 50835.7144141 Total splits: 329 Good splits: 304
Reward: 45991.0435248 Total splits: 363 Good splits: 335
Reward: 50974.1532534 Total splits: 338 Good splits: 316
Reward: 46164.3731804 Total splits: 373 Good splits: 343
Reward: 48729.5311682 Total splits: 349 Good splits: 324
Reward: 47996.86941 Total splits: 292 Good splits: 264
Reward: 46610.5464473 Total splits: 332 Good splits: 305
Reward: 47191.0716591 Total splits: 347 Good splits: 320
Reward: 44099.8540369 Total splits: 362 Good splits: 330
Reward: 47225.950626 Total splits: 319 Good splits: 287
Reward: 49129.3162162 Total splits: 366 Good splits: 339
Reward: 46043.0118501 Total splits: 329 Good splits: 307
Reward: 47772.3294927 Total splits: 354 Good splits: 322
Reward: 47595.9654428 Total splits: 326 Good splits: 300
Reward: 49460.8510779 Total splits: 364 Good splits: 342
Reward: 45174.7333153 Total splits: 329 Good splits: 308
Reward: 48988.8780154 Total splits: 373 Good splits: 338
Reward: 50630.045686 Total splits: 331 Good splits: 300
Reward: 49782.7547378 Total splits: 353 Good splits: 325
Reward: 46823.9806242 Total splits: 336 Good splits: 306
Reward: 47041.9832718 Total splits: 336 Good splits: 310
Reward: 50824.0049704 Total splits: 379 Good splits: 356
Reward: 47684.068335 Total splits: 344 Good splits: 319
Reward: 49615.8439562 Total splits: 337 Good splits: 312
Reward: 49661.4000748 Total splits: 348 Good splits: 324
Reward: 47990.2383443 Total splits: 330 Good splits: 301
Reward: 45416.9727451 Total splits: 339 Good splits: 317
Reward: 48675.1789928 Total splits: 354 Good splits: 325
Reward: 49170.1099315 Total splits: 373 Good splits: 346
Reward: 50063.3304081 Total splits: 373 Good splits: 347
Reward: 44938.311801 Total splits: 324 Good splits: 298
Reward: 48696.1841404 Total splits: 381 Good splits: 340
Reward: 51684.0824798 Total splits: 374 Good splits: 344
Reward: 48080.9175819 Total splits: 327 Good splits: 301
Reward: 48963.892036 Total splits: 356 Good splits: 334
Reward: 47760.5792177 Total splits: 370 Good splits: 337
Reward: 43722.2305346 Total splits: 353 Good splits: 319
Reward: 48919.579143 Total splits: 370 Good splits: 349
Reward: 47477.7309562 Total splits: 345 Good splits: 319
Reward: 47085.4825713 Total splits: 293 Good splits: 265
Reward: 49919.5314754 Total splits: 364 Good splits: 340
Reward: 47990.0738744 Total splits: 320 Good splits: 291
Reward: 50177.9013291 Total splits: 350 Good splits: 323
Reward: 48251.0374268 Total splits: 356 Good splits: 333
Reward: 45337.1011232 Total splits: 315 Good splits: 286
Reward: 51112.5435801 Total splits: 378 Good splits: 350
Reward: 44862.7212209 Total splits: 353 Good splits: 320
Reward: 43866.4167643 Total splits: 330 Good splits: 307
Reward: 50049.4402227 Total splits: 381 Good splits: 353
Reward: 49816.2413554 Total splits: 324 Good splits: 292
Reward: 49439.3135999 Total splits: 341 Good splits: 314
Reward: 42264.3352505 Total splits: 353 Good splits: 325
Reward: 48845.9155364 Total splits: 345 Good splits: 321
Reward: 48059.5225397 Total splits: 345 Good splits: 314
Reward: 48673.0644712 Total splits: 330 Good splits: 301
Reward: 46200.1290719 Total splits: 364 Good splits: 336
Reward: 50619.6719687 Total splits: 314 Good splits: 289
Reward: 49351.8410725 Total splits: 350 Good splits: 325
Reward: 48176.8284576 Total splits: 359 Good splits: 337
Reward: 45724.9892762 Total splits: 377 Good splits: 350
Reward: 42410.5826703 Total splits: 362 Good splits: 341
Reward: 49870.3700703 Total splits: 317 Good splits: 288
Reward: 42442.7541128 Total splits: 362 Good splits: 332
Reward: 49941.924578 Total splits: 338 Good splits: 310
Reward: 49494.9934173 Total splits: 343 Good splits: 320
Reward: 43857.9821027 Total splits: 358 Good splits: 331
Reward: 49803.97313 Total splits: 356 Good splits: 332
Reward: 50791.8728845 Total splits: 318 Good splits: 291
Reward: 47440.5648949 Total splits: 346 Good splits: 322
Reward: 50242.9104482 Total splits: 345 Good splits: 329
Reward: 49556.6334956 Total splits: 354 Good splits: 318
Reward: 47841.6839817 Total splits: 338 Good splits: 314
Reward: 43433.6280242 Total splits: 334 Good splits: 304
Reward: 49779.186706 Total splits: 329 Good splits: 297
Reward: 47407.0474388 Total splits: 317 Good splits: 288
Reward: 48876.8547266 Total splits: 356 Good splits: 334
Reward: 48357.8072005 Total splits: 326 Good splits: 304
Reward: 48176.2729707 Total splits: 354 Good splits: 339
Reward: 50020.3824872 Total splits: 291 Good splits: 270
Reward: 48463.7586388 Total splits: 341 Good splits: 315

Results after 200 tests
Average total rewards : 47854.5946012
Average total splits  : 342.33
Average good splits   : 315.345
Average good splits % : 92.11725528

