Reward: 39714.6729205 Total splits: 387 Good splits: 342
Reward: 41405.0214623 Total splits: 379 Good splits: 330
Reward: 44749.2242614 Total splits: 410 Good splits: 359
Reward: 45822.4909133 Total splits: 354 Good splits: 300
Reward: 40325.9920855 Total splits: 390 Good splits: 334
Reward: 46268.5818267 Total splits: 343 Good splits: 303
Reward: 47190.6184085 Total splits: 376 Good splits: 316
Reward: 39434.9066027 Total splits: 372 Good splits: 324
Reward: 50100.2049401 Total splits: 373 Good splits: 328
Reward: 45020.0848767 Total splits: 353 Good splits: 318
Reward: 48585.7277822 Total splits: 347 Good splits: 305
Reward: 43540.639687 Total splits: 357 Good splits: 313
Reward: 48342.9742776 Total splits: 371 Good splits: 325
Reward: 46398.8495623 Total splits: 381 Good splits: 343
Reward: 43537.8511911 Total splits: 363 Good splits: 322
Reward: 47649.7013089 Total splits: 376 Good splits: 331
Reward: 41539.3026315 Total splits: 346 Good splits: 307
Reward: 49648.167576 Total splits: 369 Good splits: 323
Reward: 46752.475279 Total splits: 379 Good splits: 321
Reward: 48593.9916734 Total splits: 380 Good splits: 338
Reward: 47659.5627545 Total splits: 357 Good splits: 323
Reward: 45175.3383059 Total splits: 370 Good splits: 311
Reward: 48192.7615776 Total splits: 429 Good splits: 359
Reward: 45477.961576 Total splits: 348 Good splits: 313
Reward: 49075.5520451 Total splits: 383 Good splits: 338
Reward: 41669.0720804 Total splits: 367 Good splits: 320
Reward: 45965.5151376 Total splits: 382 Good splits: 324
Reward: 47931.6291159 Total splits: 387 Good splits: 339
Reward: 48565.5675495 Total splits: 396 Good splits: 342
Reward: 49502.043759 Total splits: 377 Good splits: 335
Reward: 37597.1344732 Total splits: 385 Good splits: 332
Reward: 39599.8867519 Total splits: 393 Good splits: 353
Reward: 46510.2255017 Total splits: 358 Good splits: 311
Reward: 43466.441228 Total splits: 395 Good splits: 348
Reward: 45483.8832048 Total splits: 380 Good splits: 334
Reward: 42301.7060833 Total splits: 417 Good splits: 362
Reward: 49479.2534975 Total splits: 372 Good splits: 321
Reward: 44891.7903899 Total splits: 410 Good splits: 361
Reward: 45695.3399446 Total splits: 354 Good splits: 310
Reward: 44371.3917343 Total splits: 361 Good splits: 320
Reward: 49800.3282711 Total splits: 379 Good splits: 322
Reward: 49364.2425577 Total splits: 389 Good splits: 333
Reward: 44230.0252843 Total splits: 345 Good splits: 310
Reward: 41967.3615831 Total splits: 388 Good splits: 349
Reward: 49753.4607166 Total splits: 373 Good splits: 336
Reward: 46483.6417889 Total splits: 356 Good splits: 310
Reward: 46845.7636266 Total splits: 326 Good splits: 280
Reward: 46970.9179796 Total splits: 350 Good splits: 312
Reward: 46647.5843913 Total splits: 367 Good splits: 323
Reward: 48650.8245995 Total splits: 399 Good splits: 342
Reward: 46096.0811223 Total splits: 387 Good splits: 330
Reward: 45109.3197075 Total splits: 377 Good splits: 331
Reward: 48164.6202528 Total splits: 349 Good splits: 303
Reward: 42640.1037255 Total splits: 430 Good splits: 367
Reward: 47943.9375666 Total splits: 368 Good splits: 318
Reward: 43384.5179678 Total splits: 363 Good splits: 319
Reward: 48209.7415935 Total splits: 399 Good splits: 343
Reward: 44716.2399637 Total splits: 388 Good splits: 333
Reward: 48456.1154159 Total splits: 383 Good splits: 331
Reward: 49358.7178136 Total splits: 368 Good splits: 323
Reward: 48281.9256234 Total splits: 387 Good splits: 321
Reward: 43474.0513357 Total splits: 383 Good splits: 345
Reward: 39550.986165 Total splits: 401 Good splits: 349
Reward: 50389.2991348 Total splits: 415 Good splits: 363
Reward: 43927.7877892 Total splits: 371 Good splits: 315
Reward: 44024.2727694 Total splits: 394 Good splits: 347
Reward: 37436.1222272 Total splits: 353 Good splits: 308
Reward: 45769.922644 Total splits: 391 Good splits: 346
Reward: 45724.388476 Total splits: 438 Good splits: 382
Reward: 50239.7940264 Total splits: 391 Good splits: 342
Reward: 45281.6948059 Total splits: 380 Good splits: 333
Reward: 40396.6114372 Total splits: 387 Good splits: 332
Reward: 49800.1674034 Total splits: 411 Good splits: 347
Reward: 44789.1212693 Total splits: 402 Good splits: 356
Reward: 47675.5788361 Total splits: 364 Good splits: 333
Reward: 47501.0455735 Total splits: 385 Good splits: 334
Reward: 44877.5762058 Total splits: 371 Good splits: 324
Reward: 50405.1979082 Total splits: 379 Good splits: 327
Reward: 45657.4123408 Total splits: 392 Good splits: 347
Reward: 44994.1529289 Total splits: 372 Good splits: 327
Reward: 46527.2457372 Total splits: 385 Good splits: 336
Reward: 46818.4459371 Total splits: 400 Good splits: 348
Reward: 46391.6851331 Total splits: 392 Good splits: 340
Reward: 49256.6408086 Total splits: 362 Good splits: 317
Reward: 45059.8389516 Total splits: 390 Good splits: 340
Reward: 48838.658394 Total splits: 385 Good splits: 336
Reward: 48009.8274139 Total splits: 422 Good splits: 374
Reward: 47468.568574 Total splits: 402 Good splits: 349
Reward: 49105.5545721 Total splits: 402 Good splits: 344
Reward: 44879.3169499 Total splits: 369 Good splits: 332
Reward: 46560.3815803 Total splits: 398 Good splits: 358
Reward: 44333.001033 Total splits: 354 Good splits: 319
Reward: 49282.2303475 Total splits: 376 Good splits: 325
Reward: 45937.9207071 Total splits: 407 Good splits: 356
Reward: 42827.4725992 Total splits: 390 Good splits: 339
Reward: 46588.7365224 Total splits: 388 Good splits: 332
Reward: 44514.5874466 Total splits: 364 Good splits: 315
Reward: 43286.2884947 Total splits: 394 Good splits: 341
Reward: 47911.7198963 Total splits: 402 Good splits: 351
Reward: 46641.4717747 Total splits: 428 Good splits: 370
Reward: 40509.2938337 Total splits: 395 Good splits: 353
Reward: 44079.2050078 Total splits: 361 Good splits: 317
Reward: 44897.3381418 Total splits: 399 Good splits: 341
Reward: 48910.3810557 Total splits: 383 Good splits: 349
Reward: 49165.3260864 Total splits: 406 Good splits: 353
Reward: 43312.3658408 Total splits: 383 Good splits: 337
Reward: 49443.5868817 Total splits: 387 Good splits: 332
Reward: 39694.7741051 Total splits: 380 Good splits: 340
Reward: 46960.4026213 Total splits: 408 Good splits: 349
Reward: 45909.1774772 Total splits: 340 Good splits: 309
Reward: 47885.0393521 Total splits: 397 Good splits: 341
Reward: 46218.2351161 Total splits: 342 Good splits: 315
Reward: 43488.3636603 Total splits: 393 Good splits: 349
Reward: 45892.7728812 Total splits: 399 Good splits: 345
Reward: 44197.6420674 Total splits: 388 Good splits: 344
Reward: 50068.547944 Total splits: 404 Good splits: 346
Reward: 46062.8392488 Total splits: 365 Good splits: 325
Reward: 50343.4413195 Total splits: 390 Good splits: 331
Reward: 44390.1027436 Total splits: 396 Good splits: 346
Reward: 46490.4283788 Total splits: 382 Good splits: 324
Reward: 49302.927182 Total splits: 370 Good splits: 331
Reward: 50909.2432685 Total splits: 370 Good splits: 316
Reward: 43774.5509232 Total splits: 333 Good splits: 294
Reward: 49382.7034093 Total splits: 385 Good splits: 338
Reward: 42254.8775175 Total splits: 369 Good splits: 335
Reward: 38831.2280343 Total splits: 392 Good splits: 348
Reward: 47854.0270191 Total splits: 394 Good splits: 353
Reward: 45524.9806167 Total splits: 331 Good splits: 286
Reward: 46270.5141755 Total splits: 402 Good splits: 350
Reward: 46359.1758326 Total splits: 401 Good splits: 343
Reward: 47266.8912285 Total splits: 368 Good splits: 329
Reward: 46410.9015877 Total splits: 367 Good splits: 327
Reward: 46914.3085403 Total splits: 371 Good splits: 329
Reward: 46480.7571067 Total splits: 377 Good splits: 328
Reward: 46920.5460244 Total splits: 422 Good splits: 363
Reward: 44833.6770317 Total splits: 317 Good splits: 266
Reward: 47545.5470477 Total splits: 389 Good splits: 343
Reward: 51025.0579129 Total splits: 377 Good splits: 330
Reward: 49959.1413126 Total splits: 419 Good splits: 351
Reward: 48516.0504911 Total splits: 384 Good splits: 333
Reward: 50165.0404321 Total splits: 367 Good splits: 321
Reward: 42866.6534386 Total splits: 347 Good splits: 317
Reward: 48519.9102136 Total splits: 351 Good splits: 295
Reward: 46956.600371 Total splits: 380 Good splits: 338
Reward: 40267.4695188 Total splits: 380 Good splits: 333
Reward: 43693.4252447 Total splits: 367 Good splits: 324
Reward: 44308.0572426 Total splits: 381 Good splits: 322
Reward: 47372.7655935 Total splits: 382 Good splits: 338
Reward: 41671.8631601 Total splits: 353 Good splits: 307
Reward: 49498.5643974 Total splits: 360 Good splits: 313
Reward: 45885.4077231 Total splits: 387 Good splits: 332
Reward: 48097.923509 Total splits: 367 Good splits: 323
Reward: 48792.5804178 Total splits: 385 Good splits: 324
Reward: 47840.9375816 Total splits: 387 Good splits: 333
Reward: 47018.9874746 Total splits: 404 Good splits: 355
Reward: 45834.2260892 Total splits: 416 Good splits: 370
Reward: 45438.5285644 Total splits: 397 Good splits: 363
Reward: 44730.0338211 Total splits: 410 Good splits: 353
Reward: 42706.7988984 Total splits: 409 Good splits: 342
Reward: 44849.4800923 Total splits: 364 Good splits: 318
Reward: 46481.9364447 Total splits: 376 Good splits: 338
Reward: 48364.0309723 Total splits: 384 Good splits: 336
Reward: 50470.8122568 Total splits: 409 Good splits: 365
Reward: 42706.2027551 Total splits: 374 Good splits: 329
Reward: 47639.1015986 Total splits: 360 Good splits: 325
Reward: 48679.8561982 Total splits: 361 Good splits: 313
Reward: 44800.405282 Total splits: 425 Good splits: 366
Reward: 51792.7627043 Total splits: 392 Good splits: 347
Reward: 49625.0994238 Total splits: 375 Good splits: 320
Reward: 46957.46074 Total splits: 362 Good splits: 321
Reward: 48511.8310907 Total splits: 350 Good splits: 290
Reward: 44453.9105436 Total splits: 399 Good splits: 342
Reward: 44738.8801893 Total splits: 393 Good splits: 344
Reward: 48391.0337314 Total splits: 396 Good splits: 344
Reward: 49297.5816418 Total splits: 353 Good splits: 308
Reward: 43075.5583071 Total splits: 409 Good splits: 353
Reward: 42399.7911083 Total splits: 390 Good splits: 331
Reward: 43945.0009648 Total splits: 375 Good splits: 326
Reward: 45919.7709237 Total splits: 348 Good splits: 295
Reward: 49904.2175941 Total splits: 371 Good splits: 311
Reward: 50072.6620788 Total splits: 428 Good splits: 370
Reward: 50124.339393 Total splits: 379 Good splits: 336
Reward: 49602.0334703 Total splits: 390 Good splits: 334
Reward: 46474.5907314 Total splits: 376 Good splits: 321
Reward: 39699.8894235 Total splits: 410 Good splits: 352
Reward: 44796.8971082 Total splits: 360 Good splits: 310
Reward: 45879.4557343 Total splits: 408 Good splits: 352
Reward: 46335.9609764 Total splits: 385 Good splits: 325
Reward: 46347.821823 Total splits: 369 Good splits: 326
Reward: 44066.6399237 Total splits: 386 Good splits: 349
Reward: 50400.655361 Total splits: 408 Good splits: 343
Reward: 45369.3222072 Total splits: 386 Good splits: 324
Reward: 47111.9771633 Total splits: 394 Good splits: 327
Reward: 48888.5317847 Total splits: 371 Good splits: 312
Reward: 47870.9758849 Total splits: 393 Good splits: 341
Reward: 48851.2439816 Total splits: 396 Good splits: 343
Reward: 48661.3485142 Total splits: 374 Good splits: 323
Reward: 47667.8252146 Total splits: 400 Good splits: 346
Reward: 44637.2744189 Total splits: 406 Good splits: 341
Reward: 51436.2516767 Total splits: 387 Good splits: 345

Results after 200 tests
Average total rewards : 46208.4317441
Average total splits  : 381.63
Average good splits   : 332.685
Average good splits % : 87.1747504127

