Reward: 21112.7909745 Total splits: 87 Good splits: 75
Reward: 35300.7096318 Total splits: 105 Good splits: 89
Reward: 38882.9926158 Total splits: 103 Good splits: 91
Reward: 17275.4617313 Total splits: 95 Good splits: 84
Reward: 37486.336293 Total splits: 95 Good splits: 88
Reward: 30011.1377206 Total splits: 137 Good splits: 118
Reward: 38387.529164 Total splits: 118 Good splits: 107
Reward: 28173.6967141 Total splits: 88 Good splits: 75
Reward: 42346.1412677 Total splits: 112 Good splits: 94
Reward: 34091.2023302 Total splits: 91 Good splits: 79
Reward: 33620.6241238 Total splits: 85 Good splits: 76
Reward: 24611.6340314 Total splits: 99 Good splits: 81
Reward: 39705.037121 Total splits: 113 Good splits: 103
Reward: 28305.9419592 Total splits: 102 Good splits: 88
Reward: 29038.2356079 Total splits: 104 Good splits: 89
Reward: 24488.9229304 Total splits: 90 Good splits: 75
Reward: 43459.9303688 Total splits: 105 Good splits: 92
Reward: 43515.4778729 Total splits: 120 Good splits: 110
Reward: 31413.5111804 Total splits: 96 Good splits: 81
Reward: 33518.6295469 Total splits: 106 Good splits: 94
Reward: 40449.7298748 Total splits: 114 Good splits: 96
Reward: 42384.3636845 Total splits: 94 Good splits: 79
Reward: 23101.7185913 Total splits: 106 Good splits: 93
Reward: 29437.1226318 Total splits: 103 Good splits: 93
Reward: 41130.0773953 Total splits: 107 Good splits: 94
Reward: 38705.4477969 Total splits: 109 Good splits: 96
Reward: 33479.8100672 Total splits: 103 Good splits: 94
Reward: 43537.72968 Total splits: 103 Good splits: 87
Reward: 37324.9848605 Total splits: 111 Good splits: 103
Reward: 30968.1455808 Total splits: 82 Good splits: 72
Reward: 38548.826583 Total splits: 119 Good splits: 104
Reward: 37206.5152889 Total splits: 116 Good splits: 106
Reward: 26565.6584172 Total splits: 101 Good splits: 91
Reward: 40037.4291453 Total splits: 118 Good splits: 103
Reward: 37112.4260893 Total splits: 94 Good splits: 85
Reward: 38198.087501 Total splits: 102 Good splits: 89
Reward: 30728.1526977 Total splits: 100 Good splits: 87
Reward: 33950.2728141 Total splits: 100 Good splits: 93
Reward: 39328.75274 Total splits: 97 Good splits: 89
Reward: 37621.7329732 Total splits: 93 Good splits: 82
Reward: 41248.7690954 Total splits: 124 Good splits: 111
Reward: 33853.2227782 Total splits: 113 Good splits: 99
Reward: 22509.7309135 Total splits: 75 Good splits: 64
Reward: 36281.248116 Total splits: 109 Good splits: 89
Reward: 32395.5490499 Total splits: 94 Good splits: 85
Reward: 35236.7782813 Total splits: 112 Good splits: 104
Reward: 29024.7836343 Total splits: 107 Good splits: 92
Reward: 27977.0722475 Total splits: 96 Good splits: 81
Reward: 27828.0874174 Total splits: 106 Good splits: 101
Reward: 35574.2414798 Total splits: 96 Good splits: 84
Reward: 33125.3817552 Total splits: 107 Good splits: 92
Reward: 27150.3638192 Total splits: 123 Good splits: 111
Reward: 38239.3739211 Total splits: 110 Good splits: 93
Reward: 22363.1830079 Total splits: 90 Good splits: 76
Reward: 32044.5453375 Total splits: 119 Good splits: 104
Reward: 34600.6206533 Total splits: 113 Good splits: 101
Reward: 38383.0886736 Total splits: 96 Good splits: 84
Reward: 39157.327526 Total splits: 105 Good splits: 98
Reward: 41415.5118492 Total splits: 96 Good splits: 88
Reward: 29662.5794486 Total splits: 125 Good splits: 109
Reward: 28128.4052451 Total splits: 105 Good splits: 91
Reward: 29954.0731739 Total splits: 111 Good splits: 96
Reward: 29672.6458935 Total splits: 109 Good splits: 91
Reward: 33167.6327778 Total splits: 116 Good splits: 104
Reward: 21052.308938 Total splits: 84 Good splits: 73
Reward: 31778.3163388 Total splits: 111 Good splits: 95
Reward: 23081.1048986 Total splits: 108 Good splits: 94
Reward: 26074.752799 Total splits: 110 Good splits: 96
Reward: 36548.8477084 Total splits: 106 Good splits: 100
Reward: 41610.5939829 Total splits: 106 Good splits: 95
Reward: 34925.6304873 Total splits: 111 Good splits: 95
Reward: 36345.5421987 Total splits: 99 Good splits: 86
Reward: 31968.5493071 Total splits: 92 Good splits: 83
Reward: 36305.3415355 Total splits: 115 Good splits: 106
Reward: 30182.1979889 Total splits: 126 Good splits: 102
Reward: 31963.2938545 Total splits: 91 Good splits: 82
Reward: 36350.7000683 Total splits: 91 Good splits: 86
Reward: 30207.4822271 Total splits: 110 Good splits: 98
Reward: 25080.4211563 Total splits: 82 Good splits: 71
Reward: 34320.8301274 Total splits: 101 Good splits: 90
Reward: 35818.0325251 Total splits: 108 Good splits: 97
Reward: 35191.6444005 Total splits: 119 Good splits: 102
Reward: 35901.0357966 Total splits: 94 Good splits: 82
Reward: 30121.3705168 Total splits: 124 Good splits: 111
Reward: 36179.726475 Total splits: 90 Good splits: 81
Reward: 28459.1815239 Total splits: 94 Good splits: 74
Reward: 35449.8745725 Total splits: 121 Good splits: 108
Reward: 30465.5069383 Total splits: 122 Good splits: 103
Reward: 28855.4389871 Total splits: 98 Good splits: 87
Reward: 31535.4274356 Total splits: 80 Good splits: 66
Reward: 34702.5143956 Total splits: 119 Good splits: 100
Reward: 42110.6646532 Total splits: 105 Good splits: 94
Reward: 28739.4932706 Total splits: 99 Good splits: 89
Reward: 36503.8668402 Total splits: 91 Good splits: 76
Reward: 29732.4723136 Total splits: 114 Good splits: 102
Reward: 29544.1651745 Total splits: 107 Good splits: 93
Reward: 25688.4526051 Total splits: 111 Good splits: 100
Reward: 40952.3544528 Total splits: 101 Good splits: 89
Reward: 37817.7063592 Total splits: 121 Good splits: 114
Reward: 31952.1823134 Total splits: 88 Good splits: 78
Reward: 35851.7421675 Total splits: 113 Good splits: 105
Reward: 35169.6577054 Total splits: 124 Good splits: 108
Reward: 21985.0707851 Total splits: 91 Good splits: 83
Reward: 24152.3999389 Total splits: 111 Good splits: 101
Reward: 42760.9350228 Total splits: 120 Good splits: 112
Reward: 39994.4441516 Total splits: 88 Good splits: 79
Reward: 32616.9639958 Total splits: 114 Good splits: 94
Reward: 34620.4580068 Total splits: 95 Good splits: 85
Reward: 22188.7417059 Total splits: 99 Good splits: 86
Reward: 39164.1701537 Total splits: 108 Good splits: 94
Reward: 40377.2322208 Total splits: 105 Good splits: 90
Reward: 34058.4074877 Total splits: 115 Good splits: 102
Reward: 31202.6207463 Total splits: 99 Good splits: 84
Reward: 32172.6881218 Total splits: 123 Good splits: 108
Reward: 35999.3087317 Total splits: 84 Good splits: 76
Reward: 33012.6392264 Total splits: 94 Good splits: 84
Reward: 32939.7976988 Total splits: 121 Good splits: 109
Reward: 42274.4703442 Total splits: 88 Good splits: 80
Reward: 30231.8816935 Total splits: 107 Good splits: 90
Reward: 39001.7304554 Total splits: 124 Good splits: 108
Reward: 23689.7135732 Total splits: 85 Good splits: 77
Reward: 33911.1031819 Total splits: 102 Good splits: 85
Reward: 41133.9694939 Total splits: 99 Good splits: 88
Reward: 45895.1238685 Total splits: 112 Good splits: 96
Reward: 29392.3078258 Total splits: 113 Good splits: 98
Reward: 31695.0826877 Total splits: 86 Good splits: 77
Reward: 28393.6449796 Total splits: 79 Good splits: 62
Reward: 31099.0475228 Total splits: 109 Good splits: 92
Reward: 27400.4636219 Total splits: 87 Good splits: 79
Reward: 24422.6053525 Total splits: 91 Good splits: 80
Reward: 31184.4094265 Total splits: 112 Good splits: 98
Reward: 32049.3307976 Total splits: 113 Good splits: 97
Reward: 32685.5547729 Total splits: 116 Good splits: 102
Reward: 22751.1111302 Total splits: 111 Good splits: 96
Reward: 43674.1813153 Total splits: 104 Good splits: 96
Reward: 24831.6371533 Total splits: 120 Good splits: 102
Reward: 29928.6168612 Total splits: 110 Good splits: 91
Reward: 29113.6194762 Total splits: 96 Good splits: 86
Reward: 39198.8668323 Total splits: 113 Good splits: 103
Reward: 27027.8467637 Total splits: 92 Good splits: 80
Reward: 40091.7510875 Total splits: 117 Good splits: 108
Reward: 31904.0879341 Total splits: 110 Good splits: 98
Reward: 39352.7207305 Total splits: 105 Good splits: 100
Reward: 26822.8443313 Total splits: 101 Good splits: 76
Reward: 44163.0476613 Total splits: 103 Good splits: 93
Reward: 37229.1904717 Total splits: 114 Good splits: 97
Reward: 36610.4674464 Total splits: 115 Good splits: 97
Reward: 32576.6093286 Total splits: 89 Good splits: 79
Reward: 33681.1073149 Total splits: 112 Good splits: 101
Reward: 25366.9510679 Total splits: 86 Good splits: 77
Reward: 39365.0729702 Total splits: 111 Good splits: 97
Reward: 37362.5343135 Total splits: 115 Good splits: 100
Reward: 31549.9740784 Total splits: 79 Good splits: 69
Reward: 29501.889861 Total splits: 109 Good splits: 92
Reward: 36329.250612 Total splits: 95 Good splits: 78
Reward: 33334.0597299 Total splits: 99 Good splits: 90
Reward: 32903.692901 Total splits: 95 Good splits: 79
Reward: 29771.8616915 Total splits: 91 Good splits: 82
Reward: 35979.5270323 Total splits: 110 Good splits: 102
Reward: 37320.3498712 Total splits: 118 Good splits: 97
Reward: 39953.4590692 Total splits: 102 Good splits: 92
Reward: 33198.378095 Total splits: 99 Good splits: 87
Reward: 30744.5718358 Total splits: 95 Good splits: 81
Reward: 32293.121471 Total splits: 94 Good splits: 82
Reward: 25958.1505713 Total splits: 113 Good splits: 99
Reward: 42439.8485991 Total splits: 102 Good splits: 94
Reward: 35464.7970736 Total splits: 113 Good splits: 103
Reward: 35082.1248948 Total splits: 111 Good splits: 97
Reward: 29337.4335718 Total splits: 111 Good splits: 88
Reward: 24691.7691297 Total splits: 87 Good splits: 73
Reward: 32676.7821475 Total splits: 91 Good splits: 80
Reward: 27997.9684555 Total splits: 125 Good splits: 111
Reward: 31107.0821276 Total splits: 106 Good splits: 96
Reward: 35578.1778451 Total splits: 111 Good splits: 103
Reward: 31432.9141021 Total splits: 103 Good splits: 84
Reward: 34616.3895057 Total splits: 120 Good splits: 111
Reward: 19391.5905287 Total splits: 85 Good splits: 74
Reward: 37446.099263 Total splits: 97 Good splits: 89
Reward: 25152.9038619 Total splits: 93 Good splits: 82
Reward: 38022.3212911 Total splits: 99 Good splits: 89
Reward: 33414.5407415 Total splits: 102 Good splits: 87
Reward: 38933.2446635 Total splits: 112 Good splits: 93
Reward: 30702.8436223 Total splits: 102 Good splits: 89
Reward: 20150.3428844 Total splits: 92 Good splits: 75
Reward: 31684.0001054 Total splits: 101 Good splits: 87
Reward: 37752.0107596 Total splits: 111 Good splits: 99
Reward: 21023.7559911 Total splits: 76 Good splits: 70
Reward: 38570.6468658 Total splits: 118 Good splits: 104
Reward: 29339.508628 Total splits: 93 Good splits: 80
Reward: 38220.6601298 Total splits: 117 Good splits: 108
Reward: 25077.0951277 Total splits: 108 Good splits: 91
Reward: 29496.5905248 Total splits: 98 Good splits: 90
Reward: 32794.4633971 Total splits: 103 Good splits: 95
Reward: 29120.6134028 Total splits: 91 Good splits: 85
Reward: 31872.0106192 Total splits: 102 Good splits: 93
Reward: 40788.1435558 Total splits: 92 Good splits: 84
Reward: 35857.4805206 Total splits: 90 Good splits: 78
Reward: 39314.1557761 Total splits: 110 Good splits: 98
Reward: 41180.2674299 Total splits: 114 Good splits: 101
Reward: 35003.5767611 Total splits: 94 Good splits: 84

Results after 200 tests
Average total rewards : 33152.1329562
Average total splits  : 103.795
Average good splits   : 91.26
Average good splits % : 87.9233103714

Reward: 24372.8293277 Total splits: 85 Good splits: 77
Reward: 22675.2981495 Total splits: 90 Good splits: 77
Reward: 38915.9770386 Total splits: 97 Good splits: 84
Reward: 36809.026118 Total splits: 95 Good splits: 82
Reward: 33826.0592334 Total splits: 95 Good splits: 83
Reward: 25321.6559884 Total splits: 100 Good splits: 86
Reward: 32371.9571074 Total splits: 118 Good splits: 108
Reward: 36814.6799106 Total splits: 115 Good splits: 105
Reward: 26907.1112052 Total splits: 107 Good splits: 93
Reward: 26588.9630711 Total splits: 100 Good splits: 89
Reward: 24946.4115818 Total splits: 121 Good splits: 111
Reward: 37441.1766028 Total splits: 112 Good splits: 97
Reward: 37528.8003165 Total splits: 118 Good splits: 102
Reward: 22674.1042571 Total splits: 88 Good splits: 76
Reward: 31622.0801225 Total splits: 96 Good splits: 83
Reward: 30266.8879482 Total splits: 97 Good splits: 83
Reward: 35921.6743858 Total splits: 87 Good splits: 76
Reward: 38846.6412733 Total splits: 87 Good splits: 76
Reward: 36378.9185868 Total splits: 115 Good splits: 102
Reward: 15757.0831227 Total splits: 92 Good splits: 80
Reward: 27034.9047873 Total splits: 80 Good splits: 64
Reward: 31089.5508376 Total splits: 114 Good splits: 101
Reward: 37474.7411228 Total splits: 104 Good splits: 93
Reward: 36107.4908015 Total splits: 88 Good splits: 78
Reward: 37647.8074991 Total splits: 114 Good splits: 101
Reward: 36286.2754384 Total splits: 93 Good splits: 86
Reward: 33236.3305161 Total splits: 101 Good splits: 87
Reward: 36099.0990765 Total splits: 108 Good splits: 91
Reward: 25054.132513 Total splits: 108 Good splits: 96
Reward: 38113.3886511 Total splits: 95 Good splits: 86
Reward: 34669.8626183 Total splits: 116 Good splits: 98
Reward: 32915.3563288 Total splits: 104 Good splits: 89
Reward: 30768.1861761 Total splits: 122 Good splits: 107
Reward: 31244.6857477 Total splits: 91 Good splits: 79
Reward: 20679.9600534 Total splits: 97 Good splits: 87
Reward: 40122.6146127 Total splits: 105 Good splits: 86
Reward: 20536.8937582 Total splits: 109 Good splits: 92
Reward: 37111.7093929 Total splits: 87 Good splits: 79
Reward: 34332.6840891 Total splits: 93 Good splits: 82
Reward: 41098.801597 Total splits: 103 Good splits: 91
Reward: 31787.126473 Total splits: 105 Good splits: 90
Reward: 34278.5966295 Total splits: 97 Good splits: 89
Reward: 39850.2251003 Total splits: 129 Good splits: 114
Reward: 31811.4582353 Total splits: 115 Good splits: 101
Reward: 28451.5744274 Total splits: 90 Good splits: 80
Reward: 40417.8329874 Total splits: 100 Good splits: 86
Reward: 35877.1033952 Total splits: 100 Good splits: 85
Reward: 32108.0680643 Total splits: 98 Good splits: 84
Reward: 23975.4679811 Total splits: 97 Good splits: 82
Reward: 24939.3321356 Total splits: 90 Good splits: 80
Reward: 39302.8126646 Total splits: 92 Good splits: 85
Reward: 32724.2606098 Total splits: 123 Good splits: 106
Reward: 36059.1335073 Total splits: 110 Good splits: 95
Reward: 36826.2181034 Total splits: 101 Good splits: 92
Reward: 24562.0174035 Total splits: 96 Good splits: 82
Reward: 38118.3114444 Total splits: 98 Good splits: 84
Reward: 38598.9986935 Total splits: 106 Good splits: 96
Reward: 45030.3850344 Total splits: 110 Good splits: 98
Reward: 29145.0675455 Total splits: 103 Good splits: 84
Reward: 41722.285381 Total splits: 122 Good splits: 110
Reward: 35388.0952853 Total splits: 93 Good splits: 82
Reward: 41015.8076924 Total splits: 112 Good splits: 104
Reward: 40208.6013754 Total splits: 108 Good splits: 89
Reward: 11768.1067528 Total splits: 107 Good splits: 92
Reward: 39715.9091338 Total splits: 88 Good splits: 80
Reward: 42784.2673232 Total splits: 115 Good splits: 108
Reward: 36114.562244 Total splits: 95 Good splits: 86
Reward: 41489.8216153 Total splits: 100 Good splits: 85
Reward: 31250.3376143 Total splits: 96 Good splits: 84
Reward: 45503.5938524 Total splits: 115 Good splits: 101
Reward: 34662.3189194 Total splits: 120 Good splits: 102
Reward: 37593.1609174 Total splits: 81 Good splits: 72
Reward: 36467.5100028 Total splits: 117 Good splits: 106
Reward: 44635.1420407 Total splits: 109 Good splits: 96
Reward: 36417.0310313 Total splits: 119 Good splits: 102
Reward: 28297.7698948 Total splits: 112 Good splits: 105
Reward: 25401.9300079 Total splits: 93 Good splits: 83
Reward: 34582.0781756 Total splits: 94 Good splits: 83
Reward: 36938.4442165 Total splits: 91 Good splits: 79
Reward: 20889.9736519 Total splits: 99 Good splits: 84
Reward: 24296.6158265 Total splits: 100 Good splits: 85
Reward: 38761.4300827 Total splits: 92 Good splits: 86
Reward: 44442.7554608 Total splits: 116 Good splits: 104
Reward: 28157.604153 Total splits: 105 Good splits: 89
Reward: 36715.6638766 Total splits: 94 Good splits: 85
Reward: 38457.8147067 Total splits: 101 Good splits: 90
Reward: 30613.5046578 Total splits: 102 Good splits: 90
Reward: 38391.0135205 Total splits: 115 Good splits: 99
Reward: 44808.9507875 Total splits: 103 Good splits: 89
Reward: 40939.8545442 Total splits: 112 Good splits: 100
Reward: 30994.9065614 Total splits: 108 Good splits: 94
Reward: 31251.1261291 Total splits: 122 Good splits: 104
Reward: 34569.6399102 Total splits: 84 Good splits: 76
Reward: 27469.7201574 Total splits: 114 Good splits: 99
Reward: 35849.1854633 Total splits: 96 Good splits: 82
Reward: 38210.1657154 Total splits: 110 Good splits: 97
Reward: 35363.0981626 Total splits: 104 Good splits: 90
Reward: 37948.2365937 Total splits: 111 Good splits: 95
Reward: 27966.5443201 Total splits: 101 Good splits: 86
Reward: 38372.3300131 Total splits: 116 Good splits: 107
Reward: 23714.1969882 Total splits: 96 Good splits: 81
Reward: 33350.1856129 Total splits: 92 Good splits: 79
Reward: 23004.5328196 Total splits: 94 Good splits: 86
Reward: 35794.7605708 Total splits: 104 Good splits: 92
Reward: 39648.3398772 Total splits: 110 Good splits: 99
Reward: 29292.9065194 Total splits: 93 Good splits: 78
Reward: 37497.8128835 Total splits: 107 Good splits: 98
Reward: 42310.6268549 Total splits: 101 Good splits: 96
Reward: 26454.0518106 Total splits: 118 Good splits: 102
Reward: 26988.8638627 Total splits: 102 Good splits: 82
Reward: 33373.1566106 Total splits: 115 Good splits: 100
Reward: 37462.0390476 Total splits: 98 Good splits: 81
Reward: 37748.3014146 Total splits: 126 Good splits: 107
Reward: 35134.9987313 Total splits: 107 Good splits: 95
Reward: 42019.3368204 Total splits: 113 Good splits: 100
Reward: 28784.9304097 Total splits: 86 Good splits: 75
Reward: 40215.5019908 Total splits: 119 Good splits: 106
Reward: 42973.1599048 Total splits: 110 Good splits: 105
Reward: 37998.7766572 Total splits: 118 Good splits: 107
Reward: 34588.0042903 Total splits: 100 Good splits: 91
Reward: 38104.1544268 Total splits: 103 Good splits: 96
Reward: 33185.1622119 Total splits: 105 Good splits: 90
Reward: 26833.8676098 Total splits: 109 Good splits: 95
Reward: 23728.4813751 Total splits: 100 Good splits: 87
Reward: 33202.7121964 Total splits: 115 Good splits: 105
Reward: 22821.563491 Total splits: 89 Good splits: 79
Reward: 24103.0750684 Total splits: 106 Good splits: 87
Reward: 36676.7569924 Total splits: 103 Good splits: 88
Reward: 33749.1653813 Total splits: 117 Good splits: 99
Reward: 38737.9064357 Total splits: 91 Good splits: 83
Reward: 41858.8070097 Total splits: 97 Good splits: 86
Reward: 37385.4940798 Total splits: 95 Good splits: 86
Reward: 39601.4890473 Total splits: 113 Good splits: 97
Reward: 44718.6165257 Total splits: 110 Good splits: 100
Reward: 21018.082352 Total splits: 108 Good splits: 95
Reward: 41045.0545501 Total splits: 101 Good splits: 89
Reward: 40952.5258852 Total splits: 109 Good splits: 99
Reward: 37440.0116575 Total splits: 109 Good splits: 101
Reward: 36038.1934676 Total splits: 93 Good splits: 85
Reward: 40314.343041 Total splits: 108 Good splits: 92
Reward: 31297.873459 Total splits: 105 Good splits: 94
Reward: 28687.5375253 Total splits: 111 Good splits: 96
Reward: 34707.3396517 Total splits: 94 Good splits: 81
Reward: 32677.61708 Total splits: 110 Good splits: 101
Reward: 29896.8048103 Total splits: 109 Good splits: 92
Reward: 35109.9510145 Total splits: 95 Good splits: 81
Reward: 30108.3472417 Total splits: 94 Good splits: 84
Reward: 41183.2532367 Total splits: 115 Good splits: 102
Reward: 34766.6425217 Total splits: 107 Good splits: 94
Reward: 32511.0310482 Total splits: 94 Good splits: 86
Reward: 39877.2279372 Total splits: 111 Good splits: 94
Reward: 25194.6228464 Total splits: 84 Good splits: 75
Reward: 35889.00449 Total splits: 104 Good splits: 88
Reward: 32968.7971315 Total splits: 90 Good splits: 81
Reward: 41781.4654635 Total splits: 95 Good splits: 86
Reward: 35824.4208451 Total splits: 111 Good splits: 96
Reward: 27589.8565177 Total splits: 88 Good splits: 69
Reward: 28083.7969421 Total splits: 95 Good splits: 84
Reward: 36266.4630709 Total splits: 102 Good splits: 87
Reward: 31583.384812 Total splits: 107 Good splits: 93
Reward: 33728.4927269 Total splits: 101 Good splits: 86
Reward: 44602.9410478 Total splits: 120 Good splits: 110
Reward: 34624.5748218 Total splits: 102 Good splits: 92
Reward: 40237.1582801 Total splits: 107 Good splits: 90
Reward: 34987.3095275 Total splits: 124 Good splits: 106
Reward: 35789.4812498 Total splits: 118 Good splits: 107
Reward: 35269.1088395 Total splits: 93 Good splits: 84
Reward: 38423.2995793 Total splits: 118 Good splits: 105
Reward: 35574.9478475 Total splits: 118 Good splits: 110
Reward: 22498.3190149 Total splits: 109 Good splits: 93
Reward: 30799.1233691 Total splits: 102 Good splits: 92
Reward: 25051.5529228 Total splits: 86 Good splits: 80
Reward: 32783.5225665 Total splits: 115 Good splits: 100
Reward: 32594.6467633 Total splits: 108 Good splits: 96
Reward: 38175.0680829 Total splits: 103 Good splits: 94
Reward: 44352.9443462 Total splits: 108 Good splits: 97
Reward: 33235.24644 Total splits: 91 Good splits: 82
Reward: 40149.6245292 Total splits: 99 Good splits: 82
Reward: 32913.0057101 Total splits: 97 Good splits: 86
Reward: 35088.3883875 Total splits: 116 Good splits: 104
Reward: 40227.0018387 Total splits: 121 Good splits: 103
Reward: 30213.0905371 Total splits: 83 Good splits: 73
Reward: 40239.8896894 Total splits: 128 Good splits: 115
Reward: 32345.18011 Total splits: 95 Good splits: 83
Reward: 33951.2593904 Total splits: 105 Good splits: 98
Reward: 20134.9085662 Total splits: 83 Good splits: 74
Reward: 32804.7751043 Total splits: 120 Good splits: 108
Reward: 42271.3621057 Total splits: 116 Good splits: 105
Reward: 41606.9255817 Total splits: 98 Good splits: 85
Reward: 40956.4570422 Total splits: 91 Good splits: 83
Reward: 39848.1928997 Total splits: 111 Good splits: 97
Reward: 31123.9442817 Total splits: 111 Good splits: 97
Reward: 31325.6279406 Total splits: 111 Good splits: 96
Reward: 41205.3391674 Total splits: 104 Good splits: 94
Reward: 38194.3423664 Total splits: 90 Good splits: 78
Reward: 28455.2346693 Total splits: 87 Good splits: 73
Reward: 29340.0425965 Total splits: 102 Good splits: 97
Reward: 38225.9381817 Total splits: 116 Good splits: 105
Reward: 32777.4475961 Total splits: 112 Good splits: 102
Reward: 29287.9913701 Total splits: 113 Good splits: 97

Results after 200 tests
Average total rewards : 34045.9590019
Average total splits  : 103.71
Average good splits   : 91.29
Average good splits % : 88.0242985247

Reward: 46044.2705603 Total splits: 120 Good splits: 104
Reward: 38973.5654885 Total splits: 110 Good splits: 100
Reward: 40181.3572534 Total splits: 120 Good splits: 115
Reward: 36267.1343421 Total splits: 104 Good splits: 90
Reward: 28978.9255721 Total splits: 101 Good splits: 81
Reward: 23988.0083382 Total splits: 92 Good splits: 77
Reward: 37139.3656735 Total splits: 107 Good splits: 96
Reward: 30933.9006722 Total splits: 89 Good splits: 83
Reward: 27987.4820513 Total splits: 123 Good splits: 103
Reward: 29260.4428754 Total splits: 105 Good splits: 89
Reward: 36506.4498878 Total splits: 112 Good splits: 98
Reward: 30987.8033395 Total splits: 125 Good splits: 113
Reward: 25821.9573308 Total splits: 78 Good splits: 65
Reward: 26216.5487917 Total splits: 90 Good splits: 78
Reward: 28436.1224293 Total splits: 94 Good splits: 81
Reward: 32289.252472 Total splits: 90 Good splits: 82
Reward: 35833.4800441 Total splits: 106 Good splits: 94
Reward: 40255.8340248 Total splits: 106 Good splits: 87
Reward: 31296.5059551 Total splits: 93 Good splits: 79
Reward: 29408.7930445 Total splits: 113 Good splits: 102
Reward: 42082.431083 Total splits: 106 Good splits: 93
Reward: 46042.2647441 Total splits: 107 Good splits: 97
Reward: 37410.5485055 Total splits: 116 Good splits: 101
Reward: 24717.7192178 Total splits: 117 Good splits: 102
Reward: 27467.8821073 Total splits: 86 Good splits: 72
Reward: 36505.9398259 Total splits: 112 Good splits: 104
Reward: 33426.0734592 Total splits: 103 Good splits: 84
Reward: 40327.8769218 Total splits: 116 Good splits: 102
Reward: 31593.1449826 Total splits: 114 Good splits: 96
Reward: 19137.8863765 Total splits: 90 Good splits: 77
Reward: 38793.2538271 Total splits: 90 Good splits: 81
Reward: 29479.634815 Total splits: 103 Good splits: 89
Reward: 25714.8412589 Total splits: 99 Good splits: 80
Reward: 43552.4961138 Total splits: 105 Good splits: 94
Reward: 42656.1898696 Total splits: 104 Good splits: 91
Reward: 25862.7080416 Total splits: 91 Good splits: 79
Reward: 35027.9251501 Total splits: 118 Good splits: 102
Reward: 40498.2948727 Total splits: 123 Good splits: 109
Reward: 30177.6008716 Total splits: 84 Good splits: 76
Reward: 41555.0623001 Total splits: 106 Good splits: 97
Reward: 27782.2577723 Total splits: 105 Good splits: 86
Reward: 40393.088624 Total splits: 125 Good splits: 115
Reward: 32869.739486 Total splits: 108 Good splits: 85
Reward: 23977.3857281 Total splits: 101 Good splits: 87
Reward: 41592.1253904 Total splits: 110 Good splits: 97
Reward: 29237.0968395 Total splits: 106 Good splits: 94
Reward: 45248.0942883 Total splits: 111 Good splits: 102
Reward: 32162.2558484 Total splits: 115 Good splits: 105
Reward: 33800.0989883 Total splits: 91 Good splits: 79
Reward: 37609.9735822 Total splits: 95 Good splits: 83
Reward: 21338.2819844 Total splits: 88 Good splits: 75
Reward: 33362.615201 Total splits: 103 Good splits: 94
Reward: 38920.6221906 Total splits: 116 Good splits: 107
Reward: 37639.8460387 Total splits: 122 Good splits: 108
Reward: 38862.2557527 Total splits: 111 Good splits: 98
Reward: 32957.3585709 Total splits: 80 Good splits: 71
Reward: 22439.3288887 Total splits: 87 Good splits: 78
Reward: 25502.401953 Total splits: 105 Good splits: 88
Reward: 32740.930564 Total splits: 110 Good splits: 95
Reward: 36671.3678821 Total splits: 112 Good splits: 102
Reward: 32618.4142874 Total splits: 96 Good splits: 90
Reward: 18617.1008338 Total splits: 104 Good splits: 86
Reward: 35555.7989141 Total splits: 89 Good splits: 77
Reward: 26935.6795098 Total splits: 97 Good splits: 87
Reward: 32371.7305325 Total splits: 108 Good splits: 90
Reward: 36723.1574422 Total splits: 120 Good splits: 99
Reward: 34892.1833723 Total splits: 101 Good splits: 91
Reward: 42157.2667534 Total splits: 122 Good splits: 107
Reward: 27132.9446525 Total splits: 111 Good splits: 97
Reward: 34847.3555625 Total splits: 106 Good splits: 93
Reward: 31286.9833959 Total splits: 108 Good splits: 95
Reward: 36588.4077726 Total splits: 114 Good splits: 97
Reward: 32009.5600843 Total splits: 101 Good splits: 85
Reward: 38732.4451235 Total splits: 101 Good splits: 93
Reward: 33454.3196039 Total splits: 89 Good splits: 79
Reward: 37955.7696453 Total splits: 107 Good splits: 96
Reward: 40256.8770171 Total splits: 122 Good splits: 110
Reward: 27651.9316513 Total splits: 95 Good splits: 81
Reward: 18255.6950379 Total splits: 115 Good splits: 98
Reward: 30334.3712076 Total splits: 106 Good splits: 94
Reward: 34625.2561493 Total splits: 108 Good splits: 89
Reward: 41286.1197069 Total splits: 111 Good splits: 100
Reward: 31114.3446806 Total splits: 107 Good splits: 94
Reward: 24667.3035124 Total splits: 97 Good splits: 86
Reward: 24783.7111221 Total splits: 95 Good splits: 84
Reward: 30730.4361251 Total splits: 92 Good splits: 75
Reward: 34452.6022392 Total splits: 108 Good splits: 96
Reward: 43946.4128656 Total splits: 122 Good splits: 109
Reward: 34578.9410379 Total splits: 111 Good splits: 95
Reward: 26339.8117573 Total splits: 80 Good splits: 68
Reward: 37274.4015834 Total splits: 113 Good splits: 96
Reward: 31926.8560643 Total splits: 112 Good splits: 97
Reward: 39307.2641161 Total splits: 117 Good splits: 104
Reward: 33085.7613401 Total splits: 94 Good splits: 84
Reward: 20064.9568233 Total splits: 113 Good splits: 93
Reward: 42172.7690831 Total splits: 104 Good splits: 95
Reward: 35287.1999623 Total splits: 115 Good splits: 100
Reward: 42084.6404068 Total splits: 120 Good splits: 110
Reward: 36048.5415219 Total splits: 102 Good splits: 96
Reward: 42703.1140014 Total splits: 114 Good splits: 100
Reward: 37170.109367 Total splits: 122 Good splits: 107
Reward: 41346.2103069 Total splits: 107 Good splits: 95
Reward: 27718.7263829 Total splits: 101 Good splits: 87
Reward: 28181.1073397 Total splits: 92 Good splits: 79
Reward: 36800.2768765 Total splits: 108 Good splits: 95
Reward: 38699.7019334 Total splits: 105 Good splits: 90
Reward: 29681.0499721 Total splits: 88 Good splits: 72
Reward: 32524.5313543 Total splits: 115 Good splits: 101
Reward: 38604.4573852 Total splits: 98 Good splits: 88
Reward: 28799.7987988 Total splits: 109 Good splits: 87
Reward: 28625.5964317 Total splits: 119 Good splits: 104
Reward: 32413.6524809 Total splits: 95 Good splits: 88
Reward: 42970.002767 Total splits: 117 Good splits: 104
Reward: 34198.4613922 Total splits: 109 Good splits: 97
Reward: 29012.9014382 Total splits: 103 Good splits: 89
Reward: 41096.5538052 Total splits: 111 Good splits: 101
Reward: 29154.183939 Total splits: 94 Good splits: 86
Reward: 32406.3402103 Total splits: 82 Good splits: 70
Reward: 28918.9600204 Total splits: 93 Good splits: 79
Reward: 42190.2963891 Total splits: 126 Good splits: 110
Reward: 33491.6097451 Total splits: 95 Good splits: 84
Reward: 41023.0018159 Total splits: 125 Good splits: 114
Reward: 37267.0918606 Total splits: 114 Good splits: 103
Reward: 27506.6264675 Total splits: 86 Good splits: 81
Reward: 36970.8514873 Total splits: 107 Good splits: 92
Reward: 31572.4582089 Total splits: 86 Good splits: 75
Reward: 29434.861778 Total splits: 98 Good splits: 86
Reward: 40438.9727247 Total splits: 112 Good splits: 99
Reward: 41053.2353205 Total splits: 113 Good splits: 98
Reward: 25073.9925457 Total splits: 113 Good splits: 99
Reward: 36887.6388988 Total splits: 90 Good splits: 82
Reward: 24879.6844755 Total splits: 92 Good splits: 83
Reward: 27968.0814288 Total splits: 102 Good splits: 89
Reward: 38161.3853892 Total splits: 113 Good splits: 99
Reward: 37892.7978334 Total splits: 113 Good splits: 101
Reward: 38786.9086071 Total splits: 116 Good splits: 101
Reward: 39609.6599083 Total splits: 105 Good splits: 90
Reward: 23843.8380777 Total splits: 79 Good splits: 64
Reward: 26891.871918 Total splits: 102 Good splits: 88
Reward: 30082.1403814 Total splits: 89 Good splits: 77
Reward: 29187.1229179 Total splits: 90 Good splits: 82
Reward: 27601.7630773 Total splits: 109 Good splits: 92
Reward: 25960.3987116 Total splits: 78 Good splits: 66
Reward: 32394.0730715 Total splits: 112 Good splits: 95
Reward: 28585.0849672 Total splits: 111 Good splits: 101
Reward: 30868.2358442 Total splits: 102 Good splits: 91
Reward: 25372.3418769 Total splits: 103 Good splits: 89
Reward: 35119.7692186 Total splits: 113 Good splits: 99
Reward: 33941.0584764 Total splits: 120 Good splits: 101
Reward: 38685.3394459 Total splits: 99 Good splits: 86
Reward: 30893.5543418 Total splits: 89 Good splits: 80
Reward: 28751.7111926 Total splits: 107 Good splits: 97
Reward: 39505.1479399 Total splits: 100 Good splits: 94
Reward: 29692.994203 Total splits: 90 Good splits: 76
Reward: 34602.2713013 Total splits: 82 Good splits: 67
Reward: 31448.2689384 Total splits: 98 Good splits: 86
Reward: 35023.3299549 Total splits: 116 Good splits: 104
Reward: 37003.7503315 Total splits: 110 Good splits: 93
Reward: 22779.369635 Total splits: 101 Good splits: 92
Reward: 35323.8051431 Total splits: 112 Good splits: 100
Reward: 26577.3415383 Total splits: 105 Good splits: 92
Reward: 43149.7210927 Total splits: 107 Good splits: 91
Reward: 36891.8911834 Total splits: 99 Good splits: 85
Reward: 30954.5405837 Total splits: 101 Good splits: 93
Reward: 21366.6545429 Total splits: 110 Good splits: 92
Reward: 32259.3239179 Total splits: 103 Good splits: 87
Reward: 30951.0509638 Total splits: 99 Good splits: 86
Reward: 31966.1650981 Total splits: 130 Good splits: 117
Reward: 39202.0829629 Total splits: 89 Good splits: 81
Reward: 34639.6755422 Total splits: 108 Good splits: 92
Reward: 38265.6480597 Total splits: 105 Good splits: 95
Reward: 38914.4733682 Total splits: 115 Good splits: 108
Reward: 28480.6814774 Total splits: 120 Good splits: 100
Reward: 31442.9922745 Total splits: 110 Good splits: 95
Reward: 33474.9807668 Total splits: 112 Good splits: 93
Reward: 29033.5847231 Total splits: 88 Good splits: 82
Reward: 35562.5007792 Total splits: 119 Good splits: 112
Reward: 34427.2461262 Total splits: 94 Good splits: 84
Reward: 23215.007396 Total splits: 90 Good splits: 78
Reward: 32066.5230088 Total splits: 124 Good splits: 113
Reward: 32333.071257 Total splits: 115 Good splits: 103
Reward: 42076.7268248 Total splits: 117 Good splits: 105
Reward: 40893.6078615 Total splits: 113 Good splits: 102
Reward: 26458.4455112 Total splits: 89 Good splits: 78
Reward: 37029.3207139 Total splits: 101 Good splits: 88
Reward: 31262.3067248 Total splits: 103 Good splits: 85
Reward: 43431.1219845 Total splits: 109 Good splits: 102
Reward: 36835.2296093 Total splits: 122 Good splits: 107
Reward: 20643.3915372 Total splits: 100 Good splits: 86
Reward: 29346.729269 Total splits: 96 Good splits: 86
Reward: 34217.8797979 Total splits: 94 Good splits: 82
Reward: 39512.0171606 Total splits: 100 Good splits: 92
Reward: 27094.984874 Total splits: 93 Good splits: 80
Reward: 34053.2017806 Total splits: 104 Good splits: 91
Reward: 22884.4151358 Total splits: 112 Good splits: 95
Reward: 39194.3623904 Total splits: 105 Good splits: 95
Reward: 32203.9774513 Total splits: 117 Good splits: 100
Reward: 41141.3311648 Total splits: 118 Good splits: 103
Reward: 32958.5213488 Total splits: 95 Good splits: 81
Reward: 33278.8111236 Total splits: 90 Good splits: 83

Results after 200 tests
Average total rewards : 33302.9154677
Average total splits  : 104.615
Average good splits   : 91.765
Average good splits % : 87.7168666061

Reward: 38217.575395 Total splits: 106 Good splits: 91
Reward: 27296.216524 Total splits: 82 Good splits: 69
Reward: 26762.0766127 Total splits: 95 Good splits: 90
Reward: 39866.5047435 Total splits: 109 Good splits: 98
Reward: 35617.5737309 Total splits: 111 Good splits: 89
Reward: 24114.1546273 Total splits: 88 Good splits: 80
Reward: 32817.6981223 Total splits: 118 Good splits: 104
Reward: 32596.7212092 Total splits: 91 Good splits: 76
Reward: 32028.744642 Total splits: 101 Good splits: 84
Reward: 26092.3888052 Total splits: 106 Good splits: 93
Reward: 37835.7445415 Total splits: 108 Good splits: 95
Reward: 37331.6933987 Total splits: 105 Good splits: 94
Reward: 35334.1602413 Total splits: 94 Good splits: 84
Reward: 37002.271307 Total splits: 104 Good splits: 91
Reward: 33850.8414068 Total splits: 117 Good splits: 98
Reward: 29080.2223618 Total splits: 110 Good splits: 97
Reward: 38888.4767781 Total splits: 114 Good splits: 101
Reward: 38599.8002942 Total splits: 121 Good splits: 102
Reward: 32199.6806184 Total splits: 100 Good splits: 91
Reward: 39206.9667156 Total splits: 111 Good splits: 101
Reward: 35519.63145 Total splits: 107 Good splits: 95
Reward: 18478.5472525 Total splits: 91 Good splits: 80
Reward: 31949.1048376 Total splits: 90 Good splits: 76
Reward: 31260.2526133 Total splits: 101 Good splits: 91
Reward: 22541.6649904 Total splits: 101 Good splits: 93
Reward: 26790.3086411 Total splits: 104 Good splits: 90
Reward: 33713.5352054 Total splits: 114 Good splits: 96
Reward: 37545.7301004 Total splits: 119 Good splits: 106
Reward: 36235.0535199 Total splits: 106 Good splits: 94
Reward: 36204.8594297 Total splits: 98 Good splits: 87
Reward: 40473.7915908 Total splits: 97 Good splits: 86
Reward: 33582.7330647 Total splits: 117 Good splits: 103
Reward: 43732.7563769 Total splits: 110 Good splits: 97
Reward: 41465.8948499 Total splits: 111 Good splits: 101
Reward: 35560.7690912 Total splits: 103 Good splits: 84
Reward: 26591.5335337 Total splits: 91 Good splits: 77
Reward: 45519.7839264 Total splits: 107 Good splits: 99
Reward: 25920.5915633 Total splits: 108 Good splits: 92
Reward: 42690.5876013 Total splits: 120 Good splits: 102
Reward: 34086.955152 Total splits: 99 Good splits: 90
Reward: 43267.0453006 Total splits: 111 Good splits: 97
Reward: 35051.7000153 Total splits: 117 Good splits: 108
Reward: 30783.983712 Total splits: 104 Good splits: 87
Reward: 45433.9572417 Total splits: 108 Good splits: 95
Reward: 35786.5223833 Total splits: 90 Good splits: 81
Reward: 39140.3329799 Total splits: 117 Good splits: 104
Reward: 35247.5737732 Total splits: 128 Good splits: 110
Reward: 36132.762104 Total splits: 116 Good splits: 102
Reward: 24499.4739358 Total splits: 116 Good splits: 105
Reward: 30178.8189967 Total splits: 103 Good splits: 87
Reward: 40753.8067344 Total splits: 109 Good splits: 101
Reward: 25807.755409 Total splits: 114 Good splits: 100
Reward: 29753.7017999 Total splits: 88 Good splits: 77
Reward: 42672.9525863 Total splits: 107 Good splits: 99
Reward: 44176.199819 Total splits: 119 Good splits: 103
Reward: 35824.9303852 Total splits: 110 Good splits: 89
Reward: 31325.8943206 Total splits: 93 Good splits: 80
Reward: 30765.7792393 Total splits: 117 Good splits: 103
Reward: 34310.7783384 Total splits: 96 Good splits: 91
Reward: 28450.4252101 Total splits: 129 Good splits: 113
Reward: 33074.1023928 Total splits: 108 Good splits: 105
Reward: 36771.6046333 Total splits: 117 Good splits: 101
Reward: 32290.0469605 Total splits: 116 Good splits: 98
Reward: 38762.817272 Total splits: 103 Good splits: 90
Reward: 41347.2134816 Total splits: 92 Good splits: 84
Reward: 35587.1932655 Total splits: 92 Good splits: 85
Reward: 24638.9999291 Total splits: 87 Good splits: 75
Reward: 37408.4267415 Total splits: 107 Good splits: 94
Reward: 38232.3339759 Total splits: 90 Good splits: 74
Reward: 38484.079842 Total splits: 120 Good splits: 105
Reward: 37888.3589936 Total splits: 103 Good splits: 89
Reward: 42146.5786946 Total splits: 121 Good splits: 113
Reward: 21812.9208334 Total splits: 120 Good splits: 108
Reward: 36503.4070167 Total splits: 111 Good splits: 100
Reward: 40191.8524642 Total splits: 120 Good splits: 102
Reward: 33616.6818511 Total splits: 106 Good splits: 96
Reward: 32794.432803 Total splits: 99 Good splits: 91
Reward: 36301.0060512 Total splits: 100 Good splits: 89
Reward: 38415.9888298 Total splits: 89 Good splits: 80
Reward: 35956.7356055 Total splits: 117 Good splits: 104
Reward: 33520.0412685 Total splits: 97 Good splits: 86
Reward: 34013.8805757 Total splits: 116 Good splits: 105
Reward: 22698.2120786 Total splits: 97 Good splits: 83
Reward: 19861.3686171 Total splits: 86 Good splits: 70
Reward: 22959.8460947 Total splits: 111 Good splits: 99
Reward: 33582.5167986 Total splits: 117 Good splits: 101
Reward: 39339.030759 Total splits: 94 Good splits: 82
Reward: 40616.6866519 Total splits: 105 Good splits: 93
Reward: 34800.5547331 Total splits: 110 Good splits: 94
Reward: 31939.1059159 Total splits: 99 Good splits: 88
Reward: 30460.5789149 Total splits: 97 Good splits: 87
Reward: 31271.2904085 Total splits: 100 Good splits: 88
Reward: 43572.1370062 Total splits: 92 Good splits: 84
Reward: 33020.7494149 Total splits: 126 Good splits: 111
Reward: 30146.2595824 Total splits: 84 Good splits: 74
Reward: 40225.7893334 Total splits: 116 Good splits: 101
Reward: 42078.1841736 Total splits: 123 Good splits: 108
Reward: 11232.2445431 Total splits: 91 Good splits: 79
Reward: 30071.1734909 Total splits: 113 Good splits: 100
Reward: 31633.6896701 Total splits: 85 Good splits: 73

Results after 100 tests
Average total rewards : 34032.3611282
Average total splits  : 105.54
Average good splits   : 92.88
Average good splits % : 88.0045480387

Reward: 34492.9844836 Total splits: 88 Good splits: 83
Reward: 34943.5323144 Total splits: 125 Good splits: 110
Reward: 22166.6073183 Total splits: 102 Good splits: 90
Reward: 37337.4327563 Total splits: 129 Good splits: 115
Reward: 37568.3731289 Total splits: 112 Good splits: 100
Reward: 30030.917035 Total splits: 119 Good splits: 106
Reward: 29665.1492113 Total splits: 98 Good splits: 85
Reward: 31876.7774462 Total splits: 104 Good splits: 91
Reward: 42099.4937649 Total splits: 114 Good splits: 105
Reward: 34103.1751114 Total splits: 95 Good splits: 84
Reward: 36500.6661109 Total splits: 92 Good splits: 81
Reward: 30307.8697277 Total splits: 85 Good splits: 73
Reward: 31812.2448119 Total splits: 99 Good splits: 92
Reward: 29009.874545 Total splits: 108 Good splits: 93
Reward: 39140.0682258 Total splits: 119 Good splits: 102
Reward: 36433.4887766 Total splits: 110 Good splits: 97
Reward: 38730.6800795 Total splits: 106 Good splits: 90
Reward: 39166.7058612 Total splits: 107 Good splits: 95
Reward: 24983.9570327 Total splits: 118 Good splits: 105
Reward: 28506.009424 Total splits: 97 Good splits: 81
Reward: 37764.8064056 Total splits: 96 Good splits: 83
Reward: 28110.9791732 Total splits: 96 Good splits: 87
Reward: 40513.3297306 Total splits: 122 Good splits: 108
Reward: 36802.1141103 Total splits: 111 Good splits: 100
Reward: 37820.0392862 Total splits: 106 Good splits: 90
Reward: 33204.0570581 Total splits: 111 Good splits: 95
Reward: 38295.8679625 Total splits: 115 Good splits: 107
Reward: 34347.3386266 Total splits: 109 Good splits: 97
Reward: 31345.4491557 Total splits: 100 Good splits: 87
Reward: 28938.880579 Total splits: 116 Good splits: 103
Reward: 37511.5529665 Total splits: 128 Good splits: 112
Reward: 40060.239747 Total splits: 114 Good splits: 100
Reward: 35703.7615164 Total splits: 115 Good splits: 102
Reward: 20413.7475852 Total splits: 98 Good splits: 86
Reward: 34040.2247459 Total splits: 80 Good splits: 69
Reward: 23394.317379 Total splits: 89 Good splits: 80
Reward: 29244.6403248 Total splits: 92 Good splits: 83
Reward: 36596.9906313 Total splits: 116 Good splits: 105
Reward: 40480.0995866 Total splits: 100 Good splits: 87
Reward: 40028.3848159 Total splits: 100 Good splits: 90
Reward: 30501.3642648 Total splits: 96 Good splits: 87
Reward: 42974.3916424 Total splits: 91 Good splits: 75
Reward: 30228.9779489 Total splits: 107 Good splits: 98
Reward: 34247.8778755 Total splits: 108 Good splits: 99
Reward: 32573.1961411 Total splits: 122 Good splits: 108
Reward: 38423.3585304 Total splits: 107 Good splits: 98
Reward: 26168.5096391 Total splits: 103 Good splits: 92
Reward: 37456.4132085 Total splits: 105 Good splits: 97
Reward: 37651.8818714 Total splits: 112 Good splits: 100
Reward: 37972.3262346 Total splits: 100 Good splits: 91
Reward: 42095.4005362 Total splits: 108 Good splits: 95
Reward: 43887.1786556 Total splits: 106 Good splits: 90
Reward: 31642.6262807 Total splits: 90 Good splits: 75
Reward: 36683.7256128 Total splits: 98 Good splits: 84
Reward: 29892.2416662 Total splits: 113 Good splits: 101
Reward: 33631.3108449 Total splits: 121 Good splits: 111
Reward: 37172.0339566 Total splits: 124 Good splits: 108
Reward: 38100.9434175 Total splits: 106 Good splits: 93
Reward: 23317.1899099 Total splits: 85 Good splits: 72
Reward: 22605.5225206 Total splits: 114 Good splits: 97
Reward: 38013.0322715 Total splits: 110 Good splits: 99
Reward: 32417.3980121 Total splits: 95 Good splits: 82
Reward: 34275.8068415 Total splits: 86 Good splits: 79
Reward: 34767.600551 Total splits: 104 Good splits: 92
Reward: 33795.2578586 Total splits: 100 Good splits: 93
Reward: 40485.3532684 Total splits: 113 Good splits: 93
Reward: 32185.6912031 Total splits: 116 Good splits: 105
Reward: 36907.236386 Total splits: 96 Good splits: 85
Reward: 29500.3808032 Total splits: 97 Good splits: 87
Reward: 31182.6321767 Total splits: 104 Good splits: 91
Reward: 35328.7178316 Total splits: 96 Good splits: 77
Reward: 37465.7185781 Total splits: 118 Good splits: 103
Reward: 31660.1554025 Total splits: 100 Good splits: 82
Reward: 25103.4639073 Total splits: 108 Good splits: 95
Reward: 40222.1915943 Total splits: 128 Good splits: 118
Reward: 35338.1438863 Total splits: 105 Good splits: 94
Reward: 44134.3476875 Total splits: 105 Good splits: 96
Reward: 34881.9044493 Total splits: 90 Good splits: 79
Reward: 34199.7079917 Total splits: 115 Good splits: 100
Reward: 37030.364618 Total splits: 115 Good splits: 105
Reward: 36585.4514851 Total splits: 119 Good splits: 105
Reward: 31092.7796614 Total splits: 103 Good splits: 89
Reward: 36381.0678085 Total splits: 96 Good splits: 87
Reward: 29403.9726341 Total splits: 130 Good splits: 115
Reward: 36461.1884692 Total splits: 112 Good splits: 99
Reward: 29736.0876916 Total splits: 114 Good splits: 100
Reward: 26812.5858449 Total splits: 88 Good splits: 78
Reward: 38093.8562338 Total splits: 109 Good splits: 100
Reward: 35988.7896368 Total splits: 114 Good splits: 96
Reward: 36201.5094261 Total splits: 103 Good splits: 95
Reward: 35222.3323116 Total splits: 121 Good splits: 107
Reward: 29070.743452 Total splits: 91 Good splits: 85
Reward: 44510.4668589 Total splits: 114 Good splits: 102
Reward: 35606.2341939 Total splits: 106 Good splits: 93
Reward: 24232.1591771 Total splits: 76 Good splits: 66
Reward: 37438.5976532 Total splits: 116 Good splits: 103
Reward: 37730.6299948 Total splits: 128 Good splits: 118
Reward: 22803.0942576 Total splits: 91 Good splits: 78
Reward: 36807.734154 Total splits: 114 Good splits: 101
Reward: 28115.6120883 Total splits: 87 Good splits: 77

Results after 100 tests
Average total rewards : 34079.0929766
Average total splits  : 105.9
Average good splits   : 93.69
Average good splits % : 88.4702549575

Reward: 31092.5025259 Total splits: 121 Good splits: 106
Reward: 42475.4721617 Total splits: 110 Good splits: 99
Reward: 24915.7635401 Total splits: 81 Good splits: 71
Reward: 32114.3944849 Total splits: 108 Good splits: 98
Reward: 39805.601714 Total splits: 116 Good splits: 105
Reward: 33142.518849 Total splits: 97 Good splits: 78
Reward: 35027.5120935 Total splits: 98 Good splits: 84
Reward: 32876.6859578 Total splits: 119 Good splits: 103
Reward: 43336.3936882 Total splits: 129 Good splits: 114
Reward: 34395.2834352 Total splits: 104 Good splits: 94
Reward: 35254.8201985 Total splits: 88 Good splits: 77
Reward: 42948.6700913 Total splits: 112 Good splits: 96
Reward: 41000.6275376 Total splits: 112 Good splits: 95
Reward: 34118.5969765 Total splits: 84 Good splits: 76
Reward: 34111.5435545 Total splits: 114 Good splits: 98
Reward: 37027.0748638 Total splits: 96 Good splits: 80
Reward: 28210.3921871 Total splits: 83 Good splits: 73
Reward: 30858.2511053 Total splits: 83 Good splits: 75
Reward: 34896.1518034 Total splits: 92 Good splits: 79
Reward: 39994.2652778 Total splits: 103 Good splits: 93
Reward: 34101.6884095 Total splits: 90 Good splits: 81
Reward: 41260.4914907 Total splits: 121 Good splits: 111
Reward: 45499.6653309 Total splits: 101 Good splits: 88
Reward: 31385.7410905 Total splits: 117 Good splits: 104
Reward: 24389.0460659 Total splits: 107 Good splits: 94
Reward: 30948.0434424 Total splits: 109 Good splits: 96
Reward: 34315.088317 Total splits: 103 Good splits: 91
Reward: 37781.5902392 Total splits: 118 Good splits: 103
Reward: 30235.8929711 Total splits: 112 Good splits: 99
Reward: 30500.5886455 Total splits: 104 Good splits: 86
Reward: 33424.6067654 Total splits: 116 Good splits: 101
Reward: 29131.0464999 Total splits: 89 Good splits: 80
Reward: 28485.5955915 Total splits: 93 Good splits: 78
Reward: 37912.3343167 Total splits: 91 Good splits: 78
Reward: 32427.1284361 Total splits: 102 Good splits: 85
Reward: 42348.1743788 Total splits: 100 Good splits: 86
Reward: 26184.8084841 Total splits: 99 Good splits: 87
Reward: 22761.1736117 Total splits: 119 Good splits: 105
Reward: 36133.8748948 Total splits: 120 Good splits: 105
Reward: 35725.589057 Total splits: 102 Good splits: 88
Reward: 35511.2871216 Total splits: 87 Good splits: 77
Reward: 42306.3487791 Total splits: 95 Good splits: 85
Reward: 32054.6587109 Total splits: 88 Good splits: 74
Reward: 33990.6317273 Total splits: 89 Good splits: 78
Reward: 23452.7151167 Total splits: 110 Good splits: 93
Reward: 33207.159623 Total splits: 100 Good splits: 87
Reward: 35337.7569632 Total splits: 88 Good splits: 75
Reward: 41999.893216 Total splits: 107 Good splits: 96
Reward: 32492.228524 Total splits: 104 Good splits: 89
Reward: 37911.165234 Total splits: 92 Good splits: 80
Reward: 29572.0746036 Total splits: 105 Good splits: 91
Reward: 32994.3139942 Total splits: 117 Good splits: 105
Reward: 43220.2928097 Total splits: 108 Good splits: 98
Reward: 35268.6270084 Total splits: 115 Good splits: 99
Reward: 38144.869577 Total splits: 96 Good splits: 88
Reward: 33523.2059546 Total splits: 123 Good splits: 114
Reward: 25727.9370112 Total splits: 94 Good splits: 83
Reward: 30003.0354685 Total splits: 96 Good splits: 82
Reward: 24721.3404281 Total splits: 88 Good splits: 79
Reward: 31896.501065 Total splits: 88 Good splits: 74
Reward: 25308.3015014 Total splits: 92 Good splits: 77
Reward: 38016.2602646 Total splits: 111 Good splits: 95
Reward: 35821.6388477 Total splits: 86 Good splits: 80
Reward: 32047.6059349 Total splits: 116 Good splits: 105
Reward: 44164.2848757 Total splits: 111 Good splits: 99
Reward: 34058.6410652 Total splits: 110 Good splits: 99
Reward: 31394.8962345 Total splits: 105 Good splits: 98
Reward: 31849.1493469 Total splits: 92 Good splits: 82
Reward: 24909.3741008 Total splits: 92 Good splits: 79
Reward: 42317.0496238 Total splits: 105 Good splits: 91
Reward: 40867.2581003 Total splits: 108 Good splits: 92
Reward: 35761.6332799 Total splits: 111 Good splits: 96
Reward: 42061.1292538 Total splits: 109 Good splits: 95
Reward: 39617.9422577 Total splits: 110 Good splits: 98
Reward: 36950.955668 Total splits: 119 Good splits: 103
Reward: 36296.344482 Total splits: 93 Good splits: 84
Reward: 33471.5721198 Total splits: 110 Good splits: 97
Reward: 43065.4094282 Total splits: 106 Good splits: 96
Reward: 21680.7402974 Total splits: 121 Good splits: 106
Reward: 37744.5259956 Total splits: 124 Good splits: 113
Reward: 28532.6281947 Total splits: 91 Good splits: 79
Reward: 34930.0794012 Total splits: 106 Good splits: 93
Reward: 42482.6285169 Total splits: 117 Good splits: 109
Reward: 45111.4592489 Total splits: 100 Good splits: 90
Reward: 39578.0875095 Total splits: 106 Good splits: 88
Reward: 34487.9412568 Total splits: 98 Good splits: 87
Reward: 31303.3667976 Total splits: 91 Good splits: 80
Reward: 35788.6237923 Total splits: 110 Good splits: 97
Reward: 30883.1576988 Total splits: 99 Good splits: 88
Reward: 36057.0847746 Total splits: 111 Good splits: 90
Reward: 42125.333659 Total splits: 106 Good splits: 95
Reward: 43187.8294604 Total splits: 101 Good splits: 89
Reward: 18007.1086298 Total splits: 89 Good splits: 80
Reward: 39149.8583549 Total splits: 106 Good splits: 88
Reward: 37330.9679819 Total splits: 116 Good splits: 101
Reward: 33637.6680582 Total splits: 84 Good splits: 72
Reward: 36798.7910314 Total splits: 116 Good splits: 101
Reward: 43987.9073503 Total splits: 112 Good splits: 100
Reward: 30100.688068 Total splits: 109 Good splits: 93
Reward: 35457.0911592 Total splits: 92 Good splits: 81
Reward: 26439.4919607 Total splits: 99 Good splits: 77
Reward: 22592.8793315 Total splits: 93 Good splits: 78
Reward: 25662.830146 Total splits: 109 Good splits: 93
Reward: 41447.2675468 Total splits: 106 Good splits: 93
Reward: 33868.8209207 Total splits: 107 Good splits: 92
Reward: 35492.9102749 Total splits: 96 Good splits: 89
Reward: 35327.2955206 Total splits: 125 Good splits: 115
Reward: 39925.3664868 Total splits: 95 Good splits: 83
Reward: 41471.5760189 Total splits: 95 Good splits: 80
Reward: 35749.6065459 Total splits: 96 Good splits: 84
Reward: 31692.5150422 Total splits: 103 Good splits: 92
Reward: 30616.6371524 Total splits: 85 Good splits: 79
Reward: 34431.0991727 Total splits: 97 Good splits: 89
Reward: 34301.3631739 Total splits: 102 Good splits: 92
Reward: 39657.522279 Total splits: 114 Good splits: 105
Reward: 32343.1007377 Total splits: 109 Good splits: 98
Reward: 29533.6471561 Total splits: 117 Good splits: 105
Reward: 41276.2332051 Total splits: 109 Good splits: 93
Reward: 18571.6042 Total splits: 93 Good splits: 78
Reward: 25397.5976523 Total splits: 127 Good splits: 107
Reward: 39336.8387293 Total splits: 107 Good splits: 93
Reward: 35691.1166799 Total splits: 113 Good splits: 93
Reward: 29421.891157 Total splits: 92 Good splits: 80
Reward: 39740.7107146 Total splits: 105 Good splits: 92
Reward: 42857.4496511 Total splits: 108 Good splits: 96
Reward: 32806.2406254 Total splits: 120 Good splits: 110
Reward: 28736.7428512 Total splits: 83 Good splits: 72
Reward: 29383.7697926 Total splits: 102 Good splits: 83
Reward: 14606.7246559 Total splits: 84 Good splits: 72
Reward: 31059.1951976 Total splits: 87 Good splits: 78
Reward: 40739.0892532 Total splits: 95 Good splits: 84
Reward: 25693.1265308 Total splits: 86 Good splits: 77
Reward: 41945.0325251 Total splits: 108 Good splits: 95
Reward: 32244.8629393 Total splits: 86 Good splits: 73
Reward: 28235.1967266 Total splits: 86 Good splits: 77
Reward: 38391.3988833 Total splits: 122 Good splits: 99
Reward: 28823.6098919 Total splits: 119 Good splits: 112
Reward: 34998.5692315 Total splits: 121 Good splits: 104
Reward: 37309.5302278 Total splits: 120 Good splits: 103
Reward: 28584.2234673 Total splits: 99 Good splits: 86
Reward: 31304.8459638 Total splits: 102 Good splits: 88
Reward: 27905.2202989 Total splits: 111 Good splits: 99
Reward: 28969.5474739 Total splits: 95 Good splits: 82
Reward: 35212.9039303 Total splits: 110 Good splits: 95
Reward: 31806.1105564 Total splits: 98 Good splits: 89
Reward: 31603.2685841 Total splits: 105 Good splits: 90
Reward: 44661.1872656 Total splits: 102 Good splits: 89
Reward: 43070.7848038 Total splits: 114 Good splits: 100
Reward: 30395.3146891 Total splits: 83 Good splits: 74
Reward: 17756.498523 Total splits: 105 Good splits: 89
Reward: 27161.6440614 Total splits: 96 Good splits: 82
Reward: 38870.7185645 Total splits: 116 Good splits: 102
Reward: 28362.4336156 Total splits: 111 Good splits: 91
Reward: 31171.3501051 Total splits: 106 Good splits: 90
Reward: 31362.2061769 Total splits: 95 Good splits: 78
Reward: 26233.923994 Total splits: 119 Good splits: 106
Reward: 31480.5865553 Total splits: 91 Good splits: 82
Reward: 19567.6529077 Total splits: 93 Good splits: 87
Reward: 26629.7655986 Total splits: 99 Good splits: 92
Reward: 29126.8463588 Total splits: 97 Good splits: 85
Reward: 33292.8440591 Total splits: 95 Good splits: 84
Reward: 30558.3856251 Total splits: 90 Good splits: 79
Reward: 40298.1870191 Total splits: 95 Good splits: 84
Reward: 27374.9309219 Total splits: 104 Good splits: 87
Reward: 36343.5742691 Total splits: 89 Good splits: 83
Reward: 38828.4033402 Total splits: 115 Good splits: 105
Reward: 37363.9021753 Total splits: 99 Good splits: 93
Reward: 38191.8877778 Total splits: 91 Good splits: 75
Reward: 44192.2759974 Total splits: 116 Good splits: 100
Reward: 36105.1918985 Total splits: 92 Good splits: 83
Reward: 37046.6229629 Total splits: 108 Good splits: 98
Reward: 28257.7553474 Total splits: 92 Good splits: 79
Reward: 40638.5934094 Total splits: 117 Good splits: 106
Reward: 19103.7755048 Total splits: 87 Good splits: 79
Reward: 38795.5719022 Total splits: 97 Good splits: 82
Reward: 40533.2025909 Total splits: 91 Good splits: 81
Reward: 37082.7319609 Total splits: 114 Good splits: 100
Reward: 35676.814721 Total splits: 87 Good splits: 78
Reward: 24815.1618647 Total splits: 109 Good splits: 93
Reward: 29788.0469543 Total splits: 114 Good splits: 99
Reward: 32087.8654679 Total splits: 99 Good splits: 85
Reward: 33654.0297784 Total splits: 106 Good splits: 94
Reward: 23177.5408573 Total splits: 88 Good splits: 74
Reward: 36017.2318734 Total splits: 101 Good splits: 90
Reward: 31732.8067934 Total splits: 126 Good splits: 111
Reward: 36689.4243409 Total splits: 121 Good splits: 105
Reward: 41582.7406255 Total splits: 120 Good splits: 105
Reward: 32818.1093157 Total splits: 93 Good splits: 82
Reward: 29538.902302 Total splits: 90 Good splits: 81
Reward: 32341.223727 Total splits: 95 Good splits: 87
Reward: 42716.1440586 Total splits: 124 Good splits: 114
Reward: 32671.4434958 Total splits: 94 Good splits: 83
Reward: 40360.4069205 Total splits: 125 Good splits: 114
Reward: 41297.0495772 Total splits: 110 Good splits: 101
Reward: 35954.0013218 Total splits: 92 Good splits: 79
Reward: 22930.5501529 Total splits: 96 Good splits: 81
Reward: 33932.6971025 Total splits: 87 Good splits: 75
Reward: 32172.5636504 Total splits: 100 Good splits: 89
Reward: 30752.2725407 Total splits: 99 Good splits: 88
Reward: 39557.5152672 Total splits: 110 Good splits: 90

Results after 200 tests
Average total rewards : 33887.818102
Average total splits  : 102.95
Average good splits   : 90.3
Average good splits % : 87.7124817873

