Reward: 15705.7836498 Total splits: 23 Good splits: 23
Reward: 34895.0067943 Total splits: 24 Good splits: 24
Reward: 24081.6053524 Total splits: 24 Good splits: 24
Reward: 34318.9437886 Total splits: 23 Good splits: 22
Reward: 17868.6646376 Total splits: 22 Good splits: 22
Reward: 37302.5373896 Total splits: 24 Good splits: 24
Reward: 20922.4882207 Total splits: 22 Good splits: 22
Reward: 23196.4470414 Total splits: 21 Good splits: 21
Reward: 36493.778429 Total splits: 26 Good splits: 26
Reward: 25929.076001 Total splits: 21 Good splits: 21
Reward: 31227.1181839 Total splits: 23 Good splits: 23
Reward: 38586.6260028 Total splits: 26 Good splits: 25
Reward: 32799.0128435 Total splits: 25 Good splits: 25
Reward: 28779.1680295 Total splits: 24 Good splits: 24
Reward: 21481.1880405 Total splits: 23 Good splits: 23
Reward: 35146.7021576 Total splits: 23 Good splits: 22
Reward: 30585.613075 Total splits: 19 Good splits: 19
Reward: 27696.8738074 Total splits: 22 Good splits: 22
Reward: 36746.2882371 Total splits: 22 Good splits: 22
Reward: 44108.6286915 Total splits: 25 Good splits: 25
Reward: 29370.0638495 Total splits: 20 Good splits: 20
Reward: 38615.7049705 Total splits: 26 Good splits: 26
Reward: 17445.3113969 Total splits: 25 Good splits: 24
Reward: 30527.8945226 Total splits: 21 Good splits: 21
Reward: 30844.5380938 Total splits: 25 Good splits: 25
Reward: 26774.0601265 Total splits: 24 Good splits: 24
Reward: 31655.8682951 Total splits: 25 Good splits: 24
Reward: 27512.4223815 Total splits: 26 Good splits: 26
Reward: 43395.5417737 Total splits: 26 Good splits: 25
Reward: 38722.7261722 Total splits: 22 Good splits: 22
Reward: 22665.43494 Total splits: 21 Good splits: 20
Reward: 41069.9453882 Total splits: 24 Good splits: 24
Reward: 38339.5948863 Total splits: 25 Good splits: 25
Reward: 25432.0296859 Total splits: 25 Good splits: 25
Reward: 37985.2248944 Total splits: 26 Good splits: 26
Reward: 32713.6202371 Total splits: 24 Good splits: 23
Reward: 24698.9204945 Total splits: 24 Good splits: 24
Reward: 29170.164558 Total splits: 23 Good splits: 23
Reward: 36452.5202668 Total splits: 25 Good splits: 25
Reward: 28356.0289191 Total splits: 23 Good splits: 23
Reward: 35592.6861703 Total splits: 26 Good splits: 24
Reward: 30754.2357686 Total splits: 26 Good splits: 26
Reward: 32569.3468626 Total splits: 24 Good splits: 24
Reward: 23609.018317 Total splits: 24 Good splits: 24
Reward: 24592.3912943 Total splits: 27 Good splits: 27
Reward: 41262.8709657 Total splits: 23 Good splits: 23
Reward: 27197.7509649 Total splits: 26 Good splits: 25
Reward: 33233.2025748 Total splits: 26 Good splits: 26
Reward: 32769.2302934 Total splits: 25 Good splits: 25
Reward: 45817.3663526 Total splits: 22 Good splits: 22
Reward: 21412.2675014 Total splits: 24 Good splits: 21
Reward: 43122.6715872 Total splits: 25 Good splits: 25
Reward: 10228.9031578 Total splits: 23 Good splits: 21
Reward: 34298.6653031 Total splits: 24 Good splits: 24
Reward: 30657.0280693 Total splits: 20 Good splits: 20
Reward: 29515.0132439 Total splits: 20 Good splits: 20
Reward: 33420.9493597 Total splits: 25 Good splits: 24
Reward: 41562.5663275 Total splits: 25 Good splits: 25
Reward: 37331.8185738 Total splits: 24 Good splits: 24
Reward: 15267.8952852 Total splits: 26 Good splits: 26
Reward: 39606.2588664 Total splits: 24 Good splits: 24
Reward: 27446.4525646 Total splits: 23 Good splits: 23
Reward: 34721.6615553 Total splits: 23 Good splits: 23
Reward: 36856.4366412 Total splits: 24 Good splits: 24
Reward: 29888.1713562 Total splits: 23 Good splits: 23
Reward: 26291.8200535 Total splits: 22 Good splits: 22
Reward: 37293.502289 Total splits: 27 Good splits: 27
Reward: 31993.4801205 Total splits: 24 Good splits: 24
Reward: 33852.2204169 Total splits: 24 Good splits: 24
Reward: 38343.4101812 Total splits: 21 Good splits: 21
Reward: 30762.8197623 Total splits: 24 Good splits: 24
Reward: 36375.1656756 Total splits: 24 Good splits: 23
Reward: 25318.2338838 Total splits: 21 Good splits: 21
Reward: 28955.3267494 Total splits: 25 Good splits: 25
Reward: 13238.3728552 Total splits: 23 Good splits: 23
Reward: 24661.4047784 Total splits: 22 Good splits: 22
Reward: 37200.0879583 Total splits: 25 Good splits: 25
Reward: 44696.576498 Total splits: 28 Good splits: 28
Reward: 22728.8771271 Total splits: 21 Good splits: 20
Reward: 20450.9429235 Total splits: 22 Good splits: 22
Reward: 18006.2077354 Total splits: 27 Good splits: 26
Reward: 32660.5351943 Total splits: 25 Good splits: 25
Reward: 34940.6092969 Total splits: 23 Good splits: 22
Reward: 30848.3164808 Total splits: 23 Good splits: 23
Reward: 41460.3896305 Total splits: 26 Good splits: 26
Reward: 36319.6422971 Total splits: 21 Good splits: 21
Reward: 36493.1955541 Total splits: 28 Good splits: 28
Reward: 37964.97269 Total splits: 25 Good splits: 25
Reward: 33519.4662664 Total splits: 22 Good splits: 22
Reward: 27621.7703888 Total splits: 24 Good splits: 23
Reward: 17117.2932233 Total splits: 25 Good splits: 25
Reward: 36785.7374484 Total splits: 25 Good splits: 25
Reward: 22190.9444932 Total splits: 26 Good splits: 26
Reward: 27341.2902067 Total splits: 25 Good splits: 25
Reward: 36588.1477458 Total splits: 25 Good splits: 25
Reward: 23596.690468 Total splits: 24 Good splits: 24
Reward: 43341.7038856 Total splits: 24 Good splits: 24
Reward: 36858.1107725 Total splits: 25 Good splits: 25
Reward: 28075.4820752 Total splits: 24 Good splits: 24
Reward: 28713.3948356 Total splits: 24 Good splits: 24
Reward: 17684.1271654 Total splits: 24 Good splits: 24
Reward: 37001.0752642 Total splits: 24 Good splits: 22
Reward: 31994.9589813 Total splits: 22 Good splits: 22
Reward: 43513.9655599 Total splits: 24 Good splits: 24
Reward: 37355.0921707 Total splits: 24 Good splits: 24
Reward: 16940.9294783 Total splits: 22 Good splits: 22
Reward: 27243.7309922 Total splits: 23 Good splits: 23
Reward: 41028.4142207 Total splits: 28 Good splits: 28
Reward: 40682.7813252 Total splits: 22 Good splits: 22
Reward: 31090.2497385 Total splits: 27 Good splits: 26
Reward: 29910.7546756 Total splits: 24 Good splits: 24
Reward: 33167.8951181 Total splits: 26 Good splits: 26
Reward: 27824.7844524 Total splits: 24 Good splits: 24
Reward: 37482.2629507 Total splits: 25 Good splits: 24
Reward: 37878.4457339 Total splits: 24 Good splits: 24
Reward: 26248.3745688 Total splits: 23 Good splits: 23
Reward: 17649.9963438 Total splits: 27 Good splits: 27
Reward: 28892.4213981 Total splits: 23 Good splits: 23
Reward: 37336.9281979 Total splits: 25 Good splits: 25
Reward: 38283.5016662 Total splits: 23 Good splits: 23
Reward: 32694.5713739 Total splits: 21 Good splits: 21
Reward: 20065.8481763 Total splits: 23 Good splits: 23
Reward: 36952.0949702 Total splits: 27 Good splits: 27
Reward: 39045.8136639 Total splits: 25 Good splits: 25
Reward: 21938.4177481 Total splits: 25 Good splits: 25
Reward: 42472.5640379 Total splits: 25 Good splits: 25
Reward: 24477.9225695 Total splits: 26 Good splits: 26
Reward: 38685.2771381 Total splits: 25 Good splits: 25
Reward: 37542.1296544 Total splits: 25 Good splits: 25
Reward: 38004.3123391 Total splits: 24 Good splits: 24
Reward: 21577.9029812 Total splits: 22 Good splits: 21
Reward: 39490.8893655 Total splits: 25 Good splits: 25
Reward: 21425.259963 Total splits: 23 Good splits: 23
Reward: 25713.8981273 Total splits: 22 Good splits: 22
Reward: 25906.1397939 Total splits: 24 Good splits: 24
Reward: 35040.004191 Total splits: 23 Good splits: 23
Reward: 35692.1082565 Total splits: 24 Good splits: 23
Reward: 29550.2634218 Total splits: 21 Good splits: 21
Reward: 32920.0555458 Total splits: 23 Good splits: 23
Reward: 40801.7730401 Total splits: 24 Good splits: 24
Reward: 20584.5545781 Total splits: 26 Good splits: 26
Reward: 33495.6828548 Total splits: 23 Good splits: 23
Reward: 41865.6724828 Total splits: 25 Good splits: 22
Reward: 22667.0160111 Total splits: 23 Good splits: 23
Reward: 36600.6115809 Total splits: 25 Good splits: 25
Reward: 24907.1230355 Total splits: 22 Good splits: 20
Reward: 43690.7939448 Total splits: 24 Good splits: 24
Reward: 35695.2662648 Total splits: 24 Good splits: 23
Reward: 30528.1069558 Total splits: 24 Good splits: 24
Reward: 40164.3269481 Total splits: 26 Good splits: 25
Reward: 9392.95925374 Total splits: 28 Good splits: 27
Reward: 32145.4043739 Total splits: 22 Good splits: 22
Reward: 10598.3091076 Total splits: 24 Good splits: 22
Reward: 35746.1437428 Total splits: 24 Good splits: 24
Reward: 25333.4287248 Total splits: 21 Good splits: 21
Reward: 25971.8933857 Total splits: 26 Good splits: 26
Reward: 27623.9835446 Total splits: 21 Good splits: 21
Reward: 42430.49694 Total splits: 27 Good splits: 27
Reward: 42630.4142967 Total splits: 27 Good splits: 27
Reward: 33723.5166805 Total splits: 21 Good splits: 21
Reward: 38850.9067291 Total splits: 24 Good splits: 24
Reward: 42626.6221259 Total splits: 24 Good splits: 24
Reward: 45115.1023656 Total splits: 26 Good splits: 26
Reward: 39046.754409 Total splits: 24 Good splits: 24
Reward: 35976.6361462 Total splits: 23 Good splits: 23
Reward: 34815.2885793 Total splits: 23 Good splits: 23
Reward: 29688.4875959 Total splits: 21 Good splits: 20
Reward: 26387.4935033 Total splits: 24 Good splits: 24
Reward: 27702.9819909 Total splits: 22 Good splits: 22
Reward: 34854.1747906 Total splits: 26 Good splits: 26
Reward: 15272.1262081 Total splits: 22 Good splits: 22
Reward: 13562.384667 Total splits: 24 Good splits: 24
Reward: 35986.4639701 Total splits: 22 Good splits: 22
Reward: 28645.1354309 Total splits: 26 Good splits: 26
Reward: 28804.5989444 Total splits: 24 Good splits: 23
Reward: 27198.9557183 Total splits: 22 Good splits: 22
Reward: 39964.5795921 Total splits: 23 Good splits: 23
Reward: 38499.9259313 Total splits: 23 Good splits: 23
Reward: 22493.9556261 Total splits: 25 Good splits: 24
Reward: 15383.1263279 Total splits: 23 Good splits: 23
Reward: 37181.2521862 Total splits: 25 Good splits: 25
Reward: 19324.4676129 Total splits: 23 Good splits: 23
Reward: 23728.7776273 Total splits: 21 Good splits: 21
Reward: 40533.6231802 Total splits: 25 Good splits: 24
Reward: 23607.3353253 Total splits: 24 Good splits: 24
Reward: 35246.367387 Total splits: 21 Good splits: 21
Reward: 41570.7952539 Total splits: 25 Good splits: 25
Reward: 22908.0000886 Total splits: 23 Good splits: 22
Reward: 29019.9684174 Total splits: 24 Good splits: 24
Reward: 39941.087096 Total splits: 24 Good splits: 24
Reward: 31050.3072774 Total splits: 26 Good splits: 26
Reward: 28101.5576186 Total splits: 24 Good splits: 24
Reward: 40165.589978 Total splits: 23 Good splits: 23
Reward: 24676.6116554 Total splits: 25 Good splits: 25
Reward: 42555.454551 Total splits: 25 Good splits: 25
Reward: 23919.0852202 Total splits: 24 Good splits: 24
Reward: 21087.0461334 Total splits: 24 Good splits: 24
Reward: 42120.0334192 Total splits: 24 Good splits: 24
Reward: 31214.4929924 Total splits: 20 Good splits: 19
Reward: 35416.0936426 Total splits: 23 Good splits: 22
Reward: 36815.8237891 Total splits: 24 Good splits: 24
Reward: 28119.648733 Total splits: 22 Good splits: 22
Reward: 42275.2794089 Total splits: 29 Good splits: 29
Reward: 15009.3025972 Total splits: 21 Good splits: 21
Reward: 33451.4390934 Total splits: 24 Good splits: 24
Reward: 33931.3424137 Total splits: 25 Good splits: 25
Reward: 22643.3598464 Total splits: 24 Good splits: 24
Reward: 14218.4788509 Total splits: 23 Good splits: 23
Reward: 42967.2106851 Total splits: 24 Good splits: 24
Reward: 27186.7602554 Total splits: 23 Good splits: 23
Reward: 29079.7565162 Total splits: 24 Good splits: 24
Reward: 34624.4570736 Total splits: 22 Good splits: 21
Reward: 30677.5271158 Total splits: 26 Good splits: 26
Reward: 42318.6402294 Total splits: 24 Good splits: 24
Reward: 32204.3738394 Total splits: 25 Good splits: 25
Reward: 21843.8097685 Total splits: 24 Good splits: 23
Reward: 29383.6166963 Total splits: 24 Good splits: 24
Reward: 40825.0980441 Total splits: 25 Good splits: 25
Reward: 41614.0960204 Total splits: 24 Good splits: 24
Reward: 21764.5828912 Total splits: 21 Good splits: 21
Reward: 8312.47443194 Total splits: 23 Good splits: 21
Reward: 41447.0294938 Total splits: 26 Good splits: 26
Reward: 24987.0112232 Total splits: 21 Good splits: 21
Reward: 21942.7354805 Total splits: 23 Good splits: 23
Reward: 18452.7600976 Total splits: 21 Good splits: 21
Reward: 20329.4956166 Total splits: 23 Good splits: 23
Reward: 22399.4023819 Total splits: 23 Good splits: 23
Reward: 35037.22452 Total splits: 25 Good splits: 25
Reward: 37025.7661869 Total splits: 23 Good splits: 23
Reward: 38228.1802935 Total splits: 23 Good splits: 23
Reward: 36277.7393952 Total splits: 23 Good splits: 23
Reward: 28106.2616133 Total splits: 22 Good splits: 21
Reward: 20830.7707982 Total splits: 25 Good splits: 24
Reward: 33014.9622803 Total splits: 23 Good splits: 23
Reward: 11718.9975369 Total splits: 23 Good splits: 21
Reward: 31249.5361093 Total splits: 24 Good splits: 24
Reward: 11768.9074982 Total splits: 26 Good splits: 26
Reward: 32089.24583 Total splits: 25 Good splits: 25
Reward: 28012.2591526 Total splits: 24 Good splits: 24
Reward: 39653.5527562 Total splits: 28 Good splits: 28
Reward: 10615.7053894 Total splits: 23 Good splits: 23
Reward: 38794.5699749 Total splits: 25 Good splits: 24
Reward: 27312.5187354 Total splits: 23 Good splits: 21
Reward: 20760.2410316 Total splits: 25 Good splits: 25
Reward: 27504.4287165 Total splits: 24 Good splits: 24
Reward: 34741.3339908 Total splits: 26 Good splits: 25
Reward: 24157.1806351 Total splits: 22 Good splits: 22
Reward: 36505.9365636 Total splits: 24 Good splits: 24
Reward: 40866.8718215 Total splits: 22 Good splits: 22
Reward: 37313.3158738 Total splits: 26 Good splits: 26
Reward: 30468.6430399 Total splits: 27 Good splits: 26
Reward: 33609.862399 Total splits: 24 Good splits: 24
Reward: 31780.1482947 Total splits: 24 Good splits: 24
Reward: 11190.6761321 Total splits: 24 Good splits: 24
Reward: 34410.2888413 Total splits: 25 Good splits: 25
Reward: 32523.0967962 Total splits: 22 Good splits: 22
Reward: 35841.3542302 Total splits: 25 Good splits: 25
Reward: 34689.7712256 Total splits: 23 Good splits: 23
Reward: 33801.8931181 Total splits: 22 Good splits: 22
Reward: 41530.647079 Total splits: 25 Good splits: 25
Reward: 20085.1273311 Total splits: 22 Good splits: 22
Reward: 29621.7996065 Total splits: 24 Good splits: 23
Reward: 27890.4902643 Total splits: 26 Good splits: 26
Reward: 25716.8613516 Total splits: 24 Good splits: 24
Reward: 23452.075349 Total splits: 21 Good splits: 21
Reward: 18084.8974689 Total splits: 21 Good splits: 21
Reward: 26034.3696493 Total splits: 21 Good splits: 21
Reward: 40027.1142896 Total splits: 26 Good splits: 26
Reward: 29923.1558804 Total splits: 24 Good splits: 24
Reward: 33472.240095 Total splits: 24 Good splits: 23
Reward: 43095.8354802 Total splits: 28 Good splits: 28
Reward: 31404.1642325 Total splits: 23 Good splits: 22
Reward: 29246.1850682 Total splits: 22 Good splits: 22
Reward: 34640.7987157 Total splits: 24 Good splits: 23
Reward: 45029.2051662 Total splits: 27 Good splits: 27
Reward: 20007.6195525 Total splits: 25 Good splits: 25
Reward: 8730.72029134 Total splits: 25 Good splits: 25
Reward: 43703.6541133 Total splits: 25 Good splits: 25
Reward: 27120.4210993 Total splits: 23 Good splits: 23
Reward: 42074.6851886 Total splits: 24 Good splits: 24
Reward: 34635.9609887 Total splits: 23 Good splits: 23
Reward: 38040.8058135 Total splits: 26 Good splits: 26
Reward: 33993.7554208 Total splits: 25 Good splits: 25
Reward: 31923.392226 Total splits: 26 Good splits: 26
Reward: 38248.0550092 Total splits: 23 Good splits: 23
Reward: 8665.66861807 Total splits: 26 Good splits: 26
Reward: 10060.4977293 Total splits: 21 Good splits: 21
Reward: 27800.4711793 Total splits: 23 Good splits: 23
Reward: 32288.2093392 Total splits: 25 Good splits: 24
Reward: 22408.9870936 Total splits: 24 Good splits: 24
Reward: 39258.0091595 Total splits: 24 Good splits: 24
Reward: 31094.592301 Total splits: 25 Good splits: 25
Reward: 9904.05635885 Total splits: 26 Good splits: 26
Reward: 24816.3580487 Total splits: 23 Good splits: 23
Reward: 26246.7088587 Total splits: 20 Good splits: 20
Reward: 38243.1508997 Total splits: 24 Good splits: 24
Reward: 29368.991491 Total splits: 23 Good splits: 23
Reward: 31633.939512 Total splits: 25 Good splits: 25
Reward: 35534.0614562 Total splits: 23 Good splits: 23
Reward: 38721.4812195 Total splits: 24 Good splits: 24
Reward: 37300.1779572 Total splits: 26 Good splits: 26
Reward: 26671.1683261 Total splits: 22 Good splits: 20
Reward: 26459.2029507 Total splits: 23 Good splits: 23
Reward: 23085.3280031 Total splits: 25 Good splits: 24
Reward: 28243.278741 Total splits: 22 Good splits: 22
Reward: 39168.0093305 Total splits: 25 Good splits: 25
Reward: 30932.9676767 Total splits: 25 Good splits: 25
Reward: 38034.2104133 Total splits: 26 Good splits: 26
Reward: 29081.9092757 Total splits: 26 Good splits: 25
Reward: 20963.8195796 Total splits: 21 Good splits: 21
Reward: 34263.6917733 Total splits: 24 Good splits: 24
Reward: 33789.7676051 Total splits: 22 Good splits: 22
Reward: 28057.5813349 Total splits: 24 Good splits: 24
Reward: 22467.2618816 Total splits: 23 Good splits: 23
Reward: 35021.7067908 Total splits: 25 Good splits: 25
Reward: 37187.386532 Total splits: 26 Good splits: 26
Reward: 27217.3935228 Total splits: 23 Good splits: 23
Reward: 32562.0014661 Total splits: 25 Good splits: 25
Reward: 27080.55033 Total splits: 20 Good splits: 20
Reward: 30687.5597024 Total splits: 22 Good splits: 22
Reward: 31854.2556855 Total splits: 22 Good splits: 21
Reward: 18310.3330433 Total splits: 23 Good splits: 23
Reward: 19965.1928146 Total splits: 25 Good splits: 24
Reward: 13629.9580503 Total splits: 26 Good splits: 26
Reward: 37005.818965 Total splits: 23 Good splits: 23
Reward: 25179.3332735 Total splits: 21 Good splits: 20
Reward: 39444.7988585 Total splits: 24 Good splits: 24
Reward: 28272.2243846 Total splits: 21 Good splits: 21
Reward: 41869.2378551 Total splits: 30 Good splits: 30
Reward: 18996.7273542 Total splits: 23 Good splits: 23
Reward: 21553.8209866 Total splits: 25 Good splits: 25
Reward: 29691.3558042 Total splits: 24 Good splits: 23
Reward: 33148.4890774 Total splits: 25 Good splits: 25
Reward: 37650.3787142 Total splits: 22 Good splits: 22
Reward: 30578.7823747 Total splits: 21 Good splits: 20
Reward: 29938.1763618 Total splits: 25 Good splits: 25
Reward: 41994.9734707 Total splits: 24 Good splits: 24
Reward: 42256.9313004 Total splits: 25 Good splits: 25
Reward: 42341.3423226 Total splits: 24 Good splits: 23
Reward: 20980.2814124 Total splits: 24 Good splits: 23
Reward: 22636.7089839 Total splits: 23 Good splits: 23
Reward: 37673.0405467 Total splits: 27 Good splits: 26
Reward: 38911.3327668 Total splits: 24 Good splits: 23
Reward: 15802.2876328 Total splits: 25 Good splits: 25
Reward: 20021.8227656 Total splits: 23 Good splits: 23
Reward: 33056.950613 Total splits: 24 Good splits: 24
Reward: 16155.2107451 Total splits: 22 Good splits: 22
Reward: 16460.8659035 Total splits: 25 Good splits: 25
Reward: 25447.3555833 Total splits: 24 Good splits: 24
Reward: 26766.1343396 Total splits: 25 Good splits: 25
Reward: 36060.9375792 Total splits: 25 Good splits: 25
Reward: 36767.0785334 Total splits: 25 Good splits: 23
Reward: 22389.2824261 Total splits: 26 Good splits: 26
Reward: 26935.1845136 Total splits: 22 Good splits: 22
Reward: 34095.3575589 Total splits: 25 Good splits: 24
Reward: 39455.5565874 Total splits: 24 Good splits: 24
Reward: 21429.7371567 Total splits: 18 Good splits: 17
Reward: 18330.3922024 Total splits: 22 Good splits: 22
Reward: 28979.1332925 Total splits: 24 Good splits: 24
Reward: 26587.5454267 Total splits: 22 Good splits: 22
Reward: 29669.2540738 Total splits: 25 Good splits: 25
Reward: 37355.1435112 Total splits: 23 Good splits: 23
Reward: 35070.5863899 Total splits: 26 Good splits: 25
Reward: 32305.9942522 Total splits: 25 Good splits: 25
Reward: 26446.0912626 Total splits: 24 Good splits: 23
Reward: 41792.015223 Total splits: 27 Good splits: 27
Reward: 21558.6413763 Total splits: 22 Good splits: 21
Reward: 21838.4796441 Total splits: 24 Good splits: 24
Reward: 25715.2420226 Total splits: 25 Good splits: 25
Reward: 36534.8971485 Total splits: 25 Good splits: 25
Reward: 34983.6245331 Total splits: 26 Good splits: 26
Reward: 37637.901964 Total splits: 25 Good splits: 24
Reward: 37442.1491263 Total splits: 26 Good splits: 25
Reward: 42101.4445021 Total splits: 27 Good splits: 27
Reward: 34751.5351289 Total splits: 24 Good splits: 24
Reward: 25151.4265206 Total splits: 23 Good splits: 22
Reward: 40111.9522731 Total splits: 25 Good splits: 25
Reward: 37590.6700133 Total splits: 24 Good splits: 24
Reward: 28313.2667104 Total splits: 23 Good splits: 22
Reward: 43114.196963 Total splits: 28 Good splits: 28
Reward: 14645.1746284 Total splits: 20 Good splits: 19
Reward: 40791.051071 Total splits: 25 Good splits: 25
Reward: 8479.14732333 Total splits: 24 Good splits: 24
Reward: 34635.9785707 Total splits: 24 Good splits: 24
Reward: 39831.1919576 Total splits: 25 Good splits: 25
Reward: 21529.6438081 Total splits: 25 Good splits: 25
Reward: 15026.5527772 Total splits: 24 Good splits: 23
Reward: 32125.6577902 Total splits: 22 Good splits: 22
Reward: 39952.8080288 Total splits: 26 Good splits: 26
Reward: 31602.3245937 Total splits: 23 Good splits: 23
Reward: 38514.4330148 Total splits: 24 Good splits: 24
Reward: 38909.0947414 Total splits: 25 Good splits: 25
Reward: 36954.190985 Total splits: 25 Good splits: 24
Reward: 28683.9905136 Total splits: 23 Good splits: 23
Reward: 34778.3315087 Total splits: 26 Good splits: 26
Reward: 21437.4583827 Total splits: 23 Good splits: 23
Reward: 32744.8345853 Total splits: 23 Good splits: 23
Reward: 25158.5090573 Total splits: 26 Good splits: 26
Reward: 21177.8875721 Total splits: 24 Good splits: 24
Reward: 26136.3757013 Total splits: 25 Good splits: 25
Reward: 28744.7817631 Total splits: 23 Good splits: 23
Reward: 42077.8531851 Total splits: 29 Good splits: 28
Reward: 31265.6391661 Total splits: 23 Good splits: 23
Reward: 17993.0984581 Total splits: 23 Good splits: 22
Reward: 28788.5671367 Total splits: 23 Good splits: 23
Reward: 40695.8074352 Total splits: 27 Good splits: 26
Reward: 9094.38431328 Total splits: 23 Good splits: 22
Reward: 19161.1166956 Total splits: 23 Good splits: 21
Reward: 20632.7921692 Total splits: 26 Good splits: 26
Reward: 20358.5511899 Total splits: 22 Good splits: 22
Reward: 33154.7441599 Total splits: 25 Good splits: 25
Reward: 35880.8762621 Total splits: 27 Good splits: 27
Reward: 20106.7481217 Total splits: 23 Good splits: 23
Reward: 34899.0033081 Total splits: 27 Good splits: 27
Reward: 18283.8670634 Total splits: 21 Good splits: 21
Reward: 38838.2965339 Total splits: 25 Good splits: 25
Reward: 11270.9323662 Total splits: 24 Good splits: 24
Reward: 43954.4581421 Total splits: 24 Good splits: 23
Reward: 27971.6964045 Total splits: 21 Good splits: 21
Reward: 32491.5950445 Total splits: 23 Good splits: 23
Reward: 33404.1702062 Total splits: 25 Good splits: 25
Reward: 29046.7650461 Total splits: 26 Good splits: 26
Reward: 30754.5491522 Total splits: 23 Good splits: 22
Reward: 33244.4723529 Total splits: 23 Good splits: 23
Reward: 36918.7814661 Total splits: 23 Good splits: 23
Reward: 21914.416767 Total splits: 21 Good splits: 21
Reward: 16689.7579749 Total splits: 22 Good splits: 22
Reward: 14357.3122023 Total splits: 21 Good splits: 20
Reward: 31897.1771019 Total splits: 23 Good splits: 23
Reward: 43725.8381311 Total splits: 24 Good splits: 24
Reward: 36878.9519835 Total splits: 22 Good splits: 22
Reward: 33803.7583413 Total splits: 24 Good splits: 24
Reward: 39326.7590845 Total splits: 22 Good splits: 22
Reward: 35186.1294901 Total splits: 24 Good splits: 24
Reward: 39997.5540882 Total splits: 28 Good splits: 28
Reward: 42379.5511641 Total splits: 25 Good splits: 25
Reward: 25988.2715432 Total splits: 25 Good splits: 25
Reward: 36563.9465216 Total splits: 26 Good splits: 26
Reward: 33491.3992855 Total splits: 26 Good splits: 25
Reward: 10276.4061048 Total splits: 25 Good splits: 25
Reward: 38095.2047573 Total splits: 26 Good splits: 26
Reward: 28548.8880263 Total splits: 26 Good splits: 26
Reward: 27148.9279476 Total splits: 22 Good splits: 22
Reward: 13460.8819015 Total splits: 23 Good splits: 22
Reward: 19514.2470009 Total splits: 23 Good splits: 22
Reward: 37078.4743873 Total splits: 25 Good splits: 25
Reward: 35484.3309043 Total splits: 28 Good splits: 27
Reward: 37611.6333077 Total splits: 26 Good splits: 26
Reward: 36695.720011 Total splits: 24 Good splits: 24
Reward: 34591.8690265 Total splits: 24 Good splits: 24
Reward: 42440.353327 Total splits: 23 Good splits: 23
Reward: 20952.3716404 Total splits: 27 Good splits: 27
Reward: 43334.8745504 Total splits: 27 Good splits: 27
Reward: 21028.1574771 Total splits: 26 Good splits: 25
Reward: 28039.0543484 Total splits: 23 Good splits: 23
Reward: 20455.2303583 Total splits: 21 Good splits: 21
Reward: 20010.7778374 Total splits: 21 Good splits: 21
Reward: 26494.1518878 Total splits: 22 Good splits: 22
Reward: 27044.0099417 Total splits: 23 Good splits: 23
Reward: 27131.8334889 Total splits: 23 Good splits: 23
Reward: 39292.9123055 Total splits: 22 Good splits: 22
Reward: 24053.3527026 Total splits: 23 Good splits: 23
Reward: 21216.7330285 Total splits: 27 Good splits: 26
Reward: 8682.48661324 Total splits: 21 Good splits: 21
Reward: 39188.5376864 Total splits: 23 Good splits: 23
Reward: 35417.5921822 Total splits: 23 Good splits: 23
Reward: 29190.9125217 Total splits: 24 Good splits: 24
Reward: 30913.314656 Total splits: 25 Good splits: 24
Reward: 37720.8692024 Total splits: 23 Good splits: 23
Reward: 28081.8089273 Total splits: 22 Good splits: 21
Reward: 14152.1303728 Total splits: 23 Good splits: 23
Reward: 30578.0053408 Total splits: 23 Good splits: 23
Reward: 28464.7216443 Total splits: 27 Good splits: 27
Reward: 25497.8555187 Total splits: 23 Good splits: 22
Reward: 23665.1726468 Total splits: 24 Good splits: 24
Reward: 39365.228746 Total splits: 26 Good splits: 26
Reward: 31908.1117353 Total splits: 22 Good splits: 22
Reward: 18207.7667449 Total splits: 22 Good splits: 21
Reward: 28718.1225413 Total splits: 25 Good splits: 25
Reward: 22801.3446708 Total splits: 23 Good splits: 23
Reward: 40412.9221876 Total splits: 24 Good splits: 23
Reward: 22852.7249634 Total splits: 24 Good splits: 23
Reward: 13058.5066438 Total splits: 25 Good splits: 23
Reward: 22587.4801156 Total splits: 26 Good splits: 25
Reward: 41617.3556458 Total splits: 24 Good splits: 24
Reward: 29494.6237707 Total splits: 22 Good splits: 22
Reward: 33888.8097366 Total splits: 24 Good splits: 22
Reward: 26886.2441631 Total splits: 22 Good splits: 21
Reward: 41930.6138015 Total splits: 26 Good splits: 26
Reward: 26890.8420896 Total splits: 26 Good splits: 26
Reward: 30218.5976738 Total splits: 21 Good splits: 20
Reward: 39922.5166529 Total splits: 26 Good splits: 26
Reward: 35596.1260954 Total splits: 24 Good splits: 24
Reward: 30090.8948877 Total splits: 24 Good splits: 24
Reward: 23378.6773288 Total splits: 22 Good splits: 22
Reward: 34001.1480438 Total splits: 23 Good splits: 23
Reward: 40181.7609258 Total splits: 26 Good splits: 26
Reward: 19610.3307189 Total splits: 25 Good splits: 25
Reward: 30234.8564874 Total splits: 22 Good splits: 22
Reward: 17439.4037185 Total splits: 25 Good splits: 25
Reward: 37647.435243 Total splits: 23 Good splits: 22
Reward: 33488.3214054 Total splits: 20 Good splits: 19
Reward: 30027.9190025 Total splits: 22 Good splits: 22
Reward: 35879.4832707 Total splits: 26 Good splits: 26
Reward: 22941.9264777 Total splits: 25 Good splits: 25
Reward: 23707.3839194 Total splits: 20 Good splits: 20
Reward: 36398.6174712 Total splits: 23 Good splits: 23
Reward: 38389.496975 Total splits: 24 Good splits: 24
Reward: 32978.724561 Total splits: 23 Good splits: 22
Reward: 22811.6572235 Total splits: 24 Good splits: 24
Reward: 21462.984307 Total splits: 19 Good splits: 19
Reward: 29462.3312699 Total splits: 25 Good splits: 25
Reward: 26185.6082032 Total splits: 25 Good splits: 25
Reward: 25665.4820228 Total splits: 22 Good splits: 21
Reward: 23492.6109231 Total splits: 26 Good splits: 26
Reward: 34603.0951913 Total splits: 21 Good splits: 21
Reward: 42459.4350342 Total splits: 23 Good splits: 23
Reward: 7595.88808511 Total splits: 23 Good splits: 23
Reward: 41435.1486039 Total splits: 28 Good splits: 28
Reward: 29505.7737354 Total splits: 26 Good splits: 25
Reward: 40606.6761209 Total splits: 25 Good splits: 25
Reward: 32270.8180233 Total splits: 24 Good splits: 23
Reward: 30608.8141372 Total splits: 23 Good splits: 23
Reward: 21097.9008412 Total splits: 26 Good splits: 26
Reward: 25256.1701714 Total splits: 26 Good splits: 26
Reward: 41597.3780006 Total splits: 26 Good splits: 26
Reward: 35848.072665 Total splits: 23 Good splits: 23
Reward: 39017.4083603 Total splits: 26 Good splits: 25
Reward: 38666.2144387 Total splits: 23 Good splits: 23
Reward: 29095.5600429 Total splits: 25 Good splits: 23
Reward: 37355.414942 Total splits: 25 Good splits: 25
Reward: 32239.2903835 Total splits: 21 Good splits: 21
Reward: 11493.0975352 Total splits: 25 Good splits: 25
Reward: 15520.5879355 Total splits: 23 Good splits: 23
Reward: 27602.3563285 Total splits: 26 Good splits: 26
Reward: 38458.3837041 Total splits: 25 Good splits: 25
Reward: 36494.6018566 Total splits: 25 Good splits: 25
Reward: 23674.6639166 Total splits: 22 Good splits: 22
Reward: 37772.3278803 Total splits: 23 Good splits: 23
Reward: 29490.4876843 Total splits: 25 Good splits: 25
Reward: 27103.1829643 Total splits: 25 Good splits: 25
Reward: 8383.32610023 Total splits: 23 Good splits: 23
Reward: 37957.299142 Total splits: 24 Good splits: 23
Reward: 24471.275816 Total splits: 25 Good splits: 25
Reward: 34413.0102011 Total splits: 24 Good splits: 24
Reward: 35185.6471928 Total splits: 25 Good splits: 25
Reward: 35788.9911091 Total splits: 20 Good splits: 20
Reward: 39496.4270712 Total splits: 26 Good splits: 26
Reward: 34573.0332673 Total splits: 24 Good splits: 24
Reward: 13243.0611297 Total splits: 19 Good splits: 19
Reward: 26088.2229731 Total splits: 25 Good splits: 25
Reward: 13962.102279 Total splits: 26 Good splits: 25
Reward: 29170.5231899 Total splits: 25 Good splits: 25
Reward: 28835.33495 Total splits: 20 Good splits: 20
Reward: 43051.5436996 Total splits: 25 Good splits: 25
Reward: 40330.262294 Total splits: 27 Good splits: 27
Reward: 42201.0750562 Total splits: 25 Good splits: 25
Reward: 40958.828049 Total splits: 25 Good splits: 25
Reward: 15780.2518911 Total splits: 25 Good splits: 24
Reward: 36932.9542234 Total splits: 23 Good splits: 23
Reward: 18214.9749477 Total splits: 23 Good splits: 23
Reward: 43230.2189894 Total splits: 27 Good splits: 25
Reward: 40224.3399401 Total splits: 26 Good splits: 26
Reward: 30152.7549034 Total splits: 25 Good splits: 25
Reward: 19045.316587 Total splits: 22 Good splits: 21
Reward: 33940.6942255 Total splits: 24 Good splits: 23
Reward: 30190.6743162 Total splits: 24 Good splits: 24
Reward: 29467.3442344 Total splits: 21 Good splits: 20
Reward: 28013.289491 Total splits: 25 Good splits: 25
Reward: 29109.6906659 Total splits: 22 Good splits: 21
Reward: 40512.1531741 Total splits: 25 Good splits: 25
Reward: 25380.6949627 Total splits: 22 Good splits: 22
Reward: 33702.6614867 Total splits: 24 Good splits: 24
Reward: 30770.5580593 Total splits: 24 Good splits: 24
Reward: 39127.3915319 Total splits: 24 Good splits: 24
Reward: 35010.969646 Total splits: 23 Good splits: 22
Reward: 43645.6784071 Total splits: 26 Good splits: 26
Reward: 10062.6015369 Total splits: 23 Good splits: 23
Reward: 27921.3813999 Total splits: 21 Good splits: 21
Reward: 31790.2556929 Total splits: 21 Good splits: 21
Reward: 26939.448737 Total splits: 25 Good splits: 25
Reward: 27480.785947 Total splits: 24 Good splits: 24
Reward: 39940.2201468 Total splits: 22 Good splits: 22
Reward: 34508.4058865 Total splits: 21 Good splits: 21
Reward: 30975.5286753 Total splits: 28 Good splits: 28
Reward: 30440.7790505 Total splits: 24 Good splits: 24
Reward: 26897.4679912 Total splits: 25 Good splits: 25
Reward: 19841.9212877 Total splits: 23 Good splits: 22
Reward: 7915.17943125 Total splits: 23 Good splits: 22
Reward: 32794.3178763 Total splits: 27 Good splits: 27
Reward: 38540.65657 Total splits: 23 Good splits: 23
Reward: 26487.2463447 Total splits: 25 Good splits: 25
Reward: 26247.1125558 Total splits: 21 Good splits: 21
Reward: 35930.4690235 Total splits: 25 Good splits: 25
Reward: 36395.052149 Total splits: 26 Good splits: 25
Reward: 13758.1204715 Total splits: 24 Good splits: 24
Reward: 37864.1848532 Total splits: 26 Good splits: 26
Reward: 39420.6753025 Total splits: 26 Good splits: 26
Reward: 25013.176934 Total splits: 25 Good splits: 24
Reward: 23717.5572721 Total splits: 22 Good splits: 22

Results after 600 tests
Average total rewards : 30298.5815238
Average total splits  : 23.935
Average good splits   : 23.7
Average good splits % : 99.0181742219

Reward: 34217.2674446 Total splits: 25 Good splits: 25
Reward: 23013.5865548 Total splits: 25 Good splits: 25
Reward: 35686.1613097 Total splits: 24 Good splits: 24
Reward: 27602.0300056 Total splits: 25 Good splits: 25
Reward: 26049.7405719 Total splits: 25 Good splits: 24
Reward: 27604.1259414 Total splits: 22 Good splits: 22
Reward: 34943.4841615 Total splits: 22 Good splits: 21
Reward: 41678.5366543 Total splits: 24 Good splits: 24
Reward: 28667.8393846 Total splits: 23 Good splits: 23
Reward: 32106.3867617 Total splits: 26 Good splits: 26
Reward: 41645.7995612 Total splits: 26 Good splits: 26
Reward: 19036.6504183 Total splits: 24 Good splits: 24
Reward: 20159.5869884 Total splits: 26 Good splits: 26
Reward: 37527.0242943 Total splits: 24 Good splits: 24
Reward: 21506.3860853 Total splits: 22 Good splits: 22
Reward: 35467.7824926 Total splits: 24 Good splits: 24
Reward: 25760.3213914 Total splits: 23 Good splits: 23
Reward: 21966.5839389 Total splits: 24 Good splits: 24
Reward: 40882.4068913 Total splits: 24 Good splits: 24
Reward: 10221.1680474 Total splits: 23 Good splits: 23
Reward: 40042.9701964 Total splits: 24 Good splits: 24
Reward: 21889.2569203 Total splits: 22 Good splits: 22
Reward: 31684.7825588 Total splits: 21 Good splits: 20
Reward: 29761.0111173 Total splits: 25 Good splits: 25
Reward: 38003.088461 Total splits: 23 Good splits: 23
Reward: 22820.2598795 Total splits: 26 Good splits: 26
Reward: 30252.9444427 Total splits: 25 Good splits: 25
Reward: 37409.9887 Total splits: 25 Good splits: 25
Reward: 34832.2061728 Total splits: 24 Good splits: 24
Reward: 21308.7086374 Total splits: 26 Good splits: 25
Reward: 16351.4427332 Total splits: 24 Good splits: 24
Reward: 37194.028491 Total splits: 23 Good splits: 23
Reward: 34641.8985808 Total splits: 22 Good splits: 22
Reward: 25523.5023361 Total splits: 22 Good splits: 21
Reward: 32310.6292738 Total splits: 22 Good splits: 22
Reward: 9381.33376275 Total splits: 23 Good splits: 23
Reward: 17726.3849561 Total splits: 24 Good splits: 24
Reward: 33304.2755145 Total splits: 25 Good splits: 24
Reward: 34942.0110813 Total splits: 27 Good splits: 27
Reward: 21728.2867746 Total splits: 25 Good splits: 25
Reward: 45442.476444 Total splits: 26 Good splits: 26
Reward: 17620.3565373 Total splits: 23 Good splits: 22
Reward: 30097.7070698 Total splits: 21 Good splits: 21
Reward: 23958.7639995 Total splits: 23 Good splits: 23
Reward: 25854.3887535 Total splits: 22 Good splits: 21
Reward: 26613.5219231 Total splits: 24 Good splits: 24
Reward: 40287.3885706 Total splits: 24 Good splits: 24
Reward: 33244.5279503 Total splits: 24 Good splits: 24
Reward: 31664.9616475 Total splits: 25 Good splits: 25
Reward: 40091.7090475 Total splits: 26 Good splits: 26
Reward: 24276.0168545 Total splits: 26 Good splits: 26
Reward: 38264.6536977 Total splits: 22 Good splits: 22
Reward: 35961.9043157 Total splits: 25 Good splits: 25
Reward: 43817.295811 Total splits: 24 Good splits: 24
Reward: 27747.0862347 Total splits: 23 Good splits: 23
Reward: 37552.336291 Total splits: 24 Good splits: 24
Reward: 42103.052801 Total splits: 25 Good splits: 25
Reward: 30360.7030884 Total splits: 23 Good splits: 23
Reward: 18366.5539968 Total splits: 25 Good splits: 25
Reward: 33641.851981 Total splits: 20 Good splits: 20
Reward: 32926.6384239 Total splits: 24 Good splits: 24
Reward: 12223.0185855 Total splits: 19 Good splits: 19
Reward: 14875.646594 Total splits: 22 Good splits: 21
Reward: 25033.2195616 Total splits: 28 Good splits: 28
Reward: 41502.6485862 Total splits: 24 Good splits: 23
Reward: 25806.1962336 Total splits: 21 Good splits: 21
Reward: 42546.4275616 Total splits: 23 Good splits: 23
Reward: 30828.5942813 Total splits: 26 Good splits: 25
Reward: 21030.4774963 Total splits: 25 Good splits: 24
Reward: 29087.1120083 Total splits: 23 Good splits: 23
Reward: 38749.9769612 Total splits: 25 Good splits: 25
Reward: 38295.740925 Total splits: 24 Good splits: 24
Reward: 25871.6271142 Total splits: 21 Good splits: 21
Reward: 38874.3175043 Total splits: 23 Good splits: 23
Reward: 25524.1103852 Total splits: 21 Good splits: 21
Reward: 38385.0759665 Total splits: 24 Good splits: 24
Reward: 43112.9357743 Total splits: 24 Good splits: 24
Reward: 26565.2898131 Total splits: 25 Good splits: 24
Reward: 33930.7827556 Total splits: 24 Good splits: 24
Reward: 29240.2938041 Total splits: 22 Good splits: 22
Reward: 29749.2845967 Total splits: 24 Good splits: 22
Reward: 33725.0309617 Total splits: 23 Good splits: 22
Reward: 30284.4954594 Total splits: 24 Good splits: 22
Reward: 25683.6323762 Total splits: 24 Good splits: 24
Reward: 18991.8009727 Total splits: 20 Good splits: 20
Reward: 25572.3957707 Total splits: 23 Good splits: 21
Reward: 34180.100565 Total splits: 25 Good splits: 25
Reward: 36346.2863002 Total splits: 28 Good splits: 28
Reward: 28734.7350825 Total splits: 23 Good splits: 23
Reward: 26314.1973727 Total splits: 20 Good splits: 19
Reward: 26032.9487776 Total splits: 18 Good splits: 18
Reward: 32525.1157573 Total splits: 24 Good splits: 24
Reward: 30583.4176539 Total splits: 23 Good splits: 23
Reward: 25264.8331047 Total splits: 22 Good splits: 21
Reward: 25871.1963974 Total splits: 25 Good splits: 25
Reward: 33195.9612238 Total splits: 21 Good splits: 21
Reward: 8705.39669817 Total splits: 25 Good splits: 25
Reward: 42696.6336003 Total splits: 27 Good splits: 27
Reward: 32580.5969874 Total splits: 24 Good splits: 23
Reward: 21813.1358108 Total splits: 25 Good splits: 25

Results after 100 tests
Average total rewards : 29870.8046231
Average total splits  : 23.7
Average good splits   : 23.47
Average good splits % : 99.029535865

Reward: 22852.4268997 Total splits: 20 Good splits: 20
Reward: 33280.1066238 Total splits: 22 Good splits: 22
Reward: 30098.8734049 Total splits: 27 Good splits: 25
Reward: 15357.5478085 Total splits: 24 Good splits: 24
Reward: 29960.2183394 Total splits: 24 Good splits: 24
Reward: 28368.1618497 Total splits: 22 Good splits: 21
Reward: 36516.4242011 Total splits: 22 Good splits: 22
Reward: 32338.8413933 Total splits: 23 Good splits: 23
Reward: 37401.9325474 Total splits: 27 Good splits: 27
Reward: 27992.9216609 Total splits: 24 Good splits: 24
Reward: 32833.3579673 Total splits: 25 Good splits: 24
Reward: 27889.1672164 Total splits: 23 Good splits: 23
Reward: 38834.8625623 Total splits: 24 Good splits: 24
Reward: 30761.3606328 Total splits: 23 Good splits: 22
Reward: 34579.418732 Total splits: 25 Good splits: 25
Reward: 34067.0495829 Total splits: 24 Good splits: 24
Reward: 36896.0488153 Total splits: 24 Good splits: 24
Reward: 37449.3813162 Total splits: 24 Good splits: 23
Reward: 19908.7347978 Total splits: 23 Good splits: 23
Reward: 42194.8745734 Total splits: 27 Good splits: 27
Reward: 31236.1068188 Total splits: 22 Good splits: 20
Reward: 40525.7911936 Total splits: 26 Good splits: 26
Reward: 40735.3715956 Total splits: 24 Good splits: 24
Reward: 14001.5543279 Total splits: 24 Good splits: 24
Reward: 22644.2613275 Total splits: 26 Good splits: 26
Reward: 26608.566355 Total splits: 24 Good splits: 24
Reward: 25904.786147 Total splits: 23 Good splits: 23
Reward: 39593.7371665 Total splits: 23 Good splits: 23
Reward: 34926.3336686 Total splits: 27 Good splits: 27
Reward: 31679.8945936 Total splits: 23 Good splits: 22
Reward: 40852.4279399 Total splits: 24 Good splits: 24
Reward: 35879.5031807 Total splits: 27 Good splits: 27
Reward: 38644.9370813 Total splits: 22 Good splits: 22
Reward: 18814.2973335 Total splits: 20 Good splits: 20
Reward: 26491.0523391 Total splits: 24 Good splits: 24
Reward: 30293.5952318 Total splits: 23 Good splits: 23
Reward: 36426.9074288 Total splits: 26 Good splits: 26
Reward: 41463.0315361 Total splits: 25 Good splits: 24
Reward: 37687.6310829 Total splits: 28 Good splits: 27
Reward: 30466.7295267 Total splits: 22 Good splits: 22
Reward: 33447.1301001 Total splits: 23 Good splits: 23
Reward: 29372.0192658 Total splits: 25 Good splits: 25
Reward: 19703.7116234 Total splits: 26 Good splits: 26
Reward: 38956.5545778 Total splits: 23 Good splits: 23
Reward: 37953.4378367 Total splits: 24 Good splits: 24
Reward: 34849.4665186 Total splits: 22 Good splits: 22
Reward: 27481.9603581 Total splits: 24 Good splits: 23
Reward: 31447.6561023 Total splits: 24 Good splits: 24
Reward: 31856.3570861 Total splits: 26 Good splits: 26
Reward: 36612.8588146 Total splits: 22 Good splits: 22
Reward: 39042.7235481 Total splits: 23 Good splits: 23
Reward: 29334.0401396 Total splits: 26 Good splits: 26
Reward: 20512.3316042 Total splits: 23 Good splits: 23
Reward: 18496.8449768 Total splits: 23 Good splits: 22
Reward: 40116.9114484 Total splits: 27 Good splits: 27
Reward: 36333.9301175 Total splits: 26 Good splits: 26
Reward: 27998.7992188 Total splits: 24 Good splits: 24
Reward: 39913.5133008 Total splits: 28 Good splits: 28
Reward: 39964.0310012 Total splits: 27 Good splits: 27
Reward: 20074.3378582 Total splits: 27 Good splits: 27
Reward: 40746.3285197 Total splits: 25 Good splits: 25
Reward: 40973.128699 Total splits: 27 Good splits: 27
Reward: 23878.2560605 Total splits: 23 Good splits: 22
Reward: 40998.7870891 Total splits: 25 Good splits: 24
Reward: 33368.7990667 Total splits: 26 Good splits: 26
Reward: 23062.113686 Total splits: 22 Good splits: 21
Reward: 35957.1852307 Total splits: 25 Good splits: 25
Reward: 16979.3700507 Total splits: 24 Good splits: 22
Reward: 27081.7539782 Total splits: 21 Good splits: 21
Reward: 40127.5069008 Total splits: 24 Good splits: 24
Reward: 26057.257917 Total splits: 23 Good splits: 23
Reward: 31795.1851566 Total splits: 27 Good splits: 26
Reward: 30905.5594168 Total splits: 24 Good splits: 23
Reward: 38168.6725012 Total splits: 24 Good splits: 24
Reward: 43532.8651684 Total splits: 25 Good splits: 25
Reward: 29333.5310354 Total splits: 24 Good splits: 24
Reward: 33465.2398053 Total splits: 23 Good splits: 23
Reward: 29230.4860805 Total splits: 24 Good splits: 24
Reward: 22584.4334386 Total splits: 23 Good splits: 22
Reward: 30993.8834179 Total splits: 23 Good splits: 22
Reward: 16024.2151836 Total splits: 24 Good splits: 24
Reward: 29546.9440547 Total splits: 24 Good splits: 24
Reward: 41748.1404151 Total splits: 23 Good splits: 23
Reward: 33291.9071226 Total splits: 22 Good splits: 21
Reward: 30314.3531998 Total splits: 23 Good splits: 23
Reward: 10898.3040639 Total splits: 25 Good splits: 25
Reward: 28541.757109 Total splits: 29 Good splits: 29
Reward: 40077.2797504 Total splits: 25 Good splits: 24
Reward: 14837.434032 Total splits: 22 Good splits: 20
Reward: 28455.2383146 Total splits: 26 Good splits: 26
Reward: 39022.9783167 Total splits: 26 Good splits: 26
Reward: 36066.3622024 Total splits: 24 Good splits: 24
Reward: 40967.2689536 Total splits: 28 Good splits: 27
Reward: 38071.1339311 Total splits: 28 Good splits: 28
Reward: 31177.8314413 Total splits: 25 Good splits: 25
Reward: 40831.3266711 Total splits: 23 Good splits: 23
Reward: 26845.3842299 Total splits: 25 Good splits: 25
Reward: 36781.7432482 Total splits: 24 Good splits: 24
Reward: 36085.1526782 Total splits: 25 Good splits: 25
Reward: 28612.3702817 Total splits: 22 Good splits: 21

Results after 100 tests
Average total rewards : 31753.6431072
Average total splits  : 24.28
Average good splits   : 24.0
Average good splits % : 98.8467874794

Reward: 23929.4983382 Total splits: 24 Good splits: 24
Reward: 29119.1591953 Total splits: 27 Good splits: 26
Reward: 32352.2017086 Total splits: 24 Good splits: 24
Reward: 39890.431835 Total splits: 24 Good splits: 24
Reward: 35088.5269293 Total splits: 24 Good splits: 24
Reward: 26412.4636787 Total splits: 22 Good splits: 22
Reward: 20314.7185146 Total splits: 22 Good splits: 22
Reward: 16106.4997399 Total splits: 22 Good splits: 22
Reward: 33052.5359864 Total splits: 27 Good splits: 27
Reward: 29398.2960158 Total splits: 24 Good splits: 24
Reward: 32348.7192769 Total splits: 25 Good splits: 25
Reward: 31552.098875 Total splits: 20 Good splits: 19
Reward: 16025.0611135 Total splits: 24 Good splits: 23
Reward: 33628.4667266 Total splits: 21 Good splits: 21
Reward: 26995.2240396 Total splits: 25 Good splits: 25
Reward: 44069.8507402 Total splits: 25 Good splits: 24
Reward: 38824.1882494 Total splits: 26 Good splits: 24
Reward: 35393.4925586 Total splits: 25 Good splits: 25
Reward: 26573.2642657 Total splits: 26 Good splits: 25
Reward: 31167.901771 Total splits: 22 Good splits: 22
Reward: 34898.643619 Total splits: 23 Good splits: 22
Reward: 37515.6967831 Total splits: 26 Good splits: 25
Reward: 33479.7259137 Total splits: 23 Good splits: 23
Reward: 35336.7414817 Total splits: 24 Good splits: 24
Reward: 30470.7010464 Total splits: 26 Good splits: 25
Reward: 16511.4645362 Total splits: 24 Good splits: 23
Reward: 34974.0546689 Total splits: 25 Good splits: 25
Reward: 39112.4409373 Total splits: 25 Good splits: 25
Reward: 26105.3329391 Total splits: 23 Good splits: 22
Reward: 32914.068366 Total splits: 27 Good splits: 26
Reward: 43058.1395276 Total splits: 25 Good splits: 25
Reward: 37305.6596308 Total splits: 23 Good splits: 23
Reward: 32354.3951874 Total splits: 22 Good splits: 21
Reward: 25845.0667457 Total splits: 23 Good splits: 23
Reward: 28323.2741521 Total splits: 23 Good splits: 22
Reward: 41807.7060515 Total splits: 23 Good splits: 23
Reward: 26512.7772472 Total splits: 20 Good splits: 19
Reward: 17808.0218498 Total splits: 21 Good splits: 21
Reward: 19283.8700267 Total splits: 21 Good splits: 21
Reward: 41370.9341102 Total splits: 25 Good splits: 25
Reward: 28230.0013358 Total splits: 26 Good splits: 26
Reward: 40804.9737152 Total splits: 22 Good splits: 22
Reward: 30891.396656 Total splits: 23 Good splits: 22
Reward: 37713.8795224 Total splits: 22 Good splits: 22
Reward: 32747.2561499 Total splits: 24 Good splits: 24
Reward: 29465.653096 Total splits: 25 Good splits: 25
Reward: 22697.8148532 Total splits: 25 Good splits: 25
Reward: 36242.1032453 Total splits: 27 Good splits: 27
Reward: 41126.3937419 Total splits: 25 Good splits: 25
Reward: 30657.4556058 Total splits: 24 Good splits: 24
Reward: 24258.6515889 Total splits: 25 Good splits: 25
Reward: 39695.1430043 Total splits: 26 Good splits: 26
Reward: 41185.9830393 Total splits: 24 Good splits: 24
Reward: 34036.3459917 Total splits: 22 Good splits: 21
Reward: 34900.38386 Total splits: 23 Good splits: 23
Reward: 38904.4072874 Total splits: 27 Good splits: 27
Reward: 28559.8928908 Total splits: 22 Good splits: 22
Reward: 27776.366976 Total splits: 24 Good splits: 24
Reward: 24934.3553101 Total splits: 21 Good splits: 20
Reward: 39556.7214729 Total splits: 26 Good splits: 26
Reward: 39478.3276757 Total splits: 24 Good splits: 24
Reward: 14658.7298114 Total splits: 20 Good splits: 20
Reward: 35070.6400761 Total splits: 24 Good splits: 24
Reward: 18596.6128582 Total splits: 24 Good splits: 24
Reward: 27602.4795034 Total splits: 23 Good splits: 23
Reward: 34685.5224405 Total splits: 26 Good splits: 26
Reward: 28561.3363495 Total splits: 25 Good splits: 25
Reward: 9333.42345919 Total splits: 25 Good splits: 25
Reward: 40817.2092794 Total splits: 23 Good splits: 23
Reward: 33902.1626579 Total splits: 24 Good splits: 24
Reward: 27851.5896096 Total splits: 24 Good splits: 24
Reward: 32251.8854325 Total splits: 23 Good splits: 23
Reward: 26135.6574071 Total splits: 21 Good splits: 21
Reward: 29573.3307452 Total splits: 26 Good splits: 25
Reward: 18397.532142 Total splits: 24 Good splits: 23
Reward: 42082.7083492 Total splits: 24 Good splits: 24
Reward: 44088.0946486 Total splits: 26 Good splits: 26
Reward: 39111.511766 Total splits: 26 Good splits: 25
Reward: 33456.5825284 Total splits: 24 Good splits: 24
Reward: 19584.534562 Total splits: 26 Good splits: 26
Reward: 18926.2219013 Total splits: 21 Good splits: 20
Reward: 17097.5125922 Total splits: 25 Good splits: 25
Reward: 37431.4611835 Total splits: 25 Good splits: 25
Reward: 33742.9618118 Total splits: 22 Good splits: 22
Reward: 24067.6725653 Total splits: 26 Good splits: 25
Reward: 36216.9969544 Total splits: 25 Good splits: 25
Reward: 31911.9760397 Total splits: 24 Good splits: 24
Reward: 27779.5502984 Total splits: 23 Good splits: 23
Reward: 39904.4268415 Total splits: 23 Good splits: 23
Reward: 37684.8199314 Total splits: 23 Good splits: 23
Reward: 19111.4051557 Total splits: 23 Good splits: 23
Reward: 28193.7409762 Total splits: 22 Good splits: 22
Reward: 42122.5719804 Total splits: 21 Good splits: 21
Reward: 27524.3982539 Total splits: 22 Good splits: 22
Reward: 19895.6236013 Total splits: 20 Good splits: 18
Reward: 22018.6654835 Total splits: 24 Good splits: 24
Reward: 43443.7342296 Total splits: 26 Good splits: 26
Reward: 31049.2826371 Total splits: 27 Good splits: 27
Reward: 34784.9304687 Total splits: 24 Good splits: 24
Reward: 21552.2450963 Total splits: 22 Good splits: 22
Reward: 33773.6211201 Total splits: 24 Good splits: 24
Reward: 34258.8192581 Total splits: 24 Good splits: 24
Reward: 45718.8708545 Total splits: 25 Good splits: 25
Reward: 26355.4950229 Total splits: 21 Good splits: 20
Reward: 33321.2028774 Total splits: 26 Good splits: 26
Reward: 22549.7577022 Total splits: 25 Good splits: 25
Reward: 19669.5089467 Total splits: 27 Good splits: 26
Reward: 32252.8857026 Total splits: 25 Good splits: 24
Reward: 41453.5557211 Total splits: 22 Good splits: 22
Reward: 37418.7585092 Total splits: 21 Good splits: 21
Reward: 10932.7133767 Total splits: 23 Good splits: 22
Reward: 31424.4380036 Total splits: 25 Good splits: 24
Reward: 30135.0159063 Total splits: 23 Good splits: 23
Reward: 30600.688475 Total splits: 23 Good splits: 23
Reward: 30050.9252091 Total splits: 25 Good splits: 25
Reward: 40465.8823215 Total splits: 23 Good splits: 23
Reward: 15673.7892455 Total splits: 20 Good splits: 20
Reward: 18835.8620772 Total splits: 24 Good splits: 24
Reward: 32942.5978667 Total splits: 27 Good splits: 27
Reward: 34470.384398 Total splits: 24 Good splits: 24
Reward: 26275.8315791 Total splits: 25 Good splits: 25
Reward: 23106.2703733 Total splits: 23 Good splits: 23
Reward: 15100.9212341 Total splits: 19 Good splits: 19
Reward: 30916.584073 Total splits: 22 Good splits: 22
Reward: 36690.8635669 Total splits: 23 Good splits: 22
Reward: 29320.2987612 Total splits: 26 Good splits: 26
Reward: 35723.1887397 Total splits: 23 Good splits: 23
Reward: 27109.5905513 Total splits: 24 Good splits: 23
Reward: 32364.6811219 Total splits: 23 Good splits: 22
Reward: 36598.9887285 Total splits: 24 Good splits: 23
Reward: 17656.9918186 Total splits: 22 Good splits: 22
Reward: 21367.284855 Total splits: 23 Good splits: 23
Reward: 28430.9813075 Total splits: 23 Good splits: 23
Reward: 33192.2045691 Total splits: 17 Good splits: 17
Reward: 32982.576659 Total splits: 23 Good splits: 22
Reward: 27356.8170827 Total splits: 22 Good splits: 22
Reward: 39126.2000991 Total splits: 26 Good splits: 26
Reward: 41744.1163214 Total splits: 26 Good splits: 26
Reward: 28284.9924474 Total splits: 26 Good splits: 26
Reward: 37978.4344936 Total splits: 25 Good splits: 24
Reward: 27054.363095 Total splits: 22 Good splits: 20
Reward: 28297.8660533 Total splits: 22 Good splits: 22
Reward: 9370.57838837 Total splits: 23 Good splits: 23
Reward: 34442.9742889 Total splits: 26 Good splits: 25
Reward: 32450.0869808 Total splits: 22 Good splits: 22
Reward: 33255.9632009 Total splits: 22 Good splits: 22
Reward: 29839.0533473 Total splits: 26 Good splits: 26
Reward: 27150.4236844 Total splits: 24 Good splits: 24
Reward: 35908.6601854 Total splits: 23 Good splits: 23
Reward: 19889.8580189 Total splits: 24 Good splits: 24
Reward: 25229.0999016 Total splits: 22 Good splits: 22
Reward: 40132.0109287 Total splits: 23 Good splits: 23
Reward: 31356.092888 Total splits: 27 Good splits: 27
Reward: 37644.0164472 Total splits: 23 Good splits: 23
Reward: 12099.35123 Total splits: 24 Good splits: 24
Reward: 44719.6529594 Total splits: 25 Good splits: 25
Reward: 37006.378397 Total splits: 27 Good splits: 27
Reward: 21520.273219 Total splits: 25 Good splits: 23
Reward: 36196.0841645 Total splits: 24 Good splits: 24
Reward: 33775.1910399 Total splits: 23 Good splits: 23
Reward: 33162.1117706 Total splits: 23 Good splits: 23
Reward: 37993.7365782 Total splits: 23 Good splits: 23
Reward: 43242.5183715 Total splits: 22 Good splits: 21
Reward: 33351.1805557 Total splits: 27 Good splits: 27
Reward: 30613.8592173 Total splits: 24 Good splits: 24
Reward: 23680.2232278 Total splits: 22 Good splits: 22
Reward: 26085.0530425 Total splits: 22 Good splits: 22
Reward: 38696.8428145 Total splits: 27 Good splits: 25
Reward: 41592.2803113 Total splits: 26 Good splits: 26
Reward: 37975.0675554 Total splits: 24 Good splits: 24
Reward: 28004.455499 Total splits: 23 Good splits: 22
Reward: 22998.8639347 Total splits: 24 Good splits: 24
Reward: 22641.1062142 Total splits: 26 Good splits: 26
Reward: 36475.7930274 Total splits: 24 Good splits: 24
Reward: 35937.4710367 Total splits: 23 Good splits: 22
Reward: 40893.2718417 Total splits: 26 Good splits: 25
Reward: 37461.4469139 Total splits: 24 Good splits: 23
Reward: 15471.7701905 Total splits: 23 Good splits: 23
Reward: 33728.5181076 Total splits: 25 Good splits: 25
Reward: 39653.9910046 Total splits: 26 Good splits: 26
Reward: 34557.4307412 Total splits: 26 Good splits: 26
Reward: 16785.0748498 Total splits: 25 Good splits: 25
Reward: 43731.4019561 Total splits: 24 Good splits: 24
Reward: 22116.7294233 Total splits: 20 Good splits: 20
Reward: 39030.598656 Total splits: 25 Good splits: 25
Reward: 26399.1672757 Total splits: 20 Good splits: 20
Reward: 37472.4385809 Total splits: 26 Good splits: 26
Reward: 23123.7339393 Total splits: 23 Good splits: 23
Reward: 38769.7815185 Total splits: 24 Good splits: 24
Reward: 27989.4630535 Total splits: 27 Good splits: 27
Reward: 16310.178189 Total splits: 23 Good splits: 22
Reward: 40786.0973735 Total splits: 26 Good splits: 26
Reward: 29420.3307272 Total splits: 24 Good splits: 24
Reward: 33094.7351883 Total splits: 23 Good splits: 23
Reward: 33891.2627104 Total splits: 25 Good splits: 25
Reward: 20700.1670725 Total splits: 25 Good splits: 25
Reward: 31663.1792687 Total splits: 22 Good splits: 22
Reward: 29592.8167823 Total splits: 25 Good splits: 25
Reward: 18949.3703184 Total splits: 23 Good splits: 22
Reward: 35278.4114258 Total splits: 25 Good splits: 25

Results after 200 tests
Average total rewards : 30758.0453134
Average total splits  : 23.84
Average good splits   : 23.585
Average good splits % : 98.9303691275

