Reward: 39165.3184108 Total splits: 78 Good splits: 73
Reward: 33185.0177071 Total splits: 71 Good splits: 67
Reward: 26373.7660406 Total splits: 70 Good splits: 66
Reward: 41972.9838304 Total splits: 72 Good splits: 67
Reward: 27429.3941934 Total splits: 68 Good splits: 62
Reward: 36977.1343518 Total splits: 69 Good splits: 66
Reward: 23207.9939168 Total splits: 70 Good splits: 65
Reward: 33655.9956866 Total splits: 75 Good splits: 71
Reward: 20504.8139371 Total splits: 67 Good splits: 62
Reward: 31392.1244873 Total splits: 71 Good splits: 65
Reward: 37366.2357961 Total splits: 73 Good splits: 68
Reward: 37130.2027676 Total splits: 77 Good splits: 72
Reward: 38531.4056438 Total splits: 79 Good splits: 75
Reward: 38727.1787256 Total splits: 78 Good splits: 77
Reward: 35603.846558 Total splits: 77 Good splits: 75
Reward: 39751.6911041 Total splits: 77 Good splits: 76
Reward: 43901.1041387 Total splits: 67 Good splits: 64
Reward: 24308.3691754 Total splits: 80 Good splits: 75
Reward: 38583.2144484 Total splits: 74 Good splits: 69
Reward: 33996.7359701 Total splits: 76 Good splits: 73
Reward: 39167.1238372 Total splits: 75 Good splits: 73
Reward: 28135.8405487 Total splits: 76 Good splits: 73
Reward: 34699.9903962 Total splits: 72 Good splits: 70
Reward: 36048.1642404 Total splits: 78 Good splits: 72
Reward: 27797.4800488 Total splits: 76 Good splits: 74
Reward: 44270.9416515 Total splits: 78 Good splits: 77
Reward: 32616.4519407 Total splits: 74 Good splits: 72
Reward: 35132.3063439 Total splits: 76 Good splits: 70
Reward: 42171.4989313 Total splits: 72 Good splits: 71
Reward: 32114.9900051 Total splits: 70 Good splits: 64
Reward: 44032.3921865 Total splits: 74 Good splits: 72
Reward: 37235.5797417 Total splits: 67 Good splits: 63
Reward: 37670.7663975 Total splits: 75 Good splits: 72
Reward: 40243.6358871 Total splits: 66 Good splits: 63
Reward: 24418.4434622 Total splits: 80 Good splits: 78
Reward: 30353.0163468 Total splits: 80 Good splits: 73
Reward: 36296.7964649 Total splits: 76 Good splits: 71
Reward: 27960.3255502 Total splits: 68 Good splits: 65
Reward: 34154.7006053 Total splits: 73 Good splits: 67
Reward: 35496.4311878 Total splits: 76 Good splits: 71
Reward: 31340.4004674 Total splits: 71 Good splits: 69
Reward: 35138.1265003 Total splits: 71 Good splits: 69
Reward: 32948.4828105 Total splits: 73 Good splits: 65
Reward: 32120.3838692 Total splits: 69 Good splits: 67
Reward: 38494.681276 Total splits: 79 Good splits: 75
Reward: 26736.5351493 Total splits: 78 Good splits: 73
Reward: 24369.8559631 Total splits: 80 Good splits: 78
Reward: 39882.7907408 Total splits: 76 Good splits: 73
Reward: 36850.5176737 Total splits: 65 Good splits: 62
Reward: 43359.6296421 Total splits: 74 Good splits: 72
Reward: 32042.5913109 Total splits: 72 Good splits: 67
Reward: 36290.4118572 Total splits: 71 Good splits: 66
Reward: 41285.2222948 Total splits: 72 Good splits: 68
Reward: 32673.0465243 Total splits: 68 Good splits: 63
Reward: 37383.5396241 Total splits: 75 Good splits: 74
Reward: 34938.5815828 Total splits: 68 Good splits: 61
Reward: 27834.9961199 Total splits: 62 Good splits: 58
Reward: 32121.3463827 Total splits: 75 Good splits: 73
Reward: 39065.4079838 Total splits: 70 Good splits: 68
Reward: 46925.5330847 Total splits: 72 Good splits: 70
Reward: 42311.8451253 Total splits: 73 Good splits: 71
Reward: 24474.8388883 Total splits: 70 Good splits: 66
Reward: 30179.1849623 Total splits: 76 Good splits: 72
Reward: 32446.7120838 Total splits: 77 Good splits: 74
Reward: 40637.8826818 Total splits: 78 Good splits: 72
Reward: 33877.064393 Total splits: 64 Good splits: 60
Reward: 34671.0901349 Total splits: 73 Good splits: 71
Reward: 37743.1441034 Total splits: 75 Good splits: 73
Reward: 18333.2556405 Total splits: 81 Good splits: 75
Reward: 41198.0278558 Total splits: 73 Good splits: 69
Reward: 40610.4917525 Total splits: 74 Good splits: 70
Reward: 30936.903034 Total splits: 78 Good splits: 72
Reward: 38906.2599089 Total splits: 76 Good splits: 74
Reward: 25466.797047 Total splits: 74 Good splits: 71
Reward: 22308.7008407 Total splits: 78 Good splits: 74
Reward: 36356.2142194 Total splits: 77 Good splits: 74
Reward: 19506.6432068 Total splits: 59 Good splits: 55
Reward: 31515.9405209 Total splits: 79 Good splits: 72
Reward: 30387.5673382 Total splits: 69 Good splits: 63
Reward: 38684.5960386 Total splits: 72 Good splits: 70
Reward: 30328.5048625 Total splits: 72 Good splits: 68
Reward: 32140.5480705 Total splits: 71 Good splits: 65
Reward: 38905.787992 Total splits: 81 Good splits: 76
Reward: 30868.2007327 Total splits: 76 Good splits: 72
Reward: 30781.3713863 Total splits: 80 Good splits: 77
Reward: 43323.1415317 Total splits: 73 Good splits: 68
Reward: 40637.8722118 Total splits: 78 Good splits: 76
Reward: 30763.783201 Total splits: 68 Good splits: 61
Reward: 39223.2924452 Total splits: 76 Good splits: 71
Reward: 36795.1004712 Total splits: 80 Good splits: 72
Reward: 39441.3735629 Total splits: 76 Good splits: 73
Reward: 31467.9250837 Total splits: 69 Good splits: 66
Reward: 39874.8905508 Total splits: 82 Good splits: 79
Reward: 36495.3671749 Total splits: 68 Good splits: 66
Reward: 25142.012634 Total splits: 74 Good splits: 68
Reward: 37740.2412469 Total splits: 75 Good splits: 72
Reward: 42733.0130645 Total splits: 79 Good splits: 76
Reward: 34964.0206892 Total splits: 70 Good splits: 64
Reward: 25850.8656035 Total splits: 61 Good splits: 56
Reward: 30273.8002431 Total splits: 77 Good splits: 73
Reward: 28692.0001704 Total splits: 71 Good splits: 68
Reward: 33192.2851837 Total splits: 79 Good splits: 73
Reward: 34049.5188657 Total splits: 74 Good splits: 70
Reward: 22379.1922844 Total splits: 69 Good splits: 64
Reward: 40565.4676894 Total splits: 83 Good splits: 80
Reward: 32409.6710965 Total splits: 73 Good splits: 71
Reward: 31744.866828 Total splits: 76 Good splits: 75
Reward: 43028.8154906 Total splits: 72 Good splits: 68
Reward: 41765.2579643 Total splits: 76 Good splits: 73
Reward: 34604.5619074 Total splits: 79 Good splits: 77
Reward: 36335.3246646 Total splits: 75 Good splits: 74
Reward: 25499.1832787 Total splits: 71 Good splits: 64
Reward: 41180.0202333 Total splits: 68 Good splits: 67
Reward: 37099.7943428 Total splits: 76 Good splits: 72
Reward: 24460.6042974 Total splits: 79 Good splits: 76
Reward: 35670.144632 Total splits: 74 Good splits: 69
Reward: 27667.3533389 Total splits: 71 Good splits: 65
Reward: 32222.4379041 Total splits: 59 Good splits: 56
Reward: 32370.7703101 Total splits: 71 Good splits: 66
Reward: 43454.953485 Total splits: 73 Good splits: 71
Reward: 42863.6717357 Total splits: 71 Good splits: 66
Reward: 34934.9591587 Total splits: 73 Good splits: 68
Reward: 36781.924217 Total splits: 63 Good splits: 60
Reward: 38344.1120676 Total splits: 73 Good splits: 71
Reward: 43812.88413 Total splits: 75 Good splits: 70
Reward: 34561.5267241 Total splits: 68 Good splits: 64
Reward: 33397.8013791 Total splits: 72 Good splits: 66
Reward: 29615.3991861 Total splits: 73 Good splits: 67
Reward: 37953.0765102 Total splits: 79 Good splits: 75
Reward: 42205.2238204 Total splits: 77 Good splits: 74
Reward: 29763.5609747 Total splits: 75 Good splits: 71
Reward: 44221.5814182 Total splits: 69 Good splits: 66
Reward: 25561.8481445 Total splits: 75 Good splits: 70
Reward: 25877.257706 Total splits: 71 Good splits: 67
Reward: 31178.0016818 Total splits: 75 Good splits: 69
Reward: 29116.6161969 Total splits: 68 Good splits: 65
Reward: 29727.4591604 Total splits: 75 Good splits: 73
Reward: 41187.4795879 Total splits: 71 Good splits: 69
Reward: 34274.1605171 Total splits: 66 Good splits: 64
Reward: 40498.4079941 Total splits: 74 Good splits: 70
Reward: 38726.8747333 Total splits: 73 Good splits: 70
Reward: 40323.1270816 Total splits: 79 Good splits: 77
Reward: 39322.9067196 Total splits: 75 Good splits: 75
Reward: 28963.4338811 Total splits: 60 Good splits: 58
Reward: 28188.9832962 Total splits: 65 Good splits: 59
Reward: 29055.1487463 Total splits: 76 Good splits: 71
Reward: 38090.2418657 Total splits: 84 Good splits: 80
Reward: 37510.0737599 Total splits: 71 Good splits: 63
Reward: 34123.1569854 Total splits: 68 Good splits: 65
Reward: 34157.2976627 Total splits: 72 Good splits: 71
Reward: 25648.1190872 Total splits: 67 Good splits: 62
Reward: 45042.8229312 Total splits: 70 Good splits: 66
Reward: 33725.9168745 Total splits: 71 Good splits: 66
Reward: 35417.7205088 Total splits: 74 Good splits: 72
Reward: 24249.5121701 Total splits: 73 Good splits: 70
Reward: 37432.0769304 Total splits: 70 Good splits: 68
Reward: 44170.4965225 Total splits: 77 Good splits: 73
Reward: 36204.9175689 Total splits: 71 Good splits: 68
Reward: 32172.6767326 Total splits: 62 Good splits: 60
Reward: 30647.1932552 Total splits: 77 Good splits: 74
Reward: 18175.2585045 Total splits: 76 Good splits: 73
Reward: 37640.7480598 Total splits: 69 Good splits: 62
Reward: 23863.8249338 Total splits: 67 Good splits: 58
Reward: 37006.6590728 Total splits: 82 Good splits: 77
Reward: 28160.2333176 Total splits: 64 Good splits: 60
Reward: 31384.3572012 Total splits: 66 Good splits: 64
Reward: 31960.9576688 Total splits: 66 Good splits: 64
Reward: 35309.3864423 Total splits: 74 Good splits: 71
Reward: 34916.9648242 Total splits: 77 Good splits: 69
Reward: 44143.467142 Total splits: 81 Good splits: 77
Reward: 40397.8357615 Total splits: 80 Good splits: 78
Reward: 38982.5662953 Total splits: 73 Good splits: 70
Reward: 38174.4355533 Total splits: 70 Good splits: 66
Reward: 37246.1772352 Total splits: 73 Good splits: 67
Reward: 42813.7798229 Total splits: 79 Good splits: 75
Reward: 39295.4234166 Total splits: 70 Good splits: 66
Reward: 29756.8438704 Total splits: 65 Good splits: 60
Reward: 40396.4723441 Total splits: 69 Good splits: 65
Reward: 37355.1259157 Total splits: 70 Good splits: 64
Reward: 37744.2975354 Total splits: 78 Good splits: 76
Reward: 34153.3230539 Total splits: 76 Good splits: 70
Reward: 36582.3548413 Total splits: 74 Good splits: 71
Reward: 36271.8284628 Total splits: 75 Good splits: 73
Reward: 24708.9433572 Total splits: 81 Good splits: 79
Reward: 32286.919386 Total splits: 77 Good splits: 73
Reward: 37418.3405173 Total splits: 72 Good splits: 70
Reward: 34928.8184896 Total splits: 74 Good splits: 72
Reward: 31431.8330535 Total splits: 63 Good splits: 58
Reward: 12054.1681825 Total splits: 76 Good splits: 67
Reward: 31860.4980956 Total splits: 74 Good splits: 69
Reward: 25251.724084 Total splits: 70 Good splits: 68
Reward: 34543.2431081 Total splits: 73 Good splits: 68
Reward: 32386.5201269 Total splits: 75 Good splits: 72
Reward: 39122.144744 Total splits: 67 Good splits: 61
Reward: 38807.4008942 Total splits: 79 Good splits: 76
Reward: 41777.8091625 Total splits: 75 Good splits: 73
Reward: 30706.8582831 Total splits: 71 Good splits: 69
Reward: 40523.0393105 Total splits: 84 Good splits: 83
Reward: 40118.8920325 Total splits: 76 Good splits: 73
Reward: 27201.8540394 Total splits: 73 Good splits: 70
Reward: 38767.1294848 Total splits: 78 Good splits: 75
Reward: 44788.0611046 Total splits: 77 Good splits: 75
Reward: 31192.9334078 Total splits: 77 Good splits: 72
Reward: 31994.9437177 Total splits: 65 Good splits: 62
Reward: 17490.2177732 Total splits: 61 Good splits: 59
Reward: 28520.2874919 Total splits: 78 Good splits: 75
Reward: 38311.6560557 Total splits: 69 Good splits: 68
Reward: 30555.9532395 Total splits: 76 Good splits: 72
Reward: 29532.9090522 Total splits: 71 Good splits: 68
Reward: 34796.7898056 Total splits: 75 Good splits: 71
Reward: 26914.149746 Total splits: 77 Good splits: 72
Reward: 34670.5679861 Total splits: 62 Good splits: 60
Reward: 37244.6309104 Total splits: 71 Good splits: 67
Reward: 39483.4451223 Total splits: 73 Good splits: 69
Reward: 29401.1957283 Total splits: 75 Good splits: 70
Reward: 37200.5070603 Total splits: 67 Good splits: 60
Reward: 29101.8977803 Total splits: 85 Good splits: 81
Reward: 31877.9264866 Total splits: 72 Good splits: 66
Reward: 43666.3492378 Total splits: 72 Good splits: 69
Reward: 31793.6047701 Total splits: 75 Good splits: 71
Reward: 43891.6211114 Total splits: 71 Good splits: 69
Reward: 42680.11175 Total splits: 74 Good splits: 71
Reward: 36644.0079165 Total splits: 77 Good splits: 75
Reward: 34992.0202476 Total splits: 78 Good splits: 74
Reward: 42336.7518817 Total splits: 80 Good splits: 78
Reward: 45600.1526111 Total splits: 72 Good splits: 69
Reward: 36484.9835359 Total splits: 71 Good splits: 69
Reward: 36077.5823063 Total splits: 78 Good splits: 75
Reward: 40186.985688 Total splits: 73 Good splits: 68
Reward: 34993.9372985 Total splits: 71 Good splits: 69
Reward: 24861.3771195 Total splits: 69 Good splits: 66
Reward: 36300.4431821 Total splits: 70 Good splits: 67
Reward: 23226.2643633 Total splits: 63 Good splits: 59
Reward: 36120.4606763 Total splits: 67 Good splits: 65
Reward: 41399.0564576 Total splits: 73 Good splits: 71
Reward: 39011.4496845 Total splits: 71 Good splits: 66
Reward: 39292.8315544 Total splits: 77 Good splits: 74
Reward: 37446.1874763 Total splits: 70 Good splits: 66
Reward: 39091.9758497 Total splits: 68 Good splits: 65
Reward: 45279.351481 Total splits: 74 Good splits: 70
Reward: 42973.3854156 Total splits: 80 Good splits: 76
Reward: 31587.5827604 Total splits: 71 Good splits: 68
Reward: 38958.2757828 Total splits: 65 Good splits: 61
Reward: 28570.9136569 Total splits: 72 Good splits: 68
Reward: 19618.0390094 Total splits: 64 Good splits: 59
Reward: 37994.2936526 Total splits: 77 Good splits: 74
Reward: 22997.9993314 Total splits: 60 Good splits: 54
Reward: 38431.3698047 Total splits: 76 Good splits: 74
Reward: 37315.5281198 Total splits: 75 Good splits: 72
Reward: 36395.6048659 Total splits: 75 Good splits: 72
Reward: 34668.9795732 Total splits: 66 Good splits: 64
Reward: 38339.9085571 Total splits: 81 Good splits: 80
Reward: 28757.0615783 Total splits: 75 Good splits: 75
Reward: 39406.2902076 Total splits: 73 Good splits: 70
Reward: 40650.1357357 Total splits: 67 Good splits: 63
Reward: 33671.7983646 Total splits: 71 Good splits: 66
Reward: 41759.2676141 Total splits: 82 Good splits: 78
Reward: 39771.3524014 Total splits: 71 Good splits: 68
Reward: 31041.1890077 Total splits: 72 Good splits: 66
Reward: 20047.8978419 Total splits: 68 Good splits: 64
Reward: 42632.4365867 Total splits: 78 Good splits: 76
Reward: 35506.4264898 Total splits: 75 Good splits: 70
Reward: 33310.6671441 Total splits: 69 Good splits: 65
Reward: 30692.9689057 Total splits: 70 Good splits: 66
Reward: 37265.7401712 Total splits: 63 Good splits: 62
Reward: 29538.3697844 Total splits: 82 Good splits: 81
Reward: 35864.4070528 Total splits: 71 Good splits: 69
Reward: 30694.9520981 Total splits: 67 Good splits: 62
Reward: 40513.8133642 Total splits: 75 Good splits: 71
Reward: 35169.5708747 Total splits: 74 Good splits: 72
Reward: 28727.7832422 Total splits: 66 Good splits: 58
Reward: 37487.0908938 Total splits: 79 Good splits: 73
Reward: 35037.5975902 Total splits: 71 Good splits: 65
Reward: 42147.2831482 Total splits: 63 Good splits: 58
Reward: 41286.9591995 Total splits: 70 Good splits: 64
Reward: 41398.2239163 Total splits: 76 Good splits: 74
Reward: 24974.2547628 Total splits: 71 Good splits: 62
Reward: 29722.1564686 Total splits: 75 Good splits: 68
Reward: 44326.6729297 Total splits: 78 Good splits: 77
Reward: 32947.5765854 Total splits: 79 Good splits: 72
Reward: 35117.094489 Total splits: 73 Good splits: 65
Reward: 32224.0455642 Total splits: 76 Good splits: 75
Reward: 39703.7120655 Total splits: 76 Good splits: 74
Reward: 37648.257828 Total splits: 76 Good splits: 74
Reward: 37446.0022834 Total splits: 69 Good splits: 67
Reward: 33719.8030951 Total splits: 67 Good splits: 65
Reward: 34518.8084049 Total splits: 77 Good splits: 74
Reward: 43201.3354746 Total splits: 74 Good splits: 69
Reward: 33681.1103067 Total splits: 70 Good splits: 67
Reward: 39436.3560186 Total splits: 71 Good splits: 70
Reward: 42529.1377916 Total splits: 76 Good splits: 72
Reward: 41066.3633261 Total splits: 67 Good splits: 62
Reward: 24822.5566152 Total splits: 65 Good splits: 60
Reward: 35333.5815859 Total splits: 68 Good splits: 63
Reward: 30058.530716 Total splits: 64 Good splits: 59
Reward: 32688.1739974 Total splits: 68 Good splits: 66
Reward: 36078.3725312 Total splits: 76 Good splits: 72
Reward: 41402.4601526 Total splits: 73 Good splits: 70
Reward: 25976.0082069 Total splits: 61 Good splits: 59
Reward: 44307.3190838 Total splits: 74 Good splits: 69
Reward: 42351.7565714 Total splits: 75 Good splits: 70
Reward: 45347.8777848 Total splits: 76 Good splits: 74
Reward: 35740.1383221 Total splits: 73 Good splits: 67
Reward: 36213.4430275 Total splits: 77 Good splits: 75
Reward: 36185.5134939 Total splits: 72 Good splits: 66
Reward: 32019.5326455 Total splits: 78 Good splits: 75
Reward: 27566.1127575 Total splits: 76 Good splits: 73
Reward: 33758.4638272 Total splits: 68 Good splits: 66
Reward: 41515.7232972 Total splits: 70 Good splits: 69
Reward: 30326.1846858 Total splits: 78 Good splits: 72
Reward: 23222.0294002 Total splits: 76 Good splits: 70
Reward: 38728.4216774 Total splits: 66 Good splits: 63
Reward: 39165.0621027 Total splits: 73 Good splits: 69
Reward: 34977.9706727 Total splits: 72 Good splits: 68
Reward: 25989.9973875 Total splits: 65 Good splits: 61
Reward: 38999.3461093 Total splits: 60 Good splits: 55
Reward: 41414.3437315 Total splits: 71 Good splits: 67
Reward: 44699.7289631 Total splits: 79 Good splits: 76
Reward: 32649.2027435 Total splits: 69 Good splits: 65
Reward: 25034.6303065 Total splits: 75 Good splits: 68
Reward: 37090.8335613 Total splits: 76 Good splits: 72
Reward: 23943.5354264 Total splits: 62 Good splits: 55
Reward: 38080.630076 Total splits: 76 Good splits: 74
Reward: 27757.641125 Total splits: 59 Good splits: 56
Reward: 44947.5712051 Total splits: 73 Good splits: 70
Reward: 46365.7793518 Total splits: 71 Good splits: 67
Reward: 30023.5515367 Total splits: 69 Good splits: 67
Reward: 32230.6651761 Total splits: 82 Good splits: 77
Reward: 39721.3211039 Total splits: 77 Good splits: 70
Reward: 41004.3572536 Total splits: 77 Good splits: 73
Reward: 34538.7262657 Total splits: 70 Good splits: 65
Reward: 34027.2653908 Total splits: 66 Good splits: 59
Reward: 40153.8247895 Total splits: 70 Good splits: 67
Reward: 29328.1206768 Total splits: 74 Good splits: 72
Reward: 38840.0786291 Total splits: 69 Good splits: 66
Reward: 37887.9952677 Total splits: 68 Good splits: 63
Reward: 30707.3107557 Total splits: 83 Good splits: 80
Reward: 37973.5932938 Total splits: 66 Good splits: 64
Reward: 26671.2952532 Total splits: 70 Good splits: 67
Reward: 24097.0997919 Total splits: 71 Good splits: 67
Reward: 37433.6093909 Total splits: 68 Good splits: 66
Reward: 39601.7164864 Total splits: 65 Good splits: 61
Reward: 31087.1197023 Total splits: 72 Good splits: 64
Reward: 22210.8046394 Total splits: 65 Good splits: 57
Reward: 29491.8620765 Total splits: 72 Good splits: 64
Reward: 35925.9801304 Total splits: 72 Good splits: 67
Reward: 35883.4018533 Total splits: 68 Good splits: 65
Reward: 29373.5306748 Total splits: 73 Good splits: 68
Reward: 34920.3325027 Total splits: 74 Good splits: 71
Reward: 33137.656942 Total splits: 65 Good splits: 61
Reward: 42939.663522 Total splits: 75 Good splits: 73
Reward: 33181.9128798 Total splits: 67 Good splits: 61
Reward: 32146.6809259 Total splits: 64 Good splits: 59
Reward: 37783.6461576 Total splits: 78 Good splits: 74
Reward: 29091.9952735 Total splits: 77 Good splits: 72
Reward: 36629.4957357 Total splits: 78 Good splits: 73
Reward: 31342.2182267 Total splits: 64 Good splits: 62
Reward: 40363.7925767 Total splits: 73 Good splits: 70
Reward: 39274.6588459 Total splits: 75 Good splits: 71
Reward: 33496.9360862 Total splits: 76 Good splits: 74
Reward: 39421.1542913 Total splits: 70 Good splits: 70
Reward: 28855.7976966 Total splits: 75 Good splits: 71
Reward: 35634.835701 Total splits: 68 Good splits: 63
Reward: 39888.6706975 Total splits: 76 Good splits: 71
Reward: 36067.3556826 Total splits: 76 Good splits: 70
Reward: 34992.9510176 Total splits: 68 Good splits: 63
Reward: 37942.619776 Total splits: 77 Good splits: 75
Reward: 39869.4860267 Total splits: 69 Good splits: 64
Reward: 35966.1083116 Total splits: 70 Good splits: 63
Reward: 31420.603286 Total splits: 67 Good splits: 63
Reward: 27194.3445948 Total splits: 68 Good splits: 62
Reward: 36673.1345035 Total splits: 65 Good splits: 58
Reward: 31559.9046747 Total splits: 75 Good splits: 73
Reward: 38259.4452816 Total splits: 74 Good splits: 69
Reward: 35669.4932357 Total splits: 82 Good splits: 79
Reward: 30644.7141204 Total splits: 77 Good splits: 76
Reward: 27091.9860198 Total splits: 67 Good splits: 66
Reward: 29810.3079036 Total splits: 74 Good splits: 70
Reward: 31249.4190137 Total splits: 71 Good splits: 65
Reward: 38327.3417411 Total splits: 83 Good splits: 78
Reward: 23026.0167871 Total splits: 79 Good splits: 73
Reward: 27459.3530627 Total splits: 74 Good splits: 70
Reward: 32421.5918065 Total splits: 77 Good splits: 74
Reward: 17372.2283734 Total splits: 86 Good splits: 82
Reward: 47296.8005488 Total splits: 68 Good splits: 66
Reward: 30898.2580512 Total splits: 64 Good splits: 61
Reward: 32838.0270538 Total splits: 62 Good splits: 57
Reward: 38578.4083197 Total splits: 77 Good splits: 74
Reward: 41497.2495337 Total splits: 84 Good splits: 84
Reward: 42953.7531211 Total splits: 67 Good splits: 61
Reward: 34125.1671313 Total splits: 71 Good splits: 66
Reward: 25246.1291339 Total splits: 63 Good splits: 61
Reward: 44801.6187839 Total splits: 82 Good splits: 78
Reward: 41666.2946306 Total splits: 68 Good splits: 66
Reward: 29806.2371592 Total splits: 81 Good splits: 76
Reward: 29431.4075015 Total splits: 67 Good splits: 61
Reward: 28044.5634625 Total splits: 57 Good splits: 51
Reward: 30551.6185767 Total splits: 72 Good splits: 65
Reward: 30009.238383 Total splits: 74 Good splits: 72
Reward: 42464.8143971 Total splits: 66 Good splits: 64

Results after 400 tests
Average total rewards : 34640.5416486
Average total splits  : 72.605
Average good splits   : 68.7925
Average good splits % : 94.7489842297

Reward: 32277.3384874 Total splits: 76 Good splits: 72
Reward: 36656.4519742 Total splits: 83 Good splits: 81
Reward: 33356.6174961 Total splits: 59 Good splits: 56
Reward: 40777.2803735 Total splits: 66 Good splits: 61
Reward: 39551.2579467 Total splits: 73 Good splits: 68
Reward: 23014.5077317 Total splits: 80 Good splits: 79
Reward: 41624.8170664 Total splits: 73 Good splits: 73
Reward: 33894.1179098 Total splits: 81 Good splits: 75
Reward: 38585.061634 Total splits: 85 Good splits: 80
Reward: 35046.5551985 Total splits: 69 Good splits: 59
Reward: 29909.0400024 Total splits: 71 Good splits: 66
Reward: 39745.5066759 Total splits: 72 Good splits: 69
Reward: 40978.6261283 Total splits: 75 Good splits: 71
Reward: 31742.7417834 Total splits: 60 Good splits: 57
Reward: 35228.3200504 Total splits: 75 Good splits: 72
Reward: 40894.685474 Total splits: 66 Good splits: 62
Reward: 39310.1996495 Total splits: 71 Good splits: 70
Reward: 36978.3616942 Total splits: 77 Good splits: 73
Reward: 27789.2897534 Total splits: 69 Good splits: 64
Reward: 38160.6461371 Total splits: 71 Good splits: 69
Reward: 31077.3626278 Total splits: 79 Good splits: 76
Reward: 42443.9888492 Total splits: 74 Good splits: 70
Reward: 33802.8666906 Total splits: 75 Good splits: 74
Reward: 27795.7458308 Total splits: 64 Good splits: 61
Reward: 25772.5668141 Total splits: 76 Good splits: 70
Reward: 33228.9462718 Total splits: 69 Good splits: 62
Reward: 26480.0817106 Total splits: 82 Good splits: 77
Reward: 34991.4550369 Total splits: 58 Good splits: 54
Reward: 39923.2419442 Total splits: 81 Good splits: 78
Reward: 31970.937394 Total splits: 82 Good splits: 76
Reward: 43122.2542977 Total splits: 80 Good splits: 76
Reward: 35156.1172669 Total splits: 65 Good splits: 59
Reward: 30457.9161045 Total splits: 71 Good splits: 64
Reward: 42025.5936717 Total splits: 79 Good splits: 79
Reward: 38280.125328 Total splits: 72 Good splits: 68
Reward: 42802.3699173 Total splits: 75 Good splits: 73
Reward: 34792.5630067 Total splits: 67 Good splits: 62
Reward: 34103.1369649 Total splits: 79 Good splits: 74
Reward: 23086.5962821 Total splits: 67 Good splits: 63
Reward: 44991.6023638 Total splits: 75 Good splits: 74
Reward: 22177.6789951 Total splits: 69 Good splits: 64
Reward: 27026.2945992 Total splits: 68 Good splits: 66
Reward: 24706.5138717 Total splits: 65 Good splits: 56
Reward: 37041.4219097 Total splits: 80 Good splits: 76
Reward: 37412.1918538 Total splits: 72 Good splits: 68
Reward: 29690.7048058 Total splits: 71 Good splits: 70
Reward: 40489.3101228 Total splits: 79 Good splits: 77
Reward: 41276.1081747 Total splits: 76 Good splits: 72
Reward: 41227.0069972 Total splits: 70 Good splits: 67
Reward: 23251.9487619 Total splits: 78 Good splits: 75
Reward: 37221.8019492 Total splits: 71 Good splits: 68
Reward: 33102.3916117 Total splits: 80 Good splits: 80
Reward: 34897.947785 Total splits: 77 Good splits: 76
Reward: 29589.1528422 Total splits: 70 Good splits: 63
Reward: 20784.6270112 Total splits: 64 Good splits: 59
Reward: 35793.1238118 Total splits: 66 Good splits: 62
Reward: 38374.3751858 Total splits: 69 Good splits: 68
Reward: 40940.6292587 Total splits: 70 Good splits: 67
Reward: 26587.3590558 Total splits: 64 Good splits: 63
Reward: 31129.0346197 Total splits: 74 Good splits: 72
Reward: 24997.5975416 Total splits: 78 Good splits: 76
Reward: 28510.5054487 Total splits: 66 Good splits: 60
Reward: 35468.0430352 Total splits: 74 Good splits: 68
Reward: 31640.1187146 Total splits: 77 Good splits: 75
Reward: 32406.358014 Total splits: 77 Good splits: 75
Reward: 27368.728242 Total splits: 74 Good splits: 71
Reward: 26051.3946349 Total splits: 71 Good splits: 68
Reward: 42026.4230159 Total splits: 67 Good splits: 65
Reward: 38791.6963768 Total splits: 76 Good splits: 74
Reward: 43564.2672187 Total splits: 79 Good splits: 76
Reward: 20775.6796263 Total splits: 63 Good splits: 58
Reward: 34213.958281 Total splits: 79 Good splits: 76
Reward: 37006.4775233 Total splits: 75 Good splits: 71
Reward: 36964.4985831 Total splits: 75 Good splits: 73
Reward: 36887.5627615 Total splits: 85 Good splits: 82
Reward: 33406.2207868 Total splits: 70 Good splits: 68
Reward: 33602.8029532 Total splits: 67 Good splits: 61
Reward: 27639.9497207 Total splits: 76 Good splits: 72
Reward: 36792.9967298 Total splits: 77 Good splits: 73
Reward: 34208.4995839 Total splits: 67 Good splits: 60
Reward: 43285.5807238 Total splits: 78 Good splits: 74
Reward: 34502.2597796 Total splits: 79 Good splits: 74
Reward: 43040.3140095 Total splits: 75 Good splits: 72
Reward: 34445.9302642 Total splits: 76 Good splits: 73
Reward: 34360.7265189 Total splits: 79 Good splits: 74
Reward: 20773.6101374 Total splits: 68 Good splits: 60
Reward: 28644.0197851 Total splits: 76 Good splits: 74
Reward: 41576.0578771 Total splits: 71 Good splits: 66
Reward: 32765.2843776 Total splits: 75 Good splits: 69
Reward: 40354.137658 Total splits: 67 Good splits: 63
Reward: 40902.5037306 Total splits: 74 Good splits: 71
Reward: 38929.1428338 Total splits: 72 Good splits: 66
Reward: 38026.3633888 Total splits: 78 Good splits: 77
Reward: 33422.1264854 Total splits: 79 Good splits: 74
Reward: 37824.1989016 Total splits: 79 Good splits: 76
Reward: 38746.5924756 Total splits: 83 Good splits: 77
Reward: 31779.9867252 Total splits: 69 Good splits: 66
Reward: 33761.8276024 Total splits: 70 Good splits: 67
Reward: 40509.4140868 Total splits: 69 Good splits: 65
Reward: 35520.3810789 Total splits: 69 Good splits: 68
Reward: 41317.2305579 Total splits: 73 Good splits: 71
Reward: 35010.7676616 Total splits: 75 Good splits: 71
Reward: 32950.760932 Total splits: 78 Good splits: 74
Reward: 38322.7012135 Total splits: 78 Good splits: 74
Reward: 31712.8860712 Total splits: 68 Good splits: 62
Reward: 34699.7022956 Total splits: 76 Good splits: 75
Reward: 31537.0668133 Total splits: 80 Good splits: 77
Reward: 27669.2094793 Total splits: 63 Good splits: 61
Reward: 39807.2068137 Total splits: 69 Good splits: 63
Reward: 40039.7593971 Total splits: 74 Good splits: 71
Reward: 35452.7609618 Total splits: 76 Good splits: 73
Reward: 38401.3727773 Total splits: 75 Good splits: 72
Reward: 31187.9745011 Total splits: 72 Good splits: 69
Reward: 32359.0089883 Total splits: 68 Good splits: 66
Reward: 40594.6543575 Total splits: 72 Good splits: 69
Reward: 44480.3673582 Total splits: 69 Good splits: 65
Reward: 22793.5337151 Total splits: 71 Good splits: 66
Reward: 40256.1860323 Total splits: 72 Good splits: 70
Reward: 32408.5591219 Total splits: 68 Good splits: 64
Reward: 37031.8577697 Total splits: 68 Good splits: 64
Reward: 33185.521997 Total splits: 78 Good splits: 75
Reward: 33400.721758 Total splits: 74 Good splits: 72
Reward: 21194.0019341 Total splits: 80 Good splits: 78
Reward: 36914.0041848 Total splits: 75 Good splits: 72
Reward: 42164.5918298 Total splits: 81 Good splits: 75
Reward: 37201.7247417 Total splits: 69 Good splits: 62
Reward: 39686.7178585 Total splits: 77 Good splits: 76
Reward: 47042.671044 Total splits: 67 Good splits: 65
Reward: 29284.0514675 Total splits: 83 Good splits: 82
Reward: 17799.7921313 Total splits: 65 Good splits: 63
Reward: 36505.078061 Total splits: 85 Good splits: 78
Reward: 36647.264594 Total splits: 79 Good splits: 74
Reward: 31803.6622276 Total splits: 62 Good splits: 57
Reward: 35271.603236 Total splits: 66 Good splits: 61
Reward: 25295.4193255 Total splits: 70 Good splits: 66
Reward: 27409.5401915 Total splits: 69 Good splits: 65
Reward: 32041.9799789 Total splits: 73 Good splits: 70
Reward: 26308.7845561 Total splits: 64 Good splits: 60
Reward: 25993.1020565 Total splits: 63 Good splits: 59
Reward: 42093.9006679 Total splits: 73 Good splits: 68
Reward: 21788.977578 Total splits: 71 Good splits: 62
Reward: 42815.5454153 Total splits: 73 Good splits: 68
Reward: 27685.8344193 Total splits: 63 Good splits: 57
Reward: 35112.1593443 Total splits: 77 Good splits: 72
Reward: 34811.7585075 Total splits: 67 Good splits: 63
Reward: 40709.9817841 Total splits: 75 Good splits: 70
Reward: 29335.2164235 Total splits: 63 Good splits: 60
Reward: 34733.5151533 Total splits: 78 Good splits: 75
Reward: 32479.5698476 Total splits: 67 Good splits: 63
Reward: 32927.2081506 Total splits: 73 Good splits: 71
Reward: 42541.2767213 Total splits: 82 Good splits: 77
Reward: 22712.1484037 Total splits: 70 Good splits: 61
Reward: 39727.1892851 Total splits: 83 Good splits: 82
Reward: 32977.132787 Total splits: 72 Good splits: 71
Reward: 31821.6400787 Total splits: 75 Good splits: 73
Reward: 26637.7327452 Total splits: 79 Good splits: 75
Reward: 34832.2235659 Total splits: 71 Good splits: 70
Reward: 23702.2022092 Total splits: 67 Good splits: 63
Reward: 33839.2737406 Total splits: 79 Good splits: 74
Reward: 32236.5727192 Total splits: 78 Good splits: 75
Reward: 30030.4401854 Total splits: 72 Good splits: 64
Reward: 39224.5009054 Total splits: 67 Good splits: 62
Reward: 38094.1530489 Total splits: 75 Good splits: 70
Reward: 42026.8015376 Total splits: 78 Good splits: 76
Reward: 36265.9491526 Total splits: 67 Good splits: 64
Reward: 33446.0391863 Total splits: 77 Good splits: 71
Reward: 37786.6558918 Total splits: 70 Good splits: 67
Reward: 33240.968534 Total splits: 77 Good splits: 73
Reward: 37982.0734754 Total splits: 74 Good splits: 72
Reward: 31931.3864377 Total splits: 74 Good splits: 68
Reward: 42552.5070741 Total splits: 84 Good splits: 81
Reward: 41409.6485113 Total splits: 72 Good splits: 67
Reward: 32872.295267 Total splits: 69 Good splits: 64
Reward: 26990.2119967 Total splits: 74 Good splits: 67
Reward: 44753.3106566 Total splits: 79 Good splits: 72
Reward: 42111.9138193 Total splits: 83 Good splits: 75
Reward: 29795.3466956 Total splits: 75 Good splits: 70
Reward: 30365.9324199 Total splits: 71 Good splits: 68
Reward: 41800.126736 Total splits: 75 Good splits: 72
Reward: 40117.0880838 Total splits: 75 Good splits: 74
Reward: 28269.6297134 Total splits: 61 Good splits: 57
Reward: 41524.5593159 Total splits: 71 Good splits: 69
Reward: 36363.7175684 Total splits: 66 Good splits: 65
Reward: 27716.0688336 Total splits: 69 Good splits: 63
Reward: 35357.189143 Total splits: 69 Good splits: 65
Reward: 32082.0785586 Total splits: 63 Good splits: 61
Reward: 46503.1425144 Total splits: 78 Good splits: 75
Reward: 23007.7031825 Total splits: 64 Good splits: 59
Reward: 26981.1206022 Total splits: 78 Good splits: 74
Reward: 41709.8920407 Total splits: 73 Good splits: 71
Reward: 21221.65773 Total splits: 74 Good splits: 69
Reward: 40620.7437131 Total splits: 74 Good splits: 72
Reward: 43689.3134121 Total splits: 72 Good splits: 70
Reward: 35308.7986211 Total splits: 75 Good splits: 70
Reward: 27673.6191662 Total splits: 71 Good splits: 65
Reward: 34251.8946877 Total splits: 68 Good splits: 63
Reward: 27177.9751387 Total splits: 77 Good splits: 71
Reward: 38730.5293657 Total splits: 75 Good splits: 73
Reward: 34278.9656593 Total splits: 72 Good splits: 66
Reward: 33455.5032866 Total splits: 72 Good splits: 67

Results after 200 tests
Average total rewards : 34387.335317
Average total splits  : 72.925
Average good splits   : 69.115
Average good splits % : 94.7754542338

Reward: 35511.0005594 Total splits: 75 Good splits: 70
Reward: 25452.4900574 Total splits: 69 Good splits: 61
Reward: 33768.0750858 Total splits: 67 Good splits: 66
Reward: 30954.3584632 Total splits: 69 Good splits: 65
Reward: 41674.0892858 Total splits: 73 Good splits: 70
Reward: 21787.1511517 Total splits: 73 Good splits: 68
Reward: 31430.8448297 Total splits: 71 Good splits: 67
Reward: 47069.699643 Total splits: 71 Good splits: 67
Reward: 29092.1061996 Total splits: 74 Good splits: 68
Reward: 21341.8754992 Total splits: 65 Good splits: 61
Reward: 24656.9254159 Total splits: 62 Good splits: 56
Reward: 40208.881197 Total splits: 77 Good splits: 74
Reward: 31762.0370747 Total splits: 64 Good splits: 62
Reward: 32145.1425062 Total splits: 72 Good splits: 70
Reward: 24147.1337668 Total splits: 66 Good splits: 61
Reward: 25111.7249024 Total splits: 77 Good splits: 74
Reward: 45894.5615279 Total splits: 76 Good splits: 70
Reward: 34409.5497889 Total splits: 69 Good splits: 66
Reward: 33254.3090788 Total splits: 71 Good splits: 68
Reward: 30786.9821111 Total splits: 64 Good splits: 61
Reward: 39342.6269183 Total splits: 74 Good splits: 70
Reward: 34839.3394688 Total splits: 76 Good splits: 75
Reward: 34951.326274 Total splits: 74 Good splits: 71
Reward: 32560.6715357 Total splits: 77 Good splits: 72
Reward: 38362.0924611 Total splits: 74 Good splits: 67
Reward: 35271.8996323 Total splits: 65 Good splits: 59
Reward: 34267.7162698 Total splits: 69 Good splits: 65
Reward: 23817.0661574 Total splits: 59 Good splits: 54
Reward: 39597.1214036 Total splits: 71 Good splits: 70
Reward: 40056.6405543 Total splits: 72 Good splits: 65
Reward: 36188.7336146 Total splits: 70 Good splits: 65
Reward: 34455.7750884 Total splits: 67 Good splits: 62
Reward: 33295.7019403 Total splits: 60 Good splits: 57
Reward: 38831.6225702 Total splits: 70 Good splits: 65
Reward: 37138.6818715 Total splits: 70 Good splits: 67
Reward: 28020.4840293 Total splits: 70 Good splits: 62
Reward: 35651.9736396 Total splits: 74 Good splits: 72
Reward: 31223.0756765 Total splits: 84 Good splits: 82
Reward: 30925.7064551 Total splits: 77 Good splits: 74
Reward: 40426.9230007 Total splits: 71 Good splits: 68
Reward: 33404.2923301 Total splits: 74 Good splits: 68
Reward: 34382.8631967 Total splits: 77 Good splits: 73
Reward: 34524.2309821 Total splits: 80 Good splits: 77
Reward: 46223.389137 Total splits: 73 Good splits: 67
Reward: 36326.3155778 Total splits: 78 Good splits: 70
Reward: 32986.9200086 Total splits: 74 Good splits: 70
Reward: 29812.6359082 Total splits: 75 Good splits: 70
Reward: 32991.9564815 Total splits: 64 Good splits: 61
Reward: 31505.1112842 Total splits: 62 Good splits: 56
Reward: 37291.8581357 Total splits: 74 Good splits: 72
Reward: 30958.5303926 Total splits: 74 Good splits: 71
Reward: 39940.617119 Total splits: 65 Good splits: 60
Reward: 38462.373422 Total splits: 74 Good splits: 72
Reward: 26730.55604 Total splits: 77 Good splits: 74
Reward: 41490.6276993 Total splits: 72 Good splits: 71
Reward: 40404.2067782 Total splits: 76 Good splits: 67
Reward: 31804.2820843 Total splits: 69 Good splits: 64
Reward: 36587.5334472 Total splits: 74 Good splits: 70
Reward: 21018.7439588 Total splits: 74 Good splits: 69
Reward: 28686.3205923 Total splits: 66 Good splits: 58
Reward: 41190.1423521 Total splits: 73 Good splits: 69
Reward: 18408.5232622 Total splits: 62 Good splits: 58
Reward: 39810.7625718 Total splits: 64 Good splits: 62
Reward: 20868.6587228 Total splits: 70 Good splits: 63
Reward: 36895.2030619 Total splits: 75 Good splits: 70
Reward: 26330.4928599 Total splits: 71 Good splits: 65
Reward: 23809.0801004 Total splits: 73 Good splits: 70
Reward: 29117.2127122 Total splits: 60 Good splits: 56
Reward: 30697.2953875 Total splits: 72 Good splits: 69
Reward: 35482.2812331 Total splits: 66 Good splits: 62
Reward: 34482.0472757 Total splits: 79 Good splits: 76
Reward: 28455.0128703 Total splits: 71 Good splits: 66
Reward: 38710.9396671 Total splits: 73 Good splits: 69
Reward: 37348.2826719 Total splits: 74 Good splits: 71
Reward: 36313.6317712 Total splits: 78 Good splits: 74
Reward: 24764.9906897 Total splits: 70 Good splits: 67
Reward: 26732.9740146 Total splits: 81 Good splits: 78
Reward: 40212.4331503 Total splits: 72 Good splits: 68
Reward: 42695.3582152 Total splits: 75 Good splits: 74
Reward: 43303.8315723 Total splits: 75 Good splits: 71
Reward: 38232.8662008 Total splits: 79 Good splits: 77
Reward: 37466.3064143 Total splits: 72 Good splits: 66
Reward: 34161.8839249 Total splits: 70 Good splits: 65
Reward: 35591.223294 Total splits: 71 Good splits: 68
Reward: 25189.9960896 Total splits: 70 Good splits: 68
Reward: 35323.8116633 Total splits: 63 Good splits: 59
Reward: 38058.5739053 Total splits: 71 Good splits: 67
Reward: 39573.406029 Total splits: 75 Good splits: 69
Reward: 39385.8831515 Total splits: 69 Good splits: 65
Reward: 25778.5696938 Total splits: 64 Good splits: 57
Reward: 29577.9991469 Total splits: 78 Good splits: 74
Reward: 26661.035748 Total splits: 62 Good splits: 57
Reward: 37734.9906009 Total splits: 82 Good splits: 77
Reward: 40309.4227301 Total splits: 79 Good splits: 72
Reward: 32745.4717468 Total splits: 69 Good splits: 67
Reward: 39784.9108954 Total splits: 66 Good splits: 64
Reward: 31593.377453 Total splits: 80 Good splits: 75
Reward: 37594.2728384 Total splits: 70 Good splits: 64
Reward: 28198.1992651 Total splits: 68 Good splits: 62
Reward: 42179.3685278 Total splits: 70 Good splits: 66

Results after 100 tests
Average total rewards : 33759.8820476
Average total splits  : 71.43
Average good splits   : 67.24
Average good splits % : 94.1341173177

Reward: 42574.8833817 Total splits: 79 Good splits: 75
Reward: 29612.8592486 Total splits: 79 Good splits: 77
Reward: 29412.0293084 Total splits: 77 Good splits: 73
Reward: 35070.2896242 Total splits: 70 Good splits: 67
Reward: 39437.287499 Total splits: 77 Good splits: 74
Reward: 37957.7243625 Total splits: 71 Good splits: 69
Reward: 34393.9253554 Total splits: 67 Good splits: 65
Reward: 34038.5800188 Total splits: 72 Good splits: 67
Reward: 32210.0262903 Total splits: 69 Good splits: 65
Reward: 39926.2399689 Total splits: 74 Good splits: 72
Reward: 43525.3480407 Total splits: 79 Good splits: 78
Reward: 30010.0305833 Total splits: 69 Good splits: 65
Reward: 30921.434058 Total splits: 69 Good splits: 66
Reward: 34046.6224428 Total splits: 64 Good splits: 59
Reward: 42483.6676516 Total splits: 81 Good splits: 79
Reward: 37502.9428697 Total splits: 68 Good splits: 64
Reward: 31342.174442 Total splits: 72 Good splits: 69
Reward: 39735.8933521 Total splits: 71 Good splits: 64
Reward: 36606.9942839 Total splits: 72 Good splits: 70
Reward: 23115.1867043 Total splits: 86 Good splits: 80
Reward: 35757.0191099 Total splits: 70 Good splits: 65
Reward: 43286.7802594 Total splits: 77 Good splits: 76
Reward: 26012.0523108 Total splits: 79 Good splits: 71
Reward: 39039.6718162 Total splits: 73 Good splits: 70
Reward: 33027.5485104 Total splits: 77 Good splits: 73
Reward: 37877.597716 Total splits: 67 Good splits: 64
Reward: 42348.5910368 Total splits: 69 Good splits: 66
Reward: 35995.0278173 Total splits: 72 Good splits: 66
Reward: 35402.8868012 Total splits: 77 Good splits: 70
Reward: 26804.2404935 Total splits: 61 Good splits: 58
Reward: 39443.4776481 Total splits: 78 Good splits: 76
Reward: 32847.9613857 Total splits: 69 Good splits: 65
Reward: 38810.8827848 Total splits: 82 Good splits: 78
Reward: 29825.8934474 Total splits: 59 Good splits: 54
Reward: 35658.586008 Total splits: 73 Good splits: 72
Reward: 25929.2267578 Total splits: 74 Good splits: 72
Reward: 35050.4991203 Total splits: 77 Good splits: 75
Reward: 36604.3101034 Total splits: 79 Good splits: 72
Reward: 31567.747953 Total splits: 69 Good splits: 66
Reward: 40953.2922234 Total splits: 79 Good splits: 74
Reward: 35047.5340461 Total splits: 75 Good splits: 71
Reward: 31392.8728737 Total splits: 71 Good splits: 65
Reward: 45629.1926124 Total splits: 77 Good splits: 73
Reward: 43550.6460614 Total splits: 68 Good splits: 67
Reward: 35589.9616608 Total splits: 76 Good splits: 72
Reward: 27427.3590104 Total splits: 65 Good splits: 60
Reward: 33251.5418683 Total splits: 69 Good splits: 66
Reward: 46427.3770706 Total splits: 71 Good splits: 69
Reward: 40001.6741423 Total splits: 75 Good splits: 70
Reward: 26015.2659664 Total splits: 68 Good splits: 65
Reward: 28699.4280093 Total splits: 74 Good splits: 69
Reward: 24976.0035 Total splits: 76 Good splits: 72
Reward: 35278.9182639 Total splits: 72 Good splits: 67
Reward: 12702.2460101 Total splits: 77 Good splits: 72
Reward: 30338.2394905 Total splits: 65 Good splits: 59
Reward: 41306.8522153 Total splits: 69 Good splits: 64
Reward: 37603.2788287 Total splits: 73 Good splits: 71
Reward: 33293.2985103 Total splits: 68 Good splits: 63
Reward: 24766.6122037 Total splits: 71 Good splits: 70
Reward: 34647.5756458 Total splits: 67 Good splits: 62
Reward: 28534.1341722 Total splits: 72 Good splits: 69
Reward: 42543.396415 Total splits: 72 Good splits: 70
Reward: 32474.9234234 Total splits: 68 Good splits: 65
Reward: 40967.004719 Total splits: 78 Good splits: 73
Reward: 38656.9498118 Total splits: 74 Good splits: 72
Reward: 29522.350675 Total splits: 65 Good splits: 62
Reward: 37617.8358872 Total splits: 71 Good splits: 67
Reward: 28334.6016996 Total splits: 79 Good splits: 73
Reward: 32628.0215107 Total splits: 77 Good splits: 75
Reward: 38653.3002736 Total splits: 75 Good splits: 72
Reward: 38274.120612 Total splits: 75 Good splits: 67
Reward: 26804.0884351 Total splits: 69 Good splits: 65
Reward: 37076.8778563 Total splits: 65 Good splits: 63
Reward: 35985.513577 Total splits: 63 Good splits: 59
Reward: 38704.4428102 Total splits: 71 Good splits: 71
Reward: 26433.3528096 Total splits: 75 Good splits: 73
Reward: 22929.0708705 Total splits: 68 Good splits: 64
Reward: 33975.6854238 Total splits: 77 Good splits: 72
Reward: 23213.5803823 Total splits: 70 Good splits: 66
Reward: 40545.5485124 Total splits: 82 Good splits: 77
Reward: 38556.8252129 Total splits: 75 Good splits: 73
Reward: 32858.8976669 Total splits: 73 Good splits: 68
Reward: 38858.6281802 Total splits: 78 Good splits: 75
Reward: 35966.4423755 Total splits: 68 Good splits: 63
Reward: 34038.8396394 Total splits: 76 Good splits: 74
Reward: 29646.8698912 Total splits: 59 Good splits: 54
Reward: 33722.6432207 Total splits: 69 Good splits: 65
Reward: 40525.6349365 Total splits: 70 Good splits: 68
Reward: 34592.3033271 Total splits: 61 Good splits: 57
Reward: 38935.9323907 Total splits: 72 Good splits: 69
Reward: 24512.4154619 Total splits: 73 Good splits: 67
Reward: 40459.5800935 Total splits: 66 Good splits: 63
Reward: 45705.7427888 Total splits: 74 Good splits: 70
Reward: 40039.3280372 Total splits: 79 Good splits: 74
Reward: 18789.0896206 Total splits: 77 Good splits: 72
Reward: 34349.6682346 Total splits: 78 Good splits: 76
Reward: 37132.7781812 Total splits: 75 Good splits: 73
Reward: 38692.0568171 Total splits: 71 Good splits: 66
Reward: 32318.602061 Total splits: 75 Good splits: 74
Reward: 38993.5381704 Total splits: 65 Good splits: 63

Results after 100 tests
Average total rewards : 34566.8392696
Average total splits  : 72.34
Average good splits   : 68.67
Average good splits % : 94.9267348631

Reward: 34979.868211 Total splits: 79 Good splits: 74
Reward: 31634.2325469 Total splits: 82 Good splits: 76
Reward: 37462.956955 Total splits: 66 Good splits: 64
Reward: 38026.6520073 Total splits: 73 Good splits: 66
Reward: 29281.79034 Total splits: 61 Good splits: 57
Reward: 42111.9305841 Total splits: 67 Good splits: 65
Reward: 38562.4722268 Total splits: 75 Good splits: 68
Reward: 28872.3366435 Total splits: 80 Good splits: 75
Reward: 36764.9656682 Total splits: 76 Good splits: 76
Reward: 30206.0702547 Total splits: 62 Good splits: 60
Reward: 39633.861812 Total splits: 78 Good splits: 77
Reward: 35225.6093956 Total splits: 71 Good splits: 67
Reward: 29972.8222849 Total splits: 70 Good splits: 66
Reward: 40376.4458952 Total splits: 75 Good splits: 70
Reward: 37511.7325865 Total splits: 78 Good splits: 72
Reward: 26266.1763011 Total splits: 70 Good splits: 67
Reward: 37341.2027305 Total splits: 76 Good splits: 72
Reward: 35902.4353082 Total splits: 70 Good splits: 64
Reward: 37370.538539 Total splits: 73 Good splits: 71
Reward: 31619.0006452 Total splits: 78 Good splits: 73
Reward: 37497.9113414 Total splits: 68 Good splits: 63
Reward: 39699.4139971 Total splits: 82 Good splits: 80
Reward: 23742.9441368 Total splits: 59 Good splits: 56
Reward: 44794.7969152 Total splits: 76 Good splits: 73
Reward: 40267.9394075 Total splits: 77 Good splits: 69
Reward: 30696.3524495 Total splits: 68 Good splits: 65
Reward: 33649.2028399 Total splits: 73 Good splits: 70
Reward: 33773.8567354 Total splits: 81 Good splits: 77
Reward: 45627.221691 Total splits: 78 Good splits: 76
Reward: 34260.2070359 Total splits: 66 Good splits: 62
Reward: 28514.9756617 Total splits: 73 Good splits: 69
Reward: 41138.322789 Total splits: 71 Good splits: 68
Reward: 40731.2016179 Total splits: 77 Good splits: 76
Reward: 41609.0308142 Total splits: 72 Good splits: 69
Reward: 25237.9644667 Total splits: 62 Good splits: 56
Reward: 38550.7035788 Total splits: 80 Good splits: 75
Reward: 26554.922196 Total splits: 63 Good splits: 59
Reward: 26626.7859215 Total splits: 75 Good splits: 72
Reward: 36649.7611536 Total splits: 67 Good splits: 63
Reward: 26807.9838727 Total splits: 62 Good splits: 59
Reward: 19635.7888905 Total splits: 75 Good splits: 71
Reward: 27852.3101222 Total splits: 69 Good splits: 67
Reward: 36845.5565908 Total splits: 71 Good splits: 66
Reward: 27701.3026922 Total splits: 71 Good splits: 64
Reward: 34853.8299777 Total splits: 66 Good splits: 63
Reward: 28762.9734376 Total splits: 71 Good splits: 68
Reward: 41396.0020325 Total splits: 70 Good splits: 67
Reward: 32310.1232781 Total splits: 83 Good splits: 77
Reward: 37370.5787168 Total splits: 79 Good splits: 75
Reward: 38708.7150695 Total splits: 63 Good splits: 58
Reward: 37254.907633 Total splits: 72 Good splits: 70
Reward: 34635.3681542 Total splits: 75 Good splits: 69
Reward: 39441.737192 Total splits: 73 Good splits: 68
Reward: 41184.0345032 Total splits: 74 Good splits: 71
Reward: 32959.2587235 Total splits: 63 Good splits: 59
Reward: 40622.8005625 Total splits: 74 Good splits: 70
Reward: 35914.359431 Total splits: 77 Good splits: 72
Reward: 41961.4539474 Total splits: 77 Good splits: 76
Reward: 29561.4339827 Total splits: 73 Good splits: 70
Reward: 38495.0199421 Total splits: 69 Good splits: 66
Reward: 39945.4583097 Total splits: 78 Good splits: 73
Reward: 22594.3846035 Total splits: 63 Good splits: 59
Reward: 39878.2405237 Total splits: 82 Good splits: 80
Reward: 38036.9529676 Total splits: 73 Good splits: 69
Reward: 22249.8105511 Total splits: 72 Good splits: 69
Reward: 37287.86171 Total splits: 74 Good splits: 70
Reward: 34065.1444318 Total splits: 77 Good splits: 72
Reward: 29095.782841 Total splits: 75 Good splits: 71
Reward: 30841.1537025 Total splits: 72 Good splits: 68
Reward: 46312.0777596 Total splits: 76 Good splits: 74
Reward: 43606.9863166 Total splits: 81 Good splits: 74
Reward: 40933.760734 Total splits: 69 Good splits: 65
Reward: 19235.1639115 Total splits: 81 Good splits: 76
Reward: 41995.1359033 Total splits: 73 Good splits: 69
Reward: 29396.0721467 Total splits: 67 Good splits: 60
Reward: 27900.8387436 Total splits: 69 Good splits: 64
Reward: 28214.9150109 Total splits: 67 Good splits: 61
Reward: 42622.8248624 Total splits: 76 Good splits: 72
Reward: 42427.8223 Total splits: 70 Good splits: 65
Reward: 29560.5267284 Total splits: 71 Good splits: 63
Reward: 33302.1667784 Total splits: 64 Good splits: 59
Reward: 33649.3595841 Total splits: 72 Good splits: 64
Reward: 33561.5240332 Total splits: 78 Good splits: 77
Reward: 32045.9219609 Total splits: 76 Good splits: 73
Reward: 40500.1513281 Total splits: 74 Good splits: 67
Reward: 39076.5344637 Total splits: 74 Good splits: 67
Reward: 21675.9349363 Total splits: 70 Good splits: 66
Reward: 32079.7259357 Total splits: 79 Good splits: 78
Reward: 34436.4849602 Total splits: 76 Good splits: 72
Reward: 33388.3069723 Total splits: 79 Good splits: 77
Reward: 31257.0096255 Total splits: 69 Good splits: 64
Reward: 33055.2016372 Total splits: 76 Good splits: 73
Reward: 33514.3272113 Total splits: 74 Good splits: 71
Reward: 31436.5193705 Total splits: 65 Good splits: 60
Reward: 27692.131434 Total splits: 63 Good splits: 56
Reward: 28616.1109025 Total splits: 71 Good splits: 68
Reward: 31995.2831018 Total splits: 64 Good splits: 61
Reward: 30655.4555026 Total splits: 69 Good splits: 65
Reward: 38853.3854106 Total splits: 71 Good splits: 69
Reward: 28628.0729982 Total splits: 63 Good splits: 58
Reward: 35950.3075433 Total splits: 76 Good splits: 72
Reward: 42089.5825439 Total splits: 75 Good splits: 73
Reward: 34096.3060438 Total splits: 74 Good splits: 70
Reward: 30401.2815079 Total splits: 71 Good splits: 64
Reward: 15633.2448527 Total splits: 75 Good splits: 71
Reward: 22345.276793 Total splits: 61 Good splits: 58
Reward: 36682.9948549 Total splits: 64 Good splits: 58
Reward: 37931.911011 Total splits: 75 Good splits: 70
Reward: 41459.7234522 Total splits: 79 Good splits: 76
Reward: 43564.4581517 Total splits: 69 Good splits: 66
Reward: 30202.6602892 Total splits: 66 Good splits: 62
Reward: 14977.2878282 Total splits: 79 Good splits: 73
Reward: 43700.330606 Total splits: 72 Good splits: 69
Reward: 36111.4127188 Total splits: 78 Good splits: 74
Reward: 35611.6261864 Total splits: 81 Good splits: 76
Reward: 19800.8609954 Total splits: 78 Good splits: 73
Reward: 41534.0421869 Total splits: 73 Good splits: 69
Reward: 36044.2042465 Total splits: 77 Good splits: 73
Reward: 32109.7510069 Total splits: 67 Good splits: 61
Reward: 35414.881749 Total splits: 68 Good splits: 66
Reward: 24971.8480966 Total splits: 72 Good splits: 66
Reward: 39254.1593271 Total splits: 77 Good splits: 73
Reward: 24512.4551994 Total splits: 70 Good splits: 64
Reward: 40726.9647051 Total splits: 68 Good splits: 66
Reward: 31587.6316508 Total splits: 68 Good splits: 64
Reward: 23556.1539061 Total splits: 71 Good splits: 66
Reward: 36419.5362058 Total splits: 71 Good splits: 69
Reward: 34930.9159694 Total splits: 66 Good splits: 62
Reward: 25624.0173834 Total splits: 70 Good splits: 65
Reward: 22950.5399033 Total splits: 73 Good splits: 70
Reward: 26795.4799477 Total splits: 68 Good splits: 60
Reward: 38138.0747278 Total splits: 79 Good splits: 72
Reward: 36305.5389496 Total splits: 73 Good splits: 69
Reward: 31162.1215258 Total splits: 77 Good splits: 72
Reward: 21752.9387048 Total splits: 72 Good splits: 68
Reward: 39184.2330761 Total splits: 69 Good splits: 67
Reward: 39040.6501243 Total splits: 73 Good splits: 72
Reward: 34698.7639203 Total splits: 71 Good splits: 69
Reward: 39600.57517 Total splits: 75 Good splits: 74
Reward: 33994.6835997 Total splits: 77 Good splits: 74
Reward: 43297.317048 Total splits: 71 Good splits: 71
Reward: 26651.9936161 Total splits: 64 Good splits: 59
Reward: 33935.5501037 Total splits: 73 Good splits: 70
Reward: 31415.2065549 Total splits: 72 Good splits: 65
Reward: 29467.0462455 Total splits: 77 Good splits: 73
Reward: 38204.7980627 Total splits: 72 Good splits: 70
Reward: 34495.0586772 Total splits: 79 Good splits: 72
Reward: 36976.7486524 Total splits: 69 Good splits: 65
Reward: 23064.9162989 Total splits: 69 Good splits: 65
Reward: 37244.3714588 Total splits: 76 Good splits: 71
Reward: 40206.0419945 Total splits: 72 Good splits: 70
Reward: 35637.9301387 Total splits: 74 Good splits: 71
Reward: 31094.5154502 Total splits: 80 Good splits: 77
Reward: 32945.6388697 Total splits: 77 Good splits: 73
Reward: 30083.540817 Total splits: 69 Good splits: 63
Reward: 41963.6649127 Total splits: 76 Good splits: 73
Reward: 28322.5470503 Total splits: 64 Good splits: 58
Reward: 29650.5421026 Total splits: 74 Good splits: 69
Reward: 43419.1720579 Total splits: 66 Good splits: 64
Reward: 36787.0503272 Total splits: 74 Good splits: 71
Reward: 43729.5764258 Total splits: 71 Good splits: 70
Reward: 25853.427225 Total splits: 64 Good splits: 60
Reward: 30446.7365193 Total splits: 67 Good splits: 61
Reward: 32911.6706694 Total splits: 80 Good splits: 74
Reward: 26751.7028335 Total splits: 67 Good splits: 62
Reward: 38454.9107171 Total splits: 71 Good splits: 65
Reward: 32456.1426303 Total splits: 74 Good splits: 69
Reward: 38292.1149331 Total splits: 75 Good splits: 70
Reward: 38333.7891584 Total splits: 72 Good splits: 69
Reward: 29683.3732207 Total splits: 68 Good splits: 59
Reward: 38108.7510676 Total splits: 75 Good splits: 71
Reward: 44234.3013119 Total splits: 82 Good splits: 79
Reward: 34292.630693 Total splits: 65 Good splits: 59
Reward: 33622.5258295 Total splits: 77 Good splits: 72
Reward: 39544.8346494 Total splits: 75 Good splits: 69
Reward: 41020.0120701 Total splits: 74 Good splits: 73
Reward: 28255.8813803 Total splits: 70 Good splits: 62
Reward: 23997.3049114 Total splits: 62 Good splits: 58
Reward: 33582.900204 Total splits: 69 Good splits: 64
Reward: 34707.1742872 Total splits: 74 Good splits: 70
Reward: 26567.6067071 Total splits: 63 Good splits: 62
Reward: 38307.0031029 Total splits: 80 Good splits: 78
Reward: 32697.9764612 Total splits: 69 Good splits: 65
Reward: 32107.0794032 Total splits: 72 Good splits: 69
Reward: 26968.8377641 Total splits: 64 Good splits: 58
Reward: 39023.8990974 Total splits: 75 Good splits: 68
Reward: 37971.2956646 Total splits: 75 Good splits: 70
Reward: 32909.8837162 Total splits: 79 Good splits: 75
Reward: 44851.1793527 Total splits: 73 Good splits: 71
Reward: 35935.2722617 Total splits: 72 Good splits: 67
Reward: 33977.7936519 Total splits: 73 Good splits: 70
Reward: 29609.1992066 Total splits: 79 Good splits: 74
Reward: 34403.3251121 Total splits: 78 Good splits: 77
Reward: 37511.4855341 Total splits: 73 Good splits: 71
Reward: 41013.1083679 Total splits: 67 Good splits: 61
Reward: 32421.3538367 Total splits: 68 Good splits: 64
Reward: 32408.9995198 Total splits: 77 Good splits: 73
Reward: 40366.5437854 Total splits: 76 Good splits: 73
Reward: 30320.8109523 Total splits: 71 Good splits: 69
Reward: 33717.7270936 Total splits: 76 Good splits: 72

Results after 200 tests
Average total rewards : 34028.7294753
Average total splits  : 72.33
Average good splits   : 68.26
Average good splits % : 94.3730125812

