Reward: 38559.0207605 Total splits: 94 Good splits: 88
Reward: 33981.0666514 Total splits: 81 Good splits: 74
Reward: 37128.4578997 Total splits: 83 Good splits: 76
Reward: 29470.9158754 Total splits: 97 Good splits: 85
Reward: 43318.7037643 Total splits: 100 Good splits: 93
Reward: 42160.388663 Total splits: 84 Good splits: 79
Reward: 37452.4030144 Total splits: 82 Good splits: 75
Reward: 33781.4240061 Total splits: 85 Good splits: 78
Reward: 40506.047464 Total splits: 85 Good splits: 79
Reward: 34308.6923699 Total splits: 108 Good splits: 100
Reward: 35973.3752869 Total splits: 100 Good splits: 93
Reward: 38693.0428338 Total splits: 88 Good splits: 78
Reward: 39015.6008949 Total splits: 96 Good splits: 86
Reward: 19419.9029712 Total splits: 90 Good splits: 76
Reward: 38210.1360691 Total splits: 100 Good splits: 90
Reward: 32199.4566856 Total splits: 84 Good splits: 75
Reward: 42239.2744745 Total splits: 91 Good splits: 80
Reward: 30069.5840432 Total splits: 99 Good splits: 83
Reward: 37519.5106183 Total splits: 98 Good splits: 91
Reward: 41134.0131438 Total splits: 91 Good splits: 85
Reward: 36467.9017747 Total splits: 91 Good splits: 81
Reward: 39751.8328375 Total splits: 93 Good splits: 89
Reward: 29442.5982603 Total splits: 78 Good splits: 73
Reward: 20633.6297167 Total splits: 80 Good splits: 74
Reward: 37092.0578536 Total splits: 87 Good splits: 78
Reward: 27859.0893899 Total splits: 87 Good splits: 77
Reward: 30595.456687 Total splits: 76 Good splits: 70
Reward: 43758.3792583 Total splits: 94 Good splits: 89
Reward: 38285.7695148 Total splits: 81 Good splits: 76
Reward: 35387.4667405 Total splits: 81 Good splits: 74
Reward: 41631.9639582 Total splits: 85 Good splits: 75
Reward: 19690.6093732 Total splits: 81 Good splits: 73
Reward: 40325.796643 Total splits: 108 Good splits: 95
Reward: 34929.1817104 Total splits: 94 Good splits: 89
Reward: 38226.2017621 Total splits: 98 Good splits: 89
Reward: 38378.5234297 Total splits: 97 Good splits: 85
Reward: 26457.8172376 Total splits: 94 Good splits: 82
Reward: 30152.9664126 Total splits: 79 Good splits: 67
Reward: 33252.7673191 Total splits: 92 Good splits: 87
Reward: 29644.5629074 Total splits: 84 Good splits: 76
Reward: 43680.2003347 Total splits: 92 Good splits: 84
Reward: 29225.4451622 Total splits: 113 Good splits: 109
Reward: 22169.4230095 Total splits: 96 Good splits: 82
Reward: 37290.4823399 Total splits: 73 Good splits: 66
Reward: 38623.1598538 Total splits: 85 Good splits: 78
Reward: 37427.0587284 Total splits: 93 Good splits: 85
Reward: 33303.9188518 Total splits: 79 Good splits: 70
Reward: 28460.4918459 Total splits: 85 Good splits: 76
Reward: 39427.6856835 Total splits: 103 Good splits: 93
Reward: 42674.3584272 Total splits: 100 Good splits: 90
Reward: 28734.3361055 Total splits: 84 Good splits: 76
Reward: 40251.1839089 Total splits: 97 Good splits: 87
Reward: 25160.2696663 Total splits: 94 Good splits: 86
Reward: 28034.9443114 Total splits: 78 Good splits: 71
Reward: 42377.0815731 Total splits: 105 Good splits: 98
Reward: 42019.74115 Total splits: 95 Good splits: 90
Reward: 22800.7629969 Total splits: 98 Good splits: 86
Reward: 25314.4763549 Total splits: 82 Good splits: 71
Reward: 41920.2558439 Total splits: 100 Good splits: 92
Reward: 32846.6322342 Total splits: 90 Good splits: 83
Reward: 25564.1731844 Total splits: 83 Good splits: 71
Reward: 31874.2633139 Total splits: 98 Good splits: 87
Reward: 22129.0699738 Total splits: 119 Good splits: 111
Reward: 34144.1815283 Total splits: 79 Good splits: 70
Reward: 31515.625856 Total splits: 91 Good splits: 81
Reward: 43485.7451676 Total splits: 92 Good splits: 86
Reward: 30200.3361535 Total splits: 85 Good splits: 80
Reward: 24043.2394804 Total splits: 89 Good splits: 78
Reward: 40254.728661 Total splits: 99 Good splits: 95
Reward: 38834.9154638 Total splits: 96 Good splits: 87
Reward: 29076.9775057 Total splits: 94 Good splits: 85
Reward: 34704.3157425 Total splits: 74 Good splits: 69
Reward: 37593.9534255 Total splits: 101 Good splits: 92
Reward: 31739.2798767 Total splits: 85 Good splits: 79
Reward: 30222.9713388 Total splits: 83 Good splits: 73
Reward: 36285.3714177 Total splits: 81 Good splits: 76
Reward: 37369.9629453 Total splits: 99 Good splits: 88
Reward: 43039.3323895 Total splits: 102 Good splits: 96
Reward: 31204.8505357 Total splits: 98 Good splits: 91
Reward: 40221.882787 Total splits: 87 Good splits: 77
Reward: 24783.3561565 Total splits: 91 Good splits: 78
Reward: 35007.3332436 Total splits: 77 Good splits: 73
Reward: 31098.1821366 Total splits: 82 Good splits: 73
Reward: 25905.8786964 Total splits: 89 Good splits: 79
Reward: 37565.0502621 Total splits: 97 Good splits: 89
Reward: 37974.5521914 Total splits: 84 Good splits: 79
Reward: 20866.0882369 Total splits: 81 Good splits: 73
Reward: 37699.6772149 Total splits: 80 Good splits: 72
Reward: 40607.5207429 Total splits: 95 Good splits: 88
Reward: 30883.6147245 Total splits: 83 Good splits: 76
Reward: 27970.7964961 Total splits: 79 Good splits: 73
Reward: 38661.6533571 Total splits: 107 Good splits: 95
Reward: 40512.1203289 Total splits: 83 Good splits: 78
Reward: 37654.8152948 Total splits: 85 Good splits: 76
Reward: 39574.566871 Total splits: 94 Good splits: 85
Reward: 40369.7160463 Total splits: 99 Good splits: 92
Reward: 37450.7089846 Total splits: 103 Good splits: 96
Reward: 38874.6807111 Total splits: 89 Good splits: 79
Reward: 39131.4111945 Total splits: 101 Good splits: 93
Reward: 31840.2310764 Total splits: 81 Good splits: 74
Reward: 37193.7085335 Total splits: 93 Good splits: 89
Reward: 33700.3798397 Total splits: 96 Good splits: 81
Reward: 33004.0503182 Total splits: 99 Good splits: 96
Reward: 40932.7744762 Total splits: 84 Good splits: 80
Reward: 33304.3751924 Total splits: 102 Good splits: 94
Reward: 39902.3914984 Total splits: 86 Good splits: 78
Reward: 33476.848086 Total splits: 97 Good splits: 82
Reward: 41596.6725187 Total splits: 93 Good splits: 85
Reward: 33335.8525864 Total splits: 86 Good splits: 76
Reward: 37031.3078069 Total splits: 102 Good splits: 91
Reward: 38153.1974672 Total splits: 87 Good splits: 81
Reward: 29483.8624597 Total splits: 82 Good splits: 78
Reward: 31640.8774973 Total splits: 89 Good splits: 82
Reward: 33447.6956899 Total splits: 92 Good splits: 84
Reward: 35661.6352163 Total splits: 109 Good splits: 100
Reward: 40229.2699947 Total splits: 104 Good splits: 97
Reward: 38046.0620555 Total splits: 92 Good splits: 79
Reward: 30989.0332998 Total splits: 99 Good splits: 91
Reward: 39877.0736528 Total splits: 94 Good splits: 89
Reward: 35693.1698901 Total splits: 90 Good splits: 85
Reward: 40747.88374 Total splits: 97 Good splits: 89
Reward: 43753.335872 Total splits: 90 Good splits: 83
Reward: 38691.1622543 Total splits: 77 Good splits: 71
Reward: 41739.0241916 Total splits: 95 Good splits: 84
Reward: 25338.3425173 Total splits: 83 Good splits: 74
Reward: 41031.9255039 Total splits: 95 Good splits: 89
Reward: 30198.7656132 Total splits: 90 Good splits: 84
Reward: 31641.7628915 Total splits: 77 Good splits: 68
Reward: 34111.1070772 Total splits: 89 Good splits: 79
Reward: 36822.3401158 Total splits: 89 Good splits: 80
Reward: 34917.0977248 Total splits: 97 Good splits: 93
Reward: 36568.6563196 Total splits: 96 Good splits: 82
Reward: 25923.1333394 Total splits: 79 Good splits: 73
Reward: 46965.7608177 Total splits: 91 Good splits: 90
Reward: 39796.8879311 Total splits: 87 Good splits: 82
Reward: 27393.9810688 Total splits: 82 Good splits: 75
Reward: 27876.5116569 Total splits: 100 Good splits: 91
Reward: 31414.1315482 Total splits: 74 Good splits: 70
Reward: 28268.1010099 Total splits: 94 Good splits: 82
Reward: 40521.6547799 Total splits: 98 Good splits: 89
Reward: 35208.6632102 Total splits: 83 Good splits: 78
Reward: 29360.4973898 Total splits: 70 Good splits: 64
Reward: 15014.3582126 Total splits: 95 Good splits: 84
Reward: 44249.8867509 Total splits: 88 Good splits: 81
Reward: 24826.2938744 Total splits: 99 Good splits: 90
Reward: 42019.1702011 Total splits: 88 Good splits: 79
Reward: 24684.3276722 Total splits: 93 Good splits: 84
Reward: 42104.865038 Total splits: 90 Good splits: 83
Reward: 39887.2999447 Total splits: 95 Good splits: 90
Reward: 30909.452393 Total splits: 90 Good splits: 84
Reward: 29494.262817 Total splits: 82 Good splits: 66
Reward: 37063.8737326 Total splits: 99 Good splits: 93
Reward: 38303.3964922 Total splits: 97 Good splits: 89
Reward: 41960.1137033 Total splits: 90 Good splits: 84
Reward: 40326.6796137 Total splits: 101 Good splits: 92
Reward: 21415.435074 Total splits: 82 Good splits: 75
Reward: 29729.8767955 Total splits: 102 Good splits: 95
Reward: 40393.0643411 Total splits: 100 Good splits: 96
Reward: 36274.0187216 Total splits: 106 Good splits: 96
Reward: 40012.2270991 Total splits: 91 Good splits: 80
Reward: 42756.4031649 Total splits: 93 Good splits: 83
Reward: 34597.945613 Total splits: 96 Good splits: 90
Reward: 18415.6111125 Total splits: 87 Good splits: 76
Reward: 25670.4880648 Total splits: 103 Good splits: 95
Reward: 21366.644464 Total splits: 75 Good splits: 66
Reward: 40522.8044652 Total splits: 86 Good splits: 81
Reward: 37431.3408792 Total splits: 94 Good splits: 84
Reward: 23999.7243542 Total splits: 98 Good splits: 88
Reward: 26895.078485 Total splits: 72 Good splits: 66
Reward: 38332.7784008 Total splits: 88 Good splits: 80
Reward: 37243.8858275 Total splits: 106 Good splits: 95
Reward: 32571.0334228 Total splits: 77 Good splits: 71
Reward: 30350.3297753 Total splits: 89 Good splits: 78
Reward: 31624.2575939 Total splits: 101 Good splits: 94
Reward: 29341.3061555 Total splits: 89 Good splits: 82
Reward: 24049.0459824 Total splits: 101 Good splits: 91
Reward: 42193.1620004 Total splits: 97 Good splits: 89
Reward: 25010.7627187 Total splits: 97 Good splits: 88
Reward: 41892.9422833 Total splits: 99 Good splits: 92
Reward: 39183.1496713 Total splits: 88 Good splits: 76
Reward: 23257.9704658 Total splits: 99 Good splits: 90
Reward: 39072.7401663 Total splits: 88 Good splits: 81
Reward: 34292.7242808 Total splits: 95 Good splits: 89
Reward: 34761.783021 Total splits: 78 Good splits: 72
Reward: 40604.8780367 Total splits: 83 Good splits: 80
Reward: 42826.9555067 Total splits: 96 Good splits: 91
Reward: 29919.4497031 Total splits: 83 Good splits: 69
Reward: 35204.5981014 Total splits: 91 Good splits: 80
Reward: 34302.811928 Total splits: 94 Good splits: 88
Reward: 41537.217426 Total splits: 107 Good splits: 89
Reward: 32209.4843496 Total splits: 91 Good splits: 81
Reward: 32136.9915575 Total splits: 94 Good splits: 83
Reward: 26085.9816627 Total splits: 82 Good splits: 74
Reward: 35651.5028164 Total splits: 80 Good splits: 73
Reward: 43597.8085747 Total splits: 98 Good splits: 94
Reward: 22911.2529162 Total splits: 95 Good splits: 83
Reward: 43772.5205454 Total splits: 87 Good splits: 79
Reward: 38384.7768213 Total splits: 101 Good splits: 93
Reward: 25226.1550492 Total splits: 74 Good splits: 66
Reward: 35657.5994345 Total splits: 103 Good splits: 93

Results after 200 tests
Average total rewards : 34426.5404665
Average total splits  : 91.025
Average good splits   : 82.855
Average good splits % : 91.0244438341

Reward: 33037.6751874 Total splits: 96 Good splits: 89
Reward: 26943.3802092 Total splits: 79 Good splits: 71
Reward: 37932.3432925 Total splits: 100 Good splits: 96
Reward: 38333.4075431 Total splits: 87 Good splits: 82
Reward: 20607.4706347 Total splits: 99 Good splits: 91
Reward: 35421.6778841 Total splits: 85 Good splits: 78
Reward: 42046.4923364 Total splits: 98 Good splits: 89
Reward: 38740.2703463 Total splits: 98 Good splits: 86
Reward: 31083.0473528 Total splits: 82 Good splits: 77
Reward: 37771.9378794 Total splits: 97 Good splits: 91
Reward: 24559.2606275 Total splits: 88 Good splits: 82
Reward: 29871.6346477 Total splits: 87 Good splits: 79
Reward: 36766.8112949 Total splits: 90 Good splits: 80
Reward: 35334.1314401 Total splits: 89 Good splits: 77
Reward: 36241.1119693 Total splits: 99 Good splits: 89
Reward: 34495.2588331 Total splits: 94 Good splits: 82
Reward: 36725.8113782 Total splits: 94 Good splits: 89
Reward: 28079.4041469 Total splits: 95 Good splits: 86
Reward: 41690.6596214 Total splits: 95 Good splits: 91
Reward: 29428.6326512 Total splits: 75 Good splits: 64
Reward: 42067.0583689 Total splits: 92 Good splits: 84
Reward: 27996.4614158 Total splits: 97 Good splits: 86
Reward: 37974.1977153 Total splits: 96 Good splits: 85
Reward: 39451.4979813 Total splits: 86 Good splits: 82
Reward: 42568.0551961 Total splits: 104 Good splits: 94
Reward: 35201.6337374 Total splits: 105 Good splits: 97
Reward: 40679.714177 Total splits: 99 Good splits: 94
Reward: 42234.2339207 Total splits: 108 Good splits: 104
Reward: 40233.9097884 Total splits: 83 Good splits: 78
Reward: 33935.1887753 Total splits: 75 Good splits: 71
Reward: 34860.213297 Total splits: 99 Good splits: 94
Reward: 26357.2240347 Total splits: 79 Good splits: 71
Reward: 33105.607252 Total splits: 99 Good splits: 94
Reward: 29512.2331561 Total splits: 86 Good splits: 75
Reward: 34943.4844683 Total splits: 103 Good splits: 94
Reward: 23092.3340227 Total splits: 94 Good splits: 87
Reward: 16247.2825788 Total splits: 76 Good splits: 66
Reward: 36712.539323 Total splits: 91 Good splits: 78
Reward: 38635.956374 Total splits: 83 Good splits: 79
Reward: 35111.6909754 Total splits: 88 Good splits: 78
Reward: 36504.0705657 Total splits: 104 Good splits: 97
Reward: 36395.8585515 Total splits: 103 Good splits: 93
Reward: 41670.6231685 Total splits: 87 Good splits: 82
Reward: 36655.887298 Total splits: 89 Good splits: 83
Reward: 37766.2981285 Total splits: 106 Good splits: 99
Reward: 31156.1952574 Total splits: 88 Good splits: 83
Reward: 43159.5709151 Total splits: 100 Good splits: 93
Reward: 39836.5821261 Total splits: 86 Good splits: 80
Reward: 28052.7647998 Total splits: 76 Good splits: 70
Reward: 25347.1771243 Total splits: 104 Good splits: 93
Reward: 35311.9407878 Total splits: 97 Good splits: 88
Reward: 29485.0688405 Total splits: 78 Good splits: 69
Reward: 26247.7461017 Total splits: 81 Good splits: 72
Reward: 24040.8449308 Total splits: 72 Good splits: 64
Reward: 35666.9730941 Total splits: 80 Good splits: 72
Reward: 38014.8657715 Total splits: 88 Good splits: 81
Reward: 34068.9342018 Total splits: 106 Good splits: 94
Reward: 26943.0443955 Total splits: 96 Good splits: 78
Reward: 39701.3556863 Total splits: 90 Good splits: 80
Reward: 35784.4253593 Total splits: 99 Good splits: 92
Reward: 33669.5182995 Total splits: 78 Good splits: 72
Reward: 35763.0262059 Total splits: 99 Good splits: 90
Reward: 33023.8991854 Total splits: 72 Good splits: 68
Reward: 31494.3896275 Total splits: 99 Good splits: 87
Reward: 40513.8658454 Total splits: 91 Good splits: 80
Reward: 43611.8221778 Total splits: 95 Good splits: 91
Reward: 35073.7434722 Total splits: 96 Good splits: 83
Reward: 39706.98001 Total splits: 92 Good splits: 87
Reward: 36745.8929974 Total splits: 73 Good splits: 65
Reward: 34969.4243778 Total splits: 98 Good splits: 89
Reward: 36144.511003 Total splits: 92 Good splits: 82
Reward: 33706.9437367 Total splits: 94 Good splits: 89
Reward: 33899.3496808 Total splits: 94 Good splits: 84
Reward: 23377.1587986 Total splits: 83 Good splits: 75
Reward: 37074.8719864 Total splits: 97 Good splits: 83
Reward: 40293.708225 Total splits: 102 Good splits: 92
Reward: 40822.2784861 Total splits: 91 Good splits: 83
Reward: 37082.2072972 Total splits: 96 Good splits: 86
Reward: 29323.6229275 Total splits: 93 Good splits: 83
Reward: 39394.9563787 Total splits: 99 Good splits: 96
Reward: 38038.3554231 Total splits: 91 Good splits: 82
Reward: 21970.0286919 Total splits: 82 Good splits: 72
Reward: 46771.6059529 Total splits: 94 Good splits: 91
Reward: 39265.5584726 Total splits: 87 Good splits: 81
Reward: 37754.268509 Total splits: 97 Good splits: 84
Reward: 27113.631726 Total splits: 72 Good splits: 59
Reward: 30236.0017588 Total splits: 85 Good splits: 76
Reward: 38874.4506576 Total splits: 87 Good splits: 83
Reward: 29436.0439574 Total splits: 91 Good splits: 85
Reward: 39452.0317595 Total splits: 98 Good splits: 87
Reward: 36977.8161263 Total splits: 93 Good splits: 87
Reward: 38135.6716483 Total splits: 89 Good splits: 82
Reward: 43901.7682038 Total splits: 89 Good splits: 84
Reward: 38105.5268641 Total splits: 94 Good splits: 87
Reward: 36945.183975 Total splits: 89 Good splits: 84
Reward: 29973.1725197 Total splits: 113 Good splits: 99
Reward: 22779.432069 Total splits: 84 Good splits: 77
Reward: 39049.2400662 Total splits: 84 Good splits: 78
Reward: 33294.1437757 Total splits: 103 Good splits: 95
Reward: 33154.7832797 Total splits: 88 Good splits: 79
Reward: 38309.3590675 Total splits: 91 Good splits: 85
Reward: 29167.2626369 Total splits: 97 Good splits: 88
Reward: 35793.5239378 Total splits: 84 Good splits: 75
Reward: 25515.2198634 Total splits: 80 Good splits: 73
Reward: 36339.0588993 Total splits: 97 Good splits: 91
Reward: 44512.8991701 Total splits: 93 Good splits: 85
Reward: 43797.0973494 Total splits: 99 Good splits: 95
Reward: 30148.5844403 Total splits: 92 Good splits: 80
Reward: 36907.7111043 Total splits: 80 Good splits: 74
Reward: 30937.3323359 Total splits: 91 Good splits: 83
Reward: 29345.5073087 Total splits: 91 Good splits: 81
Reward: 32447.7701484 Total splits: 82 Good splits: 77
Reward: 38184.2823879 Total splits: 107 Good splits: 98
Reward: 37473.2209704 Total splits: 103 Good splits: 96
Reward: 35411.4475006 Total splits: 83 Good splits: 78
Reward: 31294.2046142 Total splits: 100 Good splits: 90
Reward: 38981.0924443 Total splits: 104 Good splits: 95
Reward: 12117.0205949 Total splits: 89 Good splits: 78
Reward: 36355.9575972 Total splits: 77 Good splits: 71
Reward: 39012.611073 Total splits: 82 Good splits: 75
Reward: 35600.9339025 Total splits: 93 Good splits: 88
Reward: 40949.8796441 Total splits: 102 Good splits: 95
Reward: 39295.7653321 Total splits: 91 Good splits: 85
Reward: 42025.1894894 Total splits: 90 Good splits: 82
Reward: 39872.8499607 Total splits: 97 Good splits: 86
Reward: 33445.7597648 Total splits: 87 Good splits: 79
Reward: 37854.2835691 Total splits: 111 Good splits: 101
Reward: 29118.4991033 Total splits: 90 Good splits: 79
Reward: 33785.6847822 Total splits: 88 Good splits: 80
Reward: 40772.1580657 Total splits: 87 Good splits: 82
Reward: 40709.0550793 Total splits: 97 Good splits: 93
Reward: 23105.7149287 Total splits: 77 Good splits: 63
Reward: 42050.4991343 Total splits: 99 Good splits: 91
Reward: 41722.5844993 Total splits: 87 Good splits: 78
Reward: 35747.2635858 Total splits: 86 Good splits: 74
Reward: 28085.7076837 Total splits: 89 Good splits: 78
Reward: 40220.5133017 Total splits: 102 Good splits: 94
Reward: 24026.9928846 Total splits: 80 Good splits: 73
Reward: 26265.2364345 Total splits: 76 Good splits: 71
Reward: 23159.3952865 Total splits: 75 Good splits: 69
Reward: 28201.5228926 Total splits: 87 Good splits: 77
Reward: 40772.7948417 Total splits: 102 Good splits: 88
Reward: 39585.4821358 Total splits: 92 Good splits: 83
Reward: 38219.1746615 Total splits: 98 Good splits: 89
Reward: 32037.7579241 Total splits: 78 Good splits: 70
Reward: 33445.5017977 Total splits: 97 Good splits: 88
Reward: 40765.9430801 Total splits: 99 Good splits: 90
Reward: 39708.4613968 Total splits: 103 Good splits: 93
Reward: 23385.5829099 Total splits: 98 Good splits: 92
Reward: 42074.1598259 Total splits: 93 Good splits: 87
Reward: 35414.1458805 Total splits: 88 Good splits: 79
Reward: 34174.9647654 Total splits: 82 Good splits: 75
Reward: 39824.0011214 Total splits: 100 Good splits: 93
Reward: 45897.4020371 Total splits: 95 Good splits: 85
Reward: 38784.6091575 Total splits: 87 Good splits: 80
Reward: 38938.3546793 Total splits: 88 Good splits: 80
Reward: 25244.2047249 Total splits: 86 Good splits: 75
Reward: 18220.6914178 Total splits: 95 Good splits: 83
Reward: 27977.6442858 Total splits: 90 Good splits: 80
Reward: 28569.9012585 Total splits: 94 Good splits: 84
Reward: 28939.7240362 Total splits: 93 Good splits: 80
Reward: 35509.7805091 Total splits: 85 Good splits: 78
Reward: 29165.1960182 Total splits: 97 Good splits: 87
Reward: 36765.3539514 Total splits: 82 Good splits: 76
Reward: 39821.6901851 Total splits: 94 Good splits: 85
Reward: 43134.2925627 Total splits: 101 Good splits: 94
Reward: 31634.6283301 Total splits: 105 Good splits: 90
Reward: 31126.5559843 Total splits: 89 Good splits: 82
Reward: 37525.6809966 Total splits: 88 Good splits: 82
Reward: 36698.1144579 Total splits: 80 Good splits: 74
Reward: 31520.7010552 Total splits: 86 Good splits: 82
Reward: 40233.5022411 Total splits: 108 Good splits: 96
Reward: 37918.3718752 Total splits: 90 Good splits: 84
Reward: 30258.8916787 Total splits: 94 Good splits: 91
Reward: 43444.7568433 Total splits: 109 Good splits: 101
Reward: 38659.8269575 Total splits: 97 Good splits: 87
Reward: 41299.2066051 Total splits: 92 Good splits: 82
Reward: 36328.7785786 Total splits: 110 Good splits: 100
Reward: 30288.1631126 Total splits: 88 Good splits: 82
Reward: 41501.2595569 Total splits: 97 Good splits: 90
Reward: 15237.9067889 Total splits: 75 Good splits: 65
Reward: 34925.9388151 Total splits: 86 Good splits: 76
Reward: 35506.9648491 Total splits: 87 Good splits: 76
Reward: 36230.3070446 Total splits: 84 Good splits: 79
Reward: 37057.1512521 Total splits: 80 Good splits: 73
Reward: 41813.0882467 Total splits: 89 Good splits: 79
Reward: 19244.0383973 Total splits: 83 Good splits: 73
Reward: 40913.9581184 Total splits: 100 Good splits: 92
Reward: 38371.6962209 Total splits: 80 Good splits: 73
Reward: 43107.957128 Total splits: 96 Good splits: 89
Reward: 33540.0162573 Total splits: 84 Good splits: 77
Reward: 37085.3666207 Total splits: 77 Good splits: 72
Reward: 31897.3233571 Total splits: 104 Good splits: 95
Reward: 28872.3683203 Total splits: 100 Good splits: 90
Reward: 26591.7963581 Total splits: 86 Good splits: 78
Reward: 36297.8716576 Total splits: 93 Good splits: 85
Reward: 27334.1916877 Total splits: 84 Good splits: 74
Reward: 30421.9239845 Total splits: 91 Good splits: 82
Reward: 39921.7822483 Total splits: 100 Good splits: 89
Reward: 35056.0654781 Total splits: 87 Good splits: 83

Results after 200 tests
Average total rewards : 34635.3583407
Average total splits  : 91.365
Average good splits   : 83.215
Average good splits % : 91.0797351283

Reward: 44841.7856706 Total splits: 87 Good splits: 80
Reward: 35572.849 Total splits: 96 Good splits: 88
Reward: 39195.0118748 Total splits: 98 Good splits: 87
Reward: 32509.4346356 Total splits: 92 Good splits: 88
Reward: 35915.3358134 Total splits: 89 Good splits: 79
Reward: 25119.6757239 Total splits: 97 Good splits: 86
Reward: 37306.5530675 Total splits: 97 Good splits: 90
Reward: 40452.5060729 Total splits: 87 Good splits: 78
Reward: 31979.4149312 Total splits: 99 Good splits: 88
Reward: 33271.3332082 Total splits: 89 Good splits: 83
Reward: 36904.6924147 Total splits: 96 Good splits: 88
Reward: 35086.5287463 Total splits: 86 Good splits: 80
Reward: 35417.1802178 Total splits: 99 Good splits: 90
Reward: 22935.3407329 Total splits: 85 Good splits: 79
Reward: 39765.1969997 Total splits: 103 Good splits: 95
Reward: 34882.8422038 Total splits: 91 Good splits: 82
Reward: 25967.4714098 Total splits: 108 Good splits: 94
Reward: 26001.9309416 Total splits: 72 Good splits: 59
Reward: 26278.5559535 Total splits: 87 Good splits: 78
Reward: 37291.0949548 Total splits: 103 Good splits: 92
Reward: 36478.1312052 Total splits: 99 Good splits: 85
Reward: 38240.7921193 Total splits: 95 Good splits: 87
Reward: 39577.8342551 Total splits: 87 Good splits: 80
Reward: 39336.1222684 Total splits: 103 Good splits: 93
Reward: 29881.4768019 Total splits: 72 Good splits: 65
Reward: 39662.0353862 Total splits: 90 Good splits: 78
Reward: 24034.184045 Total splits: 86 Good splits: 75
Reward: 29702.5922405 Total splits: 81 Good splits: 74
Reward: 36445.7508957 Total splits: 90 Good splits: 82
Reward: 25094.9200725 Total splits: 98 Good splits: 90
Reward: 12164.797438 Total splits: 71 Good splits: 64
Reward: 38187.8199741 Total splits: 98 Good splits: 92
Reward: 28647.6868938 Total splits: 96 Good splits: 84
Reward: 37428.3368111 Total splits: 103 Good splits: 98
Reward: 30735.7781756 Total splits: 85 Good splits: 80
Reward: 37720.141336 Total splits: 93 Good splits: 84
Reward: 28957.9530486 Total splits: 102 Good splits: 91
Reward: 35664.6591136 Total splits: 101 Good splits: 93
Reward: 38693.3106715 Total splits: 89 Good splits: 81
Reward: 37697.3753652 Total splits: 80 Good splits: 69
Reward: 18393.9873384 Total splits: 77 Good splits: 70
Reward: 41575.252297 Total splits: 101 Good splits: 86
Reward: 34623.1943918 Total splits: 94 Good splits: 85
Reward: 31408.6937774 Total splits: 99 Good splits: 89
Reward: 33593.0596007 Total splits: 102 Good splits: 90
Reward: 30228.9163043 Total splits: 104 Good splits: 94
Reward: 35303.2489227 Total splits: 95 Good splits: 91
Reward: 28618.9628522 Total splits: 96 Good splits: 86
Reward: 25801.5192896 Total splits: 102 Good splits: 91
Reward: 30597.5054107 Total splits: 93 Good splits: 87
Reward: 37196.8168063 Total splits: 104 Good splits: 96
Reward: 38146.5711175 Total splits: 99 Good splits: 92
Reward: 34234.316096 Total splits: 82 Good splits: 75
Reward: 34233.9730296 Total splits: 91 Good splits: 80
Reward: 39202.9624123 Total splits: 101 Good splits: 92
Reward: 37176.4415661 Total splits: 97 Good splits: 88
Reward: 37405.7183822 Total splits: 79 Good splits: 69
Reward: 27776.6558738 Total splits: 86 Good splits: 79
Reward: 32772.7177437 Total splits: 82 Good splits: 73
Reward: 40282.1374083 Total splits: 100 Good splits: 92
Reward: 45132.7345815 Total splits: 91 Good splits: 81
Reward: 29528.6503557 Total splits: 95 Good splits: 88
Reward: 33808.8090621 Total splits: 107 Good splits: 99
Reward: 34569.5577302 Total splits: 103 Good splits: 96
Reward: 36780.236309 Total splits: 91 Good splits: 84
Reward: 34445.8360337 Total splits: 98 Good splits: 88
Reward: 35167.7357339 Total splits: 81 Good splits: 73
Reward: 41521.2152453 Total splits: 80 Good splits: 74
Reward: 25098.9517637 Total splits: 79 Good splits: 74
Reward: 41640.0084439 Total splits: 96 Good splits: 85
Reward: 31296.6959903 Total splits: 77 Good splits: 74
Reward: 33623.7936054 Total splits: 95 Good splits: 88
Reward: 39571.4985677 Total splits: 95 Good splits: 85
Reward: 40249.1154571 Total splits: 96 Good splits: 85
Reward: 43061.8066461 Total splits: 84 Good splits: 79
Reward: 41575.5267307 Total splits: 86 Good splits: 81
Reward: 39975.0791333 Total splits: 96 Good splits: 89
Reward: 28919.3596218 Total splits: 85 Good splits: 75
Reward: 46230.0676531 Total splits: 95 Good splits: 89
Reward: 37553.4834449 Total splits: 90 Good splits: 84
Reward: 30797.931145 Total splits: 91 Good splits: 78
Reward: 28640.0797769 Total splits: 80 Good splits: 70
Reward: 18212.977885 Total splits: 74 Good splits: 65
Reward: 37922.0927126 Total splits: 98 Good splits: 91
Reward: 43250.6467769 Total splits: 86 Good splits: 81
Reward: 34943.559658 Total splits: 101 Good splits: 88
Reward: 35961.2875709 Total splits: 108 Good splits: 98
Reward: 27329.4370307 Total splits: 81 Good splits: 75
Reward: 29659.6648261 Total splits: 104 Good splits: 94
Reward: 31593.9741007 Total splits: 102 Good splits: 89
Reward: 39184.9632202 Total splits: 92 Good splits: 88
Reward: 41276.9786046 Total splits: 95 Good splits: 88
Reward: 36338.6553942 Total splits: 84 Good splits: 78
Reward: 32441.592368 Total splits: 107 Good splits: 98
Reward: 38604.4142624 Total splits: 88 Good splits: 82
Reward: 35394.4702581 Total splits: 88 Good splits: 79
Reward: 42307.8961613 Total splits: 96 Good splits: 88
Reward: 32909.289007 Total splits: 76 Good splits: 72
Reward: 40245.7103064 Total splits: 93 Good splits: 82
Reward: 30924.5976276 Total splits: 95 Good splits: 87
Reward: 35289.2099741 Total splits: 93 Good splits: 89
Reward: 14332.0804189 Total splits: 72 Good splits: 66
Reward: 39441.3233006 Total splits: 94 Good splits: 86
Reward: 37853.7984577 Total splits: 93 Good splits: 86
Reward: 32217.1971512 Total splits: 103 Good splits: 91
Reward: 35034.8234651 Total splits: 72 Good splits: 66
Reward: 37541.9491003 Total splits: 98 Good splits: 87
Reward: 32926.9842589 Total splits: 93 Good splits: 83
Reward: 28873.2995428 Total splits: 98 Good splits: 87
Reward: 30389.060247 Total splits: 87 Good splits: 76
Reward: 29965.8007064 Total splits: 107 Good splits: 98
Reward: 36069.4569728 Total splits: 79 Good splits: 68
Reward: 39846.6358615 Total splits: 107 Good splits: 97
Reward: 34621.3816705 Total splits: 108 Good splits: 98
Reward: 36954.5508877 Total splits: 107 Good splits: 96
Reward: 35057.0402009 Total splits: 93 Good splits: 81
Reward: 42904.3418543 Total splits: 82 Good splits: 77
Reward: 38031.6012727 Total splits: 85 Good splits: 81
Reward: 29567.8575217 Total splits: 93 Good splits: 86
Reward: 43085.0035764 Total splits: 92 Good splits: 86
Reward: 35908.0119747 Total splits: 82 Good splits: 76
Reward: 27263.555731 Total splits: 87 Good splits: 78
Reward: 44678.4480727 Total splits: 86 Good splits: 80
Reward: 42876.3283983 Total splits: 88 Good splits: 81
Reward: 29839.3298133 Total splits: 98 Good splits: 93
Reward: 40595.4020545 Total splits: 104 Good splits: 96
Reward: 41906.316604 Total splits: 90 Good splits: 83
Reward: 38390.3318763 Total splits: 96 Good splits: 88
Reward: 24063.3140438 Total splits: 81 Good splits: 72
Reward: 41582.080613 Total splits: 98 Good splits: 90
Reward: 40826.0016158 Total splits: 93 Good splits: 87
Reward: 33442.1980115 Total splits: 84 Good splits: 76
Reward: 30225.1018778 Total splits: 77 Good splits: 64
Reward: 38091.679407 Total splits: 98 Good splits: 91
Reward: 39807.775567 Total splits: 89 Good splits: 80
Reward: 26551.0897541 Total splits: 75 Good splits: 66
Reward: 31437.6962886 Total splits: 102 Good splits: 92
Reward: 44315.4226251 Total splits: 93 Good splits: 85
Reward: 43290.8197466 Total splits: 100 Good splits: 91
Reward: 40148.2436805 Total splits: 96 Good splits: 87
Reward: 35451.7637882 Total splits: 79 Good splits: 71
Reward: 39756.1949737 Total splits: 112 Good splits: 107
Reward: 32546.5605938 Total splits: 107 Good splits: 103
Reward: 44699.5936404 Total splits: 89 Good splits: 84
Reward: 36691.0410331 Total splits: 94 Good splits: 85
Reward: 38804.4448255 Total splits: 87 Good splits: 82
Reward: 37598.3580273 Total splits: 104 Good splits: 95
Reward: 27070.6896404 Total splits: 74 Good splits: 67
Reward: 38016.5050405 Total splits: 100 Good splits: 93
Reward: 33124.4026226 Total splits: 99 Good splits: 88
Reward: 39458.3875583 Total splits: 105 Good splits: 93
Reward: 25993.0903875 Total splits: 88 Good splits: 76
Reward: 41694.287495 Total splits: 92 Good splits: 82
Reward: 42514.072341 Total splits: 103 Good splits: 95
Reward: 30154.1371575 Total splits: 98 Good splits: 87
Reward: 41494.991679 Total splits: 102 Good splits: 93
Reward: 31369.9372933 Total splits: 96 Good splits: 88
Reward: 40204.4441002 Total splits: 98 Good splits: 92
Reward: 31247.52508 Total splits: 91 Good splits: 77
Reward: 39536.0781158 Total splits: 97 Good splits: 88
Reward: 28680.5028846 Total splits: 90 Good splits: 83
Reward: 31736.3703318 Total splits: 75 Good splits: 68
Reward: 22049.0532009 Total splits: 70 Good splits: 61
Reward: 29707.2189858 Total splits: 96 Good splits: 85
Reward: 25620.2474431 Total splits: 82 Good splits: 74
Reward: 39265.3810247 Total splits: 92 Good splits: 84
Reward: 43616.993821 Total splits: 99 Good splits: 91
Reward: 22503.7891268 Total splits: 91 Good splits: 83
Reward: 41581.3833425 Total splits: 91 Good splits: 83
Reward: 31794.4020924 Total splits: 91 Good splits: 84
Reward: 29406.5995215 Total splits: 88 Good splits: 78
Reward: 45319.3873017 Total splits: 91 Good splits: 87
Reward: 28451.0916812 Total splits: 101 Good splits: 96
Reward: 15054.1677493 Total splits: 96 Good splits: 83
Reward: 31463.6895066 Total splits: 88 Good splits: 81
Reward: 26736.3350971 Total splits: 87 Good splits: 74
Reward: 40430.8433957 Total splits: 100 Good splits: 87
Reward: 32783.4964073 Total splits: 82 Good splits: 73
Reward: 35922.2344346 Total splits: 98 Good splits: 90
Reward: 36444.7894432 Total splits: 87 Good splits: 79
Reward: 43503.8923396 Total splits: 83 Good splits: 77
Reward: 37173.2698287 Total splits: 87 Good splits: 78
Reward: 43291.0521229 Total splits: 90 Good splits: 84
Reward: 37519.4856632 Total splits: 95 Good splits: 85
Reward: 34260.0863135 Total splits: 96 Good splits: 88
Reward: 30605.0876911 Total splits: 95 Good splits: 86
Reward: 39264.3682723 Total splits: 103 Good splits: 91
Reward: 38010.2943012 Total splits: 73 Good splits: 69
Reward: 36530.9363934 Total splits: 101 Good splits: 90
Reward: 26347.2167129 Total splits: 100 Good splits: 93
Reward: 34582.8933034 Total splits: 100 Good splits: 90
Reward: 22995.6432217 Total splits: 91 Good splits: 81
Reward: 27502.0941476 Total splits: 86 Good splits: 76
Reward: 34595.5574061 Total splits: 81 Good splits: 74
Reward: 39109.3156198 Total splits: 94 Good splits: 89
Reward: 34537.6896917 Total splits: 82 Good splits: 79
Reward: 39049.8963665 Total splits: 95 Good splits: 91
Reward: 37397.6640279 Total splits: 95 Good splits: 88
Reward: 30332.5059396 Total splits: 101 Good splits: 92
Reward: 28939.5748227 Total splits: 80 Good splits: 75

Results after 200 tests
Average total rewards : 34620.4750734
Average total splits  : 92.17
Average good splits   : 83.815
Average good splits % : 90.9352283823

Reward: 26673.1642823 Total splits: 70 Good splits: 64
Reward: 37297.2077424 Total splits: 97 Good splits: 90
Reward: 29587.4345916 Total splits: 88 Good splits: 75
Reward: 34899.6278301 Total splits: 92 Good splits: 85
Reward: 40155.573289 Total splits: 99 Good splits: 87
Reward: 36373.2563857 Total splits: 86 Good splits: 82
Reward: 43758.2377526 Total splits: 91 Good splits: 85
Reward: 20472.5542682 Total splits: 78 Good splits: 70
Reward: 28952.0627885 Total splits: 76 Good splits: 71
Reward: 26717.930098 Total splits: 89 Good splits: 76
Reward: 29313.6422811 Total splits: 73 Good splits: 67
Reward: 36925.5931547 Total splits: 93 Good splits: 85
Reward: 24328.2375483 Total splits: 92 Good splits: 78
Reward: 27476.3144669 Total splits: 95 Good splits: 84
Reward: 29943.4447972 Total splits: 73 Good splits: 65
Reward: 37331.0826698 Total splits: 98 Good splits: 92
Reward: 20190.6485036 Total splits: 80 Good splits: 73
Reward: 35178.8151844 Total splits: 104 Good splits: 94
Reward: 23472.6487909 Total splits: 65 Good splits: 58
Reward: 29384.9220828 Total splits: 97 Good splits: 89
Reward: 35375.0071061 Total splits: 94 Good splits: 85
Reward: 26871.6285913 Total splits: 78 Good splits: 70
Reward: 36610.3190699 Total splits: 95 Good splits: 88
Reward: 32777.6227626 Total splits: 110 Good splits: 98
Reward: 37874.0680755 Total splits: 87 Good splits: 83
Reward: 31721.0195861 Total splits: 77 Good splits: 72
Reward: 23451.8131662 Total splits: 91 Good splits: 82
Reward: 37936.7511559 Total splits: 86 Good splits: 80
Reward: 13676.4012225 Total splits: 79 Good splits: 69
Reward: 29206.3937708 Total splits: 90 Good splits: 80
Reward: 28434.4171915 Total splits: 75 Good splits: 65
Reward: 29274.6886461 Total splits: 97 Good splits: 88
Reward: 41072.1898502 Total splits: 94 Good splits: 87
Reward: 38018.2714787 Total splits: 94 Good splits: 89
Reward: 34689.3243236 Total splits: 97 Good splits: 88
Reward: 33423.541448 Total splits: 94 Good splits: 90
Reward: 43192.4504778 Total splits: 92 Good splits: 86
Reward: 36259.3411639 Total splits: 87 Good splits: 79
Reward: 23768.6838549 Total splits: 95 Good splits: 86
Reward: 31091.7995106 Total splits: 80 Good splits: 72
Reward: 33311.0748312 Total splits: 93 Good splits: 88
Reward: 38371.3356013 Total splits: 91 Good splits: 81
Reward: 31191.4481075 Total splits: 95 Good splits: 88
Reward: 31479.3472213 Total splits: 80 Good splits: 70
Reward: 41295.4321305 Total splits: 98 Good splits: 87
Reward: 40416.2678079 Total splits: 82 Good splits: 71
Reward: 41388.6882554 Total splits: 99 Good splits: 93
Reward: 26859.2432924 Total splits: 78 Good splits: 70
Reward: 41524.2832119 Total splits: 87 Good splits: 83
Reward: 32593.5597768 Total splits: 81 Good splits: 75
Reward: 31746.2508811 Total splits: 83 Good splits: 80
Reward: 37540.0084006 Total splits: 89 Good splits: 79
Reward: 34367.2357024 Total splits: 98 Good splits: 88
Reward: 43884.8141844 Total splits: 95 Good splits: 90
Reward: 39143.7252266 Total splits: 87 Good splits: 73
Reward: 33058.4113978 Total splits: 78 Good splits: 71
Reward: 34473.6361146 Total splits: 77 Good splits: 73
Reward: 40083.2715527 Total splits: 97 Good splits: 86
Reward: 37507.599187 Total splits: 107 Good splits: 98
Reward: 27507.1932255 Total splits: 74 Good splits: 64
Reward: 22824.7962611 Total splits: 77 Good splits: 66
Reward: 31382.0176877 Total splits: 91 Good splits: 85
Reward: 31465.0090934 Total splits: 83 Good splits: 77
Reward: 31094.6949981 Total splits: 75 Good splits: 67
Reward: 22629.1439748 Total splits: 71 Good splits: 62
Reward: 37137.6672116 Total splits: 98 Good splits: 92
Reward: 26134.5996114 Total splits: 90 Good splits: 81
Reward: 35103.3639816 Total splits: 85 Good splits: 80
Reward: 37995.2056466 Total splits: 89 Good splits: 81
Reward: 42628.8197408 Total splits: 96 Good splits: 90
Reward: 34707.9302371 Total splits: 105 Good splits: 94
Reward: 45433.7636494 Total splits: 94 Good splits: 88
Reward: 43228.4775287 Total splits: 96 Good splits: 87
Reward: 37664.2141936 Total splits: 89 Good splits: 83
Reward: 29792.9059485 Total splits: 81 Good splits: 70
Reward: 30123.4292441 Total splits: 85 Good splits: 76
Reward: 41780.2423656 Total splits: 104 Good splits: 96
Reward: 35415.8717517 Total splits: 89 Good splits: 77
Reward: 35849.8448651 Total splits: 97 Good splits: 93
Reward: 25200.6516482 Total splits: 99 Good splits: 87
Reward: 29222.3933664 Total splits: 93 Good splits: 86
Reward: 27439.3493861 Total splits: 85 Good splits: 74
Reward: 32416.2429934 Total splits: 110 Good splits: 101
Reward: 45043.392217 Total splits: 90 Good splits: 86
Reward: 30901.5939503 Total splits: 77 Good splits: 70
Reward: 38052.0345334 Total splits: 99 Good splits: 92
Reward: 23989.7000289 Total splits: 97 Good splits: 87
Reward: 22700.691032 Total splits: 77 Good splits: 72
Reward: 33141.1797974 Total splits: 92 Good splits: 87
Reward: 37594.4860783 Total splits: 94 Good splits: 86
Reward: 33344.2067014 Total splits: 99 Good splits: 95
Reward: 37032.8593983 Total splits: 93 Good splits: 84
Reward: 29261.1772735 Total splits: 81 Good splits: 70
Reward: 33648.4190427 Total splits: 87 Good splits: 80
Reward: 44888.365241 Total splits: 91 Good splits: 87
Reward: 34591.9430171 Total splits: 94 Good splits: 85
Reward: 31003.1539547 Total splits: 103 Good splits: 93
Reward: 27392.770646 Total splits: 82 Good splits: 75
Reward: 41016.8109833 Total splits: 103 Good splits: 95
Reward: 38868.2901739 Total splits: 88 Good splits: 81

Results after 100 tests
Average total rewards : 33300.4266652
Average total splits  : 89.26
Average good splits   : 81.33
Average good splits % : 91.1158413623

Reward: 27806.5979595 Total splits: 94 Good splits: 85
Reward: 40300.6656 Total splits: 105 Good splits: 97
Reward: 29060.614338 Total splits: 71 Good splits: 62
Reward: 42189.5654388 Total splits: 95 Good splits: 86
Reward: 43277.1990175 Total splits: 92 Good splits: 84
Reward: 44445.0973856 Total splits: 92 Good splits: 81
Reward: 38700.9682968 Total splits: 98 Good splits: 89
Reward: 25931.3975494 Total splits: 104 Good splits: 97
Reward: 29037.9488178 Total splits: 79 Good splits: 75
Reward: 20953.5878757 Total splits: 87 Good splits: 74
Reward: 37770.6912146 Total splits: 95 Good splits: 88
Reward: 45009.8838146 Total splits: 87 Good splits: 80
Reward: 35658.0248126 Total splits: 88 Good splits: 82
Reward: 40816.8321378 Total splits: 97 Good splits: 90
Reward: 39187.3314331 Total splits: 94 Good splits: 88
Reward: 29206.1844555 Total splits: 100 Good splits: 89
Reward: 37307.4516701 Total splits: 97 Good splits: 90
Reward: 33488.0291255 Total splits: 81 Good splits: 74
Reward: 20109.0362569 Total splits: 78 Good splits: 72
Reward: 34562.889404 Total splits: 87 Good splits: 81
Reward: 31457.5097358 Total splits: 94 Good splits: 82
Reward: 21822.5424954 Total splits: 68 Good splits: 55
Reward: 30288.7958338 Total splits: 91 Good splits: 85
Reward: 33990.7468524 Total splits: 92 Good splits: 82
Reward: 38649.6608709 Total splits: 97 Good splits: 91
Reward: 30080.5813212 Total splits: 99 Good splits: 88
Reward: 38730.7793284 Total splits: 90 Good splits: 83
Reward: 43019.5930158 Total splits: 79 Good splits: 76
Reward: 33103.989261 Total splits: 103 Good splits: 98
Reward: 23868.7258481 Total splits: 89 Good splits: 85
Reward: 33573.2983593 Total splits: 103 Good splits: 93
Reward: 39713.7934009 Total splits: 101 Good splits: 91
Reward: 23448.5193895 Total splits: 76 Good splits: 67
Reward: 41072.0316645 Total splits: 100 Good splits: 90
Reward: 39295.6157163 Total splits: 97 Good splits: 90
Reward: 34030.5792539 Total splits: 97 Good splits: 82
Reward: 45844.5326916 Total splits: 101 Good splits: 95
Reward: 40514.2326298 Total splits: 89 Good splits: 82
Reward: 31065.9383094 Total splits: 80 Good splits: 72
Reward: 39197.8526534 Total splits: 99 Good splits: 87
Reward: 32188.093652 Total splits: 80 Good splits: 73
Reward: 39248.9181018 Total splits: 85 Good splits: 75
Reward: 40808.5187937 Total splits: 94 Good splits: 87
Reward: 36048.4589752 Total splits: 94 Good splits: 86
Reward: 45662.0724788 Total splits: 79 Good splits: 72
Reward: 27138.6467558 Total splits: 98 Good splits: 88
Reward: 32705.0370353 Total splits: 96 Good splits: 84
Reward: 39346.1686919 Total splits: 93 Good splits: 85
Reward: 35967.1054718 Total splits: 97 Good splits: 89
Reward: 31923.3332737 Total splits: 96 Good splits: 88
Reward: 43015.0851879 Total splits: 89 Good splits: 83
Reward: 33793.3700378 Total splits: 95 Good splits: 86
Reward: 36859.8301403 Total splits: 76 Good splits: 67
Reward: 28536.001854 Total splits: 98 Good splits: 89
Reward: 37375.6090475 Total splits: 90 Good splits: 83
Reward: 38943.3525088 Total splits: 88 Good splits: 74
Reward: 34210.2184012 Total splits: 89 Good splits: 82
Reward: 27903.7229151 Total splits: 87 Good splits: 80
Reward: 36438.8428687 Total splits: 104 Good splits: 97
Reward: 36687.2887249 Total splits: 94 Good splits: 83
Reward: 30216.8028401 Total splits: 77 Good splits: 67
Reward: 39928.8050052 Total splits: 100 Good splits: 90
Reward: 29079.776604 Total splits: 107 Good splits: 97
Reward: 31386.4711833 Total splits: 89 Good splits: 80
Reward: 39462.2887484 Total splits: 80 Good splits: 70
Reward: 39129.4307605 Total splits: 94 Good splits: 84
Reward: 8510.56233527 Total splits: 101 Good splits: 90
Reward: 38901.3047901 Total splits: 96 Good splits: 86
Reward: 45900.0985146 Total splits: 94 Good splits: 90
Reward: 39313.3295723 Total splits: 100 Good splits: 94
Reward: 38383.6970196 Total splits: 94 Good splits: 88
Reward: 42802.493082 Total splits: 97 Good splits: 85
Reward: 37863.5769879 Total splits: 89 Good splits: 82
Reward: 39392.8090547 Total splits: 106 Good splits: 93
Reward: 33838.0567647 Total splits: 89 Good splits: 84
Reward: 22872.9635666 Total splits: 78 Good splits: 70
Reward: 35740.380637 Total splits: 105 Good splits: 94
Reward: 32571.0706388 Total splits: 101 Good splits: 93
Reward: 41953.1682232 Total splits: 79 Good splits: 75
Reward: 36567.6921353 Total splits: 88 Good splits: 82
Reward: 29059.9026572 Total splits: 93 Good splits: 87
Reward: 32288.9773157 Total splits: 97 Good splits: 89
Reward: 26605.7317029 Total splits: 91 Good splits: 83
Reward: 40564.8334905 Total splits: 102 Good splits: 94
Reward: 45733.2969017 Total splits: 92 Good splits: 86
Reward: 34970.7330093 Total splits: 98 Good splits: 89
Reward: 42671.9160196 Total splits: 102 Good splits: 94
Reward: 40993.4854489 Total splits: 88 Good splits: 81
Reward: 27887.026252 Total splits: 105 Good splits: 93
Reward: 31425.2558378 Total splits: 97 Good splits: 91
Reward: 33263.8415348 Total splits: 91 Good splits: 86
Reward: 22320.4349416 Total splits: 93 Good splits: 84
Reward: 26021.393189 Total splits: 94 Good splits: 82
Reward: 39785.8341285 Total splits: 96 Good splits: 87
Reward: 29945.4018258 Total splits: 79 Good splits: 73
Reward: 38667.620448 Total splits: 90 Good splits: 83
Reward: 41114.4019642 Total splits: 80 Good splits: 74
Reward: 31555.8457487 Total splits: 98 Good splits: 88
Reward: 41459.0764335 Total splits: 93 Good splits: 82
Reward: 36746.5906341 Total splits: 83 Good splits: 74

Results after 100 tests
Average total rewards : 34992.853681
Average total splits  : 92.14
Average good splits   : 83.83
Average good splits % : 90.9811156935

Reward: 39714.8201945 Total splits: 93 Good splits: 87
Reward: 35088.4069274 Total splits: 84 Good splits: 76
Reward: 35424.9297981 Total splits: 92 Good splits: 84
Reward: 39113.298927 Total splits: 92 Good splits: 83
Reward: 34200.6582137 Total splits: 103 Good splits: 94
Reward: 23129.058132 Total splits: 79 Good splits: 74
Reward: 33964.37796 Total splits: 75 Good splits: 71
Reward: 34694.1222036 Total splits: 100 Good splits: 90
Reward: 30272.9132004 Total splits: 95 Good splits: 85
Reward: 43636.7100311 Total splits: 97 Good splits: 91
Reward: 38457.9624689 Total splits: 90 Good splits: 80
Reward: 44126.9616764 Total splits: 98 Good splits: 92
Reward: 33067.242548 Total splits: 91 Good splits: 85
Reward: 31707.5448303 Total splits: 106 Good splits: 96
Reward: 43599.8353324 Total splits: 90 Good splits: 83
Reward: 29702.1000393 Total splits: 72 Good splits: 65
Reward: 39139.7688536 Total splits: 79 Good splits: 74
Reward: 35293.994005 Total splits: 108 Good splits: 98
Reward: 41738.5444804 Total splits: 91 Good splits: 85
Reward: 24046.9713838 Total splits: 108 Good splits: 93
Reward: 29568.5594665 Total splits: 88 Good splits: 77
Reward: 40406.1316409 Total splits: 105 Good splits: 96
Reward: 34588.9124368 Total splits: 100 Good splits: 95
Reward: 39955.2797762 Total splits: 98 Good splits: 91
Reward: 36242.8629525 Total splits: 89 Good splits: 81
Reward: 39160.3324759 Total splits: 104 Good splits: 94
Reward: 30941.3807398 Total splits: 94 Good splits: 80
Reward: 34611.3352043 Total splits: 98 Good splits: 91
Reward: 35716.4334111 Total splits: 82 Good splits: 73
Reward: 34268.5446936 Total splits: 93 Good splits: 86
Reward: 41907.3552464 Total splits: 99 Good splits: 92
Reward: 42603.5591482 Total splits: 91 Good splits: 84
Reward: 38806.1192869 Total splits: 97 Good splits: 89
Reward: 32428.8406601 Total splits: 105 Good splits: 97
Reward: 41574.2116153 Total splits: 92 Good splits: 88
Reward: 36129.4657189 Total splits: 99 Good splits: 94
Reward: 36356.5407479 Total splits: 86 Good splits: 79
Reward: 33175.2259723 Total splits: 96 Good splits: 88
Reward: 37863.558632 Total splits: 95 Good splits: 85
Reward: 22158.8256652 Total splits: 71 Good splits: 64
Reward: 21398.5995458 Total splits: 80 Good splits: 66
Reward: 40939.3182027 Total splits: 96 Good splits: 91
Reward: 39707.0247991 Total splits: 99 Good splits: 89
Reward: 43096.5142838 Total splits: 97 Good splits: 91
Reward: 40588.8703451 Total splits: 79 Good splits: 72
Reward: 38133.2884104 Total splits: 98 Good splits: 91
Reward: 31893.5678517 Total splits: 74 Good splits: 69
Reward: 36911.5021912 Total splits: 106 Good splits: 98
Reward: 38683.0814161 Total splits: 104 Good splits: 92
Reward: 32156.1877082 Total splits: 74 Good splits: 61
Reward: 39278.6749297 Total splits: 103 Good splits: 93
Reward: 27881.3018884 Total splits: 89 Good splits: 81
Reward: 35080.3227148 Total splits: 91 Good splits: 83
Reward: 17559.4716464 Total splits: 102 Good splits: 86
Reward: 35211.0381096 Total splits: 98 Good splits: 87
Reward: 38990.2976761 Total splits: 103 Good splits: 93
Reward: 29347.8833838 Total splits: 85 Good splits: 72
Reward: 33086.1901175 Total splits: 97 Good splits: 87
Reward: 27443.1114843 Total splits: 83 Good splits: 76
Reward: 37833.0373273 Total splits: 99 Good splits: 90
Reward: 31340.1128266 Total splits: 92 Good splits: 87
Reward: 31481.208927 Total splits: 78 Good splits: 71
Reward: 38219.4360807 Total splits: 93 Good splits: 86
Reward: 37240.4934593 Total splits: 90 Good splits: 83
Reward: 41043.6296501 Total splits: 96 Good splits: 89
Reward: 36094.9074561 Total splits: 97 Good splits: 92
Reward: 32519.5314645 Total splits: 92 Good splits: 85
Reward: 22285.6586759 Total splits: 78 Good splits: 68
Reward: 31280.9909716 Total splits: 96 Good splits: 91
Reward: 25258.3743725 Total splits: 84 Good splits: 75
Reward: 26974.3478195 Total splits: 87 Good splits: 76
Reward: 38595.0533154 Total splits: 92 Good splits: 83
Reward: 25088.1431811 Total splits: 103 Good splits: 92
Reward: 31314.3985898 Total splits: 87 Good splits: 80
Reward: 26434.7677764 Total splits: 91 Good splits: 81
Reward: 35626.1056296 Total splits: 102 Good splits: 92
Reward: 43473.6992442 Total splits: 88 Good splits: 80
Reward: 34844.8620194 Total splits: 85 Good splits: 80
Reward: 36434.053987 Total splits: 97 Good splits: 88
Reward: 20780.7279141 Total splits: 78 Good splits: 69
Reward: 40358.4149723 Total splits: 89 Good splits: 79
Reward: 41298.6649761 Total splits: 86 Good splits: 76
Reward: 32678.2358477 Total splits: 94 Good splits: 91
Reward: 42748.2112009 Total splits: 95 Good splits: 87
Reward: 39433.296672 Total splits: 76 Good splits: 70
Reward: 42625.2344029 Total splits: 93 Good splits: 81
Reward: 44518.3875221 Total splits: 101 Good splits: 95
Reward: 37431.2568495 Total splits: 87 Good splits: 80
Reward: 19034.5134202 Total splits: 107 Good splits: 98
Reward: 35168.1578984 Total splits: 84 Good splits: 79
Reward: 23633.8025297 Total splits: 77 Good splits: 70
Reward: 34621.2585003 Total splits: 90 Good splits: 81
Reward: 39259.9397217 Total splits: 105 Good splits: 96
Reward: 36012.0009873 Total splits: 102 Good splits: 97
Reward: 31826.0550996 Total splits: 79 Good splits: 71
Reward: 23444.7975799 Total splits: 95 Good splits: 87
Reward: 45594.84948 Total splits: 95 Good splits: 91
Reward: 31139.192504 Total splits: 83 Good splits: 70
Reward: 33470.3917667 Total splits: 77 Good splits: 69
Reward: 41724.1358307 Total splits: 83 Good splits: 75
Reward: 39842.1701616 Total splits: 101 Good splits: 94
Reward: 38652.9970605 Total splits: 98 Good splits: 88
Reward: 31970.6252979 Total splits: 86 Good splits: 74
Reward: 29965.0315781 Total splits: 84 Good splits: 79
Reward: 37995.2911519 Total splits: 92 Good splits: 83
Reward: 28016.1875925 Total splits: 97 Good splits: 88
Reward: 38423.2383364 Total splits: 93 Good splits: 84
Reward: 30770.5129 Total splits: 83 Good splits: 77
Reward: 30597.2711491 Total splits: 102 Good splits: 96
Reward: 29603.6164399 Total splits: 81 Good splits: 69
Reward: 32053.377824 Total splits: 96 Good splits: 89
Reward: 33723.7211776 Total splits: 100 Good splits: 94
Reward: 40123.2306461 Total splits: 87 Good splits: 78
Reward: 23153.0383684 Total splits: 83 Good splits: 79
Reward: 38412.7046581 Total splits: 95 Good splits: 88
Reward: 34087.2659238 Total splits: 86 Good splits: 78
Reward: 30733.0649828 Total splits: 97 Good splits: 87
Reward: 44085.0249656 Total splits: 93 Good splits: 86
Reward: 34772.5008115 Total splits: 99 Good splits: 93
Reward: 31877.8937827 Total splits: 101 Good splits: 90
Reward: 32279.3267504 Total splits: 97 Good splits: 88
Reward: 34656.1383394 Total splits: 74 Good splits: 68
Reward: 40160.4544856 Total splits: 95 Good splits: 90
Reward: 20463.0480278 Total splits: 96 Good splits: 83
Reward: 35405.8502451 Total splits: 80 Good splits: 73
Reward: 38145.8434431 Total splits: 94 Good splits: 88
Reward: 38671.8919257 Total splits: 101 Good splits: 93
Reward: 16576.9963391 Total splits: 87 Good splits: 78
Reward: 37913.3494014 Total splits: 88 Good splits: 84
Reward: 34382.6588366 Total splits: 100 Good splits: 89
Reward: 34354.2697656 Total splits: 80 Good splits: 72
Reward: 39773.5742042 Total splits: 89 Good splits: 79
Reward: 36465.9931713 Total splits: 94 Good splits: 87
Reward: 31138.6579781 Total splits: 84 Good splits: 78
Reward: 28078.4098816 Total splits: 116 Good splits: 110
Reward: 40469.8954898 Total splits: 85 Good splits: 76
Reward: 39292.1339726 Total splits: 95 Good splits: 87
Reward: 28108.545119 Total splits: 95 Good splits: 84
Reward: 33612.3034975 Total splits: 94 Good splits: 86
Reward: 37188.6457962 Total splits: 88 Good splits: 82
Reward: 31709.0219812 Total splits: 91 Good splits: 79
Reward: 43664.5877488 Total splits: 94 Good splits: 89
Reward: 36374.8698742 Total splits: 86 Good splits: 75
Reward: 31891.7703541 Total splits: 92 Good splits: 85
Reward: 29036.3889285 Total splits: 78 Good splits: 72
Reward: 33173.9028963 Total splits: 101 Good splits: 89
Reward: 28406.1359711 Total splits: 94 Good splits: 82
Reward: 29117.4909478 Total splits: 87 Good splits: 78
Reward: 30431.5594131 Total splits: 82 Good splits: 75
Reward: 33070.1499747 Total splits: 94 Good splits: 85
Reward: 38700.1328952 Total splits: 99 Good splits: 88
Reward: 26874.9287074 Total splits: 102 Good splits: 93
Reward: 28054.2926819 Total splits: 76 Good splits: 68
Reward: 37992.6060766 Total splits: 91 Good splits: 78
Reward: 38269.2407283 Total splits: 102 Good splits: 97
Reward: 39782.8054197 Total splits: 105 Good splits: 99
Reward: 29579.6301684 Total splits: 98 Good splits: 91
Reward: 41369.633625 Total splits: 98 Good splits: 90
Reward: 39299.4517886 Total splits: 96 Good splits: 89
Reward: 36775.1995368 Total splits: 91 Good splits: 84
Reward: 34813.8855225 Total splits: 84 Good splits: 75
Reward: 38380.2334962 Total splits: 94 Good splits: 85
Reward: 23393.9881967 Total splits: 85 Good splits: 75
Reward: 38672.0997261 Total splits: 90 Good splits: 82
Reward: 29568.7053925 Total splits: 84 Good splits: 75
Reward: 39143.8688455 Total splits: 100 Good splits: 90
Reward: 21637.7874633 Total splits: 80 Good splits: 74
Reward: 31305.019085 Total splits: 95 Good splits: 84
Reward: 39675.2359752 Total splits: 88 Good splits: 80
Reward: 29102.3211645 Total splits: 90 Good splits: 85
Reward: 37853.0445196 Total splits: 82 Good splits: 75
Reward: 37734.8911593 Total splits: 96 Good splits: 89
Reward: 23131.2344196 Total splits: 76 Good splits: 71
Reward: 43137.2178423 Total splits: 97 Good splits: 87
Reward: 39134.0984738 Total splits: 105 Good splits: 99
Reward: 29531.8915577 Total splits: 100 Good splits: 86
Reward: 24486.3183915 Total splits: 88 Good splits: 80
Reward: 31509.0935761 Total splits: 96 Good splits: 86
Reward: 38436.808585 Total splits: 95 Good splits: 86
Reward: 34137.5275599 Total splits: 96 Good splits: 81
Reward: 35971.6568813 Total splits: 82 Good splits: 75
Reward: 33359.0586879 Total splits: 86 Good splits: 80
Reward: 28255.9553881 Total splits: 86 Good splits: 81
Reward: 26989.9579725 Total splits: 79 Good splits: 74
Reward: 26395.7114179 Total splits: 81 Good splits: 73
Reward: 31682.1343461 Total splits: 89 Good splits: 76
Reward: 37360.5819388 Total splits: 85 Good splits: 74
Reward: 23959.4378435 Total splits: 89 Good splits: 78
Reward: 41114.8224581 Total splits: 88 Good splits: 82
Reward: 36344.274386 Total splits: 102 Good splits: 96
Reward: 21190.2810801 Total splits: 100 Good splits: 88
Reward: 34232.682053 Total splits: 83 Good splits: 78
Reward: 39240.5905629 Total splits: 103 Good splits: 94
Reward: 37074.4837926 Total splits: 98 Good splits: 87
Reward: 33054.194862 Total splits: 86 Good splits: 82
Reward: 38573.4132024 Total splits: 89 Good splits: 81
Reward: 39303.86978 Total splits: 93 Good splits: 89
Reward: 40030.0942952 Total splits: 89 Good splits: 81
Reward: 46735.372132 Total splits: 96 Good splits: 91
Reward: 31709.3743321 Total splits: 81 Good splits: 70

Results after 200 tests
Average total rewards : 34315.4402571
Average total splits  : 91.675
Average good splits   : 83.495
Average good splits % : 91.0771748023

