Reward: 38232.9277772 Total splits: 71 Good splits: 65
Reward: 39182.1088103 Total splits: 74 Good splits: 72
Reward: 31574.1384438 Total splits: 70 Good splits: 69
Reward: 21854.1907393 Total splits: 60 Good splits: 59
Reward: 36007.1145717 Total splits: 63 Good splits: 61
Reward: 12396.1926702 Total splits: 71 Good splits: 69
Reward: 41331.9846964 Total splits: 66 Good splits: 66
Reward: 32470.5176348 Total splits: 57 Good splits: 54
Reward: 33075.0416041 Total splits: 59 Good splits: 54
Reward: 32239.5008875 Total splits: 76 Good splits: 73
Reward: 31748.251205 Total splits: 65 Good splits: 60
Reward: 39682.8348078 Total splits: 66 Good splits: 65
Reward: 35420.3727963 Total splits: 67 Good splits: 62
Reward: 26062.6500398 Total splits: 67 Good splits: 65
Reward: 33062.2027542 Total splits: 67 Good splits: 61
Reward: 36837.173887 Total splits: 68 Good splits: 65
Reward: 36613.0179375 Total splits: 61 Good splits: 58
Reward: 37427.2526863 Total splits: 76 Good splits: 76
Reward: 42612.4964749 Total splits: 65 Good splits: 63
Reward: 31545.2869046 Total splits: 70 Good splits: 66
Reward: 35960.0932414 Total splits: 64 Good splits: 60
Reward: 34628.3234796 Total splits: 73 Good splits: 72
Reward: 35485.5139072 Total splits: 71 Good splits: 70
Reward: 24148.263553 Total splits: 62 Good splits: 58
Reward: 44562.5830318 Total splits: 73 Good splits: 72
Reward: 30620.2332763 Total splits: 74 Good splits: 66
Reward: 34319.8760913 Total splits: 68 Good splits: 62
Reward: 33614.0033068 Total splits: 66 Good splits: 61
Reward: 36990.3345712 Total splits: 70 Good splits: 66
Reward: 33146.583118 Total splits: 66 Good splits: 63
Reward: 31696.147168 Total splits: 56 Good splits: 52
Reward: 31833.180421 Total splits: 71 Good splits: 68
Reward: 35583.2650505 Total splits: 54 Good splits: 52
Reward: 44105.5625087 Total splits: 64 Good splits: 62
Reward: 27472.858778 Total splits: 60 Good splits: 57
Reward: 39448.4356636 Total splits: 70 Good splits: 68
Reward: 41274.8478767 Total splits: 72 Good splits: 69
Reward: 29342.439372 Total splits: 68 Good splits: 63
Reward: 29703.0128421 Total splits: 73 Good splits: 72
Reward: 22732.2690652 Total splits: 70 Good splits: 66
Reward: 34686.237665 Total splits: 62 Good splits: 60
Reward: 26865.0547468 Total splits: 62 Good splits: 58
Reward: 45288.7016811 Total splits: 60 Good splits: 59
Reward: 44956.2797693 Total splits: 66 Good splits: 64
Reward: 37139.017193 Total splits: 61 Good splits: 59
Reward: 33533.3744688 Total splits: 70 Good splits: 68
Reward: 32033.494581 Total splits: 67 Good splits: 64
Reward: 30031.6503464 Total splits: 68 Good splits: 67
Reward: 25224.7256931 Total splits: 71 Good splits: 66
Reward: 26732.7319743 Total splits: 61 Good splits: 59
Reward: 38047.8143903 Total splits: 65 Good splits: 63
Reward: 46764.8099897 Total splits: 71 Good splits: 69
Reward: 31682.1902697 Total splits: 60 Good splits: 57
Reward: 17005.9013599 Total splits: 64 Good splits: 58
Reward: 31870.8877871 Total splits: 69 Good splits: 65
Reward: 38465.9163743 Total splits: 68 Good splits: 64
Reward: 26881.9595849 Total splits: 57 Good splits: 54
Reward: 46912.141064 Total splits: 69 Good splits: 69
Reward: 24115.7565681 Total splits: 74 Good splits: 66
Reward: 32255.600763 Total splits: 52 Good splits: 50
Reward: 40255.2297519 Total splits: 66 Good splits: 64
Reward: 35929.5041836 Total splits: 62 Good splits: 59
Reward: 33184.6724012 Total splits: 70 Good splits: 68
Reward: 23725.8993061 Total splits: 58 Good splits: 56
Reward: 33188.1068219 Total splits: 62 Good splits: 60
Reward: 34517.2238946 Total splits: 59 Good splits: 56
Reward: 28632.4182664 Total splits: 68 Good splits: 67
Reward: 28774.5116972 Total splits: 70 Good splits: 67
Reward: 29273.51829 Total splits: 61 Good splits: 58
Reward: 38772.436344 Total splits: 70 Good splits: 66
Reward: 37131.5873198 Total splits: 71 Good splits: 71
Reward: 8627.12977667 Total splits: 75 Good splits: 71
Reward: 38483.0189652 Total splits: 70 Good splits: 69
Reward: 41800.6794499 Total splits: 68 Good splits: 64
Reward: 36979.603907 Total splits: 64 Good splits: 62
Reward: 21949.3688788 Total splits: 58 Good splits: 55
Reward: 27395.6720688 Total splits: 62 Good splits: 60
Reward: 27657.6589101 Total splits: 68 Good splits: 67
Reward: 42728.0552959 Total splits: 69 Good splits: 66
Reward: 33188.1691569 Total splits: 72 Good splits: 72
Reward: 36353.4271332 Total splits: 69 Good splits: 67
Reward: 35136.7334179 Total splits: 67 Good splits: 65
Reward: 40312.615372 Total splits: 64 Good splits: 61
Reward: 33512.8604437 Total splits: 69 Good splits: 67
Reward: 35611.5766665 Total splits: 64 Good splits: 60
Reward: 40644.4989343 Total splits: 60 Good splits: 55
Reward: 42523.74508 Total splits: 68 Good splits: 65
Reward: 33528.6804429 Total splits: 62 Good splits: 59
Reward: 28291.2610571 Total splits: 57 Good splits: 52
Reward: 39074.648677 Total splits: 62 Good splits: 61
Reward: 34765.1241307 Total splits: 63 Good splits: 59
Reward: 38259.7432383 Total splits: 68 Good splits: 62
Reward: 37409.2189651 Total splits: 69 Good splits: 67
Reward: 36393.2702662 Total splits: 62 Good splits: 62
Reward: 12475.8871037 Total splits: 60 Good splits: 54
Reward: 41688.4286931 Total splits: 70 Good splits: 67
Reward: 31978.1853248 Total splits: 62 Good splits: 59
Reward: 35747.9449266 Total splits: 75 Good splits: 72
Reward: 27273.7968978 Total splits: 63 Good splits: 61
Reward: 36568.7397413 Total splits: 66 Good splits: 61
Reward: 38221.1099095 Total splits: 64 Good splits: 61
Reward: 30768.9027221 Total splits: 64 Good splits: 60
Reward: 34135.5593304 Total splits: 64 Good splits: 58
Reward: 37120.2669854 Total splits: 71 Good splits: 70
Reward: 33146.2735096 Total splits: 71 Good splits: 70
Reward: 33985.5065165 Total splits: 62 Good splits: 61
Reward: 36583.7236639 Total splits: 67 Good splits: 64
Reward: 39705.7160041 Total splits: 67 Good splits: 64
Reward: 41778.2587477 Total splits: 68 Good splits: 65
Reward: 31106.2778608 Total splits: 68 Good splits: 65
Reward: 35552.0072947 Total splits: 72 Good splits: 71
Reward: 37643.1589454 Total splits: 69 Good splits: 68
Reward: 33116.3065864 Total splits: 62 Good splits: 59
Reward: 36463.2136621 Total splits: 64 Good splits: 63
Reward: 46177.7313415 Total splits: 62 Good splits: 59
Reward: 38008.1477344 Total splits: 66 Good splits: 62
Reward: 29769.78247 Total splits: 66 Good splits: 63
Reward: 38397.9901895 Total splits: 60 Good splits: 59
Reward: 41999.5453903 Total splits: 67 Good splits: 64
Reward: 31825.7941991 Total splits: 63 Good splits: 58
Reward: 22994.3684395 Total splits: 55 Good splits: 53
Reward: 22096.7822293 Total splits: 64 Good splits: 60
Reward: 27924.8827455 Total splits: 71 Good splits: 68
Reward: 34046.1818188 Total splits: 65 Good splits: 59
Reward: 34929.9551698 Total splits: 63 Good splits: 59
Reward: 40465.0582127 Total splits: 61 Good splits: 58
Reward: 25602.6097713 Total splits: 67 Good splits: 62
Reward: 39550.8730975 Total splits: 72 Good splits: 72
Reward: 37902.9059472 Total splits: 69 Good splits: 66
Reward: 30905.4126437 Total splits: 62 Good splits: 61
Reward: 39417.1373659 Total splits: 69 Good splits: 65
Reward: 29388.1810372 Total splits: 66 Good splits: 62
Reward: 44860.7004905 Total splits: 59 Good splits: 57
Reward: 31555.0169758 Total splits: 69 Good splits: 67
Reward: 43084.6634917 Total splits: 63 Good splits: 58
Reward: 28942.7914781 Total splits: 63 Good splits: 59
Reward: 31781.21854 Total splits: 61 Good splits: 58
Reward: 35198.7990909 Total splits: 74 Good splits: 71
Reward: 36057.2041459 Total splits: 62 Good splits: 60
Reward: 36743.8862874 Total splits: 63 Good splits: 62
Reward: 26201.6001225 Total splits: 63 Good splits: 58
Reward: 38827.3927858 Total splits: 65 Good splits: 62
Reward: 27740.1441752 Total splits: 64 Good splits: 63
Reward: 27225.0946377 Total splits: 59 Good splits: 54
Reward: 24304.8860781 Total splits: 59 Good splits: 55
Reward: 40114.2349599 Total splits: 65 Good splits: 62
Reward: 42662.522418 Total splits: 66 Good splits: 62
Reward: 23984.6118489 Total splits: 61 Good splits: 58
Reward: 35179.2704486 Total splits: 70 Good splits: 66
Reward: 35624.0323437 Total splits: 62 Good splits: 59
Reward: 36776.5730006 Total splits: 72 Good splits: 69
Reward: 29910.4135664 Total splits: 65 Good splits: 61
Reward: 33268.4553807 Total splits: 69 Good splits: 66
Reward: 32958.3365798 Total splits: 69 Good splits: 63
Reward: 43319.3593971 Total splits: 69 Good splits: 68
Reward: 32548.3057311 Total splits: 68 Good splits: 68
Reward: 20901.3474245 Total splits: 66 Good splits: 63
Reward: 28001.7170777 Total splits: 63 Good splits: 57
Reward: 40885.9001097 Total splits: 61 Good splits: 60
Reward: 43114.7743828 Total splits: 66 Good splits: 64
Reward: 30346.8496215 Total splits: 69 Good splits: 66
Reward: 27011.3756619 Total splits: 68 Good splits: 64
Reward: 37351.4276398 Total splits: 71 Good splits: 67
Reward: 34839.4161662 Total splits: 56 Good splits: 54
Reward: 29859.9935055 Total splits: 65 Good splits: 62
Reward: 41019.3918388 Total splits: 69 Good splits: 67
Reward: 29500.6612295 Total splits: 65 Good splits: 63
Reward: 24383.2535574 Total splits: 63 Good splits: 60
Reward: 39578.1295685 Total splits: 67 Good splits: 60
Reward: 35898.5299462 Total splits: 64 Good splits: 59
Reward: 35695.5388305 Total splits: 62 Good splits: 60
Reward: 35668.3108186 Total splits: 63 Good splits: 62
Reward: 41616.3366153 Total splits: 71 Good splits: 68
Reward: 41386.3805937 Total splits: 70 Good splits: 67
Reward: 26972.4795231 Total splits: 57 Good splits: 55
Reward: 28151.5693826 Total splits: 62 Good splits: 57
Reward: 43130.9854521 Total splits: 71 Good splits: 66
Reward: 35642.8347431 Total splits: 68 Good splits: 66
Reward: 32641.5623831 Total splits: 57 Good splits: 54
Reward: 32532.8061932 Total splits: 65 Good splits: 63
Reward: 26544.50762 Total splits: 59 Good splits: 53
Reward: 37392.9134182 Total splits: 63 Good splits: 62
Reward: 39001.8165427 Total splits: 73 Good splits: 73
Reward: 37975.9797795 Total splits: 59 Good splits: 55
Reward: 31908.4268101 Total splits: 64 Good splits: 60
Reward: 34756.4918221 Total splits: 71 Good splits: 68
Reward: 25013.2607068 Total splits: 66 Good splits: 63
Reward: 35101.1197001 Total splits: 58 Good splits: 56
Reward: 41501.3951278 Total splits: 67 Good splits: 65
Reward: 29877.2370364 Total splits: 67 Good splits: 65
Reward: 37901.7091077 Total splits: 69 Good splits: 61
Reward: 29760.349132 Total splits: 57 Good splits: 54
Reward: 37517.623039 Total splits: 62 Good splits: 58
Reward: 36769.113232 Total splits: 66 Good splits: 65
Reward: 28443.7312106 Total splits: 67 Good splits: 66
Reward: 27418.5426456 Total splits: 65 Good splits: 61
Reward: 30939.8426683 Total splits: 64 Good splits: 60
Reward: 26534.160554 Total splits: 61 Good splits: 61
Reward: 30816.1073002 Total splits: 63 Good splits: 61
Reward: 30011.6191948 Total splits: 72 Good splits: 70
Reward: 26929.7572944 Total splits: 71 Good splits: 67
Reward: 33266.6777152 Total splits: 71 Good splits: 71
Reward: 31170.7872632 Total splits: 60 Good splits: 56
Reward: 40062.3447363 Total splits: 61 Good splits: 59
Reward: 40779.2493813 Total splits: 65 Good splits: 63
Reward: 37085.3512777 Total splits: 68 Good splits: 68
Reward: 28204.5124042 Total splits: 57 Good splits: 53
Reward: 35980.6227427 Total splits: 69 Good splits: 66
Reward: 36340.8008518 Total splits: 62 Good splits: 58
Reward: 39954.6595509 Total splits: 69 Good splits: 67
Reward: 26678.8139613 Total splits: 66 Good splits: 61
Reward: 31203.2112027 Total splits: 64 Good splits: 62
Reward: 32717.6793279 Total splits: 68 Good splits: 66
Reward: 40881.3228051 Total splits: 69 Good splits: 66
Reward: 30034.121173 Total splits: 70 Good splits: 65
Reward: 36215.5435702 Total splits: 71 Good splits: 69
Reward: 33469.53993 Total splits: 67 Good splits: 64
Reward: 26523.6469861 Total splits: 67 Good splits: 64
Reward: 42710.663929 Total splits: 67 Good splits: 65
Reward: 29886.9048315 Total splits: 62 Good splits: 61
Reward: 31085.1534828 Total splits: 67 Good splits: 63
Reward: 34174.9812533 Total splits: 69 Good splits: 65
Reward: 38064.3968487 Total splits: 71 Good splits: 67
Reward: 30638.9124457 Total splits: 58 Good splits: 56
Reward: 39412.8260305 Total splits: 67 Good splits: 65
Reward: 37868.3734874 Total splits: 62 Good splits: 59
Reward: 37976.2669197 Total splits: 71 Good splits: 69
Reward: 27179.3139816 Total splits: 61 Good splits: 58
Reward: 26018.1315671 Total splits: 55 Good splits: 52
Reward: 29763.1115316 Total splits: 65 Good splits: 62
Reward: 35144.0434925 Total splits: 70 Good splits: 66
Reward: 38731.1053082 Total splits: 72 Good splits: 69
Reward: 27867.6082486 Total splits: 70 Good splits: 69
Reward: 25331.7202653 Total splits: 67 Good splits: 62
Reward: 31937.7089589 Total splits: 66 Good splits: 60
Reward: 34510.4761279 Total splits: 62 Good splits: 55
Reward: 31053.9843854 Total splits: 63 Good splits: 60
Reward: 39102.0173464 Total splits: 68 Good splits: 66
Reward: 33498.5550965 Total splits: 66 Good splits: 64
Reward: 30995.4835855 Total splits: 62 Good splits: 56
Reward: 29599.6395787 Total splits: 65 Good splits: 62
Reward: 36857.5511914 Total splits: 70 Good splits: 67
Reward: 44998.609218 Total splits: 69 Good splits: 68
Reward: 10078.3060757 Total splits: 66 Good splits: 56
Reward: 33879.9659014 Total splits: 60 Good splits: 57
Reward: 35069.0761956 Total splits: 64 Good splits: 62
Reward: 14599.6046672 Total splits: 51 Good splits: 46
Reward: 24071.7213538 Total splits: 70 Good splits: 66
Reward: 21407.8446079 Total splits: 56 Good splits: 53
Reward: 38280.1962708 Total splits: 74 Good splits: 72
Reward: 34966.7558943 Total splits: 72 Good splits: 67
Reward: 39786.5222344 Total splits: 68 Good splits: 66
Reward: 25740.7974679 Total splits: 63 Good splits: 60
Reward: 26219.7279917 Total splits: 62 Good splits: 57
Reward: 30931.382728 Total splits: 73 Good splits: 68
Reward: 34832.7924287 Total splits: 70 Good splits: 65
Reward: 33685.7153963 Total splits: 68 Good splits: 65
Reward: 40868.7930065 Total splits: 69 Good splits: 65
Reward: 31977.7587946 Total splits: 70 Good splits: 68
Reward: 33090.2102257 Total splits: 66 Good splits: 61
Reward: 36697.1427791 Total splits: 70 Good splits: 67
Reward: 29263.887408 Total splits: 68 Good splits: 66
Reward: 45615.2705663 Total splits: 66 Good splits: 63
Reward: 34987.5116446 Total splits: 62 Good splits: 56
Reward: 33145.1482234 Total splits: 61 Good splits: 58
Reward: 33787.7470607 Total splits: 56 Good splits: 54
Reward: 43700.6725751 Total splits: 66 Good splits: 65
Reward: 38996.546353 Total splits: 64 Good splits: 60
Reward: 34486.354299 Total splits: 66 Good splits: 62
Reward: 37952.2594601 Total splits: 67 Good splits: 61
Reward: 41565.3053875 Total splits: 68 Good splits: 67
Reward: 36844.145672 Total splits: 65 Good splits: 60
Reward: 35722.1528239 Total splits: 64 Good splits: 60
Reward: 39671.7286357 Total splits: 68 Good splits: 67
Reward: 37463.1902184 Total splits: 67 Good splits: 64
Reward: 41595.2207248 Total splits: 63 Good splits: 62
Reward: 37958.0926334 Total splits: 69 Good splits: 68
Reward: 41879.2619262 Total splits: 70 Good splits: 65
Reward: 37786.4798734 Total splits: 74 Good splits: 74
Reward: 37546.221682 Total splits: 64 Good splits: 63
Reward: 35142.8168043 Total splits: 63 Good splits: 60
Reward: 28591.6801291 Total splits: 66 Good splits: 62
Reward: 36722.3427626 Total splits: 71 Good splits: 70
Reward: 26346.928262 Total splits: 53 Good splits: 50
Reward: 32887.8661485 Total splits: 65 Good splits: 62
Reward: 39844.9033489 Total splits: 70 Good splits: 70
Reward: 32991.3056158 Total splits: 53 Good splits: 49
Reward: 35809.6134524 Total splits: 70 Good splits: 68
Reward: 40699.8301663 Total splits: 73 Good splits: 71
Reward: 28282.6117615 Total splits: 52 Good splits: 48
Reward: 37669.1464895 Total splits: 61 Good splits: 59
Reward: 29196.352681 Total splits: 71 Good splits: 68
Reward: 36653.284645 Total splits: 65 Good splits: 64
Reward: 41943.9309198 Total splits: 63 Good splits: 60
Reward: 40673.1623262 Total splits: 67 Good splits: 65
Reward: 31800.9865344 Total splits: 70 Good splits: 66
Reward: 29933.1424992 Total splits: 65 Good splits: 62
Reward: 34065.4306453 Total splits: 59 Good splits: 58
Reward: 33511.5934359 Total splits: 65 Good splits: 64
Reward: 26141.0237535 Total splits: 69 Good splits: 65
Reward: 36082.6224569 Total splits: 64 Good splits: 62
Reward: 38414.2926554 Total splits: 68 Good splits: 66
Reward: 34515.1965698 Total splits: 70 Good splits: 64
Reward: 33804.0758051 Total splits: 70 Good splits: 66
Reward: 21536.8319495 Total splits: 64 Good splits: 62
Reward: 32238.4584909 Total splits: 72 Good splits: 68
Reward: 32417.9679769 Total splits: 72 Good splits: 68
Reward: 26753.8463729 Total splits: 70 Good splits: 69
Reward: 42811.3579387 Total splits: 67 Good splits: 64
Reward: 35070.8059045 Total splits: 63 Good splits: 58
Reward: 34625.5324309 Total splits: 65 Good splits: 60
Reward: 36084.8167989 Total splits: 67 Good splits: 62
Reward: 38080.3223297 Total splits: 65 Good splits: 61
Reward: 37578.1522721 Total splits: 68 Good splits: 65
Reward: 43238.9931065 Total splits: 64 Good splits: 63
Reward: 40306.5307538 Total splits: 65 Good splits: 64
Reward: 24217.1799827 Total splits: 65 Good splits: 60
Reward: 20684.2876297 Total splits: 63 Good splits: 57
Reward: 31328.5894604 Total splits: 66 Good splits: 64
Reward: 36112.3447037 Total splits: 66 Good splits: 64
Reward: 32009.7673842 Total splits: 65 Good splits: 61
Reward: 34685.7936794 Total splits: 68 Good splits: 63
Reward: 32729.5232966 Total splits: 59 Good splits: 56
Reward: 37074.0981123 Total splits: 64 Good splits: 59
Reward: 31002.3641663 Total splits: 62 Good splits: 56
Reward: 36761.4786394 Total splits: 68 Good splits: 63
Reward: 33348.2350298 Total splits: 69 Good splits: 69
Reward: 42645.8913898 Total splits: 63 Good splits: 61
Reward: 29842.1556215 Total splits: 62 Good splits: 61
Reward: 34138.5345271 Total splits: 70 Good splits: 70
Reward: 31332.422755 Total splits: 65 Good splits: 62
Reward: 32962.1891537 Total splits: 73 Good splits: 72
Reward: 36357.4180719 Total splits: 66 Good splits: 61
Reward: 33748.0664368 Total splits: 64 Good splits: 61
Reward: 35383.9644655 Total splits: 65 Good splits: 62
Reward: 40806.4912617 Total splits: 66 Good splits: 65
Reward: 21055.1566501 Total splits: 69 Good splits: 67
Reward: 33169.3192737 Total splits: 65 Good splits: 62
Reward: 37606.7336763 Total splits: 64 Good splits: 59
Reward: 32643.7986251 Total splits: 69 Good splits: 65
Reward: 41164.265873 Total splits: 67 Good splits: 65
Reward: 42000.0230568 Total splits: 71 Good splits: 69
Reward: 42093.6855755 Total splits: 68 Good splits: 62
Reward: 21158.6423514 Total splits: 51 Good splits: 47
Reward: 35220.1900666 Total splits: 64 Good splits: 57
Reward: 38253.5852644 Total splits: 61 Good splits: 59
Reward: 35615.7120225 Total splits: 70 Good splits: 69
Reward: 30669.2130245 Total splits: 58 Good splits: 56
Reward: 34770.8745284 Total splits: 70 Good splits: 66
Reward: 42469.5247811 Total splits: 68 Good splits: 62
Reward: 34585.2233498 Total splits: 60 Good splits: 59
Reward: 44319.0773822 Total splits: 72 Good splits: 67
Reward: 23985.9856834 Total splits: 69 Good splits: 66
Reward: 24971.6823183 Total splits: 66 Good splits: 63
Reward: 25693.5450805 Total splits: 59 Good splits: 56
Reward: 31164.1550282 Total splits: 68 Good splits: 65
Reward: 32715.7628211 Total splits: 68 Good splits: 63
Reward: 38431.8764354 Total splits: 66 Good splits: 63
Reward: 40128.8835398 Total splits: 62 Good splits: 58
Reward: 30898.5929847 Total splits: 64 Good splits: 62
Reward: 39023.9984245 Total splits: 63 Good splits: 60
Reward: 27231.8498429 Total splits: 62 Good splits: 61
Reward: 34972.3985055 Total splits: 64 Good splits: 61
Reward: 39262.5849639 Total splits: 74 Good splits: 73
Reward: 27559.1180873 Total splits: 64 Good splits: 62
Reward: 39772.7282898 Total splits: 68 Good splits: 67
Reward: 40899.2515834 Total splits: 64 Good splits: 59
Reward: 30087.2716852 Total splits: 62 Good splits: 58
Reward: 23344.9638887 Total splits: 63 Good splits: 59
Reward: 38833.1572339 Total splits: 68 Good splits: 65
Reward: 25786.631289 Total splits: 65 Good splits: 61
Reward: 26396.9297947 Total splits: 54 Good splits: 51
Reward: 46404.9672807 Total splits: 65 Good splits: 63
Reward: 36071.6810064 Total splits: 69 Good splits: 67
Reward: 31080.0830672 Total splits: 65 Good splits: 62
Reward: 40806.1079507 Total splits: 70 Good splits: 65
Reward: 37196.9829051 Total splits: 64 Good splits: 61
Reward: 25049.9709182 Total splits: 61 Good splits: 56
Reward: 35540.2971172 Total splits: 61 Good splits: 59
Reward: 42173.5985115 Total splits: 62 Good splits: 58
Reward: 35470.5666609 Total splits: 64 Good splits: 62
Reward: 37849.2502725 Total splits: 60 Good splits: 56
Reward: 38124.6430839 Total splits: 66 Good splits: 64
Reward: 42693.4804867 Total splits: 68 Good splits: 67
Reward: 31840.057581 Total splits: 60 Good splits: 58
Reward: 36207.007955 Total splits: 68 Good splits: 68
Reward: 22236.1417996 Total splits: 57 Good splits: 52
Reward: 31428.4929458 Total splits: 68 Good splits: 64
Reward: 40347.0325451 Total splits: 66 Good splits: 65
Reward: 26478.8556538 Total splits: 69 Good splits: 65
Reward: 37861.4544903 Total splits: 64 Good splits: 59
Reward: 40258.1713433 Total splits: 72 Good splits: 70
Reward: 40061.2552109 Total splits: 69 Good splits: 69
Reward: 41251.4556099 Total splits: 66 Good splits: 63
Reward: 38637.2346707 Total splits: 60 Good splits: 59
Reward: 46381.4713274 Total splits: 67 Good splits: 64
Reward: 30990.7465575 Total splits: 67 Good splits: 66
Reward: 38228.940657 Total splits: 66 Good splits: 63
Reward: 26875.0450092 Total splits: 65 Good splits: 64
Reward: 35087.0407431 Total splits: 70 Good splits: 69

Results after 400 tests
Average total rewards : 34013.7087658
Average total splits  : 65.6
Average good splits   : 62.625
Average good splits % : 95.4649390244

Reward: 24694.1882002 Total splits: 65 Good splits: 62
Reward: 36020.8479293 Total splits: 63 Good splits: 61
Reward: 35257.9433463 Total splits: 60 Good splits: 59
Reward: 39096.5815269 Total splits: 65 Good splits: 62
Reward: 46174.0902645 Total splits: 68 Good splits: 68
Reward: 42511.4887929 Total splits: 61 Good splits: 60
Reward: 31139.9094649 Total splits: 65 Good splits: 64
Reward: 39924.5383043 Total splits: 69 Good splits: 67
Reward: 21515.9318443 Total splits: 54 Good splits: 49
Reward: 32725.6724928 Total splits: 67 Good splits: 67
Reward: 36387.4177386 Total splits: 69 Good splits: 64
Reward: 37890.7933051 Total splits: 68 Good splits: 65
Reward: 20773.0014345 Total splits: 59 Good splits: 55
Reward: 32252.5909704 Total splits: 66 Good splits: 60
Reward: 35005.7107167 Total splits: 60 Good splits: 58
Reward: 35721.8527337 Total splits: 69 Good splits: 68
Reward: 11202.0646861 Total splits: 73 Good splits: 70
Reward: 42968.495968 Total splits: 60 Good splits: 57
Reward: 33005.7428132 Total splits: 71 Good splits: 66
Reward: 41817.5706434 Total splits: 68 Good splits: 67
Reward: 28724.8703058 Total splits: 51 Good splits: 42
Reward: 21857.3287293 Total splits: 66 Good splits: 60
Reward: 37296.9041153 Total splits: 64 Good splits: 64
Reward: 25703.259391 Total splits: 62 Good splits: 58
Reward: 34184.7615398 Total splits: 72 Good splits: 69
Reward: 26909.0634594 Total splits: 66 Good splits: 63
Reward: 37749.290125 Total splits: 72 Good splits: 69
Reward: 43944.5879285 Total splits: 66 Good splits: 65
Reward: 33363.8129165 Total splits: 77 Good splits: 76
Reward: 40124.8590777 Total splits: 63 Good splits: 60
Reward: 35162.8880812 Total splits: 64 Good splits: 62
Reward: 42719.8291957 Total splits: 66 Good splits: 63
Reward: 34890.0768821 Total splits: 65 Good splits: 61
Reward: 36636.7944611 Total splits: 63 Good splits: 61
Reward: 31441.542899 Total splits: 67 Good splits: 63
Reward: 25760.3907024 Total splits: 66 Good splits: 61
Reward: 36633.4979969 Total splits: 69 Good splits: 66
Reward: 33507.6622546 Total splits: 62 Good splits: 60
Reward: 39232.7395247 Total splits: 70 Good splits: 69
Reward: 32722.5000136 Total splits: 77 Good splits: 73
Reward: 38917.7817447 Total splits: 64 Good splits: 57
Reward: 35667.2015934 Total splits: 62 Good splits: 58
Reward: 31802.2340985 Total splits: 62 Good splits: 57
Reward: 31688.2906799 Total splits: 64 Good splits: 59
Reward: 27730.0114819 Total splits: 67 Good splits: 61
Reward: 42931.1297016 Total splits: 66 Good splits: 62
Reward: 35018.2101977 Total splits: 68 Good splits: 66
Reward: 20793.2204375 Total splits: 69 Good splits: 64
Reward: 32252.9142337 Total splits: 70 Good splits: 68
Reward: 28641.1606029 Total splits: 66 Good splits: 63
Reward: 28422.3093049 Total splits: 61 Good splits: 59
Reward: 35815.8728542 Total splits: 59 Good splits: 57
Reward: 38242.7262179 Total splits: 66 Good splits: 66
Reward: 39525.4806183 Total splits: 66 Good splits: 63
Reward: 38650.4344383 Total splits: 66 Good splits: 63
Reward: 26878.6765829 Total splits: 68 Good splits: 67
Reward: 19199.9996455 Total splits: 66 Good splits: 62
Reward: 31283.6969585 Total splits: 72 Good splits: 69
Reward: 37834.0358917 Total splits: 63 Good splits: 60
Reward: 38035.2526945 Total splits: 74 Good splits: 71
Reward: 20527.913108 Total splits: 70 Good splits: 66
Reward: 34164.0532384 Total splits: 63 Good splits: 60
Reward: 41264.7719429 Total splits: 70 Good splits: 68
Reward: 37831.4277641 Total splits: 64 Good splits: 61
Reward: 35441.1552637 Total splits: 68 Good splits: 65
Reward: 32905.3781749 Total splits: 66 Good splits: 60
Reward: 24271.5312238 Total splits: 52 Good splits: 50
Reward: 27097.0246311 Total splits: 75 Good splits: 72
Reward: 35484.2424468 Total splits: 57 Good splits: 56
Reward: 37494.8175555 Total splits: 61 Good splits: 56
Reward: 38497.3977638 Total splits: 63 Good splits: 58
Reward: 37701.8149643 Total splits: 64 Good splits: 62
Reward: 33111.1580039 Total splits: 64 Good splits: 62
Reward: 27268.680517 Total splits: 65 Good splits: 60
Reward: 34678.9761527 Total splits: 65 Good splits: 64
Reward: 32406.8360315 Total splits: 64 Good splits: 62
Reward: 32590.3137296 Total splits: 61 Good splits: 59
Reward: 41039.6444072 Total splits: 66 Good splits: 64
Reward: 34928.0532359 Total splits: 67 Good splits: 65
Reward: 33705.5274579 Total splits: 75 Good splits: 74
Reward: 28555.8847284 Total splits: 70 Good splits: 68
Reward: 24190.5896704 Total splits: 60 Good splits: 58
Reward: 33258.4715183 Total splits: 55 Good splits: 52
Reward: 22330.276513 Total splits: 65 Good splits: 62
Reward: 28222.8739643 Total splits: 61 Good splits: 57
Reward: 34986.9234672 Total splits: 67 Good splits: 64
Reward: 32641.6566785 Total splits: 61 Good splits: 59
Reward: 42913.9231618 Total splits: 61 Good splits: 57
Reward: 41079.3052584 Total splits: 63 Good splits: 63
Reward: 30046.1730312 Total splits: 63 Good splits: 61
Reward: 41115.9880135 Total splits: 68 Good splits: 66
Reward: 30126.8981607 Total splits: 64 Good splits: 58
Reward: 42001.0216814 Total splits: 69 Good splits: 67
Reward: 34380.8081749 Total splits: 65 Good splits: 61
Reward: 43893.9955339 Total splits: 67 Good splits: 66
Reward: 32455.8701175 Total splits: 63 Good splits: 60
Reward: 36159.8226533 Total splits: 61 Good splits: 57
Reward: 36909.7924555 Total splits: 63 Good splits: 62
Reward: 25458.7307647 Total splits: 69 Good splits: 67
Reward: 29926.4532033 Total splits: 63 Good splits: 59
Reward: 35924.6875464 Total splits: 68 Good splits: 68
Reward: 44341.1675162 Total splits: 65 Good splits: 64
Reward: 40976.4038254 Total splits: 62 Good splits: 60
Reward: 30510.1165615 Total splits: 68 Good splits: 63
Reward: 24079.4394249 Total splits: 69 Good splits: 67
Reward: 30146.7763802 Total splits: 62 Good splits: 57
Reward: 28674.6456886 Total splits: 65 Good splits: 63
Reward: 38070.0201031 Total splits: 61 Good splits: 58
Reward: 25545.8732551 Total splits: 70 Good splits: 67
Reward: 43641.2777128 Total splits: 75 Good splits: 71
Reward: 34070.6657845 Total splits: 61 Good splits: 59
Reward: 24339.6228461 Total splits: 56 Good splits: 51
Reward: 31834.2390121 Total splits: 66 Good splits: 63
Reward: 32272.8635282 Total splits: 64 Good splits: 58
Reward: 44289.2718388 Total splits: 68 Good splits: 65
Reward: 31542.4474474 Total splits: 66 Good splits: 63
Reward: 33326.4890649 Total splits: 67 Good splits: 65
Reward: 35450.9501769 Total splits: 66 Good splits: 66
Reward: 32412.5625987 Total splits: 71 Good splits: 69
Reward: 30795.8178689 Total splits: 65 Good splits: 61
Reward: 40259.5860826 Total splits: 63 Good splits: 62
Reward: 35436.9765378 Total splits: 62 Good splits: 59
Reward: 32425.037143 Total splits: 72 Good splits: 70
Reward: 42769.5867067 Total splits: 72 Good splits: 68
Reward: 31708.6607861 Total splits: 68 Good splits: 66
Reward: 45588.2575122 Total splits: 70 Good splits: 65
Reward: 37261.2784068 Total splits: 62 Good splits: 60
Reward: 40792.776212 Total splits: 62 Good splits: 56
Reward: 30547.5826316 Total splits: 65 Good splits: 64
Reward: 46594.8339224 Total splits: 62 Good splits: 61
Reward: 39623.512439 Total splits: 70 Good splits: 70
Reward: 40944.5914328 Total splits: 69 Good splits: 64
Reward: 32901.5274699 Total splits: 60 Good splits: 56
Reward: 36367.7963657 Total splits: 75 Good splits: 71
Reward: 38938.3085305 Total splits: 73 Good splits: 71
Reward: 31631.5075287 Total splits: 69 Good splits: 66
Reward: 26289.545982 Total splits: 64 Good splits: 61
Reward: 24152.8811196 Total splits: 65 Good splits: 59
Reward: 34905.5168704 Total splits: 67 Good splits: 62
Reward: 27853.348691 Total splits: 70 Good splits: 67
Reward: 35045.1050603 Total splits: 64 Good splits: 62
Reward: 41855.3850652 Total splits: 72 Good splits: 71
Reward: 35006.9719295 Total splits: 65 Good splits: 62
Reward: 31259.9717607 Total splits: 64 Good splits: 60
Reward: 34858.6465532 Total splits: 60 Good splits: 58
Reward: 30046.9162772 Total splits: 65 Good splits: 64
Reward: 35361.2139153 Total splits: 66 Good splits: 65
Reward: 37492.2851046 Total splits: 62 Good splits: 58
Reward: 42137.8027041 Total splits: 66 Good splits: 63
Reward: 18309.3075545 Total splits: 64 Good splits: 59
Reward: 37120.8500251 Total splits: 70 Good splits: 66
Reward: 41963.3350774 Total splits: 61 Good splits: 60
Reward: 39433.7697372 Total splits: 68 Good splits: 64
Reward: 31881.2900993 Total splits: 63 Good splits: 59
Reward: 33614.8423896 Total splits: 63 Good splits: 59
Reward: 27738.5606133 Total splits: 58 Good splits: 53
Reward: 43299.1074473 Total splits: 66 Good splits: 66
Reward: 31639.7326092 Total splits: 59 Good splits: 58
Reward: 27619.9722312 Total splits: 65 Good splits: 64
Reward: 28638.2719492 Total splits: 73 Good splits: 70
Reward: 37779.8739599 Total splits: 73 Good splits: 71
Reward: 35909.7450079 Total splits: 63 Good splits: 60
Reward: 39450.8570447 Total splits: 61 Good splits: 60
Reward: 33522.1133506 Total splits: 67 Good splits: 64
Reward: 26054.4898373 Total splits: 68 Good splits: 65
Reward: 31776.788969 Total splits: 62 Good splits: 61
Reward: 39786.1014559 Total splits: 66 Good splits: 65
Reward: 42299.7164515 Total splits: 67 Good splits: 64
Reward: 30447.9538609 Total splits: 57 Good splits: 55
Reward: 30703.4972394 Total splits: 62 Good splits: 58
Reward: 34730.9399765 Total splits: 71 Good splits: 67
Reward: 33124.9798138 Total splits: 60 Good splits: 54
Reward: 37979.580416 Total splits: 64 Good splits: 61
Reward: 40218.5090758 Total splits: 70 Good splits: 67
Reward: 36476.2133908 Total splits: 68 Good splits: 65
Reward: 37254.7107496 Total splits: 70 Good splits: 69
Reward: 39849.8155177 Total splits: 64 Good splits: 61
Reward: 34407.2634938 Total splits: 61 Good splits: 59
Reward: 36065.9550019 Total splits: 66 Good splits: 63
Reward: 32887.2004112 Total splits: 60 Good splits: 56
Reward: 37473.0907043 Total splits: 65 Good splits: 63
Reward: 35090.7626715 Total splits: 74 Good splits: 70
Reward: 35162.3852065 Total splits: 62 Good splits: 58
Reward: 35701.6620238 Total splits: 63 Good splits: 59
Reward: 34498.8926467 Total splits: 71 Good splits: 68
Reward: 43276.3983544 Total splits: 65 Good splits: 62
Reward: 35813.6843967 Total splits: 65 Good splits: 63
Reward: 37600.2081729 Total splits: 64 Good splits: 58
Reward: 35487.694601 Total splits: 66 Good splits: 66
Reward: 44652.994152 Total splits: 64 Good splits: 63
Reward: 27596.5364104 Total splits: 60 Good splits: 58
Reward: 28462.542738 Total splits: 61 Good splits: 55
Reward: 37494.3913534 Total splits: 64 Good splits: 63
Reward: 33061.8127699 Total splits: 62 Good splits: 60
Reward: 39957.941448 Total splits: 64 Good splits: 60
Reward: 37952.5832518 Total splits: 69 Good splits: 67
Reward: 45563.2374383 Total splits: 69 Good splits: 67
Reward: 34800.5394157 Total splits: 72 Good splits: 70
Reward: 28705.8513984 Total splits: 59 Good splits: 57
Reward: 41763.2526684 Total splits: 66 Good splits: 62

Results after 200 tests
Average total rewards : 34357.2723231
Average total splits  : 65.395
Average good splits   : 62.525
Average good splits % : 95.6112852665

Reward: 36777.7545794 Total splits: 67 Good splits: 64
Reward: 32465.498023 Total splits: 59 Good splits: 58
Reward: 25772.9527249 Total splits: 54 Good splits: 51
Reward: 31833.3056835 Total splits: 70 Good splits: 68
Reward: 28637.1696908 Total splits: 76 Good splits: 74
Reward: 22995.1978437 Total splits: 66 Good splits: 64
Reward: 31489.8099653 Total splits: 66 Good splits: 65
Reward: 44852.3493856 Total splits: 70 Good splits: 66
Reward: 31768.6765023 Total splits: 71 Good splits: 69
Reward: 41155.0065855 Total splits: 73 Good splits: 69
Reward: 39396.5675545 Total splits: 66 Good splits: 64
Reward: 38098.0423639 Total splits: 59 Good splits: 57
Reward: 36248.6564937 Total splits: 63 Good splits: 61
Reward: 40000.4209442 Total splits: 69 Good splits: 67
Reward: 34482.780112 Total splits: 68 Good splits: 66
Reward: 22218.6169381 Total splits: 64 Good splits: 63
Reward: 47389.4066432 Total splits: 66 Good splits: 63
Reward: 25089.4939475 Total splits: 65 Good splits: 63
Reward: 38702.9382079 Total splits: 67 Good splits: 62
Reward: 37279.4016702 Total splits: 70 Good splits: 68
Reward: 25534.818016 Total splits: 72 Good splits: 71
Reward: 40290.7839062 Total splits: 66 Good splits: 63
Reward: 34475.3034693 Total splits: 68 Good splits: 62
Reward: 39263.4546861 Total splits: 63 Good splits: 62
Reward: 36585.3795353 Total splits: 59 Good splits: 56
Reward: 41641.9933121 Total splits: 63 Good splits: 62
Reward: 32450.7394245 Total splits: 67 Good splits: 66
Reward: 40837.1816651 Total splits: 64 Good splits: 59
Reward: 40830.9631455 Total splits: 65 Good splits: 62
Reward: 28466.3820618 Total splits: 53 Good splits: 50
Reward: 30219.4531275 Total splits: 62 Good splits: 60
Reward: 32797.7119509 Total splits: 66 Good splits: 61
Reward: 40213.6024722 Total splits: 74 Good splits: 70
Reward: 36620.5622347 Total splits: 67 Good splits: 66
Reward: 29672.164251 Total splits: 65 Good splits: 63
Reward: 30942.5002639 Total splits: 64 Good splits: 61
Reward: 44505.6466092 Total splits: 64 Good splits: 62
Reward: 38412.0762844 Total splits: 68 Good splits: 63
Reward: 32446.5190378 Total splits: 72 Good splits: 70
Reward: 38590.0420295 Total splits: 74 Good splits: 72
Reward: 36740.6827885 Total splits: 66 Good splits: 64
Reward: 29252.3504015 Total splits: 66 Good splits: 62
Reward: 33988.9496596 Total splits: 54 Good splits: 49
Reward: 39357.1719459 Total splits: 64 Good splits: 60
Reward: 37894.292169 Total splits: 62 Good splits: 60
Reward: 27983.0058441 Total splits: 60 Good splits: 54
Reward: 23165.0326218 Total splits: 60 Good splits: 58
Reward: 46407.4540704 Total splits: 68 Good splits: 66
Reward: 23141.0227543 Total splits: 64 Good splits: 62
Reward: 34769.3724475 Total splits: 73 Good splits: 70
Reward: 30558.8980389 Total splits: 68 Good splits: 65
Reward: 34089.4839087 Total splits: 67 Good splits: 62
Reward: 38699.2656484 Total splits: 61 Good splits: 60
Reward: 27941.7727683 Total splits: 72 Good splits: 71
Reward: 22442.2087143 Total splits: 65 Good splits: 61
Reward: 32541.9127784 Total splits: 71 Good splits: 69
Reward: 40380.2603689 Total splits: 63 Good splits: 60
Reward: 40432.284052 Total splits: 64 Good splits: 63
Reward: 40941.4129319 Total splits: 71 Good splits: 68
Reward: 36753.1596454 Total splits: 63 Good splits: 61
Reward: 30889.7149339 Total splits: 70 Good splits: 65
Reward: 30680.7646115 Total splits: 70 Good splits: 67
Reward: 29348.5469858 Total splits: 58 Good splits: 55
Reward: 37437.4807089 Total splits: 69 Good splits: 66
Reward: 33088.1313209 Total splits: 66 Good splits: 66
Reward: 22681.2702159 Total splits: 58 Good splits: 50
Reward: 35486.5530262 Total splits: 68 Good splits: 67
Reward: 31947.0666809 Total splits: 63 Good splits: 59
Reward: 39547.3497687 Total splits: 72 Good splits: 69
Reward: 30230.8880328 Total splits: 71 Good splits: 67
Reward: 41335.7797344 Total splits: 70 Good splits: 67
Reward: 23404.2604667 Total splits: 58 Good splits: 52
Reward: 28372.427867 Total splits: 62 Good splits: 59
Reward: 32749.6188595 Total splits: 66 Good splits: 62
Reward: 34674.1792642 Total splits: 70 Good splits: 65
Reward: 40452.7923836 Total splits: 69 Good splits: 65
Reward: 36497.7863587 Total splits: 62 Good splits: 62
Reward: 40474.170865 Total splits: 73 Good splits: 71
Reward: 39022.3061101 Total splits: 68 Good splits: 65
Reward: 35723.3695013 Total splits: 63 Good splits: 61
Reward: 40033.8502905 Total splits: 67 Good splits: 65
Reward: 34087.0912885 Total splits: 58 Good splits: 54
Reward: 38656.2937139 Total splits: 69 Good splits: 66
Reward: 42580.9527598 Total splits: 67 Good splits: 66
Reward: 23567.8193673 Total splits: 70 Good splits: 69
Reward: 22990.8748375 Total splits: 58 Good splits: 56
Reward: 41210.0205228 Total splits: 64 Good splits: 60
Reward: 38675.6338005 Total splits: 71 Good splits: 68
Reward: 35956.7197715 Total splits: 67 Good splits: 65
Reward: 26207.3024208 Total splits: 66 Good splits: 62
Reward: 31532.5937838 Total splits: 69 Good splits: 65
Reward: 33621.8754622 Total splits: 49 Good splits: 45
Reward: 25697.1745154 Total splits: 72 Good splits: 69
Reward: 43335.5503512 Total splits: 65 Good splits: 64
Reward: 25836.5125671 Total splits: 56 Good splits: 54
Reward: 33043.0971576 Total splits: 67 Good splits: 66
Reward: 40943.8567787 Total splits: 70 Good splits: 68
Reward: 28991.1517323 Total splits: 67 Good splits: 65
Reward: 41565.2944154 Total splits: 66 Good splits: 66
Reward: 34018.2464701 Total splits: 62 Good splits: 59

Results after 100 tests
Average total rewards : 34355.276866
Average total splits  : 65.73
Average good splits   : 63.0
Average good splits % : 95.8466453674

Reward: 36483.017159 Total splits: 71 Good splits: 68
Reward: 37245.3467383 Total splits: 71 Good splits: 65
Reward: 27184.2795136 Total splits: 67 Good splits: 64
Reward: 27989.8960272 Total splits: 65 Good splits: 58
Reward: 35787.6950914 Total splits: 64 Good splits: 62
Reward: 34305.01553 Total splits: 68 Good splits: 63
Reward: 43500.6786976 Total splits: 63 Good splits: 62
Reward: 41137.3324702 Total splits: 68 Good splits: 66
Reward: 30360.7653081 Total splits: 62 Good splits: 59
Reward: 35313.1216051 Total splits: 69 Good splits: 65
Reward: 37055.6734456 Total splits: 64 Good splits: 60
Reward: 39927.3794736 Total splits: 63 Good splits: 58
Reward: 42687.7418093 Total splits: 65 Good splits: 63
Reward: 31667.8800663 Total splits: 58 Good splits: 54
Reward: 37008.6195991 Total splits: 60 Good splits: 56
Reward: 33851.1723049 Total splits: 64 Good splits: 61
Reward: 36523.8854215 Total splits: 66 Good splits: 63
Reward: 42393.1789096 Total splits: 63 Good splits: 60
Reward: 34071.3940471 Total splits: 73 Good splits: 72
Reward: 39711.9389226 Total splits: 61 Good splits: 61
Reward: 38205.0442511 Total splits: 68 Good splits: 66
Reward: 38030.4664205 Total splits: 69 Good splits: 64
Reward: 38988.9364808 Total splits: 69 Good splits: 63
Reward: 37580.3915234 Total splits: 69 Good splits: 66
Reward: 36483.6978102 Total splits: 64 Good splits: 58
Reward: 37967.7174991 Total splits: 64 Good splits: 63
Reward: 36963.527415 Total splits: 70 Good splits: 68
Reward: 25955.0313808 Total splits: 67 Good splits: 62
Reward: 20878.5555904 Total splits: 72 Good splits: 65
Reward: 33857.3561857 Total splits: 69 Good splits: 67
Reward: 28586.3409947 Total splits: 57 Good splits: 53
Reward: 32222.4016513 Total splits: 70 Good splits: 69
Reward: 34947.8662974 Total splits: 70 Good splits: 68
Reward: 33903.7283302 Total splits: 66 Good splits: 63
Reward: 37061.993361 Total splits: 60 Good splits: 56
Reward: 40097.4460176 Total splits: 74 Good splits: 70
Reward: 40251.250744 Total splits: 65 Good splits: 62
Reward: 32802.5741145 Total splits: 68 Good splits: 65
Reward: 39288.731775 Total splits: 69 Good splits: 67
Reward: 36334.4258729 Total splits: 68 Good splits: 64
Reward: 24316.7962239 Total splits: 60 Good splits: 56
Reward: 39692.9820569 Total splits: 70 Good splits: 69
Reward: 33800.9499009 Total splits: 65 Good splits: 63
Reward: 25432.6597934 Total splits: 65 Good splits: 63
Reward: 31223.7229403 Total splits: 64 Good splits: 60
Reward: 40469.7692204 Total splits: 73 Good splits: 71
Reward: 38449.6999062 Total splits: 62 Good splits: 58
Reward: 34393.8750663 Total splits: 70 Good splits: 64
Reward: 28533.7662528 Total splits: 56 Good splits: 50
Reward: 24490.0028269 Total splits: 66 Good splits: 63
Reward: 35393.9062975 Total splits: 66 Good splits: 65
Reward: 30921.0544382 Total splits: 67 Good splits: 61
Reward: 44504.4731587 Total splits: 71 Good splits: 69
Reward: 41830.4235739 Total splits: 63 Good splits: 60
Reward: 14715.2483019 Total splits: 61 Good splits: 59
Reward: 45749.1722536 Total splits: 69 Good splits: 67
Reward: 40055.6659395 Total splits: 63 Good splits: 63
Reward: 36836.9693354 Total splits: 63 Good splits: 59
Reward: 37186.4894977 Total splits: 68 Good splits: 67
Reward: 31419.7690034 Total splits: 64 Good splits: 63
Reward: 38820.534243 Total splits: 61 Good splits: 59
Reward: 33817.76705 Total splits: 71 Good splits: 70
Reward: 27292.7350775 Total splits: 66 Good splits: 61
Reward: 36882.648532 Total splits: 64 Good splits: 60
Reward: 35405.4023049 Total splits: 68 Good splits: 64
Reward: 37547.7452849 Total splits: 78 Good splits: 73
Reward: 43252.7262077 Total splits: 63 Good splits: 61
Reward: 33560.6810919 Total splits: 55 Good splits: 50
Reward: 32191.2863829 Total splits: 64 Good splits: 64
Reward: 36575.9326305 Total splits: 65 Good splits: 62
Reward: 27512.6639266 Total splits: 71 Good splits: 67
Reward: 25579.442643 Total splits: 69 Good splits: 68
Reward: 44145.886743 Total splits: 75 Good splits: 72
Reward: 41465.5208588 Total splits: 62 Good splits: 59
Reward: 43616.1341024 Total splits: 74 Good splits: 69
Reward: 45850.3630763 Total splits: 68 Good splits: 66
Reward: 30228.9486026 Total splits: 59 Good splits: 56
Reward: 46488.424694 Total splits: 65 Good splits: 61
Reward: 31329.2482521 Total splits: 61 Good splits: 57
Reward: 37197.939525 Total splits: 64 Good splits: 58
Reward: 41480.9942541 Total splits: 69 Good splits: 68
Reward: 38642.0353653 Total splits: 73 Good splits: 69
Reward: 21680.9439319 Total splits: 71 Good splits: 68
Reward: 33058.5952325 Total splits: 66 Good splits: 65
Reward: 39442.6031915 Total splits: 70 Good splits: 68
Reward: 34980.9988695 Total splits: 67 Good splits: 64
Reward: 41781.5325553 Total splits: 67 Good splits: 64
Reward: 29963.0514573 Total splits: 66 Good splits: 62
Reward: 19146.5194248 Total splits: 66 Good splits: 61
Reward: 43036.8606573 Total splits: 61 Good splits: 59
Reward: 27349.8804189 Total splits: 58 Good splits: 55
Reward: 37687.8410225 Total splits: 73 Good splits: 68
Reward: 28529.5162826 Total splits: 64 Good splits: 62
Reward: 41481.5949826 Total splits: 69 Good splits: 66
Reward: 41562.4053404 Total splits: 72 Good splits: 68
Reward: 42329.6421895 Total splits: 67 Good splits: 64
Reward: 35047.1756196 Total splits: 70 Good splits: 68
Reward: 35339.2344825 Total splits: 67 Good splits: 66
Reward: 34893.1207746 Total splits: 63 Good splits: 59
Reward: 28895.8370942 Total splits: 67 Good splits: 66

Results after 100 tests
Average total rewards : 35291.2330622
Average total splits  : 66.28
Average good splits   : 63.16
Average good splits % : 95.2926976463

Reward: 43352.158586 Total splits: 63 Good splits: 59
Reward: 44116.1894844 Total splits: 60 Good splits: 57
Reward: 37906.4583051 Total splits: 60 Good splits: 57
Reward: 31939.5036313 Total splits: 70 Good splits: 66
Reward: 32373.4347073 Total splits: 62 Good splits: 57
Reward: 37403.3075134 Total splits: 64 Good splits: 62
Reward: 26023.1415432 Total splits: 64 Good splits: 61
Reward: 27451.7624088 Total splits: 64 Good splits: 59
Reward: 39897.4663075 Total splits: 61 Good splits: 60
Reward: 26170.3641082 Total splits: 64 Good splits: 57
Reward: 35732.2150279 Total splits: 72 Good splits: 70
Reward: 25885.0098293 Total splits: 61 Good splits: 59
Reward: 39253.5807592 Total splits: 66 Good splits: 63
Reward: 21855.4615597 Total splits: 79 Good splits: 76
Reward: 29973.2204372 Total splits: 67 Good splits: 65
Reward: 36701.3302322 Total splits: 60 Good splits: 59
Reward: 30104.1123325 Total splits: 68 Good splits: 66
Reward: 21577.5668333 Total splits: 68 Good splits: 64
Reward: 28281.1493643 Total splits: 75 Good splits: 71
Reward: 22971.1844595 Total splits: 68 Good splits: 63
Reward: 28410.2119538 Total splits: 66 Good splits: 63
Reward: 21356.4770204 Total splits: 64 Good splits: 59
Reward: 28459.9002077 Total splits: 62 Good splits: 58
Reward: 31254.5018155 Total splits: 59 Good splits: 54
Reward: 26800.839399 Total splits: 60 Good splits: 53
Reward: 32021.7803022 Total splits: 66 Good splits: 63
Reward: 42771.1727526 Total splits: 64 Good splits: 60
Reward: 37383.8034072 Total splits: 64 Good splits: 61
Reward: 36456.4510116 Total splits: 69 Good splits: 65
Reward: 26745.677 Total splits: 63 Good splits: 58
Reward: 29708.5230714 Total splits: 68 Good splits: 67
Reward: 19271.6897989 Total splits: 73 Good splits: 67
Reward: 39001.0119643 Total splits: 67 Good splits: 66
Reward: 37920.9064089 Total splits: 70 Good splits: 68
Reward: 21744.1402546 Total splits: 56 Good splits: 51
Reward: 34154.86965 Total splits: 64 Good splits: 62
Reward: 24177.4638705 Total splits: 50 Good splits: 47
Reward: 30046.1569552 Total splits: 68 Good splits: 68
Reward: 26959.2762904 Total splits: 68 Good splits: 65
Reward: 35437.8648218 Total splits: 64 Good splits: 62
Reward: 41442.3804512 Total splits: 70 Good splits: 67
Reward: 39079.1819588 Total splits: 62 Good splits: 61
Reward: 26953.6920604 Total splits: 70 Good splits: 66
Reward: 38123.4608439 Total splits: 76 Good splits: 75
Reward: 28369.9639634 Total splits: 72 Good splits: 70
Reward: 43164.7741569 Total splits: 69 Good splits: 65
Reward: 29154.7689769 Total splits: 55 Good splits: 50
Reward: 27635.4002025 Total splits: 72 Good splits: 70
Reward: 40658.1334317 Total splits: 70 Good splits: 69
Reward: 42468.2026399 Total splits: 67 Good splits: 67
Reward: 34093.8115189 Total splits: 66 Good splits: 64
Reward: 29435.8327895 Total splits: 64 Good splits: 61
Reward: 16574.4960715 Total splits: 66 Good splits: 64
Reward: 44469.7453848 Total splits: 67 Good splits: 67
Reward: 45279.9122479 Total splits: 64 Good splits: 61
Reward: 21052.6598975 Total splits: 68 Good splits: 67
Reward: 32144.4516289 Total splits: 65 Good splits: 64
Reward: 36549.0056981 Total splits: 72 Good splits: 68
Reward: 19481.5480591 Total splits: 63 Good splits: 59
Reward: 30684.0800483 Total splits: 66 Good splits: 63
Reward: 40015.7668425 Total splits: 71 Good splits: 68
Reward: 42248.3028679 Total splits: 61 Good splits: 57
Reward: 24254.1089481 Total splits: 60 Good splits: 55
Reward: 32881.3483131 Total splits: 61 Good splits: 59
Reward: 31882.5058417 Total splits: 61 Good splits: 53
Reward: 38120.1058889 Total splits: 59 Good splits: 57
Reward: 41567.5701371 Total splits: 67 Good splits: 65
Reward: 39177.2229153 Total splits: 59 Good splits: 55
Reward: 26254.4962118 Total splits: 68 Good splits: 64
Reward: 31700.3387455 Total splits: 69 Good splits: 64
Reward: 29310.2118615 Total splits: 69 Good splits: 66
Reward: 36760.7214377 Total splits: 69 Good splits: 65
Reward: 37238.3606296 Total splits: 65 Good splits: 60
Reward: 42296.7219569 Total splits: 73 Good splits: 69
Reward: 39907.4464226 Total splits: 67 Good splits: 64
Reward: 37232.1144283 Total splits: 65 Good splits: 62
Reward: 30047.5224171 Total splits: 70 Good splits: 67
Reward: 30452.820718 Total splits: 59 Good splits: 55
Reward: 30425.0966842 Total splits: 65 Good splits: 62
Reward: 42926.371053 Total splits: 63 Good splits: 58
Reward: 41950.4130845 Total splits: 70 Good splits: 70
Reward: 31575.5630349 Total splits: 69 Good splits: 66
Reward: 40689.5327577 Total splits: 62 Good splits: 60
Reward: 33155.879168 Total splits: 66 Good splits: 65
Reward: 36653.6277745 Total splits: 61 Good splits: 57
Reward: 42114.9179989 Total splits: 67 Good splits: 65
Reward: 42382.1634835 Total splits: 61 Good splits: 58
Reward: 42164.8013447 Total splits: 67 Good splits: 66
Reward: 36596.3248973 Total splits: 66 Good splits: 61
Reward: 32718.7363322 Total splits: 59 Good splits: 56
Reward: 42088.1203555 Total splits: 67 Good splits: 67
Reward: 32966.0525424 Total splits: 68 Good splits: 66
Reward: 19766.6059065 Total splits: 63 Good splits: 61
Reward: 36704.6148952 Total splits: 68 Good splits: 67
Reward: 41557.8505447 Total splits: 67 Good splits: 65
Reward: 31780.4408131 Total splits: 66 Good splits: 64
Reward: 31600.7376805 Total splits: 67 Good splits: 65
Reward: 26650.0182924 Total splits: 71 Good splits: 69
Reward: 39681.86496 Total splits: 65 Good splits: 63
Reward: 30263.1159851 Total splits: 65 Good splits: 60
Reward: 39910.0681206 Total splits: 71 Good splits: 71
Reward: 33265.7949994 Total splits: 56 Good splits: 51
Reward: 29871.5281091 Total splits: 68 Good splits: 62
Reward: 39003.9367296 Total splits: 60 Good splits: 59
Reward: 32297.0575849 Total splits: 68 Good splits: 67
Reward: 26737.6197095 Total splits: 67 Good splits: 63
Reward: 24602.894196 Total splits: 73 Good splits: 69
Reward: 29596.1130792 Total splits: 69 Good splits: 68
Reward: 36209.09723 Total splits: 66 Good splits: 64
Reward: 31511.6344964 Total splits: 77 Good splits: 68
Reward: 39634.3469512 Total splits: 62 Good splits: 59
Reward: 36044.8687272 Total splits: 59 Good splits: 55
Reward: 33544.9001708 Total splits: 61 Good splits: 59
Reward: 29103.0499164 Total splits: 59 Good splits: 57
Reward: 32048.1887049 Total splits: 67 Good splits: 63
Reward: 31645.9565993 Total splits: 59 Good splits: 56
Reward: 24914.3912919 Total splits: 71 Good splits: 68
Reward: 21845.9386241 Total splits: 68 Good splits: 64
Reward: 41544.6391964 Total splits: 65 Good splits: 65
Reward: 31838.937486 Total splits: 60 Good splits: 59
Reward: 35213.8592856 Total splits: 69 Good splits: 63
Reward: 34080.0227818 Total splits: 64 Good splits: 58
Reward: 26510.5606953 Total splits: 62 Good splits: 57
Reward: 32459.8116373 Total splits: 61 Good splits: 58
Reward: 41932.0472801 Total splits: 68 Good splits: 64
Reward: 28023.127041 Total splits: 72 Good splits: 69
Reward: 37466.8768278 Total splits: 67 Good splits: 66
Reward: 30703.5887755 Total splits: 69 Good splits: 62
Reward: 33671.6499617 Total splits: 68 Good splits: 63
Reward: 36205.9245287 Total splits: 55 Good splits: 54
Reward: 28075.6566429 Total splits: 67 Good splits: 63
Reward: 38407.069394 Total splits: 58 Good splits: 57
Reward: 34068.3542463 Total splits: 63 Good splits: 61
Reward: 31627.0880659 Total splits: 68 Good splits: 65
Reward: 21304.6875807 Total splits: 68 Good splits: 63
Reward: 31143.4197124 Total splits: 73 Good splits: 70
Reward: 25104.7986605 Total splits: 56 Good splits: 50
Reward: 30379.0073651 Total splits: 64 Good splits: 61
Reward: 45204.1437046 Total splits: 70 Good splits: 69
Reward: 30937.9373684 Total splits: 58 Good splits: 53
Reward: 37387.8324164 Total splits: 60 Good splits: 58
Reward: 31225.9909452 Total splits: 67 Good splits: 63
Reward: 33570.1340885 Total splits: 57 Good splits: 54
Reward: 38912.5293441 Total splits: 68 Good splits: 65
Reward: 35928.0406087 Total splits: 72 Good splits: 71
Reward: 29658.8562165 Total splits: 69 Good splits: 67
Reward: 42210.863228 Total splits: 66 Good splits: 62
Reward: 35241.3485371 Total splits: 62 Good splits: 61
Reward: 43067.9041095 Total splits: 70 Good splits: 70
Reward: 34459.2092255 Total splits: 59 Good splits: 55
Reward: 32760.0362468 Total splits: 67 Good splits: 65
Reward: 38979.8614007 Total splits: 66 Good splits: 65
Reward: 33295.8987785 Total splits: 69 Good splits: 68
Reward: 39669.117924 Total splits: 76 Good splits: 75
Reward: 37840.4990213 Total splits: 68 Good splits: 67
Reward: 37180.7481936 Total splits: 59 Good splits: 57
Reward: 33128.4902144 Total splits: 65 Good splits: 61
Reward: 35605.6968279 Total splits: 65 Good splits: 60
Reward: 41181.3192925 Total splits: 73 Good splits: 70
Reward: 33581.8829302 Total splits: 63 Good splits: 61
Reward: 26232.4447234 Total splits: 67 Good splits: 63
Reward: 31898.9993815 Total splits: 66 Good splits: 64
Reward: 41255.796647 Total splits: 69 Good splits: 66
Reward: 27656.316084 Total splits: 69 Good splits: 64
Reward: 36592.7469601 Total splits: 73 Good splits: 70
Reward: 45827.8476616 Total splits: 70 Good splits: 67
Reward: 44275.8283666 Total splits: 68 Good splits: 65
Reward: 37141.1763582 Total splits: 64 Good splits: 62
Reward: 32063.4982796 Total splits: 63 Good splits: 62
Reward: 38218.3668224 Total splits: 69 Good splits: 63
Reward: 36385.9365308 Total splits: 68 Good splits: 67
Reward: 38783.2807811 Total splits: 62 Good splits: 57
Reward: 38573.1916965 Total splits: 69 Good splits: 66
Reward: 41017.3823733 Total splits: 67 Good splits: 65
Reward: 17560.9317436 Total splits: 65 Good splits: 62
Reward: 37612.8532756 Total splits: 64 Good splits: 60
Reward: 35615.7406163 Total splits: 65 Good splits: 62
Reward: 32002.8810206 Total splits: 63 Good splits: 62
Reward: 41243.5772054 Total splits: 64 Good splits: 62
Reward: 29325.267099 Total splits: 65 Good splits: 63
Reward: 29217.7073708 Total splits: 67 Good splits: 66
Reward: 36678.5632762 Total splits: 60 Good splits: 57
Reward: 31824.4431214 Total splits: 65 Good splits: 63
Reward: 24643.6069256 Total splits: 65 Good splits: 62
Reward: 26261.533178 Total splits: 72 Good splits: 70
Reward: 31440.9877985 Total splits: 66 Good splits: 63
Reward: 28207.0911919 Total splits: 66 Good splits: 62
Reward: 26224.2469931 Total splits: 79 Good splits: 74
Reward: 37176.796796 Total splits: 67 Good splits: 64
Reward: 37762.152443 Total splits: 65 Good splits: 63
Reward: 32194.017218 Total splits: 73 Good splits: 72
Reward: 36164.8221342 Total splits: 69 Good splits: 64
Reward: 34830.4806683 Total splits: 73 Good splits: 69
Reward: 34899.5231707 Total splits: 58 Good splits: 54
Reward: 30958.4860773 Total splits: 66 Good splits: 65
Reward: 37381.2701666 Total splits: 63 Good splits: 62
Reward: 37758.8995222 Total splits: 69 Good splits: 67
Reward: 28702.8006145 Total splits: 62 Good splits: 58
Reward: 43919.1141816 Total splits: 69 Good splits: 67
Reward: 29097.3315319 Total splits: 68 Good splits: 66

Results after 200 tests
Average total rewards : 33604.1608231
Average total splits  : 65.8
Average good splits   : 62.85
Average good splits % : 95.5167173252

