Reward: 37784.2526609 Total splits: 58 Good splits: 54
Reward: 28400.9644266 Total splits: 57 Good splits: 56
Reward: 23915.980483 Total splits: 59 Good splits: 56
Reward: 30371.6220702 Total splits: 62 Good splits: 59
Reward: 28149.6408766 Total splits: 59 Good splits: 55
Reward: 34841.3379114 Total splits: 57 Good splits: 51
Reward: 34731.5866702 Total splits: 61 Good splits: 58
Reward: 29318.0633866 Total splits: 60 Good splits: 59
Reward: 24270.840487 Total splits: 61 Good splits: 58
Reward: 32725.8451441 Total splits: 58 Good splits: 56
Reward: 34997.8608286 Total splits: 62 Good splits: 60
Reward: 43639.1975503 Total splits: 56 Good splits: 54
Reward: 31278.3899209 Total splits: 61 Good splits: 59
Reward: 31807.3010258 Total splits: 63 Good splits: 61
Reward: 33105.121868 Total splits: 66 Good splits: 62
Reward: 28741.8147564 Total splits: 58 Good splits: 56
Reward: 40127.3321511 Total splits: 60 Good splits: 60
Reward: 31556.3626681 Total splits: 57 Good splits: 55
Reward: 21278.8545242 Total splits: 64 Good splits: 63
Reward: 9756.66920162 Total splits: 64 Good splits: 60
Reward: 36434.9210302 Total splits: 61 Good splits: 60
Reward: 34410.6679524 Total splits: 58 Good splits: 56
Reward: 37931.0100934 Total splits: 52 Good splits: 49
Reward: 44231.5718625 Total splits: 63 Good splits: 63
Reward: 37431.2629649 Total splits: 62 Good splits: 61
Reward: 42702.3611756 Total splits: 63 Good splits: 63
Reward: 36153.6685498 Total splits: 62 Good splits: 61
Reward: 24569.7656315 Total splits: 57 Good splits: 53
Reward: 45863.1150694 Total splits: 59 Good splits: 57
Reward: 22006.5445741 Total splits: 71 Good splits: 71
Reward: 43120.8108604 Total splits: 63 Good splits: 59
Reward: 35964.4288701 Total splits: 58 Good splits: 57
Reward: 32515.4829205 Total splits: 61 Good splits: 58
Reward: 35001.3991578 Total splits: 60 Good splits: 58
Reward: 31310.669028 Total splits: 65 Good splits: 59
Reward: 35926.9969066 Total splits: 61 Good splits: 60
Reward: 36472.9378454 Total splits: 58 Good splits: 54
Reward: 31316.9236787 Total splits: 67 Good splits: 61
Reward: 41399.1304254 Total splits: 56 Good splits: 56
Reward: 38576.5704047 Total splits: 61 Good splits: 59
Reward: 27259.5093141 Total splits: 57 Good splits: 54
Reward: 30726.6658099 Total splits: 61 Good splits: 58
Reward: 37699.4425682 Total splits: 62 Good splits: 59
Reward: 39476.9876883 Total splits: 61 Good splits: 58
Reward: 24560.8964079 Total splits: 62 Good splits: 61
Reward: 40613.5069957 Total splits: 61 Good splits: 60
Reward: 29244.3393282 Total splits: 66 Good splits: 66
Reward: 35352.4202427 Total splits: 68 Good splits: 64
Reward: 26639.2374883 Total splits: 61 Good splits: 57
Reward: 22577.4282363 Total splits: 65 Good splits: 61
Reward: 31391.0814026 Total splits: 62 Good splits: 61
Reward: 33521.912775 Total splits: 54 Good splits: 52
Reward: 20386.9092979 Total splits: 58 Good splits: 57
Reward: 23700.6929056 Total splits: 56 Good splits: 55
Reward: 42909.3522491 Total splits: 65 Good splits: 63
Reward: 33919.7584686 Total splits: 67 Good splits: 67
Reward: 34438.8475157 Total splits: 56 Good splits: 54
Reward: 29216.4822805 Total splits: 58 Good splits: 57
Reward: 26901.9002833 Total splits: 47 Good splits: 43
Reward: 35697.3437996 Total splits: 58 Good splits: 56
Reward: 34681.7603178 Total splits: 58 Good splits: 58
Reward: 28766.1628866 Total splits: 64 Good splits: 62
Reward: 34333.4160172 Total splits: 58 Good splits: 55
Reward: 27170.4941182 Total splits: 60 Good splits: 58
Reward: 31105.9351738 Total splits: 59 Good splits: 57
Reward: 30639.0305487 Total splits: 58 Good splits: 56
Reward: 41692.3091026 Total splits: 62 Good splits: 61
Reward: 42811.1880189 Total splits: 63 Good splits: 62
Reward: 34297.1815595 Total splits: 58 Good splits: 54
Reward: 41801.9626057 Total splits: 58 Good splits: 55
Reward: 30349.9320761 Total splits: 59 Good splits: 57
Reward: 40888.9928835 Total splits: 60 Good splits: 58
Reward: 20735.4391613 Total splits: 65 Good splits: 64
Reward: 32090.6780323 Total splits: 59 Good splits: 58
Reward: 34854.1383252 Total splits: 57 Good splits: 55
Reward: 33321.511029 Total splits: 62 Good splits: 58
Reward: 29489.5164524 Total splits: 63 Good splits: 59
Reward: 28092.8733382 Total splits: 57 Good splits: 52
Reward: 35593.6414131 Total splits: 64 Good splits: 61
Reward: 27945.0949182 Total splits: 58 Good splits: 54
Reward: 36520.6024539 Total splits: 63 Good splits: 60
Reward: 27878.1164383 Total splits: 55 Good splits: 52
Reward: 37941.1136433 Total splits: 63 Good splits: 60
Reward: 38899.4855095 Total splits: 63 Good splits: 62
Reward: 34457.4285857 Total splits: 56 Good splits: 54
Reward: 37738.1502939 Total splits: 59 Good splits: 57
Reward: 27070.2121358 Total splits: 58 Good splits: 56
Reward: 27346.5996218 Total splits: 54 Good splits: 51
Reward: 20607.3552309 Total splits: 60 Good splits: 52
Reward: 37374.5024306 Total splits: 65 Good splits: 63
Reward: 33189.9293476 Total splits: 59 Good splits: 56
Reward: 38474.0599099 Total splits: 57 Good splits: 55
Reward: 41617.1225262 Total splits: 59 Good splits: 59
Reward: 29433.7268506 Total splits: 57 Good splits: 54
Reward: 29694.5334437 Total splits: 60 Good splits: 58
Reward: 36993.0353095 Total splits: 61 Good splits: 57
Reward: 33216.8615125 Total splits: 63 Good splits: 62
Reward: 38249.7829401 Total splits: 61 Good splits: 60
Reward: 27556.409277 Total splits: 66 Good splits: 65
Reward: 27097.5923603 Total splits: 61 Good splits: 58
Reward: 37683.6685088 Total splits: 66 Good splits: 65
Reward: 15268.6555724 Total splits: 57 Good splits: 56
Reward: 32470.9550447 Total splits: 61 Good splits: 60
Reward: 37325.0503859 Total splits: 63 Good splits: 61
Reward: 33758.8021742 Total splits: 64 Good splits: 62
Reward: 42307.8828419 Total splits: 63 Good splits: 61
Reward: 32540.776284 Total splits: 62 Good splits: 59
Reward: 41504.9090496 Total splits: 65 Good splits: 61
Reward: 35682.5197459 Total splits: 65 Good splits: 63
Reward: 24151.0234599 Total splits: 58 Good splits: 56
Reward: 31941.4895954 Total splits: 63 Good splits: 62
Reward: 40455.6964036 Total splits: 58 Good splits: 56
Reward: 37062.0680002 Total splits: 65 Good splits: 63
Reward: 38073.3876187 Total splits: 61 Good splits: 59
Reward: 33483.0086074 Total splits: 59 Good splits: 57
Reward: 34561.2443512 Total splits: 64 Good splits: 63
Reward: 32599.5211028 Total splits: 66 Good splits: 64
Reward: 34761.6593231 Total splits: 58 Good splits: 56
Reward: 36592.429226 Total splits: 61 Good splits: 60
Reward: 37375.3818988 Total splits: 66 Good splits: 65
Reward: 41943.538533 Total splits: 61 Good splits: 61
Reward: 32504.5492213 Total splits: 61 Good splits: 59
Reward: 35733.5024971 Total splits: 59 Good splits: 59
Reward: 37136.1646706 Total splits: 57 Good splits: 55
Reward: 41393.10169 Total splits: 64 Good splits: 62
Reward: 35300.8903149 Total splits: 60 Good splits: 59
Reward: 44403.7938682 Total splits: 61 Good splits: 57
Reward: 36747.1483889 Total splits: 56 Good splits: 53
Reward: 41902.4931427 Total splits: 61 Good splits: 61
Reward: 37294.2395489 Total splits: 63 Good splits: 63
Reward: 35502.0939196 Total splits: 58 Good splits: 57
Reward: 39744.4173061 Total splits: 65 Good splits: 65
Reward: 36231.0423655 Total splits: 63 Good splits: 60
Reward: 36051.8513463 Total splits: 60 Good splits: 59
Reward: 35053.142721 Total splits: 57 Good splits: 57
Reward: 28030.3387808 Total splits: 55 Good splits: 51
Reward: 33819.0633417 Total splits: 55 Good splits: 53
Reward: 40996.2717277 Total splits: 59 Good splits: 58
Reward: 24563.811301 Total splits: 58 Good splits: 55
Reward: 29091.8533178 Total splits: 62 Good splits: 60
Reward: 39244.3810243 Total splits: 61 Good splits: 60
Reward: 34077.8039125 Total splits: 61 Good splits: 61
Reward: 31887.5169212 Total splits: 58 Good splits: 56
Reward: 38710.6405742 Total splits: 63 Good splits: 62
Reward: 36905.7776438 Total splits: 62 Good splits: 58
Reward: 26850.4829132 Total splits: 53 Good splits: 51
Reward: 24366.5885642 Total splits: 53 Good splits: 52
Reward: 37647.9217713 Total splits: 55 Good splits: 52
Reward: 26938.0002042 Total splits: 67 Good splits: 64
Reward: 36091.3260993 Total splits: 61 Good splits: 57
Reward: 31945.6101223 Total splits: 61 Good splits: 58
Reward: 33670.0694697 Total splits: 65 Good splits: 61
Reward: 43541.9438877 Total splits: 61 Good splits: 57
Reward: 34866.5004397 Total splits: 59 Good splits: 55
Reward: 37703.1429142 Total splits: 62 Good splits: 59
Reward: 33762.5851034 Total splits: 58 Good splits: 57
Reward: 33810.7182196 Total splits: 59 Good splits: 56
Reward: 33707.9935244 Total splits: 65 Good splits: 63
Reward: 27600.5216724 Total splits: 62 Good splits: 60
Reward: 27826.7423993 Total splits: 52 Good splits: 49
Reward: 33142.3300884 Total splits: 62 Good splits: 59
Reward: 37905.2153616 Total splits: 66 Good splits: 66
Reward: 40988.4765648 Total splits: 62 Good splits: 59
Reward: 39211.9580324 Total splits: 60 Good splits: 57
Reward: 41004.7331338 Total splits: 67 Good splits: 64
Reward: 29251.9958776 Total splits: 60 Good splits: 58
Reward: 32561.5049614 Total splits: 61 Good splits: 59
Reward: 24425.279875 Total splits: 50 Good splits: 48
Reward: 35679.6643694 Total splits: 60 Good splits: 57
Reward: 31550.991492 Total splits: 60 Good splits: 59
Reward: 38602.277004 Total splits: 65 Good splits: 65
Reward: 21290.0915778 Total splits: 67 Good splits: 65
Reward: 43060.9674011 Total splits: 60 Good splits: 58
Reward: 36204.574043 Total splits: 61 Good splits: 60
Reward: 44255.5838743 Total splits: 63 Good splits: 60
Reward: 28899.6474654 Total splits: 70 Good splits: 69
Reward: 31701.207793 Total splits: 56 Good splits: 54
Reward: 41388.5630083 Total splits: 59 Good splits: 58
Reward: 32955.9382892 Total splits: 55 Good splits: 52
Reward: 24602.2136914 Total splits: 61 Good splits: 57
Reward: 24844.3804947 Total splits: 49 Good splits: 47
Reward: 26836.7426907 Total splits: 63 Good splits: 61
Reward: 36939.703979 Total splits: 60 Good splits: 56
Reward: 28061.1570105 Total splits: 63 Good splits: 58
Reward: 29987.9540434 Total splits: 58 Good splits: 53
Reward: 28609.9625585 Total splits: 63 Good splits: 57
Reward: 42304.4684377 Total splits: 59 Good splits: 56
Reward: 33447.8520026 Total splits: 62 Good splits: 61
Reward: 32980.427307 Total splits: 67 Good splits: 63
Reward: 38138.410876 Total splits: 61 Good splits: 60
Reward: 40206.5339846 Total splits: 62 Good splits: 61
Reward: 32017.3481202 Total splits: 57 Good splits: 55
Reward: 31911.2004073 Total splits: 62 Good splits: 60
Reward: 34572.7825759 Total splits: 58 Good splits: 55
Reward: 34575.3177209 Total splits: 59 Good splits: 55
Reward: 38355.3467405 Total splits: 59 Good splits: 57
Reward: 31518.4265169 Total splits: 62 Good splits: 60
Reward: 35466.2996139 Total splits: 54 Good splits: 52
Reward: 29939.22586 Total splits: 56 Good splits: 53
Reward: 34512.594218 Total splits: 58 Good splits: 56
Reward: 33213.3954896 Total splits: 60 Good splits: 57
Reward: 38055.1018812 Total splits: 60 Good splits: 58
Reward: 35212.6167667 Total splits: 60 Good splits: 59
Reward: 37085.4947857 Total splits: 62 Good splits: 59
Reward: 29185.4922294 Total splits: 48 Good splits: 46
Reward: 34036.9576095 Total splits: 61 Good splits: 59
Reward: 31251.7149887 Total splits: 64 Good splits: 63
Reward: 33855.2951843 Total splits: 62 Good splits: 59
Reward: 29539.6917135 Total splits: 64 Good splits: 62
Reward: 41805.8627646 Total splits: 64 Good splits: 61
Reward: 20786.0745123 Total splits: 63 Good splits: 62
Reward: 39851.7129843 Total splits: 61 Good splits: 60
Reward: 25749.5749154 Total splits: 57 Good splits: 54
Reward: 41366.6169919 Total splits: 55 Good splits: 53
Reward: 30528.67099 Total splits: 66 Good splits: 65
Reward: 38209.5498897 Total splits: 60 Good splits: 58
Reward: 35059.2753721 Total splits: 57 Good splits: 56
Reward: 40006.4823163 Total splits: 58 Good splits: 57
Reward: 31872.6244885 Total splits: 67 Good splits: 65
Reward: 29028.9668122 Total splits: 59 Good splits: 57
Reward: 32424.7916095 Total splits: 60 Good splits: 58
Reward: 28746.4563633 Total splits: 61 Good splits: 56
Reward: 37854.5339429 Total splits: 66 Good splits: 63
Reward: 39517.5741599 Total splits: 63 Good splits: 61
Reward: 39075.6246228 Total splits: 60 Good splits: 59
Reward: 19808.8850877 Total splits: 59 Good splits: 58
Reward: 30344.8315119 Total splits: 56 Good splits: 55
Reward: 41057.4808593 Total splits: 60 Good splits: 58
Reward: 28870.4528643 Total splits: 61 Good splits: 60
Reward: 45364.9606649 Total splits: 65 Good splits: 63
Reward: 35501.242806 Total splits: 66 Good splits: 65
Reward: 34057.2149892 Total splits: 64 Good splits: 61
Reward: 20802.5561814 Total splits: 56 Good splits: 56
Reward: 37735.7831438 Total splits: 63 Good splits: 60
Reward: 31341.8617867 Total splits: 58 Good splits: 52
Reward: 30549.4533331 Total splits: 58 Good splits: 57
Reward: 27969.2133407 Total splits: 56 Good splits: 52
Reward: 38422.986157 Total splits: 61 Good splits: 60
Reward: 37375.9985042 Total splits: 65 Good splits: 63
Reward: 31898.0433358 Total splits: 57 Good splits: 55
Reward: 45334.7975538 Total splits: 63 Good splits: 61
Reward: 35689.0131255 Total splits: 60 Good splits: 59
Reward: 44635.9363245 Total splits: 56 Good splits: 54
Reward: 28900.5133472 Total splits: 56 Good splits: 54
Reward: 34596.1009965 Total splits: 62 Good splits: 59
Reward: 40255.4734398 Total splits: 62 Good splits: 61
Reward: 38556.8613893 Total splits: 56 Good splits: 54
Reward: 27995.9831881 Total splits: 58 Good splits: 56
Reward: 22345.9112542 Total splits: 56 Good splits: 52
Reward: 44857.079824 Total splits: 64 Good splits: 64
Reward: 31563.7958364 Total splits: 62 Good splits: 61
Reward: 38759.9257376 Total splits: 57 Good splits: 53
Reward: 36050.7343045 Total splits: 60 Good splits: 57
Reward: 31463.6243103 Total splits: 61 Good splits: 57
Reward: 28377.2390782 Total splits: 51 Good splits: 49
Reward: 34804.124386 Total splits: 63 Good splits: 61
Reward: 32749.2511418 Total splits: 59 Good splits: 56
Reward: 31525.68577 Total splits: 65 Good splits: 61
Reward: 25394.1007193 Total splits: 65 Good splits: 62
Reward: 43636.2196152 Total splits: 64 Good splits: 63
Reward: 38612.157411 Total splits: 66 Good splits: 66
Reward: 36433.4700729 Total splits: 59 Good splits: 57
Reward: 35215.7129065 Total splits: 59 Good splits: 58
Reward: 36146.8709166 Total splits: 62 Good splits: 60
Reward: 33789.272367 Total splits: 63 Good splits: 62
Reward: 44378.1140444 Total splits: 66 Good splits: 65
Reward: 23348.2224353 Total splits: 57 Good splits: 50
Reward: 30684.0211584 Total splits: 54 Good splits: 50
Reward: 27745.806253 Total splits: 60 Good splits: 59
Reward: 31803.8969501 Total splits: 64 Good splits: 61
Reward: 29237.8805155 Total splits: 60 Good splits: 58
Reward: 28372.7711675 Total splits: 59 Good splits: 57
Reward: 25723.4465652 Total splits: 62 Good splits: 60
Reward: 32926.975427 Total splits: 62 Good splits: 60
Reward: 34271.7732124 Total splits: 56 Good splits: 54
Reward: 7417.66640412 Total splits: 61 Good splits: 58
Reward: 40583.3505486 Total splits: 56 Good splits: 54
Reward: 33857.4691721 Total splits: 58 Good splits: 55
Reward: 36033.6937761 Total splits: 63 Good splits: 62
Reward: 44156.4448217 Total splits: 63 Good splits: 62
Reward: 42403.8102227 Total splits: 59 Good splits: 57
Reward: 41366.4791478 Total splits: 57 Good splits: 54
Reward: 31321.8014229 Total splits: 58 Good splits: 56
Reward: 24633.6635313 Total splits: 65 Good splits: 63
Reward: 28397.6231224 Total splits: 54 Good splits: 52
Reward: 32541.458389 Total splits: 63 Good splits: 61
Reward: 33207.7469511 Total splits: 59 Good splits: 58
Reward: 43132.1015111 Total splits: 59 Good splits: 56
Reward: 36159.7321647 Total splits: 62 Good splits: 60
Reward: 36078.9701293 Total splits: 56 Good splits: 55
Reward: 43218.9706145 Total splits: 58 Good splits: 58
Reward: 22861.6818732 Total splits: 64 Good splits: 63
Reward: 38640.7833867 Total splits: 64 Good splits: 61
Reward: 34137.9376719 Total splits: 61 Good splits: 60
Reward: 41423.1056763 Total splits: 60 Good splits: 59
Reward: 39630.8074674 Total splits: 57 Good splits: 55
Reward: 33993.7482534 Total splits: 57 Good splits: 56
Reward: 41211.4297266 Total splits: 60 Good splits: 58
Reward: 37660.7686839 Total splits: 65 Good splits: 63
Reward: 36272.0402011 Total splits: 62 Good splits: 62
Reward: 29113.5121775 Total splits: 56 Good splits: 52
Reward: 31698.6941994 Total splits: 60 Good splits: 59
Reward: 25507.6264187 Total splits: 58 Good splits: 57
Reward: 32591.0398211 Total splits: 58 Good splits: 56
Reward: 23970.411869 Total splits: 64 Good splits: 62
Reward: 27028.7226647 Total splits: 60 Good splits: 58
Reward: 31145.3988537 Total splits: 61 Good splits: 59
Reward: 30483.567315 Total splits: 67 Good splits: 65
Reward: 36824.5917492 Total splits: 60 Good splits: 58
Reward: 35145.8798069 Total splits: 61 Good splits: 58
Reward: 27530.0014639 Total splits: 59 Good splits: 58
Reward: 34296.1900491 Total splits: 60 Good splits: 56
Reward: 36016.1803778 Total splits: 56 Good splits: 55
Reward: 36110.4240699 Total splits: 66 Good splits: 63
Reward: 31044.2538244 Total splits: 62 Good splits: 61
Reward: 29450.4369955 Total splits: 60 Good splits: 58
Reward: 36716.3381222 Total splits: 62 Good splits: 61
Reward: 28882.9992737 Total splits: 51 Good splits: 46
Reward: 32158.1140127 Total splits: 61 Good splits: 59
Reward: 35562.5802149 Total splits: 62 Good splits: 60
Reward: 43929.7021526 Total splits: 64 Good splits: 63
Reward: 26308.6374622 Total splits: 59 Good splits: 56
Reward: 27825.6617919 Total splits: 65 Good splits: 63
Reward: 32167.9877514 Total splits: 55 Good splits: 55
Reward: 21593.9838687 Total splits: 60 Good splits: 60
Reward: 29278.1032536 Total splits: 60 Good splits: 58
Reward: 38484.0340405 Total splits: 59 Good splits: 58
Reward: 29305.4898682 Total splits: 62 Good splits: 57
Reward: 34998.5230752 Total splits: 64 Good splits: 62
Reward: 38942.5053551 Total splits: 56 Good splits: 54
Reward: 34874.0313441 Total splits: 65 Good splits: 62
Reward: 43105.3412131 Total splits: 65 Good splits: 63
Reward: 30722.3949388 Total splits: 57 Good splits: 56
Reward: 28121.5154449 Total splits: 56 Good splits: 54
Reward: 42503.8680726 Total splits: 62 Good splits: 60
Reward: 34987.5247548 Total splits: 62 Good splits: 61
Reward: 33476.0683886 Total splits: 61 Good splits: 59
Reward: 33832.1159658 Total splits: 57 Good splits: 55
Reward: 40568.3800895 Total splits: 61 Good splits: 60
Reward: 28021.9468595 Total splits: 60 Good splits: 56
Reward: 43406.0730938 Total splits: 60 Good splits: 57
Reward: 37829.8638198 Total splits: 58 Good splits: 55
Reward: 32340.517301 Total splits: 61 Good splits: 58
Reward: 42326.1463866 Total splits: 62 Good splits: 61
Reward: 36114.0307182 Total splits: 62 Good splits: 60
Reward: 38001.9168749 Total splits: 64 Good splits: 61
Reward: 29670.2705676 Total splits: 55 Good splits: 52
Reward: 38517.4516356 Total splits: 64 Good splits: 63
Reward: 13565.9519995 Total splits: 69 Good splits: 67
Reward: 33831.7977635 Total splits: 59 Good splits: 59
Reward: 31439.2142662 Total splits: 59 Good splits: 56
Reward: 19523.6717112 Total splits: 68 Good splits: 64
Reward: 33484.9871291 Total splits: 58 Good splits: 56
Reward: 37658.2044352 Total splits: 61 Good splits: 59
Reward: 35075.0013216 Total splits: 57 Good splits: 56
Reward: 35090.0265173 Total splits: 57 Good splits: 54
Reward: 34633.0062101 Total splits: 58 Good splits: 55
Reward: 27480.4598716 Total splits: 57 Good splits: 51
Reward: 42679.8163523 Total splits: 59 Good splits: 58
Reward: 31213.0961516 Total splits: 60 Good splits: 58
Reward: 40458.3001419 Total splits: 70 Good splits: 70
Reward: 30199.6911619 Total splits: 59 Good splits: 54
Reward: 34331.1380574 Total splits: 64 Good splits: 61
Reward: 28845.8305572 Total splits: 62 Good splits: 59
Reward: 32076.0684808 Total splits: 60 Good splits: 58
Reward: 40940.171449 Total splits: 60 Good splits: 60
Reward: 29652.6135092 Total splits: 62 Good splits: 59
Reward: 37964.339751 Total splits: 63 Good splits: 59
Reward: 44669.7922717 Total splits: 65 Good splits: 63
Reward: 39935.8566227 Total splits: 61 Good splits: 60
Reward: 34264.291363 Total splits: 63 Good splits: 62
Reward: 31218.1550721 Total splits: 61 Good splits: 61
Reward: 31627.2488585 Total splits: 57 Good splits: 56
Reward: 36818.8389302 Total splits: 59 Good splits: 57
Reward: 39193.4216785 Total splits: 61 Good splits: 58
Reward: 43068.7954757 Total splits: 60 Good splits: 58
Reward: 42860.2521594 Total splits: 60 Good splits: 58
Reward: 33750.9015214 Total splits: 59 Good splits: 55
Reward: 33705.0765243 Total splits: 58 Good splits: 55
Reward: 23987.8998346 Total splits: 70 Good splits: 68
Reward: 41248.5815011 Total splits: 58 Good splits: 56
Reward: 33002.9097208 Total splits: 56 Good splits: 56
Reward: 32706.9723557 Total splits: 64 Good splits: 60
Reward: 31243.9285251 Total splits: 60 Good splits: 59
Reward: 38799.7618507 Total splits: 64 Good splits: 63
Reward: 39581.7656279 Total splits: 60 Good splits: 57
Reward: 35385.5984667 Total splits: 65 Good splits: 65
Reward: 34037.1506125 Total splits: 60 Good splits: 59
Reward: 45475.0537486 Total splits: 64 Good splits: 63
Reward: 38591.6056899 Total splits: 58 Good splits: 55
Reward: 37134.6461081 Total splits: 62 Good splits: 57
Reward: 32229.7434514 Total splits: 58 Good splits: 57
Reward: 35488.6793105 Total splits: 59 Good splits: 57
Reward: 24352.2131926 Total splits: 66 Good splits: 65
Reward: 36400.1218552 Total splits: 68 Good splits: 66
Reward: 30324.1813311 Total splits: 53 Good splits: 49
Reward: 44490.9933857 Total splits: 61 Good splits: 59
Reward: 33059.3258672 Total splits: 58 Good splits: 55
Reward: 41581.1119645 Total splits: 55 Good splits: 54
Reward: 36185.8776724 Total splits: 64 Good splits: 60

Results after 400 tests
Average total rewards : 33851.3581961
Average total splits  : 60.4625
Average good splits   : 58.3075
Average good splits % : 96.4358073186

Reward: 32922.9104641 Total splits: 61 Good splits: 60
Reward: 23220.0538312 Total splits: 60 Good splits: 60
Reward: 30463.0467368 Total splits: 64 Good splits: 62
Reward: 41985.2984542 Total splits: 61 Good splits: 57
Reward: 34822.6990929 Total splits: 57 Good splits: 52
Reward: 32977.4178424 Total splits: 66 Good splits: 64
Reward: 23760.467706 Total splits: 58 Good splits: 54
Reward: 39953.0652707 Total splits: 64 Good splits: 61
Reward: 24190.5516811 Total splits: 53 Good splits: 52
Reward: 27183.3835966 Total splits: 54 Good splits: 51
Reward: 41540.4660461 Total splits: 61 Good splits: 60
Reward: 28185.621718 Total splits: 61 Good splits: 60
Reward: 42060.7644798 Total splits: 60 Good splits: 58
Reward: 31240.4454197 Total splits: 58 Good splits: 56
Reward: 31483.8646717 Total splits: 59 Good splits: 58
Reward: 24318.3725595 Total splits: 63 Good splits: 60
Reward: 41467.1341668 Total splits: 61 Good splits: 61
Reward: 37892.2878173 Total splits: 64 Good splits: 63
Reward: 28718.4351181 Total splits: 54 Good splits: 49
Reward: 42453.841249 Total splits: 58 Good splits: 58
Reward: 27183.9648101 Total splits: 62 Good splits: 59
Reward: 29798.0778037 Total splits: 59 Good splits: 54
Reward: 39899.5995322 Total splits: 58 Good splits: 56
Reward: 35244.7627483 Total splits: 57 Good splits: 54
Reward: 43186.8556016 Total splits: 60 Good splits: 59
Reward: 39882.4864997 Total splits: 59 Good splits: 57
Reward: 28198.892972 Total splits: 63 Good splits: 62
Reward: 26810.4762312 Total splits: 63 Good splits: 60
Reward: 31159.3721573 Total splits: 65 Good splits: 64
Reward: 38193.0199903 Total splits: 59 Good splits: 57
Reward: 37495.3371604 Total splits: 57 Good splits: 54
Reward: 43683.3024674 Total splits: 64 Good splits: 64
Reward: 24505.9154207 Total splits: 60 Good splits: 55
Reward: 40461.7278011 Total splits: 60 Good splits: 58
Reward: 33459.4107292 Total splits: 59 Good splits: 58
Reward: 42631.4634247 Total splits: 62 Good splits: 59
Reward: 41498.9400476 Total splits: 64 Good splits: 62
Reward: 41452.2826665 Total splits: 64 Good splits: 64
Reward: 22628.2593293 Total splits: 52 Good splits: 50
Reward: 39036.4271288 Total splits: 53 Good splits: 51
Reward: 37035.7269836 Total splits: 62 Good splits: 60
Reward: 36319.0801106 Total splits: 66 Good splits: 63
Reward: 40305.0360915 Total splits: 68 Good splits: 66
Reward: 33740.8530553 Total splits: 61 Good splits: 60
Reward: 25130.516657 Total splits: 60 Good splits: 57
Reward: 30926.0419212 Total splits: 58 Good splits: 55
Reward: 40997.8107882 Total splits: 59 Good splits: 58
Reward: 41093.7127844 Total splits: 61 Good splits: 58
Reward: 38468.9040901 Total splits: 61 Good splits: 60
Reward: 33305.0655971 Total splits: 55 Good splits: 55
Reward: 34712.4694574 Total splits: 54 Good splits: 52
Reward: 26879.8109602 Total splits: 64 Good splits: 63
Reward: 39174.5056588 Total splits: 61 Good splits: 59
Reward: 39420.3594659 Total splits: 62 Good splits: 62
Reward: 42940.9998936 Total splits: 62 Good splits: 58
Reward: 37055.9506677 Total splits: 57 Good splits: 55
Reward: 27205.6642177 Total splits: 59 Good splits: 58
Reward: 40135.5954989 Total splits: 63 Good splits: 61
Reward: 33279.6507857 Total splits: 62 Good splits: 60
Reward: 38239.2982679 Total splits: 62 Good splits: 60
Reward: 44458.3529058 Total splits: 59 Good splits: 58
Reward: 29971.6416743 Total splits: 52 Good splits: 49
Reward: 20974.5150915 Total splits: 56 Good splits: 54
Reward: 39034.8593825 Total splits: 63 Good splits: 62
Reward: 25802.2395226 Total splits: 59 Good splits: 56
Reward: 37628.6716611 Total splits: 58 Good splits: 55
Reward: 29874.8606247 Total splits: 67 Good splits: 65
Reward: 28984.5114954 Total splits: 61 Good splits: 60
Reward: 30041.4869656 Total splits: 61 Good splits: 59
Reward: 30191.9409079 Total splits: 61 Good splits: 58
Reward: 33505.1693261 Total splits: 56 Good splits: 53
Reward: 39163.5795657 Total splits: 64 Good splits: 62
Reward: 32682.2818541 Total splits: 58 Good splits: 55
Reward: 39782.7171909 Total splits: 65 Good splits: 60
Reward: 40474.7955781 Total splits: 60 Good splits: 57
Reward: 32822.2371321 Total splits: 56 Good splits: 55
Reward: 39403.8803307 Total splits: 65 Good splits: 63
Reward: 29728.989714 Total splits: 61 Good splits: 60
Reward: 35233.9530027 Total splits: 56 Good splits: 53
Reward: 36919.5729225 Total splits: 63 Good splits: 63
Reward: 23522.6840819 Total splits: 52 Good splits: 45
Reward: 36971.2482227 Total splits: 66 Good splits: 66
Reward: 34234.3723488 Total splits: 61 Good splits: 60
Reward: 43349.3935331 Total splits: 58 Good splits: 58
Reward: 31465.7422276 Total splits: 62 Good splits: 61
Reward: 24037.3804054 Total splits: 61 Good splits: 59
Reward: 40364.6350262 Total splits: 59 Good splits: 58
Reward: 35880.4394194 Total splits: 61 Good splits: 58
Reward: 36145.2855315 Total splits: 55 Good splits: 51
Reward: 35272.9338926 Total splits: 62 Good splits: 58
Reward: 37418.3012756 Total splits: 61 Good splits: 61
Reward: 37271.7891335 Total splits: 60 Good splits: 59
Reward: 29049.1772835 Total splits: 58 Good splits: 56
Reward: 37394.7674948 Total splits: 61 Good splits: 59
Reward: 42808.4459039 Total splits: 64 Good splits: 60
Reward: 20415.6860993 Total splits: 63 Good splits: 59
Reward: 44957.1559888 Total splits: 62 Good splits: 60
Reward: 37351.9147795 Total splits: 56 Good splits: 54
Reward: 30623.4509404 Total splits: 48 Good splits: 45
Reward: 42368.4941061 Total splits: 61 Good splits: 60
Reward: 38836.3890787 Total splits: 67 Good splits: 65
Reward: 26042.199473 Total splits: 57 Good splits: 54
Reward: 26578.9290805 Total splits: 66 Good splits: 65
Reward: 22273.1430465 Total splits: 52 Good splits: 50
Reward: 32415.0993499 Total splits: 62 Good splits: 61
Reward: 38944.5478322 Total splits: 58 Good splits: 57
Reward: 32533.5430665 Total splits: 59 Good splits: 55
Reward: 31036.1270731 Total splits: 52 Good splits: 49
Reward: 38181.8166271 Total splits: 60 Good splits: 60
Reward: 33494.5634365 Total splits: 55 Good splits: 52
Reward: 39359.9982812 Total splits: 66 Good splits: 64
Reward: 39436.0454317 Total splits: 61 Good splits: 61
Reward: 45586.6149134 Total splits: 58 Good splits: 57
Reward: 36692.3110475 Total splits: 60 Good splits: 58
Reward: 28177.498323 Total splits: 59 Good splits: 57
Reward: 29460.0332255 Total splits: 61 Good splits: 57
Reward: 39521.4654975 Total splits: 56 Good splits: 53
Reward: 31643.0032498 Total splits: 65 Good splits: 60
Reward: 40999.3234059 Total splits: 61 Good splits: 57
Reward: 39117.4608507 Total splits: 61 Good splits: 57
Reward: 39117.2468623 Total splits: 54 Good splits: 52
Reward: 37584.1243243 Total splits: 62 Good splits: 61
Reward: 38992.0299925 Total splits: 62 Good splits: 61
Reward: 41993.8569654 Total splits: 62 Good splits: 59
Reward: 43121.4759121 Total splits: 66 Good splits: 65
Reward: 43605.7585384 Total splits: 63 Good splits: 61
Reward: 27993.7133215 Total splits: 62 Good splits: 60
Reward: 35478.4488772 Total splits: 60 Good splits: 57
Reward: 20377.9911771 Total splits: 61 Good splits: 57
Reward: 19877.4741888 Total splits: 64 Good splits: 62
Reward: 31819.1702109 Total splits: 58 Good splits: 57
Reward: 26465.8752201 Total splits: 59 Good splits: 58
Reward: 41990.321353 Total splits: 59 Good splits: 58
Reward: 28466.5671982 Total splits: 54 Good splits: 53
Reward: 40683.9396022 Total splits: 59 Good splits: 58
Reward: 30799.0553848 Total splits: 57 Good splits: 55
Reward: 22141.4591387 Total splits: 56 Good splits: 52
Reward: 42658.4560241 Total splits: 61 Good splits: 58
Reward: 36863.9913846 Total splits: 62 Good splits: 61
Reward: 31804.8164257 Total splits: 58 Good splits: 54
Reward: 22548.0392353 Total splits: 60 Good splits: 55
Reward: 33072.4947149 Total splits: 59 Good splits: 58
Reward: 32319.7447969 Total splits: 60 Good splits: 57
Reward: 34679.538657 Total splits: 55 Good splits: 54
Reward: 36407.0237333 Total splits: 59 Good splits: 58
Reward: 31936.9889331 Total splits: 62 Good splits: 59
Reward: 20888.6974971 Total splits: 60 Good splits: 58
Reward: 30856.4508009 Total splits: 55 Good splits: 55
Reward: 37178.2047662 Total splits: 53 Good splits: 52
Reward: 26059.0964749 Total splits: 63 Good splits: 59
Reward: 14654.6341707 Total splits: 62 Good splits: 58
Reward: 26834.9562292 Total splits: 49 Good splits: 46
Reward: 40547.8964983 Total splits: 58 Good splits: 54
Reward: 34965.7604936 Total splits: 61 Good splits: 60
Reward: 29265.1075014 Total splits: 54 Good splits: 52
Reward: 37905.7699422 Total splits: 57 Good splits: 54
Reward: 30331.6891607 Total splits: 60 Good splits: 57
Reward: 42473.0472874 Total splits: 59 Good splits: 58
Reward: 36905.2128967 Total splits: 60 Good splits: 59
Reward: 41456.5835725 Total splits: 67 Good splits: 66
Reward: 39032.2441218 Total splits: 56 Good splits: 55
Reward: 19516.6180098 Total splits: 61 Good splits: 58
Reward: 41398.2758377 Total splits: 57 Good splits: 52
Reward: 32714.3582468 Total splits: 59 Good splits: 56
Reward: 34340.2296882 Total splits: 59 Good splits: 56
Reward: 34453.4968689 Total splits: 65 Good splits: 64
Reward: 33979.5747846 Total splits: 60 Good splits: 59
Reward: 29763.0489739 Total splits: 57 Good splits: 53
Reward: 34304.627277 Total splits: 64 Good splits: 63
Reward: 39817.0106177 Total splits: 61 Good splits: 60
Reward: 23280.7951724 Total splits: 61 Good splits: 54
Reward: 43980.1165587 Total splits: 59 Good splits: 58
Reward: 42904.9304481 Total splits: 61 Good splits: 59
Reward: 40631.6778455 Total splits: 62 Good splits: 59
Reward: 30779.3086928 Total splits: 53 Good splits: 50
Reward: 39455.5360949 Total splits: 62 Good splits: 58
Reward: 24610.8541451 Total splits: 65 Good splits: 64
Reward: 18977.5619017 Total splits: 63 Good splits: 60
Reward: 27931.0672963 Total splits: 61 Good splits: 57
Reward: 38499.8513573 Total splits: 64 Good splits: 63
Reward: 27894.7894032 Total splits: 55 Good splits: 52
Reward: 42562.8099345 Total splits: 61 Good splits: 60
Reward: 20094.4178418 Total splits: 53 Good splits: 51
Reward: 41079.9994301 Total splits: 60 Good splits: 57
Reward: 31969.5611449 Total splits: 63 Good splits: 61
Reward: 37814.1706357 Total splits: 58 Good splits: 55
Reward: 34523.0117898 Total splits: 54 Good splits: 52
Reward: 27705.5848467 Total splits: 61 Good splits: 56
Reward: 40290.8377749 Total splits: 62 Good splits: 62
Reward: 37252.7982175 Total splits: 59 Good splits: 59
Reward: 35365.8377909 Total splits: 60 Good splits: 60
Reward: 26743.2424148 Total splits: 64 Good splits: 59
Reward: 32138.2193007 Total splits: 62 Good splits: 57
Reward: 30769.8951414 Total splits: 58 Good splits: 57
Reward: 24948.2144961 Total splits: 63 Good splits: 60
Reward: 28827.774644 Total splits: 56 Good splits: 54
Reward: 35480.5862489 Total splits: 64 Good splits: 60
Reward: 28812.638964 Total splits: 58 Good splits: 55
Reward: 38037.2356874 Total splits: 62 Good splits: 61
Reward: 33164.2773557 Total splits: 64 Good splits: 64

Results after 200 tests
Average total rewards : 34002.5060935
Average total splits  : 59.905
Average good splits   : 57.72
Average good splits % : 96.3525582172

Reward: 22601.1227917 Total splits: 59 Good splits: 53
Reward: 35408.8716249 Total splits: 56 Good splits: 54
Reward: 26006.0425302 Total splits: 58 Good splits: 54
Reward: 33636.7525139 Total splits: 57 Good splits: 57
Reward: 23638.9886933 Total splits: 62 Good splits: 60
Reward: 39068.6050557 Total splits: 58 Good splits: 54
Reward: 32730.4314683 Total splits: 60 Good splits: 60
Reward: 38152.5537427 Total splits: 64 Good splits: 63
Reward: 32086.4254988 Total splits: 63 Good splits: 62
Reward: 42204.3545381 Total splits: 60 Good splits: 60
Reward: 41371.9329984 Total splits: 56 Good splits: 55
Reward: 26439.7683118 Total splits: 61 Good splits: 60
Reward: 27916.4422849 Total splits: 67 Good splits: 65
Reward: 38592.8190578 Total splits: 58 Good splits: 53
Reward: 29279.2148804 Total splits: 58 Good splits: 57
Reward: 37265.0374017 Total splits: 58 Good splits: 55
Reward: 28435.5342141 Total splits: 58 Good splits: 53
Reward: 33898.8346209 Total splits: 69 Good splits: 66
Reward: 33392.3100741 Total splits: 62 Good splits: 57
Reward: 29169.1383846 Total splits: 52 Good splits: 50
Reward: 34991.8034607 Total splits: 59 Good splits: 57
Reward: 31822.5660691 Total splits: 61 Good splits: 61
Reward: 38067.7281886 Total splits: 60 Good splits: 58
Reward: 30130.2094628 Total splits: 60 Good splits: 57
Reward: 32170.7607104 Total splits: 56 Good splits: 53
Reward: 35722.4717031 Total splits: 60 Good splits: 57
Reward: 38777.2314011 Total splits: 61 Good splits: 58
Reward: 42737.257631 Total splits: 61 Good splits: 59
Reward: 42941.9230278 Total splits: 62 Good splits: 61
Reward: 35573.1816788 Total splits: 61 Good splits: 58
Reward: 39671.1519327 Total splits: 54 Good splits: 53
Reward: 34538.0338316 Total splits: 61 Good splits: 59
Reward: 24240.6344854 Total splits: 57 Good splits: 53
Reward: 29842.5922946 Total splits: 57 Good splits: 56
Reward: 29309.2479157 Total splits: 60 Good splits: 59
Reward: 39217.05359 Total splits: 61 Good splits: 54
Reward: 18035.0697847 Total splits: 51 Good splits: 49
Reward: 35139.550625 Total splits: 61 Good splits: 58
Reward: 41145.5491139 Total splits: 59 Good splits: 59
Reward: 37039.0117856 Total splits: 63 Good splits: 61
Reward: 19098.6761689 Total splits: 65 Good splits: 63
Reward: 37225.9384908 Total splits: 56 Good splits: 56
Reward: 28853.7832695 Total splits: 58 Good splits: 57
Reward: 43878.3161682 Total splits: 58 Good splits: 55
Reward: 35389.1509249 Total splits: 58 Good splits: 57
Reward: 39068.8654974 Total splits: 59 Good splits: 56
Reward: 30848.2397797 Total splits: 60 Good splits: 58
Reward: 31190.0141441 Total splits: 62 Good splits: 59
Reward: 33216.6009404 Total splits: 61 Good splits: 57
Reward: 33756.7628647 Total splits: 60 Good splits: 59
Reward: 22743.8260608 Total splits: 60 Good splits: 57
Reward: 29425.3564092 Total splits: 63 Good splits: 60
Reward: 40179.284448 Total splits: 58 Good splits: 57
Reward: 43278.6581136 Total splits: 61 Good splits: 57
Reward: 40962.3030337 Total splits: 61 Good splits: 59
Reward: 38038.8283997 Total splits: 61 Good splits: 58
Reward: 26549.323048 Total splits: 58 Good splits: 55
Reward: 42052.5592779 Total splits: 59 Good splits: 58
Reward: 42225.7825747 Total splits: 60 Good splits: 59
Reward: 40719.1595404 Total splits: 59 Good splits: 58
Reward: 34491.1202845 Total splits: 60 Good splits: 58
Reward: 36841.6449036 Total splits: 64 Good splits: 62
Reward: 36154.2184153 Total splits: 63 Good splits: 61
Reward: 34753.8053527 Total splits: 60 Good splits: 56
Reward: 43576.1283017 Total splits: 62 Good splits: 61
Reward: 39932.8106553 Total splits: 65 Good splits: 64
Reward: 40836.1453039 Total splits: 62 Good splits: 59
Reward: 36444.6023843 Total splits: 55 Good splits: 54
Reward: 38767.2255754 Total splits: 61 Good splits: 57
Reward: 31241.3037569 Total splits: 67 Good splits: 65
Reward: 22315.0418368 Total splits: 60 Good splits: 58
Reward: 23491.0560571 Total splits: 63 Good splits: 60
Reward: 34828.8230637 Total splits: 64 Good splits: 60
Reward: 37225.0034549 Total splits: 61 Good splits: 58
Reward: 39600.7191969 Total splits: 58 Good splits: 55
Reward: 42796.5942702 Total splits: 61 Good splits: 58
Reward: 34328.2446206 Total splits: 63 Good splits: 63
Reward: 31500.4385368 Total splits: 52 Good splits: 49
Reward: 39307.6688293 Total splits: 61 Good splits: 59
Reward: 42307.6996516 Total splits: 63 Good splits: 63
Reward: 45920.3342308 Total splits: 64 Good splits: 61
Reward: 25308.3188047 Total splits: 67 Good splits: 66
Reward: 34315.8408411 Total splits: 63 Good splits: 61
Reward: 39915.2836305 Total splits: 61 Good splits: 58
Reward: 38108.2681225 Total splits: 59 Good splits: 58
Reward: 27634.1006469 Total splits: 67 Good splits: 65
Reward: 41681.8203468 Total splits: 67 Good splits: 65
Reward: 34561.1170334 Total splits: 54 Good splits: 52
Reward: 35148.1732557 Total splits: 51 Good splits: 47
Reward: 31315.9000577 Total splits: 59 Good splits: 56
Reward: 39532.0171497 Total splits: 63 Good splits: 61
Reward: 12431.5894903 Total splits: 65 Good splits: 64
Reward: 17345.5994953 Total splits: 55 Good splits: 54
Reward: 33727.7003303 Total splits: 59 Good splits: 58
Reward: 35510.0266267 Total splits: 63 Good splits: 60
Reward: 33582.9400464 Total splits: 54 Good splits: 50
Reward: 40762.5832495 Total splits: 61 Good splits: 60
Reward: 37206.59465 Total splits: 64 Good splits: 62
Reward: 44798.0166311 Total splits: 64 Good splits: 64
Reward: 29198.452651 Total splits: 63 Good splits: 59

Results after 100 tests
Average total rewards : 34398.5461028
Average total splits  : 60.26
Average good splits   : 58.04
Average good splits % : 96.3159641553

Reward: 25006.2389624 Total splits: 55 Good splits: 54
Reward: 7506.32546512 Total splits: 60 Good splits: 56
Reward: 39795.0750439 Total splits: 63 Good splits: 62
Reward: 26147.382024 Total splits: 59 Good splits: 54
Reward: 35389.1470089 Total splits: 57 Good splits: 56
Reward: 35511.5853672 Total splits: 65 Good splits: 61
Reward: 35874.5503225 Total splits: 63 Good splits: 61
Reward: 10028.6993326 Total splits: 55 Good splits: 50
Reward: 41118.7754273 Total splits: 69 Good splits: 65
Reward: 30427.9502524 Total splits: 63 Good splits: 61
Reward: 35713.8489926 Total splits: 64 Good splits: 64
Reward: 28317.374926 Total splits: 53 Good splits: 51
Reward: 38442.393085 Total splits: 60 Good splits: 57
Reward: 40477.7198276 Total splits: 60 Good splits: 59
Reward: 33971.1537796 Total splits: 58 Good splits: 57
Reward: 33769.5472624 Total splits: 57 Good splits: 56
Reward: 36666.8145786 Total splits: 58 Good splits: 57
Reward: 29427.0623607 Total splits: 61 Good splits: 57
Reward: 37609.4825966 Total splits: 57 Good splits: 57
Reward: 30373.2971743 Total splits: 60 Good splits: 60
Reward: 42089.5259841 Total splits: 65 Good splits: 64
Reward: 28040.922577 Total splits: 58 Good splits: 56
Reward: 26734.9380497 Total splits: 54 Good splits: 51
Reward: 36253.9485488 Total splits: 56 Good splits: 54
Reward: 31571.1076962 Total splits: 58 Good splits: 55
Reward: 33105.9775792 Total splits: 60 Good splits: 59
Reward: 37609.5221815 Total splits: 57 Good splits: 54
Reward: 27419.3571021 Total splits: 58 Good splits: 54
Reward: 42608.0234158 Total splits: 57 Good splits: 56
Reward: 19891.656782 Total splits: 66 Good splits: 64
Reward: 31069.8071849 Total splits: 59 Good splits: 58
Reward: 36572.577377 Total splits: 64 Good splits: 59
Reward: 36942.5059117 Total splits: 56 Good splits: 53
Reward: 28861.1709372 Total splits: 59 Good splits: 56
Reward: 25681.8469552 Total splits: 65 Good splits: 59
Reward: 37540.9068312 Total splits: 61 Good splits: 58
Reward: 25609.109464 Total splits: 60 Good splits: 60
Reward: 28641.0388411 Total splits: 49 Good splits: 46
Reward: 35330.327069 Total splits: 62 Good splits: 58
Reward: 25106.247309 Total splits: 58 Good splits: 55
Reward: 39535.2923439 Total splits: 61 Good splits: 60
Reward: 32967.3393241 Total splits: 61 Good splits: 61
Reward: 26198.1816331 Total splits: 53 Good splits: 50
Reward: 37188.1557005 Total splits: 59 Good splits: 57
Reward: 43564.6978788 Total splits: 55 Good splits: 51
Reward: 33330.4328484 Total splits: 66 Good splits: 63
Reward: 31997.6080385 Total splits: 60 Good splits: 57
Reward: 29408.1544602 Total splits: 55 Good splits: 53
Reward: 35128.3211588 Total splits: 55 Good splits: 54
Reward: 43973.4126893 Total splits: 56 Good splits: 53
Reward: 35192.9066055 Total splits: 63 Good splits: 61
Reward: 28042.7664644 Total splits: 64 Good splits: 61
Reward: 33912.1837881 Total splits: 56 Good splits: 54
Reward: 37090.4029659 Total splits: 61 Good splits: 61
Reward: 26110.9418388 Total splits: 64 Good splits: 61
Reward: 38686.4071727 Total splits: 60 Good splits: 56
Reward: 35886.8637292 Total splits: 57 Good splits: 55
Reward: 38482.4151527 Total splits: 63 Good splits: 60
Reward: 36786.2229162 Total splits: 61 Good splits: 59
Reward: 41492.0136944 Total splits: 66 Good splits: 61
Reward: 38144.9235627 Total splits: 65 Good splits: 64
Reward: 22720.4009726 Total splits: 60 Good splits: 54
Reward: 35961.3435268 Total splits: 58 Good splits: 57
Reward: 40229.9689689 Total splits: 61 Good splits: 60
Reward: 19132.9446694 Total splits: 65 Good splits: 61
Reward: 32379.4380477 Total splits: 61 Good splits: 56
Reward: 27493.1038504 Total splits: 55 Good splits: 54
Reward: 39928.6585444 Total splits: 59 Good splits: 57
Reward: 26557.4418561 Total splits: 56 Good splits: 54
Reward: 41403.0918069 Total splits: 57 Good splits: 53
Reward: 29791.4599132 Total splits: 51 Good splits: 49
Reward: 24386.0144203 Total splits: 57 Good splits: 57
Reward: 41002.7099903 Total splits: 65 Good splits: 61
Reward: 29180.8771606 Total splits: 57 Good splits: 53
Reward: 36751.9565788 Total splits: 59 Good splits: 56
Reward: 37752.6164101 Total splits: 58 Good splits: 54
Reward: 42171.0073339 Total splits: 55 Good splits: 54
Reward: 39813.854563 Total splits: 58 Good splits: 56
Reward: 35732.2929263 Total splits: 58 Good splits: 57
Reward: 21121.8240541 Total splits: 62 Good splits: 59
Reward: 31382.1203365 Total splits: 60 Good splits: 58
Reward: 33082.3607598 Total splits: 56 Good splits: 52
Reward: 43208.2945946 Total splits: 59 Good splits: 57
Reward: 22235.6815099 Total splits: 62 Good splits: 59
Reward: 40433.5594151 Total splits: 57 Good splits: 54
Reward: 34847.9742138 Total splits: 60 Good splits: 57
Reward: 36471.8094687 Total splits: 57 Good splits: 56
Reward: 35014.5870616 Total splits: 61 Good splits: 59
Reward: 42756.8678259 Total splits: 66 Good splits: 65
Reward: 31108.8399187 Total splits: 58 Good splits: 57
Reward: 43101.4655831 Total splits: 62 Good splits: 58
Reward: 26215.3764146 Total splits: 55 Good splits: 52
Reward: 21882.2278178 Total splits: 58 Good splits: 54
Reward: 27581.1966658 Total splits: 57 Good splits: 54
Reward: 25257.1620662 Total splits: 54 Good splits: 50
Reward: 43427.8600851 Total splits: 61 Good splits: 60
Reward: 38604.64993 Total splits: 56 Good splits: 55
Reward: 23532.8504699 Total splits: 59 Good splits: 54
Reward: 40485.2957743 Total splits: 63 Good splits: 59
Reward: 38715.7901434 Total splits: 60 Good splits: 58

Results after 100 tests
Average total rewards : 33142.315612
Average total splits  : 59.33
Average good splits   : 56.86
Average good splits % : 95.8368447666

Reward: 34213.0059569 Total splits: 59 Good splits: 58
Reward: 25406.2676867 Total splits: 61 Good splits: 61
Reward: 34319.9218841 Total splits: 63 Good splits: 62
Reward: 32393.2343916 Total splits: 55 Good splits: 54
Reward: 45164.940959 Total splits: 62 Good splits: 61
Reward: 37846.5693747 Total splits: 62 Good splits: 61
Reward: 39959.8593164 Total splits: 67 Good splits: 64
Reward: 30778.8552544 Total splits: 60 Good splits: 59
Reward: 25401.8532182 Total splits: 61 Good splits: 54
Reward: 42678.7082746 Total splits: 67 Good splits: 65
Reward: 27392.6301303 Total splits: 65 Good splits: 63
Reward: 35735.6253652 Total splits: 59 Good splits: 58
Reward: 24632.7709164 Total splits: 66 Good splits: 65
Reward: 36507.2335473 Total splits: 60 Good splits: 57
Reward: 29276.3259214 Total splits: 57 Good splits: 55
Reward: 41781.4294574 Total splits: 60 Good splits: 58
Reward: 27223.768725 Total splits: 55 Good splits: 52
Reward: 28255.3842726 Total splits: 55 Good splits: 53
Reward: 36071.4326647 Total splits: 54 Good splits: 54
Reward: 41146.6570451 Total splits: 62 Good splits: 61
Reward: 28440.1123256 Total splits: 56 Good splits: 53
Reward: 38405.8702327 Total splits: 56 Good splits: 55
Reward: 33857.0001051 Total splits: 68 Good splits: 66
Reward: 30829.3146909 Total splits: 58 Good splits: 56
Reward: 29568.6272152 Total splits: 59 Good splits: 53
Reward: 37625.5000483 Total splits: 61 Good splits: 59
Reward: 40617.9991418 Total splits: 60 Good splits: 59
Reward: 22622.8770914 Total splits: 57 Good splits: 54
Reward: 43600.0793874 Total splits: 64 Good splits: 60
Reward: 34946.9475273 Total splits: 51 Good splits: 50
Reward: 30796.8591765 Total splits: 62 Good splits: 60
Reward: 38040.3242358 Total splits: 59 Good splits: 57
Reward: 31511.0287338 Total splits: 61 Good splits: 58
Reward: 30566.6590173 Total splits: 68 Good splits: 67
Reward: 32655.1242233 Total splits: 57 Good splits: 57
Reward: 35683.285027 Total splits: 58 Good splits: 57
Reward: 32383.9535714 Total splits: 53 Good splits: 49
Reward: 41890.1542339 Total splits: 61 Good splits: 59
Reward: 34813.3712978 Total splits: 51 Good splits: 46
Reward: 37556.7722253 Total splits: 60 Good splits: 60
Reward: 27350.8281411 Total splits: 63 Good splits: 61
Reward: 33865.4748217 Total splits: 64 Good splits: 62
Reward: 43641.9846154 Total splits: 62 Good splits: 61
Reward: 39927.1758723 Total splits: 60 Good splits: 56
Reward: 34539.5905927 Total splits: 56 Good splits: 54
Reward: 30236.9283604 Total splits: 60 Good splits: 59
Reward: 31726.7716177 Total splits: 64 Good splits: 64
Reward: 35043.0953875 Total splits: 64 Good splits: 61
Reward: 32495.3461654 Total splits: 59 Good splits: 56
Reward: 33308.7762626 Total splits: 69 Good splits: 68
Reward: 35682.7538509 Total splits: 62 Good splits: 59
Reward: 27823.6461068 Total splits: 55 Good splits: 51
Reward: 29926.327889 Total splits: 63 Good splits: 63
Reward: 33499.4805984 Total splits: 63 Good splits: 61
Reward: 36597.4232837 Total splits: 57 Good splits: 57
Reward: 36307.7097818 Total splits: 63 Good splits: 62
Reward: 39395.0601981 Total splits: 62 Good splits: 60
Reward: 33421.8843907 Total splits: 62 Good splits: 61
Reward: 43960.5216944 Total splits: 65 Good splits: 63
Reward: 32635.1217897 Total splits: 67 Good splits: 65
Reward: 30898.113593 Total splits: 57 Good splits: 54
Reward: 37437.6315854 Total splits: 58 Good splits: 56
Reward: 39791.3656433 Total splits: 60 Good splits: 55
Reward: 34545.602212 Total splits: 58 Good splits: 58
Reward: 39940.597728 Total splits: 60 Good splits: 59
Reward: 36223.2107111 Total splits: 64 Good splits: 63
Reward: 40851.6242907 Total splits: 58 Good splits: 55
Reward: 38266.1184483 Total splits: 62 Good splits: 61
Reward: 25583.5107454 Total splits: 65 Good splits: 61
Reward: 37734.3940976 Total splits: 59 Good splits: 57
Reward: 42440.5380166 Total splits: 63 Good splits: 63
Reward: 42772.7178947 Total splits: 59 Good splits: 59
Reward: 33226.2299143 Total splits: 61 Good splits: 59
Reward: 43422.3157105 Total splits: 58 Good splits: 54
Reward: 28369.9060821 Total splits: 65 Good splits: 64
Reward: 29385.8125303 Total splits: 64 Good splits: 61
Reward: 31755.0012466 Total splits: 55 Good splits: 53
Reward: 33583.0353864 Total splits: 58 Good splits: 57
Reward: 35859.5272376 Total splits: 57 Good splits: 57
Reward: 41521.8090501 Total splits: 55 Good splits: 53
Reward: 33400.6612955 Total splits: 62 Good splits: 62
Reward: 31723.6751103 Total splits: 60 Good splits: 60
Reward: 38803.0538259 Total splits: 64 Good splits: 61
Reward: 32628.335473 Total splits: 64 Good splits: 63
Reward: 23794.4739939 Total splits: 56 Good splits: 53
Reward: 36711.999692 Total splits: 62 Good splits: 59
Reward: 27432.6613618 Total splits: 59 Good splits: 55
Reward: 31673.6959039 Total splits: 64 Good splits: 63
Reward: 22901.6109257 Total splits: 58 Good splits: 53
Reward: 43422.572133 Total splits: 63 Good splits: 63
Reward: 25794.3526385 Total splits: 51 Good splits: 49
Reward: 28843.5274553 Total splits: 53 Good splits: 52
Reward: 26157.0524549 Total splits: 66 Good splits: 62
Reward: 37631.9553746 Total splits: 61 Good splits: 61
Reward: 41713.9483788 Total splits: 63 Good splits: 59
Reward: 28318.5913948 Total splits: 64 Good splits: 62
Reward: 27840.5598303 Total splits: 57 Good splits: 52
Reward: 22098.4273284 Total splits: 48 Good splits: 45
Reward: 32452.5509902 Total splits: 61 Good splits: 60
Reward: 25633.9927187 Total splits: 67 Good splits: 64
Reward: 43376.6205888 Total splits: 61 Good splits: 57
Reward: 33203.2641251 Total splits: 65 Good splits: 61
Reward: 40964.8447621 Total splits: 57 Good splits: 57
Reward: 41104.9715706 Total splits: 59 Good splits: 59
Reward: 36814.115913 Total splits: 62 Good splits: 61
Reward: 38989.4036221 Total splits: 58 Good splits: 56
Reward: 38348.8186117 Total splits: 60 Good splits: 57
Reward: 24674.4843367 Total splits: 59 Good splits: 55
Reward: 21053.4382698 Total splits: 52 Good splits: 47
Reward: 19134.4647666 Total splits: 62 Good splits: 58
Reward: 40133.1566596 Total splits: 57 Good splits: 55
Reward: 39439.3589011 Total splits: 60 Good splits: 59
Reward: 36140.240563 Total splits: 62 Good splits: 57
Reward: 44389.4463738 Total splits: 57 Good splits: 57
Reward: 32673.7060224 Total splits: 55 Good splits: 55
Reward: 38719.8108424 Total splits: 56 Good splits: 54
Reward: 35340.433955 Total splits: 63 Good splits: 62
Reward: 40846.0929084 Total splits: 63 Good splits: 61
Reward: 41070.218345 Total splits: 63 Good splits: 60
Reward: 39361.2619685 Total splits: 59 Good splits: 56
Reward: 29101.2558061 Total splits: 61 Good splits: 58
Reward: 34683.5515377 Total splits: 67 Good splits: 63
Reward: 41486.882477 Total splits: 68 Good splits: 66
Reward: 34028.938326 Total splits: 58 Good splits: 56
Reward: 22449.4913397 Total splits: 64 Good splits: 61
Reward: 38568.1871395 Total splits: 64 Good splits: 61
Reward: 35728.6310167 Total splits: 57 Good splits: 55
Reward: 34748.7893468 Total splits: 65 Good splits: 63
Reward: 36101.5337935 Total splits: 57 Good splits: 56
Reward: 32934.728984 Total splits: 57 Good splits: 55
Reward: 37154.8616388 Total splits: 64 Good splits: 62
Reward: 35875.8423369 Total splits: 62 Good splits: 60
Reward: 34346.2690911 Total splits: 63 Good splits: 61
Reward: 37326.9882569 Total splits: 63 Good splits: 59
Reward: 36585.8974089 Total splits: 62 Good splits: 61
Reward: 16680.024675 Total splits: 61 Good splits: 60
Reward: 40196.2437784 Total splits: 61 Good splits: 60
Reward: 22618.9254827 Total splits: 61 Good splits: 56
Reward: 35962.89745 Total splits: 63 Good splits: 61
Reward: 28619.2805886 Total splits: 64 Good splits: 63
Reward: 42114.5062053 Total splits: 60 Good splits: 58
Reward: 36598.933202 Total splits: 60 Good splits: 59
Reward: 34186.4634149 Total splits: 63 Good splits: 61
Reward: 35586.9405612 Total splits: 59 Good splits: 56
Reward: 37086.7760751 Total splits: 61 Good splits: 55
Reward: 44397.9609246 Total splits: 67 Good splits: 67
Reward: 18863.6852486 Total splits: 51 Good splits: 49
Reward: 33887.0936167 Total splits: 51 Good splits: 50
Reward: 38786.229849 Total splits: 61 Good splits: 59
Reward: 36856.4289511 Total splits: 61 Good splits: 60
Reward: 29308.1938229 Total splits: 58 Good splits: 57
Reward: 34286.5651653 Total splits: 54 Good splits: 51
Reward: 36958.489143 Total splits: 57 Good splits: 51
Reward: 22015.7679328 Total splits: 69 Good splits: 67
Reward: 22956.6571247 Total splits: 55 Good splits: 53
Reward: 37614.6794412 Total splits: 61 Good splits: 59
Reward: 34062.0141605 Total splits: 64 Good splits: 64
Reward: 21120.9355444 Total splits: 64 Good splits: 60
Reward: 33099.6690833 Total splits: 63 Good splits: 61
Reward: 30941.5562286 Total splits: 64 Good splits: 60
Reward: 31689.2105537 Total splits: 56 Good splits: 53
Reward: 30328.1231469 Total splits: 59 Good splits: 55
Reward: 27974.3912096 Total splits: 61 Good splits: 59
Reward: 34011.5691974 Total splits: 61 Good splits: 59
Reward: 25140.7603297 Total splits: 57 Good splits: 54
Reward: 37099.3707577 Total splits: 68 Good splits: 67
Reward: 24564.4776232 Total splits: 55 Good splits: 50
Reward: 31661.3922903 Total splits: 61 Good splits: 60
Reward: 43570.0452888 Total splits: 59 Good splits: 57
Reward: 15336.8201382 Total splits: 65 Good splits: 63
Reward: 33533.8729541 Total splits: 62 Good splits: 61
Reward: 45391.9764931 Total splits: 60 Good splits: 60
Reward: 30603.2927208 Total splits: 56 Good splits: 52
Reward: 34087.2767665 Total splits: 61 Good splits: 59
Reward: 29236.326466 Total splits: 66 Good splits: 64
Reward: 32151.6333878 Total splits: 63 Good splits: 60
Reward: 36663.8367427 Total splits: 59 Good splits: 58
Reward: 43145.6290022 Total splits: 59 Good splits: 57
Reward: 34572.8032385 Total splits: 60 Good splits: 60
Reward: 43291.9996611 Total splits: 63 Good splits: 63
Reward: 39931.0036751 Total splits: 62 Good splits: 59
Reward: 24989.4052706 Total splits: 57 Good splits: 53
Reward: 28031.7701536 Total splits: 59 Good splits: 53
Reward: 37302.9541293 Total splits: 64 Good splits: 63
Reward: 29936.4706812 Total splits: 62 Good splits: 58
Reward: 41515.3134423 Total splits: 57 Good splits: 56
Reward: 38033.0305829 Total splits: 60 Good splits: 58
Reward: 38983.4324066 Total splits: 60 Good splits: 59
Reward: 32896.1531449 Total splits: 57 Good splits: 55
Reward: 31018.3418795 Total splits: 59 Good splits: 57
Reward: 39642.790357 Total splits: 57 Good splits: 55
Reward: 32704.0633691 Total splits: 63 Good splits: 62
Reward: 37395.0384406 Total splits: 62 Good splits: 62
Reward: 27266.0983662 Total splits: 59 Good splits: 57
Reward: 33399.0020389 Total splits: 64 Good splits: 58
Reward: 44687.4370691 Total splits: 62 Good splits: 60
Reward: 27967.7852295 Total splits: 60 Good splits: 58
Reward: 39672.8411646 Total splits: 57 Good splits: 55
Reward: 27007.4356094 Total splits: 60 Good splits: 58
Reward: 38293.622885 Total splits: 57 Good splits: 55

Results after 200 tests
Average total rewards : 34015.0335642
Average total splits  : 60.365
Average good splits   : 58.255
Average good splits % : 96.5045970347

