Reward: 42860.0709296 Total splits: 52 Good splits: 50
Reward: 25326.1352872 Total splits: 56 Good splits: 55
Reward: 28299.9937718 Total splits: 56 Good splits: 56
Reward: 40830.9797739 Total splits: 57 Good splits: 55
Reward: 26888.1190113 Total splits: 52 Good splits: 50
Reward: 27514.6944793 Total splits: 50 Good splits: 50
Reward: 40427.3876493 Total splits: 57 Good splits: 54
Reward: 29655.6708124 Total splits: 51 Good splits: 50
Reward: 37505.4354723 Total splits: 57 Good splits: 56
Reward: 19037.2308886 Total splits: 58 Good splits: 56
Reward: 32636.0931475 Total splits: 52 Good splits: 51
Reward: 25372.5245704 Total splits: 53 Good splits: 51
Reward: 36297.2586024 Total splits: 56 Good splits: 56
Reward: 35344.4821767 Total splits: 53 Good splits: 50
Reward: 24479.7532154 Total splits: 53 Good splits: 52
Reward: 17907.7020086 Total splits: 59 Good splits: 58
Reward: 35619.8795213 Total splits: 55 Good splits: 55
Reward: 37769.2615587 Total splits: 56 Good splits: 56
Reward: 29742.7256221 Total splits: 56 Good splits: 54
Reward: 42145.8870698 Total splits: 59 Good splits: 58
Reward: 31627.65946 Total splits: 51 Good splits: 51
Reward: 32631.6878005 Total splits: 55 Good splits: 54
Reward: 36970.6495566 Total splits: 53 Good splits: 50
Reward: 40486.6215915 Total splits: 54 Good splits: 52
Reward: 35152.3187963 Total splits: 61 Good splits: 60
Reward: 35224.4583701 Total splits: 54 Good splits: 53
Reward: 31747.275993 Total splits: 54 Good splits: 54
Reward: 35597.9713523 Total splits: 54 Good splits: 51
Reward: 30357.2083257 Total splits: 54 Good splits: 52
Reward: 29809.9789323 Total splits: 51 Good splits: 47
Reward: 34764.2880612 Total splits: 53 Good splits: 51
Reward: 29077.5560342 Total splits: 62 Good splits: 61
Reward: 38368.3722525 Total splits: 55 Good splits: 53
Reward: 32025.4082121 Total splits: 51 Good splits: 51
Reward: 33555.9560193 Total splits: 58 Good splits: 58
Reward: 34674.6089548 Total splits: 56 Good splits: 52
Reward: 35040.4265586 Total splits: 57 Good splits: 56
Reward: 31091.9133164 Total splits: 55 Good splits: 53
Reward: 25305.7804763 Total splits: 51 Good splits: 49
Reward: 33318.8504582 Total splits: 53 Good splits: 50
Reward: 43479.5324374 Total splits: 62 Good splits: 61
Reward: 35372.0232394 Total splits: 54 Good splits: 51
Reward: 27934.6426693 Total splits: 56 Good splits: 53
Reward: 27922.9657035 Total splits: 54 Good splits: 52
Reward: 24117.933193 Total splits: 55 Good splits: 51
Reward: 38547.7285822 Total splits: 53 Good splits: 50
Reward: 29665.8569712 Total splits: 55 Good splits: 53
Reward: 38583.0242513 Total splits: 55 Good splits: 54
Reward: 27166.0244679 Total splits: 61 Good splits: 60
Reward: 35581.6940365 Total splits: 53 Good splits: 52
Reward: 30451.3354382 Total splits: 56 Good splits: 54
Reward: 30483.8062242 Total splits: 61 Good splits: 61
Reward: 28271.762327 Total splits: 57 Good splits: 55
Reward: 27106.3514503 Total splits: 56 Good splits: 56
Reward: 37169.5346727 Total splits: 55 Good splits: 54
Reward: 33353.1249449 Total splits: 60 Good splits: 59
Reward: 29956.1426261 Total splits: 49 Good splits: 45
Reward: 31317.325023 Total splits: 65 Good splits: 61
Reward: 38043.3853999 Total splits: 59 Good splits: 57
Reward: 27216.0271916 Total splits: 64 Good splits: 62
Reward: 39929.917239 Total splits: 59 Good splits: 58
Reward: 29188.1020333 Total splits: 45 Good splits: 44
Reward: 37137.4141835 Total splits: 59 Good splits: 56
Reward: 25830.8484535 Total splits: 47 Good splits: 46
Reward: 33582.7786566 Total splits: 57 Good splits: 55
Reward: 40280.7843608 Total splits: 59 Good splits: 59
Reward: 36137.3959413 Total splits: 55 Good splits: 54
Reward: 33692.0976461 Total splits: 56 Good splits: 54
Reward: 21928.6012905 Total splits: 50 Good splits: 46
Reward: 43189.2223052 Total splits: 54 Good splits: 52
Reward: 40190.7922002 Total splits: 57 Good splits: 51
Reward: 39415.6450708 Total splits: 54 Good splits: 52
Reward: 43169.9623635 Total splits: 58 Good splits: 58
Reward: 34452.5228792 Total splits: 53 Good splits: 53
Reward: 37212.179727 Total splits: 57 Good splits: 55
Reward: 26836.0467519 Total splits: 58 Good splits: 54
Reward: 35238.0465454 Total splits: 47 Good splits: 47
Reward: 27804.9404673 Total splits: 51 Good splits: 50
Reward: 36612.8730472 Total splits: 59 Good splits: 55
Reward: 8059.28362847 Total splits: 61 Good splits: 56
Reward: 27887.0405244 Total splits: 62 Good splits: 61
Reward: 38566.6352659 Total splits: 55 Good splits: 54
Reward: 39909.1099316 Total splits: 59 Good splits: 59
Reward: 36472.2289138 Total splits: 53 Good splits: 53
Reward: 34164.9540757 Total splits: 56 Good splits: 55
Reward: 33591.7057506 Total splits: 55 Good splits: 53
Reward: 30579.6676026 Total splits: 52 Good splits: 50
Reward: 37031.187477 Total splits: 48 Good splits: 46
Reward: 34192.9137108 Total splits: 55 Good splits: 54
Reward: 24989.7444974 Total splits: 50 Good splits: 47
Reward: 36866.6644346 Total splits: 55 Good splits: 54
Reward: 40427.6643318 Total splits: 53 Good splits: 51
Reward: 28817.1286624 Total splits: 61 Good splits: 60
Reward: 31380.7656471 Total splits: 53 Good splits: 51
Reward: 33805.7994873 Total splits: 54 Good splits: 53
Reward: 36344.2673659 Total splits: 52 Good splits: 51
Reward: 35532.600301 Total splits: 57 Good splits: 55
Reward: 40769.6520825 Total splits: 53 Good splits: 52
Reward: 25746.917915 Total splits: 55 Good splits: 55
Reward: 40551.7183197 Total splits: 52 Good splits: 51
Reward: 31216.9174187 Total splits: 57 Good splits: 57
Reward: 32091.5182551 Total splits: 54 Good splits: 53
Reward: 35881.4420662 Total splits: 57 Good splits: 54
Reward: 36833.7044096 Total splits: 58 Good splits: 57
Reward: 38717.1639404 Total splits: 52 Good splits: 52
Reward: 40346.9500715 Total splits: 58 Good splits: 58
Reward: 33716.3777747 Total splits: 51 Good splits: 48
Reward: 36422.9101233 Total splits: 62 Good splits: 60
Reward: 42624.0594517 Total splits: 50 Good splits: 49
Reward: 33389.0688571 Total splits: 56 Good splits: 55
Reward: 35545.3005323 Total splits: 54 Good splits: 54
Reward: 31547.3573102 Total splits: 48 Good splits: 48
Reward: 38886.195904 Total splits: 58 Good splits: 57
Reward: 27052.701729 Total splits: 57 Good splits: 55
Reward: 30023.5393922 Total splits: 54 Good splits: 52
Reward: 26733.8886519 Total splits: 55 Good splits: 55
Reward: 40097.4163404 Total splits: 55 Good splits: 55
Reward: 22155.3861964 Total splits: 51 Good splits: 49
Reward: 39682.2402194 Total splits: 53 Good splits: 50
Reward: 30898.1466085 Total splits: 56 Good splits: 54
Reward: 32007.8814672 Total splits: 55 Good splits: 55
Reward: 34260.4343938 Total splits: 63 Good splits: 63
Reward: 34181.5340693 Total splits: 56 Good splits: 54
Reward: 33561.9614825 Total splits: 50 Good splits: 48
Reward: 42947.3750046 Total splits: 56 Good splits: 56
Reward: 36846.0498008 Total splits: 61 Good splits: 60
Reward: 37413.4485355 Total splits: 55 Good splits: 55
Reward: 41493.9460707 Total splits: 58 Good splits: 56
Reward: 33682.5500407 Total splits: 54 Good splits: 54
Reward: 28253.5762021 Total splits: 52 Good splits: 50
Reward: 21463.903537 Total splits: 59 Good splits: 58
Reward: 39013.9187883 Total splits: 54 Good splits: 52
Reward: 24444.982041 Total splits: 55 Good splits: 53
Reward: 30384.5741375 Total splits: 54 Good splits: 52
Reward: 30769.2866929 Total splits: 45 Good splits: 44
Reward: 43288.5703206 Total splits: 59 Good splits: 58
Reward: 37742.7370127 Total splits: 54 Good splits: 54
Reward: 30301.0923951 Total splits: 58 Good splits: 56
Reward: 40361.7742642 Total splits: 55 Good splits: 55
Reward: 38727.9010817 Total splits: 56 Good splits: 53
Reward: 27395.629335 Total splits: 54 Good splits: 53
Reward: 36552.6483489 Total splits: 52 Good splits: 50
Reward: 25579.1364396 Total splits: 58 Good splits: 56
Reward: 24133.3188377 Total splits: 62 Good splits: 59
Reward: 39008.7596443 Total splits: 58 Good splits: 56
Reward: 36870.0150142 Total splits: 59 Good splits: 58
Reward: 32198.2317351 Total splits: 55 Good splits: 53
Reward: 34946.3586613 Total splits: 56 Good splits: 56
Reward: 40595.4555497 Total splits: 54 Good splits: 54
Reward: 29240.1236435 Total splits: 56 Good splits: 53
Reward: 13005.6313796 Total splits: 51 Good splits: 47
Reward: 37465.729316 Total splits: 58 Good splits: 57
Reward: 37226.8136322 Total splits: 54 Good splits: 52
Reward: 27402.7967593 Total splits: 58 Good splits: 58
Reward: 31226.4677693 Total splits: 54 Good splits: 52
Reward: 31760.5031788 Total splits: 58 Good splits: 56
Reward: 31350.7367405 Total splits: 56 Good splits: 56
Reward: 35983.301233 Total splits: 55 Good splits: 52
Reward: 36857.4346124 Total splits: 54 Good splits: 52
Reward: 31633.1220388 Total splits: 60 Good splits: 59
Reward: 31771.317268 Total splits: 54 Good splits: 53
Reward: 32624.405159 Total splits: 55 Good splits: 54
Reward: 39583.4573247 Total splits: 57 Good splits: 56
Reward: 37227.2852517 Total splits: 58 Good splits: 57
Reward: 36209.9769445 Total splits: 50 Good splits: 47
Reward: 31121.9056088 Total splits: 54 Good splits: 53
Reward: 45992.1562831 Total splits: 58 Good splits: 58
Reward: 35323.7950097 Total splits: 52 Good splits: 50
Reward: 36151.6284062 Total splits: 54 Good splits: 53
Reward: 37108.8123682 Total splits: 58 Good splits: 58
Reward: 33817.0981319 Total splits: 54 Good splits: 52
Reward: 42463.2216455 Total splits: 59 Good splits: 57
Reward: 34791.9249901 Total splits: 55 Good splits: 52
Reward: 23719.2804531 Total splits: 51 Good splits: 51
Reward: 38062.9944502 Total splits: 58 Good splits: 58
Reward: 24843.9357806 Total splits: 56 Good splits: 53
Reward: 29549.7926292 Total splits: 55 Good splits: 53
Reward: 40419.5783913 Total splits: 59 Good splits: 59
Reward: 31971.3234754 Total splits: 57 Good splits: 56
Reward: 20734.5960377 Total splits: 52 Good splits: 51
Reward: 41636.9896455 Total splits: 58 Good splits: 57
Reward: 29435.4528599 Total splits: 60 Good splits: 57
Reward: 32178.2229979 Total splits: 53 Good splits: 51
Reward: 35054.7058077 Total splits: 57 Good splits: 57
Reward: 22980.4792668 Total splits: 60 Good splits: 57
Reward: 35768.1537877 Total splits: 60 Good splits: 57
Reward: 40016.3424706 Total splits: 51 Good splits: 49
Reward: 33286.9163752 Total splits: 54 Good splits: 53
Reward: 39921.7373237 Total splits: 55 Good splits: 55
Reward: 32943.1522919 Total splits: 53 Good splits: 53
Reward: 40813.1388789 Total splits: 53 Good splits: 50
Reward: 31880.9001772 Total splits: 53 Good splits: 53
Reward: 47078.3081963 Total splits: 55 Good splits: 52
Reward: 40473.6487526 Total splits: 52 Good splits: 51
Reward: 35999.8886433 Total splits: 56 Good splits: 53
Reward: 33684.3553076 Total splits: 54 Good splits: 53
Reward: 35372.388131 Total splits: 55 Good splits: 54
Reward: 37421.9709249 Total splits: 57 Good splits: 53
Reward: 31749.5993877 Total splits: 61 Good splits: 60
Reward: 39026.5826345 Total splits: 60 Good splits: 57
Reward: 24420.4519797 Total splits: 60 Good splits: 58
Reward: 31075.4187886 Total splits: 58 Good splits: 58
Reward: 39866.6481678 Total splits: 54 Good splits: 53
Reward: 36162.3982368 Total splits: 52 Good splits: 51
Reward: 41535.0593658 Total splits: 57 Good splits: 55
Reward: 31296.9996988 Total splits: 58 Good splits: 54
Reward: 33381.1908122 Total splits: 55 Good splits: 54
Reward: 40700.7407649 Total splits: 52 Good splits: 50
Reward: 38722.6576383 Total splits: 56 Good splits: 55
Reward: 40194.0597007 Total splits: 63 Good splits: 62
Reward: 31888.5460759 Total splits: 54 Good splits: 53
Reward: 26539.5435291 Total splits: 50 Good splits: 48
Reward: 33791.3994651 Total splits: 53 Good splits: 50
Reward: 33482.0348149 Total splits: 55 Good splits: 54
Reward: 35686.3259918 Total splits: 52 Good splits: 52
Reward: 33158.4431455 Total splits: 49 Good splits: 46
Reward: 24372.4395514 Total splits: 57 Good splits: 56
Reward: 23542.3921237 Total splits: 51 Good splits: 50
Reward: 29196.845084 Total splits: 56 Good splits: 54
Reward: 29506.5532288 Total splits: 55 Good splits: 53
Reward: 36708.9961726 Total splits: 56 Good splits: 54
Reward: 28563.8035558 Total splits: 49 Good splits: 48
Reward: 33242.2712998 Total splits: 55 Good splits: 55
Reward: 38617.0886145 Total splits: 52 Good splits: 52
Reward: 36270.8269923 Total splits: 59 Good splits: 56
Reward: 32902.6673534 Total splits: 52 Good splits: 52
Reward: 39387.1069652 Total splits: 59 Good splits: 56
Reward: 29711.3001677 Total splits: 54 Good splits: 52
Reward: 35094.4703556 Total splits: 58 Good splits: 56
Reward: 39039.0895354 Total splits: 55 Good splits: 53
Reward: 29983.3418038 Total splits: 49 Good splits: 47
Reward: 41723.3434794 Total splits: 58 Good splits: 57
Reward: 26470.8198167 Total splits: 57 Good splits: 54
Reward: 35100.8112388 Total splits: 59 Good splits: 58
Reward: 31676.6415301 Total splits: 57 Good splits: 55
Reward: 19079.932451 Total splits: 54 Good splits: 52
Reward: 39978.5942969 Total splits: 58 Good splits: 57
Reward: 36337.4676515 Total splits: 56 Good splits: 52
Reward: 31803.9827436 Total splits: 59 Good splits: 55
Reward: 27938.6893772 Total splits: 55 Good splits: 53
Reward: 38265.5765605 Total splits: 55 Good splits: 53
Reward: 33289.8284696 Total splits: 55 Good splits: 51
Reward: 39359.1835862 Total splits: 57 Good splits: 56
Reward: 41597.1145222 Total splits: 55 Good splits: 54
Reward: 27633.3236483 Total splits: 49 Good splits: 47
Reward: 25700.5448062 Total splits: 52 Good splits: 52
Reward: 31522.9568907 Total splits: 56 Good splits: 55
Reward: 30893.0919205 Total splits: 50 Good splits: 49
Reward: 33140.8921059 Total splits: 59 Good splits: 56
Reward: 25956.4593707 Total splits: 55 Good splits: 54
Reward: 36224.0966906 Total splits: 56 Good splits: 56
Reward: 36574.1302099 Total splits: 60 Good splits: 59
Reward: 35584.1663828 Total splits: 52 Good splits: 51
Reward: 38988.5912662 Total splits: 57 Good splits: 57
Reward: 28690.0895327 Total splits: 54 Good splits: 53
Reward: 29061.4172732 Total splits: 54 Good splits: 52
Reward: 21126.9257515 Total splits: 49 Good splits: 46
Reward: 36212.5268743 Total splits: 56 Good splits: 56
Reward: 40160.2840354 Total splits: 56 Good splits: 54
Reward: 34797.9106023 Total splits: 49 Good splits: 48
Reward: 37474.3215677 Total splits: 57 Good splits: 55
Reward: 38240.3112869 Total splits: 51 Good splits: 50
Reward: 37988.6736224 Total splits: 58 Good splits: 57
Reward: 40235.1639517 Total splits: 64 Good splits: 64
Reward: 34690.0522226 Total splits: 58 Good splits: 58
Reward: 35260.6167555 Total splits: 54 Good splits: 53
Reward: 30670.9357056 Total splits: 55 Good splits: 55
Reward: 37264.7468495 Total splits: 51 Good splits: 49
Reward: 35454.1942449 Total splits: 60 Good splits: 59
Reward: 33821.1328972 Total splits: 60 Good splits: 58
Reward: 24166.4599282 Total splits: 49 Good splits: 47
Reward: 17147.1363324 Total splits: 49 Good splits: 48
Reward: 22452.4166779 Total splits: 59 Good splits: 59
Reward: 38319.6679222 Total splits: 54 Good splits: 54
Reward: 22862.0770472 Total splits: 57 Good splits: 55
Reward: 23900.6472178 Total splits: 56 Good splits: 51
Reward: 35996.9973126 Total splits: 55 Good splits: 52
Reward: 24500.6216261 Total splits: 55 Good splits: 53
Reward: 41026.8272759 Total splits: 62 Good splits: 61
Reward: 26541.0579829 Total splits: 61 Good splits: 60
Reward: 37778.1334495 Total splits: 55 Good splits: 54
Reward: 34964.0353923 Total splits: 56 Good splits: 55
Reward: 37120.7171236 Total splits: 61 Good splits: 59
Reward: 39574.7037148 Total splits: 50 Good splits: 48
Reward: 42721.0118367 Total splits: 56 Good splits: 56
Reward: 36779.5777611 Total splits: 61 Good splits: 58
Reward: 25713.585136 Total splits: 62 Good splits: 61
Reward: 27438.6487265 Total splits: 50 Good splits: 49
Reward: 31238.6323094 Total splits: 52 Good splits: 50
Reward: 19728.1552709 Total splits: 53 Good splits: 49
Reward: 33072.59719 Total splits: 57 Good splits: 53
Reward: 32542.1469915 Total splits: 50 Good splits: 46
Reward: 43475.2233852 Total splits: 58 Good splits: 58
Reward: 32583.4599164 Total splits: 54 Good splits: 51
Reward: 30643.4698546 Total splits: 55 Good splits: 54
Reward: 24358.2161532 Total splits: 60 Good splits: 59
Reward: 32881.514815 Total splits: 51 Good splits: 50
Reward: 21087.8722706 Total splits: 49 Good splits: 48
Reward: 30417.2669612 Total splits: 58 Good splits: 57
Reward: 43094.2812156 Total splits: 57 Good splits: 55
Reward: 43610.9556169 Total splits: 58 Good splits: 56
Reward: 40642.8863904 Total splits: 50 Good splits: 50
Reward: 39676.8843748 Total splits: 56 Good splits: 56
Reward: 38756.3762479 Total splits: 56 Good splits: 54
Reward: 41050.6694012 Total splits: 55 Good splits: 53
Reward: 39728.2533342 Total splits: 58 Good splits: 54
Reward: 34322.8556689 Total splits: 59 Good splits: 55
Reward: 21406.057346 Total splits: 52 Good splits: 49
Reward: 21958.8044621 Total splits: 62 Good splits: 58
Reward: 41843.132913 Total splits: 53 Good splits: 53
Reward: 35868.082081 Total splits: 57 Good splits: 56
Reward: 37987.2077648 Total splits: 55 Good splits: 55
Reward: 35711.9715271 Total splits: 54 Good splits: 52
Reward: 39118.7937093 Total splits: 53 Good splits: 51
Reward: 34086.0863746 Total splits: 54 Good splits: 53
Reward: 20935.3606134 Total splits: 58 Good splits: 55
Reward: 29116.8558303 Total splits: 52 Good splits: 52
Reward: 39952.0259715 Total splits: 61 Good splits: 59
Reward: 36015.5065128 Total splits: 56 Good splits: 55
Reward: 21289.6360314 Total splits: 63 Good splits: 60
Reward: 33029.9253631 Total splits: 56 Good splits: 54
Reward: 34975.377895 Total splits: 59 Good splits: 58
Reward: 32417.2925124 Total splits: 58 Good splits: 55
Reward: 23146.4670328 Total splits: 51 Good splits: 49
Reward: 47909.6768145 Total splits: 57 Good splits: 56
Reward: 20906.918548 Total splits: 47 Good splits: 46
Reward: 41568.0496492 Total splits: 56 Good splits: 55
Reward: 26332.2555715 Total splits: 56 Good splits: 55
Reward: 36723.5599534 Total splits: 59 Good splits: 57
Reward: 22661.4077912 Total splits: 57 Good splits: 56
Reward: 37057.943072 Total splits: 52 Good splits: 51
Reward: 34175.1842186 Total splits: 51 Good splits: 47
Reward: 21066.8485083 Total splits: 55 Good splits: 55
Reward: 30303.9257134 Total splits: 60 Good splits: 59
Reward: 35312.7025143 Total splits: 55 Good splits: 55
Reward: 39255.8660789 Total splits: 56 Good splits: 55
Reward: 32382.1814279 Total splits: 53 Good splits: 52
Reward: 39322.2747013 Total splits: 60 Good splits: 59
Reward: 27623.3888834 Total splits: 55 Good splits: 53
Reward: 36859.6446223 Total splits: 56 Good splits: 56
Reward: 38853.7876997 Total splits: 61 Good splits: 60
Reward: 28834.8745335 Total splits: 55 Good splits: 54
Reward: 37285.8485756 Total splits: 58 Good splits: 55
Reward: 32445.1623941 Total splits: 53 Good splits: 51
Reward: 38947.0704044 Total splits: 59 Good splits: 55
Reward: 36281.883271 Total splits: 54 Good splits: 53
Reward: 39579.9818003 Total splits: 53 Good splits: 53
Reward: 21194.4484444 Total splits: 60 Good splits: 59
Reward: 39736.5511524 Total splits: 61 Good splits: 61
Reward: 43445.0033031 Total splits: 55 Good splits: 54
Reward: 42043.3573731 Total splits: 56 Good splits: 55
Reward: 34241.3717022 Total splits: 55 Good splits: 54
Reward: 37691.6769505 Total splits: 56 Good splits: 55
Reward: 40155.5628507 Total splits: 61 Good splits: 60
Reward: 32459.5186931 Total splits: 54 Good splits: 50
Reward: 35695.1289685 Total splits: 51 Good splits: 50
Reward: 33501.7981206 Total splits: 56 Good splits: 56
Reward: 40505.4804342 Total splits: 56 Good splits: 53
Reward: 37597.1410299 Total splits: 60 Good splits: 59
Reward: 31678.1236533 Total splits: 57 Good splits: 55
Reward: 33529.2559845 Total splits: 54 Good splits: 51
Reward: 30145.3562806 Total splits: 57 Good splits: 55
Reward: 40899.6095352 Total splits: 59 Good splits: 58
Reward: 35853.0320527 Total splits: 54 Good splits: 52
Reward: 33521.5765925 Total splits: 59 Good splits: 57
Reward: 42081.0602635 Total splits: 61 Good splits: 60
Reward: 21606.426465 Total splits: 53 Good splits: 52
Reward: 29222.4785335 Total splits: 53 Good splits: 52
Reward: 43439.3576604 Total splits: 54 Good splits: 51
Reward: 43166.7432931 Total splits: 54 Good splits: 54
Reward: 35792.6271696 Total splits: 56 Good splits: 55
Reward: 34342.6874082 Total splits: 55 Good splits: 55
Reward: 34280.2344152 Total splits: 52 Good splits: 51
Reward: 28097.9687407 Total splits: 50 Good splits: 50
Reward: 35730.361156 Total splits: 57 Good splits: 54
Reward: 22756.364291 Total splits: 49 Good splits: 46
Reward: 20876.7824726 Total splits: 58 Good splits: 54
Reward: 31373.0146242 Total splits: 57 Good splits: 57
Reward: 31269.5302667 Total splits: 58 Good splits: 57
Reward: 39796.8888452 Total splits: 53 Good splits: 53
Reward: 33008.1953725 Total splits: 51 Good splits: 51
Reward: 39723.4503925 Total splits: 59 Good splits: 57
Reward: 36902.7119299 Total splits: 52 Good splits: 49
Reward: 41589.949348 Total splits: 57 Good splits: 57
Reward: 39254.2495254 Total splits: 54 Good splits: 51
Reward: 30948.4347953 Total splits: 57 Good splits: 56
Reward: 34086.8992305 Total splits: 53 Good splits: 53
Reward: 41738.0791783 Total splits: 57 Good splits: 56
Reward: 37505.9955314 Total splits: 57 Good splits: 56
Reward: 28749.7773348 Total splits: 54 Good splits: 51
Reward: 44412.8292245 Total splits: 53 Good splits: 52
Reward: 39325.9675415 Total splits: 51 Good splits: 49
Reward: 39854.6638952 Total splits: 57 Good splits: 55
Reward: 35804.5849467 Total splits: 51 Good splits: 49
Reward: 44534.6498409 Total splits: 57 Good splits: 56
Reward: 23330.751947 Total splits: 53 Good splits: 51
Reward: 33369.6482013 Total splits: 52 Good splits: 51
Reward: 38771.8856643 Total splits: 55 Good splits: 53
Reward: 37197.6037287 Total splits: 55 Good splits: 54
Reward: 32850.4688329 Total splits: 56 Good splits: 53

Results after 400 tests
Average total rewards : 33686.4619071
Average total splits  : 55.365
Average good splits   : 53.835
Average good splits % : 97.2365212679

Reward: 41210.6861432 Total splits: 56 Good splits: 52
Reward: 31822.8683765 Total splits: 57 Good splits: 56
Reward: 36360.3649008 Total splits: 58 Good splits: 57
Reward: 25667.9699004 Total splits: 59 Good splits: 55
Reward: 19715.2759961 Total splits: 52 Good splits: 49
Reward: 39047.7406631 Total splits: 58 Good splits: 58
Reward: 39569.789331 Total splits: 62 Good splits: 61
Reward: 19458.1164489 Total splits: 58 Good splits: 55
Reward: 10720.7358075 Total splits: 50 Good splits: 49
Reward: 29789.5778612 Total splits: 54 Good splits: 53
Reward: 30436.2180524 Total splits: 46 Good splits: 45
Reward: 33347.2326713 Total splits: 57 Good splits: 54
Reward: 32962.510085 Total splits: 56 Good splits: 55
Reward: 36373.9257748 Total splits: 56 Good splits: 55
Reward: 36499.0111587 Total splits: 62 Good splits: 61
Reward: 30787.3866948 Total splits: 52 Good splits: 50
Reward: 31384.9354075 Total splits: 54 Good splits: 52
Reward: 41256.4017156 Total splits: 55 Good splits: 53
Reward: 14380.8204685 Total splits: 53 Good splits: 51
Reward: 18107.288004 Total splits: 58 Good splits: 55
Reward: 30445.7585583 Total splits: 54 Good splits: 52
Reward: 32096.2474196 Total splits: 53 Good splits: 51
Reward: 37083.6535138 Total splits: 55 Good splits: 52
Reward: 41377.7284942 Total splits: 53 Good splits: 52
Reward: 42622.6802225 Total splits: 54 Good splits: 54
Reward: 28568.0226383 Total splits: 54 Good splits: 52
Reward: 37591.188298 Total splits: 59 Good splits: 58
Reward: 42582.2600558 Total splits: 52 Good splits: 49
Reward: 43234.8446912 Total splits: 57 Good splits: 56
Reward: 33832.0314302 Total splits: 63 Good splits: 61
Reward: 40923.0630159 Total splits: 51 Good splits: 49
Reward: 31841.7060055 Total splits: 55 Good splits: 54
Reward: 26122.8913598 Total splits: 56 Good splits: 54
Reward: 38147.6662952 Total splits: 56 Good splits: 54
Reward: 30821.286017 Total splits: 59 Good splits: 58
Reward: 37714.2057367 Total splits: 54 Good splits: 54
Reward: 35372.7858121 Total splits: 53 Good splits: 48
Reward: 35939.4916827 Total splits: 58 Good splits: 57
Reward: 36935.3379517 Total splits: 54 Good splits: 54
Reward: 24124.1719464 Total splits: 58 Good splits: 57
Reward: 33160.611972 Total splits: 56 Good splits: 54
Reward: 36947.7955733 Total splits: 60 Good splits: 58
Reward: 36513.1377466 Total splits: 57 Good splits: 55
Reward: 37280.2677646 Total splits: 50 Good splits: 48
Reward: 31066.3589611 Total splits: 55 Good splits: 54
Reward: 31754.8055905 Total splits: 62 Good splits: 60
Reward: 35819.8447985 Total splits: 58 Good splits: 58
Reward: 29062.1291731 Total splits: 59 Good splits: 58
Reward: 38620.2950677 Total splits: 59 Good splits: 58
Reward: 37608.3494917 Total splits: 56 Good splits: 53
Reward: 37345.0331674 Total splits: 58 Good splits: 54
Reward: 21679.4800809 Total splits: 59 Good splits: 58
Reward: 37852.4937967 Total splits: 55 Good splits: 54
Reward: 31312.0746452 Total splits: 52 Good splits: 48
Reward: 35056.0412372 Total splits: 50 Good splits: 48
Reward: 32384.7454792 Total splits: 59 Good splits: 59
Reward: 33660.371531 Total splits: 56 Good splits: 54
Reward: 32907.6601223 Total splits: 57 Good splits: 57
Reward: 37804.4204639 Total splits: 54 Good splits: 53
Reward: 35558.1060854 Total splits: 56 Good splits: 54
Reward: 30749.4341691 Total splits: 54 Good splits: 52
Reward: 28530.3606987 Total splits: 54 Good splits: 52
Reward: 40739.1895685 Total splits: 56 Good splits: 54
Reward: 31520.5335328 Total splits: 59 Good splits: 58
Reward: 35865.1962577 Total splits: 56 Good splits: 54
Reward: 34833.1821169 Total splits: 50 Good splits: 48
Reward: 40039.4267522 Total splits: 56 Good splits: 55
Reward: 36562.2862384 Total splits: 56 Good splits: 55
Reward: 34934.1787312 Total splits: 56 Good splits: 53
Reward: 41300.2186267 Total splits: 57 Good splits: 55
Reward: 24735.5348648 Total splits: 63 Good splits: 63
Reward: 37423.3105045 Total splits: 54 Good splits: 52
Reward: 36883.2407713 Total splits: 52 Good splits: 52
Reward: 39756.916296 Total splits: 59 Good splits: 59
Reward: 23449.3739838 Total splits: 50 Good splits: 48
Reward: 38309.0673864 Total splits: 56 Good splits: 54
Reward: 26625.4012224 Total splits: 54 Good splits: 51
Reward: 39835.28785 Total splits: 52 Good splits: 47
Reward: 33779.1130605 Total splits: 57 Good splits: 56
Reward: 37392.7847621 Total splits: 52 Good splits: 52
Reward: 40199.5994031 Total splits: 56 Good splits: 56
Reward: 29620.4586883 Total splits: 52 Good splits: 49
Reward: 43205.6493695 Total splits: 54 Good splits: 54
Reward: 24458.3542307 Total splits: 44 Good splits: 39
Reward: 25785.857205 Total splits: 61 Good splits: 61
Reward: 26598.7000537 Total splits: 52 Good splits: 51
Reward: 22057.5843304 Total splits: 53 Good splits: 50
Reward: 33943.868514 Total splits: 55 Good splits: 53
Reward: 23803.668528 Total splits: 59 Good splits: 54
Reward: 24799.3009439 Total splits: 49 Good splits: 48
Reward: 32666.8570512 Total splits: 54 Good splits: 52
Reward: 38140.1795264 Total splits: 55 Good splits: 55
Reward: 27707.0116081 Total splits: 54 Good splits: 53
Reward: 33089.2277275 Total splits: 53 Good splits: 50
Reward: 31143.4001019 Total splits: 53 Good splits: 52
Reward: 30572.8756943 Total splits: 54 Good splits: 54
Reward: 37771.28773 Total splits: 63 Good splits: 58
Reward: 40313.4410225 Total splits: 57 Good splits: 57
Reward: 25241.3513293 Total splits: 54 Good splits: 53
Reward: 32838.1619909 Total splits: 63 Good splits: 60
Reward: 37170.0666735 Total splits: 56 Good splits: 55
Reward: 30096.9852195 Total splits: 56 Good splits: 55
Reward: 40557.0418905 Total splits: 55 Good splits: 54
Reward: 41628.1494447 Total splits: 61 Good splits: 59
Reward: 26945.1166885 Total splits: 52 Good splits: 50
Reward: 30045.0296768 Total splits: 56 Good splits: 51
Reward: 26403.4682237 Total splits: 60 Good splits: 57
Reward: 34099.9894225 Total splits: 54 Good splits: 51
Reward: 32658.2594934 Total splits: 50 Good splits: 49
Reward: 34282.0176268 Total splits: 47 Good splits: 45
Reward: 41461.6176791 Total splits: 54 Good splits: 53
Reward: 37929.5101353 Total splits: 55 Good splits: 54
Reward: 27481.2772708 Total splits: 55 Good splits: 54
Reward: 36694.1644519 Total splits: 55 Good splits: 54
Reward: 40778.335018 Total splits: 52 Good splits: 52
Reward: 16114.798277 Total splits: 56 Good splits: 55
Reward: 36716.9391224 Total splits: 61 Good splits: 59
Reward: 28464.7535325 Total splits: 52 Good splits: 49
Reward: 27041.6664458 Total splits: 49 Good splits: 49
Reward: 40752.5831174 Total splits: 56 Good splits: 54
Reward: 32822.5087388 Total splits: 51 Good splits: 49
Reward: 24781.6788861 Total splits: 54 Good splits: 52
Reward: 39196.3332162 Total splits: 60 Good splits: 60
Reward: 20342.2072438 Total splits: 49 Good splits: 46
Reward: 28298.4755632 Total splits: 51 Good splits: 48
Reward: 42361.7334044 Total splits: 59 Good splits: 59
Reward: 37848.89645 Total splits: 56 Good splits: 54
Reward: 27528.4720639 Total splits: 55 Good splits: 53
Reward: 31560.4638438 Total splits: 58 Good splits: 57
Reward: 36724.1517643 Total splits: 53 Good splits: 52
Reward: 25477.0098289 Total splits: 52 Good splits: 51
Reward: 38001.3431905 Total splits: 55 Good splits: 53
Reward: 25452.3039817 Total splits: 52 Good splits: 52
Reward: 38729.7550509 Total splits: 55 Good splits: 53
Reward: 33432.1835956 Total splits: 54 Good splits: 53
Reward: 41729.3004338 Total splits: 53 Good splits: 51
Reward: 42700.1136889 Total splits: 59 Good splits: 57
Reward: 37655.9393841 Total splits: 57 Good splits: 56
Reward: 44469.0990223 Total splits: 56 Good splits: 56
Reward: 31545.3061562 Total splits: 56 Good splits: 56
Reward: 31373.7439305 Total splits: 55 Good splits: 52
Reward: 39777.1704327 Total splits: 52 Good splits: 52
Reward: 30464.901351 Total splits: 58 Good splits: 55
Reward: 31877.3554371 Total splits: 60 Good splits: 57
Reward: 40785.1227516 Total splits: 55 Good splits: 54
Reward: 23322.5168206 Total splits: 61 Good splits: 60
Reward: 33131.1551756 Total splits: 52 Good splits: 49
Reward: 36376.4828892 Total splits: 51 Good splits: 50
Reward: 25278.9500382 Total splits: 63 Good splits: 60
Reward: 31216.2994244 Total splits: 54 Good splits: 52
Reward: 27723.5449681 Total splits: 55 Good splits: 55
Reward: 38178.3238717 Total splits: 49 Good splits: 48
Reward: 34844.8752911 Total splits: 56 Good splits: 54
Reward: 26608.5333982 Total splits: 58 Good splits: 55
Reward: 32730.9035953 Total splits: 58 Good splits: 56
Reward: 22457.5585721 Total splits: 53 Good splits: 52
Reward: 39296.4419228 Total splits: 59 Good splits: 56
Reward: 33566.6346577 Total splits: 56 Good splits: 55
Reward: 38985.7563756 Total splits: 52 Good splits: 52
Reward: 32273.5978274 Total splits: 47 Good splits: 42
Reward: 32645.0700138 Total splits: 56 Good splits: 55
Reward: 38613.5417108 Total splits: 56 Good splits: 56
Reward: 38548.885405 Total splits: 57 Good splits: 55
Reward: 32643.804499 Total splits: 61 Good splits: 59
Reward: 41000.5806223 Total splits: 52 Good splits: 51
Reward: 41419.6423757 Total splits: 58 Good splits: 58
Reward: 34722.5739416 Total splits: 59 Good splits: 58
Reward: 35106.4674621 Total splits: 60 Good splits: 59
Reward: 20314.5402013 Total splits: 50 Good splits: 49
Reward: 42125.5900876 Total splits: 55 Good splits: 53
Reward: 25410.9761522 Total splits: 51 Good splits: 46
Reward: 30677.325748 Total splits: 52 Good splits: 51
Reward: 38717.6388349 Total splits: 48 Good splits: 46
Reward: 17138.2166757 Total splits: 56 Good splits: 54
Reward: 41661.4406307 Total splits: 58 Good splits: 57
Reward: 23078.0693576 Total splits: 56 Good splits: 54
Reward: 40225.0896088 Total splits: 55 Good splits: 54
Reward: 32930.7322921 Total splits: 63 Good splits: 62
Reward: 27537.8668267 Total splits: 53 Good splits: 51
Reward: 34929.2400172 Total splits: 54 Good splits: 51
Reward: 32359.2772797 Total splits: 49 Good splits: 44
Reward: 30624.6015535 Total splits: 58 Good splits: 58
Reward: 41814.9318299 Total splits: 53 Good splits: 51
Reward: 40343.4093696 Total splits: 50 Good splits: 50
Reward: 37081.6612179 Total splits: 43 Good splits: 42
Reward: 37220.9752001 Total splits: 55 Good splits: 53
Reward: 20640.4757954 Total splits: 51 Good splits: 50
Reward: 39130.230788 Total splits: 51 Good splits: 48
Reward: 37763.2275476 Total splits: 55 Good splits: 50
Reward: 35922.6570042 Total splits: 54 Good splits: 52
Reward: 39005.3947119 Total splits: 57 Good splits: 57
Reward: 25640.2045411 Total splits: 59 Good splits: 57
Reward: 23595.7962598 Total splits: 58 Good splits: 58
Reward: 42132.2387416 Total splits: 51 Good splits: 49
Reward: 39535.4744534 Total splits: 59 Good splits: 59
Reward: 28076.5477953 Total splits: 58 Good splits: 55
Reward: 38938.5908448 Total splits: 61 Good splits: 59
Reward: 39211.5522341 Total splits: 57 Good splits: 56
Reward: 33503.9643952 Total splits: 58 Good splits: 55
Reward: 30610.4700978 Total splits: 54 Good splits: 52

Results after 200 tests
Average total rewards : 33338.6932978
Average total splits  : 55.195
Average good splits   : 53.515
Average good splits % : 96.9562460368

Reward: 44959.2517382 Total splits: 57 Good splits: 55
Reward: 46157.9039045 Total splits: 57 Good splits: 57
Reward: 20756.2417619 Total splits: 60 Good splits: 58
Reward: 43274.690002 Total splits: 57 Good splits: 56
Reward: 33654.0476108 Total splits: 59 Good splits: 58
Reward: 26597.9143737 Total splits: 60 Good splits: 59
Reward: 34757.7688936 Total splits: 54 Good splits: 51
Reward: 37077.069121 Total splits: 54 Good splits: 54
Reward: 24067.9269608 Total splits: 52 Good splits: 50
Reward: 35406.1226979 Total splits: 57 Good splits: 56
Reward: 47231.5820008 Total splits: 55 Good splits: 55
Reward: 29694.661829 Total splits: 55 Good splits: 52
Reward: 34033.4455208 Total splits: 52 Good splits: 52
Reward: 29721.6413844 Total splits: 58 Good splits: 58
Reward: 40338.5351571 Total splits: 57 Good splits: 57
Reward: 34005.903003 Total splits: 52 Good splits: 49
Reward: 9601.96191204 Total splits: 56 Good splits: 54
Reward: 31903.8526604 Total splits: 57 Good splits: 55
Reward: 28477.1679886 Total splits: 55 Good splits: 54
Reward: 29489.1401958 Total splits: 53 Good splits: 51
Reward: 34688.595532 Total splits: 58 Good splits: 58
Reward: 28728.315866 Total splits: 51 Good splits: 49
Reward: 37798.2267817 Total splits: 54 Good splits: 52
Reward: 41205.4050014 Total splits: 55 Good splits: 55
Reward: 33970.3136759 Total splits: 61 Good splits: 59
Reward: 25426.4269332 Total splits: 53 Good splits: 51
Reward: 35188.6646452 Total splits: 56 Good splits: 56
Reward: 27886.9995749 Total splits: 59 Good splits: 59
Reward: 25967.223187 Total splits: 60 Good splits: 58
Reward: 39577.4858397 Total splits: 55 Good splits: 55
Reward: 33785.4655494 Total splits: 55 Good splits: 52
Reward: 32440.5511975 Total splits: 49 Good splits: 48
Reward: 34062.8420928 Total splits: 52 Good splits: 50
Reward: 26623.5235663 Total splits: 55 Good splits: 54
Reward: 35430.3347218 Total splits: 52 Good splits: 52
Reward: 37868.7347257 Total splits: 58 Good splits: 58
Reward: 33563.0247743 Total splits: 55 Good splits: 55
Reward: 33330.8322781 Total splits: 58 Good splits: 55
Reward: 37751.2007698 Total splits: 54 Good splits: 49
Reward: 39502.0062981 Total splits: 54 Good splits: 53
Reward: 30699.7065293 Total splits: 54 Good splits: 53
Reward: 31814.7717471 Total splits: 59 Good splits: 58
Reward: 30820.9975036 Total splits: 59 Good splits: 58
Reward: 31107.8277953 Total splits: 55 Good splits: 54
Reward: 35981.1468931 Total splits: 61 Good splits: 60
Reward: 32654.1556527 Total splits: 55 Good splits: 50
Reward: 34384.7087592 Total splits: 57 Good splits: 57
Reward: 30919.6487601 Total splits: 56 Good splits: 54
Reward: 28197.5477914 Total splits: 55 Good splits: 51
Reward: 34228.5588661 Total splits: 49 Good splits: 49
Reward: 34982.7505207 Total splits: 53 Good splits: 52
Reward: 38453.7345189 Total splits: 58 Good splits: 56
Reward: 36604.8417129 Total splits: 54 Good splits: 52
Reward: 23639.2907914 Total splits: 54 Good splits: 49
Reward: 36947.1467416 Total splits: 54 Good splits: 53
Reward: 26736.9912461 Total splits: 54 Good splits: 52
Reward: 28812.7832243 Total splits: 55 Good splits: 54
Reward: 39912.5948267 Total splits: 50 Good splits: 48
Reward: 25874.7480537 Total splits: 53 Good splits: 53
Reward: 36429.8312927 Total splits: 58 Good splits: 56
Reward: 33449.2982676 Total splits: 54 Good splits: 51
Reward: 31073.3525909 Total splits: 58 Good splits: 56
Reward: 32972.258299 Total splits: 59 Good splits: 55
Reward: 17763.1495826 Total splits: 56 Good splits: 52
Reward: 39105.1045018 Total splits: 56 Good splits: 56
Reward: 30615.0379822 Total splits: 49 Good splits: 46
Reward: 36558.6882495 Total splits: 51 Good splits: 51
Reward: 45653.4946917 Total splits: 56 Good splits: 56
Reward: 31677.3923815 Total splits: 54 Good splits: 53
Reward: 29875.2768881 Total splits: 53 Good splits: 53
Reward: 42172.8189483 Total splits: 56 Good splits: 54
Reward: 33926.7222513 Total splits: 51 Good splits: 50
Reward: 36040.4352445 Total splits: 53 Good splits: 51
Reward: 35066.9306102 Total splits: 56 Good splits: 51
Reward: 39456.3798684 Total splits: 53 Good splits: 50
Reward: 33635.5219913 Total splits: 61 Good splits: 60
Reward: 32485.3145334 Total splits: 55 Good splits: 54
Reward: 33000.4242876 Total splits: 55 Good splits: 51
Reward: 34411.1328527 Total splits: 52 Good splits: 50
Reward: 39083.2588551 Total splits: 60 Good splits: 60
Reward: 36745.4193487 Total splits: 59 Good splits: 58
Reward: 35726.1527929 Total splits: 58 Good splits: 57
Reward: 39353.1994841 Total splits: 63 Good splits: 63
Reward: 36824.5213775 Total splits: 55 Good splits: 55
Reward: 23825.6635128 Total splits: 58 Good splits: 57
Reward: 37064.5442041 Total splits: 59 Good splits: 56
Reward: 35865.6295719 Total splits: 58 Good splits: 56
Reward: 28582.7450323 Total splits: 53 Good splits: 53
Reward: 37021.2328982 Total splits: 53 Good splits: 52
Reward: 25578.33128 Total splits: 52 Good splits: 51
Reward: 37799.385738 Total splits: 58 Good splits: 57
Reward: 24469.2794557 Total splits: 48 Good splits: 45
Reward: 33718.3586404 Total splits: 56 Good splits: 53
Reward: 36230.1532593 Total splits: 56 Good splits: 54
Reward: 37238.1321094 Total splits: 57 Good splits: 53
Reward: 35773.1125467 Total splits: 56 Good splits: 55
Reward: 41967.6179097 Total splits: 59 Good splits: 57
Reward: 33974.8246093 Total splits: 54 Good splits: 53
Reward: 42675.6557959 Total splits: 59 Good splits: 59
Reward: 22730.1658856 Total splits: 46 Good splits: 45

Results after 100 tests
Average total rewards : 33563.9290328
Average total splits  : 55.39
Average good splits   : 53.87
Average good splits % : 97.2558223506

Reward: 36598.7658096 Total splits: 56 Good splits: 55
Reward: 31841.7150627 Total splits: 52 Good splits: 50
Reward: 24985.8796622 Total splits: 53 Good splits: 51
Reward: 36949.7734284 Total splits: 59 Good splits: 57
Reward: 39550.0988411 Total splits: 60 Good splits: 60
Reward: 31727.3054342 Total splits: 58 Good splits: 56
Reward: 28865.5991789 Total splits: 52 Good splits: 52
Reward: 31576.4082088 Total splits: 53 Good splits: 51
Reward: 30879.5826407 Total splits: 54 Good splits: 53
Reward: 32517.3493525 Total splits: 56 Good splits: 55
Reward: 37257.2566025 Total splits: 53 Good splits: 52
Reward: 41248.6207307 Total splits: 59 Good splits: 58
Reward: 33268.3080612 Total splits: 58 Good splits: 57
Reward: 23782.9788845 Total splits: 52 Good splits: 51
Reward: 25653.3280922 Total splits: 57 Good splits: 56
Reward: 40369.9932902 Total splits: 54 Good splits: 53
Reward: 26365.6325712 Total splits: 47 Good splits: 46
Reward: 26071.8948638 Total splits: 62 Good splits: 61
Reward: 41658.7898788 Total splits: 60 Good splits: 58
Reward: 34730.5975909 Total splits: 52 Good splits: 50
Reward: 39331.4822617 Total splits: 53 Good splits: 50
Reward: 27264.4344726 Total splits: 58 Good splits: 57
Reward: 39177.5541321 Total splits: 56 Good splits: 56
Reward: 29678.4035196 Total splits: 61 Good splits: 60
Reward: 37522.6515612 Total splits: 50 Good splits: 48
Reward: 37029.8280845 Total splits: 52 Good splits: 52
Reward: 32697.6207288 Total splits: 56 Good splits: 52
Reward: 28983.3496697 Total splits: 49 Good splits: 48
Reward: 40255.0646851 Total splits: 56 Good splits: 54
Reward: 37960.4685868 Total splits: 51 Good splits: 47
Reward: 35986.2950871 Total splits: 49 Good splits: 48
Reward: 37566.5956983 Total splits: 56 Good splits: 54
Reward: 31002.3402562 Total splits: 54 Good splits: 52
Reward: 36278.3161122 Total splits: 53 Good splits: 52
Reward: 40752.0967952 Total splits: 57 Good splits: 55
Reward: 39160.0632403 Total splits: 53 Good splits: 52
Reward: 35305.424171 Total splits: 57 Good splits: 56
Reward: 33754.4802967 Total splits: 55 Good splits: 53
Reward: 42964.3870445 Total splits: 57 Good splits: 56
Reward: 32306.8968776 Total splits: 53 Good splits: 53
Reward: 38702.6721357 Total splits: 51 Good splits: 49
Reward: 44021.8833553 Total splits: 58 Good splits: 55
Reward: 35136.9781626 Total splits: 54 Good splits: 53
Reward: 41039.9819425 Total splits: 55 Good splits: 55
Reward: 38029.3151412 Total splits: 53 Good splits: 51
Reward: 30800.3687172 Total splits: 58 Good splits: 56
Reward: 26305.7736451 Total splits: 56 Good splits: 54
Reward: 38877.4471669 Total splits: 56 Good splits: 53
Reward: 41098.4988586 Total splits: 52 Good splits: 49
Reward: 37761.0180113 Total splits: 51 Good splits: 48
Reward: 31904.9631758 Total splits: 58 Good splits: 57
Reward: 33176.3800954 Total splits: 54 Good splits: 54
Reward: 32308.5184246 Total splits: 60 Good splits: 59
Reward: 37466.2197084 Total splits: 55 Good splits: 51
Reward: 36237.7896168 Total splits: 65 Good splits: 64
Reward: 29209.0294931 Total splits: 55 Good splits: 55
Reward: 44629.4443298 Total splits: 60 Good splits: 59
Reward: 34251.8735241 Total splits: 57 Good splits: 57
Reward: 9812.47328868 Total splits: 52 Good splits: 49
Reward: 33134.7683924 Total splits: 56 Good splits: 53
Reward: 28246.969305 Total splits: 58 Good splits: 57
Reward: 42085.8692387 Total splits: 56 Good splits: 54
Reward: 41028.7657066 Total splits: 57 Good splits: 56
Reward: 36585.5828898 Total splits: 56 Good splits: 55
Reward: 26875.625957 Total splits: 58 Good splits: 55
Reward: 25135.4792829 Total splits: 51 Good splits: 47
Reward: 19718.4610688 Total splits: 52 Good splits: 50
Reward: 30222.1362493 Total splits: 54 Good splits: 53
Reward: 36321.2222236 Total splits: 55 Good splits: 52
Reward: 27474.1871773 Total splits: 55 Good splits: 52
Reward: 33602.9488926 Total splits: 48 Good splits: 45
Reward: 39538.5647726 Total splits: 54 Good splits: 51
Reward: 34226.9679401 Total splits: 59 Good splits: 57
Reward: 33844.8693453 Total splits: 54 Good splits: 52
Reward: 35798.4920587 Total splits: 58 Good splits: 56
Reward: 28672.4230501 Total splits: 50 Good splits: 47
Reward: 38988.4287235 Total splits: 54 Good splits: 52
Reward: 35408.3255141 Total splits: 57 Good splits: 57
Reward: 29004.675761 Total splits: 53 Good splits: 50
Reward: 33345.2441592 Total splits: 59 Good splits: 57
Reward: 23921.0402394 Total splits: 55 Good splits: 53
Reward: 37056.0077929 Total splits: 60 Good splits: 58
Reward: 25619.216785 Total splits: 41 Good splits: 39
Reward: 38146.2549551 Total splits: 59 Good splits: 56
Reward: 33754.2894787 Total splits: 55 Good splits: 55
Reward: 36840.5336354 Total splits: 55 Good splits: 52
Reward: 36126.7473603 Total splits: 54 Good splits: 54
Reward: 30394.496624 Total splits: 55 Good splits: 54
Reward: 30278.0565518 Total splits: 52 Good splits: 51
Reward: 38850.2173571 Total splits: 54 Good splits: 53
Reward: 35230.2726873 Total splits: 52 Good splits: 52
Reward: 36396.9669258 Total splits: 57 Good splits: 55
Reward: 35292.1506013 Total splits: 51 Good splits: 49
Reward: 19419.2080198 Total splits: 55 Good splits: 51
Reward: 41286.6701074 Total splits: 59 Good splits: 57
Reward: 43646.7307557 Total splits: 53 Good splits: 50
Reward: 33522.4082216 Total splits: 55 Good splits: 54
Reward: 35763.6689914 Total splits: 57 Good splits: 54
Reward: 33268.4953664 Total splits: 54 Good splits: 52
Reward: 25397.5442235 Total splits: 47 Good splits: 47

Results after 100 tests
Average total rewards : 33911.1924465
Average total splits  : 54.87
Average good splits   : 53.19
Average good splits % : 96.9382176052

Reward: 32655.1943569 Total splits: 56 Good splits: 56
Reward: 28761.2070054 Total splits: 55 Good splits: 53
Reward: 25711.3703901 Total splits: 60 Good splits: 58
Reward: 26311.3978978 Total splits: 48 Good splits: 46
Reward: 43740.5949693 Total splits: 58 Good splits: 54
Reward: 33154.9108156 Total splits: 57 Good splits: 55
Reward: 31708.3572518 Total splits: 56 Good splits: 54
Reward: 41476.9321083 Total splits: 54 Good splits: 53
Reward: 39374.1145002 Total splits: 60 Good splits: 58
Reward: 40917.5355497 Total splits: 51 Good splits: 51
Reward: 39548.1152294 Total splits: 53 Good splits: 53
Reward: 41142.9285302 Total splits: 61 Good splits: 59
Reward: 24940.5514859 Total splits: 49 Good splits: 48
Reward: 33084.9962796 Total splits: 53 Good splits: 52
Reward: 28701.2265693 Total splits: 53 Good splits: 50
Reward: 40701.9997458 Total splits: 58 Good splits: 58
Reward: 32523.7347792 Total splits: 59 Good splits: 56
Reward: 26510.0779178 Total splits: 59 Good splits: 58
Reward: 34202.9255152 Total splits: 54 Good splits: 51
Reward: 26611.0571121 Total splits: 50 Good splits: 48
Reward: 38990.5242357 Total splits: 60 Good splits: 58
Reward: 35499.0058218 Total splits: 52 Good splits: 52
Reward: 41375.9500912 Total splits: 55 Good splits: 54
Reward: 26878.323602 Total splits: 57 Good splits: 57
Reward: 39570.7710302 Total splits: 57 Good splits: 57
Reward: 37740.1595112 Total splits: 56 Good splits: 53
Reward: 41075.5788231 Total splits: 57 Good splits: 55
Reward: 32913.3827857 Total splits: 57 Good splits: 57
Reward: 27728.2974539 Total splits: 54 Good splits: 51
Reward: 29421.5652321 Total splits: 57 Good splits: 54
Reward: 43786.7826277 Total splits: 59 Good splits: 58
Reward: 35354.1130527 Total splits: 52 Good splits: 50
Reward: 41085.2453946 Total splits: 56 Good splits: 54
Reward: 30056.2406229 Total splits: 55 Good splits: 52
Reward: 43484.8789047 Total splits: 54 Good splits: 50
Reward: 31800.2835764 Total splits: 54 Good splits: 53
Reward: 33184.448162 Total splits: 56 Good splits: 54
Reward: 27084.4811951 Total splits: 55 Good splits: 51
Reward: 36884.2658531 Total splits: 60 Good splits: 56
Reward: 35021.5672362 Total splits: 56 Good splits: 53
Reward: 25658.5787518 Total splits: 57 Good splits: 54
Reward: 40086.5413773 Total splits: 55 Good splits: 53
Reward: 40365.4703662 Total splits: 53 Good splits: 52
Reward: 24927.3594158 Total splits: 59 Good splits: 57
Reward: 34348.6350843 Total splits: 58 Good splits: 54
Reward: 41154.7281137 Total splits: 60 Good splits: 59
Reward: 37107.3096481 Total splits: 50 Good splits: 50
Reward: 42809.4258824 Total splits: 58 Good splits: 56
Reward: 41753.3410951 Total splits: 56 Good splits: 52
Reward: 43315.4095936 Total splits: 59 Good splits: 57
Reward: 38882.8859819 Total splits: 52 Good splits: 52
Reward: 32684.9405005 Total splits: 57 Good splits: 55
Reward: 30981.100806 Total splits: 51 Good splits: 49
Reward: 31438.975543 Total splits: 60 Good splits: 59
Reward: 35946.495889 Total splits: 53 Good splits: 52
Reward: 34783.9048115 Total splits: 55 Good splits: 55
Reward: 20834.5216602 Total splits: 54 Good splits: 52
Reward: 37085.9952635 Total splits: 55 Good splits: 53
Reward: 35345.7978382 Total splits: 50 Good splits: 49
Reward: 31615.125093 Total splits: 61 Good splits: 59
Reward: 36136.9008611 Total splits: 55 Good splits: 54
Reward: 37837.4848257 Total splits: 49 Good splits: 48
Reward: 32359.1475478 Total splits: 58 Good splits: 58
Reward: 39608.5559552 Total splits: 58 Good splits: 57
Reward: 27506.6046588 Total splits: 58 Good splits: 56
Reward: 25754.9532544 Total splits: 60 Good splits: 58
Reward: 35523.0968757 Total splits: 62 Good splits: 60
Reward: 35938.4414367 Total splits: 65 Good splits: 65
Reward: 32340.3890785 Total splits: 51 Good splits: 50
Reward: 30961.9291282 Total splits: 61 Good splits: 59
Reward: 36575.2470736 Total splits: 56 Good splits: 55
Reward: 33118.9990312 Total splits: 56 Good splits: 53
Reward: 39403.6969848 Total splits: 50 Good splits: 46
Reward: 40352.035469 Total splits: 56 Good splits: 54
Reward: 34138.3166155 Total splits: 55 Good splits: 54
Reward: 35687.4690715 Total splits: 56 Good splits: 55
Reward: 9795.24463661 Total splits: 58 Good splits: 54
Reward: 36482.4666636 Total splits: 56 Good splits: 54
Reward: 28982.0268606 Total splits: 49 Good splits: 46
Reward: 41052.3072493 Total splits: 52 Good splits: 51
Reward: 27663.7653233 Total splits: 54 Good splits: 52
Reward: 41797.082628 Total splits: 55 Good splits: 55
Reward: 25613.8620548 Total splits: 55 Good splits: 54
Reward: 40425.8519618 Total splits: 53 Good splits: 50
Reward: 32513.7632896 Total splits: 54 Good splits: 53
Reward: 39287.7674195 Total splits: 54 Good splits: 53
Reward: 31536.9282531 Total splits: 52 Good splits: 51
Reward: 31905.1755687 Total splits: 54 Good splits: 53
Reward: 27233.1182427 Total splits: 53 Good splits: 52
Reward: 39849.1404307 Total splits: 57 Good splits: 57
Reward: 30821.1424103 Total splits: 56 Good splits: 54
Reward: 31781.0749961 Total splits: 55 Good splits: 53
Reward: 37084.8751088 Total splits: 55 Good splits: 55
Reward: 17708.572574 Total splits: 62 Good splits: 58
Reward: 27611.1027168 Total splits: 57 Good splits: 54
Reward: 20719.1077846 Total splits: 56 Good splits: 54
Reward: 37029.7141344 Total splits: 56 Good splits: 55
Reward: 29696.9094649 Total splits: 53 Good splits: 53
Reward: 38411.0437529 Total splits: 53 Good splits: 53
Reward: 30006.8854234 Total splits: 58 Good splits: 58
Reward: 42395.0101515 Total splits: 56 Good splits: 56
Reward: 35688.3505087 Total splits: 50 Good splits: 48
Reward: 37130.4758655 Total splits: 58 Good splits: 58
Reward: 33638.6843602 Total splits: 57 Good splits: 56
Reward: 35864.1889824 Total splits: 50 Good splits: 49
Reward: 34021.773154 Total splits: 50 Good splits: 48
Reward: 42329.0291543 Total splits: 56 Good splits: 55
Reward: 36018.7902433 Total splits: 56 Good splits: 54
Reward: 37754.3706361 Total splits: 56 Good splits: 55
Reward: 28608.5853757 Total splits: 57 Good splits: 56
Reward: 24341.9827086 Total splits: 55 Good splits: 53
Reward: 24824.2717707 Total splits: 56 Good splits: 55
Reward: 28770.1013555 Total splits: 52 Good splits: 50
Reward: 35286.4297011 Total splits: 45 Good splits: 45
Reward: 19621.8679751 Total splits: 56 Good splits: 54
Reward: 33735.3252356 Total splits: 57 Good splits: 55
Reward: 29976.4976095 Total splits: 59 Good splits: 56
Reward: 17993.2461471 Total splits: 48 Good splits: 47
Reward: 41967.385264 Total splits: 58 Good splits: 57
Reward: 31802.1548888 Total splits: 54 Good splits: 51
Reward: 43656.4699661 Total splits: 50 Good splits: 49
Reward: 43316.1606228 Total splits: 58 Good splits: 58
Reward: 35078.2373799 Total splits: 58 Good splits: 54
Reward: 34679.3909294 Total splits: 50 Good splits: 50
Reward: 23261.2588563 Total splits: 57 Good splits: 54
Reward: 29591.1863132 Total splits: 62 Good splits: 61
Reward: 39437.5196768 Total splits: 57 Good splits: 57
Reward: 25752.2886047 Total splits: 60 Good splits: 58
Reward: 32642.639429 Total splits: 57 Good splits: 54
Reward: 41421.5619181 Total splits: 61 Good splits: 59
Reward: 45424.548695 Total splits: 59 Good splits: 56
Reward: 35138.060632 Total splits: 51 Good splits: 48
Reward: 26451.8337852 Total splits: 54 Good splits: 53
Reward: 20690.3236641 Total splits: 52 Good splits: 48
Reward: 20050.3649254 Total splits: 60 Good splits: 59
Reward: 36113.9265158 Total splits: 58 Good splits: 57
Reward: 28911.6015468 Total splits: 54 Good splits: 52
Reward: 35630.0890799 Total splits: 56 Good splits: 55
Reward: 31908.9186131 Total splits: 62 Good splits: 62
Reward: 34242.3462738 Total splits: 57 Good splits: 55
Reward: 34439.1056949 Total splits: 59 Good splits: 57
Reward: 34743.6834777 Total splits: 56 Good splits: 54
Reward: 41456.7328869 Total splits: 57 Good splits: 56
Reward: 32199.3061567 Total splits: 56 Good splits: 55
Reward: 30591.4332275 Total splits: 58 Good splits: 54
Reward: 37378.4489172 Total splits: 57 Good splits: 57
Reward: 28482.5285844 Total splits: 47 Good splits: 46
Reward: 40265.2613214 Total splits: 58 Good splits: 58
Reward: 34587.977228 Total splits: 51 Good splits: 50
Reward: 30570.9809718 Total splits: 58 Good splits: 57
Reward: 29128.8713404 Total splits: 56 Good splits: 53
Reward: 33591.9357553 Total splits: 56 Good splits: 55
Reward: 30122.2565684 Total splits: 51 Good splits: 49
Reward: 38713.1879369 Total splits: 57 Good splits: 56
Reward: 23744.2983501 Total splits: 47 Good splits: 44
Reward: 33917.8485834 Total splits: 60 Good splits: 58
Reward: 33080.0687659 Total splits: 59 Good splits: 58
Reward: 35293.6237765 Total splits: 55 Good splits: 52
Reward: 31302.4200211 Total splits: 54 Good splits: 51
Reward: 42489.9422792 Total splits: 55 Good splits: 54
Reward: 41461.3178256 Total splits: 55 Good splits: 54
Reward: 37169.5910352 Total splits: 53 Good splits: 53
Reward: 31972.9877368 Total splits: 56 Good splits: 56
Reward: 31991.8357942 Total splits: 55 Good splits: 55
Reward: 34267.5844331 Total splits: 49 Good splits: 47
Reward: 20867.7661162 Total splits: 50 Good splits: 49
Reward: 39147.6506902 Total splits: 59 Good splits: 58
Reward: 32397.0125139 Total splits: 56 Good splits: 51
Reward: 33619.4912612 Total splits: 56 Good splits: 54
Reward: 30447.7780109 Total splits: 57 Good splits: 54
Reward: 37921.9503917 Total splits: 56 Good splits: 55
Reward: 44157.833857 Total splits: 57 Good splits: 56
Reward: 31385.9614946 Total splits: 55 Good splits: 55
Reward: 44490.1461621 Total splits: 58 Good splits: 56
Reward: 30528.6109291 Total splits: 56 Good splits: 56
Reward: 26962.7896032 Total splits: 60 Good splits: 59
Reward: 37007.9804073 Total splits: 59 Good splits: 58
Reward: 36751.7140101 Total splits: 48 Good splits: 47
Reward: 36949.5946169 Total splits: 56 Good splits: 55
Reward: 38157.0934574 Total splits: 52 Good splits: 51
Reward: 31954.6398924 Total splits: 58 Good splits: 57
Reward: 40036.9400779 Total splits: 56 Good splits: 55
Reward: 34203.5971628 Total splits: 58 Good splits: 56
Reward: 38214.2515952 Total splits: 60 Good splits: 57
Reward: 33288.819208 Total splits: 56 Good splits: 54
Reward: 43893.037285 Total splits: 53 Good splits: 51
Reward: 35231.4945626 Total splits: 52 Good splits: 52
Reward: 33489.5289485 Total splits: 55 Good splits: 54
Reward: 38946.3052088 Total splits: 53 Good splits: 52
Reward: 33190.5406909 Total splits: 60 Good splits: 59
Reward: 34197.7995337 Total splits: 59 Good splits: 57
Reward: 27249.0767624 Total splits: 56 Good splits: 54
Reward: 43091.5459053 Total splits: 58 Good splits: 56
Reward: 30009.4208837 Total splits: 58 Good splits: 56
Reward: 26899.7186722 Total splits: 51 Good splits: 49
Reward: 33634.5814516 Total splits: 53 Good splits: 50
Reward: 36425.8237999 Total splits: 53 Good splits: 52
Reward: 38745.1935215 Total splits: 57 Good splits: 53
Reward: 36428.2257278 Total splits: 61 Good splits: 60
Reward: 29405.0466949 Total splits: 61 Good splits: 60

Results after 200 tests
Average total rewards : 33887.7663552
Average total splits  : 55.58
Average good splits   : 53.985
Average good splits % : 97.1302626844

