Reward: 16641.6905333 Total splits: 171 Good splits: 110
Reward: 36499.4776774 Total splits: 175 Good splits: 103
Reward: 33937.7342854 Total splits: 169 Good splits: 125
Reward: 36029.3357831 Total splits: 166 Good splits: 122
Reward: 37659.9443049 Total splits: 161 Good splits: 119
Reward: 36449.9038941 Total splits: 172 Good splits: 102
Reward: 37958.5953452 Total splits: 171 Good splits: 100
Reward: 39121.2877542 Total splits: 205 Good splits: 133
Reward: 32511.6033877 Total splits: 175 Good splits: 118
Reward: 39763.6176615 Total splits: 193 Good splits: 131
Reward: 19431.2253678 Total splits: 141 Good splits: 101
Reward: 36960.1487021 Total splits: 182 Good splits: 117
Reward: 39688.2633398 Total splits: 194 Good splits: 132
Reward: 41815.7047229 Total splits: 219 Good splits: 148
Reward: 37654.660825 Total splits: 168 Good splits: 115
Reward: 36830.8835049 Total splits: 191 Good splits: 128
Reward: 27584.050811 Total splits: 144 Good splits: 101
Reward: 35472.7016943 Total splits: 154 Good splits: 117
Reward: 40163.8779898 Total splits: 171 Good splits: 131
Reward: 36227.6118079 Total splits: 193 Good splits: 142
Reward: 31117.8331084 Total splits: 176 Good splits: 110
Reward: 14846.2823864 Total splits: 148 Good splits: 109
Reward: 28614.430557 Total splits: 216 Good splits: 141
Reward: 30800.8009552 Total splits: 201 Good splits: 121
Reward: 28600.5094953 Total splits: 161 Good splits: 120
Reward: 36701.8364164 Total splits: 179 Good splits: 112
Reward: 22672.1422644 Total splits: 131 Good splits: 100
Reward: 31743.9499325 Total splits: 147 Good splits: 105
Reward: 34761.9490233 Total splits: 188 Good splits: 115
Reward: 36016.7144874 Total splits: 176 Good splits: 122
Reward: 22272.3534528 Total splits: 170 Good splits: 129
Reward: 31350.4298954 Total splits: 171 Good splits: 120
Reward: 18164.7249043 Total splits: 155 Good splits: 107
Reward: 24877.9893869 Total splits: 176 Good splits: 124
Reward: 34451.5097975 Total splits: 172 Good splits: 123
Reward: 35419.7297955 Total splits: 133 Good splits: 98
Reward: 29603.3462781 Total splits: 175 Good splits: 122
Reward: 35340.6846354 Total splits: 186 Good splits: 127
Reward: 37724.1985434 Total splits: 161 Good splits: 127
Reward: 41943.1645734 Total splits: 199 Good splits: 145
Reward: 25267.110763 Total splits: 132 Good splits: 91
Reward: 31493.5636269 Total splits: 167 Good splits: 120
Reward: 34117.7351193 Total splits: 160 Good splits: 119
Reward: 28346.6696386 Total splits: 166 Good splits: 105
Reward: 35047.7845169 Total splits: 182 Good splits: 121
Reward: 18387.1325995 Total splits: 189 Good splits: 107
Reward: 18253.7989858 Total splits: 153 Good splits: 105
Reward: 32268.6992015 Total splits: 208 Good splits: 139
Reward: 35828.2819293 Total splits: 195 Good splits: 141
Reward: 34634.9862255 Total splits: 201 Good splits: 143
Reward: 31199.6006032 Total splits: 147 Good splits: 110
Reward: 39808.9870051 Total splits: 204 Good splits: 133
Reward: 35169.1362471 Total splits: 203 Good splits: 140
Reward: 32474.9735579 Total splits: 176 Good splits: 122
Reward: 31239.1751342 Total splits: 194 Good splits: 121
Reward: 28793.6698217 Total splits: 158 Good splits: 110
Reward: 25545.6055506 Total splits: 191 Good splits: 131
Reward: 26789.0929988 Total splits: 165 Good splits: 113
Reward: 21129.6615352 Total splits: 140 Good splits: 100
Reward: 25412.2113954 Total splits: 196 Good splits: 130
Reward: 20669.8976588 Total splits: 208 Good splits: 139
Reward: 23273.617513 Total splits: 158 Good splits: 112
Reward: 24683.3602204 Total splits: 151 Good splits: 105
Reward: 29100.6482915 Total splits: 212 Good splits: 138
Reward: 31605.1197675 Total splits: 200 Good splits: 135
Reward: 31784.0625021 Total splits: 176 Good splits: 122
Reward: 33677.8735908 Total splits: 192 Good splits: 134
Reward: 33215.9533633 Total splits: 143 Good splits: 105
Reward: 36822.5011921 Total splits: 183 Good splits: 110
Reward: 33430.7618531 Total splits: 135 Good splits: 108
Reward: 24667.3719226 Total splits: 157 Good splits: 109
Reward: 40080.3793856 Total splits: 141 Good splits: 114
Reward: 30178.6817162 Total splits: 155 Good splits: 99
Reward: 35619.8961562 Total splits: 138 Good splits: 100
Reward: 27280.6756519 Total splits: 156 Good splits: 107
Reward: 26001.8857207 Total splits: 163 Good splits: 112
Reward: 35525.925506 Total splits: 168 Good splits: 112
Reward: 36263.403911 Total splits: 195 Good splits: 136
Reward: 38978.9907931 Total splits: 154 Good splits: 117
Reward: 21107.0251333 Total splits: 158 Good splits: 109
Reward: 34214.294521 Total splits: 184 Good splits: 120
Reward: 35980.4704311 Total splits: 184 Good splits: 114
Reward: 38241.7148423 Total splits: 217 Good splits: 151
Reward: 27278.0467144 Total splits: 187 Good splits: 134
Reward: 35968.0259147 Total splits: 174 Good splits: 122
Reward: 28569.1398642 Total splits: 198 Good splits: 133
Reward: 33157.4751702 Total splits: 202 Good splits: 130
Reward: 32453.8181327 Total splits: 166 Good splits: 111
Reward: 22743.2641007 Total splits: 148 Good splits: 109
Reward: 31745.1715041 Total splits: 154 Good splits: 113
Reward: 32393.2071134 Total splits: 192 Good splits: 131
Reward: 28977.6670096 Total splits: 157 Good splits: 97
Reward: 38818.8024262 Total splits: 186 Good splits: 132
Reward: 34825.6308095 Total splits: 194 Good splits: 131
Reward: 22408.9873058 Total splits: 142 Good splits: 99
Reward: 28386.2884915 Total splits: 199 Good splits: 128
Reward: 39216.9915193 Total splits: 190 Good splits: 133
Reward: 33530.3408522 Total splits: 193 Good splits: 139
Reward: 36018.908801 Total splits: 201 Good splits: 135
Reward: 33710.9960789 Total splits: 178 Good splits: 134
Reward: 31027.8675084 Total splits: 188 Good splits: 123
Reward: 21685.8520558 Total splits: 143 Good splits: 109
Reward: 40408.5047716 Total splits: 168 Good splits: 109
Reward: 28726.1408438 Total splits: 199 Good splits: 136
Reward: 30649.9170178 Total splits: 184 Good splits: 118
Reward: 19978.721446 Total splits: 182 Good splits: 119
Reward: 33929.2142194 Total splits: 176 Good splits: 120
Reward: 23493.3288746 Total splits: 172 Good splits: 107
Reward: 18921.0353915 Total splits: 135 Good splits: 95
Reward: 32981.9391893 Total splits: 142 Good splits: 108
Reward: 30988.4097509 Total splits: 150 Good splits: 101
Reward: 27173.9337847 Total splits: 209 Good splits: 133
Reward: 24614.7760421 Total splits: 189 Good splits: 129
Reward: 22987.8508056 Total splits: 160 Good splits: 107
Reward: 28531.170174 Total splits: 152 Good splits: 102
Reward: 37014.5325115 Total splits: 154 Good splits: 107
Reward: 29616.0410709 Total splits: 125 Good splits: 97
Reward: 28966.537753 Total splits: 168 Good splits: 119
Reward: 32953.3466026 Total splits: 195 Good splits: 128
Reward: 38636.1699392 Total splits: 211 Good splits: 147
Reward: 38410.2354325 Total splits: 173 Good splits: 113
Reward: 38867.3738651 Total splits: 205 Good splits: 135
Reward: 35585.9294647 Total splits: 200 Good splits: 139
Reward: 32829.4316546 Total splits: 165 Good splits: 117
Reward: 35072.6404858 Total splits: 139 Good splits: 97
Reward: 31115.6693423 Total splits: 141 Good splits: 99
Reward: 25219.7078407 Total splits: 177 Good splits: 123
Reward: 29773.9982115 Total splits: 162 Good splits: 115
Reward: 25147.9245375 Total splits: 146 Good splits: 103
Reward: 32231.8960147 Total splits: 183 Good splits: 121
Reward: 33692.7910189 Total splits: 194 Good splits: 121
Reward: 36045.3813815 Total splits: 192 Good splits: 124
Reward: 30007.9825265 Total splits: 181 Good splits: 123
Reward: 26560.3508017 Total splits: 150 Good splits: 108
Reward: 23379.8650325 Total splits: 172 Good splits: 110
Reward: 25767.9647723 Total splits: 163 Good splits: 120
Reward: 38308.3689204 Total splits: 174 Good splits: 122
Reward: 31045.484714 Total splits: 205 Good splits: 140
Reward: 38008.6034569 Total splits: 178 Good splits: 119
Reward: 27828.0137277 Total splits: 194 Good splits: 132
Reward: 27021.2708713 Total splits: 186 Good splits: 128
Reward: 27058.4193532 Total splits: 181 Good splits: 120
Reward: 27428.2657579 Total splits: 144 Good splits: 102
Reward: 38902.5065406 Total splits: 179 Good splits: 119
Reward: 27408.7641278 Total splits: 184 Good splits: 118
Reward: 30721.8424898 Total splits: 167 Good splits: 113
Reward: 22364.4121603 Total splits: 199 Good splits: 144
Reward: 30126.7836072 Total splits: 124 Good splits: 92
Reward: 35536.1324552 Total splits: 172 Good splits: 109
Reward: 25262.2303918 Total splits: 142 Good splits: 99
Reward: 32006.6435321 Total splits: 183 Good splits: 132
Reward: 33644.7645175 Total splits: 172 Good splits: 116
Reward: 29763.7986657 Total splits: 173 Good splits: 112
Reward: 39344.964025 Total splits: 196 Good splits: 134
Reward: 33414.0179022 Total splits: 175 Good splits: 124
Reward: 26564.0787955 Total splits: 158 Good splits: 106
Reward: 26052.7578733 Total splits: 181 Good splits: 118
Reward: 28530.7642194 Total splits: 182 Good splits: 123
Reward: 29406.7076841 Total splits: 188 Good splits: 124
Reward: 34182.3213252 Total splits: 176 Good splits: 115
Reward: 28144.2014147 Total splits: 148 Good splits: 103
Reward: 33657.3755815 Total splits: 155 Good splits: 115
Reward: 31244.8831659 Total splits: 178 Good splits: 122
Reward: 20348.7018557 Total splits: 181 Good splits: 124
Reward: 28214.4479493 Total splits: 169 Good splits: 120
Reward: 34860.5952508 Total splits: 197 Good splits: 138
Reward: 37321.2407295 Total splits: 173 Good splits: 120
Reward: 35101.2818833 Total splits: 196 Good splits: 123
Reward: 35552.9267558 Total splits: 159 Good splits: 109
Reward: 36919.9580016 Total splits: 188 Good splits: 135
Reward: 35418.4204616 Total splits: 208 Good splits: 135
Reward: 40030.2539535 Total splits: 174 Good splits: 101
Reward: 36896.1801008 Total splits: 169 Good splits: 98
Reward: 39414.5352048 Total splits: 170 Good splits: 132
Reward: 25726.5250995 Total splits: 148 Good splits: 100
Reward: 40125.8991644 Total splits: 202 Good splits: 143
Reward: 27946.2757766 Total splits: 175 Good splits: 111
Reward: 33552.5046105 Total splits: 208 Good splits: 140
Reward: 28728.6313175 Total splits: 160 Good splits: 107
Reward: 32370.2880165 Total splits: 189 Good splits: 129
Reward: 34566.2736029 Total splits: 191 Good splits: 127
Reward: 37283.2461957 Total splits: 193 Good splits: 138
Reward: 44182.6832686 Total splits: 154 Good splits: 103
Reward: 39825.4565664 Total splits: 201 Good splits: 146
Reward: 26111.0338646 Total splits: 144 Good splits: 101
Reward: 36178.6609705 Total splits: 219 Good splits: 154
Reward: 35417.5766634 Total splits: 207 Good splits: 135
Reward: 29147.0409712 Total splits: 158 Good splits: 106
Reward: 31016.2652878 Total splits: 159 Good splits: 101
Reward: 18222.111066 Total splits: 170 Good splits: 111
Reward: 30357.2597925 Total splits: 183 Good splits: 122
Reward: 32692.7042043 Total splits: 173 Good splits: 127
Reward: 24884.287094 Total splits: 175 Good splits: 116
Reward: 36084.9220062 Total splits: 198 Good splits: 135
Reward: 25710.338664 Total splits: 159 Good splits: 104
Reward: 37054.7401477 Total splits: 160 Good splits: 130
Reward: 36291.6257474 Total splits: 175 Good splits: 125
Reward: 34551.2441887 Total splits: 191 Good splits: 130
Reward: 27460.8800467 Total splits: 198 Good splits: 136
Reward: 31555.1022635 Total splits: 196 Good splits: 134

Results after 200 tests
Average total rewards : 31461.6848867
Average total splits  : 174.805
Average good splits   : 119.605
Average good splits % : 68.4219558937

Reward: 22953.6394511 Total splits: 149 Good splits: 100
Reward: 20708.1715694 Total splits: 157 Good splits: 108
Reward: 29817.8751367 Total splits: 142 Good splits: 89
Reward: 36338.0987439 Total splits: 182 Good splits: 123
Reward: 33704.499057 Total splits: 187 Good splits: 120
Reward: 39592.5355129 Total splits: 185 Good splits: 122
Reward: 33437.195534 Total splits: 152 Good splits: 108
Reward: 26202.1502857 Total splits: 161 Good splits: 113
Reward: 26126.8748083 Total splits: 156 Good splits: 98
Reward: 36119.3264817 Total splits: 163 Good splits: 111
Reward: 22314.5909368 Total splits: 160 Good splits: 115
Reward: 38374.63321 Total splits: 217 Good splits: 145
Reward: 37267.0309547 Total splits: 169 Good splits: 119
Reward: 33812.6959981 Total splits: 161 Good splits: 114
Reward: 38655.1528717 Total splits: 202 Good splits: 138
Reward: 15730.9361269 Total splits: 145 Good splits: 97
Reward: 43519.30205 Total splits: 202 Good splits: 145
Reward: 34419.6847188 Total splits: 160 Good splits: 106
Reward: 18454.5309894 Total splits: 150 Good splits: 107
Reward: 20435.8682565 Total splits: 164 Good splits: 112
Reward: 32030.9464037 Total splits: 185 Good splits: 111
Reward: 25860.8560124 Total splits: 155 Good splits: 108
Reward: 37057.0635351 Total splits: 149 Good splits: 111
Reward: 33695.0021221 Total splits: 158 Good splits: 113
Reward: 24772.4023134 Total splits: 155 Good splits: 115
Reward: 37534.3952985 Total splits: 151 Good splits: 113
Reward: 27351.7630619 Total splits: 173 Good splits: 118
Reward: 25377.4825278 Total splits: 145 Good splits: 99
Reward: 31624.9193417 Total splits: 160 Good splits: 106
Reward: 26711.8848073 Total splits: 194 Good splits: 130
Reward: 37004.3488349 Total splits: 194 Good splits: 125
Reward: 30118.0525339 Total splits: 211 Good splits: 152
Reward: 29489.452427 Total splits: 197 Good splits: 129
Reward: 32318.0389968 Total splits: 167 Good splits: 116
Reward: 34633.7565513 Total splits: 191 Good splits: 132
Reward: 36934.6217882 Total splits: 200 Good splits: 139
Reward: 35007.8551473 Total splits: 164 Good splits: 110
Reward: 34544.9355812 Total splits: 150 Good splits: 111
Reward: 31998.7179443 Total splits: 183 Good splits: 139
Reward: 41546.3862971 Total splits: 176 Good splits: 127
Reward: 36955.3991738 Total splits: 206 Good splits: 138
Reward: 32442.3219026 Total splits: 178 Good splits: 125
Reward: 36382.8623575 Total splits: 172 Good splits: 123
Reward: 29487.6111495 Total splits: 141 Good splits: 91
Reward: 28140.6867875 Total splits: 178 Good splits: 110
Reward: 31885.5018727 Total splits: 183 Good splits: 135
Reward: 33837.7660601 Total splits: 181 Good splits: 115
Reward: 31604.6629353 Total splits: 191 Good splits: 126
Reward: 32040.2809959 Total splits: 170 Good splits: 120
Reward: 34217.9204112 Total splits: 148 Good splits: 101
Reward: 34562.3841298 Total splits: 187 Good splits: 140
Reward: 32855.3041356 Total splits: 177 Good splits: 116
Reward: 32176.8990077 Total splits: 173 Good splits: 118
Reward: 36965.437204 Total splits: 183 Good splits: 122
Reward: 36082.4520866 Total splits: 189 Good splits: 136
Reward: 41696.1270943 Total splits: 182 Good splits: 134
Reward: 35060.1324252 Total splits: 201 Good splits: 137
Reward: 33935.4919529 Total splits: 167 Good splits: 116
Reward: 40919.0299283 Total splits: 218 Good splits: 139
Reward: 28309.2620075 Total splits: 144 Good splits: 109
Reward: 35529.2309562 Total splits: 167 Good splits: 124
Reward: 29454.1213802 Total splits: 187 Good splits: 128
Reward: 34653.5693896 Total splits: 172 Good splits: 123
Reward: 24128.7357561 Total splits: 166 Good splits: 105
Reward: 25537.2008638 Total splits: 154 Good splits: 109
Reward: 26051.4195409 Total splits: 193 Good splits: 132
Reward: 34481.7316669 Total splits: 154 Good splits: 98
Reward: 33965.7352481 Total splits: 176 Good splits: 110
Reward: 22140.3316728 Total splits: 139 Good splits: 99
Reward: 33773.6901064 Total splits: 197 Good splits: 132
Reward: 17267.998874 Total splits: 146 Good splits: 104
Reward: 20066.3037467 Total splits: 132 Good splits: 94
Reward: 29332.3061122 Total splits: 168 Good splits: 120
Reward: 28141.5532619 Total splits: 189 Good splits: 131
Reward: 34074.1306067 Total splits: 185 Good splits: 134
Reward: 35141.1985783 Total splits: 197 Good splits: 134
Reward: 33010.3890367 Total splits: 137 Good splits: 98
Reward: 30878.0667432 Total splits: 195 Good splits: 126
Reward: 33791.2660494 Total splits: 197 Good splits: 128
Reward: 43130.2591839 Total splits: 202 Good splits: 132
Reward: 29219.8224773 Total splits: 161 Good splits: 99
Reward: 31749.115652 Total splits: 166 Good splits: 109
Reward: 27856.0359349 Total splits: 208 Good splits: 139
Reward: 37922.8438996 Total splits: 187 Good splits: 122
Reward: 36100.8323418 Total splits: 202 Good splits: 145
Reward: 27766.9915936 Total splits: 165 Good splits: 124
Reward: 38909.5077983 Total splits: 155 Good splits: 102
Reward: 24359.951008 Total splits: 197 Good splits: 122
Reward: 36354.487664 Total splits: 216 Good splits: 140
Reward: 33292.7693946 Total splits: 179 Good splits: 128
Reward: 25647.4985874 Total splits: 145 Good splits: 86
Reward: 41911.1821187 Total splits: 152 Good splits: 110
Reward: 24850.9035762 Total splits: 160 Good splits: 104
Reward: 40081.110645 Total splits: 150 Good splits: 104
Reward: 37642.8601029 Total splits: 198 Good splits: 133
Reward: 26967.8031327 Total splits: 144 Good splits: 102
Reward: 40529.2280263 Total splits: 185 Good splits: 118
Reward: 37673.031701 Total splits: 198 Good splits: 143
Reward: 28972.8378385 Total splits: 161 Good splits: 105
Reward: 18668.9974048 Total splits: 136 Good splits: 102
Reward: 22810.126209 Total splits: 137 Good splits: 87
Reward: 32308.5980817 Total splits: 201 Good splits: 136
Reward: 34456.1507056 Total splits: 160 Good splits: 113
Reward: 33715.1062288 Total splits: 191 Good splits: 128
Reward: 16336.2976173 Total splits: 144 Good splits: 85
Reward: 29377.2390406 Total splits: 162 Good splits: 111
Reward: 31615.1396074 Total splits: 209 Good splits: 153
Reward: 28131.5923334 Total splits: 187 Good splits: 114
Reward: 33091.5824585 Total splits: 167 Good splits: 111
Reward: 40353.8192625 Total splits: 166 Good splits: 121
Reward: 38579.3768182 Total splits: 185 Good splits: 120
Reward: 35301.8321259 Total splits: 141 Good splits: 107
Reward: 37487.8389372 Total splits: 172 Good splits: 115
Reward: 34805.94048 Total splits: 184 Good splits: 129
Reward: 24628.5928356 Total splits: 203 Good splits: 134
Reward: 37725.3856796 Total splits: 191 Good splits: 135
Reward: 36899.9893056 Total splits: 198 Good splits: 146
Reward: 33388.6293451 Total splits: 150 Good splits: 96
Reward: 38100.1527507 Total splits: 159 Good splits: 109
Reward: 35619.5409223 Total splits: 202 Good splits: 120
Reward: 19173.6037136 Total splits: 197 Good splits: 134
Reward: 40176.8016794 Total splits: 213 Good splits: 140
Reward: 28639.9057769 Total splits: 205 Good splits: 147
Reward: 37404.3663275 Total splits: 155 Good splits: 116
Reward: 37001.9897525 Total splits: 192 Good splits: 148
Reward: 37227.1189624 Total splits: 201 Good splits: 138
Reward: 31478.8631755 Total splits: 181 Good splits: 127
Reward: 29386.4168266 Total splits: 185 Good splits: 118
Reward: 40584.7098365 Total splits: 190 Good splits: 126
Reward: 38410.6062993 Total splits: 172 Good splits: 123
Reward: 30890.8310243 Total splits: 190 Good splits: 141
Reward: 39155.91575 Total splits: 204 Good splits: 143
Reward: 37901.379035 Total splits: 188 Good splits: 118
Reward: 28957.3519739 Total splits: 162 Good splits: 98
Reward: 34402.8955787 Total splits: 182 Good splits: 125
Reward: 26917.2450908 Total splits: 188 Good splits: 130
Reward: 26850.6251819 Total splits: 189 Good splits: 129
Reward: 27794.3636491 Total splits: 159 Good splits: 110
Reward: 19438.5213539 Total splits: 149 Good splits: 97
Reward: 33674.5978148 Total splits: 201 Good splits: 137
Reward: 33329.111202 Total splits: 186 Good splits: 121
Reward: 35472.3653825 Total splits: 195 Good splits: 133
Reward: 36263.6221688 Total splits: 194 Good splits: 131
Reward: 34673.2630924 Total splits: 193 Good splits: 127
Reward: 31290.9217967 Total splits: 188 Good splits: 132
Reward: 33333.8902243 Total splits: 210 Good splits: 146
Reward: 19324.9198628 Total splits: 166 Good splits: 124
Reward: 28095.3877443 Total splits: 168 Good splits: 105
Reward: 24816.259034 Total splits: 133 Good splits: 99
Reward: 26585.0422786 Total splits: 181 Good splits: 123
Reward: 35479.8888901 Total splits: 223 Good splits: 161
Reward: 34089.8088961 Total splits: 190 Good splits: 122
Reward: 22668.5273728 Total splits: 171 Good splits: 116
Reward: 33573.6692269 Total splits: 168 Good splits: 119
Reward: 30876.8351861 Total splits: 152 Good splits: 102
Reward: 32805.6945089 Total splits: 148 Good splits: 111
Reward: 27920.168047 Total splits: 137 Good splits: 97
Reward: 31106.740977 Total splits: 193 Good splits: 125
Reward: 38847.9060273 Total splits: 192 Good splits: 128
Reward: 20852.5724877 Total splits: 185 Good splits: 122
Reward: 39173.1610908 Total splits: 191 Good splits: 130
Reward: 26167.4401413 Total splits: 154 Good splits: 106
Reward: 39123.6848751 Total splits: 200 Good splits: 134
Reward: 34450.2234167 Total splits: 207 Good splits: 143
Reward: 35394.2486342 Total splits: 176 Good splits: 117
Reward: 35391.2678694 Total splits: 170 Good splits: 115
Reward: 29904.5191266 Total splits: 181 Good splits: 119
Reward: 36405.2617975 Total splits: 180 Good splits: 126
Reward: 34662.9932508 Total splits: 151 Good splits: 117
Reward: 26850.0172157 Total splits: 173 Good splits: 119
Reward: 26662.8923688 Total splits: 154 Good splits: 108
Reward: 34706.5737907 Total splits: 146 Good splits: 104
Reward: 36596.8909997 Total splits: 154 Good splits: 104
Reward: 32010.9206194 Total splits: 210 Good splits: 139
Reward: 29732.9185384 Total splits: 168 Good splits: 116
Reward: 33729.7749756 Total splits: 165 Good splits: 113
Reward: 39695.1844613 Total splits: 191 Good splits: 123
Reward: 36934.3892753 Total splits: 180 Good splits: 120
Reward: 23105.1898265 Total splits: 196 Good splits: 131
Reward: 41474.4039679 Total splits: 177 Good splits: 122
Reward: 37505.0533095 Total splits: 175 Good splits: 112
Reward: 36675.3081655 Total splits: 163 Good splits: 119
Reward: 34938.3559544 Total splits: 175 Good splits: 120
Reward: 26748.0048416 Total splits: 168 Good splits: 113
Reward: 28226.060594 Total splits: 139 Good splits: 107
Reward: 22092.3924877 Total splits: 135 Good splits: 89
Reward: 39281.3819908 Total splits: 171 Good splits: 122
Reward: 23033.2945133 Total splits: 189 Good splits: 125
Reward: 36877.7191671 Total splits: 188 Good splits: 122
Reward: 20811.0745152 Total splits: 176 Good splits: 104
Reward: 39147.603672 Total splits: 184 Good splits: 128
Reward: 36308.6418555 Total splits: 206 Good splits: 142
Reward: 27567.1698586 Total splits: 171 Good splits: 111
Reward: 31348.1545514 Total splits: 207 Good splits: 140
Reward: 36709.0159426 Total splits: 183 Good splits: 135
Reward: 36453.8529428 Total splits: 180 Good splits: 135
Reward: 30285.2932708 Total splits: 150 Good splits: 105
Reward: 26432.1975444 Total splits: 159 Good splits: 104
Reward: 24729.0632014 Total splits: 142 Good splits: 95
Reward: 28944.2860405 Total splits: 149 Good splits: 107

Results after 200 tests
Average total rewards : 31960.3788606
Average total splits  : 175.14
Average good splits   : 119.715
Average good splits % : 68.3538883179

Reward: 31951.6914705 Total splits: 172 Good splits: 118
Reward: 40729.7312648 Total splits: 194 Good splits: 128
Reward: 19627.9040974 Total splits: 134 Good splits: 96
Reward: 37203.6040359 Total splits: 202 Good splits: 135
Reward: 22295.8345185 Total splits: 160 Good splits: 108
Reward: 29541.236633 Total splits: 159 Good splits: 124
Reward: 38084.4263175 Total splits: 174 Good splits: 121
Reward: 21075.1729575 Total splits: 135 Good splits: 94
Reward: 26830.421411 Total splits: 191 Good splits: 131
Reward: 22706.3915294 Total splits: 137 Good splits: 99
Reward: 33133.1827831 Total splits: 165 Good splits: 118
Reward: 31696.9230989 Total splits: 190 Good splits: 128
Reward: 25680.8030004 Total splits: 187 Good splits: 125
Reward: 35682.8064281 Total splits: 169 Good splits: 112
Reward: 36810.5428662 Total splits: 194 Good splits: 141
Reward: 37793.5931641 Total splits: 150 Good splits: 114
Reward: 17305.4749148 Total splits: 180 Good splits: 123
Reward: 28648.0368441 Total splits: 162 Good splits: 113
Reward: 34373.5535122 Total splits: 174 Good splits: 108
Reward: 38695.0607449 Total splits: 221 Good splits: 161
Reward: 27973.1345379 Total splits: 146 Good splits: 104
Reward: 18001.3705903 Total splits: 114 Good splits: 78
Reward: 25194.8203944 Total splits: 128 Good splits: 93
Reward: 28396.7604986 Total splits: 199 Good splits: 130
Reward: 40602.6153503 Total splits: 218 Good splits: 148
Reward: 32216.2127122 Total splits: 199 Good splits: 142
Reward: 38058.7772773 Total splits: 180 Good splits: 127
Reward: 28622.3929169 Total splits: 195 Good splits: 121
Reward: 31715.5064078 Total splits: 203 Good splits: 141
Reward: 30072.779043 Total splits: 190 Good splits: 113
Reward: 33000.3473013 Total splits: 183 Good splits: 130
Reward: 23948.3518668 Total splits: 176 Good splits: 125
Reward: 43971.9085198 Total splits: 199 Good splits: 143
Reward: 39386.4520388 Total splits: 161 Good splits: 112
Reward: 35607.5477792 Total splits: 188 Good splits: 122
Reward: 28403.4524322 Total splits: 180 Good splits: 110
Reward: 27799.4228777 Total splits: 143 Good splits: 107
Reward: 29301.705687 Total splits: 197 Good splits: 133
Reward: 34879.896282 Total splits: 193 Good splits: 136
Reward: 38081.6819977 Total splits: 177 Good splits: 122
Reward: 31017.2769481 Total splits: 136 Good splits: 96
Reward: 33239.7431714 Total splits: 157 Good splits: 110
Reward: 36933.1874619 Total splits: 163 Good splits: 118
Reward: 18582.9592877 Total splits: 152 Good splits: 118
Reward: 26270.6981331 Total splits: 149 Good splits: 106
Reward: 34117.6290373 Total splits: 168 Good splits: 122
Reward: 23434.4936539 Total splits: 167 Good splits: 111
Reward: 16847.1387461 Total splits: 180 Good splits: 130
Reward: 40998.393003 Total splits: 179 Good splits: 134
Reward: 32509.4473109 Total splits: 169 Good splits: 107
Reward: 29120.1158815 Total splits: 176 Good splits: 122
Reward: 29704.3152431 Total splits: 159 Good splits: 104
Reward: 22267.7269108 Total splits: 160 Good splits: 105
Reward: 30552.9940039 Total splits: 188 Good splits: 130
Reward: 32232.418532 Total splits: 173 Good splits: 122
Reward: 35379.7956197 Total splits: 176 Good splits: 116
Reward: 26281.6270646 Total splits: 191 Good splits: 126
Reward: 37232.5733341 Total splits: 195 Good splits: 128
Reward: 33530.2752405 Total splits: 165 Good splits: 102
Reward: 32837.1385451 Total splits: 150 Good splits: 115
Reward: 30546.4791863 Total splits: 207 Good splits: 141
Reward: 38776.9619772 Total splits: 177 Good splits: 128
Reward: 38171.019228 Total splits: 190 Good splits: 130
Reward: 35969.8574302 Total splits: 162 Good splits: 116
Reward: 28629.628985 Total splits: 151 Good splits: 83
Reward: 33515.9737871 Total splits: 157 Good splits: 114
Reward: 32883.9059369 Total splits: 175 Good splits: 112
Reward: 33934.8152394 Total splits: 189 Good splits: 139
Reward: 28049.7244324 Total splits: 201 Good splits: 138
Reward: 23652.9038888 Total splits: 159 Good splits: 96
Reward: 29916.7606253 Total splits: 172 Good splits: 122
Reward: 33789.7731207 Total splits: 163 Good splits: 120
Reward: 37368.5311751 Total splits: 171 Good splits: 124
Reward: 27821.505571 Total splits: 193 Good splits: 131
Reward: 24220.587043 Total splits: 187 Good splits: 130
Reward: 33107.369199 Total splits: 162 Good splits: 118
Reward: 29264.0946739 Total splits: 171 Good splits: 126
Reward: 33304.0455013 Total splits: 194 Good splits: 121
Reward: 29858.6580068 Total splits: 196 Good splits: 131
Reward: 29604.8314697 Total splits: 169 Good splits: 113
Reward: 22971.7419989 Total splits: 151 Good splits: 110
Reward: 28519.9128769 Total splits: 182 Good splits: 126
Reward: 33906.3125582 Total splits: 209 Good splits: 136
Reward: 30135.6722453 Total splits: 217 Good splits: 147
Reward: 34676.4291858 Total splits: 181 Good splits: 122
Reward: 36322.9913813 Total splits: 212 Good splits: 154
Reward: 38126.298574 Total splits: 192 Good splits: 126
Reward: 27093.0505546 Total splits: 135 Good splits: 105
Reward: 33970.8725961 Total splits: 181 Good splits: 119
Reward: 21404.8258369 Total splits: 202 Good splits: 146
Reward: 26359.5834836 Total splits: 177 Good splits: 116
Reward: 21745.0204514 Total splits: 130 Good splits: 95
Reward: 36982.6635367 Total splits: 200 Good splits: 144
Reward: 30281.795211 Total splits: 163 Good splits: 117
Reward: 37799.0560052 Total splits: 207 Good splits: 136
Reward: 34703.8761783 Total splits: 183 Good splits: 121
Reward: 40201.5030328 Total splits: 147 Good splits: 96
Reward: 31925.5498131 Total splits: 185 Good splits: 123
Reward: 32235.6013624 Total splits: 194 Good splits: 134
Reward: 27388.9393107 Total splits: 190 Good splits: 113
Reward: 30939.4012442 Total splits: 176 Good splits: 127
Reward: 39496.8162694 Total splits: 217 Good splits: 139
Reward: 27625.746465 Total splits: 175 Good splits: 119
Reward: 40067.717871 Total splits: 198 Good splits: 132
Reward: 33956.4363281 Total splits: 146 Good splits: 102
Reward: 21620.4498382 Total splits: 132 Good splits: 92
Reward: 34909.0865158 Total splits: 192 Good splits: 121
Reward: 39649.1551002 Total splits: 171 Good splits: 122
Reward: 17073.9895482 Total splits: 129 Good splits: 98
Reward: 28474.0442048 Total splits: 185 Good splits: 120
Reward: 30610.74708 Total splits: 166 Good splits: 109
Reward: 25303.439257 Total splits: 164 Good splits: 108
Reward: 31273.1780414 Total splits: 151 Good splits: 114
Reward: 34521.8893272 Total splits: 185 Good splits: 121
Reward: 38143.6461589 Total splits: 178 Good splits: 119
Reward: 37616.7448925 Total splits: 176 Good splits: 132
Reward: 21949.8500318 Total splits: 167 Good splits: 113
Reward: 33616.42854 Total splits: 185 Good splits: 130
Reward: 33844.5082776 Total splits: 210 Good splits: 140
Reward: 28380.2509416 Total splits: 155 Good splits: 117
Reward: 28904.4709516 Total splits: 166 Good splits: 117
Reward: 25789.7727401 Total splits: 174 Good splits: 120
Reward: 34258.2725858 Total splits: 224 Good splits: 153
Reward: 31473.5869723 Total splits: 158 Good splits: 101
Reward: 40081.462486 Total splits: 175 Good splits: 128
Reward: 26830.4031542 Total splits: 181 Good splits: 122
Reward: 10475.3883981 Total splits: 158 Good splits: 115
Reward: 35817.08964 Total splits: 166 Good splits: 112
Reward: 33097.5853709 Total splits: 193 Good splits: 126
Reward: 27963.1769373 Total splits: 147 Good splits: 109
Reward: 34051.8111723 Total splits: 142 Good splits: 86
Reward: 28441.0990931 Total splits: 181 Good splits: 110
Reward: 37400.976317 Total splits: 171 Good splits: 114
Reward: 22064.3448303 Total splits: 162 Good splits: 107
Reward: 39905.2240181 Total splits: 213 Good splits: 151
Reward: 33414.7194683 Total splits: 172 Good splits: 117
Reward: 25030.9555844 Total splits: 157 Good splits: 106
Reward: 36052.9499891 Total splits: 180 Good splits: 129
Reward: 33313.6982646 Total splits: 193 Good splits: 133
Reward: 38174.3412435 Total splits: 179 Good splits: 127
Reward: 22289.5257854 Total splits: 158 Good splits: 106
Reward: 21773.7033114 Total splits: 131 Good splits: 106
Reward: 36442.5156121 Total splits: 192 Good splits: 144
Reward: 29148.8760601 Total splits: 148 Good splits: 108
Reward: 34965.2517838 Total splits: 197 Good splits: 127
Reward: 21469.2159652 Total splits: 140 Good splits: 99
Reward: 37520.038899 Total splits: 188 Good splits: 137
Reward: 22573.6643095 Total splits: 153 Good splits: 110
Reward: 35932.3757593 Total splits: 185 Good splits: 129
Reward: 35447.8764991 Total splits: 180 Good splits: 131
Reward: 19091.2908641 Total splits: 185 Good splits: 129
Reward: 34122.4438161 Total splits: 149 Good splits: 104
Reward: 35507.319212 Total splits: 210 Good splits: 125
Reward: 29635.1951505 Total splits: 179 Good splits: 134
Reward: 25924.121189 Total splits: 134 Good splits: 91
Reward: 40292.1664834 Total splits: 162 Good splits: 114
Reward: 33002.6881465 Total splits: 156 Good splits: 106
Reward: 37502.1515737 Total splits: 179 Good splits: 126
Reward: 37339.3598521 Total splits: 179 Good splits: 121
Reward: 30422.7015286 Total splits: 208 Good splits: 138
Reward: 36416.6018312 Total splits: 193 Good splits: 124
Reward: 31629.2238998 Total splits: 205 Good splits: 151
Reward: 37566.9393901 Total splits: 174 Good splits: 121
Reward: 28212.4929469 Total splits: 181 Good splits: 113
Reward: 32948.451806 Total splits: 165 Good splits: 112
Reward: 30248.4205199 Total splits: 154 Good splits: 91
Reward: 37307.2667514 Total splits: 206 Good splits: 145
Reward: 33141.1463065 Total splits: 151 Good splits: 117
Reward: 30424.7260861 Total splits: 156 Good splits: 109
Reward: 22721.8387604 Total splits: 131 Good splits: 95
Reward: 39527.1558112 Total splits: 190 Good splits: 124
Reward: 33482.558378 Total splits: 182 Good splits: 126
Reward: 23395.7334442 Total splits: 126 Good splits: 81
Reward: 37478.236011 Total splits: 210 Good splits: 141
Reward: 41241.5380791 Total splits: 185 Good splits: 125
Reward: 33901.3329961 Total splits: 157 Good splits: 115
Reward: 32973.7442424 Total splits: 177 Good splits: 132
Reward: 24113.3192264 Total splits: 142 Good splits: 96
Reward: 26775.0889541 Total splits: 147 Good splits: 105
Reward: 41590.2637485 Total splits: 194 Good splits: 134
Reward: 27716.0828292 Total splits: 188 Good splits: 126
Reward: 36513.1225419 Total splits: 203 Good splits: 143
Reward: 28700.8209752 Total splits: 213 Good splits: 143
Reward: 36369.6668123 Total splits: 147 Good splits: 99
Reward: 34063.7519632 Total splits: 184 Good splits: 124
Reward: 40276.4323183 Total splits: 198 Good splits: 133
Reward: 20291.8372095 Total splits: 145 Good splits: 102
Reward: 33585.8841437 Total splits: 142 Good splits: 93
Reward: 25283.1178034 Total splits: 149 Good splits: 100
Reward: 38672.089616 Total splits: 185 Good splits: 131
Reward: 22494.1939616 Total splits: 171 Good splits: 124
Reward: 32557.0109447 Total splits: 147 Good splits: 103
Reward: 22900.5348201 Total splits: 142 Good splits: 104
Reward: 14276.7497462 Total splits: 159 Good splits: 105
Reward: 27831.5792915 Total splits: 179 Good splits: 129
Reward: 26642.9380383 Total splits: 158 Good splits: 109
Reward: 38840.157581 Total splits: 191 Good splits: 137
Reward: 28844.0690091 Total splits: 191 Good splits: 128
Reward: 40498.0432351 Total splits: 205 Good splits: 139
Reward: 31859.7439063 Total splits: 161 Good splits: 103

Results after 200 tests
Average total rewards : 31213.3092039
Average total splits  : 174.015
Average good splits   : 119.75
Average good splits % : 68.8159066747

Reward: 35365.9767852 Total splits: 147 Good splits: 113
Reward: 34466.9678822 Total splits: 136 Good splits: 96
Reward: 28500.6840204 Total splits: 184 Good splits: 118
Reward: 31898.8617274 Total splits: 195 Good splits: 127
Reward: 41393.1255366 Total splits: 202 Good splits: 143
Reward: 32426.4026563 Total splits: 162 Good splits: 108
Reward: 37796.5889192 Total splits: 195 Good splits: 134
Reward: 37787.1438503 Total splits: 202 Good splits: 137
Reward: 31569.2859192 Total splits: 176 Good splits: 118
Reward: 29917.1263836 Total splits: 173 Good splits: 123
Reward: 29525.2154208 Total splits: 190 Good splits: 122
Reward: 36046.9561794 Total splits: 208 Good splits: 143
Reward: 27125.3870398 Total splits: 151 Good splits: 112
Reward: 25997.7518194 Total splits: 153 Good splits: 109
Reward: 43706.994049 Total splits: 191 Good splits: 118
Reward: 29318.8759026 Total splits: 147 Good splits: 115
Reward: 33837.9561268 Total splits: 206 Good splits: 134
Reward: 29219.7630081 Total splits: 209 Good splits: 127
Reward: 27926.6487372 Total splits: 201 Good splits: 143
Reward: 28596.7711062 Total splits: 184 Good splits: 119
Reward: 30602.0542999 Total splits: 160 Good splits: 112
Reward: 19253.8527689 Total splits: 162 Good splits: 105
Reward: 21429.1454003 Total splits: 182 Good splits: 115
Reward: 26042.2254833 Total splits: 176 Good splits: 114
Reward: 31821.4414578 Total splits: 198 Good splits: 152
Reward: 21305.7945675 Total splits: 156 Good splits: 115
Reward: 28753.9522414 Total splits: 158 Good splits: 107
Reward: 24736.9812067 Total splits: 210 Good splits: 132
Reward: 32836.1900325 Total splits: 173 Good splits: 122
Reward: 25171.2331872 Total splits: 157 Good splits: 104
Reward: 35165.6791432 Total splits: 197 Good splits: 134
Reward: 32845.4324809 Total splits: 184 Good splits: 129
Reward: 28708.8824659 Total splits: 164 Good splits: 115
Reward: 39482.3284892 Total splits: 190 Good splits: 131
Reward: 26655.5413605 Total splits: 142 Good splits: 102
Reward: 39607.2251025 Total splits: 227 Good splits: 146
Reward: 27934.1817783 Total splits: 154 Good splits: 96
Reward: 38658.3800215 Total splits: 163 Good splits: 117
Reward: 31322.1652157 Total splits: 176 Good splits: 118
Reward: 28745.0366268 Total splits: 183 Good splits: 120
Reward: 33527.1450819 Total splits: 203 Good splits: 132
Reward: 34205.35308 Total splits: 179 Good splits: 118
Reward: 24325.4084955 Total splits: 157 Good splits: 107
Reward: 36094.613429 Total splits: 203 Good splits: 132
Reward: 19337.5172306 Total splits: 153 Good splits: 98
Reward: 28932.2777214 Total splits: 158 Good splits: 106
Reward: 37037.4119882 Total splits: 207 Good splits: 137
Reward: 39172.310375 Total splits: 199 Good splits: 125
Reward: 32787.4060519 Total splits: 154 Good splits: 107
Reward: 25034.4480302 Total splits: 171 Good splits: 102
Reward: 29807.4807906 Total splits: 143 Good splits: 102
Reward: 31507.7267278 Total splits: 171 Good splits: 123
Reward: 28754.5345005 Total splits: 154 Good splits: 111
Reward: 25582.4337243 Total splits: 140 Good splits: 93
Reward: 26672.4192629 Total splits: 139 Good splits: 99
Reward: 27539.6082373 Total splits: 175 Good splits: 115
Reward: 21407.8134822 Total splits: 193 Good splits: 130
Reward: 28851.1827074 Total splits: 148 Good splits: 100
Reward: 27916.4699938 Total splits: 142 Good splits: 114
Reward: 34226.2946271 Total splits: 140 Good splits: 104
Reward: 20314.0388509 Total splits: 149 Good splits: 108
Reward: 29786.3053242 Total splits: 175 Good splits: 119
Reward: 28048.3301154 Total splits: 218 Good splits: 148
Reward: 41873.2093137 Total splits: 172 Good splits: 115
Reward: 32474.3688379 Total splits: 169 Good splits: 118
Reward: 36948.4864859 Total splits: 190 Good splits: 124
Reward: 32032.7462396 Total splits: 176 Good splits: 116
Reward: 24107.2350935 Total splits: 154 Good splits: 108
Reward: 26143.4254032 Total splits: 175 Good splits: 114
Reward: 27507.5511827 Total splits: 168 Good splits: 102
Reward: 21982.0258752 Total splits: 177 Good splits: 128
Reward: 39192.0347262 Total splits: 187 Good splits: 133
Reward: 29135.6649603 Total splits: 154 Good splits: 107
Reward: 31061.2591248 Total splits: 211 Good splits: 138
Reward: 23864.9944965 Total splits: 167 Good splits: 114
Reward: 31140.8532171 Total splits: 169 Good splits: 115
Reward: 40586.4231982 Total splits: 199 Good splits: 143
Reward: 37548.3951418 Total splits: 201 Good splits: 129
Reward: 27855.3201981 Total splits: 139 Good splits: 107
Reward: 32409.3600634 Total splits: 161 Good splits: 102
Reward: 30120.3423444 Total splits: 153 Good splits: 104
Reward: 30857.6217637 Total splits: 160 Good splits: 115
Reward: 28834.3058128 Total splits: 196 Good splits: 136
Reward: 35170.3877255 Total splits: 175 Good splits: 105
Reward: 31471.3555439 Total splits: 152 Good splits: 111
Reward: 30269.5089836 Total splits: 136 Good splits: 104
Reward: 37900.3035327 Total splits: 184 Good splits: 122
Reward: 37061.4004875 Total splits: 193 Good splits: 138
Reward: 27837.970753 Total splits: 186 Good splits: 134
Reward: 21624.41519 Total splits: 146 Good splits: 99
Reward: 33097.4116555 Total splits: 197 Good splits: 136
Reward: 29583.5106827 Total splits: 135 Good splits: 99
Reward: 41184.3887632 Total splits: 196 Good splits: 124
Reward: 35573.2756813 Total splits: 170 Good splits: 127
Reward: 39594.7533695 Total splits: 202 Good splits: 142
Reward: 33461.7704355 Total splits: 181 Good splits: 127
Reward: 27432.637639 Total splits: 198 Good splits: 134
Reward: 28588.6825914 Total splits: 185 Good splits: 112
Reward: 25645.8578258 Total splits: 151 Good splits: 106
Reward: 31004.3516743 Total splits: 169 Good splits: 117

Results after 100 tests
Average total rewards : 30865.4834224
Average total splits  : 174.29
Average good splits   : 118.8
Average good splits % : 68.1622583051

Reward: 36413.9486602 Total splits: 195 Good splits: 122
Reward: 37277.2559525 Total splits: 208 Good splits: 148
Reward: 37228.1786324 Total splits: 197 Good splits: 138
Reward: 41907.4539225 Total splits: 198 Good splits: 142
Reward: 34841.9790826 Total splits: 148 Good splits: 104
Reward: 24309.7209131 Total splits: 182 Good splits: 115
Reward: 32931.8560039 Total splits: 146 Good splits: 109
Reward: 26564.9436829 Total splits: 198 Good splits: 135
Reward: 32581.9945139 Total splits: 174 Good splits: 124
Reward: 29926.0199874 Total splits: 181 Good splits: 126
Reward: 34058.3820473 Total splits: 191 Good splits: 129
Reward: 35938.0105127 Total splits: 177 Good splits: 127
Reward: 31381.7602678 Total splits: 152 Good splits: 114
Reward: 31319.9563899 Total splits: 190 Good splits: 123
Reward: 32898.8863331 Total splits: 196 Good splits: 131
Reward: 37827.3764666 Total splits: 204 Good splits: 137
Reward: 40029.1559368 Total splits: 187 Good splits: 130
Reward: 30782.808128 Total splits: 208 Good splits: 141
Reward: 29256.99138 Total splits: 178 Good splits: 134
Reward: 39322.4646861 Total splits: 171 Good splits: 115
Reward: 36860.6442029 Total splits: 154 Good splits: 127
Reward: 24074.7763381 Total splits: 177 Good splits: 125
Reward: 38725.1296306 Total splits: 187 Good splits: 130
Reward: 28932.7886392 Total splits: 159 Good splits: 95
Reward: 32323.6921298 Total splits: 173 Good splits: 114
Reward: 42860.5847151 Total splits: 232 Good splits: 162
Reward: 34023.6834876 Total splits: 195 Good splits: 138
Reward: 27297.686567 Total splits: 184 Good splits: 124
Reward: 27199.7825392 Total splits: 175 Good splits: 109
Reward: 24331.2637217 Total splits: 169 Good splits: 120
Reward: 35067.8727128 Total splits: 146 Good splits: 99
Reward: 37751.6928174 Total splits: 179 Good splits: 127
Reward: 22184.3591349 Total splits: 154 Good splits: 116
Reward: 30524.9031727 Total splits: 178 Good splits: 119
Reward: 39060.8383028 Total splits: 185 Good splits: 124
Reward: 43276.2898905 Total splits: 202 Good splits: 140
Reward: 31718.7079736 Total splits: 174 Good splits: 123
Reward: 30180.3989727 Total splits: 182 Good splits: 117
Reward: 29238.1257177 Total splits: 165 Good splits: 122
Reward: 36154.9586909 Total splits: 200 Good splits: 142
Reward: 24962.5908896 Total splits: 136 Good splits: 94
Reward: 38002.4030626 Total splits: 186 Good splits: 125
Reward: 38252.6509248 Total splits: 222 Good splits: 151
Reward: 29574.401998 Total splits: 164 Good splits: 114
Reward: 30428.8093584 Total splits: 147 Good splits: 114
Reward: 29638.2435052 Total splits: 188 Good splits: 121
Reward: 29673.2257584 Total splits: 153 Good splits: 102
Reward: 21737.217893 Total splits: 144 Good splits: 114
Reward: 26025.003843 Total splits: 153 Good splits: 107
Reward: 30239.3049422 Total splits: 172 Good splits: 109
Reward: 25641.2415442 Total splits: 122 Good splits: 93
Reward: 33095.6859697 Total splits: 198 Good splits: 129
Reward: 25257.9267131 Total splits: 187 Good splits: 109
Reward: 34375.4683558 Total splits: 188 Good splits: 117
Reward: 41376.5120587 Total splits: 175 Good splits: 103
Reward: 30213.9433727 Total splits: 187 Good splits: 116
Reward: 27911.1979042 Total splits: 201 Good splits: 140
Reward: 35611.1557043 Total splits: 205 Good splits: 138
Reward: 34871.7923733 Total splits: 198 Good splits: 132
Reward: 32966.0630662 Total splits: 167 Good splits: 109
Reward: 38399.5605262 Total splits: 200 Good splits: 135
Reward: 21366.4203994 Total splits: 180 Good splits: 118
Reward: 26525.7633101 Total splits: 185 Good splits: 137
Reward: 37914.5911327 Total splits: 217 Good splits: 150
Reward: 27093.1016877 Total splits: 193 Good splits: 136
Reward: 35172.2267391 Total splits: 184 Good splits: 121
Reward: 32286.5339898 Total splits: 199 Good splits: 130
Reward: 28772.7847409 Total splits: 184 Good splits: 120
Reward: 42509.9846269 Total splits: 188 Good splits: 120
Reward: 31217.7783075 Total splits: 195 Good splits: 137
Reward: 35129.3020921 Total splits: 198 Good splits: 129
Reward: 37607.1508 Total splits: 222 Good splits: 149
Reward: 28941.8821156 Total splits: 166 Good splits: 124
Reward: 23924.7143916 Total splits: 169 Good splits: 112
Reward: 42566.1855934 Total splits: 148 Good splits: 111
Reward: 35734.0025286 Total splits: 145 Good splits: 104
Reward: 30145.7256218 Total splits: 158 Good splits: 116
Reward: 20458.5784356 Total splits: 183 Good splits: 109
Reward: 34554.7027558 Total splits: 177 Good splits: 128
Reward: 35058.6740445 Total splits: 202 Good splits: 145
Reward: 35509.3160077 Total splits: 170 Good splits: 119
Reward: 39091.1411558 Total splits: 189 Good splits: 128
Reward: 28354.0093337 Total splits: 188 Good splits: 127
Reward: 28600.0164538 Total splits: 158 Good splits: 102
Reward: 31513.3521112 Total splits: 183 Good splits: 121
Reward: 35848.5078939 Total splits: 171 Good splits: 121
Reward: 35428.2952548 Total splits: 190 Good splits: 125
Reward: 31343.0741491 Total splits: 187 Good splits: 133
Reward: 31467.0086925 Total splits: 178 Good splits: 120
Reward: 30569.9339833 Total splits: 176 Good splits: 120
Reward: 29507.2741118 Total splits: 178 Good splits: 120
Reward: 33778.7845188 Total splits: 197 Good splits: 130
Reward: 35603.7133349 Total splits: 158 Good splits: 113
Reward: 34056.7199646 Total splits: 151 Good splits: 101
Reward: 22864.0696744 Total splits: 132 Good splits: 86
Reward: 24355.3334699 Total splits: 182 Good splits: 122
Reward: 30665.5120729 Total splits: 141 Good splits: 93
Reward: 37051.93106 Total splits: 181 Good splits: 130
Reward: 38064.9083215 Total splits: 192 Good splits: 121
Reward: 33141.5135706 Total splits: 182 Good splits: 127

Results after 100 tests
Average total rewards : 32406.3624107
Average total splits  : 179.21
Average good splits   : 122.44
Average good splits % : 68.3220802411

Reward: 35747.377339 Total splits: 223 Good splits: 157
Reward: 37439.9951936 Total splits: 167 Good splits: 118
Reward: 35946.9249925 Total splits: 162 Good splits: 122
Reward: 25458.0872299 Total splits: 198 Good splits: 138
Reward: 39358.1297193 Total splits: 189 Good splits: 130
Reward: 17678.2340713 Total splits: 123 Good splits: 92
Reward: 31348.6982539 Total splits: 178 Good splits: 117
Reward: 33874.2001104 Total splits: 149 Good splits: 109
Reward: 39046.4084236 Total splits: 159 Good splits: 119
Reward: 31781.645608 Total splits: 158 Good splits: 100
Reward: 30062.819194 Total splits: 189 Good splits: 141
Reward: 33958.3626972 Total splits: 183 Good splits: 121
Reward: 37242.165703 Total splits: 190 Good splits: 133
Reward: 29435.9019086 Total splits: 192 Good splits: 135
Reward: 29388.3413417 Total splits: 177 Good splits: 116
Reward: 23256.4972842 Total splits: 180 Good splits: 110
Reward: 34710.9407841 Total splits: 179 Good splits: 129
Reward: 29265.2337781 Total splits: 189 Good splits: 127
Reward: 26917.6151483 Total splits: 167 Good splits: 115
Reward: 36315.3010165 Total splits: 168 Good splits: 115
Reward: 26434.4439738 Total splits: 139 Good splits: 100
Reward: 32185.8097704 Total splits: 165 Good splits: 120
Reward: 24581.833413 Total splits: 149 Good splits: 104
Reward: 24318.5386527 Total splits: 209 Good splits: 135
Reward: 22950.5857691 Total splits: 178 Good splits: 123
Reward: 34819.352235 Total splits: 180 Good splits: 118
Reward: 32802.2832772 Total splits: 171 Good splits: 131
Reward: 29518.6686953 Total splits: 194 Good splits: 124
Reward: 28328.0612476 Total splits: 178 Good splits: 134
Reward: 18018.3073329 Total splits: 149 Good splits: 98
Reward: 37763.6434701 Total splits: 169 Good splits: 134
Reward: 33411.7408173 Total splits: 208 Good splits: 140
Reward: 34924.7147521 Total splits: 182 Good splits: 126
Reward: 31518.9999519 Total splits: 150 Good splits: 87
Reward: 25324.1225164 Total splits: 143 Good splits: 104
Reward: 28033.8644038 Total splits: 148 Good splits: 108
Reward: 35488.3846232 Total splits: 173 Good splits: 116
Reward: 21281.5761855 Total splits: 142 Good splits: 101
Reward: 40199.8671406 Total splits: 182 Good splits: 131
Reward: 28622.6355335 Total splits: 193 Good splits: 131
Reward: 40674.9749525 Total splits: 172 Good splits: 133
Reward: 30688.8783637 Total splits: 188 Good splits: 117
Reward: 22798.0493068 Total splits: 201 Good splits: 128
Reward: 33752.3151321 Total splits: 190 Good splits: 126
Reward: 33323.3128854 Total splits: 167 Good splits: 120
Reward: 30663.0378139 Total splits: 210 Good splits: 151
Reward: 20509.6079862 Total splits: 130 Good splits: 95
Reward: 22342.9187055 Total splits: 166 Good splits: 125
Reward: 40997.5576608 Total splits: 189 Good splits: 133
Reward: 27053.1454448 Total splits: 181 Good splits: 132
Reward: 21378.9200874 Total splits: 188 Good splits: 121
Reward: 31205.572665 Total splits: 218 Good splits: 156
Reward: 35544.8844453 Total splits: 167 Good splits: 122
Reward: 27563.514233 Total splits: 202 Good splits: 142
Reward: 34782.9814674 Total splits: 195 Good splits: 137
Reward: 28988.5680829 Total splits: 151 Good splits: 101
Reward: 32499.6456487 Total splits: 155 Good splits: 105
Reward: 28937.9553999 Total splits: 160 Good splits: 118
Reward: 27115.348295 Total splits: 175 Good splits: 127
Reward: 35212.7391187 Total splits: 181 Good splits: 121
Reward: 34894.4592026 Total splits: 198 Good splits: 139
Reward: 23018.7833786 Total splits: 144 Good splits: 110
Reward: 37828.5631086 Total splits: 175 Good splits: 124
Reward: 36805.1405354 Total splits: 193 Good splits: 129
Reward: 32296.6116916 Total splits: 226 Good splits: 147
Reward: 27687.470792 Total splits: 213 Good splits: 151
Reward: 35021.5438981 Total splits: 179 Good splits: 118
Reward: 31869.9410826 Total splits: 144 Good splits: 107
Reward: 38948.1512554 Total splits: 205 Good splits: 146
Reward: 40214.1455018 Total splits: 180 Good splits: 128
Reward: 32633.9074608 Total splits: 139 Good splits: 97
Reward: 38350.2231558 Total splits: 178 Good splits: 116
Reward: 22543.8385004 Total splits: 148 Good splits: 95
Reward: 37189.790703 Total splits: 157 Good splits: 124
Reward: 31985.0790943 Total splits: 167 Good splits: 118
Reward: 31929.3397638 Total splits: 199 Good splits: 139
Reward: 41477.855723 Total splits: 192 Good splits: 128
Reward: 38438.0877089 Total splits: 197 Good splits: 130
Reward: 24136.8998498 Total splits: 146 Good splits: 101
Reward: 30143.5374435 Total splits: 141 Good splits: 94
Reward: 34709.98489 Total splits: 190 Good splits: 132
Reward: 45719.9667963 Total splits: 186 Good splits: 125
Reward: 31370.5365773 Total splits: 202 Good splits: 127
Reward: 24584.8479165 Total splits: 185 Good splits: 135
Reward: 22780.7850605 Total splits: 188 Good splits: 115
Reward: 37326.3815119 Total splits: 182 Good splits: 128
Reward: 26422.2320245 Total splits: 139 Good splits: 103
Reward: 28109.5996422 Total splits: 166 Good splits: 117
Reward: 25626.5704382 Total splits: 148 Good splits: 101
Reward: 38227.865588 Total splits: 179 Good splits: 123
Reward: 34989.8906551 Total splits: 201 Good splits: 146
Reward: 13182.7145218 Total splits: 203 Good splits: 129
Reward: 36981.0528672 Total splits: 168 Good splits: 116
Reward: 26369.4050182 Total splits: 135 Good splits: 93
Reward: 28199.452328 Total splits: 169 Good splits: 117
Reward: 34558.4394413 Total splits: 200 Good splits: 118
Reward: 38749.89791 Total splits: 194 Good splits: 132
Reward: 25853.0349898 Total splits: 155 Good splits: 111
Reward: 23855.8012038 Total splits: 127 Good splits: 90
Reward: 33400.6386605 Total splits: 202 Good splits: 138
Reward: 36437.2793977 Total splits: 182 Good splits: 135
Reward: 36478.05163 Total splits: 182 Good splits: 138
Reward: 37712.5201304 Total splits: 209 Good splits: 148
Reward: 31745.4558283 Total splits: 208 Good splits: 149
Reward: 35371.0610573 Total splits: 185 Good splits: 133
Reward: 42306.1296719 Total splits: 181 Good splits: 127
Reward: 32687.3248941 Total splits: 152 Good splits: 119
Reward: 30333.9729267 Total splits: 149 Good splits: 104
Reward: 37663.4952236 Total splits: 166 Good splits: 109
Reward: 27844.6281786 Total splits: 150 Good splits: 106
Reward: 38160.7997966 Total splits: 178 Good splits: 123
Reward: 28264.6018638 Total splits: 174 Good splits: 104
Reward: 32325.1544957 Total splits: 199 Good splits: 130
Reward: 30387.7933715 Total splits: 181 Good splits: 139
Reward: 41111.9506901 Total splits: 201 Good splits: 132
Reward: 35857.1426645 Total splits: 183 Good splits: 120
Reward: 31578.6089142 Total splits: 153 Good splits: 119
Reward: 38459.7808041 Total splits: 194 Good splits: 131
Reward: 26222.8608549 Total splits: 148 Good splits: 111
Reward: 26321.4468978 Total splits: 200 Good splits: 126
Reward: 36738.9103377 Total splits: 155 Good splits: 110
Reward: 34506.1400088 Total splits: 196 Good splits: 138
Reward: 18386.5954463 Total splits: 177 Good splits: 130
Reward: 18962.8580968 Total splits: 169 Good splits: 103
Reward: 30485.3612559 Total splits: 223 Good splits: 157
Reward: 30082.5871494 Total splits: 151 Good splits: 100
Reward: 19845.8761878 Total splits: 155 Good splits: 102
Reward: 25187.2001833 Total splits: 188 Good splits: 119
Reward: 41649.4162684 Total splits: 201 Good splits: 137
Reward: 35013.4230282 Total splits: 206 Good splits: 141
Reward: 18120.415587 Total splits: 174 Good splits: 117
Reward: 32173.8867093 Total splits: 206 Good splits: 137
Reward: 35821.3311137 Total splits: 171 Good splits: 116
Reward: 35769.8612845 Total splits: 183 Good splits: 117
Reward: 34190.9257345 Total splits: 220 Good splits: 136
Reward: 34295.860022 Total splits: 194 Good splits: 121
Reward: 33872.5393129 Total splits: 150 Good splits: 91
Reward: 26577.3141607 Total splits: 169 Good splits: 119
Reward: 30597.5367671 Total splits: 176 Good splits: 114
Reward: 37491.5101142 Total splits: 192 Good splits: 137
Reward: 37558.04444 Total splits: 210 Good splits: 148
Reward: 35265.8413242 Total splits: 195 Good splits: 128
Reward: 33726.1556316 Total splits: 199 Good splits: 138
Reward: 29065.5076415 Total splits: 144 Good splits: 106
Reward: 22545.7586618 Total splits: 197 Good splits: 141
Reward: 25641.6461888 Total splits: 194 Good splits: 137
Reward: 35961.1735974 Total splits: 220 Good splits: 154
Reward: 28263.0899002 Total splits: 150 Good splits: 100
Reward: 25574.2711457 Total splits: 183 Good splits: 129
Reward: 28075.7921128 Total splits: 186 Good splits: 128
Reward: 25929.6083164 Total splits: 174 Good splits: 118
Reward: 27603.638967 Total splits: 140 Good splits: 108
Reward: 33671.2290493 Total splits: 177 Good splits: 119
Reward: 32512.9193966 Total splits: 182 Good splits: 130
Reward: 38421.7192096 Total splits: 152 Good splits: 115
Reward: 35056.7049202 Total splits: 167 Good splits: 111
Reward: 31491.0513697 Total splits: 168 Good splits: 115
Reward: 28916.5053849 Total splits: 148 Good splits: 108
Reward: 11545.2755979 Total splits: 193 Good splits: 131
Reward: 31847.3628393 Total splits: 162 Good splits: 121
Reward: 24243.036659 Total splits: 171 Good splits: 115
Reward: 18034.8938427 Total splits: 175 Good splits: 102
Reward: 25864.1319312 Total splits: 157 Good splits: 108
Reward: 36553.3715619 Total splits: 166 Good splits: 117
Reward: 31094.3583349 Total splits: 160 Good splits: 116
Reward: 29607.2403892 Total splits: 207 Good splits: 146
Reward: 38902.8038793 Total splits: 186 Good splits: 127
Reward: 37163.1870619 Total splits: 207 Good splits: 145
Reward: 42282.036459 Total splits: 193 Good splits: 131
Reward: 42968.5607804 Total splits: 191 Good splits: 135
Reward: 38122.7636205 Total splits: 166 Good splits: 118
Reward: 35401.1236681 Total splits: 219 Good splits: 153
Reward: 29665.7666229 Total splits: 144 Good splits: 111
Reward: 30051.9720915 Total splits: 180 Good splits: 122
Reward: 31756.6894339 Total splits: 182 Good splits: 116
Reward: 26364.7275617 Total splits: 149 Good splits: 102
Reward: 30527.4426512 Total splits: 161 Good splits: 119
Reward: 29633.5220001 Total splits: 179 Good splits: 119
Reward: 37750.7658352 Total splits: 165 Good splits: 120
Reward: 26682.2915636 Total splits: 146 Good splits: 95
Reward: 22559.4712636 Total splits: 172 Good splits: 117
Reward: 29114.2507258 Total splits: 154 Good splits: 114
Reward: 25290.3093009 Total splits: 206 Good splits: 142
Reward: 24300.9176658 Total splits: 188 Good splits: 122
Reward: 42759.6460362 Total splits: 185 Good splits: 128
Reward: 22857.3842372 Total splits: 185 Good splits: 127
Reward: 36945.5483622 Total splits: 164 Good splits: 105
Reward: 25517.2375561 Total splits: 175 Good splits: 108
Reward: 21048.0484894 Total splits: 172 Good splits: 107
Reward: 35489.2832789 Total splits: 200 Good splits: 132
Reward: 37546.2430747 Total splits: 165 Good splits: 105
Reward: 35452.4802785 Total splits: 180 Good splits: 123
Reward: 31844.0313614 Total splits: 151 Good splits: 106
Reward: 23685.7881571 Total splits: 163 Good splits: 123
Reward: 35120.8750612 Total splits: 214 Good splits: 149
Reward: 28529.3640397 Total splits: 183 Good splits: 131
Reward: 20269.3906665 Total splits: 170 Good splits: 118
Reward: 34789.9111565 Total splits: 158 Good splits: 109
Reward: 30130.8793556 Total splits: 185 Good splits: 122
Reward: 22768.9586088 Total splits: 141 Good splits: 98

Results after 200 tests
Average total rewards : 31138.1515876
Average total splits  : 176.675
Average good splits   : 121.945
Average good splits % : 69.0222159332

