Reward: 28222.373198 Total splits: 41 Good splits: 40
Reward: 42190.7924064 Total splits: 37 Good splits: 37
Reward: 33393.9467384 Total splits: 37 Good splits: 37
Reward: 38073.5316731 Total splits: 41 Good splits: 41
Reward: 37811.8005989 Total splits: 40 Good splits: 40
Reward: 37265.0334457 Total splits: 37 Good splits: 36
Reward: 20030.283134 Total splits: 39 Good splits: 39
Reward: 42752.5052448 Total splits: 39 Good splits: 39
Reward: 34126.9323534 Total splits: 37 Good splits: 37
Reward: 39795.0455702 Total splits: 40 Good splits: 39
Reward: 35419.585252 Total splits: 36 Good splits: 35
Reward: 36323.7775115 Total splits: 40 Good splits: 40
Reward: 23837.1910393 Total splits: 39 Good splits: 39
Reward: 43878.4550188 Total splits: 41 Good splits: 41
Reward: 31266.4519659 Total splits: 34 Good splits: 34
Reward: 37181.7494027 Total splits: 43 Good splits: 43
Reward: 35135.9328922 Total splits: 39 Good splits: 38
Reward: 36889.7725773 Total splits: 38 Good splits: 36
Reward: 37250.7430277 Total splits: 36 Good splits: 36
Reward: 31494.8134733 Total splits: 38 Good splits: 37
Reward: 39334.5223485 Total splits: 36 Good splits: 36
Reward: 30524.5165046 Total splits: 38 Good splits: 38
Reward: 32942.4590306 Total splits: 39 Good splits: 39
Reward: 39759.4721568 Total splits: 40 Good splits: 39
Reward: 12871.391082 Total splits: 37 Good splits: 35
Reward: 33144.5708038 Total splits: 38 Good splits: 37
Reward: 34946.6945346 Total splits: 41 Good splits: 41
Reward: 32983.103434 Total splits: 44 Good splits: 44
Reward: 27582.8987796 Total splits: 35 Good splits: 35
Reward: 34519.4923755 Total splits: 39 Good splits: 39
Reward: 30764.8456483 Total splits: 41 Good splits: 41
Reward: 43099.508994 Total splits: 39 Good splits: 39
Reward: 32458.4868411 Total splits: 38 Good splits: 37
Reward: 38339.6100031 Total splits: 41 Good splits: 40
Reward: 25294.8437388 Total splits: 40 Good splits: 39
Reward: 41780.7981152 Total splits: 41 Good splits: 41
Reward: 34705.8359602 Total splits: 39 Good splits: 39
Reward: 29506.5786967 Total splits: 39 Good splits: 39
Reward: 26999.7557667 Total splits: 39 Good splits: 38
Reward: 25520.0218326 Total splits: 37 Good splits: 36
Reward: 38215.0118273 Total splits: 38 Good splits: 38
Reward: 40769.9415691 Total splits: 39 Good splits: 39
Reward: 39531.9428911 Total splits: 39 Good splits: 39
Reward: 30892.7479423 Total splits: 39 Good splits: 39
Reward: 26496.7255219 Total splits: 40 Good splits: 39
Reward: 31432.2315616 Total splits: 37 Good splits: 34
Reward: 30891.9174433 Total splits: 32 Good splits: 31
Reward: 33449.7397563 Total splits: 38 Good splits: 38
Reward: 40257.1314196 Total splits: 43 Good splits: 42
Reward: 29354.5917865 Total splits: 39 Good splits: 39
Reward: 35786.754707 Total splits: 32 Good splits: 31
Reward: 36960.5202459 Total splits: 39 Good splits: 39
Reward: 43013.2542756 Total splits: 39 Good splits: 38
Reward: 35832.9175336 Total splits: 38 Good splits: 38
Reward: 39976.1917673 Total splits: 42 Good splits: 42
Reward: 31737.0772061 Total splits: 39 Good splits: 38
Reward: 27303.1734502 Total splits: 38 Good splits: 38
Reward: 30150.9913456 Total splits: 39 Good splits: 38
Reward: 17800.4333016 Total splits: 43 Good splits: 43
Reward: 43433.2236613 Total splits: 38 Good splits: 38
Reward: 36171.8369782 Total splits: 44 Good splits: 44
Reward: 39240.8080923 Total splits: 38 Good splits: 37
Reward: 34581.9745072 Total splits: 39 Good splits: 39
Reward: 29717.0990114 Total splits: 35 Good splits: 35
Reward: 39601.7336559 Total splits: 36 Good splits: 35
Reward: 27494.8919518 Total splits: 37 Good splits: 37
Reward: 23377.1250174 Total splits: 42 Good splits: 41
Reward: 41385.9272682 Total splits: 40 Good splits: 40
Reward: 32467.7823082 Total splits: 39 Good splits: 39
Reward: 32659.8872131 Total splits: 40 Good splits: 39
Reward: 23855.3738019 Total splits: 38 Good splits: 37
Reward: 40998.9944848 Total splits: 41 Good splits: 41
Reward: 26451.8633485 Total splits: 37 Good splits: 37
Reward: 26118.9020187 Total splits: 39 Good splits: 36
Reward: 42867.5194035 Total splits: 35 Good splits: 35
Reward: 39620.368473 Total splits: 40 Good splits: 40
Reward: 32145.581458 Total splits: 38 Good splits: 38
Reward: 31504.5290234 Total splits: 36 Good splits: 36
Reward: 36954.7453633 Total splits: 39 Good splits: 37
Reward: 25768.3299285 Total splits: 38 Good splits: 37
Reward: 44617.7748702 Total splits: 39 Good splits: 38
Reward: 34118.8132134 Total splits: 43 Good splits: 42
Reward: 12760.2443144 Total splits: 37 Good splits: 36
Reward: 42221.0762799 Total splits: 42 Good splits: 42
Reward: 25348.7933881 Total splits: 36 Good splits: 36
Reward: 40192.4764049 Total splits: 43 Good splits: 43
Reward: 25253.6543477 Total splits: 39 Good splits: 39
Reward: 37439.8735001 Total splits: 33 Good splits: 33
Reward: 35932.4841036 Total splits: 39 Good splits: 39
Reward: 39892.4075223 Total splits: 43 Good splits: 42
Reward: 29192.1216401 Total splits: 40 Good splits: 40
Reward: 28121.4687455 Total splits: 38 Good splits: 38
Reward: 23641.086847 Total splits: 41 Good splits: 40
Reward: 35544.9259645 Total splits: 37 Good splits: 36
Reward: 40960.4563881 Total splits: 40 Good splits: 40
Reward: 33616.4409533 Total splits: 40 Good splits: 39
Reward: 39393.2673322 Total splits: 39 Good splits: 39
Reward: 39859.7354334 Total splits: 38 Good splits: 38
Reward: 33550.0636802 Total splits: 38 Good splits: 38
Reward: 31822.1365987 Total splits: 31 Good splits: 29
Reward: 35396.2322013 Total splits: 40 Good splits: 38
Reward: 33209.100915 Total splits: 43 Good splits: 43
Reward: 36485.6304973 Total splits: 43 Good splits: 42
Reward: 38017.785395 Total splits: 36 Good splits: 36
Reward: 35941.7412742 Total splits: 37 Good splits: 37
Reward: 28460.2461617 Total splits: 39 Good splits: 39
Reward: 30927.459117 Total splits: 38 Good splits: 38
Reward: 24200.3198771 Total splits: 41 Good splits: 41
Reward: 31920.9047176 Total splits: 32 Good splits: 32
Reward: 30860.4236687 Total splits: 39 Good splits: 38
Reward: 42616.1519053 Total splits: 36 Good splits: 36
Reward: 27495.5315343 Total splits: 38 Good splits: 37
Reward: 27472.8513339 Total splits: 40 Good splits: 40
Reward: 32347.8826736 Total splits: 39 Good splits: 38
Reward: 34248.0046362 Total splits: 37 Good splits: 36
Reward: 41946.3452883 Total splits: 39 Good splits: 38
Reward: 23999.3736592 Total splits: 36 Good splits: 36
Reward: 30695.4020235 Total splits: 37 Good splits: 35
Reward: 38817.7850972 Total splits: 39 Good splits: 39
Reward: 43584.5661332 Total splits: 43 Good splits: 42
Reward: 37505.7466188 Total splits: 40 Good splits: 39
Reward: 22372.9567446 Total splits: 39 Good splits: 39
Reward: 31038.2867699 Total splits: 40 Good splits: 39
Reward: 27629.9193638 Total splits: 39 Good splits: 39
Reward: 31694.9435445 Total splits: 38 Good splits: 38
Reward: 16759.1053736 Total splits: 40 Good splits: 40
Reward: 28610.3127187 Total splits: 36 Good splits: 36
Reward: 37521.0061996 Total splits: 39 Good splits: 38
Reward: 23867.4819474 Total splits: 36 Good splits: 36
Reward: 34776.4864446 Total splits: 36 Good splits: 35
Reward: 35866.3386494 Total splits: 43 Good splits: 43
Reward: 30864.7311526 Total splits: 39 Good splits: 38
Reward: 8517.55430979 Total splits: 41 Good splits: 40
Reward: 34305.7127814 Total splits: 38 Good splits: 38
Reward: 37581.8116182 Total splits: 37 Good splits: 36
Reward: 38475.8874946 Total splits: 40 Good splits: 40
Reward: 40888.9121158 Total splits: 43 Good splits: 43
Reward: 35995.0241252 Total splits: 39 Good splits: 37
Reward: 34531.8560861 Total splits: 40 Good splits: 40
Reward: 26952.733258 Total splits: 39 Good splits: 39
Reward: 41141.8093424 Total splits: 37 Good splits: 37
Reward: 33364.1618557 Total splits: 42 Good splits: 42
Reward: 18408.7873569 Total splits: 39 Good splits: 37
Reward: 33785.5086005 Total splits: 40 Good splits: 38
Reward: 24935.6287274 Total splits: 40 Good splits: 40
Reward: 41966.0381304 Total splits: 42 Good splits: 41
Reward: 33035.2446819 Total splits: 33 Good splits: 33
Reward: 33850.818391 Total splits: 37 Good splits: 34
Reward: 16466.725026 Total splits: 36 Good splits: 36
Reward: 42597.2342324 Total splits: 40 Good splits: 40
Reward: 30759.7989367 Total splits: 40 Good splits: 40
Reward: 21173.7802829 Total splits: 37 Good splits: 37
Reward: 25365.0332731 Total splits: 40 Good splits: 40
Reward: 35793.4670949 Total splits: 39 Good splits: 39
Reward: 34639.9777489 Total splits: 42 Good splits: 41
Reward: 39686.940612 Total splits: 39 Good splits: 39
Reward: 36736.3147836 Total splits: 38 Good splits: 37
Reward: 33170.2205804 Total splits: 37 Good splits: 37
Reward: 13620.2974104 Total splits: 33 Good splits: 33
Reward: 23578.4173522 Total splits: 34 Good splits: 33
Reward: 36932.2083449 Total splits: 37 Good splits: 36
Reward: 28608.274592 Total splits: 36 Good splits: 35
Reward: 39534.7364858 Total splits: 39 Good splits: 39
Reward: 29216.378579 Total splits: 43 Good splits: 43
Reward: 37632.3909762 Total splits: 34 Good splits: 34
Reward: 36498.4796326 Total splits: 40 Good splits: 40
Reward: 39744.1226905 Total splits: 41 Good splits: 41
Reward: 34783.1317 Total splits: 41 Good splits: 39
Reward: 31388.758292 Total splits: 39 Good splits: 39
Reward: 31278.7308148 Total splits: 44 Good splits: 44
Reward: 34335.6761858 Total splits: 38 Good splits: 37
Reward: 31774.9056487 Total splits: 38 Good splits: 36
Reward: 33237.1930804 Total splits: 38 Good splits: 35
Reward: 18859.6193682 Total splits: 39 Good splits: 38
Reward: 25791.4815496 Total splits: 43 Good splits: 43
Reward: 15778.5869537 Total splits: 38 Good splits: 37
Reward: 35416.2548996 Total splits: 35 Good splits: 35
Reward: 29444.9907458 Total splits: 42 Good splits: 41
Reward: 39029.56011 Total splits: 37 Good splits: 36
Reward: 31166.2195665 Total splits: 41 Good splits: 41
Reward: 23705.9169928 Total splits: 38 Good splits: 38
Reward: 39950.608399 Total splits: 36 Good splits: 36
Reward: 34328.6909818 Total splits: 41 Good splits: 38
Reward: 24503.213456 Total splits: 40 Good splits: 37
Reward: 12947.9621507 Total splits: 39 Good splits: 38
Reward: 26737.6244466 Total splits: 37 Good splits: 35
Reward: 36185.5054572 Total splits: 43 Good splits: 41
Reward: 18112.0196382 Total splits: 39 Good splits: 39
Reward: 41645.2093155 Total splits: 40 Good splits: 39
Reward: 26453.0470287 Total splits: 40 Good splits: 40
Reward: 31711.2204146 Total splits: 36 Good splits: 34
Reward: 28559.731984 Total splits: 38 Good splits: 38
Reward: 43038.9628562 Total splits: 41 Good splits: 41
Reward: 38333.3141007 Total splits: 40 Good splits: 38
Reward: 40401.5961981 Total splits: 39 Good splits: 39
Reward: 39688.1905655 Total splits: 35 Good splits: 35
Reward: 33381.7207382 Total splits: 40 Good splits: 40
Reward: 25214.7787813 Total splits: 37 Good splits: 37
Reward: 42208.1751543 Total splits: 43 Good splits: 41
Reward: 37217.0053357 Total splits: 38 Good splits: 38
Reward: 35842.4764527 Total splits: 40 Good splits: 40
Reward: 33249.9710306 Total splits: 40 Good splits: 40
Reward: 28456.6046527 Total splits: 37 Good splits: 37
Reward: 39510.2153894 Total splits: 39 Good splits: 38
Reward: 36966.2098705 Total splits: 40 Good splits: 40
Reward: 40557.9827964 Total splits: 41 Good splits: 40
Reward: 30537.1515223 Total splits: 38 Good splits: 38
Reward: 33808.1998957 Total splits: 39 Good splits: 39
Reward: 35366.0662039 Total splits: 39 Good splits: 38
Reward: 24062.8234269 Total splits: 40 Good splits: 39
Reward: 30681.5796916 Total splits: 42 Good splits: 42
Reward: 14951.6843647 Total splits: 41 Good splits: 41
Reward: 35369.7516434 Total splits: 36 Good splits: 36
Reward: 26167.6782826 Total splits: 36 Good splits: 35
Reward: 29356.8111689 Total splits: 37 Good splits: 37
Reward: 37399.8530015 Total splits: 41 Good splits: 41
Reward: 35192.5512563 Total splits: 41 Good splits: 41
Reward: 40746.4945281 Total splits: 40 Good splits: 39
Reward: 43375.9953539 Total splits: 38 Good splits: 37
Reward: 31707.9216716 Total splits: 37 Good splits: 37
Reward: 41083.6680216 Total splits: 40 Good splits: 40
Reward: 36800.1467359 Total splits: 39 Good splits: 39
Reward: 31227.0217343 Total splits: 40 Good splits: 40
Reward: 28303.9040417 Total splits: 38 Good splits: 37
Reward: 33246.9246271 Total splits: 38 Good splits: 38
Reward: 34225.5637592 Total splits: 35 Good splits: 35
Reward: 8737.62525112 Total splits: 44 Good splits: 44
Reward: 41653.6999968 Total splits: 44 Good splits: 42
Reward: 24377.2648496 Total splits: 41 Good splits: 41
Reward: 43439.044651 Total splits: 39 Good splits: 39
Reward: 36081.7252042 Total splits: 40 Good splits: 40
Reward: 47734.5170841 Total splits: 44 Good splits: 44
Reward: 27609.0934405 Total splits: 35 Good splits: 35
Reward: 29412.0096846 Total splits: 36 Good splits: 36
Reward: 26775.5152022 Total splits: 40 Good splits: 40
Reward: 36660.042586 Total splits: 40 Good splits: 40
Reward: 7557.61744526 Total splits: 40 Good splits: 40
Reward: 33177.9415376 Total splits: 42 Good splits: 42
Reward: 35398.9514112 Total splits: 43 Good splits: 42
Reward: 24603.1483624 Total splits: 37 Good splits: 37
Reward: 33104.2103253 Total splits: 39 Good splits: 39
Reward: 32186.333792 Total splits: 39 Good splits: 39
Reward: 37730.6891332 Total splits: 40 Good splits: 40
Reward: 32031.6232869 Total splits: 40 Good splits: 40
Reward: 35558.1946762 Total splits: 41 Good splits: 41
Reward: 40676.2452607 Total splits: 41 Good splits: 41
Reward: 31679.9550329 Total splits: 40 Good splits: 40
Reward: 36289.4950545 Total splits: 33 Good splits: 33
Reward: 26913.7558745 Total splits: 39 Good splits: 39
Reward: 29571.2165854 Total splits: 39 Good splits: 39
Reward: 30557.8480613 Total splits: 37 Good splits: 37
Reward: 22173.532328 Total splits: 39 Good splits: 38
Reward: 34067.4858465 Total splits: 39 Good splits: 39
Reward: 27597.8606741 Total splits: 39 Good splits: 38
Reward: 40442.1792109 Total splits: 41 Good splits: 41
Reward: 42846.981241 Total splits: 39 Good splits: 39
Reward: 37496.9816465 Total splits: 41 Good splits: 41
Reward: 35781.3479966 Total splits: 40 Good splits: 40
Reward: 36326.0915609 Total splits: 40 Good splits: 40
Reward: 24372.9296915 Total splits: 40 Good splits: 40
Reward: 33974.530151 Total splits: 38 Good splits: 37
Reward: 29071.8244261 Total splits: 36 Good splits: 36
Reward: 30763.1553464 Total splits: 37 Good splits: 35
Reward: 39647.0529411 Total splits: 40 Good splits: 39
Reward: 31275.9482442 Total splits: 38 Good splits: 37
Reward: 19886.2920746 Total splits: 38 Good splits: 38
Reward: 40770.3716926 Total splits: 37 Good splits: 37
Reward: 41501.6463598 Total splits: 38 Good splits: 38
Reward: 29939.9502102 Total splits: 35 Good splits: 32
Reward: 41162.1194416 Total splits: 40 Good splits: 39
Reward: 34344.6289437 Total splits: 38 Good splits: 36
Reward: 35910.1313497 Total splits: 37 Good splits: 37
Reward: 37636.9905244 Total splits: 42 Good splits: 41
Reward: 37877.4954179 Total splits: 41 Good splits: 41
Reward: 32237.9616187 Total splits: 38 Good splits: 37
Reward: 29967.2244778 Total splits: 37 Good splits: 35
Reward: 42327.6736218 Total splits: 40 Good splits: 37
Reward: 35098.4175142 Total splits: 39 Good splits: 38
Reward: 38411.3835405 Total splits: 40 Good splits: 39
Reward: 37649.0097473 Total splits: 39 Good splits: 37
Reward: 41966.8819422 Total splits: 38 Good splits: 36
Reward: 32863.055598 Total splits: 37 Good splits: 37
Reward: 30794.1946145 Total splits: 37 Good splits: 34
Reward: 26393.8086789 Total splits: 39 Good splits: 39
Reward: 39465.7712176 Total splits: 39 Good splits: 39
Reward: 38339.6407923 Total splits: 38 Good splits: 38
Reward: 44504.4369768 Total splits: 36 Good splits: 36
Reward: 36503.5067919 Total splits: 39 Good splits: 39
Reward: 23368.0426592 Total splits: 39 Good splits: 38
Reward: 35740.7345338 Total splits: 36 Good splits: 35
Reward: 13372.0363413 Total splits: 40 Good splits: 40
Reward: 25518.6095952 Total splits: 36 Good splits: 36
Reward: 37228.9207721 Total splits: 39 Good splits: 38
Reward: 30256.4365838 Total splits: 34 Good splits: 34
Reward: 21413.0515192 Total splits: 35 Good splits: 34
Reward: 31880.8335303 Total splits: 40 Good splits: 39
Reward: 38159.8608986 Total splits: 38 Good splits: 37
Reward: 10475.3985762 Total splits: 37 Good splits: 37
Reward: 25704.5393295 Total splits: 40 Good splits: 40
Reward: 32763.9427405 Total splits: 38 Good splits: 38
Reward: 24225.7463523 Total splits: 36 Good splits: 35
Reward: 35862.4556489 Total splits: 41 Good splits: 41
Reward: 40840.5797604 Total splits: 39 Good splits: 39
Reward: 31331.207108 Total splits: 37 Good splits: 37
Reward: 31654.0435645 Total splits: 42 Good splits: 41
Reward: 25483.2977418 Total splits: 40 Good splits: 39
Reward: 32198.2583557 Total splits: 41 Good splits: 41
Reward: 26189.2280442 Total splits: 37 Good splits: 37
Reward: 36871.2501434 Total splits: 39 Good splits: 39
Reward: 33875.4552309 Total splits: 39 Good splits: 38
Reward: 37033.2462733 Total splits: 38 Good splits: 37
Reward: 27640.3399099 Total splits: 35 Good splits: 35
Reward: 21857.3947697 Total splits: 38 Good splits: 38
Reward: 28902.5866047 Total splits: 41 Good splits: 40
Reward: 37058.5929219 Total splits: 39 Good splits: 38
Reward: 33911.1257835 Total splits: 38 Good splits: 35
Reward: 42924.7365144 Total splits: 38 Good splits: 37
Reward: 30071.3040852 Total splits: 39 Good splits: 37
Reward: 29114.5053712 Total splits: 40 Good splits: 38
Reward: 38982.8192796 Total splits: 40 Good splits: 40
Reward: 39356.7844843 Total splits: 37 Good splits: 37
Reward: 29611.6027931 Total splits: 38 Good splits: 37
Reward: 39933.2161659 Total splits: 42 Good splits: 42
Reward: 37458.4823292 Total splits: 38 Good splits: 37
Reward: 38506.8130536 Total splits: 37 Good splits: 37
Reward: 31614.1489694 Total splits: 36 Good splits: 35
Reward: 35550.6966831 Total splits: 34 Good splits: 32
Reward: 43707.9530825 Total splits: 39 Good splits: 39
Reward: 29040.9092127 Total splits: 39 Good splits: 38
Reward: 26920.1545963 Total splits: 36 Good splits: 36
Reward: 29114.7258524 Total splits: 41 Good splits: 39
Reward: 25426.7120529 Total splits: 39 Good splits: 38
Reward: 29285.653061 Total splits: 41 Good splits: 41
Reward: 20945.0106618 Total splits: 38 Good splits: 38
Reward: 34897.4517811 Total splits: 39 Good splits: 39
Reward: 30892.1858722 Total splits: 41 Good splits: 41
Reward: 35040.3968115 Total splits: 37 Good splits: 37
Reward: 19824.0406637 Total splits: 39 Good splits: 39
Reward: 36853.5039951 Total splits: 38 Good splits: 38
Reward: 37823.7850084 Total splits: 41 Good splits: 40
Reward: 35312.3164255 Total splits: 39 Good splits: 39
Reward: 36816.80784 Total splits: 40 Good splits: 39
Reward: 41871.9536223 Total splits: 42 Good splits: 42
Reward: 28523.5126213 Total splits: 38 Good splits: 38
Reward: 22190.2717837 Total splits: 37 Good splits: 36
Reward: 34390.850794 Total splits: 37 Good splits: 37
Reward: 32373.5954524 Total splits: 35 Good splits: 34
Reward: 29501.1076577 Total splits: 40 Good splits: 39
Reward: 37221.2745824 Total splits: 41 Good splits: 40
Reward: 38507.3082085 Total splits: 41 Good splits: 41
Reward: 39893.827673 Total splits: 40 Good splits: 39
Reward: 37217.2378352 Total splits: 43 Good splits: 42
Reward: 36787.3903801 Total splits: 34 Good splits: 33
Reward: 19740.6613155 Total splits: 36 Good splits: 36
Reward: 30455.632275 Total splits: 38 Good splits: 37
Reward: 30265.0465448 Total splits: 40 Good splits: 39
Reward: 39546.6415262 Total splits: 37 Good splits: 37
Reward: 37537.0941946 Total splits: 39 Good splits: 39
Reward: 41321.5397343 Total splits: 40 Good splits: 40
Reward: 42374.2848482 Total splits: 37 Good splits: 37
Reward: 33677.6958916 Total splits: 40 Good splits: 39
Reward: 37733.0768118 Total splits: 40 Good splits: 40
Reward: 36881.8110791 Total splits: 42 Good splits: 42
Reward: 41693.7784834 Total splits: 35 Good splits: 34
Reward: 32809.7044251 Total splits: 40 Good splits: 40
Reward: 41251.3072848 Total splits: 35 Good splits: 35
Reward: 40243.7672478 Total splits: 41 Good splits: 41
Reward: 24347.8341068 Total splits: 42 Good splits: 42
Reward: 37615.1073474 Total splits: 40 Good splits: 40
Reward: 40408.7451674 Total splits: 39 Good splits: 38
Reward: 39201.8301074 Total splits: 41 Good splits: 40
Reward: 30370.7445159 Total splits: 34 Good splits: 33
Reward: 29608.8009172 Total splits: 36 Good splits: 36
Reward: 39929.5349449 Total splits: 38 Good splits: 37
Reward: 25951.5819829 Total splits: 38 Good splits: 38
Reward: 29906.8163054 Total splits: 38 Good splits: 37
Reward: 36392.0235405 Total splits: 39 Good splits: 39
Reward: 32989.611026 Total splits: 42 Good splits: 42
Reward: 32726.7392981 Total splits: 37 Good splits: 36
Reward: 31992.5521295 Total splits: 36 Good splits: 34
Reward: 34198.6781755 Total splits: 42 Good splits: 41
Reward: 29658.2293329 Total splits: 37 Good splits: 34
Reward: 33253.9401912 Total splits: 40 Good splits: 40
Reward: 23976.6977173 Total splits: 38 Good splits: 38
Reward: 42511.7658944 Total splits: 38 Good splits: 37
Reward: 37447.3720972 Total splits: 38 Good splits: 37
Reward: 28999.1861759 Total splits: 34 Good splits: 31
Reward: 33182.5018936 Total splits: 39 Good splits: 39
Reward: 43431.043213 Total splits: 38 Good splits: 38
Reward: 30074.0772072 Total splits: 38 Good splits: 38
Reward: 38800.5673705 Total splits: 39 Good splits: 36
Reward: 40137.2622221 Total splits: 38 Good splits: 37
Reward: 34281.2311816 Total splits: 35 Good splits: 34
Reward: 32796.3373429 Total splits: 35 Good splits: 34
Reward: 34378.0579969 Total splits: 38 Good splits: 38
Reward: 29467.3752056 Total splits: 37 Good splits: 35
Reward: 29159.5655842 Total splits: 43 Good splits: 42
Reward: 37927.921714 Total splits: 41 Good splits: 39
Reward: 28861.9646248 Total splits: 39 Good splits: 39
Reward: 28050.1846264 Total splits: 41 Good splits: 41

Results after 400 tests
Average total rewards : 32958.54464
Average total splits  : 38.7525
Average good splits   : 38.2
Average good splits % : 98.57428553

Reward: 25753.2121641 Total splits: 34 Good splits: 32
Reward: 39094.4952759 Total splits: 41 Good splits: 41
Reward: 37745.2795911 Total splits: 42 Good splits: 42
Reward: 39856.1975986 Total splits: 38 Good splits: 38
Reward: 43142.5029497 Total splits: 39 Good splits: 39
Reward: 35430.4382486 Total splits: 38 Good splits: 38
Reward: 35420.8592123 Total splits: 39 Good splits: 38
Reward: 40599.2960365 Total splits: 44 Good splits: 43
Reward: 29108.5496626 Total splits: 41 Good splits: 40
Reward: 33248.1586 Total splits: 39 Good splits: 37
Reward: 39911.9360755 Total splits: 37 Good splits: 36
Reward: 26392.7601589 Total splits: 37 Good splits: 35
Reward: 41453.097033 Total splits: 45 Good splits: 44
Reward: 33499.3459007 Total splits: 39 Good splits: 37
Reward: 41070.0680582 Total splits: 41 Good splits: 38
Reward: 24817.5631506 Total splits: 36 Good splits: 35
Reward: 32645.9966101 Total splits: 38 Good splits: 38
Reward: 33712.487385 Total splits: 39 Good splits: 39
Reward: 28075.5643787 Total splits: 41 Good splits: 40
Reward: 22979.3466911 Total splits: 39 Good splits: 39
Reward: 25487.3697257 Total splits: 37 Good splits: 35
Reward: 30582.2400126 Total splits: 39 Good splits: 39
Reward: 39909.2381646 Total splits: 39 Good splits: 39
Reward: 24432.2748428 Total splits: 35 Good splits: 34
Reward: 39369.0909919 Total splits: 40 Good splits: 39
Reward: 33920.883294 Total splits: 39 Good splits: 38
Reward: 33426.4995018 Total splits: 37 Good splits: 37
Reward: 37832.1445002 Total splits: 41 Good splits: 40
Reward: 19103.5136603 Total splits: 36 Good splits: 36
Reward: 27982.4559288 Total splits: 41 Good splits: 40
Reward: 32133.9777675 Total splits: 39 Good splits: 39
Reward: 40613.3725502 Total splits: 37 Good splits: 37
Reward: 33237.4348352 Total splits: 42 Good splits: 42
Reward: 37650.3844453 Total splits: 39 Good splits: 39
Reward: 34798.5060166 Total splits: 37 Good splits: 37
Reward: 32940.9802168 Total splits: 36 Good splits: 35
Reward: 36290.2160373 Total splits: 37 Good splits: 34
Reward: 36976.4487411 Total splits: 39 Good splits: 38
Reward: 20831.4643154 Total splits: 41 Good splits: 40
Reward: 29272.6129959 Total splits: 35 Good splits: 35
Reward: 39833.5462238 Total splits: 42 Good splits: 41
Reward: 32515.6799157 Total splits: 38 Good splits: 38
Reward: 40047.3964897 Total splits: 41 Good splits: 41
Reward: 30164.9155778 Total splits: 38 Good splits: 37
Reward: 44599.7175891 Total splits: 37 Good splits: 37
Reward: 33548.6399035 Total splits: 35 Good splits: 33
Reward: 29503.6230071 Total splits: 40 Good splits: 40
Reward: 38130.2208277 Total splits: 39 Good splits: 38
Reward: 22982.397615 Total splits: 39 Good splits: 39
Reward: 34596.1694867 Total splits: 41 Good splits: 41
Reward: 26783.8379029 Total splits: 37 Good splits: 37
Reward: 29962.8776448 Total splits: 40 Good splits: 38
Reward: 25802.1331349 Total splits: 35 Good splits: 34
Reward: 43689.3583924 Total splits: 43 Good splits: 43
Reward: 40168.8448768 Total splits: 38 Good splits: 37
Reward: 42973.6479205 Total splits: 39 Good splits: 39
Reward: 25214.2567597 Total splits: 39 Good splits: 37
Reward: 34631.4475728 Total splits: 38 Good splits: 36
Reward: 38543.7645722 Total splits: 43 Good splits: 42
Reward: 41683.7058928 Total splits: 40 Good splits: 38
Reward: 38394.6080261 Total splits: 44 Good splits: 43
Reward: 25943.9261597 Total splits: 41 Good splits: 41
Reward: 36543.4602552 Total splits: 37 Good splits: 37
Reward: 40006.2833805 Total splits: 42 Good splits: 41
Reward: 33134.2706477 Total splits: 39 Good splits: 38
Reward: 27521.5777913 Total splits: 38 Good splits: 37
Reward: 42336.2963859 Total splits: 38 Good splits: 38
Reward: 39881.6777951 Total splits: 41 Good splits: 41
Reward: 15617.1047789 Total splits: 37 Good splits: 36
Reward: 31905.614849 Total splits: 36 Good splits: 36
Reward: 40996.6976642 Total splits: 39 Good splits: 38
Reward: 42172.0342814 Total splits: 43 Good splits: 43
Reward: 35926.6090495 Total splits: 38 Good splits: 37
Reward: 33660.7865929 Total splits: 38 Good splits: 38
Reward: 36373.2293099 Total splits: 40 Good splits: 40
Reward: 34588.8646115 Total splits: 38 Good splits: 38
Reward: 19847.7655512 Total splits: 34 Good splits: 34
Reward: 35195.4985007 Total splits: 37 Good splits: 35
Reward: 31289.4977276 Total splits: 35 Good splits: 35
Reward: 38054.8910382 Total splits: 39 Good splits: 39
Reward: 36030.3417193 Total splits: 37 Good splits: 36
Reward: 33678.0064605 Total splits: 39 Good splits: 38
Reward: 26519.2709612 Total splits: 42 Good splits: 41
Reward: 31471.7558103 Total splits: 39 Good splits: 39
Reward: 31561.2251518 Total splits: 38 Good splits: 38
Reward: 20286.8660715 Total splits: 38 Good splits: 38
Reward: 34359.1051681 Total splits: 40 Good splits: 39
Reward: 36699.1634604 Total splits: 37 Good splits: 36
Reward: 30730.8834489 Total splits: 42 Good splits: 42
Reward: 40327.7695982 Total splits: 40 Good splits: 39
Reward: 31413.7653455 Total splits: 36 Good splits: 36
Reward: 44090.7958733 Total splits: 41 Good splits: 41
Reward: 39425.4576532 Total splits: 38 Good splits: 38
Reward: 22229.625765 Total splits: 40 Good splits: 38
Reward: 21691.0072143 Total splits: 30 Good splits: 29
Reward: 18361.0501857 Total splits: 38 Good splits: 37
Reward: 32928.5863507 Total splits: 41 Good splits: 41
Reward: 30445.3038546 Total splits: 41 Good splits: 39
Reward: 37181.2192492 Total splits: 40 Good splits: 40
Reward: 30933.6374069 Total splits: 38 Good splits: 38
Reward: 37309.0883055 Total splits: 40 Good splits: 40
Reward: 34268.1565881 Total splits: 40 Good splits: 40
Reward: 37016.0148496 Total splits: 41 Good splits: 41
Reward: 28371.5009275 Total splits: 35 Good splits: 34
Reward: 34726.2934493 Total splits: 38 Good splits: 37
Reward: 36421.6642659 Total splits: 39 Good splits: 38
Reward: 39030.0797159 Total splits: 35 Good splits: 35
Reward: 27119.5775758 Total splits: 39 Good splits: 38
Reward: 19564.0814245 Total splits: 37 Good splits: 37
Reward: 22167.4480278 Total splits: 41 Good splits: 40
Reward: 38684.2573182 Total splits: 40 Good splits: 40
Reward: 34508.081333 Total splits: 42 Good splits: 42
Reward: 19771.1564072 Total splits: 39 Good splits: 37
Reward: 35464.5374169 Total splits: 38 Good splits: 38
Reward: 38022.5103906 Total splits: 42 Good splits: 42
Reward: 29136.1792922 Total splits: 36 Good splits: 36
Reward: 35981.6811645 Total splits: 38 Good splits: 38
Reward: 29446.4135645 Total splits: 34 Good splits: 34
Reward: 29786.2398842 Total splits: 39 Good splits: 38
Reward: 43320.874445 Total splits: 38 Good splits: 38
Reward: 43512.5767213 Total splits: 40 Good splits: 40
Reward: 26084.1790781 Total splits: 40 Good splits: 38
Reward: 41576.9094532 Total splits: 40 Good splits: 40
Reward: 29533.3096794 Total splits: 38 Good splits: 37
Reward: 36865.6885042 Total splits: 37 Good splits: 36
Reward: 22780.0320043 Total splits: 39 Good splits: 38
Reward: 32729.8098914 Total splits: 43 Good splits: 41
Reward: 33031.572597 Total splits: 38 Good splits: 36
Reward: 35290.6355596 Total splits: 37 Good splits: 37
Reward: 29952.2889365 Total splits: 38 Good splits: 37
Reward: 38732.1764013 Total splits: 36 Good splits: 36
Reward: 29563.3656375 Total splits: 35 Good splits: 33
Reward: 34167.6616041 Total splits: 40 Good splits: 40
Reward: 37688.1216368 Total splits: 40 Good splits: 40
Reward: 30982.5768656 Total splits: 38 Good splits: 37
Reward: 38962.1479329 Total splits: 42 Good splits: 40
Reward: 29504.2961351 Total splits: 37 Good splits: 37
Reward: 28314.2019581 Total splits: 37 Good splits: 37
Reward: 41721.4710279 Total splits: 40 Good splits: 40
Reward: 16018.4682132 Total splits: 33 Good splits: 31
Reward: 35416.3281724 Total splits: 40 Good splits: 39
Reward: 31471.5999661 Total splits: 40 Good splits: 40
Reward: 34620.3388575 Total splits: 42 Good splits: 42
Reward: 26856.6515305 Total splits: 36 Good splits: 36
Reward: 31849.8165743 Total splits: 38 Good splits: 38
Reward: 37449.6486654 Total splits: 39 Good splits: 39
Reward: 18867.7299295 Total splits: 38 Good splits: 36
Reward: 24180.6207043 Total splits: 38 Good splits: 36
Reward: 41995.3333966 Total splits: 43 Good splits: 42
Reward: 29489.2147906 Total splits: 42 Good splits: 42
Reward: 34515.9474255 Total splits: 41 Good splits: 40
Reward: 39264.1875627 Total splits: 38 Good splits: 37
Reward: 38591.8083775 Total splits: 39 Good splits: 39
Reward: 40689.915482 Total splits: 37 Good splits: 37
Reward: 29687.1693989 Total splits: 42 Good splits: 41
Reward: 43767.2323747 Total splits: 44 Good splits: 44
Reward: 34191.5707793 Total splits: 41 Good splits: 39
Reward: 38162.1149081 Total splits: 38 Good splits: 36
Reward: 26309.2946294 Total splits: 38 Good splits: 36
Reward: 36298.3295487 Total splits: 40 Good splits: 39
Reward: 37032.267742 Total splits: 38 Good splits: 36
Reward: 24901.9995524 Total splits: 41 Good splits: 41
Reward: 32881.8369728 Total splits: 37 Good splits: 37
Reward: 34491.9691291 Total splits: 36 Good splits: 36
Reward: 35215.4139156 Total splits: 37 Good splits: 35
Reward: 21861.058538 Total splits: 36 Good splits: 36
Reward: 35573.2350288 Total splits: 40 Good splits: 40
Reward: 40166.7672437 Total splits: 39 Good splits: 39
Reward: 24683.795593 Total splits: 34 Good splits: 33
Reward: 31640.8965369 Total splits: 42 Good splits: 42
Reward: 19160.0228888 Total splits: 43 Good splits: 42
Reward: 39285.3208786 Total splits: 43 Good splits: 42
Reward: 28397.5063692 Total splits: 37 Good splits: 36
Reward: 38472.0474921 Total splits: 40 Good splits: 39
Reward: 30574.0828906 Total splits: 42 Good splits: 41
Reward: 40331.0811441 Total splits: 39 Good splits: 38
Reward: 35484.2236935 Total splits: 41 Good splits: 41
Reward: 38210.5603562 Total splits: 40 Good splits: 40
Reward: 36501.9322151 Total splits: 41 Good splits: 41
Reward: 28034.3667143 Total splits: 34 Good splits: 34
Reward: 34897.6690173 Total splits: 38 Good splits: 38
Reward: 38920.9002004 Total splits: 39 Good splits: 39
Reward: 32974.5628914 Total splits: 39 Good splits: 39
Reward: 22292.3122056 Total splits: 38 Good splits: 37
Reward: 37766.2754243 Total splits: 38 Good splits: 38
Reward: 38348.7187949 Total splits: 37 Good splits: 36
Reward: 39992.7825762 Total splits: 38 Good splits: 38
Reward: 42271.6133063 Total splits: 39 Good splits: 38
Reward: 34129.072111 Total splits: 38 Good splits: 38
Reward: 41276.3958444 Total splits: 46 Good splits: 46
Reward: 35810.0612918 Total splits: 40 Good splits: 40
Reward: 34013.8941088 Total splits: 41 Good splits: 41
Reward: 36576.5111908 Total splits: 40 Good splits: 40
Reward: 30914.3117079 Total splits: 45 Good splits: 42
Reward: 32626.6809469 Total splits: 37 Good splits: 36
Reward: 32433.565799 Total splits: 40 Good splits: 39
Reward: 28153.4020831 Total splits: 39 Good splits: 37
Reward: 25481.4837308 Total splits: 36 Good splits: 36
Reward: 31063.0258879 Total splits: 37 Good splits: 37
Reward: 33236.8533233 Total splits: 36 Good splits: 36

Results after 200 tests
Average total rewards : 33263.8131619
Average total splits  : 38.89
Average good splits   : 38.24
Average good splits % : 98.3286191823

Reward: 27221.3510085 Total splits: 41 Good splits: 39
Reward: 40615.2670225 Total splits: 34 Good splits: 34
Reward: 35414.9772976 Total splits: 37 Good splits: 37
Reward: 34848.3206375 Total splits: 40 Good splits: 40
Reward: 30481.922659 Total splits: 37 Good splits: 36
Reward: 27047.5315627 Total splits: 41 Good splits: 40
Reward: 39136.739405 Total splits: 38 Good splits: 38
Reward: 41981.8398273 Total splits: 39 Good splits: 39
Reward: 35177.5661438 Total splits: 41 Good splits: 41
Reward: 40998.4385695 Total splits: 38 Good splits: 38
Reward: 41405.0067416 Total splits: 41 Good splits: 40
Reward: 40191.6488713 Total splits: 41 Good splits: 40
Reward: 32303.2872657 Total splits: 36 Good splits: 35
Reward: 42397.3865357 Total splits: 40 Good splits: 40
Reward: 31830.3754967 Total splits: 40 Good splits: 39
Reward: 33524.8133907 Total splits: 39 Good splits: 39
Reward: 35549.0652595 Total splits: 37 Good splits: 37
Reward: 41654.5338007 Total splits: 37 Good splits: 35
Reward: 39160.2245628 Total splits: 39 Good splits: 39
Reward: 29144.5066422 Total splits: 38 Good splits: 38
Reward: 38092.8962053 Total splits: 41 Good splits: 40
Reward: 32252.5314453 Total splits: 38 Good splits: 38
Reward: 34289.3096167 Total splits: 41 Good splits: 40
Reward: 21488.3274132 Total splits: 35 Good splits: 35
Reward: 36701.019462 Total splits: 40 Good splits: 39
Reward: 38628.5083864 Total splits: 40 Good splits: 40
Reward: 35842.7593609 Total splits: 39 Good splits: 38
Reward: 35594.1579807 Total splits: 39 Good splits: 38
Reward: 34080.1420118 Total splits: 40 Good splits: 39
Reward: 29928.9261462 Total splits: 33 Good splits: 33
Reward: 37677.7863019 Total splits: 38 Good splits: 38
Reward: 27090.154655 Total splits: 37 Good splits: 37
Reward: 39456.0300832 Total splits: 40 Good splits: 39
Reward: 23034.0691898 Total splits: 37 Good splits: 35
Reward: 29266.0953239 Total splits: 36 Good splits: 36
Reward: 34034.4539179 Total splits: 38 Good splits: 37
Reward: 37685.7667972 Total splits: 41 Good splits: 40
Reward: 40557.2334542 Total splits: 36 Good splits: 34
Reward: 32293.0368565 Total splits: 38 Good splits: 38
Reward: 41319.0553534 Total splits: 43 Good splits: 43
Reward: 27324.0613325 Total splits: 42 Good splits: 42
Reward: 34148.4375032 Total splits: 41 Good splits: 41
Reward: 39296.0122001 Total splits: 41 Good splits: 41
Reward: 27791.0863611 Total splits: 39 Good splits: 38
Reward: 31146.2235985 Total splits: 41 Good splits: 41
Reward: 36432.6390657 Total splits: 36 Good splits: 34
Reward: 37576.7434582 Total splits: 42 Good splits: 42
Reward: 32999.5198268 Total splits: 39 Good splits: 39
Reward: 36050.5218757 Total splits: 40 Good splits: 40
Reward: 38199.4146434 Total splits: 40 Good splits: 40
Reward: 34330.245103 Total splits: 39 Good splits: 38
Reward: 25613.4124263 Total splits: 39 Good splits: 39
Reward: 41354.615265 Total splits: 41 Good splits: 41
Reward: 34776.5652014 Total splits: 43 Good splits: 43
Reward: 42103.6410071 Total splits: 41 Good splits: 41
Reward: 29555.7649399 Total splits: 42 Good splits: 42
Reward: 41846.2142164 Total splits: 40 Good splits: 40
Reward: 24020.6971688 Total splits: 37 Good splits: 37
Reward: 38129.0852867 Total splits: 39 Good splits: 39
Reward: 23780.1633956 Total splits: 36 Good splits: 36
Reward: 28863.236784 Total splits: 40 Good splits: 38
Reward: 35673.7336145 Total splits: 41 Good splits: 41
Reward: 31885.4368674 Total splits: 39 Good splits: 38
Reward: 36373.338781 Total splits: 39 Good splits: 38
Reward: 24249.4068503 Total splits: 35 Good splits: 34
Reward: 39961.9123245 Total splits: 41 Good splits: 41
Reward: 30092.8517106 Total splits: 42 Good splits: 42
Reward: 34303.100238 Total splits: 42 Good splits: 41
Reward: 34406.9211527 Total splits: 40 Good splits: 40
Reward: 33400.9106652 Total splits: 39 Good splits: 39
Reward: 34741.9959264 Total splits: 37 Good splits: 36
Reward: 21316.9472447 Total splits: 39 Good splits: 39
Reward: 35796.7450679 Total splits: 39 Good splits: 38
Reward: 40877.7917092 Total splits: 41 Good splits: 41
Reward: 26485.5549331 Total splits: 33 Good splits: 33
Reward: 42168.6984244 Total splits: 43 Good splits: 43
Reward: 34640.7857613 Total splits: 42 Good splits: 41
Reward: 34833.6023435 Total splits: 38 Good splits: 37
Reward: 27617.9401886 Total splits: 37 Good splits: 37
Reward: 39894.8787498 Total splits: 39 Good splits: 38
Reward: 39595.8647898 Total splits: 39 Good splits: 39
Reward: 36556.485064 Total splits: 39 Good splits: 38
Reward: 23178.5309221 Total splits: 37 Good splits: 36
Reward: 8613.25559456 Total splits: 40 Good splits: 40
Reward: 32349.73098 Total splits: 36 Good splits: 36
Reward: 31515.6060342 Total splits: 40 Good splits: 40
Reward: 37397.2285144 Total splits: 41 Good splits: 41
Reward: 29048.0529922 Total splits: 37 Good splits: 35
Reward: 37228.2616279 Total splits: 39 Good splits: 39
Reward: 40177.6007294 Total splits: 40 Good splits: 40
Reward: 39866.5513207 Total splits: 40 Good splits: 39
Reward: 27522.0017208 Total splits: 35 Good splits: 35
Reward: 23400.0727092 Total splits: 44 Good splits: 44
Reward: 17245.616247 Total splits: 37 Good splits: 37
Reward: 22736.1329288 Total splits: 41 Good splits: 40
Reward: 17329.8171365 Total splits: 38 Good splits: 38
Reward: 37383.3323023 Total splits: 34 Good splits: 34
Reward: 36140.0835856 Total splits: 35 Good splits: 33
Reward: 41224.1785278 Total splits: 39 Good splits: 39
Reward: 38756.6474458 Total splits: 37 Good splits: 34

Results after 100 tests
Average total rewards : 33607.2296705
Average total splits  : 38.96
Average good splits   : 38.47
Average good splits % : 98.7422997947

Reward: 40205.5297434 Total splits: 42 Good splits: 42
Reward: 41375.9847474 Total splits: 42 Good splits: 42
Reward: 41340.3080761 Total splits: 39 Good splits: 38
Reward: 32493.4776653 Total splits: 38 Good splits: 38
Reward: 39640.2882176 Total splits: 41 Good splits: 40
Reward: 34223.6234391 Total splits: 36 Good splits: 36
Reward: 34938.9780698 Total splits: 38 Good splits: 36
Reward: 28324.6990164 Total splits: 36 Good splits: 35
Reward: 38387.0723447 Total splits: 40 Good splits: 38
Reward: 30906.9044979 Total splits: 36 Good splits: 35
Reward: 34436.7017293 Total splits: 39 Good splits: 39
Reward: 25835.3265246 Total splits: 40 Good splits: 39
Reward: 18747.9610648 Total splits: 38 Good splits: 37
Reward: 40232.4775851 Total splits: 40 Good splits: 39
Reward: 26431.0063365 Total splits: 42 Good splits: 42
Reward: 36176.6062505 Total splits: 37 Good splits: 36
Reward: 32694.8019283 Total splits: 40 Good splits: 40
Reward: 35840.3571262 Total splits: 39 Good splits: 39
Reward: 32010.6616295 Total splits: 37 Good splits: 36
Reward: 32665.2335324 Total splits: 38 Good splits: 37
Reward: 43332.7860934 Total splits: 42 Good splits: 42
Reward: 35271.0431616 Total splits: 35 Good splits: 35
Reward: 32583.8011102 Total splits: 34 Good splits: 33
Reward: 40346.8377043 Total splits: 44 Good splits: 43
Reward: 43890.2697077 Total splits: 39 Good splits: 39
Reward: 26152.3590536 Total splits: 41 Good splits: 40
Reward: 38574.3572569 Total splits: 40 Good splits: 39
Reward: 34950.3623167 Total splits: 37 Good splits: 37
Reward: 27150.9105725 Total splits: 38 Good splits: 37
Reward: 33897.978263 Total splits: 40 Good splits: 38
Reward: 27657.4438943 Total splits: 40 Good splits: 40
Reward: 39765.6001107 Total splits: 37 Good splits: 35
Reward: 31639.4684778 Total splits: 40 Good splits: 40
Reward: 26451.8295695 Total splits: 36 Good splits: 35
Reward: 35672.960315 Total splits: 40 Good splits: 40
Reward: 34965.2193356 Total splits: 41 Good splits: 41
Reward: 36165.1352388 Total splits: 41 Good splits: 39
Reward: 46349.7230028 Total splits: 43 Good splits: 42
Reward: 36826.8110115 Total splits: 38 Good splits: 38
Reward: 31297.98136 Total splits: 34 Good splits: 34
Reward: 36341.124615 Total splits: 41 Good splits: 40
Reward: 35969.7880188 Total splits: 39 Good splits: 39
Reward: 29680.0140055 Total splits: 44 Good splits: 44
Reward: 31910.3948352 Total splits: 36 Good splits: 35
Reward: 32910.3192057 Total splits: 42 Good splits: 42
Reward: 28588.7683377 Total splits: 37 Good splits: 37
Reward: 31542.2214379 Total splits: 43 Good splits: 41
Reward: 37168.8355493 Total splits: 40 Good splits: 40
Reward: 41623.6069976 Total splits: 40 Good splits: 39
Reward: 35330.5495004 Total splits: 43 Good splits: 43
Reward: 36945.7693869 Total splits: 39 Good splits: 39
Reward: 28181.5220985 Total splits: 40 Good splits: 40
Reward: 34017.3063862 Total splits: 39 Good splits: 36
Reward: 25121.7420538 Total splits: 36 Good splits: 36
Reward: 32011.4992612 Total splits: 37 Good splits: 34
Reward: 43479.4421745 Total splits: 43 Good splits: 43
Reward: 28090.9873835 Total splits: 36 Good splits: 35
Reward: 22572.5983183 Total splits: 36 Good splits: 35
Reward: 30874.1417806 Total splits: 37 Good splits: 36
Reward: 34157.946469 Total splits: 38 Good splits: 38
Reward: 30614.0119516 Total splits: 37 Good splits: 36
Reward: 15407.5390201 Total splits: 39 Good splits: 39
Reward: 39467.5386162 Total splits: 37 Good splits: 37
Reward: 35801.703251 Total splits: 40 Good splits: 39
Reward: 40645.624513 Total splits: 38 Good splits: 38
Reward: 29401.5028997 Total splits: 38 Good splits: 36
Reward: 39503.3417981 Total splits: 40 Good splits: 40
Reward: 32432.7560951 Total splits: 38 Good splits: 38
Reward: 27896.4018651 Total splits: 40 Good splits: 38
Reward: 35772.5796182 Total splits: 39 Good splits: 37
Reward: 39267.1643939 Total splits: 35 Good splits: 34
Reward: 33474.9841414 Total splits: 35 Good splits: 35
Reward: 24566.3554149 Total splits: 42 Good splits: 41
Reward: 41118.6307356 Total splits: 40 Good splits: 40
Reward: 40256.5009076 Total splits: 41 Good splits: 41
Reward: 35553.2616804 Total splits: 36 Good splits: 36
Reward: 26337.4127512 Total splits: 39 Good splits: 39
Reward: 31644.9042555 Total splits: 42 Good splits: 42
Reward: 28494.2935764 Total splits: 38 Good splits: 38
Reward: 41427.0910387 Total splits: 39 Good splits: 37
Reward: 39285.3108861 Total splits: 39 Good splits: 39
Reward: 39145.6479771 Total splits: 42 Good splits: 41
Reward: 33514.0834533 Total splits: 38 Good splits: 38
Reward: 31567.5216589 Total splits: 40 Good splits: 40
Reward: 41969.9762233 Total splits: 40 Good splits: 38
Reward: 34691.9154958 Total splits: 38 Good splits: 38
Reward: 38458.6932733 Total splits: 42 Good splits: 42
Reward: 36016.5416697 Total splits: 40 Good splits: 40
Reward: 29670.4992095 Total splits: 40 Good splits: 39
Reward: 25034.031698 Total splits: 39 Good splits: 38
Reward: 42532.1367664 Total splits: 40 Good splits: 40
Reward: 20603.0891175 Total splits: 39 Good splits: 39
Reward: 36623.297546 Total splits: 38 Good splits: 35
Reward: 39440.5698404 Total splits: 45 Good splits: 44
Reward: 18954.1814334 Total splits: 35 Good splits: 33
Reward: 24490.5751718 Total splits: 36 Good splits: 36
Reward: 33843.6597098 Total splits: 38 Good splits: 38
Reward: 36704.228042 Total splits: 34 Good splits: 34
Reward: 39716.8815387 Total splits: 41 Good splits: 39
Reward: 36923.8233194 Total splits: 38 Good splits: 37

Results after 100 tests
Average total rewards : 33846.3971745
Average total splits  : 38.99
Average good splits   : 38.32
Average good splits % : 98.2816106694

Reward: 31559.9340414 Total splits: 41 Good splits: 40
Reward: 38862.8464555 Total splits: 41 Good splits: 40
Reward: 35045.0363211 Total splits: 40 Good splits: 40
Reward: 27096.2087219 Total splits: 39 Good splits: 39
Reward: 29614.5161554 Total splits: 35 Good splits: 34
Reward: 36339.4101407 Total splits: 38 Good splits: 38
Reward: 26583.1968407 Total splits: 32 Good splits: 32
Reward: 44469.6543551 Total splits: 35 Good splits: 34
Reward: 36404.5953983 Total splits: 39 Good splits: 39
Reward: 38177.8001618 Total splits: 38 Good splits: 38
Reward: 35409.5194504 Total splits: 42 Good splits: 42
Reward: 28437.6471638 Total splits: 42 Good splits: 42
Reward: 40500.5475564 Total splits: 40 Good splits: 40
Reward: 39024.9187029 Total splits: 46 Good splits: 45
Reward: 40823.6111024 Total splits: 40 Good splits: 40
Reward: 26750.2736847 Total splits: 30 Good splits: 28
Reward: 34132.7436706 Total splits: 38 Good splits: 37
Reward: 40249.1034571 Total splits: 40 Good splits: 40
Reward: 23813.175955 Total splits: 36 Good splits: 36
Reward: 41803.416272 Total splits: 39 Good splits: 38
Reward: 36588.3696604 Total splits: 35 Good splits: 34
Reward: 34055.4679534 Total splits: 36 Good splits: 35
Reward: 24603.8765701 Total splits: 42 Good splits: 42
Reward: 40434.8412039 Total splits: 39 Good splits: 39
Reward: 43833.6175522 Total splits: 41 Good splits: 40
Reward: 33739.402882 Total splits: 42 Good splits: 40
Reward: 35340.7472921 Total splits: 35 Good splits: 35
Reward: 43584.8510548 Total splits: 40 Good splits: 40
Reward: 39837.082892 Total splits: 36 Good splits: 35
Reward: 34918.5118633 Total splits: 41 Good splits: 41
Reward: 32354.5158632 Total splits: 36 Good splits: 34
Reward: 10091.7448195 Total splits: 41 Good splits: 40
Reward: 32771.4248253 Total splits: 37 Good splits: 37
Reward: 32150.2108496 Total splits: 37 Good splits: 36
Reward: 34054.370631 Total splits: 40 Good splits: 40
Reward: 27303.4500805 Total splits: 37 Good splits: 37
Reward: 34623.4168174 Total splits: 36 Good splits: 36
Reward: 28877.4594106 Total splits: 39 Good splits: 39
Reward: 37402.3390796 Total splits: 37 Good splits: 37
Reward: 23980.6317743 Total splits: 34 Good splits: 34
Reward: 33010.1505519 Total splits: 41 Good splits: 41
Reward: 35759.6723848 Total splits: 41 Good splits: 41
Reward: 42625.8630101 Total splits: 42 Good splits: 42
Reward: 28815.0927462 Total splits: 38 Good splits: 38
Reward: 36805.9072045 Total splits: 39 Good splits: 38
Reward: 36244.5855794 Total splits: 38 Good splits: 38
Reward: 35680.1924157 Total splits: 37 Good splits: 37
Reward: 24086.5003171 Total splits: 35 Good splits: 34
Reward: 33643.7363223 Total splits: 37 Good splits: 36
Reward: 28991.1972134 Total splits: 38 Good splits: 37
Reward: 42147.8347696 Total splits: 39 Good splits: 39
Reward: 34784.1922599 Total splits: 35 Good splits: 35
Reward: 30993.1274678 Total splits: 40 Good splits: 40
Reward: 28322.9332074 Total splits: 43 Good splits: 43
Reward: 37146.0523598 Total splits: 34 Good splits: 33
Reward: 38716.4341063 Total splits: 37 Good splits: 37
Reward: 36654.2011809 Total splits: 41 Good splits: 40
Reward: 31458.1460909 Total splits: 36 Good splits: 36
Reward: 36356.7310732 Total splits: 38 Good splits: 37
Reward: 29502.9759341 Total splits: 37 Good splits: 36
Reward: 11506.9376039 Total splits: 35 Good splits: 35
Reward: 39617.8202604 Total splits: 35 Good splits: 35
Reward: 38312.5838491 Total splits: 37 Good splits: 36
Reward: 37499.9513992 Total splits: 38 Good splits: 37
Reward: 23062.5949005 Total splits: 40 Good splits: 38
Reward: 42938.2214643 Total splits: 42 Good splits: 42
Reward: 27498.3924702 Total splits: 43 Good splits: 41
Reward: 31204.7002286 Total splits: 34 Good splits: 34
Reward: 37617.9554868 Total splits: 40 Good splits: 39
Reward: 24102.5675168 Total splits: 41 Good splits: 41
Reward: 37758.2688653 Total splits: 35 Good splits: 34
Reward: 29655.8527793 Total splits: 37 Good splits: 36
Reward: 40608.5248956 Total splits: 40 Good splits: 39
Reward: 11180.3775254 Total splits: 37 Good splits: 36
Reward: 38328.7599731 Total splits: 38 Good splits: 38
Reward: 38259.3861964 Total splits: 40 Good splits: 39
Reward: 40722.9715471 Total splits: 37 Good splits: 36
Reward: 38046.642665 Total splits: 39 Good splits: 37
Reward: 39346.8832592 Total splits: 39 Good splits: 39
Reward: 29699.5959588 Total splits: 38 Good splits: 38
Reward: 41563.5545956 Total splits: 38 Good splits: 38
Reward: 32035.79745 Total splits: 40 Good splits: 37
Reward: 10254.1870007 Total splits: 40 Good splits: 39
Reward: 37091.6421655 Total splits: 42 Good splits: 40
Reward: 44366.0660787 Total splits: 41 Good splits: 39
Reward: 44274.9427018 Total splits: 40 Good splits: 40
Reward: 29163.9051636 Total splits: 35 Good splits: 34
Reward: 18538.924239 Total splits: 39 Good splits: 35
Reward: 30207.004662 Total splits: 38 Good splits: 38
Reward: 33244.7467595 Total splits: 33 Good splits: 33
Reward: 41309.2356387 Total splits: 38 Good splits: 38
Reward: 20394.6655356 Total splits: 40 Good splits: 39
Reward: 31834.9374303 Total splits: 37 Good splits: 36
Reward: 26276.8835531 Total splits: 39 Good splits: 39
Reward: 35383.416565 Total splits: 40 Good splits: 39
Reward: 36894.7873131 Total splits: 38 Good splits: 37
Reward: 35234.4426347 Total splits: 39 Good splits: 39
Reward: 35075.149156 Total splits: 40 Good splits: 39
Reward: 28170.9773594 Total splits: 35 Good splits: 34
Reward: 34339.9214079 Total splits: 35 Good splits: 35
Reward: 40924.1652179 Total splits: 42 Good splits: 40
Reward: 31702.6327529 Total splits: 37 Good splits: 37
Reward: 31243.5590724 Total splits: 39 Good splits: 39
Reward: 33153.6564794 Total splits: 37 Good splits: 35
Reward: 30073.9933104 Total splits: 42 Good splits: 42
Reward: 34151.827513 Total splits: 39 Good splits: 37
Reward: 34666.8276078 Total splits: 39 Good splits: 38
Reward: 37937.2757929 Total splits: 40 Good splits: 40
Reward: 46900.1026149 Total splits: 40 Good splits: 38
Reward: 18270.8924627 Total splits: 37 Good splits: 37
Reward: 43375.3368285 Total splits: 40 Good splits: 40
Reward: 42478.2308601 Total splits: 34 Good splits: 34
Reward: 42295.5477448 Total splits: 39 Good splits: 39
Reward: 31071.6928771 Total splits: 38 Good splits: 38
Reward: 21502.5072868 Total splits: 40 Good splits: 39
Reward: 41428.4858314 Total splits: 38 Good splits: 37
Reward: 40676.2748653 Total splits: 42 Good splits: 41
Reward: 36052.8271444 Total splits: 38 Good splits: 38
Reward: 31643.5639186 Total splits: 36 Good splits: 36
Reward: 40152.7686609 Total splits: 36 Good splits: 36
Reward: 35193.3380796 Total splits: 38 Good splits: 38
Reward: 34441.545354 Total splits: 38 Good splits: 38
Reward: 39102.6896915 Total splits: 35 Good splits: 33
Reward: 18184.7310645 Total splits: 38 Good splits: 37
Reward: 32414.2037972 Total splits: 42 Good splits: 42
Reward: 41996.3981097 Total splits: 39 Good splits: 38
Reward: 41864.8723272 Total splits: 38 Good splits: 38
Reward: 36725.5403906 Total splits: 41 Good splits: 41
Reward: 29145.4427431 Total splits: 37 Good splits: 36
Reward: 28506.1178245 Total splits: 41 Good splits: 40
Reward: 31740.4880655 Total splits: 37 Good splits: 36
Reward: 36500.0415451 Total splits: 43 Good splits: 43
Reward: 19184.6572711 Total splits: 43 Good splits: 43
Reward: 22954.1670123 Total splits: 39 Good splits: 38
Reward: 41767.1962054 Total splits: 40 Good splits: 40
Reward: 32349.370624 Total splits: 37 Good splits: 37
Reward: 29758.0943876 Total splits: 39 Good splits: 38
Reward: 24931.6292622 Total splits: 38 Good splits: 38
Reward: 27726.460278 Total splits: 40 Good splits: 40
Reward: 39885.3157721 Total splits: 42 Good splits: 42
Reward: 31953.523134 Total splits: 31 Good splits: 30
Reward: 35359.2576642 Total splits: 40 Good splits: 40
Reward: 16580.3351199 Total splits: 40 Good splits: 40
Reward: 33705.2475164 Total splits: 39 Good splits: 39
Reward: 44674.1192199 Total splits: 39 Good splits: 38
Reward: 42204.1604064 Total splits: 39 Good splits: 39
Reward: 36685.8962349 Total splits: 36 Good splits: 35
Reward: 8856.63851101 Total splits: 40 Good splits: 40
Reward: 38428.3505731 Total splits: 43 Good splits: 40
Reward: 18810.757858 Total splits: 37 Good splits: 37
Reward: 22831.920761 Total splits: 38 Good splits: 38
Reward: 23238.0463922 Total splits: 33 Good splits: 32
Reward: 27445.6773644 Total splits: 38 Good splits: 37
Reward: 44678.7888641 Total splits: 39 Good splits: 38
Reward: 33152.1912568 Total splits: 39 Good splits: 39
Reward: 33090.3166457 Total splits: 37 Good splits: 36
Reward: 39684.4394786 Total splits: 38 Good splits: 37
Reward: 44056.2674944 Total splits: 42 Good splits: 41
Reward: 36138.6583059 Total splits: 37 Good splits: 36
Reward: 30039.9550286 Total splits: 39 Good splits: 39
Reward: 27968.4783065 Total splits: 40 Good splits: 39
Reward: 27381.5571702 Total splits: 38 Good splits: 38
Reward: 38248.7642089 Total splits: 40 Good splits: 38
Reward: 39296.8004221 Total splits: 38 Good splits: 38
Reward: 31039.7802036 Total splits: 36 Good splits: 36
Reward: 24375.7826248 Total splits: 35 Good splits: 33
Reward: 33886.9656763 Total splits: 38 Good splits: 38
Reward: 27469.3055381 Total splits: 37 Good splits: 36
Reward: 30270.5230553 Total splits: 39 Good splits: 39
Reward: 35676.5649338 Total splits: 38 Good splits: 36
Reward: 37654.4599013 Total splits: 37 Good splits: 37
Reward: 33366.1242373 Total splits: 36 Good splits: 36
Reward: 41712.2206748 Total splits: 40 Good splits: 40
Reward: 36844.5921774 Total splits: 40 Good splits: 39
Reward: 32709.7704519 Total splits: 34 Good splits: 34
Reward: 33901.1606824 Total splits: 37 Good splits: 37
Reward: 17117.380302 Total splits: 34 Good splits: 33
Reward: 34787.995792 Total splits: 39 Good splits: 39
Reward: 26710.7618752 Total splits: 36 Good splits: 36
Reward: 28815.1681682 Total splits: 39 Good splits: 39
Reward: 44066.2071917 Total splits: 39 Good splits: 39
Reward: 33647.3420993 Total splits: 39 Good splits: 39
Reward: 44622.4146319 Total splits: 43 Good splits: 42
Reward: 42552.7786873 Total splits: 45 Good splits: 45
Reward: 32623.9151937 Total splits: 41 Good splits: 41
Reward: 34142.7996572 Total splits: 37 Good splits: 37
Reward: 38751.5817524 Total splits: 35 Good splits: 35
Reward: 37598.226447 Total splits: 35 Good splits: 35
Reward: 36849.0319581 Total splits: 39 Good splits: 37
Reward: 25098.167105 Total splits: 38 Good splits: 38
Reward: 28018.143527 Total splits: 36 Good splits: 36
Reward: 35857.6094053 Total splits: 40 Good splits: 39
Reward: 18354.9384403 Total splits: 38 Good splits: 37
Reward: 39069.935628 Total splits: 40 Good splits: 40
Reward: 36137.1518652 Total splits: 37 Good splits: 37
Reward: 27093.4192057 Total splits: 40 Good splits: 38
Reward: 33333.129856 Total splits: 40 Good splits: 39
Reward: 37583.6895004 Total splits: 43 Good splits: 43
Reward: 40857.8912312 Total splits: 44 Good splits: 43
Reward: 39415.2347881 Total splits: 40 Good splits: 40

Results after 200 tests
Average total rewards : 33403.0548609
Average total splits  : 38.46
Average good splits   : 37.89
Average good splits % : 98.5179407176

