Reward: 26039.1187263 Total splits: 31 Good splits: 31
Reward: 28280.1129377 Total splits: 33 Good splits: 32
Reward: 40963.3139776 Total splits: 34 Good splits: 34
Reward: 21817.7810684 Total splits: 32 Good splits: 32
Reward: 23775.0391394 Total splits: 32 Good splits: 31
Reward: 24295.9831952 Total splits: 31 Good splits: 29
Reward: 35782.3213798 Total splits: 35 Good splits: 35
Reward: 33538.2473978 Total splits: 30 Good splits: 30
Reward: 29358.0577893 Total splits: 32 Good splits: 32
Reward: 37512.0944091 Total splits: 31 Good splits: 31
Reward: 30133.9230624 Total splits: 30 Good splits: 30
Reward: 33633.5411704 Total splits: 37 Good splits: 37
Reward: 16590.3063112 Total splits: 33 Good splits: 32
Reward: 41320.2426848 Total splits: 33 Good splits: 33
Reward: 35471.9534823 Total splits: 34 Good splits: 34
Reward: 18242.4247782 Total splits: 37 Good splits: 37
Reward: 22733.9910285 Total splits: 33 Good splits: 33
Reward: 28238.4647135 Total splits: 31 Good splits: 30
Reward: 29057.0898956 Total splits: 34 Good splits: 34
Reward: 29425.6467884 Total splits: 32 Good splits: 31
Reward: 37940.2086205 Total splits: 32 Good splits: 32
Reward: 43317.8353113 Total splits: 35 Good splits: 35
Reward: 37484.0565498 Total splits: 36 Good splits: 35
Reward: 22995.8981611 Total splits: 31 Good splits: 30
Reward: 21188.7218896 Total splits: 38 Good splits: 38
Reward: 39923.5126342 Total splits: 33 Good splits: 33
Reward: 34940.9252585 Total splits: 32 Good splits: 32
Reward: 35140.5784115 Total splits: 35 Good splits: 34
Reward: 36054.1781864 Total splits: 37 Good splits: 37
Reward: 20447.9878098 Total splits: 31 Good splits: 30
Reward: 40871.2292025 Total splits: 35 Good splits: 35
Reward: 31019.9273577 Total splits: 33 Good splits: 32
Reward: 21699.5933845 Total splits: 35 Good splits: 35
Reward: 38424.765102 Total splits: 32 Good splits: 32
Reward: 10611.9667078 Total splits: 34 Good splits: 34
Reward: 33940.7867826 Total splits: 32 Good splits: 32
Reward: 24615.3811339 Total splits: 34 Good splits: 34
Reward: 43758.6606893 Total splits: 32 Good splits: 32
Reward: 35921.4508139 Total splits: 36 Good splits: 36
Reward: 38031.9892862 Total splits: 34 Good splits: 34
Reward: 29132.3631831 Total splits: 32 Good splits: 30
Reward: 42651.2981599 Total splits: 31 Good splits: 31
Reward: 38542.693642 Total splits: 34 Good splits: 34
Reward: 36749.1114259 Total splits: 34 Good splits: 34
Reward: 27407.0594627 Total splits: 32 Good splits: 32
Reward: 31468.2362841 Total splits: 32 Good splits: 32
Reward: 39988.2770519 Total splits: 34 Good splits: 33
Reward: 42258.0169233 Total splits: 38 Good splits: 38
Reward: 19817.2453687 Total splits: 32 Good splits: 31
Reward: 34897.1419735 Total splits: 33 Good splits: 33
Reward: 40621.9767864 Total splits: 35 Good splits: 35
Reward: 38954.8697981 Total splits: 34 Good splits: 33
Reward: 41276.4363785 Total splits: 34 Good splits: 34
Reward: 29693.2076883 Total splits: 34 Good splits: 33
Reward: 33276.1451065 Total splits: 32 Good splits: 31
Reward: 29261.0978242 Total splits: 32 Good splits: 30
Reward: 21286.5009911 Total splits: 29 Good splits: 29
Reward: 33368.0992255 Total splits: 32 Good splits: 32
Reward: 42565.2532021 Total splits: 35 Good splits: 35
Reward: 37357.1684725 Total splits: 34 Good splits: 32
Reward: 38290.1210934 Total splits: 33 Good splits: 33
Reward: 25359.6307259 Total splits: 34 Good splits: 34
Reward: 36859.644642 Total splits: 35 Good splits: 34
Reward: 37797.0259798 Total splits: 33 Good splits: 33
Reward: 44634.7853299 Total splits: 38 Good splits: 36
Reward: 17922.1233643 Total splits: 31 Good splits: 30
Reward: 33818.5505973 Total splits: 31 Good splits: 30
Reward: 40732.1132398 Total splits: 33 Good splits: 33
Reward: 24715.6384024 Total splits: 33 Good splits: 32
Reward: 35688.2801028 Total splits: 33 Good splits: 32
Reward: 33320.6495508 Total splits: 32 Good splits: 32
Reward: 32573.0659368 Total splits: 34 Good splits: 32
Reward: 25537.9490612 Total splits: 33 Good splits: 32
Reward: 20158.7569327 Total splits: 33 Good splits: 33
Reward: 25809.4364976 Total splits: 32 Good splits: 31
Reward: 18404.909845 Total splits: 32 Good splits: 31
Reward: 33219.7393224 Total splits: 33 Good splits: 32
Reward: 37532.5370182 Total splits: 33 Good splits: 33
Reward: 30819.8325148 Total splits: 30 Good splits: 30
Reward: 18322.6036659 Total splits: 32 Good splits: 31
Reward: 34561.2211716 Total splits: 33 Good splits: 33
Reward: 30750.4550846 Total splits: 33 Good splits: 32
Reward: 37566.8461547 Total splits: 39 Good splits: 37
Reward: 30485.3031103 Total splits: 36 Good splits: 36
Reward: 33730.8421919 Total splits: 31 Good splits: 31
Reward: 25115.2288936 Total splits: 31 Good splits: 29
Reward: 25301.8813107 Total splits: 31 Good splits: 31
Reward: 35594.7533742 Total splits: 32 Good splits: 30
Reward: 25966.8094188 Total splits: 33 Good splits: 32
Reward: 36096.7610569 Total splits: 32 Good splits: 32
Reward: 41153.9310614 Total splits: 36 Good splits: 36
Reward: 42597.8003812 Total splits: 35 Good splits: 34
Reward: 36907.8976228 Total splits: 32 Good splits: 31
Reward: 28876.3592905 Total splits: 35 Good splits: 35
Reward: 45918.9854239 Total splits: 35 Good splits: 35
Reward: 36305.1362554 Total splits: 33 Good splits: 32
Reward: 33585.32841 Total splits: 31 Good splits: 30
Reward: 36754.4813785 Total splits: 34 Good splits: 34
Reward: 25405.1126875 Total splits: 29 Good splits: 29
Reward: 32782.9441125 Total splits: 33 Good splits: 32
Reward: 39929.079412 Total splits: 35 Good splits: 35
Reward: 33873.5891604 Total splits: 32 Good splits: 32
Reward: 32977.3073751 Total splits: 32 Good splits: 32
Reward: 24354.0244942 Total splits: 35 Good splits: 35
Reward: 35020.6298754 Total splits: 34 Good splits: 34
Reward: 40255.885073 Total splits: 36 Good splits: 36
Reward: 34763.9395589 Total splits: 34 Good splits: 34
Reward: 26090.987637 Total splits: 33 Good splits: 33
Reward: 25385.9838335 Total splits: 31 Good splits: 31
Reward: 38690.5161617 Total splits: 35 Good splits: 35
Reward: 33499.6432879 Total splits: 33 Good splits: 33
Reward: 24432.2034585 Total splits: 37 Good splits: 37
Reward: 38212.7111675 Total splits: 33 Good splits: 33
Reward: 31252.2604553 Total splits: 35 Good splits: 34
Reward: 41136.5661725 Total splits: 36 Good splits: 34
Reward: 39015.7226444 Total splits: 35 Good splits: 34
Reward: 30608.1569277 Total splits: 33 Good splits: 32
Reward: 21546.9297553 Total splits: 30 Good splits: 30
Reward: 31920.5212241 Total splits: 32 Good splits: 32
Reward: 34602.8962168 Total splits: 36 Good splits: 34
Reward: 40388.4141287 Total splits: 33 Good splits: 33
Reward: 32862.4006012 Total splits: 36 Good splits: 35
Reward: 40921.5048155 Total splits: 36 Good splits: 35
Reward: 38483.5890618 Total splits: 37 Good splits: 37
Reward: 33767.669816 Total splits: 37 Good splits: 37
Reward: 10033.6913464 Total splits: 34 Good splits: 32
Reward: 34731.754648 Total splits: 35 Good splits: 35
Reward: 38457.9918567 Total splits: 34 Good splits: 33
Reward: 21392.3294673 Total splits: 34 Good splits: 34
Reward: 26163.129288 Total splits: 31 Good splits: 30
Reward: 32656.5682705 Total splits: 34 Good splits: 34
Reward: 31056.3147792 Total splits: 34 Good splits: 34
Reward: 25880.8890982 Total splits: 33 Good splits: 33
Reward: 32937.7056801 Total splits: 34 Good splits: 34
Reward: 33820.5773379 Total splits: 32 Good splits: 32
Reward: 32170.1427579 Total splits: 35 Good splits: 35
Reward: 28934.3627417 Total splits: 30 Good splits: 30
Reward: 36316.6767166 Total splits: 34 Good splits: 34
Reward: 20241.5611512 Total splits: 27 Good splits: 26
Reward: 32742.154745 Total splits: 34 Good splits: 33
Reward: 31072.8814889 Total splits: 35 Good splits: 35
Reward: 35428.1154321 Total splits: 33 Good splits: 31
Reward: 29744.4124601 Total splits: 31 Good splits: 31
Reward: 39527.11011 Total splits: 34 Good splits: 34
Reward: 29930.9406576 Total splits: 32 Good splits: 30
Reward: 30249.7853531 Total splits: 31 Good splits: 31
Reward: 25130.7871241 Total splits: 29 Good splits: 29
Reward: 28876.4798569 Total splits: 35 Good splits: 35
Reward: 25910.9113294 Total splits: 34 Good splits: 34
Reward: 25068.6447224 Total splits: 30 Good splits: 29
Reward: 8818.44080276 Total splits: 33 Good splits: 33
Reward: 43364.2226681 Total splits: 35 Good splits: 35
Reward: 38083.5639411 Total splits: 33 Good splits: 33
Reward: 39950.3165307 Total splits: 37 Good splits: 35
Reward: 36467.2050551 Total splits: 34 Good splits: 33
Reward: 35969.9668884 Total splits: 35 Good splits: 35
Reward: 33956.3751454 Total splits: 34 Good splits: 34
Reward: 38006.6689674 Total splits: 30 Good splits: 29
Reward: 40371.7130352 Total splits: 38 Good splits: 38
Reward: 13312.3520662 Total splits: 36 Good splits: 36
Reward: 18068.2779041 Total splits: 32 Good splits: 32
Reward: 38017.0856357 Total splits: 34 Good splits: 34
Reward: 12743.1724483 Total splits: 26 Good splits: 25
Reward: 38680.0928842 Total splits: 37 Good splits: 36
Reward: 35267.2937929 Total splits: 35 Good splits: 35
Reward: 29967.1958071 Total splits: 35 Good splits: 35
Reward: 34994.6770186 Total splits: 35 Good splits: 34
Reward: 27193.5142684 Total splits: 32 Good splits: 31
Reward: 30483.1982876 Total splits: 34 Good splits: 34
Reward: 39310.6466203 Total splits: 37 Good splits: 37
Reward: 38431.788168 Total splits: 32 Good splits: 32
Reward: 32475.1741197 Total splits: 35 Good splits: 34
Reward: 13349.6873976 Total splits: 31 Good splits: 30
Reward: 30117.7620237 Total splits: 34 Good splits: 33
Reward: 26724.3861863 Total splits: 30 Good splits: 30
Reward: 21364.518695 Total splits: 32 Good splits: 32
Reward: 31547.4433047 Total splits: 33 Good splits: 33
Reward: 43562.2782665 Total splits: 33 Good splits: 32
Reward: 25552.5541554 Total splits: 33 Good splits: 33
Reward: 34167.7720984 Total splits: 35 Good splits: 35
Reward: 30282.3459387 Total splits: 33 Good splits: 33
Reward: 20405.7179415 Total splits: 35 Good splits: 34
Reward: 41527.6458907 Total splits: 32 Good splits: 31
Reward: 34146.6394232 Total splits: 31 Good splits: 31
Reward: 38601.4530815 Total splits: 34 Good splits: 33
Reward: 33700.6622528 Total splits: 32 Good splits: 31
Reward: 36406.5404814 Total splits: 34 Good splits: 34
Reward: 38368.6284316 Total splits: 35 Good splits: 35
Reward: 30170.4976834 Total splits: 40 Good splits: 39
Reward: 42438.275817 Total splits: 35 Good splits: 35
Reward: 35359.1153151 Total splits: 37 Good splits: 37
Reward: 34413.6713584 Total splits: 35 Good splits: 33
Reward: 34745.9077032 Total splits: 35 Good splits: 35
Reward: 31471.6503075 Total splits: 35 Good splits: 34
Reward: 36276.1674713 Total splits: 36 Good splits: 36
Reward: 33240.6287451 Total splits: 34 Good splits: 33
Reward: 20037.3011001 Total splits: 32 Good splits: 31
Reward: 35922.4021606 Total splits: 37 Good splits: 37
Reward: 23635.02182 Total splits: 32 Good splits: 32
Reward: 34425.8987942 Total splits: 35 Good splits: 34
Reward: 31219.8773606 Total splits: 33 Good splits: 32
Reward: 19955.7902419 Total splits: 36 Good splits: 36
Reward: 40306.3428101 Total splits: 34 Good splits: 34
Reward: 40839.7603491 Total splits: 32 Good splits: 32
Reward: 22712.7400951 Total splits: 34 Good splits: 34
Reward: 38458.2926938 Total splits: 32 Good splits: 32
Reward: 30476.6396335 Total splits: 36 Good splits: 36
Reward: 34146.9656139 Total splits: 30 Good splits: 30
Reward: 36207.9952938 Total splits: 35 Good splits: 35
Reward: 33023.1621041 Total splits: 32 Good splits: 31
Reward: 33884.589878 Total splits: 33 Good splits: 32
Reward: 34694.0784933 Total splits: 35 Good splits: 34
Reward: 21646.9654768 Total splits: 26 Good splits: 26
Reward: 37036.1175 Total splits: 34 Good splits: 34
Reward: 34975.9022989 Total splits: 30 Good splits: 30
Reward: 41142.4347684 Total splits: 34 Good splits: 34
Reward: 39447.2591953 Total splits: 32 Good splits: 32
Reward: 36540.2852503 Total splits: 33 Good splits: 32
Reward: 34989.2004899 Total splits: 34 Good splits: 34
Reward: 44825.01218 Total splits: 36 Good splits: 36
Reward: 36745.090169 Total splits: 32 Good splits: 32
Reward: 33708.758261 Total splits: 36 Good splits: 36
Reward: 29555.669959 Total splits: 30 Good splits: 30
Reward: 38740.8170234 Total splits: 32 Good splits: 32
Reward: 31054.5116027 Total splits: 34 Good splits: 33
Reward: 42910.7898342 Total splits: 35 Good splits: 35
Reward: 23924.5918262 Total splits: 34 Good splits: 34
Reward: 34649.1467947 Total splits: 37 Good splits: 37
Reward: 33120.4511996 Total splits: 32 Good splits: 31
Reward: 27489.9795237 Total splits: 30 Good splits: 30
Reward: 33691.4332987 Total splits: 31 Good splits: 31
Reward: 35726.7295074 Total splits: 32 Good splits: 30
Reward: 32110.8518866 Total splits: 32 Good splits: 32
Reward: 28260.3766346 Total splits: 34 Good splits: 33
Reward: 34717.5150959 Total splits: 37 Good splits: 36
Reward: 32259.0598718 Total splits: 38 Good splits: 38
Reward: 24020.7131773 Total splits: 28 Good splits: 28
Reward: 32604.4846329 Total splits: 34 Good splits: 33
Reward: 34412.4034633 Total splits: 32 Good splits: 30
Reward: 8267.84593064 Total splits: 36 Good splits: 35
Reward: 32113.4742247 Total splits: 38 Good splits: 38
Reward: 37839.4085899 Total splits: 35 Good splits: 35
Reward: 29242.2816223 Total splits: 32 Good splits: 32
Reward: 37679.7590486 Total splits: 37 Good splits: 35
Reward: 30469.4190652 Total splits: 34 Good splits: 33
Reward: 38709.7410955 Total splits: 34 Good splits: 34
Reward: 38435.938476 Total splits: 33 Good splits: 32
Reward: 44301.4275016 Total splits: 37 Good splits: 37
Reward: 30030.6393995 Total splits: 33 Good splits: 33
Reward: 41829.5493438 Total splits: 35 Good splits: 34
Reward: 35277.2282753 Total splits: 32 Good splits: 31
Reward: 32257.4255974 Total splits: 39 Good splits: 39
Reward: 34102.9161263 Total splits: 31 Good splits: 31
Reward: 32762.1153833 Total splits: 32 Good splits: 32
Reward: 36414.3216623 Total splits: 30 Good splits: 30
Reward: 17447.2193944 Total splits: 28 Good splits: 28
Reward: 30210.5427287 Total splits: 33 Good splits: 32
Reward: 26247.6344681 Total splits: 35 Good splits: 35
Reward: 32870.7191306 Total splits: 35 Good splits: 34
Reward: 34727.2079752 Total splits: 36 Good splits: 36
Reward: 38444.0950179 Total splits: 34 Good splits: 33
Reward: 39910.1687616 Total splits: 34 Good splits: 34
Reward: 38547.0287164 Total splits: 32 Good splits: 32
Reward: 43753.7849284 Total splits: 32 Good splits: 32
Reward: 32377.3463783 Total splits: 33 Good splits: 31
Reward: 37785.2454774 Total splits: 32 Good splits: 31
Reward: 35852.8363233 Total splits: 36 Good splits: 36
Reward: 35041.937069 Total splits: 34 Good splits: 33
Reward: 25181.9777833 Total splits: 31 Good splits: 31
Reward: 32796.5802866 Total splits: 31 Good splits: 31
Reward: 37454.0073393 Total splits: 36 Good splits: 36
Reward: 43362.0890434 Total splits: 35 Good splits: 35
Reward: 31668.3878265 Total splits: 33 Good splits: 32
Reward: 22923.5622329 Total splits: 35 Good splits: 34
Reward: 34393.9178437 Total splits: 31 Good splits: 31
Reward: 35330.0940494 Total splits: 32 Good splits: 31
Reward: 11456.4509492 Total splits: 30 Good splits: 27
Reward: 29301.6588859 Total splits: 31 Good splits: 31
Reward: 37320.8151356 Total splits: 36 Good splits: 36
Reward: 34446.847678 Total splits: 32 Good splits: 32
Reward: 38363.3115306 Total splits: 36 Good splits: 36
Reward: 21565.0922481 Total splits: 29 Good splits: 28
Reward: 42071.3148782 Total splits: 32 Good splits: 32
Reward: 25827.7694979 Total splits: 34 Good splits: 32
Reward: 26872.58702 Total splits: 30 Good splits: 30
Reward: 38444.47445 Total splits: 33 Good splits: 33
Reward: 27481.8361279 Total splits: 31 Good splits: 31
Reward: 39750.7451765 Total splits: 34 Good splits: 34
Reward: 41299.4760475 Total splits: 35 Good splits: 33
Reward: 42723.4496539 Total splits: 34 Good splits: 34
Reward: 27604.5551246 Total splits: 34 Good splits: 34
Reward: 40144.8619242 Total splits: 39 Good splits: 38
Reward: 28037.0293354 Total splits: 37 Good splits: 37
Reward: 32635.0627654 Total splits: 32 Good splits: 31
Reward: 20983.2834607 Total splits: 32 Good splits: 32
Reward: 21833.9783603 Total splits: 33 Good splits: 33
Reward: 25401.5043676 Total splits: 34 Good splits: 34
Reward: 38454.1541353 Total splits: 34 Good splits: 32
Reward: 21128.8140423 Total splits: 31 Good splits: 30
Reward: 40899.469128 Total splits: 33 Good splits: 33
Reward: 30545.1393359 Total splits: 34 Good splits: 34
Reward: 37786.9755155 Total splits: 35 Good splits: 35
Reward: 36012.4553711 Total splits: 33 Good splits: 32
Reward: 39692.3422527 Total splits: 35 Good splits: 35
Reward: 42992.3793066 Total splits: 32 Good splits: 32
Reward: 36651.0616655 Total splits: 34 Good splits: 34
Reward: 34514.8393367 Total splits: 34 Good splits: 34
Reward: 20596.6643574 Total splits: 35 Good splits: 35
Reward: 19788.0229523 Total splits: 32 Good splits: 31
Reward: 30965.3698921 Total splits: 32 Good splits: 31
Reward: 31957.5564683 Total splits: 34 Good splits: 33
Reward: 37620.9052374 Total splits: 33 Good splits: 33
Reward: 29134.1880339 Total splits: 33 Good splits: 33
Reward: 25296.0195081 Total splits: 36 Good splits: 36
Reward: 37375.4969569 Total splits: 34 Good splits: 34
Reward: 42573.4270656 Total splits: 34 Good splits: 33
Reward: 36245.9910263 Total splits: 33 Good splits: 33
Reward: 40795.7165926 Total splits: 35 Good splits: 35
Reward: 33110.8085166 Total splits: 31 Good splits: 31
Reward: 26489.1073708 Total splits: 35 Good splits: 34
Reward: 36063.2628427 Total splits: 34 Good splits: 33
Reward: 39678.1695966 Total splits: 31 Good splits: 31
Reward: 35392.8385596 Total splits: 35 Good splits: 35
Reward: 26465.7107516 Total splits: 34 Good splits: 34
Reward: 23717.8506686 Total splits: 35 Good splits: 34
Reward: 23631.5347098 Total splits: 34 Good splits: 34
Reward: 30928.59783 Total splits: 35 Good splits: 35
Reward: 20688.9001887 Total splits: 29 Good splits: 28
Reward: 42544.2962751 Total splits: 35 Good splits: 35
Reward: 31332.1136065 Total splits: 33 Good splits: 33
Reward: 13994.5099343 Total splits: 38 Good splits: 37
Reward: 43013.7438643 Total splits: 38 Good splits: 37
Reward: 13251.3799786 Total splits: 36 Good splits: 36
Reward: 33718.7352073 Total splits: 37 Good splits: 37
Reward: 27651.1298151 Total splits: 31 Good splits: 31
Reward: 35547.9033734 Total splits: 33 Good splits: 33
Reward: 37120.657203 Total splits: 33 Good splits: 33
Reward: 36151.3290027 Total splits: 33 Good splits: 33
Reward: 36189.884166 Total splits: 36 Good splits: 36
Reward: 24366.2888365 Total splits: 36 Good splits: 36
Reward: 28866.004609 Total splits: 34 Good splits: 33
Reward: 36111.8152675 Total splits: 34 Good splits: 33
Reward: 20305.0686541 Total splits: 33 Good splits: 32
Reward: 34474.9327632 Total splits: 31 Good splits: 31
Reward: 36468.0244048 Total splits: 32 Good splits: 32
Reward: 32404.9246732 Total splits: 32 Good splits: 32
Reward: 38295.0394939 Total splits: 33 Good splits: 33
Reward: 35299.1339163 Total splits: 35 Good splits: 35
Reward: 40615.9697323 Total splits: 37 Good splits: 37
Reward: 27242.1471495 Total splits: 38 Good splits: 36
Reward: 30742.4379653 Total splits: 40 Good splits: 40
Reward: 35642.9365879 Total splits: 34 Good splits: 34
Reward: 24819.4045882 Total splits: 34 Good splits: 33
Reward: 22073.0149661 Total splits: 37 Good splits: 35
Reward: 24752.0528295 Total splits: 36 Good splits: 36
Reward: 32219.8130457 Total splits: 37 Good splits: 36
Reward: 27870.2249242 Total splits: 30 Good splits: 29
Reward: 24982.6581237 Total splits: 34 Good splits: 34
Reward: 37585.525171 Total splits: 34 Good splits: 33
Reward: 29985.0456217 Total splits: 33 Good splits: 32
Reward: 33504.982177 Total splits: 33 Good splits: 33
Reward: 36429.1153074 Total splits: 33 Good splits: 33
Reward: 28399.234931 Total splits: 33 Good splits: 33
Reward: 44362.8915202 Total splits: 36 Good splits: 36
Reward: 24684.6123069 Total splits: 34 Good splits: 33
Reward: 21217.5721535 Total splits: 31 Good splits: 30
Reward: 31936.4021229 Total splits: 33 Good splits: 33
Reward: 35305.3073213 Total splits: 33 Good splits: 33
Reward: 39245.5042273 Total splits: 35 Good splits: 35
Reward: 40034.8914882 Total splits: 35 Good splits: 35
Reward: 22657.3250014 Total splits: 34 Good splits: 34
Reward: 37102.212609 Total splits: 34 Good splits: 33
Reward: 26341.296055 Total splits: 35 Good splits: 34
Reward: 23307.8245494 Total splits: 36 Good splits: 36
Reward: 30429.5276616 Total splits: 34 Good splits: 33
Reward: 37175.4639338 Total splits: 39 Good splits: 39
Reward: 27923.6290705 Total splits: 37 Good splits: 37
Reward: 38163.9588796 Total splits: 37 Good splits: 36
Reward: 45555.8853078 Total splits: 36 Good splits: 36
Reward: 41674.4261051 Total splits: 37 Good splits: 37
Reward: 42163.5899038 Total splits: 36 Good splits: 36
Reward: 33689.6504927 Total splits: 35 Good splits: 35
Reward: 41210.5143179 Total splits: 35 Good splits: 34
Reward: 30088.5958026 Total splits: 33 Good splits: 33
Reward: 36394.0069646 Total splits: 37 Good splits: 37
Reward: 13741.3129244 Total splits: 32 Good splits: 32
Reward: 32932.0840037 Total splits: 35 Good splits: 35
Reward: 42054.2354596 Total splits: 33 Good splits: 32
Reward: 36854.0565427 Total splits: 36 Good splits: 36
Reward: 42140.6119828 Total splits: 37 Good splits: 37
Reward: 45633.7083412 Total splits: 33 Good splits: 33
Reward: 30311.7878924 Total splits: 32 Good splits: 32
Reward: 21683.9006834 Total splits: 31 Good splits: 30
Reward: 30480.814385 Total splits: 33 Good splits: 32
Reward: 36956.2953309 Total splits: 34 Good splits: 34
Reward: 24529.6730035 Total splits: 32 Good splits: 32
Reward: 40514.4737403 Total splits: 37 Good splits: 36
Reward: 26601.7933617 Total splits: 36 Good splits: 35
Reward: 27712.2511021 Total splits: 34 Good splits: 32
Reward: 24935.0560165 Total splits: 34 Good splits: 34
Reward: 31798.4777274 Total splits: 28 Good splits: 27
Reward: 44277.988235 Total splits: 34 Good splits: 33
Reward: 36880.0490807 Total splits: 34 Good splits: 34
Reward: 43602.7379352 Total splits: 33 Good splits: 32
Reward: 35134.2691513 Total splits: 32 Good splits: 32
Reward: 28330.4200056 Total splits: 33 Good splits: 33
Reward: 30798.465135 Total splits: 32 Good splits: 32
Reward: 26120.5477701 Total splits: 32 Good splits: 32
Reward: 40524.5463441 Total splits: 32 Good splits: 31
Reward: 39236.4598141 Total splits: 37 Good splits: 37
Reward: 8267.41250471 Total splits: 37 Good splits: 37
Reward: 38942.4282174 Total splits: 34 Good splits: 34
Reward: 39266.3448548 Total splits: 32 Good splits: 32
Reward: 39043.6838129 Total splits: 35 Good splits: 34
Reward: 26477.1943347 Total splits: 34 Good splits: 34
Reward: 38275.7894438 Total splits: 35 Good splits: 34
Reward: 38846.0718657 Total splits: 36 Good splits: 35
Reward: 33485.6803172 Total splits: 35 Good splits: 35
Reward: 35088.8618313 Total splits: 36 Good splits: 35
Reward: 32501.854768 Total splits: 35 Good splits: 35
Reward: 42256.7434349 Total splits: 35 Good splits: 35
Reward: 36182.2179732 Total splits: 32 Good splits: 32
Reward: 34069.310386 Total splits: 36 Good splits: 35
Reward: 25368.1592348 Total splits: 33 Good splits: 32
Reward: 37725.1495072 Total splits: 34 Good splits: 34
Reward: 10435.8803006 Total splits: 35 Good splits: 35
Reward: 24337.998318 Total splits: 35 Good splits: 34
Reward: 38805.5434639 Total splits: 36 Good splits: 36
Reward: 39697.7063304 Total splits: 33 Good splits: 32
Reward: 26527.0146684 Total splits: 30 Good splits: 30
Reward: 23869.9168199 Total splits: 30 Good splits: 30
Reward: 39038.188319 Total splits: 32 Good splits: 32
Reward: 37237.0679613 Total splits: 35 Good splits: 35
Reward: 27202.7000568 Total splits: 32 Good splits: 32
Reward: 31864.030355 Total splits: 33 Good splits: 32
Reward: 37860.1749098 Total splits: 34 Good splits: 33
Reward: 41368.3075118 Total splits: 35 Good splits: 35
Reward: 15449.7861947 Total splits: 37 Good splits: 37
Reward: 40542.2892773 Total splits: 37 Good splits: 37
Reward: 35386.6275356 Total splits: 32 Good splits: 31
Reward: 21837.2670403 Total splits: 35 Good splits: 35
Reward: 32014.5914074 Total splits: 35 Good splits: 34
Reward: 40112.4512716 Total splits: 36 Good splits: 35
Reward: 29564.4862407 Total splits: 32 Good splits: 32
Reward: 35060.1021907 Total splits: 33 Good splits: 33
Reward: 19526.7745565 Total splits: 30 Good splits: 28
Reward: 32712.349513 Total splits: 36 Good splits: 35
Reward: 24434.1270944 Total splits: 36 Good splits: 36
Reward: 36110.7194016 Total splits: 33 Good splits: 33
Reward: 33783.0178518 Total splits: 34 Good splits: 34
Reward: 37894.537967 Total splits: 33 Good splits: 31
Reward: 33166.828266 Total splits: 38 Good splits: 38
Reward: 32128.0535053 Total splits: 37 Good splits: 37
Reward: 30317.5150799 Total splits: 31 Good splits: 30
Reward: 24820.8928998 Total splits: 31 Good splits: 31
Reward: 27520.454982 Total splits: 32 Good splits: 31
Reward: 26954.4415382 Total splits: 34 Good splits: 33
Reward: 31870.8329787 Total splits: 33 Good splits: 32
Reward: 23740.281226 Total splits: 32 Good splits: 31
Reward: 23756.4233724 Total splits: 31 Good splits: 31
Reward: 25536.8651369 Total splits: 36 Good splits: 36
Reward: 36823.3033538 Total splits: 35 Good splits: 35
Reward: 30661.0793304 Total splits: 34 Good splits: 34
Reward: 36533.6387631 Total splits: 32 Good splits: 31
Reward: 19971.3261173 Total splits: 29 Good splits: 29
Reward: 29102.9462184 Total splits: 34 Good splits: 34
Reward: 39390.1358906 Total splits: 36 Good splits: 36
Reward: 27424.1760053 Total splits: 31 Good splits: 31
Reward: 36774.3239843 Total splits: 36 Good splits: 36
Reward: 22630.5583763 Total splits: 33 Good splits: 33
Reward: 34008.9670429 Total splits: 31 Good splits: 31
Reward: 27771.0656549 Total splits: 34 Good splits: 34
Reward: 41325.3997555 Total splits: 34 Good splits: 34
Reward: 34115.5112253 Total splits: 34 Good splits: 34
Reward: 23816.1772799 Total splits: 31 Good splits: 31
Reward: 37722.4910104 Total splits: 32 Good splits: 30
Reward: 38278.591508 Total splits: 33 Good splits: 33
Reward: 40967.6186629 Total splits: 36 Good splits: 35
Reward: 18074.6498897 Total splits: 32 Good splits: 31
Reward: 43354.2763879 Total splits: 34 Good splits: 34
Reward: 24159.6811167 Total splits: 33 Good splits: 33
Reward: 41979.3266824 Total splits: 35 Good splits: 34
Reward: 23279.6530362 Total splits: 31 Good splits: 28
Reward: 34048.4827875 Total splits: 33 Good splits: 33
Reward: 41054.3281223 Total splits: 36 Good splits: 36
Reward: 31901.87921 Total splits: 33 Good splits: 32
Reward: 30519.5211065 Total splits: 29 Good splits: 28
Reward: 35965.1202115 Total splits: 36 Good splits: 35
Reward: 28035.1138956 Total splits: 31 Good splits: 31
Reward: 27594.8458643 Total splits: 35 Good splits: 35
Reward: 29793.3423438 Total splits: 35 Good splits: 33
Reward: 36893.7116672 Total splits: 32 Good splits: 32
Reward: 29857.9763786 Total splits: 33 Good splits: 33
Reward: 39450.5745836 Total splits: 35 Good splits: 34
Reward: 25461.7922244 Total splits: 34 Good splits: 33
Reward: 40297.9345803 Total splits: 32 Good splits: 32
Reward: 23549.0547932 Total splits: 31 Good splits: 31
Reward: 34144.6795689 Total splits: 31 Good splits: 31
Reward: 25246.7502633 Total splits: 32 Good splits: 32
Reward: 32485.387112 Total splits: 32 Good splits: 31
Reward: 37677.2534758 Total splits: 38 Good splits: 37
Reward: 19971.6510592 Total splits: 35 Good splits: 35
Reward: 27748.4431605 Total splits: 32 Good splits: 31
Reward: 30048.9155826 Total splits: 31 Good splits: 30
Reward: 45847.8746989 Total splits: 33 Good splits: 33
Reward: 38886.6356466 Total splits: 36 Good splits: 36
Reward: 38445.2955864 Total splits: 35 Good splits: 35
Reward: 42430.0383836 Total splits: 33 Good splits: 33
Reward: 40817.0853032 Total splits: 33 Good splits: 33
Reward: 44630.261198 Total splits: 36 Good splits: 36
Reward: 32444.6801694 Total splits: 34 Good splits: 34
Reward: 44296.0511403 Total splits: 34 Good splits: 33
Reward: 30041.6012613 Total splits: 33 Good splits: 33
Reward: 35952.1792592 Total splits: 34 Good splits: 33
Reward: 43457.3033953 Total splits: 36 Good splits: 36
Reward: 37857.7480683 Total splits: 33 Good splits: 33
Reward: 9227.04476082 Total splits: 40 Good splits: 40
Reward: 33384.6219216 Total splits: 32 Good splits: 32
Reward: 43126.6318872 Total splits: 37 Good splits: 37
Reward: 30759.3652151 Total splits: 31 Good splits: 31
Reward: 35353.2757686 Total splits: 36 Good splits: 36
Reward: 28072.4277818 Total splits: 31 Good splits: 31
Reward: 27585.6615309 Total splits: 30 Good splits: 30
Reward: 22889.64226 Total splits: 31 Good splits: 31
Reward: 28389.6752546 Total splits: 33 Good splits: 32
Reward: 33107.1578929 Total splits: 35 Good splits: 35
Reward: 34909.7351258 Total splits: 37 Good splits: 35
Reward: 38388.9141527 Total splits: 33 Good splits: 33
Reward: 33052.5413843 Total splits: 34 Good splits: 33
Reward: 38715.3535977 Total splits: 35 Good splits: 35
Reward: 31952.1647165 Total splits: 34 Good splits: 34
Reward: 26634.3619246 Total splits: 34 Good splits: 34
Reward: 36406.7714203 Total splits: 38 Good splits: 38
Reward: 37071.1080842 Total splits: 35 Good splits: 34
Reward: 28581.0234034 Total splits: 36 Good splits: 34
Reward: 35088.894674 Total splits: 37 Good splits: 37
Reward: 23051.3057347 Total splits: 32 Good splits: 31
Reward: 34750.3000158 Total splits: 34 Good splits: 34
Reward: 33340.6525411 Total splits: 35 Good splits: 35
Reward: 27572.7410195 Total splits: 30 Good splits: 30
Reward: 39270.0838377 Total splits: 30 Good splits: 29
Reward: 24403.2140278 Total splits: 30 Good splits: 30
Reward: 23405.3693645 Total splits: 32 Good splits: 32
Reward: 36676.2554008 Total splits: 39 Good splits: 39
Reward: 28666.9654268 Total splits: 32 Good splits: 32
Reward: 31183.0446428 Total splits: 37 Good splits: 37
Reward: 39588.4092754 Total splits: 35 Good splits: 35
Reward: 35200.2713024 Total splits: 35 Good splits: 35
Reward: 18205.8721754 Total splits: 30 Good splits: 28
Reward: 24212.1224908 Total splits: 29 Good splits: 25
Reward: 29198.7052627 Total splits: 30 Good splits: 30
Reward: 14293.9958779 Total splits: 35 Good splits: 35
Reward: 37298.2876698 Total splits: 33 Good splits: 33
Reward: 31359.3318234 Total splits: 36 Good splits: 36
Reward: 31480.708592 Total splits: 32 Good splits: 32
Reward: 40819.8093364 Total splits: 35 Good splits: 35
Reward: 29780.5990835 Total splits: 35 Good splits: 35
Reward: 31838.4570616 Total splits: 32 Good splits: 32
Reward: 29321.9699339 Total splits: 34 Good splits: 34
Reward: 34484.2466042 Total splits: 33 Good splits: 33
Reward: 30364.3208591 Total splits: 33 Good splits: 32
Reward: 25096.7538316 Total splits: 35 Good splits: 35
Reward: 17342.9195432 Total splits: 34 Good splits: 34
Reward: 31092.6941309 Total splits: 35 Good splits: 35
Reward: 33228.0487035 Total splits: 30 Good splits: 28
Reward: 28761.242511 Total splits: 36 Good splits: 36
Reward: 37084.6814406 Total splits: 33 Good splits: 32
Reward: 35524.9355344 Total splits: 34 Good splits: 33
Reward: 22024.7179085 Total splits: 34 Good splits: 34
Reward: 28464.9202166 Total splits: 33 Good splits: 33
Reward: 28520.0736685 Total splits: 35 Good splits: 35
Reward: 32133.5061372 Total splits: 36 Good splits: 34
Reward: 24112.3086555 Total splits: 31 Good splits: 30
Reward: 37825.1620225 Total splits: 33 Good splits: 31
Reward: 35193.8712876 Total splits: 36 Good splits: 36
Reward: 39358.8076237 Total splits: 35 Good splits: 35
Reward: 27046.2175826 Total splits: 32 Good splits: 31
Reward: 31917.7057686 Total splits: 30 Good splits: 30
Reward: 36621.7291608 Total splits: 34 Good splits: 34
Reward: 42831.8391291 Total splits: 34 Good splits: 32
Reward: 21245.1717011 Total splits: 34 Good splits: 33
Reward: 40081.0266793 Total splits: 36 Good splits: 35
Reward: 32926.3344524 Total splits: 35 Good splits: 35
Reward: 31890.2685003 Total splits: 33 Good splits: 33
Reward: 31667.6407308 Total splits: 36 Good splits: 35
Reward: 29840.1942346 Total splits: 33 Good splits: 33
Reward: 41547.6475309 Total splits: 34 Good splits: 34
Reward: 31505.9518781 Total splits: 32 Good splits: 32
Reward: 26911.7264225 Total splits: 34 Good splits: 34
Reward: 41321.400244 Total splits: 36 Good splits: 36
Reward: 26501.0548891 Total splits: 31 Good splits: 31
Reward: 41062.0408562 Total splits: 34 Good splits: 33
Reward: 28127.3332185 Total splits: 33 Good splits: 32
Reward: 29357.9719013 Total splits: 30 Good splits: 30
Reward: 32405.039453 Total splits: 35 Good splits: 35
Reward: 31601.9202363 Total splits: 27 Good splits: 25
Reward: 32807.1528333 Total splits: 34 Good splits: 34
Reward: 22285.2672455 Total splits: 34 Good splits: 34
Reward: 26774.5949379 Total splits: 31 Good splits: 31
Reward: 29263.5979824 Total splits: 34 Good splits: 33

Results after 600 tests
Average total rewards : 32234.9951679
Average total splits  : 33.6183333333
Average good splits   : 33.1866666667
Average good splits % : 98.7159783848

Reward: 23904.2228789 Total splits: 30 Good splits: 28
Reward: 39834.725386 Total splits: 37 Good splits: 37
Reward: 20270.0293643 Total splits: 35 Good splits: 34
Reward: 34558.5393378 Total splits: 34 Good splits: 34
Reward: 42613.4179349 Total splits: 35 Good splits: 35
Reward: 18469.7616173 Total splits: 32 Good splits: 32
Reward: 36170.2530076 Total splits: 30 Good splits: 30
Reward: 44670.2661547 Total splits: 32 Good splits: 32
Reward: 36020.444105 Total splits: 34 Good splits: 34
Reward: 30037.6749111 Total splits: 32 Good splits: 30
Reward: 31558.4887633 Total splits: 34 Good splits: 33
Reward: 34924.6817296 Total splits: 32 Good splits: 31
Reward: 27360.0200882 Total splits: 32 Good splits: 32
Reward: 41998.7516115 Total splits: 36 Good splits: 36
Reward: 29517.1116036 Total splits: 28 Good splits: 27
Reward: 40858.186751 Total splits: 35 Good splits: 35
Reward: 41326.0878513 Total splits: 34 Good splits: 34
Reward: 15291.7382083 Total splits: 28 Good splits: 28
Reward: 26327.0088109 Total splits: 32 Good splits: 32
Reward: 28690.582388 Total splits: 35 Good splits: 35
Reward: 37413.1274649 Total splits: 35 Good splits: 35
Reward: 27780.870883 Total splits: 36 Good splits: 36
Reward: 42560.161007 Total splits: 35 Good splits: 35
Reward: 34404.5099023 Total splits: 32 Good splits: 31
Reward: 38317.8995087 Total splits: 34 Good splits: 34
Reward: 33352.1623035 Total splits: 35 Good splits: 35
Reward: 34790.757348 Total splits: 33 Good splits: 31
Reward: 29131.5326017 Total splits: 34 Good splits: 33
Reward: 36308.382629 Total splits: 31 Good splits: 31
Reward: 23253.265294 Total splits: 38 Good splits: 38
Reward: 25854.717713 Total splits: 33 Good splits: 33
Reward: 27874.1447925 Total splits: 32 Good splits: 31
Reward: 30181.487377 Total splits: 30 Good splits: 30
Reward: 28191.7776825 Total splits: 30 Good splits: 30
Reward: 30893.9825815 Total splits: 34 Good splits: 33
Reward: 28421.9577408 Total splits: 32 Good splits: 29
Reward: 28755.5978316 Total splits: 35 Good splits: 34
Reward: 36606.9814483 Total splits: 34 Good splits: 33
Reward: 40468.7130334 Total splits: 34 Good splits: 34
Reward: 29322.3069193 Total splits: 35 Good splits: 35
Reward: 27382.3679589 Total splits: 34 Good splits: 33
Reward: 37800.3660409 Total splits: 36 Good splits: 36
Reward: 33335.3641715 Total splits: 33 Good splits: 33
Reward: 43111.6527011 Total splits: 34 Good splits: 34
Reward: 39485.8085369 Total splits: 33 Good splits: 33
Reward: 40996.0069086 Total splits: 35 Good splits: 35
Reward: 29132.4934788 Total splits: 33 Good splits: 33
Reward: 27805.2101687 Total splits: 35 Good splits: 35
Reward: 37378.6961921 Total splits: 36 Good splits: 36
Reward: 41937.109234 Total splits: 32 Good splits: 32
Reward: 42494.0288399 Total splits: 35 Good splits: 35
Reward: 35741.6301749 Total splits: 34 Good splits: 34
Reward: 32890.4328795 Total splits: 33 Good splits: 33
Reward: 39291.3728788 Total splits: 35 Good splits: 34
Reward: 31217.7687475 Total splits: 31 Good splits: 30
Reward: 39601.7135366 Total splits: 32 Good splits: 32
Reward: 32807.5448311 Total splits: 35 Good splits: 35
Reward: 31083.2871491 Total splits: 35 Good splits: 35
Reward: 38962.2553397 Total splits: 35 Good splits: 35
Reward: 36576.478154 Total splits: 36 Good splits: 36
Reward: 33466.0394035 Total splits: 34 Good splits: 33
Reward: 31255.530427 Total splits: 33 Good splits: 32
Reward: 36102.0562232 Total splits: 31 Good splits: 31
Reward: 42332.4297674 Total splits: 32 Good splits: 32
Reward: 17345.5220265 Total splits: 33 Good splits: 32
Reward: 26118.8305387 Total splits: 30 Good splits: 30
Reward: 36815.5905774 Total splits: 37 Good splits: 36
Reward: 41803.4992289 Total splits: 36 Good splits: 36
Reward: 32615.4318422 Total splits: 32 Good splits: 32
Reward: 37602.1186963 Total splits: 33 Good splits: 33
Reward: 25321.6118764 Total splits: 36 Good splits: 36
Reward: 29426.1201663 Total splits: 31 Good splits: 31
Reward: 35388.131682 Total splits: 28 Good splits: 28
Reward: 38519.1327258 Total splits: 33 Good splits: 33
Reward: 35745.3493621 Total splits: 34 Good splits: 34
Reward: 20104.820587 Total splits: 31 Good splits: 31
Reward: 27861.6116022 Total splits: 32 Good splits: 32
Reward: 37367.4176015 Total splits: 36 Good splits: 36
Reward: 32597.932995 Total splits: 34 Good splits: 33
Reward: 22487.2766042 Total splits: 30 Good splits: 30
Reward: 26255.1960742 Total splits: 35 Good splits: 35
Reward: 32702.2994997 Total splits: 33 Good splits: 33
Reward: 42356.5449789 Total splits: 34 Good splits: 34
Reward: 24299.1140623 Total splits: 36 Good splits: 35
Reward: 25024.3793652 Total splits: 28 Good splits: 26
Reward: 31514.5731823 Total splits: 31 Good splits: 30
Reward: 19440.7318961 Total splits: 34 Good splits: 33
Reward: 31375.6080442 Total splits: 36 Good splits: 36
Reward: 34100.2626846 Total splits: 32 Good splits: 32
Reward: 30419.1762382 Total splits: 33 Good splits: 33
Reward: 44634.796323 Total splits: 35 Good splits: 35
Reward: 23255.8885898 Total splits: 34 Good splits: 34
Reward: 36595.5805229 Total splits: 32 Good splits: 31
Reward: 30978.6797429 Total splits: 31 Good splits: 30
Reward: 36239.462676 Total splits: 34 Good splits: 33
Reward: 23527.1116781 Total splits: 29 Good splits: 28
Reward: 25930.6505135 Total splits: 35 Good splits: 34
Reward: 40291.8836983 Total splits: 33 Good splits: 33
Reward: 36944.7016424 Total splits: 35 Good splits: 35
Reward: 29779.0439554 Total splits: 34 Good splits: 33

Results after 100 tests
Average total rewards : 32732.6005579
Average total splits  : 33.31
Average good splits   : 32.93
Average good splits % : 98.859201441

Reward: 41487.5126998 Total splits: 29 Good splits: 29
Reward: 20725.3513606 Total splits: 29 Good splits: 29
Reward: 35772.0596742 Total splits: 34 Good splits: 34
Reward: 25686.9072209 Total splits: 35 Good splits: 34
Reward: 40723.720789 Total splits: 33 Good splits: 33
Reward: 38908.2881052 Total splits: 30 Good splits: 30
Reward: 36351.2880455 Total splits: 33 Good splits: 33
Reward: 29186.7746366 Total splits: 29 Good splits: 29
Reward: 32860.7751163 Total splits: 31 Good splits: 31
Reward: 35557.3559034 Total splits: 34 Good splits: 34
Reward: 43590.475263 Total splits: 34 Good splits: 34
Reward: 36430.2933203 Total splits: 35 Good splits: 35
Reward: 24593.1953109 Total splits: 34 Good splits: 34
Reward: 32607.5153338 Total splits: 35 Good splits: 35
Reward: 36008.0883427 Total splits: 34 Good splits: 34
Reward: 22003.3892389 Total splits: 34 Good splits: 34
Reward: 35770.4206361 Total splits: 33 Good splits: 33
Reward: 28249.7529528 Total splits: 30 Good splits: 30
Reward: 11799.2781731 Total splits: 35 Good splits: 33
Reward: 27461.4227557 Total splits: 31 Good splits: 31
Reward: 8325.93638484 Total splits: 36 Good splits: 36
Reward: 28660.3882959 Total splits: 32 Good splits: 32
Reward: 40894.6397574 Total splits: 36 Good splits: 36
Reward: 28877.9697059 Total splits: 28 Good splits: 28
Reward: 39723.8347898 Total splits: 34 Good splits: 34
Reward: 31665.4521165 Total splits: 33 Good splits: 32
Reward: 34988.4770208 Total splits: 34 Good splits: 34
Reward: 39708.3302167 Total splits: 33 Good splits: 33
Reward: 27375.1452555 Total splits: 36 Good splits: 34
Reward: 31843.7721355 Total splits: 35 Good splits: 34
Reward: 17599.4719186 Total splits: 31 Good splits: 31
Reward: 35492.5978716 Total splits: 33 Good splits: 33
Reward: 38186.5162506 Total splits: 35 Good splits: 34
Reward: 40538.1107591 Total splits: 34 Good splits: 34
Reward: 47545.6501486 Total splits: 34 Good splits: 34
Reward: 31254.7655508 Total splits: 34 Good splits: 34
Reward: 25363.7761558 Total splits: 32 Good splits: 32
Reward: 34882.9413557 Total splits: 36 Good splits: 36
Reward: 25026.6116428 Total splits: 33 Good splits: 31
Reward: 28103.4703013 Total splits: 30 Good splits: 30
Reward: 27731.0078078 Total splits: 32 Good splits: 32
Reward: 34194.7224195 Total splits: 35 Good splits: 34
Reward: 27163.3645961 Total splits: 34 Good splits: 34
Reward: 33052.5372728 Total splits: 37 Good splits: 37
Reward: 34370.6229266 Total splits: 34 Good splits: 33
Reward: 42862.0081877 Total splits: 37 Good splits: 37
Reward: 42066.0718572 Total splits: 35 Good splits: 35
Reward: 39408.9858254 Total splits: 34 Good splits: 33
Reward: 28125.6806391 Total splits: 31 Good splits: 31
Reward: 30127.6807213 Total splits: 34 Good splits: 34
Reward: 41136.1418132 Total splits: 35 Good splits: 34
Reward: 11436.3518896 Total splits: 32 Good splits: 31
Reward: 35663.9047066 Total splits: 32 Good splits: 32
Reward: 36337.4921167 Total splits: 33 Good splits: 33
Reward: 24949.9442263 Total splits: 32 Good splits: 32
Reward: 45177.6804813 Total splits: 35 Good splits: 35
Reward: 31260.510633 Total splits: 29 Good splits: 29
Reward: 30000.6630535 Total splits: 35 Good splits: 34
Reward: 43315.1031337 Total splits: 32 Good splits: 31
Reward: 30328.3403669 Total splits: 32 Good splits: 32
Reward: 24297.6905591 Total splits: 33 Good splits: 33
Reward: 36807.6219598 Total splits: 34 Good splits: 34
Reward: 15517.0453216 Total splits: 34 Good splits: 34
Reward: 40734.0103592 Total splits: 30 Good splits: 29
Reward: 40904.138507 Total splits: 34 Good splits: 33
Reward: 8632.77644624 Total splits: 39 Good splits: 39
Reward: 32131.0678571 Total splits: 33 Good splits: 33
Reward: 42074.3894062 Total splits: 31 Good splits: 31
Reward: 25348.9520058 Total splits: 34 Good splits: 33
Reward: 36047.7686214 Total splits: 35 Good splits: 35
Reward: 32022.850206 Total splits: 31 Good splits: 31
Reward: 36082.0633463 Total splits: 36 Good splits: 36
Reward: 37987.9741736 Total splits: 32 Good splits: 32
Reward: 37962.3391036 Total splits: 34 Good splits: 34
Reward: 37532.2626043 Total splits: 32 Good splits: 32
Reward: 15290.9549197 Total splits: 34 Good splits: 34
Reward: 26227.7090468 Total splits: 33 Good splits: 33
Reward: 30565.5506471 Total splits: 33 Good splits: 33
Reward: 40945.6355228 Total splits: 34 Good splits: 34
Reward: 42105.8318518 Total splits: 34 Good splits: 34
Reward: 33080.1367617 Total splits: 32 Good splits: 31
Reward: 24202.060363 Total splits: 31 Good splits: 31
Reward: 37589.3687635 Total splits: 35 Good splits: 35
Reward: 32370.6895471 Total splits: 34 Good splits: 34
Reward: 27556.0909679 Total splits: 31 Good splits: 30
Reward: 36141.3238074 Total splits: 35 Good splits: 34
Reward: 30513.7220416 Total splits: 32 Good splits: 32
Reward: 34776.1327518 Total splits: 35 Good splits: 33
Reward: 27795.1435618 Total splits: 33 Good splits: 33
Reward: 36197.270598 Total splits: 34 Good splits: 34
Reward: 30818.0739091 Total splits: 34 Good splits: 34
Reward: 41423.6713485 Total splits: 34 Good splits: 33
Reward: 29162.7931995 Total splits: 34 Good splits: 34
Reward: 29865.2172089 Total splits: 34 Good splits: 34
Reward: 35605.0134729 Total splits: 36 Good splits: 36
Reward: 33683.6329852 Total splits: 36 Good splits: 35
Reward: 30899.9415736 Total splits: 32 Good splits: 32
Reward: 31290.1976864 Total splits: 31 Good splits: 31
Reward: 11467.6637713 Total splits: 32 Good splits: 32
Reward: 17610.1679569 Total splits: 28 Good splits: 24

Results after 100 tests
Average total rewards : 31918.0748193
Average total splits  : 33.24
Average good splits   : 32.93
Average good splits % : 99.0673886883

Reward: 25529.6986956 Total splits: 32 Good splits: 32
Reward: 24704.1184927 Total splits: 32 Good splits: 32
Reward: 35399.2963144 Total splits: 34 Good splits: 34
Reward: 23982.6238956 Total splits: 32 Good splits: 32
Reward: 31814.5638289 Total splits: 36 Good splits: 34
Reward: 28648.2244995 Total splits: 33 Good splits: 33
Reward: 32611.9080121 Total splits: 35 Good splits: 35
Reward: 11871.8573762 Total splits: 33 Good splits: 33
Reward: 35993.032878 Total splits: 32 Good splits: 32
Reward: 29404.9807751 Total splits: 33 Good splits: 32
Reward: 38052.9159331 Total splits: 35 Good splits: 35
Reward: 39155.7501915 Total splits: 36 Good splits: 35
Reward: 39887.7871293 Total splits: 37 Good splits: 36
Reward: 18491.2108565 Total splits: 34 Good splits: 34
Reward: 37602.2319184 Total splits: 34 Good splits: 34
Reward: 42421.5498988 Total splits: 37 Good splits: 37
Reward: 33902.4270672 Total splits: 32 Good splits: 32
Reward: 33465.216902 Total splits: 33 Good splits: 33
Reward: 28861.7595338 Total splits: 35 Good splits: 35
Reward: 27407.350861 Total splits: 27 Good splits: 27
Reward: 41066.2278238 Total splits: 31 Good splits: 31
Reward: 31778.8711325 Total splits: 32 Good splits: 32
Reward: 21657.4371679 Total splits: 30 Good splits: 30
Reward: 39109.628359 Total splits: 32 Good splits: 32
Reward: 12120.3619157 Total splits: 29 Good splits: 29
Reward: 21974.4469205 Total splits: 33 Good splits: 33
Reward: 37305.9717095 Total splits: 36 Good splits: 36
Reward: 42934.6823828 Total splits: 34 Good splits: 33
Reward: 38882.9309222 Total splits: 36 Good splits: 36
Reward: 37699.574296 Total splits: 30 Good splits: 30
Reward: 40716.0574077 Total splits: 36 Good splits: 35
Reward: 30795.6394459 Total splits: 31 Good splits: 31
Reward: 32149.1664067 Total splits: 31 Good splits: 31
Reward: 24669.341624 Total splits: 29 Good splits: 28
Reward: 32517.2347926 Total splits: 31 Good splits: 31
Reward: 33339.9862827 Total splits: 31 Good splits: 30
Reward: 30221.9514783 Total splits: 38 Good splits: 38
Reward: 10749.0230723 Total splits: 35 Good splits: 34
Reward: 22724.3317296 Total splits: 33 Good splits: 32
Reward: 31005.8616457 Total splits: 33 Good splits: 32
Reward: 19285.2281574 Total splits: 32 Good splits: 32
Reward: 32741.1392993 Total splits: 32 Good splits: 32
Reward: 30583.5408408 Total splits: 33 Good splits: 32
Reward: 34053.4428844 Total splits: 35 Good splits: 34
Reward: 39161.7030768 Total splits: 38 Good splits: 38
Reward: 36902.8669486 Total splits: 34 Good splits: 32
Reward: 25147.5042946 Total splits: 36 Good splits: 36
Reward: 26277.1973351 Total splits: 31 Good splits: 30
Reward: 38672.1010167 Total splits: 34 Good splits: 34
Reward: 38228.5563645 Total splits: 35 Good splits: 35
Reward: 26352.0583332 Total splits: 33 Good splits: 33
Reward: 31891.2846737 Total splits: 36 Good splits: 36
Reward: 30494.8322745 Total splits: 31 Good splits: 30
Reward: 35276.3371284 Total splits: 32 Good splits: 31
Reward: 35520.4140428 Total splits: 31 Good splits: 31
Reward: 37816.4094858 Total splits: 31 Good splits: 31
Reward: 42168.5779318 Total splits: 38 Good splits: 38
Reward: 31045.0809447 Total splits: 30 Good splits: 29
Reward: 32243.9491972 Total splits: 32 Good splits: 32
Reward: 30507.1106001 Total splits: 31 Good splits: 30
Reward: 24644.9040684 Total splits: 31 Good splits: 30
Reward: 38966.6414584 Total splits: 34 Good splits: 33
Reward: 33753.5425889 Total splits: 35 Good splits: 35
Reward: 34606.9276726 Total splits: 32 Good splits: 32
Reward: 24802.9655659 Total splits: 32 Good splits: 32
Reward: 21913.9732032 Total splits: 33 Good splits: 32
Reward: 30858.8621229 Total splits: 32 Good splits: 32
Reward: 32804.9102215 Total splits: 34 Good splits: 32
Reward: 31876.9730929 Total splits: 34 Good splits: 33
Reward: 27760.627345 Total splits: 33 Good splits: 32
Reward: 34691.6625971 Total splits: 34 Good splits: 34
Reward: 19099.959406 Total splits: 32 Good splits: 32
Reward: 35835.3780247 Total splits: 39 Good splits: 39
Reward: 39335.7246034 Total splits: 33 Good splits: 33
Reward: 22532.6487582 Total splits: 30 Good splits: 29
Reward: 37454.0694368 Total splits: 33 Good splits: 32
Reward: 31556.405228 Total splits: 32 Good splits: 32
Reward: 34547.1832799 Total splits: 35 Good splits: 35
Reward: 38010.3961737 Total splits: 33 Good splits: 32
Reward: 44400.1888187 Total splits: 34 Good splits: 34
Reward: 28763.3757292 Total splits: 34 Good splits: 34
Reward: 33993.7762786 Total splits: 32 Good splits: 32
Reward: 38287.7376296 Total splits: 34 Good splits: 33
Reward: 27114.3093134 Total splits: 31 Good splits: 31
Reward: 28801.7622125 Total splits: 32 Good splits: 32
Reward: 22419.4679119 Total splits: 38 Good splits: 37
Reward: 40926.899997 Total splits: 36 Good splits: 35
Reward: 29198.3087878 Total splits: 35 Good splits: 35
Reward: 19277.4475041 Total splits: 35 Good splits: 34
Reward: 34906.0763011 Total splits: 36 Good splits: 36
Reward: 36251.0559054 Total splits: 30 Good splits: 29
Reward: 32971.6854348 Total splits: 33 Good splits: 33
Reward: 42209.2652608 Total splits: 35 Good splits: 35
Reward: 29325.3850695 Total splits: 32 Good splits: 31
Reward: 22053.7811729 Total splits: 33 Good splits: 32
Reward: 31368.0751135 Total splits: 33 Good splits: 33
Reward: 25971.4343028 Total splits: 37 Good splits: 37
Reward: 30133.7541222 Total splits: 36 Good splits: 36
Reward: 30790.8123575 Total splits: 32 Good splits: 30
Reward: 42561.6298604 Total splits: 39 Good splits: 39
Reward: 37357.5603346 Total splits: 33 Good splits: 33
Reward: 18718.4086852 Total splits: 31 Good splits: 30
Reward: 38034.8427925 Total splits: 35 Good splits: 34
Reward: 34783.9850956 Total splits: 31 Good splits: 30
Reward: 34992.8047472 Total splits: 35 Good splits: 35
Reward: 31983.3710186 Total splits: 31 Good splits: 31
Reward: 40233.6733942 Total splits: 36 Good splits: 36
Reward: 30554.1632276 Total splits: 32 Good splits: 32
Reward: 34145.0132401 Total splits: 35 Good splits: 35
Reward: 42938.6431567 Total splits: 35 Good splits: 35
Reward: 36599.779506 Total splits: 32 Good splits: 31
Reward: 35457.9071514 Total splits: 35 Good splits: 35
Reward: 42097.0528277 Total splits: 33 Good splits: 33
Reward: 24933.4444964 Total splits: 35 Good splits: 35
Reward: 32232.3804574 Total splits: 35 Good splits: 34
Reward: 42734.3327644 Total splits: 35 Good splits: 35
Reward: 28686.9149713 Total splits: 34 Good splits: 33
Reward: 36198.9218074 Total splits: 35 Good splits: 34
Reward: 27178.349793 Total splits: 35 Good splits: 35
Reward: 34832.1664099 Total splits: 32 Good splits: 31
Reward: 36423.4152994 Total splits: 36 Good splits: 35
Reward: 28872.1275734 Total splits: 32 Good splits: 31
Reward: 42643.1728 Total splits: 36 Good splits: 36
Reward: 41866.4852725 Total splits: 35 Good splits: 35
Reward: 42316.4502377 Total splits: 33 Good splits: 33
Reward: 32480.183636 Total splits: 30 Good splits: 29
Reward: 28171.5607394 Total splits: 35 Good splits: 35
Reward: 35804.1306454 Total splits: 33 Good splits: 33
Reward: 37542.823908 Total splits: 36 Good splits: 36
Reward: 34732.9644158 Total splits: 33 Good splits: 33
Reward: 27164.5386943 Total splits: 31 Good splits: 30
Reward: 30480.9890886 Total splits: 32 Good splits: 32
Reward: 25460.9316707 Total splits: 30 Good splits: 29
Reward: 35619.7890389 Total splits: 34 Good splits: 33
Reward: 32968.4506755 Total splits: 33 Good splits: 32
Reward: 27456.2362215 Total splits: 34 Good splits: 32
Reward: 37428.048727 Total splits: 35 Good splits: 35
Reward: 32778.274396 Total splits: 35 Good splits: 35
Reward: 37747.9175892 Total splits: 37 Good splits: 36
Reward: 31714.7576252 Total splits: 31 Good splits: 31
Reward: 41894.1974278 Total splits: 34 Good splits: 34
Reward: 28296.2640925 Total splits: 33 Good splits: 32
Reward: 42743.5649997 Total splits: 34 Good splits: 34
Reward: 20788.7256099 Total splits: 31 Good splits: 31
Reward: 27624.0426245 Total splits: 34 Good splits: 33
Reward: 26477.0263115 Total splits: 35 Good splits: 35
Reward: 38033.2037335 Total splits: 33 Good splits: 32
Reward: 37344.4668288 Total splits: 34 Good splits: 34
Reward: 31094.0110092 Total splits: 32 Good splits: 32
Reward: 42059.6564158 Total splits: 37 Good splits: 36
Reward: 34544.1330849 Total splits: 36 Good splits: 36
Reward: 25867.0406834 Total splits: 31 Good splits: 31
Reward: 31798.3180041 Total splits: 32 Good splits: 32
Reward: 45324.299471 Total splits: 33 Good splits: 32
Reward: 35372.5940898 Total splits: 30 Good splits: 30
Reward: 39387.7019378 Total splits: 34 Good splits: 33
Reward: 31349.8940363 Total splits: 31 Good splits: 31
Reward: 26283.4178921 Total splits: 34 Good splits: 34
Reward: 43631.5654035 Total splits: 33 Good splits: 33
Reward: 40705.0263386 Total splits: 34 Good splits: 33
Reward: 38818.1992865 Total splits: 34 Good splits: 33
Reward: 39780.9947803 Total splits: 35 Good splits: 35
Reward: 37492.7866674 Total splits: 34 Good splits: 33
Reward: 20137.6612462 Total splits: 31 Good splits: 30
Reward: 28062.5739613 Total splits: 32 Good splits: 31
Reward: 29729.2069709 Total splits: 33 Good splits: 33
Reward: 36421.3793818 Total splits: 32 Good splits: 31
Reward: 40696.4040281 Total splits: 34 Good splits: 34
Reward: 27706.0544794 Total splits: 36 Good splits: 36
Reward: 40388.0339559 Total splits: 36 Good splits: 36
Reward: 42583.822723 Total splits: 35 Good splits: 34
Reward: 32195.385206 Total splits: 33 Good splits: 32
Reward: 21423.0442395 Total splits: 32 Good splits: 30
Reward: 23669.2840856 Total splits: 34 Good splits: 33
Reward: 26938.8091888 Total splits: 35 Good splits: 34
Reward: 32180.841243 Total splits: 35 Good splits: 34
Reward: 38257.3366461 Total splits: 33 Good splits: 33
Reward: 39523.2222305 Total splits: 36 Good splits: 34
Reward: 33018.8440329 Total splits: 34 Good splits: 33
Reward: 35970.3076438 Total splits: 36 Good splits: 36
Reward: 34332.7320767 Total splits: 34 Good splits: 34
Reward: 37277.8645872 Total splits: 35 Good splits: 35
Reward: 32419.526023 Total splits: 37 Good splits: 37
Reward: 37688.6579041 Total splits: 36 Good splits: 35
Reward: 35933.9014168 Total splits: 32 Good splits: 31
Reward: 36461.0450205 Total splits: 33 Good splits: 32
Reward: 28408.7275894 Total splits: 30 Good splits: 30
Reward: 38863.218009 Total splits: 36 Good splits: 34
Reward: 22292.0638144 Total splits: 31 Good splits: 29
Reward: 27793.5306847 Total splits: 35 Good splits: 35
Reward: 34241.6934135 Total splits: 33 Good splits: 33
Reward: 40539.6972841 Total splits: 32 Good splits: 29
Reward: 38045.1229925 Total splits: 34 Good splits: 34
Reward: 23505.6021061 Total splits: 33 Good splits: 32
Reward: 23047.600454 Total splits: 35 Good splits: 35
Reward: 25116.8008548 Total splits: 31 Good splits: 29
Reward: 28810.4157824 Total splits: 33 Good splits: 33
Reward: 42764.201232 Total splits: 35 Good splits: 34
Reward: 29861.8386884 Total splits: 31 Good splits: 31
Reward: 43000.877628 Total splits: 37 Good splits: 37

Results after 200 tests
Average total rewards : 32670.8098701
Average total splits  : 33.5
Average good splits   : 33.03
Average good splits % : 98.5970149254

