Reward: 24250.8397604 Total splits: 32 Good splits: 31
Reward: 39124.9207726 Total splits: 31 Good splits: 29
Reward: 35284.2723789 Total splits: 30 Good splits: 30
Reward: 41272.6783176 Total splits: 31 Good splits: 31
Reward: 32460.6504566 Total splits: 28 Good splits: 28
Reward: 18260.0709395 Total splits: 30 Good splits: 30
Reward: 29469.8039394 Total splits: 31 Good splits: 31
Reward: 25763.4633846 Total splits: 31 Good splits: 30
Reward: 35460.1433512 Total splits: 31 Good splits: 31
Reward: 22213.7094696 Total splits: 26 Good splits: 24
Reward: 8442.07497137 Total splits: 32 Good splits: 31
Reward: 27530.6502854 Total splits: 28 Good splits: 28
Reward: 25043.1023477 Total splits: 26 Good splits: 25
Reward: 30400.3776759 Total splits: 34 Good splits: 34
Reward: 37066.5789274 Total splits: 27 Good splits: 26
Reward: 24215.432889 Total splits: 29 Good splits: 28
Reward: 34068.7329859 Total splits: 29 Good splits: 28
Reward: 30911.5382843 Total splits: 30 Good splits: 30
Reward: 36788.177057 Total splits: 30 Good splits: 30
Reward: 33735.8576845 Total splits: 32 Good splits: 32
Reward: 41230.584184 Total splits: 32 Good splits: 32
Reward: 40677.9482925 Total splits: 29 Good splits: 29
Reward: 41201.6286518 Total splits: 32 Good splits: 32
Reward: 35324.5617093 Total splits: 31 Good splits: 31
Reward: 28867.1817055 Total splits: 32 Good splits: 30
Reward: 35856.9473092 Total splits: 29 Good splits: 29
Reward: 27945.4828517 Total splits: 30 Good splits: 29
Reward: 37183.1699975 Total splits: 28 Good splits: 28
Reward: 38768.4547627 Total splits: 32 Good splits: 32
Reward: 37464.8873356 Total splits: 27 Good splits: 26
Reward: 28176.900398 Total splits: 30 Good splits: 30
Reward: 36006.9949403 Total splits: 30 Good splits: 30
Reward: 32770.9554895 Total splits: 29 Good splits: 29
Reward: 42358.4176115 Total splits: 31 Good splits: 30
Reward: 39115.7151963 Total splits: 29 Good splits: 29
Reward: 30086.5620714 Total splits: 28 Good splits: 28
Reward: 34285.4331496 Total splits: 29 Good splits: 28
Reward: 26810.6108875 Total splits: 25 Good splits: 25
Reward: 34230.6023324 Total splits: 28 Good splits: 28
Reward: 33263.570955 Total splits: 28 Good splits: 28
Reward: 37965.3559956 Total splits: 34 Good splits: 34
Reward: 31027.2999386 Total splits: 26 Good splits: 25
Reward: 35255.9201174 Total splits: 26 Good splits: 25
Reward: 41456.6777837 Total splits: 29 Good splits: 28
Reward: 33828.7138488 Total splits: 33 Good splits: 33
Reward: 28911.8987236 Total splits: 26 Good splits: 26
Reward: 29740.7091477 Total splits: 29 Good splits: 27
Reward: 40240.2526256 Total splits: 31 Good splits: 31
Reward: 34547.6332148 Total splits: 29 Good splits: 28
Reward: 26310.0400683 Total splits: 28 Good splits: 28
Reward: 33746.0682011 Total splits: 31 Good splits: 30
Reward: 23420.9362549 Total splits: 29 Good splits: 29
Reward: 33447.5443634 Total splits: 28 Good splits: 28
Reward: 24366.0932747 Total splits: 28 Good splits: 28
Reward: 28519.8487671 Total splits: 25 Good splits: 24
Reward: 34620.7035339 Total splits: 28 Good splits: 28
Reward: 30523.9445264 Total splits: 29 Good splits: 29
Reward: 36083.5496194 Total splits: 34 Good splits: 34
Reward: 27448.9730977 Total splits: 28 Good splits: 28
Reward: 32806.4560305 Total splits: 27 Good splits: 27
Reward: 36909.7843238 Total splits: 31 Good splits: 31
Reward: 15946.3197632 Total splits: 30 Good splits: 30
Reward: 12410.7257354 Total splits: 31 Good splits: 29
Reward: 28780.1488077 Total splits: 29 Good splits: 29
Reward: 31232.6602672 Total splits: 34 Good splits: 34
Reward: 18157.9503667 Total splits: 30 Good splits: 30
Reward: 37933.1713464 Total splits: 32 Good splits: 32
Reward: 33094.7182153 Total splits: 30 Good splits: 29
Reward: 29821.466511 Total splits: 27 Good splits: 26
Reward: 23502.99265 Total splits: 30 Good splits: 29
Reward: 40286.5079857 Total splits: 28 Good splits: 28
Reward: 32746.7204848 Total splits: 29 Good splits: 29
Reward: 28119.5344005 Total splits: 27 Good splits: 26
Reward: 39464.7267815 Total splits: 29 Good splits: 28
Reward: 27830.1887647 Total splits: 28 Good splits: 28
Reward: 39861.043332 Total splits: 30 Good splits: 30
Reward: 28426.5214113 Total splits: 32 Good splits: 32
Reward: 29614.28846 Total splits: 31 Good splits: 31
Reward: 25562.0829918 Total splits: 29 Good splits: 28
Reward: 26308.8508787 Total splits: 30 Good splits: 30
Reward: 31587.659028 Total splits: 29 Good splits: 29
Reward: 38377.1097278 Total splits: 31 Good splits: 31
Reward: 30074.176088 Total splits: 28 Good splits: 28
Reward: 29170.7507476 Total splits: 28 Good splits: 27
Reward: 38476.5613239 Total splits: 29 Good splits: 29
Reward: 7551.82774637 Total splits: 32 Good splits: 32
Reward: 30737.5884718 Total splits: 34 Good splits: 33
Reward: 25670.3271411 Total splits: 29 Good splits: 29
Reward: 36723.173459 Total splits: 30 Good splits: 30
Reward: 26524.5559743 Total splits: 33 Good splits: 33
Reward: 29885.8174691 Total splits: 29 Good splits: 29
Reward: 42840.8693088 Total splits: 29 Good splits: 28
Reward: 41508.8827388 Total splits: 32 Good splits: 32
Reward: 22079.4974966 Total splits: 28 Good splits: 28
Reward: 35284.7287012 Total splits: 32 Good splits: 32
Reward: 34507.5854268 Total splits: 26 Good splits: 26
Reward: 37184.1135454 Total splits: 30 Good splits: 30
Reward: 37394.2645678 Total splits: 30 Good splits: 30
Reward: 23963.9992865 Total splits: 29 Good splits: 29
Reward: 34398.5100031 Total splits: 27 Good splits: 27
Reward: 18507.3875284 Total splits: 26 Good splits: 25
Reward: 18636.8081804 Total splits: 29 Good splits: 29
Reward: 26765.0038547 Total splits: 29 Good splits: 29
Reward: 29025.663581 Total splits: 31 Good splits: 31
Reward: 31678.3627193 Total splits: 26 Good splits: 25
Reward: 8548.35563119 Total splits: 32 Good splits: 32
Reward: 31709.1608636 Total splits: 31 Good splits: 31
Reward: 34083.6177123 Total splits: 24 Good splits: 22
Reward: 31200.8073826 Total splits: 30 Good splits: 30
Reward: 26935.8145364 Total splits: 28 Good splits: 28
Reward: 36593.6287943 Total splits: 29 Good splits: 29
Reward: 41836.0870129 Total splits: 30 Good splits: 30
Reward: 11174.5569014 Total splits: 29 Good splits: 28
Reward: 25423.2986616 Total splits: 29 Good splits: 29
Reward: 34902.6215256 Total splits: 29 Good splits: 28
Reward: 34877.1200965 Total splits: 27 Good splits: 25
Reward: 38277.245293 Total splits: 33 Good splits: 33
Reward: 16645.2133813 Total splits: 30 Good splits: 30
Reward: 37600.8876593 Total splits: 32 Good splits: 30
Reward: 26963.8636163 Total splits: 28 Good splits: 28
Reward: 31601.7694526 Total splits: 28 Good splits: 28
Reward: 38000.874982 Total splits: 31 Good splits: 31
Reward: 32181.3140282 Total splits: 29 Good splits: 29
Reward: 32307.967015 Total splits: 30 Good splits: 30
Reward: 37408.5606582 Total splits: 31 Good splits: 30
Reward: 28645.5650985 Total splits: 30 Good splits: 30
Reward: 38167.7038029 Total splits: 29 Good splits: 29
Reward: 20571.9941107 Total splits: 32 Good splits: 32
Reward: 34219.4159863 Total splits: 28 Good splits: 28
Reward: 38469.887271 Total splits: 30 Good splits: 30
Reward: 38489.7890608 Total splits: 32 Good splits: 32
Reward: 32353.4158261 Total splits: 28 Good splits: 27
Reward: 15049.4384522 Total splits: 27 Good splits: 26
Reward: 23442.5635941 Total splits: 26 Good splits: 26
Reward: 44242.5139496 Total splits: 31 Good splits: 31
Reward: 41599.9443449 Total splits: 33 Good splits: 32
Reward: 19987.1311669 Total splits: 29 Good splits: 29
Reward: 23240.3432905 Total splits: 29 Good splits: 29
Reward: 32614.2896063 Total splits: 30 Good splits: 30
Reward: 30914.8089185 Total splits: 30 Good splits: 29
Reward: 26168.7210653 Total splits: 31 Good splits: 31
Reward: 36908.0147966 Total splits: 26 Good splits: 26
Reward: 41607.4611798 Total splits: 30 Good splits: 30
Reward: 34701.4600218 Total splits: 30 Good splits: 29
Reward: 25197.6865229 Total splits: 29 Good splits: 28
Reward: 31916.9719286 Total splits: 29 Good splits: 29
Reward: 36646.8307677 Total splits: 32 Good splits: 31
Reward: 42523.0700929 Total splits: 31 Good splits: 30
Reward: 25847.9232246 Total splits: 25 Good splits: 25
Reward: 29695.1235467 Total splits: 28 Good splits: 27
Reward: 24723.1581717 Total splits: 30 Good splits: 28
Reward: 39192.2311019 Total splits: 28 Good splits: 27
Reward: 32387.8678815 Total splits: 29 Good splits: 29
Reward: 35921.7529339 Total splits: 27 Good splits: 27
Reward: 34559.6792453 Total splits: 29 Good splits: 29
Reward: 21669.4713711 Total splits: 28 Good splits: 28
Reward: 33440.6297535 Total splits: 32 Good splits: 32
Reward: 27775.1562442 Total splits: 33 Good splits: 32
Reward: 29160.9354117 Total splits: 28 Good splits: 28
Reward: 35105.5262982 Total splits: 29 Good splits: 28
Reward: 38257.1180874 Total splits: 31 Good splits: 30
Reward: 36826.1545455 Total splits: 31 Good splits: 31
Reward: 36464.2993126 Total splits: 32 Good splits: 32
Reward: 24371.6293471 Total splits: 30 Good splits: 29
Reward: 35966.74605 Total splits: 28 Good splits: 28
Reward: 41134.7340482 Total splits: 28 Good splits: 27
Reward: 37788.7718988 Total splits: 29 Good splits: 29
Reward: 38875.7438115 Total splits: 31 Good splits: 30
Reward: 29897.7060438 Total splits: 30 Good splits: 30
Reward: 24387.7071452 Total splits: 28 Good splits: 28
Reward: 29986.6315695 Total splits: 33 Good splits: 33
Reward: 41630.5493383 Total splits: 32 Good splits: 32
Reward: 39184.3604594 Total splits: 29 Good splits: 29
Reward: 34413.3922425 Total splits: 31 Good splits: 31
Reward: 7683.89575787 Total splits: 31 Good splits: 31
Reward: 20622.034113 Total splits: 30 Good splits: 30
Reward: 33577.8225559 Total splits: 31 Good splits: 31
Reward: 35583.5849928 Total splits: 29 Good splits: 29
Reward: 19769.4236349 Total splits: 29 Good splits: 29
Reward: 30372.5059401 Total splits: 27 Good splits: 27
Reward: 18270.4277632 Total splits: 27 Good splits: 27
Reward: 21694.7773888 Total splits: 32 Good splits: 32
Reward: 34484.6087764 Total splits: 32 Good splits: 31
Reward: 34237.1973901 Total splits: 27 Good splits: 27
Reward: 18117.7727563 Total splits: 30 Good splits: 30
Reward: 41978.4093161 Total splits: 34 Good splits: 33
Reward: 45264.8669961 Total splits: 28 Good splits: 28
Reward: 36554.5483006 Total splits: 29 Good splits: 29
Reward: 27434.8299924 Total splits: 31 Good splits: 28
Reward: 40219.0352501 Total splits: 30 Good splits: 30
Reward: 25174.5137262 Total splits: 23 Good splits: 22
Reward: 35767.3909189 Total splits: 31 Good splits: 31
Reward: 21747.9390595 Total splits: 27 Good splits: 26
Reward: 40596.3862154 Total splits: 29 Good splits: 29
Reward: 43311.2997419 Total splits: 31 Good splits: 31
Reward: 13302.6504043 Total splits: 27 Good splits: 27
Reward: 25455.4696643 Total splits: 24 Good splits: 23
Reward: 36546.5036703 Total splits: 28 Good splits: 27
Reward: 28376.1609546 Total splits: 30 Good splits: 30
Reward: 36429.7419584 Total splits: 30 Good splits: 30
Reward: 26322.1950303 Total splits: 29 Good splits: 29
Reward: 37332.7577905 Total splits: 31 Good splits: 31
Reward: 13674.4992358 Total splits: 27 Good splits: 27
Reward: 25872.7425737 Total splits: 29 Good splits: 29
Reward: 25025.5765834 Total splits: 27 Good splits: 27
Reward: 36246.6297764 Total splits: 31 Good splits: 31
Reward: 18017.3470815 Total splits: 30 Good splits: 29
Reward: 30763.8411469 Total splits: 26 Good splits: 25
Reward: 27340.0008074 Total splits: 28 Good splits: 28
Reward: 37323.9669629 Total splits: 30 Good splits: 29
Reward: 38272.4984216 Total splits: 30 Good splits: 28
Reward: 43840.3934261 Total splits: 32 Good splits: 32
Reward: 39121.6404616 Total splits: 31 Good splits: 30
Reward: 27377.1570843 Total splits: 29 Good splits: 28
Reward: 26607.3767183 Total splits: 32 Good splits: 32
Reward: 43129.50893 Total splits: 31 Good splits: 31
Reward: 28402.5474923 Total splits: 29 Good splits: 29
Reward: 37170.4914798 Total splits: 28 Good splits: 28
Reward: 34195.9756607 Total splits: 27 Good splits: 27
Reward: 21050.5296077 Total splits: 30 Good splits: 30
Reward: 29022.3018264 Total splits: 28 Good splits: 28
Reward: 28367.0372926 Total splits: 33 Good splits: 33
Reward: 32606.6147558 Total splits: 28 Good splits: 28
Reward: 23412.4253748 Total splits: 29 Good splits: 29
Reward: 32802.8088498 Total splits: 30 Good splits: 30
Reward: 26794.9357149 Total splits: 34 Good splits: 34
Reward: 32457.0220149 Total splits: 32 Good splits: 32
Reward: 33668.0391677 Total splits: 28 Good splits: 28
Reward: 38899.4186522 Total splits: 28 Good splits: 28
Reward: 26176.6791413 Total splits: 29 Good splits: 29
Reward: 32255.1622516 Total splits: 26 Good splits: 26
Reward: 29595.8692194 Total splits: 32 Good splits: 31
Reward: 37927.9423716 Total splits: 28 Good splits: 28
Reward: 36991.8163043 Total splits: 27 Good splits: 26
Reward: 23268.9689594 Total splits: 29 Good splits: 29
Reward: 9338.02325167 Total splits: 32 Good splits: 31
Reward: 35827.9226756 Total splits: 30 Good splits: 30
Reward: 18968.8062861 Total splits: 25 Good splits: 25
Reward: 34605.6388106 Total splits: 29 Good splits: 29
Reward: 35756.8599795 Total splits: 28 Good splits: 28
Reward: 13921.4202018 Total splits: 31 Good splits: 31
Reward: 34765.3421426 Total splits: 31 Good splits: 31
Reward: 32100.9757348 Total splits: 29 Good splits: 29
Reward: 34205.4980124 Total splits: 31 Good splits: 31
Reward: 19014.0253425 Total splits: 30 Good splits: 30
Reward: 8972.75585811 Total splits: 28 Good splits: 27
Reward: 19065.5471464 Total splits: 31 Good splits: 30
Reward: 28933.8979524 Total splits: 32 Good splits: 32
Reward: 31631.9871695 Total splits: 32 Good splits: 32
Reward: 40615.2537226 Total splits: 26 Good splits: 26
Reward: 29563.321739 Total splits: 28 Good splits: 27
Reward: 20516.033642 Total splits: 34 Good splits: 34
Reward: 42094.2473914 Total splits: 30 Good splits: 30
Reward: 36932.6216504 Total splits: 32 Good splits: 32
Reward: 22434.358658 Total splits: 35 Good splits: 35
Reward: 36125.4009761 Total splits: 29 Good splits: 29
Reward: 37669.4497968 Total splits: 28 Good splits: 27
Reward: 21064.5292767 Total splits: 30 Good splits: 30
Reward: 25615.3279249 Total splits: 28 Good splits: 27
Reward: 29580.3840823 Total splits: 32 Good splits: 32
Reward: 32874.977563 Total splits: 29 Good splits: 28
Reward: 28032.8775403 Total splits: 30 Good splits: 30
Reward: 19258.3083489 Total splits: 31 Good splits: 30
Reward: 41471.3830047 Total splits: 31 Good splits: 31
Reward: 29167.6225861 Total splits: 31 Good splits: 31
Reward: 14332.1853268 Total splits: 28 Good splits: 27
Reward: 32829.6626004 Total splits: 30 Good splits: 29
Reward: 16660.734923 Total splits: 29 Good splits: 27
Reward: 33983.4358424 Total splits: 27 Good splits: 26
Reward: 28666.2236945 Total splits: 30 Good splits: 30
Reward: 33824.6620058 Total splits: 30 Good splits: 30
Reward: 33237.1419118 Total splits: 29 Good splits: 28
Reward: 34508.9586268 Total splits: 29 Good splits: 29
Reward: 38412.8403094 Total splits: 31 Good splits: 31
Reward: 16905.0980415 Total splits: 25 Good splits: 25
Reward: 31803.2102121 Total splits: 29 Good splits: 29
Reward: 29986.2871956 Total splits: 24 Good splits: 24
Reward: 34489.4488518 Total splits: 32 Good splits: 32
Reward: 36892.5495299 Total splits: 30 Good splits: 28
Reward: 33791.0364754 Total splits: 31 Good splits: 31
Reward: 34148.4417437 Total splits: 28 Good splits: 28
Reward: 29694.029203 Total splits: 30 Good splits: 29
Reward: 27257.4131034 Total splits: 28 Good splits: 28
Reward: 39879.6120492 Total splits: 33 Good splits: 33
Reward: 35789.8892889 Total splits: 30 Good splits: 29
Reward: 35531.3392574 Total splits: 29 Good splits: 28
Reward: 33770.7617191 Total splits: 30 Good splits: 30
Reward: 34408.3872933 Total splits: 30 Good splits: 30
Reward: 25380.3960275 Total splits: 29 Good splits: 29
Reward: 32216.072986 Total splits: 29 Good splits: 29
Reward: 33172.5135473 Total splits: 29 Good splits: 29
Reward: 24109.8966965 Total splits: 32 Good splits: 32
Reward: 20945.9361546 Total splits: 25 Good splits: 25
Reward: 39523.0719314 Total splits: 28 Good splits: 28
Reward: 42449.4100766 Total splits: 32 Good splits: 32
Reward: 37198.6611293 Total splits: 33 Good splits: 33
Reward: 33095.1439738 Total splits: 29 Good splits: 29
Reward: 24044.0057097 Total splits: 30 Good splits: 30
Reward: 25729.1727282 Total splits: 28 Good splits: 28
Reward: 36513.9184705 Total splits: 29 Good splits: 28
Reward: 32666.2614602 Total splits: 29 Good splits: 28
Reward: 30265.2540274 Total splits: 23 Good splits: 23
Reward: 39094.1670961 Total splits: 26 Good splits: 25
Reward: 38091.116032 Total splits: 31 Good splits: 30
Reward: 29815.6769494 Total splits: 29 Good splits: 28
Reward: 34424.5909207 Total splits: 30 Good splits: 29
Reward: 10430.3139455 Total splits: 29 Good splits: 28
Reward: 29268.1188341 Total splits: 27 Good splits: 27
Reward: 20188.6402881 Total splits: 26 Good splits: 25
Reward: 24749.989576 Total splits: 30 Good splits: 30
Reward: 36658.7638798 Total splits: 32 Good splits: 32
Reward: 39369.2020125 Total splits: 27 Good splits: 27
Reward: 35151.1600341 Total splits: 27 Good splits: 27
Reward: 39521.8071128 Total splits: 29 Good splits: 29
Reward: 40477.7999246 Total splits: 29 Good splits: 29
Reward: 40570.1696675 Total splits: 33 Good splits: 33
Reward: 37880.9283518 Total splits: 29 Good splits: 29
Reward: 29938.6968035 Total splits: 28 Good splits: 28
Reward: 34657.2181636 Total splits: 29 Good splits: 29
Reward: 36580.4342311 Total splits: 30 Good splits: 30
Reward: 35984.3153192 Total splits: 28 Good splits: 28
Reward: 27923.5495441 Total splits: 31 Good splits: 31
Reward: 36100.7137275 Total splits: 26 Good splits: 26
Reward: 34759.9244928 Total splits: 25 Good splits: 25
Reward: 38094.7725613 Total splits: 30 Good splits: 30
Reward: 8571.00680029 Total splits: 29 Good splits: 29
Reward: 8903.14308836 Total splits: 30 Good splits: 30
Reward: 32308.0552972 Total splits: 28 Good splits: 27
Reward: 30491.6493322 Total splits: 31 Good splits: 31
Reward: 10957.5714676 Total splits: 33 Good splits: 32
Reward: 32739.4741054 Total splits: 30 Good splits: 29
Reward: 31495.3304357 Total splits: 29 Good splits: 28
Reward: 32260.2403246 Total splits: 29 Good splits: 29
Reward: 13746.7203307 Total splits: 31 Good splits: 31
Reward: 24978.754533 Total splits: 31 Good splits: 31
Reward: 29893.3932584 Total splits: 30 Good splits: 30
Reward: 37753.5103501 Total splits: 32 Good splits: 32
Reward: 32179.9867725 Total splits: 31 Good splits: 31
Reward: 28399.8588395 Total splits: 31 Good splits: 31
Reward: 21810.165305 Total splits: 30 Good splits: 30
Reward: 41927.8159164 Total splits: 31 Good splits: 31
Reward: 28501.0307139 Total splits: 31 Good splits: 31
Reward: 38069.9989629 Total splits: 32 Good splits: 31
Reward: 24346.1074965 Total splits: 29 Good splits: 29
Reward: 33330.4934743 Total splits: 32 Good splits: 32
Reward: 23996.1440244 Total splits: 30 Good splits: 30
Reward: 17345.8137964 Total splits: 29 Good splits: 29
Reward: 40626.7793902 Total splits: 28 Good splits: 28
Reward: 22224.7925565 Total splits: 28 Good splits: 28
Reward: 31235.9468797 Total splits: 30 Good splits: 29
Reward: 38880.3920373 Total splits: 30 Good splits: 30
Reward: 20682.7962916 Total splits: 31 Good splits: 30
Reward: 26929.6346965 Total splits: 26 Good splits: 26
Reward: 36735.0440566 Total splits: 33 Good splits: 33
Reward: 21001.0476754 Total splits: 29 Good splits: 28
Reward: 32454.2658287 Total splits: 31 Good splits: 31
Reward: 31678.5784511 Total splits: 29 Good splits: 29
Reward: 32135.8016814 Total splits: 28 Good splits: 28
Reward: 28110.8126988 Total splits: 29 Good splits: 28
Reward: 29434.4530289 Total splits: 28 Good splits: 28
Reward: 37394.2048469 Total splits: 28 Good splits: 28
Reward: 27780.0110507 Total splits: 30 Good splits: 30
Reward: 39658.1650111 Total splits: 31 Good splits: 31
Reward: 25096.7039871 Total splits: 28 Good splits: 28
Reward: 39964.4650773 Total splits: 33 Good splits: 33
Reward: 20016.1077062 Total splits: 30 Good splits: 30
Reward: 43591.7470908 Total splits: 27 Good splits: 27
Reward: 22911.9367337 Total splits: 31 Good splits: 30
Reward: 39508.4692438 Total splits: 30 Good splits: 29
Reward: 33655.2441665 Total splits: 31 Good splits: 29
Reward: 25583.2098489 Total splits: 30 Good splits: 30
Reward: 40143.2133326 Total splits: 33 Good splits: 32
Reward: 25950.4472823 Total splits: 31 Good splits: 31
Reward: 35019.8906134 Total splits: 33 Good splits: 31
Reward: 39550.7009793 Total splits: 35 Good splits: 35
Reward: 18667.7872747 Total splits: 32 Good splits: 32
Reward: 19072.3965593 Total splits: 30 Good splits: 30
Reward: 21163.8930838 Total splits: 32 Good splits: 32
Reward: 37867.4161372 Total splits: 30 Good splits: 28
Reward: 22703.6035414 Total splits: 29 Good splits: 29
Reward: 32825.4872152 Total splits: 29 Good splits: 28
Reward: 17347.7628342 Total splits: 29 Good splits: 28
Reward: 38661.9623423 Total splits: 28 Good splits: 28
Reward: 40110.6835071 Total splits: 30 Good splits: 30
Reward: 36529.3369351 Total splits: 28 Good splits: 28
Reward: 19394.7569237 Total splits: 30 Good splits: 30
Reward: 27830.742348 Total splits: 30 Good splits: 30
Reward: 40967.89456 Total splits: 30 Good splits: 29
Reward: 37894.7653417 Total splits: 30 Good splits: 30
Reward: 33309.7645615 Total splits: 28 Good splits: 28
Reward: 39290.6953472 Total splits: 27 Good splits: 26
Reward: 31630.6964939 Total splits: 32 Good splits: 31
Reward: 18432.085655 Total splits: 27 Good splits: 27
Reward: 17652.347196 Total splits: 35 Good splits: 35
Reward: 25960.0702147 Total splits: 28 Good splits: 28
Reward: 23572.5891971 Total splits: 31 Good splits: 31
Reward: 17949.9125472 Total splits: 29 Good splits: 29
Reward: 15830.8127929 Total splits: 25 Good splits: 25
Reward: 43846.4917331 Total splits: 31 Good splits: 31
Reward: 30817.8556042 Total splits: 30 Good splits: 29
Reward: 34811.077399 Total splits: 29 Good splits: 29
Reward: 31170.0366772 Total splits: 33 Good splits: 33
Reward: 40495.3139117 Total splits: 29 Good splits: 28
Reward: 21889.1395296 Total splits: 28 Good splits: 28
Reward: 34452.1606883 Total splits: 32 Good splits: 32
Reward: 38954.8929763 Total splits: 31 Good splits: 31
Reward: 36664.3906587 Total splits: 30 Good splits: 29
Reward: 22629.6133984 Total splits: 31 Good splits: 31
Reward: 32927.0320627 Total splits: 27 Good splits: 27
Reward: 41721.2244487 Total splits: 32 Good splits: 32
Reward: 30173.5114869 Total splits: 25 Good splits: 22
Reward: 40840.6340381 Total splits: 30 Good splits: 29
Reward: 27173.7414008 Total splits: 27 Good splits: 26
Reward: 40155.7432023 Total splits: 32 Good splits: 32
Reward: 36212.7225752 Total splits: 27 Good splits: 27
Reward: 26297.2078211 Total splits: 30 Good splits: 29
Reward: 32022.2392541 Total splits: 28 Good splits: 27
Reward: 26316.6052009 Total splits: 29 Good splits: 29
Reward: 35635.8756693 Total splits: 31 Good splits: 31
Reward: 38088.2863473 Total splits: 30 Good splits: 30
Reward: 29165.3516346 Total splits: 29 Good splits: 28
Reward: 26269.1829655 Total splits: 26 Good splits: 26
Reward: 39295.0277469 Total splits: 30 Good splits: 29
Reward: 29728.8852878 Total splits: 29 Good splits: 28
Reward: 38095.5811484 Total splits: 27 Good splits: 26
Reward: 36190.7160774 Total splits: 31 Good splits: 31
Reward: 33145.9174595 Total splits: 32 Good splits: 30
Reward: 8151.95560798 Total splits: 26 Good splits: 26
Reward: 36880.1120466 Total splits: 31 Good splits: 30
Reward: 26673.2069429 Total splits: 27 Good splits: 27
Reward: 30668.6654619 Total splits: 29 Good splits: 28
Reward: 40028.5263199 Total splits: 31 Good splits: 31
Reward: 31966.4904157 Total splits: 31 Good splits: 31
Reward: 38870.3651213 Total splits: 32 Good splits: 32
Reward: 26521.2420034 Total splits: 30 Good splits: 30
Reward: 41507.9602043 Total splits: 29 Good splits: 29
Reward: 12062.6296913 Total splits: 29 Good splits: 29
Reward: 31254.8275348 Total splits: 27 Good splits: 27
Reward: 27051.674301 Total splits: 29 Good splits: 29
Reward: 37276.1157619 Total splits: 30 Good splits: 30
Reward: 24065.9988168 Total splits: 32 Good splits: 32
Reward: 40114.2324293 Total splits: 29 Good splits: 29
Reward: 37943.1235113 Total splits: 33 Good splits: 33
Reward: 21920.3449776 Total splits: 28 Good splits: 28
Reward: 37081.4417107 Total splits: 29 Good splits: 29
Reward: 37916.3567731 Total splits: 31 Good splits: 30
Reward: 27593.4581763 Total splits: 31 Good splits: 31
Reward: 41892.9535675 Total splits: 31 Good splits: 30
Reward: 37487.3161926 Total splits: 31 Good splits: 31
Reward: 30646.1044234 Total splits: 29 Good splits: 29
Reward: 11994.894061 Total splits: 34 Good splits: 34
Reward: 19851.7146371 Total splits: 30 Good splits: 29
Reward: 38905.6886369 Total splits: 32 Good splits: 32
Reward: 40960.1917546 Total splits: 34 Good splits: 33
Reward: 11510.3020761 Total splits: 29 Good splits: 28
Reward: 30130.99199 Total splits: 27 Good splits: 27
Reward: 29345.4784838 Total splits: 29 Good splits: 29
Reward: 36426.6855464 Total splits: 28 Good splits: 28
Reward: 38647.1157933 Total splits: 31 Good splits: 31
Reward: 28945.0466082 Total splits: 30 Good splits: 30
Reward: 31498.1398812 Total splits: 30 Good splits: 28
Reward: 34652.7483575 Total splits: 31 Good splits: 30
Reward: 37872.982417 Total splits: 30 Good splits: 29
Reward: 27292.3503601 Total splits: 30 Good splits: 30
Reward: 29663.1358368 Total splits: 31 Good splits: 31
Reward: 7375.41556541 Total splits: 28 Good splits: 28
Reward: 39808.6709227 Total splits: 30 Good splits: 30
Reward: 41995.9406741 Total splits: 30 Good splits: 30
Reward: 11006.9624976 Total splits: 32 Good splits: 32
Reward: 39219.661691 Total splits: 28 Good splits: 28
Reward: 26085.6521072 Total splits: 29 Good splits: 29
Reward: 38536.5270454 Total splits: 28 Good splits: 28
Reward: 34993.6830907 Total splits: 31 Good splits: 31
Reward: 31717.26491 Total splits: 28 Good splits: 26
Reward: 38897.0906234 Total splits: 34 Good splits: 34
Reward: 25666.565632 Total splits: 28 Good splits: 28
Reward: 36817.2305559 Total splits: 31 Good splits: 30
Reward: 34416.2605738 Total splits: 29 Good splits: 29
Reward: 32276.7749659 Total splits: 28 Good splits: 24
Reward: 29893.2036588 Total splits: 27 Good splits: 27
Reward: 37283.8969438 Total splits: 30 Good splits: 30
Reward: 32706.6501781 Total splits: 26 Good splits: 25
Reward: 30401.4680815 Total splits: 30 Good splits: 30
Reward: 28938.4762762 Total splits: 33 Good splits: 33
Reward: 29891.3873717 Total splits: 28 Good splits: 27
Reward: 31586.9334063 Total splits: 30 Good splits: 30
Reward: 40244.9416163 Total splits: 30 Good splits: 30
Reward: 37443.7566431 Total splits: 32 Good splits: 31
Reward: 28102.5703499 Total splits: 31 Good splits: 31
Reward: 34161.8126499 Total splits: 26 Good splits: 26
Reward: 34001.1543415 Total splits: 29 Good splits: 29
Reward: 33667.3270825 Total splits: 29 Good splits: 29
Reward: 33532.3768058 Total splits: 29 Good splits: 29
Reward: 35990.4256944 Total splits: 27 Good splits: 27
Reward: 34760.7031296 Total splits: 34 Good splits: 34
Reward: 26276.8652154 Total splits: 31 Good splits: 31
Reward: 35836.6278619 Total splits: 29 Good splits: 28
Reward: 40138.8735882 Total splits: 30 Good splits: 30
Reward: 29520.1876946 Total splits: 28 Good splits: 27
Reward: 7563.82774637 Total splits: 32 Good splits: 30
Reward: 31500.3095728 Total splits: 30 Good splits: 29
Reward: 35040.4406389 Total splits: 32 Good splits: 32
Reward: 23643.3408028 Total splits: 30 Good splits: 29
Reward: 35492.6323413 Total splits: 28 Good splits: 28
Reward: 30776.6298851 Total splits: 30 Good splits: 30
Reward: 20680.1262927 Total splits: 28 Good splits: 27
Reward: 35197.7141616 Total splits: 33 Good splits: 30
Reward: 16707.8107215 Total splits: 28 Good splits: 27
Reward: 36742.4912295 Total splits: 30 Good splits: 30
Reward: 29447.8759429 Total splits: 29 Good splits: 27
Reward: 29012.2642656 Total splits: 28 Good splits: 28
Reward: 27425.6218462 Total splits: 30 Good splits: 29
Reward: 19072.9016597 Total splits: 29 Good splits: 28
Reward: 21618.7443222 Total splits: 30 Good splits: 30
Reward: 17534.9012882 Total splits: 27 Good splits: 26
Reward: 35047.7032011 Total splits: 32 Good splits: 30
Reward: 42534.8066527 Total splits: 32 Good splits: 32
Reward: 29003.1973463 Total splits: 31 Good splits: 31
Reward: 24909.6650223 Total splits: 30 Good splits: 29
Reward: 37546.553579 Total splits: 27 Good splits: 27
Reward: 40391.7813747 Total splits: 32 Good splits: 32
Reward: 24088.6513692 Total splits: 28 Good splits: 28
Reward: 38042.7262603 Total splits: 33 Good splits: 33
Reward: 24837.389135 Total splits: 29 Good splits: 29
Reward: 31888.982363 Total splits: 32 Good splits: 32
Reward: 36223.4816412 Total splits: 33 Good splits: 33
Reward: 33009.3176113 Total splits: 27 Good splits: 27
Reward: 34193.2709307 Total splits: 29 Good splits: 28
Reward: 18758.7807565 Total splits: 29 Good splits: 29
Reward: 41439.4811543 Total splits: 28 Good splits: 28
Reward: 39072.2246447 Total splits: 28 Good splits: 28
Reward: 34887.8546802 Total splits: 31 Good splits: 31
Reward: 40537.2782078 Total splits: 33 Good splits: 33
Reward: 23759.3301642 Total splits: 29 Good splits: 29
Reward: 20502.8156096 Total splits: 27 Good splits: 26
Reward: 30904.577157 Total splits: 26 Good splits: 26
Reward: 42889.0138153 Total splits: 30 Good splits: 30
Reward: 19590.8745507 Total splits: 32 Good splits: 32
Reward: 30172.515316 Total splits: 27 Good splits: 26
Reward: 19802.8722891 Total splits: 24 Good splits: 23
Reward: 18782.9984256 Total splits: 26 Good splits: 25
Reward: 26267.762691 Total splits: 31 Good splits: 31
Reward: 42048.5169302 Total splits: 30 Good splits: 30
Reward: 36621.7500913 Total splits: 30 Good splits: 30
Reward: 39187.0144523 Total splits: 28 Good splits: 28
Reward: 24711.2944283 Total splits: 36 Good splits: 33
Reward: 38468.8892396 Total splits: 32 Good splits: 32
Reward: 24525.248168 Total splits: 28 Good splits: 28
Reward: 11664.8167276 Total splits: 31 Good splits: 31
Reward: 34752.8024018 Total splits: 31 Good splits: 31
Reward: 30291.334133 Total splits: 27 Good splits: 27
Reward: 29997.815154 Total splits: 27 Good splits: 27
Reward: 38316.435207 Total splits: 31 Good splits: 31
Reward: 39667.4614799 Total splits: 30 Good splits: 29
Reward: 30261.4441093 Total splits: 31 Good splits: 31
Reward: 34481.9758904 Total splits: 30 Good splits: 29
Reward: 40643.1866883 Total splits: 29 Good splits: 29
Reward: 26944.8743627 Total splits: 29 Good splits: 29
Reward: 33435.0793719 Total splits: 29 Good splits: 29
Reward: 19672.8666232 Total splits: 25 Good splits: 25
Reward: 36169.9251817 Total splits: 30 Good splits: 30
Reward: 30273.0475391 Total splits: 30 Good splits: 29
Reward: 14301.5190895 Total splits: 30 Good splits: 30
Reward: 29864.1631661 Total splits: 27 Good splits: 27
Reward: 27959.9269052 Total splits: 28 Good splits: 28
Reward: 38630.0455389 Total splits: 31 Good splits: 31
Reward: 30079.0903869 Total splits: 29 Good splits: 29
Reward: 29005.8343116 Total splits: 27 Good splits: 27
Reward: 26623.1319736 Total splits: 29 Good splits: 29
Reward: 39446.4905975 Total splits: 30 Good splits: 29
Reward: 25234.6892941 Total splits: 33 Good splits: 33
Reward: 29028.5558555 Total splits: 32 Good splits: 32
Reward: 9349.6344823 Total splits: 31 Good splits: 31
Reward: 21489.2768325 Total splits: 30 Good splits: 30
Reward: 33508.0576112 Total splits: 31 Good splits: 31
Reward: 28161.6830868 Total splits: 29 Good splits: 29
Reward: 33487.5338594 Total splits: 30 Good splits: 30
Reward: 18227.9716252 Total splits: 29 Good splits: 28
Reward: 36792.6589097 Total splits: 29 Good splits: 29
Reward: 40132.4338653 Total splits: 31 Good splits: 31
Reward: 33368.0375811 Total splits: 32 Good splits: 32
Reward: 43122.431113 Total splits: 27 Good splits: 26
Reward: 35227.2234871 Total splits: 30 Good splits: 30
Reward: 39541.2544007 Total splits: 31 Good splits: 31
Reward: 31570.7200392 Total splits: 31 Good splits: 31
Reward: 25973.0067045 Total splits: 30 Good splits: 29
Reward: 38459.395156 Total splits: 31 Good splits: 30
Reward: 44720.3826132 Total splits: 29 Good splits: 29
Reward: 26420.9557114 Total splits: 22 Good splits: 20
Reward: 35617.3287021 Total splits: 30 Good splits: 30
Reward: 42248.4938608 Total splits: 34 Good splits: 34
Reward: 28082.7495309 Total splits: 31 Good splits: 31
Reward: 19285.4355795 Total splits: 31 Good splits: 30
Reward: 34922.6584068 Total splits: 30 Good splits: 29
Reward: 38007.9043554 Total splits: 32 Good splits: 31
Reward: 42083.6113218 Total splits: 30 Good splits: 30
Reward: 41187.3652893 Total splits: 31 Good splits: 31
Reward: 37258.535348 Total splits: 28 Good splits: 27
Reward: 30735.7718412 Total splits: 28 Good splits: 28
Reward: 21398.7687471 Total splits: 28 Good splits: 28

Results after 600 tests
Average total rewards : 30960.3902747
Average total splits  : 29.5833333333
Average good splits   : 29.2316666667
Average good splits % : 98.8112676056

Reward: 36972.8205184 Total splits: 30 Good splits: 30
Reward: 31735.4821018 Total splits: 30 Good splits: 30
Reward: 21139.6367394 Total splits: 30 Good splits: 29
Reward: 29199.8918697 Total splits: 26 Good splits: 25
Reward: 29456.3361672 Total splits: 25 Good splits: 25
Reward: 39660.5244772 Total splits: 31 Good splits: 29
Reward: 28584.1027426 Total splits: 27 Good splits: 27
Reward: 28955.6188388 Total splits: 34 Good splits: 33
Reward: 28140.9277672 Total splits: 27 Good splits: 27
Reward: 26448.5558251 Total splits: 31 Good splits: 31
Reward: 21988.5787727 Total splits: 31 Good splits: 30
Reward: 42931.3417243 Total splits: 33 Good splits: 33
Reward: 29769.9940996 Total splits: 30 Good splits: 30
Reward: 33641.1988022 Total splits: 26 Good splits: 26
Reward: 16067.9459541 Total splits: 31 Good splits: 31
Reward: 39164.6384977 Total splits: 29 Good splits: 29
Reward: 39437.3108795 Total splits: 31 Good splits: 31
Reward: 19997.7044391 Total splits: 28 Good splits: 27
Reward: 43952.0950693 Total splits: 33 Good splits: 33
Reward: 30949.7957376 Total splits: 28 Good splits: 28
Reward: 33911.8660526 Total splits: 29 Good splits: 29
Reward: 32389.4978422 Total splits: 29 Good splits: 29
Reward: 26925.875354 Total splits: 29 Good splits: 29
Reward: 8063.5551129 Total splits: 32 Good splits: 32
Reward: 34081.1469945 Total splits: 30 Good splits: 30
Reward: 37921.4521003 Total splits: 29 Good splits: 29
Reward: 38639.2111911 Total splits: 32 Good splits: 32
Reward: 24915.4033156 Total splits: 29 Good splits: 29
Reward: 34331.8192128 Total splits: 29 Good splits: 29
Reward: 36009.3011797 Total splits: 30 Good splits: 30
Reward: 33621.6978107 Total splits: 30 Good splits: 30
Reward: 22091.4825224 Total splits: 31 Good splits: 31
Reward: 31701.2970865 Total splits: 30 Good splits: 30
Reward: 22302.9130268 Total splits: 31 Good splits: 31
Reward: 36601.0451111 Total splits: 30 Good splits: 30
Reward: 18474.1620295 Total splits: 27 Good splits: 27
Reward: 29659.4994561 Total splits: 28 Good splits: 28
Reward: 35258.6342631 Total splits: 30 Good splits: 30
Reward: 21514.6642957 Total splits: 26 Good splits: 26
Reward: 36333.9051432 Total splits: 32 Good splits: 32
Reward: 34433.8225654 Total splits: 32 Good splits: 31
Reward: 27480.7526274 Total splits: 32 Good splits: 32
Reward: 20862.0989777 Total splits: 26 Good splits: 26
Reward: 38635.4354196 Total splits: 31 Good splits: 31
Reward: 40772.1592546 Total splits: 31 Good splits: 31
Reward: 30139.2783991 Total splits: 31 Good splits: 31
Reward: 37689.7422131 Total splits: 31 Good splits: 30
Reward: 42182.0100591 Total splits: 31 Good splits: 31
Reward: 38026.7158256 Total splits: 27 Good splits: 26
Reward: 9675.21909575 Total splits: 29 Good splits: 29
Reward: 27896.5762163 Total splits: 32 Good splits: 30
Reward: 39722.4000331 Total splits: 32 Good splits: 32
Reward: 30562.7225476 Total splits: 32 Good splits: 31
Reward: 38090.5502347 Total splits: 30 Good splits: 30
Reward: 33460.5864277 Total splits: 29 Good splits: 29
Reward: 28667.2790105 Total splits: 29 Good splits: 28
Reward: 33234.4541827 Total splits: 30 Good splits: 30
Reward: 34072.9595656 Total splits: 28 Good splits: 28
Reward: 27911.3426163 Total splits: 25 Good splits: 25
Reward: 38426.4599521 Total splits: 31 Good splits: 30
Reward: 31575.4423737 Total splits: 28 Good splits: 27
Reward: 35806.775355 Total splits: 27 Good splits: 27
Reward: 45558.4238607 Total splits: 34 Good splits: 34
Reward: 28719.0803591 Total splits: 30 Good splits: 29
Reward: 36067.7332305 Total splits: 27 Good splits: 27
Reward: 28213.8787493 Total splits: 32 Good splits: 32
Reward: 37121.1530898 Total splits: 31 Good splits: 31
Reward: 31270.8272618 Total splits: 29 Good splits: 29
Reward: 17086.7655878 Total splits: 30 Good splits: 30
Reward: 40460.1712318 Total splits: 30 Good splits: 29
Reward: 41537.409203 Total splits: 32 Good splits: 32
Reward: 26776.0277752 Total splits: 29 Good splits: 29
Reward: 33269.2331109 Total splits: 28 Good splits: 27
Reward: 25990.3142066 Total splits: 30 Good splits: 30
Reward: 27887.8300069 Total splits: 30 Good splits: 29
Reward: 42760.0223055 Total splits: 32 Good splits: 32
Reward: 36068.3393991 Total splits: 32 Good splits: 31
Reward: 37569.8823985 Total splits: 28 Good splits: 28
Reward: 23030.64927 Total splits: 28 Good splits: 28
Reward: 25530.4745343 Total splits: 31 Good splits: 29
Reward: 34626.8550108 Total splits: 27 Good splits: 27
Reward: 40812.5067911 Total splits: 32 Good splits: 31
Reward: 29111.8484948 Total splits: 32 Good splits: 32
Reward: 33104.2132277 Total splits: 28 Good splits: 27
Reward: 44860.6618804 Total splits: 35 Good splits: 35
Reward: 20841.3030683 Total splits: 28 Good splits: 28
Reward: 43551.9621581 Total splits: 32 Good splits: 32
Reward: 40624.3328142 Total splits: 28 Good splits: 27
Reward: 44414.7006847 Total splits: 32 Good splits: 32
Reward: 36867.1868769 Total splits: 32 Good splits: 31
Reward: 8518.43292706 Total splits: 33 Good splits: 33
Reward: 17291.4436599 Total splits: 30 Good splits: 30
Reward: 32743.1521335 Total splits: 30 Good splits: 30
Reward: 32818.7346635 Total splits: 29 Good splits: 29
Reward: 28633.6787053 Total splits: 27 Good splits: 27
Reward: 30645.0596022 Total splits: 30 Good splits: 30
Reward: 41221.5382939 Total splits: 33 Good splits: 33
Reward: 21999.573617 Total splits: 29 Good splits: 29
Reward: 22993.8794021 Total splits: 29 Good splits: 29
Reward: 34223.483975 Total splits: 30 Good splits: 30

Results after 100 tests
Average total rewards : 31570.9047664
Average total splits  : 29.87
Average good splits   : 29.6
Average good splits % : 99.0960830264

Reward: 40413.6145178 Total splits: 27 Good splits: 26
Reward: 37258.1307761 Total splits: 28 Good splits: 28
Reward: 36345.5463712 Total splits: 30 Good splits: 30
Reward: 30435.5644509 Total splits: 32 Good splits: 32
Reward: 30384.9031561 Total splits: 26 Good splits: 26
Reward: 31617.9632141 Total splits: 33 Good splits: 33
Reward: 35616.3977289 Total splits: 30 Good splits: 29
Reward: 22072.2953752 Total splits: 30 Good splits: 28
Reward: 29912.4196413 Total splits: 31 Good splits: 31
Reward: 29619.3236206 Total splits: 29 Good splits: 29
Reward: 11694.0486188 Total splits: 29 Good splits: 29
Reward: 14268.0402934 Total splits: 31 Good splits: 31
Reward: 24778.1299833 Total splits: 30 Good splits: 30
Reward: 44457.3990572 Total splits: 32 Good splits: 32
Reward: 33478.3155547 Total splits: 29 Good splits: 28
Reward: 39091.592195 Total splits: 32 Good splits: 32
Reward: 29172.9643563 Total splits: 27 Good splits: 27
Reward: 20967.9296298 Total splits: 30 Good splits: 30
Reward: 18038.5171913 Total splits: 32 Good splits: 31
Reward: 30304.9011234 Total splits: 31 Good splits: 31
Reward: 34005.6625866 Total splits: 27 Good splits: 26
Reward: 33711.7729767 Total splits: 29 Good splits: 29
Reward: 35781.3876814 Total splits: 29 Good splits: 29
Reward: 29326.2056621 Total splits: 28 Good splits: 28
Reward: 21919.0399176 Total splits: 31 Good splits: 31
Reward: 38282.8241905 Total splits: 28 Good splits: 28
Reward: 41639.1381838 Total splits: 31 Good splits: 31
Reward: 30231.5784734 Total splits: 31 Good splits: 31
Reward: 23025.9600283 Total splits: 30 Good splits: 30
Reward: 32705.8212519 Total splits: 34 Good splits: 34
Reward: 17332.3313224 Total splits: 28 Good splits: 28
Reward: 7597.36560853 Total splits: 32 Good splits: 32
Reward: 29293.7364949 Total splits: 30 Good splits: 30
Reward: 21949.8701396 Total splits: 29 Good splits: 29
Reward: 40636.0724479 Total splits: 29 Good splits: 29
Reward: 42161.2012611 Total splits: 32 Good splits: 32
Reward: 34520.7155578 Total splits: 30 Good splits: 30
Reward: 16075.2637771 Total splits: 24 Good splits: 23
Reward: 28448.9667756 Total splits: 28 Good splits: 26
Reward: 37332.4033291 Total splits: 29 Good splits: 29
Reward: 27502.3111619 Total splits: 28 Good splits: 28
Reward: 38039.0160962 Total splits: 33 Good splits: 33
Reward: 11060.3627658 Total splits: 30 Good splits: 27
Reward: 33762.0755917 Total splits: 27 Good splits: 27
Reward: 25065.8721747 Total splits: 30 Good splits: 30
Reward: 25903.5895824 Total splits: 28 Good splits: 28
Reward: 44695.5320822 Total splits: 31 Good splits: 30
Reward: 39654.9889836 Total splits: 30 Good splits: 29
Reward: 43149.2444553 Total splits: 30 Good splits: 30
Reward: 39569.6149194 Total splits: 30 Good splits: 30
Reward: 40937.7351144 Total splits: 31 Good splits: 29
Reward: 30769.7920247 Total splits: 27 Good splits: 27
Reward: 24149.1734533 Total splits: 29 Good splits: 29
Reward: 24275.087588 Total splits: 24 Good splits: 24
Reward: 24553.8506602 Total splits: 31 Good splits: 30
Reward: 34334.9214008 Total splits: 28 Good splits: 28
Reward: 32269.4894819 Total splits: 29 Good splits: 29
Reward: 40324.7584695 Total splits: 29 Good splits: 29
Reward: 25390.0897331 Total splits: 28 Good splits: 27
Reward: 32186.0326799 Total splits: 31 Good splits: 30
Reward: 27756.5113646 Total splits: 28 Good splits: 26
Reward: 21766.6606295 Total splits: 26 Good splits: 26
Reward: 39153.6947918 Total splits: 33 Good splits: 33
Reward: 30667.5875312 Total splits: 29 Good splits: 29
Reward: 31724.3108214 Total splits: 30 Good splits: 30
Reward: 16764.5855003 Total splits: 31 Good splits: 31
Reward: 25669.3154544 Total splits: 30 Good splits: 29
Reward: 28939.2382746 Total splits: 30 Good splits: 30
Reward: 41717.7568917 Total splits: 29 Good splits: 29
Reward: 25799.6302573 Total splits: 31 Good splits: 31
Reward: 31069.3877735 Total splits: 29 Good splits: 28
Reward: 34237.2148129 Total splits: 29 Good splits: 28
Reward: 40602.3503147 Total splits: 30 Good splits: 30
Reward: 28845.5147825 Total splits: 32 Good splits: 31
Reward: 34178.9300255 Total splits: 29 Good splits: 28
Reward: 30098.6736745 Total splits: 28 Good splits: 28
Reward: 7872.3313465 Total splits: 34 Good splits: 34
Reward: 33392.9685341 Total splits: 32 Good splits: 32
Reward: 31110.1133807 Total splits: 30 Good splits: 28
Reward: 37317.5161667 Total splits: 29 Good splits: 28
Reward: 41392.7298958 Total splits: 29 Good splits: 28
Reward: 19462.0419812 Total splits: 26 Good splits: 26
Reward: 31888.9340896 Total splits: 27 Good splits: 27
Reward: 41190.5443946 Total splits: 31 Good splits: 31
Reward: 22996.9102496 Total splits: 29 Good splits: 29
Reward: 21930.7330966 Total splits: 30 Good splits: 29
Reward: 22862.7712411 Total splits: 26 Good splits: 25
Reward: 41055.1864072 Total splits: 30 Good splits: 30
Reward: 30480.0260691 Total splits: 30 Good splits: 30
Reward: 30150.6112393 Total splits: 29 Good splits: 29
Reward: 38494.0328575 Total splits: 30 Good splits: 30
Reward: 11835.0133739 Total splits: 32 Good splits: 32
Reward: 35008.7202675 Total splits: 33 Good splits: 33
Reward: 29223.9112739 Total splits: 29 Good splits: 29
Reward: 36711.2135061 Total splits: 31 Good splits: 29
Reward: 40116.8926255 Total splits: 28 Good splits: 28
Reward: 34918.8617519 Total splits: 29 Good splits: 28
Reward: 25481.453042 Total splits: 27 Good splits: 25
Reward: 32277.992028 Total splits: 31 Good splits: 30
Reward: 17812.2084373 Total splits: 26 Good splits: 26

Results after 100 tests
Average total rewards : 30274.739331
Average total splits  : 29.54
Average good splits   : 29.15
Average good splits % : 98.6797562627

Reward: 38749.4952818 Total splits: 29 Good splits: 28
Reward: 26767.0565429 Total splits: 30 Good splits: 30
Reward: 31782.7015513 Total splits: 26 Good splits: 25
Reward: 21018.9681153 Total splits: 33 Good splits: 33
Reward: 36029.445964 Total splits: 30 Good splits: 30
Reward: 30459.1529049 Total splits: 30 Good splits: 30
Reward: 31534.3406483 Total splits: 29 Good splits: 28
Reward: 32784.6463918 Total splits: 31 Good splits: 30
Reward: 39413.0415709 Total splits: 29 Good splits: 29
Reward: 37309.4044345 Total splits: 29 Good splits: 29
Reward: 30390.9448903 Total splits: 30 Good splits: 29
Reward: 39511.0744275 Total splits: 31 Good splits: 31
Reward: 39093.860382 Total splits: 34 Good splits: 34
Reward: 37092.2221227 Total splits: 28 Good splits: 28
Reward: 29890.0761499 Total splits: 23 Good splits: 23
Reward: 12516.7501304 Total splits: 30 Good splits: 30
Reward: 21319.1810503 Total splits: 28 Good splits: 28
Reward: 35665.3188235 Total splits: 30 Good splits: 30
Reward: 29866.5832109 Total splits: 30 Good splits: 30
Reward: 15675.8096536 Total splits: 28 Good splits: 27
Reward: 35821.8762049 Total splits: 29 Good splits: 29
Reward: 35049.0568921 Total splits: 31 Good splits: 30
Reward: 36296.4504074 Total splits: 30 Good splits: 29
Reward: 9687.20960581 Total splits: 28 Good splits: 28
Reward: 34309.7257123 Total splits: 28 Good splits: 28
Reward: 15789.2891426 Total splits: 26 Good splits: 25
Reward: 16902.6721042 Total splits: 30 Good splits: 30
Reward: 35113.2476268 Total splits: 30 Good splits: 30
Reward: 35876.3295053 Total splits: 32 Good splits: 32
Reward: 39919.4166887 Total splits: 30 Good splits: 30
Reward: 38167.6974646 Total splits: 31 Good splits: 31
Reward: 40429.6789952 Total splits: 29 Good splits: 28
Reward: 11972.5319845 Total splits: 28 Good splits: 28
Reward: 27225.3133667 Total splits: 30 Good splits: 30
Reward: 43433.1589526 Total splits: 30 Good splits: 30
Reward: 35118.3508624 Total splits: 30 Good splits: 30
Reward: 31607.5355895 Total splits: 31 Good splits: 31
Reward: 36262.9044037 Total splits: 30 Good splits: 30
Reward: 41910.3292074 Total splits: 26 Good splits: 26
Reward: 32244.5460376 Total splits: 29 Good splits: 29
Reward: 33483.658818 Total splits: 31 Good splits: 31
Reward: 33699.8740075 Total splits: 31 Good splits: 31
Reward: 32972.8150535 Total splits: 30 Good splits: 30
Reward: 30240.8999961 Total splits: 31 Good splits: 31
Reward: 25930.9449839 Total splits: 27 Good splits: 27
Reward: 38158.2362706 Total splits: 28 Good splits: 28
Reward: 35064.4920738 Total splits: 28 Good splits: 28
Reward: 8629.94177074 Total splits: 29 Good splits: 29
Reward: 40305.23122 Total splits: 31 Good splits: 31
Reward: 24935.5148231 Total splits: 28 Good splits: 28
Reward: 27166.9218869 Total splits: 29 Good splits: 29
Reward: 35234.3173939 Total splits: 29 Good splits: 29
Reward: 40930.2200703 Total splits: 34 Good splits: 32
Reward: 27366.7733607 Total splits: 27 Good splits: 26
Reward: 28878.5986142 Total splits: 27 Good splits: 26
Reward: 36683.6009885 Total splits: 31 Good splits: 31
Reward: 37155.0179264 Total splits: 29 Good splits: 29
Reward: 31126.1056449 Total splits: 28 Good splits: 28
Reward: 23173.9972175 Total splits: 31 Good splits: 31
Reward: 42490.5734001 Total splits: 29 Good splits: 29
Reward: 38705.2174122 Total splits: 32 Good splits: 32
Reward: 39065.4524149 Total splits: 29 Good splits: 29
Reward: 35997.1944295 Total splits: 30 Good splits: 30
Reward: 36594.795436 Total splits: 32 Good splits: 32
Reward: 45006.9045711 Total splits: 35 Good splits: 35
Reward: 21193.6799373 Total splits: 28 Good splits: 28
Reward: 32734.8286203 Total splits: 29 Good splits: 28
Reward: 24658.8546105 Total splits: 29 Good splits: 28
Reward: 35295.2959883 Total splits: 30 Good splits: 30
Reward: 38582.2526802 Total splits: 28 Good splits: 28
Reward: 30677.8714596 Total splits: 31 Good splits: 31
Reward: 41894.9101398 Total splits: 34 Good splits: 34
Reward: 34829.7865625 Total splits: 29 Good splits: 29
Reward: 33440.4465559 Total splits: 29 Good splits: 29
Reward: 35386.161565 Total splits: 27 Good splits: 26
Reward: 34743.3952574 Total splits: 33 Good splits: 32
Reward: 29951.8022474 Total splits: 31 Good splits: 30
Reward: 32589.869813 Total splits: 27 Good splits: 26
Reward: 37892.8760106 Total splits: 31 Good splits: 31
Reward: 34744.3036644 Total splits: 29 Good splits: 29
Reward: 21572.7170293 Total splits: 27 Good splits: 27
Reward: 29622.0810383 Total splits: 31 Good splits: 31
Reward: 38397.4713939 Total splits: 30 Good splits: 29
Reward: 41379.4009127 Total splits: 32 Good splits: 32
Reward: 29023.6492554 Total splits: 31 Good splits: 31
Reward: 38893.6661613 Total splits: 33 Good splits: 33
Reward: 24423.3935209 Total splits: 30 Good splits: 30
Reward: 25088.4710814 Total splits: 28 Good splits: 28
Reward: 41828.1198269 Total splits: 29 Good splits: 28
Reward: 33923.8505805 Total splits: 29 Good splits: 29
Reward: 18585.4370372 Total splits: 28 Good splits: 27
Reward: 33008.4969878 Total splits: 31 Good splits: 31
Reward: 30803.0281855 Total splits: 31 Good splits: 31
Reward: 21387.4446816 Total splits: 27 Good splits: 26
Reward: 35361.2125089 Total splits: 30 Good splits: 30
Reward: 18465.7078313 Total splits: 30 Good splits: 29
Reward: 19509.3624093 Total splits: 32 Good splits: 32
Reward: 15787.9012196 Total splits: 30 Good splits: 30
Reward: 41854.0935861 Total splits: 32 Good splits: 32
Reward: 33991.4601374 Total splits: 29 Good splits: 29
Reward: 23304.9123472 Total splits: 29 Good splits: 26
Reward: 31628.330906 Total splits: 30 Good splits: 29
Reward: 38997.3413384 Total splits: 31 Good splits: 31
Reward: 29544.7515437 Total splits: 30 Good splits: 29
Reward: 33949.7967738 Total splits: 31 Good splits: 31
Reward: 34528.4302797 Total splits: 31 Good splits: 31
Reward: 36971.3451274 Total splits: 32 Good splits: 31
Reward: 26593.3658792 Total splits: 28 Good splits: 28
Reward: 32727.6013459 Total splits: 28 Good splits: 28
Reward: 39512.5059289 Total splits: 32 Good splits: 31
Reward: 36067.8074448 Total splits: 35 Good splits: 35
Reward: 39728.5109603 Total splits: 34 Good splits: 34
Reward: 40668.3039204 Total splits: 30 Good splits: 30
Reward: 17381.2670995 Total splits: 29 Good splits: 29
Reward: 35808.2944774 Total splits: 30 Good splits: 30
Reward: 37840.7390854 Total splits: 31 Good splits: 31
Reward: 29407.3609873 Total splits: 29 Good splits: 27
Reward: 31677.6308243 Total splits: 32 Good splits: 32
Reward: 24755.1350735 Total splits: 29 Good splits: 29
Reward: 30182.7628164 Total splits: 29 Good splits: 29
Reward: 25526.6665106 Total splits: 29 Good splits: 29
Reward: 29327.9153673 Total splits: 30 Good splits: 29
Reward: 40355.865726 Total splits: 30 Good splits: 30
Reward: 43594.9676961 Total splits: 27 Good splits: 27
Reward: 33625.0412815 Total splits: 28 Good splits: 28
Reward: 34195.7996595 Total splits: 30 Good splits: 30
Reward: 23352.4699156 Total splits: 30 Good splits: 29
Reward: 30228.9751817 Total splits: 31 Good splits: 31
Reward: 32475.7105367 Total splits: 30 Good splits: 30
Reward: 28860.3972793 Total splits: 30 Good splits: 30
Reward: 26577.7405016 Total splits: 29 Good splits: 29
Reward: 45589.0651242 Total splits: 28 Good splits: 28
Reward: 28064.456101 Total splits: 30 Good splits: 30
Reward: 33094.496899 Total splits: 29 Good splits: 29
Reward: 18644.2866038 Total splits: 27 Good splits: 27
Reward: 22406.1095912 Total splits: 28 Good splits: 28
Reward: 33998.1375883 Total splits: 32 Good splits: 32
Reward: 31307.3338612 Total splits: 28 Good splits: 27
Reward: 36075.8019758 Total splits: 33 Good splits: 33
Reward: 18177.9192284 Total splits: 29 Good splits: 29
Reward: 37958.1733644 Total splits: 30 Good splits: 30
Reward: 45236.0885335 Total splits: 32 Good splits: 32
Reward: 30818.7548279 Total splits: 30 Good splits: 29
Reward: 24127.8225386 Total splits: 29 Good splits: 28
Reward: 43024.4574598 Total splits: 32 Good splits: 32
Reward: 37915.8105543 Total splits: 30 Good splits: 30
Reward: 30017.4714415 Total splits: 29 Good splits: 29
Reward: 31827.903204 Total splits: 32 Good splits: 30
Reward: 42817.2243261 Total splits: 32 Good splits: 32
Reward: 20794.3891297 Total splits: 28 Good splits: 28
Reward: 36440.3651424 Total splits: 32 Good splits: 31
Reward: 33440.5612434 Total splits: 27 Good splits: 27
Reward: 32167.1390632 Total splits: 26 Good splits: 26
Reward: 8540.86566008 Total splits: 30 Good splits: 30
Reward: 18048.865055 Total splits: 28 Good splits: 28
Reward: 35322.6840303 Total splits: 29 Good splits: 29
Reward: 33927.7405446 Total splits: 29 Good splits: 29
Reward: 38126.9892415 Total splits: 32 Good splits: 32
Reward: 29626.1467175 Total splits: 31 Good splits: 31
Reward: 34152.4134984 Total splits: 30 Good splits: 30
Reward: 17162.2809564 Total splits: 28 Good splits: 27
Reward: 13157.0767405 Total splits: 29 Good splits: 28
Reward: 23583.1645699 Total splits: 29 Good splits: 28
Reward: 40439.9185247 Total splits: 29 Good splits: 29
Reward: 42048.1397589 Total splits: 29 Good splits: 29
Reward: 31140.1156317 Total splits: 30 Good splits: 30
Reward: 30234.4254229 Total splits: 30 Good splits: 30
Reward: 24110.0294392 Total splits: 29 Good splits: 29
Reward: 38366.9539229 Total splits: 31 Good splits: 31
Reward: 35639.3373739 Total splits: 31 Good splits: 31
Reward: 32285.9998812 Total splits: 31 Good splits: 31
Reward: 11057.6072707 Total splits: 29 Good splits: 29
Reward: 32205.8991607 Total splits: 31 Good splits: 30
Reward: 41923.7983353 Total splits: 31 Good splits: 31
Reward: 28157.1246571 Total splits: 31 Good splits: 29
Reward: 40778.6928402 Total splits: 27 Good splits: 27
Reward: 35218.0881039 Total splits: 30 Good splits: 30
Reward: 25508.7339517 Total splits: 34 Good splits: 34
Reward: 32521.0504962 Total splits: 28 Good splits: 28
Reward: 29847.1336335 Total splits: 32 Good splits: 31
Reward: 35318.3894773 Total splits: 30 Good splits: 30
Reward: 33308.8429115 Total splits: 30 Good splits: 29
Reward: 36675.0560962 Total splits: 32 Good splits: 32
Reward: 38970.8040174 Total splits: 31 Good splits: 30
Reward: 24515.7712222 Total splits: 28 Good splits: 28
Reward: 36390.6865772 Total splits: 32 Good splits: 31
Reward: 27387.2442261 Total splits: 29 Good splits: 28
Reward: 33878.7793969 Total splits: 28 Good splits: 28
Reward: 25302.4285975 Total splits: 33 Good splits: 32
Reward: 10346.1656767 Total splits: 30 Good splits: 30
Reward: 18533.583085 Total splits: 30 Good splits: 29
Reward: 31703.0743746 Total splits: 31 Good splits: 31
Reward: 31467.0763024 Total splits: 27 Good splits: 27
Reward: 31047.1853015 Total splits: 29 Good splits: 29
Reward: 35192.3107492 Total splits: 30 Good splits: 30
Reward: 28873.5979353 Total splits: 29 Good splits: 29
Reward: 36685.5885167 Total splits: 28 Good splits: 28
Reward: 30395.9511439 Total splits: 30 Good splits: 30
Reward: 26208.0733053 Total splits: 30 Good splits: 30
Reward: 32856.5601635 Total splits: 27 Good splits: 27

Results after 200 tests
Average total rewards : 31460.289757
Average total splits  : 29.78
Average good splits   : 29.505
Average good splits % : 99.0765614506

