Reward: 42766.6154488 Total splits: 137 Good splits: 113
Reward: 30098.8922469 Total splits: 153 Good splits: 127
Reward: 33997.9675175 Total splits: 137 Good splits: 114
Reward: 31623.2697017 Total splits: 156 Good splits: 123
Reward: 32052.0487377 Total splits: 118 Good splits: 97
Reward: 35128.2600595 Total splits: 169 Good splits: 126
Reward: 28453.6916498 Total splits: 115 Good splits: 94
Reward: 37067.8243688 Total splits: 160 Good splits: 135
Reward: 38981.6766862 Total splits: 152 Good splits: 117
Reward: 25291.0132134 Total splits: 137 Good splits: 104
Reward: 32953.0278128 Total splits: 133 Good splits: 109
Reward: 41507.6108397 Total splits: 170 Good splits: 137
Reward: 42879.0517194 Total splits: 154 Good splits: 120
Reward: 36658.6111879 Total splits: 136 Good splits: 109
Reward: 37933.0751111 Total splits: 177 Good splits: 151
Reward: 25085.0305886 Total splits: 118 Good splits: 97
Reward: 37512.167833 Total splits: 143 Good splits: 106
Reward: 27365.1303545 Total splits: 117 Good splits: 93
Reward: 23546.5916111 Total splits: 109 Good splits: 87
Reward: 36784.7035863 Total splits: 168 Good splits: 136
Reward: 36547.4114246 Total splits: 154 Good splits: 127
Reward: 43513.4444213 Total splits: 136 Good splits: 108
Reward: 35069.0967445 Total splits: 157 Good splits: 134
Reward: 42664.6961019 Total splits: 160 Good splits: 120
Reward: 25889.7888339 Total splits: 144 Good splits: 118
Reward: 30737.7955512 Total splits: 164 Good splits: 124
Reward: 27355.0170316 Total splits: 121 Good splits: 96
Reward: 39975.2673329 Total splits: 158 Good splits: 130
Reward: 32328.9932394 Total splits: 154 Good splits: 122
Reward: 40062.697204 Total splits: 160 Good splits: 131
Reward: 38051.0585231 Total splits: 133 Good splits: 107
Reward: 35790.3522333 Total splits: 155 Good splits: 124
Reward: 27841.2511212 Total splits: 172 Good splits: 138
Reward: 25456.2298803 Total splits: 124 Good splits: 99
Reward: 29462.777513 Total splits: 171 Good splits: 136
Reward: 33521.7139487 Total splits: 155 Good splits: 121
Reward: 33798.0439158 Total splits: 158 Good splits: 128
Reward: 39166.72246 Total splits: 133 Good splits: 106
Reward: 39568.8591102 Total splits: 150 Good splits: 115
Reward: 24664.5836223 Total splits: 155 Good splits: 121
Reward: 33338.9322789 Total splits: 155 Good splits: 119
Reward: 30727.9802148 Total splits: 129 Good splits: 103
Reward: 34871.8079788 Total splits: 141 Good splits: 110
Reward: 39139.7410795 Total splits: 167 Good splits: 133
Reward: 29125.5171475 Total splits: 147 Good splits: 110
Reward: 35520.3482884 Total splits: 125 Good splits: 102
Reward: 29922.9071452 Total splits: 121 Good splits: 101
Reward: 37513.4932741 Total splits: 133 Good splits: 101
Reward: 22819.9894274 Total splits: 152 Good splits: 124
Reward: 36249.8149592 Total splits: 171 Good splits: 150
Reward: 29563.4843254 Total splits: 150 Good splits: 120
Reward: 31699.2179971 Total splits: 131 Good splits: 107
Reward: 34631.9295987 Total splits: 144 Good splits: 117
Reward: 39623.2084507 Total splits: 161 Good splits: 131
Reward: 33877.716851 Total splits: 170 Good splits: 142
Reward: 28995.580116 Total splits: 165 Good splits: 136
Reward: 29977.6719641 Total splits: 173 Good splits: 139
Reward: 18347.603776 Total splits: 154 Good splits: 115
Reward: 31248.3164291 Total splits: 136 Good splits: 105
Reward: 34398.0211433 Total splits: 142 Good splits: 108
Reward: 33534.5449594 Total splits: 171 Good splits: 132
Reward: 18495.9642253 Total splits: 141 Good splits: 104
Reward: 40163.7085087 Total splits: 151 Good splits: 125
Reward: 33224.1040692 Total splits: 156 Good splits: 130
Reward: 29554.6028686 Total splits: 126 Good splits: 97
Reward: 38662.3869224 Total splits: 160 Good splits: 131
Reward: 39815.8378773 Total splits: 142 Good splits: 115
Reward: 35354.6837029 Total splits: 145 Good splits: 114
Reward: 34465.8001212 Total splits: 169 Good splits: 135
Reward: 33630.1848253 Total splits: 145 Good splits: 121
Reward: 24273.7468106 Total splits: 136 Good splits: 105
Reward: 27812.0234116 Total splits: 168 Good splits: 135
Reward: 25280.8801656 Total splits: 158 Good splits: 122
Reward: 32194.95231 Total splits: 125 Good splits: 101
Reward: 40187.8918944 Total splits: 154 Good splits: 129
Reward: 36806.8838984 Total splits: 173 Good splits: 143
Reward: 36768.8584181 Total splits: 126 Good splits: 97
Reward: 30450.6061245 Total splits: 150 Good splits: 111
Reward: 34410.8352154 Total splits: 156 Good splits: 135
Reward: 40672.3608247 Total splits: 146 Good splits: 125
Reward: 38867.6182132 Total splits: 139 Good splits: 109
Reward: 33119.6748061 Total splits: 166 Good splits: 140
Reward: 28888.3600125 Total splits: 152 Good splits: 119
Reward: 39366.5368388 Total splits: 156 Good splits: 129
Reward: 43400.8484783 Total splits: 151 Good splits: 130
Reward: 24334.2132043 Total splits: 132 Good splits: 105
Reward: 35403.9888523 Total splits: 153 Good splits: 122
Reward: 35411.4029861 Total splits: 152 Good splits: 121
Reward: 36676.2821169 Total splits: 153 Good splits: 122
Reward: 33501.4711394 Total splits: 147 Good splits: 115
Reward: 26559.1131452 Total splits: 169 Good splits: 134
Reward: 29357.7149906 Total splits: 170 Good splits: 144
Reward: 31746.5743354 Total splits: 153 Good splits: 123
Reward: 22534.1784316 Total splits: 133 Good splits: 108
Reward: 37905.3932712 Total splits: 176 Good splits: 149
Reward: 29017.8563145 Total splits: 140 Good splits: 112
Reward: 32017.8973339 Total splits: 143 Good splits: 111
Reward: 31635.4115014 Total splits: 146 Good splits: 113
Reward: 30097.7400692 Total splits: 159 Good splits: 126
Reward: 33143.1902192 Total splits: 138 Good splits: 106
Reward: 25154.1770903 Total splits: 154 Good splits: 118
Reward: 29218.7834222 Total splits: 137 Good splits: 112
Reward: 22516.6528359 Total splits: 143 Good splits: 120
Reward: 30804.9342445 Total splits: 114 Good splits: 93
Reward: 36757.5932339 Total splits: 152 Good splits: 123
Reward: 36381.7508274 Total splits: 148 Good splits: 128
Reward: 33350.6802357 Total splits: 145 Good splits: 110
Reward: 33305.3014506 Total splits: 167 Good splits: 144
Reward: 15148.2606393 Total splits: 149 Good splits: 122
Reward: 35826.2644854 Total splits: 180 Good splits: 137
Reward: 33211.0624475 Total splits: 138 Good splits: 112
Reward: 37453.949791 Total splits: 169 Good splits: 134
Reward: 30893.4856843 Total splits: 165 Good splits: 130
Reward: 22753.0671907 Total splits: 115 Good splits: 102
Reward: 42868.9569575 Total splits: 137 Good splits: 116
Reward: 32570.6567297 Total splits: 156 Good splits: 126
Reward: 38963.9740663 Total splits: 142 Good splits: 119
Reward: 31718.7479162 Total splits: 132 Good splits: 104
Reward: 33373.9772646 Total splits: 152 Good splits: 126
Reward: 40675.6235325 Total splits: 126 Good splits: 108
Reward: 34328.3681339 Total splits: 163 Good splits: 134
Reward: 44031.159125 Total splits: 153 Good splits: 123
Reward: 29079.0323969 Total splits: 110 Good splits: 86
Reward: 26671.7806515 Total splits: 120 Good splits: 96
Reward: 36379.8266671 Total splits: 165 Good splits: 136
Reward: 27415.5343492 Total splits: 114 Good splits: 88
Reward: 29714.2495058 Total splits: 140 Good splits: 114
Reward: 29121.8787887 Total splits: 118 Good splits: 96
Reward: 28475.2116266 Total splits: 155 Good splits: 128
Reward: 33829.9025757 Total splits: 150 Good splits: 125
Reward: 37203.5117277 Total splits: 181 Good splits: 150
Reward: 34407.7857136 Total splits: 119 Good splits: 91
Reward: 42713.4218356 Total splits: 149 Good splits: 123
Reward: 36075.1515622 Total splits: 162 Good splits: 132
Reward: 30301.2103817 Total splits: 170 Good splits: 145
Reward: 32351.8877956 Total splits: 157 Good splits: 120
Reward: 41387.1691027 Total splits: 164 Good splits: 140
Reward: 38491.1226694 Total splits: 147 Good splits: 104
Reward: 27176.445374 Total splits: 147 Good splits: 122
Reward: 25132.5815275 Total splits: 142 Good splits: 110
Reward: 36336.1112143 Total splits: 147 Good splits: 120
Reward: 36844.4128515 Total splits: 173 Good splits: 149
Reward: 30742.7772825 Total splits: 153 Good splits: 117
Reward: 22276.8794295 Total splits: 136 Good splits: 100
Reward: 35699.8280159 Total splits: 140 Good splits: 117
Reward: 30473.0233491 Total splits: 155 Good splits: 124
Reward: 36934.068166 Total splits: 149 Good splits: 124
Reward: 28485.7637809 Total splits: 126 Good splits: 101
Reward: 21749.386931 Total splits: 157 Good splits: 127
Reward: 30117.1185085 Total splits: 161 Good splits: 131
Reward: 23471.853877 Total splits: 150 Good splits: 120
Reward: 35804.8510742 Total splits: 140 Good splits: 111
Reward: 39813.8378738 Total splits: 170 Good splits: 139
Reward: 43742.1743923 Total splits: 144 Good splits: 111
Reward: 31619.3181206 Total splits: 134 Good splits: 103
Reward: 36108.7991465 Total splits: 134 Good splits: 115
Reward: 43054.9261112 Total splits: 179 Good splits: 148
Reward: 32567.1556056 Total splits: 136 Good splits: 107
Reward: 19349.03236 Total splits: 124 Good splits: 97
Reward: 43764.5994608 Total splits: 162 Good splits: 127
Reward: 28189.1251072 Total splits: 126 Good splits: 97
Reward: 39497.8807047 Total splits: 142 Good splits: 115
Reward: 32917.7420758 Total splits: 148 Good splits: 114
Reward: 35126.0886969 Total splits: 146 Good splits: 107
Reward: 37543.9833633 Total splits: 160 Good splits: 127
Reward: 28281.9819512 Total splits: 149 Good splits: 125
Reward: 32099.4383353 Total splits: 118 Good splits: 95
Reward: 35972.683792 Total splits: 169 Good splits: 137
Reward: 36873.1525776 Total splits: 138 Good splits: 110
Reward: 34085.2463358 Total splits: 145 Good splits: 113
Reward: 30823.4149519 Total splits: 169 Good splits: 132
Reward: 42424.1831049 Total splits: 168 Good splits: 139
Reward: 37581.6673478 Total splits: 161 Good splits: 123
Reward: 33881.9694565 Total splits: 146 Good splits: 122
Reward: 29240.4963781 Total splits: 148 Good splits: 118
Reward: 39900.7203738 Total splits: 149 Good splits: 118
Reward: 32574.1511577 Total splits: 142 Good splits: 113
Reward: 30759.8930654 Total splits: 136 Good splits: 102
Reward: 24727.3437353 Total splits: 114 Good splits: 91
Reward: 34436.0229511 Total splits: 131 Good splits: 106
Reward: 28340.5903487 Total splits: 118 Good splits: 99
Reward: 33570.1598696 Total splits: 151 Good splits: 113
Reward: 34928.6143591 Total splits: 125 Good splits: 100
Reward: 33312.3678994 Total splits: 174 Good splits: 144
Reward: 26804.1680738 Total splits: 154 Good splits: 127
Reward: 30207.8161125 Total splits: 115 Good splits: 85
Reward: 21928.3458087 Total splits: 146 Good splits: 115
Reward: 37147.8968388 Total splits: 127 Good splits: 106
Reward: 36713.8812612 Total splits: 168 Good splits: 138
Reward: 36539.7683315 Total splits: 137 Good splits: 103
Reward: 27519.5785952 Total splits: 159 Good splits: 119
Reward: 40492.8163527 Total splits: 160 Good splits: 128
Reward: 32959.5366985 Total splits: 123 Good splits: 102
Reward: 21079.9154346 Total splits: 117 Good splits: 92
Reward: 40200.6665387 Total splits: 172 Good splits: 141
Reward: 33695.9558431 Total splits: 161 Good splits: 136
Reward: 37934.4192562 Total splits: 144 Good splits: 118
Reward: 22503.9604285 Total splits: 134 Good splits: 110
Reward: 37572.3162832 Total splits: 151 Good splits: 127
Reward: 39234.1043888 Total splits: 150 Good splits: 126

Results after 200 tests
Average total rewards : 33076.5338982
Average total splits  : 147.37
Average good splits   : 118.43
Average good splits % : 80.3623532605

Reward: 31992.4431925 Total splits: 154 Good splits: 119
Reward: 36773.6870629 Total splits: 129 Good splits: 104
Reward: 24768.8194806 Total splits: 145 Good splits: 114
Reward: 35179.2032843 Total splits: 143 Good splits: 110
Reward: 32632.5309073 Total splits: 156 Good splits: 123
Reward: 23478.1358329 Total splits: 134 Good splits: 100
Reward: 39903.5141381 Total splits: 161 Good splits: 128
Reward: 39617.5524955 Total splits: 154 Good splits: 137
Reward: 29739.1631595 Total splits: 167 Good splits: 142
Reward: 33879.3528382 Total splits: 158 Good splits: 126
Reward: 39774.3628063 Total splits: 168 Good splits: 140
Reward: 26578.305769 Total splits: 166 Good splits: 125
Reward: 36250.2055057 Total splits: 155 Good splits: 130
Reward: 32740.422501 Total splits: 168 Good splits: 131
Reward: 34987.1560581 Total splits: 143 Good splits: 116
Reward: 23588.5216352 Total splits: 146 Good splits: 119
Reward: 41476.1233702 Total splits: 157 Good splits: 129
Reward: 39656.103528 Total splits: 169 Good splits: 133
Reward: 41562.0995533 Total splits: 134 Good splits: 106
Reward: 38260.356175 Total splits: 156 Good splits: 123
Reward: 39160.1395657 Total splits: 138 Good splits: 114
Reward: 39061.9072427 Total splits: 154 Good splits: 123
Reward: 26626.7323296 Total splits: 118 Good splits: 90
Reward: 40720.7186912 Total splits: 137 Good splits: 117
Reward: 25288.9143631 Total splits: 177 Good splits: 148
Reward: 41987.9188287 Total splits: 139 Good splits: 114
Reward: 40455.494861 Total splits: 176 Good splits: 155
Reward: 41202.2031761 Total splits: 159 Good splits: 124
Reward: 24237.0798641 Total splits: 141 Good splits: 114
Reward: 31048.3475068 Total splits: 116 Good splits: 95
Reward: 37230.9855539 Total splits: 135 Good splits: 110
Reward: 27928.6877816 Total splits: 140 Good splits: 112
Reward: 34101.263839 Total splits: 157 Good splits: 119
Reward: 32426.4829936 Total splits: 124 Good splits: 101
Reward: 36269.9783547 Total splits: 143 Good splits: 112
Reward: 28941.0767649 Total splits: 147 Good splits: 123
Reward: 16490.7266947 Total splits: 164 Good splits: 133
Reward: 40965.1446945 Total splits: 143 Good splits: 113
Reward: 22754.2446799 Total splits: 148 Good splits: 122
Reward: 35827.494489 Total splits: 114 Good splits: 95
Reward: 27321.0714261 Total splits: 142 Good splits: 111
Reward: 29908.6795391 Total splits: 139 Good splits: 111
Reward: 41224.8347933 Total splits: 168 Good splits: 133
Reward: 31150.8219369 Total splits: 135 Good splits: 116
Reward: 32680.4253256 Total splits: 114 Good splits: 88
Reward: 35473.7204049 Total splits: 158 Good splits: 129
Reward: 28741.9186979 Total splits: 124 Good splits: 103
Reward: 34849.9209478 Total splits: 140 Good splits: 117
Reward: 38540.7615263 Total splits: 131 Good splits: 109
Reward: 43039.4665902 Total splits: 151 Good splits: 121
Reward: 28405.1363635 Total splits: 155 Good splits: 134
Reward: 34233.0042493 Total splits: 161 Good splits: 120
Reward: 38321.875685 Total splits: 141 Good splits: 114
Reward: 39689.1522061 Total splits: 145 Good splits: 126
Reward: 28867.3014303 Total splits: 160 Good splits: 127
Reward: 38796.2666071 Total splits: 151 Good splits: 117
Reward: 38387.6048406 Total splits: 161 Good splits: 130
Reward: 34015.083678 Total splits: 180 Good splits: 150
Reward: 31633.1477229 Total splits: 152 Good splits: 127
Reward: 25446.0235941 Total splits: 131 Good splits: 105
Reward: 28703.3057789 Total splits: 138 Good splits: 108
Reward: 37003.389218 Total splits: 154 Good splits: 129
Reward: 32510.1438743 Total splits: 152 Good splits: 118
Reward: 35521.5669156 Total splits: 173 Good splits: 148
Reward: 33235.3910699 Total splits: 170 Good splits: 137
Reward: 33474.5962151 Total splits: 141 Good splits: 101
Reward: 36276.6290721 Total splits: 162 Good splits: 130
Reward: 30916.1834349 Total splits: 118 Good splits: 99
Reward: 32046.8897531 Total splits: 155 Good splits: 130
Reward: 42193.1759418 Total splits: 142 Good splits: 112
Reward: 31421.936524 Total splits: 160 Good splits: 124
Reward: 35218.4263487 Total splits: 149 Good splits: 120
Reward: 31203.6451284 Total splits: 165 Good splits: 134
Reward: 29281.2441794 Total splits: 116 Good splits: 89
Reward: 33706.43849 Total splits: 143 Good splits: 116
Reward: 21572.6417433 Total splits: 128 Good splits: 105
Reward: 35379.1152346 Total splits: 156 Good splits: 115
Reward: 30588.8126893 Total splits: 158 Good splits: 133
Reward: 33288.6695114 Total splits: 131 Good splits: 109
Reward: 29239.660274 Total splits: 110 Good splits: 86
Reward: 39057.556976 Total splits: 131 Good splits: 109
Reward: 23835.3703642 Total splits: 126 Good splits: 104
Reward: 38030.2511428 Total splits: 132 Good splits: 106
Reward: 17869.2639307 Total splits: 151 Good splits: 116
Reward: 42091.604997 Total splits: 149 Good splits: 122
Reward: 34886.1592273 Total splits: 166 Good splits: 140
Reward: 36790.5665448 Total splits: 124 Good splits: 98
Reward: 26654.5702913 Total splits: 152 Good splits: 119
Reward: 38480.6519264 Total splits: 141 Good splits: 118
Reward: 37488.5972077 Total splits: 155 Good splits: 129
Reward: 35742.0133891 Total splits: 135 Good splits: 110
Reward: 27630.487244 Total splits: 148 Good splits: 127
Reward: 42747.1409599 Total splits: 132 Good splits: 114
Reward: 24572.5513906 Total splits: 140 Good splits: 109
Reward: 40736.6864257 Total splits: 143 Good splits: 118
Reward: 38609.4427807 Total splits: 122 Good splits: 100
Reward: 24067.6034262 Total splits: 145 Good splits: 106
Reward: 34587.0917283 Total splits: 165 Good splits: 131
Reward: 25612.7407695 Total splits: 117 Good splits: 95
Reward: 26398.5815304 Total splits: 136 Good splits: 111
Reward: 41232.3694104 Total splits: 154 Good splits: 124
Reward: 32975.6044379 Total splits: 172 Good splits: 123
Reward: 35211.5097671 Total splits: 158 Good splits: 125
Reward: 37714.3110071 Total splits: 162 Good splits: 129
Reward: 28589.7975638 Total splits: 131 Good splits: 103
Reward: 39037.0625307 Total splits: 151 Good splits: 122
Reward: 33789.8085754 Total splits: 157 Good splits: 130
Reward: 28716.2486035 Total splits: 139 Good splits: 113
Reward: 31069.8601814 Total splits: 150 Good splits: 118
Reward: 31788.5523691 Total splits: 126 Good splits: 93
Reward: 33948.1176697 Total splits: 130 Good splits: 96
Reward: 36562.8754984 Total splits: 113 Good splits: 89
Reward: 30668.5686422 Total splits: 154 Good splits: 118
Reward: 36089.8098946 Total splits: 127 Good splits: 97
Reward: 29149.9965836 Total splits: 127 Good splits: 101
Reward: 35104.0668637 Total splits: 154 Good splits: 120
Reward: 38985.2007071 Total splits: 162 Good splits: 126
Reward: 26827.596811 Total splits: 148 Good splits: 119
Reward: 40091.6038187 Total splits: 158 Good splits: 132
Reward: 40241.3645719 Total splits: 140 Good splits: 113
Reward: 24329.2494024 Total splits: 107 Good splits: 84
Reward: 34329.9235019 Total splits: 144 Good splits: 120
Reward: 39450.6995104 Total splits: 151 Good splits: 121
Reward: 41809.8181909 Total splits: 139 Good splits: 114
Reward: 33454.6179886 Total splits: 124 Good splits: 103
Reward: 38640.1170637 Total splits: 147 Good splits: 126
Reward: 40163.9353889 Total splits: 152 Good splits: 124
Reward: 21537.6079292 Total splits: 125 Good splits: 98
Reward: 20955.5741516 Total splits: 135 Good splits: 111
Reward: 25112.2961716 Total splits: 143 Good splits: 117
Reward: 23654.225089 Total splits: 129 Good splits: 98
Reward: 30257.5230489 Total splits: 163 Good splits: 134
Reward: 24504.2392348 Total splits: 111 Good splits: 87
Reward: 41308.9681886 Total splits: 178 Good splits: 141
Reward: 31889.4585092 Total splits: 162 Good splits: 135
Reward: 32792.1200508 Total splits: 151 Good splits: 108
Reward: 26977.9940764 Total splits: 139 Good splits: 108
Reward: 32320.9615181 Total splits: 125 Good splits: 96
Reward: 38059.1045793 Total splits: 167 Good splits: 129
Reward: 32432.7545766 Total splits: 155 Good splits: 120
Reward: 30600.9597685 Total splits: 164 Good splits: 134
Reward: 36489.369691 Total splits: 125 Good splits: 97
Reward: 41200.3684672 Total splits: 144 Good splits: 114
Reward: 37612.7026988 Total splits: 134 Good splits: 111
Reward: 38606.8947201 Total splits: 126 Good splits: 110
Reward: 35829.4862313 Total splits: 126 Good splits: 111
Reward: 26414.7461112 Total splits: 147 Good splits: 114
Reward: 21622.3515825 Total splits: 128 Good splits: 106
Reward: 33679.2522892 Total splits: 147 Good splits: 118
Reward: 36939.1409286 Total splits: 146 Good splits: 119
Reward: 39194.6483678 Total splits: 154 Good splits: 122
Reward: 34052.6989691 Total splits: 156 Good splits: 128
Reward: 33910.6745394 Total splits: 139 Good splits: 112
Reward: 18616.0587715 Total splits: 114 Good splits: 89
Reward: 29809.8810977 Total splits: 159 Good splits: 124
Reward: 38872.1448664 Total splits: 129 Good splits: 106
Reward: 43577.8519701 Total splits: 141 Good splits: 109
Reward: 31963.3064464 Total splits: 135 Good splits: 107
Reward: 31617.4559985 Total splits: 150 Good splits: 116
Reward: 29210.0714388 Total splits: 140 Good splits: 114
Reward: 34363.9902435 Total splits: 158 Good splits: 125
Reward: 31403.7768963 Total splits: 153 Good splits: 128
Reward: 37519.4778509 Total splits: 117 Good splits: 105
Reward: 38597.0039485 Total splits: 154 Good splits: 136
Reward: 35913.372343 Total splits: 139 Good splits: 109
Reward: 34557.3011678 Total splits: 124 Good splits: 100
Reward: 34125.9423235 Total splits: 141 Good splits: 112
Reward: 33578.7957946 Total splits: 145 Good splits: 115
Reward: 26071.1124619 Total splits: 152 Good splits: 126
Reward: 29403.3434682 Total splits: 144 Good splits: 119
Reward: 29029.4486532 Total splits: 146 Good splits: 117
Reward: 40659.2756542 Total splits: 146 Good splits: 124
Reward: 39626.4577779 Total splits: 142 Good splits: 112
Reward: 30522.2664002 Total splits: 150 Good splits: 129
Reward: 36861.0520309 Total splits: 131 Good splits: 106
Reward: 39525.9804287 Total splits: 164 Good splits: 139
Reward: 34871.7026382 Total splits: 154 Good splits: 124
Reward: 29183.4864479 Total splits: 154 Good splits: 126
Reward: 38991.3937751 Total splits: 157 Good splits: 129
Reward: 31842.0087189 Total splits: 133 Good splits: 102
Reward: 39975.0637471 Total splits: 144 Good splits: 123
Reward: 37368.0572629 Total splits: 135 Good splits: 109
Reward: 23672.7596906 Total splits: 142 Good splits: 110
Reward: 36886.7314605 Total splits: 166 Good splits: 137
Reward: 33134.8573676 Total splits: 169 Good splits: 140
Reward: 20758.2258808 Total splits: 126 Good splits: 103
Reward: 20570.8731985 Total splits: 121 Good splits: 93
Reward: 26842.1839519 Total splits: 171 Good splits: 144
Reward: 42912.8416876 Total splits: 145 Good splits: 118
Reward: 30661.812792 Total splits: 154 Good splits: 126
Reward: 32517.2658853 Total splits: 151 Good splits: 124
Reward: 29966.5139816 Total splits: 126 Good splits: 101
Reward: 32060.8465694 Total splits: 158 Good splits: 129
Reward: 30110.5638647 Total splits: 139 Good splits: 117
Reward: 34928.2767908 Total splits: 132 Good splits: 107
Reward: 32345.0278251 Total splits: 126 Good splits: 99
Reward: 32988.5301254 Total splits: 159 Good splits: 130
Reward: 25742.8976702 Total splits: 128 Good splits: 92
Reward: 31066.9715489 Total splits: 133 Good splits: 101
Reward: 37893.801376 Total splits: 171 Good splits: 143

Results after 200 tests
Average total rewards : 33228.0374156
Average total splits  : 144.835
Average good splits   : 116.785
Average good splits % : 80.6331342562

Reward: 37362.312279 Total splits: 157 Good splits: 130
Reward: 36715.6232701 Total splits: 137 Good splits: 108
Reward: 20124.8713731 Total splits: 123 Good splits: 97
Reward: 33229.7167162 Total splits: 161 Good splits: 128
Reward: 31810.887882 Total splits: 148 Good splits: 114
Reward: 30080.3346928 Total splits: 115 Good splits: 90
Reward: 31576.0013705 Total splits: 128 Good splits: 103
Reward: 26806.8714897 Total splits: 133 Good splits: 108
Reward: 24468.5763776 Total splits: 158 Good splits: 129
Reward: 37737.8817446 Total splits: 159 Good splits: 130
Reward: 33538.5909758 Total splits: 142 Good splits: 115
Reward: 36972.8043786 Total splits: 158 Good splits: 129
Reward: 36452.8377156 Total splits: 156 Good splits: 127
Reward: 27916.5150181 Total splits: 172 Good splits: 137
Reward: 38936.8381377 Total splits: 151 Good splits: 126
Reward: 34102.1362654 Total splits: 151 Good splits: 117
Reward: 23370.860532 Total splits: 145 Good splits: 108
Reward: 36381.9490753 Total splits: 151 Good splits: 130
Reward: 32867.4226356 Total splits: 157 Good splits: 136
Reward: 35465.3517394 Total splits: 144 Good splits: 114
Reward: 36180.2948684 Total splits: 159 Good splits: 138
Reward: 29933.7096642 Total splits: 145 Good splits: 105
Reward: 23245.2891113 Total splits: 165 Good splits: 134
Reward: 36588.93891 Total splits: 169 Good splits: 130
Reward: 37688.2666294 Total splits: 157 Good splits: 131
Reward: 35675.427195 Total splits: 135 Good splits: 113
Reward: 35711.4353937 Total splits: 138 Good splits: 113
Reward: 36836.9610808 Total splits: 129 Good splits: 107
Reward: 41283.3763889 Total splits: 144 Good splits: 109
Reward: 37532.4239691 Total splits: 158 Good splits: 128
Reward: 41887.3855007 Total splits: 147 Good splits: 118
Reward: 28666.0879748 Total splits: 152 Good splits: 114
Reward: 32714.0115037 Total splits: 126 Good splits: 102
Reward: 33781.8137712 Total splits: 152 Good splits: 119
Reward: 28484.4442218 Total splits: 142 Good splits: 116
Reward: 24182.6076174 Total splits: 142 Good splits: 110
Reward: 27131.4863192 Total splits: 130 Good splits: 105
Reward: 31440.3487115 Total splits: 143 Good splits: 121
Reward: 35010.4399312 Total splits: 139 Good splits: 109
Reward: 26352.5741822 Total splits: 147 Good splits: 123
Reward: 27896.5503339 Total splits: 156 Good splits: 130
Reward: 34058.6962541 Total splits: 155 Good splits: 125
Reward: 35168.1625707 Total splits: 161 Good splits: 123
Reward: 39298.8059213 Total splits: 168 Good splits: 135
Reward: 35775.5712495 Total splits: 128 Good splits: 106
Reward: 40746.3657248 Total splits: 137 Good splits: 113
Reward: 32893.2781163 Total splits: 154 Good splits: 121
Reward: 38149.9179842 Total splits: 151 Good splits: 122
Reward: 32676.560254 Total splits: 141 Good splits: 113
Reward: 31353.6960715 Total splits: 143 Good splits: 113
Reward: 34679.3021314 Total splits: 126 Good splits: 103
Reward: 29521.8536623 Total splits: 144 Good splits: 115
Reward: 38531.6019469 Total splits: 167 Good splits: 131
Reward: 36284.753939 Total splits: 159 Good splits: 131
Reward: 33344.797752 Total splits: 134 Good splits: 100
Reward: 12236.2881039 Total splits: 121 Good splits: 102
Reward: 25579.8925389 Total splits: 130 Good splits: 105
Reward: 33349.2863456 Total splits: 133 Good splits: 106
Reward: 32559.9147907 Total splits: 135 Good splits: 111
Reward: 29489.3776182 Total splits: 131 Good splits: 108
Reward: 23400.0224314 Total splits: 165 Good splits: 130
Reward: 39481.9842408 Total splits: 160 Good splits: 130
Reward: 37788.8363063 Total splits: 163 Good splits: 139
Reward: 41104.3434981 Total splits: 153 Good splits: 124
Reward: 29653.3361923 Total splits: 158 Good splits: 128
Reward: 34967.5824075 Total splits: 127 Good splits: 104
Reward: 29386.6989978 Total splits: 162 Good splits: 133
Reward: 42522.9092754 Total splits: 148 Good splits: 111
Reward: 38487.6394111 Total splits: 143 Good splits: 119
Reward: 34015.6769934 Total splits: 151 Good splits: 122
Reward: 27377.7238625 Total splits: 128 Good splits: 94
Reward: 31612.7780684 Total splits: 137 Good splits: 112
Reward: 21816.5486712 Total splits: 135 Good splits: 110
Reward: 32064.9724374 Total splits: 118 Good splits: 96
Reward: 30050.9883817 Total splits: 148 Good splits: 117
Reward: 28749.9510493 Total splits: 133 Good splits: 101
Reward: 41064.8136027 Total splits: 157 Good splits: 121
Reward: 35525.9719153 Total splits: 144 Good splits: 112
Reward: 26889.1198736 Total splits: 116 Good splits: 88
Reward: 20707.663547 Total splits: 135 Good splits: 107
Reward: 25604.1728245 Total splits: 116 Good splits: 90
Reward: 35637.58856 Total splits: 145 Good splits: 122
Reward: 28798.4437775 Total splits: 125 Good splits: 93
Reward: 30309.5797105 Total splits: 132 Good splits: 105
Reward: 41578.8720216 Total splits: 165 Good splits: 132
Reward: 20932.1566665 Total splits: 117 Good splits: 93
Reward: 24179.8130073 Total splits: 142 Good splits: 114
Reward: 38431.2349786 Total splits: 156 Good splits: 124
Reward: 31374.7075496 Total splits: 173 Good splits: 144
Reward: 34755.2524575 Total splits: 165 Good splits: 131
Reward: 27434.6053666 Total splits: 172 Good splits: 129
Reward: 31937.2184016 Total splits: 137 Good splits: 101
Reward: 26109.817178 Total splits: 130 Good splits: 102
Reward: 24393.3511295 Total splits: 145 Good splits: 115
Reward: 24449.108648 Total splits: 150 Good splits: 112
Reward: 38198.1227123 Total splits: 122 Good splits: 95
Reward: 26343.8955851 Total splits: 128 Good splits: 104
Reward: 40535.9199737 Total splits: 167 Good splits: 141
Reward: 33483.9680449 Total splits: 170 Good splits: 139
Reward: 27844.8503144 Total splits: 108 Good splits: 90
Reward: 36530.0633173 Total splits: 143 Good splits: 122
Reward: 35941.5264036 Total splits: 155 Good splits: 126
Reward: 37268.9615709 Total splits: 129 Good splits: 109
Reward: 33363.9720335 Total splits: 166 Good splits: 134
Reward: 34950.5763203 Total splits: 179 Good splits: 148
Reward: 30061.8192954 Total splits: 158 Good splits: 129
Reward: 25029.0711341 Total splits: 112 Good splits: 88
Reward: 35015.7810875 Total splits: 129 Good splits: 104
Reward: 25894.6890738 Total splits: 156 Good splits: 122
Reward: 29409.0374558 Total splits: 157 Good splits: 126
Reward: 27555.3178392 Total splits: 121 Good splits: 91
Reward: 42587.5833361 Total splits: 144 Good splits: 116
Reward: 24597.6726621 Total splits: 117 Good splits: 95
Reward: 28004.2784641 Total splits: 141 Good splits: 110
Reward: 31068.4669053 Total splits: 119 Good splits: 98
Reward: 34903.3402945 Total splits: 155 Good splits: 131
Reward: 40196.7313159 Total splits: 139 Good splits: 108
Reward: 39645.8342855 Total splits: 142 Good splits: 117
Reward: 33189.6017097 Total splits: 153 Good splits: 125
Reward: 36042.8689903 Total splits: 172 Good splits: 143
Reward: 25895.7106998 Total splits: 135 Good splits: 104
Reward: 33782.9396704 Total splits: 177 Good splits: 148
Reward: 31996.1743353 Total splits: 138 Good splits: 107
Reward: 28187.4415331 Total splits: 172 Good splits: 141
Reward: 27874.9878553 Total splits: 152 Good splits: 124
Reward: 34265.0181926 Total splits: 164 Good splits: 130
Reward: 34169.7272859 Total splits: 152 Good splits: 123
Reward: 23266.5010279 Total splits: 151 Good splits: 111
Reward: 38975.5030331 Total splits: 165 Good splits: 124
Reward: 29287.7420277 Total splits: 130 Good splits: 115
Reward: 21859.9913154 Total splits: 155 Good splits: 128
Reward: 39763.9653729 Total splits: 139 Good splits: 108
Reward: 33425.6924479 Total splits: 154 Good splits: 125
Reward: 31058.6597079 Total splits: 160 Good splits: 134
Reward: 16505.9421311 Total splits: 121 Good splits: 104
Reward: 31182.4993137 Total splits: 115 Good splits: 98
Reward: 39905.3072287 Total splits: 165 Good splits: 133
Reward: 22591.3978965 Total splits: 146 Good splits: 114
Reward: 33055.7997152 Total splits: 134 Good splits: 110
Reward: 34593.2321534 Total splits: 160 Good splits: 132
Reward: 38134.8874821 Total splits: 133 Good splits: 111
Reward: 32795.9307267 Total splits: 180 Good splits: 152
Reward: 29301.9366083 Total splits: 119 Good splits: 95
Reward: 35476.9883572 Total splits: 141 Good splits: 116
Reward: 24841.2129421 Total splits: 111 Good splits: 87
Reward: 37551.2100728 Total splits: 157 Good splits: 133
Reward: 23081.5993834 Total splits: 117 Good splits: 98
Reward: 38033.4292409 Total splits: 141 Good splits: 112
Reward: 38810.2154371 Total splits: 152 Good splits: 130
Reward: 14644.9585884 Total splits: 123 Good splits: 103
Reward: 36262.061392 Total splits: 152 Good splits: 121
Reward: 37834.2638538 Total splits: 170 Good splits: 143
Reward: 29885.0955997 Total splits: 169 Good splits: 144
Reward: 27951.0180955 Total splits: 151 Good splits: 115
Reward: 42095.2912576 Total splits: 141 Good splits: 119
Reward: 38010.6035166 Total splits: 160 Good splits: 134
Reward: 30071.7195027 Total splits: 162 Good splits: 132
Reward: 21501.4719956 Total splits: 125 Good splits: 109
Reward: 28473.8945376 Total splits: 157 Good splits: 133
Reward: 22486.2456216 Total splits: 122 Good splits: 89
Reward: 29088.1793666 Total splits: 145 Good splits: 116
Reward: 24854.9151534 Total splits: 139 Good splits: 114
Reward: 38029.5785707 Total splits: 133 Good splits: 105
Reward: 30889.7983388 Total splits: 130 Good splits: 104
Reward: 27999.1633812 Total splits: 159 Good splits: 125
Reward: 31321.6565161 Total splits: 119 Good splits: 87
Reward: 27505.3311723 Total splits: 129 Good splits: 109
Reward: 26228.0822874 Total splits: 130 Good splits: 93
Reward: 39111.8563446 Total splits: 149 Good splits: 122
Reward: 35404.501911 Total splits: 161 Good splits: 126
Reward: 34812.1233313 Total splits: 135 Good splits: 103
Reward: 29058.5562843 Total splits: 160 Good splits: 132
Reward: 31085.7253519 Total splits: 141 Good splits: 115
Reward: 30943.5507894 Total splits: 124 Good splits: 106
Reward: 28386.6072011 Total splits: 131 Good splits: 107
Reward: 31879.3721035 Total splits: 135 Good splits: 114
Reward: 29097.3070514 Total splits: 120 Good splits: 91
Reward: 40367.0540429 Total splits: 161 Good splits: 130
Reward: 38019.1799052 Total splits: 149 Good splits: 121
Reward: 31810.6295348 Total splits: 132 Good splits: 104
Reward: 31041.6715238 Total splits: 122 Good splits: 105
Reward: 37427.2733398 Total splits: 158 Good splits: 133
Reward: 31241.6321676 Total splits: 129 Good splits: 100
Reward: 37258.5243624 Total splits: 153 Good splits: 121
Reward: 35518.9964228 Total splits: 157 Good splits: 128
Reward: 33754.6945299 Total splits: 176 Good splits: 140
Reward: 36449.295652 Total splits: 139 Good splits: 112
Reward: 41031.4707999 Total splits: 140 Good splits: 110
Reward: 42104.940252 Total splits: 158 Good splits: 131
Reward: 42286.6848354 Total splits: 156 Good splits: 124
Reward: 26227.4396131 Total splits: 147 Good splits: 120
Reward: 32584.863807 Total splits: 122 Good splits: 95
Reward: 30560.8879274 Total splits: 168 Good splits: 133
Reward: 36611.7174176 Total splits: 135 Good splits: 113
Reward: 35957.5913023 Total splits: 163 Good splits: 136
Reward: 28428.1499021 Total splits: 123 Good splits: 104
Reward: 28962.2957138 Total splits: 150 Good splits: 119
Reward: 37267.124631 Total splits: 160 Good splits: 125
Reward: 33036.9902254 Total splits: 162 Good splits: 136
Reward: 25885.1003575 Total splits: 125 Good splits: 95

Results after 200 tests
Average total rewards : 32192.5929703
Average total splits  : 144.825
Average good splits   : 116.715
Average good splits % : 80.5903676851

Reward: 29818.7260544 Total splits: 125 Good splits: 93
Reward: 37080.800053 Total splits: 120 Good splits: 87
Reward: 37070.1612962 Total splits: 177 Good splits: 145
Reward: 36358.9334865 Total splits: 151 Good splits: 124
Reward: 32704.9964664 Total splits: 142 Good splits: 107
Reward: 37884.7259117 Total splits: 144 Good splits: 114
Reward: 35917.6905344 Total splits: 161 Good splits: 122
Reward: 38588.0907589 Total splits: 179 Good splits: 154
Reward: 33684.7311397 Total splits: 137 Good splits: 97
Reward: 33559.2865693 Total splits: 127 Good splits: 102
Reward: 40486.5483185 Total splits: 120 Good splits: 89
Reward: 28881.3878324 Total splits: 146 Good splits: 110
Reward: 30089.5709395 Total splits: 140 Good splits: 114
Reward: 33718.0727757 Total splits: 153 Good splits: 112
Reward: 34787.5596897 Total splits: 145 Good splits: 114
Reward: 26695.9581893 Total splits: 121 Good splits: 95
Reward: 33372.4373197 Total splits: 184 Good splits: 149
Reward: 25005.3466143 Total splits: 140 Good splits: 114
Reward: 28157.5456568 Total splits: 146 Good splits: 118
Reward: 37152.4067079 Total splits: 136 Good splits: 105
Reward: 35323.9854051 Total splits: 166 Good splits: 142
Reward: 40086.6079727 Total splits: 167 Good splits: 133
Reward: 30553.0394847 Total splits: 169 Good splits: 138
Reward: 36851.0335435 Total splits: 140 Good splits: 112
Reward: 24684.8769055 Total splits: 121 Good splits: 101
Reward: 35306.290683 Total splits: 139 Good splits: 112
Reward: 35581.613174 Total splits: 176 Good splits: 149
Reward: 37408.4676449 Total splits: 148 Good splits: 119
Reward: 35135.1526097 Total splits: 141 Good splits: 117
Reward: 28141.5879977 Total splits: 125 Good splits: 102
Reward: 33039.7232444 Total splits: 149 Good splits: 115
Reward: 34644.5085677 Total splits: 138 Good splits: 110
Reward: 37335.9709892 Total splits: 133 Good splits: 107
Reward: 27565.8133851 Total splits: 163 Good splits: 132
Reward: 29073.6303238 Total splits: 162 Good splits: 129
Reward: 41028.1389368 Total splits: 153 Good splits: 112
Reward: 33058.9210221 Total splits: 170 Good splits: 142
Reward: 29248.7972684 Total splits: 151 Good splits: 120
Reward: 36566.0751135 Total splits: 131 Good splits: 102
Reward: 33536.9463108 Total splits: 163 Good splits: 138
Reward: 40067.8679106 Total splits: 139 Good splits: 111
Reward: 31628.4823013 Total splits: 126 Good splits: 111
Reward: 24990.8548074 Total splits: 136 Good splits: 104
Reward: 41363.3760415 Total splits: 162 Good splits: 137
Reward: 27586.3846982 Total splits: 109 Good splits: 93
Reward: 43525.3484411 Total splits: 168 Good splits: 143
Reward: 36430.2619248 Total splits: 143 Good splits: 115
Reward: 34159.248329 Total splits: 154 Good splits: 117
Reward: 28156.2829133 Total splits: 146 Good splits: 105
Reward: 23921.9819564 Total splits: 131 Good splits: 97
Reward: 16507.788615 Total splits: 146 Good splits: 122
Reward: 24890.8536979 Total splits: 122 Good splits: 98
Reward: 37420.6782802 Total splits: 180 Good splits: 151
Reward: 29553.5698341 Total splits: 136 Good splits: 107
Reward: 29710.6158775 Total splits: 128 Good splits: 95
Reward: 33875.0428266 Total splits: 167 Good splits: 130
Reward: 40349.1908751 Total splits: 164 Good splits: 127
Reward: 26394.5622755 Total splits: 150 Good splits: 118
Reward: 26200.0516299 Total splits: 131 Good splits: 97
Reward: 43477.8251016 Total splits: 173 Good splits: 147
Reward: 33069.4908024 Total splits: 137 Good splits: 109
Reward: 25019.8749545 Total splits: 143 Good splits: 112
Reward: 40865.5054386 Total splits: 129 Good splits: 110
Reward: 40149.8592787 Total splits: 158 Good splits: 132
Reward: 28144.2593375 Total splits: 116 Good splits: 87
Reward: 40279.26642 Total splits: 152 Good splits: 127
Reward: 37779.745644 Total splits: 145 Good splits: 112
Reward: 32577.5350493 Total splits: 141 Good splits: 109
Reward: 33441.8064804 Total splits: 133 Good splits: 100
Reward: 30593.2324318 Total splits: 164 Good splits: 138
Reward: 30329.0639841 Total splits: 166 Good splits: 123
Reward: 40913.5061264 Total splits: 168 Good splits: 134
Reward: 35150.5417816 Total splits: 162 Good splits: 118
Reward: 32406.5111375 Total splits: 167 Good splits: 134
Reward: 37494.3249577 Total splits: 144 Good splits: 118
Reward: 27632.4443234 Total splits: 144 Good splits: 119
Reward: 37063.570935 Total splits: 145 Good splits: 121
Reward: 27715.0577679 Total splits: 142 Good splits: 105
Reward: 31437.9073474 Total splits: 143 Good splits: 107
Reward: 35094.0841193 Total splits: 125 Good splits: 100
Reward: 35681.9369299 Total splits: 145 Good splits: 118
Reward: 35384.185523 Total splits: 133 Good splits: 98
Reward: 36101.6328643 Total splits: 135 Good splits: 104
Reward: 38575.8599741 Total splits: 159 Good splits: 135
Reward: 35925.1440959 Total splits: 155 Good splits: 127
Reward: 39117.936089 Total splits: 161 Good splits: 136
Reward: 35660.67039 Total splits: 146 Good splits: 119
Reward: 28014.6602688 Total splits: 125 Good splits: 104
Reward: 38373.8157653 Total splits: 155 Good splits: 120
Reward: 30477.7736277 Total splits: 171 Good splits: 134
Reward: 37295.1669741 Total splits: 153 Good splits: 132
Reward: 40541.9217547 Total splits: 148 Good splits: 117
Reward: 20621.1097898 Total splits: 125 Good splits: 98
Reward: 33903.0762205 Total splits: 128 Good splits: 103
Reward: 38003.8925731 Total splits: 143 Good splits: 112
Reward: 29297.3548008 Total splits: 144 Good splits: 114
Reward: 33171.9639731 Total splits: 143 Good splits: 113
Reward: 43895.99758 Total splits: 153 Good splits: 131
Reward: 29216.0888134 Total splits: 111 Good splits: 88
Reward: 36474.251831 Total splits: 183 Good splits: 140

Results after 100 tests
Average total rewards : 33582.8845339
Average total splits  : 146.5
Average good splits   : 116.8
Average good splits % : 79.7269624573

Reward: 37529.1157353 Total splits: 159 Good splits: 124
Reward: 40077.5405676 Total splits: 154 Good splits: 126
Reward: 35057.0068852 Total splits: 174 Good splits: 144
Reward: 37011.9533525 Total splits: 160 Good splits: 131
Reward: 33143.5062261 Total splits: 152 Good splits: 123
Reward: 41274.68851 Total splits: 158 Good splits: 119
Reward: 37236.8715316 Total splits: 158 Good splits: 128
Reward: 38997.3518306 Total splits: 138 Good splits: 112
Reward: 31281.9075507 Total splits: 138 Good splits: 117
Reward: 26272.4962279 Total splits: 138 Good splits: 113
Reward: 37534.2663345 Total splits: 161 Good splits: 130
Reward: 33162.8764316 Total splits: 170 Good splits: 145
Reward: 35623.0889546 Total splits: 118 Good splits: 97
Reward: 22970.2060741 Total splits: 131 Good splits: 102
Reward: 28738.9513711 Total splits: 146 Good splits: 116
Reward: 27155.8287999 Total splits: 121 Good splits: 98
Reward: 35633.4294211 Total splits: 131 Good splits: 115
Reward: 38398.6509732 Total splits: 171 Good splits: 137
Reward: 20534.1758091 Total splits: 160 Good splits: 127
Reward: 31209.9034644 Total splits: 155 Good splits: 119
Reward: 44001.7526906 Total splits: 141 Good splits: 115
Reward: 30729.0760809 Total splits: 126 Good splits: 96
Reward: 39141.2328831 Total splits: 139 Good splits: 117
Reward: 28166.7898102 Total splits: 173 Good splits: 129
Reward: 26933.3487462 Total splits: 117 Good splits: 96
Reward: 37941.6675298 Total splits: 165 Good splits: 145
Reward: 31557.7130543 Total splits: 147 Good splits: 114
Reward: 32177.5229454 Total splits: 120 Good splits: 92
Reward: 24263.3663997 Total splits: 143 Good splits: 118
Reward: 38407.482422 Total splits: 178 Good splits: 136
Reward: 36447.9900505 Total splits: 127 Good splits: 95
Reward: 37147.3974082 Total splits: 160 Good splits: 133
Reward: 24025.0083975 Total splits: 142 Good splits: 116
Reward: 36485.2423546 Total splits: 138 Good splits: 115
Reward: 43564.0907322 Total splits: 150 Good splits: 122
Reward: 37840.7864133 Total splits: 169 Good splits: 133
Reward: 35541.400992 Total splits: 166 Good splits: 130
Reward: 33192.5221438 Total splits: 132 Good splits: 108
Reward: 38282.8207452 Total splits: 126 Good splits: 99
Reward: 25204.1304144 Total splits: 149 Good splits: 129
Reward: 28365.9816674 Total splits: 156 Good splits: 118
Reward: 30599.5870216 Total splits: 145 Good splits: 113
Reward: 39511.5565187 Total splits: 157 Good splits: 122
Reward: 30429.7564178 Total splits: 133 Good splits: 102
Reward: 24932.748885 Total splits: 155 Good splits: 123
Reward: 38146.5631032 Total splits: 155 Good splits: 130
Reward: 43941.241889 Total splits: 143 Good splits: 119
Reward: 18598.7683447 Total splits: 143 Good splits: 109
Reward: 43904.3131983 Total splits: 149 Good splits: 125
Reward: 33450.8217778 Total splits: 140 Good splits: 112
Reward: 23289.4018083 Total splits: 161 Good splits: 134
Reward: 37222.2165504 Total splits: 147 Good splits: 125
Reward: 36570.5672753 Total splits: 164 Good splits: 139
Reward: 35681.1694099 Total splits: 161 Good splits: 130
Reward: 28188.305301 Total splits: 135 Good splits: 107
Reward: 33001.2753562 Total splits: 169 Good splits: 146
Reward: 35519.3386875 Total splits: 171 Good splits: 142
Reward: 26649.2681484 Total splits: 113 Good splits: 101
Reward: 29782.1389426 Total splits: 131 Good splits: 109
Reward: 38581.9816978 Total splits: 136 Good splits: 99
Reward: 36684.8726527 Total splits: 128 Good splits: 98
Reward: 38835.7029809 Total splits: 132 Good splits: 106
Reward: 23795.3182265 Total splits: 126 Good splits: 97
Reward: 33013.3838404 Total splits: 117 Good splits: 93
Reward: 28002.4052961 Total splits: 148 Good splits: 123
Reward: 40000.5704978 Total splits: 159 Good splits: 130
Reward: 33125.5179878 Total splits: 132 Good splits: 106
Reward: 30217.9916659 Total splits: 126 Good splits: 102
Reward: 41469.0614145 Total splits: 177 Good splits: 136
Reward: 32801.3687313 Total splits: 166 Good splits: 143
Reward: 31867.8465426 Total splits: 152 Good splits: 120
Reward: 35007.5831758 Total splits: 156 Good splits: 126
Reward: 27131.1698116 Total splits: 166 Good splits: 142
Reward: 30968.1100617 Total splits: 177 Good splits: 142
Reward: 39656.6703032 Total splits: 164 Good splits: 137
Reward: 37117.1820837 Total splits: 134 Good splits: 112
Reward: 32827.8578776 Total splits: 143 Good splits: 112
Reward: 32735.8733736 Total splits: 152 Good splits: 118
Reward: 34218.6060247 Total splits: 143 Good splits: 112
Reward: 29991.9002426 Total splits: 151 Good splits: 120
Reward: 38134.2521421 Total splits: 150 Good splits: 109
Reward: 34228.7965762 Total splits: 140 Good splits: 110
Reward: 37795.6217125 Total splits: 151 Good splits: 116
Reward: 31041.722646 Total splits: 141 Good splits: 120
Reward: 27903.3402583 Total splits: 148 Good splits: 123
Reward: 37030.0542776 Total splits: 148 Good splits: 125
Reward: 31363.4719512 Total splits: 145 Good splits: 110
Reward: 21920.2657944 Total splits: 134 Good splits: 103
Reward: 39292.8425228 Total splits: 163 Good splits: 134
Reward: 35821.8920901 Total splits: 124 Good splits: 103
Reward: 35569.8334714 Total splits: 170 Good splits: 132
Reward: 37233.4006927 Total splits: 147 Good splits: 115
Reward: 33512.7113741 Total splits: 151 Good splits: 119
Reward: 37807.6280364 Total splits: 155 Good splits: 124
Reward: 42851.0089261 Total splits: 161 Good splits: 129
Reward: 36388.9799842 Total splits: 143 Good splits: 115
Reward: 30872.3371383 Total splits: 159 Good splits: 135
Reward: 38863.8615449 Total splits: 160 Good splits: 137
Reward: 37301.6187703 Total splits: 162 Good splits: 127
Reward: 34097.7540957 Total splits: 159 Good splits: 124

Results after 100 tests
Average total rewards : 33747.6254706
Average total splits  : 148.25
Average good splits   : 119.51
Average good splits % : 80.6138279933

Reward: 39450.4579441 Total splits: 129 Good splits: 100
Reward: 38034.32755 Total splits: 149 Good splits: 120
Reward: 32024.1308055 Total splits: 130 Good splits: 103
Reward: 38595.8722701 Total splits: 170 Good splits: 136
Reward: 26704.0403073 Total splits: 120 Good splits: 97
Reward: 18640.2001455 Total splits: 118 Good splits: 95
Reward: 31262.3392272 Total splits: 148 Good splits: 125
Reward: 27202.4047256 Total splits: 138 Good splits: 112
Reward: 30869.2577434 Total splits: 147 Good splits: 120
Reward: 28843.4693527 Total splits: 153 Good splits: 125
Reward: 33882.3848369 Total splits: 170 Good splits: 130
Reward: 37711.8455807 Total splits: 167 Good splits: 130
Reward: 30448.4209574 Total splits: 151 Good splits: 127
Reward: 38344.0013558 Total splits: 170 Good splits: 137
Reward: 27682.6456809 Total splits: 171 Good splits: 151
Reward: 28911.3488674 Total splits: 180 Good splits: 149
Reward: 33853.553631 Total splits: 137 Good splits: 114
Reward: 28365.9124715 Total splits: 158 Good splits: 128
Reward: 21764.9371985 Total splits: 128 Good splits: 107
Reward: 24119.6892477 Total splits: 137 Good splits: 100
Reward: 41147.0253032 Total splits: 123 Good splits: 100
Reward: 36745.1115007 Total splits: 123 Good splits: 102
Reward: 27246.0365776 Total splits: 130 Good splits: 103
Reward: 30116.2092539 Total splits: 140 Good splits: 102
Reward: 36121.2970789 Total splits: 143 Good splits: 116
Reward: 40025.0936418 Total splits: 158 Good splits: 123
Reward: 23611.1877745 Total splits: 129 Good splits: 106
Reward: 31348.4222 Total splits: 151 Good splits: 122
Reward: 22742.0564129 Total splits: 148 Good splits: 123
Reward: 32409.5152152 Total splits: 168 Good splits: 147
Reward: 37364.6102488 Total splits: 135 Good splits: 103
Reward: 41560.108934 Total splits: 160 Good splits: 137
Reward: 39586.9051948 Total splits: 157 Good splits: 134
Reward: 28060.4272205 Total splits: 114 Good splits: 90
Reward: 21845.9410536 Total splits: 119 Good splits: 97
Reward: 38867.1323 Total splits: 142 Good splits: 122
Reward: 40223.3815334 Total splits: 143 Good splits: 113
Reward: 31800.3543383 Total splits: 148 Good splits: 121
Reward: 41303.7368821 Total splits: 156 Good splits: 128
Reward: 34437.3883253 Total splits: 147 Good splits: 111
Reward: 28828.3706773 Total splits: 165 Good splits: 126
Reward: 35523.9315342 Total splits: 133 Good splits: 105
Reward: 25890.5885769 Total splits: 126 Good splits: 109
Reward: 31862.3637424 Total splits: 151 Good splits: 122
Reward: 40033.6063677 Total splits: 149 Good splits: 120
Reward: 25963.8678242 Total splits: 131 Good splits: 110
Reward: 39962.9767169 Total splits: 148 Good splits: 124
Reward: 38709.1762821 Total splits: 134 Good splits: 106
Reward: 28798.3149589 Total splits: 131 Good splits: 116
Reward: 23487.8636574 Total splits: 151 Good splits: 110
Reward: 39518.5204853 Total splits: 158 Good splits: 125
Reward: 44997.3590513 Total splits: 155 Good splits: 131
Reward: 23911.8540939 Total splits: 129 Good splits: 97
Reward: 28297.1620235 Total splits: 144 Good splits: 115
Reward: 30909.077234 Total splits: 141 Good splits: 108
Reward: 35769.4468599 Total splits: 139 Good splits: 113
Reward: 39171.2674748 Total splits: 141 Good splits: 116
Reward: 43088.1026959 Total splits: 145 Good splits: 120
Reward: 27221.1039413 Total splits: 136 Good splits: 115
Reward: 43090.4109823 Total splits: 127 Good splits: 104
Reward: 36936.5037565 Total splits: 144 Good splits: 118
Reward: 38279.1232414 Total splits: 151 Good splits: 122
Reward: 31661.46565 Total splits: 156 Good splits: 121
Reward: 29369.8190647 Total splits: 132 Good splits: 110
Reward: 39650.3151432 Total splits: 145 Good splits: 123
Reward: 28718.4785429 Total splits: 128 Good splits: 111
Reward: 35916.3964787 Total splits: 144 Good splits: 108
Reward: 28096.2383834 Total splits: 127 Good splits: 101
Reward: 28833.8707292 Total splits: 127 Good splits: 97
Reward: 37098.2380896 Total splits: 121 Good splits: 98
Reward: 35020.7370268 Total splits: 137 Good splits: 114
Reward: 27903.4038442 Total splits: 147 Good splits: 124
Reward: 40112.8902165 Total splits: 142 Good splits: 124
Reward: 39369.6032992 Total splits: 141 Good splits: 116
Reward: 29303.2656578 Total splits: 144 Good splits: 112
Reward: 33543.3668053 Total splits: 159 Good splits: 127
Reward: 31247.6486316 Total splits: 126 Good splits: 99
Reward: 25496.4198059 Total splits: 129 Good splits: 98
Reward: 31022.6453322 Total splits: 124 Good splits: 95
Reward: 38729.4096606 Total splits: 159 Good splits: 130
Reward: 32949.091792 Total splits: 132 Good splits: 111
Reward: 36315.4115763 Total splits: 135 Good splits: 106
Reward: 24298.0953224 Total splits: 124 Good splits: 101
Reward: 36088.3095561 Total splits: 153 Good splits: 127
Reward: 40989.6306487 Total splits: 142 Good splits: 106
Reward: 34599.1631253 Total splits: 152 Good splits: 119
Reward: 20424.5755252 Total splits: 124 Good splits: 91
Reward: 23478.7671216 Total splits: 156 Good splits: 121
Reward: 35338.857943 Total splits: 133 Good splits: 113
Reward: 34690.2557953 Total splits: 161 Good splits: 127
Reward: 32125.8919322 Total splits: 140 Good splits: 114
Reward: 29933.7001251 Total splits: 147 Good splits: 127
Reward: 27812.4973177 Total splits: 169 Good splits: 142
Reward: 21205.2657688 Total splits: 109 Good splits: 93
Reward: 37325.6935985 Total splits: 163 Good splits: 130
Reward: 40448.72482 Total splits: 141 Good splits: 109
Reward: 29198.323912 Total splits: 152 Good splits: 128
Reward: 23127.7551695 Total splits: 159 Good splits: 128
Reward: 34733.1362795 Total splits: 124 Good splits: 105
Reward: 23921.3551552 Total splits: 122 Good splits: 98
Reward: 32150.1654285 Total splits: 115 Good splits: 91
Reward: 37767.412442 Total splits: 146 Good splits: 114
Reward: 38888.2236506 Total splits: 128 Good splits: 102
Reward: 38043.5441327 Total splits: 156 Good splits: 124
Reward: 38257.255986 Total splits: 158 Good splits: 127
Reward: 37298.1035303 Total splits: 140 Good splits: 105
Reward: 29487.8048624 Total splits: 152 Good splits: 108
Reward: 33889.3614378 Total splits: 129 Good splits: 102
Reward: 34100.0542 Total splits: 119 Good splits: 101
Reward: 23681.6030141 Total splits: 124 Good splits: 92
Reward: 40294.7814265 Total splits: 149 Good splits: 121
Reward: 38923.2232796 Total splits: 130 Good splits: 102
Reward: 37939.4767076 Total splits: 130 Good splits: 106
Reward: 24567.228486 Total splits: 153 Good splits: 122
Reward: 35781.3370718 Total splits: 147 Good splits: 113
Reward: 24446.6602793 Total splits: 117 Good splits: 93
Reward: 35147.3169114 Total splits: 191 Good splits: 160
Reward: 41038.1901741 Total splits: 132 Good splits: 105
Reward: 30467.0133799 Total splits: 130 Good splits: 102
Reward: 25553.4970866 Total splits: 161 Good splits: 123
Reward: 30494.0846619 Total splits: 166 Good splits: 135
Reward: 36666.1924651 Total splits: 139 Good splits: 105
Reward: 28930.5400913 Total splits: 115 Good splits: 94
Reward: 24380.0390926 Total splits: 118 Good splits: 94
Reward: 24514.4112808 Total splits: 133 Good splits: 108
Reward: 33284.4923371 Total splits: 160 Good splits: 137
Reward: 35616.3031233 Total splits: 158 Good splits: 122
Reward: 33965.9513043 Total splits: 145 Good splits: 117
Reward: 37611.1765677 Total splits: 161 Good splits: 136
Reward: 44479.9674663 Total splits: 161 Good splits: 130
Reward: 33712.9901171 Total splits: 161 Good splits: 128
Reward: 28124.2275601 Total splits: 117 Good splits: 97
Reward: 28556.9540181 Total splits: 157 Good splits: 121
Reward: 33814.0165135 Total splits: 164 Good splits: 134
Reward: 34429.6330764 Total splits: 106 Good splits: 79
Reward: 31224.264349 Total splits: 148 Good splits: 120
Reward: 22257.3408168 Total splits: 144 Good splits: 112
Reward: 23965.494964 Total splits: 150 Good splits: 109
Reward: 32613.8643775 Total splits: 149 Good splits: 124
Reward: 36687.2642495 Total splits: 153 Good splits: 115
Reward: 25544.0126286 Total splits: 165 Good splits: 135
Reward: 31542.0099706 Total splits: 138 Good splits: 111
Reward: 35217.7071748 Total splits: 139 Good splits: 116
Reward: 29612.7061324 Total splits: 164 Good splits: 125
Reward: 35478.9319944 Total splits: 160 Good splits: 129
Reward: 34985.9409939 Total splits: 165 Good splits: 143
Reward: 40420.6475766 Total splits: 156 Good splits: 130
Reward: 35473.3864757 Total splits: 140 Good splits: 114
Reward: 24061.4180451 Total splits: 114 Good splits: 92
Reward: 41528.0612325 Total splits: 163 Good splits: 131
Reward: 17181.4484466 Total splits: 140 Good splits: 106
Reward: 30416.4364969 Total splits: 136 Good splits: 117
Reward: 25996.4176729 Total splits: 146 Good splits: 117
Reward: 16242.2794444 Total splits: 156 Good splits: 133
Reward: 19976.2848371 Total splits: 103 Good splits: 88
Reward: 36128.2708134 Total splits: 146 Good splits: 119
Reward: 35894.519172 Total splits: 129 Good splits: 109
Reward: 35448.3833012 Total splits: 136 Good splits: 110
Reward: 32752.1845192 Total splits: 151 Good splits: 115
Reward: 25613.7023584 Total splits: 147 Good splits: 121
Reward: 38956.3089727 Total splits: 164 Good splits: 124
Reward: 39099.3529843 Total splits: 135 Good splits: 110
Reward: 36393.4982544 Total splits: 125 Good splits: 93
Reward: 40997.6416856 Total splits: 152 Good splits: 114
Reward: 24548.5857041 Total splits: 163 Good splits: 124
Reward: 36145.7729604 Total splits: 157 Good splits: 130
Reward: 33286.912949 Total splits: 135 Good splits: 99
Reward: 22512.6684827 Total splits: 151 Good splits: 125
Reward: 23856.2792676 Total splits: 113 Good splits: 89
Reward: 33633.6035237 Total splits: 136 Good splits: 104
Reward: 34548.770514 Total splits: 119 Good splits: 93
Reward: 27127.0176435 Total splits: 116 Good splits: 84
Reward: 27755.2335357 Total splits: 173 Good splits: 135
Reward: 31526.8769695 Total splits: 149 Good splits: 119
Reward: 38282.0168294 Total splits: 157 Good splits: 124
Reward: 34641.0560327 Total splits: 138 Good splits: 111
Reward: 31792.8418237 Total splits: 130 Good splits: 106
Reward: 32632.9475625 Total splits: 147 Good splits: 119
Reward: 33705.308138 Total splits: 171 Good splits: 123
Reward: 40427.1088752 Total splits: 134 Good splits: 113
Reward: 36910.3110594 Total splits: 159 Good splits: 124
Reward: 30948.1604125 Total splits: 156 Good splits: 125
Reward: 35448.2247179 Total splits: 162 Good splits: 125
Reward: 27284.0596173 Total splits: 123 Good splits: 101
Reward: 32068.1795075 Total splits: 157 Good splits: 131
Reward: 31710.0865565 Total splits: 130 Good splits: 111
Reward: 35110.3419941 Total splits: 158 Good splits: 126
Reward: 28969.067053 Total splits: 152 Good splits: 119
Reward: 22998.1744153 Total splits: 106 Good splits: 88
Reward: 38602.3544713 Total splits: 148 Good splits: 118
Reward: 30726.3946944 Total splits: 161 Good splits: 132
Reward: 34785.0631863 Total splits: 142 Good splits: 115
Reward: 17856.4333026 Total splits: 142 Good splits: 114
Reward: 35751.6639229 Total splits: 156 Good splits: 126
Reward: 32946.4165 Total splits: 166 Good splits: 139
Reward: 29263.2636359 Total splits: 145 Good splits: 112
Reward: 33635.6727789 Total splits: 139 Good splits: 110
Reward: 31641.0494335 Total splits: 126 Good splits: 98
Reward: 37551.6585591 Total splits: 168 Good splits: 141
Reward: 20818.6682433 Total splits: 155 Good splits: 125

Results after 200 tests
Average total rewards : 32315.4207294
Average total splits  : 143.41
Average good splits   : 115.26
Average good splits % : 80.3709643679

