100.628314397 10
101.256603988 10
101.884843972 20
102.513009544 20
103.141075908 30
103.769018267 40
104.396811832 30
105.024431818 30
105.651853448 40
106.279051953 40
106.906002571 50
107.532680553 50
108.159061157 60
108.785119655 60
109.410831332 70
110.036171485 70
110.661115428 70
111.285638487 80
111.909716009 80
112.533323356 90
113.156435909 90
113.779029068 100
114.401078255 100
115.022558912 90
115.643446504 80
116.263716519 70
116.883344471 60
117.502305898 60
118.120576363 70
118.738131459 80
119.354946805 90
119.970998051 90
120.586260877 80
121.200710992 80
121.81432414 90
122.427076095 90
123.038942668 100
123.649899702 90
124.25992308 80
124.868988716 70
125.477072568 70
126.084150629 80
126.690198932 80
127.295193552 90
127.899110604 90
128.501926247 100
129.103616683 100
129.704158158 110
130.303526963 120
130.901699437 120
131.498651966 130
132.094360981 120
132.688802965 110
133.281954452 110
133.873792025 120
134.464292317 130
135.053432019 130
135.641187871 140
136.22753667 150
136.812455268 150
137.395920574 160
137.977909552 160
138.558399228 170
139.137366684 170
139.714789063 170
140.290643571 180
140.864907474 180
141.437558099 180
142.008572841 180
142.577929157 190
143.145604568 190
143.711576665 200
144.275823104 200
144.838321609 190
145.399049974 180
145.957986062 170
146.515107808 170
147.070393217 180
147.623820367 170
148.17536741 160
148.725012573 160
149.272734155 170
149.818510534 160
150.362320164 150
150.904141575 150
151.443953378 160
151.981734262 160
152.517462996 150
153.051118431 160
153.582679498 170
154.112125213 170
154.639434673 180
155.164587063 180
155.687561649 170
156.208337785 170
156.726894913 160
157.243212559 160
157.757270342 150
158.269047967 160
158.778525229 150
159.285682016 140
159.790498306 140
160.292954169 150
160.793029769 150
161.290705365 160
161.785961309 160
162.278778049 170
162.769136129 170
163.257016191 180
163.742398975 180
164.225265318 190
164.705596157 200
165.18337253 200
165.658575575 190
166.131186532 200
166.601186743 190
167.068557654 190
167.533280812 180
167.995337872 180
168.454710593 170
168.911380839 160
169.365330581 170
169.816541899 160
170.26499698 150
170.710678119 150
171.153567721 160
171.593648302 160
172.030902489 150
172.465313019 140
172.896862742 150
173.325534622 160
173.751311736 170
174.174177274 170
174.594114542 180
175.011106963 190
175.425138074 190
175.836191529 200
176.244251101 190
176.649300681 180
177.051324278 180
177.45030602 190
177.846230157 200
178.239081058 200
178.628843214 190
179.015501238 180
179.399039865 190
179.779443954 180
180.156698487 170
180.530788571 170
180.901699437 180
181.269416443 190
181.633925072 200
181.995210933 200
182.353259763 190
182.708057427 180
183.05958992 180
183.407843361 170
183.752804004 160
184.09445823 160
184.43279255 170
184.767793609 180
185.099448179 180
185.42774317 170
185.752665619 180
186.0742027 180
186.392341719 180
186.707070116 190
187.018375467 190
187.326245481 190
187.630668004 200
187.931631019 190
188.229122643 180
188.523131133 190
188.813644881 190
189.100652419 180
189.384142415 180
189.664103679 170
189.940525157 170
190.213395937 160
190.482705247 160
190.748442454 170
191.010597068 170
191.26915874 180
191.524117262 180
191.775462568 190
192.023184737 190
192.267273987 180
192.507720683 170
192.744515333 160
192.977648589 150
193.207111246 150
193.432894246 160
193.654988675 170
193.873385765 180
194.088076895 190
194.299053589 200
194.506307518 190
194.709830499 190
194.909614499 200
195.10565163 200
195.297934152 190
195.486454475 200
195.671205156 200
195.852178902 190
196.029368568 180
196.202767159 190
196.372367829 190
196.538163883 190
196.700148776 180
196.858316113 170
197.012659649 170
197.163173291 180
197.309851098 180
197.452687279 180
197.591676194 190
197.726812357 200
197.858090433 190
197.985505238 180
198.109051744 170
198.228725073 160
198.3445205 160
198.456433453 150
198.564459515 140
198.668594421 150
198.76883406 160
198.865174474 150
198.95761186 150
199.04614257 150
199.130763107 140
199.211470131 140
199.288260457 130
199.361131052 130
199.43007904 140
199.495101698 140
199.55619646 130
199.613360914 140
199.666592803 130
199.715890026 140
199.761250636 150
199.802672843 140
199.840155011 150
199.873695661 160
199.903293468 170
199.928947264 170
199.950656037 180
199.968418928 190
199.982235238 200
199.99210442 200
199.998026086 200
200.0 190
199.998026086 190
199.99210442 190
199.982235238 190
199.968418928 200
199.950656037 200
199.928947264 190
199.903293468 180
199.873695661 170
199.840155011 160
199.802672843 160
199.761250636 160
199.715890026 150
199.666592803 150
199.613360914 160
199.55619646 160
199.495101698 170
199.43007904 170
199.361131052 180
199.288260457 180
199.211470131 170
199.130763107 160
199.04614257 150
198.95761186 160
198.865174474 150
198.76883406 140
198.668594421 130
198.564459515 120
198.456433453 120
198.3445205 130
198.228725073 130
198.109051744 120
197.985505238 110
197.858090433 110
197.726812357 120
197.591676194 130
197.452687279 120
197.309851098 130
197.163173291 130
197.012659649 140
196.858316113 150
196.700148776 140
196.538163883 130
196.372367829 140
196.202767159 130
196.029368568 120
195.852178902 120
195.671205156 110
195.486454475 100
195.297934152 100
195.10565163 100
194.909614499 110
194.709830499 110
194.506307518 100
194.299053589 90
194.088076895 100
193.873385765 100
193.654988675 90
193.432894246 90
193.207111246 80
192.977648589 80
192.744515333 90
192.507720683 90
192.267273987 80
192.023184737 90
191.775462568 80
191.524117262 80
191.26915874 90
191.010597068 90
190.748442454 80
190.482705247 90
190.213395937 100
189.940525157 90
189.664103679 90
189.384142415 90
189.100652419 80
188.813644881 80
188.523131133 90
188.229122643 100
187.931631019 100
187.630668004 110
187.326245481 120
187.018375467 120
186.707070116 110
186.392341719 100
186.0742027 90
185.752665619 80
185.42774317 70
185.099448179 70
184.767793609 80
184.43279255 90
184.09445823 90
183.752804004 100
183.407843361 90
183.05958992 80
182.708057427 90
182.353259763 100
181.995210933 110
181.633925072 110
181.269416443 100
180.901699437 110
180.530788571 120
180.156698487 130
179.779443954 130
179.399039865 130
179.015501238 140
178.628843214 130
178.239081058 120
177.846230157 110
177.45030602 110
177.051324278 120
176.649300681 120
176.244251101 130
175.836191529 140
175.425138074 130
175.011106963 140
174.594114542 150
174.174177274 160
173.751311736 170
173.325534622 180
172.896862742 180
172.465313019 180
172.030902489 170
171.593648302 160
171.153567721 170
170.710678119 170
170.26499698 170
169.816541899 160
169.365330581 160
168.911380839 150
168.454710593 150
167.995337872 140
167.533280812 140
167.068557654 150
166.601186743 140
166.131186532 130
165.658575575 130
165.18337253 140
164.705596157 140
164.225265318 130
163.742398975 120
163.257016191 120
162.769136129 130
162.278778049 130
161.785961309 140
161.290705365 130
160.793029769 140
160.292954169 150
159.790498306 150
159.285682016 150
158.778525229 160
158.269047967 150
157.757270342 140
157.243212559 130
156.726894913 130
156.208337785 140
155.687561649 150
155.164587063 140
154.639434673 140
154.112125213 130
153.582679498 120
153.051118431 110
152.517462996 110
151.981734262 120
151.443953378 130
150.904141575 140
150.362320164 140
149.818510534 150
149.272734155 150
148.725012573 160
148.17536741 160
147.623820367 170
147.070393217 160
146.515107808 170
145.957986062 170
145.399049974 160
144.838321609 150
144.275823104 140
143.711576665 140
143.145604568 150
142.577929157 150
142.008572841 140
141.437558099 130
140.864907474 130
140.290643571 140
139.714789063 140
139.137366684 140
138.558399228 130
137.977909552 130
137.395920574 140
136.812455268 140
136.22753667 150
135.641187871 140
135.053432019 130
134.464292317 120
133.873792025 120
133.281954452 130
132.688802965 140
132.094360981 150
131.498651966 150
130.901699437 160
130.303526963 170
129.704158158 160
129.103616683 160
128.501926247 170
127.899110604 170
127.295193552 160
126.690198932 150
126.084150629 150
125.477072568 150
124.868988716 160
124.25992308 160
123.649899702 150
123.038942668 140
122.427076095 140
121.81432414 150
121.200710992 150
120.586260877 140
119.970998051 130
119.354946805 130
118.738131459 140
118.120576363 140
117.502305898 140
116.883344471 150
116.263716519 150
115.643446504 160
115.022558912 160
114.401078255 170
113.779029068 170
113.156435909 160
112.533323356 150
111.909716009 160
111.285638487 160
110.661115428 150
110.036171485 150
109.410831332 160
108.785119655 160
108.159061157 170
107.532680553 160
106.906002571 160
106.279051953 150
105.651853448 150
105.024431818 160
104.396811832 150
103.769018267 160
103.141075908 150
102.513009544 140
101.884843972 140
101.256603988 150
100.628314397 140
100.0 130
99.3716856034 130
98.7433960117 120
98.1151560285 120
97.4869904557 130
96.8589240922 130
96.230981733 140
95.6031881682 140
94.975568182 150
94.3481465518 150
93.7209480471 150
93.0939974286 160
92.4673194472 160
91.8409388432 150
91.2148803449 140
90.5891686681 140
89.9638285149 150
89.3388845725 150
88.7143615127 160
88.0902839905 160
87.4666766436 170
86.8435640908 170
86.2209709315 180
85.5989217448 180
84.9774410879 180
84.356553496 180
83.7362834805 180
83.1166555287 180
82.4976941025 190
81.8794236373 180
81.2618685414 170
80.6450531949 180
80.0290019486 170
79.413739123 160
78.7992890078 150
78.1856758603 150
77.5729239051 160
76.9610573323 160
76.3501002976 170
75.7400769205 170
75.1310112835 180
74.5229274317 170
73.915849371 160
73.309801068 150
72.7048064483 140
72.1008893961 140
71.498073753 150
70.8963833172 140
70.2958418423 150
69.6964730367 160
69.0983005625 160
68.5013480345 150
67.9056390193 150
67.3111970345 160
66.7180455477 170
66.1262079755 170
65.5357076825 180
64.9465679809 180
64.3588121287 190
63.7724633295 190
63.1875447315 180
62.6040794262 170
62.0220904478 160
61.4416007723 160
60.8626333163 170
60.2852109365 170
59.7093564286 180
59.1350925264 180
58.5624419007 190
57.9914271588 180
57.4220708435 170
56.8543954319 180
56.2884233349 170
55.7241768961 170
55.161678391 160
54.600950026 160
54.0420139379 170
53.4848921923 160
52.9296067835 150
52.3761796332 150
51.8246325898 160
51.2749874275 150
50.7272658452 140
50.1814894661 140
49.6376798364 150
49.095858425 150
48.5560466218 160
48.0182657379 170
47.4825370039 160
46.9488815693 160
46.4173205021 150
45.8878747873 160
45.3605653266 150
44.8354129372 140
44.3124383512 140
43.7916622148 150
43.2731050873 140
42.7567874405 140
42.2427296578 130
41.7309520331 130
41.2214747708 140
40.7143179839 150
40.2095016942 140
39.7070458311 130
39.2069702305 130
38.7092946347 140
38.214038691 140
37.7212219512 150
37.2308638709 150
36.7429838087 150
36.2576010251 160
35.7747346823 160
35.2944038431 160
34.8166274699 170
34.3414244247 170
33.8688134676 180
33.3988132566 180
32.9314423463 190
32.4667191879 190
32.0046621278 200
31.5452894071 200
31.0886191613 190
30.6346694187 180
30.1834581007 170
29.7350030201 180
29.2893218813 190
28.8464322791 190
28.4063516978 200
27.9690975112 200
27.5346869813 190
27.1031372579 180
26.6744653777 180
26.2486882642 170
25.8258227261 170
25.4058854576 180
24.988893037 170
24.5748619264 160
24.1638084711 150
23.7557488989 140
23.3506993191 140
22.9486757224 150
22.5496939801 140
22.1537698433 150
21.7609189423 150
21.3711567863 160
20.9844987624 160
20.6009601352 160
20.2205560461 160
19.8433015129 170
19.4692114289 170
19.0983005625 180
18.7305835567 190
18.3660749283 200
18.0047890675 190
17.6467402372 190
17.2919425725 180
16.9404100804 180
16.5921566387 170
16.2471959958 160
15.9055417702 150
15.5672074498 150
15.2322063915 160
14.9005518205 160
14.5722568301 150
14.2473343806 140
13.9257972996 140
13.6076582807 130
13.2929298836 130
12.981624533 140
12.673754519 130
12.3693319956 120
12.0683689809 120
11.7708773565 130
11.4768688668 120
11.1863551186 110
10.8993475812 110
10.6158575849 120
10.3358963215 110
10.0594748434 120
9.78660406318 110
9.5172947534 110
9.25155754589 120
8.9894029315 110
8.73084125965 100
8.47588273791 100
8.2245374316 110
7.97681526341 100
7.73272601299 90
7.49227931655 90
7.25548466653 100
7.02235141117 90
6.79288875418 80
6.56710575434 80
6.34501132518 90
6.12661423461 100
5.91192310458 90
5.70094641071 80
5.49369248202 70
5.29016950053 70
5.09038550097 70
4.89434837048 80
4.70206584828 70
4.51354552534 70
4.32879484412 80
4.14782109826 90
3.97063143231 80
3.79723284139 70
3.627632171 70
3.46183611667 60
3.29985122376 70
3.14168388714 70
2.98734035099 60
2.83682670853 60
2.69014890179 50
2.54731272134 50
2.40832380613 60
2.27318764318 50
2.14190956745 50
2.01449476158 40
1.89094825567 40
1.77127492713 30
1.65547950047 20
1.54356654708 20
1.4355404851 30
1.33140557921 40
1.23116594049 40
1.13482552621 30
1.04238813973 30
0.953857430335 20
0.869236893049 10
0.788529868552 20
0.711739543019 10
0.638868947999 20
0.5699209603 10
0.50489830187 20
0.443803539692 10
0.386639085683 10
0.333407196597 20
0.284109973939 20
0.238749363877 20
0.197327157173 10
0.159844989102 10
0.126304339398 10
0.0967065321875 20
0.0710527359411 30
0.0493439634268 40
0.03158107167 40
0.0177647619191 50
0.00789557961839 60
0.00197391438628 60
0.0 50
0.00197391438628 40
0.00789557961839 40
0.0177647619191 30
0.03158107167 30
0.0493439634268 20
0.0710527359411 10
0.0967065321875 20
0.126304339398 20
0.159844989102 30
0.197327157173 40
0.238749363877 50
0.284109973939 50
0.333407196597 60
0.386639085683 50
0.443803539692 40
0.50489830187 40
0.5699209603 30
0.638868947999 30
0.711739543019 20
0.788529868552 20
0.869236893049 20
0.953857430335 30
1.04238813973 20
1.13482552621 10
1.23116594049 10
1.33140557921 10
1.4355404851 20
1.54356654708 10
1.65547950047 10
1.77127492713 20
1.89094825567 10
2.01449476158 20
2.14190956745 20
2.27318764318 10
2.40832380613 20
2.54731272134 30
2.69014890179 20
2.83682670853 20
2.98734035099 10
3.14168388714 10
3.29985122376 20
3.46183611667 10
3.627632171 20
3.79723284139 30
3.97063143231 30
4.14782109826 40
4.32879484412 50
4.51354552534 60
4.70206584828 60
4.89434837048 70
5.09038550097 60
5.29016950053 70
5.49369248202 70
5.70094641071 80
5.91192310458 80
6.12661423461 70
6.34501132518 70
6.56710575434 80
6.79288875418 80
7.02235141117 90
7.25548466653 90
7.49227931655 90
7.73272601299 100
7.97681526341 100
8.2245374316 90
8.47588273791 80
8.73084125965 90
8.9894029315 100
9.25155754589 100
9.5172947534 110
9.78660406318 100
10.0594748434 110
10.3358963215 110
10.6158575849 100
10.8993475812 100
11.1863551186 110
11.4768688668 100
11.7708773565 100
12.0683689809 90
12.3693319956 100
12.673754519 100
12.981624533 90
13.2929298836 90
13.6076582807 80
13.9257972996 90
14.2473343806 100
14.5722568301 90
14.9005518205 80
15.2322063915 90
15.5672074498 80
15.9055417702 80
16.2471959958 70
16.5921566387 70
16.9404100804 80
17.2919425725 90
17.6467402372 80
18.0047890675 70
18.3660749283 60
18.7305835567 60
19.0983005625 70
19.4692114289 60
19.8433015129 50
20.2205560461 60
20.6009601352 60
20.9844987624 70
21.3711567863 80
21.7609189423 80
22.1537698433 90
22.5496939801 80
22.9486757224 70
23.3506993191 70
23.7557488989 60
24.1638084711 50
24.5748619264 50
24.988893037 60
25.4058854576 50
25.8258227261 40
26.2486882642 40
26.6744653777 50
27.1031372579 40
27.5346869813 30
27.9690975112 30
28.4063516978 20
28.8464322791 10
29.2893218813 10
29.7350030201 20
30.1834581007 10
30.6346694187 10
31.0886191613 20
31.5452894071 20
32.0046621278 20
32.4667191879 30
32.9314423463 30
33.3988132566 40
33.8688134676 50
34.3414244247 60
34.8166274699 70
35.2944038431 70
35.7747346823 80
36.2576010251 80
36.7429838087 90
37.2308638709 90
37.7212219512 90
38.214038691 100
38.7092946347 100
39.2069702305 110
39.7070458311 110
40.2095016942 120
40.7143179839 120
41.2214747708 130
41.7309520331 120
42.2427296578 130
42.7567874405 120
43.2731050873 110
43.7916622148 100
44.3124383512 100
44.8354129372 110
45.3605653266 100
45.8878747873 90
46.4173205021 90
46.9488815693 100
47.4825370039 90
48.0182657379 90
48.5560466218 80
49.095858425 80
49.6376798364 90
50.1814894661 80
50.7272658452 80
51.2749874275 70
51.8246325898 70
52.3761796332 70
52.9296067835 60
53.4848921923 60
54.0420139379 70
54.600950026 80
55.161678391 90
55.7241768961 90
56.2884233349 100
56.8543954319 90
57.4220708435 80
57.9914271588 80
58.5624419007 80
59.1350925264 80
59.7093564286 70
60.2852109365 60
60.8626333163 60
61.4416007723 60
62.0220904478 70
62.6040794262 80
63.1875447315 80
63.7724633295 90
64.3588121287 80
64.9465679809 70
65.5357076825 70
66.1262079755 70
66.7180455477 70
67.3111970345 60
67.9056390193 50
68.5013480345 50
69.0983005625 60
69.6964730367 60
70.2958418423 50
70.8963833172 50
71.498073753 60
72.1008893961 60
72.7048064483 60
73.309801068 70
73.915849371 80
74.5229274317 80
75.1310112835 90
75.7400769205 90
76.3501002976 90
76.9610573323 100
77.5729239051 100
78.1856758603 110
78.7992890078 110
79.413739123 100
80.0290019486 110
80.6450531949 110
81.2618685414 120
81.8794236373 110
82.4976941025 100
83.1166555287 100
83.7362834805 110
84.356553496 100
84.9774410879 90
85.5989217448 100
86.2209709315 100
86.8435640908 90
87.4666766436 100
88.0902839905 90
88.7143615127 90
89.3388845725 80
89.9638285149 80
90.5891686681 90
91.2148803449 90
91.8409388432 100
92.4673194472 100
93.0939974286 110
93.7209480471 110
94.3481465518 120
94.975568182 110
95.6031881682 120
96.230981733 120
96.8589240922 120
97.4869904557 110
98.1151560285 100
98.7433960117 90
99.3716856034 80
100.0 80
100.628314397 90
101.256603988 90
101.884843972 100
102.513009544 100
103.141075908 100
103.769018267 110
104.396811832 110
105.024431818 120
105.651853448 120
106.279051953 130
106.906002571 120
107.532680553 110
108.159061157 100
108.785119655 90
109.410831332 90
110.036171485 80
110.661115428 70
111.285638487 70
111.909716009 70
112.533323356 60
113.156435909 50
113.779029068 60
114.401078255 60
115.022558912 50
115.643446504 40
116.263716519 40
116.883344471 40
117.502305898 30
118.120576363 30
118.738131459 40
119.354946805 50
119.970998051 50
120.586260877 50
121.200710992 40
121.81432414 40
122.427076095 50
123.038942668 40
123.649899702 30
124.25992308 30
124.868988716 40
125.477072568 50
126.084150629 40
126.690198932 40
127.295193552 50
127.899110604 50
128.501926247 60
129.103616683 60
129.704158158 70
130.303526963 60
130.901699437 50
131.498651966 50
132.094360981 60
132.688802965 60
133.281954452 70
133.873792025 70
134.464292317 80
135.053432019 80
135.641187871 90
136.22753667 90
136.812455268 100
137.395920574 100
137.977909552 110
138.558399228 100
139.137366684 110
139.714789063 120
140.290643571 110
140.864907474 110
141.437558099 110
142.008572841 110
142.577929157 120
143.145604568 120
143.711576665 130
144.275823104 120
144.838321609 110
145.399049974 100
145.957986062 100
146.515107808 110
147.070393217 120
147.623820367 130
148.17536741 120
148.725012573 110
149.272734155 110
149.818510534 120
150.362320164 110
150.904141575 100
151.443953378 100
151.981734262 100
152.517462996 90
153.051118431 80
153.582679498 70
154.112125213 70
154.639434673 80
155.164587063 80
155.687561649 80
156.208337785 80
156.726894913 80
157.243212559 90
157.757270342 90
158.269047967 100
158.778525229 110
159.285682016 120
159.790498306 120
160.292954169 120
160.793029769 110
161.290705365 110
161.785961309 120
162.278778049 120
162.769136129 110
163.257016191 100
163.742398975 110
164.225265318 120
164.705596157 110
165.18337253 110
165.658575575 100
166.131186532 100
166.601186743 90
167.068557654 80
167.533280812 80
167.995337872 80
168.454710593 90
168.911380839 90
169.365330581 100
169.816541899 100
170.26499698 90
170.710678119 90
171.153567721 100
171.593648302 100
172.030902489 110
172.465313019 100
172.896862742 90
173.325534622 90
173.751311736 80
174.174177274 90
174.594114542 100
175.011106963 110
175.425138074 110
175.836191529 120
176.244251101 120
176.649300681 120
177.051324278 110
177.45030602 100
177.846230157 100
178.239081058 90
178.628843214 100
179.015501238 110
179.399039865 120
179.779443954 130
180.156698487 140
180.530788571 140
180.901699437 150
181.269416443 150
181.633925072 160
181.995210933 150
182.353259763 160
182.708057427 160
183.05958992 150
183.407843361 150
183.752804004 140
184.09445823 130
184.43279255 140
184.767793609 150
185.099448179 150
185.42774317 140
185.752665619 140
186.0742027 130
186.392341719 140
186.707070116 130
187.018375467 130
187.326245481 130
187.630668004 120
187.931631019 120
188.229122643 130
188.523131133 130
188.813644881 140
189.100652419 150
189.384142415 160
189.664103679 160
189.940525157 170
190.213395937 160
190.482705247 150
190.748442454 140
191.010597068 140
191.26915874 150
191.524117262 150
191.775462568 150
192.023184737 140
192.267273987 140
192.507720683 150
192.744515333 140
192.977648589 130
193.207111246 140
193.432894246 150
193.654988675 160
193.873385765 170
194.088076895 160
194.299053589 150
194.506307518 150
194.709830499 160
194.909614499 160
195.10565163 170
195.297934152 180
195.486454475 190
195.671205156 180
195.852178902 190
196.029368568 200
196.202767159 190
196.372367829 190
196.538163883 200
196.700148776 200
196.858316113 190
197.012659649 190
197.163173291 200
197.309851098 200
197.452687279 190
197.591676194 180
197.726812357 180
197.858090433 170
197.985505238 170
198.109051744 160
198.228725073 160
198.3445205 170
198.456433453 180
198.564459515 170
198.668594421 170
198.76883406 180
198.865174474 190
198.95761186 180
199.04614257 190
199.130763107 190
199.211470131 180
199.288260457 180
199.361131052 170
199.43007904 180
199.495101698 180
199.55619646 190
199.613360914 180
199.666592803 190
199.715890026 200
199.761250636 190
199.802672843 180
199.840155011 190
199.873695661 190
199.903293468 200
199.928947264 200
199.950656037 200
199.968418928 190
199.982235238 180
199.99210442 180
199.998026086 170
200.0 170
199.998026086 160
199.99210442 170
199.982235238 160
199.968418928 150
199.950656037 140
199.928947264 130
199.903293468 120
199.873695661 110
199.840155011 100
199.802672843 90
199.761250636 80
199.715890026 70
199.666592803 70
199.613360914 80
199.55619646 80
199.495101698 70
199.43007904 70
199.361131052 60
199.288260457 60
199.211470131 70
199.130763107 70
199.04614257 60
198.95761186 50
198.865174474 50
198.76883406 60
198.668594421 70
198.564459515 60
198.456433453 60
198.3445205 50
198.228725073 40
198.109051744 40
197.985505238 40
197.858090433 30
197.726812357 30
197.591676194 30
197.452687279 40
197.309851098 50
197.163173291 50
197.012659649 60
196.858316113 50
196.700148776 40
196.538163883 30
196.372367829 30
196.202767159 20
196.029368568 10
195.852178902 10
195.671205156 10
195.486454475 20
195.297934152 10
195.10565163 20
194.909614499 20
194.709830499 30
194.506307518 20
194.299053589 20
194.088076895 30
193.873385765 30
193.654988675 40
193.432894246 40
193.207111246 30
192.977648589 30
192.744515333 40
192.507720683 50
192.267273987 40
192.023184737 40
191.775462568 50
191.524117262 60
191.26915874 70
191.010597068 80
190.748442454 80
190.482705247 90
190.213395937 80
189.940525157 90
189.664103679 100
189.384142415 100
189.100652419 110
188.813644881 120
188.523131133 110
188.229122643 110
187.931631019 120
187.630668004 120
187.326245481 110
187.018375467 110
186.707070116 100
186.392341719 90
186.0742027 100
185.752665619 100
185.42774317 110
185.099448179 120
184.767793609 130
184.43279255 140
184.09445823 150
183.752804004 160
183.407843361 150
183.05958992 150
182.708057427 160
182.353259763 160
181.995210933 170
181.633925072 180
181.269416443 180
180.901699437 170
180.530788571 170
180.156698487 160
179.779443954 170
179.399039865 180
179.015501238 170
178.628843214 180
178.239081058 180
177.846230157 190
177.45030602 180
177.051324278 190
176.649300681 190
176.244251101 200
175.836191529 200
175.425138074 190
175.011106963 190
174.594114542 180
174.174177274 190
173.751311736 200
173.325534622 200
172.896862742 190
172.465313019 200
172.030902489 200
171.593648302 200
171.153567721 200
170.710678119 190
170.26499698 180
169.816541899 180
169.365330581 190
168.911380839 180
168.454710593 170
167.995337872 160
167.533280812 150
167.068557654 150
166.601186743 160
166.131186532 160
165.658575575 170
165.18337253 170
164.705596157 180
164.225265318 170
163.742398975 170
163.257016191 160
162.769136129 160
162.278778049 170
161.785961309 180
161.290705365 170
160.793029769 180
160.292954169 180
159.790498306 170
159.285682016 170
158.778525229 160
158.269047967 170
157.757270342 160
157.243212559 150
156.726894913 150
156.208337785 160
155.687561649 160
155.164587063 170
154.639434673 180
154.112125213 180
153.582679498 190
153.051118431 190
152.517462996 190
151.981734262 200
151.443953378 200
150.904141575 190
150.362320164 180
149.818510534 170
149.272734155 160
148.725012573 170
148.17536741 160
147.623820367 170
147.070393217 170
146.515107808 180
145.957986062 190
145.399049974 180
144.838321609 170
144.275823104 180
143.711576665 180
143.145604568 170
142.577929157 180
142.008572841 180
141.437558099 190
140.864907474 190
140.290643571 200
139.714789063 190
139.137366684 190
138.558399228 200
137.977909552 200
137.395920574 190
136.812455268 180
136.22753667 190
135.641187871 200
135.053432019 200
134.464292317 200
133.873792025 190
133.281954452 180
132.688802965 170
132.094360981 160
131.498651966 160
130.901699437 170
130.303526963 180
129.704158158 190
129.103616683 190
128.501926247 190
127.899110604 200
127.295193552 200
126.690198932 190
126.084150629 190
125.477072568 180
124.868988716 180
124.25992308 190
123.649899702 200
123.038942668 190
122.427076095 180
121.81432414 190
121.200710992 180
120.586260877 180
119.970998051 170
119.354946805 160
118.738131459 150
118.120576363 150
117.502305898 150
116.883344471 140
116.263716519 130
115.643446504 120
115.022558912 120
114.401078255 130
113.779029068 120
113.156435909 110
112.533323356 110
111.909716009 120
111.285638487 110
110.661115428 100
110.036171485 110
109.410831332 110
108.785119655 100
108.159061157 100
107.532680553 90
106.906002571 100
106.279051953 110
105.651853448 110
105.024431818 120
104.396811832 110
103.769018267 100
103.141075908 100
102.513009544 100
101.884843972 90
101.256603988 90
100.628314397 100
100.0 110
99.3716856034 100
98.7433960117 110
98.1151560285 110
97.4869904557 120
96.8589240922 110
96.230981733 110
95.6031881682 100
94.975568182 90
94.3481465518 90
93.7209480471 80
93.0939974286 90
92.4673194472 90
91.8409388432 80
91.2148803449 90
90.5891686681 80
89.9638285149 70
89.3388845725 60
88.7143615127 60
88.0902839905 70
87.4666766436 60
86.8435640908 50
86.2209709315 50
85.5989217448 60
84.9774410879 50
84.356553496 40
83.7362834805 40
83.1166555287 50
82.4976941025 50
81.8794236373 40
81.2618685414 30
80.6450531949 20
80.0290019486 20
79.413739123 30
78.7992890078 30
78.1856758603 30
77.5729239051 40
76.9610573323 40
76.3501002976 30
75.7400769205 20
75.1310112835 30
74.5229274317 40
73.915849371 50
73.309801068 40
72.7048064483 50
72.1008893961 60
71.498073753 50
70.8963833172 50
70.2958418423 50
69.6964730367 60
69.0983005625 50
68.5013480345 40
67.9056390193 40
67.3111970345 40
66.7180455477 50
66.1262079755 60
65.5357076825 60
64.9465679809 70
64.3588121287 80
63.7724633295 90
63.1875447315 100
62.6040794262 100
62.0220904478 110
61.4416007723 110
60.8626333163 120
60.2852109365 120
59.7093564286 130
59.1350925264 130
58.5624419007 140
57.9914271588 150
57.4220708435 140
56.8543954319 130
56.2884233349 120
55.7241768961 120
55.161678391 130
54.600950026 120
54.0420139379 130
53.4848921923 120
52.9296067835 110
52.3761796332 110
51.8246325898 120
51.2749874275 110
50.7272658452 110
50.1814894661 120
49.6376798364 110
49.095858425 110
48.5560466218 120
48.0182657379 110
47.4825370039 100
46.9488815693 90
46.4173205021 80
45.8878747873 70
45.3605653266 70
44.8354129372 80
44.3124383512 70
43.7916622148 60
43.2731050873 60
42.7567874405 70
42.2427296578 60
41.7309520331 50
41.2214747708 50
40.7143179839 60
40.2095016942 70
39.7070458311 60
39.2069702305 60
38.7092946347 70
38.214038691 60
37.7212219512 50
37.2308638709 50
36.7429838087 60
36.2576010251 50
35.7747346823 40
35.2944038431 40
34.8166274699 50
34.3414244247 40
33.8688134676 40
33.3988132566 40
32.9314423463 40
32.4667191879 30
32.0046621278 20
31.5452894071 10
31.0886191613 20
30.6346694187 30
30.1834581007 30
29.7350030201 20
29.2893218813 20
28.8464322791 30
28.4063516978 20
27.9690975112 30
27.5346869813 40
27.1031372579 30
26.6744653777 30
26.2486882642 30
25.8258227261 30
25.4058854576 20
24.988893037 30
24.5748619264 20
24.1638084711 20
23.7557488989 30
23.3506993191 20
22.9486757224 10
22.5496939801 20
22.1537698433 30
21.7609189423 40
21.3711567863 30
20.9844987624 40
20.6009601352 30
20.2205560461 20
19.8433015129 20
19.4692114289 20
19.0983005625 30
18.7305835567 30
18.3660749283 30
18.0047890675 20
17.6467402372 10
17.2919425725 20
16.9404100804 20
16.5921566387 10
16.2471959958 10
15.9055417702 20
15.5672074498 10
15.2322063915 10
14.9005518205 20
14.5722568301 10
14.2473343806 20
13.9257972996 30
13.6076582807 20
13.2929298836 30
12.981624533 40
12.673754519 40
12.3693319956 50
12.0683689809 50
11.7708773565 40
11.4768688668 30
11.1863551186 30
10.8993475812 40
10.6158575849 40
10.3358963215 50
10.0594748434 40
9.78660406318 30
9.5172947534 40
9.25155754589 30
8.9894029315 30
8.73084125965 40
8.47588273791 40
8.2245374316 40
7.97681526341 50
7.73272601299 50
7.49227931655 40
7.25548466653 50
7.02235141117 50
6.79288875418 60
6.56710575434 70
6.34501132518 70
6.12661423461 80
5.91192310458 70
5.70094641071 60
5.49369248202 50
5.29016950053 40
5.09038550097 50
4.89434837048 50
4.70206584828 50
4.51354552534 60
4.32879484412 70
4.14782109826 80
3.97063143231 80
3.79723284139 70
3.627632171 60
3.46183611667 60
3.29985122376 60
3.14168388714 70
2.98734035099 80
2.83682670853 90
2.69014890179 90
2.54731272134 90
2.40832380613 90
2.27318764318 80
2.14190956745 70
2.01449476158 70
1.89094825567 60
1.77127492713 60
1.65547950047 70
1.54356654708 80
1.4355404851 80
1.33140557921 90
1.23116594049 100
1.13482552621 110
1.04238813973 110
0.953857430335 110
0.869236893049 110
0.788529868552 120
0.711739543019 130
0.638868947999 120
0.5699209603 120
0.50489830187 110
0.443803539692 120
0.386639085683 120
0.333407196597 130
0.284109973939 120
0.238749363877 110
0.197327157173 110
0.159844989102 120
0.126304339398 130
0.0967065321875 120
0.0710527359411 130
0.0493439634268 130
0.03158107167 120
0.0177647619191 130
0.00789557961839 120
0.00197391438628 130
0.0 120
0.00197391438628 130
0.00789557961839 140
0.0177647619191 140
0.03158107167 150
0.0493439634268 150
0.0710527359411 140
0.0967065321875 130
0.126304339398 130
0.159844989102 130
0.197327157173 140
0.238749363877 140
0.284109973939 130
0.333407196597 120
0.386639085683 130
0.443803539692 120
0.50489830187 130
0.5699209603 130
0.638868947999 130
0.711739543019 140
0.788529868552 150
0.869236893049 160
0.953857430335 160
1.04238813973 170
1.13482552621 170
1.23116594049 170
1.33140557921 180
1.4355404851 180
1.54356654708 190
1.65547950047 190
1.77127492713 200
1.89094825567 200
2.01449476158 200
2.14190956745 200
2.27318764318 190
2.40832380613 180
2.54731272134 170
2.69014890179 160
2.83682670853 150
2.98734035099 140
3.14168388714 150
3.29985122376 150
3.46183611667 160
3.627632171 160
3.79723284139 170
3.97063143231 160
4.14782109826 160
4.32879484412 160
4.51354552534 150
4.70206584828 140
4.89434837048 130
5.09038550097 120
5.29016950053 110
5.49369248202 120
5.70094641071 110
5.91192310458 100
6.12661423461 110
6.34501132518 100
6.56710575434 90
6.79288875418 100
7.02235141117 90
7.25548466653 90
7.49227931655 100
7.73272601299 110
7.97681526341 110
8.2245374316 120
8.47588273791 120
8.73084125965 120
8.9894029315 130
9.25155754589 140
9.5172947534 130
9.78660406318 120
10.0594748434 110
10.3358963215 120
10.6158575849 110
10.8993475812 120
11.1863551186 120
11.4768688668 120
11.7708773565 120
12.0683689809 130
12.3693319956 120
12.673754519 130
12.981624533 130
13.2929298836 140
13.6076582807 150
13.9257972996 140
14.2473343806 130
14.5722568301 140
14.9005518205 150
15.2322063915 150
15.5672074498 140
15.9055417702 130
16.2471959958 120
16.5921566387 120
16.9404100804 130
17.2919425725 130
17.6467402372 130
18.0047890675 140
18.3660749283 140
18.7305835567 140
19.0983005625 150
19.4692114289 160
19.8433015129 170
20.2205560461 160
20.6009601352 150
20.9844987624 140
21.3711567863 130
21.7609189423 140
22.1537698433 130
22.5496939801 140
22.9486757224 130
23.3506993191 140
23.7557488989 130
24.1638084711 120
24.5748619264 120
24.988893037 130
25.4058854576 120
25.8258227261 110
26.2486882642 110
26.6744653777 120
27.1031372579 110
27.5346869813 100
27.9690975112 100
28.4063516978 90
28.8464322791 80
29.2893218813 90
29.7350030201 100
30.1834581007 110
30.6346694187 100
31.0886191613 110
31.5452894071 100
32.0046621278 100
32.4667191879 100
32.9314423463 90
33.3988132566 80
33.8688134676 70
34.3414244247 60
34.8166274699 50
35.2944038431 40
35.7747346823 30
36.2576010251 40
36.7429838087 50
37.2308638709 50
37.7212219512 40
38.214038691 30
38.7092946347 20
39.2069702305 20
39.7070458311 20
40.2095016942 20
40.7143179839 10
41.2214747708 10
41.7309520331 10
42.2427296578 20
42.7567874405 10
43.2731050873 20
43.7916622148 20
44.3124383512 30
44.8354129372 20
45.3605653266 30
45.8878747873 30
46.4173205021 20
46.9488815693 20
47.4825370039 30
48.0182657379 40
48.5560466218 40
49.095858425 50
49.6376798364 40
50.1814894661 30
50.7272658452 30
51.2749874275 40
51.8246325898 40
52.3761796332 30
52.9296067835 20
53.4848921923 20
54.0420139379 30
54.600950026 40
55.161678391 50
55.7241768961 50
56.2884233349 60
56.8543954319 60
57.4220708435 70
57.9914271588 60
58.5624419007 50
59.1350925264 50
59.7093564286 40
60.2852109365 50
60.8626333163 40
61.4416007723 30
62.0220904478 30
62.6040794262 40
63.1875447315 40
63.7724633295 30
64.3588121287 30
64.9465679809 20
65.5357076825 20
66.1262079755 30
66.7180455477 40
67.3111970345 30
67.9056390193 30
68.5013480345 20
69.0983005625 10
69.6964730367 20
70.2958418423 10
70.8963833172 20
71.498073753 20
72.1008893961 10
72.7048064483 20
73.309801068 10
73.915849371 10
74.5229274317 20
75.1310112835 30
75.7400769205 40
76.3501002976 30
76.9610573323 40
77.5729239051 40
78.1856758603 50
78.7992890078 40
79.413739123 40
80.0290019486 30
80.6450531949 40
81.2618685414 40
81.8794236373 30
82.4976941025 30
83.1166555287 30
83.7362834805 20
84.356553496 30
84.9774410879 20
85.5989217448 10
86.2209709315 10
86.8435640908 20
87.4666766436 20
88.0902839905 20
88.7143615127 30
89.3388845725 20
89.9638285149 30
90.5891686681 30
91.2148803449 30
91.8409388432 40
92.4673194472 40
93.0939974286 50
93.7209480471 50
94.3481465518 50
94.975568182 60
95.6031881682 60
96.230981733 70
96.8589240922 70
97.4869904557 80
98.1151560285 80
98.7433960117 70
99.3716856034 60
100.0 50
100.628314397 40
101.256603988 40
101.884843972 50
102.513009544 60
103.141075908 50
103.769018267 40
104.396811832 50
105.024431818 40
105.651853448 30
106.279051953 40
106.906002571 30
107.532680553 30
108.159061157 20
108.785119655 10
109.410831332 10
110.036171485 20
110.661115428 20
111.285638487 30
111.909716009 20
112.533323356 10
113.156435909 10
113.779029068 20
114.401078255 30
115.022558912 40
115.643446504 40
116.263716519 30
116.883344471 30
117.502305898 20
118.120576363 20
118.738131459 10
119.354946805 20
119.970998051 30
120.586260877 40
121.200710992 50
121.81432414 50
122.427076095 60
123.038942668 50
123.649899702 60
124.25992308 70
124.868988716 70
125.477072568 60
126.084150629 60
126.690198932 60
127.295193552 70
127.899110604 80
128.501926247 70
129.103616683 80
129.704158158 90
130.303526963 100
130.901699437 100
131.498651966 100
132.094360981 90
132.688802965 80
133.281954452 70
133.873792025 70
134.464292317 60
135.053432019 70
135.641187871 70
136.22753667 80
136.812455268 90
137.395920574 100
137.977909552 90
138.558399228 100
139.137366684 100
139.714789063 110
140.290643571 110
140.864907474 100
141.437558099 90
142.008572841 90
142.577929157 100
143.145604568 90
143.711576665 100
144.275823104 100
144.838321609 90
145.399049974 100
145.957986062 90
146.515107808 100
147.070393217 90
147.623820367 80
148.17536741 70
148.725012573 70
149.272734155 80
149.818510534 90
150.362320164 90
150.904141575 100
151.443953378 110
151.981734262 110
152.517462996 120
153.051118431 120
153.582679498 110
154.112125213 100
154.639434673 90
155.164587063 80
155.687561649 90
156.208337785 90
156.726894913 90
157.243212559 100
157.757270342 100
158.269047967 110
158.778525229 100
159.285682016 90
159.790498306 100
160.292954169 100
160.793029769 90
161.290705365 90
161.785961309 80
162.278778049 70
162.769136129 70
163.257016191 80
163.742398975 90
164.225265318 80
164.705596157 80
165.18337253 80
165.658575575 70
166.131186532 60
166.601186743 60
167.068557654 60
167.533280812 70
167.995337872 70
168.454710593 60
168.911380839 70
169.365330581 60
169.816541899 50
170.26499698 50
170.710678119 40
171.153567721 40
171.593648302 50
172.030902489 50
172.465313019 60
172.896862742 60
173.325534622 50
173.751311736 40
174.174177274 30
174.594114542 30
175.011106963 40
175.425138074 50
175.836191529 40
176.244251101 40
176.649300681 30
177.051324278 30
177.45030602 40
177.846230157 40
178.239081058 30
178.628843214 20
179.015501238 20
179.399039865 30
179.779443954 30
180.156698487 30
180.530788571 40
180.901699437 40
181.269416443 30
181.633925072 40
181.995210933 50
182.353259763 60
182.708057427 60
183.05958992 70
183.407843361 60
183.752804004 50
184.09445823 50
184.43279255 40
184.767793609 50
185.099448179 60
185.42774317 70
185.752665619 70
186.0742027 70
186.392341719 60
186.707070116 60
187.018375467 50
187.326245481 40
187.630668004 40
187.931631019 30
188.229122643 30
188.523131133 20
188.813644881 30
189.100652419 30
189.384142415 40
189.664103679 30
189.940525157 20
190.213395937 20
190.482705247 30
190.748442454 30
191.010597068 40
191.26915874 50
191.524117262 50
191.775462568 60
192.023184737 60
192.267273987 50
192.507720683 60
192.744515333 70
192.977648589 80
193.207111246 90
193.432894246 100
193.654988675 90
193.873385765 90
194.088076895 80
194.299053589 70
194.506307518 80
194.709830499 80
194.909614499 90
195.10565163 80
195.297934152 90
195.486454475 90
195.671205156 90
195.852178902 100
196.029368568 110
196.202767159 120
196.372367829 110
196.538163883 110
196.700148776 100
196.858316113 100
197.012659649 110
197.163173291 120
197.309851098 130
197.452687279 120
197.591676194 120
197.726812357 130
197.858090433 130
197.985505238 120
198.109051744 120
198.228725073 110
198.3445205 120
198.456433453 130
198.564459515 140
198.668594421 130
198.76883406 140
198.865174474 140
198.95761186 150
199.04614257 150
199.130763107 160
199.211470131 150
199.288260457 140
199.361131052 150
199.43007904 160
199.495101698 160
199.55619646 150
199.613360914 160
199.666592803 160
199.715890026 150
199.761250636 160
199.802672843 150
199.840155011 160
199.873695661 160
199.903293468 150
199.928947264 150
199.950656037 150
199.968418928 140
199.982235238 140
199.99210442 130
199.998026086 130
200.0 140
199.998026086 130
199.99210442 120
199.982235238 110
199.968418928 110
199.950656037 110
199.928947264 120
199.903293468 120
199.873695661 110
199.840155011 110
199.802672843 100
199.761250636 100
199.715890026 90
199.666592803 100
199.613360914 90
199.55619646 90
199.495101698 80
199.43007904 70
199.361131052 70
199.288260457 60
199.211470131 70
199.130763107 80
199.04614257 80
198.95761186 80
198.865174474 70
198.76883406 70
198.668594421 70
198.564459515 80
198.456433453 70
198.3445205 60
198.228725073 60
198.109051744 70
197.985505238 60
197.858090433 50
197.726812357 50
197.591676194 60
197.452687279 50
197.309851098 40
197.163173291 50
197.012659649 40
196.858316113 40
196.700148776 40
196.538163883 30
196.372367829 20
196.202767159 20
196.029368568 10
195.852178902 20
195.671205156 10
195.486454475 20
195.297934152 10
195.10565163 10
194.909614499 10
194.709830499 10
194.506307518 10
194.299053589 20
194.088076895 10
193.873385765 20
193.654988675 10
193.432894246 20
193.207111246 30
192.977648589 20
192.744515333 10
192.507720683 10
192.267273987 20
192.023184737 20
191.775462568 30
191.524117262 30
191.26915874 30
191.010597068 20
190.748442454 30
190.482705247 30
190.213395937 40
189.940525157 30
189.664103679 20
189.384142415 10
189.100652419 10
188.813644881 20
188.523131133 10
188.229122643 10
187.931631019 20
187.630668004 30
187.326245481 40
187.018375467 50
186.707070116 50
186.392341719 60
186.0742027 60
185.752665619 70
185.42774317 70
185.099448179 70
184.767793609 60
184.43279255 50
184.09445823 60
183.752804004 60
183.407843361 70
183.05958992 80
182.708057427 80
182.353259763 70
181.995210933 80
181.633925072 80
181.269416443 80
180.901699437 70
180.530788571 80
180.156698487 90
179.779443954 90
179.399039865 80
179.015501238 80
178.628843214 90
178.239081058 90
177.846230157 80
177.45030602 80
177.051324278 70
176.649300681 80
176.244251101 80
175.836191529 70
175.425138074 70
175.011106963 60
174.594114542 70
174.174177274 80
173.751311736 70
173.325534622 70
172.896862742 60
172.465313019 60
172.030902489 70
171.593648302 80
171.153567721 90
170.710678119 80
170.26499698 90
169.816541899 90
169.365330581 100
168.911380839 110
168.454710593 110
167.995337872 100
167.533280812 110
167.068557654 120
166.601186743 130
166.131186532 120
165.658575575 130
165.18337253 120
164.705596157 120
164.225265318 110
163.742398975 110
163.257016191 120
162.769136129 130
162.278778049 130
161.785961309 140
161.290705365 150
160.793029769 140
160.292954169 150
159.790498306 150
159.285682016 140
158.778525229 130
158.269047967 130
157.757270342 120
157.243212559 130
156.726894913 140
156.208337785 150
155.687561649 140
155.164587063 140
154.639434673 130
154.112125213 130
153.582679498 120
153.051118431 110
152.517462996 120
151.981734262 120
151.443953378 130
150.904141575 140
150.362320164 150
149.818510534 160
149.272734155 150
148.725012573 160
148.17536741 160
147.623820367 160
147.070393217 150
146.515107808 140
145.957986062 130
145.399049974 130
144.838321609 130
144.275823104 120
143.711576665 120
143.145604568 120
142.577929157 120
142.008572841 110
141.437558099 100
140.864907474 90
140.290643571 80
139.714789063 90
139.137366684 100
138.558399228 110
137.977909552 100
137.395920574 110
136.812455268 120
136.22753667 110
135.641187871 110
135.053432019 120
134.464292317 120
133.873792025 130
133.281954452 130
132.688802965 130
132.094360981 120
131.498651966 110
130.901699437 120
130.303526963 110
129.704158158 110
129.103616683 120
128.501926247 110
127.899110604 110
127.295193552 100
126.690198932 110
126.084150629 110
125.477072568 120
124.868988716 120
124.25992308 130
123.649899702 130
123.038942668 140
122.427076095 130
121.81432414 120
121.200710992 110
120.586260877 100
119.970998051 100
119.354946805 100
118.738131459 90
118.120576363 100
117.502305898 100
116.883344471 110
116.263716519 100
115.643446504 110
115.022558912 110
114.401078255 120
113.779029068 120
113.156435909 110
112.533323356 120
111.909716009 130
111.285638487 140
110.661115428 150
110.036171485 140
109.410831332 130
108.785119655 140
108.159061157 130
107.532680553 130
106.906002571 120
106.279051953 120
105.651853448 130
105.024431818 120
104.396811832 120
103.769018267 110
103.141075908 100
102.513009544 100
101.884843972 90
101.256603988 90
100.628314397 80
100.0 80
99.3716856034 90
98.7433960117 80
98.1151560285 70
97.4869904557 70
96.8589240922 60
96.230981733 70
95.6031881682 80
94.975568182 70
94.3481465518 80
93.7209480471 80
93.0939974286 90
92.4673194472 100
91.8409388432 90
91.2148803449 90
90.5891686681 80
89.9638285149 90
89.3388845725 90
88.7143615127 80
88.0902839905 70
87.4666766436 70
86.8435640908 80
86.2209709315 90
85.5989217448 100
84.9774410879 90
84.356553496 90
83.7362834805 90
83.1166555287 80
82.4976941025 90
81.8794236373 80
81.2618685414 80
80.6450531949 80
80.0290019486 70
79.413739123 70
78.7992890078 70
78.1856758603 60
77.5729239051 60
76.9610573323 70
76.3501002976 70
75.7400769205 80
75.1310112835 70
74.5229274317 80
73.915849371 70
73.309801068 80
72.7048064483 80
72.1008893961 90
71.498073753 80
70.8963833172 90
70.2958418423 90
69.6964730367 100
69.0983005625 90
68.5013480345 90
67.9056390193 80
67.3111970345 70
66.7180455477 60
66.1262079755 50
65.5357076825 50
64.9465679809 40
64.3588121287 30
63.7724633295 20
63.1875447315 20
62.6040794262 30
62.0220904478 40
61.4416007723 50
60.8626333163 60
60.2852109365 60
59.7093564286 60
59.1350925264 50
58.5624419007 40
57.9914271588 40
57.4220708435 30
56.8543954319 40
56.2884233349 50
55.7241768961 50
55.161678391 50
54.600950026 60
54.0420139379 60
53.4848921923 50
52.9296067835 40
52.3761796332 40
51.8246325898 40
51.2749874275 40
50.7272658452 30
50.1814894661 40
49.6376798364 30
49.095858425 20
48.5560466218 30
48.0182657379 40
47.4825370039 50
46.9488815693 40
46.4173205021 40
45.8878747873 30
45.3605653266 30
44.8354129372 20
44.3124383512 30
43.7916622148 30
43.2731050873 40
42.7567874405 40
42.2427296578 50
41.7309520331 50
41.2214747708 60
40.7143179839 50
40.2095016942 40
39.7070458311 50
39.2069702305 40
38.7092946347 40
38.214038691 40
37.7212219512 50
37.2308638709 60
36.7429838087 60
36.2576010251 70
35.7747346823 70
35.2944038431 80
34.8166274699 80
34.3414244247 80
33.8688134676 70
33.3988132566 70
32.9314423463 70
32.4667191879 60
32.0046621278 50
31.5452894071 40
31.0886191613 30
30.6346694187 30
30.1834581007 40
29.7350030201 30
29.2893218813 40
28.8464322791 40
28.4063516978 30
27.9690975112 20
27.5346869813 20
27.1031372579 10
26.6744653777 10
26.2486882642 10
25.8258227261 10
25.4058854576 20
24.988893037 30
24.5748619264 40
24.1638084711 40
23.7557488989 50
23.3506993191 60
22.9486757224 50
22.5496939801 60
22.1537698433 70
21.7609189423 60
21.3711567863 60
20.9844987624 70
20.6009601352 70
20.2205560461 80
19.8433015129 90
19.4692114289 80
19.0983005625 70
18.7305835567 70
18.3660749283 70
18.0047890675 60
17.6467402372 50
17.2919425725 60
16.9404100804 60
16.5921566387 50
16.2471959958 50
15.9055417702 50
15.5672074498 50
15.2322063915 50
14.9005518205 40
14.5722568301 40
14.2473343806 50
13.9257972996 60
13.6076582807 70
13.2929298836 60
12.981624533 70
12.673754519 70
12.3693319956 80
12.0683689809 80
11.7708773565 70
11.4768688668 80
11.1863551186 90
10.8993475812 90
10.6158575849 80
10.3358963215 80
10.0594748434 90
9.78660406318 90
9.5172947534 80
9.25155754589 90
8.9894029315 100
8.73084125965 100
8.47588273791 100
8.2245374316 110
7.97681526341 120
7.73272601299 130
7.49227931655 120
7.25548466653 110
7.02235141117 100
6.79288875418 110
6.56710575434 110
6.34501132518 120
6.12661423461 110
5.91192310458 120
5.70094641071 120
5.49369248202 130
5.29016950053 130
5.09038550097 120
4.89434837048 130
4.70206584828 140
4.51354552534 130
4.32879484412 140
4.14782109826 140
3.97063143231 150
3.79723284139 150
3.627632171 160
3.46183611667 170
3.29985122376 170
3.14168388714 170
2.98734035099 180
2.83682670853 170
2.69014890179 170
2.54731272134 180
2.40832380613 180
2.27318764318 180
2.14190956745 190
2.01449476158 200
1.89094825567 190
1.77127492713 180
1.65547950047 180
1.54356654708 190
1.4355404851 180
1.33140557921 190
1.23116594049 190
1.13482552621 190
1.04238813973 200
0.953857430335 200
0.869236893049 190
0.788529868552 200
0.711739543019 190
0.638868947999 180
0.5699209603 190
0.50489830187 180
0.443803539692 170
0.386639085683 180
0.333407196597 170
0.284109973939 160
0.238749363877 170
0.197327157173 160
0.159844989103 150
0.126304339398 140
0.0967065321875 140
0.0710527359411 130
0.0493439634268 140
0.03158107167 150
0.0177647619191 140
0.00789557961839 130
0.00197391438628 140
0.0 140
0.00197391438628 130
0.00789557961839 140
0.0177647619191 150
0.03158107167 150
0.0493439634268 160
0.0710527359411 160
0.0967065321875 150
0.126304339398 150
0.159844989102 140
0.197327157173 150
0.238749363877 160
0.284109973939 150
0.333407196597 140
0.386639085683 130
0.443803539692 130
0.50489830187 120
0.5699209603 130
0.638868947999 120
0.711739543019 120
0.788529868552 110
0.869236893049 100
0.953857430335 110
1.04238813973 120
1.13482552621 120
1.23116594049 110
1.33140557921 120
1.4355404851 110
1.54356654708 110
1.65547950047 100
1.77127492713 100
1.89094825567 110
2.01449476158 100
2.14190956745 110
2.27318764318 120
2.40832380613 110
2.54731272134 100
2.69014890179 100
2.83682670853 90
2.98734035099 100
3.14168388714 90
3.29985122376 80
3.46183611667 70
3.627632171 80
3.79723284139 70
3.97063143231 70
4.14782109826 60
4.32879484412 50
4.51354552534 60
4.70206584828 50
4.89434837048 40
5.09038550097 40
5.29016950053 30
5.49369248202 40
5.70094641071 30
5.91192310458 40
6.12661423461 50
6.34501132518 40
6.56710575434 40
6.79288875418 30
7.02235141117 20
7.25548466653 10
7.49227931655 10
7.73272601299 20
7.97681526341 10
8.2245374316 20
8.47588273791 30
8.73084125965 20
8.9894029315 20
9.25155754589 20
9.5172947534 10
9.78660406318 20
10.0594748434 30
10.3358963215 30
10.6158575849 20
10.8993475812 30
11.1863551186 20
11.4768688668 20
11.7708773565 20
12.0683689809 10
12.3693319956 10
12.673754519 20
12.981624533 30
13.2929298836 40
13.6076582807 50
13.9257972996 40
14.2473343806 40
14.5722568301 50
14.9005518205 60
15.2322063915 50
15.5672074498 40
15.9055417702 30
16.2471959958 30
16.5921566387 40
16.9404100804 40
17.2919425725 40
17.6467402372 50
18.0047890675 60
18.3660749283 50
18.7305835567 60
19.0983005625 70
19.4692114289 70
19.8433015129 60
20.2205560461 60
20.6009601352 50
20.9844987624 50
21.3711567863 40
21.7609189423 50
22.1537698433 50
22.5496939801 60
22.9486757224 50
23.3506993191 40
23.7557488989 30
24.1638084711 30
24.5748619264 20
24.988893037 10
25.4058854576 20
25.8258227261 20
26.2486882642 30
26.6744653777 20
27.1031372579 10
27.5346869813 20
27.9690975112 20
28.4063516978 30
28.8464322791 40
29.2893218813 40
29.7350030201 30
30.1834581007 40
30.6346694187 40
31.0886191613 50
31.5452894071 50
32.0046621278 60
32.4667191879 60
32.9314423463 70
33.3988132566 60
33.8688134676 60
34.3414244247 50
34.8166274699 50
35.2944038431 60
35.7747346823 50
36.2576010251 40
36.7429838087 50
37.2308638709 40
37.7212219512 40
38.214038691 30
38.7092946347 20
39.2069702305 30
39.7070458311 20
40.2095016942 10
40.7143179839 20
41.2214747708 30
41.7309520331 40
42.2427296578 30
42.7567874405 40
43.2731050873 30
43.7916622148 30
44.3124383512 20
44.8354129372 10
45.3605653266 20
45.8878747873 20
46.4173205021 10
46.9488815693 20
47.4825370039 10
48.0182657379 20
48.5560466218 10
49.095858425 10
49.6376798364 10
50.1814894661 20
50.7272658452 10
51.2749874275 10
51.8246325898 10
52.3761796332 20
52.9296067835 20
53.4848921923 10
54.0420139379 10
54.600950026 20
55.161678391 20
55.7241768961 30
56.2884233349 30
56.8543954319 20
57.4220708435 30
57.9914271588 30
58.5624419007 40
59.1350925264 30
59.7093564286 40
60.2852109365 40
60.8626333163 40
61.4416007723 40
62.0220904478 30
62.6040794262 30
63.1875447315 20
63.7724633295 20
64.3588121287 20
64.9465679809 10
65.5357076825 10
66.1262079755 10
66.7180455477 20
67.3111970345 10
67.9056390193 10
68.5013480345 10
69.0983005625 20
69.6964730367 20
70.2958418423 10
70.8963833172 20
71.498073753 20
72.1008893961 10
72.7048064483 10
73.309801068 20
73.915849371 10
74.5229274317 20
75.1310112835 30
75.7400769205 30
76.3501002976 20
76.9610573323 10
77.5729239051 10
78.1856758603 20
78.7992890078 30
79.413739123 40
80.0290019486 30
80.6450531949 20
81.2618685414 10
81.8794236373 10
82.4976941025 20
83.1166555287 10
83.7362834805 10
84.356553496 10
84.9774410879 10
85.5989217448 20
86.2209709315 20
86.8435640908 30
87.4666766436 40
88.0902839905 30
88.7143615127 40
89.3388845725 40
89.9638285149 50
90.5891686681 40
91.2148803449 30
91.8409388432 20
92.4673194472 20
93.0939974286 10
93.7209480471 20
94.3481465518 30
94.975568182 40
95.6031881682 50
96.230981733 60
96.8589240922 70
97.4869904557 70
98.1151560285 60
98.7433960117 60
99.3716856034 60
100.0 50
100.628314397 60
101.256603988 70
101.884843972 70
102.513009544 70
103.141075908 70
103.769018267 70
104.396811832 70
105.024431818 70
105.651853448 70
106.279051953 70
106.906002571 70
107.532680553 70
108.159061157 70
108.785119655 70
109.410831332 70
110.036171485 70
110.661115428 80
111.285638487 90
111.909716009 100
112.533323356 110
113.156435909 110
113.779029068 110
114.401078255 110
115.022558912 110
115.643446504 110
116.263716519 110
116.883344471 110
117.502305898 110
118.120576363 110
118.738131459 110
119.354946805 110
119.970998051 110
120.586260877 110
121.200710992 120
121.81432414 120
122.427076095 120
123.038942668 120
123.649899702 120
124.25992308 120
124.868988716 120
125.477072568 120
126.084150629 120
126.690198932 120
127.295193552 120
127.899110604 120
128.501926247 120
129.103616683 120
129.704158158 120
130.303526963 120
130.901699437 130
131.498651966 130
132.094360981 130
132.688802965 130
133.281954452 130
133.873792025 130
134.464292317 130
135.053432019 130
135.641187871 130
136.22753667 130
136.812455268 130
137.395920574 130
137.977909552 130
138.558399228 130
139.137366684 130
139.714789063 130
140.290643571 130
140.864907474 140
141.437558099 140
142.008572841 140
142.577929157 140
143.145604568 140
143.711576665 140
144.275823104 140
144.838321609 140
145.399049974 140
145.957986062 140
146.515107808 140
147.070393217 140
147.623820367 140
148.17536741 140
148.725012573 140
149.272734155 140
149.818510534 140
150.362320164 140
150.904141575 150
151.443953378 150
151.981734262 150
152.517462996 150
153.051118431 150
153.582679498 150
154.112125213 150
154.639434673 150
155.164587063 150
155.687561649 150
156.208337785 150
156.726894913 150
157.243212559 150
157.757270342 150
158.269047967 150
158.778525229 150
159.285682016 150
159.790498306 150
160.292954169 150
160.793029769 160
161.290705365 160
161.785961309 160
162.278778049 160
162.769136129 160
163.257016191 160
163.742398975 160
164.225265318 160
164.705596157 160
165.18337253 160
165.658575575 160
166.131186532 160
166.601186743 160
167.068557654 160
167.533280812 160
167.995337872 160
168.454710593 160
168.911380839 160
169.365330581 160
169.816541899 160
170.26499698 160
170.710678119 170
171.153567721 170
171.593648302 170
172.030902489 170
172.465313019 170
172.896862742 170
173.325534622 170
173.751311736 170
174.174177274 170
174.594114542 170
175.011106963 170
175.425138074 170
175.836191529 170
176.244251101 170
176.649300681 170
177.051324278 170
177.45030602 170
177.846230157 170
178.239081058 170
178.628843214 170
179.015501238 170
179.399039865 170
179.779443954 170
180.156698487 170
180.530788571 180
180.901699437 180
181.269416443 180
181.633925072 180
181.995210933 180
182.353259763 180
182.708057427 180
183.05958992 180
183.407843361 180
183.752804004 180
184.09445823 180
184.43279255 180
184.767793609 180
185.099448179 180
185.42774317 180
185.752665619 180
186.0742027 180
186.392341719 180
186.707070116 180
187.018375467 180
187.326245481 180
187.630668004 180
187.931631019 180
188.229122643 180
188.523131133 180
188.813644881 180
189.100652419 180
189.384142415 180
189.664103679 180
189.940525157 180
190.213395937 180
190.482705247 190
190.748442454 200
191.010597068 200
191.26915874 200
191.524117262 200
191.775462568 190
192.023184737 200
192.267273987 190
192.507720683 190
192.744515333 190
192.977648589 190
193.207111246 190
193.432894246 190
193.654988675 190
193.873385765 190
194.088076895 190
194.299053589 190
194.506307518 190
194.709830499 190
194.909614499 190
195.10565163 190
195.297934152 190
195.486454475 190
195.671205156 190
195.852178902 190
196.029368568 190
196.202767159 190
196.372367829 190
196.538163883 190
196.700148776 190
196.858316113 190
197.012659649 190
197.163173291 190
197.309851098 190
197.452687279 190
197.591676194 190
197.726812357 190
197.858090433 190
197.985505238 190
198.109051744 190
198.228725073 190
198.3445205 190
198.456433453 190
198.564459515 190
198.668594421 190
198.76883406 190
198.865174474 190
198.95761186 190
199.04614257 190
199.130763107 190
199.211470131 190
199.288260457 190
199.361131052 190
199.43007904 190
199.495101698 190
199.55619646 190
199.613360914 190
199.666592803 190
199.715890026 190
199.761250636 190
199.802672843 190
199.840155011 190
199.873695661 190
199.903293468 190
199.928947264 190
199.950656037 190
199.968418928 190
199.982235238 190
199.99210442 190
199.998026086 190
200.0 190
199.998026086 190
199.99210442 190
199.982235238 190
199.968418928 190
199.950656037 190
199.928947264 190
199.903293468 190
199.873695661 190
199.840155011 190
199.802672843 190
199.761250636 190
199.715890026 190
199.666592803 190
199.613360914 190
199.55619646 190
199.495101698 190
199.43007904 190
199.361131052 190
199.288260457 190
199.211470131 190
199.130763107 190
199.04614257 190
198.95761186 190
198.865174474 190
198.76883406 190
198.668594421 190
198.564459515 190
198.456433453 190
198.3445205 190
198.228725073 190
198.109051744 190
197.985505238 190
197.858090433 190
197.726812357 190
197.591676194 190
197.452687279 190
197.309851098 190
197.163173291 190
197.012659649 190
196.858316113 190
196.700148776 190
196.538163883 190
196.372367829 190
196.202767159 190
196.029368568 190
195.852178902 190
195.671205156 190
195.486454475 190
195.297934152 190
195.10565163 190
194.909614499 190
194.709830499 190
194.506307518 190
194.299053589 190
194.088076895 190
193.873385765 190
193.654988675 190
193.432894246 190
193.207111246 190
192.977648589 190
192.744515333 190
192.507720683 190
192.267273987 190
192.023184737 190
191.775462568 190
191.524117262 190
191.26915874 190
191.010597068 190
190.748442454 190
190.482705247 190
190.213395937 190
189.940525157 190
189.664103679 190
189.384142415 190
189.100652419 190
188.813644881 190
188.523131133 190
188.229122643 190
187.931631019 190
187.630668004 190
187.326245481 190
187.018375467 190
186.707070116 190
186.392341719 190
186.0742027 190
185.752665619 190
185.42774317 190
185.099448179 190
184.767793609 190
184.43279255 190
184.09445823 190
183.752804004 190
183.407843361 190
183.05958992 180
182.708057427 180
182.353259763 180
181.995210933 180
181.633925072 180
181.269416443 180
180.901699437 180
180.530788571 180
180.156698487 180
179.779443954 180
179.399039865 170
179.015501238 170
178.628843214 170
178.239081058 170
177.846230157 170
177.45030602 170
177.051324278 170
176.649300681 170
176.244251101 170
175.836191529 170
175.425138074 170
175.011106963 170
174.594114542 170
174.174177274 170
173.751311736 170
173.325534622 170
172.896862742 170
172.465313019 170
172.030902489 170
171.593648302 170
171.153567721 170
170.710678119 170
170.26499698 170
169.816541899 170
169.365330581 160
168.911380839 160
168.454710593 160
167.995337872 160
167.533280812 160
167.068557654 160
166.601186743 160
166.131186532 160
165.658575575 160
165.18337253 160
164.705596157 160
164.225265318 160
163.742398975 160
163.257016191 160
162.769136129 160
162.278778049 160
161.785961309 160
161.290705365 160
160.793029769 160
160.292954169 160
159.790498306 160
159.285682016 150
158.778525229 150
158.269047967 150
157.757270342 150
157.243212559 150
156.726894913 150
156.208337785 150
155.687561649 150
155.164587063 150
154.639434673 150
154.112125213 150
153.582679498 150
153.051118431 150
152.517462996 150
151.981734262 150
151.443953378 150
150.904141575 150
150.362320164 150
149.818510534 150
149.272734155 140
148.725012573 140
148.17536741 140
147.623820367 140
147.070393217 140
146.515107808 140
145.957986062 140
145.399049974 140
144.838321609 140
144.275823104 140
143.711576665 140
143.145604568 140
142.577929157 140
142.008572841 140
141.437558099 140
140.864907474 140
140.290643571 140
139.714789063 140
139.137366684 140
138.558399228 140
137.977909552 140
137.395920574 140
136.812455268 140
136.22753667 140
135.641187871 140
135.053432019 140
134.464292317 140
133.873792025 140
133.281954452 130
132.688802965 130
132.094360981 130
131.498651966 130
130.901699437 130
130.303526963 130
129.704158158 130
129.103616683 120
128.501926247 120
127.899110604 120
127.295193552 120
126.690198932 120
126.084150629 120
125.477072568 120
124.868988716 120
124.25992308 120
123.649899702 120
123.038942668 120
122.427076095 120
121.81432414 120
121.200710992 120
120.586260877 120
119.970998051 120
119.354946805 110
118.738131459 110
118.120576363 110
117.502305898 110
116.883344471 110
116.263716519 110
115.643446504 110
115.022558912 110
114.401078255 110
113.779029068 110
113.156435909 110
112.533323356 110
111.909716009 110
111.285638487 110
110.661115428 110
110.036171485 110
109.410831332 110
108.785119655 100
108.159061157 100
107.532680553 100
106.906002571 100
106.279051953 100
105.651853448 100
105.024431818 100
104.396811832 100
103.769018267 100
103.141075908 100
102.513009544 100
101.884843972 100
101.256603988 100
100.628314397 100
100.0 100
99.3716856034 100
98.7433960117 90
98.1151560285 90
97.4869904557 90
96.8589240922 90
96.230981733 90
95.6031881682 90
94.975568182 90
94.3481465518 90
93.7209480471 90
93.0939974286 90
92.4673194472 90
91.8409388432 90
91.2148803449 90
90.5891686681 90
89.9638285149 90
89.3388845725 80
88.7143615127 90
88.0902839905 80
87.4666766436 90
86.8435640908 80
86.2209709315 90
85.5989217448 80
84.9774410879 90
84.356553496 80
83.7362834805 80
83.1166555287 90
82.4976941025 80
81.8794236373 80
81.2618685414 80
80.6450531949 80
80.0290019486 80
79.413739123 80
78.7992890078 70
78.1856758603 70
77.5729239051 70
76.9610573323 70
76.3501002976 70
75.7400769205 70
75.1310112835 70
74.5229274317 70
73.915849371 70
73.309801068 70
72.7048064483 70
72.1008893961 70
71.498073753 70
70.8963833172 70
70.2958418423 70
69.6964730367 70
69.0983005625 60
68.5013480345 60
67.9056390193 60
67.3111970345 60
66.7180455477 60
66.1262079755 60
65.5357076825 60
64.9465679809 60
64.3588121287 60
63.7724633295 60
63.1875447315 60
62.6040794262 60
62.0220904478 60
61.4416007723 60
60.8626333163 60
60.2852109365 60
59.7093564286 60
59.1350925264 50
58.5624419007 50
57.9914271588 50
57.4220708435 50
56.8543954319 50
56.2884233349 50
55.7241768961 50
55.161678391 50
54.600950026 50
54.0420139379 50
53.4848921923 50
52.9296067835 50
52.3761796332 50
51.8246325898 50
51.2749874275 50
50.7272658452 50
50.1814894661 50
49.6376798364 50
49.095858425 40
48.5560466218 40
48.0182657379 40
47.4825370039 40
46.9488815693 40
46.4173205021 40
45.8878747873 40
45.3605653266 40
44.8354129372 40
44.3124383512 40
43.7916622148 40
43.2731050873 40
42.7567874405 40
42.2427296578 40
41.7309520331 40
41.2214747708 40
40.7143179839 40
40.2095016942 40
39.7070458311 40
39.2069702305 30
38.7092946347 30
38.214038691 30
37.7212219512 30
37.2308638709 30
36.7429838087 30
36.2576010251 30
35.7747346823 30
35.2944038431 30
34.8166274699 30
34.3414244247 30
33.8688134676 30
33.3988132566 30
32.9314423463 30
32.4667191879 30
32.0046621278 30
31.5452894071 30
31.0886191613 30
30.6346694187 30
30.1834581007 30
29.7350030201 30
29.2893218813 20
28.8464322791 20
28.4063516978 20
27.9690975112 20
27.5346869813 20
27.1031372579 20
26.6744653777 20
26.2486882642 20
25.8258227261 20
25.4058854576 20
24.988893037 20
24.5748619264 20
24.1638084711 20
23.7557488989 20
23.3506993191 20
22.9486757224 20
22.5496939801 20
22.1537698433 20
21.7609189423 20
21.3711567863 20
20.9844987624 20
20.6009601352 20
20.2205560461 20
19.8433015129 20
19.4692114289 10
19.0983005625 10
18.7305835567 10
18.3660749283 10
18.0047890675 10
17.6467402372 10
17.2919425725 10
16.9404100804 10
16.5921566387 10
16.2471959958 10
15.9055417702 10
15.5672074498 10
15.2322063915 10
14.9005518205 10
14.5722568301 10
14.2473343806 10
13.9257972996 10
13.6076582807 10
13.2929298836 10
12.981624533 10
12.673754519 10
12.3693319956 10
12.0683689809 10
11.7708773565 10
11.4768688668 10
11.1863551186 10
10.8993475812 10
10.6158575849 10
10.3358963215 10
10.0594748434 10
9.78660406318 10
9.5172947534 10
9.25155754589 10
8.9894029315 10
8.73084125965 10
8.47588273791 10
8.2245374316 10
7.97681526341 10
7.73272601299 10
7.49227931655 10
7.25548466653 10
7.02235141117 10
6.79288875418 10
6.56710575434 10
6.34501132518 10
6.12661423461 10
5.91192310458 10
5.70094641071 10
5.49369248202 10
5.29016950053 10
5.09038550097 10
4.89434837048 10
4.70206584828 10
4.51354552534 10
4.32879484412 10
4.14782109826 10
3.97063143231 10
3.79723284139 10
3.627632171 10
3.46183611667 10
3.29985122376 10
3.14168388714 10
2.98734035099 10
2.83682670853 10
2.69014890179 10
2.54731272134 10
2.40832380613 10
2.27318764318 10
2.14190956745 10
2.01449476158 10
1.89094825567 10
1.77127492713 10
1.65547950047 10
1.54356654708 10
1.4355404851 10
1.33140557921 10
1.23116594049 10
1.13482552621 10
1.04238813973 10
0.953857430335 10
0.869236893049 10
0.788529868552 10
0.711739543019 10
0.638868947999 10
0.5699209603 10
0.50489830187 10
0.443803539692 10
0.386639085683 10
0.333407196597 10
0.284109973939 10
0.238749363877 10
0.197327157173 10
0.159844989103 10
0.126304339398 10
0.0967065321875 10
0.0710527359411 10
0.0493439634268 10
0.03158107167 10
0.0177647619191 10
0.00789557961839 10
0.00197391438628 10
0.0 10
0.00197391438628 10
0.00789557961839 10
0.0177647619191 10
0.03158107167 10
0.0493439634268 10
0.0710527359411 10
0.0967065321875 10
0.126304339398 10
0.159844989102 10
0.197327157173 10
0.238749363877 10
0.284109973939 10
0.333407196597 10
0.386639085683 10
0.443803539692 10
0.50489830187 10
0.5699209603 10
0.638868947999 10
0.711739543019 10
0.788529868552 10
0.869236893049 10
0.953857430335 10
1.04238813973 10
1.13482552621 10
1.23116594049 10
1.33140557921 10
1.4355404851 10
1.54356654708 10
1.65547950047 10
1.77127492713 10
1.89094825567 10
2.01449476158 10
2.14190956745 10
2.27318764318 10
2.40832380613 10
2.54731272134 10
2.69014890179 10
2.83682670853 10
2.98734035099 10
3.14168388714 10
3.29985122376 10
3.46183611667 10
3.627632171 10
3.79723284139 10
3.97063143231 10
4.14782109826 10
4.32879484412 10
4.51354552534 10
4.70206584828 10
4.89434837048 10
5.09038550097 10
5.29016950053 10
5.49369248202 10
5.70094641071 10
5.91192310458 10
6.12661423461 10
6.34501132518 10
6.56710575434 10
6.79288875418 10
7.02235141117 10
7.25548466653 10
7.49227931655 10
7.73272601299 10
7.97681526341 10
8.2245374316 10
8.47588273791 10
8.73084125965 10
8.9894029315 10
9.25155754589 10
9.5172947534 10
9.78660406318 10
10.0594748434 10
10.3358963215 10
10.6158575849 10
10.8993475812 10
11.1863551186 10
11.4768688668 10
11.7708773565 10
12.0683689809 10
12.3693319956 10
12.673754519 10
12.981624533 10
13.2929298836 10
13.6076582807 10
13.9257972996 10
14.2473343806 10
14.5722568301 10
14.9005518205 10
15.2322063915 10
15.5672074498 10
15.9055417702 10
16.2471959958 10
16.5921566387 10
16.9404100804 10
17.2919425725 10
17.6467402372 10
18.0047890675 10
18.3660749283 10
18.7305835567 10
19.0983005625 10
19.4692114289 10
19.8433015129 10
20.2205560461 10
20.6009601352 20
20.9844987624 20
21.3711567863 20
21.7609189423 20
22.1537698433 20
22.5496939801 20
22.9486757224 20
23.3506993191 20
23.7557488989 20
24.1638084711 20
24.5748619264 20
24.988893037 20
25.4058854576 20
25.8258227261 20
26.2486882642 20
26.6744653777 20
27.1031372579 20
27.5346869813 20
27.9690975112 20
28.4063516978 20
28.8464322791 20
29.2893218813 20
29.7350030201 20
30.1834581007 20
30.6346694187 30
31.0886191613 30
31.5452894071 30
32.0046621278 30
32.4667191879 30
32.9314423463 30
33.3988132566 30
33.8688134676 30
34.3414244247 30
34.8166274699 30
35.2944038431 30
35.7747346823 30
36.2576010251 30
36.7429838087 30
37.2308638709 30
37.7212219512 30
38.214038691 30
38.7092946347 30
39.2069702305 30
39.7070458311 30
40.2095016942 30
40.7143179839 40
41.2214747708 40
41.7309520331 40
42.2427296578 40
42.7567874405 40
43.2731050873 40
43.7916622148 40
44.3124383512 40
44.8354129372 40
45.3605653266 40
45.8878747873 40
46.4173205021 40
46.9488815693 40
47.4825370039 40
48.0182657379 40
48.5560466218 40
49.095858425 40
49.6376798364 40
50.1814894661 40
50.7272658452 50
51.2749874275 50
51.8246325898 50
52.3761796332 50
52.9296067835 50
53.4848921923 50
54.0420139379 50
54.600950026 50
55.161678391 50
55.7241768961 50
56.2884233349 50
56.8543954319 50
57.4220708435 50
57.9914271588 50
58.5624419007 50
59.1350925264 50
59.7093564286 50
60.2852109365 50
60.8626333163 60
61.4416007723 60
62.0220904478 60
62.6040794262 60
63.1875447315 60
63.7724633295 60
64.3588121287 60
64.9465679809 60
65.5357076825 60
66.1262079755 60
66.7180455477 60
67.3111970345 60
67.9056390193 60
68.5013480345 60
69.0983005625 60
69.6964730367 60
70.2958418423 60
70.8963833172 70
71.498073753 70
72.1008893961 70
72.7048064483 70
73.309801068 70
73.915849371 70
74.5229274317 70
75.1310112835 70
75.7400769205 70
76.3501002976 70
76.9610573323 70
77.5729239051 70
78.1856758603 70
78.7992890078 70
79.413739123 70
80.0290019486 70
80.6450531949 80
81.2618685414 90
81.8794236373 80
82.4976941025 80
83.1166555287 80
83.7362834805 80
84.356553496 80
84.9774410879 80
85.5989217448 80
86.2209709315 80
86.8435640908 80
87.4666766436 80
88.0902839905 80
88.7143615127 80
89.3388845725 80
89.9638285149 80
90.5891686681 80
91.2148803449 90
91.8409388432 90
92.4673194472 90
93.0939974286 90
93.7209480471 90
94.3481465518 90
94.975568182 90
95.6031881682 90
96.230981733 90
96.8589240922 90
97.4869904557 90
98.1151560285 90
98.7433960117 90
99.3716856034 90
100.0 90
100.628314397 90
101.256603988 100
101.884843972 100
102.513009544 100
103.141075908 100
103.769018267 100
104.396811832 100
105.024431818 100
105.651853448 100
106.279051953 100
106.906002571 100
107.532680553 100
108.159061157 100
108.785119655 100
109.410831332 100
110.036171485 100
110.661115428 110
111.285638487 110
111.909716009 110
112.533323356 110
113.156435909 110
113.779029068 110
114.401078255 110
115.022558912 110
115.643446504 110
116.263716519 110
116.883344471 110
117.502305898 110
118.120576363 110
118.738131459 110
119.354946805 110
119.970998051 110
120.586260877 110
121.200710992 120
121.81432414 120
122.427076095 120
123.038942668 120
123.649899702 120
124.25992308 120
124.868988716 120
125.477072568 120
126.084150629 120
126.690198932 120
127.295193552 120
127.899110604 120
128.501926247 120
129.103616683 120
129.704158158 120
130.303526963 120
130.901699437 130
131.498651966 130
132.094360981 130
132.688802965 130
133.281954452 130
133.873792025 130
134.464292317 130
135.053432019 130
135.641187871 130
136.22753667 130
136.812455268 130
137.395920574 130
137.977909552 130
138.558399228 130
139.137366684 130
139.714789063 130
140.290643571 130
140.864907474 140
141.437558099 140
142.008572841 140
142.577929157 140
143.145604568 140
143.711576665 140
144.275823104 140
144.838321609 140
145.399049974 140
145.957986062 140
146.515107808 140
147.070393217 140
147.623820367 140
148.17536741 140
148.725012573 140
149.272734155 140
149.818510534 140
150.362320164 140
150.904141575 150
151.443953378 150
151.981734262 150
152.517462996 150
153.051118431 150
153.582679498 150
154.112125213 150
154.639434673 150
155.164587063 150
155.687561649 150
156.208337785 150
156.726894913 150
157.243212559 150
157.757270342 150
158.269047967 150
158.778525229 150
159.285682016 150
159.790498306 150
160.292954169 150
160.793029769 160
161.290705365 160
161.785961309 160
162.278778049 160
162.769136129 160
163.257016191 160
163.742398975 160
164.225265318 160
164.705596157 160
165.18337253 160
165.658575575 160
166.131186532 160
166.601186743 160
167.068557654 160
167.533280812 160
167.995337872 160
168.454710593 160
168.911380839 160
169.365330581 160
169.816541899 160
170.26499698 160
170.710678119 170
171.153567721 170
171.593648302 170
172.030902489 170
172.465313019 170
172.896862742 170
173.325534622 170
173.751311736 170
174.174177274 170
174.594114542 170
175.011106963 170
175.425138074 170
175.836191529 170
176.244251101 170
176.649300681 170
177.051324278 170
177.45030602 170
177.846230157 170
178.239081058 170
178.628843214 170
179.015501238 170
179.399039865 170
179.779443954 170
180.156698487 170
180.530788571 180
180.901699437 180
181.269416443 180
181.633925072 180
181.995210933 180
182.353259763 180
182.708057427 180
183.05958992 180
183.407843361 180
183.752804004 180
184.09445823 180
184.43279255 180
184.767793609 180
185.099448179 180
185.42774317 180
185.752665619 180
186.0742027 180
186.392341719 180
186.707070116 180
187.018375467 180
187.326245481 180
187.630668004 180
187.931631019 180
188.229122643 180
188.523131133 180
188.813644881 180
189.100652419 180
189.384142415 180
189.664103679 180
189.940525157 180
190.213395937 180
190.482705247 190
190.748442454 190
191.010597068 190
191.26915874 190
191.524117262 190
191.775462568 190
192.023184737 190
192.267273987 190
192.507720683 190
192.744515333 190
192.977648589 190
193.207111246 190
193.432894246 190
193.654988675 190
193.873385765 190
194.088076895 190
194.299053589 190
194.506307518 190
194.709830499 190
194.909614499 190
195.10565163 190
195.297934152 190
195.486454475 190
195.671205156 190
195.852178902 190
196.029368568 190
196.202767159 190
196.372367829 190
196.538163883 190
196.700148776 190
196.858316113 190
197.012659649 190
197.163173291 190
197.309851098 190
197.452687279 190
197.591676194 190
197.726812357 190
197.858090433 190
197.985505238 190
198.109051744 190
198.228725073 190
198.3445205 190
198.456433453 190
198.564459515 190
198.668594421 190
198.76883406 190
198.865174474 190
198.95761186 190
199.04614257 190
199.130763107 190
199.211470131 190
199.288260457 190
199.361131052 190
199.43007904 190
199.495101698 190
199.55619646 190
199.613360914 190
199.666592803 190
199.715890026 190
199.761250636 190
199.802672843 190
199.840155011 190
199.873695661 190
199.903293468 190
199.928947264 190
199.950656037 190
199.968418928 190
199.982235238 190
199.99210442 190
199.998026086 190
200.0 190
199.998026086 190
199.99210442 190
199.982235238 190
199.968418928 190
199.950656037 190
199.928947264 190
199.903293468 190
199.873695661 190
199.840155011 190
199.802672843 190
199.761250636 190
199.715890026 190
199.666592803 190
199.613360914 190
199.55619646 190
199.495101698 190
199.43007904 190
199.361131052 190
199.288260457 190
199.211470131 190
199.130763107 190
199.04614257 190
198.95761186 190
198.865174474 190
198.76883406 190
198.668594421 190
198.564459515 190
198.456433453 190
198.3445205 190
198.228725073 190
198.109051744 190
197.985505238 190
197.858090433 190
197.726812357 190
197.591676194 190
197.452687279 190
197.309851098 190
197.163173291 190
197.012659649 190
196.858316113 190
196.700148776 190
196.538163883 190
196.372367829 190
196.202767159 190
196.029368568 190
195.852178902 190
195.671205156 190
195.486454475 190
195.297934152 190
195.10565163 190
194.909614499 190
194.709830499 190
194.506307518 190
194.299053589 190
194.088076895 190
193.873385765 190
193.654988675 190
193.432894246 190
193.207111246 190
192.977648589 190
192.744515333 190
192.507720683 190
192.267273987 190
192.023184737 190
191.775462568 190
191.524117262 190
191.26915874 190
191.010597068 190
190.748442454 190
190.482705247 190
190.213395937 190
189.940525157 190
189.664103679 180
189.384142415 180
189.100652419 180
188.813644881 180
188.523131133 180
188.229122643 180
187.931631019 180
187.630668004 180
187.326245481 180
187.018375467 180
186.707070116 180
186.392341719 180
186.0742027 180
185.752665619 180
185.42774317 180
185.099448179 180
184.767793609 180
184.43279255 180
184.09445823 180
183.752804004 180
183.407843361 180
183.05958992 180
182.708057427 180
182.353259763 180
181.995210933 180
181.633925072 180
181.269416443 180
180.901699437 180
180.530788571 180
180.156698487 180
179.779443954 180
179.399039865 170
179.015501238 170
178.628843214 170
178.239081058 170
177.846230157 170
177.45030602 170
177.051324278 170
176.649300681 170
176.244251101 170
175.836191529 170
175.425138074 170
175.011106963 170
174.594114542 170
174.174177274 170
173.751311736 170
173.325534622 170
172.896862742 170
172.465313019 170
172.030902489 170
171.593648302 170
171.153567721 170
170.710678119 170
170.26499698 170
169.816541899 170
169.365330581 160
168.911380839 160
168.454710593 160
167.995337872 160
167.533280812 160
167.068557654 160
166.601186743 160
166.131186532 160
165.658575575 160
165.18337253 160
164.705596157 160
164.225265318 160
163.742398975 160
163.257016191 160
162.769136129 160
162.278778049 160
161.785961309 160
161.290705365 160
160.793029769 160
160.292954169 160
159.790498306 160
159.285682016 150
158.778525229 150
158.269047967 150
157.757270342 150
157.243212559 150
156.726894913 150
156.208337785 150
155.687561649 150
155.164587063 150
154.639434673 150
154.112125213 150
153.582679498 150
153.051118431 150
152.517462996 150
151.981734262 150
151.443953378 150
150.904141575 150
150.362320164 150
149.818510534 150
149.272734155 140
148.725012573 140
148.17536741 140
147.623820367 140
147.070393217 140
146.515107808 140
145.957986062 140
145.399049974 140
144.838321609 140
144.275823104 140
143.711576665 140
143.145604568 140
142.577929157 140
142.008572841 140
141.437558099 140
140.864907474 140
140.290643571 140
139.714789063 140
139.137366684 130
138.558399228 130
137.977909552 130
137.395920574 130
136.812455268 130
136.22753667 130
135.641187871 130
135.053432019 130
134.464292317 130
133.873792025 130
133.281954452 130
132.688802965 130
132.094360981 130
131.498651966 130
130.901699437 130
130.303526963 130
129.704158158 130
129.103616683 120
128.501926247 120
127.899110604 120
127.295193552 120
126.690198932 120
126.084150629 120
125.477072568 120
124.868988716 120
124.25992308 120
123.649899702 120
123.038942668 120
122.427076095 120
121.81432414 120
121.200710992 120
120.586260877 120
119.970998051 120
119.354946805 110
118.738131459 110
118.120576363 110
117.502305898 110
116.883344471 110
116.263716519 110
115.643446504 110
115.022558912 110
114.401078255 110
113.779029068 110
113.156435909 110
112.533323356 110
111.909716009 110
111.285638487 110
110.661115428 110
110.036171485 110
109.410831332 110
108.785119655 100
108.159061157 100
107.532680553 100
106.906002571 100
106.279051953 100
105.651853448 100
105.024431818 100
104.396811832 100
103.769018267 100
103.141075908 100
102.513009544 100
101.884843972 100
101.256603988 100
100.628314397 100
100.0 100
99.3716856034 100
98.7433960117 90
98.1151560285 90
97.4869904557 90
96.8589240922 90
96.230981733 90
95.6031881682 90
94.975568182 90
94.3481465518 90
93.7209480471 90
93.0939974286 90
92.4673194472 90
91.8409388432 90
91.2148803449 90
90.5891686681 90
89.9638285149 90
89.3388845725 80
88.7143615127 80
88.0902839905 80
87.4666766436 80
86.8435640908 80
86.2209709315 80
85.5989217448 80
84.9774410879 80
84.356553496 80
83.7362834805 80
83.1166555287 80
82.4976941025 80
81.8794236373 80
81.2618685414 80
80.6450531949 80
80.0290019486 80
79.413739123 80
78.7992890078 70
78.1856758603 70
77.5729239051 70
76.9610573323 70
76.3501002976 70
75.7400769205 70
75.1310112835 70
74.5229274317 70
73.915849371 70
73.309801068 70
72.7048064483 70
72.1008893961 70
71.498073753 70
70.8963833172 70
70.2958418423 70
69.6964730367 70
69.0983005625 60
68.5013480345 60
67.9056390193 60
67.3111970345 60
66.7180455477 60
66.1262079755 60
65.5357076825 60
64.9465679809 60
64.3588121287 60
63.7724633295 60
63.1875447315 60
62.6040794262 60
62.0220904478 60
61.4416007723 60
60.8626333163 60
60.2852109365 60
59.7093564286 60
59.1350925264 50
58.5624419007 50
57.9914271588 50
57.4220708435 50
56.8543954319 50
56.2884233349 50
55.7241768961 50
55.161678391 50
54.600950026 50
54.0420139379 50
53.4848921923 50
52.9296067835 50
52.3761796332 50
51.8246325898 50
51.2749874275 50
50.7272658452 50
50.1814894661 50
49.6376798364 50
49.095858425 40
48.5560466218 40
48.0182657379 40
47.4825370039 40
46.9488815693 40
46.4173205021 40
45.8878747873 40
45.3605653266 40
44.8354129372 40
44.3124383512 40
43.7916622148 40
43.2731050873 40
42.7567874405 40
42.2427296578 40
41.7309520331 40
41.2214747708 40
40.7143179839 40
40.2095016942 40
39.7070458311 40
39.2069702305 30
38.7092946347 30
38.214038691 30
37.7212219512 30
37.2308638709 30
36.7429838087 30
36.2576010251 30
35.7747346823 30
35.2944038431 30
34.8166274699 30
34.3414244247 30
33.8688134676 30
33.3988132566 30
32.9314423463 30
32.4667191879 30
32.0046621278 30
31.5452894071 30
31.0886191613 30
30.6346694187 30
30.1834581007 30
29.7350030201 30
29.2893218813 20
28.8464322791 20
28.4063516978 20
27.9690975112 20
27.5346869813 20
27.1031372579 20
26.6744653777 20
26.2486882642 20
25.8258227261 20
25.4058854576 20
24.988893037 20
24.5748619264 20
24.1638084711 20
23.7557488989 20
23.3506993191 20
22.9486757224 20
22.5496939801 20
22.1537698433 20
21.7609189423 20
21.3711567863 20
20.9844987624 20
20.6009601352 20
20.2205560461 20
19.8433015129 20
19.4692114289 10
19.0983005625 10
18.7305835567 10
18.3660749283 10
18.0047890675 10
17.6467402372 10
17.2919425725 10
16.9404100804 10
16.5921566387 10
16.2471959958 10
15.9055417702 10
15.5672074498 10
15.2322063915 10
14.9005518205 10
14.5722568301 10
14.2473343806 10
13.9257972996 10
13.6076582807 10
13.2929298836 10
12.981624533 10
12.673754519 10
12.3693319956 10
12.0683689809 10
11.7708773565 10
11.4768688668 10
11.1863551186 10
10.8993475812 10
10.6158575849 10
10.3358963215 10
10.0594748434 10
9.78660406318 10
9.5172947534 10
9.25155754589 10
8.9894029315 10
8.73084125965 10
8.47588273791 10
8.2245374316 10
7.97681526341 10
7.73272601299 10
7.49227931655 10
7.25548466653 10
7.02235141117 10
6.79288875418 10
6.56710575434 10
6.34501132518 10
6.12661423461 10
5.91192310458 10
5.70094641071 10
5.49369248202 10
5.29016950053 10
5.09038550097 10
4.89434837048 10
4.70206584828 10
4.51354552534 10
4.32879484412 10
4.14782109826 10
3.97063143231 10
3.79723284139 10
3.627632171 10
3.46183611667 10
3.29985122376 10
3.14168388714 10
2.98734035099 10
2.83682670853 10
2.69014890179 10
2.54731272134 10
2.40832380613 10
2.27318764318 10
2.14190956745 10
2.01449476158 10
1.89094825567 10
1.77127492713 10
1.65547950047 10
1.54356654708 10
1.4355404851 10
1.33140557921 10
1.23116594049 10
1.13482552621 10
1.04238813973 10
0.953857430335 10
0.869236893049 10
0.788529868552 10
0.711739543019 10
0.638868947999 10
0.5699209603 10
0.50489830187 10
0.443803539692 10
0.386639085683 10
0.333407196597 10
0.284109973939 10
0.238749363878 10
0.197327157173 10
0.159844989102 10
0.126304339398 10
0.0967065321875 10
0.0710527359411 10
0.0493439634268 10
0.03158107167 10
0.0177647619191 10
0.00789557961839 10
0.00197391438628 10
0.0 10
0.00197391438628 10
0.00789557961839 10
0.0177647619191 10
0.03158107167 10
0.0493439634268 10
0.0710527359411 10
0.0967065321875 10
0.126304339398 10
0.159844989102 10
0.197327157173 10
0.238749363877 10
0.284109973939 10
0.333407196597 10
0.386639085683 10
0.443803539692 10
0.50489830187 10
0.5699209603 10
0.638868947999 10
0.711739543019 10
0.788529868552 10
0.869236893049 10
0.953857430335 10
1.04238813973 10
1.13482552621 10
1.23116594049 10
1.33140557921 10
1.4355404851 10
1.54356654708 10
1.65547950047 10
1.77127492713 10
1.89094825567 10
2.01449476158 10
2.14190956745 10
2.27318764318 10
2.40832380613 10
2.54731272134 10
2.69014890179 10
2.83682670853 10
2.98734035099 10
3.14168388714 10
3.29985122376 10
3.46183611667 10
3.627632171 10
3.79723284139 10
3.97063143231 10
4.14782109826 10
4.32879484412 10
4.51354552534 10
4.70206584828 10
4.89434837048 10
5.09038550097 10
5.29016950053 10
5.49369248202 10
5.70094641071 10
5.91192310458 10
6.12661423461 10
6.34501132518 10
6.56710575434 10
6.79288875418 10
7.02235141117 10
7.25548466653 10
7.49227931655 10
7.73272601299 10
7.97681526341 10
8.2245374316 10
8.47588273791 10
8.73084125965 10
8.9894029315 10
9.25155754589 10
9.5172947534 10
9.78660406318 10
10.0594748434 10
10.3358963215 10
10.6158575849 10
10.8993475812 10
11.1863551186 10
11.4768688668 10
11.7708773565 10
12.0683689809 10
12.3693319956 10
12.673754519 10
12.981624533 10
13.2929298836 10
13.6076582807 10
13.9257972996 10
14.2473343806 10
14.5722568301 10
14.9005518205 10
15.2322063915 10
15.5672074498 10
15.9055417702 10
16.2471959958 10
16.5921566387 10
16.9404100804 10
17.2919425725 10
17.6467402372 10
18.0047890675 10
18.3660749283 10
18.7305835567 10
19.0983005625 10
19.4692114289 10
19.8433015129 10
20.2205560461 10
20.6009601352 20
20.9844987624 20
21.3711567863 20
21.7609189423 20
22.1537698433 20
22.5496939801 20
22.9486757224 20
23.3506993191 20
23.7557488989 20
24.1638084711 20
24.5748619264 20
24.988893037 20
25.4058854576 20
25.8258227261 20
26.2486882642 20
26.6744653777 20
27.1031372579 20
27.5346869813 20
27.9690975112 20
28.4063516978 20
28.8464322791 20
29.2893218813 20
29.7350030201 20
30.1834581007 20
30.6346694187 30
31.0886191613 30
31.5452894071 30
32.0046621278 30
32.4667191879 30
32.9314423463 30
33.3988132566 30
33.8688134676 30
34.3414244247 30
34.8166274699 30
35.2944038431 30
35.7747346823 30
36.2576010251 30
36.7429838087 30
37.2308638709 30
37.7212219512 30
38.214038691 30
38.7092946347 30
39.2069702305 30
39.7070458311 30
40.2095016942 30
40.7143179839 40
41.2214747708 40
41.7309520331 40
42.2427296578 40
42.7567874405 40
43.2731050873 40
43.7916622148 40
44.3124383512 40
44.8354129372 40
45.3605653266 40
45.8878747873 40
46.4173205021 40
46.9488815693 40
47.4825370039 40
48.0182657379 40
48.5560466218 40
49.095858425 40
49.6376798364 40
50.1814894661 40
50.7272658452 50
51.2749874275 50
51.8246325898 50
52.3761796332 50
52.9296067835 50
53.4848921923 50
54.0420139379 50
54.600950026 50
55.161678391 50
55.7241768961 50
56.2884233349 50
56.8543954319 50
57.4220708435 50
57.9914271588 50
58.5624419007 50
59.1350925264 50
59.7093564286 50
60.2852109365 50
60.8626333163 60
61.4416007723 60
62.0220904478 60
62.6040794262 60
63.1875447315 60
63.7724633295 60
64.3588121287 60
64.9465679809 60
65.5357076825 60
66.1262079755 60
66.7180455477 60
67.3111970345 60
67.9056390193 60
68.5013480345 60
69.0983005625 60
69.6964730367 60
70.2958418423 60
70.8963833172 70
71.498073753 70
72.1008893961 70
72.7048064483 70
73.309801068 70
73.915849371 70
74.5229274317 70
75.1310112835 70
75.7400769205 70
76.3501002976 70
76.9610573323 70
77.5729239051 70
78.1856758603 70
78.7992890078 70
79.413739123 70
80.0290019486 70
80.6450531949 80
81.2618685414 80
81.8794236373 80
82.4976941025 80
83.1166555287 80
83.7362834805 80
84.356553496 80
84.9774410879 80
85.5989217448 80
86.2209709315 80
86.8435640908 80
87.4666766436 80
88.0902839905 80
88.7143615127 80
89.3388845725 80
89.9638285149 80
90.5891686681 80
91.2148803449 90
91.8409388432 90
92.4673194472 90
93.0939974286 90
93.7209480471 90
94.3481465518 90
94.975568182 90
95.6031881682 90
96.230981733 90
96.8589240922 90
97.4869904557 90
98.1151560285 90
98.7433960117 90
99.3716856034 90
100.0 90
