Reward: 35418.1779828 Total splits: 448 Good splits: 429
Reward: 36451.1178598 Total splits: 484 Good splits: 462
Reward: 36742.0539617 Total splits: 457 Good splits: 417
Reward: 34949.0771204 Total splits: 476 Good splits: 450
Reward: 39238.157071 Total splits: 446 Good splits: 419
Reward: 36843.175927 Total splits: 472 Good splits: 435
Reward: 35723.8200273 Total splits: 472 Good splits: 451
Reward: 37325.4003567 Total splits: 469 Good splits: 447
Reward: 40910.0632485 Total splits: 474 Good splits: 445
Reward: 37175.0129118 Total splits: 465 Good splits: 430
Reward: 37363.4864732 Total splits: 493 Good splits: 454
Reward: 42526.8956421 Total splits: 491 Good splits: 460
Reward: 35997.5050867 Total splits: 472 Good splits: 445
Reward: 39121.6024488 Total splits: 458 Good splits: 437
Reward: 40136.212205 Total splits: 433 Good splits: 401
Reward: 36776.1124621 Total splits: 468 Good splits: 427
Reward: 36617.6472423 Total splits: 466 Good splits: 446
Reward: 38501.4943619 Total splits: 470 Good splits: 425
Reward: 35541.4196241 Total splits: 449 Good splits: 420
Reward: 38200.7863675 Total splits: 481 Good splits: 455
Reward: 38040.1557107 Total splits: 446 Good splits: 428
Reward: 37698.7843125 Total splits: 461 Good splits: 440
Reward: 40482.1701622 Total splits: 456 Good splits: 427
Reward: 36276.1210709 Total splits: 475 Good splits: 451
Reward: 36043.8498868 Total splits: 474 Good splits: 445
Reward: 39691.9367482 Total splits: 473 Good splits: 439
Reward: 40205.6362389 Total splits: 474 Good splits: 446
Reward: 36138.07552 Total splits: 449 Good splits: 413
Reward: 38285.0564716 Total splits: 461 Good splits: 432
Reward: 36833.0367348 Total splits: 490 Good splits: 462
Reward: 35487.6115133 Total splits: 474 Good splits: 448
Reward: 37508.9394503 Total splits: 478 Good splits: 452
Reward: 38727.3258258 Total splits: 456 Good splits: 425
Reward: 36854.0653899 Total splits: 461 Good splits: 428
Reward: 39183.7158532 Total splits: 461 Good splits: 421
Reward: 37416.0495061 Total splits: 477 Good splits: 439
Reward: 36176.8056973 Total splits: 465 Good splits: 434
Reward: 36360.402948 Total splits: 457 Good splits: 428
Reward: 36527.9492648 Total splits: 467 Good splits: 450
Reward: 36355.6084753 Total splits: 485 Good splits: 444
Reward: 38478.1583882 Total splits: 434 Good splits: 404
Reward: 40229.9208484 Total splits: 468 Good splits: 443
Reward: 37377.1236526 Total splits: 484 Good splits: 448
Reward: 36758.8137763 Total splits: 468 Good splits: 435
Reward: 34576.3404842 Total splits: 487 Good splits: 446
Reward: 37157.9559417 Total splits: 455 Good splits: 432
Reward: 37559.5424803 Total splits: 460 Good splits: 434
Reward: 40637.3669156 Total splits: 437 Good splits: 411
Reward: 34702.8205519 Total splits: 450 Good splits: 424
Reward: 35783.3355135 Total splits: 471 Good splits: 437
Reward: 40607.0535186 Total splits: 475 Good splits: 438
Reward: 40454.4140387 Total splits: 459 Good splits: 424
Reward: 37345.840387 Total splits: 449 Good splits: 418
Reward: 37041.0059942 Total splits: 461 Good splits: 431
Reward: 38239.0002959 Total splits: 477 Good splits: 451
Reward: 34954.53056 Total splits: 490 Good splits: 450
Reward: 36891.9124989 Total splits: 456 Good splits: 429
Reward: 40564.6777414 Total splits: 470 Good splits: 428
Reward: 38713.3958641 Total splits: 461 Good splits: 428
Reward: 39200.4522208 Total splits: 446 Good splits: 423
Reward: 34568.2769764 Total splits: 472 Good splits: 442
Reward: 34977.0938972 Total splits: 437 Good splits: 414
Reward: 36574.1612806 Total splits: 426 Good splits: 398
Reward: 38761.4391734 Total splits: 459 Good splits: 434
Reward: 37458.5294057 Total splits: 469 Good splits: 444
Reward: 38839.4073313 Total splits: 486 Good splits: 448
Reward: 35791.1975374 Total splits: 475 Good splits: 444
Reward: 41666.5867322 Total splits: 436 Good splits: 404
Reward: 38214.9770382 Total splits: 454 Good splits: 427
Reward: 36034.3168459 Total splits: 478 Good splits: 442
Reward: 36606.5277609 Total splits: 459 Good splits: 435
Reward: 35653.1852606 Total splits: 468 Good splits: 441
Reward: 36538.6484244 Total splits: 476 Good splits: 445
Reward: 35338.2983643 Total splits: 479 Good splits: 449
Reward: 35595.6090866 Total splits: 455 Good splits: 437
Reward: 36690.2953897 Total splits: 476 Good splits: 436
Reward: 39742.557793 Total splits: 436 Good splits: 406
Reward: 41105.8530276 Total splits: 461 Good splits: 435
Reward: 40592.9599165 Total splits: 484 Good splits: 437
Reward: 38747.5741192 Total splits: 451 Good splits: 425
Reward: 37116.5511941 Total splits: 479 Good splits: 454
Reward: 36041.1954192 Total splits: 482 Good splits: 466
Reward: 36817.8753503 Total splits: 462 Good splits: 436
Reward: 38989.6453489 Total splits: 476 Good splits: 441
Reward: 36777.2725987 Total splits: 460 Good splits: 431
Reward: 37091.3728808 Total splits: 458 Good splits: 428
Reward: 33956.3451941 Total splits: 468 Good splits: 431
Reward: 37532.3655219 Total splits: 455 Good splits: 428
Reward: 38176.9234868 Total splits: 473 Good splits: 450
Reward: 40868.3980932 Total splits: 481 Good splits: 440
Reward: 40941.6140191 Total splits: 430 Good splits: 406
Reward: 38737.6874087 Total splits: 454 Good splits: 424
Reward: 36185.5148933 Total splits: 464 Good splits: 426
Reward: 41939.5183187 Total splits: 461 Good splits: 440
Reward: 35285.0684228 Total splits: 430 Good splits: 402
Reward: 39361.6422472 Total splits: 478 Good splits: 441
Reward: 41752.157033 Total splits: 488 Good splits: 457
Reward: 38202.0745896 Total splits: 464 Good splits: 444
Reward: 36703.8780471 Total splits: 448 Good splits: 428
Reward: 37225.9412543 Total splits: 475 Good splits: 447

Results after 100 tests
Average total rewards : 37683.2671352
Average total splits  : 464.65
Average good splits   : 435.04
Average good splits % : 93.6274615302

