Reward: 46484.7415729 Total splits: 288 Good splits: 279
Reward: 45994.7719928 Total splits: 274 Good splits: 261
Reward: 47511.39804 Total splits: 297 Good splits: 283
Reward: 48395.9090082 Total splits: 289 Good splits: 268
Reward: 45581.185112 Total splits: 275 Good splits: 257
Reward: 46421.5798784 Total splits: 291 Good splits: 286
Reward: 45037.6050164 Total splits: 280 Good splits: 267
Reward: 45089.9398318 Total splits: 288 Good splits: 274
Reward: 46533.4538645 Total splits: 294 Good splits: 278
Reward: 46817.6849322 Total splits: 290 Good splits: 274
Reward: 46516.2969425 Total splits: 299 Good splits: 287
Reward: 40822.9744876 Total splits: 287 Good splits: 273
Reward: 48708.2684893 Total splits: 284 Good splits: 268
Reward: 47087.8385152 Total splits: 288 Good splits: 272
Reward: 45454.7053263 Total splits: 289 Good splits: 267
Reward: 43573.6720883 Total splits: 288 Good splits: 271
Reward: 47117.3395085 Total splits: 289 Good splits: 278
Reward: 46599.6751424 Total splits: 278 Good splits: 262
Reward: 42113.0252336 Total splits: 285 Good splits: 274
Reward: 47420.0037887 Total splits: 301 Good splits: 287
Reward: 46897.8047941 Total splits: 273 Good splits: 261
Reward: 46328.0448213 Total splits: 288 Good splits: 275
Reward: 44985.0845654 Total splits: 285 Good splits: 269
Reward: 48028.7902169 Total splits: 275 Good splits: 262
Reward: 45609.2520517 Total splits: 278 Good splits: 261
Reward: 48843.0190462 Total splits: 289 Good splits: 276
Reward: 42826.6024758 Total splits: 272 Good splits: 259
Reward: 46685.9702537 Total splits: 300 Good splits: 282
Reward: 48044.5634497 Total splits: 294 Good splits: 283
Reward: 46084.3032912 Total splits: 270 Good splits: 253
Reward: 47159.7198843 Total splits: 283 Good splits: 272
Reward: 45543.7156506 Total splits: 291 Good splits: 272
Reward: 39301.6318454 Total splits: 291 Good splits: 270
Reward: 44107.6463555 Total splits: 290 Good splits: 274
Reward: 46558.0694625 Total splits: 281 Good splits: 267
Reward: 47649.0527915 Total splits: 295 Good splits: 281
Reward: 45330.550014 Total splits: 281 Good splits: 268
Reward: 46897.1158948 Total splits: 283 Good splits: 270
Reward: 45372.5554332 Total splits: 299 Good splits: 286
Reward: 40641.5823401 Total splits: 292 Good splits: 282
Reward: 44356.78496 Total splits: 299 Good splits: 276
Reward: 46446.1520705 Total splits: 279 Good splits: 267
Reward: 45172.9482445 Total splits: 284 Good splits: 275
Reward: 47969.7478076 Total splits: 272 Good splits: 261
Reward: 45686.5703253 Total splits: 285 Good splits: 272
Reward: 42698.111539 Total splits: 260 Good splits: 240
Reward: 45915.3945785 Total splits: 289 Good splits: 279
Reward: 45717.3143194 Total splits: 271 Good splits: 259
Reward: 46239.733444 Total splits: 290 Good splits: 277
Reward: 47925.1228327 Total splits: 283 Good splits: 268
Reward: 48544.8453297 Total splits: 287 Good splits: 272
Reward: 48001.3317103 Total splits: 282 Good splits: 276
Reward: 45246.7615334 Total splits: 285 Good splits: 274
Reward: 48170.7547748 Total splits: 295 Good splits: 279
Reward: 48317.1705519 Total splits: 283 Good splits: 278
Reward: 47770.2066146 Total splits: 287 Good splits: 274
Reward: 44166.1153895 Total splits: 279 Good splits: 262
Reward: 47363.3656129 Total splits: 286 Good splits: 263
Reward: 45353.0193233 Total splits: 273 Good splits: 261
Reward: 48205.6070517 Total splits: 289 Good splits: 275
Reward: 42773.1095881 Total splits: 261 Good splits: 247
Reward: 48635.0865486 Total splits: 292 Good splits: 275
Reward: 48511.6243608 Total splits: 290 Good splits: 276
Reward: 45542.5176274 Total splits: 282 Good splits: 267
Reward: 42582.7809364 Total splits: 264 Good splits: 248
Reward: 43977.0027155 Total splits: 287 Good splits: 274
Reward: 46942.3421121 Total splits: 278 Good splits: 261
Reward: 47214.3600853 Total splits: 302 Good splits: 288
Reward: 46517.8416952 Total splits: 302 Good splits: 285
Reward: 48442.3049686 Total splits: 278 Good splits: 264
Reward: 45734.0071962 Total splits: 286 Good splits: 273
Reward: 46577.6592883 Total splits: 261 Good splits: 245
Reward: 45840.0640929 Total splits: 268 Good splits: 260
Reward: 46208.3542278 Total splits: 273 Good splits: 258
Reward: 45360.9052704 Total splits: 288 Good splits: 271
Reward: 49120.093916 Total splits: 271 Good splits: 256
Reward: 46623.515139 Total splits: 287 Good splits: 275
Reward: 44642.7822937 Total splits: 295 Good splits: 281
Reward: 42233.0954112 Total splits: 277 Good splits: 258
Reward: 45778.7558588 Total splits: 274 Good splits: 256
Reward: 45240.5219137 Total splits: 282 Good splits: 276
Reward: 47686.4871372 Total splits: 295 Good splits: 274
Reward: 49437.0155858 Total splits: 296 Good splits: 288
Reward: 47173.31645 Total splits: 274 Good splits: 253
Reward: 48426.0632711 Total splits: 269 Good splits: 244
Reward: 47174.9679828 Total splits: 296 Good splits: 281
Reward: 47609.3307664 Total splits: 277 Good splits: 261
Reward: 47885.1183264 Total splits: 280 Good splits: 266
Reward: 43851.4123877 Total splits: 289 Good splits: 266
Reward: 47452.8224244 Total splits: 298 Good splits: 284
Reward: 47851.3239173 Total splits: 298 Good splits: 287
Reward: 49018.8645403 Total splits: 299 Good splits: 283
Reward: 46292.7322815 Total splits: 318 Good splits: 307
Reward: 40642.4481834 Total splits: 297 Good splits: 282
Reward: 49851.0937817 Total splits: 277 Good splits: 267
Reward: 47876.5758293 Total splits: 296 Good splits: 285
Reward: 46088.7294997 Total splits: 291 Good splits: 277
Reward: 47282.8518532 Total splits: 291 Good splits: 276
Reward: 44026.359147 Total splits: 275 Good splits: 265
Reward: 45946.861056 Total splits: 305 Good splits: 298

Results after 100 tests
Average total rewards : 46175.1730109
Average total splits  : 285.41
Average good splits   : 271.15
Average good splits % : 95.003678918

