Reward: 46709.6431291 Total splits: 390 Good splits: 369
Reward: 48666.8276363 Total splits: 416 Good splits: 385
Reward: 49301.5349735 Total splits: 383 Good splits: 346
Reward: 45330.9837866 Total splits: 371 Good splits: 335
Reward: 48539.7704621 Total splits: 364 Good splits: 340
Reward: 42822.0670002 Total splits: 378 Good splits: 360
Reward: 49410.8182896 Total splits: 384 Good splits: 355
Reward: 44547.2537923 Total splits: 396 Good splits: 377
Reward: 40073.5002504 Total splits: 413 Good splits: 383
Reward: 43305.7580523 Total splits: 395 Good splits: 371
Reward: 48354.6482872 Total splits: 377 Good splits: 350
Reward: 45659.1892683 Total splits: 356 Good splits: 327
Reward: 46467.8727824 Total splits: 387 Good splits: 365
Reward: 49415.570502 Total splits: 416 Good splits: 382
Reward: 39445.4874712 Total splits: 401 Good splits: 382
Reward: 50314.1597039 Total splits: 409 Good splits: 384
Reward: 44298.2617156 Total splits: 398 Good splits: 368
Reward: 44098.7192918 Total splits: 431 Good splits: 401
Reward: 48126.5226469 Total splits: 403 Good splits: 381
Reward: 47566.8231897 Total splits: 397 Good splits: 377
Reward: 47073.7639778 Total splits: 402 Good splits: 383
Reward: 47634.7575174 Total splits: 396 Good splits: 371
Reward: 47237.7348731 Total splits: 381 Good splits: 353
Reward: 50082.7088112 Total splits: 411 Good splits: 382
Reward: 45653.1298548 Total splits: 392 Good splits: 364
Reward: 43823.495937 Total splits: 377 Good splits: 361
Reward: 48663.0316694 Total splits: 390 Good splits: 352
Reward: 46702.1919307 Total splits: 386 Good splits: 366
Reward: 45747.0455303 Total splits: 376 Good splits: 354
Reward: 46050.6083907 Total splits: 401 Good splits: 383
Reward: 48557.6274585 Total splits: 400 Good splits: 372
Reward: 49078.2676531 Total splits: 387 Good splits: 361
Reward: 45771.8079516 Total splits: 403 Good splits: 385
Reward: 45357.0322698 Total splits: 390 Good splits: 362
Reward: 49462.6420176 Total splits: 388 Good splits: 370
Reward: 50164.7038724 Total splits: 382 Good splits: 361
Reward: 43375.9114598 Total splits: 419 Good splits: 404
Reward: 47762.6530654 Total splits: 393 Good splits: 369
Reward: 46349.2374235 Total splits: 389 Good splits: 349
Reward: 47904.9598077 Total splits: 373 Good splits: 365
Reward: 48743.2001041 Total splits: 437 Good splits: 417
Reward: 47759.4783999 Total splits: 389 Good splits: 363
Reward: 38631.97414 Total splits: 369 Good splits: 344
Reward: 46042.5711646 Total splits: 415 Good splits: 392
Reward: 45453.2374008 Total splits: 391 Good splits: 363
Reward: 43774.4922207 Total splits: 408 Good splits: 391
Reward: 46497.9221706 Total splits: 389 Good splits: 361
Reward: 47311.3413534 Total splits: 376 Good splits: 353
Reward: 43144.4609247 Total splits: 398 Good splits: 374
Reward: 47001.0309921 Total splits: 413 Good splits: 382
Reward: 44463.735968 Total splits: 392 Good splits: 357
Reward: 46342.3595608 Total splits: 382 Good splits: 362
Reward: 46261.5362027 Total splits: 384 Good splits: 355
Reward: 47355.4686722 Total splits: 393 Good splits: 356
Reward: 47676.4328323 Total splits: 393 Good splits: 368
Reward: 44781.1146132 Total splits: 404 Good splits: 376
Reward: 45472.931251 Total splits: 405 Good splits: 373
Reward: 45772.8066864 Total splits: 361 Good splits: 337
Reward: 48712.7238651 Total splits: 377 Good splits: 354
Reward: 42765.3891235 Total splits: 415 Good splits: 390
Reward: 48088.7184994 Total splits: 392 Good splits: 366
Reward: 44824.9745949 Total splits: 374 Good splits: 347
Reward: 43657.793791 Total splits: 363 Good splits: 347
Reward: 43705.1768894 Total splits: 402 Good splits: 387
Reward: 45066.4800373 Total splits: 369 Good splits: 342
Reward: 47055.7378442 Total splits: 381 Good splits: 342
Reward: 49026.1207622 Total splits: 389 Good splits: 365
Reward: 47548.9083619 Total splits: 376 Good splits: 352
Reward: 46607.0640485 Total splits: 380 Good splits: 356
Reward: 49046.0416226 Total splits: 400 Good splits: 383
Reward: 45856.5510029 Total splits: 384 Good splits: 357
Reward: 47838.4067492 Total splits: 383 Good splits: 354
Reward: 45403.4030188 Total splits: 397 Good splits: 376
Reward: 45377.2935161 Total splits: 412 Good splits: 395
Reward: 46080.8619752 Total splits: 367 Good splits: 341
Reward: 45326.5623119 Total splits: 396 Good splits: 369
Reward: 44942.0734464 Total splits: 370 Good splits: 338
Reward: 47929.7412395 Total splits: 379 Good splits: 354
Reward: 45504.8544322 Total splits: 376 Good splits: 352
Reward: 46210.1561365 Total splits: 401 Good splits: 363
Reward: 45607.8554521 Total splits: 388 Good splits: 374
Reward: 44825.3943142 Total splits: 388 Good splits: 360
Reward: 46683.2770973 Total splits: 396 Good splits: 370
Reward: 48013.7522318 Total splits: 381 Good splits: 363
Reward: 44872.6300657 Total splits: 387 Good splits: 366
Reward: 48879.533189 Total splits: 372 Good splits: 350
Reward: 47908.1045689 Total splits: 392 Good splits: 370
Reward: 48124.3360249 Total splits: 373 Good splits: 349
Reward: 46238.2321297 Total splits: 392 Good splits: 371
Reward: 45287.178849 Total splits: 401 Good splits: 366
Reward: 41418.0476409 Total splits: 409 Good splits: 377
Reward: 48121.6474087 Total splits: 372 Good splits: 346
Reward: 46212.2211502 Total splits: 373 Good splits: 345
Reward: 44089.7835802 Total splits: 409 Good splits: 390
Reward: 41989.2772922 Total splits: 395 Good splits: 374
Reward: 47372.0976359 Total splits: 398 Good splits: 374
Reward: 48337.7682038 Total splits: 419 Good splits: 398
Reward: 42944.8388235 Total splits: 401 Good splits: 370
Reward: 48176.5479495 Total splits: 396 Good splits: 366
Reward: 44100.2107118 Total splits: 413 Good splits: 396

Results after 100 tests
Average total rewards : 46231.7258595
Average total splits  : 391.38
Average good splits   : 366.34
Average good splits % : 93.6021258112

