Reward: 46561.5750417 Total splits: 354 Good splits: 331
Reward: 46321.2609854 Total splits: 349 Good splits: 324
Reward: 44469.9526608 Total splits: 350 Good splits: 332
Reward: 46640.3439955 Total splits: 386 Good splits: 358
Reward: 46548.1098835 Total splits: 363 Good splits: 342
Reward: 46778.6168822 Total splits: 364 Good splits: 336
Reward: 50070.7014638 Total splits: 372 Good splits: 350
Reward: 47939.5828819 Total splits: 368 Good splits: 351
Reward: 41414.178187 Total splits: 353 Good splits: 330
Reward: 46457.4868211 Total splits: 369 Good splits: 337
Reward: 49348.3805885 Total splits: 332 Good splits: 311
Reward: 45840.9421974 Total splits: 382 Good splits: 366
Reward: 47213.9653256 Total splits: 339 Good splits: 319
Reward: 48336.6792399 Total splits: 375 Good splits: 345
Reward: 48824.834552 Total splits: 367 Good splits: 336
Reward: 47406.5800999 Total splits: 349 Good splits: 330
Reward: 49252.2069954 Total splits: 366 Good splits: 344
Reward: 48593.96828 Total splits: 349 Good splits: 323
Reward: 47415.7914338 Total splits: 370 Good splits: 354
Reward: 48574.8805066 Total splits: 356 Good splits: 333
Reward: 43117.252672 Total splits: 346 Good splits: 322
Reward: 49028.5500707 Total splits: 340 Good splits: 311
Reward: 48199.9148282 Total splits: 369 Good splits: 342
Reward: 47787.5172768 Total splits: 348 Good splits: 329
Reward: 48974.8339282 Total splits: 385 Good splits: 357
Reward: 48231.9258566 Total splits: 383 Good splits: 355
Reward: 45717.4606512 Total splits: 371 Good splits: 353
Reward: 47558.9499553 Total splits: 344 Good splits: 328
Reward: 45775.9079934 Total splits: 367 Good splits: 343
Reward: 44701.2483701 Total splits: 373 Good splits: 349
Reward: 45428.9852458 Total splits: 378 Good splits: 342
Reward: 48958.1968149 Total splits: 364 Good splits: 346
Reward: 48104.7253998 Total splits: 367 Good splits: 346
Reward: 44724.1126604 Total splits: 376 Good splits: 361
Reward: 49364.8973702 Total splits: 371 Good splits: 346
Reward: 47600.1437944 Total splits: 331 Good splits: 315
Reward: 49227.2474133 Total splits: 373 Good splits: 348
Reward: 47049.0448931 Total splits: 359 Good splits: 336
Reward: 47382.0098299 Total splits: 379 Good splits: 353
Reward: 47482.8315133 Total splits: 380 Good splits: 354
Reward: 46110.1211395 Total splits: 387 Good splits: 358
Reward: 50145.4656327 Total splits: 358 Good splits: 335
Reward: 43820.4212912 Total splits: 361 Good splits: 348
Reward: 49759.1886444 Total splits: 362 Good splits: 337
Reward: 48355.42474 Total splits: 335 Good splits: 324
Reward: 46319.8654796 Total splits: 373 Good splits: 352
Reward: 49245.0100716 Total splits: 353 Good splits: 337
Reward: 50053.436914 Total splits: 378 Good splits: 349
Reward: 47632.7885639 Total splits: 367 Good splits: 350
Reward: 48153.7594643 Total splits: 373 Good splits: 354
Reward: 48891.0145492 Total splits: 370 Good splits: 343
Reward: 45768.9907473 Total splits: 347 Good splits: 321
Reward: 45888.2707274 Total splits: 363 Good splits: 345
Reward: 49221.2563736 Total splits: 358 Good splits: 336
Reward: 48448.1876681 Total splits: 373 Good splits: 339
Reward: 45295.5831079 Total splits: 380 Good splits: 346
Reward: 47109.5524196 Total splits: 358 Good splits: 337
Reward: 46213.1051373 Total splits: 346 Good splits: 314
Reward: 49208.9943747 Total splits: 345 Good splits: 330
Reward: 49579.2207381 Total splits: 365 Good splits: 338
Reward: 50941.1853915 Total splits: 377 Good splits: 349
Reward: 49402.1307562 Total splits: 362 Good splits: 335
Reward: 45228.6093789 Total splits: 357 Good splits: 335
Reward: 50177.1720108 Total splits: 366 Good splits: 341
Reward: 48364.6494118 Total splits: 347 Good splits: 320
Reward: 48193.7621329 Total splits: 372 Good splits: 341
Reward: 48041.2786053 Total splits: 363 Good splits: 342
Reward: 47565.3750494 Total splits: 382 Good splits: 367
Reward: 46113.9737211 Total splits: 378 Good splits: 352
Reward: 49084.5747689 Total splits: 358 Good splits: 333
Reward: 50144.8327054 Total splits: 357 Good splits: 330
Reward: 50157.3795322 Total splits: 372 Good splits: 342
Reward: 48232.1961964 Total splits: 373 Good splits: 349
Reward: 42815.5535264 Total splits: 380 Good splits: 342
Reward: 48902.2590914 Total splits: 377 Good splits: 364
Reward: 48112.6603143 Total splits: 390 Good splits: 364
Reward: 48947.3431124 Total splits: 371 Good splits: 341
Reward: 48924.6679149 Total splits: 341 Good splits: 317
Reward: 47927.6604584 Total splits: 358 Good splits: 320
Reward: 49754.3637431 Total splits: 379 Good splits: 354
Reward: 46696.5346667 Total splits: 365 Good splits: 341
Reward: 50720.1338791 Total splits: 379 Good splits: 361
Reward: 47407.7279181 Total splits: 343 Good splits: 318
Reward: 47843.5884355 Total splits: 378 Good splits: 355
Reward: 48831.1911685 Total splits: 368 Good splits: 349
Reward: 48244.7240034 Total splits: 361 Good splits: 346
Reward: 48983.8154105 Total splits: 346 Good splits: 327
Reward: 46566.778603 Total splits: 374 Good splits: 354
Reward: 48629.985131 Total splits: 349 Good splits: 322
Reward: 50004.9874601 Total splits: 363 Good splits: 350
Reward: 48249.3910798 Total splits: 377 Good splits: 353
Reward: 49842.4961334 Total splits: 360 Good splits: 329
Reward: 49915.5001198 Total splits: 372 Good splits: 350
Reward: 44801.6772221 Total splits: 341 Good splits: 325
Reward: 48430.189424 Total splits: 339 Good splits: 320
Reward: 47423.5501187 Total splits: 354 Good splits: 336
Reward: 48037.2041945 Total splits: 366 Good splits: 350
Reward: 48777.4558327 Total splits: 397 Good splits: 376
Reward: 47762.5342435 Total splits: 379 Good splits: 340
Reward: 48398.003521 Total splits: 380 Good splits: 351

Results after 100 tests
Average total rewards : 47762.4454873
Average total splits  : 364.2
Average good splits   : 340.72
Average good splits % : 93.5529928611

