Reward: 48295.8248415 Total splits: 361 Good splits: 345
Reward: 46220.5733567 Total splits: 339 Good splits: 313
Reward: 46421.39809 Total splits: 358 Good splits: 339
Reward: 47809.4225709 Total splits: 353 Good splits: 325
Reward: 50906.2678931 Total splits: 362 Good splits: 340
Reward: 45546.8158225 Total splits: 346 Good splits: 331
Reward: 47755.8059555 Total splits: 358 Good splits: 332
Reward: 49052.4165628 Total splits: 363 Good splits: 338
Reward: 49062.9903173 Total splits: 348 Good splits: 320
Reward: 44939.1454164 Total splits: 353 Good splits: 331
Reward: 47475.553897 Total splits: 362 Good splits: 342
Reward: 49625.8315774 Total splits: 344 Good splits: 320
Reward: 47141.8023678 Total splits: 324 Good splits: 301
Reward: 47072.6873947 Total splits: 378 Good splits: 348
Reward: 47421.9879687 Total splits: 319 Good splits: 305
Reward: 48887.3656653 Total splits: 336 Good splits: 303
Reward: 49420.213178 Total splits: 353 Good splits: 330
Reward: 49946.8935931 Total splits: 345 Good splits: 324
Reward: 49446.7144062 Total splits: 350 Good splits: 330
Reward: 49390.5696219 Total splits: 351 Good splits: 333
Reward: 48613.4344725 Total splits: 361 Good splits: 337
Reward: 46631.4280708 Total splits: 357 Good splits: 337
Reward: 48169.1768146 Total splits: 331 Good splits: 309
Reward: 48646.635985 Total splits: 335 Good splits: 316
Reward: 49417.0716176 Total splits: 353 Good splits: 327
Reward: 48670.4635941 Total splits: 346 Good splits: 319
Reward: 49289.5496096 Total splits: 360 Good splits: 339
Reward: 47574.0438622 Total splits: 321 Good splits: 298
Reward: 48097.8361308 Total splits: 366 Good splits: 340
Reward: 49909.189801 Total splits: 375 Good splits: 361
Reward: 44257.3723747 Total splits: 339 Good splits: 323
Reward: 49279.5243017 Total splits: 343 Good splits: 312
Reward: 47114.6851984 Total splits: 346 Good splits: 318
Reward: 49506.6286764 Total splits: 348 Good splits: 323
Reward: 51007.5609152 Total splits: 344 Good splits: 328
Reward: 48350.4724465 Total splits: 332 Good splits: 321
Reward: 48085.1391195 Total splits: 350 Good splits: 328
Reward: 48164.7194782 Total splits: 343 Good splits: 324
Reward: 47709.6028488 Total splits: 331 Good splits: 310
Reward: 47297.3954811 Total splits: 338 Good splits: 312
Reward: 48059.6990684 Total splits: 365 Good splits: 347
Reward: 50112.7370434 Total splits: 356 Good splits: 336
Reward: 49943.9436617 Total splits: 337 Good splits: 314
Reward: 46872.6280974 Total splits: 336 Good splits: 312
Reward: 46594.8257333 Total splits: 339 Good splits: 314
Reward: 49565.7747915 Total splits: 349 Good splits: 315
Reward: 49251.4194258 Total splits: 354 Good splits: 337
Reward: 48108.5806538 Total splits: 346 Good splits: 321
Reward: 46865.9695068 Total splits: 354 Good splits: 335
Reward: 48686.6195537 Total splits: 339 Good splits: 323
Reward: 49012.644424 Total splits: 362 Good splits: 337
Reward: 49286.8354056 Total splits: 368 Good splits: 351
Reward: 45506.8577523 Total splits: 343 Good splits: 325
Reward: 49618.4986614 Total splits: 350 Good splits: 321
Reward: 48771.6812788 Total splits: 349 Good splits: 334
Reward: 47484.6177243 Total splits: 341 Good splits: 305
Reward: 47000.7640701 Total splits: 350 Good splits: 334
Reward: 50337.3779567 Total splits: 363 Good splits: 338
Reward: 49163.7296028 Total splits: 348 Good splits: 325
Reward: 45410.520192 Total splits: 338 Good splits: 312
Reward: 47134.7994516 Total splits: 359 Good splits: 339
Reward: 42308.2010093 Total splits: 346 Good splits: 318
Reward: 48032.7426964 Total splits: 355 Good splits: 337
Reward: 48200.0119541 Total splits: 340 Good splits: 315
Reward: 49086.2859129 Total splits: 353 Good splits: 330
Reward: 48945.5566996 Total splits: 325 Good splits: 304
Reward: 51226.6114694 Total splits: 385 Good splits: 358
Reward: 50189.5562493 Total splits: 348 Good splits: 330
Reward: 46736.8510214 Total splits: 350 Good splits: 325
Reward: 48882.3921248 Total splits: 347 Good splits: 320
Reward: 47628.3886197 Total splits: 362 Good splits: 349
Reward: 49130.7137798 Total splits: 344 Good splits: 318
Reward: 48147.1727972 Total splits: 361 Good splits: 337
Reward: 49814.8567785 Total splits: 374 Good splits: 349
Reward: 49219.636408 Total splits: 372 Good splits: 350
Reward: 48257.2833548 Total splits: 338 Good splits: 320
Reward: 49501.7610322 Total splits: 361 Good splits: 339
Reward: 47302.8245328 Total splits: 350 Good splits: 332
Reward: 49228.8795805 Total splits: 350 Good splits: 325
Reward: 49189.3840092 Total splits: 354 Good splits: 334
Reward: 49635.6097546 Total splits: 337 Good splits: 308
Reward: 50073.2964133 Total splits: 350 Good splits: 331
Reward: 49673.0580153 Total splits: 338 Good splits: 317
Reward: 48813.9813031 Total splits: 343 Good splits: 332
Reward: 48059.2983603 Total splits: 329 Good splits: 305
Reward: 48414.2030089 Total splits: 362 Good splits: 332
Reward: 49476.3425871 Total splits: 353 Good splits: 335
Reward: 46872.4702147 Total splits: 343 Good splits: 327
Reward: 46076.1460454 Total splits: 365 Good splits: 339
Reward: 48179.7095629 Total splits: 354 Good splits: 329
Reward: 49616.7941707 Total splits: 349 Good splits: 335
Reward: 48748.120871 Total splits: 354 Good splits: 332
Reward: 48207.0280579 Total splits: 348 Good splits: 326
Reward: 50155.5955639 Total splits: 321 Good splits: 300
Reward: 49702.9095827 Total splits: 349 Good splits: 329
Reward: 49307.3546516 Total splits: 301 Good splits: 280
Reward: 50880.3895072 Total splits: 343 Good splits: 315
Reward: 49781.105411 Total splits: 352 Good splits: 318
Reward: 48007.3083085 Total splits: 363 Good splits: 341
Reward: 48871.3016827 Total splits: 319 Good splits: 297

Results after 100 tests
Average total rewards : 48400.0386845
Average total splits  : 348.56
Average good splits   : 326.25
Average good splits % : 93.5993803076

