Reward: 46437.5600485 Total splits: 353 Good splits: 333
Reward: 46900.8394292 Total splits: 333 Good splits: 314
Reward: 46583.7185319 Total splits: 350 Good splits: 327
Reward: 48242.3195261 Total splits: 332 Good splits: 308
Reward: 47186.9843295 Total splits: 336 Good splits: 307
Reward: 47878.2849225 Total splits: 334 Good splits: 304
Reward: 47817.5459091 Total splits: 315 Good splits: 301
Reward: 49417.8605714 Total splits: 314 Good splits: 292
Reward: 47214.5892568 Total splits: 337 Good splits: 305
Reward: 48137.9810569 Total splits: 346 Good splits: 324
Reward: 48778.0378827 Total splits: 340 Good splits: 320
Reward: 49833.9252595 Total splits: 354 Good splits: 333
Reward: 47833.8837375 Total splits: 341 Good splits: 319
Reward: 50728.7307297 Total splits: 334 Good splits: 316
Reward: 49798.7507696 Total splits: 331 Good splits: 321
Reward: 48628.154352 Total splits: 334 Good splits: 322
Reward: 48386.9589592 Total splits: 350 Good splits: 322
Reward: 50671.3667245 Total splits: 334 Good splits: 309
Reward: 49741.1770825 Total splits: 343 Good splits: 318
Reward: 46855.5272213 Total splits: 327 Good splits: 300
Reward: 47101.152336 Total splits: 342 Good splits: 320
Reward: 46614.6460101 Total splits: 334 Good splits: 318
Reward: 48979.1473981 Total splits: 320 Good splits: 300
Reward: 50880.2517265 Total splits: 343 Good splits: 312
Reward: 47573.8090309 Total splits: 337 Good splits: 315
Reward: 49059.2157885 Total splits: 331 Good splits: 315
Reward: 50077.0601737 Total splits: 334 Good splits: 307
Reward: 46626.4928227 Total splits: 331 Good splits: 300
Reward: 50216.8424751 Total splits: 328 Good splits: 310
Reward: 49958.3625335 Total splits: 339 Good splits: 326
Reward: 49668.114931 Total splits: 335 Good splits: 320
Reward: 49063.2239315 Total splits: 319 Good splits: 306
Reward: 50898.8181821 Total splits: 335 Good splits: 313
Reward: 48286.1717785 Total splits: 343 Good splits: 316
Reward: 49422.5866917 Total splits: 354 Good splits: 331
Reward: 49072.1045192 Total splits: 357 Good splits: 325
Reward: 49456.8979787 Total splits: 352 Good splits: 326
Reward: 49256.2927534 Total splits: 351 Good splits: 318
Reward: 46529.0472453 Total splits: 324 Good splits: 305
Reward: 47575.1302379 Total splits: 339 Good splits: 313
Reward: 50824.6168158 Total splits: 319 Good splits: 296
Reward: 49405.4182906 Total splits: 338 Good splits: 316
Reward: 47433.1664996 Total splits: 315 Good splits: 291
Reward: 47382.720342 Total splits: 346 Good splits: 323
Reward: 46975.2003628 Total splits: 361 Good splits: 330
Reward: 49212.6362412 Total splits: 325 Good splits: 307
Reward: 48917.8157326 Total splits: 358 Good splits: 333
Reward: 49747.4247464 Total splits: 322 Good splits: 295
Reward: 44218.5487688 Total splits: 357 Good splits: 329
Reward: 50619.7596092 Total splits: 356 Good splits: 340
Reward: 47894.6859514 Total splits: 343 Good splits: 312
Reward: 47514.3889186 Total splits: 336 Good splits: 317
Reward: 50248.0748253 Total splits: 326 Good splits: 315
Reward: 45213.9196198 Total splits: 343 Good splits: 315
Reward: 50176.7714838 Total splits: 339 Good splits: 321
Reward: 50076.6602195 Total splits: 339 Good splits: 319
Reward: 50207.9331814 Total splits: 358 Good splits: 331
Reward: 48176.9182659 Total splits: 353 Good splits: 329
Reward: 45702.8589653 Total splits: 340 Good splits: 314
Reward: 47836.292977 Total splits: 344 Good splits: 329
Reward: 47934.4856067 Total splits: 338 Good splits: 317
Reward: 49525.8458875 Total splits: 323 Good splits: 302
Reward: 48154.9567076 Total splits: 337 Good splits: 323
Reward: 50044.7590028 Total splits: 342 Good splits: 323
Reward: 49510.1683944 Total splits: 348 Good splits: 330
Reward: 48840.9865105 Total splits: 340 Good splits: 317
Reward: 49728.277783 Total splits: 331 Good splits: 309
Reward: 47905.0405631 Total splits: 348 Good splits: 331
Reward: 43984.4272201 Total splits: 335 Good splits: 315
Reward: 50567.7126407 Total splits: 337 Good splits: 310
Reward: 46474.3326237 Total splits: 341 Good splits: 321
Reward: 49901.6686905 Total splits: 338 Good splits: 316
Reward: 47720.3618645 Total splits: 337 Good splits: 317
Reward: 47089.4993021 Total splits: 344 Good splits: 321
Reward: 49710.1948125 Total splits: 328 Good splits: 309
Reward: 48653.748547 Total splits: 329 Good splits: 303
Reward: 47857.4258386 Total splits: 313 Good splits: 298
Reward: 46507.342061 Total splits: 342 Good splits: 324
Reward: 43473.6991338 Total splits: 347 Good splits: 329
Reward: 47764.0673454 Total splits: 314 Good splits: 296
Reward: 45507.7672072 Total splits: 336 Good splits: 308
Reward: 49023.2435611 Total splits: 349 Good splits: 334
Reward: 50059.8299793 Total splits: 336 Good splits: 313
Reward: 47594.9995689 Total splits: 337 Good splits: 320
Reward: 50281.1332536 Total splits: 337 Good splits: 312
Reward: 48723.9581696 Total splits: 335 Good splits: 309
Reward: 48403.0065443 Total splits: 326 Good splits: 310
Reward: 48372.30933 Total splits: 358 Good splits: 326
Reward: 48943.9157937 Total splits: 334 Good splits: 305
Reward: 49852.3335066 Total splits: 328 Good splits: 309
Reward: 49325.1785918 Total splits: 356 Good splits: 340
Reward: 48844.1593259 Total splits: 341 Good splits: 326
Reward: 47506.2392653 Total splits: 320 Good splits: 302
Reward: 49743.633376 Total splits: 342 Good splits: 313
Reward: 49820.9359151 Total splits: 341 Good splits: 320
Reward: 46257.8505292 Total splits: 353 Good splits: 330
Reward: 47037.6578982 Total splits: 345 Good splits: 325
Reward: 49931.4829911 Total splits: 347 Good splits: 326
Reward: 49873.2571994 Total splits: 336 Good splits: 311
Reward: 48086.3036744 Total splits: 334 Good splits: 311

Results after 100 tests
Average total rewards : 48457.1357288
Average total splits  : 338.07
Average good splits   : 316.14
Average good splits % : 93.5131777443

