Reward: 51200.7639982 Total splits: 345 Good splits: 325
Reward: 50999.4666124 Total splits: 334 Good splits: 313
Reward: 48681.2156271 Total splits: 337 Good splits: 307
Reward: 48664.8588049 Total splits: 315 Good splits: 302
Reward: 45460.1278189 Total splits: 334 Good splits: 312
Reward: 48511.9427888 Total splits: 345 Good splits: 329
Reward: 49193.9519563 Total splits: 327 Good splits: 309
Reward: 49137.2272949 Total splits: 316 Good splits: 294
Reward: 48341.2592495 Total splits: 332 Good splits: 315
Reward: 48479.7627784 Total splits: 331 Good splits: 299
Reward: 48059.6325307 Total splits: 346 Good splits: 327
Reward: 48107.4837221 Total splits: 317 Good splits: 294
Reward: 49827.3366521 Total splits: 314 Good splits: 290
Reward: 48441.4666486 Total splits: 315 Good splits: 301
Reward: 47134.3560425 Total splits: 329 Good splits: 309
Reward: 48967.476924 Total splits: 334 Good splits: 315
Reward: 48677.155043 Total splits: 327 Good splits: 309
Reward: 49740.8658829 Total splits: 341 Good splits: 317
Reward: 50189.4740193 Total splits: 326 Good splits: 297
Reward: 48507.9318515 Total splits: 333 Good splits: 304
Reward: 50001.6093845 Total splits: 328 Good splits: 301
Reward: 45429.7004378 Total splits: 321 Good splits: 300
Reward: 48141.8312257 Total splits: 346 Good splits: 319
Reward: 49046.7322163 Total splits: 329 Good splits: 306
Reward: 50604.3391343 Total splits: 350 Good splits: 332
Reward: 48992.4392984 Total splits: 323 Good splits: 303
Reward: 50617.0151204 Total splits: 329 Good splits: 307
Reward: 45258.8989537 Total splits: 344 Good splits: 329
Reward: 50702.5579119 Total splits: 339 Good splits: 323
Reward: 51269.0597485 Total splits: 332 Good splits: 312
Reward: 48506.5794078 Total splits: 342 Good splits: 320
Reward: 50804.5335496 Total splits: 329 Good splits: 310
Reward: 49153.2597691 Total splits: 334 Good splits: 315
Reward: 49989.5584552 Total splits: 340 Good splits: 308
Reward: 48062.8768989 Total splits: 333 Good splits: 308
Reward: 47468.7859988 Total splits: 349 Good splits: 328
Reward: 49405.5779704 Total splits: 340 Good splits: 311
Reward: 45485.1329073 Total splits: 311 Good splits: 296
Reward: 49037.1828613 Total splits: 329 Good splits: 310
Reward: 49688.9348958 Total splits: 340 Good splits: 317
Reward: 50262.4242826 Total splits: 313 Good splits: 288
Reward: 48914.4357558 Total splits: 324 Good splits: 304
Reward: 50306.9514004 Total splits: 333 Good splits: 313
Reward: 45880.8729754 Total splits: 325 Good splits: 309
Reward: 46231.9889609 Total splits: 329 Good splits: 316
Reward: 50121.4388178 Total splits: 345 Good splits: 319
Reward: 48487.2302668 Total splits: 328 Good splits: 314
Reward: 49778.2101488 Total splits: 349 Good splits: 326
Reward: 49754.7255693 Total splits: 331 Good splits: 309
Reward: 49990.1730714 Total splits: 330 Good splits: 318
Reward: 49379.3067022 Total splits: 341 Good splits: 319
Reward: 49042.232263 Total splits: 349 Good splits: 331
Reward: 49203.6023675 Total splits: 320 Good splits: 291
Reward: 50314.8957081 Total splits: 335 Good splits: 309
Reward: 43640.8626429 Total splits: 327 Good splits: 312
Reward: 49022.7754187 Total splits: 342 Good splits: 312
Reward: 46937.3495517 Total splits: 324 Good splits: 304
Reward: 48782.3440241 Total splits: 324 Good splits: 308
Reward: 44689.2551228 Total splits: 310 Good splits: 290
Reward: 47792.1512371 Total splits: 354 Good splits: 331
Reward: 47072.4195196 Total splits: 337 Good splits: 309
Reward: 49501.3512185 Total splits: 338 Good splits: 312
Reward: 47319.0913166 Total splits: 344 Good splits: 316
Reward: 49204.2687558 Total splits: 335 Good splits: 313
Reward: 49871.6751866 Total splits: 359 Good splits: 332
Reward: 49491.7124207 Total splits: 316 Good splits: 292
Reward: 48160.9459791 Total splits: 339 Good splits: 325
Reward: 46969.9757765 Total splits: 316 Good splits: 296
Reward: 49972.5684003 Total splits: 335 Good splits: 311
Reward: 50518.8550604 Total splits: 336 Good splits: 317
Reward: 48340.305755 Total splits: 345 Good splits: 324
Reward: 46546.548998 Total splits: 317 Good splits: 299
Reward: 46523.3649038 Total splits: 314 Good splits: 301
Reward: 48854.0741026 Total splits: 349 Good splits: 321
Reward: 49382.2356568 Total splits: 311 Good splits: 282
Reward: 48135.0214446 Total splits: 352 Good splits: 334
Reward: 50629.0199898 Total splits: 346 Good splits: 331
Reward: 50605.0839593 Total splits: 328 Good splits: 307
Reward: 48024.8508328 Total splits: 336 Good splits: 308
Reward: 48975.2186726 Total splits: 320 Good splits: 302
Reward: 49643.0484116 Total splits: 336 Good splits: 321
Reward: 45569.9390498 Total splits: 330 Good splits: 313
Reward: 48494.7010965 Total splits: 327 Good splits: 300
Reward: 50145.6946966 Total splits: 323 Good splits: 309
Reward: 47923.2543491 Total splits: 335 Good splits: 320
Reward: 47900.7962529 Total splits: 328 Good splits: 297
Reward: 51132.4505669 Total splits: 339 Good splits: 319
Reward: 46702.0418773 Total splits: 333 Good splits: 318
Reward: 43808.457089 Total splits: 324 Good splits: 310
Reward: 46634.5001431 Total splits: 326 Good splits: 298
Reward: 49713.8575241 Total splits: 336 Good splits: 318
Reward: 49729.0551959 Total splits: 337 Good splits: 307
Reward: 50492.529668 Total splits: 348 Good splits: 321
Reward: 50921.8893548 Total splits: 330 Good splits: 315
Reward: 46324.2224381 Total splits: 330 Good splits: 309
Reward: 48137.0210531 Total splits: 326 Good splits: 315
Reward: 46718.2208007 Total splits: 325 Good splits: 298
Reward: 50574.0593977 Total splits: 330 Good splits: 313
Reward: 48524.9280725 Total splits: 307 Good splits: 285
Reward: 46108.9632271 Total splits: 315 Good splits: 289

Results after 100 tests
Average total rewards : 48618.2180689
Average total splits  : 331.77
Average good splits   : 310.53
Average good splits % : 93.5979745004

