Reward: 45801.7083336 Total splits: 321 Good splits: 308
Reward: 43362.6633882 Total splits: 318 Good splits: 300
Reward: 45490.4548964 Total splits: 304 Good splits: 291
Reward: 46852.2575211 Total splits: 314 Good splits: 287
Reward: 43717.9486431 Total splits: 326 Good splits: 307
Reward: 50852.1081709 Total splits: 338 Good splits: 318
Reward: 50192.464489 Total splits: 339 Good splits: 311
Reward: 45334.5544651 Total splits: 335 Good splits: 315
Reward: 45661.0169055 Total splits: 327 Good splits: 294
Reward: 49888.8540871 Total splits: 328 Good splits: 310
Reward: 48451.145151 Total splits: 321 Good splits: 304
Reward: 46452.7607663 Total splits: 336 Good splits: 305
Reward: 49972.3605161 Total splits: 327 Good splits: 307
Reward: 49175.2710443 Total splits: 342 Good splits: 317
Reward: 48464.3231589 Total splits: 331 Good splits: 311
Reward: 47181.3413181 Total splits: 330 Good splits: 303
Reward: 48335.7228308 Total splits: 340 Good splits: 329
Reward: 46637.4406911 Total splits: 329 Good splits: 288
Reward: 47981.6060851 Total splits: 333 Good splits: 313
Reward: 50282.5694782 Total splits: 327 Good splits: 315
Reward: 48786.0905219 Total splits: 329 Good splits: 310
Reward: 46037.5547584 Total splits: 308 Good splits: 296
Reward: 44916.3898171 Total splits: 335 Good splits: 299
Reward: 48645.4607357 Total splits: 332 Good splits: 316
Reward: 43706.9698761 Total splits: 317 Good splits: 301
Reward: 49232.392915 Total splits: 328 Good splits: 308
Reward: 46608.759113 Total splits: 325 Good splits: 308
Reward: 51169.6219411 Total splits: 324 Good splits: 315
Reward: 47588.6226536 Total splits: 311 Good splits: 296
Reward: 44994.1846502 Total splits: 305 Good splits: 279
Reward: 45721.6493622 Total splits: 313 Good splits: 296
Reward: 48630.8761004 Total splits: 333 Good splits: 307
Reward: 48148.8424734 Total splits: 336 Good splits: 311
Reward: 48713.7576206 Total splits: 337 Good splits: 312
Reward: 48056.2786938 Total splits: 316 Good splits: 295
Reward: 48797.6297961 Total splits: 338 Good splits: 321
Reward: 49612.4442146 Total splits: 323 Good splits: 306
Reward: 49831.22041 Total splits: 317 Good splits: 289
Reward: 48494.2104407 Total splits: 322 Good splits: 304
Reward: 47637.2430991 Total splits: 300 Good splits: 290
Reward: 50875.8361986 Total splits: 327 Good splits: 309
Reward: 48289.8107009 Total splits: 326 Good splits: 309
Reward: 49753.8436571 Total splits: 343 Good splits: 328
Reward: 47877.1114354 Total splits: 306 Good splits: 284
Reward: 47975.1870278 Total splits: 330 Good splits: 303
Reward: 46685.1480052 Total splits: 326 Good splits: 309
Reward: 48117.6784597 Total splits: 330 Good splits: 308
Reward: 47117.4437227 Total splits: 307 Good splits: 277
Reward: 47773.9209809 Total splits: 316 Good splits: 294
Reward: 48096.6555907 Total splits: 318 Good splits: 296
Reward: 49273.5727919 Total splits: 331 Good splits: 307
Reward: 48789.1635305 Total splits: 317 Good splits: 292
Reward: 48603.12354 Total splits: 313 Good splits: 291
Reward: 49149.0113833 Total splits: 334 Good splits: 314
Reward: 45041.9100965 Total splits: 314 Good splits: 300
Reward: 47046.5401042 Total splits: 333 Good splits: 314
Reward: 48018.1806113 Total splits: 332 Good splits: 318
Reward: 48349.6298348 Total splits: 335 Good splits: 315
Reward: 48165.4930521 Total splits: 316 Good splits: 296
Reward: 46684.6320134 Total splits: 344 Good splits: 320
Reward: 47386.3608536 Total splits: 320 Good splits: 300
Reward: 50307.3161792 Total splits: 315 Good splits: 301
Reward: 47183.6736697 Total splits: 345 Good splits: 329
Reward: 51107.3015324 Total splits: 333 Good splits: 316
Reward: 49945.73201 Total splits: 325 Good splits: 298
Reward: 49646.4686338 Total splits: 294 Good splits: 281
Reward: 45780.9040117 Total splits: 315 Good splits: 300
Reward: 47516.96403 Total splits: 338 Good splits: 311
Reward: 46168.1603207 Total splits: 319 Good splits: 301
Reward: 48304.0347335 Total splits: 327 Good splits: 303
Reward: 49915.3254324 Total splits: 332 Good splits: 307
Reward: 49133.4647006 Total splits: 324 Good splits: 306
Reward: 49697.2292512 Total splits: 326 Good splits: 315
Reward: 51118.8825823 Total splits: 342 Good splits: 332
Reward: 45921.2968219 Total splits: 320 Good splits: 296
Reward: 49166.350454 Total splits: 327 Good splits: 304
Reward: 51141.3559729 Total splits: 321 Good splits: 296
Reward: 47738.7549495 Total splits: 316 Good splits: 293
Reward: 48798.2492543 Total splits: 316 Good splits: 305
Reward: 47330.1322747 Total splits: 326 Good splits: 305
Reward: 49684.3480955 Total splits: 331 Good splits: 307
Reward: 49034.5634639 Total splits: 315 Good splits: 290
Reward: 47685.2376013 Total splits: 351 Good splits: 328
Reward: 50807.8491535 Total splits: 321 Good splits: 308
Reward: 46057.4269846 Total splits: 333 Good splits: 314
Reward: 50365.61048 Total splits: 316 Good splits: 297
Reward: 47972.7712265 Total splits: 334 Good splits: 308
Reward: 46145.1573771 Total splits: 323 Good splits: 304
Reward: 48435.1712841 Total splits: 330 Good splits: 303
Reward: 48523.4553072 Total splits: 330 Good splits: 311
Reward: 48584.0565229 Total splits: 301 Good splits: 289
Reward: 48293.770609 Total splits: 309 Good splits: 295
Reward: 49152.283966 Total splits: 341 Good splits: 322
Reward: 49657.1315403 Total splits: 339 Good splits: 314
Reward: 48018.129239 Total splits: 330 Good splits: 318
Reward: 48335.2988241 Total splits: 334 Good splits: 319
Reward: 49532.7676612 Total splits: 320 Good splits: 302
Reward: 50389.6600211 Total splits: 326 Good splits: 306
Reward: 45686.0084454 Total splits: 324 Good splits: 307
Reward: 47414.0313602 Total splits: 320 Good splits: 302

Results after 100 tests
Average total rewards : 48101.853507
Average total splits  : 325.22
Average good splits   : 305.19
Average good splits % : 93.8410921838

