Reward: 48154.8565992 Total splits: 299 Good splits: 277
Reward: 49760.3546078 Total splits: 324 Good splits: 308
Reward: 50947.7317646 Total splits: 316 Good splits: 296
Reward: 45716.1486854 Total splits: 312 Good splits: 298
Reward: 45953.9353407 Total splits: 316 Good splits: 291
Reward: 50804.5540899 Total splits: 330 Good splits: 302
Reward: 47044.371769 Total splits: 306 Good splits: 281
Reward: 47298.7538826 Total splits: 298 Good splits: 278
Reward: 49604.0123648 Total splits: 326 Good splits: 300
Reward: 44583.4714658 Total splits: 305 Good splits: 297
Reward: 47440.2625945 Total splits: 319 Good splits: 300
Reward: 49183.0353527 Total splits: 322 Good splits: 300
Reward: 50125.0058439 Total splits: 304 Good splits: 284
Reward: 49706.8003548 Total splits: 315 Good splits: 303
Reward: 48184.408207 Total splits: 320 Good splits: 295
Reward: 51030.1061173 Total splits: 348 Good splits: 326
Reward: 47855.447992 Total splits: 301 Good splits: 289
Reward: 47798.7569698 Total splits: 295 Good splits: 278
Reward: 47760.3000678 Total splits: 308 Good splits: 288
Reward: 48279.8358448 Total splits: 298 Good splits: 273
Reward: 51233.22017 Total splits: 351 Good splits: 335
Reward: 48179.0784521 Total splits: 314 Good splits: 299
Reward: 47287.175991 Total splits: 316 Good splits: 298
Reward: 47716.1512478 Total splits: 318 Good splits: 304
Reward: 49232.0330624 Total splits: 324 Good splits: 311
Reward: 46094.3802709 Total splits: 328 Good splits: 309
Reward: 48881.5216679 Total splits: 320 Good splits: 305
Reward: 49422.8051032 Total splits: 329 Good splits: 307
Reward: 45334.7625168 Total splits: 316 Good splits: 299
Reward: 49221.9947737 Total splits: 315 Good splits: 300
Reward: 50577.4842704 Total splits: 309 Good splits: 285
Reward: 49898.9333112 Total splits: 300 Good splits: 287
Reward: 46327.1095373 Total splits: 301 Good splits: 283
Reward: 49680.8339356 Total splits: 316 Good splits: 296
Reward: 46844.7257568 Total splits: 313 Good splits: 292
Reward: 48944.1712719 Total splits: 316 Good splits: 302
Reward: 49378.3040112 Total splits: 335 Good splits: 306
Reward: 46878.4703517 Total splits: 301 Good splits: 279
Reward: 49156.0725597 Total splits: 333 Good splits: 311
Reward: 50862.878652 Total splits: 316 Good splits: 295
Reward: 47750.043786 Total splits: 323 Good splits: 301
Reward: 48858.3495424 Total splits: 322 Good splits: 296
Reward: 47051.7199039 Total splits: 311 Good splits: 294
Reward: 48994.5147035 Total splits: 297 Good splits: 277
Reward: 50281.9594737 Total splits: 328 Good splits: 302
Reward: 49849.472044 Total splits: 314 Good splits: 300
Reward: 48084.0657138 Total splits: 309 Good splits: 293
Reward: 48384.3430411 Total splits: 330 Good splits: 304
Reward: 51528.77464 Total splits: 320 Good splits: 304
Reward: 48734.9426586 Total splits: 331 Good splits: 316
Reward: 47518.0421199 Total splits: 313 Good splits: 297
Reward: 50392.3245149 Total splits: 321 Good splits: 303
Reward: 49098.1936919 Total splits: 319 Good splits: 299
Reward: 47611.9111905 Total splits: 326 Good splits: 309
Reward: 49361.0181793 Total splits: 326 Good splits: 295
Reward: 45854.5742668 Total splits: 309 Good splits: 285
Reward: 48599.6854247 Total splits: 320 Good splits: 311
Reward: 50737.2177961 Total splits: 318 Good splits: 293
Reward: 47350.323683 Total splits: 335 Good splits: 318
Reward: 43625.0138982 Total splits: 307 Good splits: 280
Reward: 48938.6575256 Total splits: 310 Good splits: 291
Reward: 47132.5461371 Total splits: 333 Good splits: 310
Reward: 48236.8636173 Total splits: 331 Good splits: 313
Reward: 49862.4453012 Total splits: 328 Good splits: 313
Reward: 50064.1257598 Total splits: 335 Good splits: 315
Reward: 50562.437428 Total splits: 335 Good splits: 316
Reward: 48873.6667193 Total splits: 297 Good splits: 281
Reward: 47492.0934724 Total splits: 341 Good splits: 314
Reward: 48578.5001245 Total splits: 325 Good splits: 301
Reward: 49358.8488587 Total splits: 314 Good splits: 288
Reward: 42655.1428299 Total splits: 291 Good splits: 274
Reward: 49093.2582321 Total splits: 313 Good splits: 293
Reward: 46188.5529115 Total splits: 308 Good splits: 287
Reward: 47695.3683131 Total splits: 309 Good splits: 292
Reward: 49191.7168208 Total splits: 317 Good splits: 290
Reward: 49190.4472866 Total splits: 333 Good splits: 312
Reward: 46645.4672443 Total splits: 317 Good splits: 286
Reward: 49059.3161549 Total splits: 325 Good splits: 294
Reward: 45743.6842553 Total splits: 326 Good splits: 306
Reward: 49597.0447481 Total splits: 333 Good splits: 309
Reward: 51192.3573534 Total splits: 345 Good splits: 326
Reward: 45761.4381526 Total splits: 314 Good splits: 285
Reward: 44905.8269086 Total splits: 300 Good splits: 284
Reward: 47053.9850921 Total splits: 313 Good splits: 285
Reward: 45509.9493457 Total splits: 330 Good splits: 312
Reward: 49204.926426 Total splits: 326 Good splits: 305
Reward: 43416.4404258 Total splits: 317 Good splits: 297
Reward: 49310.2706446 Total splits: 318 Good splits: 295
Reward: 45237.8006916 Total splits: 319 Good splits: 298
Reward: 49140.0809556 Total splits: 304 Good splits: 292
Reward: 45859.3494419 Total splits: 328 Good splits: 309
Reward: 46546.5495099 Total splits: 325 Good splits: 308
Reward: 46202.471633 Total splits: 331 Good splits: 317
Reward: 50647.7319439 Total splits: 318 Good splits: 296
Reward: 47570.2258697 Total splits: 313 Good splits: 286
Reward: 48393.2355927 Total splits: 319 Good splits: 294
Reward: 45692.6649393 Total splits: 313 Good splits: 298
Reward: 47622.5451397 Total splits: 325 Good splits: 313
Reward: 48059.3154431 Total splits: 333 Good splits: 308
Reward: 46796.4586355 Total splits: 290 Good splits: 277

Results after 100 tests
Average total rewards : 48163.3455499
Average total splits  : 318.14
Average good splits   : 298.14
Average good splits % : 93.7134594832

