Reward: 48865.7581639 Total splits: 294 Good splits: 277
Reward: 45698.9395237 Total splits: 323 Good splits: 302
Reward: 49383.7430939 Total splits: 314 Good splits: 302
Reward: 46787.9959476 Total splits: 318 Good splits: 290
Reward: 48693.5564156 Total splits: 314 Good splits: 302
Reward: 49256.5855522 Total splits: 308 Good splits: 286
Reward: 47186.9699617 Total splits: 305 Good splits: 290
Reward: 43498.2047702 Total splits: 309 Good splits: 289
Reward: 45728.9376131 Total splits: 287 Good splits: 265
Reward: 46496.8254015 Total splits: 309 Good splits: 296
Reward: 47284.5085704 Total splits: 298 Good splits: 280
Reward: 43480.0164445 Total splits: 306 Good splits: 291
Reward: 43974.132725 Total splits: 324 Good splits: 306
Reward: 47048.7231971 Total splits: 313 Good splits: 301
Reward: 48382.8111609 Total splits: 320 Good splits: 308
Reward: 49371.4741209 Total splits: 316 Good splits: 303
Reward: 46824.1109229 Total splits: 301 Good splits: 289
Reward: 46273.0076978 Total splits: 316 Good splits: 287
Reward: 44601.4253856 Total splits: 307 Good splits: 294
Reward: 47525.5202168 Total splits: 288 Good splits: 274
Reward: 46318.3802525 Total splits: 306 Good splits: 291
Reward: 47627.2316143 Total splits: 310 Good splits: 294
Reward: 45329.7495201 Total splits: 295 Good splits: 283
Reward: 46501.7716815 Total splits: 312 Good splits: 298
Reward: 46002.1683588 Total splits: 317 Good splits: 302
Reward: 47939.5626056 Total splits: 310 Good splits: 297
Reward: 48253.7030255 Total splits: 320 Good splits: 309
Reward: 49107.8769088 Total splits: 313 Good splits: 297
Reward: 47541.9541291 Total splits: 316 Good splits: 295
Reward: 48646.2043496 Total splits: 317 Good splits: 298
Reward: 50662.5140002 Total splits: 315 Good splits: 297
Reward: 47068.9278283 Total splits: 302 Good splits: 283
Reward: 47023.0150596 Total splits: 312 Good splits: 300
Reward: 42026.0191465 Total splits: 308 Good splits: 282
Reward: 46686.7675146 Total splits: 297 Good splits: 274
Reward: 48362.2615003 Total splits: 300 Good splits: 282
Reward: 48814.0170271 Total splits: 304 Good splits: 286
Reward: 50836.2680288 Total splits: 324 Good splits: 308
Reward: 43975.9221185 Total splits: 296 Good splits: 287
Reward: 49153.9729555 Total splits: 306 Good splits: 286
Reward: 48891.5010108 Total splits: 303 Good splits: 285
Reward: 40547.538708 Total splits: 288 Good splits: 260
Reward: 47235.3147889 Total splits: 321 Good splits: 303
Reward: 46788.7697638 Total splits: 299 Good splits: 287
Reward: 49533.9556613 Total splits: 311 Good splits: 302
Reward: 46306.8329795 Total splits: 318 Good splits: 295
Reward: 48352.1060429 Total splits: 305 Good splits: 284
Reward: 46035.7990272 Total splits: 309 Good splits: 281
Reward: 47117.5744101 Total splits: 311 Good splits: 292
Reward: 49181.1498941 Total splits: 316 Good splits: 297
Reward: 48196.8725542 Total splits: 312 Good splits: 298
Reward: 46476.4574386 Total splits: 298 Good splits: 283
Reward: 46725.9414078 Total splits: 312 Good splits: 297
Reward: 48202.866081 Total splits: 319 Good splits: 306
Reward: 49500.6966989 Total splits: 308 Good splits: 298
Reward: 48024.5639033 Total splits: 299 Good splits: 281
Reward: 50558.4850896 Total splits: 314 Good splits: 301
Reward: 46443.5074565 Total splits: 310 Good splits: 295
Reward: 43350.6784024 Total splits: 322 Good splits: 306
Reward: 46271.0160057 Total splits: 323 Good splits: 304
Reward: 46459.1398363 Total splits: 318 Good splits: 294
Reward: 47572.8601264 Total splits: 314 Good splits: 288
Reward: 48298.0608231 Total splits: 312 Good splits: 293
Reward: 48107.4008818 Total splits: 306 Good splits: 286
Reward: 48595.1807049 Total splits: 321 Good splits: 298
Reward: 47226.7957569 Total splits: 318 Good splits: 304
Reward: 48219.5996764 Total splits: 300 Good splits: 274
Reward: 49057.2022776 Total splits: 312 Good splits: 294
Reward: 49158.3991191 Total splits: 304 Good splits: 287
Reward: 48633.8611496 Total splits: 313 Good splits: 287
Reward: 49239.4359848 Total splits: 315 Good splits: 296
Reward: 46062.5042671 Total splits: 335 Good splits: 315
Reward: 48171.7412281 Total splits: 311 Good splits: 301
Reward: 48424.2783253 Total splits: 307 Good splits: 295
Reward: 47890.5020748 Total splits: 314 Good splits: 300
Reward: 46603.3909514 Total splits: 306 Good splits: 290
Reward: 48481.5102694 Total splits: 304 Good splits: 290
Reward: 46459.3275112 Total splits: 307 Good splits: 286
Reward: 45782.751679 Total splits: 305 Good splits: 291
Reward: 49365.0619792 Total splits: 310 Good splits: 291
Reward: 47070.9071448 Total splits: 318 Good splits: 295
Reward: 49987.2863933 Total splits: 311 Good splits: 300
Reward: 46306.0782961 Total splits: 316 Good splits: 293
Reward: 47854.262475 Total splits: 309 Good splits: 290
Reward: 47444.9516829 Total splits: 315 Good splits: 296
Reward: 43939.0698935 Total splits: 306 Good splits: 293
Reward: 49427.7976611 Total splits: 296 Good splits: 269
Reward: 46928.0514643 Total splits: 300 Good splits: 287
Reward: 43780.9983844 Total splits: 299 Good splits: 277
Reward: 48948.1892255 Total splits: 307 Good splits: 289
Reward: 44310.8925325 Total splits: 320 Good splits: 303
Reward: 47579.5861898 Total splits: 333 Good splits: 323
Reward: 50572.488605 Total splits: 317 Good splits: 304
Reward: 47532.5511338 Total splits: 310 Good splits: 282
Reward: 46937.2971503 Total splits: 315 Good splits: 293
Reward: 48107.9470757 Total splits: 320 Good splits: 301
Reward: 45489.6505691 Total splits: 298 Good splits: 270
Reward: 50172.5916703 Total splits: 315 Good splits: 299
Reward: 48551.2735144 Total splits: 313 Good splits: 298
Reward: 48449.3590427 Total splits: 312 Good splits: 295

Results after 100 tests
Average total rewards : 47351.8339656
Average total splits  : 310.1
Average good splits   : 292.53
Average good splits % : 94.3340857788

