Reward: 45780.9359303 Total splits: 297 Good splits: 277
Reward: 48132.0274809 Total splits: 322 Good splits: 299
Reward: 45524.7084617 Total splits: 284 Good splits: 267
Reward: 47517.8397014 Total splits: 312 Good splits: 297
Reward: 46177.3761387 Total splits: 304 Good splits: 288
Reward: 47312.0887072 Total splits: 294 Good splits: 275
Reward: 49833.3146481 Total splits: 318 Good splits: 308
Reward: 47600.9191681 Total splits: 304 Good splits: 282
Reward: 46948.325279 Total splits: 299 Good splits: 282
Reward: 43526.5875852 Total splits: 296 Good splits: 285
Reward: 48199.7241322 Total splits: 315 Good splits: 303
Reward: 48855.9116903 Total splits: 288 Good splits: 269
Reward: 47427.5219831 Total splits: 291 Good splits: 273
Reward: 45515.2702991 Total splits: 294 Good splits: 283
Reward: 43905.5054917 Total splits: 294 Good splits: 280
Reward: 49189.6019096 Total splits: 290 Good splits: 272
Reward: 48139.4193968 Total splits: 317 Good splits: 301
Reward: 45426.7717778 Total splits: 294 Good splits: 278
Reward: 45681.6204186 Total splits: 288 Good splits: 272
Reward: 45790.9695776 Total splits: 311 Good splits: 300
Reward: 47548.0178202 Total splits: 302 Good splits: 286
Reward: 43498.2447489 Total splits: 300 Good splits: 280
Reward: 47055.8698898 Total splits: 301 Good splits: 286
Reward: 45765.2309496 Total splits: 304 Good splits: 289
Reward: 44962.9636609 Total splits: 295 Good splits: 278
Reward: 44653.860234 Total splits: 294 Good splits: 280
Reward: 48196.6469946 Total splits: 301 Good splits: 295
Reward: 48126.7824348 Total splits: 296 Good splits: 286
Reward: 47459.9999039 Total splits: 298 Good splits: 287
Reward: 48519.7328989 Total splits: 293 Good splits: 283
Reward: 48708.4223355 Total splits: 287 Good splits: 270
Reward: 46348.496535 Total splits: 316 Good splits: 303
Reward: 44388.3102594 Total splits: 292 Good splits: 275
Reward: 47634.5753495 Total splits: 299 Good splits: 284
Reward: 48806.7859767 Total splits: 294 Good splits: 277
Reward: 48504.9433833 Total splits: 303 Good splits: 285
Reward: 46613.5194381 Total splits: 291 Good splits: 275
Reward: 49127.4781149 Total splits: 295 Good splits: 280
Reward: 50562.7283909 Total splits: 333 Good splits: 318
Reward: 48508.0021214 Total splits: 312 Good splits: 302
Reward: 44891.6058878 Total splits: 298 Good splits: 293
Reward: 46723.1081039 Total splits: 314 Good splits: 300
Reward: 44514.4485586 Total splits: 291 Good splits: 274
Reward: 47359.7892397 Total splits: 281 Good splits: 266
Reward: 44823.2108945 Total splits: 274 Good splits: 263
Reward: 48931.4764261 Total splits: 300 Good splits: 282
Reward: 49140.7624778 Total splits: 305 Good splits: 289
Reward: 46368.9511038 Total splits: 315 Good splits: 301
Reward: 45684.7311054 Total splits: 298 Good splits: 273
Reward: 46291.2239912 Total splits: 290 Good splits: 281
Reward: 43669.5180921 Total splits: 295 Good splits: 282
Reward: 45831.2099923 Total splits: 302 Good splits: 285
Reward: 41076.5237212 Total splits: 283 Good splits: 261
Reward: 42449.8192823 Total splits: 283 Good splits: 273
Reward: 47627.4667215 Total splits: 293 Good splits: 270
Reward: 47954.3787783 Total splits: 296 Good splits: 288
Reward: 46275.5733123 Total splits: 309 Good splits: 291
Reward: 46515.7839164 Total splits: 290 Good splits: 270
Reward: 47531.0183499 Total splits: 300 Good splits: 288
Reward: 45891.7942139 Total splits: 300 Good splits: 289
Reward: 47623.1362295 Total splits: 295 Good splits: 284
Reward: 48216.4928428 Total splits: 305 Good splits: 295
Reward: 49154.2459959 Total splits: 306 Good splits: 292
Reward: 48689.1749271 Total splits: 289 Good splits: 274
Reward: 46466.1450652 Total splits: 318 Good splits: 302
Reward: 45513.0382432 Total splits: 290 Good splits: 273
Reward: 46609.5495903 Total splits: 307 Good splits: 289
Reward: 47177.9151565 Total splits: 311 Good splits: 297
Reward: 48336.4818404 Total splits: 312 Good splits: 294
Reward: 47536.4179832 Total splits: 281 Good splits: 265
Reward: 47431.294038 Total splits: 299 Good splits: 286
Reward: 44861.1826286 Total splits: 283 Good splits: 260
Reward: 49029.4868551 Total splits: 300 Good splits: 277
Reward: 48083.1117458 Total splits: 309 Good splits: 286
Reward: 48461.807146 Total splits: 303 Good splits: 288
Reward: 49495.1158812 Total splits: 300 Good splits: 283
Reward: 45413.3278947 Total splits: 300 Good splits: 282
Reward: 45565.0329263 Total splits: 298 Good splits: 284
Reward: 48169.6805702 Total splits: 312 Good splits: 294
Reward: 45534.878895 Total splits: 302 Good splits: 291
Reward: 47266.3421651 Total splits: 311 Good splits: 294
Reward: 49986.0995837 Total splits: 308 Good splits: 296
Reward: 46221.2634529 Total splits: 300 Good splits: 289
Reward: 48263.5069054 Total splits: 303 Good splits: 288
Reward: 48532.0937541 Total splits: 289 Good splits: 272
Reward: 48904.0945886 Total splits: 297 Good splits: 281
Reward: 44669.9367082 Total splits: 285 Good splits: 271
Reward: 48068.8384471 Total splits: 277 Good splits: 263
Reward: 47948.5620793 Total splits: 298 Good splits: 274
Reward: 47166.2481446 Total splits: 312 Good splits: 300
Reward: 46718.9380036 Total splits: 287 Good splits: 270
Reward: 46224.7322305 Total splits: 310 Good splits: 285
Reward: 47615.4045796 Total splits: 292 Good splits: 273
Reward: 46544.9301067 Total splits: 308 Good splits: 286
Reward: 46865.9410771 Total splits: 302 Good splits: 289
Reward: 48062.1885184 Total splits: 288 Good splits: 270
Reward: 45378.4133286 Total splits: 289 Good splits: 266
Reward: 49309.7656234 Total splits: 300 Good splits: 285
Reward: 46060.1623953 Total splits: 295 Good splits: 282
Reward: 44448.6762914 Total splits: 290 Good splits: 282

Results after 100 tests
Average total rewards : 46926.5309983
Average total splits  : 298.96
Average good splits   : 283.41
Average good splits % : 94.7986352689

