Reward: 50239.1896523 Total splits: 371 Good splits: 344
Reward: 48139.5809077 Total splits: 332 Good splits: 304
Reward: 50254.0360731 Total splits: 349 Good splits: 314
Reward: 48368.5376689 Total splits: 336 Good splits: 313
Reward: 51085.585057 Total splits: 360 Good splits: 337
Reward: 50190.2196572 Total splits: 354 Good splits: 335
Reward: 49063.452818 Total splits: 353 Good splits: 340
Reward: 50008.1095897 Total splits: 339 Good splits: 324
Reward: 46203.3071883 Total splits: 350 Good splits: 330
Reward: 49513.5901122 Total splits: 344 Good splits: 320
Reward: 51171.6822494 Total splits: 359 Good splits: 337
Reward: 45608.16214 Total splits: 362 Good splits: 334
Reward: 45988.8238368 Total splits: 352 Good splits: 320
Reward: 50511.1279802 Total splits: 364 Good splits: 347
Reward: 46354.8620174 Total splits: 354 Good splits: 325
Reward: 49981.6945785 Total splits: 344 Good splits: 316
Reward: 47454.9593774 Total splits: 353 Good splits: 332
Reward: 48295.0735235 Total splits: 334 Good splits: 311
Reward: 50294.8190889 Total splits: 351 Good splits: 328
Reward: 50316.6501271 Total splits: 353 Good splits: 328
Reward: 49300.1926437 Total splits: 376 Good splits: 351
Reward: 51019.4086978 Total splits: 349 Good splits: 327
Reward: 50207.4869363 Total splits: 368 Good splits: 343
Reward: 49653.550861 Total splits: 361 Good splits: 323
Reward: 48838.5375756 Total splits: 359 Good splits: 337
Reward: 47973.7934508 Total splits: 347 Good splits: 323
Reward: 50268.1961193 Total splits: 349 Good splits: 320
Reward: 47703.1211287 Total splits: 357 Good splits: 332
Reward: 49767.4361163 Total splits: 336 Good splits: 312
Reward: 47359.8609643 Total splits: 348 Good splits: 330
Reward: 47282.9977154 Total splits: 347 Good splits: 316
Reward: 48726.1514819 Total splits: 360 Good splits: 335
Reward: 48636.1431643 Total splits: 333 Good splits: 321
Reward: 46263.850634 Total splits: 341 Good splits: 323
Reward: 50937.4188052 Total splits: 368 Good splits: 341
Reward: 50737.2762542 Total splits: 355 Good splits: 339
Reward: 48441.7090945 Total splits: 329 Good splits: 312
Reward: 50578.0709422 Total splits: 335 Good splits: 313
Reward: 48280.117575 Total splits: 357 Good splits: 339
Reward: 50833.1393505 Total splits: 373 Good splits: 349
Reward: 48605.0043296 Total splits: 345 Good splits: 328
Reward: 46883.6068649 Total splits: 327 Good splits: 310
Reward: 49547.6948692 Total splits: 345 Good splits: 324
Reward: 49266.9348869 Total splits: 369 Good splits: 338
Reward: 46246.5477129 Total splits: 338 Good splits: 314
Reward: 49371.1399644 Total splits: 362 Good splits: 330
Reward: 48440.1972193 Total splits: 372 Good splits: 350
Reward: 50024.3573771 Total splits: 332 Good splits: 311
Reward: 49238.859098 Total splits: 340 Good splits: 312
Reward: 45493.0064076 Total splits: 355 Good splits: 328
Reward: 50324.3056208 Total splits: 337 Good splits: 318
Reward: 50121.7288426 Total splits: 337 Good splits: 314
Reward: 48581.4649774 Total splits: 350 Good splits: 329
Reward: 49108.9800092 Total splits: 357 Good splits: 338
Reward: 49568.4812042 Total splits: 369 Good splits: 347
Reward: 48183.2780513 Total splits: 345 Good splits: 318
Reward: 49836.4338297 Total splits: 349 Good splits: 326
Reward: 49437.5052526 Total splits: 366 Good splits: 335
Reward: 49922.1138673 Total splits: 339 Good splits: 312
Reward: 48621.4581157 Total splits: 334 Good splits: 318
Reward: 48024.8344351 Total splits: 359 Good splits: 338
Reward: 50690.781948 Total splits: 320 Good splits: 297
Reward: 50114.5027826 Total splits: 355 Good splits: 330
Reward: 48823.5412225 Total splits: 339 Good splits: 320
Reward: 49408.2052588 Total splits: 335 Good splits: 306
Reward: 48545.7602601 Total splits: 359 Good splits: 334
Reward: 50691.6334827 Total splits: 342 Good splits: 319
Reward: 49797.7653005 Total splits: 343 Good splits: 327
Reward: 50858.1015985 Total splits: 324 Good splits: 301
Reward: 48980.8068262 Total splits: 341 Good splits: 325
Reward: 50330.7245434 Total splits: 339 Good splits: 311
Reward: 48798.3920885 Total splits: 336 Good splits: 319
Reward: 46583.0553109 Total splits: 347 Good splits: 325
Reward: 48094.3510347 Total splits: 325 Good splits: 297
Reward: 50140.931849 Total splits: 343 Good splits: 323
Reward: 47823.5282905 Total splits: 366 Good splits: 345
Reward: 43028.1418911 Total splits: 344 Good splits: 315
Reward: 49328.8087927 Total splits: 354 Good splits: 324
Reward: 46666.2135723 Total splits: 350 Good splits: 331
Reward: 50363.7522836 Total splits: 352 Good splits: 330
Reward: 49883.761546 Total splits: 353 Good splits: 326
Reward: 47497.353854 Total splits: 378 Good splits: 359
Reward: 49289.7404843 Total splits: 354 Good splits: 325
Reward: 48701.0396128 Total splits: 334 Good splits: 299
Reward: 47271.8163616 Total splits: 343 Good splits: 319
Reward: 50269.5162654 Total splits: 325 Good splits: 303
Reward: 50790.0515351 Total splits: 352 Good splits: 325
Reward: 50197.3642267 Total splits: 330 Good splits: 301
Reward: 47206.5356299 Total splits: 377 Good splits: 346
Reward: 48227.8049243 Total splits: 358 Good splits: 341
Reward: 49633.1924765 Total splits: 340 Good splits: 315
Reward: 48461.1170193 Total splits: 358 Good splits: 335
Reward: 46534.4077924 Total splits: 356 Good splits: 323
Reward: 47347.7256043 Total splits: 340 Good splits: 320
Reward: 46229.362008 Total splits: 345 Good splits: 328
Reward: 49049.3973419 Total splits: 336 Good splits: 310
Reward: 48764.4860053 Total splits: 338 Good splits: 314
Reward: 50323.2164425 Total splits: 365 Good splits: 342
Reward: 47311.8264913 Total splits: 346 Good splits: 326
Reward: 47664.864216 Total splits: 339 Good splits: 314

Results after 100 tests
Average total rewards : 48864.2343426
Average total splits  : 348.7
Average good splits   : 325.13
Average good splits % : 93.2406079725

