Reward: 47284.0826994 Total splits: 367 Good splits: 335
Reward: 49563.2303434 Total splits: 334 Good splits: 303
Reward: 48186.7610266 Total splits: 377 Good splits: 351
Reward: 51004.5962564 Total splits: 350 Good splits: 325
Reward: 49022.3483729 Total splits: 356 Good splits: 335
Reward: 50546.1522487 Total splits: 326 Good splits: 307
Reward: 49341.1721293 Total splits: 331 Good splits: 310
Reward: 49810.9104285 Total splits: 369 Good splits: 342
Reward: 50073.1241306 Total splits: 344 Good splits: 316
Reward: 49258.2882241 Total splits: 347 Good splits: 329
Reward: 51299.5859465 Total splits: 338 Good splits: 317
Reward: 48767.5608177 Total splits: 368 Good splits: 340
Reward: 48873.7943554 Total splits: 337 Good splits: 315
Reward: 50711.0477884 Total splits: 359 Good splits: 337
Reward: 48835.6457464 Total splits: 348 Good splits: 324
Reward: 50980.8235427 Total splits: 334 Good splits: 314
Reward: 49335.6894779 Total splits: 365 Good splits: 344
Reward: 48700.4684857 Total splits: 354 Good splits: 321
Reward: 49568.396631 Total splits: 334 Good splits: 307
Reward: 50202.5946924 Total splits: 371 Good splits: 350
Reward: 47259.4672128 Total splits: 338 Good splits: 325
Reward: 47992.1826705 Total splits: 377 Good splits: 342
Reward: 49990.0927281 Total splits: 356 Good splits: 331
Reward: 47661.3302289 Total splits: 367 Good splits: 343
Reward: 48677.8631154 Total splits: 371 Good splits: 348
Reward: 49201.6738126 Total splits: 410 Good splits: 382
Reward: 48339.9313787 Total splits: 364 Good splits: 333
Reward: 49802.1066776 Total splits: 345 Good splits: 324
Reward: 48592.2410768 Total splits: 351 Good splits: 320
Reward: 47706.7813496 Total splits: 357 Good splits: 337
Reward: 50266.1010009 Total splits: 372 Good splits: 348
Reward: 49733.9372177 Total splits: 373 Good splits: 344
Reward: 48564.3328106 Total splits: 338 Good splits: 321
Reward: 49684.0359333 Total splits: 356 Good splits: 334
Reward: 49042.1018058 Total splits: 388 Good splits: 360
Reward: 46235.2188992 Total splits: 337 Good splits: 315
Reward: 45679.6933871 Total splits: 346 Good splits: 316
Reward: 47204.4436365 Total splits: 333 Good splits: 314
Reward: 47166.6605286 Total splits: 344 Good splits: 318
Reward: 47612.7317561 Total splits: 359 Good splits: 334
Reward: 46990.4168817 Total splits: 354 Good splits: 327
Reward: 48650.7218457 Total splits: 361 Good splits: 343
Reward: 49133.2897775 Total splits: 356 Good splits: 332
Reward: 50394.2329398 Total splits: 335 Good splits: 313
Reward: 47069.6293288 Total splits: 360 Good splits: 331
Reward: 50840.5461798 Total splits: 355 Good splits: 336
Reward: 48402.3451048 Total splits: 346 Good splits: 327
Reward: 49686.3687941 Total splits: 367 Good splits: 345
Reward: 51309.7338021 Total splits: 358 Good splits: 340
Reward: 48446.3101144 Total splits: 356 Good splits: 324
Reward: 49480.5502006 Total splits: 377 Good splits: 355
Reward: 50103.2803961 Total splits: 344 Good splits: 319
Reward: 47268.1023448 Total splits: 358 Good splits: 338
Reward: 48340.2283778 Total splits: 370 Good splits: 332
Reward: 49921.5798283 Total splits: 371 Good splits: 345
Reward: 50643.796238 Total splits: 368 Good splits: 343
Reward: 48941.4463771 Total splits: 339 Good splits: 310
Reward: 46910.1907978 Total splits: 376 Good splits: 347
Reward: 49232.9669144 Total splits: 338 Good splits: 322
Reward: 50383.966721 Total splits: 382 Good splits: 362
Reward: 49116.9287172 Total splits: 356 Good splits: 333
Reward: 48123.745166 Total splits: 349 Good splits: 328
Reward: 48432.5621211 Total splits: 338 Good splits: 324
Reward: 48905.350087 Total splits: 361 Good splits: 343
Reward: 48536.1275377 Total splits: 333 Good splits: 313
Reward: 51310.5383952 Total splits: 383 Good splits: 364
Reward: 48503.9817912 Total splits: 358 Good splits: 342
Reward: 50497.4308513 Total splits: 387 Good splits: 357
Reward: 48122.4718751 Total splits: 369 Good splits: 346
Reward: 48830.3471193 Total splits: 364 Good splits: 328
Reward: 47749.6236136 Total splits: 335 Good splits: 318
Reward: 49431.5136845 Total splits: 361 Good splits: 335
Reward: 49249.8922237 Total splits: 358 Good splits: 335
Reward: 49170.6090045 Total splits: 387 Good splits: 365
Reward: 49330.1939645 Total splits: 340 Good splits: 317
Reward: 49633.5704968 Total splits: 348 Good splits: 315
Reward: 50391.9392399 Total splits: 367 Good splits: 338
Reward: 49132.7537075 Total splits: 352 Good splits: 330
Reward: 48425.052136 Total splits: 365 Good splits: 336
Reward: 49257.5476364 Total splits: 357 Good splits: 335
Reward: 50798.347572 Total splits: 353 Good splits: 332
Reward: 50558.9950099 Total splits: 360 Good splits: 341
Reward: 49863.0485779 Total splits: 357 Good splits: 338
Reward: 50510.729784 Total splits: 358 Good splits: 327
Reward: 51026.3666933 Total splits: 368 Good splits: 351
Reward: 47296.9341401 Total splits: 365 Good splits: 340
Reward: 45391.1520956 Total splits: 351 Good splits: 325
Reward: 49067.4401302 Total splits: 343 Good splits: 315
Reward: 48160.6796771 Total splits: 377 Good splits: 353
Reward: 48729.1310966 Total splits: 347 Good splits: 321
Reward: 47792.3437982 Total splits: 379 Good splits: 343
Reward: 48117.7533464 Total splits: 338 Good splits: 315
Reward: 49882.7495501 Total splits: 349 Good splits: 323
Reward: 46661.3403124 Total splits: 370 Good splits: 348
Reward: 48854.8142648 Total splits: 344 Good splits: 319
Reward: 47005.2516659 Total splits: 329 Good splits: 301
Reward: 49095.4297716 Total splits: 353 Good splits: 339
Reward: 49604.4668956 Total splits: 357 Good splits: 342
Reward: 47843.7337583 Total splits: 365 Good splits: 344
Reward: 46081.855764 Total splits: 333 Good splits: 314

Results after 100 tests
Average total rewards : 48944.2364681
Average total splits  : 356.26
Average good splits   : 332.35
Average good splits % : 93.2886094425

