Reward: 44683.6339912 Total splits: 310 Good splits: 287
Reward: 46566.3538206 Total splits: 303 Good splits: 289
Reward: 43774.449222 Total splits: 288 Good splits: 272
Reward: 46897.228572 Total splits: 301 Good splits: 285
Reward: 47191.2738379 Total splits: 281 Good splits: 270
Reward: 44805.1964395 Total splits: 316 Good splits: 292
Reward: 44153.1027535 Total splits: 309 Good splits: 289
Reward: 47750.9403203 Total splits: 295 Good splits: 279
Reward: 48447.3093401 Total splits: 305 Good splits: 289
Reward: 47863.4725706 Total splits: 314 Good splits: 292
Reward: 46954.9978469 Total splits: 286 Good splits: 258
Reward: 45963.1630364 Total splits: 314 Good splits: 294
Reward: 47008.6677996 Total splits: 297 Good splits: 276
Reward: 45491.6045792 Total splits: 283 Good splits: 264
Reward: 46940.3118397 Total splits: 305 Good splits: 282
Reward: 48675.057881 Total splits: 301 Good splits: 280
Reward: 46153.197023 Total splits: 303 Good splits: 293
Reward: 46828.4187103 Total splits: 289 Good splits: 279
Reward: 42118.5341187 Total splits: 295 Good splits: 275
Reward: 47978.4928556 Total splits: 291 Good splits: 280
Reward: 44920.313094 Total splits: 298 Good splits: 292
Reward: 43672.0471277 Total splits: 301 Good splits: 284
Reward: 43716.905715 Total splits: 316 Good splits: 296
Reward: 43874.713749 Total splits: 292 Good splits: 271
Reward: 43789.0589185 Total splits: 308 Good splits: 299
Reward: 45344.4029831 Total splits: 296 Good splits: 279
Reward: 47888.5120539 Total splits: 322 Good splits: 306
Reward: 47317.9876934 Total splits: 316 Good splits: 302
Reward: 47414.2457324 Total splits: 285 Good splits: 273
Reward: 44502.9010461 Total splits: 300 Good splits: 290
Reward: 46698.9083676 Total splits: 325 Good splits: 313
Reward: 47039.9545241 Total splits: 308 Good splits: 288
Reward: 46061.9291054 Total splits: 324 Good splits: 306
Reward: 45787.3168793 Total splits: 307 Good splits: 290
Reward: 48722.9712677 Total splits: 323 Good splits: 301
Reward: 44442.2997267 Total splits: 311 Good splits: 298
Reward: 47379.8885019 Total splits: 311 Good splits: 296
Reward: 45948.4070334 Total splits: 316 Good splits: 304
Reward: 47146.9028535 Total splits: 323 Good splits: 307
Reward: 47315.0582449 Total splits: 288 Good splits: 268
Reward: 49852.1982398 Total splits: 307 Good splits: 296
Reward: 44415.4736576 Total splits: 311 Good splits: 293
Reward: 47118.9236695 Total splits: 313 Good splits: 292
Reward: 44548.2428025 Total splits: 292 Good splits: 277
Reward: 45752.8005778 Total splits: 287 Good splits: 261
Reward: 47563.2863059 Total splits: 295 Good splits: 275
Reward: 45827.5850048 Total splits: 317 Good splits: 299
Reward: 48757.7304106 Total splits: 293 Good splits: 274
Reward: 45402.5318742 Total splits: 293 Good splits: 287
Reward: 42696.1861286 Total splits: 311 Good splits: 296
Reward: 47456.6678782 Total splits: 312 Good splits: 297
Reward: 46374.7512199 Total splits: 313 Good splits: 293
Reward: 44871.2380204 Total splits: 316 Good splits: 297
Reward: 44020.8554805 Total splits: 291 Good splits: 279
Reward: 46884.8501097 Total splits: 309 Good splits: 296
Reward: 49153.2727908 Total splits: 304 Good splits: 290
Reward: 50388.4703149 Total splits: 326 Good splits: 312
Reward: 48764.8555858 Total splits: 318 Good splits: 301
Reward: 46585.5463902 Total splits: 307 Good splits: 292
Reward: 48721.5177672 Total splits: 308 Good splits: 291
Reward: 48357.6782142 Total splits: 317 Good splits: 300
Reward: 47995.7556376 Total splits: 304 Good splits: 290
Reward: 47263.2711515 Total splits: 307 Good splits: 295
Reward: 46347.6151131 Total splits: 308 Good splits: 290
Reward: 45314.3632288 Total splits: 308 Good splits: 290
Reward: 47530.5734054 Total splits: 325 Good splits: 315
Reward: 44737.3658651 Total splits: 299 Good splits: 277
Reward: 46314.5769299 Total splits: 313 Good splits: 300
Reward: 46998.9769324 Total splits: 301 Good splits: 282
Reward: 47182.2275769 Total splits: 297 Good splits: 286
Reward: 47645.2355118 Total splits: 299 Good splits: 287
Reward: 48671.3434336 Total splits: 314 Good splits: 298
Reward: 47483.4358117 Total splits: 298 Good splits: 279
Reward: 46300.2474236 Total splits: 296 Good splits: 271
Reward: 45712.5627157 Total splits: 301 Good splits: 284
Reward: 42387.2839846 Total splits: 292 Good splits: 275
Reward: 45033.1415764 Total splits: 302 Good splits: 292
Reward: 48427.7628402 Total splits: 292 Good splits: 274
Reward: 46486.1959988 Total splits: 304 Good splits: 285
Reward: 49818.1498353 Total splits: 304 Good splits: 289
Reward: 44762.2995872 Total splits: 306 Good splits: 289
Reward: 48868.9864864 Total splits: 297 Good splits: 286
Reward: 44811.1662591 Total splits: 309 Good splits: 293
Reward: 46980.4869639 Total splits: 308 Good splits: 294
Reward: 46989.8612585 Total splits: 306 Good splits: 290
Reward: 48359.8381575 Total splits: 312 Good splits: 296
Reward: 48276.0734376 Total splits: 330 Good splits: 322
Reward: 48307.4414166 Total splits: 304 Good splits: 293
Reward: 48408.6945587 Total splits: 318 Good splits: 299
Reward: 45210.6379626 Total splits: 293 Good splits: 279
Reward: 43593.6218995 Total splits: 309 Good splits: 292
Reward: 47497.5176882 Total splits: 310 Good splits: 294
Reward: 47857.7714297 Total splits: 296 Good splits: 281
Reward: 48224.5582783 Total splits: 306 Good splits: 300
Reward: 46321.2255343 Total splits: 294 Good splits: 268
Reward: 44850.0096423 Total splits: 294 Good splits: 278
Reward: 50076.9584054 Total splits: 309 Good splits: 295
Reward: 46682.5740653 Total splits: 306 Good splits: 295
Reward: 43946.4642532 Total splits: 290 Good splits: 276
Reward: 49831.3942816 Total splits: 311 Good splits: 291

Results after 100 tests
Average total rewards : 46562.5246016
Average total splits  : 304.68
Average good splits   : 288.56
Average good splits % : 94.7092030983

