Reward: 47570.0917005 Total splits: 328 Good splits: 307
Reward: 50419.587588 Total splits: 352 Good splits: 335
Reward: 46007.5042165 Total splits: 322 Good splits: 303
Reward: 49212.9259969 Total splits: 346 Good splits: 321
Reward: 47680.583489 Total splits: 355 Good splits: 337
Reward: 50396.2014007 Total splits: 343 Good splits: 315
Reward: 49960.055686 Total splits: 340 Good splits: 317
Reward: 50382.6819344 Total splits: 348 Good splits: 326
Reward: 48150.901191 Total splits: 350 Good splits: 333
Reward: 48710.112712 Total splits: 345 Good splits: 317
Reward: 49338.382364 Total splits: 337 Good splits: 313
Reward: 47777.0601378 Total splits: 353 Good splits: 334
Reward: 50580.9537449 Total splits: 347 Good splits: 321
Reward: 49060.1701474 Total splits: 330 Good splits: 306
Reward: 49821.3440712 Total splits: 342 Good splits: 319
Reward: 49602.3569513 Total splits: 348 Good splits: 323
Reward: 49619.8181058 Total splits: 337 Good splits: 316
Reward: 50205.862601 Total splits: 344 Good splits: 317
Reward: 49194.4254732 Total splits: 343 Good splits: 324
Reward: 48193.7882067 Total splits: 343 Good splits: 316
Reward: 47819.5593292 Total splits: 342 Good splits: 313
Reward: 51359.6441267 Total splits: 368 Good splits: 345
Reward: 47615.445427 Total splits: 336 Good splits: 321
Reward: 45496.1511392 Total splits: 325 Good splits: 299
Reward: 50532.1803969 Total splits: 343 Good splits: 321
Reward: 48465.2559327 Total splits: 334 Good splits: 308
Reward: 46943.6511518 Total splits: 357 Good splits: 333
Reward: 45226.2886917 Total splits: 343 Good splits: 322
Reward: 45518.2709491 Total splits: 331 Good splits: 307
Reward: 46570.4494172 Total splits: 355 Good splits: 326
Reward: 46286.4390469 Total splits: 362 Good splits: 334
Reward: 50277.0488536 Total splits: 332 Good splits: 304
Reward: 49459.1963545 Total splits: 365 Good splits: 331
Reward: 49792.9896484 Total splits: 330 Good splits: 303
Reward: 46619.4529477 Total splits: 343 Good splits: 320
Reward: 49656.1768471 Total splits: 341 Good splits: 320
Reward: 49712.9662442 Total splits: 343 Good splits: 321
Reward: 49305.6856889 Total splits: 355 Good splits: 333
Reward: 49190.7561889 Total splits: 342 Good splits: 325
Reward: 50833.4050331 Total splits: 365 Good splits: 331
Reward: 51017.8700247 Total splits: 337 Good splits: 323
Reward: 48629.4936757 Total splits: 358 Good splits: 340
Reward: 47443.8938958 Total splits: 351 Good splits: 336
Reward: 46369.7927423 Total splits: 359 Good splits: 337
Reward: 48008.5386311 Total splits: 338 Good splits: 313
Reward: 48770.5783516 Total splits: 323 Good splits: 299
Reward: 48824.496311 Total splits: 353 Good splits: 334
Reward: 48403.3366119 Total splits: 339 Good splits: 311
Reward: 48820.065589 Total splits: 338 Good splits: 317
Reward: 47167.1060528 Total splits: 344 Good splits: 325
Reward: 47429.3379622 Total splits: 344 Good splits: 315
Reward: 48942.019934 Total splits: 355 Good splits: 329
Reward: 50305.0761479 Total splits: 318 Good splits: 294
Reward: 50157.682042 Total splits: 349 Good splits: 331
Reward: 48934.7853043 Total splits: 353 Good splits: 328
Reward: 49605.149057 Total splits: 338 Good splits: 324
Reward: 48748.2364233 Total splits: 366 Good splits: 347
Reward: 49877.0213945 Total splits: 368 Good splits: 339
Reward: 50194.1826823 Total splits: 352 Good splits: 332
Reward: 51215.5830541 Total splits: 349 Good splits: 317
Reward: 49625.7588002 Total splits: 347 Good splits: 318
Reward: 49498.1335945 Total splits: 346 Good splits: 319
Reward: 49322.9639404 Total splits: 345 Good splits: 313
Reward: 46587.4865149 Total splits: 356 Good splits: 334
Reward: 47014.5845681 Total splits: 341 Good splits: 323
Reward: 49233.981689 Total splits: 350 Good splits: 335
Reward: 46500.2839407 Total splits: 353 Good splits: 327
Reward: 48345.282511 Total splits: 343 Good splits: 320
Reward: 48459.0921007 Total splits: 354 Good splits: 332
Reward: 49783.84343 Total splits: 355 Good splits: 325
Reward: 47162.8643303 Total splits: 335 Good splits: 304
Reward: 48768.3319873 Total splits: 341 Good splits: 316
Reward: 49805.7204323 Total splits: 355 Good splits: 337
Reward: 48500.0382775 Total splits: 326 Good splits: 301
Reward: 49101.7676199 Total splits: 355 Good splits: 331
Reward: 46845.2590185 Total splits: 335 Good splits: 315
Reward: 50981.3599575 Total splits: 360 Good splits: 337
Reward: 50490.319527 Total splits: 349 Good splits: 331
Reward: 48134.3125623 Total splits: 331 Good splits: 317
Reward: 49685.9357811 Total splits: 331 Good splits: 317
Reward: 46804.8734425 Total splits: 347 Good splits: 327
Reward: 49504.192486 Total splits: 348 Good splits: 329
Reward: 48840.7118855 Total splits: 346 Good splits: 320
Reward: 50453.2428413 Total splits: 331 Good splits: 312
Reward: 48102.5431322 Total splits: 360 Good splits: 338
Reward: 48959.5104716 Total splits: 341 Good splits: 312
Reward: 48558.0193672 Total splits: 334 Good splits: 315
Reward: 47682.7180342 Total splits: 340 Good splits: 309
Reward: 48883.9647158 Total splits: 351 Good splits: 326
Reward: 50113.5957653 Total splits: 335 Good splits: 309
Reward: 49056.0583053 Total splits: 346 Good splits: 318
Reward: 49261.4619698 Total splits: 338 Good splits: 311
Reward: 50182.3267328 Total splits: 333 Good splits: 307
Reward: 50519.3416531 Total splits: 318 Good splits: 294
Reward: 49282.258505 Total splits: 332 Good splits: 314
Reward: 50140.4771033 Total splits: 349 Good splits: 336
Reward: 49499.4801001 Total splits: 354 Good splits: 333
Reward: 50748.9612251 Total splits: 340 Good splits: 314
Reward: 46517.8111666 Total splits: 342 Good splits: 321
Reward: 49128.6268523 Total splits: 335 Good splits: 318

Results after 100 tests
Average total rewards : 48835.1756336
Average total splits  : 344.25
Average good splits   : 321.23
Average good splits % : 93.3129992738

