Reward: 48569.4757566 Total splits: 310 Good splits: 296
Reward: 49925.0993664 Total splits: 323 Good splits: 294
Reward: 49984.7670966 Total splits: 337 Good splits: 318
Reward: 46149.8787413 Total splits: 330 Good splits: 315
Reward: 47270.8119537 Total splits: 341 Good splits: 315
Reward: 44819.6510302 Total splits: 324 Good splits: 304
Reward: 46429.5838926 Total splits: 319 Good splits: 297
Reward: 49656.3587532 Total splits: 326 Good splits: 299
Reward: 48717.3451326 Total splits: 333 Good splits: 321
Reward: 49868.9129507 Total splits: 324 Good splits: 307
Reward: 46565.3160148 Total splits: 315 Good splits: 291
Reward: 50814.2078534 Total splits: 344 Good splits: 326
Reward: 49652.7362944 Total splits: 340 Good splits: 317
Reward: 47817.630105 Total splits: 332 Good splits: 320
Reward: 47812.3358369 Total splits: 340 Good splits: 324
Reward: 48650.3144101 Total splits: 332 Good splits: 308
Reward: 48700.7397961 Total splits: 343 Good splits: 329
Reward: 48207.2081906 Total splits: 314 Good splits: 298
Reward: 49543.3508323 Total splits: 316 Good splits: 302
Reward: 49561.4965686 Total splits: 322 Good splits: 301
Reward: 47479.1757911 Total splits: 321 Good splits: 302
Reward: 51067.6952095 Total splits: 339 Good splits: 319
Reward: 47065.2681771 Total splits: 331 Good splits: 314
Reward: 49265.1516325 Total splits: 339 Good splits: 323
Reward: 47039.8813496 Total splits: 332 Good splits: 318
Reward: 46691.2113935 Total splits: 311 Good splits: 291
Reward: 49458.1397919 Total splits: 329 Good splits: 306
Reward: 48755.1530263 Total splits: 319 Good splits: 289
Reward: 48080.1873494 Total splits: 331 Good splits: 316
Reward: 49692.1267162 Total splits: 317 Good splits: 300
Reward: 43259.6784683 Total splits: 326 Good splits: 310
Reward: 49693.2946254 Total splits: 318 Good splits: 302
Reward: 47714.7944054 Total splits: 342 Good splits: 322
Reward: 49991.394722 Total splits: 332 Good splits: 310
Reward: 50594.9161896 Total splits: 340 Good splits: 322
Reward: 49934.2468812 Total splits: 331 Good splits: 309
Reward: 50104.6001677 Total splits: 335 Good splits: 323
Reward: 47275.0335088 Total splits: 313 Good splits: 294
Reward: 48376.4385304 Total splits: 331 Good splits: 306
Reward: 46424.8628066 Total splits: 341 Good splits: 317
Reward: 48919.3605162 Total splits: 331 Good splits: 311
Reward: 48479.9979393 Total splits: 319 Good splits: 296
Reward: 46293.7845342 Total splits: 320 Good splits: 301
Reward: 46567.0919593 Total splits: 329 Good splits: 301
Reward: 45645.7731799 Total splits: 322 Good splits: 299
Reward: 46584.9306036 Total splits: 321 Good splits: 300
Reward: 45790.3794303 Total splits: 320 Good splits: 294
Reward: 45018.1415421 Total splits: 305 Good splits: 286
Reward: 48483.1586402 Total splits: 320 Good splits: 300
Reward: 48604.5029126 Total splits: 341 Good splits: 327
Reward: 46532.7131642 Total splits: 338 Good splits: 319
Reward: 47998.9970703 Total splits: 328 Good splits: 311
Reward: 48256.2127115 Total splits: 341 Good splits: 319
Reward: 47493.4277227 Total splits: 326 Good splits: 305
Reward: 44649.7111649 Total splits: 337 Good splits: 314
Reward: 46457.4219353 Total splits: 316 Good splits: 303
Reward: 47932.1350304 Total splits: 331 Good splits: 311
Reward: 51071.2611364 Total splits: 330 Good splits: 312
Reward: 50008.571402 Total splits: 341 Good splits: 314
Reward: 46270.0549878 Total splits: 320 Good splits: 303
Reward: 46752.874369 Total splits: 336 Good splits: 321
Reward: 47618.0559095 Total splits: 325 Good splits: 306
Reward: 48154.3624133 Total splits: 316 Good splits: 300
Reward: 46993.7735436 Total splits: 332 Good splits: 316
Reward: 51108.0374235 Total splits: 337 Good splits: 311
Reward: 47624.6340002 Total splits: 345 Good splits: 325
Reward: 48404.356325 Total splits: 327 Good splits: 302
Reward: 48446.8646061 Total splits: 337 Good splits: 319
Reward: 47184.3078955 Total splits: 343 Good splits: 328
Reward: 46908.0053399 Total splits: 344 Good splits: 323
Reward: 48770.4937533 Total splits: 336 Good splits: 319
Reward: 47816.8522508 Total splits: 320 Good splits: 308
Reward: 48057.7744557 Total splits: 338 Good splits: 316
Reward: 45708.8481602 Total splits: 336 Good splits: 317
Reward: 48261.3286502 Total splits: 317 Good splits: 295
Reward: 50005.2686765 Total splits: 324 Good splits: 304
Reward: 45159.0473483 Total splits: 323 Good splits: 303
Reward: 50721.3539237 Total splits: 330 Good splits: 309
Reward: 48764.6038051 Total splits: 321 Good splits: 307
Reward: 46925.5457431 Total splits: 351 Good splits: 331
Reward: 46349.1535529 Total splits: 356 Good splits: 338
Reward: 47100.3950201 Total splits: 339 Good splits: 324
Reward: 46784.5907969 Total splits: 340 Good splits: 321
Reward: 44951.258588 Total splits: 314 Good splits: 296
Reward: 48268.1671279 Total splits: 322 Good splits: 298
Reward: 49408.1880921 Total splits: 323 Good splits: 306
Reward: 47838.092819 Total splits: 330 Good splits: 312
Reward: 49563.9991634 Total splits: 334 Good splits: 316
Reward: 49241.0323478 Total splits: 343 Good splits: 325
Reward: 48862.106014 Total splits: 325 Good splits: 307
Reward: 47648.4033494 Total splits: 325 Good splits: 309
Reward: 49169.8921372 Total splits: 360 Good splits: 330
Reward: 46890.5481202 Total splits: 338 Good splits: 306
Reward: 49178.950548 Total splits: 328 Good splits: 307
Reward: 50072.7935254 Total splits: 347 Good splits: 320
Reward: 50567.9590284 Total splits: 337 Good splits: 319
Reward: 47887.0336363 Total splits: 325 Good splits: 308
Reward: 49535.7635796 Total splits: 345 Good splits: 327
Reward: 46645.0721292 Total splits: 344 Good splits: 324
Reward: 48224.2087449 Total splits: 327 Good splits: 301

Results after 100 tests
Average total rewards : 48073.1209581
Average total splits  : 330.19
Average good splits   : 310.55
Average good splits % : 94.0519095066

