Reward: 48066.3982482 Total splits: 421 Good splits: 393
Reward: 44985.4198973 Total splits: 457 Good splits: 438
Reward: 47412.3486132 Total splits: 428 Good splits: 402
Reward: 47104.8282926 Total splits: 433 Good splits: 411
Reward: 44582.3563874 Total splits: 466 Good splits: 439
Reward: 43283.3882284 Total splits: 439 Good splits: 414
Reward: 44504.756107 Total splits: 411 Good splits: 389
Reward: 49691.5096258 Total splits: 418 Good splits: 401
Reward: 43512.5008014 Total splits: 420 Good splits: 393
Reward: 43971.85682 Total splits: 463 Good splits: 437
Reward: 45692.6640975 Total splits: 429 Good splits: 402
Reward: 48168.1689638 Total splits: 429 Good splits: 395
Reward: 49678.5237519 Total splits: 414 Good splits: 381
Reward: 42489.3813703 Total splits: 444 Good splits: 413
Reward: 49384.2327721 Total splits: 442 Good splits: 421
Reward: 49075.1992407 Total splits: 416 Good splits: 385
Reward: 47459.5153369 Total splits: 436 Good splits: 409
Reward: 50632.0748092 Total splits: 392 Good splits: 370
Reward: 47910.5486144 Total splits: 425 Good splits: 400
Reward: 45899.8571517 Total splits: 485 Good splits: 473
Reward: 46940.1897912 Total splits: 390 Good splits: 369
Reward: 43081.1929352 Total splits: 426 Good splits: 406
Reward: 46427.1787649 Total splits: 474 Good splits: 439
Reward: 48919.4894892 Total splits: 428 Good splits: 415
Reward: 48691.9265856 Total splits: 430 Good splits: 386
Reward: 45336.3640831 Total splits: 433 Good splits: 410
Reward: 45458.1818919 Total splits: 451 Good splits: 433
Reward: 45117.0398504 Total splits: 429 Good splits: 408
Reward: 46821.5611987 Total splits: 395 Good splits: 373
Reward: 49142.2059711 Total splits: 426 Good splits: 387
Reward: 47014.3334412 Total splits: 411 Good splits: 389
Reward: 48585.7907675 Total splits: 463 Good splits: 436
Reward: 49979.4487796 Total splits: 404 Good splits: 382
Reward: 48279.9303186 Total splits: 444 Good splits: 414
Reward: 45524.1981605 Total splits: 430 Good splits: 407
Reward: 48695.7952559 Total splits: 417 Good splits: 398
Reward: 42438.3714508 Total splits: 450 Good splits: 428
Reward: 47588.5361426 Total splits: 422 Good splits: 396
Reward: 46328.9132842 Total splits: 399 Good splits: 380
Reward: 45049.7800148 Total splits: 433 Good splits: 399
Reward: 48498.3646093 Total splits: 412 Good splits: 390
Reward: 45489.0876137 Total splits: 425 Good splits: 394
Reward: 47222.374549 Total splits: 408 Good splits: 390
Reward: 44403.1785348 Total splits: 409 Good splits: 386
Reward: 45172.3226666 Total splits: 432 Good splits: 414
Reward: 45205.0503542 Total splits: 428 Good splits: 380
Reward: 47707.4207275 Total splits: 446 Good splits: 423
Reward: 49932.1306393 Total splits: 416 Good splits: 386
Reward: 48620.5801433 Total splits: 401 Good splits: 369
Reward: 49074.9405825 Total splits: 430 Good splits: 400
Reward: 47665.2019038 Total splits: 407 Good splits: 377
Reward: 44448.3087217 Total splits: 464 Good splits: 453
Reward: 48954.9249401 Total splits: 428 Good splits: 405
Reward: 46657.9983257 Total splits: 441 Good splits: 409
Reward: 45671.6381829 Total splits: 428 Good splits: 409
Reward: 44740.9164291 Total splits: 447 Good splits: 422
Reward: 47827.8547358 Total splits: 430 Good splits: 394
Reward: 45557.2504273 Total splits: 435 Good splits: 405
Reward: 48292.653421 Total splits: 442 Good splits: 416
Reward: 46167.0611264 Total splits: 436 Good splits: 403
Reward: 48340.7541403 Total splits: 435 Good splits: 400
Reward: 48880.994616 Total splits: 443 Good splits: 413
Reward: 49781.8301477 Total splits: 419 Good splits: 392
Reward: 46591.2262093 Total splits: 423 Good splits: 398
Reward: 46368.7601436 Total splits: 422 Good splits: 394
Reward: 46856.5489379 Total splits: 455 Good splits: 429
Reward: 45853.889758 Total splits: 457 Good splits: 426
Reward: 48595.5221451 Total splits: 433 Good splits: 405
Reward: 42456.7242531 Total splits: 444 Good splits: 422
Reward: 48936.3380196 Total splits: 393 Good splits: 361
Reward: 48920.5179094 Total splits: 439 Good splits: 410
Reward: 46200.7079288 Total splits: 421 Good splits: 395
Reward: 48519.5315999 Total splits: 454 Good splits: 428
Reward: 46287.9949749 Total splits: 423 Good splits: 408
Reward: 47068.339187 Total splits: 423 Good splits: 401
Reward: 48334.917463 Total splits: 473 Good splits: 441
Reward: 48644.7376532 Total splits: 383 Good splits: 355
Reward: 47006.9670943 Total splits: 416 Good splits: 388
Reward: 45053.4222191 Total splits: 404 Good splits: 381
Reward: 44539.435051 Total splits: 440 Good splits: 419
Reward: 47486.4930741 Total splits: 411 Good splits: 378
Reward: 45523.7424691 Total splits: 457 Good splits: 432
Reward: 49665.2056487 Total splits: 439 Good splits: 416
Reward: 49107.348238 Total splits: 419 Good splits: 408
Reward: 45887.1050455 Total splits: 453 Good splits: 432
Reward: 49375.9833429 Total splits: 417 Good splits: 396
Reward: 46317.9189402 Total splits: 479 Good splits: 446
Reward: 46001.6509303 Total splits: 412 Good splits: 379
Reward: 48702.3322399 Total splits: 385 Good splits: 352
Reward: 49167.1511292 Total splits: 432 Good splits: 402
Reward: 45259.8852712 Total splits: 420 Good splits: 400
Reward: 45409.055377 Total splits: 401 Good splits: 385
Reward: 49095.3173082 Total splits: 412 Good splits: 380
Reward: 45185.2979696 Total splits: 435 Good splits: 417
Reward: 48643.3903406 Total splits: 401 Good splits: 375
Reward: 43018.7303228 Total splits: 404 Good splits: 380
Reward: 48005.5614752 Total splits: 415 Good splits: 389
Reward: 47186.3972232 Total splits: 410 Good splits: 393
Reward: 50317.3512502 Total splits: 449 Good splits: 423
Reward: 48436.5827599 Total splits: 423 Good splits: 401

Results after 100 tests
Average total rewards : 46972.6687575
Average total splits  : 428.62
Average good splits   : 402.96
Average good splits % : 94.0133451542

