Reward: 43714.0436223 Total splits: 319 Good splits: 301
Reward: 47598.8594368 Total splits: 330 Good splits: 314
Reward: 47929.6198393 Total splits: 305 Good splits: 283
Reward: 49213.7932415 Total splits: 320 Good splits: 310
Reward: 46200.6966771 Total splits: 320 Good splits: 303
Reward: 48578.5601874 Total splits: 322 Good splits: 308
Reward: 49961.3633016 Total splits: 314 Good splits: 303
Reward: 47704.6516196 Total splits: 326 Good splits: 310
Reward: 47829.0875048 Total splits: 325 Good splits: 314
Reward: 48177.6291108 Total splits: 327 Good splits: 314
Reward: 49550.2639099 Total splits: 310 Good splits: 300
Reward: 44848.9799611 Total splits: 333 Good splits: 315
Reward: 47289.9489966 Total splits: 324 Good splits: 306
Reward: 48936.262689 Total splits: 321 Good splits: 302
Reward: 45739.7694303 Total splits: 320 Good splits: 309
Reward: 48263.1677734 Total splits: 294 Good splits: 282
Reward: 45853.5340134 Total splits: 300 Good splits: 279
Reward: 45856.2821873 Total splits: 318 Good splits: 304
Reward: 46204.1429355 Total splits: 323 Good splits: 301
Reward: 48455.4243355 Total splits: 314 Good splits: 299
Reward: 46022.3323272 Total splits: 320 Good splits: 305
Reward: 47993.5003646 Total splits: 324 Good splits: 311
Reward: 49647.1510859 Total splits: 316 Good splits: 309
Reward: 47837.5389057 Total splits: 310 Good splits: 292
Reward: 45887.5688146 Total splits: 304 Good splits: 287
Reward: 46301.8526159 Total splits: 328 Good splits: 317
Reward: 49622.191073 Total splits: 318 Good splits: 301
Reward: 45701.5589217 Total splits: 318 Good splits: 303
Reward: 43467.139493 Total splits: 298 Good splits: 288
Reward: 45110.0471086 Total splits: 324 Good splits: 304
Reward: 45554.9942703 Total splits: 314 Good splits: 283
Reward: 47024.3126023 Total splits: 324 Good splits: 317
Reward: 46266.5501631 Total splits: 311 Good splits: 298
Reward: 43893.1707021 Total splits: 307 Good splits: 279
Reward: 49895.2108706 Total splits: 341 Good splits: 324
Reward: 50104.4452027 Total splits: 303 Good splits: 284
Reward: 46013.6471375 Total splits: 332 Good splits: 320
Reward: 47894.0476054 Total splits: 309 Good splits: 285
Reward: 44318.9413951 Total splits: 310 Good splits: 294
Reward: 48999.3596133 Total splits: 317 Good splits: 291
Reward: 49364.4584383 Total splits: 329 Good splits: 311
Reward: 48220.6328843 Total splits: 294 Good splits: 277
Reward: 44538.9414617 Total splits: 321 Good splits: 308
Reward: 47309.0702678 Total splits: 301 Good splits: 282
Reward: 49902.005204 Total splits: 329 Good splits: 310
Reward: 45624.3242486 Total splits: 322 Good splits: 303
Reward: 47980.1438227 Total splits: 311 Good splits: 290
Reward: 48609.7761622 Total splits: 329 Good splits: 309
Reward: 47209.6231568 Total splits: 307 Good splits: 290
Reward: 48700.6516636 Total splits: 300 Good splits: 282
Reward: 46330.1737573 Total splits: 327 Good splits: 304
Reward: 49476.0654225 Total splits: 320 Good splits: 292
Reward: 47105.4270998 Total splits: 299 Good splits: 276
Reward: 49404.806761 Total splits: 328 Good splits: 312
Reward: 44442.3409119 Total splits: 321 Good splits: 309
Reward: 47191.2577363 Total splits: 310 Good splits: 291
Reward: 48490.0988972 Total splits: 309 Good splits: 290
Reward: 45299.9583644 Total splits: 316 Good splits: 299
Reward: 44438.2924877 Total splits: 330 Good splits: 308
Reward: 48148.4464583 Total splits: 336 Good splits: 313
Reward: 46468.0316054 Total splits: 301 Good splits: 282
Reward: 46342.9413116 Total splits: 341 Good splits: 320
Reward: 47720.5134796 Total splits: 321 Good splits: 303
Reward: 49698.49299 Total splits: 330 Good splits: 314
Reward: 47282.8769999 Total splits: 328 Good splits: 314
Reward: 46581.6782883 Total splits: 296 Good splits: 278
Reward: 49451.9588014 Total splits: 312 Good splits: 300
Reward: 47604.5523458 Total splits: 321 Good splits: 299
Reward: 49003.9579923 Total splits: 326 Good splits: 306
Reward: 47246.4181178 Total splits: 309 Good splits: 292
Reward: 47270.2487453 Total splits: 300 Good splits: 281
Reward: 48743.7144007 Total splits: 317 Good splits: 302
Reward: 47419.1427042 Total splits: 309 Good splits: 295
Reward: 46701.3900468 Total splits: 318 Good splits: 303
Reward: 46015.241754 Total splits: 308 Good splits: 287
Reward: 48086.3398382 Total splits: 310 Good splits: 292
Reward: 43561.588313 Total splits: 316 Good splits: 292
Reward: 45585.9058553 Total splits: 317 Good splits: 308
Reward: 48910.5390966 Total splits: 339 Good splits: 322
Reward: 49403.3182149 Total splits: 347 Good splits: 332
Reward: 47709.2328827 Total splits: 320 Good splits: 307
Reward: 48244.2141237 Total splits: 320 Good splits: 299
Reward: 49564.8576998 Total splits: 321 Good splits: 307
Reward: 49394.243202 Total splits: 319 Good splits: 303
Reward: 48116.1092627 Total splits: 320 Good splits: 295
Reward: 46281.1033423 Total splits: 320 Good splits: 302
Reward: 49237.2199234 Total splits: 339 Good splits: 320
Reward: 47946.1399278 Total splits: 312 Good splits: 291
Reward: 48790.533243 Total splits: 300 Good splits: 280
Reward: 46322.6299083 Total splits: 319 Good splits: 306
Reward: 49345.4656323 Total splits: 313 Good splits: 293
Reward: 47505.0996742 Total splits: 312 Good splits: 294
Reward: 48270.4461396 Total splits: 312 Good splits: 298
Reward: 47752.0399937 Total splits: 309 Good splits: 296
Reward: 49610.3188812 Total splits: 319 Good splits: 304
Reward: 44060.0793244 Total splits: 312 Good splits: 298
Reward: 49648.5683519 Total splits: 313 Good splits: 296
Reward: 46968.4712178 Total splits: 332 Good splits: 315
Reward: 47437.4275533 Total splits: 322 Good splits: 306
Reward: 48224.0901796 Total splits: 309 Good splits: 295

Results after 100 tests
Average total rewards : 47427.7527762
Average total splits  : 317.41
Average good splits   : 300.32
Average good splits % : 94.6157966038

