Reward: 49373.1336241 Total splits: 345 Good splits: 321
Reward: 48552.7931099 Total splits: 328 Good splits: 308
Reward: 49310.9586824 Total splits: 365 Good splits: 338
Reward: 48095.719212 Total splits: 342 Good splits: 317
Reward: 49055.9066204 Total splits: 343 Good splits: 330
Reward: 48691.0429639 Total splits: 324 Good splits: 304
Reward: 48994.1287329 Total splits: 317 Good splits: 292
Reward: 49574.7969058 Total splits: 324 Good splits: 303
Reward: 50307.8200675 Total splits: 348 Good splits: 324
Reward: 49296.9693766 Total splits: 334 Good splits: 317
Reward: 46034.5743972 Total splits: 324 Good splits: 306
Reward: 49386.0786378 Total splits: 319 Good splits: 301
Reward: 49084.8185941 Total splits: 326 Good splits: 306
Reward: 48008.1539409 Total splits: 317 Good splits: 299
Reward: 49599.4478268 Total splits: 341 Good splits: 319
Reward: 48975.4461631 Total splits: 328 Good splits: 310
Reward: 45473.3575269 Total splits: 326 Good splits: 313
Reward: 43681.6460279 Total splits: 306 Good splits: 288
Reward: 48549.22273 Total splits: 317 Good splits: 300
Reward: 47536.6107244 Total splits: 334 Good splits: 325
Reward: 48616.9992496 Total splits: 333 Good splits: 306
Reward: 47775.2744096 Total splits: 350 Good splits: 336
Reward: 48211.6614418 Total splits: 345 Good splits: 326
Reward: 46276.2819519 Total splits: 347 Good splits: 333
Reward: 48252.5522687 Total splits: 347 Good splits: 320
Reward: 46673.533462 Total splits: 337 Good splits: 312
Reward: 49436.7962988 Total splits: 350 Good splits: 336
Reward: 49947.8661508 Total splits: 357 Good splits: 331
Reward: 50209.0872186 Total splits: 337 Good splits: 321
Reward: 48790.478159 Total splits: 342 Good splits: 319
Reward: 51305.8777407 Total splits: 332 Good splits: 314
Reward: 48353.1693824 Total splits: 337 Good splits: 317
Reward: 50533.9009422 Total splits: 334 Good splits: 314
Reward: 48506.8299894 Total splits: 332 Good splits: 310
Reward: 47652.0439077 Total splits: 329 Good splits: 309
Reward: 46951.9989501 Total splits: 340 Good splits: 316
Reward: 48409.6482407 Total splits: 335 Good splits: 315
Reward: 48149.0426336 Total splits: 328 Good splits: 304
Reward: 47303.0836506 Total splits: 342 Good splits: 323
Reward: 47489.9526585 Total splits: 338 Good splits: 320
Reward: 48944.3084418 Total splits: 340 Good splits: 320
Reward: 49169.1890155 Total splits: 348 Good splits: 333
Reward: 50665.829323 Total splits: 336 Good splits: 322
Reward: 50080.5728092 Total splits: 324 Good splits: 296
Reward: 48583.4432637 Total splits: 342 Good splits: 325
Reward: 48460.6852384 Total splits: 351 Good splits: 331
Reward: 48178.8480171 Total splits: 342 Good splits: 309
Reward: 46103.2868186 Total splits: 337 Good splits: 314
Reward: 46959.1919509 Total splits: 331 Good splits: 298
Reward: 47950.8609364 Total splits: 348 Good splits: 328
Reward: 47903.5336066 Total splits: 335 Good splits: 319
Reward: 49069.2489611 Total splits: 314 Good splits: 293
Reward: 49559.3740556 Total splits: 366 Good splits: 342
Reward: 49148.1235548 Total splits: 336 Good splits: 322
Reward: 46359.3951575 Total splits: 329 Good splits: 306
Reward: 46507.3793099 Total splits: 344 Good splits: 329
Reward: 47414.9734071 Total splits: 344 Good splits: 327
Reward: 47205.3408059 Total splits: 325 Good splits: 302
Reward: 50047.4822734 Total splits: 342 Good splits: 325
Reward: 50696.7472234 Total splits: 350 Good splits: 336
Reward: 48786.5266834 Total splits: 329 Good splits: 310
Reward: 48861.4081459 Total splits: 304 Good splits: 280
Reward: 48935.09082 Total splits: 348 Good splits: 333
Reward: 47221.3498754 Total splits: 326 Good splits: 309
Reward: 47919.1193325 Total splits: 341 Good splits: 313
Reward: 42770.2252791 Total splits: 321 Good splits: 294
Reward: 48286.0906329 Total splits: 340 Good splits: 324
Reward: 50715.9744357 Total splits: 335 Good splits: 310
Reward: 48767.8927692 Total splits: 338 Good splits: 318
Reward: 46884.8920757 Total splits: 350 Good splits: 325
Reward: 49066.2856257 Total splits: 329 Good splits: 305
Reward: 46769.233608 Total splits: 347 Good splits: 318
Reward: 50167.8127503 Total splits: 334 Good splits: 316
Reward: 48008.5885441 Total splits: 338 Good splits: 318
Reward: 46863.6054099 Total splits: 349 Good splits: 322
Reward: 49141.1199382 Total splits: 340 Good splits: 316
Reward: 48593.307149 Total splits: 339 Good splits: 321
Reward: 49412.2063814 Total splits: 349 Good splits: 326
Reward: 51089.8575282 Total splits: 359 Good splits: 333
Reward: 48237.6505438 Total splits: 340 Good splits: 319
Reward: 49583.055042 Total splits: 326 Good splits: 304
Reward: 48828.6426929 Total splits: 313 Good splits: 291
Reward: 49767.099299 Total splits: 335 Good splits: 309
Reward: 50326.4957182 Total splits: 326 Good splits: 303
Reward: 48868.7319411 Total splits: 348 Good splits: 322
Reward: 47633.4317457 Total splits: 348 Good splits: 329
Reward: 50439.632548 Total splits: 328 Good splits: 310
Reward: 46607.1825675 Total splits: 313 Good splits: 296
Reward: 45271.8197613 Total splits: 338 Good splits: 313
Reward: 47144.5162021 Total splits: 331 Good splits: 306
Reward: 48432.7885423 Total splits: 341 Good splits: 325
Reward: 43791.8104651 Total splits: 330 Good splits: 316
Reward: 48830.5320224 Total splits: 333 Good splits: 310
Reward: 48585.5783853 Total splits: 322 Good splits: 291
Reward: 49376.5450208 Total splits: 328 Good splits: 298
Reward: 47009.23397 Total splits: 336 Good splits: 313
Reward: 49532.5907523 Total splits: 353 Good splits: 334
Reward: 48901.6433045 Total splits: 342 Good splits: 315
Reward: 48614.9031838 Total splits: 337 Good splits: 324
Reward: 42431.679458 Total splits: 331 Good splits: 321

Results after 100 tests
Average total rewards : 48319.1266889
Average total splits  : 335.99
Average good splits   : 315.2
Average good splits % : 93.8123158427

