Reward: 47490.6648268 Total splits: 377 Good splits: 352
Reward: 46856.4473051 Total splits: 399 Good splits: 371
Reward: 47935.8714987 Total splits: 428 Good splits: 398
Reward: 47196.2431142 Total splits: 396 Good splits: 377
Reward: 48698.8081325 Total splits: 374 Good splits: 339
Reward: 47814.8107276 Total splits: 390 Good splits: 354
Reward: 48624.815382 Total splits: 377 Good splits: 354
Reward: 48115.9928053 Total splits: 407 Good splits: 391
Reward: 48188.4565889 Total splits: 378 Good splits: 344
Reward: 47725.4916006 Total splits: 405 Good splits: 382
Reward: 47218.0847904 Total splits: 390 Good splits: 374
Reward: 50479.3845121 Total splits: 382 Good splits: 359
Reward: 46099.9173202 Total splits: 407 Good splits: 378
Reward: 50379.1091218 Total splits: 375 Good splits: 349
Reward: 48091.7239828 Total splits: 406 Good splits: 383
Reward: 49910.0842262 Total splits: 420 Good splits: 385
Reward: 48626.6657169 Total splits: 366 Good splits: 345
Reward: 50951.4694523 Total splits: 404 Good splits: 365
Reward: 49056.62566 Total splits: 380 Good splits: 353
Reward: 48701.6306913 Total splits: 390 Good splits: 372
Reward: 49580.7844318 Total splits: 371 Good splits: 338
Reward: 49412.7394984 Total splits: 383 Good splits: 362
Reward: 48850.6730244 Total splits: 382 Good splits: 365
Reward: 47422.2772629 Total splits: 393 Good splits: 360
Reward: 47928.0755621 Total splits: 405 Good splits: 384
Reward: 48424.4221915 Total splits: 402 Good splits: 394
Reward: 46999.5668851 Total splits: 363 Good splits: 344
Reward: 47918.1320914 Total splits: 420 Good splits: 404
Reward: 47714.949489 Total splits: 393 Good splits: 367
Reward: 47123.2008179 Total splits: 389 Good splits: 356
Reward: 50564.7265059 Total splits: 379 Good splits: 363
Reward: 49073.9533746 Total splits: 379 Good splits: 361
Reward: 47178.1120829 Total splits: 401 Good splits: 372
Reward: 46151.2294229 Total splits: 411 Good splits: 387
Reward: 49939.2460496 Total splits: 371 Good splits: 344
Reward: 49496.0334161 Total splits: 395 Good splits: 375
Reward: 48409.0268865 Total splits: 413 Good splits: 382
Reward: 49011.4336341 Total splits: 381 Good splits: 354
Reward: 46098.4868814 Total splits: 360 Good splits: 337
Reward: 50668.9850512 Total splits: 415 Good splits: 388
Reward: 47774.7912564 Total splits: 378 Good splits: 348
Reward: 50324.6843994 Total splits: 389 Good splits: 362
Reward: 48401.0492278 Total splits: 383 Good splits: 358
Reward: 49966.7204556 Total splits: 388 Good splits: 358
Reward: 44696.4791817 Total splits: 378 Good splits: 348
Reward: 45878.3510968 Total splits: 385 Good splits: 370
Reward: 45473.8335237 Total splits: 412 Good splits: 395
Reward: 45536.9961672 Total splits: 405 Good splits: 385
Reward: 45211.1001048 Total splits: 383 Good splits: 362
Reward: 49131.5159501 Total splits: 391 Good splits: 367
Reward: 49577.74406 Total splits: 383 Good splits: 355
Reward: 48678.5575837 Total splits: 367 Good splits: 343
Reward: 49431.5430802 Total splits: 394 Good splits: 366
Reward: 50787.5993116 Total splits: 388 Good splits: 363
Reward: 50100.3474488 Total splits: 342 Good splits: 324
Reward: 48169.1870886 Total splits: 405 Good splits: 378
Reward: 46762.1527651 Total splits: 353 Good splits: 331
Reward: 47885.651023 Total splits: 392 Good splits: 373
Reward: 49854.5654103 Total splits: 361 Good splits: 341
Reward: 48663.7159247 Total splits: 414 Good splits: 377
Reward: 47271.3430539 Total splits: 400 Good splits: 382
Reward: 47467.8809589 Total splits: 402 Good splits: 373
Reward: 47741.1560096 Total splits: 398 Good splits: 381
Reward: 47492.0031344 Total splits: 428 Good splits: 406
Reward: 48467.7467439 Total splits: 370 Good splits: 342
Reward: 51055.2962755 Total splits: 396 Good splits: 369
Reward: 46766.3357836 Total splits: 403 Good splits: 377
Reward: 48786.2653553 Total splits: 404 Good splits: 380
Reward: 50243.2548676 Total splits: 383 Good splits: 364
Reward: 45237.4692349 Total splits: 394 Good splits: 374
Reward: 46682.6775821 Total splits: 365 Good splits: 336
Reward: 47612.9076357 Total splits: 378 Good splits: 351
Reward: 48751.5853139 Total splits: 394 Good splits: 369
Reward: 47413.0821359 Total splits: 385 Good splits: 369
Reward: 47826.7550196 Total splits: 393 Good splits: 370
Reward: 49257.0380597 Total splits: 408 Good splits: 381
Reward: 48567.758182 Total splits: 386 Good splits: 364
Reward: 47933.909449 Total splits: 379 Good splits: 347
Reward: 45360.8242257 Total splits: 410 Good splits: 387
Reward: 46342.2967058 Total splits: 388 Good splits: 359
Reward: 50585.00805 Total splits: 363 Good splits: 346
Reward: 47894.6130308 Total splits: 384 Good splits: 368
Reward: 47880.4309179 Total splits: 402 Good splits: 379
Reward: 49200.449966 Total splits: 391 Good splits: 368
Reward: 46623.5171755 Total splits: 386 Good splits: 376
Reward: 51024.5383737 Total splits: 406 Good splits: 374
Reward: 48049.4426556 Total splits: 390 Good splits: 371
Reward: 46694.9692189 Total splits: 393 Good splits: 371
Reward: 50386.1582783 Total splits: 376 Good splits: 343
Reward: 49649.510016 Total splits: 392 Good splits: 370
Reward: 48346.3178389 Total splits: 376 Good splits: 348
Reward: 49206.7293176 Total splits: 383 Good splits: 354
Reward: 48103.5391334 Total splits: 409 Good splits: 389
Reward: 49745.137604 Total splits: 363 Good splits: 332
Reward: 48115.2196166 Total splits: 413 Good splits: 382
Reward: 49938.1286303 Total splits: 370 Good splits: 346
Reward: 49689.5676933 Total splits: 374 Good splits: 350
Reward: 44086.4056461 Total splits: 404 Good splits: 383
Reward: 47689.0694328 Total splits: 423 Good splits: 399
Reward: 49945.3646343 Total splits: 378 Good splits: 357

Results after 100 tests
Average total rewards : 48275.6664003
Average total splits  : 389.88
Average good splits   : 365.53
Average good splits % : 93.7544885606

