Reward: 36980.8654266 Total splits: 570 Good splits: 552
Reward: 36987.4130609 Total splits: 565 Good splits: 543
Reward: 37193.8988249 Total splits: 557 Good splits: 538
Reward: 37383.0621203 Total splits: 557 Good splits: 539
Reward: 37063.2545663 Total splits: 556 Good splits: 540
Reward: 39112.2304444 Total splits: 556 Good splits: 528
Reward: 25817.9179712 Total splits: 519 Good splits: 497
Reward: 36666.77692 Total splits: 556 Good splits: 530
Reward: 35506.3752997 Total splits: 563 Good splits: 548
Reward: 39060.2703945 Total splits: 565 Good splits: 539
Reward: 37642.0774736 Total splits: 545 Good splits: 525
Reward: 39737.5314215 Total splits: 539 Good splits: 507
Reward: 34245.9325998 Total splits: 535 Good splits: 501
Reward: 35248.0092903 Total splits: 556 Good splits: 537
Reward: 36870.2592123 Total splits: 553 Good splits: 534
Reward: 38548.0810951 Total splits: 550 Good splits: 532
Reward: 37238.6180679 Total splits: 575 Good splits: 545
Reward: 38640.6351675 Total splits: 528 Good splits: 504
Reward: 36462.6030331 Total splits: 549 Good splits: 530
Reward: 37994.0134378 Total splits: 548 Good splits: 524
Reward: 36878.3754422 Total splits: 541 Good splits: 526
Reward: 37015.6910943 Total splits: 565 Good splits: 537
Reward: 39814.9463623 Total splits: 546 Good splits: 521
Reward: 42157.0909735 Total splits: 523 Good splits: 486
Reward: 37491.2430921 Total splits: 558 Good splits: 534
Reward: 40458.2447352 Total splits: 534 Good splits: 500
Reward: 38202.9069627 Total splits: 553 Good splits: 530
Reward: 36949.3741416 Total splits: 557 Good splits: 530
Reward: 37105.9883934 Total splits: 548 Good splits: 524
Reward: 40688.58293 Total splits: 569 Good splits: 548
Reward: 40446.1949946 Total splits: 544 Good splits: 509
Reward: 39273.5967657 Total splits: 528 Good splits: 503
Reward: 36743.6963285 Total splits: 554 Good splits: 534
Reward: 36543.4730537 Total splits: 561 Good splits: 547
Reward: 37975.4447017 Total splits: 545 Good splits: 521
Reward: 37753.4274684 Total splits: 556 Good splits: 531
Reward: 36669.8440469 Total splits: 572 Good splits: 554
Reward: 36937.5926919 Total splits: 552 Good splits: 534
Reward: 38479.0322042 Total splits: 530 Good splits: 504
Reward: 38073.9402734 Total splits: 540 Good splits: 516
Reward: 38828.6194915 Total splits: 546 Good splits: 506
Reward: 37536.9356585 Total splits: 556 Good splits: 540
Reward: 35384.8369492 Total splits: 595 Good splits: 565
Reward: 35833.3808165 Total splits: 563 Good splits: 544
Reward: 37051.1003037 Total splits: 535 Good splits: 520
Reward: 37854.4506364 Total splits: 582 Good splits: 562
Reward: 36912.0571182 Total splits: 556 Good splits: 541
Reward: 39030.9746385 Total splits: 519 Good splits: 489
Reward: 37505.4165899 Total splits: 557 Good splits: 534
Reward: 36664.4824697 Total splits: 555 Good splits: 533
Reward: 37080.6022705 Total splits: 546 Good splits: 528
Reward: 38012.344344 Total splits: 563 Good splits: 541
Reward: 37965.9639467 Total splits: 538 Good splits: 516
Reward: 37172.8190345 Total splits: 574 Good splits: 559
Reward: 39319.0666676 Total splits: 545 Good splits: 520
Reward: 37387.9578153 Total splits: 555 Good splits: 535
Reward: 37881.2214278 Total splits: 552 Good splits: 535
Reward: 36932.0671987 Total splits: 577 Good splits: 554
Reward: 36621.3254851 Total splits: 555 Good splits: 538
Reward: 40059.9877317 Total splits: 546 Good splits: 519
Reward: 37784.973816 Total splits: 568 Good splits: 548
Reward: 40046.3981317 Total splits: 548 Good splits: 523
Reward: 37215.797699 Total splits: 573 Good splits: 552
Reward: 37999.915493 Total splits: 534 Good splits: 515
Reward: 36102.3021222 Total splits: 551 Good splits: 531
Reward: 39058.5570578 Total splits: 525 Good splits: 506
Reward: 37829.2432374 Total splits: 552 Good splits: 523
Reward: 38058.0072176 Total splits: 566 Good splits: 534
Reward: 36498.3829449 Total splits: 568 Good splits: 550
Reward: 41741.6102901 Total splits: 512 Good splits: 484
Reward: 36938.0603072 Total splits: 551 Good splits: 533
Reward: 35886.837194 Total splits: 567 Good splits: 546
Reward: 36424.6176293 Total splits: 570 Good splits: 554
Reward: 37561.9657162 Total splits: 552 Good splits: 533
Reward: 41051.5262114 Total splits: 544 Good splits: 528
Reward: 37215.046879 Total splits: 550 Good splits: 537
Reward: 36279.9872275 Total splits: 571 Good splits: 544
Reward: 37558.7842896 Total splits: 548 Good splits: 525
Reward: 38971.8357773 Total splits: 551 Good splits: 523
Reward: 40626.351468 Total splits: 559 Good splits: 529
Reward: 38025.8285438 Total splits: 555 Good splits: 538
Reward: 37902.8166419 Total splits: 554 Good splits: 528
Reward: 36752.8502567 Total splits: 554 Good splits: 529
Reward: 37854.9401487 Total splits: 514 Good splits: 492
Reward: 36731.7788135 Total splits: 562 Good splits: 546
Reward: 38122.5493287 Total splits: 558 Good splits: 535
Reward: 35761.7276136 Total splits: 598 Good splits: 570
Reward: 40899.1693529 Total splits: 545 Good splits: 516
Reward: 37133.0464955 Total splits: 553 Good splits: 537
Reward: 36836.0728769 Total splits: 565 Good splits: 545
Reward: 36628.2527935 Total splits: 561 Good splits: 543
Reward: 35916.6242298 Total splits: 575 Good splits: 548
Reward: 39255.7130212 Total splits: 533 Good splits: 510
Reward: 37809.6413019 Total splits: 580 Good splits: 551
Reward: 36767.9906885 Total splits: 565 Good splits: 535
Reward: 37799.1853841 Total splits: 535 Good splits: 515
Reward: 36883.3288939 Total splits: 558 Good splits: 533
Reward: 36543.495845 Total splits: 542 Good splits: 525
Reward: 36917.5505564 Total splits: 564 Good splits: 542
Reward: 38157.1857051 Total splits: 537 Good splits: 518

Results after 100 tests
Average total rewards : 37606.4407228
Average total splits  : 553.01
Average good splits   : 530.35
Average good splits % : 95.9024249109

