Reward: 49520.3711099 Total splits: 369 Good splits: 351
Reward: 48765.2248136 Total splits: 329 Good splits: 311
Reward: 48201.3749097 Total splits: 353 Good splits: 322
Reward: 49023.8574304 Total splits: 363 Good splits: 335
Reward: 49038.7952939 Total splits: 399 Good splits: 372
Reward: 50291.059077 Total splits: 368 Good splits: 340
Reward: 50577.8611901 Total splits: 372 Good splits: 344
Reward: 50261.5002664 Total splits: 390 Good splits: 364
Reward: 48954.2499195 Total splits: 334 Good splits: 317
Reward: 49066.3544675 Total splits: 386 Good splits: 358
Reward: 50056.9255963 Total splits: 378 Good splits: 348
Reward: 50603.3399582 Total splits: 343 Good splits: 308
Reward: 50168.2839516 Total splits: 352 Good splits: 324
Reward: 50481.853513 Total splits: 369 Good splits: 339
Reward: 48978.9148276 Total splits: 366 Good splits: 346
Reward: 50133.8126724 Total splits: 339 Good splits: 313
Reward: 50176.348386 Total splits: 344 Good splits: 315
Reward: 48714.177225 Total splits: 358 Good splits: 330
Reward: 49869.3909489 Total splits: 390 Good splits: 367
Reward: 49129.2307841 Total splits: 384 Good splits: 361
Reward: 49969.7144274 Total splits: 384 Good splits: 353
Reward: 48846.7961824 Total splits: 366 Good splits: 334
Reward: 47442.3563138 Total splits: 362 Good splits: 333
Reward: 48863.8528639 Total splits: 364 Good splits: 345
Reward: 49774.3599097 Total splits: 369 Good splits: 341
Reward: 49956.4009996 Total splits: 373 Good splits: 356
Reward: 48134.381619 Total splits: 377 Good splits: 345
Reward: 46834.7510167 Total splits: 359 Good splits: 343
Reward: 49185.3057691 Total splits: 368 Good splits: 348
Reward: 49933.9994084 Total splits: 380 Good splits: 347
Reward: 50440.2732033 Total splits: 366 Good splits: 336
Reward: 48368.3894264 Total splits: 362 Good splits: 337
Reward: 48515.115341 Total splits: 343 Good splits: 320
Reward: 47691.7561973 Total splits: 341 Good splits: 320
Reward: 50733.0488771 Total splits: 390 Good splits: 369
Reward: 49380.0558718 Total splits: 377 Good splits: 354
Reward: 48711.3556948 Total splits: 352 Good splits: 336
Reward: 49497.6152781 Total splits: 367 Good splits: 347
Reward: 49049.9568997 Total splits: 378 Good splits: 344
Reward: 49373.3664144 Total splits: 363 Good splits: 348
Reward: 49659.9714153 Total splits: 363 Good splits: 337
Reward: 49517.1070878 Total splits: 390 Good splits: 358
Reward: 47669.6898919 Total splits: 368 Good splits: 340
Reward: 48250.8272789 Total splits: 364 Good splits: 343
Reward: 50233.8126061 Total splits: 390 Good splits: 359
Reward: 47746.3941849 Total splits: 348 Good splits: 322
Reward: 49062.5585088 Total splits: 360 Good splits: 331
Reward: 45317.870674 Total splits: 392 Good splits: 371
Reward: 46093.9018647 Total splits: 382 Good splits: 358
Reward: 48380.4477571 Total splits: 343 Good splits: 324
Reward: 45768.5688203 Total splits: 357 Good splits: 337
Reward: 47788.3294913 Total splits: 378 Good splits: 356
Reward: 49733.111442 Total splits: 374 Good splits: 355
Reward: 47336.565364 Total splits: 379 Good splits: 349
Reward: 47532.556613 Total splits: 380 Good splits: 354
Reward: 50288.8228242 Total splits: 369 Good splits: 348
Reward: 48609.5274529 Total splits: 391 Good splits: 368
Reward: 49185.3980141 Total splits: 359 Good splits: 339
Reward: 47332.7072864 Total splits: 360 Good splits: 346
Reward: 50710.3909418 Total splits: 395 Good splits: 358
Reward: 46880.9089539 Total splits: 333 Good splits: 307
Reward: 51341.71226 Total splits: 389 Good splits: 365
Reward: 45727.9262308 Total splits: 389 Good splits: 361
Reward: 48526.0494603 Total splits: 367 Good splits: 343
Reward: 49361.4123172 Total splits: 363 Good splits: 346
Reward: 49884.6192522 Total splits: 363 Good splits: 343
Reward: 47100.6733335 Total splits: 342 Good splits: 317
Reward: 48563.9314419 Total splits: 381 Good splits: 355
Reward: 49198.240453 Total splits: 377 Good splits: 351
Reward: 48263.1217392 Total splits: 383 Good splits: 357
Reward: 47542.2558329 Total splits: 367 Good splits: 347
Reward: 49694.9241315 Total splits: 394 Good splits: 374
Reward: 48849.7097348 Total splits: 355 Good splits: 343
Reward: 50433.7281886 Total splits: 371 Good splits: 342
Reward: 49617.9993593 Total splits: 366 Good splits: 344
Reward: 49481.7744623 Total splits: 369 Good splits: 344
Reward: 49769.898882 Total splits: 368 Good splits: 353
Reward: 48326.6304807 Total splits: 371 Good splits: 347
Reward: 49026.4107052 Total splits: 365 Good splits: 337
Reward: 49301.6546576 Total splits: 354 Good splits: 321
Reward: 49472.2879055 Total splits: 389 Good splits: 376
Reward: 49771.2666757 Total splits: 363 Good splits: 333
Reward: 44541.0968587 Total splits: 353 Good splits: 335
Reward: 48921.4090357 Total splits: 372 Good splits: 349
Reward: 47878.0778639 Total splits: 355 Good splits: 328
Reward: 50488.1637141 Total splits: 374 Good splits: 342
Reward: 49349.3820961 Total splits: 375 Good splits: 351
Reward: 48019.635905 Total splits: 369 Good splits: 337
Reward: 47794.9189911 Total splits: 339 Good splits: 319
Reward: 49383.5753727 Total splits: 354 Good splits: 329
Reward: 50064.6239316 Total splits: 361 Good splits: 336
Reward: 49556.5338949 Total splits: 377 Good splits: 346
Reward: 49464.5969635 Total splits: 392 Good splits: 378
Reward: 48301.6532375 Total splits: 364 Good splits: 343
Reward: 47711.9143525 Total splits: 351 Good splits: 324
Reward: 46407.9147638 Total splits: 377 Good splits: 358
Reward: 47632.4659995 Total splits: 357 Good splits: 327
Reward: 48321.7443607 Total splits: 361 Good splits: 344
Reward: 47478.8239506 Total splits: 393 Good splits: 364
Reward: 47700.8167016 Total splits: 360 Good splits: 336

Results after 100 tests
Average total rewards : 48840.8882203
Average total splits  : 367.72
Average good splits   : 343.26
Average good splits % : 93.3481997172

