Reward: 46233.0577577 Total splits: 388 Good splits: 357
Reward: 46305.8092494 Total splits: 399 Good splits: 371
Reward: 42634.3617649 Total splits: 388 Good splits: 373
Reward: 44826.2768625 Total splits: 403 Good splits: 383
Reward: 48055.1790172 Total splits: 381 Good splits: 362
Reward: 47468.2826031 Total splits: 372 Good splits: 350
Reward: 46114.464955 Total splits: 378 Good splits: 357
Reward: 44956.3244342 Total splits: 398 Good splits: 374
Reward: 47340.9954852 Total splits: 396 Good splits: 371
Reward: 48926.9320667 Total splits: 395 Good splits: 375
Reward: 46984.3006544 Total splits: 398 Good splits: 377
Reward: 48790.9722616 Total splits: 390 Good splits: 366
Reward: 47467.54748 Total splits: 388 Good splits: 355
Reward: 49191.9727023 Total splits: 386 Good splits: 357
Reward: 44866.0603372 Total splits: 400 Good splits: 375
Reward: 47869.9820391 Total splits: 399 Good splits: 368
Reward: 46050.6092104 Total splits: 393 Good splits: 371
Reward: 39226.1133241 Total splits: 399 Good splits: 373
Reward: 45587.7649602 Total splits: 386 Good splits: 351
Reward: 48170.9060964 Total splits: 379 Good splits: 360
Reward: 42201.5425382 Total splits: 379 Good splits: 349
Reward: 48447.4999654 Total splits: 417 Good splits: 387
Reward: 45047.5175986 Total splits: 407 Good splits: 381
Reward: 47695.2697847 Total splits: 398 Good splits: 381
Reward: 45033.3155549 Total splits: 395 Good splits: 360
Reward: 45299.4729064 Total splits: 384 Good splits: 363
Reward: 47258.526676 Total splits: 390 Good splits: 360
Reward: 46742.5426043 Total splits: 400 Good splits: 372
Reward: 48326.8302818 Total splits: 372 Good splits: 351
Reward: 41342.5472171 Total splits: 393 Good splits: 368
Reward: 47921.5959725 Total splits: 399 Good splits: 375
Reward: 42301.6075255 Total splits: 392 Good splits: 353
Reward: 45554.5176291 Total splits: 366 Good splits: 348
Reward: 47597.7951712 Total splits: 392 Good splits: 370
Reward: 46955.1771268 Total splits: 396 Good splits: 361
Reward: 46914.1285346 Total splits: 407 Good splits: 384
Reward: 40859.8639011 Total splits: 364 Good splits: 339
Reward: 42584.2398314 Total splits: 392 Good splits: 379
Reward: 45838.5767499 Total splits: 393 Good splits: 368
Reward: 44887.5565729 Total splits: 408 Good splits: 392
Reward: 49079.80223 Total splits: 388 Good splits: 367
Reward: 44371.601354 Total splits: 406 Good splits: 380
Reward: 46103.0330158 Total splits: 398 Good splits: 374
Reward: 47788.658733 Total splits: 405 Good splits: 382
Reward: 44194.2913899 Total splits: 366 Good splits: 354
Reward: 42050.4424932 Total splits: 392 Good splits: 372
Reward: 42118.2208036 Total splits: 377 Good splits: 360
Reward: 42928.5999099 Total splits: 380 Good splits: 351
Reward: 45959.0447946 Total splits: 366 Good splits: 334
Reward: 45943.4764447 Total splits: 383 Good splits: 357
Reward: 45369.4745326 Total splits: 402 Good splits: 370
Reward: 47773.012504 Total splits: 404 Good splits: 371
Reward: 49031.6051714 Total splits: 366 Good splits: 334
Reward: 47647.9958229 Total splits: 393 Good splits: 369
Reward: 46373.4607744 Total splits: 380 Good splits: 342
Reward: 47226.2208076 Total splits: 401 Good splits: 377
Reward: 46725.7898472 Total splits: 362 Good splits: 338
Reward: 42690.5494924 Total splits: 399 Good splits: 373
Reward: 43722.4049101 Total splits: 403 Good splits: 379
Reward: 48298.182353 Total splits: 395 Good splits: 372
Reward: 44972.3200898 Total splits: 370 Good splits: 344
Reward: 49696.6630022 Total splits: 380 Good splits: 350
Reward: 43601.6898084 Total splits: 372 Good splits: 345
Reward: 43538.5868632 Total splits: 378 Good splits: 359
Reward: 48653.7764126 Total splits: 390 Good splits: 363
Reward: 45874.5944383 Total splits: 409 Good splits: 385
Reward: 44294.1205456 Total splits: 356 Good splits: 320
Reward: 43412.2822292 Total splits: 405 Good splits: 386
Reward: 50591.0927352 Total splits: 411 Good splits: 391
Reward: 44948.8466757 Total splits: 394 Good splits: 374
Reward: 45537.1055883 Total splits: 409 Good splits: 384
Reward: 42208.1255649 Total splits: 413 Good splits: 374
Reward: 44765.7716325 Total splits: 386 Good splits: 363
Reward: 47862.177993 Total splits: 392 Good splits: 359
Reward: 47882.3862749 Total splits: 384 Good splits: 355
Reward: 42217.2066168 Total splits: 400 Good splits: 379
Reward: 48910.9771642 Total splits: 388 Good splits: 364
Reward: 44467.8499598 Total splits: 405 Good splits: 383
Reward: 45962.5814243 Total splits: 418 Good splits: 391
Reward: 48223.271379 Total splits: 347 Good splits: 329
Reward: 48099.2326691 Total splits: 410 Good splits: 391
Reward: 48255.8590107 Total splits: 374 Good splits: 347
Reward: 46507.1582281 Total splits: 378 Good splits: 353
Reward: 45849.6779999 Total splits: 396 Good splits: 367
Reward: 45498.4914028 Total splits: 391 Good splits: 361
Reward: 44750.5935063 Total splits: 383 Good splits: 361
Reward: 49255.2614974 Total splits: 405 Good splits: 380
Reward: 46944.0018467 Total splits: 382 Good splits: 364
Reward: 40261.1973988 Total splits: 366 Good splits: 342
Reward: 46348.1136054 Total splits: 425 Good splits: 403
Reward: 47400.594077 Total splits: 389 Good splits: 365
Reward: 47466.2731279 Total splits: 404 Good splits: 364
Reward: 44332.4172117 Total splits: 379 Good splits: 352
Reward: 48142.1020953 Total splits: 383 Good splits: 360
Reward: 47324.6626917 Total splits: 387 Good splits: 366
Reward: 47876.7432738 Total splits: 379 Good splits: 361
Reward: 48109.4357541 Total splits: 396 Good splits: 372
Reward: 47292.5932697 Total splits: 379 Good splits: 348
Reward: 48219.4877097 Total splits: 385 Good splits: 349
Reward: 48651.086298 Total splits: 395 Good splits: 359

Results after 100 tests
Average total rewards : 46054.8031386
Average total splits  : 390.19
Average good splits   : 364.86
Average good splits % : 93.5082908327

