Reward: 50274.0972309 Total splits: 350 Good splits: 334
Reward: 48081.8776185 Total splits: 375 Good splits: 354
Reward: 45532.4721252 Total splits: 359 Good splits: 323
Reward: 44738.6011924 Total splits: 385 Good splits: 361
Reward: 47109.3783563 Total splits: 355 Good splits: 319
Reward: 50246.828004 Total splits: 370 Good splits: 349
Reward: 47672.802899 Total splits: 358 Good splits: 340
Reward: 46337.6306408 Total splits: 357 Good splits: 340
Reward: 46442.6105812 Total splits: 340 Good splits: 321
Reward: 47407.2264748 Total splits: 353 Good splits: 332
Reward: 49047.2622918 Total splits: 361 Good splits: 338
Reward: 46640.4742976 Total splits: 364 Good splits: 338
Reward: 48316.1066292 Total splits: 371 Good splits: 339
Reward: 48065.7530845 Total splits: 353 Good splits: 331
Reward: 48367.4106676 Total splits: 337 Good splits: 313
Reward: 47023.182425 Total splits: 377 Good splits: 351
Reward: 47350.1892097 Total splits: 343 Good splits: 311
Reward: 48790.0449837 Total splits: 354 Good splits: 330
Reward: 49136.7508977 Total splits: 353 Good splits: 335
Reward: 46503.201233 Total splits: 357 Good splits: 337
Reward: 48592.9672862 Total splits: 378 Good splits: 357
Reward: 48778.5126041 Total splits: 364 Good splits: 346
Reward: 47336.033922 Total splits: 355 Good splits: 332
Reward: 45574.3371591 Total splits: 342 Good splits: 324
Reward: 46247.3855465 Total splits: 359 Good splits: 342
Reward: 49320.4994363 Total splits: 349 Good splits: 328
Reward: 46806.6082632 Total splits: 360 Good splits: 331
Reward: 48643.5608329 Total splits: 380 Good splits: 350
Reward: 50312.6711776 Total splits: 346 Good splits: 329
Reward: 47939.7334613 Total splits: 386 Good splits: 359
Reward: 46465.830075 Total splits: 331 Good splits: 317
Reward: 49634.8503 Total splits: 351 Good splits: 325
Reward: 49516.971675 Total splits: 373 Good splits: 347
Reward: 48686.1186446 Total splits: 345 Good splits: 314
Reward: 50638.5549967 Total splits: 357 Good splits: 338
Reward: 48085.2428292 Total splits: 344 Good splits: 314
Reward: 46598.7791749 Total splits: 372 Good splits: 351
Reward: 47981.8731607 Total splits: 368 Good splits: 354
Reward: 46812.6912059 Total splits: 350 Good splits: 329
Reward: 49217.6821533 Total splits: 369 Good splits: 347
Reward: 49357.398757 Total splits: 358 Good splits: 339
Reward: 45888.9678013 Total splits: 361 Good splits: 340
Reward: 45667.8478002 Total splits: 367 Good splits: 349
Reward: 47592.4509383 Total splits: 370 Good splits: 351
Reward: 47030.5859803 Total splits: 351 Good splits: 325
Reward: 45206.0218594 Total splits: 381 Good splits: 346
Reward: 49165.2920095 Total splits: 355 Good splits: 331
Reward: 51256.4031962 Total splits: 375 Good splits: 351
Reward: 49985.2080435 Total splits: 341 Good splits: 313
Reward: 49951.3311105 Total splits: 369 Good splits: 334
Reward: 49550.6286135 Total splits: 364 Good splits: 343
Reward: 45205.5049555 Total splits: 363 Good splits: 341
Reward: 49875.8033819 Total splits: 364 Good splits: 349
Reward: 45381.3789007 Total splits: 357 Good splits: 323
Reward: 50621.1219531 Total splits: 371 Good splits: 353
Reward: 49250.0834038 Total splits: 329 Good splits: 309
Reward: 49490.3597677 Total splits: 367 Good splits: 345
Reward: 47986.8414322 Total splits: 345 Good splits: 324
Reward: 47870.173229 Total splits: 360 Good splits: 337
Reward: 49118.3234994 Total splits: 342 Good splits: 321
Reward: 48275.0015457 Total splits: 372 Good splits: 354
Reward: 47846.6315129 Total splits: 363 Good splits: 328
Reward: 47092.5969826 Total splits: 358 Good splits: 333
Reward: 48564.1209957 Total splits: 365 Good splits: 342
Reward: 48815.457324 Total splits: 365 Good splits: 351
Reward: 47668.8521998 Total splits: 334 Good splits: 313
Reward: 48035.9320926 Total splits: 358 Good splits: 338
Reward: 49453.1374072 Total splits: 349 Good splits: 325
Reward: 47751.0689723 Total splits: 365 Good splits: 338
Reward: 50454.6510539 Total splits: 351 Good splits: 322
Reward: 46311.5901136 Total splits: 352 Good splits: 341
Reward: 48327.1272405 Total splits: 345 Good splits: 317
Reward: 48995.5866253 Total splits: 370 Good splits: 340
Reward: 50255.0907142 Total splits: 359 Good splits: 335
Reward: 48593.7387524 Total splits: 364 Good splits: 340
Reward: 46290.5823859 Total splits: 394 Good splits: 361
Reward: 44223.3010474 Total splits: 338 Good splits: 319
Reward: 49121.2775231 Total splits: 360 Good splits: 337
Reward: 47462.9478885 Total splits: 362 Good splits: 334
Reward: 48879.3696308 Total splits: 355 Good splits: 346
Reward: 48208.1701452 Total splits: 360 Good splits: 334
Reward: 48205.0617634 Total splits: 376 Good splits: 340
Reward: 49065.3818947 Total splits: 385 Good splits: 359
Reward: 48841.4681325 Total splits: 369 Good splits: 345
Reward: 46682.1164834 Total splits: 340 Good splits: 321
Reward: 46991.5507899 Total splits: 380 Good splits: 353
Reward: 47001.2578655 Total splits: 368 Good splits: 349
Reward: 49290.2344622 Total splits: 371 Good splits: 342
Reward: 46765.3750353 Total splits: 374 Good splits: 354
Reward: 44759.1194653 Total splits: 371 Good splits: 349
Reward: 49898.6517772 Total splits: 375 Good splits: 355
Reward: 49280.737615 Total splits: 359 Good splits: 337
Reward: 44971.9851038 Total splits: 343 Good splits: 331
Reward: 44754.512337 Total splits: 359 Good splits: 337
Reward: 48183.805452 Total splits: 357 Good splits: 331
Reward: 47345.6809807 Total splits: 350 Good splits: 321
Reward: 49708.7251647 Total splits: 356 Good splits: 333
Reward: 47919.9823372 Total splits: 368 Good splits: 345
Reward: 42596.3900843 Total splits: 376 Good splits: 355
Reward: 48199.5523147 Total splits: 361 Good splits: 334

Results after 100 tests
Average total rewards : 47928.1435259
Average total splits  : 360.18
Average good splits   : 336.93
Average good splits % : 93.5448942196

