Reward: 48864.7761237 Total splits: 351 Good splits: 330
Reward: 46947.4855795 Total splits: 354 Good splits: 340
Reward: 45015.3705706 Total splits: 351 Good splits: 328
Reward: 48346.169762 Total splits: 356 Good splits: 338
Reward: 48266.4742167 Total splits: 327 Good splits: 309
Reward: 49841.5783429 Total splits: 348 Good splits: 322
Reward: 46835.0843349 Total splits: 348 Good splits: 330
Reward: 50128.1962907 Total splits: 338 Good splits: 313
Reward: 51070.681273 Total splits: 353 Good splits: 335
Reward: 45743.6427487 Total splits: 342 Good splits: 320
Reward: 45715.9840865 Total splits: 356 Good splits: 345
Reward: 37618.8316692 Total splits: 341 Good splits: 319
Reward: 47145.2942175 Total splits: 361 Good splits: 340
Reward: 46292.5319776 Total splits: 330 Good splits: 315
Reward: 49494.3150664 Total splits: 318 Good splits: 296
Reward: 50298.6561131 Total splits: 348 Good splits: 323
Reward: 47605.7944301 Total splits: 354 Good splits: 338
Reward: 50108.3055512 Total splits: 349 Good splits: 317
Reward: 47947.5822427 Total splits: 343 Good splits: 317
Reward: 48000.2261399 Total splits: 333 Good splits: 316
Reward: 45075.7611188 Total splits: 346 Good splits: 317
Reward: 48318.0184236 Total splits: 343 Good splits: 314
Reward: 49839.0530848 Total splits: 340 Good splits: 321
Reward: 48547.8532847 Total splits: 343 Good splits: 318
Reward: 49154.0245737 Total splits: 354 Good splits: 334
Reward: 47281.1261109 Total splits: 369 Good splits: 349
Reward: 47939.211158 Total splits: 329 Good splits: 315
Reward: 49346.4719662 Total splits: 346 Good splits: 328
Reward: 49470.3097945 Total splits: 349 Good splits: 332
Reward: 49092.2981174 Total splits: 348 Good splits: 315
Reward: 49360.0062817 Total splits: 347 Good splits: 326
Reward: 49152.6853792 Total splits: 318 Good splits: 301
Reward: 48815.3519675 Total splits: 328 Good splits: 307
Reward: 50482.787169 Total splits: 337 Good splits: 308
Reward: 47601.7637325 Total splits: 332 Good splits: 317
Reward: 50861.3564119 Total splits: 366 Good splits: 339
Reward: 50711.8193935 Total splits: 354 Good splits: 332
Reward: 48878.9927124 Total splits: 351 Good splits: 331
Reward: 46064.8073892 Total splits: 338 Good splits: 321
Reward: 49829.4210103 Total splits: 353 Good splits: 326
Reward: 49966.0336108 Total splits: 366 Good splits: 339
Reward: 49960.0452023 Total splits: 377 Good splits: 334
Reward: 48826.6395958 Total splits: 336 Good splits: 315
Reward: 48831.9348847 Total splits: 331 Good splits: 307
Reward: 45475.5024613 Total splits: 342 Good splits: 324
Reward: 48131.5770246 Total splits: 351 Good splits: 324
Reward: 48323.1796129 Total splits: 356 Good splits: 334
Reward: 51093.1828823 Total splits: 350 Good splits: 337
Reward: 49466.7055596 Total splits: 363 Good splits: 338
Reward: 46651.9927681 Total splits: 342 Good splits: 324
Reward: 50301.4006787 Total splits: 350 Good splits: 326
Reward: 49199.4848329 Total splits: 349 Good splits: 327
Reward: 49180.0932855 Total splits: 338 Good splits: 310
Reward: 47735.5965955 Total splits: 340 Good splits: 315
Reward: 45593.5501709 Total splits: 332 Good splits: 312
Reward: 45292.8941411 Total splits: 357 Good splits: 335
Reward: 48148.3376001 Total splits: 334 Good splits: 315
Reward: 50383.6495669 Total splits: 352 Good splits: 330
Reward: 48223.8018926 Total splits: 330 Good splits: 313
Reward: 48913.1597092 Total splits: 342 Good splits: 327
Reward: 48492.3914517 Total splits: 347 Good splits: 326
Reward: 49709.3851242 Total splits: 362 Good splits: 343
Reward: 48857.6801242 Total splits: 342 Good splits: 324
Reward: 43887.7822841 Total splits: 355 Good splits: 331
Reward: 45086.8582751 Total splits: 359 Good splits: 332
Reward: 49392.3724198 Total splits: 356 Good splits: 335
Reward: 46649.6395062 Total splits: 370 Good splits: 334
Reward: 49466.3862937 Total splits: 333 Good splits: 312
Reward: 50924.7707555 Total splits: 344 Good splits: 327
Reward: 47764.9382181 Total splits: 338 Good splits: 319
Reward: 48816.760217 Total splits: 335 Good splits: 300
Reward: 48678.9118947 Total splits: 338 Good splits: 322
Reward: 50800.2410269 Total splits: 337 Good splits: 320
Reward: 46430.4177053 Total splits: 336 Good splits: 305
Reward: 48240.0040803 Total splits: 364 Good splits: 334
Reward: 46746.2711749 Total splits: 359 Good splits: 339
Reward: 49283.888364 Total splits: 348 Good splits: 328
Reward: 46158.9330776 Total splits: 352 Good splits: 335
Reward: 47784.4402399 Total splits: 363 Good splits: 339
Reward: 49718.2407897 Total splits: 345 Good splits: 325
Reward: 49373.384839 Total splits: 357 Good splits: 338
Reward: 49646.7047204 Total splits: 348 Good splits: 322
Reward: 48287.2641288 Total splits: 339 Good splits: 318
Reward: 44183.0926399 Total splits: 348 Good splits: 318
Reward: 46549.8874458 Total splits: 339 Good splits: 318
Reward: 50667.5140815 Total splits: 352 Good splits: 327
Reward: 47856.7357341 Total splits: 351 Good splits: 325
Reward: 49398.9480397 Total splits: 365 Good splits: 340
Reward: 50072.5943508 Total splits: 363 Good splits: 333
Reward: 48689.2994725 Total splits: 356 Good splits: 324
Reward: 47517.4976975 Total splits: 350 Good splits: 327
Reward: 48789.7916803 Total splits: 374 Good splits: 341
Reward: 49376.1010946 Total splits: 343 Good splits: 325
Reward: 50197.8188294 Total splits: 358 Good splits: 328
Reward: 48502.457705 Total splits: 346 Good splits: 326
Reward: 50829.0265066 Total splits: 356 Good splits: 336
Reward: 48654.6726907 Total splits: 345 Good splits: 310
Reward: 44626.7507687 Total splits: 336 Good splits: 321
Reward: 49284.9704295 Total splits: 336 Good splits: 319
Reward: 47053.301325 Total splits: 364 Good splits: 343

Results after 100 tests
Average total rewards : 48292.569891
Average total splits  : 347.39
Average good splits   : 324.97
Average good splits % : 93.5461584962

