Reward: 46518.1681589 Total splits: 325 Good splits: 302
Reward: 47465.9541247 Total splits: 344 Good splits: 321
Reward: 48284.7311075 Total splits: 344 Good splits: 314
Reward: 48689.7069345 Total splits: 326 Good splits: 297
Reward: 48141.7565411 Total splits: 334 Good splits: 319
Reward: 48152.6179169 Total splits: 349 Good splits: 327
Reward: 47260.9002874 Total splits: 360 Good splits: 343
Reward: 49040.3929857 Total splits: 326 Good splits: 296
Reward: 48771.2983873 Total splits: 336 Good splits: 322
Reward: 49831.4820795 Total splits: 331 Good splits: 308
Reward: 50522.2954063 Total splits: 347 Good splits: 326
Reward: 48565.2712793 Total splits: 320 Good splits: 307
Reward: 50047.2035933 Total splits: 334 Good splits: 313
Reward: 46875.4223826 Total splits: 341 Good splits: 321
Reward: 50247.2946069 Total splits: 350 Good splits: 326
Reward: 50230.8538483 Total splits: 346 Good splits: 317
Reward: 51138.0163111 Total splits: 347 Good splits: 326
Reward: 51258.9899943 Total splits: 323 Good splits: 300
Reward: 48127.6456881 Total splits: 347 Good splits: 328
Reward: 47067.0122488 Total splits: 331 Good splits: 309
Reward: 47609.2219886 Total splits: 334 Good splits: 301
Reward: 46081.7845667 Total splits: 344 Good splits: 314
Reward: 45331.911376 Total splits: 345 Good splits: 327
Reward: 49080.1503082 Total splits: 331 Good splits: 301
Reward: 47634.2312016 Total splits: 345 Good splits: 327
Reward: 45801.3199738 Total splits: 339 Good splits: 319
Reward: 47432.6088374 Total splits: 335 Good splits: 313
Reward: 48633.7891298 Total splits: 333 Good splits: 313
Reward: 49141.0953472 Total splits: 339 Good splits: 316
Reward: 46613.8042346 Total splits: 354 Good splits: 327
Reward: 48557.839622 Total splits: 337 Good splits: 312
Reward: 51316.4612534 Total splits: 341 Good splits: 320
Reward: 47637.4049121 Total splits: 351 Good splits: 329
Reward: 49812.1143545 Total splits: 340 Good splits: 318
Reward: 50419.5267652 Total splits: 341 Good splits: 313
Reward: 51215.4723708 Total splits: 357 Good splits: 335
Reward: 50597.4271906 Total splits: 355 Good splits: 335
Reward: 47159.9551398 Total splits: 344 Good splits: 321
Reward: 48499.2019852 Total splits: 323 Good splits: 305
Reward: 45635.2662091 Total splits: 339 Good splits: 311
Reward: 46122.1899843 Total splits: 338 Good splits: 318
Reward: 49902.4381652 Total splits: 343 Good splits: 323
Reward: 49894.5900914 Total splits: 332 Good splits: 321
Reward: 49477.0295177 Total splits: 328 Good splits: 308
Reward: 49246.2923947 Total splits: 345 Good splits: 325
Reward: 49067.9292921 Total splits: 339 Good splits: 321
Reward: 44320.6075968 Total splits: 323 Good splits: 300
Reward: 49049.0392394 Total splits: 312 Good splits: 285
Reward: 48662.5097332 Total splits: 337 Good splits: 318
Reward: 47758.0909851 Total splits: 350 Good splits: 326
Reward: 49472.1779431 Total splits: 328 Good splits: 304
Reward: 49745.0347236 Total splits: 339 Good splits: 318
Reward: 50634.0179278 Total splits: 350 Good splits: 336
Reward: 46646.0786365 Total splits: 332 Good splits: 311
Reward: 50138.3791615 Total splits: 332 Good splits: 314
Reward: 48669.1690407 Total splits: 352 Good splits: 333
Reward: 49022.6575354 Total splits: 344 Good splits: 319
Reward: 51099.3807072 Total splits: 331 Good splits: 304
Reward: 49845.624102 Total splits: 342 Good splits: 323
Reward: 46938.0546825 Total splits: 341 Good splits: 320
Reward: 50165.9583593 Total splits: 310 Good splits: 286
Reward: 49804.0232938 Total splits: 349 Good splits: 329
Reward: 47784.2492147 Total splits: 337 Good splits: 317
Reward: 48434.0006071 Total splits: 305 Good splits: 287
Reward: 48517.243471 Total splits: 333 Good splits: 312
Reward: 49995.7114579 Total splits: 338 Good splits: 319
Reward: 47796.9142278 Total splits: 336 Good splits: 315
Reward: 49889.3131042 Total splits: 356 Good splits: 330
Reward: 50806.3643984 Total splits: 350 Good splits: 326
Reward: 48239.414138 Total splits: 346 Good splits: 312
Reward: 48105.4238647 Total splits: 340 Good splits: 317
Reward: 50273.1023203 Total splits: 347 Good splits: 324
Reward: 50370.0596517 Total splits: 360 Good splits: 334
Reward: 49341.9524856 Total splits: 358 Good splits: 337
Reward: 47851.3699308 Total splits: 346 Good splits: 320
Reward: 49937.0331287 Total splits: 338 Good splits: 317
Reward: 49918.6881914 Total splits: 348 Good splits: 328
Reward: 49244.3654067 Total splits: 325 Good splits: 295
Reward: 49686.6888993 Total splits: 313 Good splits: 296
Reward: 44142.3510626 Total splits: 346 Good splits: 317
Reward: 48858.6708187 Total splits: 312 Good splits: 287
Reward: 50195.9940956 Total splits: 340 Good splits: 315
Reward: 46894.5336222 Total splits: 360 Good splits: 342
Reward: 50443.554173 Total splits: 326 Good splits: 306
Reward: 49288.0011189 Total splits: 321 Good splits: 305
Reward: 49723.4080062 Total splits: 324 Good splits: 306
Reward: 50588.6453918 Total splits: 333 Good splits: 306
Reward: 45089.7885984 Total splits: 312 Good splits: 289
Reward: 49265.1126066 Total splits: 323 Good splits: 304
Reward: 49831.5876534 Total splits: 347 Good splits: 324
Reward: 49524.0171991 Total splits: 355 Good splits: 323
Reward: 48293.0585444 Total splits: 359 Good splits: 338
Reward: 48521.9984843 Total splits: 335 Good splits: 320
Reward: 48984.0072906 Total splits: 339 Good splits: 319
Reward: 44427.4207734 Total splits: 343 Good splits: 323
Reward: 47968.9484078 Total splits: 326 Good splits: 302
Reward: 49360.006213 Total splits: 347 Good splits: 319
Reward: 49140.6951126 Total splits: 327 Good splits: 308
Reward: 48781.3899134 Total splits: 347 Good splits: 315
Reward: 46978.7309739 Total splits: 342 Good splits: 317

Results after 100 tests
Average total rewards : 48686.2268832
Average total splits  : 338.25
Average good splits   : 315.92
Average good splits % : 93.3983739837

