Reward: 49689.8667301 Total splits: 337 Good splits: 315
Reward: 47531.4477156 Total splits: 323 Good splits: 301
Reward: 50077.2679664 Total splits: 343 Good splits: 320
Reward: 49710.8522102 Total splits: 327 Good splits: 306
Reward: 46134.774579 Total splits: 321 Good splits: 304
Reward: 47820.725443 Total splits: 340 Good splits: 311
Reward: 47722.3110987 Total splits: 325 Good splits: 301
Reward: 48292.0519272 Total splits: 346 Good splits: 320
Reward: 49898.0648332 Total splits: 329 Good splits: 306
Reward: 47576.3059016 Total splits: 328 Good splits: 309
Reward: 47482.1205574 Total splits: 323 Good splits: 311
Reward: 51030.3286019 Total splits: 331 Good splits: 314
Reward: 51068.4417477 Total splits: 326 Good splits: 305
Reward: 49429.1867606 Total splits: 306 Good splits: 286
Reward: 50633.3453212 Total splits: 338 Good splits: 326
Reward: 48583.4170416 Total splits: 322 Good splits: 308
Reward: 48805.0619843 Total splits: 313 Good splits: 289
Reward: 49341.92084 Total splits: 336 Good splits: 309
Reward: 47615.618222 Total splits: 337 Good splits: 307
Reward: 50446.2814109 Total splits: 326 Good splits: 306
Reward: 46183.2910166 Total splits: 334 Good splits: 315
Reward: 48533.7089552 Total splits: 307 Good splits: 291
Reward: 49052.3815372 Total splits: 330 Good splits: 307
Reward: 47267.5691735 Total splits: 332 Good splits: 318
Reward: 46946.6391025 Total splits: 332 Good splits: 310
Reward: 50262.6031921 Total splits: 322 Good splits: 304
Reward: 49893.2739378 Total splits: 347 Good splits: 319
Reward: 47683.4477121 Total splits: 327 Good splits: 308
Reward: 50454.6592854 Total splits: 336 Good splits: 316
Reward: 48923.8274961 Total splits: 357 Good splits: 333
Reward: 51492.7670826 Total splits: 319 Good splits: 295
Reward: 48324.9634927 Total splits: 343 Good splits: 317
Reward: 43834.4615773 Total splits: 310 Good splits: 301
Reward: 49738.3958892 Total splits: 330 Good splits: 305
Reward: 45135.2751276 Total splits: 326 Good splits: 304
Reward: 48264.941393 Total splits: 335 Good splits: 322
Reward: 48259.6637471 Total splits: 343 Good splits: 321
Reward: 47663.0191278 Total splits: 332 Good splits: 317
Reward: 48385.6507382 Total splits: 339 Good splits: 318
Reward: 49255.5083895 Total splits: 343 Good splits: 308
Reward: 46251.8298315 Total splits: 319 Good splits: 304
Reward: 46470.7507934 Total splits: 326 Good splits: 294
Reward: 48118.0811158 Total splits: 328 Good splits: 306
Reward: 46869.0298075 Total splits: 337 Good splits: 318
Reward: 50849.172515 Total splits: 345 Good splits: 329
Reward: 49008.5630381 Total splits: 335 Good splits: 316
Reward: 49474.4838473 Total splits: 332 Good splits: 316
Reward: 48135.2070291 Total splits: 334 Good splits: 315
Reward: 48114.9344556 Total splits: 316 Good splits: 302
Reward: 47174.0884056 Total splits: 318 Good splits: 293
Reward: 49559.4038522 Total splits: 338 Good splits: 320
Reward: 49469.3602953 Total splits: 320 Good splits: 296
Reward: 46377.2963382 Total splits: 343 Good splits: 317
Reward: 49037.6483221 Total splits: 315 Good splits: 290
Reward: 48558.125882 Total splits: 318 Good splits: 306
Reward: 48318.9846704 Total splits: 341 Good splits: 314
Reward: 50000.8709324 Total splits: 335 Good splits: 317
Reward: 51197.0984033 Total splits: 322 Good splits: 302
Reward: 49835.8397835 Total splits: 340 Good splits: 322
Reward: 47014.5040532 Total splits: 321 Good splits: 306
Reward: 43448.9370538 Total splits: 332 Good splits: 307
Reward: 50226.3598068 Total splits: 329 Good splits: 303
Reward: 48562.7011474 Total splits: 338 Good splits: 308
Reward: 49335.2502785 Total splits: 337 Good splits: 319
Reward: 47259.2710953 Total splits: 318 Good splits: 302
Reward: 51688.5129305 Total splits: 348 Good splits: 325
Reward: 49343.653178 Total splits: 335 Good splits: 311
Reward: 48826.4655705 Total splits: 321 Good splits: 295
Reward: 50843.4341985 Total splits: 344 Good splits: 326
Reward: 51722.1877511 Total splits: 338 Good splits: 319
Reward: 49291.1829554 Total splits: 315 Good splits: 295
Reward: 49731.5289134 Total splits: 336 Good splits: 321
Reward: 46546.3397299 Total splits: 335 Good splits: 316
Reward: 49762.6174698 Total splits: 346 Good splits: 314
Reward: 48720.6152592 Total splits: 335 Good splits: 310
Reward: 49586.3185839 Total splits: 319 Good splits: 300
Reward: 48530.1540097 Total splits: 333 Good splits: 309
Reward: 49020.2819026 Total splits: 343 Good splits: 327
Reward: 48829.1032543 Total splits: 350 Good splits: 318
Reward: 49047.9556035 Total splits: 339 Good splits: 321
Reward: 49031.0561881 Total splits: 340 Good splits: 321
Reward: 49094.1410519 Total splits: 332 Good splits: 308
Reward: 46925.6037156 Total splits: 348 Good splits: 315
Reward: 48975.0746779 Total splits: 310 Good splits: 293
Reward: 49060.4064456 Total splits: 350 Good splits: 325
Reward: 48762.100889 Total splits: 330 Good splits: 310
Reward: 50318.5587257 Total splits: 325 Good splits: 305
Reward: 48324.0954965 Total splits: 329 Good splits: 306
Reward: 47594.3376455 Total splits: 305 Good splits: 282
Reward: 48076.432351 Total splits: 355 Good splits: 332
Reward: 49517.7464664 Total splits: 312 Good splits: 291
Reward: 51227.9673461 Total splits: 319 Good splits: 297
Reward: 50529.8022781 Total splits: 326 Good splits: 307
Reward: 46627.3529781 Total splits: 307 Good splits: 292
Reward: 48439.1281493 Total splits: 334 Good splits: 312
Reward: 50480.3655437 Total splits: 339 Good splits: 314
Reward: 47356.0314049 Total splits: 336 Good splits: 317
Reward: 46210.0695918 Total splits: 343 Good splits: 321
Reward: 49788.7556059 Total splits: 314 Good splits: 306
Reward: 49406.4225594 Total splits: 339 Good splits: 321

Results after 100 tests
Average total rewards : 48703.4903204
Average total splits  : 330.88
Average good splits   : 309.87
Average good splits % : 93.6502659574

