Reward: 47828.4044905 Total splits: 322 Good splits: 310
Reward: 46813.2456305 Total splits: 322 Good splits: 296
Reward: 48748.0144838 Total splits: 341 Good splits: 316
Reward: 50379.0436843 Total splits: 314 Good splits: 288
Reward: 49686.4535619 Total splits: 347 Good splits: 324
Reward: 50181.9805812 Total splits: 327 Good splits: 297
Reward: 49690.981746 Total splits: 339 Good splits: 310
Reward: 45875.4549077 Total splits: 319 Good splits: 285
Reward: 43771.4963518 Total splits: 340 Good splits: 321
Reward: 48386.7990861 Total splits: 316 Good splits: 299
Reward: 49577.1614551 Total splits: 335 Good splits: 317
Reward: 48919.1102806 Total splits: 338 Good splits: 322
Reward: 47487.6464554 Total splits: 305 Good splits: 285
Reward: 46152.2549899 Total splits: 322 Good splits: 294
Reward: 50290.056354 Total splits: 342 Good splits: 317
Reward: 48427.8116318 Total splits: 314 Good splits: 293
Reward: 46672.8098405 Total splits: 319 Good splits: 307
Reward: 48758.3578269 Total splits: 324 Good splits: 297
Reward: 49588.9148129 Total splits: 328 Good splits: 310
Reward: 45519.5439308 Total splits: 317 Good splits: 304
Reward: 46077.1106793 Total splits: 320 Good splits: 299
Reward: 47242.0946645 Total splits: 334 Good splits: 308
Reward: 49899.4627068 Total splits: 324 Good splits: 306
Reward: 51072.7825163 Total splits: 334 Good splits: 311
Reward: 48530.8159857 Total splits: 301 Good splits: 287
Reward: 48867.4899962 Total splits: 323 Good splits: 295
Reward: 49340.0526541 Total splits: 328 Good splits: 315
Reward: 46311.7992751 Total splits: 335 Good splits: 310
Reward: 51274.4048731 Total splits: 335 Good splits: 317
Reward: 47152.9318687 Total splits: 320 Good splits: 298
Reward: 44841.530765 Total splits: 323 Good splits: 294
Reward: 48512.2674415 Total splits: 316 Good splits: 295
Reward: 40299.4266595 Total splits: 321 Good splits: 298
Reward: 49736.4939214 Total splits: 311 Good splits: 290
Reward: 48551.5687668 Total splits: 320 Good splits: 302
Reward: 47944.3570966 Total splits: 338 Good splits: 321
Reward: 49747.6218634 Total splits: 334 Good splits: 315
Reward: 48214.2761529 Total splits: 338 Good splits: 317
Reward: 49553.8760627 Total splits: 326 Good splits: 316
Reward: 49736.7435552 Total splits: 331 Good splits: 314
Reward: 48668.1968269 Total splits: 309 Good splits: 290
Reward: 49248.6274555 Total splits: 334 Good splits: 312
Reward: 46700.0444795 Total splits: 332 Good splits: 312
Reward: 48221.4269547 Total splits: 338 Good splits: 311
Reward: 45568.7348039 Total splits: 346 Good splits: 330
Reward: 50555.7865957 Total splits: 327 Good splits: 306
Reward: 48170.0155679 Total splits: 324 Good splits: 299
Reward: 48873.2890274 Total splits: 322 Good splits: 306
Reward: 43745.7691411 Total splits: 334 Good splits: 306
Reward: 47443.1294544 Total splits: 307 Good splits: 284
Reward: 45678.1524325 Total splits: 300 Good splits: 284
Reward: 46959.1556429 Total splits: 311 Good splits: 296
Reward: 48910.6424732 Total splits: 321 Good splits: 296
Reward: 47901.9509762 Total splits: 324 Good splits: 308
Reward: 49144.0608382 Total splits: 311 Good splits: 298
Reward: 45418.1209635 Total splits: 286 Good splits: 262
Reward: 49606.6299067 Total splits: 332 Good splits: 307
Reward: 49766.2452712 Total splits: 326 Good splits: 302
Reward: 47887.6836909 Total splits: 318 Good splits: 293
Reward: 50062.7905163 Total splits: 327 Good splits: 314
Reward: 48948.3439246 Total splits: 324 Good splits: 297
Reward: 51009.7144298 Total splits: 323 Good splits: 307
Reward: 47565.5939202 Total splits: 331 Good splits: 313
Reward: 47571.0761661 Total splits: 305 Good splits: 291
Reward: 50881.435498 Total splits: 322 Good splits: 305
Reward: 50258.0994326 Total splits: 324 Good splits: 305
Reward: 48445.3961565 Total splits: 323 Good splits: 311
Reward: 48807.9050307 Total splits: 330 Good splits: 310
Reward: 47684.4288172 Total splits: 320 Good splits: 293
Reward: 45422.8548305 Total splits: 328 Good splits: 298
Reward: 46162.2569037 Total splits: 325 Good splits: 307
Reward: 48821.2953081 Total splits: 321 Good splits: 308
Reward: 48591.6358363 Total splits: 350 Good splits: 320
Reward: 46512.047431 Total splits: 319 Good splits: 294
Reward: 46475.2238591 Total splits: 319 Good splits: 296
Reward: 45111.1488221 Total splits: 323 Good splits: 298
Reward: 48209.9041721 Total splits: 317 Good splits: 300
Reward: 50259.5739817 Total splits: 319 Good splits: 298
Reward: 50470.9119575 Total splits: 324 Good splits: 305
Reward: 48385.679236 Total splits: 322 Good splits: 313
Reward: 49441.2392734 Total splits: 318 Good splits: 302
Reward: 48504.932263 Total splits: 339 Good splits: 318
Reward: 48348.3026605 Total splits: 309 Good splits: 286
Reward: 51196.7970708 Total splits: 334 Good splits: 305
Reward: 45708.6896997 Total splits: 324 Good splits: 299
Reward: 46528.4105889 Total splits: 328 Good splits: 311
Reward: 48472.8304276 Total splits: 315 Good splits: 301
Reward: 48011.708722 Total splits: 303 Good splits: 286
Reward: 50042.3626652 Total splits: 328 Good splits: 309
Reward: 48675.829366 Total splits: 318 Good splits: 298
Reward: 45759.7742238 Total splits: 320 Good splits: 298
Reward: 47890.9857151 Total splits: 348 Good splits: 332
Reward: 48326.7572286 Total splits: 314 Good splits: 303
Reward: 49115.8922987 Total splits: 327 Good splits: 307
Reward: 49791.3941955 Total splits: 306 Good splits: 276
Reward: 48837.7144854 Total splits: 334 Good splits: 317
Reward: 48831.8216881 Total splits: 332 Good splits: 310
Reward: 47339.4432599 Total splits: 323 Good splits: 290
Reward: 47676.36002 Total splits: 328 Good splits: 296
Reward: 47389.7398571 Total splits: 318 Good splits: 292

Results after 100 tests
Average total rewards : 48156.7861405
Average total splits  : 324.07
Average good splits   : 303.21
Average good splits % : 93.5631190792

