Reward: 49587.415517 Total splits: 313 Good splits: 292
Reward: 47384.9733924 Total splits: 301 Good splits: 292
Reward: 49478.9239672 Total splits: 318 Good splits: 298
Reward: 47870.5803775 Total splits: 328 Good splits: 310
Reward: 49173.0909558 Total splits: 310 Good splits: 290
Reward: 49329.4801833 Total splits: 312 Good splits: 290
Reward: 45365.069537 Total splits: 317 Good splits: 301
Reward: 48017.363777 Total splits: 334 Good splits: 317
Reward: 46078.551999 Total splits: 316 Good splits: 294
Reward: 50535.4766678 Total splits: 329 Good splits: 312
Reward: 47858.4449195 Total splits: 326 Good splits: 310
Reward: 49249.3380529 Total splits: 299 Good splits: 281
Reward: 50876.3541404 Total splits: 341 Good splits: 318
Reward: 49228.257121 Total splits: 311 Good splits: 295
Reward: 45079.0758195 Total splits: 298 Good splits: 280
Reward: 47029.273062 Total splits: 320 Good splits: 297
Reward: 49549.9709159 Total splits: 325 Good splits: 306
Reward: 48103.0834363 Total splits: 302 Good splits: 284
Reward: 50334.5431468 Total splits: 344 Good splits: 327
Reward: 49584.4831448 Total splits: 315 Good splits: 298
Reward: 48306.5739801 Total splits: 322 Good splits: 301
Reward: 48193.5551087 Total splits: 327 Good splits: 314
Reward: 42671.2028678 Total splits: 328 Good splits: 311
Reward: 47588.3777144 Total splits: 329 Good splits: 296
Reward: 48390.839864 Total splits: 311 Good splits: 286
Reward: 46740.7111774 Total splits: 333 Good splits: 307
Reward: 49894.8987074 Total splits: 317 Good splits: 290
Reward: 50381.9366576 Total splits: 311 Good splits: 295
Reward: 46773.4826623 Total splits: 299 Good splits: 275
Reward: 49028.3496978 Total splits: 294 Good splits: 281
Reward: 50977.6919572 Total splits: 311 Good splits: 289
Reward: 45410.2238819 Total splits: 315 Good splits: 294
Reward: 45438.276155 Total splits: 315 Good splits: 289
Reward: 46654.6272792 Total splits: 315 Good splits: 301
Reward: 44714.9954263 Total splits: 317 Good splits: 294
Reward: 50115.3613166 Total splits: 325 Good splits: 306
Reward: 50176.2441882 Total splits: 316 Good splits: 304
Reward: 50357.8475159 Total splits: 314 Good splits: 300
Reward: 49417.5360735 Total splits: 328 Good splits: 316
Reward: 46070.4024026 Total splits: 313 Good splits: 293
Reward: 49886.4502606 Total splits: 307 Good splits: 294
Reward: 46489.8888174 Total splits: 320 Good splits: 299
Reward: 47369.9505031 Total splits: 305 Good splits: 289
Reward: 50960.6080295 Total splits: 330 Good splits: 310
Reward: 45543.3207694 Total splits: 298 Good splits: 289
Reward: 49683.4638683 Total splits: 325 Good splits: 306
Reward: 50767.6082357 Total splits: 322 Good splits: 306
Reward: 49486.4017233 Total splits: 314 Good splits: 286
Reward: 46377.1507801 Total splits: 310 Good splits: 290
Reward: 48938.8361077 Total splits: 325 Good splits: 308
Reward: 47510.5054425 Total splits: 308 Good splits: 296
Reward: 46300.5120173 Total splits: 328 Good splits: 306
Reward: 49854.7216553 Total splits: 315 Good splits: 300
Reward: 50630.0567547 Total splits: 310 Good splits: 300
Reward: 46432.3796308 Total splits: 310 Good splits: 289
Reward: 48579.6186901 Total splits: 331 Good splits: 302
Reward: 48573.1573962 Total splits: 323 Good splits: 304
Reward: 46014.7650997 Total splits: 298 Good splits: 280
Reward: 47699.9322688 Total splits: 324 Good splits: 312
Reward: 49262.7717646 Total splits: 327 Good splits: 310
Reward: 49370.4638255 Total splits: 321 Good splits: 301
Reward: 48740.2790924 Total splits: 323 Good splits: 301
Reward: 44833.0391495 Total splits: 301 Good splits: 270
Reward: 47391.7791247 Total splits: 303 Good splits: 281
Reward: 41447.6697681 Total splits: 311 Good splits: 289
Reward: 47964.7194011 Total splits: 307 Good splits: 281
Reward: 49708.8406829 Total splits: 326 Good splits: 311
Reward: 47009.441263 Total splits: 315 Good splits: 295
Reward: 47417.9037331 Total splits: 289 Good splits: 273
Reward: 48073.2368369 Total splits: 319 Good splits: 297
Reward: 49962.9819376 Total splits: 320 Good splits: 306
Reward: 48961.1253491 Total splits: 304 Good splits: 287
Reward: 50029.32541 Total splits: 317 Good splits: 303
Reward: 46943.9550889 Total splits: 321 Good splits: 301
Reward: 45846.4875149 Total splits: 289 Good splits: 259
Reward: 48366.3203315 Total splits: 309 Good splits: 291
Reward: 49094.8193024 Total splits: 317 Good splits: 297
Reward: 48430.1757373 Total splits: 320 Good splits: 295
Reward: 50265.707566 Total splits: 332 Good splits: 311
Reward: 47501.6160626 Total splits: 324 Good splits: 302
Reward: 50200.5226438 Total splits: 312 Good splits: 290
Reward: 47521.1156372 Total splits: 314 Good splits: 298
Reward: 50473.8332963 Total splits: 321 Good splits: 305
Reward: 46416.2229404 Total splits: 302 Good splits: 287
Reward: 46399.3557758 Total splits: 310 Good splits: 290
Reward: 51169.7662127 Total splits: 333 Good splits: 317
Reward: 48109.5276355 Total splits: 315 Good splits: 296
Reward: 49202.3949927 Total splits: 315 Good splits: 298
Reward: 45875.1106248 Total splits: 330 Good splits: 312
Reward: 49075.5110607 Total splits: 315 Good splits: 300
Reward: 48491.1267621 Total splits: 327 Good splits: 304
Reward: 48674.9596034 Total splits: 309 Good splits: 290
Reward: 46614.9642272 Total splits: 306 Good splits: 289
Reward: 49230.4858191 Total splits: 312 Good splits: 290
Reward: 50133.9807463 Total splits: 328 Good splits: 306
Reward: 44130.3432581 Total splits: 330 Good splits: 311
Reward: 48579.8570044 Total splits: 321 Good splits: 307
Reward: 47157.6667198 Total splits: 317 Good splits: 301
Reward: 48787.0585073 Total splits: 319 Good splits: 292
Reward: 51384.1426477 Total splits: 336 Good splits: 321

Results after 100 tests
Average total rewards : 48183.6681788
Average total splits  : 316.69
Average good splits   : 297.65
Average good splits % : 93.9878114244

