Reward: 49024.0857015 Total splits: 290 Good splits: 278
Reward: 48397.5562386 Total splits: 299 Good splits: 276
Reward: 49025.5191458 Total splits: 314 Good splits: 296
Reward: 47162.6988536 Total splits: 297 Good splits: 274
Reward: 49554.1622588 Total splits: 289 Good splits: 274
Reward: 44685.6967117 Total splits: 309 Good splits: 300
Reward: 47493.8842463 Total splits: 317 Good splits: 297
Reward: 44896.4554236 Total splits: 298 Good splits: 281
Reward: 45581.9141589 Total splits: 292 Good splits: 280
Reward: 45933.9139904 Total splits: 301 Good splits: 290
Reward: 47413.8867211 Total splits: 288 Good splits: 278
Reward: 42731.4083261 Total splits: 286 Good splits: 260
Reward: 44742.8152323 Total splits: 283 Good splits: 266
Reward: 45088.0745657 Total splits: 319 Good splits: 299
Reward: 45836.8879872 Total splits: 290 Good splits: 274
Reward: 47729.8917057 Total splits: 291 Good splits: 273
Reward: 47851.2776031 Total splits: 298 Good splits: 279
Reward: 49496.0856755 Total splits: 317 Good splits: 305
Reward: 44889.0753613 Total splits: 317 Good splits: 301
Reward: 49055.6758912 Total splits: 302 Good splits: 288
Reward: 50340.8603153 Total splits: 314 Good splits: 305
Reward: 47962.4748599 Total splits: 316 Good splits: 295
Reward: 44005.2333086 Total splits: 305 Good splits: 280
Reward: 46479.8930106 Total splits: 311 Good splits: 285
Reward: 47900.3614235 Total splits: 307 Good splits: 297
Reward: 47852.1611309 Total splits: 324 Good splits: 303
Reward: 46946.9830275 Total splits: 292 Good splits: 282
Reward: 43365.1187569 Total splits: 287 Good splits: 271
Reward: 47405.1860446 Total splits: 291 Good splits: 274
Reward: 44114.3993491 Total splits: 289 Good splits: 272
Reward: 50164.0598076 Total splits: 303 Good splits: 291
Reward: 48622.9124713 Total splits: 303 Good splits: 295
Reward: 47304.4242213 Total splits: 307 Good splits: 295
Reward: 46544.2039974 Total splits: 308 Good splits: 292
Reward: 45361.4990122 Total splits: 292 Good splits: 277
Reward: 50241.8555431 Total splits: 313 Good splits: 300
Reward: 46752.1489366 Total splits: 292 Good splits: 280
Reward: 45456.960966 Total splits: 296 Good splits: 282
Reward: 46396.5053709 Total splits: 295 Good splits: 272
Reward: 48100.2218357 Total splits: 301 Good splits: 288
Reward: 46848.0888022 Total splits: 293 Good splits: 272
Reward: 44420.5768268 Total splits: 291 Good splits: 278
Reward: 49890.9711259 Total splits: 319 Good splits: 300
Reward: 45793.7725225 Total splits: 281 Good splits: 272
Reward: 47696.9824839 Total splits: 303 Good splits: 288
Reward: 47943.447636 Total splits: 305 Good splits: 278
Reward: 49501.2498263 Total splits: 309 Good splits: 302
Reward: 48624.9919353 Total splits: 304 Good splits: 289
Reward: 46813.1860215 Total splits: 284 Good splits: 262
Reward: 47120.1994782 Total splits: 293 Good splits: 275
Reward: 45990.0972747 Total splits: 284 Good splits: 267
Reward: 44098.112462 Total splits: 298 Good splits: 277
Reward: 46406.1134742 Total splits: 311 Good splits: 294
Reward: 48993.9103063 Total splits: 319 Good splits: 299
Reward: 46626.7214298 Total splits: 301 Good splits: 291
Reward: 44482.8201845 Total splits: 284 Good splits: 265
Reward: 45553.3622303 Total splits: 306 Good splits: 296
Reward: 46521.7291907 Total splits: 302 Good splits: 284
Reward: 48873.3325648 Total splits: 302 Good splits: 281
Reward: 49498.76438 Total splits: 299 Good splits: 287
Reward: 46964.0029116 Total splits: 306 Good splits: 294
Reward: 44956.6688871 Total splits: 281 Good splits: 264
Reward: 47988.1843638 Total splits: 285 Good splits: 262
Reward: 46730.8553632 Total splits: 299 Good splits: 288
Reward: 49292.3500654 Total splits: 304 Good splits: 290
Reward: 48437.8160375 Total splits: 312 Good splits: 291
Reward: 48632.1712117 Total splits: 293 Good splits: 284
Reward: 49480.681862 Total splits: 308 Good splits: 291
Reward: 45256.7261903 Total splits: 304 Good splits: 297
Reward: 43964.8598718 Total splits: 300 Good splits: 270
Reward: 41173.2834022 Total splits: 315 Good splits: 300
Reward: 50840.4269529 Total splits: 313 Good splits: 303
Reward: 48606.886767 Total splits: 284 Good splits: 274
Reward: 48710.7209004 Total splits: 296 Good splits: 275
Reward: 43857.5580655 Total splits: 282 Good splits: 263
Reward: 45217.5529993 Total splits: 302 Good splits: 289
Reward: 44431.9660084 Total splits: 321 Good splits: 312
Reward: 48802.5029809 Total splits: 312 Good splits: 298
Reward: 46358.3691505 Total splits: 286 Good splits: 267
Reward: 48517.7396569 Total splits: 296 Good splits: 278
Reward: 47821.4014268 Total splits: 304 Good splits: 283
Reward: 49002.384971 Total splits: 293 Good splits: 287
Reward: 49371.539246 Total splits: 317 Good splits: 301
Reward: 45703.9304485 Total splits: 298 Good splits: 284
Reward: 47476.5632803 Total splits: 302 Good splits: 295
Reward: 46770.7972886 Total splits: 301 Good splits: 293
Reward: 46672.4231113 Total splits: 292 Good splits: 281
Reward: 47185.6173784 Total splits: 296 Good splits: 278
Reward: 43236.9355195 Total splits: 288 Good splits: 269
Reward: 45865.6142938 Total splits: 284 Good splits: 268
Reward: 47446.9512388 Total splits: 305 Good splits: 297
Reward: 46110.5814322 Total splits: 296 Good splits: 284
Reward: 46155.6024439 Total splits: 293 Good splits: 275
Reward: 42150.2055107 Total splits: 284 Good splits: 272
Reward: 47651.4615507 Total splits: 293 Good splits: 285
Reward: 47107.4350908 Total splits: 300 Good splits: 284
Reward: 47542.3702848 Total splits: 309 Good splits: 291
Reward: 48902.2092192 Total splits: 309 Good splits: 288
Reward: 49796.5366312 Total splits: 324 Good splits: 310
Reward: 45276.4924157 Total splits: 317 Good splits: 306

Results after 100 tests
Average total rewards : 46950.7523577
Average total splits  : 300.35
Average good splits   : 284.83
Average good splits % : 94.8326951889

