Reward: 48917.4422335 Total splits: 356 Good splits: 336
Reward: 48431.9553907 Total splits: 369 Good splits: 338
Reward: 50018.1654655 Total splits: 370 Good splits: 347
Reward: 51473.6284641 Total splits: 364 Good splits: 347
Reward: 49072.9520532 Total splits: 345 Good splits: 327
Reward: 46369.0952298 Total splits: 381 Good splits: 359
Reward: 48312.4671508 Total splits: 375 Good splits: 350
Reward: 48940.1244944 Total splits: 375 Good splits: 343
Reward: 49932.8834474 Total splits: 376 Good splits: 346
Reward: 51130.6936417 Total splits: 375 Good splits: 348
Reward: 46483.1882898 Total splits: 356 Good splits: 327
Reward: 50418.1155086 Total splits: 380 Good splits: 357
Reward: 48786.4123955 Total splits: 378 Good splits: 356
Reward: 50021.0573321 Total splits: 345 Good splits: 319
Reward: 47653.8016564 Total splits: 370 Good splits: 350
Reward: 49678.8606518 Total splits: 370 Good splits: 332
Reward: 47997.3919746 Total splits: 364 Good splits: 334
Reward: 48697.3436406 Total splits: 390 Good splits: 366
Reward: 47603.7515673 Total splits: 366 Good splits: 333
Reward: 50248.3951577 Total splits: 378 Good splits: 354
Reward: 49306.1048272 Total splits: 368 Good splits: 346
Reward: 50727.8117465 Total splits: 388 Good splits: 360
Reward: 48344.4084133 Total splits: 381 Good splits: 356
Reward: 48749.3881131 Total splits: 359 Good splits: 331
Reward: 49901.3227658 Total splits: 360 Good splits: 336
Reward: 50122.9803007 Total splits: 360 Good splits: 338
Reward: 47800.2953651 Total splits: 370 Good splits: 349
Reward: 48648.7665476 Total splits: 352 Good splits: 331
Reward: 48653.1259232 Total splits: 350 Good splits: 326
Reward: 47004.9021546 Total splits: 375 Good splits: 347
Reward: 48739.1416232 Total splits: 363 Good splits: 346
Reward: 43749.7897779 Total splits: 379 Good splits: 353
Reward: 49102.4000152 Total splits: 369 Good splits: 346
Reward: 49930.9471416 Total splits: 361 Good splits: 331
Reward: 48925.9439524 Total splits: 350 Good splits: 326
Reward: 49643.4906867 Total splits: 326 Good splits: 301
Reward: 50912.8329005 Total splits: 379 Good splits: 355
Reward: 49091.5966711 Total splits: 348 Good splits: 323
Reward: 49404.4478534 Total splits: 356 Good splits: 333
Reward: 48083.058579 Total splits: 351 Good splits: 330
Reward: 47626.5594441 Total splits: 381 Good splits: 343
Reward: 49142.330377 Total splits: 377 Good splits: 358
Reward: 50250.4530153 Total splits: 346 Good splits: 323
Reward: 51094.8300973 Total splits: 378 Good splits: 356
Reward: 49510.9754908 Total splits: 367 Good splits: 346
Reward: 50758.2362526 Total splits: 342 Good splits: 316
Reward: 48985.9032305 Total splits: 332 Good splits: 315
Reward: 49836.6902688 Total splits: 332 Good splits: 310
Reward: 47013.7579772 Total splits: 379 Good splits: 348
Reward: 50542.4615875 Total splits: 349 Good splits: 329
Reward: 50726.4232056 Total splits: 343 Good splits: 327
Reward: 51228.7618607 Total splits: 352 Good splits: 317
Reward: 49882.257944 Total splits: 359 Good splits: 333
Reward: 50604.9264162 Total splits: 376 Good splits: 347
Reward: 50310.803544 Total splits: 385 Good splits: 366
Reward: 49899.864293 Total splits: 390 Good splits: 360
Reward: 50590.5182387 Total splits: 365 Good splits: 337
Reward: 48647.313649 Total splits: 359 Good splits: 342
Reward: 47122.6785408 Total splits: 394 Good splits: 381
Reward: 48458.4893569 Total splits: 361 Good splits: 336
Reward: 49880.8588094 Total splits: 367 Good splits: 345
Reward: 48741.2167053 Total splits: 365 Good splits: 338
Reward: 50533.2946382 Total splits: 350 Good splits: 325
Reward: 48996.8746353 Total splits: 342 Good splits: 314
Reward: 50304.964236 Total splits: 360 Good splits: 344
Reward: 48145.5277765 Total splits: 360 Good splits: 332
Reward: 48895.7689691 Total splits: 370 Good splits: 339
Reward: 49217.4057745 Total splits: 374 Good splits: 350
Reward: 48990.629439 Total splits: 398 Good splits: 376
Reward: 49682.6134489 Total splits: 389 Good splits: 369
Reward: 45191.5847158 Total splits: 369 Good splits: 344
Reward: 49517.4099482 Total splits: 350 Good splits: 327
Reward: 46643.8500441 Total splits: 363 Good splits: 341
Reward: 50385.5788754 Total splits: 384 Good splits: 365
Reward: 49333.9956469 Total splits: 366 Good splits: 334
Reward: 49457.797478 Total splits: 378 Good splits: 348
Reward: 49462.3154866 Total splits: 346 Good splits: 326
Reward: 50423.8027215 Total splits: 376 Good splits: 360
Reward: 49095.2014403 Total splits: 338 Good splits: 321
Reward: 49359.7326359 Total splits: 379 Good splits: 356
Reward: 48546.4767649 Total splits: 375 Good splits: 334
Reward: 47715.4651416 Total splits: 350 Good splits: 323
Reward: 47471.8257468 Total splits: 350 Good splits: 331
Reward: 48124.4931825 Total splits: 361 Good splits: 335
Reward: 43627.5697816 Total splits: 380 Good splits: 354
Reward: 48680.2239042 Total splits: 348 Good splits: 323
Reward: 46800.7269395 Total splits: 335 Good splits: 314
Reward: 49666.6529817 Total splits: 347 Good splits: 328
Reward: 48699.4168482 Total splits: 368 Good splits: 350
Reward: 48387.4749419 Total splits: 335 Good splits: 310
Reward: 47591.8600402 Total splits: 380 Good splits: 358
Reward: 50320.2558075 Total splits: 370 Good splits: 350
Reward: 51044.8712984 Total splits: 370 Good splits: 348
Reward: 48157.3282979 Total splits: 366 Good splits: 340
Reward: 50820.5178217 Total splits: 361 Good splits: 338
Reward: 42907.2107908 Total splits: 373 Good splits: 349
Reward: 46224.0567811 Total splits: 376 Good splits: 358
Reward: 49687.7179343 Total splits: 320 Good splits: 300
Reward: 46622.8292273 Total splits: 359 Good splits: 337
Reward: 47018.8541436 Total splits: 377 Good splits: 354

Results after 100 tests
Average total rewards : 48896.4096769
Average total splits  : 364.2
Average good splits   : 340.11
Average good splits % : 93.3855024712

