Reward: 49521.0523651 Total splits: 358 Good splits: 330
Reward: 45063.1506442 Total splits: 365 Good splits: 342
Reward: 49488.0821684 Total splits: 364 Good splits: 340
Reward: 50643.2201101 Total splits: 390 Good splits: 371
Reward: 50819.0803178 Total splits: 355 Good splits: 330
Reward: 47903.9239551 Total splits: 375 Good splits: 350
Reward: 50035.5574051 Total splits: 356 Good splits: 336
Reward: 49328.7960128 Total splits: 353 Good splits: 330
Reward: 46875.8816219 Total splits: 351 Good splits: 324
Reward: 49993.3261399 Total splits: 364 Good splits: 349
Reward: 44738.6573541 Total splits: 363 Good splits: 339
Reward: 44901.6584284 Total splits: 371 Good splits: 353
Reward: 50133.9323545 Total splits: 378 Good splits: 341
Reward: 50278.4647987 Total splits: 362 Good splits: 335
Reward: 46853.8083454 Total splits: 352 Good splits: 338
Reward: 51275.8056836 Total splits: 394 Good splits: 366
Reward: 48292.0771373 Total splits: 365 Good splits: 350
Reward: 51175.5075684 Total splits: 336 Good splits: 313
Reward: 49793.5526082 Total splits: 364 Good splits: 344
Reward: 48999.6289037 Total splits: 347 Good splits: 325
Reward: 50849.3317685 Total splits: 374 Good splits: 339
Reward: 49534.6168417 Total splits: 354 Good splits: 326
Reward: 49508.976994 Total splits: 369 Good splits: 337
Reward: 50345.9115869 Total splits: 344 Good splits: 326
Reward: 48664.5337033 Total splits: 354 Good splits: 335
Reward: 49851.3197766 Total splits: 367 Good splits: 340
Reward: 50492.8472415 Total splits: 332 Good splits: 307
Reward: 50170.7171382 Total splits: 365 Good splits: 336
Reward: 49129.5636167 Total splits: 347 Good splits: 330
Reward: 47154.8022388 Total splits: 353 Good splits: 327
Reward: 49193.3122585 Total splits: 342 Good splits: 318
Reward: 48025.7610354 Total splits: 341 Good splits: 316
Reward: 50068.298681 Total splits: 354 Good splits: 329
Reward: 49180.0764429 Total splits: 332 Good splits: 319
Reward: 49625.2661909 Total splits: 356 Good splits: 338
Reward: 48622.1496644 Total splits: 339 Good splits: 324
Reward: 46470.6013843 Total splits: 353 Good splits: 326
Reward: 48872.3270864 Total splits: 370 Good splits: 341
Reward: 49698.2456846 Total splits: 377 Good splits: 351
Reward: 47854.9218668 Total splits: 338 Good splits: 317
Reward: 46786.0755174 Total splits: 348 Good splits: 322
Reward: 48349.8776786 Total splits: 365 Good splits: 336
Reward: 48706.1852568 Total splits: 346 Good splits: 311
Reward: 48542.0769551 Total splits: 375 Good splits: 348
Reward: 50797.7448934 Total splits: 383 Good splits: 357
Reward: 50204.118687 Total splits: 350 Good splits: 314
Reward: 48221.7803909 Total splits: 342 Good splits: 315
Reward: 48910.2910291 Total splits: 360 Good splits: 329
Reward: 50106.1234401 Total splits: 381 Good splits: 370
Reward: 49931.741295 Total splits: 361 Good splits: 339
Reward: 51380.1322294 Total splits: 341 Good splits: 319
Reward: 47834.1620592 Total splits: 363 Good splits: 342
Reward: 49651.6302558 Total splits: 345 Good splits: 320
Reward: 50298.1228373 Total splits: 349 Good splits: 323
Reward: 50899.5927641 Total splits: 348 Good splits: 321
Reward: 49526.2897479 Total splits: 357 Good splits: 335
Reward: 49666.8115237 Total splits: 347 Good splits: 321
Reward: 47354.0083598 Total splits: 360 Good splits: 336
Reward: 45863.3297522 Total splits: 333 Good splits: 316
Reward: 50625.3749037 Total splits: 354 Good splits: 332
Reward: 50362.7173239 Total splits: 375 Good splits: 358
Reward: 50615.640374 Total splits: 357 Good splits: 339
Reward: 49701.0509506 Total splits: 353 Good splits: 324
Reward: 49584.5531421 Total splits: 360 Good splits: 328
Reward: 51104.0540808 Total splits: 334 Good splits: 309
Reward: 51607.1516612 Total splits: 349 Good splits: 328
Reward: 49624.6659909 Total splits: 350 Good splits: 334
Reward: 49527.9517841 Total splits: 343 Good splits: 319
Reward: 49894.340742 Total splits: 382 Good splits: 362
Reward: 48799.7306084 Total splits: 326 Good splits: 301
Reward: 47760.1521794 Total splits: 333 Good splits: 315
Reward: 48235.6468684 Total splits: 366 Good splits: 332
Reward: 49747.7755471 Total splits: 364 Good splits: 347
Reward: 47141.5435928 Total splits: 336 Good splits: 311
Reward: 51242.2340998 Total splits: 364 Good splits: 347
Reward: 46051.9271362 Total splits: 343 Good splits: 321
Reward: 49290.1679698 Total splits: 362 Good splits: 325
Reward: 48918.3513056 Total splits: 349 Good splits: 321
Reward: 49159.4753174 Total splits: 361 Good splits: 332
Reward: 51374.7156828 Total splits: 337 Good splits: 320
Reward: 49921.9391113 Total splits: 355 Good splits: 337
Reward: 49695.5381293 Total splits: 363 Good splits: 342
Reward: 48750.6799357 Total splits: 351 Good splits: 327
Reward: 49328.8829036 Total splits: 351 Good splits: 320
Reward: 51665.6583042 Total splits: 376 Good splits: 352
Reward: 50412.2935432 Total splits: 345 Good splits: 320
Reward: 49867.0090064 Total splits: 343 Good splits: 322
Reward: 45165.5978533 Total splits: 364 Good splits: 344
Reward: 50002.7004688 Total splits: 348 Good splits: 318
Reward: 46912.2202795 Total splits: 359 Good splits: 339
Reward: 49126.4226558 Total splits: 366 Good splits: 338
Reward: 51423.6914304 Total splits: 350 Good splits: 328
Reward: 48483.832975 Total splits: 368 Good splits: 352
Reward: 50181.865944 Total splits: 334 Good splits: 313
Reward: 50290.5629349 Total splits: 349 Good splits: 324
Reward: 50286.0620008 Total splits: 368 Good splits: 333
Reward: 49762.3733223 Total splits: 340 Good splits: 318
Reward: 49348.3156548 Total splits: 367 Good splits: 344
Reward: 50825.4957807 Total splits: 341 Good splits: 317
Reward: 49280.498771 Total splits: 338 Good splits: 324

Results after 100 tests
Average total rewards : 49235.5970206
Average total splits  : 355.52
Average good splits   : 331.79
Average good splits % : 93.325270027

