Reward: 45993.5281044 Total splits: 312 Good splits: 295
Reward: 47956.3373432 Total splits: 330 Good splits: 315
Reward: 47784.8773645 Total splits: 339 Good splits: 316
Reward: 48581.6757247 Total splits: 330 Good splits: 303
Reward: 47370.5325606 Total splits: 331 Good splits: 311
Reward: 45911.3322047 Total splits: 334 Good splits: 321
Reward: 49837.8972194 Total splits: 309 Good splits: 288
Reward: 47051.0596872 Total splits: 341 Good splits: 319
Reward: 49227.5651426 Total splits: 331 Good splits: 313
Reward: 50021.8232111 Total splits: 344 Good splits: 327
Reward: 47342.6554793 Total splits: 336 Good splits: 321
Reward: 47287.0734703 Total splits: 313 Good splits: 293
Reward: 48420.4799917 Total splits: 316 Good splits: 292
Reward: 49684.4499937 Total splits: 335 Good splits: 313
Reward: 48517.2359584 Total splits: 327 Good splits: 307
Reward: 49369.3946241 Total splits: 335 Good splits: 316
Reward: 48497.6129417 Total splits: 336 Good splits: 320
Reward: 48174.3047906 Total splits: 331 Good splits: 315
Reward: 49084.2404347 Total splits: 348 Good splits: 334
Reward: 49934.8337511 Total splits: 329 Good splits: 313
Reward: 47217.7183347 Total splits: 345 Good splits: 329
Reward: 50344.0307657 Total splits: 323 Good splits: 300
Reward: 47151.0069074 Total splits: 340 Good splits: 322
Reward: 49090.8856843 Total splits: 347 Good splits: 321
Reward: 46352.1694691 Total splits: 330 Good splits: 311
Reward: 48900.5232387 Total splits: 337 Good splits: 319
Reward: 47862.5557613 Total splits: 331 Good splits: 316
Reward: 48502.406166 Total splits: 344 Good splits: 326
Reward: 49716.8460791 Total splits: 343 Good splits: 319
Reward: 46751.866139 Total splits: 338 Good splits: 320
Reward: 48782.8419671 Total splits: 346 Good splits: 324
Reward: 46684.0068778 Total splits: 335 Good splits: 316
Reward: 48918.2673078 Total splits: 339 Good splits: 317
Reward: 46980.2640347 Total splits: 308 Good splits: 285
Reward: 49109.625184 Total splits: 335 Good splits: 320
Reward: 48461.7823991 Total splits: 323 Good splits: 305
Reward: 49036.0431006 Total splits: 320 Good splits: 302
Reward: 48657.132925 Total splits: 317 Good splits: 298
Reward: 47393.0859681 Total splits: 327 Good splits: 307
Reward: 49255.3259597 Total splits: 342 Good splits: 328
Reward: 50629.9992482 Total splits: 344 Good splits: 325
Reward: 50943.0104397 Total splits: 332 Good splits: 317
Reward: 48717.0709185 Total splits: 326 Good splits: 301
Reward: 49988.3310494 Total splits: 336 Good splits: 317
Reward: 50373.269736 Total splits: 323 Good splits: 307
Reward: 48815.4609149 Total splits: 340 Good splits: 320
Reward: 47120.2153795 Total splits: 328 Good splits: 310
Reward: 45320.3007174 Total splits: 329 Good splits: 304
Reward: 50544.5442141 Total splits: 340 Good splits: 320
Reward: 47890.2263597 Total splits: 322 Good splits: 296
Reward: 46223.945783 Total splits: 328 Good splits: 313
Reward: 49434.5673563 Total splits: 326 Good splits: 302
Reward: 49408.9794039 Total splits: 339 Good splits: 323
Reward: 47227.8826544 Total splits: 326 Good splits: 308
Reward: 43961.7974989 Total splits: 320 Good splits: 302
Reward: 49191.573432 Total splits: 330 Good splits: 317
Reward: 48233.1441922 Total splits: 330 Good splits: 308
Reward: 49964.3644544 Total splits: 336 Good splits: 319
Reward: 47875.0815427 Total splits: 325 Good splits: 306
Reward: 47353.9365616 Total splits: 329 Good splits: 313
Reward: 49455.9272402 Total splits: 328 Good splits: 303
Reward: 47607.1543246 Total splits: 333 Good splits: 321
Reward: 48606.2688199 Total splits: 315 Good splits: 299
Reward: 49326.6522649 Total splits: 337 Good splits: 318
Reward: 47188.3968845 Total splits: 314 Good splits: 302
Reward: 47466.5768741 Total splits: 317 Good splits: 306
Reward: 47043.3078455 Total splits: 318 Good splits: 305
Reward: 48016.1101188 Total splits: 331 Good splits: 300
Reward: 46168.5023708 Total splits: 321 Good splits: 306
Reward: 49554.2499982 Total splits: 335 Good splits: 313
Reward: 50261.889543 Total splits: 329 Good splits: 312
Reward: 48147.3058993 Total splits: 334 Good splits: 317
Reward: 47264.1225201 Total splits: 291 Good splits: 264
Reward: 47783.4139024 Total splits: 322 Good splits: 298
Reward: 47475.4265223 Total splits: 329 Good splits: 317
Reward: 46932.7267854 Total splits: 344 Good splits: 331
Reward: 49458.6505568 Total splits: 323 Good splits: 307
Reward: 49409.360353 Total splits: 316 Good splits: 295
Reward: 50161.6410572 Total splits: 332 Good splits: 316
Reward: 49368.8850552 Total splits: 345 Good splits: 329
Reward: 45655.1279499 Total splits: 324 Good splits: 310
Reward: 47193.2496888 Total splits: 329 Good splits: 308
Reward: 50277.0559967 Total splits: 330 Good splits: 317
Reward: 48264.6628562 Total splits: 324 Good splits: 309
Reward: 50764.8541846 Total splits: 309 Good splits: 291
Reward: 49543.4286846 Total splits: 321 Good splits: 295
Reward: 45578.5222716 Total splits: 333 Good splits: 319
Reward: 48490.4623413 Total splits: 335 Good splits: 311
Reward: 45932.9141068 Total splits: 319 Good splits: 303
Reward: 42028.2786244 Total splits: 334 Good splits: 310
Reward: 47304.779098 Total splits: 327 Good splits: 307
Reward: 46957.0430042 Total splits: 352 Good splits: 337
Reward: 51188.5859699 Total splits: 353 Good splits: 338
Reward: 47615.3203039 Total splits: 328 Good splits: 311
Reward: 47929.1109389 Total splits: 340 Good splits: 323
Reward: 48015.5607384 Total splits: 302 Good splits: 277
Reward: 46755.2348014 Total splits: 321 Good splits: 299
Reward: 44085.8862275 Total splits: 309 Good splits: 287
Reward: 49988.0290502 Total splits: 319 Good splits: 298
Reward: 47950.9095786 Total splits: 326 Good splits: 301

Results after 100 tests
Average total rewards : 48186.5058148
Average total splits  : 329.35
Average good splits   : 310.55
Average good splits % : 94.2917868529

