Reward: 42685.7966905 Total splits: 340 Good splits: 318
Reward: 51082.7652028 Total splits: 344 Good splits: 330
Reward: 49422.9449601 Total splits: 359 Good splits: 337
Reward: 49378.5751594 Total splits: 355 Good splits: 332
Reward: 49626.7196574 Total splits: 344 Good splits: 313
Reward: 51048.1824703 Total splits: 337 Good splits: 318
Reward: 48709.4236241 Total splits: 339 Good splits: 315
Reward: 45883.619804 Total splits: 351 Good splits: 331
Reward: 49021.8952573 Total splits: 360 Good splits: 343
Reward: 45450.891334 Total splits: 356 Good splits: 332
Reward: 50211.6222358 Total splits: 368 Good splits: 330
Reward: 49532.4107657 Total splits: 356 Good splits: 336
Reward: 47791.041097 Total splits: 356 Good splits: 329
Reward: 51501.6025815 Total splits: 360 Good splits: 338
Reward: 45655.0814711 Total splits: 365 Good splits: 344
Reward: 47256.405498 Total splits: 337 Good splits: 310
Reward: 50124.8358129 Total splits: 331 Good splits: 302
Reward: 51215.5206908 Total splits: 349 Good splits: 326
Reward: 50099.124073 Total splits: 356 Good splits: 334
Reward: 49337.0437614 Total splits: 351 Good splits: 321
Reward: 48621.5420437 Total splits: 362 Good splits: 350
Reward: 48102.8489227 Total splits: 315 Good splits: 287
Reward: 49849.7534593 Total splits: 337 Good splits: 314
Reward: 49008.3782236 Total splits: 354 Good splits: 333
Reward: 49152.0659772 Total splits: 337 Good splits: 312
Reward: 50142.7575281 Total splits: 349 Good splits: 328
Reward: 48128.7700067 Total splits: 311 Good splits: 287
Reward: 49594.6134344 Total splits: 335 Good splits: 308
Reward: 46864.6512281 Total splits: 366 Good splits: 332
Reward: 47841.5111354 Total splits: 376 Good splits: 347
Reward: 49987.5066676 Total splits: 349 Good splits: 330
Reward: 46669.2235047 Total splits: 337 Good splits: 321
Reward: 45383.6156953 Total splits: 362 Good splits: 343
Reward: 48467.2756937 Total splits: 340 Good splits: 318
Reward: 48439.6910191 Total splits: 341 Good splits: 331
Reward: 48461.4016109 Total splits: 331 Good splits: 312
Reward: 50092.1534708 Total splits: 366 Good splits: 340
Reward: 49301.5511884 Total splits: 352 Good splits: 329
Reward: 49381.8618134 Total splits: 377 Good splits: 347
Reward: 46777.9378088 Total splits: 345 Good splits: 326
Reward: 50616.1949117 Total splits: 364 Good splits: 337
Reward: 47729.5452002 Total splits: 345 Good splits: 332
Reward: 48732.090963 Total splits: 321 Good splits: 297
Reward: 49886.7585789 Total splits: 360 Good splits: 332
Reward: 44881.1374252 Total splits: 347 Good splits: 325
Reward: 45977.1921399 Total splits: 345 Good splits: 329
Reward: 50385.9845481 Total splits: 337 Good splits: 311
Reward: 46807.2603419 Total splits: 343 Good splits: 320
Reward: 50008.7958513 Total splits: 346 Good splits: 315
Reward: 49563.0261967 Total splits: 356 Good splits: 322
Reward: 49955.5558502 Total splits: 329 Good splits: 307
Reward: 47358.7707335 Total splits: 345 Good splits: 323
Reward: 50619.7579099 Total splits: 360 Good splits: 338
Reward: 50018.2917575 Total splits: 346 Good splits: 318
Reward: 49224.7350753 Total splits: 357 Good splits: 339
Reward: 48931.1001311 Total splits: 356 Good splits: 319
Reward: 48527.9036979 Total splits: 355 Good splits: 335
Reward: 48731.0705783 Total splits: 340 Good splits: 324
Reward: 50870.8534703 Total splits: 332 Good splits: 308
Reward: 48209.1103271 Total splits: 339 Good splits: 314
Reward: 50349.2749579 Total splits: 347 Good splits: 320
Reward: 47870.7064961 Total splits: 343 Good splits: 312
Reward: 50579.4804612 Total splits: 339 Good splits: 305
Reward: 49533.2666768 Total splits: 358 Good splits: 334
Reward: 50404.6378931 Total splits: 347 Good splits: 326
Reward: 50690.4497685 Total splits: 328 Good splits: 310
Reward: 49828.3222758 Total splits: 352 Good splits: 328
Reward: 50101.7226609 Total splits: 362 Good splits: 344
Reward: 49363.2010912 Total splits: 340 Good splits: 318
Reward: 48809.1415409 Total splits: 338 Good splits: 314
Reward: 50297.3475507 Total splits: 327 Good splits: 306
Reward: 50572.4940302 Total splits: 349 Good splits: 319
Reward: 48956.7317449 Total splits: 359 Good splits: 340
Reward: 44622.7710814 Total splits: 331 Good splits: 317
Reward: 50698.6463233 Total splits: 337 Good splits: 308
Reward: 49374.4083715 Total splits: 343 Good splits: 315
Reward: 47754.0582186 Total splits: 332 Good splits: 311
Reward: 49782.5928938 Total splits: 366 Good splits: 333
Reward: 50844.6314209 Total splits: 346 Good splits: 326
Reward: 49903.8386802 Total splits: 350 Good splits: 328
Reward: 48767.3601656 Total splits: 355 Good splits: 331
Reward: 50307.2084809 Total splits: 350 Good splits: 338
Reward: 50399.6319588 Total splits: 349 Good splits: 330
Reward: 48962.4885928 Total splits: 341 Good splits: 314
Reward: 49358.6242728 Total splits: 344 Good splits: 321
Reward: 50069.2175971 Total splits: 340 Good splits: 314
Reward: 50033.3419307 Total splits: 351 Good splits: 323
Reward: 48026.7233495 Total splits: 333 Good splits: 316
Reward: 50341.4785266 Total splits: 350 Good splits: 323
Reward: 48766.0309763 Total splits: 341 Good splits: 311
Reward: 49511.8027168 Total splits: 357 Good splits: 337
Reward: 47610.7753604 Total splits: 349 Good splits: 320
Reward: 48942.4257487 Total splits: 322 Good splits: 291
Reward: 49418.1910363 Total splits: 346 Good splits: 322
Reward: 49570.0335748 Total splits: 348 Good splits: 322
Reward: 47442.5520299 Total splits: 341 Good splits: 319
Reward: 49971.5962649 Total splits: 349 Good splits: 326
Reward: 49445.0618226 Total splits: 363 Good splits: 345
Reward: 48968.2244925 Total splits: 349 Good splits: 323
Reward: 51150.4061295 Total splits: 351 Good splits: 324

Results after 100 tests
Average total rewards : 48997.4064743
Average total splits  : 347.02
Average good splits   : 323.43
Average good splits % : 93.2021209152

