Reward: 48667.5300364 Total splits: 308 Good splits: 292
Reward: 46551.0883667 Total splits: 308 Good splits: 290
Reward: 48561.322862 Total splits: 291 Good splits: 280
Reward: 47862.1011115 Total splits: 309 Good splits: 290
Reward: 46772.4210838 Total splits: 285 Good splits: 267
Reward: 48762.3732307 Total splits: 286 Good splits: 268
Reward: 45379.6168435 Total splits: 302 Good splits: 275
Reward: 48204.7701311 Total splits: 307 Good splits: 294
Reward: 46630.1859342 Total splits: 289 Good splits: 280
Reward: 44819.4563517 Total splits: 305 Good splits: 292
Reward: 47087.261773 Total splits: 307 Good splits: 296
Reward: 46487.0023372 Total splits: 303 Good splits: 294
Reward: 45961.3539913 Total splits: 303 Good splits: 287
Reward: 48849.637226 Total splits: 308 Good splits: 298
Reward: 46723.1156178 Total splits: 305 Good splits: 290
Reward: 41875.3163951 Total splits: 302 Good splits: 284
Reward: 46132.0528473 Total splits: 288 Good splits: 278
Reward: 46850.6640084 Total splits: 312 Good splits: 297
Reward: 47092.9438406 Total splits: 325 Good splits: 320
Reward: 44878.1148491 Total splits: 305 Good splits: 288
Reward: 46982.2481011 Total splits: 298 Good splits: 285
Reward: 43034.0250769 Total splits: 285 Good splits: 271
Reward: 48982.3170635 Total splits: 306 Good splits: 285
Reward: 49396.0577286 Total splits: 304 Good splits: 287
Reward: 46457.9794516 Total splits: 311 Good splits: 292
Reward: 45975.9407256 Total splits: 316 Good splits: 301
Reward: 42496.2682598 Total splits: 299 Good splits: 283
Reward: 48823.3910789 Total splits: 299 Good splits: 287
Reward: 47520.411671 Total splits: 299 Good splits: 284
Reward: 47367.3812249 Total splits: 292 Good splits: 274
Reward: 49773.7616436 Total splits: 300 Good splits: 290
Reward: 47138.68723 Total splits: 302 Good splits: 285
Reward: 47375.4049041 Total splits: 288 Good splits: 282
Reward: 47195.4440576 Total splits: 292 Good splits: 272
Reward: 47762.4485366 Total splits: 322 Good splits: 305
Reward: 46603.6181995 Total splits: 310 Good splits: 292
Reward: 46265.3257682 Total splits: 297 Good splits: 284
Reward: 46490.6910403 Total splits: 311 Good splits: 298
Reward: 43920.123374 Total splits: 308 Good splits: 289
Reward: 46354.0304124 Total splits: 305 Good splits: 299
Reward: 49851.3661333 Total splits: 301 Good splits: 284
Reward: 44054.3751853 Total splits: 292 Good splits: 278
Reward: 49861.6839138 Total splits: 307 Good splits: 289
Reward: 44252.8332148 Total splits: 301 Good splits: 283
Reward: 48072.766924 Total splits: 296 Good splits: 280
Reward: 46130.6591454 Total splits: 294 Good splits: 286
Reward: 46878.5325588 Total splits: 298 Good splits: 271
Reward: 49203.427838 Total splits: 327 Good splits: 304
Reward: 47698.8136498 Total splits: 292 Good splits: 279
Reward: 44572.7872404 Total splits: 296 Good splits: 281
Reward: 48944.9804104 Total splits: 297 Good splits: 287
Reward: 47145.1879157 Total splits: 295 Good splits: 279
Reward: 47509.914387 Total splits: 301 Good splits: 282
Reward: 43119.334655 Total splits: 297 Good splits: 286
Reward: 47124.3388796 Total splits: 288 Good splits: 270
Reward: 47451.8668636 Total splits: 329 Good splits: 311
Reward: 47703.2433304 Total splits: 306 Good splits: 295
Reward: 46782.2548812 Total splits: 305 Good splits: 287
Reward: 46589.0098954 Total splits: 300 Good splits: 286
Reward: 45449.8654154 Total splits: 303 Good splits: 292
Reward: 46210.9846456 Total splits: 296 Good splits: 284
Reward: 45380.3464944 Total splits: 295 Good splits: 275
Reward: 49352.9865579 Total splits: 295 Good splits: 277
Reward: 49183.1491594 Total splits: 294 Good splits: 274
Reward: 46172.4824199 Total splits: 310 Good splits: 294
Reward: 47085.0096893 Total splits: 301 Good splits: 282
Reward: 44880.3522675 Total splits: 314 Good splits: 290
Reward: 44500.806818 Total splits: 307 Good splits: 289
Reward: 46493.709929 Total splits: 304 Good splits: 286
Reward: 46355.8204453 Total splits: 292 Good splits: 272
Reward: 44231.1306312 Total splits: 311 Good splits: 295
Reward: 44950.0788494 Total splits: 315 Good splits: 290
Reward: 46060.0431859 Total splits: 294 Good splits: 282
Reward: 46056.7464389 Total splits: 315 Good splits: 298
Reward: 47412.2625456 Total splits: 278 Good splits: 270
Reward: 47574.5471609 Total splits: 293 Good splits: 278
Reward: 48673.7451444 Total splits: 301 Good splits: 279
Reward: 46153.148406 Total splits: 304 Good splits: 299
Reward: 47234.7387923 Total splits: 306 Good splits: 283
Reward: 48443.9131842 Total splits: 297 Good splits: 283
Reward: 44690.0602485 Total splits: 299 Good splits: 288
Reward: 46704.5421701 Total splits: 308 Good splits: 297
Reward: 47520.3681197 Total splits: 294 Good splits: 282
Reward: 47065.414308 Total splits: 301 Good splits: 290
Reward: 48988.559916 Total splits: 293 Good splits: 272
Reward: 49620.920128 Total splits: 318 Good splits: 303
Reward: 46778.6657002 Total splits: 291 Good splits: 276
Reward: 44758.7740373 Total splits: 295 Good splits: 284
Reward: 45744.963099 Total splits: 299 Good splits: 285
Reward: 47765.5527691 Total splits: 300 Good splits: 288
Reward: 47910.2227192 Total splits: 308 Good splits: 294
Reward: 47606.6615622 Total splits: 309 Good splits: 290
Reward: 48116.0028949 Total splits: 302 Good splits: 282
Reward: 50000.5846608 Total splits: 303 Good splits: 289
Reward: 44979.2969498 Total splits: 291 Good splits: 270
Reward: 46918.0620359 Total splits: 308 Good splits: 294
Reward: 47788.5362949 Total splits: 307 Good splits: 296
Reward: 46387.293202 Total splits: 317 Good splits: 305
Reward: 47926.5731307 Total splits: 285 Good splits: 271
Reward: 50257.4455804 Total splits: 332 Good splits: 319

Results after 100 tests
Average total rewards : 46883.9562911
Average total splits  : 301.99
Average good splits   : 286.7
Average good splits % : 94.936918441

