Reward: 47001.4346078 Total splits: 394 Good splits: 376
Reward: 47392.266764 Total splits: 388 Good splits: 372
Reward: 47375.8279197 Total splits: 426 Good splits: 407
Reward: 49425.4235305 Total splits: 400 Good splits: 374
Reward: 49314.817023 Total splits: 377 Good splits: 357
Reward: 50376.930808 Total splits: 391 Good splits: 346
Reward: 48241.6636208 Total splits: 384 Good splits: 350
Reward: 44754.2827576 Total splits: 422 Good splits: 399
Reward: 47240.6579492 Total splits: 378 Good splits: 354
Reward: 47064.7778319 Total splits: 385 Good splits: 365
Reward: 47826.5342343 Total splits: 392 Good splits: 371
Reward: 50511.1146586 Total splits: 386 Good splits: 364
Reward: 49854.379151 Total splits: 369 Good splits: 347
Reward: 49756.4888828 Total splits: 332 Good splits: 306
Reward: 48791.718192 Total splits: 390 Good splits: 370
Reward: 48088.3187343 Total splits: 373 Good splits: 351
Reward: 50553.5929903 Total splits: 376 Good splits: 357
Reward: 48860.1129489 Total splits: 373 Good splits: 337
Reward: 45606.5718041 Total splits: 428 Good splits: 400
Reward: 49563.4975063 Total splits: 375 Good splits: 352
Reward: 46896.9635415 Total splits: 402 Good splits: 392
Reward: 48465.078829 Total splits: 389 Good splits: 365
Reward: 48159.1639224 Total splits: 383 Good splits: 351
Reward: 49792.111786 Total splits: 375 Good splits: 344
Reward: 48738.0975677 Total splits: 398 Good splits: 372
Reward: 48701.7395305 Total splits: 389 Good splits: 363
Reward: 49451.3833145 Total splits: 365 Good splits: 342
Reward: 49259.206317 Total splits: 363 Good splits: 342
Reward: 47490.6834787 Total splits: 369 Good splits: 346
Reward: 48034.2774099 Total splits: 380 Good splits: 359
Reward: 47907.3219367 Total splits: 387 Good splits: 363
Reward: 51716.7983758 Total splits: 399 Good splits: 377
Reward: 48924.2640724 Total splits: 355 Good splits: 333
Reward: 48564.1192355 Total splits: 369 Good splits: 355
Reward: 50904.1787849 Total splits: 403 Good splits: 371
Reward: 48634.4981568 Total splits: 393 Good splits: 370
Reward: 49772.6369014 Total splits: 394 Good splits: 366
Reward: 48854.8132496 Total splits: 383 Good splits: 350
Reward: 49074.8830311 Total splits: 401 Good splits: 383
Reward: 48761.3054691 Total splits: 395 Good splits: 357
Reward: 48766.211351 Total splits: 361 Good splits: 339
Reward: 50202.9162127 Total splits: 382 Good splits: 351
Reward: 48618.723398 Total splits: 400 Good splits: 373
Reward: 51215.4751854 Total splits: 398 Good splits: 371
Reward: 47442.9804301 Total splits: 334 Good splits: 307
Reward: 48686.872615 Total splits: 391 Good splits: 372
Reward: 48749.7661189 Total splits: 360 Good splits: 342
Reward: 46998.392984 Total splits: 407 Good splits: 388
Reward: 48614.0321001 Total splits: 389 Good splits: 358
Reward: 49040.751945 Total splits: 381 Good splits: 356
Reward: 48562.5794692 Total splits: 415 Good splits: 391
Reward: 48938.3492009 Total splits: 365 Good splits: 338
Reward: 48517.6978959 Total splits: 355 Good splits: 338
Reward: 48703.9767909 Total splits: 359 Good splits: 338
Reward: 47760.822395 Total splits: 394 Good splits: 371
Reward: 45702.8434319 Total splits: 401 Good splits: 389
Reward: 50925.5776346 Total splits: 373 Good splits: 349
Reward: 49234.7551589 Total splits: 403 Good splits: 368
Reward: 47970.955096 Total splits: 394 Good splits: 374
Reward: 50603.2920891 Total splits: 394 Good splits: 371
Reward: 48262.8235386 Total splits: 397 Good splits: 366
Reward: 50484.1431286 Total splits: 399 Good splits: 381
Reward: 50093.5319237 Total splits: 393 Good splits: 371
Reward: 48449.6674701 Total splits: 390 Good splits: 369
Reward: 49654.7775839 Total splits: 392 Good splits: 359
Reward: 46095.940966 Total splits: 400 Good splits: 376
Reward: 50228.2299108 Total splits: 403 Good splits: 374
Reward: 48782.3268394 Total splits: 356 Good splits: 331
Reward: 48345.1487224 Total splits: 396 Good splits: 367
Reward: 49467.6953141 Total splits: 396 Good splits: 367
Reward: 48271.3410191 Total splits: 393 Good splits: 363
Reward: 48162.3515515 Total splits: 381 Good splits: 360
Reward: 51362.9921004 Total splits: 380 Good splits: 351
Reward: 47148.4029686 Total splits: 383 Good splits: 352
Reward: 49017.1242457 Total splits: 378 Good splits: 349
Reward: 49821.5762104 Total splits: 364 Good splits: 340
Reward: 47760.9765031 Total splits: 385 Good splits: 361
Reward: 49076.5365893 Total splits: 367 Good splits: 341
Reward: 50239.0457501 Total splits: 383 Good splits: 358
Reward: 48597.711774 Total splits: 392 Good splits: 362
Reward: 49882.7712024 Total splits: 367 Good splits: 350
Reward: 48474.3725566 Total splits: 403 Good splits: 376
Reward: 48206.1772384 Total splits: 376 Good splits: 351
Reward: 48687.7314267 Total splits: 390 Good splits: 372
Reward: 48695.8686189 Total splits: 382 Good splits: 358
Reward: 47403.8345545 Total splits: 387 Good splits: 360
Reward: 48276.3454129 Total splits: 376 Good splits: 340
Reward: 47404.6299585 Total splits: 389 Good splits: 370
Reward: 48635.7943404 Total splits: 403 Good splits: 372
Reward: 46808.5606758 Total splits: 368 Good splits: 346
Reward: 48909.6757352 Total splits: 369 Good splits: 344
Reward: 51001.4898497 Total splits: 385 Good splits: 362
Reward: 50113.0196045 Total splits: 409 Good splits: 380
Reward: 49122.3955686 Total splits: 382 Good splits: 365
Reward: 47082.901959 Total splits: 365 Good splits: 341
Reward: 47473.9683911 Total splits: 377 Good splits: 354
Reward: 50511.6057183 Total splits: 387 Good splits: 364
Reward: 49205.7478525 Total splits: 372 Good splits: 345
Reward: 49848.2092799 Total splits: 385 Good splits: 360
Reward: 49465.7318056 Total splits: 359 Good splits: 334

Results after 100 tests
Average total rewards : 48754.9408419
Average total splits  : 384.46
Average good splits   : 359.82
Average good splits % : 93.5910107684

