Reward: 46379.1980468 Total splits: 375 Good splits: 349
Reward: 47529.5010419 Total splits: 436 Good splits: 410
Reward: 47213.2228903 Total splits: 414 Good splits: 394
Reward: 43792.4285597 Total splits: 419 Good splits: 406
Reward: 48087.7687188 Total splits: 424 Good splits: 397
Reward: 47619.7723888 Total splits: 400 Good splits: 378
Reward: 45533.899563 Total splits: 471 Good splits: 449
Reward: 46704.2703534 Total splits: 423 Good splits: 402
Reward: 43973.7391941 Total splits: 455 Good splits: 430
Reward: 49768.1939499 Total splits: 386 Good splits: 367
Reward: 46795.9637114 Total splits: 428 Good splits: 409
Reward: 46193.3441179 Total splits: 435 Good splits: 409
Reward: 45511.70459 Total splits: 448 Good splits: 427
Reward: 48125.1754163 Total splits: 422 Good splits: 398
Reward: 46506.9233847 Total splits: 412 Good splits: 385
Reward: 46814.0935506 Total splits: 445 Good splits: 424
Reward: 46074.5565778 Total splits: 384 Good splits: 352
Reward: 48782.6246185 Total splits: 413 Good splits: 386
Reward: 49223.3437148 Total splits: 430 Good splits: 408
Reward: 48576.2544157 Total splits: 392 Good splits: 369
Reward: 43188.3651853 Total splits: 488 Good splits: 458
Reward: 47392.8091111 Total splits: 469 Good splits: 445
Reward: 47468.2522738 Total splits: 454 Good splits: 432
Reward: 46084.3372702 Total splits: 400 Good splits: 375
Reward: 47324.3173469 Total splits: 417 Good splits: 392
Reward: 49115.8465479 Total splits: 408 Good splits: 383
Reward: 42928.9144973 Total splits: 427 Good splits: 399
Reward: 47726.6568039 Total splits: 411 Good splits: 388
Reward: 48791.4307319 Total splits: 389 Good splits: 359
Reward: 44070.1479618 Total splits: 424 Good splits: 412
Reward: 45326.6471869 Total splits: 410 Good splits: 394
Reward: 46490.8407738 Total splits: 431 Good splits: 404
Reward: 45357.7026467 Total splits: 405 Good splits: 389
Reward: 46767.7718609 Total splits: 407 Good splits: 384
Reward: 41228.9599768 Total splits: 455 Good splits: 441
Reward: 47551.0815088 Total splits: 462 Good splits: 442
Reward: 43020.8137752 Total splits: 435 Good splits: 408
Reward: 50375.3550037 Total splits: 402 Good splits: 370
Reward: 47238.278982 Total splits: 380 Good splits: 353
Reward: 46183.3525547 Total splits: 444 Good splits: 423
Reward: 41315.0712302 Total splits: 439 Good splits: 418
Reward: 48996.0893984 Total splits: 423 Good splits: 401
Reward: 44927.3317537 Total splits: 421 Good splits: 402
Reward: 48610.8131186 Total splits: 411 Good splits: 391
Reward: 45668.6979464 Total splits: 414 Good splits: 391
Reward: 43450.7323377 Total splits: 459 Good splits: 439
Reward: 45754.9691408 Total splits: 407 Good splits: 389
Reward: 45993.3925261 Total splits: 440 Good splits: 416
Reward: 50328.3819579 Total splits: 440 Good splits: 414
Reward: 47688.8606192 Total splits: 404 Good splits: 383
Reward: 48101.2999135 Total splits: 425 Good splits: 404
Reward: 44792.8481961 Total splits: 418 Good splits: 399
Reward: 47257.2419386 Total splits: 395 Good splits: 368
Reward: 48068.3354719 Total splits: 410 Good splits: 390
Reward: 36827.3707851 Total splits: 448 Good splits: 423
Reward: 46582.2528112 Total splits: 431 Good splits: 408
Reward: 48870.0865054 Total splits: 391 Good splits: 365
Reward: 48430.8495522 Total splits: 419 Good splits: 394
Reward: 49310.9494176 Total splits: 417 Good splits: 393
Reward: 47584.1673979 Total splits: 449 Good splits: 425
Reward: 48640.7225058 Total splits: 407 Good splits: 375
Reward: 46169.4130262 Total splits: 457 Good splits: 433
Reward: 48116.6090429 Total splits: 434 Good splits: 409
Reward: 48391.2517472 Total splits: 399 Good splits: 372
Reward: 47727.14335 Total splits: 424 Good splits: 398
Reward: 45235.7311789 Total splits: 400 Good splits: 372
Reward: 49258.9807991 Total splits: 397 Good splits: 372
Reward: 47995.3261668 Total splits: 434 Good splits: 405
Reward: 45575.9704721 Total splits: 436 Good splits: 412
Reward: 47845.6639825 Total splits: 391 Good splits: 360
Reward: 41704.2532354 Total splits: 447 Good splits: 417
Reward: 48365.9871876 Total splits: 444 Good splits: 406
Reward: 45138.7432815 Total splits: 459 Good splits: 438
Reward: 48736.4928946 Total splits: 401 Good splits: 371
Reward: 46182.9024067 Total splits: 423 Good splits: 402
Reward: 44972.2073922 Total splits: 468 Good splits: 440
Reward: 48015.1962969 Total splits: 392 Good splits: 365
Reward: 48273.602635 Total splits: 426 Good splits: 393
Reward: 46208.720115 Total splits: 395 Good splits: 382
Reward: 44373.3528988 Total splits: 426 Good splits: 401
Reward: 48589.5789988 Total splits: 441 Good splits: 420
Reward: 47175.3355606 Total splits: 440 Good splits: 424
Reward: 48334.3717731 Total splits: 417 Good splits: 392
Reward: 47745.709385 Total splits: 389 Good splits: 371
Reward: 44956.989879 Total splits: 405 Good splits: 384
Reward: 47487.2463026 Total splits: 437 Good splits: 407
Reward: 48231.2383485 Total splits: 386 Good splits: 363
Reward: 45216.8433532 Total splits: 413 Good splits: 389
Reward: 45017.0710873 Total splits: 453 Good splits: 431
Reward: 46568.8588346 Total splits: 404 Good splits: 379
Reward: 46716.1672084 Total splits: 422 Good splits: 407
Reward: 46070.8486241 Total splits: 413 Good splits: 391
Reward: 47403.0718071 Total splits: 387 Good splits: 340
Reward: 48046.3223282 Total splits: 420 Good splits: 393
Reward: 47665.9656763 Total splits: 426 Good splits: 399
Reward: 45567.5884877 Total splits: 389 Good splits: 364
Reward: 49382.1982362 Total splits: 431 Good splits: 405
Reward: 49042.3067091 Total splits: 424 Good splits: 391
Reward: 47862.9283387 Total splits: 399 Good splits: 370
Reward: 44483.8007225 Total splits: 468 Good splits: 445

Results after 100 tests
Average total rewards : 46698.903151
Average total splits  : 422.15
Average good splits   : 398.01
Average good splits % : 94.2816534407

