Reward: 39193.4699471 Total splits: 493 Good splits: 477
Reward: 39205.6489613 Total splits: 541 Good splits: 508
Reward: 37608.9368127 Total splits: 474 Good splits: 459
Reward: 36369.052879 Total splits: 535 Good splits: 496
Reward: 39778.740218 Total splits: 524 Good splits: 498
Reward: 39700.6377653 Total splits: 531 Good splits: 506
Reward: 40302.7192226 Total splits: 537 Good splits: 513
Reward: 41598.01973 Total splits: 533 Good splits: 496
Reward: 37150.7871419 Total splits: 520 Good splits: 498
Reward: 41227.2416802 Total splits: 527 Good splits: 481
Reward: 38475.6454329 Total splits: 537 Good splits: 511
Reward: 41832.5228343 Total splits: 534 Good splits: 506
Reward: 38295.3198998 Total splits: 502 Good splits: 488
Reward: 38264.927738 Total splits: 511 Good splits: 495
Reward: 39434.3265187 Total splits: 506 Good splits: 475
Reward: 38604.6912141 Total splits: 530 Good splits: 513
Reward: 37796.4867808 Total splits: 546 Good splits: 522
Reward: 38967.4858909 Total splits: 545 Good splits: 514
Reward: 39326.1082389 Total splits: 514 Good splits: 488
Reward: 38545.7022121 Total splits: 537 Good splits: 516
Reward: 38287.0851682 Total splits: 506 Good splits: 481
Reward: 42031.4742012 Total splits: 539 Good splits: 509
Reward: 42290.9977234 Total splits: 508 Good splits: 485
Reward: 38777.1138101 Total splits: 549 Good splits: 526
Reward: 37566.1154798 Total splits: 550 Good splits: 529
Reward: 40715.0932687 Total splits: 549 Good splits: 521
Reward: 41492.0446763 Total splits: 534 Good splits: 510
Reward: 37622.5249735 Total splits: 538 Good splits: 514
Reward: 41314.4009498 Total splits: 519 Good splits: 486
Reward: 36068.9349471 Total splits: 586 Good splits: 559
Reward: 36071.0751768 Total splits: 528 Good splits: 498
Reward: 40786.7360939 Total splits: 550 Good splits: 531
Reward: 38420.3423141 Total splits: 537 Good splits: 509
Reward: 39424.7059673 Total splits: 532 Good splits: 514
Reward: 39940.6948917 Total splits: 504 Good splits: 480
Reward: 38575.751423 Total splits: 542 Good splits: 525
Reward: 41879.3701053 Total splits: 536 Good splits: 506
Reward: 39134.3735026 Total splits: 527 Good splits: 499
Reward: 43839.0237315 Total splits: 482 Good splits: 448
Reward: 38551.1558048 Total splits: 536 Good splits: 506
Reward: 38313.8235289 Total splits: 544 Good splits: 524
Reward: 38655.8739417 Total splits: 540 Good splits: 519
Reward: 41874.2267902 Total splits: 531 Good splits: 507
Reward: 40110.2221676 Total splits: 557 Good splits: 534
Reward: 38522.4379246 Total splits: 536 Good splits: 513
Reward: 40112.2958421 Total splits: 544 Good splits: 509
Reward: 38918.5750819 Total splits: 537 Good splits: 510
Reward: 35462.7525399 Total splits: 534 Good splits: 505
Reward: 37441.2932744 Total splits: 522 Good splits: 492
Reward: 41413.7046706 Total splits: 516 Good splits: 490
Reward: 41681.0016675 Total splits: 561 Good splits: 531
Reward: 39188.3318741 Total splits: 534 Good splits: 509
Reward: 39271.1018704 Total splits: 535 Good splits: 515
Reward: 41163.8467598 Total splits: 525 Good splits: 499
Reward: 36118.8470265 Total splits: 531 Good splits: 507
Reward: 40145.5558917 Total splits: 533 Good splits: 511
Reward: 38848.0897052 Total splits: 540 Good splits: 516
Reward: 39091.7126014 Total splits: 538 Good splits: 513
Reward: 38319.639876 Total splits: 530 Good splits: 509
Reward: 39532.1096212 Total splits: 554 Good splits: 536
Reward: 41482.8784786 Total splits: 537 Good splits: 515
Reward: 39103.2619012 Total splits: 548 Good splits: 521
Reward: 41549.0086541 Total splits: 542 Good splits: 514
Reward: 40432.7455291 Total splits: 517 Good splits: 490
Reward: 38862.8842663 Total splits: 547 Good splits: 523
Reward: 41450.7616965 Total splits: 528 Good splits: 506
Reward: 41879.364446 Total splits: 524 Good splits: 496
Reward: 36552.1895839 Total splits: 534 Good splits: 509
Reward: 41163.8311177 Total splits: 548 Good splits: 527
Reward: 39909.2470443 Total splits: 506 Good splits: 489
Reward: 38625.5662573 Total splits: 530 Good splits: 508
Reward: 37053.399926 Total splits: 554 Good splits: 524
Reward: 34657.1046995 Total splits: 541 Good splits: 515
Reward: 39338.2281929 Total splits: 549 Good splits: 531
Reward: 40519.3584271 Total splits: 517 Good splits: 488
Reward: 40649.2658987 Total splits: 539 Good splits: 495
Reward: 35957.230857 Total splits: 568 Good splits: 546
Reward: 40283.8528985 Total splits: 530 Good splits: 498
Reward: 37952.862834 Total splits: 553 Good splits: 526
Reward: 40611.7484301 Total splits: 558 Good splits: 530
Reward: 40474.7189926 Total splits: 536 Good splits: 507
Reward: 43334.5918131 Total splits: 530 Good splits: 507
Reward: 38068.5585084 Total splits: 515 Good splits: 490
Reward: 42113.5241363 Total splits: 512 Good splits: 486
Reward: 38035.400692 Total splits: 538 Good splits: 509
Reward: 37503.0660995 Total splits: 522 Good splits: 497
Reward: 38088.4664222 Total splits: 530 Good splits: 504
Reward: 38773.0015771 Total splits: 541 Good splits: 522
Reward: 41819.2805074 Total splits: 540 Good splits: 509
Reward: 41701.8999027 Total splits: 518 Good splits: 496
Reward: 40027.2915334 Total splits: 529 Good splits: 508
Reward: 43375.9864282 Total splits: 509 Good splits: 486
Reward: 40466.9167718 Total splits: 536 Good splits: 513
Reward: 37974.120619 Total splits: 549 Good splits: 523
Reward: 38626.2001438 Total splits: 554 Good splits: 524
Reward: 39051.4885219 Total splits: 545 Good splits: 524
Reward: 38719.8644993 Total splits: 542 Good splits: 510
Reward: 41022.2492427 Total splits: 525 Good splits: 495
Reward: 36087.3906155 Total splits: 571 Good splits: 548
Reward: 38883.3065344 Total splits: 548 Good splits: 524

Results after 100 tests
Average total rewards : 39408.3504268
Average total splits  : 533.31
Average good splits   : 507.78
Average good splits % : 95.2129155651

