Reward: 47157.4963315 Total splits: 303 Good splits: 290
Reward: 46812.2546801 Total splits: 321 Good splits: 304
Reward: 48626.5828284 Total splits: 319 Good splits: 301
Reward: 48391.7297006 Total splits: 312 Good splits: 299
Reward: 46201.8592881 Total splits: 318 Good splits: 304
Reward: 47236.3465885 Total splits: 314 Good splits: 290
Reward: 47520.7437028 Total splits: 317 Good splits: 304
Reward: 46769.6811974 Total splits: 305 Good splits: 288
Reward: 46902.6790735 Total splits: 327 Good splits: 308
Reward: 49161.676886 Total splits: 316 Good splits: 295
Reward: 48875.6801196 Total splits: 322 Good splits: 313
Reward: 48455.0861342 Total splits: 325 Good splits: 308
Reward: 49520.4450353 Total splits: 316 Good splits: 303
Reward: 47556.8807023 Total splits: 316 Good splits: 294
Reward: 49334.8706263 Total splits: 303 Good splits: 290
Reward: 47785.3569094 Total splits: 305 Good splits: 287
Reward: 47166.8629004 Total splits: 300 Good splits: 281
Reward: 47600.0034946 Total splits: 310 Good splits: 300
Reward: 49024.9568903 Total splits: 315 Good splits: 296
Reward: 45998.8460889 Total splits: 326 Good splits: 313
Reward: 45888.2497897 Total splits: 333 Good splits: 317
Reward: 48033.9636924 Total splits: 321 Good splits: 302
Reward: 47236.1247685 Total splits: 319 Good splits: 296
Reward: 46769.1772335 Total splits: 315 Good splits: 303
Reward: 49605.0718097 Total splits: 324 Good splits: 306
Reward: 50460.1488932 Total splits: 322 Good splits: 308
Reward: 49512.0095664 Total splits: 317 Good splits: 308
Reward: 48895.008381 Total splits: 316 Good splits: 292
Reward: 45435.5795644 Total splits: 316 Good splits: 292
Reward: 49405.536836 Total splits: 344 Good splits: 332
Reward: 44907.5011642 Total splits: 332 Good splits: 319
Reward: 46742.2718972 Total splits: 309 Good splits: 298
Reward: 49294.2469316 Total splits: 329 Good splits: 312
Reward: 48352.260457 Total splits: 309 Good splits: 294
Reward: 50000.4678095 Total splits: 331 Good splits: 317
Reward: 48364.9054242 Total splits: 325 Good splits: 303
Reward: 47878.0046018 Total splits: 310 Good splits: 297
Reward: 44605.3215176 Total splits: 324 Good splits: 311
Reward: 46889.9428716 Total splits: 322 Good splits: 306
Reward: 48650.7053876 Total splits: 295 Good splits: 283
Reward: 47323.6872725 Total splits: 325 Good splits: 312
Reward: 48314.2651259 Total splits: 317 Good splits: 295
Reward: 46794.2209728 Total splits: 322 Good splits: 298
Reward: 46355.5882669 Total splits: 308 Good splits: 295
Reward: 48261.4624543 Total splits: 305 Good splits: 295
Reward: 47512.6535333 Total splits: 333 Good splits: 319
Reward: 48302.9848452 Total splits: 315 Good splits: 304
Reward: 47347.5993736 Total splits: 308 Good splits: 282
Reward: 46968.2541137 Total splits: 314 Good splits: 300
Reward: 49470.3407099 Total splits: 313 Good splits: 298
Reward: 43676.9776261 Total splits: 324 Good splits: 312
Reward: 49476.5154721 Total splits: 315 Good splits: 299
Reward: 49700.865287 Total splits: 320 Good splits: 301
Reward: 47111.3593271 Total splits: 311 Good splits: 291
Reward: 48351.1334279 Total splits: 325 Good splits: 304
Reward: 48796.6876561 Total splits: 315 Good splits: 296
Reward: 47197.213795 Total splits: 332 Good splits: 312
Reward: 45725.694751 Total splits: 316 Good splits: 295
Reward: 49273.0446874 Total splits: 324 Good splits: 311
Reward: 47886.8900616 Total splits: 335 Good splits: 316
Reward: 49252.3508049 Total splits: 311 Good splits: 301
Reward: 49005.5001837 Total splits: 318 Good splits: 299
Reward: 48413.039133 Total splits: 317 Good splits: 294
Reward: 48131.7943243 Total splits: 320 Good splits: 296
Reward: 46212.1540969 Total splits: 300 Good splits: 282
Reward: 49309.2781847 Total splits: 314 Good splits: 299
Reward: 47887.6912153 Total splits: 320 Good splits: 310
Reward: 47333.220224 Total splits: 325 Good splits: 309
Reward: 41183.5444045 Total splits: 302 Good splits: 286
Reward: 47431.1938177 Total splits: 321 Good splits: 311
Reward: 46955.4802178 Total splits: 300 Good splits: 286
Reward: 46601.8826493 Total splits: 320 Good splits: 307
Reward: 45990.4853629 Total splits: 313 Good splits: 294
Reward: 45034.8120531 Total splits: 299 Good splits: 281
Reward: 47045.515338 Total splits: 318 Good splits: 299
Reward: 48365.9652397 Total splits: 319 Good splits: 308
Reward: 47733.5766003 Total splits: 332 Good splits: 313
Reward: 44898.3496092 Total splits: 319 Good splits: 306
Reward: 48415.1174708 Total splits: 308 Good splits: 296
Reward: 49661.7748369 Total splits: 330 Good splits: 317
Reward: 48040.5731004 Total splits: 309 Good splits: 294
Reward: 46461.3130342 Total splits: 315 Good splits: 299
Reward: 48748.7396018 Total splits: 302 Good splits: 289
Reward: 47847.6050066 Total splits: 319 Good splits: 297
Reward: 50065.8668132 Total splits: 316 Good splits: 305
Reward: 46977.6028105 Total splits: 332 Good splits: 314
Reward: 48490.8444444 Total splits: 316 Good splits: 292
Reward: 48548.7353908 Total splits: 334 Good splits: 313
Reward: 46636.869313 Total splits: 315 Good splits: 301
Reward: 49153.7427861 Total splits: 316 Good splits: 300
Reward: 48193.7166656 Total splits: 319 Good splits: 302
Reward: 45864.2547354 Total splits: 322 Good splits: 310
Reward: 45605.1217582 Total splits: 313 Good splits: 288
Reward: 46057.4221053 Total splits: 334 Good splits: 318
Reward: 49428.8251555 Total splits: 311 Good splits: 298
Reward: 48354.2363034 Total splits: 310 Good splits: 292
Reward: 47688.5989633 Total splits: 316 Good splits: 294
Reward: 48280.6183985 Total splits: 303 Good splits: 288
Reward: 46041.2638095 Total splits: 313 Good splits: 292
Reward: 48121.6167057 Total splits: 308 Good splits: 292

Results after 100 tests
Average total rewards : 47663.442692
Average total splits  : 317.09
Average good splits   : 300.71
Average good splits % : 94.8342741808

