Reward: 49107.0460727 Total splits: 346 Good splits: 321
Reward: 46151.7912288 Total splits: 326 Good splits: 309
Reward: 47990.8557312 Total splits: 321 Good splits: 306
Reward: 48766.9080872 Total splits: 352 Good splits: 336
Reward: 50254.3019271 Total splits: 322 Good splits: 298
Reward: 47967.4517965 Total splits: 333 Good splits: 304
Reward: 49832.2630571 Total splits: 332 Good splits: 310
Reward: 48457.1892387 Total splits: 354 Good splits: 333
Reward: 49195.8013406 Total splits: 355 Good splits: 324
Reward: 50124.4411158 Total splits: 333 Good splits: 301
Reward: 48199.0565779 Total splits: 326 Good splits: 301
Reward: 51044.1649903 Total splits: 367 Good splits: 354
Reward: 48443.3113144 Total splits: 324 Good splits: 307
Reward: 49850.1481369 Total splits: 341 Good splits: 314
Reward: 47837.6165502 Total splits: 314 Good splits: 289
Reward: 51256.8483702 Total splits: 336 Good splits: 312
Reward: 45672.6295363 Total splits: 341 Good splits: 319
Reward: 48106.3192146 Total splits: 326 Good splits: 303
Reward: 46426.0867746 Total splits: 328 Good splits: 310
Reward: 47236.3094866 Total splits: 348 Good splits: 326
Reward: 47681.9385555 Total splits: 336 Good splits: 315
Reward: 45466.3402926 Total splits: 331 Good splits: 300
Reward: 47442.5295608 Total splits: 335 Good splits: 317
Reward: 47867.3838055 Total splits: 326 Good splits: 305
Reward: 48649.9216158 Total splits: 344 Good splits: 319
Reward: 47737.940659 Total splits: 323 Good splits: 308
Reward: 47155.3511281 Total splits: 347 Good splits: 333
Reward: 51128.412044 Total splits: 336 Good splits: 313
Reward: 47691.1787769 Total splits: 343 Good splits: 327
Reward: 49528.5395039 Total splits: 334 Good splits: 309
Reward: 48652.4498734 Total splits: 344 Good splits: 326
Reward: 50181.5787266 Total splits: 343 Good splits: 326
Reward: 49222.3360909 Total splits: 330 Good splits: 306
Reward: 49725.5480758 Total splits: 344 Good splits: 322
Reward: 48507.1465095 Total splits: 322 Good splits: 296
Reward: 49433.1333848 Total splits: 325 Good splits: 306
Reward: 48117.4658561 Total splits: 330 Good splits: 312
Reward: 48929.1864331 Total splits: 337 Good splits: 319
Reward: 49672.6436728 Total splits: 332 Good splits: 307
Reward: 50057.6053286 Total splits: 357 Good splits: 344
Reward: 49601.5966047 Total splits: 337 Good splits: 318
Reward: 49757.8101103 Total splits: 348 Good splits: 320
Reward: 48726.5058634 Total splits: 332 Good splits: 310
Reward: 50397.0840271 Total splits: 308 Good splits: 287
Reward: 49119.8034237 Total splits: 325 Good splits: 294
Reward: 46551.3769147 Total splits: 331 Good splits: 314
Reward: 49017.7940282 Total splits: 341 Good splits: 307
Reward: 47451.7111616 Total splits: 332 Good splits: 317
Reward: 46635.6495049 Total splits: 352 Good splits: 325
Reward: 49234.5516619 Total splits: 318 Good splits: 297
Reward: 47848.1517643 Total splits: 342 Good splits: 324
Reward: 48890.1646415 Total splits: 338 Good splits: 314
Reward: 49698.7662188 Total splits: 346 Good splits: 316
Reward: 49892.9658397 Total splits: 353 Good splits: 331
Reward: 50072.1806649 Total splits: 335 Good splits: 317
Reward: 50056.2125067 Total splits: 331 Good splits: 313
Reward: 48655.8054609 Total splits: 313 Good splits: 288
Reward: 48444.7960895 Total splits: 345 Good splits: 321
Reward: 49803.775549 Total splits: 338 Good splits: 316
Reward: 50185.598814 Total splits: 348 Good splits: 320
Reward: 49298.9431406 Total splits: 339 Good splits: 318
Reward: 50238.7930761 Total splits: 350 Good splits: 339
Reward: 48473.7862654 Total splits: 326 Good splits: 304
Reward: 46850.613628 Total splits: 336 Good splits: 313
Reward: 46602.0245378 Total splits: 318 Good splits: 307
Reward: 47694.6552476 Total splits: 332 Good splits: 327
Reward: 48649.921701 Total splits: 340 Good splits: 319
Reward: 48029.3717891 Total splits: 342 Good splits: 326
Reward: 48852.1519371 Total splits: 339 Good splits: 319
Reward: 48227.1447064 Total splits: 346 Good splits: 330
Reward: 50798.279745 Total splits: 323 Good splits: 295
Reward: 48302.5525409 Total splits: 330 Good splits: 307
Reward: 48496.8388079 Total splits: 346 Good splits: 331
Reward: 49186.1499487 Total splits: 327 Good splits: 305
Reward: 50546.8538121 Total splits: 344 Good splits: 321
Reward: 48717.0199278 Total splits: 340 Good splits: 313
Reward: 49852.1180106 Total splits: 348 Good splits: 321
Reward: 46926.9052493 Total splits: 319 Good splits: 295
Reward: 47501.3882362 Total splits: 324 Good splits: 311
Reward: 47049.6839861 Total splits: 334 Good splits: 321
Reward: 47086.6015134 Total splits: 337 Good splits: 311
Reward: 49138.2660075 Total splits: 339 Good splits: 321
Reward: 48692.1113755 Total splits: 348 Good splits: 322
Reward: 46976.8623979 Total splits: 327 Good splits: 313
Reward: 48825.8028464 Total splits: 341 Good splits: 321
Reward: 49336.844634 Total splits: 335 Good splits: 316
Reward: 47138.2447633 Total splits: 331 Good splits: 309
Reward: 47894.6272759 Total splits: 338 Good splits: 314
Reward: 47458.132786 Total splits: 343 Good splits: 326
Reward: 43829.714396 Total splits: 337 Good splits: 314
Reward: 49295.5096985 Total splits: 354 Good splits: 334
Reward: 48673.9099011 Total splits: 341 Good splits: 312
Reward: 47718.1854761 Total splits: 338 Good splits: 312
Reward: 48842.6769058 Total splits: 365 Good splits: 344
Reward: 45373.193523 Total splits: 347 Good splits: 317
Reward: 49303.5595199 Total splits: 321 Good splits: 303
Reward: 48491.4639682 Total splits: 307 Good splits: 284
Reward: 45968.0157168 Total splits: 327 Good splits: 304
Reward: 49202.6088804 Total splits: 327 Good splits: 299
Reward: 49201.9626522 Total splits: 323 Good splits: 302

Results after 100 tests
Average total rewards : 48535.5496182
Average total splits  : 335.86
Average good splits   : 314.36
Average good splits % : 93.5985231942

