Reward: 49485.9027585 Total splits: 344 Good splits: 309
Reward: 48983.9176546 Total splits: 338 Good splits: 309
Reward: 46980.9542739 Total splits: 346 Good splits: 320
Reward: 50654.5977602 Total splits: 354 Good splits: 331
Reward: 50389.9774751 Total splits: 354 Good splits: 321
Reward: 49164.8865052 Total splits: 361 Good splits: 336
Reward: 47400.5591816 Total splits: 329 Good splits: 301
Reward: 47670.2584579 Total splits: 351 Good splits: 328
Reward: 49202.7077026 Total splits: 338 Good splits: 323
Reward: 49055.4697315 Total splits: 338 Good splits: 325
Reward: 49986.0120542 Total splits: 365 Good splits: 342
Reward: 50973.0311219 Total splits: 352 Good splits: 331
Reward: 48444.79764 Total splits: 326 Good splits: 302
Reward: 47918.5805169 Total splits: 363 Good splits: 341
Reward: 47713.5407445 Total splits: 354 Good splits: 340
Reward: 48322.81765 Total splits: 327 Good splits: 304
Reward: 49575.1955823 Total splits: 337 Good splits: 321
Reward: 49694.9952495 Total splits: 352 Good splits: 321
Reward: 43822.5512053 Total splits: 357 Good splits: 337
Reward: 48743.5440932 Total splits: 302 Good splits: 281
Reward: 46154.4672182 Total splits: 343 Good splits: 323
Reward: 51035.5738132 Total splits: 375 Good splits: 358
Reward: 49406.8233537 Total splits: 348 Good splits: 328
Reward: 52166.9169676 Total splits: 368 Good splits: 357
Reward: 48290.2775137 Total splits: 355 Good splits: 332
Reward: 49102.7906564 Total splits: 335 Good splits: 310
Reward: 50176.8177282 Total splits: 346 Good splits: 318
Reward: 49451.3921478 Total splits: 333 Good splits: 313
Reward: 48321.0755423 Total splits: 334 Good splits: 317
Reward: 50133.6797973 Total splits: 347 Good splits: 326
Reward: 50478.4421272 Total splits: 364 Good splits: 333
Reward: 47190.315466 Total splits: 324 Good splits: 306
Reward: 50558.1168289 Total splits: 342 Good splits: 327
Reward: 47028.7656042 Total splits: 332 Good splits: 300
Reward: 47045.3007358 Total splits: 359 Good splits: 334
Reward: 49234.9479309 Total splits: 342 Good splits: 325
Reward: 47276.6648333 Total splits: 352 Good splits: 326
Reward: 48455.9568991 Total splits: 344 Good splits: 327
Reward: 48859.8317634 Total splits: 340 Good splits: 321
Reward: 48171.5112472 Total splits: 323 Good splits: 307
Reward: 46288.252548 Total splits: 346 Good splits: 333
Reward: 50535.21178 Total splits: 334 Good splits: 310
Reward: 47730.4269 Total splits: 339 Good splits: 307
Reward: 48469.9419275 Total splits: 337 Good splits: 312
Reward: 48203.7248769 Total splits: 323 Good splits: 302
Reward: 50731.1638497 Total splits: 352 Good splits: 332
Reward: 48983.0268533 Total splits: 338 Good splits: 317
Reward: 48966.3096742 Total splits: 344 Good splits: 316
Reward: 50721.0824155 Total splits: 345 Good splits: 324
Reward: 48784.9920501 Total splits: 338 Good splits: 320
Reward: 49446.9293791 Total splits: 353 Good splits: 331
Reward: 46198.8534951 Total splits: 351 Good splits: 337
Reward: 47459.4724177 Total splits: 344 Good splits: 323
Reward: 51080.402122 Total splits: 348 Good splits: 323
Reward: 49567.6811671 Total splits: 335 Good splits: 315
Reward: 49689.4223319 Total splits: 344 Good splits: 326
Reward: 48577.1061834 Total splits: 357 Good splits: 335
Reward: 50525.1647894 Total splits: 333 Good splits: 305
Reward: 45147.2248604 Total splits: 341 Good splits: 324
Reward: 47877.8051623 Total splits: 371 Good splits: 344
Reward: 51332.3634676 Total splits: 342 Good splits: 317
Reward: 48498.3397895 Total splits: 355 Good splits: 328
Reward: 50477.9888833 Total splits: 346 Good splits: 319
Reward: 49591.4153113 Total splits: 331 Good splits: 307
Reward: 51005.8288821 Total splits: 344 Good splits: 322
Reward: 48770.8971745 Total splits: 340 Good splits: 314
Reward: 50000.9002598 Total splits: 331 Good splits: 303
Reward: 48750.7600495 Total splits: 340 Good splits: 313
Reward: 48071.1183598 Total splits: 319 Good splits: 301
Reward: 47679.4778652 Total splits: 352 Good splits: 331
Reward: 50087.7895301 Total splits: 325 Good splits: 304
Reward: 47860.7174001 Total splits: 349 Good splits: 328
Reward: 46557.5960806 Total splits: 355 Good splits: 335
Reward: 49754.2081123 Total splits: 350 Good splits: 335
Reward: 49801.2409051 Total splits: 344 Good splits: 316
Reward: 49536.0704298 Total splits: 328 Good splits: 308
Reward: 50701.665512 Total splits: 341 Good splits: 313
Reward: 49024.5531284 Total splits: 315 Good splits: 298
Reward: 50414.6462885 Total splits: 338 Good splits: 315
Reward: 47804.7109179 Total splits: 343 Good splits: 315
Reward: 49826.8287095 Total splits: 340 Good splits: 324
Reward: 48551.4727049 Total splits: 344 Good splits: 322
Reward: 50495.0022121 Total splits: 338 Good splits: 320
Reward: 47086.9108912 Total splits: 345 Good splits: 318
Reward: 47256.6821226 Total splits: 349 Good splits: 327
Reward: 49174.6654746 Total splits: 348 Good splits: 328
Reward: 46477.654403 Total splits: 351 Good splits: 327
Reward: 46902.2742055 Total splits: 339 Good splits: 316
Reward: 48929.977811 Total splits: 354 Good splits: 326
Reward: 48223.6926405 Total splits: 357 Good splits: 342
Reward: 49425.6953759 Total splits: 330 Good splits: 307
Reward: 48456.5415873 Total splits: 346 Good splits: 326
Reward: 50326.13467 Total splits: 346 Good splits: 324
Reward: 47812.1035191 Total splits: 331 Good splits: 310
Reward: 49101.0632684 Total splits: 332 Good splits: 311
Reward: 49110.1400288 Total splits: 342 Good splits: 322
Reward: 50772.8672822 Total splits: 340 Good splits: 324
Reward: 49706.9831083 Total splits: 345 Good splits: 324
Reward: 51156.0326392 Total splits: 351 Good splits: 330
Reward: 49961.6189771 Total splits: 352 Good splits: 321

Results after 100 tests
Average total rewards : 48921.847903
Average total splits  : 343.35
Average good splits   : 321.18
Average good splits % : 93.5430318917

