Reward: 40689.7855073 Total splits: 505 Good splits: 481
Reward: 37536.5113074 Total splits: 527 Good splits: 499
Reward: 37346.8485665 Total splits: 497 Good splits: 481
Reward: 42220.1438001 Total splits: 473 Good splits: 441
Reward: 36269.7238382 Total splits: 433 Good splits: 410
Reward: 36362.7975008 Total splits: 443 Good splits: 410
Reward: 37812.944859 Total splits: 444 Good splits: 416
Reward: 37221.2752429 Total splits: 471 Good splits: 445
Reward: 38811.4967295 Total splits: 478 Good splits: 458
Reward: 39845.8048699 Total splits: 493 Good splits: 475
Reward: 43189.001369 Total splits: 453 Good splits: 429
Reward: 39587.4414807 Total splits: 436 Good splits: 407
Reward: 35007.5337478 Total splits: 495 Good splits: 471
Reward: 35498.9886079 Total splits: 476 Good splits: 455
Reward: 41654.1033163 Total splits: 501 Good splits: 485
Reward: 35951.4743232 Total splits: 488 Good splits: 466
Reward: 32733.6508047 Total splits: 475 Good splits: 451
Reward: 39104.3901587 Total splits: 454 Good splits: 437
Reward: 36555.9795768 Total splits: 452 Good splits: 426
Reward: 41407.6914759 Total splits: 497 Good splits: 479
Reward: 37189.1421994 Total splits: 439 Good splits: 412
Reward: 40926.5883424 Total splits: 512 Good splits: 489
Reward: 40598.0964729 Total splits: 506 Good splits: 485
Reward: 42276.2732209 Total splits: 475 Good splits: 445
Reward: 35345.7004218 Total splits: 487 Good splits: 467
Reward: 40208.4336831 Total splits: 504 Good splits: 478
Reward: 39865.996535 Total splits: 456 Good splits: 433
Reward: 34566.3789543 Total splits: 483 Good splits: 452
Reward: 36968.6236834 Total splits: 554 Good splits: 536
Reward: 40199.2472027 Total splits: 468 Good splits: 446
Reward: 36938.1508899 Total splits: 499 Good splits: 473
Reward: 39934.3369264 Total splits: 461 Good splits: 438
Reward: 33895.2974785 Total splits: 509 Good splits: 483
Reward: 38241.6361464 Total splits: 494 Good splits: 476
Reward: 42914.3944891 Total splits: 503 Good splits: 482
Reward: 41066.3524506 Total splits: 520 Good splits: 489
Reward: 40802.9996391 Total splits: 483 Good splits: 461
Reward: 42718.9570188 Total splits: 500 Good splits: 474
Reward: 36055.3110827 Total splits: 530 Good splits: 500
Reward: 33388.2543238 Total splits: 517 Good splits: 494
Reward: 36500.5759184 Total splits: 476 Good splits: 452
Reward: 42859.5005955 Total splits: 471 Good splits: 440
Reward: 33453.8487541 Total splits: 514 Good splits: 499
Reward: 36671.0475795 Total splits: 465 Good splits: 436
Reward: 32323.210359 Total splits: 475 Good splits: 459
Reward: 41168.8650181 Total splits: 437 Good splits: 417
Reward: 41884.3411001 Total splits: 460 Good splits: 434
Reward: 41313.6750474 Total splits: 498 Good splits: 477
Reward: 31897.0776313 Total splits: 506 Good splits: 479
Reward: 38249.6961369 Total splits: 433 Good splits: 402
Reward: 38251.4527605 Total splits: 467 Good splits: 436
Reward: 42061.4088361 Total splits: 515 Good splits: 494
Reward: 39758.7219737 Total splits: 474 Good splits: 451
Reward: 35049.7792675 Total splits: 492 Good splits: 472
Reward: 39373.3975673 Total splits: 471 Good splits: 452
Reward: 42548.2287858 Total splits: 454 Good splits: 439
Reward: 33942.1628527 Total splits: 495 Good splits: 471
Reward: 36724.7730364 Total splits: 483 Good splits: 458
Reward: 40393.9348513 Total splits: 468 Good splits: 433
Reward: 31914.8022569 Total splits: 478 Good splits: 451
Reward: 41055.0571561 Total splits: 482 Good splits: 459
Reward: 33740.9107557 Total splits: 487 Good splits: 467
Reward: 40845.6071254 Total splits: 497 Good splits: 479
Reward: 36491.3962436 Total splits: 453 Good splits: 421
Reward: 37715.9908518 Total splits: 508 Good splits: 478
Reward: 35847.7257955 Total splits: 486 Good splits: 472
Reward: 36750.8927252 Total splits: 496 Good splits: 475
Reward: 42289.8664169 Total splits: 476 Good splits: 451
Reward: 38751.6358432 Total splits: 496 Good splits: 470
Reward: 40475.6231096 Total splits: 489 Good splits: 462
Reward: 33155.1097605 Total splits: 499 Good splits: 484
Reward: 42624.1266577 Total splits: 467 Good splits: 445
Reward: 40469.267013 Total splits: 492 Good splits: 469
Reward: 40434.751139 Total splits: 505 Good splits: 481
Reward: 40166.0218126 Total splits: 472 Good splits: 451
Reward: 42860.2671766 Total splits: 477 Good splits: 454
Reward: 37091.6730769 Total splits: 464 Good splits: 443
Reward: 41382.3438522 Total splits: 519 Good splits: 490
Reward: 32957.0693413 Total splits: 501 Good splits: 484
Reward: 42824.766216 Total splits: 463 Good splits: 444
Reward: 38826.715091 Total splits: 469 Good splits: 449
Reward: 35333.0191089 Total splits: 508 Good splits: 488
Reward: 37826.8795509 Total splits: 487 Good splits: 466
Reward: 40550.7296821 Total splits: 510 Good splits: 491
Reward: 40018.770439 Total splits: 470 Good splits: 449
Reward: 30873.5807703 Total splits: 510 Good splits: 494
Reward: 40606.3992325 Total splits: 504 Good splits: 478
Reward: 41005.7910814 Total splits: 496 Good splits: 473
Reward: 42030.0571141 Total splits: 459 Good splits: 440
Reward: 37313.7894905 Total splits: 453 Good splits: 435
Reward: 41308.2607899 Total splits: 516 Good splits: 491
Reward: 40136.1313747 Total splits: 505 Good splits: 484
Reward: 34083.6501237 Total splits: 512 Good splits: 488
Reward: 39854.7704351 Total splits: 457 Good splits: 436
Reward: 40250.4994879 Total splits: 495 Good splits: 471
Reward: 34036.4355346 Total splits: 516 Good splits: 495
Reward: 38639.9225174 Total splits: 462 Good splits: 434
Reward: 40737.048353 Total splits: 501 Good splits: 481
Reward: 41343.9547905 Total splits: 509 Good splits: 488
Reward: 41383.9555018 Total splits: 499 Good splits: 479

Results after 100 tests
Average total rewards : 38493.3872111
Average total splits  : 484.9
Average good splits   : 461.76
Average good splits % : 95.2278820375

