Reward: 44082.7556989 Total splits: 281 Good splits: 271
Reward: 40659.5023513 Total splits: 298 Good splits: 285
Reward: 43664.7763239 Total splits: 274 Good splits: 258
Reward: 45661.2246805 Total splits: 285 Good splits: 276
Reward: 46243.3804706 Total splits: 269 Good splits: 256
Reward: 48190.8837497 Total splits: 258 Good splits: 245
Reward: 42993.8740139 Total splits: 263 Good splits: 246
Reward: 39621.8513146 Total splits: 260 Good splits: 247
Reward: 47982.2531283 Total splits: 258 Good splits: 249
Reward: 44577.1351051 Total splits: 272 Good splits: 261
Reward: 41997.9588221 Total splits: 264 Good splits: 249
Reward: 43768.2943149 Total splits: 255 Good splits: 240
Reward: 41173.4894558 Total splits: 276 Good splits: 260
Reward: 41992.2319485 Total splits: 245 Good splits: 233
Reward: 46325.3231257 Total splits: 300 Good splits: 279
Reward: 48337.1719241 Total splits: 263 Good splits: 255
Reward: 40248.4871106 Total splits: 249 Good splits: 227
Reward: 40108.7944713 Total splits: 282 Good splits: 265
Reward: 45433.6009573 Total splits: 283 Good splits: 269
Reward: 46673.0255162 Total splits: 258 Good splits: 247
Reward: 46903.9489721 Total splits: 267 Good splits: 256
Reward: 48386.8117897 Total splits: 299 Good splits: 283
Reward: 47559.4882453 Total splits: 271 Good splits: 255
Reward: 45609.9011618 Total splits: 269 Good splits: 252
Reward: 45904.7919996 Total splits: 275 Good splits: 260
Reward: 44008.8240232 Total splits: 253 Good splits: 236
Reward: 37987.5397902 Total splits: 249 Good splits: 237
Reward: 48176.5323769 Total splits: 287 Good splits: 273
Reward: 41262.4425515 Total splits: 264 Good splits: 253
Reward: 47790.1477905 Total splits: 275 Good splits: 270
Reward: 46712.9380223 Total splits: 296 Good splits: 288
Reward: 44800.6422798 Total splits: 264 Good splits: 253
Reward: 36786.6830171 Total splits: 265 Good splits: 251
Reward: 44706.9467354 Total splits: 253 Good splits: 238
Reward: 49089.7949479 Total splits: 265 Good splits: 249
Reward: 43828.804668 Total splits: 286 Good splits: 267
Reward: 46793.402693 Total splits: 293 Good splits: 276
Reward: 42679.5899769 Total splits: 269 Good splits: 256
Reward: 44699.5180902 Total splits: 258 Good splits: 244
Reward: 47501.8244225 Total splits: 277 Good splits: 266
Reward: 42989.4658434 Total splits: 257 Good splits: 245
Reward: 45522.888399 Total splits: 291 Good splits: 277
Reward: 44391.9480916 Total splits: 275 Good splits: 256
Reward: 43665.6509973 Total splits: 279 Good splits: 270
Reward: 44175.6798967 Total splits: 283 Good splits: 273
Reward: 43586.3585524 Total splits: 279 Good splits: 264
Reward: 45017.5744104 Total splits: 278 Good splits: 258
Reward: 44520.4673362 Total splits: 274 Good splits: 259
Reward: 44348.5078846 Total splits: 272 Good splits: 261
Reward: 41572.9159758 Total splits: 264 Good splits: 253
Reward: 42699.7421928 Total splits: 271 Good splits: 264
Reward: 45426.9007547 Total splits: 288 Good splits: 276
Reward: 46312.8748427 Total splits: 263 Good splits: 245
Reward: 44863.1821301 Total splits: 297 Good splits: 280
Reward: 37043.996769 Total splits: 269 Good splits: 246
Reward: 38634.255674 Total splits: 245 Good splits: 230
Reward: 38601.5271992 Total splits: 274 Good splits: 259
Reward: 43303.6374541 Total splits: 276 Good splits: 266
Reward: 46590.7644619 Total splits: 279 Good splits: 258
Reward: 38300.8644122 Total splits: 269 Good splits: 254
Reward: 43529.2647007 Total splits: 252 Good splits: 238
Reward: 40103.2135192 Total splits: 263 Good splits: 239
Reward: 43891.5186094 Total splits: 275 Good splits: 254
Reward: 45211.6631199 Total splits: 248 Good splits: 228
Reward: 40328.7723386 Total splits: 258 Good splits: 243
Reward: 44285.4849224 Total splits: 247 Good splits: 228
Reward: 44517.5535954 Total splits: 256 Good splits: 242
Reward: 45866.6163617 Total splits: 270 Good splits: 256
Reward: 41370.6054231 Total splits: 252 Good splits: 240
Reward: 43647.3329132 Total splits: 266 Good splits: 250
Reward: 45318.0313252 Total splits: 280 Good splits: 268
Reward: 46492.4602718 Total splits: 267 Good splits: 250
Reward: 44318.3304552 Total splits: 284 Good splits: 266
Reward: 43112.9785964 Total splits: 266 Good splits: 251
Reward: 45227.9797356 Total splits: 277 Good splits: 265
Reward: 43488.5812708 Total splits: 268 Good splits: 258
Reward: 41598.9854268 Total splits: 264 Good splits: 237
Reward: 49505.1102448 Total splits: 289 Good splits: 270
Reward: 39581.3981187 Total splits: 274 Good splits: 259
Reward: 45882.1015947 Total splits: 242 Good splits: 233
Reward: 46813.8482508 Total splits: 272 Good splits: 259
Reward: 43123.2518384 Total splits: 260 Good splits: 251
Reward: 44573.7996456 Total splits: 282 Good splits: 271
Reward: 38379.5567445 Total splits: 260 Good splits: 247
Reward: 47727.9164403 Total splits: 295 Good splits: 284
Reward: 45691.7230676 Total splits: 286 Good splits: 277
Reward: 44036.2416749 Total splits: 278 Good splits: 262
Reward: 46338.8977697 Total splits: 291 Good splits: 283
Reward: 41397.9652543 Total splits: 291 Good splits: 273
Reward: 44457.8775569 Total splits: 270 Good splits: 255
Reward: 45813.0954475 Total splits: 269 Good splits: 256
Reward: 47948.0346638 Total splits: 276 Good splits: 266
Reward: 43095.4360886 Total splits: 265 Good splits: 255
Reward: 45517.844512 Total splits: 264 Good splits: 259
Reward: 47954.3101603 Total splits: 253 Good splits: 241
Reward: 46442.3064323 Total splits: 317 Good splits: 304
Reward: 41130.5915366 Total splits: 267 Good splits: 256
Reward: 48153.4017866 Total splits: 271 Good splits: 262
Reward: 48973.2200868 Total splits: 282 Good splits: 272
Reward: 47080.9073532 Total splits: 287 Good splits: 272

Results after 100 tests
Average total rewards : 44244.2400017
Average total splits  : 271.45
Average good splits   : 257.55
Average good splits % : 94.8793516301

