Reward: 46779.4267198 Total splits: 333 Good splits: 308
Reward: 41050.3995142 Total splits: 345 Good splits: 328
Reward: 47827.0715139 Total splits: 331 Good splits: 313
Reward: 49112.98369 Total splits: 363 Good splits: 342
Reward: 48438.8892013 Total splits: 363 Good splits: 342
Reward: 48662.3208795 Total splits: 363 Good splits: 345
Reward: 46674.6392137 Total splits: 333 Good splits: 308
Reward: 50301.2713023 Total splits: 324 Good splits: 301
Reward: 46177.6323271 Total splits: 323 Good splits: 305
Reward: 47235.0485304 Total splits: 356 Good splits: 342
Reward: 50006.0443551 Total splits: 344 Good splits: 324
Reward: 48418.6860265 Total splits: 326 Good splits: 305
Reward: 42531.9348963 Total splits: 378 Good splits: 359
Reward: 42078.3379107 Total splits: 362 Good splits: 346
Reward: 44152.8935478 Total splits: 319 Good splits: 302
Reward: 45775.4713458 Total splits: 392 Good splits: 377
Reward: 49077.3331644 Total splits: 351 Good splits: 330
Reward: 42822.1256576 Total splits: 346 Good splits: 331
Reward: 45183.688635 Total splits: 343 Good splits: 325
Reward: 43487.8563989 Total splits: 340 Good splits: 322
Reward: 48082.2236559 Total splits: 344 Good splits: 314
Reward: 49297.8187059 Total splits: 313 Good splits: 301
Reward: 46932.7779395 Total splits: 337 Good splits: 319
Reward: 45516.8291521 Total splits: 365 Good splits: 346
Reward: 44179.2868868 Total splits: 344 Good splits: 317
Reward: 50083.1326507 Total splits: 347 Good splits: 338
Reward: 49326.8753846 Total splits: 364 Good splits: 340
Reward: 47107.8288141 Total splits: 346 Good splits: 325
Reward: 45376.890034 Total splits: 333 Good splits: 314
Reward: 49774.6598635 Total splits: 345 Good splits: 327
Reward: 47006.5850804 Total splits: 325 Good splits: 299
Reward: 49223.8335382 Total splits: 327 Good splits: 303
Reward: 48729.445452 Total splits: 348 Good splits: 326
Reward: 47810.8265526 Total splits: 337 Good splits: 313
Reward: 48280.75212 Total splits: 368 Good splits: 345
Reward: 43490.1630551 Total splits: 356 Good splits: 338
Reward: 46902.1085119 Total splits: 350 Good splits: 335
Reward: 50939.0676629 Total splits: 319 Good splits: 305
Reward: 43112.6663201 Total splits: 399 Good splits: 387
Reward: 48511.1075435 Total splits: 336 Good splits: 304
Reward: 46662.1414842 Total splits: 327 Good splits: 305
Reward: 49711.5995567 Total splits: 345 Good splits: 322
Reward: 45297.5745323 Total splits: 371 Good splits: 350
Reward: 47910.7707885 Total splits: 348 Good splits: 326
Reward: 46630.3095741 Total splits: 320 Good splits: 292
Reward: 38299.7159812 Total splits: 319 Good splits: 300
Reward: 44917.8900133 Total splits: 312 Good splits: 289
Reward: 49303.4569633 Total splits: 350 Good splits: 326
Reward: 43926.4762766 Total splits: 327 Good splits: 306
Reward: 48093.1687063 Total splits: 357 Good splits: 332
Reward: 48561.6753677 Total splits: 343 Good splits: 322
Reward: 47256.4171233 Total splits: 339 Good splits: 314
Reward: 45658.8765516 Total splits: 366 Good splits: 348
Reward: 45539.1997063 Total splits: 332 Good splits: 308
Reward: 45844.6352338 Total splits: 319 Good splits: 300
Reward: 45706.6615379 Total splits: 306 Good splits: 280
Reward: 46448.4836036 Total splits: 346 Good splits: 331
Reward: 46984.3990587 Total splits: 344 Good splits: 320
Reward: 48287.8623689 Total splits: 334 Good splits: 316
Reward: 47696.9218645 Total splits: 341 Good splits: 315
Reward: 43637.0285544 Total splits: 370 Good splits: 353
Reward: 46486.9755074 Total splits: 359 Good splits: 339
Reward: 48239.3492536 Total splits: 329 Good splits: 313
Reward: 49392.4513847 Total splits: 332 Good splits: 315
Reward: 46160.8035408 Total splits: 334 Good splits: 310
Reward: 47431.2923571 Total splits: 339 Good splits: 311
Reward: 47145.7708629 Total splits: 328 Good splits: 308
Reward: 49339.6454415 Total splits: 363 Good splits: 339
Reward: 46999.3767871 Total splits: 342 Good splits: 322
Reward: 48664.4370069 Total splits: 352 Good splits: 331
Reward: 42675.7806791 Total splits: 373 Good splits: 351
Reward: 47731.2254869 Total splits: 350 Good splits: 318
Reward: 48086.7838529 Total splits: 361 Good splits: 343
Reward: 46198.6734632 Total splits: 343 Good splits: 319
Reward: 44518.0834652 Total splits: 337 Good splits: 318
Reward: 47827.3414101 Total splits: 359 Good splits: 342
Reward: 49345.2032625 Total splits: 330 Good splits: 306
Reward: 41485.4287901 Total splits: 362 Good splits: 338
Reward: 44300.0723292 Total splits: 324 Good splits: 305
Reward: 49698.4932466 Total splits: 311 Good splits: 291
Reward: 44690.0989582 Total splits: 327 Good splits: 304
Reward: 48163.5585579 Total splits: 339 Good splits: 313
Reward: 49313.1523737 Total splits: 347 Good splits: 325
Reward: 37894.312261 Total splits: 376 Good splits: 350
Reward: 48899.602451 Total splits: 325 Good splits: 294
Reward: 43740.3537031 Total splits: 344 Good splits: 320
Reward: 49444.6416348 Total splits: 347 Good splits: 331
Reward: 48396.0425031 Total splits: 332 Good splits: 306
Reward: 49344.9979356 Total splits: 356 Good splits: 332
Reward: 47995.7548316 Total splits: 365 Good splits: 343
Reward: 49322.1313961 Total splits: 359 Good splits: 341
Reward: 48765.3816223 Total splits: 370 Good splits: 345
Reward: 45250.5507522 Total splits: 346 Good splits: 329
Reward: 50963.1270046 Total splits: 354 Good splits: 332
Reward: 43701.5365748 Total splits: 304 Good splits: 285
Reward: 45175.6113711 Total splits: 388 Good splits: 367
Reward: 44133.6921458 Total splits: 334 Good splits: 313
Reward: 47231.2810522 Total splits: 339 Good splits: 320
Reward: 47802.4603001 Total splits: 350 Good splits: 323
Reward: 46375.0195363 Total splits: 339 Good splits: 316

Results after 100 tests
Average total rewards : 46761.8469369
Average total splits  : 344.23
Average good splits   : 323.14
Average good splits % : 93.8732823984

