Reward: 50190.6766238 Total splits: 323 Good splits: 310
Reward: 44186.3102754 Total splits: 305 Good splits: 283
Reward: 46708.0495706 Total splits: 333 Good splits: 312
Reward: 48653.7153391 Total splits: 337 Good splits: 315
Reward: 48105.713195 Total splits: 350 Good splits: 325
Reward: 46067.3463412 Total splits: 339 Good splits: 312
Reward: 51343.1375859 Total splits: 311 Good splits: 288
Reward: 47370.8389391 Total splits: 322 Good splits: 305
Reward: 49826.7258301 Total splits: 323 Good splits: 312
Reward: 47398.5327041 Total splits: 340 Good splits: 318
Reward: 49882.0699057 Total splits: 325 Good splits: 307
Reward: 48447.1218258 Total splits: 364 Good splits: 334
Reward: 50225.5997674 Total splits: 336 Good splits: 313
Reward: 44808.2221601 Total splits: 301 Good splits: 276
Reward: 46154.2826925 Total splits: 278 Good splits: 253
Reward: 47800.8091751 Total splits: 291 Good splits: 265
Reward: 42176.6081218 Total splits: 341 Good splits: 324
Reward: 45586.6017759 Total splits: 304 Good splits: 286
Reward: 45837.7847301 Total splits: 325 Good splits: 308
Reward: 46937.4497999 Total splits: 342 Good splits: 319
Reward: 44731.3809188 Total splits: 331 Good splits: 310
Reward: 46121.779345 Total splits: 308 Good splits: 284
Reward: 47187.2327639 Total splits: 316 Good splits: 295
Reward: 47446.5619237 Total splits: 310 Good splits: 285
Reward: 47459.6420293 Total splits: 334 Good splits: 318
Reward: 48858.3849833 Total splits: 343 Good splits: 330
Reward: 43643.2899898 Total splits: 345 Good splits: 328
Reward: 44726.4002663 Total splits: 321 Good splits: 286
Reward: 50262.8382676 Total splits: 334 Good splits: 305
Reward: 49706.8658162 Total splits: 324 Good splits: 298
Reward: 49811.8997572 Total splits: 338 Good splits: 324
Reward: 50329.0665475 Total splits: 309 Good splits: 286
Reward: 44732.2584164 Total splits: 321 Good splits: 299
Reward: 50818.1311696 Total splits: 309 Good splits: 278
Reward: 51645.524889 Total splits: 320 Good splits: 295
Reward: 46155.3859227 Total splits: 366 Good splits: 355
Reward: 49568.7305608 Total splits: 320 Good splits: 297
Reward: 46535.0739151 Total splits: 322 Good splits: 292
Reward: 50573.4832425 Total splits: 349 Good splits: 325
Reward: 49148.5944711 Total splits: 316 Good splits: 300
Reward: 49932.6292926 Total splits: 339 Good splits: 323
Reward: 42877.9168045 Total splits: 341 Good splits: 313
Reward: 48236.0380002 Total splits: 304 Good splits: 282
Reward: 48207.5442576 Total splits: 346 Good splits: 320
Reward: 44367.4255483 Total splits: 313 Good splits: 287
Reward: 44628.3459687 Total splits: 337 Good splits: 324
Reward: 45527.5435602 Total splits: 323 Good splits: 303
Reward: 45236.9537037 Total splits: 342 Good splits: 324
Reward: 50084.8757984 Total splits: 341 Good splits: 320
Reward: 48998.243439 Total splits: 334 Good splits: 312
Reward: 47326.0270071 Total splits: 367 Good splits: 343
Reward: 46708.4879425 Total splits: 331 Good splits: 314
Reward: 41143.0673678 Total splits: 342 Good splits: 323
Reward: 49884.2527089 Total splits: 336 Good splits: 317
Reward: 50568.8096722 Total splits: 322 Good splits: 296
Reward: 49760.1551742 Total splits: 318 Good splits: 302
Reward: 49133.593166 Total splits: 329 Good splits: 312
Reward: 44385.2881397 Total splits: 329 Good splits: 311
Reward: 48360.2427556 Total splits: 328 Good splits: 308
Reward: 48231.0098918 Total splits: 364 Good splits: 347
Reward: 48062.1375962 Total splits: 326 Good splits: 308
Reward: 48884.1716324 Total splits: 315 Good splits: 291
Reward: 49006.1954897 Total splits: 280 Good splits: 258
Reward: 50231.0588565 Total splits: 338 Good splits: 312
Reward: 49688.6343699 Total splits: 345 Good splits: 328
Reward: 47906.1631099 Total splits: 330 Good splits: 314
Reward: 46510.9113809 Total splits: 311 Good splits: 297
Reward: 43755.8766299 Total splits: 345 Good splits: 327
Reward: 46306.6572619 Total splits: 336 Good splits: 314
Reward: 47316.1471027 Total splits: 324 Good splits: 294
Reward: 43339.0817695 Total splits: 369 Good splits: 351
Reward: 50758.3916219 Total splits: 304 Good splits: 284
Reward: 48956.3178978 Total splits: 343 Good splits: 318
Reward: 46413.0678175 Total splits: 303 Good splits: 281
Reward: 47675.8738508 Total splits: 336 Good splits: 320
Reward: 48181.7516547 Total splits: 332 Good splits: 307
Reward: 48924.6855924 Total splits: 325 Good splits: 300
Reward: 48829.2655412 Total splits: 312 Good splits: 286
Reward: 48050.7995007 Total splits: 275 Good splits: 259
Reward: 50274.6115075 Total splits: 333 Good splits: 313
Reward: 46190.7755746 Total splits: 303 Good splits: 284
Reward: 47064.179863 Total splits: 351 Good splits: 323
Reward: 44923.4585076 Total splits: 352 Good splits: 335
Reward: 49132.7641699 Total splits: 352 Good splits: 330
Reward: 49867.0623437 Total splits: 295 Good splits: 274
Reward: 45953.3694909 Total splits: 344 Good splits: 319
Reward: 42982.5846885 Total splits: 332 Good splits: 316
Reward: 48905.0820329 Total splits: 335 Good splits: 312
Reward: 50175.5999769 Total splits: 330 Good splits: 313
Reward: 47757.0003659 Total splits: 334 Good splits: 306
Reward: 50688.3335966 Total splits: 315 Good splits: 299
Reward: 41911.1955392 Total splits: 313 Good splits: 290
Reward: 51014.1773891 Total splits: 325 Good splits: 303
Reward: 47151.47221 Total splits: 349 Good splits: 328
Reward: 49436.8662324 Total splits: 334 Good splits: 312
Reward: 48943.639791 Total splits: 352 Good splits: 331
Reward: 45915.8385402 Total splits: 339 Good splits: 321
Reward: 47102.87494 Total splits: 322 Good splits: 305
Reward: 49408.1580483 Total splits: 344 Good splits: 324
Reward: 45029.3471873 Total splits: 354 Good splits: 332

Results after 100 tests
Average total rewards : 47593.9415243
Average total splits  : 328.69
Average good splits   : 307.55
Average good splits % : 93.5684079224

