Reward: 43985.9374066 Total splits: 320 Good splits: 296
Reward: 50056.2295662 Total splits: 319 Good splits: 300
Reward: 48115.4983723 Total splits: 324 Good splits: 300
Reward: 48423.8384821 Total splits: 333 Good splits: 313
Reward: 47226.9382603 Total splits: 327 Good splits: 308
Reward: 44450.5399324 Total splits: 320 Good splits: 299
Reward: 50745.264072 Total splits: 327 Good splits: 316
Reward: 49085.1326764 Total splits: 317 Good splits: 301
Reward: 46277.7371745 Total splits: 329 Good splits: 317
Reward: 48041.7695482 Total splits: 286 Good splits: 267
Reward: 47972.7855584 Total splits: 322 Good splits: 299
Reward: 48107.6338964 Total splits: 299 Good splits: 274
Reward: 47659.7156043 Total splits: 324 Good splits: 308
Reward: 48786.3783094 Total splits: 336 Good splits: 308
Reward: 49976.5503186 Total splits: 340 Good splits: 318
Reward: 49147.2441684 Total splits: 294 Good splits: 269
Reward: 48040.2432778 Total splits: 326 Good splits: 310
Reward: 50139.6423436 Total splits: 322 Good splits: 311
Reward: 48265.8233892 Total splits: 282 Good splits: 264
Reward: 48734.5093981 Total splits: 312 Good splits: 286
Reward: 49061.3467642 Total splits: 314 Good splits: 296
Reward: 50500.6518106 Total splits: 348 Good splits: 324
Reward: 49170.0428363 Total splits: 340 Good splits: 331
Reward: 50864.4575258 Total splits: 341 Good splits: 327
Reward: 49827.9647716 Total splits: 321 Good splits: 303
Reward: 48375.6468923 Total splits: 332 Good splits: 312
Reward: 44778.4563445 Total splits: 302 Good splits: 286
Reward: 50765.0790755 Total splits: 330 Good splits: 313
Reward: 50258.2274382 Total splits: 327 Good splits: 311
Reward: 50242.4682707 Total splits: 312 Good splits: 292
Reward: 50113.4207346 Total splits: 314 Good splits: 293
Reward: 46255.9315946 Total splits: 297 Good splits: 277
Reward: 49063.2412961 Total splits: 321 Good splits: 293
Reward: 51642.3211268 Total splits: 312 Good splits: 288
Reward: 45917.8346266 Total splits: 319 Good splits: 298
Reward: 49307.6751131 Total splits: 306 Good splits: 287
Reward: 50457.97919 Total splits: 294 Good splits: 275
Reward: 48386.1072895 Total splits: 315 Good splits: 303
Reward: 45127.0789399 Total splits: 293 Good splits: 267
Reward: 50647.9506802 Total splits: 311 Good splits: 291
Reward: 50634.1047391 Total splits: 309 Good splits: 291
Reward: 46847.7875703 Total splits: 341 Good splits: 327
Reward: 48691.651362 Total splits: 322 Good splits: 304
Reward: 49191.1271936 Total splits: 282 Good splits: 261
Reward: 50171.4398391 Total splits: 312 Good splits: 299
Reward: 50043.9427588 Total splits: 317 Good splits: 292
Reward: 47803.7332911 Total splits: 307 Good splits: 291
Reward: 45085.7820286 Total splits: 340 Good splits: 322
Reward: 47326.4211405 Total splits: 306 Good splits: 290
Reward: 45919.3468198 Total splits: 331 Good splits: 313
Reward: 48954.5917526 Total splits: 308 Good splits: 287
Reward: 45677.8294017 Total splits: 311 Good splits: 295
Reward: 45067.5241619 Total splits: 302 Good splits: 279
Reward: 47216.1861312 Total splits: 329 Good splits: 304
Reward: 48340.2029457 Total splits: 312 Good splits: 299
Reward: 49696.7699752 Total splits: 285 Good splits: 264
Reward: 50292.8931325 Total splits: 340 Good splits: 318
Reward: 49662.8186701 Total splits: 328 Good splits: 301
Reward: 49476.1974145 Total splits: 292 Good splits: 271
Reward: 47464.8782919 Total splits: 332 Good splits: 309
Reward: 49822.8571088 Total splits: 308 Good splits: 287
Reward: 50953.1726715 Total splits: 339 Good splits: 327
Reward: 46259.6355136 Total splits: 292 Good splits: 280
Reward: 48845.2044815 Total splits: 310 Good splits: 292
Reward: 45172.9016064 Total splits: 298 Good splits: 279
Reward: 49876.6187636 Total splits: 304 Good splits: 281
Reward: 49070.9903992 Total splits: 330 Good splits: 309
Reward: 50799.5320216 Total splits: 338 Good splits: 314
Reward: 47779.5134377 Total splits: 289 Good splits: 259
Reward: 50076.363319 Total splits: 321 Good splits: 300
Reward: 48565.305543 Total splits: 304 Good splits: 286
Reward: 46985.5475241 Total splits: 293 Good splits: 272
Reward: 42976.3967388 Total splits: 277 Good splits: 261
Reward: 36766.3334737 Total splits: 322 Good splits: 297
Reward: 50998.5332735 Total splits: 326 Good splits: 298
Reward: 44782.6990048 Total splits: 281 Good splits: 265
Reward: 50372.4849872 Total splits: 310 Good splits: 286
Reward: 51661.1817041 Total splits: 306 Good splits: 288
Reward: 42968.7138835 Total splits: 313 Good splits: 295
Reward: 43469.2239727 Total splits: 315 Good splits: 291
Reward: 50551.7362118 Total splits: 332 Good splits: 316
Reward: 49334.7107061 Total splits: 330 Good splits: 309
Reward: 48284.0360931 Total splits: 340 Good splits: 318
Reward: 48878.9153021 Total splits: 332 Good splits: 314
Reward: 48274.3806151 Total splits: 329 Good splits: 318
Reward: 48526.3953414 Total splits: 299 Good splits: 277
Reward: 44393.4805782 Total splits: 332 Good splits: 310
Reward: 49737.0954159 Total splits: 303 Good splits: 287
Reward: 45757.6607761 Total splits: 309 Good splits: 293
Reward: 45536.8953219 Total splits: 332 Good splits: 310
Reward: 48300.7193778 Total splits: 355 Good splits: 329
Reward: 46388.1758671 Total splits: 327 Good splits: 297
Reward: 47364.3928772 Total splits: 352 Good splits: 337
Reward: 48139.5674973 Total splits: 334 Good splits: 305
Reward: 45051.0515976 Total splits: 359 Good splits: 337
Reward: 48288.6420432 Total splits: 284 Good splits: 271
Reward: 46632.4221774 Total splits: 289 Good splits: 268
Reward: 49623.4054604 Total splits: 321 Good splits: 308
Reward: 47616.5127314 Total splits: 340 Good splits: 324
Reward: 50326.1755957 Total splits: 300 Good splits: 275

Results after 100 tests
Average total rewards : 48127.7810371
Average total splits  : 316.89
Average good splits   : 297.18
Average good splits % : 93.7801760863

