Reward: 50332.5368885 Total splits: 323 Good splits: 301
Reward: 44389.1883706 Total splits: 303 Good splits: 283
Reward: 49347.815191 Total splits: 310 Good splits: 294
Reward: 51078.554941 Total splits: 297 Good splits: 276
Reward: 47184.0000289 Total splits: 292 Good splits: 275
Reward: 49042.3229775 Total splits: 307 Good splits: 290
Reward: 48987.9514614 Total splits: 320 Good splits: 298
Reward: 47336.5722643 Total splits: 308 Good splits: 289
Reward: 48040.3471221 Total splits: 334 Good splits: 318
Reward: 50471.1180742 Total splits: 308 Good splits: 296
Reward: 48792.5328465 Total splits: 336 Good splits: 322
Reward: 44617.226335 Total splits: 264 Good splits: 246
Reward: 46598.8017687 Total splits: 273 Good splits: 255
Reward: 48233.4323253 Total splits: 306 Good splits: 285
Reward: 46914.4374995 Total splits: 300 Good splits: 276
Reward: 47073.8047832 Total splits: 273 Good splits: 249
Reward: 47001.7748688 Total splits: 280 Good splits: 264
Reward: 48751.5262608 Total splits: 307 Good splits: 288
Reward: 42654.1492972 Total splits: 275 Good splits: 264
Reward: 47695.3986959 Total splits: 279 Good splits: 261
Reward: 47852.1931401 Total splits: 293 Good splits: 272
Reward: 48223.8097172 Total splits: 301 Good splits: 274
Reward: 46237.1170511 Total splits: 325 Good splits: 314
Reward: 48039.9130748 Total splits: 310 Good splits: 285
Reward: 49526.8084053 Total splits: 317 Good splits: 302
Reward: 45765.1157916 Total splits: 286 Good splits: 267
Reward: 44222.4200231 Total splits: 273 Good splits: 255
Reward: 47319.3650554 Total splits: 297 Good splits: 276
Reward: 44084.5648618 Total splits: 296 Good splits: 268
Reward: 49825.5013029 Total splits: 311 Good splits: 294
Reward: 48149.8530402 Total splits: 295 Good splits: 265
Reward: 44383.7110707 Total splits: 314 Good splits: 299
Reward: 47785.6702984 Total splits: 297 Good splits: 275
Reward: 42439.973058 Total splits: 280 Good splits: 257
Reward: 49513.5339785 Total splits: 310 Good splits: 292
Reward: 47874.366448 Total splits: 280 Good splits: 259
Reward: 49444.4227009 Total splits: 341 Good splits: 322
Reward: 44710.5810906 Total splits: 292 Good splits: 271
Reward: 48262.8163567 Total splits: 294 Good splits: 275
Reward: 47891.5313389 Total splits: 301 Good splits: 280
Reward: 49155.0598817 Total splits: 320 Good splits: 305
Reward: 48786.8729074 Total splits: 323 Good splits: 307
Reward: 51047.0707905 Total splits: 338 Good splits: 328
Reward: 46551.9720728 Total splits: 308 Good splits: 289
Reward: 48680.5432283 Total splits: 294 Good splits: 276
Reward: 50994.7343657 Total splits: 330 Good splits: 315
Reward: 44317.8007862 Total splits: 325 Good splits: 300
Reward: 47597.5999728 Total splits: 304 Good splits: 286
Reward: 47262.7860571 Total splits: 337 Good splits: 316
Reward: 51605.2064819 Total splits: 314 Good splits: 298
Reward: 48269.5664283 Total splits: 311 Good splits: 292
Reward: 50487.3018575 Total splits: 289 Good splits: 263
Reward: 47111.569927 Total splits: 295 Good splits: 273
Reward: 46185.5689542 Total splits: 327 Good splits: 303
Reward: 42501.0387917 Total splits: 299 Good splits: 284
Reward: 50165.8392817 Total splits: 306 Good splits: 283
Reward: 47541.4996012 Total splits: 295 Good splits: 275
Reward: 48673.4752698 Total splits: 293 Good splits: 280
Reward: 46095.6787871 Total splits: 314 Good splits: 291
Reward: 51129.9204933 Total splits: 321 Good splits: 302
Reward: 48466.8871366 Total splits: 306 Good splits: 290
Reward: 45747.1712161 Total splits: 297 Good splits: 275
Reward: 50006.931123 Total splits: 306 Good splits: 274
Reward: 45704.5102989 Total splits: 282 Good splits: 266
Reward: 50535.8120424 Total splits: 331 Good splits: 307
Reward: 48399.3605658 Total splits: 316 Good splits: 298
Reward: 45846.9009984 Total splits: 332 Good splits: 314
Reward: 44103.4907635 Total splits: 310 Good splits: 294
Reward: 48141.1703326 Total splits: 295 Good splits: 274
Reward: 47184.7133343 Total splits: 285 Good splits: 266
Reward: 48669.5326822 Total splits: 325 Good splits: 302
Reward: 51725.8554215 Total splits: 313 Good splits: 291
Reward: 47101.8545192 Total splits: 319 Good splits: 297
Reward: 45769.6564539 Total splits: 321 Good splits: 302
Reward: 48463.4837699 Total splits: 303 Good splits: 284
Reward: 46766.0059653 Total splits: 289 Good splits: 276
Reward: 49130.7922564 Total splits: 306 Good splits: 289
Reward: 42913.4850341 Total splits: 276 Good splits: 261
Reward: 49898.8565307 Total splits: 292 Good splits: 272
Reward: 49785.5401609 Total splits: 319 Good splits: 305
Reward: 49998.8723757 Total splits: 301 Good splits: 277
Reward: 44666.6054093 Total splits: 308 Good splits: 290
Reward: 48920.2008901 Total splits: 303 Good splits: 285
Reward: 49349.0854866 Total splits: 312 Good splits: 297
Reward: 48080.8272505 Total splits: 303 Good splits: 290
Reward: 50449.9260727 Total splits: 301 Good splits: 286
Reward: 49925.3304085 Total splits: 302 Good splits: 282
Reward: 46929.7638807 Total splits: 287 Good splits: 274
Reward: 48143.4036267 Total splits: 320 Good splits: 305
Reward: 47996.4354595 Total splits: 299 Good splits: 285
Reward: 49442.8933886 Total splits: 315 Good splits: 293
Reward: 48721.6615728 Total splits: 309 Good splits: 281
Reward: 50134.475485 Total splits: 321 Good splits: 295
Reward: 45512.6775982 Total splits: 309 Good splits: 286
Reward: 48991.493655 Total splits: 297 Good splits: 274
Reward: 47514.7976277 Total splits: 299 Good splits: 275
Reward: 45016.7919288 Total splits: 317 Good splits: 297
Reward: 50907.5230019 Total splits: 327 Good splits: 306
Reward: 50171.096359 Total splits: 323 Good splits: 302
Reward: 43989.622418 Total splits: 316 Good splits: 302

Results after 100 tests
Average total rewards : 47794.8336024
Average total splits  : 305.43
Average good splits   : 286.17
Average good splits % : 93.6941361359

