Reward: 46248.6148633 Total splits: 299 Good splits: 284
Reward: 46654.9771801 Total splits: 309 Good splits: 287
Reward: 48851.5903057 Total splits: 304 Good splits: 278
Reward: 48025.7990356 Total splits: 304 Good splits: 286
Reward: 43118.4945085 Total splits: 305 Good splits: 280
Reward: 48644.1748854 Total splits: 312 Good splits: 292
Reward: 49522.0231643 Total splits: 331 Good splits: 316
Reward: 48431.4860468 Total splits: 286 Good splits: 266
Reward: 50675.0664283 Total splits: 305 Good splits: 287
Reward: 50452.0050445 Total splits: 300 Good splits: 282
Reward: 48007.8630457 Total splits: 329 Good splits: 319
Reward: 44646.4276649 Total splits: 300 Good splits: 282
Reward: 47822.9302902 Total splits: 278 Good splits: 257
Reward: 48464.1209762 Total splits: 301 Good splits: 285
Reward: 46049.2850545 Total splits: 324 Good splits: 301
Reward: 44785.7097022 Total splits: 257 Good splits: 240
Reward: 47255.8300512 Total splits: 309 Good splits: 295
Reward: 46922.2515095 Total splits: 283 Good splits: 265
Reward: 51144.3924438 Total splits: 313 Good splits: 295
Reward: 51347.2738817 Total splits: 285 Good splits: 269
Reward: 45430.398841 Total splits: 306 Good splits: 290
Reward: 46839.9838209 Total splits: 286 Good splits: 270
Reward: 49110.1088207 Total splits: 316 Good splits: 289
Reward: 45252.1636231 Total splits: 318 Good splits: 297
Reward: 46367.6299847 Total splits: 313 Good splits: 295
Reward: 47372.1706292 Total splits: 282 Good splits: 264
Reward: 47180.4461177 Total splits: 309 Good splits: 288
Reward: 45477.0993833 Total splits: 323 Good splits: 302
Reward: 50033.2423465 Total splits: 291 Good splits: 272
Reward: 50025.7636034 Total splits: 335 Good splits: 311
Reward: 49293.6397832 Total splits: 317 Good splits: 300
Reward: 50233.3908739 Total splits: 303 Good splits: 295
Reward: 47846.7055479 Total splits: 271 Good splits: 246
Reward: 46682.7942814 Total splits: 293 Good splits: 276
Reward: 47038.2002921 Total splits: 297 Good splits: 281
Reward: 45828.8696924 Total splits: 317 Good splits: 298
Reward: 48821.9392111 Total splits: 307 Good splits: 284
Reward: 42173.259275 Total splits: 316 Good splits: 310
Reward: 48844.5576212 Total splits: 307 Good splits: 289
Reward: 51719.7398323 Total splits: 294 Good splits: 277
Reward: 49444.2793531 Total splits: 302 Good splits: 285
Reward: 48362.29089 Total splits: 292 Good splits: 284
Reward: 43271.772303 Total splits: 281 Good splits: 268
Reward: 48288.9406821 Total splits: 304 Good splits: 286
Reward: 51044.368304 Total splits: 288 Good splits: 270
Reward: 47904.5076626 Total splits: 305 Good splits: 290
Reward: 43860.0569045 Total splits: 319 Good splits: 300
Reward: 50456.9650131 Total splits: 320 Good splits: 302
Reward: 47908.2388212 Total splits: 321 Good splits: 306
Reward: 45380.2047106 Total splits: 308 Good splits: 298
Reward: 47263.1481591 Total splits: 336 Good splits: 317
Reward: 44887.968604 Total splits: 319 Good splits: 305
Reward: 50706.9228829 Total splits: 310 Good splits: 293
Reward: 46339.3772913 Total splits: 309 Good splits: 288
Reward: 47581.3994035 Total splits: 318 Good splits: 295
Reward: 48205.3878711 Total splits: 313 Good splits: 298
Reward: 47575.7088666 Total splits: 296 Good splits: 279
Reward: 42706.0911012 Total splits: 301 Good splits: 272
Reward: 45413.9474102 Total splits: 305 Good splits: 281
Reward: 48564.0344702 Total splits: 306 Good splits: 290
Reward: 48769.0347725 Total splits: 308 Good splits: 288
Reward: 48941.9740092 Total splits: 297 Good splits: 278
Reward: 45897.1937378 Total splits: 301 Good splits: 289
Reward: 48335.0877604 Total splits: 290 Good splits: 269
Reward: 48795.8695259 Total splits: 282 Good splits: 263
Reward: 49099.5616174 Total splits: 295 Good splits: 271
Reward: 44859.8104229 Total splits: 270 Good splits: 251
Reward: 47368.5310332 Total splits: 290 Good splits: 265
Reward: 44854.7824737 Total splits: 281 Good splits: 260
Reward: 50071.9577032 Total splits: 336 Good splits: 314
Reward: 50308.8609787 Total splits: 320 Good splits: 302
Reward: 46263.1439659 Total splits: 294 Good splits: 279
Reward: 48545.7287809 Total splits: 286 Good splits: 275
Reward: 45350.219224 Total splits: 313 Good splits: 296
Reward: 47793.5261593 Total splits: 308 Good splits: 288
Reward: 42243.0605322 Total splits: 282 Good splits: 258
Reward: 45769.8970377 Total splits: 316 Good splits: 295
Reward: 50866.1612684 Total splits: 299 Good splits: 283
Reward: 49017.1007397 Total splits: 321 Good splits: 310
Reward: 50060.9843405 Total splits: 290 Good splits: 263
Reward: 42645.1291859 Total splits: 302 Good splits: 289
Reward: 49206.2674574 Total splits: 313 Good splits: 297
Reward: 48219.6301127 Total splits: 302 Good splits: 290
Reward: 45691.5573937 Total splits: 302 Good splits: 286
Reward: 43150.7588485 Total splits: 273 Good splits: 249
Reward: 51057.8067715 Total splits: 314 Good splits: 299
Reward: 47391.1732791 Total splits: 310 Good splits: 294
Reward: 48540.4510222 Total splits: 324 Good splits: 310
Reward: 43329.808765 Total splits: 332 Good splits: 313
Reward: 49636.5968301 Total splits: 285 Good splits: 269
Reward: 51164.3498772 Total splits: 311 Good splits: 291
Reward: 46221.1208225 Total splits: 277 Good splits: 255
Reward: 48877.0894529 Total splits: 310 Good splits: 291
Reward: 42206.9052713 Total splits: 317 Good splits: 303
Reward: 43900.9400037 Total splits: 321 Good splits: 309
Reward: 48657.863201 Total splits: 287 Good splits: 272
Reward: 49435.1853267 Total splits: 300 Good splits: 289
Reward: 47717.1740392 Total splits: 290 Good splits: 276
Reward: 49258.4307538 Total splits: 295 Good splits: 282
Reward: 47945.3492594 Total splits: 306 Good splits: 287

Results after 100 tests
Average total rewards : 47512.7410413
Average total splits  : 303.38
Average good splits   : 285.55
Average good splits % : 94.1228821939

