Reward: 44138.3551122 Total splits: 272 Good splits: 260
Reward: 45626.0510361 Total splits: 296 Good splits: 281
Reward: 45876.3299864 Total splits: 271 Good splits: 251
Reward: 48140.5884662 Total splits: 294 Good splits: 272
Reward: 43299.2390669 Total splits: 282 Good splits: 264
Reward: 48627.44263 Total splits: 302 Good splits: 289
Reward: 48289.6210413 Total splits: 300 Good splits: 284
Reward: 45927.3949229 Total splits: 274 Good splits: 255
Reward: 48429.3064478 Total splits: 303 Good splits: 289
Reward: 35737.515189 Total splits: 272 Good splits: 259
Reward: 48225.8330046 Total splits: 288 Good splits: 272
Reward: 48084.2704715 Total splits: 303 Good splits: 294
Reward: 49212.1849152 Total splits: 293 Good splits: 279
Reward: 47242.4267941 Total splits: 311 Good splits: 299
Reward: 47509.6261903 Total splits: 313 Good splits: 300
Reward: 46568.1939055 Total splits: 309 Good splits: 288
Reward: 49883.7790311 Total splits: 300 Good splits: 278
Reward: 48596.5738797 Total splits: 313 Good splits: 300
Reward: 40919.1944132 Total splits: 284 Good splits: 270
Reward: 44731.819572 Total splits: 296 Good splits: 279
Reward: 49258.2597468 Total splits: 277 Good splits: 267
Reward: 49615.9998407 Total splits: 277 Good splits: 260
Reward: 47603.289265 Total splits: 311 Good splits: 297
Reward: 46707.8067375 Total splits: 290 Good splits: 274
Reward: 45065.2952193 Total splits: 278 Good splits: 261
Reward: 46246.8823011 Total splits: 290 Good splits: 277
Reward: 49246.2561832 Total splits: 286 Good splits: 273
Reward: 43904.8442003 Total splits: 290 Good splits: 275
Reward: 48164.3572267 Total splits: 267 Good splits: 251
Reward: 44508.5199712 Total splits: 297 Good splits: 278
Reward: 47229.5348867 Total splits: 293 Good splits: 275
Reward: 45518.1999692 Total splits: 302 Good splits: 292
Reward: 50697.8791418 Total splits: 287 Good splits: 277
Reward: 43026.8470023 Total splits: 286 Good splits: 274
Reward: 45505.2633009 Total splits: 263 Good splits: 248
Reward: 44857.2245108 Total splits: 287 Good splits: 275
Reward: 45290.3774713 Total splits: 287 Good splits: 272
Reward: 48114.7231858 Total splits: 321 Good splits: 304
Reward: 46725.1246864 Total splits: 313 Good splits: 296
Reward: 46618.7086311 Total splits: 339 Good splits: 325
Reward: 46301.7018023 Total splits: 308 Good splits: 290
Reward: 46330.3112663 Total splits: 285 Good splits: 269
Reward: 43042.4853985 Total splits: 280 Good splits: 264
Reward: 49109.0399509 Total splits: 329 Good splits: 321
Reward: 44861.9914152 Total splits: 301 Good splits: 290
Reward: 47577.9571821 Total splits: 273 Good splits: 257
Reward: 45608.272106 Total splits: 295 Good splits: 274
Reward: 47066.6955435 Total splits: 304 Good splits: 291
Reward: 49532.6691505 Total splits: 290 Good splits: 274
Reward: 49270.6746491 Total splits: 313 Good splits: 300
Reward: 44019.0309 Total splits: 274 Good splits: 250
Reward: 45926.5087117 Total splits: 314 Good splits: 297
Reward: 44762.3925979 Total splits: 274 Good splits: 260
Reward: 48582.1233412 Total splits: 292 Good splits: 276
Reward: 48453.532361 Total splits: 297 Good splits: 287
Reward: 45179.6663683 Total splits: 298 Good splits: 281
Reward: 48719.8351235 Total splits: 261 Good splits: 247
Reward: 43571.7897092 Total splits: 296 Good splits: 278
Reward: 41575.2260256 Total splits: 285 Good splits: 268
Reward: 50072.6244638 Total splits: 321 Good splits: 309
Reward: 44448.6589642 Total splits: 302 Good splits: 288
Reward: 50004.9810127 Total splits: 292 Good splits: 269
Reward: 44209.2373289 Total splits: 284 Good splits: 267
Reward: 49799.8802042 Total splits: 307 Good splits: 293
Reward: 44536.6996382 Total splits: 302 Good splits: 286
Reward: 45205.5521413 Total splits: 304 Good splits: 292
Reward: 41889.1436314 Total splits: 307 Good splits: 293
Reward: 45563.1837331 Total splits: 301 Good splits: 285
Reward: 31354.1312905 Total splits: 258 Good splits: 244
Reward: 48003.2309487 Total splits: 307 Good splits: 291
Reward: 48232.1040652 Total splits: 271 Good splits: 252
Reward: 48463.7585483 Total splits: 293 Good splits: 282
Reward: 50736.5171775 Total splits: 309 Good splits: 290
Reward: 47874.9174897 Total splits: 285 Good splits: 274
Reward: 46252.1426887 Total splits: 307 Good splits: 299
Reward: 42276.4088653 Total splits: 295 Good splits: 276
Reward: 48525.6667401 Total splits: 321 Good splits: 299
Reward: 46329.2184752 Total splits: 286 Good splits: 268
Reward: 45130.4342834 Total splits: 310 Good splits: 293
Reward: 44591.8899677 Total splits: 289 Good splits: 274
Reward: 44751.906918 Total splits: 288 Good splits: 273
Reward: 50727.8099043 Total splits: 306 Good splits: 292
Reward: 46173.5540404 Total splits: 273 Good splits: 262
Reward: 50294.3791654 Total splits: 289 Good splits: 280
Reward: 48925.0879372 Total splits: 310 Good splits: 294
Reward: 49921.3137375 Total splits: 296 Good splits: 280
Reward: 46002.8806639 Total splits: 283 Good splits: 270
Reward: 49337.2030654 Total splits: 314 Good splits: 299
Reward: 46142.5879349 Total splits: 290 Good splits: 269
Reward: 44050.5304389 Total splits: 292 Good splits: 278
Reward: 49018.1230878 Total splits: 312 Good splits: 297
Reward: 48092.8526311 Total splits: 290 Good splits: 285
Reward: 45609.4897736 Total splits: 296 Good splits: 281
Reward: 48389.3271353 Total splits: 307 Good splits: 289
Reward: 51514.4115494 Total splits: 313 Good splits: 302
Reward: 46376.6454157 Total splits: 302 Good splits: 289
Reward: 46212.5752859 Total splits: 302 Good splits: 290
Reward: 44253.3313947 Total splits: 273 Good splits: 257
Reward: 45469.9009543 Total splits: 297 Good splits: 286
Reward: 40518.7387543 Total splits: 295 Good splits: 284

Results after 100 tests
Average total rewards : 46437.460746
Average total splits  : 294.65
Average good splits   : 279.69
Average good splits % : 94.9227897506

