Reward: 43604.522805 Total splits: 289 Good splits: 269
Reward: 45623.6141392 Total splits: 287 Good splits: 272
Reward: 41739.3913725 Total splits: 282 Good splits: 265
Reward: 49200.9141481 Total splits: 295 Good splits: 282
Reward: 45170.7005406 Total splits: 283 Good splits: 261
Reward: 42611.257341 Total splits: 279 Good splits: 258
Reward: 44485.2058648 Total splits: 280 Good splits: 266
Reward: 44092.1166407 Total splits: 282 Good splits: 271
Reward: 40253.9188444 Total splits: 288 Good splits: 273
Reward: 43268.2587434 Total splits: 290 Good splits: 273
Reward: 42407.6814139 Total splits: 258 Good splits: 238
Reward: 45951.831168 Total splits: 292 Good splits: 275
Reward: 43525.9091702 Total splits: 263 Good splits: 249
Reward: 42841.662553 Total splits: 291 Good splits: 275
Reward: 46248.7182035 Total splits: 299 Good splits: 276
Reward: 41973.5227382 Total splits: 296 Good splits: 279
Reward: 46249.20486 Total splits: 283 Good splits: 263
Reward: 48074.430758 Total splits: 298 Good splits: 283
Reward: 48651.064032 Total splits: 288 Good splits: 274
Reward: 46997.2202275 Total splits: 274 Good splits: 252
Reward: 47180.0967016 Total splits: 291 Good splits: 275
Reward: 44858.6091981 Total splits: 267 Good splits: 250
Reward: 47013.4565347 Total splits: 290 Good splits: 274
Reward: 45370.1243764 Total splits: 276 Good splits: 254
Reward: 44745.1051718 Total splits: 283 Good splits: 268
Reward: 50014.4462334 Total splits: 293 Good splits: 282
Reward: 47526.9116554 Total splits: 311 Good splits: 298
Reward: 40760.4915075 Total splits: 275 Good splits: 261
Reward: 47290.7130768 Total splits: 309 Good splits: 293
Reward: 43397.1550428 Total splits: 302 Good splits: 286
Reward: 47524.6995024 Total splits: 264 Good splits: 250
Reward: 43019.5442529 Total splits: 284 Good splits: 268
Reward: 50258.4623334 Total splits: 313 Good splits: 293
Reward: 44609.8811666 Total splits: 293 Good splits: 282
Reward: 42948.2691786 Total splits: 286 Good splits: 269
Reward: 44245.0559031 Total splits: 314 Good splits: 300
Reward: 49139.3660287 Total splits: 306 Good splits: 283
Reward: 42296.7156998 Total splits: 293 Good splits: 280
Reward: 47536.0404123 Total splits: 269 Good splits: 261
Reward: 43676.093767 Total splits: 269 Good splits: 252
Reward: 48839.2722055 Total splits: 301 Good splits: 290
Reward: 43622.403001 Total splits: 277 Good splits: 256
Reward: 45060.5215015 Total splits: 269 Good splits: 252
Reward: 47049.5727327 Total splits: 286 Good splits: 271
Reward: 48872.6601482 Total splits: 292 Good splits: 276
Reward: 43636.3980593 Total splits: 296 Good splits: 282
Reward: 43430.7142597 Total splits: 269 Good splits: 250
Reward: 45954.8619324 Total splits: 273 Good splits: 259
Reward: 45933.8352577 Total splits: 278 Good splits: 261
Reward: 44908.0952209 Total splits: 293 Good splits: 276
Reward: 41691.3734628 Total splits: 276 Good splits: 263
Reward: 42674.5586255 Total splits: 278 Good splits: 265
Reward: 46183.0682457 Total splits: 292 Good splits: 272
Reward: 47294.2471884 Total splits: 299 Good splits: 284
Reward: 46541.1146468 Total splits: 292 Good splits: 279
Reward: 44636.8173999 Total splits: 281 Good splits: 259
Reward: 40429.9420231 Total splits: 269 Good splits: 256
Reward: 46940.9615771 Total splits: 286 Good splits: 274
Reward: 48147.255555 Total splits: 303 Good splits: 288
Reward: 45445.5135192 Total splits: 264 Good splits: 251
Reward: 48027.2087353 Total splits: 251 Good splits: 236
Reward: 47661.4765276 Total splits: 265 Good splits: 248
Reward: 46515.906975 Total splits: 279 Good splits: 270
Reward: 48538.5178367 Total splits: 269 Good splits: 255
Reward: 45455.7091638 Total splits: 305 Good splits: 286
Reward: 46368.4510575 Total splits: 297 Good splits: 282
Reward: 42151.415338 Total splits: 268 Good splits: 251
Reward: 42883.514754 Total splits: 286 Good splits: 268
Reward: 45781.1178777 Total splits: 262 Good splits: 253
Reward: 46397.2004744 Total splits: 285 Good splits: 268
Reward: 41626.5626622 Total splits: 279 Good splits: 269
Reward: 39671.72459 Total splits: 274 Good splits: 252
Reward: 45687.2917829 Total splits: 297 Good splits: 284
Reward: 48544.4289342 Total splits: 281 Good splits: 270
Reward: 46143.981168 Total splits: 308 Good splits: 296
Reward: 43265.9629783 Total splits: 285 Good splits: 275
Reward: 49602.7330759 Total splits: 305 Good splits: 290
Reward: 44624.1340051 Total splits: 284 Good splits: 271
Reward: 43818.4695408 Total splits: 310 Good splits: 297
Reward: 41144.6507879 Total splits: 269 Good splits: 255
Reward: 45782.3489183 Total splits: 290 Good splits: 276
Reward: 45015.4765956 Total splits: 281 Good splits: 265
Reward: 45418.5255418 Total splits: 311 Good splits: 303
Reward: 42975.2605238 Total splits: 262 Good splits: 243
Reward: 46069.4971571 Total splits: 272 Good splits: 259
Reward: 45499.6782717 Total splits: 271 Good splits: 259
Reward: 46333.9600071 Total splits: 276 Good splits: 260
Reward: 43524.6051263 Total splits: 281 Good splits: 264
Reward: 45530.8529374 Total splits: 276 Good splits: 263
Reward: 44375.0354506 Total splits: 264 Good splits: 250
Reward: 44532.0386079 Total splits: 285 Good splits: 272
Reward: 44979.7817903 Total splits: 288 Good splits: 271
Reward: 42297.5288502 Total splits: 282 Good splits: 266
Reward: 50778.1555265 Total splits: 275 Good splits: 260
Reward: 47651.6706605 Total splits: 289 Good splits: 267
Reward: 49862.5599196 Total splits: 281 Good splits: 263
Reward: 45429.7514371 Total splits: 292 Good splits: 281
Reward: 42511.9118768 Total splits: 268 Good splits: 250
Reward: 47974.8337421 Total splits: 279 Good splits: 263
Reward: 46767.147656 Total splits: 276 Good splits: 259

Results after 100 tests
Average total rewards : 45308.9664873
Average total splits  : 284.17
Average good splits   : 268.67
Average good splits % : 94.5455185276

