Reward: 47068.2687219 Total splits: 299 Good splits: 281
Reward: 50349.7355811 Total splits: 301 Good splits: 289
Reward: 37219.2609892 Total splits: 282 Good splits: 260
Reward: 48608.1895752 Total splits: 281 Good splits: 270
Reward: 46454.0970001 Total splits: 279 Good splits: 267
Reward: 41861.2288547 Total splits: 266 Good splits: 250
Reward: 48200.1277388 Total splits: 292 Good splits: 278
Reward: 49003.1736588 Total splits: 271 Good splits: 264
Reward: 44885.5786174 Total splits: 292 Good splits: 274
Reward: 42107.3566551 Total splits: 299 Good splits: 285
Reward: 48003.372376 Total splits: 304 Good splits: 290
Reward: 42061.4435397 Total splits: 285 Good splits: 276
Reward: 41124.6839916 Total splits: 281 Good splits: 259
Reward: 44510.760851 Total splits: 302 Good splits: 276
Reward: 49757.5609895 Total splits: 298 Good splits: 287
Reward: 44547.6153814 Total splits: 286 Good splits: 273
Reward: 50048.6605424 Total splits: 290 Good splits: 285
Reward: 40280.6802833 Total splits: 268 Good splits: 245
Reward: 49086.4957082 Total splits: 312 Good splits: 299
Reward: 47536.6425218 Total splits: 326 Good splits: 313
Reward: 48362.2050153 Total splits: 291 Good splits: 279
Reward: 45832.4161266 Total splits: 277 Good splits: 260
Reward: 41933.0119598 Total splits: 299 Good splits: 280
Reward: 47885.967506 Total splits: 304 Good splits: 294
Reward: 43915.7695928 Total splits: 278 Good splits: 261
Reward: 44956.3912615 Total splits: 257 Good splits: 242
Reward: 44832.4501778 Total splits: 314 Good splits: 297
Reward: 41925.5560227 Total splits: 276 Good splits: 253
Reward: 43266.4807238 Total splits: 287 Good splits: 271
Reward: 45053.5491245 Total splits: 313 Good splits: 293
Reward: 43994.6688935 Total splits: 278 Good splits: 268
Reward: 43359.7285814 Total splits: 285 Good splits: 269
Reward: 46113.8068275 Total splits: 297 Good splits: 280
Reward: 45662.6269018 Total splits: 307 Good splits: 287
Reward: 44452.1843647 Total splits: 276 Good splits: 256
Reward: 49154.5398993 Total splits: 283 Good splits: 270
Reward: 40577.3624173 Total splits: 248 Good splits: 239
Reward: 40185.7482742 Total splits: 296 Good splits: 280
Reward: 44604.1947601 Total splits: 289 Good splits: 276
Reward: 48740.0063013 Total splits: 322 Good splits: 315
Reward: 42849.2194018 Total splits: 270 Good splits: 253
Reward: 47417.1310394 Total splits: 306 Good splits: 285
Reward: 45698.7357323 Total splits: 285 Good splits: 281
Reward: 47960.5118789 Total splits: 278 Good splits: 265
Reward: 50722.5974785 Total splits: 302 Good splits: 289
Reward: 44556.9152921 Total splits: 297 Good splits: 278
Reward: 48306.9593284 Total splits: 297 Good splits: 279
Reward: 46129.4760474 Total splits: 316 Good splits: 303
Reward: 49766.1774867 Total splits: 303 Good splits: 286
Reward: 49066.923158 Total splits: 303 Good splits: 292
Reward: 40057.9306722 Total splits: 282 Good splits: 269
Reward: 48785.5569281 Total splits: 278 Good splits: 266
Reward: 40726.4209581 Total splits: 286 Good splits: 272
Reward: 44671.5621227 Total splits: 287 Good splits: 274
Reward: 45348.0543777 Total splits: 284 Good splits: 274
Reward: 46775.3525778 Total splits: 320 Good splits: 312
Reward: 47384.9075516 Total splits: 309 Good splits: 297
Reward: 41747.6711655 Total splits: 292 Good splits: 283
Reward: 47478.4312221 Total splits: 286 Good splits: 272
Reward: 48394.7439446 Total splits: 283 Good splits: 269
Reward: 44953.9279533 Total splits: 275 Good splits: 263
Reward: 47610.4096168 Total splits: 269 Good splits: 257
Reward: 46546.3522508 Total splits: 305 Good splits: 299
Reward: 41660.0221425 Total splits: 308 Good splits: 286
Reward: 43759.2246168 Total splits: 306 Good splits: 291
Reward: 44355.5668242 Total splits: 281 Good splits: 268
Reward: 42117.2273809 Total splits: 296 Good splits: 280
Reward: 43280.1717313 Total splits: 278 Good splits: 264
Reward: 44297.89457 Total splits: 293 Good splits: 275
Reward: 48856.8961193 Total splits: 318 Good splits: 306
Reward: 45226.7204447 Total splits: 277 Good splits: 264
Reward: 42905.6101724 Total splits: 283 Good splits: 271
Reward: 40347.7575848 Total splits: 306 Good splits: 296
Reward: 40961.5756138 Total splits: 293 Good splits: 277
Reward: 40844.045631 Total splits: 290 Good splits: 275
Reward: 43410.5285528 Total splits: 283 Good splits: 269
Reward: 45130.0727447 Total splits: 296 Good splits: 286
Reward: 48444.2226906 Total splits: 289 Good splits: 276
Reward: 43031.7611615 Total splits: 306 Good splits: 289
Reward: 44702.4033979 Total splits: 299 Good splits: 286
Reward: 43602.4747312 Total splits: 260 Good splits: 249
Reward: 46049.5894809 Total splits: 284 Good splits: 273
Reward: 45397.0613331 Total splits: 283 Good splits: 268
Reward: 41786.0755402 Total splits: 298 Good splits: 282
Reward: 48610.7748421 Total splits: 305 Good splits: 290
Reward: 43155.5542838 Total splits: 290 Good splits: 274
Reward: 49229.6410829 Total splits: 290 Good splits: 271
Reward: 43019.6911986 Total splits: 295 Good splits: 277
Reward: 50042.185641 Total splits: 293 Good splits: 284
Reward: 46228.4313992 Total splits: 280 Good splits: 266
Reward: 42649.4964145 Total splits: 276 Good splits: 264
Reward: 42769.5335923 Total splits: 297 Good splits: 285
Reward: 42845.9647044 Total splits: 295 Good splits: 272
Reward: 44410.8054313 Total splits: 281 Good splits: 266
Reward: 43351.0532093 Total splits: 286 Good splits: 268
Reward: 44296.6378831 Total splits: 291 Good splits: 282
Reward: 43653.6360628 Total splits: 318 Good splits: 304
Reward: 45092.9547859 Total splits: 312 Good splits: 296
Reward: 43334.7704883 Total splits: 277 Good splits: 266
Reward: 46462.4730727 Total splits: 297 Good splits: 284

Results after 100 tests
Average total rewards : 45098.0007305
Average total splits  : 291.14
Average good splits   : 276.89
Average good splits % : 95.105447551

