Reward: 35029.0306064 Total splits: 471 Good splits: 452
Reward: 38231.8495453 Total splits: 485 Good splits: 465
Reward: 40274.9830405 Total splits: 514 Good splits: 489
Reward: 34002.6239092 Total splits: 487 Good splits: 467
Reward: 33514.1742143 Total splits: 574 Good splits: 552
Reward: 39812.2199812 Total splits: 521 Good splits: 506
Reward: 40365.0149787 Total splits: 500 Good splits: 489
Reward: 40457.0224253 Total splits: 487 Good splits: 461
Reward: 35429.0742955 Total splits: 517 Good splits: 499
Reward: 42050.1939269 Total splits: 514 Good splits: 493
Reward: 38822.5790279 Total splits: 495 Good splits: 467
Reward: 36190.1084158 Total splits: 515 Good splits: 498
Reward: 39857.6528586 Total splits: 510 Good splits: 492
Reward: 38810.7901948 Total splits: 504 Good splits: 480
Reward: 39095.6523488 Total splits: 515 Good splits: 500
Reward: 35225.0652397 Total splits: 537 Good splits: 520
Reward: 39715.6819268 Total splits: 514 Good splits: 500
Reward: 42962.4733418 Total splits: 507 Good splits: 492
Reward: 41843.6145048 Total splits: 508 Good splits: 487
Reward: 39494.4569143 Total splits: 506 Good splits: 488
Reward: 40743.8860075 Total splits: 510 Good splits: 499
Reward: 36377.264663 Total splits: 500 Good splits: 471
Reward: 34722.4663437 Total splits: 547 Good splits: 523
Reward: 38548.4040927 Total splits: 544 Good splits: 523
Reward: 37826.0162744 Total splits: 506 Good splits: 488
Reward: 38781.5576902 Total splits: 506 Good splits: 485
Reward: 39381.9382662 Total splits: 533 Good splits: 510
Reward: 42020.8746632 Total splits: 482 Good splits: 462
Reward: 38739.0325167 Total splits: 521 Good splits: 498
Reward: 40938.4581092 Total splits: 539 Good splits: 524
Reward: 38083.3839059 Total splits: 523 Good splits: 510
Reward: 41371.906695 Total splits: 495 Good splits: 473
Reward: 30584.4516957 Total splits: 525 Good splits: 504
Reward: 40257.2888938 Total splits: 528 Good splits: 513
Reward: 39421.9399924 Total splits: 520 Good splits: 504
Reward: 36218.9635175 Total splits: 527 Good splits: 509
Reward: 40489.252747 Total splits: 528 Good splits: 510
Reward: 40877.6073464 Total splits: 515 Good splits: 486
Reward: 36836.9639718 Total splits: 534 Good splits: 520
Reward: 40344.7560459 Total splits: 507 Good splits: 489
Reward: 39305.6036793 Total splits: 500 Good splits: 481
Reward: 41249.9214998 Total splits: 503 Good splits: 483
Reward: 38025.9551126 Total splits: 516 Good splits: 497
Reward: 38164.1394878 Total splits: 507 Good splits: 477
Reward: 38069.5238183 Total splits: 484 Good splits: 467
Reward: 37590.8471171 Total splits: 519 Good splits: 500
Reward: 38567.5279174 Total splits: 498 Good splits: 482
Reward: 36350.0702347 Total splits: 551 Good splits: 532
Reward: 34817.5205387 Total splits: 522 Good splits: 505
Reward: 38254.8329529 Total splits: 498 Good splits: 477
Reward: 38166.995754 Total splits: 534 Good splits: 517
Reward: 39867.643636 Total splits: 519 Good splits: 495
Reward: 35335.921941 Total splits: 504 Good splits: 481
Reward: 36846.8482465 Total splits: 538 Good splits: 515
Reward: 36096.8982626 Total splits: 528 Good splits: 513
Reward: 35693.7891906 Total splits: 540 Good splits: 520
Reward: 41041.3670035 Total splits: 513 Good splits: 497
Reward: 40422.0811519 Total splits: 505 Good splits: 496
Reward: 37889.898499 Total splits: 529 Good splits: 506
Reward: 36663.5140433 Total splits: 525 Good splits: 512
Reward: 40679.6739641 Total splits: 514 Good splits: 495
Reward: 39926.52457 Total splits: 483 Good splits: 465
Reward: 39609.3085105 Total splits: 494 Good splits: 478
Reward: 38913.1216122 Total splits: 487 Good splits: 474
Reward: 40800.6757073 Total splits: 492 Good splits: 466
Reward: 36652.6544544 Total splits: 540 Good splits: 528
Reward: 40488.1989346 Total splits: 533 Good splits: 518
Reward: 39866.5397353 Total splits: 490 Good splits: 472
Reward: 37658.3176484 Total splits: 461 Good splits: 443
Reward: 41605.0017992 Total splits: 534 Good splits: 519
Reward: 37614.7767004 Total splits: 534 Good splits: 517
Reward: 39472.2282812 Total splits: 557 Good splits: 545
Reward: 39128.7490315 Total splits: 478 Good splits: 461
Reward: 35334.5047505 Total splits: 505 Good splits: 489
Reward: 41716.0648644 Total splits: 474 Good splits: 457
Reward: 40918.3613201 Total splits: 505 Good splits: 486
Reward: 39341.1523599 Total splits: 518 Good splits: 505
Reward: 37595.4552962 Total splits: 500 Good splits: 483
Reward: 31734.2728065 Total splits: 531 Good splits: 518
Reward: 39616.9288318 Total splits: 499 Good splits: 480
Reward: 35626.002125 Total splits: 540 Good splits: 517
Reward: 41747.899977 Total splits: 519 Good splits: 493
Reward: 37198.4456136 Total splits: 545 Good splits: 517
Reward: 40112.724413 Total splits: 516 Good splits: 496
Reward: 39471.0641469 Total splits: 511 Good splits: 497
Reward: 40058.5857722 Total splits: 527 Good splits: 513
Reward: 40751.8001456 Total splits: 536 Good splits: 512
Reward: 41532.8793143 Total splits: 487 Good splits: 474
Reward: 40915.4339597 Total splits: 483 Good splits: 465
Reward: 37132.548771 Total splits: 496 Good splits: 476
Reward: 39993.227984 Total splits: 505 Good splits: 489
Reward: 39217.7533571 Total splits: 509 Good splits: 490
Reward: 35721.1277185 Total splits: 536 Good splits: 509
Reward: 40785.4301629 Total splits: 529 Good splits: 514
Reward: 28030.9779448 Total splits: 511 Good splits: 496
Reward: 39248.407763 Total splits: 529 Good splits: 520
Reward: 39525.0322133 Total splits: 549 Good splits: 537
Reward: 40964.757093 Total splits: 459 Good splits: 440
Reward: 35519.4894814 Total splits: 511 Good splits: 492
Reward: 34305.7508488 Total splits: 544 Good splits: 524

Results after 100 tests
Average total rewards : 38487.0342521
Average total splits  : 513.75
Average good splits   : 495.21
Average good splits % : 96.3912408759

