Reward: 47395.2713463 Total splits: 330 Good splits: 320
Reward: 46754.8398289 Total splits: 318 Good splits: 305
Reward: 48879.9723865 Total splits: 304 Good splits: 283
Reward: 51730.7506362 Total splits: 326 Good splits: 315
Reward: 46662.7277744 Total splits: 282 Good splits: 270
Reward: 50505.6507324 Total splits: 305 Good splits: 281
Reward: 45782.6419718 Total splits: 307 Good splits: 294
Reward: 49264.5965408 Total splits: 320 Good splits: 296
Reward: 47165.000429 Total splits: 318 Good splits: 303
Reward: 50875.6524768 Total splits: 336 Good splits: 326
Reward: 45267.3810213 Total splits: 310 Good splits: 290
Reward: 48240.8443732 Total splits: 309 Good splits: 292
Reward: 49933.8117665 Total splits: 315 Good splits: 297
Reward: 50351.2523868 Total splits: 322 Good splits: 305
Reward: 47854.7818765 Total splits: 263 Good splits: 243
Reward: 48455.0062196 Total splits: 305 Good splits: 292
Reward: 47068.1433588 Total splits: 298 Good splits: 283
Reward: 49440.84085 Total splits: 313 Good splits: 301
Reward: 48754.1765532 Total splits: 301 Good splits: 289
Reward: 49730.6041956 Total splits: 310 Good splits: 294
Reward: 44235.5649978 Total splits: 291 Good splits: 275
Reward: 51247.8213175 Total splits: 309 Good splits: 294
Reward: 51333.0342311 Total splits: 292 Good splits: 282
Reward: 49312.915259 Total splits: 330 Good splits: 320
Reward: 50083.2421454 Total splits: 286 Good splits: 270
Reward: 48864.1125038 Total splits: 329 Good splits: 318
Reward: 51151.9187518 Total splits: 318 Good splits: 297
Reward: 43850.4477635 Total splits: 312 Good splits: 288
Reward: 47509.0454969 Total splits: 307 Good splits: 284
Reward: 48479.6574645 Total splits: 326 Good splits: 312
Reward: 44288.0437786 Total splits: 324 Good splits: 309
Reward: 46265.1789998 Total splits: 305 Good splits: 286
Reward: 47610.4659166 Total splits: 296 Good splits: 281
Reward: 46993.3028402 Total splits: 318 Good splits: 301
Reward: 50659.9595218 Total splits: 311 Good splits: 293
Reward: 46455.9620409 Total splits: 330 Good splits: 315
Reward: 46621.7636245 Total splits: 316 Good splits: 291
Reward: 44382.0388939 Total splits: 322 Good splits: 305
Reward: 50355.0842249 Total splits: 301 Good splits: 287
Reward: 45265.7490166 Total splits: 297 Good splits: 279
Reward: 50023.4203442 Total splits: 299 Good splits: 285
Reward: 51382.268559 Total splits: 306 Good splits: 296
Reward: 50408.546623 Total splits: 332 Good splits: 314
Reward: 49149.0993599 Total splits: 311 Good splits: 292
Reward: 50890.225098 Total splits: 319 Good splits: 304
Reward: 46730.457647 Total splits: 293 Good splits: 280
Reward: 48994.2742178 Total splits: 298 Good splits: 284
Reward: 49730.2402716 Total splits: 315 Good splits: 296
Reward: 48673.5459091 Total splits: 298 Good splits: 281
Reward: 50485.300517 Total splits: 303 Good splits: 286
Reward: 44929.9295082 Total splits: 307 Good splits: 282
Reward: 50070.5050481 Total splits: 294 Good splits: 274
Reward: 50787.7494992 Total splits: 340 Good splits: 324
Reward: 50384.5705895 Total splits: 319 Good splits: 304
Reward: 46452.100723 Total splits: 305 Good splits: 287
Reward: 50631.3209476 Total splits: 314 Good splits: 302
Reward: 48681.3779006 Total splits: 325 Good splits: 304
Reward: 50500.7585627 Total splits: 305 Good splits: 290
Reward: 50097.1588968 Total splits: 300 Good splits: 284
Reward: 48329.6528836 Total splits: 330 Good splits: 314
Reward: 48611.3202894 Total splits: 314 Good splits: 297
Reward: 50694.5037092 Total splits: 278 Good splits: 262
Reward: 47449.7292057 Total splits: 328 Good splits: 315
Reward: 49559.0528941 Total splits: 303 Good splits: 287
Reward: 49276.462516 Total splits: 326 Good splits: 310
Reward: 47595.6462124 Total splits: 316 Good splits: 300
Reward: 44959.116513 Total splits: 305 Good splits: 289
Reward: 50712.4836658 Total splits: 339 Good splits: 324
Reward: 47143.5122247 Total splits: 285 Good splits: 271
Reward: 49620.5422224 Total splits: 323 Good splits: 307
Reward: 46132.8371839 Total splits: 324 Good splits: 310
Reward: 42556.7957533 Total splits: 312 Good splits: 296
Reward: 43644.9841089 Total splits: 285 Good splits: 269
Reward: 48467.1327115 Total splits: 305 Good splits: 288
Reward: 50911.9896141 Total splits: 301 Good splits: 290
Reward: 51317.4476288 Total splits: 300 Good splits: 283
Reward: 48582.760743 Total splits: 333 Good splits: 311
Reward: 49263.5459466 Total splits: 310 Good splits: 285
Reward: 42491.3073033 Total splits: 334 Good splits: 318
Reward: 48483.9487491 Total splits: 334 Good splits: 312
Reward: 50713.1217129 Total splits: 292 Good splits: 275
Reward: 44496.9963359 Total splits: 298 Good splits: 288
Reward: 48912.1376713 Total splits: 297 Good splits: 283
Reward: 47861.9083728 Total splits: 301 Good splits: 288
Reward: 51826.8530793 Total splits: 319 Good splits: 304
Reward: 47059.1268624 Total splits: 297 Good splits: 283
Reward: 48019.794588 Total splits: 325 Good splits: 306
Reward: 51161.6565004 Total splits: 343 Good splits: 334
Reward: 50916.3942238 Total splits: 316 Good splits: 295
Reward: 47976.6414759 Total splits: 297 Good splits: 284
Reward: 46983.1498177 Total splits: 286 Good splits: 269
Reward: 48614.4112917 Total splits: 331 Good splits: 314
Reward: 50070.7252233 Total splits: 318 Good splits: 304
Reward: 49781.0797047 Total splits: 345 Good splits: 328
Reward: 47534.7988736 Total splits: 295 Good splits: 271
Reward: 50910.3326588 Total splits: 314 Good splits: 295
Reward: 44878.0465874 Total splits: 286 Good splits: 270
Reward: 47671.1231324 Total splits: 285 Good splits: 267
Reward: 48330.9388582 Total splits: 293 Good splits: 273
Reward: 48282.593029 Total splits: 312 Good splits: 290

Results after 100 tests
Average total rewards : 48418.8870781
Average total splits  : 310.3
Average good splits   : 293.94
Average good splits % : 94.7276828875

