Reward: 48990.6631915 Total splits: 315 Good splits: 295
Reward: 46302.1063334 Total splits: 324 Good splits: 308
Reward: 46803.3436212 Total splits: 321 Good splits: 310
Reward: 47826.988035 Total splits: 278 Good splits: 266
Reward: 47534.046037 Total splits: 287 Good splits: 271
Reward: 50199.7331868 Total splits: 315 Good splits: 301
Reward: 46316.3267908 Total splits: 293 Good splits: 273
Reward: 49947.0726848 Total splits: 296 Good splits: 279
Reward: 42878.3255578 Total splits: 311 Good splits: 297
Reward: 50077.7022557 Total splits: 308 Good splits: 291
Reward: 46416.8869144 Total splits: 316 Good splits: 304
Reward: 49848.6543998 Total splits: 311 Good splits: 295
Reward: 45441.5709087 Total splits: 306 Good splits: 282
Reward: 47581.7648631 Total splits: 304 Good splits: 288
Reward: 47342.0211186 Total splits: 308 Good splits: 297
Reward: 44423.2572778 Total splits: 275 Good splits: 264
Reward: 51045.087517 Total splits: 307 Good splits: 292
Reward: 49668.6155693 Total splits: 300 Good splits: 287
Reward: 45976.0940954 Total splits: 318 Good splits: 305
Reward: 43896.6872585 Total splits: 291 Good splits: 276
Reward: 44248.0134115 Total splits: 280 Good splits: 258
Reward: 46567.1142207 Total splits: 287 Good splits: 278
Reward: 47765.231932 Total splits: 262 Good splits: 251
Reward: 47155.1272094 Total splits: 284 Good splits: 271
Reward: 49881.7087488 Total splits: 301 Good splits: 282
Reward: 42738.8257327 Total splits: 266 Good splits: 256
Reward: 48511.6483646 Total splits: 298 Good splits: 283
Reward: 49618.2624971 Total splits: 311 Good splits: 301
Reward: 51049.0923799 Total splits: 300 Good splits: 287
Reward: 46039.1813677 Total splits: 289 Good splits: 268
Reward: 44256.7337302 Total splits: 286 Good splits: 267
Reward: 41384.9115875 Total splits: 270 Good splits: 250
Reward: 44988.9313131 Total splits: 298 Good splits: 291
Reward: 46638.5746608 Total splits: 316 Good splits: 302
Reward: 49047.8090617 Total splits: 300 Good splits: 285
Reward: 46588.8107731 Total splits: 279 Good splits: 264
Reward: 48504.7463749 Total splits: 317 Good splits: 304
Reward: 46373.3262131 Total splits: 292 Good splits: 280
Reward: 45684.1597114 Total splits: 296 Good splits: 281
Reward: 43984.7677747 Total splits: 320 Good splits: 302
Reward: 47935.8167684 Total splits: 309 Good splits: 291
Reward: 46831.213362 Total splits: 312 Good splits: 298
Reward: 48992.4390147 Total splits: 294 Good splits: 279
Reward: 46521.3302418 Total splits: 326 Good splits: 313
Reward: 48373.6139683 Total splits: 294 Good splits: 287
Reward: 45739.1466724 Total splits: 289 Good splits: 276
Reward: 48151.1960422 Total splits: 295 Good splits: 277
Reward: 43889.8711677 Total splits: 265 Good splits: 250
Reward: 48130.9504885 Total splits: 302 Good splits: 290
Reward: 45587.1965953 Total splits: 276 Good splits: 260
Reward: 45385.4223357 Total splits: 308 Good splits: 293
Reward: 47615.2849083 Total splits: 299 Good splits: 286
Reward: 48473.2671129 Total splits: 308 Good splits: 289
Reward: 46008.2669762 Total splits: 319 Good splits: 306
Reward: 48236.803542 Total splits: 290 Good splits: 276
Reward: 47369.4415746 Total splits: 293 Good splits: 275
Reward: 45287.4496567 Total splits: 315 Good splits: 297
Reward: 49394.863113 Total splits: 269 Good splits: 249
Reward: 45258.4067766 Total splits: 308 Good splits: 293
Reward: 50987.2321729 Total splits: 307 Good splits: 291
Reward: 47616.3077391 Total splits: 314 Good splits: 299
Reward: 49168.8910523 Total splits: 294 Good splits: 274
Reward: 47344.4561141 Total splits: 298 Good splits: 288
Reward: 44772.1668233 Total splits: 281 Good splits: 270
Reward: 43948.0602659 Total splits: 286 Good splits: 266
Reward: 49374.6317149 Total splits: 274 Good splits: 258
Reward: 45159.6659309 Total splits: 292 Good splits: 276
Reward: 51286.8300392 Total splits: 332 Good splits: 319
Reward: 44164.0596357 Total splits: 301 Good splits: 282
Reward: 47302.0246328 Total splits: 295 Good splits: 284
Reward: 47442.0807349 Total splits: 291 Good splits: 283
Reward: 47037.2468681 Total splits: 261 Good splits: 243
Reward: 50568.0829994 Total splits: 289 Good splits: 277
Reward: 46748.3953603 Total splits: 287 Good splits: 271
Reward: 50899.5041315 Total splits: 326 Good splits: 314
Reward: 46969.0680671 Total splits: 296 Good splits: 276
Reward: 43485.5436352 Total splits: 328 Good splits: 314
Reward: 47806.4993116 Total splits: 319 Good splits: 312
Reward: 45759.1046349 Total splits: 285 Good splits: 273
Reward: 48143.8181508 Total splits: 306 Good splits: 293
Reward: 43522.8009685 Total splits: 307 Good splits: 292
Reward: 47689.8570879 Total splits: 313 Good splits: 293
Reward: 48839.1666925 Total splits: 302 Good splits: 291
Reward: 42773.5624246 Total splits: 297 Good splits: 286
Reward: 48314.7643959 Total splits: 313 Good splits: 300
Reward: 46942.6773505 Total splits: 292 Good splits: 279
Reward: 49007.9521773 Total splits: 309 Good splits: 295
Reward: 47647.2751392 Total splits: 313 Good splits: 295
Reward: 48861.2771577 Total splits: 299 Good splits: 284
Reward: 50541.2718636 Total splits: 294 Good splits: 278
Reward: 47609.5897075 Total splits: 316 Good splits: 301
Reward: 47369.4865987 Total splits: 300 Good splits: 291
Reward: 46154.1821863 Total splits: 298 Good splits: 287
Reward: 49768.8285222 Total splits: 312 Good splits: 295
Reward: 50979.9308612 Total splits: 312 Good splits: 295
Reward: 47579.2723256 Total splits: 298 Good splits: 283
Reward: 49933.1315049 Total splits: 312 Good splits: 297
Reward: 51701.0508074 Total splits: 292 Good splits: 278
Reward: 48386.0066878 Total splits: 291 Good splits: 270
Reward: 48916.5516771 Total splits: 288 Good splits: 275

Results after 100 tests
Average total rewards : 47312.4821115
Average total splits  : 299.27
Average good splits   : 284.55
Average good splits % : 95.081364654

