Reward: 47564.1673576 Total splits: 320 Good splits: 299
Reward: 45292.169231 Total splits: 353 Good splits: 333
Reward: 46006.7348545 Total splits: 354 Good splits: 333
Reward: 48234.4156884 Total splits: 353 Good splits: 329
Reward: 46540.6166279 Total splits: 336 Good splits: 314
Reward: 48107.3027651 Total splits: 317 Good splits: 292
Reward: 50061.8821701 Total splits: 346 Good splits: 334
Reward: 45752.8454706 Total splits: 346 Good splits: 324
Reward: 50518.1209444 Total splits: 326 Good splits: 312
Reward: 45570.200348 Total splits: 327 Good splits: 305
Reward: 46947.5161433 Total splits: 339 Good splits: 324
Reward: 48738.7818531 Total splits: 363 Good splits: 335
Reward: 47459.7926485 Total splits: 338 Good splits: 323
Reward: 48271.514167 Total splits: 385 Good splits: 364
Reward: 44997.0221719 Total splits: 349 Good splits: 331
Reward: 50206.5597745 Total splits: 311 Good splits: 295
Reward: 48066.1019346 Total splits: 325 Good splits: 309
Reward: 46233.9083053 Total splits: 339 Good splits: 320
Reward: 50014.4708603 Total splits: 341 Good splits: 321
Reward: 51085.4996477 Total splits: 327 Good splits: 308
Reward: 48538.4711338 Total splits: 298 Good splits: 285
Reward: 49645.6090374 Total splits: 355 Good splits: 336
Reward: 51110.9725798 Total splits: 325 Good splits: 307
Reward: 50224.0029561 Total splits: 307 Good splits: 284
Reward: 46635.3192254 Total splits: 347 Good splits: 333
Reward: 45945.0686211 Total splits: 354 Good splits: 341
Reward: 46500.7793053 Total splits: 338 Good splits: 327
Reward: 49337.8608942 Total splits: 304 Good splits: 282
Reward: 45108.4406688 Total splits: 341 Good splits: 323
Reward: 43151.8383072 Total splits: 338 Good splits: 316
Reward: 47321.2753069 Total splits: 329 Good splits: 311
Reward: 47427.1850092 Total splits: 312 Good splits: 293
Reward: 48914.3530481 Total splits: 349 Good splits: 331
Reward: 42369.8857663 Total splits: 333 Good splits: 312
Reward: 50119.5108181 Total splits: 289 Good splits: 273
Reward: 47711.35825 Total splits: 346 Good splits: 328
Reward: 45712.7802162 Total splits: 339 Good splits: 322
Reward: 46988.0207561 Total splits: 377 Good splits: 367
Reward: 47766.5117496 Total splits: 319 Good splits: 302
Reward: 50353.5140094 Total splits: 338 Good splits: 325
Reward: 47744.0833741 Total splits: 350 Good splits: 329
Reward: 48591.3945404 Total splits: 324 Good splits: 294
Reward: 47135.518674 Total splits: 337 Good splits: 322
Reward: 48954.6831956 Total splits: 341 Good splits: 318
Reward: 49453.3800651 Total splits: 299 Good splits: 280
Reward: 49212.7434039 Total splits: 290 Good splits: 273
Reward: 49142.8814436 Total splits: 311 Good splits: 300
Reward: 46812.1815233 Total splits: 325 Good splits: 294
Reward: 46180.4268748 Total splits: 333 Good splits: 309
Reward: 50128.3698444 Total splits: 300 Good splits: 282
Reward: 45612.9062175 Total splits: 341 Good splits: 324
Reward: 48142.7031671 Total splits: 348 Good splits: 325
Reward: 51004.1936449 Total splits: 294 Good splits: 285
Reward: 48590.6092487 Total splits: 315 Good splits: 295
Reward: 49815.2103154 Total splits: 353 Good splits: 338
Reward: 48557.7433125 Total splits: 316 Good splits: 304
Reward: 49838.1946218 Total splits: 356 Good splits: 339
Reward: 49294.2356797 Total splits: 316 Good splits: 297
Reward: 47173.075889 Total splits: 335 Good splits: 316
Reward: 45298.0807115 Total splits: 335 Good splits: 317
Reward: 43843.0518947 Total splits: 332 Good splits: 316
Reward: 47539.9197972 Total splits: 336 Good splits: 315
Reward: 46982.1607234 Total splits: 323 Good splits: 305
Reward: 47904.7717202 Total splits: 335 Good splits: 323
Reward: 49014.5284502 Total splits: 331 Good splits: 313
Reward: 49432.0171435 Total splits: 348 Good splits: 328
Reward: 47973.8084997 Total splits: 325 Good splits: 307
Reward: 45383.332703 Total splits: 365 Good splits: 345
Reward: 49018.4224667 Total splits: 377 Good splits: 358
Reward: 50269.3866587 Total splits: 317 Good splits: 297
Reward: 47177.7229364 Total splits: 331 Good splits: 315
Reward: 46182.2540158 Total splits: 310 Good splits: 289
Reward: 50130.6689485 Total splits: 322 Good splits: 304
Reward: 43498.9290314 Total splits: 332 Good splits: 311
Reward: 49617.4999156 Total splits: 376 Good splits: 353
Reward: 47776.9402015 Total splits: 328 Good splits: 308
Reward: 51068.9557325 Total splits: 343 Good splits: 326
Reward: 42894.4579053 Total splits: 291 Good splits: 277
Reward: 50336.8113318 Total splits: 344 Good splits: 318
Reward: 46879.8410526 Total splits: 338 Good splits: 320
Reward: 49750.3375283 Total splits: 333 Good splits: 314
Reward: 47777.8295206 Total splits: 350 Good splits: 337
Reward: 41562.9043282 Total splits: 343 Good splits: 326
Reward: 50985.7066254 Total splits: 331 Good splits: 315
Reward: 46873.664829 Total splits: 372 Good splits: 358
Reward: 46225.4680265 Total splits: 345 Good splits: 332
Reward: 46101.2381351 Total splits: 338 Good splits: 329
Reward: 45457.4115645 Total splits: 367 Good splits: 353
Reward: 50587.3776653 Total splits: 353 Good splits: 334
Reward: 51206.48756 Total splits: 313 Good splits: 289
Reward: 47374.6084579 Total splits: 355 Good splits: 335
Reward: 47052.8744331 Total splits: 343 Good splits: 331
Reward: 49468.2786102 Total splits: 327 Good splits: 308
Reward: 50170.6719907 Total splits: 331 Good splits: 318
Reward: 47317.3257462 Total splits: 313 Good splits: 299
Reward: 48387.0911603 Total splits: 354 Good splits: 333
Reward: 51398.656908 Total splits: 307 Good splits: 287
Reward: 47498.7552387 Total splits: 347 Good splits: 330
Reward: 48740.4600194 Total splits: 312 Good splits: 296
Reward: 48744.008791 Total splits: 318 Good splits: 307

Results after 100 tests
Average total rewards : 47888.4163464
Average total splits  : 334.08
Average good splits   : 316.03
Average good splits % : 94.5971024904

