Reward: 49325.5324808 Total splits: 332 Good splits: 317
Reward: 44856.4292138 Total splits: 323 Good splits: 306
Reward: 41740.8977562 Total splits: 297 Good splits: 280
Reward: 47090.8001542 Total splits: 317 Good splits: 299
Reward: 47541.9334526 Total splits: 312 Good splits: 299
Reward: 43884.2827788 Total splits: 304 Good splits: 288
Reward: 47518.7783985 Total splits: 295 Good splits: 281
Reward: 50708.2704052 Total splits: 293 Good splits: 279
Reward: 45155.336996 Total splits: 323 Good splits: 307
Reward: 49896.9557262 Total splits: 303 Good splits: 291
Reward: 51448.7964725 Total splits: 333 Good splits: 317
Reward: 44808.5678552 Total splits: 308 Good splits: 297
Reward: 47582.4318149 Total splits: 315 Good splits: 301
Reward: 44740.3489592 Total splits: 282 Good splits: 266
Reward: 47646.6645019 Total splits: 331 Good splits: 314
Reward: 50683.5140235 Total splits: 311 Good splits: 296
Reward: 45997.735713 Total splits: 307 Good splits: 285
Reward: 48419.5764277 Total splits: 284 Good splits: 274
Reward: 48439.0189851 Total splits: 312 Good splits: 289
Reward: 49406.8752876 Total splits: 300 Good splits: 289
Reward: 48248.7689069 Total splits: 276 Good splits: 263
Reward: 49369.5898241 Total splits: 304 Good splits: 289
Reward: 46408.4844043 Total splits: 327 Good splits: 306
Reward: 50187.9493299 Total splits: 317 Good splits: 300
Reward: 45446.3908029 Total splits: 278 Good splits: 266
Reward: 44069.7003837 Total splits: 296 Good splits: 281
Reward: 46936.9430512 Total splits: 324 Good splits: 311
Reward: 47047.3111766 Total splits: 316 Good splits: 303
Reward: 46120.3372224 Total splits: 287 Good splits: 277
Reward: 48642.5305595 Total splits: 321 Good splits: 300
Reward: 49965.126337 Total splits: 309 Good splits: 292
Reward: 46930.8283849 Total splits: 308 Good splits: 279
Reward: 48254.2627189 Total splits: 314 Good splits: 298
Reward: 46812.3886961 Total splits: 304 Good splits: 289
Reward: 48376.0687263 Total splits: 316 Good splits: 300
Reward: 44069.9403611 Total splits: 309 Good splits: 287
Reward: 49895.5746654 Total splits: 308 Good splits: 293
Reward: 47837.4205502 Total splits: 302 Good splits: 289
Reward: 49062.5982827 Total splits: 301 Good splits: 284
Reward: 46652.1627461 Total splits: 296 Good splits: 279
Reward: 47241.6521637 Total splits: 264 Good splits: 251
Reward: 48720.3687693 Total splits: 305 Good splits: 296
Reward: 45788.5238804 Total splits: 304 Good splits: 292
Reward: 49717.4690098 Total splits: 305 Good splits: 290
Reward: 49577.1779542 Total splits: 288 Good splits: 266
Reward: 49260.1214102 Total splits: 314 Good splits: 291
Reward: 43518.6510398 Total splits: 310 Good splits: 297
Reward: 50792.2289557 Total splits: 310 Good splits: 294
Reward: 45266.7598248 Total splits: 309 Good splits: 292
Reward: 51059.0487876 Total splits: 296 Good splits: 287
Reward: 42457.9493869 Total splits: 314 Good splits: 294
Reward: 44229.0521358 Total splits: 314 Good splits: 299
Reward: 50051.0836325 Total splits: 300 Good splits: 278
Reward: 51462.9321535 Total splits: 291 Good splits: 274
Reward: 43206.1440159 Total splits: 315 Good splits: 306
Reward: 47974.9933749 Total splits: 310 Good splits: 291
Reward: 47397.4715493 Total splits: 315 Good splits: 298
Reward: 43519.765002 Total splits: 298 Good splits: 286
Reward: 49199.3125434 Total splits: 291 Good splits: 274
Reward: 44199.331036 Total splits: 319 Good splits: 309
Reward: 48940.2674414 Total splits: 286 Good splits: 276
Reward: 49331.8039597 Total splits: 326 Good splits: 304
Reward: 49698.2765301 Total splits: 311 Good splits: 289
Reward: 48106.5860551 Total splits: 292 Good splits: 276
Reward: 45683.2713538 Total splits: 320 Good splits: 306
Reward: 41004.2061119 Total splits: 299 Good splits: 289
Reward: 49150.663438 Total splits: 315 Good splits: 299
Reward: 48387.9503249 Total splits: 303 Good splits: 288
Reward: 45725.3708487 Total splits: 303 Good splits: 288
Reward: 44479.2461158 Total splits: 293 Good splits: 274
Reward: 45064.8322198 Total splits: 296 Good splits: 279
Reward: 51130.8758307 Total splits: 304 Good splits: 288
Reward: 44464.9754431 Total splits: 277 Good splits: 262
Reward: 48109.2140697 Total splits: 326 Good splits: 309
Reward: 48287.0062001 Total splits: 277 Good splits: 265
Reward: 50861.1292184 Total splits: 295 Good splits: 277
Reward: 45633.169236 Total splits: 318 Good splits: 305
Reward: 51064.9538551 Total splits: 301 Good splits: 290
Reward: 48658.2758263 Total splits: 305 Good splits: 283
Reward: 46995.5944738 Total splits: 300 Good splits: 280
Reward: 48971.6641605 Total splits: 278 Good splits: 260
Reward: 47951.9506043 Total splits: 312 Good splits: 298
Reward: 44680.8824977 Total splits: 273 Good splits: 265
Reward: 48950.2569865 Total splits: 307 Good splits: 292
Reward: 46721.4671508 Total splits: 293 Good splits: 276
Reward: 50517.3242086 Total splits: 303 Good splits: 291
Reward: 45694.7224882 Total splits: 299 Good splits: 285
Reward: 49518.7990992 Total splits: 310 Good splits: 290
Reward: 45584.8126446 Total splits: 304 Good splits: 288
Reward: 48547.6244968 Total splits: 296 Good splits: 282
Reward: 47414.9294841 Total splits: 309 Good splits: 297
Reward: 45527.8933929 Total splits: 283 Good splits: 268
Reward: 49437.9594379 Total splits: 305 Good splits: 288
Reward: 50893.7738907 Total splits: 285 Good splits: 274
Reward: 47754.2844793 Total splits: 295 Good splits: 279
Reward: 45853.2073584 Total splits: 294 Good splits: 283
Reward: 43798.4359175 Total splits: 298 Good splits: 275
Reward: 39848.92966 Total splits: 295 Good splits: 285
Reward: 45509.346471 Total splits: 295 Good splits: 278
Reward: 51284.7997821 Total splits: 316 Good splits: 309

Results after 100 tests
Average total rewards : 47371.0789392
Average total splits  : 303.64
Average good splits   : 288.16
Average good splits % : 94.9018574628

