Reward: 44263.1097496 Total splits: 402 Good splits: 384
Reward: 40422.8829544 Total splits: 416 Good splits: 405
Reward: 48342.2328155 Total splits: 347 Good splits: 329
Reward: 42587.9565828 Total splits: 420 Good splits: 399
Reward: 41090.0065089 Total splits: 436 Good splits: 418
Reward: 48787.7969197 Total splits: 340 Good splits: 323
Reward: 40096.812531 Total splits: 378 Good splits: 357
Reward: 47232.0201561 Total splits: 353 Good splits: 336
Reward: 44019.5567275 Total splits: 417 Good splits: 402
Reward: 42999.2073631 Total splits: 425 Good splits: 403
Reward: 45339.3255715 Total splits: 397 Good splits: 379
Reward: 43193.4626696 Total splits: 427 Good splits: 405
Reward: 45672.2049727 Total splits: 367 Good splits: 345
Reward: 42918.3348795 Total splits: 498 Good splits: 484
Reward: 39305.8501141 Total splits: 397 Good splits: 382
Reward: 47036.0172025 Total splits: 445 Good splits: 426
Reward: 41753.9371294 Total splits: 410 Good splits: 401
Reward: 46012.4889449 Total splits: 390 Good splits: 369
Reward: 45603.99162 Total splits: 412 Good splits: 386
Reward: 47326.4577012 Total splits: 348 Good splits: 327
Reward: 40350.491951 Total splits: 426 Good splits: 417
Reward: 45421.7287109 Total splits: 396 Good splits: 373
Reward: 41869.7729343 Total splits: 395 Good splits: 379
Reward: 45637.3320745 Total splits: 372 Good splits: 341
Reward: 44978.5286357 Total splits: 408 Good splits: 390
Reward: 49878.2985506 Total splits: 401 Good splits: 378
Reward: 45989.2550333 Total splits: 412 Good splits: 393
Reward: 45764.0430111 Total splits: 368 Good splits: 350
Reward: 47461.6622586 Total splits: 394 Good splits: 386
Reward: 48232.1731869 Total splits: 416 Good splits: 393
Reward: 45239.9798087 Total splits: 386 Good splits: 371
Reward: 47958.4307666 Total splits: 414 Good splits: 391
Reward: 44370.4733797 Total splits: 394 Good splits: 374
Reward: 42272.0130173 Total splits: 438 Good splits: 423
Reward: 43024.7522042 Total splits: 414 Good splits: 396
Reward: 45248.3499013 Total splits: 404 Good splits: 377
Reward: 45903.4303801 Total splits: 326 Good splits: 310
Reward: 46225.3514099 Total splits: 419 Good splits: 406
Reward: 46842.8779341 Total splits: 390 Good splits: 364
Reward: 40198.3500693 Total splits: 391 Good splits: 374
Reward: 46312.0481299 Total splits: 404 Good splits: 379
Reward: 47236.4439027 Total splits: 419 Good splits: 402
Reward: 39693.8997929 Total splits: 443 Good splits: 423
Reward: 42389.239944 Total splits: 393 Good splits: 379
Reward: 40725.0825324 Total splits: 426 Good splits: 409
Reward: 45581.6053828 Total splits: 418 Good splits: 394
Reward: 46069.0590474 Total splits: 419 Good splits: 402
Reward: 41054.0272108 Total splits: 459 Good splits: 443
Reward: 39281.6201374 Total splits: 417 Good splits: 396
Reward: 45024.2771233 Total splits: 390 Good splits: 369
Reward: 45064.9156625 Total splits: 379 Good splits: 357
Reward: 46316.4291625 Total splits: 395 Good splits: 379
Reward: 42695.3574179 Total splits: 430 Good splits: 409
Reward: 44603.6783431 Total splits: 419 Good splits: 398
Reward: 39439.2181642 Total splits: 383 Good splits: 372
Reward: 43203.9743891 Total splits: 431 Good splits: 410
Reward: 40651.4667688 Total splits: 448 Good splits: 432
Reward: 36599.2905028 Total splits: 451 Good splits: 435
Reward: 48473.04045 Total splits: 364 Good splits: 351
Reward: 47454.5202895 Total splits: 421 Good splits: 400
Reward: 48032.3255955 Total splits: 376 Good splits: 356
Reward: 45147.1068587 Total splits: 460 Good splits: 445
Reward: 46903.0542885 Total splits: 415 Good splits: 397
Reward: 43049.6327174 Total splits: 384 Good splits: 359
Reward: 44533.0885009 Total splits: 394 Good splits: 366
Reward: 35622.2525403 Total splits: 440 Good splits: 421
Reward: 46142.8056803 Total splits: 390 Good splits: 373
Reward: 45954.2325789 Total splits: 401 Good splits: 374
Reward: 45201.4203691 Total splits: 404 Good splits: 386
Reward: 43715.4571923 Total splits: 378 Good splits: 361
Reward: 36335.2006999 Total splits: 388 Good splits: 366
Reward: 47753.7877091 Total splits: 412 Good splits: 393
Reward: 44029.4532751 Total splits: 408 Good splits: 391
Reward: 44082.5478316 Total splits: 396 Good splits: 372
Reward: 39457.1823255 Total splits: 423 Good splits: 413
Reward: 44678.3293231 Total splits: 421 Good splits: 405
Reward: 42068.0824038 Total splits: 364 Good splits: 345
Reward: 47227.5043964 Total splits: 393 Good splits: 365
Reward: 44034.8310453 Total splits: 412 Good splits: 392
Reward: 45433.2063218 Total splits: 410 Good splits: 384
Reward: 48173.0140402 Total splits: 380 Good splits: 361
Reward: 43594.7812934 Total splits: 421 Good splits: 406
Reward: 48763.7354144 Total splits: 405 Good splits: 385
Reward: 45500.1213121 Total splits: 387 Good splits: 365
Reward: 47253.3565998 Total splits: 418 Good splits: 398
Reward: 45034.6399927 Total splits: 429 Good splits: 409
Reward: 41825.2855055 Total splits: 444 Good splits: 425
Reward: 40870.8295761 Total splits: 400 Good splits: 385
Reward: 39138.0664168 Total splits: 373 Good splits: 353
Reward: 40327.2482129 Total splits: 397 Good splits: 380
Reward: 40923.8846362 Total splits: 415 Good splits: 400
Reward: 48048.1084649 Total splits: 361 Good splits: 337
Reward: 48905.2238352 Total splits: 398 Good splits: 384
Reward: 42566.6396722 Total splits: 394 Good splits: 374
Reward: 43133.5894273 Total splits: 423 Good splits: 407
Reward: 43422.0783537 Total splits: 394 Good splits: 378
Reward: 48201.4085056 Total splits: 386 Good splits: 365
Reward: 42255.3784403 Total splits: 419 Good splits: 395
Reward: 37211.1722477 Total splits: 481 Good splits: 466
Reward: 44771.5776463 Total splits: 387 Good splits: 375

Results after 100 tests
Average total rewards : 44140.6178393
Average total splits  : 404.79
Average good splits   : 385.97
Average good splits % : 95.350675659

