Reward: 48194.0105426 Total splits: 328 Good splits: 307
Reward: 48872.3125192 Total splits: 321 Good splits: 306
Reward: 46429.8601902 Total splits: 340 Good splits: 320
Reward: 49501.7018907 Total splits: 342 Good splits: 325
Reward: 48022.7197801 Total splits: 338 Good splits: 326
Reward: 50209.0426101 Total splits: 310 Good splits: 287
Reward: 46516.9035368 Total splits: 307 Good splits: 283
Reward: 49702.1860039 Total splits: 331 Good splits: 313
Reward: 45643.461313 Total splits: 344 Good splits: 317
Reward: 45497.5332099 Total splits: 292 Good splits: 268
Reward: 47590.2244827 Total splits: 343 Good splits: 324
Reward: 51266.4035934 Total splits: 339 Good splits: 320
Reward: 47707.6450736 Total splits: 322 Good splits: 302
Reward: 47322.4578207 Total splits: 342 Good splits: 319
Reward: 49980.7283038 Total splits: 334 Good splits: 316
Reward: 49982.8567689 Total splits: 316 Good splits: 301
Reward: 46220.5228205 Total splits: 337 Good splits: 316
Reward: 47846.109963 Total splits: 344 Good splits: 324
Reward: 50030.2512354 Total splits: 307 Good splits: 286
Reward: 48642.8450838 Total splits: 325 Good splits: 308
Reward: 48172.9711481 Total splits: 346 Good splits: 333
Reward: 46030.0986922 Total splits: 326 Good splits: 313
Reward: 48743.1593789 Total splits: 288 Good splits: 259
Reward: 50701.9885862 Total splits: 350 Good splits: 326
Reward: 48670.7289142 Total splits: 330 Good splits: 311
Reward: 47188.0964694 Total splits: 301 Good splits: 278
Reward: 45473.2268846 Total splits: 308 Good splits: 291
Reward: 43815.0867591 Total splits: 328 Good splits: 313
Reward: 47415.2812807 Total splits: 281 Good splits: 258
Reward: 49132.1430479 Total splits: 339 Good splits: 324
Reward: 49727.3163438 Total splits: 315 Good splits: 295
Reward: 43584.993635 Total splits: 333 Good splits: 316
Reward: 49219.1033791 Total splits: 276 Good splits: 257
Reward: 45453.1442522 Total splits: 314 Good splits: 288
Reward: 48182.4009616 Total splits: 342 Good splits: 324
Reward: 47500.3478233 Total splits: 319 Good splits: 292
Reward: 48657.3023039 Total splits: 285 Good splits: 268
Reward: 51163.5606997 Total splits: 343 Good splits: 325
Reward: 49585.4223328 Total splits: 340 Good splits: 321
Reward: 48977.2730858 Total splits: 335 Good splits: 314
Reward: 45313.1206334 Total splits: 322 Good splits: 308
Reward: 46595.5344603 Total splits: 337 Good splits: 320
Reward: 47376.4874429 Total splits: 335 Good splits: 315
Reward: 48714.7885656 Total splits: 283 Good splits: 267
Reward: 46942.1134703 Total splits: 351 Good splits: 337
Reward: 50801.0071463 Total splits: 320 Good splits: 302
Reward: 47335.1644721 Total splits: 341 Good splits: 317
Reward: 49335.1283335 Total splits: 285 Good splits: 269
Reward: 50942.8549028 Total splits: 318 Good splits: 291
Reward: 43053.3835423 Total splits: 320 Good splits: 302
Reward: 49218.5590522 Total splits: 316 Good splits: 300
Reward: 48039.9123287 Total splits: 341 Good splits: 327
Reward: 49742.9571259 Total splits: 304 Good splits: 290
Reward: 50266.8403107 Total splits: 323 Good splits: 309
Reward: 50547.5110591 Total splits: 316 Good splits: 299
Reward: 50036.0996996 Total splits: 356 Good splits: 341
Reward: 45810.0749348 Total splits: 331 Good splits: 313
Reward: 50062.5527096 Total splits: 315 Good splits: 299
Reward: 49309.1242486 Total splits: 326 Good splits: 310
Reward: 50693.2463052 Total splits: 312 Good splits: 295
Reward: 51209.4109468 Total splits: 315 Good splits: 305
Reward: 49540.2127843 Total splits: 314 Good splits: 300
Reward: 48659.381513 Total splits: 339 Good splits: 316
Reward: 47224.3560627 Total splits: 320 Good splits: 311
Reward: 45412.7947542 Total splits: 310 Good splits: 287
Reward: 47293.6538224 Total splits: 310 Good splits: 293
Reward: 48106.7664269 Total splits: 311 Good splits: 293
Reward: 49572.6405361 Total splits: 334 Good splits: 320
Reward: 49386.1246871 Total splits: 318 Good splits: 306
Reward: 42722.7202301 Total splits: 316 Good splits: 297
Reward: 49767.6726425 Total splits: 293 Good splits: 279
Reward: 49290.944223 Total splits: 313 Good splits: 298
Reward: 45776.4283586 Total splits: 352 Good splits: 335
Reward: 50001.2716484 Total splits: 314 Good splits: 294
Reward: 49804.9169406 Total splits: 290 Good splits: 274
Reward: 49070.1746817 Total splits: 305 Good splits: 293
Reward: 46903.3108758 Total splits: 318 Good splits: 302
Reward: 49857.8693684 Total splits: 358 Good splits: 341
Reward: 48804.8218942 Total splits: 314 Good splits: 299
Reward: 45270.272348 Total splits: 332 Good splits: 308
Reward: 49634.2993369 Total splits: 319 Good splits: 301
Reward: 47189.8938333 Total splits: 325 Good splits: 312
Reward: 48652.6250392 Total splits: 315 Good splits: 294
Reward: 48211.5912508 Total splits: 292 Good splits: 274
Reward: 49007.2874569 Total splits: 314 Good splits: 295
Reward: 50215.8029954 Total splits: 344 Good splits: 331
Reward: 44041.6244778 Total splits: 325 Good splits: 309
Reward: 48523.7607345 Total splits: 332 Good splits: 317
Reward: 50389.1108889 Total splits: 322 Good splits: 302
Reward: 42605.2702097 Total splits: 323 Good splits: 303
Reward: 41984.6804466 Total splits: 287 Good splits: 278
Reward: 48867.0206063 Total splits: 282 Good splits: 268
Reward: 50018.1773797 Total splits: 303 Good splits: 278
Reward: 43223.7925359 Total splits: 339 Good splits: 324
Reward: 49702.3608722 Total splits: 335 Good splits: 321
Reward: 51337.5284545 Total splits: 280 Good splits: 267
Reward: 49599.1566173 Total splits: 328 Good splits: 311
Reward: 48608.9348317 Total splits: 324 Good splits: 308
Reward: 49052.0611862 Total splits: 357 Good splits: 330
Reward: 50722.1381172 Total splits: 298 Good splits: 281

Results after 100 tests
Average total rewards : 48179.7274548
Average total splits  : 321.33
Average good splits   : 303.4
Average good splits % : 94.4200665982

