Reward: 50273.1672996 Total splits: 309 Good splits: 293
Reward: 46625.1837402 Total splits: 316 Good splits: 296
Reward: 50918.491629 Total splits: 329 Good splits: 320
Reward: 51398.7344039 Total splits: 322 Good splits: 302
Reward: 46032.5574173 Total splits: 311 Good splits: 298
Reward: 46403.9398618 Total splits: 322 Good splits: 309
Reward: 47168.7891695 Total splits: 323 Good splits: 307
Reward: 46534.665981 Total splits: 305 Good splits: 292
Reward: 49311.7555076 Total splits: 331 Good splits: 310
Reward: 48010.9208511 Total splits: 337 Good splits: 318
Reward: 51536.6012024 Total splits: 308 Good splits: 287
Reward: 44868.8724529 Total splits: 296 Good splits: 278
Reward: 47130.6705751 Total splits: 321 Good splits: 304
Reward: 47924.2856561 Total splits: 308 Good splits: 290
Reward: 49025.5540625 Total splits: 319 Good splits: 305
Reward: 46714.7428371 Total splits: 306 Good splits: 282
Reward: 49226.8197042 Total splits: 318 Good splits: 303
Reward: 49141.9767989 Total splits: 304 Good splits: 291
Reward: 50063.8478515 Total splits: 336 Good splits: 319
Reward: 46718.600323 Total splits: 330 Good splits: 322
Reward: 51590.9916158 Total splits: 329 Good splits: 310
Reward: 48308.2473416 Total splits: 314 Good splits: 299
Reward: 45548.9922167 Total splits: 344 Good splits: 327
Reward: 48806.9710898 Total splits: 341 Good splits: 328
Reward: 48082.4890323 Total splits: 322 Good splits: 310
Reward: 47709.7808345 Total splits: 306 Good splits: 297
Reward: 49124.975133 Total splits: 325 Good splits: 306
Reward: 46215.9370291 Total splits: 305 Good splits: 294
Reward: 47909.5361261 Total splits: 272 Good splits: 261
Reward: 49901.7276912 Total splits: 301 Good splits: 286
Reward: 48053.2189786 Total splits: 310 Good splits: 296
Reward: 50058.8898418 Total splits: 327 Good splits: 312
Reward: 50079.4625935 Total splits: 270 Good splits: 258
Reward: 45993.8628294 Total splits: 295 Good splits: 282
Reward: 49845.4562077 Total splits: 294 Good splits: 283
Reward: 46791.789066 Total splits: 318 Good splits: 303
Reward: 49453.8767547 Total splits: 310 Good splits: 288
Reward: 49646.6894323 Total splits: 326 Good splits: 309
Reward: 50143.4595079 Total splits: 318 Good splits: 302
Reward: 50266.0041954 Total splits: 325 Good splits: 305
Reward: 47377.5673175 Total splits: 334 Good splits: 318
Reward: 50616.5771444 Total splits: 324 Good splits: 309
Reward: 49464.0231794 Total splits: 297 Good splits: 281
Reward: 48498.1647875 Total splits: 313 Good splits: 295
Reward: 44105.2220312 Total splits: 328 Good splits: 309
Reward: 49359.6974259 Total splits: 308 Good splits: 291
Reward: 49439.6292701 Total splits: 303 Good splits: 292
Reward: 50048.5940804 Total splits: 313 Good splits: 300
Reward: 48876.3513916 Total splits: 313 Good splits: 295
Reward: 48465.2242019 Total splits: 332 Good splits: 315
Reward: 48789.5927283 Total splits: 288 Good splits: 263
Reward: 47204.1120056 Total splits: 319 Good splits: 293
Reward: 47124.4525908 Total splits: 340 Good splits: 326
Reward: 47799.2799552 Total splits: 310 Good splits: 289
Reward: 51610.0132449 Total splits: 328 Good splits: 308
Reward: 46089.3780795 Total splits: 340 Good splits: 329
Reward: 51038.3755296 Total splits: 315 Good splits: 297
Reward: 49490.205508 Total splits: 324 Good splits: 306
Reward: 48203.384945 Total splits: 332 Good splits: 315
Reward: 50765.1499621 Total splits: 324 Good splits: 303
Reward: 49398.4684858 Total splits: 319 Good splits: 300
Reward: 49864.5989155 Total splits: 316 Good splits: 296
Reward: 50444.6228331 Total splits: 311 Good splits: 297
Reward: 47109.390269 Total splits: 308 Good splits: 293
Reward: 47758.0962293 Total splits: 296 Good splits: 277
Reward: 47144.448988 Total splits: 318 Good splits: 300
Reward: 50747.4327645 Total splits: 285 Good splits: 266
Reward: 45041.4980472 Total splits: 306 Good splits: 285
Reward: 48673.4957141 Total splits: 312 Good splits: 297
Reward: 48179.2430338 Total splits: 325 Good splits: 301
Reward: 50460.9491618 Total splits: 315 Good splits: 300
Reward: 50850.9487872 Total splits: 328 Good splits: 310
Reward: 43997.4941543 Total splits: 313 Good splits: 300
Reward: 46532.0622928 Total splits: 296 Good splits: 276
Reward: 48462.655734 Total splits: 335 Good splits: 314
Reward: 48598.7643565 Total splits: 311 Good splits: 294
Reward: 45036.1226243 Total splits: 317 Good splits: 304
Reward: 45071.4749153 Total splits: 338 Good splits: 317
Reward: 47834.6846703 Total splits: 326 Good splits: 311
Reward: 49562.965091 Total splits: 324 Good splits: 300
Reward: 49836.9182657 Total splits: 300 Good splits: 280
Reward: 49776.6577227 Total splits: 289 Good splits: 274
Reward: 48784.2651724 Total splits: 294 Good splits: 277
Reward: 46270.1740442 Total splits: 306 Good splits: 286
Reward: 48593.999811 Total splits: 288 Good splits: 276
Reward: 47561.2637201 Total splits: 313 Good splits: 294
Reward: 48369.0959667 Total splits: 328 Good splits: 315
Reward: 48746.3334657 Total splits: 321 Good splits: 300
Reward: 47460.2838781 Total splits: 309 Good splits: 285
Reward: 48813.1702925 Total splits: 320 Good splits: 309
Reward: 50079.6465737 Total splits: 327 Good splits: 311
Reward: 50704.8796001 Total splits: 347 Good splits: 331
Reward: 48078.1309264 Total splits: 295 Good splits: 281
Reward: 44702.2341805 Total splits: 294 Good splits: 279
Reward: 50498.1662946 Total splits: 304 Good splits: 292
Reward: 42269.5016505 Total splits: 314 Good splits: 301
Reward: 46752.0537969 Total splits: 312 Good splits: 297
Reward: 50619.9088967 Total splits: 355 Good splits: 337
Reward: 45674.0158546 Total splits: 318 Good splits: 303
Reward: 45270.3505123 Total splits: 301 Good splits: 286

Results after 100 tests
Average total rewards : 48325.5799791
Average total splits  : 315.22
Average good splits   : 298.68
Average good splits % : 94.7528710107

