Reward: 46879.7660639 Total splits: 271 Good splits: 256
Reward: 45434.6679232 Total splits: 271 Good splits: 259
Reward: 45769.502922 Total splits: 240 Good splits: 227
Reward: 40316.2633171 Total splits: 289 Good splits: 281
Reward: 38552.448571 Total splits: 253 Good splits: 237
Reward: 43580.5869725 Total splits: 280 Good splits: 267
Reward: 42003.7646002 Total splits: 277 Good splits: 266
Reward: 43147.4840721 Total splits: 297 Good splits: 288
Reward: 46203.3684208 Total splits: 275 Good splits: 265
Reward: 45323.5592893 Total splits: 269 Good splits: 264
Reward: 42658.9108847 Total splits: 267 Good splits: 254
Reward: 44105.360828 Total splits: 266 Good splits: 256
Reward: 45235.2698133 Total splits: 266 Good splits: 252
Reward: 42998.8901062 Total splits: 277 Good splits: 256
Reward: 47452.4772265 Total splits: 280 Good splits: 270
Reward: 43202.9470777 Total splits: 275 Good splits: 265
Reward: 48125.7837271 Total splits: 302 Good splits: 294
Reward: 43969.7019666 Total splits: 272 Good splits: 254
Reward: 40968.9337633 Total splits: 266 Good splits: 250
Reward: 47318.6890918 Total splits: 289 Good splits: 274
Reward: 47338.9232147 Total splits: 269 Good splits: 256
Reward: 40541.5313888 Total splits: 259 Good splits: 248
Reward: 46349.1901084 Total splits: 284 Good splits: 272
Reward: 39649.4889735 Total splits: 277 Good splits: 268
Reward: 44830.4207432 Total splits: 268 Good splits: 257
Reward: 45819.695375 Total splits: 259 Good splits: 249
Reward: 42933.2321005 Total splits: 265 Good splits: 249
Reward: 49255.7062198 Total splits: 280 Good splits: 267
Reward: 44377.7537698 Total splits: 271 Good splits: 263
Reward: 42579.7804225 Total splits: 261 Good splits: 247
Reward: 44467.8818669 Total splits: 274 Good splits: 267
Reward: 46425.8779241 Total splits: 274 Good splits: 262
Reward: 42021.0694367 Total splits: 278 Good splits: 265
Reward: 44567.6591189 Total splits: 286 Good splits: 269
Reward: 41398.1889109 Total splits: 237 Good splits: 222
Reward: 47928.307079 Total splits: 258 Good splits: 245
Reward: 45982.8565079 Total splits: 306 Good splits: 296
Reward: 45302.0734734 Total splits: 282 Good splits: 268
Reward: 44723.997634 Total splits: 279 Good splits: 262
Reward: 43557.8848219 Total splits: 263 Good splits: 250
Reward: 44095.5816747 Total splits: 264 Good splits: 250
Reward: 46030.0535505 Total splits: 284 Good splits: 271
Reward: 45078.9699842 Total splits: 286 Good splits: 279
Reward: 44519.2055086 Total splits: 274 Good splits: 263
Reward: 45647.0337247 Total splits: 268 Good splits: 259
Reward: 44349.7162403 Total splits: 271 Good splits: 254
Reward: 47144.598866 Total splits: 309 Good splits: 296
Reward: 44080.1156319 Total splits: 284 Good splits: 265
Reward: 45923.0548639 Total splits: 278 Good splits: 260
Reward: 42301.3752216 Total splits: 289 Good splits: 277
Reward: 39266.8256988 Total splits: 278 Good splits: 262
Reward: 37830.1438562 Total splits: 259 Good splits: 248
Reward: 46833.0173915 Total splits: 280 Good splits: 267
Reward: 45547.1764421 Total splits: 278 Good splits: 260
Reward: 42800.0585381 Total splits: 285 Good splits: 270
Reward: 46132.0291462 Total splits: 249 Good splits: 234
Reward: 48717.0469081 Total splits: 296 Good splits: 281
Reward: 44744.9135023 Total splits: 302 Good splits: 289
Reward: 46997.9508854 Total splits: 251 Good splits: 240
Reward: 47696.6116677 Total splits: 273 Good splits: 262
Reward: 47088.1504437 Total splits: 304 Good splits: 293
Reward: 43940.0850674 Total splits: 275 Good splits: 256
Reward: 45821.1222385 Total splits: 287 Good splits: 273
Reward: 43915.151377 Total splits: 276 Good splits: 263
Reward: 45507.4280743 Total splits: 278 Good splits: 263
Reward: 44585.2240386 Total splits: 303 Good splits: 288
Reward: 44260.4092251 Total splits: 264 Good splits: 255
Reward: 41730.0852469 Total splits: 278 Good splits: 269
Reward: 42200.4016894 Total splits: 239 Good splits: 228
Reward: 46057.5008127 Total splits: 288 Good splits: 280
Reward: 47091.3886369 Total splits: 285 Good splits: 268
Reward: 41082.6341997 Total splits: 249 Good splits: 234
Reward: 45227.7505827 Total splits: 301 Good splits: 287
Reward: 43055.4482331 Total splits: 264 Good splits: 254
Reward: 37748.5888668 Total splits: 267 Good splits: 247
Reward: 47645.3082912 Total splits: 308 Good splits: 301
Reward: 44140.7235206 Total splits: 261 Good splits: 246
Reward: 44358.9571009 Total splits: 285 Good splits: 272
Reward: 45940.6880103 Total splits: 282 Good splits: 264
Reward: 41422.3957541 Total splits: 241 Good splits: 228
Reward: 43839.1455825 Total splits: 258 Good splits: 244
Reward: 45916.1955784 Total splits: 278 Good splits: 266
Reward: 43845.4803697 Total splits: 293 Good splits: 282
Reward: 47553.1333468 Total splits: 280 Good splits: 267
Reward: 42564.9053109 Total splits: 238 Good splits: 225
Reward: 46052.0087609 Total splits: 291 Good splits: 275
Reward: 45220.5038845 Total splits: 278 Good splits: 266
Reward: 48252.0278717 Total splits: 278 Good splits: 265
Reward: 46268.6288258 Total splits: 263 Good splits: 245
Reward: 46888.6122 Total splits: 279 Good splits: 267
Reward: 43007.6706353 Total splits: 276 Good splits: 262
Reward: 39693.6355317 Total splits: 297 Good splits: 284
Reward: 45125.4582716 Total splits: 275 Good splits: 262
Reward: 47435.1067857 Total splits: 291 Good splits: 277
Reward: 43564.5524226 Total splits: 260 Good splits: 250
Reward: 49461.0144593 Total splits: 293 Good splits: 279
Reward: 46788.9058876 Total splits: 277 Good splits: 267
Reward: 44950.9976016 Total splits: 289 Good splits: 273
Reward: 46499.1657047 Total splits: 262 Good splits: 248
Reward: 50120.9402937 Total splits: 295 Good splits: 280

Results after 100 tests
Average total rewards : 44649.0290576
Average total splits  : 275.56
Average good splits   : 262.57
Average good splits % : 95.2859631296

