Reward: 7261.08338594 Total splits: 188 Good splits: 143
Reward: 7261.08338594 Total splits: 204 Good splits: 170
Reward: 7261.08338594 Total splits: 203 Good splits: 166
Reward: 7261.08338594 Total splits: 179 Good splits: 137
Reward: 7261.08338594 Total splits: 185 Good splits: 153
Reward: 16668.4325607 Total splits: 96 Good splits: 80
Reward: 7261.08338594 Total splits: 157 Good splits: 132
Reward: 7919.75110645 Total splits: 186 Good splits: 144
Reward: 7261.08338594 Total splits: 216 Good splits: 168
Reward: 7261.08338594 Total splits: 220 Good splits: 170
Reward: 7261.08338594 Total splits: 189 Good splits: 155
Reward: 7261.08338594 Total splits: 204 Good splits: 160
Reward: 7261.08338594 Total splits: 160 Good splits: 133
Reward: 7261.08338594 Total splits: 187 Good splits: 152
Reward: 7261.08338594 Total splits: 191 Good splits: 149
Reward: 7261.08338594 Total splits: 165 Good splits: 129
Reward: 7261.08338594 Total splits: 195 Good splits: 150
Reward: 7261.08338594 Total splits: 145 Good splits: 122
Reward: 7261.08338594 Total splits: 206 Good splits: 153
Reward: 7261.08338594 Total splits: 196 Good splits: 157
Reward: 7246.08338594 Total splits: 203 Good splits: 166
Reward: 7261.08338594 Total splits: 163 Good splits: 137
Reward: 7261.08338594 Total splits: 158 Good splits: 134
Reward: 7261.08338594 Total splits: 206 Good splits: 161
Reward: 7261.08338594 Total splits: 165 Good splits: 128
Reward: 7261.08338594 Total splits: 204 Good splits: 165
Reward: 7261.08338594 Total splits: 184 Good splits: 137
Reward: 7261.08338594 Total splits: 214 Good splits: 164
Reward: 7261.08338594 Total splits: 197 Good splits: 155
Reward: 7261.08338594 Total splits: 215 Good splits: 170
Reward: 12968.4973888 Total splits: 70 Good splits: 58
Reward: 7261.08338594 Total splits: 203 Good splits: 159
Reward: 7261.08338594 Total splits: 215 Good splits: 165
Reward: 7261.08338594 Total splits: 214 Good splits: 179
Reward: 7261.08338594 Total splits: 155 Good splits: 125
Reward: 7261.08338594 Total splits: 182 Good splits: 130
Reward: 7261.08338594 Total splits: 195 Good splits: 158
Reward: 7261.08338594 Total splits: 196 Good splits: 156
Reward: 7261.08338594 Total splits: 199 Good splits: 166
Reward: 7261.08338594 Total splits: 179 Good splits: 146
Reward: 7261.08338594 Total splits: 182 Good splits: 137
Reward: 7261.08338594 Total splits: 152 Good splits: 127
Reward: 7261.08338594 Total splits: 197 Good splits: 157
Reward: 7261.08338594 Total splits: 199 Good splits: 157
Reward: 7261.08338594 Total splits: 217 Good splits: 176
Reward: 7261.08338594 Total splits: 197 Good splits: 161
Reward: 7261.08338594 Total splits: 194 Good splits: 157
Reward: 7261.08338594 Total splits: 152 Good splits: 131
Reward: 7261.08338594 Total splits: 176 Good splits: 142
Reward: 7261.08338594 Total splits: 180 Good splits: 140
Reward: 7261.08338594 Total splits: 174 Good splits: 136
Reward: 7261.08338594 Total splits: 170 Good splits: 133
Reward: 7261.08338594 Total splits: 202 Good splits: 158
Reward: 7261.08338594 Total splits: 179 Good splits: 141
Reward: 7261.08338594 Total splits: 174 Good splits: 146
Reward: 7261.08338594 Total splits: 188 Good splits: 142
Reward: 7261.08338594 Total splits: 185 Good splits: 149
Reward: 7261.08338594 Total splits: 194 Good splits: 156
Reward: 7261.08338594 Total splits: 145 Good splits: 125
Reward: 7261.08338594 Total splits: 160 Good splits: 124
Reward: 7261.08338594 Total splits: 197 Good splits: 160
Reward: 7261.08338594 Total splits: 193 Good splits: 158
Reward: 7261.08338594 Total splits: 201 Good splits: 161
Reward: 7249.08338594 Total splits: 186 Good splits: 149
Reward: 7261.08338594 Total splits: 178 Good splits: 142
Reward: 7261.08338594 Total splits: 184 Good splits: 146
Reward: 7261.08338594 Total splits: 179 Good splits: 147
Reward: 7261.08338594 Total splits: 192 Good splits: 161
Reward: 7261.08338594 Total splits: 193 Good splits: 155
Reward: 7261.08338594 Total splits: 223 Good splits: 176
Reward: 7261.08338594 Total splits: 194 Good splits: 157
Reward: 7261.08338594 Total splits: 191 Good splits: 146
Reward: 7261.08338594 Total splits: 151 Good splits: 123
Reward: 7261.08338594 Total splits: 207 Good splits: 166
Reward: 7261.08338594 Total splits: 169 Good splits: 118
Reward: 7261.08338594 Total splits: 206 Good splits: 156
Reward: 7261.08338594 Total splits: 204 Good splits: 161
Reward: 7261.08338594 Total splits: 186 Good splits: 146
Reward: 7261.08338594 Total splits: 177 Good splits: 138
Reward: 7261.08338594 Total splits: 219 Good splits: 185
Reward: 7261.08338594 Total splits: 180 Good splits: 141
Reward: 7261.08338594 Total splits: 178 Good splits: 144
Reward: 7261.08338594 Total splits: 206 Good splits: 169
Reward: 7261.08338594 Total splits: 183 Good splits: 140
Reward: 7261.08338594 Total splits: 189 Good splits: 146
Reward: 7261.08338594 Total splits: 179 Good splits: 139
Reward: 7261.08338594 Total splits: 216 Good splits: 173
Reward: 7261.08338594 Total splits: 203 Good splits: 156
Reward: 7261.08338594 Total splits: 213 Good splits: 179
Reward: 7261.08338594 Total splits: 177 Good splits: 138
Reward: 7261.08338594 Total splits: 188 Good splits: 148
Reward: 7261.08338594 Total splits: 205 Good splits: 157
Reward: 7261.08338594 Total splits: 167 Good splits: 138
Reward: 7258.08338594 Total splits: 201 Good splits: 162
Reward: 7261.08338594 Total splits: 180 Good splits: 138
Reward: 7261.08338594 Total splits: 212 Good splits: 171
Reward: 7261.08338594 Total splits: 188 Good splits: 140
Reward: 7261.08338594 Total splits: 200 Good splits: 157
Reward: 7261.08338594 Total splits: 198 Good splits: 158
Reward: 7261.08338594 Total splits: 192 Good splits: 156

Results after 100 tests
Average total rewards : 7418.51769492
Average total splits  : 186.91
Average good splits   : 148.78
Average good splits % : 79.5998073939

