Reward: 28950.2312434 Total splits: 127 Good splits: 98
Reward: 28620.1975717 Total splits: 97 Good splits: 78
Reward: 29931.0266209 Total splits: 101 Good splits: 85
Reward: 30128.5529152 Total splits: 119 Good splits: 96
Reward: 28414.8730983 Total splits: 103 Good splits: 83
Reward: 28186.6926908 Total splits: 81 Good splits: 66
Reward: 29390.1404855 Total splits: 116 Good splits: 105
Reward: 18265.823386 Total splits: 135 Good splits: 111
Reward: 36759.2884203 Total splits: 114 Good splits: 99
Reward: 17039.2862719 Total splits: 128 Good splits: 104
Reward: 22078.9384413 Total splits: 119 Good splits: 98
Reward: 32933.2959185 Total splits: 113 Good splits: 93
Reward: 21254.7803046 Total splits: 132 Good splits: 106
Reward: 21679.9519231 Total splits: 118 Good splits: 90
Reward: 27437.3855286 Total splits: 118 Good splits: 104
Reward: 18901.1562476 Total splits: 122 Good splits: 96
Reward: 13801.511141 Total splits: 121 Good splits: 99
Reward: 22900.7949923 Total splits: 123 Good splits: 102
Reward: 30432.1306164 Total splits: 93 Good splits: 73
Reward: 20456.510687 Total splits: 122 Good splits: 105
Reward: 29445.0127825 Total splits: 129 Good splits: 109
Reward: 35137.1039368 Total splits: 127 Good splits: 101
Reward: 36891.8781631 Total splits: 124 Good splits: 98
Reward: 27824.9937347 Total splits: 136 Good splits: 119
Reward: 34509.0337512 Total splits: 109 Good splits: 93
Reward: 26040.1190209 Total splits: 102 Good splits: 84
Reward: 32734.1860673 Total splits: 132 Good splits: 114
Reward: 39240.4865747 Total splits: 121 Good splits: 105
Reward: 25342.9632623 Total splits: 107 Good splits: 92
Reward: 24654.8362906 Total splits: 99 Good splits: 73
Reward: 36420.7669033 Total splits: 149 Good splits: 126
Reward: 22089.4374796 Total splits: 103 Good splits: 90
Reward: 31352.2074432 Total splits: 131 Good splits: 110
Reward: 29437.1459895 Total splits: 134 Good splits: 103
Reward: 27052.4341813 Total splits: 101 Good splits: 82
Reward: 29093.3569081 Total splits: 106 Good splits: 94
Reward: 32995.3766996 Total splits: 108 Good splits: 87
Reward: 33733.9375595 Total splits: 104 Good splits: 91
Reward: 16758.6635711 Total splits: 138 Good splits: 113
Reward: 33113.5242462 Total splits: 115 Good splits: 99
Reward: 25890.4026884 Total splits: 93 Good splits: 75
Reward: 25563.4380498 Total splits: 116 Good splits: 88
Reward: 32786.4429067 Total splits: 130 Good splits: 108
Reward: 34054.6393473 Total splits: 142 Good splits: 117
Reward: 14542.103668 Total splits: 96 Good splits: 75
Reward: 25219.9738889 Total splits: 120 Good splits: 100
Reward: 40554.9426156 Total splits: 140 Good splits: 118
Reward: 24239.9457395 Total splits: 103 Good splits: 80
Reward: 29279.7163829 Total splits: 109 Good splits: 100
Reward: 32430.8418508 Total splits: 124 Good splits: 102
Reward: 30680.5636193 Total splits: 110 Good splits: 89
Reward: 17654.6449076 Total splits: 116 Good splits: 94
Reward: 28326.0270602 Total splits: 121 Good splits: 98
Reward: 25266.3328005 Total splits: 99 Good splits: 75
Reward: 38586.7830185 Total splits: 111 Good splits: 93
Reward: 28067.6890057 Total splits: 117 Good splits: 95
Reward: 33069.9884762 Total splits: 146 Good splits: 125
Reward: 34604.7011467 Total splits: 119 Good splits: 101
Reward: 27884.9060988 Total splits: 135 Good splits: 110
Reward: 25858.2378595 Total splits: 95 Good splits: 80
Reward: 34807.1233599 Total splits: 120 Good splits: 102
Reward: 24720.1371091 Total splits: 129 Good splits: 99
Reward: 33881.1777301 Total splits: 117 Good splits: 100
Reward: 36684.4842622 Total splits: 130 Good splits: 114
Reward: 21448.5267673 Total splits: 99 Good splits: 89
Reward: 24614.1890093 Total splits: 109 Good splits: 90
Reward: 11934.1355571 Total splits: 104 Good splits: 76
Reward: 38326.0050527 Total splits: 141 Good splits: 121
Reward: 29675.8241813 Total splits: 94 Good splits: 76
Reward: 26253.4750666 Total splits: 111 Good splits: 91
Reward: 20854.3351072 Total splits: 115 Good splits: 97
Reward: 25082.9652536 Total splits: 115 Good splits: 92
Reward: 25420.2282 Total splits: 104 Good splits: 87
Reward: 21562.0109684 Total splits: 105 Good splits: 91
Reward: 35500.3496613 Total splits: 113 Good splits: 102
Reward: 25964.8011544 Total splits: 124 Good splits: 98
Reward: 30545.8588052 Total splits: 114 Good splits: 91
Reward: 24390.7324868 Total splits: 110 Good splits: 94
Reward: 18451.8142748 Total splits: 110 Good splits: 90
Reward: 23598.9560539 Total splits: 95 Good splits: 84
Reward: 36468.6115221 Total splits: 122 Good splits: 104
Reward: 21663.1163743 Total splits: 92 Good splits: 80
Reward: 20830.8338622 Total splits: 99 Good splits: 78
Reward: 26928.1377854 Total splits: 107 Good splits: 93
Reward: 29393.5336236 Total splits: 111 Good splits: 89
Reward: 27139.9109764 Total splits: 121 Good splits: 94
Reward: 26580.7277405 Total splits: 93 Good splits: 83
Reward: 18934.2825565 Total splits: 99 Good splits: 74
Reward: 23860.5895335 Total splits: 105 Good splits: 93
Reward: 36438.8893184 Total splits: 133 Good splits: 111
Reward: 31151.7820898 Total splits: 113 Good splits: 100
Reward: 34927.0664719 Total splits: 107 Good splits: 82
Reward: 20119.8625533 Total splits: 88 Good splits: 70
Reward: 22071.3819825 Total splits: 108 Good splits: 83
Reward: 22131.3054197 Total splits: 95 Good splits: 77
Reward: 32449.6700053 Total splits: 133 Good splits: 115
Reward: 27290.682307 Total splits: 111 Good splits: 96
Reward: 29713.782047 Total splits: 92 Good splits: 77
Reward: 33934.875675 Total splits: 113 Good splits: 92
Reward: 38009.5815636 Total splits: 105 Good splits: 82

Results after 100 tests
Average total rewards : 27797.4810767
Average total splits  : 114.25
Average good splits   : 94.54
Average good splits % : 82.7483588621

