Reward: 31337.904542 Total splits: 164 Good splits: 138
Reward: 37906.2653107 Total splits: 143 Good splits: 123
Reward: 38517.504585 Total splits: 162 Good splits: 128
Reward: 38619.5158144 Total splits: 130 Good splits: 113
Reward: 40630.9135159 Total splits: 170 Good splits: 138
Reward: 35669.9571539 Total splits: 155 Good splits: 125
Reward: 35606.6412842 Total splits: 170 Good splits: 136
Reward: 32552.0937873 Total splits: 175 Good splits: 136
Reward: 40119.2221817 Total splits: 161 Good splits: 132
Reward: 40957.6968068 Total splits: 161 Good splits: 139
Reward: 35899.6431421 Total splits: 131 Good splits: 105
Reward: 23633.0604828 Total splits: 164 Good splits: 130
Reward: 32798.1244211 Total splits: 158 Good splits: 133
Reward: 29949.8832517 Total splits: 117 Good splits: 97
Reward: 36346.1152768 Total splits: 158 Good splits: 129
Reward: 44336.5151326 Total splits: 161 Good splits: 137
Reward: 35356.1531606 Total splits: 164 Good splits: 132
Reward: 40328.4714743 Total splits: 175 Good splits: 140
Reward: 29004.9604108 Total splits: 146 Good splits: 110
Reward: 37398.8191103 Total splits: 111 Good splits: 87
Reward: 38663.8257312 Total splits: 151 Good splits: 126
Reward: 31167.1656073 Total splits: 152 Good splits: 126
Reward: 37521.5148036 Total splits: 165 Good splits: 134
Reward: 36684.2577176 Total splits: 142 Good splits: 118
Reward: 31923.0933024 Total splits: 182 Good splits: 150
Reward: 41504.8483834 Total splits: 156 Good splits: 128
Reward: 44113.0034708 Total splits: 175 Good splits: 142
Reward: 42900.5431302 Total splits: 167 Good splits: 133
Reward: 37723.5859277 Total splits: 151 Good splits: 127
Reward: 24635.8306304 Total splits: 139 Good splits: 103
Reward: 20151.8018367 Total splits: 146 Good splits: 122
Reward: 42414.2911014 Total splits: 166 Good splits: 148
Reward: 37017.5688192 Total splits: 173 Good splits: 142
Reward: 38036.4658445 Total splits: 155 Good splits: 126
Reward: 29103.2506276 Total splits: 134 Good splits: 105
Reward: 38740.3531825 Total splits: 133 Good splits: 107
Reward: 30929.8137901 Total splits: 174 Good splits: 144
Reward: 32335.8666586 Total splits: 147 Good splits: 121
Reward: 37149.5970907 Total splits: 139 Good splits: 111
Reward: 31488.0073982 Total splits: 177 Good splits: 145
Reward: 24709.0031944 Total splits: 158 Good splits: 131
Reward: 43032.7363251 Total splits: 160 Good splits: 128
Reward: 34324.0928431 Total splits: 148 Good splits: 118
Reward: 28138.8960056 Total splits: 169 Good splits: 138
Reward: 30563.1344776 Total splits: 130 Good splits: 101
Reward: 38554.6657124 Total splits: 148 Good splits: 131
Reward: 34353.1198585 Total splits: 174 Good splits: 140
Reward: 34972.7133422 Total splits: 150 Good splits: 120
Reward: 33271.0087159 Total splits: 160 Good splits: 127
Reward: 40885.1549688 Total splits: 144 Good splits: 120
Reward: 32504.2865419 Total splits: 173 Good splits: 144
Reward: 32049.0795636 Total splits: 176 Good splits: 152
Reward: 45117.4900257 Total splits: 154 Good splits: 133
Reward: 14881.9314719 Total splits: 111 Good splits: 91
Reward: 34363.0210786 Total splits: 121 Good splits: 93
Reward: 35943.9531853 Total splits: 133 Good splits: 106
Reward: 42368.0229543 Total splits: 137 Good splits: 108
Reward: 29499.7487586 Total splits: 125 Good splits: 95
Reward: 40969.1165951 Total splits: 180 Good splits: 144
Reward: 27781.7355005 Total splits: 133 Good splits: 107
Reward: 25899.9756559 Total splits: 125 Good splits: 101
Reward: 38015.4148457 Total splits: 138 Good splits: 114
Reward: 39562.4786311 Total splits: 144 Good splits: 113
Reward: 20455.1028026 Total splits: 124 Good splits: 103
Reward: 35384.6909634 Total splits: 158 Good splits: 124
Reward: 25278.8038842 Total splits: 118 Good splits: 93
Reward: 31800.8863605 Total splits: 165 Good splits: 135
Reward: 36322.2227236 Total splits: 162 Good splits: 121
Reward: 39919.315041 Total splits: 157 Good splits: 129
Reward: 37626.2810666 Total splits: 163 Good splits: 137
Reward: 31724.4865067 Total splits: 156 Good splits: 129
Reward: 33832.8936105 Total splits: 166 Good splits: 118
Reward: 29575.2346552 Total splits: 139 Good splits: 104
Reward: 39788.8209457 Total splits: 168 Good splits: 134
Reward: 34445.2447587 Total splits: 185 Good splits: 152
Reward: 34156.8207078 Total splits: 165 Good splits: 139
Reward: 33936.8327085 Total splits: 164 Good splits: 146
Reward: 39961.7212636 Total splits: 151 Good splits: 121
Reward: 32295.8471298 Total splits: 174 Good splits: 139
Reward: 41782.6460139 Total splits: 160 Good splits: 135
Reward: 33118.1960289 Total splits: 163 Good splits: 137
Reward: 35143.4991305 Total splits: 153 Good splits: 130
Reward: 38130.6399908 Total splits: 153 Good splits: 133
Reward: 28870.9404511 Total splits: 147 Good splits: 110
Reward: 24989.9991601 Total splits: 156 Good splits: 123
Reward: 38990.902314 Total splits: 133 Good splits: 111
Reward: 35789.8021117 Total splits: 160 Good splits: 132
Reward: 21327.3633282 Total splits: 113 Good splits: 90
Reward: 35354.6048154 Total splits: 140 Good splits: 117
Reward: 32423.1029083 Total splits: 151 Good splits: 114
Reward: 37936.2304366 Total splits: 174 Good splits: 147
Reward: 38009.268603 Total splits: 132 Good splits: 113
Reward: 35771.4166549 Total splits: 129 Good splits: 110
Reward: 39646.2605822 Total splits: 166 Good splits: 133
Reward: 33092.0087084 Total splits: 161 Good splits: 124
Reward: 25563.4026643 Total splits: 130 Good splits: 102
Reward: 41158.7475223 Total splits: 162 Good splits: 123
Reward: 46239.3304907 Total splits: 155 Good splits: 133
Reward: 33049.88612 Total splits: 188 Good splits: 149
Reward: 41256.541869 Total splits: 177 Good splits: 146

Results after 100 tests
Average total rewards : 34770.8492118
Average total splits  : 153.09
Average good splits   : 124.57
Average good splits % : 81.3704356914

