Reward: 26800.434616 Total splits: 157 Good splits: 128
Reward: 32256.0806759 Total splits: 155 Good splits: 122
Reward: 26220.7569315 Total splits: 165 Good splits: 134
Reward: 40755.8569483 Total splits: 145 Good splits: 122
Reward: 31233.9911195 Total splits: 165 Good splits: 136
Reward: 44983.0748271 Total splits: 135 Good splits: 110
Reward: 40993.7000047 Total splits: 167 Good splits: 143
Reward: 41123.3377514 Total splits: 160 Good splits: 141
Reward: 33656.5915254 Total splits: 156 Good splits: 117
Reward: 26742.3742204 Total splits: 144 Good splits: 116
Reward: 32604.0148785 Total splits: 124 Good splits: 93
Reward: 28708.0801532 Total splits: 111 Good splits: 90
Reward: 41077.304536 Total splits: 138 Good splits: 121
Reward: 33673.7590684 Total splits: 135 Good splits: 115
Reward: 36294.029321 Total splits: 160 Good splits: 134
Reward: 39866.7296637 Total splits: 144 Good splits: 115
Reward: 34213.7417138 Total splits: 172 Good splits: 141
Reward: 24609.1738513 Total splits: 118 Good splits: 95
Reward: 37153.7718646 Total splits: 156 Good splits: 130
Reward: 37034.796509 Total splits: 147 Good splits: 120
Reward: 25926.9955805 Total splits: 130 Good splits: 101
Reward: 35545.2704344 Total splits: 130 Good splits: 105
Reward: 29725.4919802 Total splits: 111 Good splits: 89
Reward: 34636.8881856 Total splits: 147 Good splits: 122
Reward: 29528.3690377 Total splits: 159 Good splits: 131
Reward: 39229.3724489 Total splits: 149 Good splits: 124
Reward: 23209.4225031 Total splits: 154 Good splits: 126
Reward: 43118.6233439 Total splits: 149 Good splits: 121
Reward: 23915.2279862 Total splits: 142 Good splits: 120
Reward: 35147.5883633 Total splits: 152 Good splits: 124
Reward: 24665.3523601 Total splits: 118 Good splits: 95
Reward: 29476.1424201 Total splits: 161 Good splits: 130
Reward: 39846.2816024 Total splits: 160 Good splits: 130
Reward: 36456.0364469 Total splits: 160 Good splits: 130
Reward: 29601.2805294 Total splits: 119 Good splits: 96
Reward: 28099.3759493 Total splits: 151 Good splits: 124
Reward: 35492.7462082 Total splits: 173 Good splits: 143
Reward: 22521.7154411 Total splits: 154 Good splits: 122
Reward: 29268.3149511 Total splits: 140 Good splits: 107
Reward: 36342.9100562 Total splits: 131 Good splits: 108
Reward: 33744.3308248 Total splits: 160 Good splits: 135
Reward: 25078.6030211 Total splits: 128 Good splits: 108
Reward: 31981.4997561 Total splits: 119 Good splits: 105
Reward: 40037.1379883 Total splits: 160 Good splits: 134
Reward: 17009.3435757 Total splits: 174 Good splits: 146
Reward: 26427.5392556 Total splits: 119 Good splits: 97
Reward: 28114.6842555 Total splits: 141 Good splits: 117
Reward: 34237.1205856 Total splits: 127 Good splits: 105
Reward: 21200.396921 Total splits: 143 Good splits: 109
Reward: 40888.1569285 Total splits: 135 Good splits: 118
Reward: 39582.1142866 Total splits: 133 Good splits: 114
Reward: 19924.1363176 Total splits: 152 Good splits: 116
Reward: 35764.8425964 Total splits: 115 Good splits: 93
Reward: 33402.325124 Total splits: 140 Good splits: 114
Reward: 23953.01932 Total splits: 138 Good splits: 105
Reward: 42977.8417054 Total splits: 132 Good splits: 109
Reward: 30521.844653 Total splits: 163 Good splits: 126
Reward: 36292.0400676 Total splits: 138 Good splits: 118
Reward: 33088.2921999 Total splits: 135 Good splits: 116
Reward: 40310.0596246 Total splits: 142 Good splits: 110
Reward: 29103.2551624 Total splits: 124 Good splits: 100
Reward: 36350.3135902 Total splits: 124 Good splits: 98
Reward: 29244.3168579 Total splits: 154 Good splits: 119
Reward: 40828.8066648 Total splits: 170 Good splits: 150
Reward: 33644.5963611 Total splits: 152 Good splits: 124
Reward: 35172.995747 Total splits: 145 Good splits: 120
Reward: 36778.2851169 Total splits: 179 Good splits: 157
Reward: 41909.3722124 Total splits: 168 Good splits: 138
Reward: 34979.2956943 Total splits: 164 Good splits: 135
Reward: 35033.4780198 Total splits: 167 Good splits: 141
Reward: 36112.8364003 Total splits: 151 Good splits: 122
Reward: 36988.7925505 Total splits: 146 Good splits: 119
Reward: 38692.0604187 Total splits: 179 Good splits: 151
Reward: 37170.2835609 Total splits: 150 Good splits: 120
Reward: 37094.6805185 Total splits: 151 Good splits: 117
Reward: 35698.1660052 Total splits: 144 Good splits: 121
Reward: 42688.3398649 Total splits: 159 Good splits: 129
Reward: 29531.5845207 Total splits: 156 Good splits: 126
Reward: 33072.6647873 Total splits: 152 Good splits: 118
Reward: 35035.8831552 Total splits: 132 Good splits: 104
Reward: 43883.4973057 Total splits: 129 Good splits: 110
Reward: 29951.2237488 Total splits: 123 Good splits: 99
Reward: 27830.9714614 Total splits: 168 Good splits: 131
Reward: 40831.520879 Total splits: 152 Good splits: 121
Reward: 36276.8738287 Total splits: 169 Good splits: 143
Reward: 36021.6567513 Total splits: 144 Good splits: 118
Reward: 44022.1194574 Total splits: 170 Good splits: 142
Reward: 20429.5443075 Total splits: 143 Good splits: 107
Reward: 40099.5431074 Total splits: 151 Good splits: 125
Reward: 27206.6297812 Total splits: 169 Good splits: 141
Reward: 33545.1296311 Total splits: 160 Good splits: 133
Reward: 37092.1027692 Total splits: 152 Good splits: 118
Reward: 25727.9763918 Total splits: 144 Good splits: 117
Reward: 33462.7398023 Total splits: 125 Good splits: 101
Reward: 37825.1968876 Total splits: 146 Good splits: 122
Reward: 37415.1201026 Total splits: 161 Good splits: 130
Reward: 26290.8889887 Total splits: 158 Good splits: 128
Reward: 37023.073459 Total splits: 150 Good splits: 126
Reward: 32080.8855951 Total splits: 118 Good splits: 95
Reward: 35566.3530395 Total splits: 167 Good splits: 138

Results after 100 tests
Average total rewards : 33540.0338952
Average total splits  : 147.04
Average good splits   : 120.2
Average good splits % : 81.7464635473

