Reward: 37396.4295546 Total splits: 149 Good splits: 126
Reward: 35811.1320343 Total splits: 146 Good splits: 119
Reward: 36949.2821111 Total splits: 142 Good splits: 122
Reward: 28548.5663772 Total splits: 138 Good splits: 116
Reward: 35010.1648926 Total splits: 149 Good splits: 121
Reward: 34697.7273861 Total splits: 153 Good splits: 129
Reward: 29984.4376989 Total splits: 121 Good splits: 111
Reward: 29189.8614462 Total splits: 121 Good splits: 106
Reward: 39660.5884541 Total splits: 157 Good splits: 132
Reward: 34209.114307 Total splits: 125 Good splits: 103
Reward: 35076.2975865 Total splits: 103 Good splits: 90
Reward: 42189.5121252 Total splits: 169 Good splits: 139
Reward: 29413.2277809 Total splits: 129 Good splits: 107
Reward: 39493.5123961 Total splits: 141 Good splits: 111
Reward: 38080.4330359 Total splits: 169 Good splits: 149
Reward: 43319.7281704 Total splits: 151 Good splits: 131
Reward: 36836.2628605 Total splits: 173 Good splits: 146
Reward: 40204.4188601 Total splits: 149 Good splits: 124
Reward: 37325.8436662 Total splits: 149 Good splits: 123
Reward: 33955.7603863 Total splits: 161 Good splits: 128
Reward: 34135.2221479 Total splits: 115 Good splits: 90
Reward: 28478.3547952 Total splits: 126 Good splits: 99
Reward: 36798.3911958 Total splits: 168 Good splits: 142
Reward: 38102.8517757 Total splits: 163 Good splits: 139
Reward: 33472.5390946 Total splits: 145 Good splits: 117
Reward: 40526.7896582 Total splits: 141 Good splits: 119
Reward: 40835.9195623 Total splits: 122 Good splits: 102
Reward: 29484.6219073 Total splits: 157 Good splits: 123
Reward: 37568.2716836 Total splits: 147 Good splits: 124
Reward: 35107.340107 Total splits: 164 Good splits: 128
Reward: 37480.1989143 Total splits: 145 Good splits: 118
Reward: 30659.7612941 Total splits: 161 Good splits: 127
Reward: 37075.8256062 Total splits: 155 Good splits: 118
Reward: 39034.5122087 Total splits: 166 Good splits: 141
Reward: 19067.2539922 Total splits: 124 Good splits: 98
Reward: 36681.912552 Total splits: 105 Good splits: 86
Reward: 40571.6437235 Total splits: 151 Good splits: 129
Reward: 35064.5164798 Total splits: 146 Good splits: 121
Reward: 29073.7983661 Total splits: 154 Good splits: 126
Reward: 28544.1525342 Total splits: 111 Good splits: 93
Reward: 28742.5026317 Total splits: 128 Good splits: 100
Reward: 42116.3102416 Total splits: 142 Good splits: 123
Reward: 33801.0054165 Total splits: 131 Good splits: 105
Reward: 26491.8504511 Total splits: 130 Good splits: 104
Reward: 35849.7371922 Total splits: 146 Good splits: 115
Reward: 38895.4897279 Total splits: 153 Good splits: 134
Reward: 40248.9900082 Total splits: 157 Good splits: 128
Reward: 33043.6094802 Total splits: 137 Good splits: 115
Reward: 35312.377692 Total splits: 103 Good splits: 88
Reward: 37728.8221041 Total splits: 141 Good splits: 129
Reward: 26680.9991781 Total splits: 156 Good splits: 121
Reward: 29486.4915218 Total splits: 112 Good splits: 95
Reward: 37182.7289944 Total splits: 158 Good splits: 139
Reward: 35244.5737819 Total splits: 129 Good splits: 103
Reward: 23984.290275 Total splits: 153 Good splits: 133
Reward: 39785.264544 Total splits: 136 Good splits: 111
Reward: 27061.2674717 Total splits: 131 Good splits: 104
Reward: 39469.5802999 Total splits: 144 Good splits: 120
Reward: 37997.4406523 Total splits: 137 Good splits: 103
Reward: 33692.7547138 Total splits: 143 Good splits: 119
Reward: 35379.2315283 Total splits: 157 Good splits: 130
Reward: 39079.5958723 Total splits: 143 Good splits: 110
Reward: 31629.2993144 Total splits: 137 Good splits: 105
Reward: 39240.7670886 Total splits: 163 Good splits: 134
Reward: 41563.7287691 Total splits: 131 Good splits: 109
Reward: 37263.5244563 Total splits: 144 Good splits: 115
Reward: 33962.8614412 Total splits: 154 Good splits: 138
Reward: 37816.5174355 Total splits: 131 Good splits: 103
Reward: 32940.5039421 Total splits: 162 Good splits: 133
Reward: 38333.9785578 Total splits: 155 Good splits: 124
Reward: 31007.7159053 Total splits: 110 Good splits: 83
Reward: 30887.8201284 Total splits: 136 Good splits: 113
Reward: 37494.6088398 Total splits: 139 Good splits: 115
Reward: 33125.5159193 Total splits: 119 Good splits: 93
Reward: 27493.5062261 Total splits: 105 Good splits: 91
Reward: 38951.6005747 Total splits: 111 Good splits: 96
Reward: 34695.5039605 Total splits: 139 Good splits: 109
Reward: 35495.9438537 Total splits: 130 Good splits: 109
Reward: 28987.6098495 Total splits: 125 Good splits: 104
Reward: 31381.2236618 Total splits: 167 Good splits: 136
Reward: 26842.4907577 Total splits: 118 Good splits: 98
Reward: 38210.2752752 Total splits: 129 Good splits: 106
Reward: 34400.2720859 Total splits: 159 Good splits: 134
Reward: 38096.0681339 Total splits: 138 Good splits: 115
Reward: 29055.5898274 Total splits: 118 Good splits: 100
Reward: 23516.8549459 Total splits: 143 Good splits: 116
Reward: 31057.3746 Total splits: 108 Good splits: 85
Reward: 15091.6255633 Total splits: 137 Good splits: 114
Reward: 32176.2957539 Total splits: 154 Good splits: 120
Reward: 32287.8782356 Total splits: 119 Good splits: 100
Reward: 28411.4590474 Total splits: 155 Good splits: 139
Reward: 33201.3089722 Total splits: 129 Good splits: 100
Reward: 31421.2346364 Total splits: 111 Good splits: 90
Reward: 39939.2849211 Total splits: 130 Good splits: 107
Reward: 37099.8992778 Total splits: 143 Good splits: 106
Reward: 35995.6628596 Total splits: 128 Good splits: 114
Reward: 40992.3234063 Total splits: 136 Good splits: 116
Reward: 45350.8585009 Total splits: 160 Good splits: 139
Reward: 33972.4192487 Total splits: 145 Good splits: 123
Reward: 31970.3879164 Total splits: 156 Good splits: 128

Results after 100 tests
Average total rewards : 34437.528864
Average total splits  : 140.02
Average good splits   : 115.62
Average good splits % : 82.5739180117

