Reward: 26070.0367518 Total splits: 128 Good splits: 103
Reward: 26749.6288057 Total splits: 130 Good splits: 107
Reward: 26894.9747562 Total splits: 124 Good splits: 106
Reward: 34123.3997226 Total splits: 133 Good splits: 111
Reward: 38896.0793186 Total splits: 154 Good splits: 129
Reward: 36963.4723642 Total splits: 147 Good splits: 122
Reward: 32074.3161025 Total splits: 136 Good splits: 111
Reward: 40903.393377 Total splits: 143 Good splits: 114
Reward: 40150.4840629 Total splits: 167 Good splits: 147
Reward: 29136.2865925 Total splits: 138 Good splits: 119
Reward: 33401.7752702 Total splits: 119 Good splits: 103
Reward: 39267.6149296 Total splits: 132 Good splits: 112
Reward: 36179.2060265 Total splits: 144 Good splits: 125
Reward: 31764.108033 Total splits: 151 Good splits: 120
Reward: 35536.6305633 Total splits: 116 Good splits: 97
Reward: 38540.0682388 Total splits: 150 Good splits: 125
Reward: 27069.4871624 Total splits: 121 Good splits: 97
Reward: 33208.4214427 Total splits: 129 Good splits: 107
Reward: 21370.0976263 Total splits: 137 Good splits: 115
Reward: 36039.3310198 Total splits: 149 Good splits: 124
Reward: 32353.7326285 Total splits: 114 Good splits: 94
Reward: 23752.9736173 Total splits: 120 Good splits: 99
Reward: 38431.3201503 Total splits: 137 Good splits: 118
Reward: 42192.6863676 Total splits: 151 Good splits: 132
Reward: 41209.7701507 Total splits: 130 Good splits: 106
Reward: 40736.9686504 Total splits: 144 Good splits: 128
Reward: 34986.7040174 Total splits: 125 Good splits: 94
Reward: 29546.6004013 Total splits: 105 Good splits: 80
Reward: 26462.7552714 Total splits: 119 Good splits: 101
Reward: 20749.1853392 Total splits: 141 Good splits: 120
Reward: 32511.9514156 Total splits: 157 Good splits: 131
Reward: 37313.0066584 Total splits: 135 Good splits: 116
Reward: 21880.6553087 Total splits: 115 Good splits: 94
Reward: 40332.7895346 Total splits: 131 Good splits: 107
Reward: 24405.1747538 Total splits: 116 Good splits: 93
Reward: 35530.475919 Total splits: 117 Good splits: 93
Reward: 35590.1577705 Total splits: 143 Good splits: 119
Reward: 36147.2432184 Total splits: 113 Good splits: 93
Reward: 28375.7728948 Total splits: 111 Good splits: 96
Reward: 32140.8735991 Total splits: 110 Good splits: 89
Reward: 40443.5700113 Total splits: 148 Good splits: 122
Reward: 37576.9803694 Total splits: 142 Good splits: 119
Reward: 23942.8331377 Total splits: 128 Good splits: 108
Reward: 36334.8163498 Total splits: 167 Good splits: 141
Reward: 20829.9774462 Total splits: 124 Good splits: 100
Reward: 28383.8980122 Total splits: 122 Good splits: 106
Reward: 42272.4731018 Total splits: 137 Good splits: 112
Reward: 38167.2900823 Total splits: 136 Good splits: 119
Reward: 37230.2451522 Total splits: 124 Good splits: 105
Reward: 42295.8249545 Total splits: 129 Good splits: 105
Reward: 33376.8323665 Total splits: 128 Good splits: 102
Reward: 23271.3864534 Total splits: 127 Good splits: 106
Reward: 21207.1825744 Total splits: 141 Good splits: 117
Reward: 26165.6850932 Total splits: 128 Good splits: 105
Reward: 43839.6468345 Total splits: 141 Good splits: 119
Reward: 34454.6539366 Total splits: 154 Good splits: 132
Reward: 33152.5837634 Total splits: 148 Good splits: 129
Reward: 22180.7937063 Total splits: 159 Good splits: 134
Reward: 26088.379158 Total splits: 125 Good splits: 102
Reward: 31210.1328081 Total splits: 108 Good splits: 81
Reward: 31511.7438897 Total splits: 137 Good splits: 116
Reward: 34153.8269985 Total splits: 141 Good splits: 119
Reward: 31263.0172546 Total splits: 129 Good splits: 97
Reward: 35416.92097 Total splits: 141 Good splits: 117
Reward: 34429.9605978 Total splits: 147 Good splits: 122
Reward: 29271.7898262 Total splits: 142 Good splits: 114
Reward: 32875.1550647 Total splits: 143 Good splits: 118
Reward: 38278.0138418 Total splits: 147 Good splits: 125
Reward: 38782.6702152 Total splits: 147 Good splits: 119
Reward: 29263.0593827 Total splits: 148 Good splits: 114
Reward: 37345.6543485 Total splits: 146 Good splits: 120
Reward: 32428.9926543 Total splits: 146 Good splits: 125
Reward: 31947.0832378 Total splits: 119 Good splits: 98
Reward: 34480.1919338 Total splits: 110 Good splits: 95
Reward: 43008.594716 Total splits: 138 Good splits: 118
Reward: 32736.4019436 Total splits: 166 Good splits: 137
Reward: 38979.440709 Total splits: 153 Good splits: 125
Reward: 41752.5186555 Total splits: 152 Good splits: 123
Reward: 20429.8807144 Total splits: 132 Good splits: 108
Reward: 37350.0392344 Total splits: 126 Good splits: 108
Reward: 35651.1581515 Total splits: 121 Good splits: 94
Reward: 27350.6719062 Total splits: 136 Good splits: 108
Reward: 35314.8362269 Total splits: 107 Good splits: 91
Reward: 25688.0788502 Total splits: 123 Good splits: 99
Reward: 39958.4536388 Total splits: 139 Good splits: 114
Reward: 29689.3770501 Total splits: 118 Good splits: 88
Reward: 38481.4144394 Total splits: 136 Good splits: 109
Reward: 29100.9033733 Total splits: 120 Good splits: 104
Reward: 35331.6343569 Total splits: 146 Good splits: 115
Reward: 36598.7639826 Total splits: 142 Good splits: 122
Reward: 35170.4150085 Total splits: 149 Good splits: 119
Reward: 40349.9768967 Total splits: 147 Good splits: 120
Reward: 35030.9803607 Total splits: 117 Good splits: 94
Reward: 40034.5734419 Total splits: 149 Good splits: 125
Reward: 21420.3433427 Total splits: 112 Good splits: 94
Reward: 35233.5865906 Total splits: 139 Good splits: 112
Reward: 37840.0885715 Total splits: 158 Good splits: 134
Reward: 37276.2458751 Total splits: 116 Good splits: 96
Reward: 32327.5324782 Total splits: 159 Good splits: 141
Reward: 24172.5083919 Total splits: 111 Good splits: 93

Results after 100 tests
Average total rewards : 33191.4129427
Average total splits  : 134.53
Average good splits   : 111.51
Average good splits % : 82.888575039

