Reward: 36096.1360653 Total splits: 141 Good splits: 120
Reward: 35236.5245066 Total splits: 133 Good splits: 105
Reward: 30148.963293 Total splits: 142 Good splits: 121
Reward: 30310.4539854 Total splits: 128 Good splits: 108
Reward: 41145.7654964 Total splits: 150 Good splits: 126
Reward: 25873.1529391 Total splits: 125 Good splits: 100
Reward: 24824.1194466 Total splits: 115 Good splits: 94
Reward: 28827.408683 Total splits: 153 Good splits: 124
Reward: 35010.2193585 Total splits: 134 Good splits: 110
Reward: 35256.4810176 Total splits: 123 Good splits: 100
Reward: 26202.3667756 Total splits: 124 Good splits: 100
Reward: 19306.6057232 Total splits: 110 Good splits: 91
Reward: 24026.0137213 Total splits: 124 Good splits: 94
Reward: 41466.2539943 Total splits: 133 Good splits: 111
Reward: 33798.7196703 Total splits: 157 Good splits: 137
Reward: 38013.7153333 Total splits: 131 Good splits: 109
Reward: 34998.7902465 Total splits: 135 Good splits: 117
Reward: 17606.1235317 Total splits: 107 Good splits: 90
Reward: 22225.2956343 Total splits: 131 Good splits: 102
Reward: 23484.2656689 Total splits: 97 Good splits: 82
Reward: 30059.9121144 Total splits: 102 Good splits: 86
Reward: 38881.5851985 Total splits: 147 Good splits: 118
Reward: 35474.4736661 Total splits: 113 Good splits: 95
Reward: 43983.8320054 Total splits: 136 Good splits: 116
Reward: 27873.6342387 Total splits: 115 Good splits: 92
Reward: 29423.0584765 Total splits: 108 Good splits: 86
Reward: 31217.618154 Total splits: 135 Good splits: 111
Reward: 25268.3482307 Total splits: 123 Good splits: 101
Reward: 38270.3623287 Total splits: 140 Good splits: 118
Reward: 32541.7022673 Total splits: 157 Good splits: 131
Reward: 35220.7163689 Total splits: 120 Good splits: 94
Reward: 36289.283259 Total splits: 140 Good splits: 112
Reward: 33699.3421963 Total splits: 130 Good splits: 112
Reward: 34436.6648507 Total splits: 115 Good splits: 97
Reward: 31502.4295989 Total splits: 126 Good splits: 106
Reward: 35595.9888669 Total splits: 114 Good splits: 96
Reward: 40018.4296435 Total splits: 140 Good splits: 112
Reward: 31782.7450899 Total splits: 110 Good splits: 86
Reward: 26225.890162 Total splits: 119 Good splits: 97
Reward: 30545.7210025 Total splits: 111 Good splits: 88
Reward: 21700.0505728 Total splits: 107 Good splits: 88
Reward: 33175.334017 Total splits: 139 Good splits: 115
Reward: 28632.5479973 Total splits: 107 Good splits: 92
Reward: 34795.3041747 Total splits: 118 Good splits: 95
Reward: 41389.4299257 Total splits: 157 Good splits: 133
Reward: 32342.614189 Total splits: 116 Good splits: 96
Reward: 27166.3383486 Total splits: 115 Good splits: 100
Reward: 33446.517775 Total splits: 106 Good splits: 90
Reward: 33321.4283873 Total splits: 114 Good splits: 97
Reward: 20127.416513 Total splits: 116 Good splits: 96
Reward: 10650.5243263 Total splits: 137 Good splits: 105
Reward: 42677.0843075 Total splits: 128 Good splits: 109
Reward: 31397.5518716 Total splits: 118 Good splits: 91
Reward: 31795.819496 Total splits: 132 Good splits: 110
Reward: 21193.7322869 Total splits: 109 Good splits: 91
Reward: 29190.4766414 Total splits: 140 Good splits: 113
Reward: 38263.3846964 Total splits: 111 Good splits: 91
Reward: 23057.4495557 Total splits: 107 Good splits: 88
Reward: 42709.1896813 Total splits: 128 Good splits: 107
Reward: 34636.6764276 Total splits: 126 Good splits: 105
Reward: 29051.1065203 Total splits: 134 Good splits: 114
Reward: 38134.4280567 Total splits: 112 Good splits: 96
Reward: 36024.4774793 Total splits: 148 Good splits: 131
Reward: 29034.7908946 Total splits: 114 Good splits: 97
Reward: 29234.3596015 Total splits: 123 Good splits: 102
Reward: 37617.6713617 Total splits: 126 Good splits: 105
Reward: 31718.94047 Total splits: 120 Good splits: 99
Reward: 22637.0403076 Total splits: 130 Good splits: 107
Reward: 21780.9710014 Total splits: 146 Good splits: 122
Reward: 36456.8642182 Total splits: 128 Good splits: 106
Reward: 34711.6723697 Total splits: 117 Good splits: 99
Reward: 38737.6598958 Total splits: 148 Good splits: 120
Reward: 26892.7360143 Total splits: 121 Good splits: 101
Reward: 35055.380515 Total splits: 133 Good splits: 112
Reward: 27577.6701204 Total splits: 126 Good splits: 89
Reward: 38021.8497969 Total splits: 142 Good splits: 117
Reward: 34116.5306607 Total splits: 149 Good splits: 120
Reward: 31760.1592974 Total splits: 115 Good splits: 104
Reward: 39876.4757325 Total splits: 121 Good splits: 103
Reward: 30084.1952433 Total splits: 141 Good splits: 116
Reward: 19679.9988314 Total splits: 103 Good splits: 77
Reward: 23170.9348351 Total splits: 120 Good splits: 98
Reward: 26890.3725441 Total splits: 120 Good splits: 103
Reward: 22260.3902676 Total splits: 110 Good splits: 95
Reward: 34348.8198121 Total splits: 126 Good splits: 100
Reward: 23574.8020882 Total splits: 117 Good splits: 89
Reward: 30967.097729 Total splits: 147 Good splits: 124
Reward: 24588.087495 Total splits: 119 Good splits: 88
Reward: 38072.1681651 Total splits: 121 Good splits: 108
Reward: 36626.3311742 Total splits: 119 Good splits: 99
Reward: 28514.9935291 Total splits: 113 Good splits: 97
Reward: 38210.166725 Total splits: 155 Good splits: 136
Reward: 31218.6223941 Total splits: 113 Good splits: 90
Reward: 31764.1873258 Total splits: 126 Good splits: 109
Reward: 35924.5161691 Total splits: 136 Good splits: 113
Reward: 38264.5521859 Total splits: 169 Good splits: 145
Reward: 40776.303983 Total splits: 136 Good splits: 115
Reward: 39077.0026513 Total splits: 117 Good splits: 95
Reward: 39819.3801535 Total splits: 123 Good splits: 110
Reward: 23350.5933495 Total splits: 117 Good splits: 102

Results after 100 tests
Average total rewards : 31594.6228497
Average total splits  : 126.26
Average good splits   : 104.6
Average good splits % : 82.8449231744

