Reward: 26843.060135 Total splits: 128 Good splits: 102
Reward: 31532.6261099 Total splits: 136 Good splits: 109
Reward: 23071.1461333 Total splits: 122 Good splits: 99
Reward: 30177.3858402 Total splits: 128 Good splits: 107
Reward: 42182.9564826 Total splits: 137 Good splits: 111
Reward: 29862.604813 Total splits: 107 Good splits: 86
Reward: 17786.2671186 Total splits: 104 Good splits: 92
Reward: 15664.9260758 Total splits: 137 Good splits: 113
Reward: 39015.4646638 Total splits: 123 Good splits: 107
Reward: 23833.5135154 Total splits: 111 Good splits: 90
Reward: 36834.1475689 Total splits: 144 Good splits: 128
Reward: 24200.988341 Total splits: 103 Good splits: 89
Reward: 28425.0593355 Total splits: 119 Good splits: 104
Reward: 27301.116569 Total splits: 104 Good splits: 88
Reward: 40443.2795836 Total splits: 125 Good splits: 106
Reward: 37504.2249801 Total splits: 119 Good splits: 104
Reward: 27498.1649736 Total splits: 108 Good splits: 89
Reward: 34710.036137 Total splits: 146 Good splits: 127
Reward: 35289.3555782 Total splits: 140 Good splits: 120
Reward: 29126.0023017 Total splits: 117 Good splits: 91
Reward: 32119.9162356 Total splits: 129 Good splits: 107
Reward: 37185.1402538 Total splits: 136 Good splits: 112
Reward: 39293.8067718 Total splits: 129 Good splits: 113
Reward: 25263.5895652 Total splits: 139 Good splits: 120
Reward: 25846.8466979 Total splits: 118 Good splits: 97
Reward: 40609.1705422 Total splits: 115 Good splits: 101
Reward: 26111.9388142 Total splits: 104 Good splits: 86
Reward: 28418.9465507 Total splits: 108 Good splits: 92
Reward: 36995.626455 Total splits: 139 Good splits: 119
Reward: 34381.4931952 Total splits: 110 Good splits: 88
Reward: 28675.2928044 Total splits: 109 Good splits: 95
Reward: 40808.5157359 Total splits: 112 Good splits: 98
Reward: 29710.2949217 Total splits: 132 Good splits: 106
Reward: 16276.8698663 Total splits: 98 Good splits: 83
Reward: 18033.877008 Total splits: 136 Good splits: 114
Reward: 36831.4140103 Total splits: 125 Good splits: 101
Reward: 43504.1130555 Total splits: 122 Good splits: 101
Reward: 39062.178834 Total splits: 144 Good splits: 129
Reward: 36922.8949982 Total splits: 116 Good splits: 97
Reward: 23538.7573664 Total splits: 107 Good splits: 88
Reward: 30674.1127651 Total splits: 121 Good splits: 95
Reward: 24870.9014263 Total splits: 132 Good splits: 111
Reward: 35988.900985 Total splits: 143 Good splits: 121
Reward: 37151.2163787 Total splits: 134 Good splits: 117
Reward: 30317.8753177 Total splits: 134 Good splits: 116
Reward: 25845.7449717 Total splits: 123 Good splits: 99
Reward: 22205.1898631 Total splits: 127 Good splits: 105
Reward: 41809.694365 Total splits: 148 Good splits: 124
Reward: 32303.3625585 Total splits: 133 Good splits: 107
Reward: 37133.3601878 Total splits: 158 Good splits: 132
Reward: 40039.9857607 Total splits: 125 Good splits: 108
Reward: 30275.2596516 Total splits: 102 Good splits: 79
Reward: 24767.1116665 Total splits: 121 Good splits: 99
Reward: 29606.9796918 Total splits: 116 Good splits: 101
Reward: 25987.2901013 Total splits: 100 Good splits: 90
Reward: 23125.0973541 Total splits: 111 Good splits: 99
Reward: 38945.6382984 Total splits: 131 Good splits: 111
Reward: 33028.4890602 Total splits: 113 Good splits: 92
Reward: 37050.007576 Total splits: 110 Good splits: 92
Reward: 37746.9946098 Total splits: 111 Good splits: 88
Reward: 30983.8069407 Total splits: 109 Good splits: 93
Reward: 26062.7885927 Total splits: 105 Good splits: 90
Reward: 34092.5723964 Total splits: 102 Good splits: 88
Reward: 35276.1072171 Total splits: 140 Good splits: 125
Reward: 34267.9521161 Total splits: 146 Good splits: 116
Reward: 37818.8189206 Total splits: 137 Good splits: 118
Reward: 22714.9080041 Total splits: 112 Good splits: 98
Reward: 31680.8221479 Total splits: 151 Good splits: 132
Reward: 33087.6445537 Total splits: 133 Good splits: 115
Reward: 27221.039681 Total splits: 109 Good splits: 86
Reward: 17367.34905 Total splits: 118 Good splits: 94
Reward: 31683.1639582 Total splits: 120 Good splits: 105
Reward: 30781.5880431 Total splits: 123 Good splits: 95
Reward: 27924.2389383 Total splits: 108 Good splits: 88
Reward: 36397.74777 Total splits: 110 Good splits: 95
Reward: 42365.6734117 Total splits: 139 Good splits: 113
Reward: 34701.806207 Total splits: 142 Good splits: 114
Reward: 28034.2163466 Total splits: 132 Good splits: 113
Reward: 38806.9046518 Total splits: 123 Good splits: 99
Reward: 19900.1035132 Total splits: 117 Good splits: 97
Reward: 24987.0855895 Total splits: 118 Good splits: 98
Reward: 27099.1629283 Total splits: 119 Good splits: 104
Reward: 30496.3990466 Total splits: 129 Good splits: 100
Reward: 33484.8571537 Total splits: 114 Good splits: 97
Reward: 39391.5463959 Total splits: 122 Good splits: 100
Reward: 26029.5276812 Total splits: 141 Good splits: 120
Reward: 28700.47974 Total splits: 106 Good splits: 86
Reward: 19014.2019988 Total splits: 105 Good splits: 83
Reward: 18325.1144545 Total splits: 102 Good splits: 78
Reward: 25538.7552201 Total splits: 103 Good splits: 81
Reward: 36734.4229159 Total splits: 116 Good splits: 90
Reward: 27355.1156209 Total splits: 138 Good splits: 118
Reward: 36387.736384 Total splits: 126 Good splits: 108
Reward: 22007.0485255 Total splits: 128 Good splits: 104
Reward: 35598.3500683 Total splits: 106 Good splits: 88
Reward: 33249.4730119 Total splits: 106 Good splits: 88
Reward: 40735.7637528 Total splits: 125 Good splits: 104
Reward: 29671.2551238 Total splits: 109 Good splits: 88
Reward: 27407.7105304 Total splits: 129 Good splits: 106
Reward: 23056.2115507 Total splits: 129 Good splits: 101

Results after 100 tests
Average total rewards : 30862.0569268
Average total splits  : 122.26
Average good splits   : 102.11
Average good splits % : 83.5187305742

