Reward: 33416.3430621 Total splits: 133 Good splits: 106
Reward: 34156.4033969 Total splits: 135 Good splits: 115
Reward: 23578.1875524 Total splits: 127 Good splits: 110
Reward: 29252.5837556 Total splits: 111 Good splits: 92
Reward: 26699.9974106 Total splits: 104 Good splits: 84
Reward: 35090.3923603 Total splits: 143 Good splits: 123
Reward: 26078.3785975 Total splits: 103 Good splits: 82
Reward: 34581.1768617 Total splits: 107 Good splits: 89
Reward: 14613.7243492 Total splits: 98 Good splits: 71
Reward: 17124.5107462 Total splits: 143 Good splits: 117
Reward: 37523.3599034 Total splits: 104 Good splits: 96
Reward: 23881.9267803 Total splits: 128 Good splits: 103
Reward: 25290.394566 Total splits: 106 Good splits: 84
Reward: 19744.6531102 Total splits: 141 Good splits: 118
Reward: 32150.7487305 Total splits: 128 Good splits: 103
Reward: 27292.1694062 Total splits: 112 Good splits: 97
Reward: 30774.2793424 Total splits: 101 Good splits: 81
Reward: 27757.3135653 Total splits: 103 Good splits: 86
Reward: 34511.8191725 Total splits: 127 Good splits: 111
Reward: 36437.1195673 Total splits: 123 Good splits: 105
Reward: 37602.7885741 Total splits: 114 Good splits: 94
Reward: 36128.155362 Total splits: 137 Good splits: 110
Reward: 16248.1474794 Total splits: 113 Good splits: 95
Reward: 34626.4055063 Total splits: 115 Good splits: 99
Reward: 41084.6518736 Total splits: 115 Good splits: 92
Reward: 40532.0702196 Total splits: 144 Good splits: 121
Reward: 16453.9875169 Total splits: 121 Good splits: 98
Reward: 25750.8478946 Total splits: 93 Good splits: 76
Reward: 29306.1021453 Total splits: 112 Good splits: 98
Reward: 16892.1259725 Total splits: 114 Good splits: 95
Reward: 36797.8055233 Total splits: 117 Good splits: 92
Reward: 33984.4550656 Total splits: 111 Good splits: 92
Reward: 19816.9988038 Total splits: 108 Good splits: 89
Reward: 30110.0221091 Total splits: 135 Good splits: 117
Reward: 35412.7211939 Total splits: 141 Good splits: 127
Reward: 32754.9070556 Total splits: 131 Good splits: 96
Reward: 37425.7050484 Total splits: 104 Good splits: 90
Reward: 18080.1664394 Total splits: 142 Good splits: 113
Reward: 33489.3781392 Total splits: 132 Good splits: 111
Reward: 24424.9881612 Total splits: 132 Good splits: 104
Reward: 28005.8261283 Total splits: 138 Good splits: 121
Reward: 34287.8371921 Total splits: 153 Good splits: 125
Reward: 27343.0011117 Total splits: 121 Good splits: 104
Reward: 24712.8201131 Total splits: 114 Good splits: 89
Reward: 37104.6093852 Total splits: 128 Good splits: 100
Reward: 16365.5012922 Total splits: 118 Good splits: 94
Reward: 28828.6677961 Total splits: 131 Good splits: 106
Reward: 12271.8549082 Total splits: 146 Good splits: 118
Reward: 19516.8383372 Total splits: 137 Good splits: 114
Reward: 35004.9441667 Total splits: 142 Good splits: 130
Reward: 32890.8423991 Total splits: 125 Good splits: 101
Reward: 23354.4469554 Total splits: 111 Good splits: 87
Reward: 13582.0991897 Total splits: 124 Good splits: 93
Reward: 28268.5423315 Total splits: 122 Good splits: 101
Reward: 34000.9581215 Total splits: 150 Good splits: 125
Reward: 28554.7560569 Total splits: 104 Good splits: 89
Reward: 15904.3556792 Total splits: 142 Good splits: 110
Reward: 35021.3044642 Total splits: 113 Good splits: 89
Reward: 35310.3109852 Total splits: 90 Good splits: 81
Reward: 24545.4883443 Total splits: 111 Good splits: 88
Reward: 36068.1786473 Total splits: 123 Good splits: 99
Reward: 24243.9708326 Total splits: 147 Good splits: 124
Reward: 29416.642605 Total splits: 109 Good splits: 91
Reward: 17675.9978431 Total splits: 109 Good splits: 85
Reward: 33299.1732988 Total splits: 137 Good splits: 118
Reward: 30431.9582562 Total splits: 108 Good splits: 86
Reward: 29857.8942336 Total splits: 118 Good splits: 93
Reward: 41720.2306383 Total splits: 141 Good splits: 121
Reward: 37916.3460602 Total splits: 128 Good splits: 107
Reward: 36744.4482961 Total splits: 123 Good splits: 93
Reward: 29683.9852063 Total splits: 136 Good splits: 116
Reward: 29575.8518398 Total splits: 119 Good splits: 102
Reward: 16413.621015 Total splits: 128 Good splits: 101
Reward: 34869.4390783 Total splits: 107 Good splits: 83
Reward: 22700.5100615 Total splits: 117 Good splits: 95
Reward: 32296.948809 Total splits: 127 Good splits: 109
Reward: 30428.145669 Total splits: 102 Good splits: 84
Reward: 24907.1018373 Total splits: 145 Good splits: 122
Reward: 25902.3136729 Total splits: 115 Good splits: 95
Reward: 11867.9866661 Total splits: 126 Good splits: 104
Reward: 31176.8246603 Total splits: 140 Good splits: 120
Reward: 25837.8152405 Total splits: 134 Good splits: 104
Reward: 21894.3998995 Total splits: 119 Good splits: 98
Reward: 20334.1404022 Total splits: 114 Good splits: 86
Reward: 33234.9226281 Total splits: 118 Good splits: 100
Reward: 40194.6721615 Total splits: 124 Good splits: 109
Reward: 26389.2442161 Total splits: 106 Good splits: 86
Reward: 40377.490969 Total splits: 144 Good splits: 127
Reward: 37692.2437486 Total splits: 126 Good splits: 101
Reward: 32719.9425246 Total splits: 136 Good splits: 105
Reward: 26722.7574185 Total splits: 117 Good splits: 96
Reward: 27931.8436641 Total splits: 102 Good splits: 82
Reward: 29710.7920138 Total splits: 147 Good splits: 118
Reward: 25981.5620667 Total splits: 117 Good splits: 92
Reward: 33373.4089815 Total splits: 118 Good splits: 102
Reward: 32834.2660333 Total splits: 117 Good splits: 95
Reward: 44385.6845307 Total splits: 130 Good splits: 117
Reward: 33565.7268828 Total splits: 108 Good splits: 90
Reward: 25418.9208897 Total splits: 106 Good splits: 88
Reward: 33102.121387 Total splits: 135 Good splits: 121

Results after 100 tests
Average total rewards : 29006.5244216
Average total splits  : 122.51
Average good splits   : 101.12
Average good splits % : 82.5402007999

