Reward: 29829.9433111 Total splits: 278 Good splits: 267 Marginal splits: 4
Reward: 35405.9853262 Total splits: 284 Good splits: 278 Marginal splits: 3
Reward: 39371.3934064 Total splits: 299 Good splits: 287 Marginal splits: 2
Reward: 33936.8759602 Total splits: 283 Good splits: 272 Marginal splits: 2
Reward: 39713.5734291 Total splits: 277 Good splits: 272 Marginal splits: 7
Reward: 36077.0543929 Total splits: 298 Good splits: 283 Marginal splits: 3
Reward: 39274.6758367 Total splits: 284 Good splits: 275 Marginal splits: 1
Reward: 36880.0354434 Total splits: 292 Good splits: 284 Marginal splits: 8
Reward: 39309.0021763 Total splits: 264 Good splits: 255 Marginal splits: 1
Reward: 38311.3468385 Total splits: 276 Good splits: 269 Marginal splits: 2
Reward: 39396.3948811 Total splits: 278 Good splits: 267 Marginal splits: 3
Reward: 34365.0404083 Total splits: 299 Good splits: 290 Marginal splits: 5
Reward: 37491.1824348 Total splits: 284 Good splits: 274 Marginal splits: 2
Reward: 37002.9862565 Total splits: 309 Good splits: 302 Marginal splits: 2
Reward: 37054.2976639 Total splits: 289 Good splits: 277 Marginal splits: 5
Reward: 32723.5150624 Total splits: 283 Good splits: 272 Marginal splits: 2
Reward: 37714.469954 Total splits: 289 Good splits: 280 Marginal splits: 1
Reward: 37714.782941 Total splits: 280 Good splits: 267 Marginal splits: 6
Reward: 38222.1966378 Total splits: 296 Good splits: 285 Marginal splits: 3
Reward: 36443.0250144 Total splits: 290 Good splits: 280 Marginal splits: 5
Reward: 36612.8291513 Total splits: 302 Good splits: 290 Marginal splits: 3
Reward: 35947.1890794 Total splits: 285 Good splits: 274 Marginal splits: 3
Reward: 37728.7254883 Total splits: 292 Good splits: 277 Marginal splits: 1
Reward: 37048.3173281 Total splits: 291 Good splits: 283 Marginal splits: 4
Reward: 37020.709981 Total splits: 304 Good splits: 293 Marginal splits: 2
Reward: 34597.5520229 Total splits: 291 Good splits: 281 Marginal splits: 4
Reward: 36111.8654532 Total splits: 275 Good splits: 270 Marginal splits: 4
Reward: 37235.9409621 Total splits: 280 Good splits: 267 Marginal splits: 1
Reward: 36326.5207699 Total splits: 302 Good splits: 287 Marginal splits: 2
Reward: 39193.3034027 Total splits: 304 Good splits: 295 Marginal splits: 3
Reward: 35577.1284141 Total splits: 306 Good splits: 293 Marginal splits: 3
Reward: 38523.1339462 Total splits: 292 Good splits: 281 Marginal splits: 0
Reward: 37715.9404083 Total splits: 301 Good splits: 291 Marginal splits: 3
Reward: 38367.3303996 Total splits: 313 Good splits: 301 Marginal splits: 3
Reward: 37180.9468795 Total splits: 279 Good splits: 267 Marginal splits: 2
Reward: 39135.5500019 Total splits: 295 Good splits: 285 Marginal splits: 0
Reward: 36325.9172519 Total splits: 277 Good splits: 268 Marginal splits: 6
Reward: 39278.9997327 Total splits: 300 Good splits: 295 Marginal splits: 4
Reward: 36559.8956915 Total splits: 291 Good splits: 284 Marginal splits: 3
Reward: 39419.751059 Total splits: 301 Good splits: 291 Marginal splits: 6
Reward: 36224.4102024 Total splits: 276 Good splits: 266 Marginal splits: 4
Reward: 39560.8992297 Total splits: 267 Good splits: 259 Marginal splits: 0
Reward: 36698.669328 Total splits: 291 Good splits: 275 Marginal splits: 3
Reward: 38252.5236643 Total splits: 264 Good splits: 253 Marginal splits: 1
Reward: 34908.8066404 Total splits: 268 Good splits: 265 Marginal splits: 2
Reward: 38802.7634372 Total splits: 292 Good splits: 282 Marginal splits: 1
Reward: 35749.5493254 Total splits: 298 Good splits: 291 Marginal splits: 0
Reward: 38443.4507374 Total splits: 309 Good splits: 301 Marginal splits: 3
Reward: 36295.3679798 Total splits: 284 Good splits: 278 Marginal splits: 1
Reward: 37025.580738 Total splits: 305 Good splits: 295 Marginal splits: 2
Reward: 35574.7835259 Total splits: 280 Good splits: 271 Marginal splits: 0
Reward: 38790.3085469 Total splits: 274 Good splits: 262 Marginal splits: 0
Reward: 37960.0856667 Total splits: 284 Good splits: 276 Marginal splits: 1
Reward: 38190.9601604 Total splits: 280 Good splits: 273 Marginal splits: 5
Reward: 34458.3580162 Total splits: 281 Good splits: 267 Marginal splits: 3
Reward: 36188.251716 Total splits: 277 Good splits: 276 Marginal splits: 4
Reward: 36956.1344365 Total splits: 284 Good splits: 275 Marginal splits: 2
Reward: 37386.9662024 Total splits: 292 Good splits: 281 Marginal splits: 5
Reward: 37979.0567864 Total splits: 295 Good splits: 284 Marginal splits: 5
Reward: 36638.3200286 Total splits: 297 Good splits: 290 Marginal splits: 1
Reward: 36803.9296281 Total splits: 301 Good splits: 293 Marginal splits: 3
Reward: 37014.9697811 Total splits: 299 Good splits: 292 Marginal splits: 2
Reward: 36574.8740425 Total splits: 285 Good splits: 276 Marginal splits: 1
Reward: 35321.0504712 Total splits: 295 Good splits: 279 Marginal splits: 4
Reward: 38004.1541681 Total splits: 273 Good splits: 263 Marginal splits: 3
Reward: 38407.5665584 Total splits: 296 Good splits: 288 Marginal splits: 2
Reward: 35925.2605721 Total splits: 291 Good splits: 286 Marginal splits: 7
Reward: 36801.7850956 Total splits: 304 Good splits: 292 Marginal splits: 4
Reward: 37493.5582318 Total splits: 279 Good splits: 268 Marginal splits: 4
Reward: 36336.9222483 Total splits: 275 Good splits: 266 Marginal splits: 3
Reward: 38542.226154 Total splits: 292 Good splits: 282 Marginal splits: 5
Reward: 35842.0601374 Total splits: 284 Good splits: 265 Marginal splits: 3
Reward: 39558.5619293 Total splits: 285 Good splits: 276 Marginal splits: 3
Reward: 35287.7601584 Total splits: 317 Good splits: 301 Marginal splits: 5
Reward: 38744.9748814 Total splits: 292 Good splits: 283 Marginal splits: 8
Reward: 36037.6182529 Total splits: 302 Good splits: 283 Marginal splits: 3
Reward: 39192.1092309 Total splits: 286 Good splits: 273 Marginal splits: 4
Reward: 38216.3983939 Total splits: 300 Good splits: 287 Marginal splits: 1
Reward: 38331.9367065 Total splits: 284 Good splits: 271 Marginal splits: 2
Reward: 35694.2959516 Total splits: 306 Good splits: 290 Marginal splits: 3
Reward: 34437.6679672 Total splits: 286 Good splits: 275 Marginal splits: 6
Reward: 36499.428003 Total splits: 291 Good splits: 276 Marginal splits: 0
Reward: 39851.2590291 Total splits: 286 Good splits: 275 Marginal splits: 5
Reward: 35420.1106199 Total splits: 286 Good splits: 275 Marginal splits: 3
Reward: 38483.3342668 Total splits: 286 Good splits: 274 Marginal splits: 5
Reward: 37544.3516758 Total splits: 294 Good splits: 281 Marginal splits: 1
Reward: 39193.5191064 Total splits: 286 Good splits: 277 Marginal splits: 1
Reward: 38546.5027497 Total splits: 284 Good splits: 273 Marginal splits: 1
Reward: 37118.9574454 Total splits: 290 Good splits: 280 Marginal splits: 2
Reward: 36588.8463463 Total splits: 296 Good splits: 288 Marginal splits: 1
Reward: 37798.7738558 Total splits: 274 Good splits: 261 Marginal splits: 1
Reward: 36498.3546296 Total splits: 309 Good splits: 296 Marginal splits: 7
Reward: 38664.3842677 Total splits: 283 Good splits: 276 Marginal splits: 4
Reward: 36706.2345765 Total splits: 298 Good splits: 281 Marginal splits: 2
Reward: 38707.6646021 Total splits: 293 Good splits: 278 Marginal splits: 1
Reward: 37304.272831 Total splits: 293 Good splits: 285 Marginal splits: 0
Reward: 36909.9084394 Total splits: 297 Good splits: 285 Marginal splits: 1
Reward: 39142.209207 Total splits: 291 Good splits: 275 Marginal splits: 2
Reward: 35818.3055987 Total splits: 288 Good splits: 276 Marginal splits: 3
Reward: 36730.6394367 Total splits: 304 Good splits: 294 Marginal splits: 6
Reward: 36924.9187007 Total splits: 301 Good splits: 296 Marginal splits: 4
Reward: 38651.4746169 Total splits: 297 Good splits: 283 Marginal splits: 4
Reward: 36330.8529359 Total splits: 284 Good splits: 268 Marginal splits: 3
Reward: 35215.7710541 Total splits: 278 Good splits: 268 Marginal splits: 3
Reward: 37333.2476452 Total splits: 285 Good splits: 274 Marginal splits: 4
Reward: 38965.88067 Total splits: 294 Good splits: 283 Marginal splits: 3
Reward: 35915.9920898 Total splits: 286 Good splits: 270 Marginal splits: 3
Reward: 39326.700832 Total splits: 281 Good splits: 269 Marginal splits: 2
Reward: 36997.7613995 Total splits: 286 Good splits: 275 Marginal splits: 4
Reward: 39175.3162216 Total splits: 297 Good splits: 284 Marginal splits: 2
Reward: 35726.7063145 Total splits: 294 Good splits: 287 Marginal splits: 0
Reward: 38472.5198995 Total splits: 299 Good splits: 293 Marginal splits: 5
Reward: 36571.5396182 Total splits: 307 Good splits: 291 Marginal splits: 1
Reward: 36753.7588138 Total splits: 300 Good splits: 288 Marginal splits: 7
Reward: 35200.9669594 Total splits: 297 Good splits: 280 Marginal splits: 2
Reward: 36854.5541293 Total splits: 284 Good splits: 273 Marginal splits: 12
Reward: 37098.8946243 Total splits: 306 Good splits: 293 Marginal splits: 1
Reward: 38505.0775861 Total splits: 291 Good splits: 286 Marginal splits: 4
Reward: 33574.3196668 Total splits: 307 Good splits: 292 Marginal splits: 3
Reward: 39614.8617264 Total splits: 289 Good splits: 270 Marginal splits: 5
Reward: 36496.1716266 Total splits: 299 Good splits: 287 Marginal splits: 4
Reward: 36213.7228058 Total splits: 292 Good splits: 276 Marginal splits: 3
Reward: 36068.0602312 Total splits: 292 Good splits: 283 Marginal splits: 3
Reward: 35276.425284 Total splits: 290 Good splits: 280 Marginal splits: 2
Reward: 35882.5116152 Total splits: 283 Good splits: 277 Marginal splits: 0
Reward: 36559.0698582 Total splits: 281 Good splits: 266 Marginal splits: 6
Reward: 38687.7991717 Total splits: 274 Good splits: 261 Marginal splits: 2
Reward: 35472.5971999 Total splits: 283 Good splits: 272 Marginal splits: 5
Reward: 35655.461896 Total splits: 289 Good splits: 280 Marginal splits: 2
Reward: 37486.8890826 Total splits: 288 Good splits: 281 Marginal splits: 4
Reward: 36942.1034697 Total splits: 287 Good splits: 272 Marginal splits: 3
Reward: 36921.1959979 Total splits: 290 Good splits: 278 Marginal splits: 12
Reward: 38142.1690365 Total splits: 301 Good splits: 291 Marginal splits: 1
Reward: 38659.6666463 Total splits: 279 Good splits: 270 Marginal splits: 6
Reward: 37503.0229725 Total splits: 279 Good splits: 268 Marginal splits: 0
Reward: 36047.9861397 Total splits: 308 Good splits: 296 Marginal splits: 1
Reward: 37545.9820905 Total splits: 268 Good splits: 262 Marginal splits: 2
Reward: 37120.4245662 Total splits: 285 Good splits: 274 Marginal splits: 4
Reward: 36714.2548873 Total splits: 266 Good splits: 257 Marginal splits: 5
Reward: 36245.5008262 Total splits: 284 Good splits: 272 Marginal splits: 3
Reward: 39806.7956644 Total splits: 294 Good splits: 287 Marginal splits: 0
Reward: 35876.3348924 Total splits: 294 Good splits: 283 Marginal splits: 3
Reward: 39535.3365215 Total splits: 284 Good splits: 279 Marginal splits: 3
Reward: 37032.6572956 Total splits: 285 Good splits: 269 Marginal splits: 0
Reward: 35472.569536 Total splits: 300 Good splits: 293 Marginal splits: 5
Reward: 36134.0441586 Total splits: 286 Good splits: 277 Marginal splits: 0
Reward: 38338.2384283 Total splits: 303 Good splits: 294 Marginal splits: 4
Reward: 34417.5629702 Total splits: 295 Good splits: 284 Marginal splits: 2
Reward: 35137.3989024 Total splits: 297 Good splits: 287 Marginal splits: 2
Reward: 35503.6110954 Total splits: 265 Good splits: 259 Marginal splits: 1
Reward: 38750.4400894 Total splits: 287 Good splits: 277 Marginal splits: 6
Reward: 35544.6355194 Total splits: 284 Good splits: 277 Marginal splits: 5
Reward: 37096.9424903 Total splits: 281 Good splits: 270 Marginal splits: 3
Reward: 35106.938599 Total splits: 271 Good splits: 266 Marginal splits: 5
Reward: 37466.8159292 Total splits: 283 Good splits: 268 Marginal splits: 1
Reward: 36895.0584843 Total splits: 289 Good splits: 280 Marginal splits: 5
Reward: 37402.1539369 Total splits: 289 Good splits: 280 Marginal splits: 2
Reward: 37258.1702561 Total splits: 296 Good splits: 286 Marginal splits: 2
Reward: 37077.9925316 Total splits: 299 Good splits: 287 Marginal splits: 1
Reward: 36924.8806333 Total splits: 283 Good splits: 271 Marginal splits: 2
Reward: 37961.5435905 Total splits: 292 Good splits: 286 Marginal splits: 4
Reward: 36187.956506 Total splits: 283 Good splits: 277 Marginal splits: 2
Reward: 38029.0035842 Total splits: 294 Good splits: 281 Marginal splits: 4
Reward: 37293.0237985 Total splits: 280 Good splits: 274 Marginal splits: 2
Reward: 37050.6619458 Total splits: 284 Good splits: 276 Marginal splits: 0
Reward: 36209.616798 Total splits: 292 Good splits: 282 Marginal splits: 4
Reward: 37025.9752812 Total splits: 304 Good splits: 297 Marginal splits: 6
Reward: 36691.2469157 Total splits: 306 Good splits: 301 Marginal splits: 1
Reward: 36046.0368181 Total splits: 285 Good splits: 272 Marginal splits: 2
Reward: 37342.4397853 Total splits: 295 Good splits: 280 Marginal splits: 5
Reward: 36311.5709199 Total splits: 301 Good splits: 288 Marginal splits: 4
Reward: 37334.623627 Total splits: 299 Good splits: 294 Marginal splits: 7
Reward: 38049.1887154 Total splits: 297 Good splits: 287 Marginal splits: 4
Reward: 37335.5762108 Total splits: 277 Good splits: 266 Marginal splits: 2
Reward: 38090.2249883 Total splits: 280 Good splits: 268 Marginal splits: 4
Reward: 38047.6938004 Total splits: 292 Good splits: 283 Marginal splits: 5
Reward: 37363.1436244 Total splits: 317 Good splits: 301 Marginal splits: 0
Reward: 39724.8452919 Total splits: 298 Good splits: 284 Marginal splits: 1
Reward: 34642.7092345 Total splits: 289 Good splits: 277 Marginal splits: 1
Reward: 37625.7303099 Total splits: 284 Good splits: 272 Marginal splits: 2
Reward: 33410.9799709 Total splits: 288 Good splits: 271 Marginal splits: 5
Reward: 37376.773092 Total splits: 277 Good splits: 270 Marginal splits: 1
Reward: 35193.4189738 Total splits: 289 Good splits: 276 Marginal splits: 4
Reward: 37631.1135054 Total splits: 300 Good splits: 292 Marginal splits: 4
Reward: 37421.917035 Total splits: 305 Good splits: 293 Marginal splits: 3
Reward: 39039.5228243 Total splits: 281 Good splits: 270 Marginal splits: 4
Reward: 35806.6590229 Total splits: 293 Good splits: 274 Marginal splits: 2
Reward: 38217.3350503 Total splits: 275 Good splits: 265 Marginal splits: 1
Reward: 35348.648791 Total splits: 302 Good splits: 292 Marginal splits: 2
Reward: 35059.880447 Total splits: 281 Good splits: 272 Marginal splits: 5
Reward: 33578.0043393 Total splits: 281 Good splits: 272 Marginal splits: 3
Reward: 37395.4135661 Total splits: 283 Good splits: 270 Marginal splits: 1
Reward: 37381.4534893 Total splits: 297 Good splits: 292 Marginal splits: 4
Reward: 37358.3971723 Total splits: 303 Good splits: 290 Marginal splits: 1
Reward: 38662.2607933 Total splits: 280 Good splits: 270 Marginal splits: 3
Reward: 37225.1259419 Total splits: 311 Good splits: 297 Marginal splits: 8
Reward: 34449.0611522 Total splits: 289 Good splits: 282 Marginal splits: 3
Reward: 39255.23102 Total splits: 280 Good splits: 270 Marginal splits: 2
Reward: 36289.6154547 Total splits: 290 Good splits: 278 Marginal splits: 1
Reward: 37162.7739772 Total splits: 265 Good splits: 253 Marginal splits: 4

Total results after running 200 tests
Average total rewards : 37047.9220731
Average total splits  : 289.685
Average good splits   : 279.095
Average good splits % : 96.344305021

Reward: 35850.5656559 Total splits: 278 Good splits: 268 Marginal splits: 4
Reward: 36050.1999086 Total splits: 293 Good splits: 282 Marginal splits: 7
Reward: 39343.7908431 Total splits: 296 Good splits: 284 Marginal splits: 3
Reward: 35156.2176422 Total splits: 284 Good splits: 270 Marginal splits: 5
Reward: 37124.6300541 Total splits: 287 Good splits: 277 Marginal splits: 0
Reward: 36206.6103593 Total splits: 280 Good splits: 271 Marginal splits: 3
Reward: 33431.3796393 Total splits: 281 Good splits: 271 Marginal splits: 2
Reward: 37876.0861678 Total splits: 308 Good splits: 298 Marginal splits: 6
Reward: 39030.3930057 Total splits: 289 Good splits: 279 Marginal splits: 2
Reward: 36929.4289786 Total splits: 295 Good splits: 285 Marginal splits: 1
Reward: 39072.3658816 Total splits: 281 Good splits: 275 Marginal splits: 1
Reward: 35876.3474689 Total splits: 290 Good splits: 279 Marginal splits: 5
Reward: 38020.2036621 Total splits: 290 Good splits: 279 Marginal splits: 1
Reward: 35030.5330595 Total splits: 276 Good splits: 266 Marginal splits: 3
Reward: 37018.2277335 Total splits: 303 Good splits: 288 Marginal splits: 3
Reward: 35463.1394599 Total splits: 304 Good splits: 297 Marginal splits: 5
Reward: 36561.9584444 Total splits: 289 Good splits: 281 Marginal splits: 6
Reward: 37057.668708 Total splits: 288 Good splits: 276 Marginal splits: 4
Reward: 36778.4452301 Total splits: 298 Good splits: 288 Marginal splits: 2
Reward: 36123.8759039 Total splits: 281 Good splits: 270 Marginal splits: 1
Reward: 34242.5957668 Total splits: 304 Good splits: 291 Marginal splits: 5
Reward: 37037.8856138 Total splits: 303 Good splits: 288 Marginal splits: 4
Reward: 35303.8972714 Total splits: 280 Good splits: 269 Marginal splits: 2
Reward: 36771.8880634 Total splits: 285 Good splits: 280 Marginal splits: 2
Reward: 36197.0245269 Total splits: 321 Good splits: 308 Marginal splits: 2
Reward: 37094.9197049 Total splits: 280 Good splits: 268 Marginal splits: 2
Reward: 37298.4865953 Total splits: 282 Good splits: 274 Marginal splits: 5
Reward: 39118.6075653 Total splits: 298 Good splits: 285 Marginal splits: 3
Reward: 35995.2803857 Total splits: 270 Good splits: 252 Marginal splits: 3
Reward: 37582.1484784 Total splits: 284 Good splits: 268 Marginal splits: 1
Reward: 35776.3494068 Total splits: 305 Good splits: 300 Marginal splits: 2
Reward: 36973.6331858 Total splits: 288 Good splits: 284 Marginal splits: 2
Reward: 37511.1447338 Total splits: 297 Good splits: 289 Marginal splits: 3
Reward: 37839.061974 Total splits: 283 Good splits: 275 Marginal splits: 4
Reward: 36175.3322315 Total splits: 311 Good splits: 298 Marginal splits: 2
Reward: 39373.3881931 Total splits: 290 Good splits: 285 Marginal splits: 3
Reward: 37267.8602438 Total splits: 299 Good splits: 292 Marginal splits: 4
Reward: 39303.8365985 Total splits: 284 Good splits: 270 Marginal splits: 2
Reward: 35961.037276 Total splits: 290 Good splits: 283 Marginal splits: 1
Reward: 35943.8161956 Total splits: 288 Good splits: 283 Marginal splits: 8
Reward: 36156.1884144 Total splits: 293 Good splits: 285 Marginal splits: 4
Reward: 37932.1974122 Total splits: 299 Good splits: 286 Marginal splits: 2
Reward: 36918.2668679 Total splits: 290 Good splits: 275 Marginal splits: 0
Reward: 36132.0705477 Total splits: 290 Good splits: 278 Marginal splits: 7
Reward: 34318.1454072 Total splits: 285 Good splits: 270 Marginal splits: 2
Reward: 39281.1839461 Total splits: 299 Good splits: 292 Marginal splits: 1
Reward: 35147.5698211 Total splits: 302 Good splits: 293 Marginal splits: 4
Reward: 36576.1618493 Total splits: 291 Good splits: 281 Marginal splits: 5
Reward: 38731.9913383 Total splits: 285 Good splits: 276 Marginal splits: 1
Reward: 36837.3183473 Total splits: 306 Good splits: 294 Marginal splits: 4
Reward: 34150.9467909 Total splits: 285 Good splits: 281 Marginal splits: 4
Reward: 36808.1779659 Total splits: 278 Good splits: 268 Marginal splits: 3
Reward: 36945.9636509 Total splits: 294 Good splits: 276 Marginal splits: 3
Reward: 36167.6440685 Total splits: 291 Good splits: 281 Marginal splits: 3
Reward: 36080.177977 Total splits: 293 Good splits: 283 Marginal splits: 4
Reward: 37953.228634 Total splits: 293 Good splits: 286 Marginal splits: 2
Reward: 35509.5670844 Total splits: 287 Good splits: 274 Marginal splits: 2
Reward: 39000.0063608 Total splits: 310 Good splits: 293 Marginal splits: 4
Reward: 38058.6121954 Total splits: 284 Good splits: 276 Marginal splits: 2
Reward: 37046.7019671 Total splits: 297 Good splits: 287 Marginal splits: 7
Reward: 37794.2621163 Total splits: 300 Good splits: 289 Marginal splits: 2
Reward: 36444.385675 Total splits: 300 Good splits: 285 Marginal splits: 6
Reward: 38935.8567 Total splits: 278 Good splits: 266 Marginal splits: 1
Reward: 37453.5825798 Total splits: 288 Good splits: 282 Marginal splits: 3
Reward: 34565.6406417 Total splits: 296 Good splits: 284 Marginal splits: 2
Reward: 37420.4205794 Total splits: 292 Good splits: 285 Marginal splits: 2
Reward: 36415.4130288 Total splits: 286 Good splits: 273 Marginal splits: 2
Reward: 37298.96778 Total splits: 278 Good splits: 274 Marginal splits: 3
Reward: 38986.2923355 Total splits: 307 Good splits: 299 Marginal splits: 4
Reward: 35825.7917645 Total splits: 288 Good splits: 274 Marginal splits: 4
Reward: 39483.4719704 Total splits: 286 Good splits: 277 Marginal splits: 8
Reward: 36354.5448999 Total splits: 290 Good splits: 281 Marginal splits: 1
Reward: 37804.2021869 Total splits: 281 Good splits: 272 Marginal splits: 2
Reward: 37025.4504194 Total splits: 293 Good splits: 288 Marginal splits: 1
Reward: 37304.8868351 Total splits: 291 Good splits: 282 Marginal splits: 5
Reward: 36338.0351625 Total splits: 276 Good splits: 268 Marginal splits: 5
Reward: 38305.3838478 Total splits: 274 Good splits: 267 Marginal splits: 3
Reward: 37147.0766141 Total splits: 274 Good splits: 265 Marginal splits: 4
Reward: 38708.2361336 Total splits: 280 Good splits: 266 Marginal splits: 2
Reward: 36828.6526263 Total splits: 300 Good splits: 281 Marginal splits: 1
Reward: 38903.9359033 Total splits: 284 Good splits: 279 Marginal splits: 3
Reward: 34652.9918151 Total splits: 287 Good splits: 275 Marginal splits: 1
Reward: 39285.6147204 Total splits: 289 Good splits: 278 Marginal splits: 3
Reward: 35336.6241619 Total splits: 293 Good splits: 275 Marginal splits: 3
Reward: 36873.4669692 Total splits: 286 Good splits: 277 Marginal splits: 4
Reward: 33175.9935437 Total splits: 295 Good splits: 279 Marginal splits: 5
Reward: 39432.3374699 Total splits: 289 Good splits: 281 Marginal splits: 7
Reward: 38367.9567077 Total splits: 299 Good splits: 285 Marginal splits: 4
Reward: 37472.7082004 Total splits: 285 Good splits: 274 Marginal splits: 2
Reward: 34433.4525936 Total splits: 292 Good splits: 284 Marginal splits: 4
Reward: 37670.7307461 Total splits: 313 Good splits: 308 Marginal splits: 2
Reward: 35737.8414901 Total splits: 301 Good splits: 283 Marginal splits: 5
Reward: 36086.9717511 Total splits: 284 Good splits: 269 Marginal splits: 5
Reward: 36212.61014 Total splits: 306 Good splits: 300 Marginal splits: 6
Reward: 37190.5215462 Total splits: 293 Good splits: 283 Marginal splits: 2
Reward: 37993.8653686 Total splits: 303 Good splits: 294 Marginal splits: 1
Reward: 37082.2078342 Total splits: 291 Good splits: 282 Marginal splits: 1
Reward: 39567.1113515 Total splits: 288 Good splits: 277 Marginal splits: 2
Reward: 36184.1592251 Total splits: 292 Good splits: 271 Marginal splits: 3
Reward: 36063.9691266 Total splits: 292 Good splits: 279 Marginal splits: 5
Reward: 36280.8864197 Total splits: 290 Good splits: 282 Marginal splits: 2
Reward: 36812.2267564 Total splits: 299 Good splits: 290 Marginal splits: 3
Reward: 37253.7239767 Total splits: 282 Good splits: 269 Marginal splits: 2
Reward: 34935.0641693 Total splits: 293 Good splits: 285 Marginal splits: 2
Reward: 38351.6549605 Total splits: 283 Good splits: 270 Marginal splits: 3
Reward: 37753.4326895 Total splits: 294 Good splits: 285 Marginal splits: 2
Reward: 36902.9064287 Total splits: 318 Good splits: 302 Marginal splits: 4
Reward: 38885.5045453 Total splits: 293 Good splits: 275 Marginal splits: 3
Reward: 35375.3812224 Total splits: 300 Good splits: 290 Marginal splits: 2
Reward: 39595.7680557 Total splits: 274 Good splits: 265 Marginal splits: 1
Reward: 34020.2122981 Total splits: 299 Good splits: 280 Marginal splits: 4
Reward: 37694.9901971 Total splits: 289 Good splits: 279 Marginal splits: 0
Reward: 35778.3370383 Total splits: 288 Good splits: 279 Marginal splits: 3
Reward: 36088.9007117 Total splits: 289 Good splits: 285 Marginal splits: 5
Reward: 35949.7193443 Total splits: 282 Good splits: 275 Marginal splits: 3
Reward: 36755.7365065 Total splits: 295 Good splits: 283 Marginal splits: 3
Reward: 34120.899055 Total splits: 298 Good splits: 292 Marginal splits: 0
Reward: 37327.6193458 Total splits: 271 Good splits: 257 Marginal splits: 4
Reward: 36185.4884977 Total splits: 282 Good splits: 267 Marginal splits: 1
Reward: 37479.3250754 Total splits: 283 Good splits: 274 Marginal splits: 5
Reward: 35062.7490228 Total splits: 269 Good splits: 255 Marginal splits: 2
Reward: 36332.9459416 Total splits: 293 Good splits: 286 Marginal splits: 6
Reward: 35216.7754219 Total splits: 285 Good splits: 280 Marginal splits: 4
Reward: 37231.1751655 Total splits: 301 Good splits: 289 Marginal splits: 2
Reward: 35571.4508237 Total splits: 290 Good splits: 275 Marginal splits: 1
Reward: 36588.901365 Total splits: 289 Good splits: 281 Marginal splits: 2
Reward: 37620.1263202 Total splits: 305 Good splits: 290 Marginal splits: 4
Reward: 36575.4538694 Total splits: 273 Good splits: 263 Marginal splits: 5
Reward: 36231.2593321 Total splits: 276 Good splits: 264 Marginal splits: 4
Reward: 37991.7822575 Total splits: 299 Good splits: 290 Marginal splits: 0
Reward: 37558.6884656 Total splits: 284 Good splits: 269 Marginal splits: 2
Reward: 37543.6452159 Total splits: 298 Good splits: 282 Marginal splits: 5
Reward: 37547.4482529 Total splits: 297 Good splits: 286 Marginal splits: 3
Reward: 36891.6315751 Total splits: 301 Good splits: 291 Marginal splits: 2
Reward: 36332.428635 Total splits: 283 Good splits: 276 Marginal splits: 7
Reward: 35836.6112419 Total splits: 304 Good splits: 291 Marginal splits: 4
Reward: 37710.3938195 Total splits: 289 Good splits: 271 Marginal splits: 1
Reward: 36711.6885491 Total splits: 291 Good splits: 277 Marginal splits: 3
Reward: 37924.6085887 Total splits: 290 Good splits: 276 Marginal splits: 1
Reward: 36234.4571134 Total splits: 296 Good splits: 281 Marginal splits: 1
Reward: 38387.5079498 Total splits: 291 Good splits: 275 Marginal splits: 3
Reward: 36474.6055737 Total splits: 286 Good splits: 276 Marginal splits: 4
Reward: 38029.8426137 Total splits: 277 Good splits: 265 Marginal splits: 4
Reward: 36799.5730411 Total splits: 290 Good splits: 277 Marginal splits: 3
Reward: 37104.2935008 Total splits: 280 Good splits: 273 Marginal splits: 0
Reward: 37192.150806 Total splits: 306 Good splits: 297 Marginal splits: 5
Reward: 35739.8101247 Total splits: 296 Good splits: 272 Marginal splits: 2
Reward: 35184.3923475 Total splits: 292 Good splits: 275 Marginal splits: 4
Reward: 39135.146526 Total splits: 285 Good splits: 274 Marginal splits: 0
Reward: 34678.4698439 Total splits: 284 Good splits: 274 Marginal splits: 2
Reward: 38829.0974016 Total splits: 274 Good splits: 267 Marginal splits: 1
Reward: 35403.6681697 Total splits: 292 Good splits: 279 Marginal splits: 4
Reward: 38902.2291291 Total splits: 289 Good splits: 283 Marginal splits: 3
Reward: 36040.1858249 Total splits: 280 Good splits: 264 Marginal splits: 4
Reward: 35131.9009533 Total splits: 279 Good splits: 273 Marginal splits: 3
Reward: 37886.5781737 Total splits: 277 Good splits: 269 Marginal splits: 3
Reward: 38389.5001348 Total splits: 285 Good splits: 274 Marginal splits: 1
Reward: 36898.4514118 Total splits: 297 Good splits: 285 Marginal splits: 2
Reward: 36924.206502 Total splits: 272 Good splits: 264 Marginal splits: 5
Reward: 36390.3161533 Total splits: 293 Good splits: 272 Marginal splits: 3
Reward: 37691.4134979 Total splits: 296 Good splits: 291 Marginal splits: 1
Reward: 36347.2660362 Total splits: 304 Good splits: 290 Marginal splits: 9
Reward: 36571.1082084 Total splits: 290 Good splits: 280 Marginal splits: 4
Reward: 36398.7583746 Total splits: 292 Good splits: 284 Marginal splits: 2
Reward: 37874.4977413 Total splits: 296 Good splits: 286 Marginal splits: 5
Reward: 37295.710285 Total splits: 298 Good splits: 285 Marginal splits: 3
Reward: 36214.3633645 Total splits: 304 Good splits: 293 Marginal splits: 3
Reward: 39812.4861544 Total splits: 284 Good splits: 271 Marginal splits: 4
Reward: 34404.7287309 Total splits: 290 Good splits: 281 Marginal splits: 3
Reward: 37663.4608347 Total splits: 288 Good splits: 280 Marginal splits: 2
Reward: 37436.8049002 Total splits: 297 Good splits: 282 Marginal splits: 0
Reward: 37666.505539 Total splits: 295 Good splits: 291 Marginal splits: 2
Reward: 37620.6214963 Total splits: 285 Good splits: 272 Marginal splits: 3
Reward: 38424.1971007 Total splits: 291 Good splits: 285 Marginal splits: 3
Reward: 34598.0308524 Total splits: 302 Good splits: 291 Marginal splits: 3
Reward: 34190.0658287 Total splits: 295 Good splits: 289 Marginal splits: 1
Reward: 36096.6470213 Total splits: 297 Good splits: 287 Marginal splits: 1
Reward: 41161.836874 Total splits: 291 Good splits: 280 Marginal splits: 4
Reward: 35183.9059617 Total splits: 270 Good splits: 265 Marginal splits: 4
Reward: 38628.1893602 Total splits: 303 Good splits: 287 Marginal splits: 0
Reward: 36303.4646105 Total splits: 272 Good splits: 261 Marginal splits: 2
Reward: 38767.2372903 Total splits: 281 Good splits: 274 Marginal splits: 0
Reward: 37593.1869913 Total splits: 289 Good splits: 275 Marginal splits: 3
Reward: 37921.617091 Total splits: 303 Good splits: 289 Marginal splits: 2
Reward: 38214.5772536 Total splits: 280 Good splits: 264 Marginal splits: 1
Reward: 38865.4911864 Total splits: 301 Good splits: 289 Marginal splits: 3
Reward: 35409.0054567 Total splits: 295 Good splits: 279 Marginal splits: 7
Reward: 38327.1706173 Total splits: 264 Good splits: 257 Marginal splits: 4
Reward: 35802.6308605 Total splits: 292 Good splits: 279 Marginal splits: 2
Reward: 37709.6586863 Total splits: 311 Good splits: 307 Marginal splits: 3
Reward: 35978.4394854 Total splits: 289 Good splits: 274 Marginal splits: 2
Reward: 39872.0341146 Total splits: 301 Good splits: 293 Marginal splits: 5
Reward: 36572.6662794 Total splits: 292 Good splits: 285 Marginal splits: 0
Reward: 37938.2198528 Total splits: 263 Good splits: 255 Marginal splits: 0
Reward: 39103.0038741 Total splits: 298 Good splits: 289 Marginal splits: 5
Reward: 38380.1217348 Total splits: 261 Good splits: 252 Marginal splits: 0
Reward: 32281.276727 Total splits: 281 Good splits: 274 Marginal splits: 2
Reward: 36651.2566381 Total splits: 287 Good splits: 279 Marginal splits: 4
Reward: 37460.382774 Total splits: 297 Good splits: 285 Marginal splits: 3
Reward: 37295.2870233 Total splits: 279 Good splits: 271 Marginal splits: 1

Total results after running 200 tests
Average total rewards : 36940.9962909
Average total splits  : 290.245
Average good splits   : 279.49
Average good splits % : 96.2945098107

Reward: 32610.7639115 Total splits: 276 Good splits: 266 Marginal splits: 3
Reward: 36533.1988035 Total splits: 296 Good splits: 282 Marginal splits: 1
Reward: 39740.6737799 Total splits: 278 Good splits: 271 Marginal splits: 3
Reward: 35931.3474443 Total splits: 293 Good splits: 282 Marginal splits: 5
Reward: 37326.5004722 Total splits: 283 Good splits: 275 Marginal splits: 5
Reward: 35966.2401664 Total splits: 294 Good splits: 286 Marginal splits: 2
Reward: 37282.3796673 Total splits: 275 Good splits: 273 Marginal splits: 3
Reward: 35692.7381077 Total splits: 290 Good splits: 278 Marginal splits: 2
Reward: 38343.4753147 Total splits: 287 Good splits: 274 Marginal splits: 1
Reward: 37992.7730629 Total splits: 274 Good splits: 266 Marginal splits: 2
Reward: 35019.7939438 Total splits: 303 Good splits: 295 Marginal splits: 7
Reward: 35578.1973081 Total splits: 309 Good splits: 292 Marginal splits: 4
Reward: 38572.9968769 Total splits: 289 Good splits: 281 Marginal splits: 4
Reward: 36050.2151149 Total splits: 314 Good splits: 307 Marginal splits: 1
Reward: 38734.8375564 Total splits: 295 Good splits: 285 Marginal splits: 5
Reward: 36061.9477319 Total splits: 302 Good splits: 286 Marginal splits: 2
Reward: 39477.05043 Total splits: 312 Good splits: 299 Marginal splits: 14
Reward: 37888.8124012 Total splits: 260 Good splits: 249 Marginal splits: 1
Reward: 36942.2618355 Total splits: 296 Good splits: 286 Marginal splits: 6
Reward: 37409.026215 Total splits: 298 Good splits: 287 Marginal splits: 2
Reward: 31350.4030012 Total splits: 299 Good splits: 283 Marginal splits: 3
Reward: 35794.7919361 Total splits: 300 Good splits: 290 Marginal splits: 3
Reward: 37821.0951938 Total splits: 279 Good splits: 270 Marginal splits: 5
Reward: 36982.5178564 Total splits: 298 Good splits: 286 Marginal splits: 3
Reward: 35158.539765 Total splits: 278 Good splits: 272 Marginal splits: 3
Reward: 36310.5798883 Total splits: 278 Good splits: 265 Marginal splits: 1
Reward: 36169.9894366 Total splits: 285 Good splits: 273 Marginal splits: 3
Reward: 37227.8038311 Total splits: 263 Good splits: 251 Marginal splits: 3
Reward: 36753.8883929 Total splits: 278 Good splits: 271 Marginal splits: 3
Reward: 40060.8968358 Total splits: 285 Good splits: 282 Marginal splits: 4
Reward: 35540.1901351 Total splits: 287 Good splits: 278 Marginal splits: 3
Reward: 38904.3979643 Total splits: 285 Good splits: 273 Marginal splits: 2
Reward: 38080.0444856 Total splits: 293 Good splits: 283 Marginal splits: 0
Reward: 35478.8289446 Total splits: 298 Good splits: 288 Marginal splits: 5
Reward: 37789.6349691 Total splits: 284 Good splits: 274 Marginal splits: 1
Reward: 36372.3466241 Total splits: 280 Good splits: 270 Marginal splits: 4
Reward: 37201.4941163 Total splits: 309 Good splits: 298 Marginal splits: 3
Reward: 39975.9471216 Total splits: 301 Good splits: 292 Marginal splits: 4
Reward: 37479.4351749 Total splits: 294 Good splits: 287 Marginal splits: 2
Reward: 35974.6079361 Total splits: 294 Good splits: 284 Marginal splits: 1
Reward: 35850.3812391 Total splits: 282 Good splits: 268 Marginal splits: 0
Reward: 39468.436905 Total splits: 275 Good splits: 265 Marginal splits: 2
Reward: 35282.1108828 Total splits: 285 Good splits: 274 Marginal splits: 3
Reward: 39912.4382646 Total splits: 280 Good splits: 270 Marginal splits: 4
Reward: 35504.0765713 Total splits: 285 Good splits: 274 Marginal splits: 3
Reward: 40648.7790622 Total splits: 289 Good splits: 280 Marginal splits: 1
Reward: 36029.1230371 Total splits: 291 Good splits: 278 Marginal splits: 2
Reward: 39282.2118693 Total splits: 266 Good splits: 261 Marginal splits: 1
Reward: 37163.3359979 Total splits: 284 Good splits: 274 Marginal splits: 4
Reward: 35228.0945629 Total splits: 283 Good splits: 271 Marginal splits: 2
Reward: 34028.3542872 Total splits: 278 Good splits: 274 Marginal splits: 2
Reward: 37261.1532018 Total splits: 274 Good splits: 266 Marginal splits: 4
Reward: 36967.7257218 Total splits: 273 Good splits: 267 Marginal splits: 3
Reward: 37555.0038791 Total splits: 311 Good splits: 300 Marginal splits: 1
Reward: 34974.7581661 Total splits: 295 Good splits: 275 Marginal splits: 0
Reward: 38253.0307059 Total splits: 296 Good splits: 283 Marginal splits: 7
Reward: 36200.1295353 Total splits: 280 Good splits: 272 Marginal splits: 4
Reward: 38348.5083931 Total splits: 294 Good splits: 281 Marginal splits: 2
Reward: 34451.0890933 Total splits: 249 Good splits: 243 Marginal splits: 0
Reward: 35909.3700554 Total splits: 300 Good splits: 288 Marginal splits: 1
Reward: 34173.7053404 Total splits: 302 Good splits: 291 Marginal splits: 2
Reward: 38076.585482 Total splits: 289 Good splits: 279 Marginal splits: 2
Reward: 37301.8666561 Total splits: 288 Good splits: 278 Marginal splits: 1
Reward: 36311.2639488 Total splits: 290 Good splits: 274 Marginal splits: 1
Reward: 36329.14212 Total splits: 281 Good splits: 265 Marginal splits: 0
Reward: 37641.2302716 Total splits: 290 Good splits: 284 Marginal splits: 3
Reward: 36313.3135154 Total splits: 294 Good splits: 283 Marginal splits: 1
Reward: 37010.673118 Total splits: 295 Good splits: 283 Marginal splits: 4
Reward: 37660.7896821 Total splits: 301 Good splits: 287 Marginal splits: 2
Reward: 36881.9876209 Total splits: 290 Good splits: 280 Marginal splits: 2
Reward: 38591.3101642 Total splits: 269 Good splits: 263 Marginal splits: 4
Reward: 35604.6376029 Total splits: 278 Good splits: 264 Marginal splits: 6
Reward: 37457.1843862 Total splits: 308 Good splits: 299 Marginal splits: 3
Reward: 36576.1870426 Total splits: 276 Good splits: 268 Marginal splits: 2
Reward: 38350.7894075 Total splits: 276 Good splits: 266 Marginal splits: 2
Reward: 36733.0387381 Total splits: 292 Good splits: 278 Marginal splits: 2
Reward: 37135.3191663 Total splits: 297 Good splits: 288 Marginal splits: 1
Reward: 38333.733479 Total splits: 289 Good splits: 279 Marginal splits: 2
Reward: 37733.4814268 Total splits: 289 Good splits: 279 Marginal splits: 3
Reward: 34836.6189996 Total splits: 308 Good splits: 300 Marginal splits: 7
Reward: 40254.9310451 Total splits: 278 Good splits: 270 Marginal splits: 5
Reward: 35185.4624839 Total splits: 269 Good splits: 263 Marginal splits: 2
Reward: 38184.7678929 Total splits: 279 Good splits: 276 Marginal splits: 3
Reward: 35614.4443364 Total splits: 306 Good splits: 294 Marginal splits: 8
Reward: 34820.3637627 Total splits: 275 Good splits: 270 Marginal splits: 2
Reward: 36615.1024442 Total splits: 298 Good splits: 285 Marginal splits: 3
Reward: 35404.7622112 Total splits: 289 Good splits: 278 Marginal splits: 6
Reward: 37065.5398093 Total splits: 295 Good splits: 285 Marginal splits: 3
Reward: 37341.0803488 Total splits: 280 Good splits: 262 Marginal splits: 2
Reward: 36931.9846536 Total splits: 271 Good splits: 265 Marginal splits: 3
Reward: 36330.9590349 Total splits: 306 Good splits: 290 Marginal splits: 2
Reward: 36401.9731505 Total splits: 281 Good splits: 267 Marginal splits: 5
Reward: 36239.3850896 Total splits: 286 Good splits: 275 Marginal splits: 4
Reward: 36081.2115078 Total splits: 282 Good splits: 271 Marginal splits: 5
Reward: 36051.766718 Total splits: 283 Good splits: 272 Marginal splits: 0
Reward: 37077.3853285 Total splits: 291 Good splits: 279 Marginal splits: 4
Reward: 35030.5957999 Total splits: 287 Good splits: 272 Marginal splits: 9
Reward: 39703.4335436 Total splits: 291 Good splits: 279 Marginal splits: 2
Reward: 36219.3750842 Total splits: 285 Good splits: 275 Marginal splits: 1
Reward: 38269.2661614 Total splits: 287 Good splits: 279 Marginal splits: 5
Reward: 35595.9349699 Total splits: 288 Good splits: 274 Marginal splits: 4
Reward: 38852.3151016 Total splits: 284 Good splits: 271 Marginal splits: 1
Reward: 37074.3028841 Total splits: 291 Good splits: 278 Marginal splits: 3
Reward: 35106.9287176 Total splits: 290 Good splits: 288 Marginal splits: 6
Reward: 37759.384494 Total splits: 281 Good splits: 273 Marginal splits: 2
Reward: 39658.0408338 Total splits: 287 Good splits: 276 Marginal splits: 0
Reward: 36447.7297966 Total splits: 285 Good splits: 269 Marginal splits: 5
Reward: 39431.4179665 Total splits: 288 Good splits: 278 Marginal splits: 3
Reward: 35940.8977219 Total splits: 271 Good splits: 257 Marginal splits: 1
Reward: 39721.4803778 Total splits: 289 Good splits: 286 Marginal splits: 1
Reward: 35604.4058297 Total splits: 288 Good splits: 274 Marginal splits: 1
Reward: 37502.5006637 Total splits: 292 Good splits: 284 Marginal splits: 6
Reward: 35215.0647731 Total splits: 289 Good splits: 273 Marginal splits: 2
Reward: 39098.6534122 Total splits: 287 Good splits: 277 Marginal splits: 0
Reward: 36551.099539 Total splits: 297 Good splits: 288 Marginal splits: 0
Reward: 38139.2410009 Total splits: 283 Good splits: 275 Marginal splits: 2
Reward: 36662.0678106 Total splits: 317 Good splits: 306 Marginal splits: 5
Reward: 37719.2639708 Total splits: 307 Good splits: 292 Marginal splits: 5
Reward: 35381.0048439 Total splits: 299 Good splits: 286 Marginal splits: 8
Reward: 39186.7582165 Total splits: 286 Good splits: 275 Marginal splits: 2
Reward: 35682.8911062 Total splits: 292 Good splits: 278 Marginal splits: 3
Reward: 37517.7626322 Total splits: 273 Good splits: 260 Marginal splits: 3
Reward: 36802.9398241 Total splits: 288 Good splits: 279 Marginal splits: 1
Reward: 37067.0654825 Total splits: 292 Good splits: 287 Marginal splits: 5
Reward: 35809.8138677 Total splits: 291 Good splits: 281 Marginal splits: 2
Reward: 38905.2805496 Total splits: 285 Good splits: 275 Marginal splits: 2
Reward: 38605.599821 Total splits: 285 Good splits: 279 Marginal splits: 0
Reward: 37750.8825818 Total splits: 295 Good splits: 285 Marginal splits: 0
Reward: 36134.2901593 Total splits: 300 Good splits: 288 Marginal splits: 3
Reward: 38435.8986625 Total splits: 290 Good splits: 280 Marginal splits: 2
Reward: 36044.914515 Total splits: 284 Good splits: 278 Marginal splits: 2
Reward: 36233.7326925 Total splits: 287 Good splits: 276 Marginal splits: 2
Reward: 36642.0630153 Total splits: 312 Good splits: 302 Marginal splits: 3
Reward: 37235.3184846 Total splits: 276 Good splits: 267 Marginal splits: 4
Reward: 38285.7599434 Total splits: 297 Good splits: 287 Marginal splits: 5
Reward: 37583.646258 Total splits: 281 Good splits: 271 Marginal splits: 1
Reward: 34805.3822876 Total splits: 289 Good splits: 284 Marginal splits: 0
Reward: 36750.7920174 Total splits: 280 Good splits: 270 Marginal splits: 1
Reward: 38147.4990685 Total splits: 281 Good splits: 271 Marginal splits: 2
Reward: 34181.9307391 Total splits: 280 Good splits: 272 Marginal splits: 2
Reward: 39139.6543319 Total splits: 285 Good splits: 270 Marginal splits: 1
Reward: 36304.490461 Total splits: 303 Good splits: 293 Marginal splits: 0
Reward: 39324.6213273 Total splits: 289 Good splits: 285 Marginal splits: 3
Reward: 35564.434716 Total splits: 277 Good splits: 268 Marginal splits: 1
Reward: 38076.1350653 Total splits: 268 Good splits: 261 Marginal splits: 2
Reward: 36703.8058752 Total splits: 296 Good splits: 291 Marginal splits: 4
Reward: 39439.4496803 Total splits: 267 Good splits: 252 Marginal splits: 4
Reward: 35516.2642219 Total splits: 290 Good splits: 276 Marginal splits: 4
Reward: 35037.2076731 Total splits: 270 Good splits: 261 Marginal splits: 2
Reward: 34927.5367601 Total splits: 286 Good splits: 283 Marginal splits: 4
Reward: 35703.554411 Total splits: 295 Good splits: 285 Marginal splits: 5
Reward: 36790.2455687 Total splits: 308 Good splits: 296 Marginal splits: 7
Reward: 34811.6899216 Total splits: 271 Good splits: 262 Marginal splits: 5
Reward: 37098.8378321 Total splits: 294 Good splits: 288 Marginal splits: 0
Reward: 36086.7106663 Total splits: 305 Good splits: 294 Marginal splits: 4
Reward: 38018.0992432 Total splits: 298 Good splits: 284 Marginal splits: 3
Reward: 37102.905338 Total splits: 289 Good splits: 281 Marginal splits: 0
Reward: 36310.4237442 Total splits: 290 Good splits: 279 Marginal splits: 1
Reward: 38143.0896178 Total splits: 298 Good splits: 284 Marginal splits: 7
Reward: 36010.7797349 Total splits: 279 Good splits: 273 Marginal splits: 2
Reward: 37114.6811336 Total splits: 294 Good splits: 285 Marginal splits: 1
Reward: 36493.1709953 Total splits: 304 Good splits: 296 Marginal splits: 4
Reward: 36359.9408566 Total splits: 279 Good splits: 268 Marginal splits: 2
Reward: 36863.1305946 Total splits: 289 Good splits: 285 Marginal splits: 3
Reward: 36994.1687155 Total splits: 298 Good splits: 284 Marginal splits: 2
Reward: 38510.2696474 Total splits: 291 Good splits: 279 Marginal splits: 5
Reward: 34458.7005122 Total splits: 295 Good splits: 283 Marginal splits: 3
Reward: 38633.0006671 Total splits: 296 Good splits: 287 Marginal splits: 3
Reward: 35222.7904955 Total splits: 290 Good splits: 276 Marginal splits: 5
Reward: 37384.6010649 Total splits: 290 Good splits: 282 Marginal splits: 1
Reward: 37191.3951153 Total splits: 320 Good splits: 307 Marginal splits: 2
Reward: 37539.272538 Total splits: 308 Good splits: 297 Marginal splits: 2
Reward: 38205.8032934 Total splits: 282 Good splits: 275 Marginal splits: 4
Reward: 38390.6159558 Total splits: 282 Good splits: 274 Marginal splits: 2
Reward: 38118.3160838 Total splits: 292 Good splits: 270 Marginal splits: 0
Reward: 39534.7925947 Total splits: 293 Good splits: 281 Marginal splits: 3
Reward: 37826.3473462 Total splits: 301 Good splits: 289 Marginal splits: 2
Reward: 40401.8728945 Total splits: 298 Good splits: 285 Marginal splits: 2
Reward: 35251.9101214 Total splits: 280 Good splits: 268 Marginal splits: 3
Reward: 39105.5941341 Total splits: 277 Good splits: 271 Marginal splits: 2
Reward: 36173.1622406 Total splits: 283 Good splits: 272 Marginal splits: 5
Reward: 38930.2115297 Total splits: 292 Good splits: 289 Marginal splits: 0
Reward: 36677.1928203 Total splits: 287 Good splits: 280 Marginal splits: 4
Reward: 36604.3483025 Total splits: 297 Good splits: 279 Marginal splits: 2
Reward: 38812.7865604 Total splits: 291 Good splits: 275 Marginal splits: 1
Reward: 39114.4744722 Total splits: 310 Good splits: 301 Marginal splits: 3
Reward: 36262.2542253 Total splits: 276 Good splits: 263 Marginal splits: 3
Reward: 37712.227038 Total splits: 294 Good splits: 278 Marginal splits: 4
Reward: 35942.7010458 Total splits: 297 Good splits: 284 Marginal splits: 4
Reward: 39427.2545147 Total splits: 301 Good splits: 291 Marginal splits: 3
Reward: 34135.116635 Total splits: 304 Good splits: 294 Marginal splits: 4
Reward: 38415.3457544 Total splits: 289 Good splits: 278 Marginal splits: 2
Reward: 37183.8826838 Total splits: 278 Good splits: 269 Marginal splits: 1
Reward: 36488.1186304 Total splits: 294 Good splits: 287 Marginal splits: 0
Reward: 38379.1861761 Total splits: 293 Good splits: 280 Marginal splits: 2
Reward: 37300.5442008 Total splits: 294 Good splits: 281 Marginal splits: 2
Reward: 36224.936911 Total splits: 274 Good splits: 261 Marginal splits: 1
Reward: 37576.7977339 Total splits: 309 Good splits: 294 Marginal splits: 2
Reward: 35711.5373023 Total splits: 284 Good splits: 274 Marginal splits: 1
Reward: 37510.1622711 Total splits: 292 Good splits: 275 Marginal splits: 5

Total results after running 200 tests
Average total rewards : 37016.709662
Average total splits  : 288.98
Average good splits   : 278.56
Average good splits % : 96.3942141325

Reward: 33217.4190265 Total splits: 285 Good splits: 278 Marginal splits: 4
Reward: 35271.0522221 Total splits: 284 Good splits: 270 Marginal splits: 12
Reward: 36995.3246697 Total splits: 294 Good splits: 280 Marginal splits: 2
Reward: 35808.7458914 Total splits: 316 Good splits: 301 Marginal splits: 2
Reward: 38002.7468074 Total splits: 301 Good splits: 292 Marginal splits: 6
Reward: 34819.2709583 Total splits: 297 Good splits: 276 Marginal splits: 0
Reward: 35511.3341578 Total splits: 282 Good splits: 276 Marginal splits: 0
Reward: 37824.1203087 Total splits: 265 Good splits: 253 Marginal splits: 1
Reward: 37783.6143861 Total splits: 282 Good splits: 275 Marginal splits: 4
Reward: 37138.8644297 Total splits: 298 Good splits: 287 Marginal splits: 4
Reward: 37724.5554905 Total splits: 311 Good splits: 299 Marginal splits: 3
Reward: 35772.8407641 Total splits: 282 Good splits: 269 Marginal splits: 2
Reward: 39420.0267646 Total splits: 305 Good splits: 295 Marginal splits: 0
Reward: 35601.9608428 Total splits: 286 Good splits: 274 Marginal splits: 3
Reward: 38750.3960385 Total splits: 296 Good splits: 287 Marginal splits: 2
Reward: 36495.4275763 Total splits: 283 Good splits: 269 Marginal splits: 3
Reward: 33400.2797144 Total splits: 282 Good splits: 276 Marginal splits: 4
Reward: 37264.2125955 Total splits: 295 Good splits: 282 Marginal splits: 2
Reward: 36571.6467653 Total splits: 301 Good splits: 290 Marginal splits: 4
Reward: 37562.2828608 Total splits: 271 Good splits: 257 Marginal splits: 1
Reward: 37149.2513222 Total splits: 265 Good splits: 260 Marginal splits: 1
Reward: 36689.3593923 Total splits: 303 Good splits: 288 Marginal splits: 5
Reward: 37882.0080275 Total splits: 288 Good splits: 278 Marginal splits: 3
Reward: 36567.6411541 Total splits: 276 Good splits: 274 Marginal splits: 5
Reward: 35697.1891522 Total splits: 278 Good splits: 269 Marginal splits: 2
Reward: 36123.4916222 Total splits: 277 Good splits: 266 Marginal splits: 4
Reward: 37176.2815828 Total splits: 295 Good splits: 287 Marginal splits: 2
Reward: 38020.0971408 Total splits: 286 Good splits: 276 Marginal splits: 4
Reward: 36978.3330862 Total splits: 295 Good splits: 286 Marginal splits: 0
Reward: 37050.5025815 Total splits: 292 Good splits: 280 Marginal splits: 6
Reward: 37323.9046407 Total splits: 297 Good splits: 290 Marginal splits: 1
Reward: 38297.01184 Total splits: 286 Good splits: 274 Marginal splits: 4
Reward: 38385.6467982 Total splits: 281 Good splits: 270 Marginal splits: 7
Reward: 38902.0780211 Total splits: 292 Good splits: 285 Marginal splits: 4
Reward: 37533.1122398 Total splits: 300 Good splits: 292 Marginal splits: 2
Reward: 38547.612239 Total splits: 292 Good splits: 288 Marginal splits: 4
Reward: 35976.7636755 Total splits: 274 Good splits: 266 Marginal splits: 2
Reward: 38668.4225341 Total splits: 306 Good splits: 296 Marginal splits: 4
Reward: 35883.440518 Total splits: 278 Good splits: 267 Marginal splits: 0
Reward: 38728.2890816 Total splits: 295 Good splits: 287 Marginal splits: 4
Reward: 36473.8713249 Total splits: 291 Good splits: 277 Marginal splits: 1
Reward: 40372.0824768 Total splits: 300 Good splits: 292 Marginal splits: 3
Reward: 35851.4329478 Total splits: 295 Good splits: 288 Marginal splits: 4
Reward: 37605.5808899 Total splits: 292 Good splits: 282 Marginal splits: 1
Reward: 35029.9199852 Total splits: 279 Good splits: 264 Marginal splits: 3
Reward: 38526.7303511 Total splits: 280 Good splits: 269 Marginal splits: 3
Reward: 36022.524931 Total splits: 294 Good splits: 284 Marginal splits: 3
Reward: 37462.7216856 Total splits: 287 Good splits: 279 Marginal splits: 3
Reward: 38979.454651 Total splits: 291 Good splits: 285 Marginal splits: 4
Reward: 38103.5367556 Total splits: 293 Good splits: 283 Marginal splits: 1
Reward: 35770.3786322 Total splits: 296 Good splits: 280 Marginal splits: 3
Reward: 38433.4014889 Total splits: 286 Good splits: 275 Marginal splits: 4
Reward: 35965.9183969 Total splits: 292 Good splits: 283 Marginal splits: 5
Reward: 36942.8378643 Total splits: 290 Good splits: 270 Marginal splits: 1
Reward: 35797.6143381 Total splits: 300 Good splits: 286 Marginal splits: 2
Reward: 37083.4797379 Total splits: 265 Good splits: 258 Marginal splits: 2
Reward: 36511.1358643 Total splits: 303 Good splits: 297 Marginal splits: 12
Reward: 39059.9241287 Total splits: 295 Good splits: 286 Marginal splits: 4
Reward: 38816.4765384 Total splits: 274 Good splits: 258 Marginal splits: 3
Reward: 35470.434484 Total splits: 270 Good splits: 268 Marginal splits: 7
Reward: 37579.2068733 Total splits: 289 Good splits: 279 Marginal splits: 4
Reward: 36300.4665152 Total splits: 300 Good splits: 292 Marginal splits: 4
Reward: 37884.9023313 Total splits: 298 Good splits: 289 Marginal splits: 0
Reward: 36048.2785956 Total splits: 281 Good splits: 268 Marginal splits: 4
Reward: 38288.3717413 Total splits: 290 Good splits: 276 Marginal splits: 1
Reward: 37796.2006571 Total splits: 306 Good splits: 294 Marginal splits: 7
Reward: 35891.167348 Total splits: 289 Good splits: 274 Marginal splits: 5
Reward: 37910.9509897 Total splits: 279 Good splits: 269 Marginal splits: 0
Reward: 38446.1680376 Total splits: 284 Good splits: 276 Marginal splits: 3
Reward: 36231.6029498 Total splits: 309 Good splits: 298 Marginal splits: 4
Reward: 39738.0556478 Total splits: 297 Good splits: 289 Marginal splits: 6
Reward: 35604.6738836 Total splits: 285 Good splits: 268 Marginal splits: 1
Reward: 36713.2634425 Total splits: 270 Good splits: 256 Marginal splits: 1
Reward: 37366.6237887 Total splits: 281 Good splits: 271 Marginal splits: 2
Reward: 40230.8408168 Total splits: 297 Good splits: 285 Marginal splits: 2
Reward: 36698.272925 Total splits: 275 Good splits: 262 Marginal splits: 4
Reward: 38315.4884552 Total splits: 299 Good splits: 286 Marginal splits: 3
Reward: 38428.9168161 Total splits: 302 Good splits: 287 Marginal splits: 2
Reward: 38439.7862092 Total splits: 278 Good splits: 270 Marginal splits: 0
Reward: 36109.8050615 Total splits: 288 Good splits: 276 Marginal splits: 0
Reward: 37355.1801234 Total splits: 295 Good splits: 285 Marginal splits: 2
Reward: 34710.2391137 Total splits: 285 Good splits: 273 Marginal splits: 1
Reward: 40007.7551932 Total splits: 290 Good splits: 272 Marginal splits: 1
Reward: 36478.3630783 Total splits: 277 Good splits: 269 Marginal splits: 4
Reward: 37460.2064705 Total splits: 271 Good splits: 263 Marginal splits: 0
Reward: 36354.1141372 Total splits: 285 Good splits: 276 Marginal splits: 3
Reward: 34880.4090918 Total splits: 277 Good splits: 273 Marginal splits: 1
Reward: 39508.211368 Total splits: 282 Good splits: 271 Marginal splits: 1
Reward: 38540.9852783 Total splits: 303 Good splits: 289 Marginal splits: 5
Reward: 37329.785096 Total splits: 268 Good splits: 259 Marginal splits: 3
Reward: 36848.0593426 Total splits: 301 Good splits: 292 Marginal splits: 0
Reward: 35743.9770171 Total splits: 289 Good splits: 279 Marginal splits: 3
Reward: 36013.148258 Total splits: 312 Good splits: 305 Marginal splits: 1
Reward: 35930.5863739 Total splits: 308 Good splits: 300 Marginal splits: 3
Reward: 37784.6588749 Total splits: 283 Good splits: 271 Marginal splits: 7
Reward: 35209.5206485 Total splits: 271 Good splits: 259 Marginal splits: 1
Reward: 37346.323626 Total splits: 278 Good splits: 269 Marginal splits: 2
Reward: 39669.701035 Total splits: 302 Good splits: 297 Marginal splits: 2
Reward: 36796.0511921 Total splits: 288 Good splits: 271 Marginal splits: 1
Reward: 36992.498157 Total splits: 275 Good splits: 269 Marginal splits: 2
Reward: 35905.5366998 Total splits: 293 Good splits: 286 Marginal splits: 2
Reward: 37413.2772051 Total splits: 279 Good splits: 266 Marginal splits: 4
Reward: 35925.7286546 Total splits: 303 Good splits: 289 Marginal splits: 6
Reward: 38255.0959139 Total splits: 318 Good splits: 312 Marginal splits: 2
Reward: 37236.666964 Total splits: 304 Good splits: 291 Marginal splits: 2
Reward: 36952.1556657 Total splits: 281 Good splits: 266 Marginal splits: 1
Reward: 37533.021511 Total splits: 289 Good splits: 279 Marginal splits: 3
Reward: 39087.1708648 Total splits: 289 Good splits: 277 Marginal splits: 1
Reward: 36416.7010158 Total splits: 284 Good splits: 275 Marginal splits: 2
Reward: 36356.8260308 Total splits: 304 Good splits: 297 Marginal splits: 3
Reward: 35549.8993627 Total splits: 288 Good splits: 284 Marginal splits: 3
Reward: 37979.9439345 Total splits: 280 Good splits: 273 Marginal splits: 5
Reward: 36844.0674781 Total splits: 286 Good splits: 276 Marginal splits: 2
Reward: 32763.6067934 Total splits: 286 Good splits: 280 Marginal splits: 7
Reward: 34966.984089 Total splits: 271 Good splits: 262 Marginal splits: 3
Reward: 39323.1330787 Total splits: 290 Good splits: 280 Marginal splits: 3
Reward: 35072.6447552 Total splits: 281 Good splits: 270 Marginal splits: 4
Reward: 38862.1582676 Total splits: 285 Good splits: 277 Marginal splits: 3
Reward: 35026.729508 Total splits: 286 Good splits: 283 Marginal splits: 4
Reward: 39180.1479073 Total splits: 282 Good splits: 273 Marginal splits: 1
Reward: 36246.5751214 Total splits: 289 Good splits: 276 Marginal splits: 6
Reward: 39026.8453992 Total splits: 303 Good splits: 292 Marginal splits: 4
Reward: 36718.2831378 Total splits: 288 Good splits: 280 Marginal splits: 2
Reward: 36562.3973335 Total splits: 300 Good splits: 289 Marginal splits: 6
Reward: 36914.7195474 Total splits: 283 Good splits: 272 Marginal splits: 4
Reward: 36219.9608888 Total splits: 283 Good splits: 276 Marginal splits: 3
Reward: 38456.6833156 Total splits: 282 Good splits: 270 Marginal splits: 1
Reward: 35708.735796 Total splits: 282 Good splits: 268 Marginal splits: 3
Reward: 36084.1003586 Total splits: 273 Good splits: 267 Marginal splits: 2
Reward: 37723.6449594 Total splits: 283 Good splits: 276 Marginal splits: 1
Reward: 37542.9965498 Total splits: 291 Good splits: 282 Marginal splits: 2
Reward: 37064.2233843 Total splits: 278 Good splits: 264 Marginal splits: 6
Reward: 33883.2111709 Total splits: 271 Good splits: 262 Marginal splits: 2
Reward: 36926.6341209 Total splits: 286 Good splits: 270 Marginal splits: 4
Reward: 38286.2358788 Total splits: 272 Good splits: 262 Marginal splits: 1
Reward: 37293.7509237 Total splits: 310 Good splits: 302 Marginal splits: 4
Reward: 37842.5164382 Total splits: 306 Good splits: 298 Marginal splits: 7
Reward: 35203.1290624 Total splits: 282 Good splits: 272 Marginal splits: 7
Reward: 38171.1120284 Total splits: 274 Good splits: 268 Marginal splits: 6
Reward: 34025.4224078 Total splits: 286 Good splits: 275 Marginal splits: 2
Reward: 37582.2119981 Total splits: 293 Good splits: 285 Marginal splits: 2
Reward: 35326.3940119 Total splits: 297 Good splits: 281 Marginal splits: 4
Reward: 37981.745978 Total splits: 287 Good splits: 278 Marginal splits: 3
Reward: 36842.6170206 Total splits: 297 Good splits: 284 Marginal splits: 2
Reward: 35638.1601274 Total splits: 284 Good splits: 272 Marginal splits: 6
Reward: 38024.6278714 Total splits: 297 Good splits: 280 Marginal splits: 2
Reward: 39220.7340885 Total splits: 271 Good splits: 263 Marginal splits: 3
Reward: 36042.3167889 Total splits: 312 Good splits: 302 Marginal splits: 2
Reward: 41003.0064308 Total splits: 285 Good splits: 279 Marginal splits: 3
Reward: 35474.943773 Total splits: 293 Good splits: 284 Marginal splits: 1
Reward: 37158.4399235 Total splits: 290 Good splits: 280 Marginal splits: 3
Reward: 36181.865873 Total splits: 262 Good splits: 253 Marginal splits: 1
Reward: 38706.2606396 Total splits: 273 Good splits: 266 Marginal splits: 2
Reward: 36165.6873762 Total splits: 298 Good splits: 287 Marginal splits: 2
Reward: 36941.3101658 Total splits: 270 Good splits: 259 Marginal splits: 2
Reward: 38980.8763497 Total splits: 284 Good splits: 273 Marginal splits: 4
Reward: 36448.1888276 Total splits: 298 Good splits: 281 Marginal splits: 4
Reward: 35962.5856411 Total splits: 266 Good splits: 258 Marginal splits: 3
Reward: 37513.7050025 Total splits: 287 Good splits: 276 Marginal splits: 1
Reward: 35785.2466374 Total splits: 297 Good splits: 283 Marginal splits: 3
Reward: 37887.6414001 Total splits: 289 Good splits: 272 Marginal splits: 4
Reward: 34722.1745874 Total splits: 285 Good splits: 275 Marginal splits: 2
Reward: 38387.7762499 Total splits: 293 Good splits: 285 Marginal splits: 6
Reward: 36370.1272408 Total splits: 284 Good splits: 264 Marginal splits: 1
Reward: 38154.8730543 Total splits: 295 Good splits: 281 Marginal splits: 2
Reward: 35731.2482527 Total splits: 301 Good splits: 281 Marginal splits: 5
Reward: 35993.5196692 Total splits: 303 Good splits: 291 Marginal splits: 4
Reward: 37730.245514 Total splits: 290 Good splits: 274 Marginal splits: 2
Reward: 35053.9076121 Total splits: 297 Good splits: 283 Marginal splits: 5
Reward: 38117.3501799 Total splits: 276 Good splits: 269 Marginal splits: 3
Reward: 36884.6105857 Total splits: 289 Good splits: 277 Marginal splits: 0
Reward: 37338.9721437 Total splits: 285 Good splits: 274 Marginal splits: 4
Reward: 37457.4533958 Total splits: 289 Good splits: 283 Marginal splits: 4
Reward: 38671.8270083 Total splits: 282 Good splits: 268 Marginal splits: 1
Reward: 38099.1323109 Total splits: 290 Good splits: 278 Marginal splits: 3
Reward: 37897.1868135 Total splits: 293 Good splits: 286 Marginal splits: 5
Reward: 34807.4164683 Total splits: 294 Good splits: 277 Marginal splits: 11
Reward: 36973.1050147 Total splits: 280 Good splits: 271 Marginal splits: 3
Reward: 34992.5076405 Total splits: 294 Good splits: 275 Marginal splits: 0
Reward: 40041.3985199 Total splits: 293 Good splits: 285 Marginal splits: 0
Reward: 35990.0402742 Total splits: 300 Good splits: 282 Marginal splits: 0
Reward: 36879.0887457 Total splits: 312 Good splits: 306 Marginal splits: 1
Reward: 37268.560681 Total splits: 280 Good splits: 272 Marginal splits: 1
Reward: 39922.3070271 Total splits: 263 Good splits: 255 Marginal splits: 1
Reward: 38763.9874498 Total splits: 271 Good splits: 258 Marginal splits: 1
Reward: 38978.8216024 Total splits: 289 Good splits: 271 Marginal splits: 2
Reward: 35618.8065761 Total splits: 289 Good splits: 285 Marginal splits: 5
Reward: 37713.7685348 Total splits: 302 Good splits: 294 Marginal splits: 4
Reward: 35614.4613488 Total splits: 283 Good splits: 269 Marginal splits: 4
Reward: 37784.8486165 Total splits: 296 Good splits: 279 Marginal splits: 4
Reward: 36307.0141484 Total splits: 295 Good splits: 283 Marginal splits: 3
Reward: 35973.7433834 Total splits: 285 Good splits: 277 Marginal splits: 7
Reward: 37532.4891543 Total splits: 290 Good splits: 278 Marginal splits: 4
Reward: 37944.3868013 Total splits: 283 Good splits: 268 Marginal splits: 3
Reward: 38094.3563027 Total splits: 292 Good splits: 284 Marginal splits: 5
Reward: 38598.712358 Total splits: 312 Good splits: 300 Marginal splits: 3
Reward: 35892.2199512 Total splits: 272 Good splits: 259 Marginal splits: 2
Reward: 38768.5513801 Total splits: 277 Good splits: 269 Marginal splits: 1
Reward: 36822.9149573 Total splits: 291 Good splits: 279 Marginal splits: 1
Reward: 36232.2203149 Total splits: 300 Good splits: 287 Marginal splits: 4

Total results after running 200 tests
Average total rewards : 37086.6310214
Average total splits  : 288.54
Average good splits   : 277.905
Average good splits % : 96.3142025369

Reward: 33269.7728838 Total splits: 254 Good splits: 244 Marginal splits: 2
Reward: 36781.9925485 Total splits: 299 Good splits: 282 Marginal splits: 3
Reward: 37577.0675269 Total splits: 280 Good splits: 272 Marginal splits: 4
Reward: 35679.4282278 Total splits: 281 Good splits: 274 Marginal splits: 1
Reward: 37679.5631449 Total splits: 289 Good splits: 276 Marginal splits: 1
Reward: 35222.1185245 Total splits: 274 Good splits: 260 Marginal splits: 3
Reward: 37441.4931156 Total splits: 292 Good splits: 285 Marginal splits: 7
Reward: 38074.0670708 Total splits: 282 Good splits: 270 Marginal splits: 5
Reward: 40175.981367 Total splits: 281 Good splits: 273 Marginal splits: 0
Reward: 37723.332018 Total splits: 284 Good splits: 269 Marginal splits: 2
Reward: 38352.7433679 Total splits: 289 Good splits: 273 Marginal splits: 0
Reward: 36063.5021428 Total splits: 276 Good splits: 264 Marginal splits: 2
Reward: 38698.4968733 Total splits: 300 Good splits: 288 Marginal splits: 6
Reward: 35809.4418003 Total splits: 309 Good splits: 297 Marginal splits: 2
Reward: 36815.3124441 Total splits: 279 Good splits: 269 Marginal splits: 2
Reward: 35230.0241978 Total splits: 294 Good splits: 286 Marginal splits: 4
Reward: 37843.8229157 Total splits: 304 Good splits: 295 Marginal splits: 2
Reward: 37085.3012041 Total splits: 293 Good splits: 287 Marginal splits: 3
Reward: 37435.3421939 Total splits: 291 Good splits: 275 Marginal splits: 1
Reward: 37737.4350178 Total splits: 295 Good splits: 290 Marginal splits: 2
Reward: 38782.5460229 Total splits: 316 Good splits: 306 Marginal splits: 5
Reward: 35907.5254453 Total splits: 282 Good splits: 274 Marginal splits: 2
Reward: 37654.5587535 Total splits: 295 Good splits: 286 Marginal splits: 2
Reward: 34823.4962439 Total splits: 308 Good splits: 304 Marginal splits: 5
Reward: 37663.0312632 Total splits: 299 Good splits: 287 Marginal splits: 1
Reward: 36316.0973566 Total splits: 291 Good splits: 277 Marginal splits: 5
Reward: 33663.1773504 Total splits: 305 Good splits: 294 Marginal splits: 3
Reward: 37717.3359237 Total splits: 295 Good splits: 290 Marginal splits: 2
Reward: 36381.5983809 Total splits: 292 Good splits: 286 Marginal splits: 4
Reward: 37524.460408 Total splits: 293 Good splits: 279 Marginal splits: 5
Reward: 35832.7903382 Total splits: 306 Good splits: 302 Marginal splits: 5
Reward: 37629.7644513 Total splits: 290 Good splits: 283 Marginal splits: 2
Reward: 36683.801863 Total splits: 288 Good splits: 283 Marginal splits: 2
Reward: 36265.1508856 Total splits: 274 Good splits: 269 Marginal splits: 2
Reward: 37303.4316941 Total splits: 298 Good splits: 283 Marginal splits: 4
Reward: 35682.166849 Total splits: 272 Good splits: 262 Marginal splits: 2
Reward: 36757.5225882 Total splits: 284 Good splits: 271 Marginal splits: 0
Reward: 40150.8642328 Total splits: 302 Good splits: 290 Marginal splits: 0
Reward: 36061.7003753 Total splits: 294 Good splits: 284 Marginal splits: 8
Reward: 38859.9019091 Total splits: 282 Good splits: 270 Marginal splits: 1
Reward: 35938.7568815 Total splits: 307 Good splits: 299 Marginal splits: 3
Reward: 39381.9161626 Total splits: 303 Good splits: 290 Marginal splits: 6
Reward: 36422.0470188 Total splits: 293 Good splits: 284 Marginal splits: 4
Reward: 40069.6038195 Total splits: 290 Good splits: 279 Marginal splits: 1
Reward: 36474.6641975 Total splits: 279 Good splits: 269 Marginal splits: 1
Reward: 39498.9007121 Total splits: 299 Good splits: 289 Marginal splits: 5
Reward: 36263.5963895 Total splits: 296 Good splits: 285 Marginal splits: 6
Reward: 39540.8338703 Total splits: 278 Good splits: 271 Marginal splits: 2
Reward: 37102.4650466 Total splits: 299 Good splits: 286 Marginal splits: 9
Reward: 37946.8831047 Total splits: 308 Good splits: 294 Marginal splits: 3
Reward: 35854.6923318 Total splits: 287 Good splits: 274 Marginal splits: 2
Reward: 36337.1296338 Total splits: 299 Good splits: 292 Marginal splits: 0
Reward: 36185.3302883 Total splits: 278 Good splits: 266 Marginal splits: 5
Reward: 39557.3075995 Total splits: 289 Good splits: 281 Marginal splits: 0
Reward: 36746.4108753 Total splits: 303 Good splits: 292 Marginal splits: 2
Reward: 37074.4103034 Total splits: 297 Good splits: 285 Marginal splits: 1
Reward: 34049.6177025 Total splits: 302 Good splits: 291 Marginal splits: 5
Reward: 38028.3512221 Total splits: 292 Good splits: 280 Marginal splits: 5
Reward: 37767.9304656 Total splits: 295 Good splits: 287 Marginal splits: 5
Reward: 34558.042684 Total splits: 299 Good splits: 291 Marginal splits: 3
Reward: 36217.7367276 Total splits: 279 Good splits: 267 Marginal splits: 1
Reward: 35550.5660931 Total splits: 301 Good splits: 288 Marginal splits: 3
Reward: 36310.0069651 Total splits: 303 Good splits: 295 Marginal splits: 3
Reward: 34968.5035187 Total splits: 298 Good splits: 286 Marginal splits: 5
Reward: 35306.0068202 Total splits: 297 Good splits: 287 Marginal splits: 4
Reward: 36502.5283338 Total splits: 289 Good splits: 283 Marginal splits: 4
Reward: 39503.0108763 Total splits: 292 Good splits: 282 Marginal splits: 5
Reward: 38342.9665527 Total splits: 277 Good splits: 264 Marginal splits: 2
Reward: 36367.7445493 Total splits: 291 Good splits: 281 Marginal splits: 2
Reward: 36245.2785039 Total splits: 289 Good splits: 276 Marginal splits: 4
Reward: 37441.4715026 Total splits: 308 Good splits: 299 Marginal splits: 4
Reward: 35333.7657209 Total splits: 297 Good splits: 288 Marginal splits: 5
Reward: 37595.3185401 Total splits: 287 Good splits: 274 Marginal splits: 0
Reward: 35680.1455591 Total splits: 282 Good splits: 273 Marginal splits: 1
Reward: 39545.9195492 Total splits: 291 Good splits: 284 Marginal splits: 1
Reward: 37753.3306673 Total splits: 262 Good splits: 254 Marginal splits: 1
Reward: 36660.2727049 Total splits: 277 Good splits: 260 Marginal splits: 0
Reward: 37297.9487069 Total splits: 282 Good splits: 264 Marginal splits: 2
Reward: 37202.1410803 Total splits: 297 Good splits: 291 Marginal splits: 3
Reward: 37054.2452487 Total splits: 292 Good splits: 282 Marginal splits: 0
Reward: 39579.7441461 Total splits: 292 Good splits: 280 Marginal splits: 1
Reward: 35726.1901696 Total splits: 297 Good splits: 286 Marginal splits: 4
Reward: 38066.4159132 Total splits: 281 Good splits: 278 Marginal splits: 1
Reward: 35938.4753422 Total splits: 280 Good splits: 267 Marginal splits: 5
Reward: 37913.6689271 Total splits: 293 Good splits: 284 Marginal splits: 5
Reward: 36123.6358341 Total splits: 275 Good splits: 260 Marginal splits: 4
Reward: 38024.0132129 Total splits: 297 Good splits: 282 Marginal splits: 4
Reward: 37866.3565856 Total splits: 288 Good splits: 276 Marginal splits: 2
Reward: 36166.211822 Total splits: 287 Good splits: 280 Marginal splits: 7
Reward: 36350.2915386 Total splits: 286 Good splits: 279 Marginal splits: 2
Reward: 35686.3157068 Total splits: 308 Good splits: 299 Marginal splits: 6
Reward: 35708.154163 Total splits: 305 Good splits: 293 Marginal splits: 2
Reward: 35617.6174096 Total splits: 290 Good splits: 279 Marginal splits: 5
Reward: 36504.6509295 Total splits: 278 Good splits: 272 Marginal splits: 1
Reward: 38156.2323014 Total splits: 285 Good splits: 275 Marginal splits: 3
Reward: 37357.7994569 Total splits: 293 Good splits: 284 Marginal splits: 3
Reward: 37128.7606767 Total splits: 301 Good splits: 294 Marginal splits: 3
Reward: 37292.2142252 Total splits: 295 Good splits: 279 Marginal splits: 4
Reward: 36228.0016492 Total splits: 269 Good splits: 254 Marginal splits: 7
Reward: 38027.4835717 Total splits: 285 Good splits: 268 Marginal splits: 2
Reward: 35491.5401334 Total splits: 267 Good splits: 254 Marginal splits: 2
Reward: 35824.4258079 Total splits: 294 Good splits: 288 Marginal splits: 2
Reward: 35369.6701338 Total splits: 264 Good splits: 256 Marginal splits: 4
Reward: 38100.1385254 Total splits: 302 Good splits: 287 Marginal splits: 3
Reward: 37288.2029184 Total splits: 277 Good splits: 265 Marginal splits: 0
Reward: 39037.1779978 Total splits: 297 Good splits: 283 Marginal splits: 5
Reward: 33300.2435923 Total splits: 287 Good splits: 279 Marginal splits: 3
Reward: 39633.5026421 Total splits: 302 Good splits: 290 Marginal splits: 0
Reward: 36395.4929242 Total splits: 289 Good splits: 277 Marginal splits: 3
Reward: 37328.0510093 Total splits: 289 Good splits: 275 Marginal splits: 2
Reward: 36331.9502508 Total splits: 289 Good splits: 277 Marginal splits: 4
Reward: 38716.4087908 Total splits: 290 Good splits: 276 Marginal splits: 1
Reward: 35944.191008 Total splits: 277 Good splits: 272 Marginal splits: 4
Reward: 38373.2921202 Total splits: 265 Good splits: 252 Marginal splits: 2
Reward: 35317.5990505 Total splits: 293 Good splits: 277 Marginal splits: 2
Reward: 38583.2037966 Total splits: 285 Good splits: 275 Marginal splits: 4
Reward: 35236.1574163 Total splits: 297 Good splits: 290 Marginal splits: 2
Reward: 37992.3531957 Total splits: 303 Good splits: 297 Marginal splits: 3
Reward: 35413.0863545 Total splits: 286 Good splits: 276 Marginal splits: 8
Reward: 36461.3868201 Total splits: 277 Good splits: 263 Marginal splits: 3
Reward: 36075.1810207 Total splits: 293 Good splits: 281 Marginal splits: 2
Reward: 37332.9890154 Total splits: 297 Good splits: 287 Marginal splits: 1
Reward: 35856.61797 Total splits: 290 Good splits: 278 Marginal splits: 5
Reward: 36892.4466503 Total splits: 279 Good splits: 271 Marginal splits: 5
Reward: 36872.9454424 Total splits: 288 Good splits: 277 Marginal splits: 2
Reward: 36685.4422247 Total splits: 315 Good splits: 304 Marginal splits: 3
Reward: 38646.7063908 Total splits: 275 Good splits: 267 Marginal splits: 3
Reward: 36108.6863459 Total splits: 288 Good splits: 284 Marginal splits: 4
Reward: 34410.6687521 Total splits: 272 Good splits: 260 Marginal splits: 4
Reward: 38807.5985383 Total splits: 264 Good splits: 260 Marginal splits: 4
Reward: 36617.0908559 Total splits: 288 Good splits: 277 Marginal splits: 0
Reward: 34641.6358407 Total splits: 295 Good splits: 280 Marginal splits: 0
Reward: 36482.5434047 Total splits: 288 Good splits: 274 Marginal splits: 1
Reward: 36694.1633743 Total splits: 293 Good splits: 283 Marginal splits: 2
Reward: 37084.8885026 Total splits: 319 Good splits: 311 Marginal splits: 5
Reward: 36970.3572595 Total splits: 261 Good splits: 257 Marginal splits: 3
Reward: 38004.568208 Total splits: 306 Good splits: 296 Marginal splits: 1
Reward: 37156.5610239 Total splits: 295 Good splits: 284 Marginal splits: 6
Reward: 39190.6968091 Total splits: 298 Good splits: 289 Marginal splits: 5
Reward: 35899.9645635 Total splits: 291 Good splits: 277 Marginal splits: 5
Reward: 35399.8373191 Total splits: 281 Good splits: 270 Marginal splits: 2
Reward: 36530.8150491 Total splits: 297 Good splits: 287 Marginal splits: 4
Reward: 38624.2136768 Total splits: 275 Good splits: 266 Marginal splits: 4
Reward: 35925.1074879 Total splits: 277 Good splits: 270 Marginal splits: 5
Reward: 39242.85846 Total splits: 306 Good splits: 300 Marginal splits: 2
Reward: 38008.4580779 Total splits: 282 Good splits: 268 Marginal splits: 3
Reward: 37582.1972045 Total splits: 276 Good splits: 267 Marginal splits: 3
Reward: 35670.8618607 Total splits: 310 Good splits: 296 Marginal splits: 9
Reward: 36222.7844504 Total splits: 299 Good splits: 290 Marginal splits: 11
Reward: 36332.989419 Total splits: 279 Good splits: 270 Marginal splits: 3
Reward: 40013.9301853 Total splits: 294 Good splits: 281 Marginal splits: 6
Reward: 35907.9672378 Total splits: 285 Good splits: 271 Marginal splits: 1
Reward: 35660.7469038 Total splits: 306 Good splits: 297 Marginal splits: 4
Reward: 35381.464498 Total splits: 275 Good splits: 261 Marginal splits: 2
Reward: 38358.9101739 Total splits: 306 Good splits: 298 Marginal splits: 1
Reward: 37930.5609556 Total splits: 281 Good splits: 269 Marginal splits: 2
Reward: 36967.4317371 Total splits: 269 Good splits: 258 Marginal splits: 4
Reward: 37079.9624183 Total splits: 290 Good splits: 281 Marginal splits: 1
Reward: 35157.6776671 Total splits: 272 Good splits: 265 Marginal splits: 1
Reward: 35997.0432147 Total splits: 270 Good splits: 257 Marginal splits: 6
Reward: 37311.8170666 Total splits: 304 Good splits: 295 Marginal splits: 0
Reward: 33189.1284585 Total splits: 282 Good splits: 270 Marginal splits: 1
Reward: 38290.8161795 Total splits: 271 Good splits: 262 Marginal splits: 2
Reward: 36437.2134242 Total splits: 307 Good splits: 296 Marginal splits: 4
Reward: 36522.2421968 Total splits: 296 Good splits: 284 Marginal splits: 3
Reward: 37198.0859462 Total splits: 287 Good splits: 279 Marginal splits: 1
Reward: 35705.3950851 Total splits: 280 Good splits: 269 Marginal splits: 2
Reward: 38824.2333697 Total splits: 282 Good splits: 269 Marginal splits: 2
Reward: 30303.7224258 Total splits: 288 Good splits: 277 Marginal splits: 6
Reward: 38061.2006457 Total splits: 299 Good splits: 283 Marginal splits: 3
Reward: 37163.574965 Total splits: 281 Good splits: 275 Marginal splits: 3
Reward: 35839.9364217 Total splits: 293 Good splits: 285 Marginal splits: 4
Reward: 38460.4541709 Total splits: 290 Good splits: 273 Marginal splits: 3
Reward: 38211.884508 Total splits: 280 Good splits: 278 Marginal splits: 5
Reward: 38462.6736697 Total splits: 277 Good splits: 267 Marginal splits: 0
Reward: 38633.3058783 Total splits: 296 Good splits: 287 Marginal splits: 6
Reward: 35034.3658164 Total splits: 294 Good splits: 287 Marginal splits: 4
Reward: 39865.4910906 Total splits: 287 Good splits: 273 Marginal splits: 1
Reward: 35951.7359835 Total splits: 285 Good splits: 274 Marginal splits: 5
Reward: 38938.2032904 Total splits: 303 Good splits: 296 Marginal splits: 1
Reward: 33190.38246 Total splits: 262 Good splits: 248 Marginal splits: 2
Reward: 38527.6040229 Total splits: 292 Good splits: 287 Marginal splits: 1
Reward: 37209.1502841 Total splits: 271 Good splits: 258 Marginal splits: 1
Reward: 39873.6815822 Total splits: 284 Good splits: 273 Marginal splits: 1
Reward: 37236.1137032 Total splits: 301 Good splits: 293 Marginal splits: 0
Reward: 34852.6835634 Total splits: 277 Good splits: 271 Marginal splits: 2
Reward: 35214.186942 Total splits: 297 Good splits: 288 Marginal splits: 4
Reward: 37027.0977664 Total splits: 263 Good splits: 256 Marginal splits: 3
Reward: 35713.2098548 Total splits: 300 Good splits: 281 Marginal splits: 3
Reward: 38059.819979 Total splits: 286 Good splits: 274 Marginal splits: 1
Reward: 35763.1369814 Total splits: 281 Good splits: 275 Marginal splits: 2
Reward: 36564.7515175 Total splits: 295 Good splits: 291 Marginal splits: 5
Reward: 35839.0561729 Total splits: 293 Good splits: 274 Marginal splits: 2
Reward: 34099.1833803 Total splits: 292 Good splits: 282 Marginal splits: 4
Reward: 38045.6112991 Total splits: 288 Good splits: 276 Marginal splits: 1
Reward: 37287.3451293 Total splits: 273 Good splits: 264 Marginal splits: 2
Reward: 36925.8856749 Total splits: 283 Good splits: 266 Marginal splits: 3
Reward: 36108.8024723 Total splits: 291 Good splits: 281 Marginal splits: 1
Reward: 32605.3711112 Total splits: 283 Good splits: 276 Marginal splits: 1
Reward: 38001.1490543 Total splits: 295 Good splits: 284 Marginal splits: 4

Total results after running 200 tests
Average total rewards : 36883.0627063
Average total splits  : 289.125
Average good splits   : 278.73
Average good splits % : 96.4046692607

