Reward: 34020.9254431 Total splits: 287 Good splits: 273 Marginal splits: 1
Reward: 36019.6524464 Total splits: 289 Good splits: 278 Marginal splits: 5
Reward: 37600.8393833 Total splits: 271 Good splits: 260 Marginal splits: 3
Reward: 35181.8042038 Total splits: 286 Good splits: 273 Marginal splits: 1
Reward: 37860.7611998 Total splits: 264 Good splits: 253 Marginal splits: 0
Reward: 35709.2592694 Total splits: 297 Good splits: 285 Marginal splits: 2
Reward: 39622.7708394 Total splits: 276 Good splits: 266 Marginal splits: 2
Reward: 34494.5230746 Total splits: 281 Good splits: 272 Marginal splits: 3
Reward: 37741.241366 Total splits: 289 Good splits: 281 Marginal splits: 3
Reward: 37685.3230429 Total splits: 285 Good splits: 270 Marginal splits: 1
Reward: 34377.9696631 Total splits: 276 Good splits: 269 Marginal splits: 0
Reward: 35436.2130596 Total splits: 289 Good splits: 280 Marginal splits: 4
Reward: 40159.5661355 Total splits: 267 Good splits: 259 Marginal splits: 4
Reward: 35948.8313435 Total splits: 293 Good splits: 276 Marginal splits: 0
Reward: 37902.8076259 Total splits: 288 Good splits: 280 Marginal splits: 3
Reward: 35532.8547774 Total splits: 270 Good splits: 255 Marginal splits: 1
Reward: 29776.2865621 Total splits: 284 Good splits: 280 Marginal splits: 5
Reward: 35599.8234256 Total splits: 289 Good splits: 276 Marginal splits: 6
Reward: 36843.3108798 Total splits: 278 Good splits: 264 Marginal splits: 1
Reward: 37501.1902775 Total splits: 278 Good splits: 271 Marginal splits: 1
Reward: 36199.818164 Total splits: 291 Good splits: 274 Marginal splits: 1
Reward: 35649.4975278 Total splits: 292 Good splits: 277 Marginal splits: 1
Reward: 34590.9822747 Total splits: 289 Good splits: 268 Marginal splits: 4
Reward: 35700.7828069 Total splits: 288 Good splits: 283 Marginal splits: 3
Reward: 36565.4059906 Total splits: 289 Good splits: 279 Marginal splits: 2
Reward: 36875.8930371 Total splits: 302 Good splits: 297 Marginal splits: 5
Reward: 36987.0349275 Total splits: 288 Good splits: 269 Marginal splits: 1
Reward: 38495.4210552 Total splits: 297 Good splits: 288 Marginal splits: 4
Reward: 36140.7679276 Total splits: 290 Good splits: 276 Marginal splits: 5
Reward: 39442.4915181 Total splits: 302 Good splits: 294 Marginal splits: 3
Reward: 35263.610335 Total splits: 288 Good splits: 281 Marginal splits: 5
Reward: 37092.9102764 Total splits: 272 Good splits: 262 Marginal splits: 4
Reward: 37293.2643446 Total splits: 289 Good splits: 280 Marginal splits: 1
Reward: 35007.5842012 Total splits: 292 Good splits: 280 Marginal splits: 6
Reward: 36444.2948835 Total splits: 297 Good splits: 293 Marginal splits: 2
Reward: 35749.9484133 Total splits: 281 Good splits: 275 Marginal splits: 2
Reward: 37343.3001818 Total splits: 277 Good splits: 265 Marginal splits: 3
Reward: 37605.5560304 Total splits: 274 Good splits: 262 Marginal splits: 0
Reward: 37200.2127321 Total splits: 288 Good splits: 274 Marginal splits: 0
Reward: 39024.6827059 Total splits: 288 Good splits: 282 Marginal splits: 2
Reward: 36082.9163146 Total splits: 307 Good splits: 298 Marginal splits: 5
Reward: 39182.4541314 Total splits: 286 Good splits: 276 Marginal splits: 3
Reward: 35952.1205367 Total splits: 277 Good splits: 264 Marginal splits: 2
Reward: 37020.6159113 Total splits: 283 Good splits: 268 Marginal splits: 1
Reward: 34083.1021163 Total splits: 281 Good splits: 271 Marginal splits: 1
Reward: 39879.0986555 Total splits: 280 Good splits: 268 Marginal splits: 1
Reward: 36591.3717405 Total splits: 268 Good splits: 258 Marginal splits: 1
Reward: 38138.1562618 Total splits: 283 Good splits: 275 Marginal splits: 1
Reward: 34446.7936818 Total splits: 268 Good splits: 260 Marginal splits: 1
Reward: 36610.0753216 Total splits: 278 Good splits: 271 Marginal splits: 4
Reward: 36553.0980543 Total splits: 276 Good splits: 263 Marginal splits: 2
Reward: 36985.2545602 Total splits: 273 Good splits: 263 Marginal splits: 8
Reward: 37015.8625873 Total splits: 283 Good splits: 277 Marginal splits: 1
Reward: 37552.4195092 Total splits: 294 Good splits: 285 Marginal splits: 6
Reward: 36279.3332151 Total splits: 269 Good splits: 255 Marginal splits: 0
Reward: 36501.9663666 Total splits: 300 Good splits: 288 Marginal splits: 0
Reward: 34752.4707219 Total splits: 303 Good splits: 294 Marginal splits: 7
Reward: 36946.8212947 Total splits: 286 Good splits: 278 Marginal splits: 2
Reward: 39078.9614914 Total splits: 300 Good splits: 291 Marginal splits: 2
Reward: 35070.945431 Total splits: 288 Good splits: 279 Marginal splits: 3
Reward: 36747.7931409 Total splits: 307 Good splits: 296 Marginal splits: 5
Reward: 35693.202068 Total splits: 299 Good splits: 289 Marginal splits: 3
Reward: 38335.9724008 Total splits: 272 Good splits: 260 Marginal splits: 3
Reward: 36269.173868 Total splits: 291 Good splits: 282 Marginal splits: 6
Reward: 32349.7062672 Total splits: 285 Good splits: 273 Marginal splits: 3
Reward: 38056.0492102 Total splits: 276 Good splits: 263 Marginal splits: 0
Reward: 37976.7687766 Total splits: 287 Good splits: 274 Marginal splits: 3
Reward: 36814.7804192 Total splits: 273 Good splits: 263 Marginal splits: 1
Reward: 38507.1236471 Total splits: 276 Good splits: 269 Marginal splits: 0
Reward: 35536.2328686 Total splits: 276 Good splits: 260 Marginal splits: 4
Reward: 38911.8260366 Total splits: 294 Good splits: 285 Marginal splits: 2
Reward: 34582.5219996 Total splits: 290 Good splits: 276 Marginal splits: 6
Reward: 39244.4022098 Total splits: 293 Good splits: 288 Marginal splits: 6
Reward: 36293.5857156 Total splits: 290 Good splits: 279 Marginal splits: 5
Reward: 36941.0035748 Total splits: 294 Good splits: 288 Marginal splits: 5
Reward: 37142.9849092 Total splits: 280 Good splits: 273 Marginal splits: 1
Reward: 38831.4579978 Total splits: 275 Good splits: 262 Marginal splits: 4
Reward: 38088.1554547 Total splits: 280 Good splits: 275 Marginal splits: 2
Reward: 37876.9770748 Total splits: 272 Good splits: 262 Marginal splits: 4
Reward: 33255.667128 Total splits: 294 Good splits: 284 Marginal splits: 7
Reward: 39599.1653834 Total splits: 292 Good splits: 276 Marginal splits: 7
Reward: 35069.4924971 Total splits: 290 Good splits: 281 Marginal splits: 2
Reward: 36813.8859698 Total splits: 285 Good splits: 277 Marginal splits: 2
Reward: 35304.6847926 Total splits: 286 Good splits: 268 Marginal splits: 3
Reward: 38346.0936001 Total splits: 296 Good splits: 291 Marginal splits: 5
Reward: 36629.4906621 Total splits: 289 Good splits: 277 Marginal splits: 5
Reward: 37789.0772548 Total splits: 294 Good splits: 279 Marginal splits: 11
Reward: 39609.8697963 Total splits: 278 Good splits: 263 Marginal splits: 3
Reward: 37098.8032084 Total splits: 280 Good splits: 269 Marginal splits: 1
Reward: 36149.2113743 Total splits: 283 Good splits: 270 Marginal splits: 0
Reward: 38807.3014733 Total splits: 300 Good splits: 294 Marginal splits: 2
Reward: 35731.1453065 Total splits: 296 Good splits: 285 Marginal splits: 3
Reward: 37053.0229336 Total splits: 285 Good splits: 274 Marginal splits: 4
Reward: 35398.0941501 Total splits: 299 Good splits: 286 Marginal splits: 7
Reward: 38211.6932384 Total splits: 277 Good splits: 265 Marginal splits: 1
Reward: 37874.4124163 Total splits: 285 Good splits: 278 Marginal splits: 1
Reward: 36234.5745402 Total splits: 287 Good splits: 273 Marginal splits: 2
Reward: 36216.7789557 Total splits: 312 Good splits: 296 Marginal splits: 4
Reward: 36383.7734439 Total splits: 288 Good splits: 282 Marginal splits: 3
Reward: 37958.1922906 Total splits: 281 Good splits: 265 Marginal splits: 0
Reward: 34277.3417545 Total splits: 295 Good splits: 286 Marginal splits: 3
Reward: 36937.9465442 Total splits: 292 Good splits: 287 Marginal splits: 3
Reward: 37098.9799749 Total splits: 294 Good splits: 280 Marginal splits: 7
Reward: 36547.6167782 Total splits: 296 Good splits: 285 Marginal splits: 10
Reward: 38347.8639504 Total splits: 288 Good splits: 277 Marginal splits: 5
Reward: 40271.6552249 Total splits: 310 Good splits: 299 Marginal splits: 1
Reward: 36875.1488316 Total splits: 278 Good splits: 268 Marginal splits: 3
Reward: 37714.4011949 Total splits: 276 Good splits: 269 Marginal splits: 1
Reward: 33575.2938778 Total splits: 263 Good splits: 250 Marginal splits: 3
Reward: 39576.1134856 Total splits: 285 Good splits: 282 Marginal splits: 2
Reward: 36100.4890685 Total splits: 276 Good splits: 258 Marginal splits: 3
Reward: 38794.9726563 Total splits: 280 Good splits: 267 Marginal splits: 3
Reward: 36519.1450267 Total splits: 288 Good splits: 281 Marginal splits: 3
Reward: 35374.8606633 Total splits: 281 Good splits: 269 Marginal splits: 2
Reward: 35232.5032949 Total splits: 276 Good splits: 269 Marginal splits: 2
Reward: 38786.7268046 Total splits: 280 Good splits: 275 Marginal splits: 4
Reward: 35510.2322441 Total splits: 300 Good splits: 291 Marginal splits: 1
Reward: 37485.7167516 Total splits: 268 Good splits: 257 Marginal splits: 2
Reward: 35311.3330937 Total splits: 291 Good splits: 282 Marginal splits: 2
Reward: 37212.5276406 Total splits: 281 Good splits: 269 Marginal splits: 5
Reward: 36137.0908675 Total splits: 272 Good splits: 263 Marginal splits: 7
Reward: 36835.1173288 Total splits: 293 Good splits: 279 Marginal splits: 5
Reward: 35949.1770515 Total splits: 298 Good splits: 277 Marginal splits: 3
Reward: 36416.5199726 Total splits: 297 Good splits: 293 Marginal splits: 6
Reward: 36693.4126491 Total splits: 272 Good splits: 264 Marginal splits: 1
Reward: 35331.0678656 Total splits: 276 Good splits: 269 Marginal splits: 4
Reward: 37609.9479098 Total splits: 301 Good splits: 287 Marginal splits: 0
Reward: 37256.6755249 Total splits: 291 Good splits: 282 Marginal splits: 7
Reward: 34202.8828129 Total splits: 293 Good splits: 277 Marginal splits: 8
Reward: 37474.5302412 Total splits: 287 Good splits: 278 Marginal splits: 4
Reward: 37091.1086007 Total splits: 289 Good splits: 276 Marginal splits: 0
Reward: 37291.7258856 Total splits: 286 Good splits: 274 Marginal splits: 4
Reward: 37229.3748345 Total splits: 283 Good splits: 270 Marginal splits: 1
Reward: 37961.3913369 Total splits: 290 Good splits: 275 Marginal splits: 4
Reward: 37171.9996094 Total splits: 281 Good splits: 270 Marginal splits: 2
Reward: 36166.4689254 Total splits: 306 Good splits: 293 Marginal splits: 1
Reward: 34428.6650787 Total splits: 273 Good splits: 265 Marginal splits: 4
Reward: 35333.448062 Total splits: 312 Good splits: 297 Marginal splits: 2
Reward: 37661.4230911 Total splits: 278 Good splits: 273 Marginal splits: 4
Reward: 36898.0663686 Total splits: 282 Good splits: 273 Marginal splits: 2
Reward: 39755.2423564 Total splits: 279 Good splits: 268 Marginal splits: 0
Reward: 36990.145463 Total splits: 288 Good splits: 274 Marginal splits: 0
Reward: 39047.8175814 Total splits: 293 Good splits: 287 Marginal splits: 1
Reward: 36667.9721809 Total splits: 283 Good splits: 271 Marginal splits: 4
Reward: 39781.7368041 Total splits: 289 Good splits: 281 Marginal splits: 4
Reward: 36360.0687757 Total splits: 285 Good splits: 278 Marginal splits: 9
Reward: 36301.8843089 Total splits: 281 Good splits: 272 Marginal splits: 6
Reward: 36617.2548214 Total splits: 285 Good splits: 274 Marginal splits: 2
Reward: 39358.114927 Total splits: 293 Good splits: 287 Marginal splits: 4
Reward: 36008.2001066 Total splits: 289 Good splits: 278 Marginal splits: 6
Reward: 37418.9962119 Total splits: 287 Good splits: 269 Marginal splits: 2
Reward: 35786.8652119 Total splits: 283 Good splits: 270 Marginal splits: 0
Reward: 38674.8867617 Total splits: 275 Good splits: 270 Marginal splits: 1
Reward: 36023.8337742 Total splits: 276 Good splits: 267 Marginal splits: 4
Reward: 37196.1006701 Total splits: 288 Good splits: 277 Marginal splits: 4
Reward: 38458.7739399 Total splits: 276 Good splits: 258 Marginal splits: 2
Reward: 36249.7423793 Total splits: 312 Good splits: 302 Marginal splits: 3
Reward: 35696.3919387 Total splits: 291 Good splits: 285 Marginal splits: 5
Reward: 37660.411504 Total splits: 277 Good splits: 269 Marginal splits: 1
Reward: 33725.8421187 Total splits: 274 Good splits: 265 Marginal splits: 0
Reward: 37521.5837208 Total splits: 300 Good splits: 286 Marginal splits: 4
Reward: 35012.4622839 Total splits: 285 Good splits: 276 Marginal splits: 5
Reward: 35716.8405057 Total splits: 296 Good splits: 280 Marginal splits: 6
Reward: 37901.50374 Total splits: 314 Good splits: 307 Marginal splits: 4
Reward: 37657.1348886 Total splits: 286 Good splits: 275 Marginal splits: 0
Reward: 37597.1773122 Total splits: 292 Good splits: 277 Marginal splits: 4
Reward: 36027.6594672 Total splits: 276 Good splits: 263 Marginal splits: 2
Reward: 36398.8248185 Total splits: 270 Good splits: 257 Marginal splits: 0
Reward: 35857.3874922 Total splits: 295 Good splits: 285 Marginal splits: 1
Reward: 35461.9212798 Total splits: 305 Good splits: 293 Marginal splits: 3
Reward: 36536.4798638 Total splits: 308 Good splits: 299 Marginal splits: 1
Reward: 36955.9836375 Total splits: 288 Good splits: 277 Marginal splits: 6
Reward: 38772.7414965 Total splits: 291 Good splits: 285 Marginal splits: 0
Reward: 37329.7451543 Total splits: 282 Good splits: 273 Marginal splits: 0
Reward: 37874.6665295 Total splits: 287 Good splits: 276 Marginal splits: 5
Reward: 38271.3126237 Total splits: 283 Good splits: 269 Marginal splits: 1
Reward: 34232.1390523 Total splits: 300 Good splits: 283 Marginal splits: 2
Reward: 41209.099043 Total splits: 286 Good splits: 279 Marginal splits: 4
Reward: 35069.9912978 Total splits: 280 Good splits: 269 Marginal splits: 3
Reward: 37317.0297979 Total splits: 284 Good splits: 279 Marginal splits: 2
Reward: 33658.6549836 Total splits: 295 Good splits: 286 Marginal splits: 2
Reward: 38605.0195266 Total splits: 288 Good splits: 278 Marginal splits: 2
Reward: 36504.776852 Total splits: 296 Good splits: 278 Marginal splits: 0
Reward: 38332.7561735 Total splits: 287 Good splits: 277 Marginal splits: 1
Reward: 35236.5336252 Total splits: 278 Good splits: 264 Marginal splits: 2
Reward: 39318.8479349 Total splits: 303 Good splits: 295 Marginal splits: 4
Reward: 35459.8439193 Total splits: 293 Good splits: 285 Marginal splits: 5
Reward: 37757.4993201 Total splits: 286 Good splits: 281 Marginal splits: 3
Reward: 36114.127221 Total splits: 279 Good splits: 269 Marginal splits: 3
Reward: 34276.5729003 Total splits: 285 Good splits: 282 Marginal splits: 8
Reward: 36478.2924962 Total splits: 283 Good splits: 275 Marginal splits: 3
Reward: 38109.1690273 Total splits: 274 Good splits: 266 Marginal splits: 4
Reward: 37227.846309 Total splits: 310 Good splits: 301 Marginal splits: 3
Reward: 37876.2007414 Total splits: 289 Good splits: 282 Marginal splits: 6
Reward: 37744.0296204 Total splits: 279 Good splits: 270 Marginal splits: 5
Reward: 38269.1129566 Total splits: 274 Good splits: 264 Marginal splits: 1
Reward: 36887.5446898 Total splits: 294 Good splits: 288 Marginal splits: 4
Reward: 36514.70507 Total splits: 282 Good splits: 272 Marginal splits: 2
Reward: 36521.464124 Total splits: 300 Good splits: 288 Marginal splits: 2
Reward: 35050.6285808 Total splits: 285 Good splits: 276 Marginal splits: 6

Total results after running 200 tests
Average total rewards : 36806.4197705
Average total splits  : 286.555
Average good splits   : 276.075
Average good splits % : 96.3427614245

Reward: 34705.3042236 Total splits: 265 Good splits: 259 Marginal splits: 7
Reward: 36278.3542315 Total splits: 292 Good splits: 280 Marginal splits: 2
Reward: 39389.4703202 Total splits: 276 Good splits: 263 Marginal splits: 1
Reward: 34832.4819732 Total splits: 284 Good splits: 270 Marginal splits: 1
Reward: 36160.343322 Total splits: 277 Good splits: 271 Marginal splits: 7
Reward: 36196.0532765 Total splits: 295 Good splits: 284 Marginal splits: 1
Reward: 36340.8050861 Total splits: 283 Good splits: 270 Marginal splits: 2
Reward: 36937.1434668 Total splits: 276 Good splits: 266 Marginal splits: 7
Reward: 36534.9176375 Total splits: 285 Good splits: 275 Marginal splits: 2
Reward: 38331.6314264 Total splits: 275 Good splits: 261 Marginal splits: 2
Reward: 39081.1517411 Total splits: 274 Good splits: 258 Marginal splits: 1
Reward: 34268.9170863 Total splits: 281 Good splits: 272 Marginal splits: 8
Reward: 36538.5666581 Total splits: 257 Good splits: 247 Marginal splits: 2
Reward: 35042.7613796 Total splits: 291 Good splits: 269 Marginal splits: 1
Reward: 36012.3389915 Total splits: 275 Good splits: 263 Marginal splits: 5
Reward: 35814.0802033 Total splits: 289 Good splits: 283 Marginal splits: 3
Reward: 38348.8284452 Total splits: 275 Good splits: 267 Marginal splits: 2
Reward: 37064.9319804 Total splits: 292 Good splits: 282 Marginal splits: 6
Reward: 37533.9559196 Total splits: 270 Good splits: 267 Marginal splits: 0
Reward: 38662.4473194 Total splits: 266 Good splits: 250 Marginal splits: 3
Reward: 37082.4073 Total splits: 296 Good splits: 282 Marginal splits: 5
Reward: 36408.919859 Total splits: 298 Good splits: 287 Marginal splits: 5
Reward: 37369.962161 Total splits: 290 Good splits: 282 Marginal splits: 2
Reward: 34092.6613559 Total splits: 289 Good splits: 280 Marginal splits: 4
Reward: 37488.2904847 Total splits: 283 Good splits: 278 Marginal splits: 2
Reward: 36137.3390001 Total splits: 287 Good splits: 276 Marginal splits: 1
Reward: 37453.717865 Total splits: 291 Good splits: 278 Marginal splits: 6
Reward: 32094.0776344 Total splits: 300 Good splits: 293 Marginal splits: 2
Reward: 35758.5624668 Total splits: 310 Good splits: 302 Marginal splits: 6
Reward: 36720.8707459 Total splits: 302 Good splits: 297 Marginal splits: 4
Reward: 36536.292775 Total splits: 279 Good splits: 270 Marginal splits: 6
Reward: 34547.0263969 Total splits: 281 Good splits: 271 Marginal splits: 1
Reward: 36897.1350097 Total splits: 298 Good splits: 286 Marginal splits: 6
Reward: 37901.5642217 Total splits: 271 Good splits: 257 Marginal splits: 3
Reward: 36578.9866179 Total splits: 284 Good splits: 275 Marginal splits: 8
Reward: 36350.1408792 Total splits: 280 Good splits: 273 Marginal splits: 5
Reward: 36970.7454544 Total splits: 284 Good splits: 277 Marginal splits: 5
Reward: 35461.6573301 Total splits: 308 Good splits: 303 Marginal splits: 2
Reward: 33255.9381958 Total splits: 280 Good splits: 276 Marginal splits: 3
Reward: 39514.7273462 Total splits: 284 Good splits: 274 Marginal splits: 2
Reward: 34965.8932125 Total splits: 267 Good splits: 264 Marginal splits: 2
Reward: 40630.2702769 Total splits: 297 Good splits: 279 Marginal splits: 3
Reward: 37150.4628488 Total splits: 300 Good splits: 283 Marginal splits: 3
Reward: 36170.185911 Total splits: 278 Good splits: 268 Marginal splits: 1
Reward: 35804.7210466 Total splits: 272 Good splits: 265 Marginal splits: 1
Reward: 40161.7308637 Total splits: 286 Good splits: 283 Marginal splits: 3
Reward: 36254.5770177 Total splits: 301 Good splits: 291 Marginal splits: 2
Reward: 38824.0308326 Total splits: 291 Good splits: 278 Marginal splits: 3
Reward: 37548.8242501 Total splits: 278 Good splits: 268 Marginal splits: 1
Reward: 37069.7335861 Total splits: 284 Good splits: 276 Marginal splits: 4
Reward: 36458.0084154 Total splits: 287 Good splits: 266 Marginal splits: 4
Reward: 35828.4833174 Total splits: 289 Good splits: 284 Marginal splits: 1
Reward: 32474.460764 Total splits: 288 Good splits: 275 Marginal splits: 3
Reward: 36553.9708441 Total splits: 288 Good splits: 273 Marginal splits: 1
Reward: 36593.9206364 Total splits: 285 Good splits: 270 Marginal splits: 5
Reward: 35921.4150091 Total splits: 283 Good splits: 272 Marginal splits: 5
Reward: 35945.0700586 Total splits: 273 Good splits: 261 Marginal splits: 4
Reward: 38658.3764226 Total splits: 302 Good splits: 296 Marginal splits: 2
Reward: 37933.1004508 Total splits: 294 Good splits: 280 Marginal splits: 1
Reward: 35842.4291389 Total splits: 293 Good splits: 284 Marginal splits: 3
Reward: 36373.9978614 Total splits: 272 Good splits: 262 Marginal splits: 6
Reward: 36148.5919858 Total splits: 288 Good splits: 277 Marginal splits: 3
Reward: 38057.729031 Total splits: 307 Good splits: 294 Marginal splits: 3
Reward: 37475.2822016 Total splits: 293 Good splits: 283 Marginal splits: 3
Reward: 36119.6763104 Total splits: 277 Good splits: 265 Marginal splits: 2
Reward: 37999.2190806 Total splits: 290 Good splits: 281 Marginal splits: 3
Reward: 35948.4300609 Total splits: 285 Good splits: 276 Marginal splits: 3
Reward: 37342.8265769 Total splits: 280 Good splits: 275 Marginal splits: 2
Reward: 38932.2949102 Total splits: 285 Good splits: 277 Marginal splits: 4
Reward: 36376.2736231 Total splits: 266 Good splits: 258 Marginal splits: 4
Reward: 36966.8632769 Total splits: 293 Good splits: 286 Marginal splits: 9
Reward: 35247.9008713 Total splits: 284 Good splits: 277 Marginal splits: 2
Reward: 38695.3093127 Total splits: 288 Good splits: 278 Marginal splits: 1
Reward: 37476.567985 Total splits: 280 Good splits: 273 Marginal splits: 2
Reward: 36385.9953778 Total splits: 301 Good splits: 290 Marginal splits: 4
Reward: 36244.111195 Total splits: 279 Good splits: 266 Marginal splits: 20
Reward: 35906.3885297 Total splits: 281 Good splits: 273 Marginal splits: 1
Reward: 38269.7736435 Total splits: 283 Good splits: 277 Marginal splits: 7
Reward: 37222.6809819 Total splits: 301 Good splits: 292 Marginal splits: 1
Reward: 35667.981637 Total splits: 283 Good splits: 270 Marginal splits: 0
Reward: 33843.3544427 Total splits: 295 Good splits: 288 Marginal splits: 7
Reward: 35071.1067175 Total splits: 263 Good splits: 246 Marginal splits: 1
Reward: 37121.9489932 Total splits: 294 Good splits: 282 Marginal splits: 3
Reward: 31812.9352105 Total splits: 286 Good splits: 272 Marginal splits: 0
Reward: 38030.1503697 Total splits: 293 Good splits: 281 Marginal splits: 2
Reward: 36488.4983472 Total splits: 282 Good splits: 273 Marginal splits: 3
Reward: 36857.8669189 Total splits: 274 Good splits: 266 Marginal splits: 0
Reward: 38363.4542581 Total splits: 293 Good splits: 276 Marginal splits: 1
Reward: 36985.5754109 Total splits: 282 Good splits: 273 Marginal splits: 5
Reward: 37506.8416218 Total splits: 276 Good splits: 263 Marginal splits: 0
Reward: 39174.9346406 Total splits: 289 Good splits: 281 Marginal splits: 0
Reward: 34860.6178404 Total splits: 290 Good splits: 280 Marginal splits: 1
Reward: 37147.615006 Total splits: 283 Good splits: 275 Marginal splits: 7
Reward: 35696.5651821 Total splits: 298 Good splits: 288 Marginal splits: 3
Reward: 37872.5361865 Total splits: 297 Good splits: 288 Marginal splits: 2
Reward: 38319.7292392 Total splits: 276 Good splits: 267 Marginal splits: 0
Reward: 37300.8749727 Total splits: 262 Good splits: 251 Marginal splits: 2
Reward: 37874.3283957 Total splits: 305 Good splits: 295 Marginal splits: 2
Reward: 37501.6181787 Total splits: 289 Good splits: 276 Marginal splits: 4
Reward: 36609.4545443 Total splits: 292 Good splits: 286 Marginal splits: 3
Reward: 36659.1120956 Total splits: 293 Good splits: 282 Marginal splits: 4
Reward: 39014.0914017 Total splits: 286 Good splits: 275 Marginal splits: 0
Reward: 36721.3521684 Total splits: 273 Good splits: 267 Marginal splits: 3
Reward: 36222.8028628 Total splits: 293 Good splits: 286 Marginal splits: 7
Reward: 35679.8794278 Total splits: 303 Good splits: 286 Marginal splits: 5
Reward: 36524.5676916 Total splits: 291 Good splits: 282 Marginal splits: 3
Reward: 37328.6768892 Total splits: 288 Good splits: 275 Marginal splits: 0
Reward: 39726.9333982 Total splits: 274 Good splits: 269 Marginal splits: 1
Reward: 35991.4723194 Total splits: 301 Good splits: 290 Marginal splits: 5
Reward: 37896.0772805 Total splits: 286 Good splits: 276 Marginal splits: 1
Reward: 31120.6831607 Total splits: 314 Good splits: 302 Marginal splits: 3
Reward: 36560.8932831 Total splits: 281 Good splits: 268 Marginal splits: 0
Reward: 35077.3832238 Total splits: 300 Good splits: 289 Marginal splits: 2
Reward: 37078.0494428 Total splits: 286 Good splits: 278 Marginal splits: 5
Reward: 36019.2672556 Total splits: 278 Good splits: 269 Marginal splits: 3
Reward: 37955.9121543 Total splits: 289 Good splits: 284 Marginal splits: 7
Reward: 34272.6848833 Total splits: 274 Good splits: 261 Marginal splits: 6
Reward: 38534.4060664 Total splits: 295 Good splits: 287 Marginal splits: 2
Reward: 34787.7718253 Total splits: 294 Good splits: 283 Marginal splits: 8
Reward: 39406.0637641 Total splits: 301 Good splits: 298 Marginal splits: 1
Reward: 35363.1674478 Total splits: 285 Good splits: 271 Marginal splits: 6
Reward: 37563.2059966 Total splits: 263 Good splits: 256 Marginal splits: 2
Reward: 36617.027228 Total splits: 290 Good splits: 281 Marginal splits: 0
Reward: 37902.5883796 Total splits: 290 Good splits: 274 Marginal splits: 3
Reward: 37633.352346 Total splits: 259 Good splits: 244 Marginal splits: 2
Reward: 36861.7199637 Total splits: 288 Good splits: 277 Marginal splits: 3
Reward: 36220.407657 Total splits: 284 Good splits: 271 Marginal splits: 5
Reward: 36549.0388695 Total splits: 284 Good splits: 278 Marginal splits: 3
Reward: 35359.8966223 Total splits: 280 Good splits: 275 Marginal splits: 7
Reward: 37274.8986917 Total splits: 283 Good splits: 269 Marginal splits: 2
Reward: 37711.29874 Total splits: 287 Good splits: 282 Marginal splits: 4
Reward: 36592.3665982 Total splits: 277 Good splits: 270 Marginal splits: 0
Reward: 37669.8891941 Total splits: 280 Good splits: 268 Marginal splits: 0
Reward: 34486.1849575 Total splits: 265 Good splits: 257 Marginal splits: 4
Reward: 38564.0527628 Total splits: 310 Good splits: 305 Marginal splits: 4
Reward: 37474.9414911 Total splits: 291 Good splits: 275 Marginal splits: 2
Reward: 36474.2174738 Total splits: 295 Good splits: 289 Marginal splits: 4
Reward: 37091.167569 Total splits: 283 Good splits: 268 Marginal splits: 3
Reward: 34373.8965687 Total splits: 280 Good splits: 269 Marginal splits: 7
Reward: 36625.6229271 Total splits: 289 Good splits: 276 Marginal splits: 1
Reward: 38397.9423658 Total splits: 282 Good splits: 261 Marginal splits: 3
Reward: 36093.8183095 Total splits: 289 Good splits: 273 Marginal splits: 4
Reward: 39277.7846354 Total splits: 300 Good splits: 293 Marginal splits: 3
Reward: 32176.0761698 Total splits: 279 Good splits: 273 Marginal splits: 2
Reward: 36927.6439295 Total splits: 272 Good splits: 266 Marginal splits: 2
Reward: 36341.0357605 Total splits: 278 Good splits: 264 Marginal splits: 2
Reward: 37334.9535137 Total splits: 282 Good splits: 274 Marginal splits: 4
Reward: 35471.8572705 Total splits: 288 Good splits: 282 Marginal splits: 4
Reward: 38705.0541028 Total splits: 300 Good splits: 295 Marginal splits: 4
Reward: 36488.503112 Total splits: 311 Good splits: 298 Marginal splits: 0
Reward: 37491.935796 Total splits: 277 Good splits: 272 Marginal splits: 1
Reward: 34771.6915162 Total splits: 269 Good splits: 263 Marginal splits: 2
Reward: 38375.1748326 Total splits: 300 Good splits: 292 Marginal splits: 2
Reward: 33976.3669031 Total splits: 285 Good splits: 273 Marginal splits: 4
Reward: 38021.2098863 Total splits: 290 Good splits: 283 Marginal splits: 2
Reward: 37303.8308158 Total splits: 293 Good splits: 278 Marginal splits: 3
Reward: 34500.2237495 Total splits: 280 Good splits: 267 Marginal splits: 2
Reward: 35924.6079075 Total splits: 283 Good splits: 276 Marginal splits: 3
Reward: 36371.5283677 Total splits: 291 Good splits: 286 Marginal splits: 1
Reward: 35319.6793557 Total splits: 290 Good splits: 276 Marginal splits: 5
Reward: 37600.1042962 Total splits: 294 Good splits: 285 Marginal splits: 6
Reward: 36280.4326072 Total splits: 285 Good splits: 278 Marginal splits: 6
Reward: 38917.7566898 Total splits: 288 Good splits: 284 Marginal splits: 2
Reward: 36988.5413298 Total splits: 291 Good splits: 285 Marginal splits: 2
Reward: 36299.75905 Total splits: 282 Good splits: 268 Marginal splits: 0
Reward: 38488.7224199 Total splits: 296 Good splits: 287 Marginal splits: 5
Reward: 35244.8940755 Total splits: 296 Good splits: 285 Marginal splits: 2
Reward: 38496.9582328 Total splits: 275 Good splits: 268 Marginal splits: 3
Reward: 34805.2744737 Total splits: 303 Good splits: 292 Marginal splits: 5
Reward: 37712.3472945 Total splits: 281 Good splits: 272 Marginal splits: 2
Reward: 36797.3708619 Total splits: 295 Good splits: 290 Marginal splits: 5
Reward: 37408.1929186 Total splits: 290 Good splits: 277 Marginal splits: 4
Reward: 38165.7495941 Total splits: 310 Good splits: 300 Marginal splits: 2
Reward: 38513.0646404 Total splits: 282 Good splits: 270 Marginal splits: 1
Reward: 35582.3883674 Total splits: 286 Good splits: 276 Marginal splits: 5
Reward: 36203.9224396 Total splits: 283 Good splits: 271 Marginal splits: 2
Reward: 36294.1626721 Total splits: 291 Good splits: 279 Marginal splits: 3
Reward: 39880.2499458 Total splits: 280 Good splits: 266 Marginal splits: 3
Reward: 35604.5213019 Total splits: 277 Good splits: 266 Marginal splits: 3
Reward: 37855.9850095 Total splits: 288 Good splits: 279 Marginal splits: 6
Reward: 35394.4145113 Total splits: 290 Good splits: 278 Marginal splits: 1
Reward: 38222.8664131 Total splits: 293 Good splits: 283 Marginal splits: 2
Reward: 37071.1910397 Total splits: 283 Good splits: 273 Marginal splits: 3
Reward: 38747.4535022 Total splits: 282 Good splits: 275 Marginal splits: 3
Reward: 37928.4848405 Total splits: 290 Good splits: 271 Marginal splits: 3
Reward: 38907.7122799 Total splits: 268 Good splits: 260 Marginal splits: 7
Reward: 33127.2436796 Total splits: 295 Good splits: 289 Marginal splits: 3
Reward: 38553.4828255 Total splits: 280 Good splits: 274 Marginal splits: 1
Reward: 35386.3065642 Total splits: 299 Good splits: 289 Marginal splits: 3
Reward: 37861.456394 Total splits: 263 Good splits: 252 Marginal splits: 5
Reward: 35778.8173092 Total splits: 298 Good splits: 288 Marginal splits: 3
Reward: 37478.1485359 Total splits: 294 Good splits: 282 Marginal splits: 3
Reward: 36520.0908474 Total splits: 281 Good splits: 264 Marginal splits: 4
Reward: 35538.4461675 Total splits: 292 Good splits: 288 Marginal splits: 9
Reward: 38614.8055378 Total splits: 285 Good splits: 276 Marginal splits: 2
Reward: 36946.006591 Total splits: 280 Good splits: 264 Marginal splits: 2
Reward: 37316.7775082 Total splits: 298 Good splits: 286 Marginal splits: 7
Reward: 37028.1322348 Total splits: 281 Good splits: 274 Marginal splits: 0
Reward: 37757.6518151 Total splits: 274 Good splits: 260 Marginal splits: 3
Reward: 36334.411742 Total splits: 290 Good splits: 278 Marginal splits: 2

Total results after running 200 tests
Average total rewards : 36743.4765628
Average total splits  : 286.175
Average good splits   : 276.08
Average good splits % : 96.4724381934

Reward: 36808.22732 Total splits: 292 Good splits: 282 Marginal splits: 5
Reward: 35683.4648526 Total splits: 282 Good splits: 273 Marginal splits: 3
Reward: 40038.1477436 Total splits: 302 Good splits: 286 Marginal splits: 3
Reward: 34745.1146956 Total splits: 289 Good splits: 275 Marginal splits: 7
Reward: 35525.3096513 Total splits: 273 Good splits: 266 Marginal splits: 2
Reward: 36384.7500371 Total splits: 289 Good splits: 281 Marginal splits: 2
Reward: 35357.9443057 Total splits: 293 Good splits: 284 Marginal splits: 7
Reward: 38100.9665437 Total splits: 278 Good splits: 267 Marginal splits: 3
Reward: 36668.9499196 Total splits: 290 Good splits: 280 Marginal splits: 5
Reward: 36061.1975548 Total splits: 306 Good splits: 299 Marginal splits: 1
Reward: 39779.0493798 Total splits: 282 Good splits: 275 Marginal splits: 5
Reward: 34896.4242626 Total splits: 301 Good splits: 289 Marginal splits: 5
Reward: 40312.789918 Total splits: 282 Good splits: 276 Marginal splits: 0
Reward: 35981.3026512 Total splits: 275 Good splits: 263 Marginal splits: 4
Reward: 38024.1548671 Total splits: 300 Good splits: 293 Marginal splits: 6
Reward: 35904.6484199 Total splits: 282 Good splits: 268 Marginal splits: 4
Reward: 38027.3590496 Total splits: 285 Good splits: 276 Marginal splits: 2
Reward: 36965.2254008 Total splits: 285 Good splits: 273 Marginal splits: 2
Reward: 35816.7983264 Total splits: 294 Good splits: 284 Marginal splits: 7
Reward: 37574.3251682 Total splits: 286 Good splits: 275 Marginal splits: 4
Reward: 38802.4761726 Total splits: 288 Good splits: 277 Marginal splits: 0
Reward: 35877.2862326 Total splits: 300 Good splits: 284 Marginal splits: 1
Reward: 38041.722127 Total splits: 296 Good splits: 283 Marginal splits: 3
Reward: 37304.5042712 Total splits: 279 Good splits: 268 Marginal splits: 5
Reward: 37496.944378 Total splits: 291 Good splits: 280 Marginal splits: 0
Reward: 35125.7180972 Total splits: 281 Good splits: 276 Marginal splits: 2
Reward: 37279.95104 Total splits: 278 Good splits: 270 Marginal splits: 3
Reward: 37436.7955296 Total splits: 285 Good splits: 275 Marginal splits: 2
Reward: 36451.7795524 Total splits: 289 Good splits: 276 Marginal splits: 5
Reward: 38826.4331547 Total splits: 302 Good splits: 297 Marginal splits: 1
Reward: 36870.9262264 Total splits: 292 Good splits: 277 Marginal splits: 2
Reward: 36879.7907542 Total splits: 287 Good splits: 275 Marginal splits: 3
Reward: 37186.7875786 Total splits: 288 Good splits: 279 Marginal splits: 4
Reward: 35461.6546879 Total splits: 296 Good splits: 287 Marginal splits: 3
Reward: 36449.6448365 Total splits: 279 Good splits: 266 Marginal splits: 2
Reward: 36957.4586553 Total splits: 301 Good splits: 285 Marginal splits: 2
Reward: 36499.5493398 Total splits: 292 Good splits: 279 Marginal splits: 3
Reward: 39454.672394 Total splits: 295 Good splits: 285 Marginal splits: 4
Reward: 37642.4193051 Total splits: 285 Good splits: 278 Marginal splits: 2
Reward: 39257.0977411 Total splits: 299 Good splits: 291 Marginal splits: 6
Reward: 33380.6514346 Total splits: 285 Good splits: 276 Marginal splits: 2
Reward: 35883.1113411 Total splits: 279 Good splits: 263 Marginal splits: 2
Reward: 36325.1516244 Total splits: 271 Good splits: 256 Marginal splits: 1
Reward: 37264.5735324 Total splits: 298 Good splits: 287 Marginal splits: 13
Reward: 36133.1518165 Total splits: 281 Good splits: 272 Marginal splits: 2
Reward: 38220.5657896 Total splits: 294 Good splits: 287 Marginal splits: 3
Reward: 36164.6392611 Total splits: 306 Good splits: 296 Marginal splits: 5
Reward: 39402.1946966 Total splits: 280 Good splits: 273 Marginal splits: 3
Reward: 37646.8590173 Total splits: 314 Good splits: 302 Marginal splits: 1
Reward: 38829.8308345 Total splits: 261 Good splits: 254 Marginal splits: 1
Reward: 34270.9649471 Total splits: 266 Good splits: 257 Marginal splits: 1
Reward: 33607.8340157 Total splits: 264 Good splits: 251 Marginal splits: 5
Reward: 35035.0967671 Total splits: 279 Good splits: 267 Marginal splits: 3
Reward: 37459.7669202 Total splits: 279 Good splits: 271 Marginal splits: 2
Reward: 36849.7057032 Total splits: 296 Good splits: 279 Marginal splits: 1
Reward: 37749.5104905 Total splits: 288 Good splits: 278 Marginal splits: 5
Reward: 36299.0078719 Total splits: 268 Good splits: 247 Marginal splits: 2
Reward: 38398.242668 Total splits: 270 Good splits: 263 Marginal splits: 2
Reward: 38952.1568891 Total splits: 286 Good splits: 264 Marginal splits: 0
Reward: 36094.7303838 Total splits: 281 Good splits: 277 Marginal splits: 2
Reward: 37009.4455886 Total splits: 299 Good splits: 293 Marginal splits: 1
Reward: 37025.4905385 Total splits: 278 Good splits: 253 Marginal splits: 1
Reward: 31967.159948 Total splits: 284 Good splits: 275 Marginal splits: 2
Reward: 37122.6478952 Total splits: 282 Good splits: 269 Marginal splits: 3
Reward: 36930.0361032 Total splits: 282 Good splits: 274 Marginal splits: 5
Reward: 38674.580549 Total splits: 286 Good splits: 281 Marginal splits: 3
Reward: 37251.3698819 Total splits: 266 Good splits: 259 Marginal splits: 7
Reward: 36847.6290721 Total splits: 286 Good splits: 273 Marginal splits: 4
Reward: 36816.5775679 Total splits: 273 Good splits: 262 Marginal splits: 2
Reward: 35893.6734859 Total splits: 287 Good splits: 282 Marginal splits: 3
Reward: 36806.2034793 Total splits: 277 Good splits: 270 Marginal splits: 3
Reward: 35941.630318 Total splits: 279 Good splits: 255 Marginal splits: 1
Reward: 36398.5272622 Total splits: 292 Good splits: 281 Marginal splits: 5
Reward: 34750.1923278 Total splits: 296 Good splits: 286 Marginal splits: 5
Reward: 35818.9538463 Total splits: 278 Good splits: 271 Marginal splits: 4
Reward: 38065.2870604 Total splits: 290 Good splits: 280 Marginal splits: 4
Reward: 35138.2214631 Total splits: 272 Good splits: 263 Marginal splits: 3
Reward: 38153.8989281 Total splits: 298 Good splits: 292 Marginal splits: 2
Reward: 38100.4856818 Total splits: 297 Good splits: 285 Marginal splits: 2
Reward: 33321.8125 Total splits: 289 Good splits: 278 Marginal splits: 5
Reward: 37660.2129248 Total splits: 278 Good splits: 271 Marginal splits: 4
Reward: 34864.262652 Total splits: 304 Good splits: 289 Marginal splits: 9
Reward: 39595.1359636 Total splits: 272 Good splits: 265 Marginal splits: 1
Reward: 34298.5382942 Total splits: 298 Good splits: 285 Marginal splits: 2
Reward: 36820.1922511 Total splits: 301 Good splits: 290 Marginal splits: 6
Reward: 37150.0155802 Total splits: 297 Good splits: 283 Marginal splits: 5
Reward: 38096.4916403 Total splits: 294 Good splits: 284 Marginal splits: 9
Reward: 37734.3661895 Total splits: 280 Good splits: 272 Marginal splits: 5
Reward: 36852.591803 Total splits: 283 Good splits: 267 Marginal splits: 4
Reward: 37022.8536395 Total splits: 282 Good splits: 266 Marginal splits: 2
Reward: 37887.1652641 Total splits: 282 Good splits: 269 Marginal splits: 4
Reward: 36219.7550137 Total splits: 276 Good splits: 267 Marginal splits: 3
Reward: 36051.3168852 Total splits: 288 Good splits: 279 Marginal splits: 2
Reward: 36156.764476 Total splits: 300 Good splits: 290 Marginal splits: 1
Reward: 37980.18209 Total splits: 299 Good splits: 289 Marginal splits: 5
Reward: 36159.5372042 Total splits: 280 Good splits: 269 Marginal splits: 4
Reward: 36645.3447032 Total splits: 309 Good splits: 297 Marginal splits: 4
Reward: 37830.9924541 Total splits: 294 Good splits: 278 Marginal splits: 7
Reward: 35187.186861 Total splits: 280 Good splits: 267 Marginal splits: 2
Reward: 38731.6534256 Total splits: 269 Good splits: 257 Marginal splits: 1
Reward: 37420.3105305 Total splits: 296 Good splits: 287 Marginal splits: 1
Reward: 36441.2860597 Total splits: 293 Good splits: 280 Marginal splits: 2
Reward: 36951.4872798 Total splits: 294 Good splits: 279 Marginal splits: 3
Reward: 36626.9555903 Total splits: 285 Good splits: 272 Marginal splits: 3
Reward: 38676.5203848 Total splits: 289 Good splits: 281 Marginal splits: 2
Reward: 37899.1110011 Total splits: 299 Good splits: 291 Marginal splits: 3
Reward: 36952.9527729 Total splits: 293 Good splits: 278 Marginal splits: 3
Reward: 40636.7587575 Total splits: 294 Good splits: 285 Marginal splits: 4
Reward: 34429.5647978 Total splits: 287 Good splits: 281 Marginal splits: 2
Reward: 37596.8590169 Total splits: 301 Good splits: 292 Marginal splits: 7
Reward: 36214.570935 Total splits: 280 Good splits: 272 Marginal splits: 2
Reward: 39061.4605474 Total splits: 307 Good splits: 295 Marginal splits: 3
Reward: 35958.9657429 Total splits: 280 Good splits: 271 Marginal splits: 4
Reward: 38335.3396565 Total splits: 280 Good splits: 271 Marginal splits: 2
Reward: 36329.6894889 Total splits: 281 Good splits: 268 Marginal splits: 1
Reward: 38488.4712608 Total splits: 276 Good splits: 269 Marginal splits: 1
Reward: 37611.8110936 Total splits: 303 Good splits: 281 Marginal splits: 0
Reward: 37161.4376052 Total splits: 300 Good splits: 290 Marginal splits: 4
Reward: 36246.5238619 Total splits: 275 Good splits: 257 Marginal splits: 0
Reward: 39448.9371845 Total splits: 301 Good splits: 289 Marginal splits: 3
Reward: 36710.8344484 Total splits: 294 Good splits: 288 Marginal splits: 4
Reward: 37448.9402869 Total splits: 305 Good splits: 290 Marginal splits: 2
Reward: 35366.1701621 Total splits: 273 Good splits: 259 Marginal splits: 2
Reward: 34181.7226854 Total splits: 281 Good splits: 270 Marginal splits: 5
Reward: 36247.6311068 Total splits: 279 Good splits: 264 Marginal splits: 1
Reward: 36110.3938517 Total splits: 287 Good splits: 274 Marginal splits: 2
Reward: 38661.0079904 Total splits: 293 Good splits: 282 Marginal splits: 5
Reward: 35815.0341284 Total splits: 273 Good splits: 270 Marginal splits: 2
Reward: 36344.5764923 Total splits: 298 Good splits: 289 Marginal splits: 3
Reward: 36957.0478941 Total splits: 281 Good splits: 272 Marginal splits: 3
Reward: 36310.3584759 Total splits: 296 Good splits: 289 Marginal splits: 6
Reward: 37041.951056 Total splits: 277 Good splits: 267 Marginal splits: 1
Reward: 36731.2512074 Total splits: 275 Good splits: 272 Marginal splits: 5
Reward: 38104.541248 Total splits: 292 Good splits: 280 Marginal splits: 1
Reward: 36623.4340375 Total splits: 288 Good splits: 277 Marginal splits: 5
Reward: 36327.9359839 Total splits: 294 Good splits: 285 Marginal splits: 4
Reward: 39043.3390819 Total splits: 294 Good splits: 279 Marginal splits: 2
Reward: 37005.6658118 Total splits: 282 Good splits: 272 Marginal splits: 10
Reward: 38356.2383508 Total splits: 278 Good splits: 261 Marginal splits: 1
Reward: 34926.9230956 Total splits: 287 Good splits: 279 Marginal splits: 1
Reward: 39262.1394918 Total splits: 291 Good splits: 278 Marginal splits: 3
Reward: 35935.8880635 Total splits: 280 Good splits: 267 Marginal splits: 2
Reward: 37776.6927838 Total splits: 277 Good splits: 256 Marginal splits: 1
Reward: 37171.8928405 Total splits: 281 Good splits: 274 Marginal splits: 2
Reward: 38442.5760569 Total splits: 273 Good splits: 263 Marginal splits: 1
Reward: 37481.8808406 Total splits: 288 Good splits: 277 Marginal splits: 5
Reward: 39653.6170668 Total splits: 293 Good splits: 277 Marginal splits: 0
Reward: 36585.9557436 Total splits: 275 Good splits: 268 Marginal splits: 4
Reward: 39748.2851898 Total splits: 284 Good splits: 275 Marginal splits: 2
Reward: 35182.5704059 Total splits: 289 Good splits: 273 Marginal splits: 1
Reward: 39138.7359357 Total splits: 311 Good splits: 302 Marginal splits: 1
Reward: 35777.8768306 Total splits: 281 Good splits: 268 Marginal splits: 6
Reward: 40018.3849616 Total splits: 293 Good splits: 280 Marginal splits: 3
Reward: 34463.5240087 Total splits: 289 Good splits: 276 Marginal splits: 4
Reward: 35016.8890706 Total splits: 287 Good splits: 277 Marginal splits: 5
Reward: 37541.5403315 Total splits: 273 Good splits: 265 Marginal splits: 3
Reward: 35440.5093828 Total splits: 281 Good splits: 275 Marginal splits: 1
Reward: 37272.6490242 Total splits: 291 Good splits: 281 Marginal splits: 2
Reward: 37729.7721964 Total splits: 294 Good splits: 277 Marginal splits: 3
Reward: 35139.5329657 Total splits: 267 Good splits: 254 Marginal splits: 5
Reward: 36995.8431632 Total splits: 288 Good splits: 280 Marginal splits: 1
Reward: 36079.1091333 Total splits: 294 Good splits: 285 Marginal splits: 3
Reward: 37391.68182 Total splits: 301 Good splits: 297 Marginal splits: 5
Reward: 37413.6877099 Total splits: 266 Good splits: 253 Marginal splits: 0
Reward: 37108.9556069 Total splits: 289 Good splits: 279 Marginal splits: 9
Reward: 37531.276232 Total splits: 282 Good splits: 266 Marginal splits: 0
Reward: 36706.2385024 Total splits: 288 Good splits: 277 Marginal splits: 2
Reward: 37854.652111 Total splits: 308 Good splits: 298 Marginal splits: 9
Reward: 34752.8574995 Total splits: 299 Good splits: 290 Marginal splits: 2
Reward: 37803.2047651 Total splits: 290 Good splits: 282 Marginal splits: 2
Reward: 36526.3410274 Total splits: 298 Good splits: 287 Marginal splits: 5
Reward: 37326.3767469 Total splits: 315 Good splits: 295 Marginal splits: 4
Reward: 36581.9743362 Total splits: 281 Good splits: 267 Marginal splits: 3
Reward: 38717.3916302 Total splits: 287 Good splits: 277 Marginal splits: 2
Reward: 37758.8954621 Total splits: 291 Good splits: 274 Marginal splits: 0
Reward: 37210.7240284 Total splits: 285 Good splits: 274 Marginal splits: 6
Reward: 36231.4189143 Total splits: 291 Good splits: 283 Marginal splits: 0
Reward: 38304.7673624 Total splits: 292 Good splits: 282 Marginal splits: 2
Reward: 35595.130768 Total splits: 295 Good splits: 287 Marginal splits: 0
Reward: 37913.5945358 Total splits: 290 Good splits: 276 Marginal splits: 4
Reward: 34772.0323352 Total splits: 299 Good splits: 294 Marginal splits: 8
Reward: 38100.3186339 Total splits: 275 Good splits: 269 Marginal splits: 2
Reward: 36021.0250824 Total splits: 269 Good splits: 257 Marginal splits: 4
Reward: 37405.4077624 Total splits: 297 Good splits: 286 Marginal splits: 1
Reward: 37761.548506 Total splits: 276 Good splits: 263 Marginal splits: 10
Reward: 37754.5318564 Total splits: 280 Good splits: 272 Marginal splits: 1
Reward: 36308.7198744 Total splits: 271 Good splits: 261 Marginal splits: 2
Reward: 38838.965715 Total splits: 277 Good splits: 266 Marginal splits: 4
Reward: 36459.5217599 Total splits: 282 Good splits: 266 Marginal splits: 5
Reward: 38337.7688327 Total splits: 265 Good splits: 254 Marginal splits: 0
Reward: 35035.0572838 Total splits: 294 Good splits: 281 Marginal splits: 1
Reward: 37445.4403172 Total splits: 281 Good splits: 267 Marginal splits: 3
Reward: 37470.5900449 Total splits: 287 Good splits: 277 Marginal splits: 3
Reward: 36284.3113026 Total splits: 283 Good splits: 273 Marginal splits: 3
Reward: 38571.8527063 Total splits: 303 Good splits: 293 Marginal splits: 10
Reward: 37571.6133828 Total splits: 282 Good splits: 274 Marginal splits: 1
Reward: 35488.3972409 Total splits: 276 Good splits: 265 Marginal splits: 2
Reward: 34545.9198626 Total splits: 289 Good splits: 277 Marginal splits: 7
Reward: 33270.2307026 Total splits: 260 Good splits: 252 Marginal splits: 3
Reward: 38337.0194351 Total splits: 288 Good splits: 277 Marginal splits: 1

Total results after running 200 tests
Average total rewards : 36950.3760455
Average total splits  : 286.875
Average good splits   : 275.965
Average good splits % : 96.1969498911

Reward: 36563.1870471 Total splits: 261 Good splits: 255 Marginal splits: 2
Reward: 37065.9093825 Total splits: 318 Good splits: 299 Marginal splits: 1
Reward: 41149.7358355 Total splits: 293 Good splits: 278 Marginal splits: 1
Reward: 34965.3137075 Total splits: 285 Good splits: 272 Marginal splits: 3
Reward: 33974.8402824 Total splits: 253 Good splits: 242 Marginal splits: 1
Reward: 34472.1946238 Total splits: 281 Good splits: 274 Marginal splits: 2
Reward: 37881.536973 Total splits: 298 Good splits: 284 Marginal splits: 1
Reward: 35992.7059369 Total splits: 301 Good splits: 286 Marginal splits: 3
Reward: 36752.5810108 Total splits: 301 Good splits: 286 Marginal splits: 2
Reward: 36687.4794207 Total splits: 268 Good splits: 256 Marginal splits: 3
Reward: 38788.8074394 Total splits: 295 Good splits: 277 Marginal splits: 3
Reward: 34924.8457 Total splits: 263 Good splits: 255 Marginal splits: 3
Reward: 39852.4776906 Total splits: 294 Good splits: 289 Marginal splits: 6
Reward: 36723.234671 Total splits: 289 Good splits: 277 Marginal splits: 6
Reward: 33068.4920932 Total splits: 263 Good splits: 256 Marginal splits: 5
Reward: 36474.3812776 Total splits: 289 Good splits: 280 Marginal splits: 3
Reward: 38586.0674819 Total splits: 272 Good splits: 265 Marginal splits: 0
Reward: 37213.618761 Total splits: 274 Good splits: 266 Marginal splits: 1
Reward: 37110.7270949 Total splits: 299 Good splits: 296 Marginal splits: 4
Reward: 37624.4307824 Total splits: 275 Good splits: 267 Marginal splits: 1
Reward: 34260.5841762 Total splits: 281 Good splits: 271 Marginal splits: 2
Reward: 37649.1054153 Total splits: 297 Good splits: 286 Marginal splits: 1
Reward: 36897.5705589 Total splits: 285 Good splits: 282 Marginal splits: 5
Reward: 37157.1591841 Total splits: 275 Good splits: 266 Marginal splits: 4
Reward: 37987.4689866 Total splits: 271 Good splits: 264 Marginal splits: 4
Reward: 36102.3006091 Total splits: 289 Good splits: 276 Marginal splits: 3
Reward: 37879.8665445 Total splits: 306 Good splits: 295 Marginal splits: 3
Reward: 38001.4523727 Total splits: 295 Good splits: 286 Marginal splits: 3
Reward: 36474.2531943 Total splits: 292 Good splits: 278 Marginal splits: 6
Reward: 39437.9048681 Total splits: 312 Good splits: 299 Marginal splits: 2
Reward: 37428.2466842 Total splits: 275 Good splits: 270 Marginal splits: 2
Reward: 36440.2842482 Total splits: 290 Good splits: 280 Marginal splits: 2
Reward: 36184.0569399 Total splits: 308 Good splits: 297 Marginal splits: 8
Reward: 39231.0038523 Total splits: 279 Good splits: 265 Marginal splits: 0
Reward: 36571.9204301 Total splits: 281 Good splits: 265 Marginal splits: 1
Reward: 36555.495995 Total splits: 281 Good splits: 269 Marginal splits: 3
Reward: 37726.8814932 Total splits: 286 Good splits: 265 Marginal splits: 3
Reward: 38468.6819856 Total splits: 277 Good splits: 265 Marginal splits: 3
Reward: 36734.6751763 Total splits: 294 Good splits: 285 Marginal splits: 5
Reward: 39562.8432627 Total splits: 276 Good splits: 265 Marginal splits: 2
Reward: 30012.0027695 Total splits: 271 Good splits: 262 Marginal splits: 1
Reward: 40858.7126889 Total splits: 289 Good splits: 280 Marginal splits: 4
Reward: 37389.504928 Total splits: 274 Good splits: 255 Marginal splits: 1
Reward: 37369.51272 Total splits: 288 Good splits: 278 Marginal splits: 2
Reward: 36148.8322603 Total splits: 281 Good splits: 268 Marginal splits: 5
Reward: 39507.3198211 Total splits: 279 Good splits: 271 Marginal splits: 6
Reward: 35194.6626661 Total splits: 305 Good splits: 297 Marginal splits: 6
Reward: 38045.5706817 Total splits: 267 Good splits: 257 Marginal splits: 2
Reward: 36935.596547 Total splits: 288 Good splits: 278 Marginal splits: 8
Reward: 38971.4335313 Total splits: 278 Good splits: 272 Marginal splits: 5
Reward: 35674.5493207 Total splits: 274 Good splits: 263 Marginal splits: 2
Reward: 36878.9828168 Total splits: 275 Good splits: 265 Marginal splits: 0
Reward: 36870.9749096 Total splits: 284 Good splits: 274 Marginal splits: 1
Reward: 37436.0528518 Total splits: 288 Good splits: 274 Marginal splits: 3
Reward: 36946.863183 Total splits: 287 Good splits: 272 Marginal splits: 3
Reward: 37892.6822778 Total splits: 280 Good splits: 267 Marginal splits: 0
Reward: 36556.8907409 Total splits: 301 Good splits: 285 Marginal splits: 1
Reward: 38097.4932243 Total splits: 302 Good splits: 288 Marginal splits: 1
Reward: 36379.4150887 Total splits: 290 Good splits: 285 Marginal splits: 4
Reward: 34324.3149251 Total splits: 288 Good splits: 278 Marginal splits: 3
Reward: 36234.3672311 Total splits: 279 Good splits: 273 Marginal splits: 1
Reward: 35525.3530401 Total splits: 284 Good splits: 277 Marginal splits: 5
Reward: 37375.9912361 Total splits: 296 Good splits: 289 Marginal splits: 1
Reward: 36531.3100387 Total splits: 305 Good splits: 297 Marginal splits: 6
Reward: 35140.9055964 Total splits: 299 Good splits: 284 Marginal splits: 3
Reward: 36168.3423731 Total splits: 284 Good splits: 271 Marginal splits: 1
Reward: 38795.2312139 Total splits: 285 Good splits: 273 Marginal splits: 2
Reward: 36402.7990778 Total splits: 296 Good splits: 285 Marginal splits: 7
Reward: 36289.1677244 Total splits: 299 Good splits: 287 Marginal splits: 3
Reward: 36933.3599374 Total splits: 297 Good splits: 282 Marginal splits: 3
Reward: 35607.8724367 Total splits: 308 Good splits: 299 Marginal splits: 8
Reward: 35289.2597973 Total splits: 278 Good splits: 269 Marginal splits: 4
Reward: 38441.0496712 Total splits: 289 Good splits: 281 Marginal splits: 2
Reward: 35843.4666192 Total splits: 304 Good splits: 292 Marginal splits: 3
Reward: 39710.1180533 Total splits: 289 Good splits: 284 Marginal splits: 3
Reward: 35648.9850905 Total splits: 280 Good splits: 265 Marginal splits: 2
Reward: 38851.6187866 Total splits: 296 Good splits: 280 Marginal splits: 2
Reward: 37746.2010179 Total splits: 290 Good splits: 275 Marginal splits: 3
Reward: 37291.9542806 Total splits: 284 Good splits: 273 Marginal splits: 10
Reward: 35310.7526351 Total splits: 288 Good splits: 278 Marginal splits: 3
Reward: 39114.8813089 Total splits: 281 Good splits: 271 Marginal splits: 3
Reward: 36060.0352168 Total splits: 268 Good splits: 251 Marginal splits: 2
Reward: 38907.8416372 Total splits: 282 Good splits: 275 Marginal splits: 5
Reward: 35998.7814032 Total splits: 279 Good splits: 267 Marginal splits: 5
Reward: 38902.32592 Total splits: 289 Good splits: 277 Marginal splits: 1
Reward: 36405.4764038 Total splits: 288 Good splits: 274 Marginal splits: 2
Reward: 37307.678753 Total splits: 276 Good splits: 268 Marginal splits: 4
Reward: 38600.9934547 Total splits: 281 Good splits: 267 Marginal splits: 2
Reward: 35379.3942963 Total splits: 294 Good splits: 284 Marginal splits: 6
Reward: 37194.3042371 Total splits: 283 Good splits: 277 Marginal splits: 3
Reward: 37739.080634 Total splits: 275 Good splits: 265 Marginal splits: 6
Reward: 34378.0811806 Total splits: 272 Good splits: 268 Marginal splits: 6
Reward: 35760.7659122 Total splits: 282 Good splits: 275 Marginal splits: 3
Reward: 36436.205521 Total splits: 288 Good splits: 271 Marginal splits: 5
Reward: 39127.7765783 Total splits: 287 Good splits: 270 Marginal splits: 5
Reward: 38422.9834315 Total splits: 286 Good splits: 275 Marginal splits: 3
Reward: 37478.6212106 Total splits: 293 Good splits: 282 Marginal splits: 5
Reward: 38556.7230831 Total splits: 302 Good splits: 294 Marginal splits: 4
Reward: 36163.1870159 Total splits: 279 Good splits: 269 Marginal splits: 7
Reward: 38048.7012118 Total splits: 301 Good splits: 285 Marginal splits: 2
Reward: 35909.7598529 Total splits: 278 Good splits: 270 Marginal splits: 3
Reward: 37508.3443631 Total splits: 260 Good splits: 252 Marginal splits: 0
Reward: 35744.5023559 Total splits: 271 Good splits: 257 Marginal splits: 2
Reward: 33918.117458 Total splits: 285 Good splits: 276 Marginal splits: 0
Reward: 37144.4229524 Total splits: 278 Good splits: 260 Marginal splits: 1
Reward: 38910.5882074 Total splits: 295 Good splits: 291 Marginal splits: 0
Reward: 37331.973257 Total splits: 283 Good splits: 267 Marginal splits: 3
Reward: 39906.2626109 Total splits: 279 Good splits: 271 Marginal splits: 1
Reward: 33933.8484262 Total splits: 306 Good splits: 295 Marginal splits: 3
Reward: 36135.8290109 Total splits: 289 Good splits: 282 Marginal splits: 3
Reward: 36295.1724467 Total splits: 293 Good splits: 286 Marginal splits: 5
Reward: 37455.3809401 Total splits: 287 Good splits: 272 Marginal splits: 1
Reward: 36157.7264777 Total splits: 295 Good splits: 284 Marginal splits: 1
Reward: 37986.5163339 Total splits: 287 Good splits: 277 Marginal splits: 8
Reward: 32456.5233862 Total splits: 310 Good splits: 297 Marginal splits: 2
Reward: 38005.2951863 Total splits: 296 Good splits: 287 Marginal splits: 9
Reward: 37375.3366125 Total splits: 279 Good splits: 272 Marginal splits: 3
Reward: 39373.140521 Total splits: 278 Good splits: 266 Marginal splits: 4
Reward: 35470.4135194 Total splits: 278 Good splits: 267 Marginal splits: 1
Reward: 36785.9903717 Total splits: 278 Good splits: 269 Marginal splits: 1
Reward: 36128.1352428 Total splits: 287 Good splits: 272 Marginal splits: 2
Reward: 37258.4187904 Total splits: 298 Good splits: 291 Marginal splits: 4
Reward: 34321.7391449 Total splits: 262 Good splits: 250 Marginal splits: 2
Reward: 38002.7145875 Total splits: 269 Good splits: 256 Marginal splits: 6
Reward: 37091.771703 Total splits: 273 Good splits: 258 Marginal splits: 1
Reward: 36014.3617873 Total splits: 270 Good splits: 261 Marginal splits: 4
Reward: 39330.049313 Total splits: 294 Good splits: 286 Marginal splits: 3
Reward: 36690.8961273 Total splits: 285 Good splits: 275 Marginal splits: 2
Reward: 36542.0895754 Total splits: 291 Good splits: 281 Marginal splits: 3
Reward: 36470.6804275 Total splits: 258 Good splits: 246 Marginal splits: 3
Reward: 36325.2686301 Total splits: 296 Good splits: 281 Marginal splits: 3
Reward: 36873.0985006 Total splits: 296 Good splits: 275 Marginal splits: 1
Reward: 37194.1541887 Total splits: 282 Good splits: 271 Marginal splits: 1
Reward: 36782.8552812 Total splits: 303 Good splits: 288 Marginal splits: 3
Reward: 38086.1109982 Total splits: 313 Good splits: 303 Marginal splits: 0
Reward: 36482.3959888 Total splits: 299 Good splits: 287 Marginal splits: 2
Reward: 36658.8041934 Total splits: 297 Good splits: 289 Marginal splits: 0
Reward: 37304.2467181 Total splits: 288 Good splits: 276 Marginal splits: 5
Reward: 38890.6809019 Total splits: 307 Good splits: 300 Marginal splits: 5
Reward: 36776.2144197 Total splits: 290 Good splits: 286 Marginal splits: 5
Reward: 37950.9798829 Total splits: 289 Good splits: 280 Marginal splits: 4
Reward: 37554.8103529 Total splits: 295 Good splits: 282 Marginal splits: 0
Reward: 37670.7110409 Total splits: 300 Good splits: 293 Marginal splits: 3
Reward: 35341.4001971 Total splits: 292 Good splits: 283 Marginal splits: 2
Reward: 37228.0796957 Total splits: 275 Good splits: 266 Marginal splits: 8
Reward: 36627.7317855 Total splits: 297 Good splits: 285 Marginal splits: 2
Reward: 36599.3749435 Total splits: 276 Good splits: 266 Marginal splits: 5
Reward: 36923.1202325 Total splits: 280 Good splits: 266 Marginal splits: 5
Reward: 37650.087931 Total splits: 280 Good splits: 271 Marginal splits: 2
Reward: 35923.7299904 Total splits: 300 Good splits: 290 Marginal splits: 3
Reward: 37562.1789115 Total splits: 283 Good splits: 270 Marginal splits: 2
Reward: 35536.0321635 Total splits: 294 Good splits: 278 Marginal splits: 2
Reward: 38154.5722015 Total splits: 281 Good splits: 268 Marginal splits: 2
Reward: 35955.4540365 Total splits: 277 Good splits: 269 Marginal splits: 1
Reward: 34628.2447732 Total splits: 279 Good splits: 269 Marginal splits: 4
Reward: 37562.8145628 Total splits: 282 Good splits: 275 Marginal splits: 5
Reward: 38121.9322904 Total splits: 293 Good splits: 281 Marginal splits: 0
Reward: 36578.864537 Total splits: 284 Good splits: 272 Marginal splits: 1
Reward: 37921.9601535 Total splits: 292 Good splits: 282 Marginal splits: 4
Reward: 36966.7417351 Total splits: 277 Good splits: 269 Marginal splits: 3
Reward: 36913.1876844 Total splits: 271 Good splits: 261 Marginal splits: 5
Reward: 35939.8617653 Total splits: 279 Good splits: 265 Marginal splits: 2
Reward: 39932.8812528 Total splits: 280 Good splits: 265 Marginal splits: 1
Reward: 35839.7045681 Total splits: 307 Good splits: 292 Marginal splits: 4
Reward: 38228.0055194 Total splits: 276 Good splits: 269 Marginal splits: 4
Reward: 36915.6709561 Total splits: 290 Good splits: 279 Marginal splits: 4
Reward: 37441.7861143 Total splits: 291 Good splits: 282 Marginal splits: 4
Reward: 35745.8416749 Total splits: 282 Good splits: 271 Marginal splits: 1
Reward: 36019.5947344 Total splits: 294 Good splits: 284 Marginal splits: 2
Reward: 37273.2066543 Total splits: 278 Good splits: 273 Marginal splits: 0
Reward: 37215.3789151 Total splits: 276 Good splits: 267 Marginal splits: 0
Reward: 35985.1776776 Total splits: 285 Good splits: 276 Marginal splits: 1
Reward: 37638.3860274 Total splits: 294 Good splits: 288 Marginal splits: 8
Reward: 37489.0289904 Total splits: 279 Good splits: 270 Marginal splits: 0
Reward: 37766.3490306 Total splits: 286 Good splits: 276 Marginal splits: 3
Reward: 35363.0693955 Total splits: 287 Good splits: 280 Marginal splits: 4
Reward: 36421.016683 Total splits: 282 Good splits: 273 Marginal splits: 3
Reward: 41070.4325293 Total splits: 300 Good splits: 292 Marginal splits: 5
Reward: 35230.6980366 Total splits: 289 Good splits: 276 Marginal splits: 1
Reward: 39812.0024677 Total splits: 294 Good splits: 280 Marginal splits: 1
Reward: 36104.512702 Total splits: 292 Good splits: 284 Marginal splits: 1
Reward: 37703.1631797 Total splits: 281 Good splits: 269 Marginal splits: 2
Reward: 37056.1158182 Total splits: 292 Good splits: 279 Marginal splits: 7
Reward: 38087.3079275 Total splits: 281 Good splits: 273 Marginal splits: 1
Reward: 38249.3465165 Total splits: 286 Good splits: 279 Marginal splits: 3
Reward: 38283.6733264 Total splits: 284 Good splits: 273 Marginal splits: 4
Reward: 36076.6975692 Total splits: 280 Good splits: 271 Marginal splits: 2
Reward: 39583.4554264 Total splits: 279 Good splits: 271 Marginal splits: 1
Reward: 35707.0000001 Total splits: 288 Good splits: 274 Marginal splits: 0
Reward: 39319.6413559 Total splits: 293 Good splits: 285 Marginal splits: 2
Reward: 36252.1496216 Total splits: 289 Good splits: 278 Marginal splits: 1
Reward: 37535.9381941 Total splits: 299 Good splits: 285 Marginal splits: 3
Reward: 34637.8126882 Total splits: 299 Good splits: 290 Marginal splits: 5
Reward: 38383.9043513 Total splits: 278 Good splits: 272 Marginal splits: 2
Reward: 38589.3547157 Total splits: 285 Good splits: 270 Marginal splits: 2
Reward: 37791.7753612 Total splits: 277 Good splits: 265 Marginal splits: 1
Reward: 36477.8011317 Total splits: 291 Good splits: 284 Marginal splits: 2
Reward: 35861.4727467 Total splits: 291 Good splits: 285 Marginal splits: 2
Reward: 36863.7523635 Total splits: 288 Good splits: 280 Marginal splits: 2
Reward: 37741.8522679 Total splits: 303 Good splits: 293 Marginal splits: 1

Total results after running 200 tests
Average total rewards : 37016.3714779
Average total splits  : 286.46
Average good splits   : 275.805
Average good splits % : 96.2804580046

Reward: 33925.7966893 Total splits: 271 Good splits: 255 Marginal splits: 2
Reward: 36705.3005724 Total splits: 286 Good splits: 271 Marginal splits: 6
Reward: 40036.77494 Total splits: 275 Good splits: 269 Marginal splits: 0
Reward: 34510.5354162 Total splits: 289 Good splits: 280 Marginal splits: 6
Reward: 37845.4202035 Total splits: 292 Good splits: 278 Marginal splits: 2
Reward: 36376.6687392 Total splits: 294 Good splits: 286 Marginal splits: 4
Reward: 38448.1521673 Total splits: 278 Good splits: 262 Marginal splits: 3
Reward: 38018.444752 Total splits: 287 Good splits: 276 Marginal splits: 2
Reward: 38117.4364599 Total splits: 265 Good splits: 251 Marginal splits: 4
Reward: 37602.8828001 Total splits: 284 Good splits: 271 Marginal splits: 5
Reward: 38430.8140039 Total splits: 297 Good splits: 291 Marginal splits: 2
Reward: 36691.2523018 Total splits: 280 Good splits: 270 Marginal splits: 3
Reward: 34978.7745305 Total splits: 275 Good splits: 268 Marginal splits: 5
Reward: 35864.4354067 Total splits: 288 Good splits: 267 Marginal splits: 2
Reward: 38613.9896582 Total splits: 288 Good splits: 279 Marginal splits: 0
Reward: 35300.4453651 Total splits: 302 Good splits: 295 Marginal splits: 9
Reward: 37662.4866667 Total splits: 286 Good splits: 274 Marginal splits: 0
Reward: 36744.9987605 Total splits: 281 Good splits: 274 Marginal splits: 7
Reward: 38764.0375939 Total splits: 275 Good splits: 265 Marginal splits: 0
Reward: 34563.8763459 Total splits: 283 Good splits: 272 Marginal splits: 1
Reward: 36154.7145552 Total splits: 285 Good splits: 270 Marginal splits: 2
Reward: 35161.667491 Total splits: 290 Good splits: 284 Marginal splits: 4
Reward: 35620.2954893 Total splits: 301 Good splits: 291 Marginal splits: 3
Reward: 34275.8608956 Total splits: 309 Good splits: 297 Marginal splits: 4
Reward: 37013.4730907 Total splits: 287 Good splits: 273 Marginal splits: 4
Reward: 36869.3665117 Total splits: 284 Good splits: 275 Marginal splits: 1
Reward: 38060.332853 Total splits: 297 Good splits: 290 Marginal splits: 3
Reward: 38717.7536241 Total splits: 284 Good splits: 268 Marginal splits: 0
Reward: 37179.8262397 Total splits: 281 Good splits: 266 Marginal splits: 4
Reward: 36722.5666202 Total splits: 272 Good splits: 265 Marginal splits: 2
Reward: 36591.8837531 Total splits: 289 Good splits: 279 Marginal splits: 2
Reward: 37714.7334862 Total splits: 277 Good splits: 268 Marginal splits: 5
Reward: 38619.3366958 Total splits: 295 Good splits: 287 Marginal splits: 2
Reward: 35891.3008133 Total splits: 296 Good splits: 280 Marginal splits: 3
Reward: 34372.2747651 Total splits: 286 Good splits: 276 Marginal splits: 4
Reward: 37056.8706482 Total splits: 302 Good splits: 293 Marginal splits: 1
Reward: 37276.0421557 Total splits: 284 Good splits: 275 Marginal splits: 2
Reward: 39697.4004148 Total splits: 287 Good splits: 273 Marginal splits: 1
Reward: 35873.7884473 Total splits: 275 Good splits: 267 Marginal splits: 0
Reward: 37545.3120682 Total splits: 292 Good splits: 282 Marginal splits: 3
Reward: 35790.1641884 Total splits: 302 Good splits: 297 Marginal splits: 3
Reward: 39211.1489099 Total splits: 288 Good splits: 281 Marginal splits: 6
Reward: 35909.1424622 Total splits: 272 Good splits: 264 Marginal splits: 5
Reward: 37843.9689942 Total splits: 275 Good splits: 270 Marginal splits: 5
Reward: 35454.3644462 Total splits: 302 Good splits: 291 Marginal splits: 5
Reward: 38466.424114 Total splits: 295 Good splits: 288 Marginal splits: 3
Reward: 34483.0373838 Total splits: 288 Good splits: 279 Marginal splits: 6
Reward: 38548.498035 Total splits: 285 Good splits: 271 Marginal splits: 5
Reward: 37648.5703141 Total splits: 286 Good splits: 278 Marginal splits: 5
Reward: 38051.5211759 Total splits: 281 Good splits: 271 Marginal splits: 4
Reward: 35277.4089212 Total splits: 285 Good splits: 280 Marginal splits: 3
Reward: 38631.03179 Total splits: 282 Good splits: 266 Marginal splits: 5
Reward: 36407.8845503 Total splits: 281 Good splits: 271 Marginal splits: 3
Reward: 37561.5686094 Total splits: 285 Good splits: 272 Marginal splits: 4
Reward: 36641.7812059 Total splits: 284 Good splits: 275 Marginal splits: 4
Reward: 36212.9072513 Total splits: 277 Good splits: 268 Marginal splits: 0
Reward: 36033.0425116 Total splits: 276 Good splits: 270 Marginal splits: 1
Reward: 36301.2039422 Total splits: 303 Good splits: 292 Marginal splits: 5
Reward: 38431.4172817 Total splits: 277 Good splits: 258 Marginal splits: 0
Reward: 34809.5783924 Total splits: 287 Good splits: 276 Marginal splits: 6
Reward: 36778.9612053 Total splits: 281 Good splits: 269 Marginal splits: 1
Reward: 35722.8190313 Total splits: 296 Good splits: 285 Marginal splits: 3
Reward: 36909.3369146 Total splits: 291 Good splits: 281 Marginal splits: 0
Reward: 34330.7104096 Total splits: 280 Good splits: 273 Marginal splits: 4
Reward: 38673.0890478 Total splits: 280 Good splits: 266 Marginal splits: 2
Reward: 37278.0045321 Total splits: 320 Good splits: 306 Marginal splits: 6
Reward: 38245.8385113 Total splits: 276 Good splits: 268 Marginal splits: 2
Reward: 37518.0722709 Total splits: 291 Good splits: 282 Marginal splits: 0
Reward: 38483.2932799 Total splits: 269 Good splits: 260 Marginal splits: 1
Reward: 36951.9524451 Total splits: 290 Good splits: 270 Marginal splits: 0
Reward: 39314.0332028 Total splits: 287 Good splits: 272 Marginal splits: 4
Reward: 34020.6596438 Total splits: 292 Good splits: 283 Marginal splits: 4
Reward: 37082.032011 Total splits: 277 Good splits: 275 Marginal splits: 5
Reward: 35608.3808647 Total splits: 277 Good splits: 270 Marginal splits: 0
Reward: 38314.2071379 Total splits: 282 Good splits: 273 Marginal splits: 6
Reward: 36448.0938327 Total splits: 276 Good splits: 272 Marginal splits: 5
Reward: 37701.8198173 Total splits: 283 Good splits: 270 Marginal splits: 2
Reward: 36641.9806083 Total splits: 268 Good splits: 263 Marginal splits: 4
Reward: 38732.3330067 Total splits: 288 Good splits: 276 Marginal splits: 0
Reward: 36634.943865 Total splits: 271 Good splits: 260 Marginal splits: 2
Reward: 35648.4401409 Total splits: 298 Good splits: 293 Marginal splits: 9
Reward: 36873.0706528 Total splits: 270 Good splits: 262 Marginal splits: 0
Reward: 38200.6034305 Total splits: 276 Good splits: 268 Marginal splits: 3
Reward: 35635.3551831 Total splits: 274 Good splits: 263 Marginal splits: 2
Reward: 38625.6524407 Total splits: 272 Good splits: 261 Marginal splits: 2
Reward: 37621.5949694 Total splits: 302 Good splits: 289 Marginal splits: 5
Reward: 36223.0326345 Total splits: 279 Good splits: 257 Marginal splits: 5
Reward: 38749.8053657 Total splits: 298 Good splits: 286 Marginal splits: 1
Reward: 37910.3860315 Total splits: 275 Good splits: 268 Marginal splits: 3
Reward: 35700.9516954 Total splits: 280 Good splits: 270 Marginal splits: 1
Reward: 38798.1179653 Total splits: 287 Good splits: 275 Marginal splits: 2
Reward: 35656.9218697 Total splits: 288 Good splits: 272 Marginal splits: 2
Reward: 37947.889156 Total splits: 278 Good splits: 269 Marginal splits: 5
Reward: 33839.6345553 Total splits: 291 Good splits: 277 Marginal splits: 3
Reward: 37547.7111287 Total splits: 277 Good splits: 265 Marginal splits: 4
Reward: 35934.8468972 Total splits: 268 Good splits: 259 Marginal splits: 3
Reward: 37995.7486109 Total splits: 301 Good splits: 290 Marginal splits: 1
Reward: 37992.4148938 Total splits: 270 Good splits: 261 Marginal splits: 7
Reward: 35852.4892985 Total splits: 278 Good splits: 271 Marginal splits: 5
Reward: 34510.1661183 Total splits: 306 Good splits: 297 Marginal splits: 6
Reward: 36520.4909031 Total splits: 292 Good splits: 273 Marginal splits: 2
Reward: 37565.7191367 Total splits: 275 Good splits: 262 Marginal splits: 2
Reward: 37082.100524 Total splits: 280 Good splits: 268 Marginal splits: 4
Reward: 36615.0243275 Total splits: 296 Good splits: 283 Marginal splits: 4
Reward: 38025.7743025 Total splits: 289 Good splits: 275 Marginal splits: 4
Reward: 39111.7383919 Total splits: 284 Good splits: 271 Marginal splits: 2
Reward: 36368.8501997 Total splits: 293 Good splits: 276 Marginal splits: 9
Reward: 39154.5801917 Total splits: 285 Good splits: 277 Marginal splits: 0
Reward: 36530.9282109 Total splits: 298 Good splits: 293 Marginal splits: 6
Reward: 38435.2140033 Total splits: 265 Good splits: 257 Marginal splits: 4
Reward: 36144.9550381 Total splits: 305 Good splits: 299 Marginal splits: 4
Reward: 36426.219244 Total splits: 280 Good splits: 271 Marginal splits: 4
Reward: 36775.6644784 Total splits: 284 Good splits: 269 Marginal splits: 2
Reward: 39715.9663693 Total splits: 284 Good splits: 275 Marginal splits: 3
Reward: 35722.7417491 Total splits: 302 Good splits: 294 Marginal splits: 0
Reward: 37723.540995 Total splits: 305 Good splits: 292 Marginal splits: 1
Reward: 37456.4339476 Total splits: 288 Good splits: 281 Marginal splits: 2
Reward: 38824.8094374 Total splits: 306 Good splits: 295 Marginal splits: 8
Reward: 35664.8643876 Total splits: 283 Good splits: 270 Marginal splits: 0
Reward: 36430.8399314 Total splits: 287 Good splits: 278 Marginal splits: 3
Reward: 36500.8074709 Total splits: 276 Good splits: 267 Marginal splits: 3
Reward: 37267.4285617 Total splits: 285 Good splits: 276 Marginal splits: 1
Reward: 36250.8291181 Total splits: 282 Good splits: 273 Marginal splits: 2
Reward: 37897.2837719 Total splits: 293 Good splits: 283 Marginal splits: 6
Reward: 36436.9091482 Total splits: 294 Good splits: 279 Marginal splits: 1
Reward: 36718.5884332 Total splits: 267 Good splits: 254 Marginal splits: 1
Reward: 37284.0419797 Total splits: 305 Good splits: 298 Marginal splits: 4
Reward: 37228.5405217 Total splits: 295 Good splits: 278 Marginal splits: 6
Reward: 36223.1187655 Total splits: 281 Good splits: 273 Marginal splits: 3
Reward: 36922.7449673 Total splits: 277 Good splits: 270 Marginal splits: 3
Reward: 35534.5960109 Total splits: 301 Good splits: 287 Marginal splits: 4
Reward: 36925.0466223 Total splits: 304 Good splits: 294 Marginal splits: 8
Reward: 36287.1633614 Total splits: 275 Good splits: 268 Marginal splits: 2
Reward: 37797.3324425 Total splits: 280 Good splits: 269 Marginal splits: 6
Reward: 36895.7680606 Total splits: 279 Good splits: 268 Marginal splits: 4
Reward: 37498.4562734 Total splits: 281 Good splits: 265 Marginal splits: 1
Reward: 37102.6492705 Total splits: 314 Good splits: 306 Marginal splits: 6
Reward: 37103.5139186 Total splits: 279 Good splits: 268 Marginal splits: 3
Reward: 38578.6208125 Total splits: 288 Good splits: 277 Marginal splits: 5
Reward: 35265.3762947 Total splits: 305 Good splits: 292 Marginal splits: 4
Reward: 38426.7249368 Total splits: 279 Good splits: 269 Marginal splits: 3
Reward: 36755.9598902 Total splits: 288 Good splits: 282 Marginal splits: 1
Reward: 40093.4070968 Total splits: 296 Good splits: 286 Marginal splits: 3
Reward: 35962.865777 Total splits: 303 Good splits: 295 Marginal splits: 7
Reward: 38735.5456535 Total splits: 287 Good splits: 279 Marginal splits: 3
Reward: 37766.2058803 Total splits: 286 Good splits: 283 Marginal splits: 13
Reward: 38954.7177814 Total splits: 274 Good splits: 264 Marginal splits: 4
Reward: 36298.0836105 Total splits: 291 Good splits: 281 Marginal splits: 3
Reward: 38308.9743486 Total splits: 283 Good splits: 270 Marginal splits: 0
Reward: 35137.4864743 Total splits: 296 Good splits: 281 Marginal splits: 5
Reward: 36921.0266266 Total splits: 259 Good splits: 247 Marginal splits: 0
Reward: 35774.1095422 Total splits: 288 Good splits: 266 Marginal splits: 2
Reward: 38060.5962959 Total splits: 298 Good splits: 285 Marginal splits: 5
Reward: 34304.0604169 Total splits: 291 Good splits: 282 Marginal splits: 8
Reward: 37889.2407766 Total splits: 295 Good splits: 281 Marginal splits: 3
Reward: 38167.4059741 Total splits: 290 Good splits: 280 Marginal splits: 9
Reward: 35619.3186278 Total splits: 295 Good splits: 281 Marginal splits: 1
Reward: 37686.8181381 Total splits: 297 Good splits: 287 Marginal splits: 1
Reward: 37139.125372 Total splits: 271 Good splits: 258 Marginal splits: 4
Reward: 37214.8002607 Total splits: 284 Good splits: 272 Marginal splits: 1
Reward: 37389.7129682 Total splits: 285 Good splits: 280 Marginal splits: 2
Reward: 36789.5543522 Total splits: 293 Good splits: 284 Marginal splits: 0
Reward: 38579.3868556 Total splits: 297 Good splits: 291 Marginal splits: 4
Reward: 36170.3439994 Total splits: 270 Good splits: 260 Marginal splits: 1
Reward: 37332.1683549 Total splits: 287 Good splits: 277 Marginal splits: 0
Reward: 38309.3923849 Total splits: 299 Good splits: 288 Marginal splits: 7
Reward: 34072.0315375 Total splits: 283 Good splits: 273 Marginal splits: 1
Reward: 37344.8571676 Total splits: 286 Good splits: 273 Marginal splits: 4
Reward: 35358.359708 Total splits: 302 Good splits: 297 Marginal splits: 7
Reward: 37217.4852187 Total splits: 280 Good splits: 267 Marginal splits: 2
Reward: 37270.9263339 Total splits: 296 Good splits: 285 Marginal splits: 2
Reward: 33905.5587407 Total splits: 286 Good splits: 279 Marginal splits: 3
Reward: 37660.0191495 Total splits: 305 Good splits: 294 Marginal splits: 6
Reward: 36791.0000283 Total splits: 279 Good splits: 268 Marginal splits: 1
Reward: 37138.5041811 Total splits: 290 Good splits: 286 Marginal splits: 2
Reward: 37974.0013072 Total splits: 291 Good splits: 284 Marginal splits: 4
Reward: 36098.0636919 Total splits: 299 Good splits: 282 Marginal splits: 2
Reward: 41271.7031899 Total splits: 280 Good splits: 273 Marginal splits: 2
Reward: 36200.9407402 Total splits: 290 Good splits: 279 Marginal splits: 0
Reward: 39628.1305983 Total splits: 282 Good splits: 270 Marginal splits: 1
Reward: 35396.7496747 Total splits: 289 Good splits: 277 Marginal splits: 4
Reward: 37514.2386419 Total splits: 297 Good splits: 287 Marginal splits: 1
Reward: 36629.6268969 Total splits: 290 Good splits: 283 Marginal splits: 3
Reward: 38180.1866798 Total splits: 283 Good splits: 276 Marginal splits: 3
Reward: 38300.7875352 Total splits: 302 Good splits: 290 Marginal splits: 3
Reward: 39215.2658153 Total splits: 270 Good splits: 258 Marginal splits: 0
Reward: 33501.469746 Total splits: 287 Good splits: 272 Marginal splits: 7
Reward: 39039.2510659 Total splits: 281 Good splits: 273 Marginal splits: 4
Reward: 36450.4490676 Total splits: 278 Good splits: 265 Marginal splits: 0
Reward: 39676.5548226 Total splits: 281 Good splits: 264 Marginal splits: 3
Reward: 34762.0964265 Total splits: 295 Good splits: 279 Marginal splits: 1
Reward: 38368.0810581 Total splits: 277 Good splits: 263 Marginal splits: 3
Reward: 37806.3884005 Total splits: 282 Good splits: 264 Marginal splits: 3
Reward: 37003.7995985 Total splits: 275 Good splits: 263 Marginal splits: 4
Reward: 38915.2643138 Total splits: 285 Good splits: 273 Marginal splits: 1
Reward: 37822.8445767 Total splits: 269 Good splits: 261 Marginal splits: 1
Reward: 36346.5078132 Total splits: 291 Good splits: 282 Marginal splits: 2
Reward: 36804.5060355 Total splits: 309 Good splits: 300 Marginal splits: 8
Reward: 35834.4651466 Total splits: 285 Good splits: 280 Marginal splits: 3
Reward: 36853.4084929 Total splits: 297 Good splits: 282 Marginal splits: 2

Total results after running 200 tests
Average total rewards : 37040.7160526
Average total splits  : 286.495
Average good splits   : 275.865
Average good splits % : 96.2896385626

