Reward: 35297.182198 Total splits: 286 Good splits: 275 Marginal splits: 8
Reward: 36129.150805 Total splits: 277 Good splits: 267 Marginal splits: 11
Reward: 39162.8212191 Total splits: 263 Good splits: 250 Marginal splits: 8
Reward: 36304.0902571 Total splits: 254 Good splits: 248 Marginal splits: 8
Reward: 36361.9567521 Total splits: 276 Good splits: 268 Marginal splits: 9
Reward: 35209.5869684 Total splits: 268 Good splits: 262 Marginal splits: 8
Reward: 37394.4815285 Total splits: 271 Good splits: 257 Marginal splits: 7
Reward: 35585.0036493 Total splits: 249 Good splits: 237 Marginal splits: 10
Reward: 37668.0324936 Total splits: 280 Good splits: 265 Marginal splits: 9
Reward: 35363.5597793 Total splits: 257 Good splits: 243 Marginal splits: 11
Reward: 36973.0576507 Total splits: 266 Good splits: 252 Marginal splits: 11
Reward: 35363.8835732 Total splits: 278 Good splits: 266 Marginal splits: 11
Reward: 34927.0776532 Total splits: 271 Good splits: 260 Marginal splits: 4
Reward: 35555.1551594 Total splits: 269 Good splits: 257 Marginal splits: 18
Reward: 37248.7968381 Total splits: 266 Good splits: 257 Marginal splits: 16
Reward: 34245.8185645 Total splits: 249 Good splits: 235 Marginal splits: 10
Reward: 33526.9458171 Total splits: 262 Good splits: 244 Marginal splits: 8
Reward: 36389.3229728 Total splits: 262 Good splits: 250 Marginal splits: 14
Reward: 36881.57164 Total splits: 255 Good splits: 238 Marginal splits: 12
Reward: 36671.6260677 Total splits: 285 Good splits: 278 Marginal splits: 12
Reward: 37212.4867486 Total splits: 253 Good splits: 246 Marginal splits: 10
Reward: 36167.0065338 Total splits: 260 Good splits: 248 Marginal splits: 8
Reward: 37496.8027861 Total splits: 258 Good splits: 243 Marginal splits: 10
Reward: 35547.4685688 Total splits: 263 Good splits: 258 Marginal splits: 10
Reward: 35822.060627 Total splits: 253 Good splits: 238 Marginal splits: 13
Reward: 34862.1312372 Total splits: 261 Good splits: 247 Marginal splits: 15
Reward: 38632.0724237 Total splits: 262 Good splits: 248 Marginal splits: 10
Reward: 37687.203 Total splits: 261 Good splits: 251 Marginal splits: 12
Reward: 37516.12469 Total splits: 280 Good splits: 267 Marginal splits: 14
Reward: 37498.9261652 Total splits: 262 Good splits: 251 Marginal splits: 6
Reward: 35627.9312879 Total splits: 248 Good splits: 238 Marginal splits: 14
Reward: 37988.5649109 Total splits: 257 Good splits: 250 Marginal splits: 12
Reward: 36744.0736305 Total splits: 257 Good splits: 251 Marginal splits: 16
Reward: 37577.3791862 Total splits: 280 Good splits: 265 Marginal splits: 13
Reward: 36177.5277413 Total splits: 272 Good splits: 264 Marginal splits: 7
Reward: 37546.4786753 Total splits: 260 Good splits: 252 Marginal splits: 11
Reward: 37669.4402241 Total splits: 252 Good splits: 236 Marginal splits: 10
Reward: 36746.5039949 Total splits: 258 Good splits: 249 Marginal splits: 13
Reward: 36619.2284745 Total splits: 263 Good splits: 255 Marginal splits: 12
Reward: 38447.240356 Total splits: 248 Good splits: 236 Marginal splits: 10
Reward: 35361.7564279 Total splits: 274 Good splits: 266 Marginal splits: 10
Reward: 39150.1512071 Total splits: 267 Good splits: 257 Marginal splits: 10
Reward: 35462.1276111 Total splits: 242 Good splits: 232 Marginal splits: 12
Reward: 36560.4323499 Total splits: 260 Good splits: 253 Marginal splits: 10
Reward: 35232.2495444 Total splits: 248 Good splits: 239 Marginal splits: 7
Reward: 38192.2837827 Total splits: 268 Good splits: 258 Marginal splits: 14
Reward: 37098.6352679 Total splits: 256 Good splits: 245 Marginal splits: 11
Reward: 38701.3314775 Total splits: 264 Good splits: 252 Marginal splits: 8
Reward: 37240.4500296 Total splits: 254 Good splits: 242 Marginal splits: 12
Reward: 38083.2826335 Total splits: 271 Good splits: 261 Marginal splits: 6
Reward: 36377.5459751 Total splits: 259 Good splits: 248 Marginal splits: 12
Reward: 38003.9012299 Total splits: 253 Good splits: 239 Marginal splits: 8
Reward: 35732.2598128 Total splits: 238 Good splits: 229 Marginal splits: 5
Reward: 38225.2816519 Total splits: 259 Good splits: 245 Marginal splits: 12
Reward: 36276.5736542 Total splits: 255 Good splits: 242 Marginal splits: 4
Reward: 38163.0227541 Total splits: 257 Good splits: 248 Marginal splits: 6
Reward: 36942.1110843 Total splits: 255 Good splits: 246 Marginal splits: 13
Reward: 35688.5187133 Total splits: 266 Good splits: 255 Marginal splits: 7
Reward: 38299.0990865 Total splits: 263 Good splits: 255 Marginal splits: 5
Reward: 36691.3530724 Total splits: 269 Good splits: 259 Marginal splits: 9
Reward: 38193.7973729 Total splits: 265 Good splits: 248 Marginal splits: 7
Reward: 36067.2107991 Total splits: 259 Good splits: 237 Marginal splits: 14
Reward: 34696.7470382 Total splits: 284 Good splits: 277 Marginal splits: 9
Reward: 37228.7721568 Total splits: 278 Good splits: 263 Marginal splits: 7
Reward: 37694.9690646 Total splits: 262 Good splits: 252 Marginal splits: 14
Reward: 37649.8128689 Total splits: 272 Good splits: 264 Marginal splits: 10
Reward: 36879.1114513 Total splits: 269 Good splits: 254 Marginal splits: 10
Reward: 38539.4913172 Total splits: 261 Good splits: 249 Marginal splits: 15
Reward: 38448.0091375 Total splits: 262 Good splits: 256 Marginal splits: 7
Reward: 35738.1232098 Total splits: 252 Good splits: 239 Marginal splits: 10
Reward: 38203.5049828 Total splits: 278 Good splits: 267 Marginal splits: 17
Reward: 34439.9295652 Total splits: 257 Good splits: 244 Marginal splits: 13
Reward: 37852.9459676 Total splits: 257 Good splits: 251 Marginal splits: 6
Reward: 35992.6766076 Total splits: 249 Good splits: 237 Marginal splits: 7
Reward: 36073.724205 Total splits: 283 Good splits: 275 Marginal splits: 13
Reward: 36310.282414 Total splits: 284 Good splits: 275 Marginal splits: 9
Reward: 38591.7388421 Total splits: 247 Good splits: 237 Marginal splits: 9
Reward: 31648.8588453 Total splits: 272 Good splits: 262 Marginal splits: 10
Reward: 37370.1812665 Total splits: 260 Good splits: 247 Marginal splits: 5
Reward: 36977.3594603 Total splits: 279 Good splits: 263 Marginal splits: 10
Reward: 38793.3162515 Total splits: 271 Good splits: 257 Marginal splits: 11
Reward: 33603.7342942 Total splits: 268 Good splits: 261 Marginal splits: 12
Reward: 38302.9628833 Total splits: 254 Good splits: 243 Marginal splits: 5
Reward: 35862.9102381 Total splits: 256 Good splits: 243 Marginal splits: 6
Reward: 35716.8001391 Total splits: 267 Good splits: 257 Marginal splits: 12
Reward: 32272.727071 Total splits: 255 Good splits: 242 Marginal splits: 9
Reward: 38363.0192166 Total splits: 275 Good splits: 269 Marginal splits: 7
Reward: 38952.2118411 Total splits: 237 Good splits: 225 Marginal splits: 5
Reward: 37016.5176993 Total splits: 267 Good splits: 258 Marginal splits: 10
Reward: 35454.2759537 Total splits: 241 Good splits: 231 Marginal splits: 9
Reward: 36855.8195729 Total splits: 266 Good splits: 249 Marginal splits: 9
Reward: 35320.129094 Total splits: 233 Good splits: 219 Marginal splits: 5
Reward: 35309.6550478 Total splits: 296 Good splits: 279 Marginal splits: 22
Reward: 35013.2087139 Total splits: 260 Good splits: 254 Marginal splits: 12
Reward: 38600.0015272 Total splits: 266 Good splits: 254 Marginal splits: 5
Reward: 37468.6016334 Total splits: 247 Good splits: 234 Marginal splits: 6
Reward: 37258.2710588 Total splits: 271 Good splits: 264 Marginal splits: 15
Reward: 35928.7347244 Total splits: 279 Good splits: 270 Marginal splits: 11
Reward: 36703.5179187 Total splits: 270 Good splits: 260 Marginal splits: 15
Reward: 36639.1373627 Total splits: 251 Good splits: 240 Marginal splits: 6
Reward: 35287.1136169 Total splits: 241 Good splits: 225 Marginal splits: 6
Reward: 37728.4437147 Total splits: 273 Good splits: 266 Marginal splits: 6
Reward: 36753.9179766 Total splits: 266 Good splits: 250 Marginal splits: 12
Reward: 36840.072471 Total splits: 263 Good splits: 252 Marginal splits: 10
Reward: 38354.8979058 Total splits: 264 Good splits: 252 Marginal splits: 7
Reward: 38370.1988615 Total splits: 264 Good splits: 251 Marginal splits: 11
Reward: 36340.8700498 Total splits: 262 Good splits: 252 Marginal splits: 12
Reward: 37060.6630511 Total splits: 258 Good splits: 250 Marginal splits: 10
Reward: 35212.9874286 Total splits: 252 Good splits: 242 Marginal splits: 10
Reward: 40772.1259247 Total splits: 268 Good splits: 256 Marginal splits: 11
Reward: 35019.9707118 Total splits: 261 Good splits: 252 Marginal splits: 19
Reward: 38398.9820972 Total splits: 270 Good splits: 256 Marginal splits: 9
Reward: 34267.6840573 Total splits: 254 Good splits: 249 Marginal splits: 10
Reward: 35251.2361564 Total splits: 262 Good splits: 252 Marginal splits: 7
Reward: 34578.0354526 Total splits: 274 Good splits: 256 Marginal splits: 5
Reward: 36306.2555347 Total splits: 260 Good splits: 245 Marginal splits: 9
Reward: 37141.0774933 Total splits: 270 Good splits: 257 Marginal splits: 10
Reward: 35863.2558621 Total splits: 265 Good splits: 252 Marginal splits: 10
Reward: 33376.4982883 Total splits: 273 Good splits: 264 Marginal splits: 15
Reward: 34881.3191564 Total splits: 268 Good splits: 258 Marginal splits: 6
Reward: 35339.1482816 Total splits: 253 Good splits: 241 Marginal splits: 6
Reward: 35939.1131671 Total splits: 256 Good splits: 247 Marginal splits: 7
Reward: 36089.9497552 Total splits: 268 Good splits: 259 Marginal splits: 7
Reward: 38197.8409154 Total splits: 248 Good splits: 237 Marginal splits: 2
Reward: 36730.2364446 Total splits: 269 Good splits: 262 Marginal splits: 10
Reward: 38144.0315139 Total splits: 271 Good splits: 265 Marginal splits: 9
Reward: 37030.9547684 Total splits: 273 Good splits: 262 Marginal splits: 10
Reward: 38384.2360443 Total splits: 278 Good splits: 270 Marginal splits: 10
Reward: 34782.1914174 Total splits: 271 Good splits: 263 Marginal splits: 10
Reward: 35358.5810832 Total splits: 252 Good splits: 239 Marginal splits: 7
Reward: 37010.959623 Total splits: 266 Good splits: 253 Marginal splits: 3
Reward: 37472.41482 Total splits: 251 Good splits: 241 Marginal splits: 6
Reward: 36780.9228529 Total splits: 276 Good splits: 262 Marginal splits: 6
Reward: 37106.2516901 Total splits: 248 Good splits: 238 Marginal splits: 6
Reward: 38024.9064673 Total splits: 268 Good splits: 259 Marginal splits: 7
Reward: 36941.1490692 Total splits: 242 Good splits: 230 Marginal splits: 6
Reward: 37911.2074876 Total splits: 267 Good splits: 249 Marginal splits: 11
Reward: 38285.7768331 Total splits: 254 Good splits: 249 Marginal splits: 7
Reward: 37882.0478752 Total splits: 269 Good splits: 263 Marginal splits: 7
Reward: 36692.2776434 Total splits: 251 Good splits: 242 Marginal splits: 5
Reward: 39552.0086845 Total splits: 255 Good splits: 248 Marginal splits: 6
Reward: 36839.1617029 Total splits: 256 Good splits: 248 Marginal splits: 8
Reward: 40433.7059919 Total splits: 256 Good splits: 240 Marginal splits: 7
Reward: 36260.4416394 Total splits: 267 Good splits: 253 Marginal splits: 10
Reward: 39067.5552495 Total splits: 271 Good splits: 262 Marginal splits: 8
Reward: 36116.3867714 Total splits: 251 Good splits: 238 Marginal splits: 13
Reward: 37936.6951136 Total splits: 257 Good splits: 246 Marginal splits: 14
Reward: 36123.5941408 Total splits: 236 Good splits: 223 Marginal splits: 9
Reward: 34425.6508483 Total splits: 287 Good splits: 273 Marginal splits: 13
Reward: 35700.9589554 Total splits: 256 Good splits: 248 Marginal splits: 8
Reward: 35667.1727702 Total splits: 272 Good splits: 265 Marginal splits: 8
Reward: 34279.8579646 Total splits: 241 Good splits: 229 Marginal splits: 2
Reward: 39329.6249004 Total splits: 275 Good splits: 265 Marginal splits: 8
Reward: 36083.7950357 Total splits: 250 Good splits: 238 Marginal splits: 4
Reward: 39338.2326967 Total splits: 276 Good splits: 264 Marginal splits: 3
Reward: 38984.6214825 Total splits: 245 Good splits: 237 Marginal splits: 8
Reward: 38240.1901134 Total splits: 246 Good splits: 238 Marginal splits: 2
Reward: 37371.6523542 Total splits: 271 Good splits: 257 Marginal splits: 10
Reward: 35335.2969859 Total splits: 267 Good splits: 257 Marginal splits: 4
Reward: 36827.2631906 Total splits: 276 Good splits: 268 Marginal splits: 7
Reward: 38051.0863111 Total splits: 272 Good splits: 259 Marginal splits: 6
Reward: 33583.239821 Total splits: 290 Good splits: 279 Marginal splits: 12
Reward: 38319.5466244 Total splits: 246 Good splits: 235 Marginal splits: 12
Reward: 37441.7180188 Total splits: 275 Good splits: 266 Marginal splits: 16
Reward: 36312.0666297 Total splits: 277 Good splits: 262 Marginal splits: 14
Reward: 37641.8278812 Total splits: 252 Good splits: 243 Marginal splits: 13
Reward: 36004.8295759 Total splits: 253 Good splits: 242 Marginal splits: 13
Reward: 38464.5801205 Total splits: 272 Good splits: 262 Marginal splits: 14
Reward: 35462.8946902 Total splits: 242 Good splits: 235 Marginal splits: 4
Reward: 35817.099292 Total splits: 249 Good splits: 237 Marginal splits: 9
Reward: 36110.3248665 Total splits: 274 Good splits: 260 Marginal splits: 9
Reward: 35718.6271141 Total splits: 246 Good splits: 236 Marginal splits: 7
Reward: 36931.2235676 Total splits: 274 Good splits: 262 Marginal splits: 11
Reward: 34747.1224851 Total splits: 262 Good splits: 258 Marginal splits: 6
Reward: 38999.5711431 Total splits: 280 Good splits: 275 Marginal splits: 4
Reward: 38100.7860287 Total splits: 256 Good splits: 249 Marginal splits: 6
Reward: 34389.9515992 Total splits: 256 Good splits: 250 Marginal splits: 12
Reward: 37614.3345509 Total splits: 269 Good splits: 259 Marginal splits: 7
Reward: 34691.5158134 Total splits: 248 Good splits: 234 Marginal splits: 12
Reward: 35651.893224 Total splits: 274 Good splits: 267 Marginal splits: 9
Reward: 36647.8786075 Total splits: 269 Good splits: 253 Marginal splits: 17
Reward: 37884.8982414 Total splits: 275 Good splits: 262 Marginal splits: 10
Reward: 35849.8102077 Total splits: 267 Good splits: 254 Marginal splits: 16
Reward: 36569.1937783 Total splits: 266 Good splits: 256 Marginal splits: 7
Reward: 36888.7270421 Total splits: 252 Good splits: 237 Marginal splits: 7
Reward: 36313.421288 Total splits: 249 Good splits: 242 Marginal splits: 6
Reward: 36890.6144004 Total splits: 249 Good splits: 238 Marginal splits: 5
Reward: 36481.5173898 Total splits: 274 Good splits: 265 Marginal splits: 7
Reward: 33180.2910713 Total splits: 257 Good splits: 247 Marginal splits: 10
Reward: 39618.8934939 Total splits: 261 Good splits: 255 Marginal splits: 5
Reward: 36056.4161468 Total splits: 249 Good splits: 242 Marginal splits: 9
Reward: 35539.7184281 Total splits: 279 Good splits: 267 Marginal splits: 5
Reward: 33628.0848114 Total splits: 255 Good splits: 246 Marginal splits: 15
Reward: 38977.1708073 Total splits: 260 Good splits: 254 Marginal splits: 11
Reward: 37577.9893811 Total splits: 271 Good splits: 260 Marginal splits: 5
Reward: 36666.8430604 Total splits: 266 Good splits: 258 Marginal splits: 16
Reward: 35950.2853442 Total splits: 270 Good splits: 253 Marginal splits: 11
Reward: 38990.2912199 Total splits: 256 Good splits: 249 Marginal splits: 1
Reward: 37197.085165 Total splits: 236 Good splits: 225 Marginal splits: 6
Reward: 37267.4567191 Total splits: 266 Good splits: 259 Marginal splits: 8

Total results after running 200 tests
Average total rewards : 36717.0771757
Average total splits  : 262.47
Average good splits   : 251.68
Average good splits % : 95.8890539871

Reward: 37242.0638362 Total splits: 273 Good splits: 265 Marginal splits: 15
Reward: 34890.8956863 Total splits: 265 Good splits: 255 Marginal splits: 5
Reward: 38344.8118097 Total splits: 256 Good splits: 246 Marginal splits: 18
Reward: 35543.925525 Total splits: 262 Good splits: 252 Marginal splits: 12
Reward: 35841.3655643 Total splits: 270 Good splits: 262 Marginal splits: 5
Reward: 33973.1484494 Total splits: 262 Good splits: 252 Marginal splits: 12
Reward: 36577.1354696 Total splits: 261 Good splits: 251 Marginal splits: 15
Reward: 36719.4782264 Total splits: 269 Good splits: 259 Marginal splits: 11
Reward: 40577.4594497 Total splits: 269 Good splits: 253 Marginal splits: 16
Reward: 36734.8300537 Total splits: 258 Good splits: 242 Marginal splits: 5
Reward: 38661.2640201 Total splits: 248 Good splits: 240 Marginal splits: 8
Reward: 35869.2066269 Total splits: 265 Good splits: 259 Marginal splits: 11
Reward: 38710.2590118 Total splits: 270 Good splits: 251 Marginal splits: 2
Reward: 35262.8996093 Total splits: 251 Good splits: 240 Marginal splits: 3
Reward: 38774.5289948 Total splits: 265 Good splits: 254 Marginal splits: 7
Reward: 33635.1424229 Total splits: 264 Good splits: 256 Marginal splits: 9
Reward: 37326.4193767 Total splits: 265 Good splits: 249 Marginal splits: 5
Reward: 35542.825515 Total splits: 268 Good splits: 259 Marginal splits: 10
Reward: 36767.6674492 Total splits: 254 Good splits: 239 Marginal splits: 6
Reward: 37272.3923799 Total splits: 250 Good splits: 242 Marginal splits: 9
Reward: 36425.6743481 Total splits: 261 Good splits: 249 Marginal splits: 8
Reward: 34995.9866768 Total splits: 264 Good splits: 254 Marginal splits: 13
Reward: 37053.6009645 Total splits: 262 Good splits: 247 Marginal splits: 10
Reward: 35132.3987708 Total splits: 259 Good splits: 249 Marginal splits: 11
Reward: 35702.4145579 Total splits: 271 Good splits: 261 Marginal splits: 10
Reward: 35600.0574115 Total splits: 269 Good splits: 257 Marginal splits: 11
Reward: 36780.2516403 Total splits: 276 Good splits: 264 Marginal splits: 11
Reward: 37327.6594805 Total splits: 260 Good splits: 247 Marginal splits: 6
Reward: 36426.8658606 Total splits: 260 Good splits: 245 Marginal splits: 14
Reward: 38801.9366746 Total splits: 242 Good splits: 237 Marginal splits: 8
Reward: 36400.2430599 Total splits: 259 Good splits: 249 Marginal splits: 9
Reward: 38180.3561169 Total splits: 263 Good splits: 257 Marginal splits: 11
Reward: 38153.7809416 Total splits: 261 Good splits: 247 Marginal splits: 7
Reward: 37385.7447858 Total splits: 246 Good splits: 238 Marginal splits: 11
Reward: 35193.2621448 Total splits: 269 Good splits: 256 Marginal splits: 8
Reward: 36432.3756832 Total splits: 265 Good splits: 259 Marginal splits: 15
Reward: 37308.4756997 Total splits: 264 Good splits: 250 Marginal splits: 9
Reward: 36592.2297131 Total splits: 248 Good splits: 236 Marginal splits: 5
Reward: 36878.8161902 Total splits: 263 Good splits: 249 Marginal splits: 3
Reward: 33129.1240647 Total splits: 257 Good splits: 249 Marginal splits: 11
Reward: 35022.5737824 Total splits: 275 Good splits: 266 Marginal splits: 9
Reward: 38670.5279938 Total splits: 242 Good splits: 231 Marginal splits: 9
Reward: 36046.6286518 Total splits: 270 Good splits: 260 Marginal splits: 10
Reward: 36948.8748276 Total splits: 259 Good splits: 248 Marginal splits: 5
Reward: 34976.1838141 Total splits: 247 Good splits: 239 Marginal splits: 5
Reward: 37667.0487398 Total splits: 266 Good splits: 254 Marginal splits: 10
Reward: 34544.952413 Total splits: 274 Good splits: 260 Marginal splits: 11
Reward: 36933.7651522 Total splits: 248 Good splits: 238 Marginal splits: 5
Reward: 35843.2571416 Total splits: 263 Good splits: 258 Marginal splits: 8
Reward: 36649.335551 Total splits: 280 Good splits: 269 Marginal splits: 14
Reward: 35644.4348325 Total splits: 271 Good splits: 262 Marginal splits: 8
Reward: 37188.9731591 Total splits: 287 Good splits: 273 Marginal splits: 8
Reward: 34321.3950119 Total splits: 291 Good splits: 277 Marginal splits: 11
Reward: 38270.9249186 Total splits: 264 Good splits: 251 Marginal splits: 13
Reward: 36084.0668014 Total splits: 263 Good splits: 252 Marginal splits: 8
Reward: 36084.7748033 Total splits: 249 Good splits: 240 Marginal splits: 12
Reward: 33997.1138582 Total splits: 275 Good splits: 267 Marginal splits: 11
Reward: 37315.1321257 Total splits: 255 Good splits: 242 Marginal splits: 12
Reward: 37641.5381966 Total splits: 262 Good splits: 254 Marginal splits: 12
Reward: 35889.7727661 Total splits: 250 Good splits: 235 Marginal splits: 8
Reward: 34565.6154464 Total splits: 282 Good splits: 267 Marginal splits: 7
Reward: 35350.1468393 Total splits: 251 Good splits: 245 Marginal splits: 14
Reward: 34506.1514485 Total splits: 272 Good splits: 261 Marginal splits: 11
Reward: 34353.0980338 Total splits: 277 Good splits: 270 Marginal splits: 15
Reward: 37482.5943855 Total splits: 252 Good splits: 244 Marginal splits: 5
Reward: 34969.3098697 Total splits: 246 Good splits: 238 Marginal splits: 13
Reward: 37381.2794573 Total splits: 249 Good splits: 238 Marginal splits: 9
Reward: 37229.1101093 Total splits: 246 Good splits: 238 Marginal splits: 7
Reward: 38191.6301925 Total splits: 259 Good splits: 248 Marginal splits: 7
Reward: 36141.8681976 Total splits: 260 Good splits: 252 Marginal splits: 10
Reward: 38694.7346754 Total splits: 276 Good splits: 269 Marginal splits: 15
Reward: 35066.5579799 Total splits: 268 Good splits: 259 Marginal splits: 5
Reward: 37300.6696704 Total splits: 266 Good splits: 258 Marginal splits: 12
Reward: 35475.8018483 Total splits: 243 Good splits: 233 Marginal splits: 12
Reward: 37711.256678 Total splits: 261 Good splits: 249 Marginal splits: 9
Reward: 36205.2319964 Total splits: 259 Good splits: 241 Marginal splits: 15
Reward: 36145.6811682 Total splits: 274 Good splits: 260 Marginal splits: 9
Reward: 36703.0382926 Total splits: 291 Good splits: 280 Marginal splits: 15
Reward: 40275.2345249 Total splits: 276 Good splits: 267 Marginal splits: 6
Reward: 34959.2800435 Total splits: 258 Good splits: 245 Marginal splits: 9
Reward: 37275.9945992 Total splits: 264 Good splits: 253 Marginal splits: 7
Reward: 33789.300095 Total splits: 272 Good splits: 265 Marginal splits: 11
Reward: 37461.2124352 Total splits: 259 Good splits: 244 Marginal splits: 5
Reward: 34959.2327715 Total splits: 262 Good splits: 254 Marginal splits: 13
Reward: 37924.1543285 Total splits: 255 Good splits: 241 Marginal splits: 8
Reward: 34725.3891542 Total splits: 265 Good splits: 252 Marginal splits: 12
Reward: 38094.6760937 Total splits: 259 Good splits: 251 Marginal splits: 4
Reward: 37035.5704975 Total splits: 283 Good splits: 274 Marginal splits: 15
Reward: 38008.9908684 Total splits: 287 Good splits: 276 Marginal splits: 7
Reward: 37161.258207 Total splits: 268 Good splits: 257 Marginal splits: 12
Reward: 38761.3142575 Total splits: 262 Good splits: 250 Marginal splits: 6
Reward: 36421.9541535 Total splits: 256 Good splits: 245 Marginal splits: 10
Reward: 37683.9051368 Total splits: 269 Good splits: 262 Marginal splits: 15
Reward: 36319.077505 Total splits: 265 Good splits: 249 Marginal splits: 7
Reward: 36608.6492399 Total splits: 261 Good splits: 245 Marginal splits: 13
Reward: 36519.1829557 Total splits: 269 Good splits: 257 Marginal splits: 12
Reward: 37359.8331665 Total splits: 261 Good splits: 248 Marginal splits: 6
Reward: 36278.106327 Total splits: 256 Good splits: 245 Marginal splits: 8
Reward: 36382.5394461 Total splits: 250 Good splits: 241 Marginal splits: 4
Reward: 36165.2451427 Total splits: 267 Good splits: 257 Marginal splits: 7
Reward: 36464.5939837 Total splits: 264 Good splits: 253 Marginal splits: 9
Reward: 35669.7896208 Total splits: 231 Good splits: 221 Marginal splits: 5
Reward: 35324.5621217 Total splits: 255 Good splits: 246 Marginal splits: 11
Reward: 35130.4978778 Total splits: 277 Good splits: 262 Marginal splits: 12
Reward: 37664.4999219 Total splits: 246 Good splits: 239 Marginal splits: 9
Reward: 36288.9021281 Total splits: 274 Good splits: 267 Marginal splits: 16
Reward: 36865.389535 Total splits: 248 Good splits: 238 Marginal splits: 14
Reward: 37386.9300789 Total splits: 269 Good splits: 260 Marginal splits: 4
Reward: 36444.5505728 Total splits: 268 Good splits: 256 Marginal splits: 8
Reward: 39130.0975559 Total splits: 268 Good splits: 257 Marginal splits: 10
Reward: 35205.4100351 Total splits: 235 Good splits: 224 Marginal splits: 13
Reward: 37061.2210082 Total splits: 257 Good splits: 251 Marginal splits: 9
Reward: 36293.6719209 Total splits: 259 Good splits: 247 Marginal splits: 11
Reward: 37347.1703902 Total splits: 247 Good splits: 237 Marginal splits: 8
Reward: 36294.3254451 Total splits: 254 Good splits: 246 Marginal splits: 6
Reward: 38692.2678742 Total splits: 260 Good splits: 244 Marginal splits: 9
Reward: 36565.594739 Total splits: 273 Good splits: 263 Marginal splits: 15
Reward: 37727.1062646 Total splits: 263 Good splits: 252 Marginal splits: 9
Reward: 34658.8819784 Total splits: 254 Good splits: 243 Marginal splits: 10
Reward: 38428.0686723 Total splits: 278 Good splits: 269 Marginal splits: 7
Reward: 34538.4996914 Total splits: 259 Good splits: 249 Marginal splits: 12
Reward: 35284.6846151 Total splits: 282 Good splits: 269 Marginal splits: 12
Reward: 35970.8601432 Total splits: 243 Good splits: 233 Marginal splits: 5
Reward: 38277.1083195 Total splits: 270 Good splits: 255 Marginal splits: 12
Reward: 35330.1057436 Total splits: 260 Good splits: 250 Marginal splits: 10
Reward: 37391.0075432 Total splits: 264 Good splits: 256 Marginal splits: 8
Reward: 37511.7767741 Total splits: 250 Good splits: 238 Marginal splits: 12
Reward: 36801.0014316 Total splits: 281 Good splits: 272 Marginal splits: 15
Reward: 36323.4634542 Total splits: 259 Good splits: 253 Marginal splits: 11
Reward: 35391.0451462 Total splits: 253 Good splits: 238 Marginal splits: 4
Reward: 36456.1550321 Total splits: 274 Good splits: 253 Marginal splits: 8
Reward: 35937.55589 Total splits: 287 Good splits: 271 Marginal splits: 7
Reward: 37613.4958351 Total splits: 264 Good splits: 254 Marginal splits: 10
Reward: 37111.3909382 Total splits: 264 Good splits: 254 Marginal splits: 9
Reward: 36119.2566284 Total splits: 251 Good splits: 242 Marginal splits: 10
Reward: 36523.8496511 Total splits: 278 Good splits: 263 Marginal splits: 10
Reward: 36141.4425465 Total splits: 245 Good splits: 240 Marginal splits: 11
Reward: 37041.5424244 Total splits: 273 Good splits: 260 Marginal splits: 10
Reward: 37173.5804314 Total splits: 279 Good splits: 267 Marginal splits: 13
Reward: 36092.6250563 Total splits: 268 Good splits: 255 Marginal splits: 7
Reward: 35019.7374869 Total splits: 266 Good splits: 257 Marginal splits: 7
Reward: 35779.3257177 Total splits: 260 Good splits: 249 Marginal splits: 11
Reward: 39403.6867137 Total splits: 236 Good splits: 227 Marginal splits: 8
Reward: 35994.7666326 Total splits: 246 Good splits: 233 Marginal splits: 10
Reward: 34691.7935018 Total splits: 263 Good splits: 254 Marginal splits: 10
Reward: 35913.3373371 Total splits: 261 Good splits: 253 Marginal splits: 10
Reward: 37922.9570571 Total splits: 255 Good splits: 245 Marginal splits: 10
Reward: 35842.9688064 Total splits: 248 Good splits: 240 Marginal splits: 8
Reward: 37259.9631572 Total splits: 276 Good splits: 265 Marginal splits: 10
Reward: 35229.7109176 Total splits: 256 Good splits: 245 Marginal splits: 11
Reward: 36756.0342046 Total splits: 275 Good splits: 265 Marginal splits: 13
Reward: 34017.2418303 Total splits: 242 Good splits: 234 Marginal splits: 9
Reward: 38998.4359343 Total splits: 249 Good splits: 244 Marginal splits: 10
Reward: 35297.8132724 Total splits: 253 Good splits: 240 Marginal splits: 10
Reward: 37406.1550473 Total splits: 271 Good splits: 260 Marginal splits: 20
Reward: 38036.9480271 Total splits: 239 Good splits: 224 Marginal splits: 4
Reward: 37020.8933503 Total splits: 253 Good splits: 243 Marginal splits: 8
Reward: 35436.6886944 Total splits: 248 Good splits: 237 Marginal splits: 8
Reward: 37893.7437122 Total splits: 249 Good splits: 235 Marginal splits: 5
Reward: 36364.3846716 Total splits: 243 Good splits: 235 Marginal splits: 4
Reward: 38855.683746 Total splits: 266 Good splits: 255 Marginal splits: 11
Reward: 36106.3631801 Total splits: 259 Good splits: 251 Marginal splits: 13
Reward: 38338.7734861 Total splits: 252 Good splits: 241 Marginal splits: 6
Reward: 36303.8889716 Total splits: 264 Good splits: 254 Marginal splits: 9
Reward: 37996.9505944 Total splits: 266 Good splits: 259 Marginal splits: 10
Reward: 37652.8104054 Total splits: 265 Good splits: 251 Marginal splits: 10
Reward: 35908.8630015 Total splits: 252 Good splits: 248 Marginal splits: 6
Reward: 36430.0119899 Total splits: 248 Good splits: 233 Marginal splits: 9
Reward: 35343.5274696 Total splits: 264 Good splits: 252 Marginal splits: 9
Reward: 33275.4469112 Total splits: 245 Good splits: 234 Marginal splits: 11
Reward: 35613.8826753 Total splits: 264 Good splits: 250 Marginal splits: 6
Reward: 34507.5746636 Total splits: 270 Good splits: 261 Marginal splits: 16
Reward: 37066.7924994 Total splits: 259 Good splits: 252 Marginal splits: 15
Reward: 37802.202893 Total splits: 247 Good splits: 235 Marginal splits: 4
Reward: 38814.3771169 Total splits: 283 Good splits: 271 Marginal splits: 10
Reward: 37247.202198 Total splits: 266 Good splits: 257 Marginal splits: 14
Reward: 36758.3894581 Total splits: 263 Good splits: 247 Marginal splits: 9
Reward: 40372.41035 Total splits: 274 Good splits: 268 Marginal splits: 9
Reward: 34291.1445276 Total splits: 265 Good splits: 250 Marginal splits: 11
Reward: 36225.3869615 Total splits: 262 Good splits: 252 Marginal splits: 4
Reward: 36293.7806433 Total splits: 244 Good splits: 232 Marginal splits: 7
Reward: 37438.8173888 Total splits: 277 Good splits: 266 Marginal splits: 11
Reward: 35256.1844735 Total splits: 271 Good splits: 265 Marginal splits: 13
Reward: 38045.7948043 Total splits: 271 Good splits: 259 Marginal splits: 10
Reward: 36637.9541416 Total splits: 275 Good splits: 258 Marginal splits: 7
Reward: 37273.5134022 Total splits: 290 Good splits: 280 Marginal splits: 16
Reward: 35121.0471837 Total splits: 245 Good splits: 237 Marginal splits: 11
Reward: 33907.2436966 Total splits: 249 Good splits: 238 Marginal splits: 6
Reward: 35754.5003175 Total splits: 243 Good splits: 234 Marginal splits: 6
Reward: 38814.5651844 Total splits: 281 Good splits: 269 Marginal splits: 8
Reward: 34894.944662 Total splits: 249 Good splits: 241 Marginal splits: 13
Reward: 38411.5475446 Total splits: 263 Good splits: 247 Marginal splits: 2
Reward: 35225.8491882 Total splits: 273 Good splits: 262 Marginal splits: 17
Reward: 36814.8220648 Total splits: 256 Good splits: 246 Marginal splits: 11
Reward: 38272.7688742 Total splits: 249 Good splits: 239 Marginal splits: 8
Reward: 36048.065189 Total splits: 259 Good splits: 248 Marginal splits: 13
Reward: 36573.8120501 Total splits: 260 Good splits: 250 Marginal splits: 11
Reward: 37556.8748218 Total splits: 261 Good splits: 251 Marginal splits: 12
Reward: 37232.6451752 Total splits: 268 Good splits: 257 Marginal splits: 13
Reward: 36815.3703929 Total splits: 258 Good splits: 249 Marginal splits: 6

Total results after running 200 tests
Average total rewards : 36574.0823772
Average total splits  : 261.8
Average good splits   : 251.055
Average good splits % : 95.8957219251

Reward: 34076.8488839 Total splits: 240 Good splits: 229 Marginal splits: 5
Reward: 35678.4647115 Total splits: 267 Good splits: 262 Marginal splits: 11
Reward: 38825.1618156 Total splits: 267 Good splits: 259 Marginal splits: 8
Reward: 34314.0966529 Total splits: 256 Good splits: 242 Marginal splits: 3
Reward: 39079.5548269 Total splits: 263 Good splits: 251 Marginal splits: 13
Reward: 36110.3450581 Total splits: 259 Good splits: 248 Marginal splits: 6
Reward: 39382.7453906 Total splits: 250 Good splits: 240 Marginal splits: 11
Reward: 35250.2551738 Total splits: 283 Good splits: 269 Marginal splits: 14
Reward: 37872.2620615 Total splits: 278 Good splits: 261 Marginal splits: 9
Reward: 36526.3921515 Total splits: 268 Good splits: 257 Marginal splits: 12
Reward: 36260.7204923 Total splits: 274 Good splits: 259 Marginal splits: 6
Reward: 36128.4819479 Total splits: 259 Good splits: 245 Marginal splits: 9
Reward: 39754.9070401 Total splits: 270 Good splits: 254 Marginal splits: 3
Reward: 35913.8856313 Total splits: 274 Good splits: 261 Marginal splits: 8
Reward: 36291.215911 Total splits: 256 Good splits: 245 Marginal splits: 10
Reward: 29666.2851595 Total splits: 246 Good splits: 240 Marginal splits: 9
Reward: 37511.3957362 Total splits: 255 Good splits: 244 Marginal splits: 9
Reward: 36918.350852 Total splits: 252 Good splits: 237 Marginal splits: 11
Reward: 34458.4487304 Total splits: 268 Good splits: 265 Marginal splits: 11
Reward: 39004.1330584 Total splits: 248 Good splits: 244 Marginal splits: 8
Reward: 36478.3701363 Total splits: 269 Good splits: 261 Marginal splits: 11
Reward: 36302.4163229 Total splits: 276 Good splits: 272 Marginal splits: 8
Reward: 36537.4226342 Total splits: 274 Good splits: 262 Marginal splits: 6
Reward: 35595.5307979 Total splits: 269 Good splits: 256 Marginal splits: 17
Reward: 36271.951111 Total splits: 284 Good splits: 273 Marginal splits: 6
Reward: 32017.6673562 Total splits: 256 Good splits: 249 Marginal splits: 7
Reward: 36427.3716065 Total splits: 251 Good splits: 239 Marginal splits: 8
Reward: 36008.7492946 Total splits: 263 Good splits: 251 Marginal splits: 13
Reward: 35320.1608413 Total splits: 245 Good splits: 236 Marginal splits: 9
Reward: 39236.9542839 Total splits: 245 Good splits: 236 Marginal splits: 9
Reward: 36661.7618911 Total splits: 265 Good splits: 252 Marginal splits: 5
Reward: 38043.0721982 Total splits: 257 Good splits: 245 Marginal splits: 9
Reward: 37495.993261 Total splits: 275 Good splits: 263 Marginal splits: 10
Reward: 37587.7976748 Total splits: 264 Good splits: 256 Marginal splits: 11
Reward: 35984.2136677 Total splits: 269 Good splits: 260 Marginal splits: 7
Reward: 34091.4970964 Total splits: 254 Good splits: 246 Marginal splits: 13
Reward: 38221.4907112 Total splits: 264 Good splits: 250 Marginal splits: 4
Reward: 38615.2330427 Total splits: 272 Good splits: 261 Marginal splits: 7
Reward: 35774.1013855 Total splits: 265 Good splits: 254 Marginal splits: 12
Reward: 35988.8901822 Total splits: 269 Good splits: 262 Marginal splits: 9
Reward: 35748.1386981 Total splits: 280 Good splits: 268 Marginal splits: 15
Reward: 37457.4364928 Total splits: 273 Good splits: 264 Marginal splits: 12
Reward: 35954.1830465 Total splits: 269 Good splits: 255 Marginal splits: 15
Reward: 36284.3021559 Total splits: 253 Good splits: 245 Marginal splits: 11
Reward: 34379.5196226 Total splits: 271 Good splits: 258 Marginal splits: 7
Reward: 36189.3094818 Total splits: 279 Good splits: 266 Marginal splits: 11
Reward: 35386.8009081 Total splits: 258 Good splits: 245 Marginal splits: 7
Reward: 38893.1152269 Total splits: 263 Good splits: 255 Marginal splits: 17
Reward: 35761.8382729 Total splits: 249 Good splits: 237 Marginal splits: 8
Reward: 37349.5126762 Total splits: 252 Good splits: 241 Marginal splits: 13
Reward: 36554.1328178 Total splits: 242 Good splits: 238 Marginal splits: 12
Reward: 37252.8735234 Total splits: 262 Good splits: 247 Marginal splits: 11
Reward: 37253.6132641 Total splits: 247 Good splits: 240 Marginal splits: 3
Reward: 35883.6910318 Total splits: 267 Good splits: 256 Marginal splits: 13
Reward: 36667.1730074 Total splits: 253 Good splits: 244 Marginal splits: 7
Reward: 38669.4809374 Total splits: 253 Good splits: 236 Marginal splits: 9
Reward: 36484.6802082 Total splits: 245 Good splits: 231 Marginal splits: 10
Reward: 36702.2855542 Total splits: 274 Good splits: 262 Marginal splits: 11
Reward: 38292.5213199 Total splits: 282 Good splits: 267 Marginal splits: 15
Reward: 36527.3392203 Total splits: 257 Good splits: 245 Marginal splits: 7
Reward: 36961.6814055 Total splits: 251 Good splits: 236 Marginal splits: 9
Reward: 34914.6934086 Total splits: 264 Good splits: 251 Marginal splits: 8
Reward: 35142.6060989 Total splits: 268 Good splits: 253 Marginal splits: 6
Reward: 35932.2473212 Total splits: 273 Good splits: 254 Marginal splits: 8
Reward: 37521.2174674 Total splits: 260 Good splits: 248 Marginal splits: 9
Reward: 37626.021437 Total splits: 278 Good splits: 264 Marginal splits: 9
Reward: 34238.0704706 Total splits: 274 Good splits: 266 Marginal splits: 12
Reward: 35423.8287532 Total splits: 279 Good splits: 269 Marginal splits: 10
Reward: 36941.0926197 Total splits: 252 Good splits: 245 Marginal splits: 4
Reward: 36151.5977041 Total splits: 256 Good splits: 245 Marginal splits: 16
Reward: 37464.7028549 Total splits: 257 Good splits: 247 Marginal splits: 8
Reward: 35416.5856036 Total splits: 256 Good splits: 239 Marginal splits: 12
Reward: 39608.2285029 Total splits: 251 Good splits: 239 Marginal splits: 5
Reward: 35750.5777508 Total splits: 239 Good splits: 231 Marginal splits: 7
Reward: 37252.6243969 Total splits: 269 Good splits: 257 Marginal splits: 8
Reward: 37320.4151986 Total splits: 272 Good splits: 259 Marginal splits: 19
Reward: 38187.7498434 Total splits: 274 Good splits: 263 Marginal splits: 18
Reward: 36380.5360987 Total splits: 271 Good splits: 264 Marginal splits: 12
Reward: 32478.5867337 Total splits: 250 Good splits: 243 Marginal splits: 5
Reward: 37050.0712769 Total splits: 279 Good splits: 265 Marginal splits: 7
Reward: 40225.8402276 Total splits: 267 Good splits: 256 Marginal splits: 4
Reward: 34561.0566245 Total splits: 266 Good splits: 257 Marginal splits: 14
Reward: 39085.9056716 Total splits: 264 Good splits: 254 Marginal splits: 5
Reward: 35763.841831 Total splits: 260 Good splits: 255 Marginal splits: 6
Reward: 38632.1828382 Total splits: 268 Good splits: 255 Marginal splits: 8
Reward: 35709.9024631 Total splits: 266 Good splits: 252 Marginal splits: 19
Reward: 36952.3107973 Total splits: 236 Good splits: 221 Marginal splits: 3
Reward: 38102.9431735 Total splits: 250 Good splits: 236 Marginal splits: 7
Reward: 38335.9073568 Total splits: 250 Good splits: 239 Marginal splits: 2
Reward: 35203.4427229 Total splits: 276 Good splits: 259 Marginal splits: 9
Reward: 37775.9022979 Total splits: 267 Good splits: 254 Marginal splits: 10
Reward: 34149.9876162 Total splits: 275 Good splits: 273 Marginal splits: 10
Reward: 37028.1346357 Total splits: 275 Good splits: 266 Marginal splits: 10
Reward: 35309.8877163 Total splits: 241 Good splits: 231 Marginal splits: 8
Reward: 37378.1553312 Total splits: 272 Good splits: 263 Marginal splits: 11
Reward: 36320.5244953 Total splits: 276 Good splits: 265 Marginal splits: 12
Reward: 35898.1795651 Total splits: 269 Good splits: 254 Marginal splits: 10
Reward: 37791.9027339 Total splits: 272 Good splits: 263 Marginal splits: 14
Reward: 37361.1914544 Total splits: 273 Good splits: 261 Marginal splits: 7
Reward: 37275.5441703 Total splits: 246 Good splits: 239 Marginal splits: 15
Reward: 35000.1867548 Total splits: 264 Good splits: 258 Marginal splits: 19
Reward: 38198.6210198 Total splits: 279 Good splits: 271 Marginal splits: 6
Reward: 37041.3285403 Total splits: 264 Good splits: 259 Marginal splits: 21
Reward: 37109.8278739 Total splits: 274 Good splits: 265 Marginal splits: 10
Reward: 38160.4767929 Total splits: 250 Good splits: 237 Marginal splits: 15
Reward: 37963.1796079 Total splits: 278 Good splits: 262 Marginal splits: 16
Reward: 35763.6340109 Total splits: 288 Good splits: 283 Marginal splits: 11
Reward: 37809.5391649 Total splits: 258 Good splits: 245 Marginal splits: 8
Reward: 36390.1522511 Total splits: 262 Good splits: 251 Marginal splits: 12
Reward: 38784.7735673 Total splits: 262 Good splits: 254 Marginal splits: 15
Reward: 35293.7380778 Total splits: 254 Good splits: 243 Marginal splits: 9
Reward: 36934.8058993 Total splits: 272 Good splits: 261 Marginal splits: 9
Reward: 36745.2166212 Total splits: 259 Good splits: 244 Marginal splits: 11
Reward: 36780.2930426 Total splits: 277 Good splits: 266 Marginal splits: 14
Reward: 33963.8800878 Total splits: 261 Good splits: 251 Marginal splits: 7
Reward: 36778.6304995 Total splits: 273 Good splits: 263 Marginal splits: 11
Reward: 36433.2814829 Total splits: 243 Good splits: 232 Marginal splits: 6
Reward: 35022.697732 Total splits: 262 Good splits: 251 Marginal splits: 14
Reward: 34354.3435738 Total splits: 250 Good splits: 235 Marginal splits: 8
Reward: 37581.3159588 Total splits: 272 Good splits: 262 Marginal splits: 6
Reward: 36723.3906281 Total splits: 267 Good splits: 254 Marginal splits: 11
Reward: 34546.6014614 Total splits: 254 Good splits: 247 Marginal splits: 4
Reward: 36414.6768841 Total splits: 264 Good splits: 256 Marginal splits: 7
Reward: 38021.24562 Total splits: 269 Good splits: 256 Marginal splits: 10
Reward: 36534.5671729 Total splits: 262 Good splits: 246 Marginal splits: 8
Reward: 37458.4683173 Total splits: 258 Good splits: 247 Marginal splits: 8
Reward: 37333.6780937 Total splits: 242 Good splits: 234 Marginal splits: 4
Reward: 36399.8703339 Total splits: 269 Good splits: 255 Marginal splits: 17
Reward: 36090.6118934 Total splits: 257 Good splits: 245 Marginal splits: 10
Reward: 38240.8400745 Total splits: 254 Good splits: 244 Marginal splits: 8
Reward: 36753.9331114 Total splits: 256 Good splits: 246 Marginal splits: 8
Reward: 37145.2035902 Total splits: 254 Good splits: 245 Marginal splits: 11
Reward: 37245.6243515 Total splits: 260 Good splits: 253 Marginal splits: 9
Reward: 36484.0240136 Total splits: 254 Good splits: 242 Marginal splits: 5
Reward: 37364.5684839 Total splits: 272 Good splits: 263 Marginal splits: 8
Reward: 37174.5380852 Total splits: 257 Good splits: 244 Marginal splits: 14
Reward: 37841.5784549 Total splits: 239 Good splits: 231 Marginal splits: 13
Reward: 35836.9832411 Total splits: 272 Good splits: 261 Marginal splits: 8
Reward: 36133.4311375 Total splits: 286 Good splits: 274 Marginal splits: 14
Reward: 35793.8055031 Total splits: 256 Good splits: 239 Marginal splits: 9
Reward: 36180.345711 Total splits: 263 Good splits: 253 Marginal splits: 14
Reward: 34827.4579747 Total splits: 265 Good splits: 256 Marginal splits: 5
Reward: 39832.8154497 Total splits: 270 Good splits: 262 Marginal splits: 9
Reward: 35721.5215443 Total splits: 268 Good splits: 257 Marginal splits: 6
Reward: 39676.7335558 Total splits: 283 Good splits: 268 Marginal splits: 12
Reward: 36442.7031646 Total splits: 255 Good splits: 249 Marginal splits: 11
Reward: 37402.906631 Total splits: 259 Good splits: 241 Marginal splits: 9
Reward: 35446.9176974 Total splits: 255 Good splits: 239 Marginal splits: 6
Reward: 38835.562017 Total splits: 266 Good splits: 256 Marginal splits: 7
Reward: 35762.7427415 Total splits: 252 Good splits: 245 Marginal splits: 15
Reward: 37920.9638626 Total splits: 262 Good splits: 252 Marginal splits: 11
Reward: 35586.791759 Total splits: 260 Good splits: 254 Marginal splits: 7
Reward: 37669.8190657 Total splits: 282 Good splits: 274 Marginal splits: 9
Reward: 35045.6196205 Total splits: 284 Good splits: 270 Marginal splits: 15
Reward: 35967.5547389 Total splits: 250 Good splits: 245 Marginal splits: 11
Reward: 35638.2425728 Total splits: 265 Good splits: 255 Marginal splits: 9
Reward: 35254.0417033 Total splits: 258 Good splits: 247 Marginal splits: 10
Reward: 36663.7301227 Total splits: 259 Good splits: 247 Marginal splits: 10
Reward: 37257.6121518 Total splits: 247 Good splits: 236 Marginal splits: 7
Reward: 36444.9048313 Total splits: 265 Good splits: 261 Marginal splits: 15
Reward: 35360.3483301 Total splits: 261 Good splits: 255 Marginal splits: 11
Reward: 35385.3353177 Total splits: 256 Good splits: 246 Marginal splits: 7
Reward: 36651.2121055 Total splits: 261 Good splits: 257 Marginal splits: 13
Reward: 37146.5787115 Total splits: 269 Good splits: 260 Marginal splits: 9
Reward: 35016.1478333 Total splits: 268 Good splits: 261 Marginal splits: 9
Reward: 36896.3030863 Total splits: 261 Good splits: 256 Marginal splits: 8
Reward: 36343.4891108 Total splits: 243 Good splits: 237 Marginal splits: 9
Reward: 36404.1024653 Total splits: 262 Good splits: 252 Marginal splits: 10
Reward: 33606.2560125 Total splits: 269 Good splits: 259 Marginal splits: 10
Reward: 37538.3692604 Total splits: 260 Good splits: 249 Marginal splits: 10
Reward: 36186.2889939 Total splits: 283 Good splits: 269 Marginal splits: 8
Reward: 37366.6084835 Total splits: 268 Good splits: 258 Marginal splits: 10
Reward: 36408.8372551 Total splits: 272 Good splits: 260 Marginal splits: 7
Reward: 37857.0803354 Total splits: 264 Good splits: 261 Marginal splits: 5
Reward: 37336.0197211 Total splits: 250 Good splits: 241 Marginal splits: 7
Reward: 37860.0610839 Total splits: 250 Good splits: 236 Marginal splits: 18
Reward: 36028.8122926 Total splits: 276 Good splits: 262 Marginal splits: 7
Reward: 40590.0490974 Total splits: 259 Good splits: 244 Marginal splits: 9
Reward: 34388.3195731 Total splits: 292 Good splits: 285 Marginal splits: 11
Reward: 35124.7745071 Total splits: 247 Good splits: 240 Marginal splits: 11
Reward: 33164.945615 Total splits: 274 Good splits: 262 Marginal splits: 8
Reward: 38199.9016852 Total splits: 263 Good splits: 257 Marginal splits: 11
Reward: 35699.5889166 Total splits: 266 Good splits: 248 Marginal splits: 10
Reward: 38395.5096215 Total splits: 283 Good splits: 277 Marginal splits: 13
Reward: 37341.9471618 Total splits: 269 Good splits: 261 Marginal splits: 11
Reward: 38532.5546416 Total splits: 258 Good splits: 249 Marginal splits: 2
Reward: 35606.1830461 Total splits: 270 Good splits: 258 Marginal splits: 10
Reward: 37895.0089912 Total splits: 254 Good splits: 244 Marginal splits: 9
Reward: 34637.2834202 Total splits: 261 Good splits: 254 Marginal splits: 16
Reward: 36626.5597416 Total splits: 257 Good splits: 249 Marginal splits: 12
Reward: 33495.4405398 Total splits: 270 Good splits: 255 Marginal splits: 6
Reward: 36365.1144209 Total splits: 287 Good splits: 277 Marginal splits: 8
Reward: 35994.0103668 Total splits: 275 Good splits: 265 Marginal splits: 10
Reward: 36386.6188226 Total splits: 283 Good splits: 274 Marginal splits: 15
Reward: 37084.2095451 Total splits: 253 Good splits: 246 Marginal splits: 7
Reward: 36212.0308323 Total splits: 274 Good splits: 265 Marginal splits: 13
Reward: 34760.8595916 Total splits: 270 Good splits: 267 Marginal splits: 12
Reward: 38476.3871543 Total splits: 262 Good splits: 253 Marginal splits: 2
Reward: 36598.1445005 Total splits: 257 Good splits: 241 Marginal splits: 5
Reward: 36696.8689279 Total splits: 270 Good splits: 263 Marginal splits: 7

Total results after running 200 tests
Average total rewards : 36584.4656698
Average total splits  : 263.445
Average good splits   : 252.91
Average good splits % : 96.0010628404

Reward: 38462.9362981 Total splits: 249 Good splits: 237 Marginal splits: 17
Reward: 36720.3556589 Total splits: 276 Good splits: 263 Marginal splits: 6
Reward: 37406.1117825 Total splits: 279 Good splits: 273 Marginal splits: 13
Reward: 34784.9816185 Total splits: 260 Good splits: 250 Marginal splits: 14
Reward: 36759.0332945 Total splits: 258 Good splits: 252 Marginal splits: 11
Reward: 34550.918236 Total splits: 260 Good splits: 248 Marginal splits: 8
Reward: 38560.8498642 Total splits: 254 Good splits: 243 Marginal splits: 10
Reward: 38091.2107272 Total splits: 253 Good splits: 244 Marginal splits: 9
Reward: 38262.7022367 Total splits: 261 Good splits: 250 Marginal splits: 8
Reward: 36948.2968157 Total splits: 264 Good splits: 255 Marginal splits: 10
Reward: 37375.629274 Total splits: 285 Good splits: 275 Marginal splits: 9
Reward: 34824.7854171 Total splits: 283 Good splits: 271 Marginal splits: 19
Reward: 37036.1746629 Total splits: 267 Good splits: 256 Marginal splits: 10
Reward: 35272.572728 Total splits: 276 Good splits: 269 Marginal splits: 8
Reward: 36822.1043792 Total splits: 258 Good splits: 252 Marginal splits: 4
Reward: 34960.8550047 Total splits: 249 Good splits: 235 Marginal splits: 3
Reward: 35829.1908972 Total splits: 290 Good splits: 280 Marginal splits: 3
Reward: 36472.6674349 Total splits: 252 Good splits: 242 Marginal splits: 12
Reward: 37723.6082764 Total splits: 259 Good splits: 248 Marginal splits: 8
Reward: 36279.8399587 Total splits: 271 Good splits: 259 Marginal splits: 10
Reward: 37910.1462866 Total splits: 262 Good splits: 252 Marginal splits: 14
Reward: 35071.3841602 Total splits: 265 Good splits: 251 Marginal splits: 11
Reward: 36335.3132403 Total splits: 253 Good splits: 244 Marginal splits: 12
Reward: 36418.9330289 Total splits: 255 Good splits: 249 Marginal splits: 9
Reward: 36214.3461097 Total splits: 277 Good splits: 267 Marginal splits: 13
Reward: 36258.6034528 Total splits: 254 Good splits: 245 Marginal splits: 7
Reward: 36721.3936331 Total splits: 251 Good splits: 241 Marginal splits: 12
Reward: 38084.7169471 Total splits: 279 Good splits: 267 Marginal splits: 9
Reward: 35656.2884263 Total splits: 277 Good splits: 271 Marginal splits: 9
Reward: 38861.3693521 Total splits: 256 Good splits: 248 Marginal splits: 16
Reward: 35713.9708867 Total splits: 256 Good splits: 241 Marginal splits: 10
Reward: 36863.8971244 Total splits: 241 Good splits: 230 Marginal splits: 17
Reward: 36331.5003736 Total splits: 292 Good splits: 283 Marginal splits: 17
Reward: 37106.4935758 Total splits: 270 Good splits: 258 Marginal splits: 13
Reward: 36256.4175315 Total splits: 260 Good splits: 253 Marginal splits: 7
Reward: 37094.0186579 Total splits: 257 Good splits: 243 Marginal splits: 7
Reward: 36861.6811168 Total splits: 246 Good splits: 236 Marginal splits: 7
Reward: 39479.2230695 Total splits: 263 Good splits: 258 Marginal splits: 10
Reward: 35681.1898294 Total splits: 258 Good splits: 248 Marginal splits: 13
Reward: 37336.6080618 Total splits: 269 Good splits: 258 Marginal splits: 9
Reward: 35623.4033127 Total splits: 270 Good splits: 254 Marginal splits: 14
Reward: 37377.5353236 Total splits: 283 Good splits: 273 Marginal splits: 11
Reward: 35379.552306 Total splits: 257 Good splits: 248 Marginal splits: 14
Reward: 34772.0239265 Total splits: 280 Good splits: 267 Marginal splits: 8
Reward: 34981.5414927 Total splits: 285 Good splits: 271 Marginal splits: 11
Reward: 34314.5633064 Total splits: 288 Good splits: 272 Marginal splits: 6
Reward: 33670.8202546 Total splits: 234 Good splits: 219 Marginal splits: 3
Reward: 39659.5184442 Total splits: 249 Good splits: 241 Marginal splits: 10
Reward: 36461.346825 Total splits: 247 Good splits: 241 Marginal splits: 8
Reward: 37991.9495947 Total splits: 280 Good splits: 267 Marginal splits: 10
Reward: 36501.0066452 Total splits: 254 Good splits: 242 Marginal splits: 8
Reward: 36582.0272958 Total splits: 259 Good splits: 243 Marginal splits: 11
Reward: 36876.8130939 Total splits: 268 Good splits: 250 Marginal splits: 10
Reward: 36398.2253064 Total splits: 275 Good splits: 268 Marginal splits: 12
Reward: 35562.3724684 Total splits: 258 Good splits: 247 Marginal splits: 8
Reward: 37706.9971169 Total splits: 275 Good splits: 267 Marginal splits: 16
Reward: 36054.3711122 Total splits: 253 Good splits: 249 Marginal splits: 10
Reward: 37348.2239952 Total splits: 282 Good splits: 274 Marginal splits: 12
Reward: 37744.1975929 Total splits: 277 Good splits: 264 Marginal splits: 5
Reward: 36004.2524822 Total splits: 268 Good splits: 262 Marginal splits: 6
Reward: 36681.2323779 Total splits: 261 Good splits: 254 Marginal splits: 13
Reward: 36957.643956 Total splits: 282 Good splits: 272 Marginal splits: 10
Reward: 34190.4650648 Total splits: 268 Good splits: 260 Marginal splits: 17
Reward: 35812.9137407 Total splits: 258 Good splits: 247 Marginal splits: 11
Reward: 36480.8326465 Total splits: 273 Good splits: 262 Marginal splits: 12
Reward: 39383.3794019 Total splits: 275 Good splits: 265 Marginal splits: 9
Reward: 37056.3473431 Total splits: 236 Good splits: 228 Marginal splits: 8
Reward: 37692.0398541 Total splits: 278 Good splits: 266 Marginal splits: 8
Reward: 38285.7044405 Total splits: 259 Good splits: 247 Marginal splits: 11
Reward: 36236.3248574 Total splits: 263 Good splits: 250 Marginal splits: 12
Reward: 37488.208951 Total splits: 278 Good splits: 265 Marginal splits: 14
Reward: 34336.2362295 Total splits: 247 Good splits: 224 Marginal splits: 7
Reward: 37254.7444186 Total splits: 263 Good splits: 251 Marginal splits: 8
Reward: 36432.3655575 Total splits: 262 Good splits: 244 Marginal splits: 9
Reward: 39503.3324526 Total splits: 279 Good splits: 268 Marginal splits: 8
Reward: 37688.2354334 Total splits: 261 Good splits: 250 Marginal splits: 9
Reward: 38534.462283 Total splits: 252 Good splits: 247 Marginal splits: 12
Reward: 36020.9835198 Total splits: 248 Good splits: 237 Marginal splits: 9
Reward: 36670.663117 Total splits: 265 Good splits: 259 Marginal splits: 12
Reward: 35281.545561 Total splits: 269 Good splits: 258 Marginal splits: 10
Reward: 39499.9251487 Total splits: 269 Good splits: 263 Marginal splits: 5
Reward: 35115.3658091 Total splits: 272 Good splits: 258 Marginal splits: 15
Reward: 38833.4617462 Total splits: 256 Good splits: 245 Marginal splits: 8
Reward: 34559.9379265 Total splits: 276 Good splits: 265 Marginal splits: 7
Reward: 37888.7144464 Total splits: 277 Good splits: 266 Marginal splits: 8
Reward: 34119.836625 Total splits: 263 Good splits: 257 Marginal splits: 6
Reward: 37434.4753115 Total splits: 271 Good splits: 254 Marginal splits: 10
Reward: 36830.4921679 Total splits: 275 Good splits: 264 Marginal splits: 10
Reward: 34390.8899463 Total splits: 251 Good splits: 247 Marginal splits: 5
Reward: 35015.0998992 Total splits: 259 Good splits: 246 Marginal splits: 8
Reward: 35759.9391353 Total splits: 256 Good splits: 249 Marginal splits: 8
Reward: 33985.704084 Total splits: 257 Good splits: 251 Marginal splits: 16
Reward: 36882.2835936 Total splits: 253 Good splits: 240 Marginal splits: 9
Reward: 35002.7722464 Total splits: 274 Good splits: 267 Marginal splits: 11
Reward: 37302.9553185 Total splits: 264 Good splits: 253 Marginal splits: 10
Reward: 37133.6154591 Total splits: 267 Good splits: 257 Marginal splits: 12
Reward: 36019.4437467 Total splits: 255 Good splits: 249 Marginal splits: 11
Reward: 36903.0776246 Total splits: 238 Good splits: 232 Marginal splits: 7
Reward: 34923.3650708 Total splits: 291 Good splits: 281 Marginal splits: 9
Reward: 36788.5108422 Total splits: 261 Good splits: 252 Marginal splits: 9
Reward: 36481.2087182 Total splits: 259 Good splits: 247 Marginal splits: 7
Reward: 36631.3858723 Total splits: 254 Good splits: 241 Marginal splits: 8
Reward: 37130.2442984 Total splits: 276 Good splits: 267 Marginal splits: 13
Reward: 34741.2147055 Total splits: 271 Good splits: 260 Marginal splits: 8
Reward: 38322.6514466 Total splits: 242 Good splits: 231 Marginal splits: 9
Reward: 37484.6418538 Total splits: 266 Good splits: 253 Marginal splits: 7
Reward: 36218.8793779 Total splits: 261 Good splits: 250 Marginal splits: 12
Reward: 37082.5608057 Total splits: 282 Good splits: 276 Marginal splits: 12
Reward: 34713.668537 Total splits: 263 Good splits: 252 Marginal splits: 11
Reward: 40071.1910761 Total splits: 266 Good splits: 259 Marginal splits: 6
Reward: 35221.5058295 Total splits: 260 Good splits: 253 Marginal splits: 17
Reward: 37420.0075672 Total splits: 274 Good splits: 260 Marginal splits: 9
Reward: 36475.7947091 Total splits: 256 Good splits: 240 Marginal splits: 19
Reward: 40092.7069121 Total splits: 280 Good splits: 270 Marginal splits: 12
Reward: 35749.5162255 Total splits: 271 Good splits: 259 Marginal splits: 15
Reward: 34457.2379142 Total splits: 272 Good splits: 258 Marginal splits: 10
Reward: 36297.1436888 Total splits: 267 Good splits: 258 Marginal splits: 16
Reward: 37463.7824366 Total splits: 243 Good splits: 235 Marginal splits: 12
Reward: 34712.5169807 Total splits: 235 Good splits: 222 Marginal splits: 6
Reward: 36263.6488894 Total splits: 265 Good splits: 252 Marginal splits: 19
Reward: 34527.0290468 Total splits: 270 Good splits: 261 Marginal splits: 16
Reward: 35322.8189065 Total splits: 264 Good splits: 257 Marginal splits: 2
Reward: 33746.0067664 Total splits: 270 Good splits: 258 Marginal splits: 18
Reward: 38229.7744149 Total splits: 277 Good splits: 267 Marginal splits: 18
Reward: 37105.2116567 Total splits: 271 Good splits: 259 Marginal splits: 9
Reward: 36793.0193788 Total splits: 286 Good splits: 273 Marginal splits: 18
Reward: 37587.5541013 Total splits: 248 Good splits: 240 Marginal splits: 10
Reward: 34701.8988998 Total splits: 273 Good splits: 262 Marginal splits: 14
Reward: 34178.8683034 Total splits: 264 Good splits: 254 Marginal splits: 11
Reward: 37746.1818838 Total splits: 265 Good splits: 256 Marginal splits: 8
Reward: 37283.7672215 Total splits: 270 Good splits: 264 Marginal splits: 8
Reward: 36579.4081418 Total splits: 263 Good splits: 251 Marginal splits: 11
Reward: 37363.2387607 Total splits: 294 Good splits: 277 Marginal splits: 8
Reward: 36875.0399015 Total splits: 261 Good splits: 253 Marginal splits: 7
Reward: 37939.0846414 Total splits: 251 Good splits: 241 Marginal splits: 7
Reward: 37489.6410027 Total splits: 254 Good splits: 245 Marginal splits: 11
Reward: 35881.2925208 Total splits: 269 Good splits: 259 Marginal splits: 17
Reward: 36257.5937324 Total splits: 256 Good splits: 243 Marginal splits: 13
Reward: 37615.3984866 Total splits: 269 Good splits: 255 Marginal splits: 10
Reward: 34512.0978025 Total splits: 238 Good splits: 224 Marginal splits: 5
Reward: 37805.871522 Total splits: 266 Good splits: 257 Marginal splits: 8
Reward: 36763.6985683 Total splits: 285 Good splits: 275 Marginal splits: 9
Reward: 35979.995769 Total splits: 259 Good splits: 246 Marginal splits: 6
Reward: 35979.4461341 Total splits: 264 Good splits: 253 Marginal splits: 4
Reward: 37407.7137757 Total splits: 271 Good splits: 253 Marginal splits: 13
Reward: 36869.0304228 Total splits: 265 Good splits: 254 Marginal splits: 9
Reward: 34468.4619135 Total splits: 259 Good splits: 250 Marginal splits: 5
Reward: 36411.6689882 Total splits: 264 Good splits: 251 Marginal splits: 7
Reward: 35854.3969274 Total splits: 266 Good splits: 253 Marginal splits: 7
Reward: 33295.8624757 Total splits: 279 Good splits: 267 Marginal splits: 16
Reward: 36244.0420673 Total splits: 281 Good splits: 272 Marginal splits: 8
Reward: 35059.6520222 Total splits: 279 Good splits: 270 Marginal splits: 7
Reward: 37968.6940793 Total splits: 276 Good splits: 267 Marginal splits: 13
Reward: 35759.3358311 Total splits: 267 Good splits: 255 Marginal splits: 12
Reward: 38683.4262845 Total splits: 266 Good splits: 251 Marginal splits: 7
Reward: 38326.2924519 Total splits: 292 Good splits: 279 Marginal splits: 12
Reward: 35418.4869597 Total splits: 268 Good splits: 262 Marginal splits: 9
Reward: 36452.0882029 Total splits: 250 Good splits: 243 Marginal splits: 6
Reward: 35332.536955 Total splits: 269 Good splits: 257 Marginal splits: 6
Reward: 33095.7136704 Total splits: 264 Good splits: 254 Marginal splits: 6
Reward: 36398.9253182 Total splits: 256 Good splits: 239 Marginal splits: 10
Reward: 36437.1605464 Total splits: 258 Good splits: 253 Marginal splits: 6
Reward: 38689.8674313 Total splits: 253 Good splits: 241 Marginal splits: 9
Reward: 36295.2911327 Total splits: 273 Good splits: 261 Marginal splits: 13
Reward: 37671.3363415 Total splits: 271 Good splits: 255 Marginal splits: 11
Reward: 36730.0889308 Total splits: 270 Good splits: 256 Marginal splits: 13
Reward: 35825.5905614 Total splits: 282 Good splits: 267 Marginal splits: 12
Reward: 36175.5383236 Total splits: 264 Good splits: 254 Marginal splits: 14
Reward: 35954.6364849 Total splits: 259 Good splits: 246 Marginal splits: 15
Reward: 36483.599705 Total splits: 268 Good splits: 254 Marginal splits: 9
Reward: 36412.3327848 Total splits: 267 Good splits: 258 Marginal splits: 14
Reward: 35846.6731759 Total splits: 278 Good splits: 272 Marginal splits: 17
Reward: 39122.8893242 Total splits: 264 Good splits: 260 Marginal splits: 11
Reward: 37698.9735288 Total splits: 256 Good splits: 245 Marginal splits: 9
Reward: 37812.3309261 Total splits: 274 Good splits: 266 Marginal splits: 8
Reward: 38267.9122594 Total splits: 254 Good splits: 240 Marginal splits: 10
Reward: 35848.6007025 Total splits: 257 Good splits: 248 Marginal splits: 10
Reward: 38116.493353 Total splits: 235 Good splits: 231 Marginal splits: 4
Reward: 34765.5195241 Total splits: 258 Good splits: 243 Marginal splits: 7
Reward: 37389.0241204 Total splits: 255 Good splits: 245 Marginal splits: 9
Reward: 36702.8155162 Total splits: 258 Good splits: 241 Marginal splits: 5
Reward: 37439.3482803 Total splits: 268 Good splits: 259 Marginal splits: 8
Reward: 35777.4066332 Total splits: 253 Good splits: 242 Marginal splits: 8
Reward: 38422.0956354 Total splits: 272 Good splits: 260 Marginal splits: 9
Reward: 36368.3339745 Total splits: 261 Good splits: 251 Marginal splits: 11
Reward: 38604.6994797 Total splits: 244 Good splits: 234 Marginal splits: 2
Reward: 33367.3923153 Total splits: 271 Good splits: 256 Marginal splits: 17
Reward: 37726.9207215 Total splits: 270 Good splits: 259 Marginal splits: 14
Reward: 35374.8165039 Total splits: 270 Good splits: 257 Marginal splits: 12
Reward: 37894.4816535 Total splits: 268 Good splits: 262 Marginal splits: 13
Reward: 34948.2476866 Total splits: 252 Good splits: 238 Marginal splits: 12
Reward: 37444.8192734 Total splits: 271 Good splits: 262 Marginal splits: 10
Reward: 33941.1973668 Total splits: 267 Good splits: 262 Marginal splits: 11
Reward: 36322.9753451 Total splits: 275 Good splits: 261 Marginal splits: 14
Reward: 38762.3031795 Total splits: 263 Good splits: 252 Marginal splits: 8
Reward: 33875.2975144 Total splits: 277 Good splits: 263 Marginal splits: 13
Reward: 35504.7112627 Total splits: 265 Good splits: 251 Marginal splits: 10
Reward: 35509.5402536 Total splits: 263 Good splits: 252 Marginal splits: 15
Reward: 37663.7427163 Total splits: 267 Good splits: 253 Marginal splits: 13
Reward: 35155.8833137 Total splits: 274 Good splits: 265 Marginal splits: 9

Total results after running 200 tests
Average total rewards : 36537.4162511
Average total splits  : 264.88
Average good splits   : 254.195
Average good splits % : 95.9660978556

Reward: 37537.6857372 Total splits: 269 Good splits: 255 Marginal splits: 14
Reward: 36166.6064453 Total splits: 274 Good splits: 269 Marginal splits: 10
Reward: 38170.8506131 Total splits: 259 Good splits: 251 Marginal splits: 19
Reward: 34539.5900949 Total splits: 257 Good splits: 248 Marginal splits: 21
Reward: 38366.5483803 Total splits: 272 Good splits: 264 Marginal splits: 8
Reward: 35831.6794149 Total splits: 249 Good splits: 240 Marginal splits: 12
Reward: 32892.3256157 Total splits: 267 Good splits: 257 Marginal splits: 6
Reward: 37166.6301569 Total splits: 267 Good splits: 260 Marginal splits: 6
Reward: 36988.967147 Total splits: 257 Good splits: 247 Marginal splits: 10
Reward: 37241.2004563 Total splits: 248 Good splits: 240 Marginal splits: 7
Reward: 37712.4206407 Total splits: 279 Good splits: 270 Marginal splits: 6
Reward: 34166.1842488 Total splits: 280 Good splits: 268 Marginal splits: 11
Reward: 36739.8427951 Total splits: 254 Good splits: 240 Marginal splits: 7
Reward: 35397.0239437 Total splits: 282 Good splits: 274 Marginal splits: 11
Reward: 38754.5809142 Total splits: 265 Good splits: 249 Marginal splits: 10
Reward: 32859.974689 Total splits: 265 Good splits: 252 Marginal splits: 11
Reward: 37051.2926944 Total splits: 276 Good splits: 266 Marginal splits: 8
Reward: 35791.9468527 Total splits: 270 Good splits: 257 Marginal splits: 12
Reward: 37925.0420778 Total splits: 272 Good splits: 260 Marginal splits: 12
Reward: 37930.3530501 Total splits: 275 Good splits: 265 Marginal splits: 20
Reward: 38362.6493027 Total splits: 239 Good splits: 232 Marginal splits: 8
Reward: 35982.9708108 Total splits: 259 Good splits: 249 Marginal splits: 5
Reward: 36265.3615089 Total splits: 258 Good splits: 250 Marginal splits: 8
Reward: 36345.5672559 Total splits: 269 Good splits: 260 Marginal splits: 14
Reward: 36027.0377576 Total splits: 260 Good splits: 245 Marginal splits: 7
Reward: 35355.3720289 Total splits: 247 Good splits: 238 Marginal splits: 16
Reward: 36998.1765866 Total splits: 248 Good splits: 237 Marginal splits: 13
Reward: 38556.7195082 Total splits: 253 Good splits: 243 Marginal splits: 7
Reward: 37462.7627557 Total splits: 275 Good splits: 265 Marginal splits: 11
Reward: 37531.4013533 Total splits: 264 Good splits: 257 Marginal splits: 12
Reward: 36934.9561778 Total splits: 279 Good splits: 270 Marginal splits: 7
Reward: 38637.4960628 Total splits: 279 Good splits: 267 Marginal splits: 5
Reward: 36225.0297259 Total splits: 278 Good splits: 261 Marginal splits: 6
Reward: 37888.113042 Total splits: 258 Good splits: 246 Marginal splits: 5
Reward: 35783.1022596 Total splits: 252 Good splits: 243 Marginal splits: 9
Reward: 36684.7963431 Total splits: 282 Good splits: 273 Marginal splits: 15
Reward: 37927.4940652 Total splits: 265 Good splits: 248 Marginal splits: 10
Reward: 38795.303453 Total splits: 257 Good splits: 249 Marginal splits: 3
Reward: 35926.0218945 Total splits: 252 Good splits: 241 Marginal splits: 8
Reward: 39968.335009 Total splits: 265 Good splits: 249 Marginal splits: 7
Reward: 34643.9451371 Total splits: 248 Good splits: 236 Marginal splits: 12
Reward: 39752.74738 Total splits: 275 Good splits: 264 Marginal splits: 7
Reward: 36305.8927342 Total splits: 253 Good splits: 239 Marginal splits: 5
Reward: 38473.2752575 Total splits: 265 Good splits: 252 Marginal splits: 6
Reward: 36007.228009 Total splits: 245 Good splits: 231 Marginal splits: 8
Reward: 36223.9760045 Total splits: 284 Good splits: 267 Marginal splits: 13
Reward: 35506.9583824 Total splits: 262 Good splits: 249 Marginal splits: 9
Reward: 39440.6299328 Total splits: 235 Good splits: 229 Marginal splits: 8
Reward: 36993.0644915 Total splits: 260 Good splits: 251 Marginal splits: 10
Reward: 37564.813943 Total splits: 264 Good splits: 258 Marginal splits: 14
Reward: 34014.3697063 Total splits: 240 Good splits: 233 Marginal splits: 8
Reward: 37417.1712191 Total splits: 252 Good splits: 242 Marginal splits: 8
Reward: 36321.3875455 Total splits: 268 Good splits: 259 Marginal splits: 8
Reward: 37628.0961608 Total splits: 248 Good splits: 240 Marginal splits: 11
Reward: 35233.1398766 Total splits: 261 Good splits: 254 Marginal splits: 7
Reward: 39286.2368655 Total splits: 265 Good splits: 253 Marginal splits: 10
Reward: 34560.4531534 Total splits: 262 Good splits: 248 Marginal splits: 5
Reward: 38061.9206728 Total splits: 268 Good splits: 256 Marginal splits: 4
Reward: 36163.7370395 Total splits: 276 Good splits: 263 Marginal splits: 18
Reward: 37338.4709657 Total splits: 255 Good splits: 245 Marginal splits: 3
Reward: 35069.2720297 Total splits: 276 Good splits: 267 Marginal splits: 18
Reward: 38146.0401188 Total splits: 251 Good splits: 241 Marginal splits: 7
Reward: 37647.2231392 Total splits: 263 Good splits: 255 Marginal splits: 5
Reward: 37310.740992 Total splits: 261 Good splits: 254 Marginal splits: 6
Reward: 36591.2869845 Total splits: 257 Good splits: 247 Marginal splits: 7
Reward: 38108.2705632 Total splits: 276 Good splits: 267 Marginal splits: 11
Reward: 37609.0936166 Total splits: 242 Good splits: 234 Marginal splits: 13
Reward: 36943.9514222 Total splits: 279 Good splits: 263 Marginal splits: 21
Reward: 38326.7169848 Total splits: 264 Good splits: 252 Marginal splits: 8
Reward: 35469.4375491 Total splits: 249 Good splits: 236 Marginal splits: 10
Reward: 38064.2813455 Total splits: 252 Good splits: 246 Marginal splits: 21
Reward: 36289.2613634 Total splits: 246 Good splits: 233 Marginal splits: 7
Reward: 38169.6457954 Total splits: 266 Good splits: 254 Marginal splits: 8
Reward: 35714.0840523 Total splits: 268 Good splits: 254 Marginal splits: 9
Reward: 38786.9755882 Total splits: 245 Good splits: 233 Marginal splits: 12
Reward: 35152.5178367 Total splits: 270 Good splits: 257 Marginal splits: 11
Reward: 37876.760861 Total splits: 247 Good splits: 237 Marginal splits: 7
Reward: 37195.3973179 Total splits: 266 Good splits: 256 Marginal splits: 13
Reward: 39108.3698356 Total splits: 272 Good splits: 260 Marginal splits: 13
Reward: 36484.8008538 Total splits: 263 Good splits: 252 Marginal splits: 13
Reward: 35570.5402766 Total splits: 277 Good splits: 257 Marginal splits: 8
Reward: 34000.920995 Total splits: 252 Good splits: 243 Marginal splits: 6
Reward: 37547.0753597 Total splits: 242 Good splits: 229 Marginal splits: 4
Reward: 35727.736686 Total splits: 265 Good splits: 256 Marginal splits: 5
Reward: 38525.6504902 Total splits: 259 Good splits: 247 Marginal splits: 6
Reward: 35523.5016961 Total splits: 284 Good splits: 271 Marginal splits: 6
Reward: 38125.4550546 Total splits: 278 Good splits: 262 Marginal splits: 9
Reward: 37948.7343166 Total splits: 250 Good splits: 240 Marginal splits: 7
Reward: 35090.2103208 Total splits: 259 Good splits: 248 Marginal splits: 11
Reward: 36036.2880668 Total splits: 263 Good splits: 251 Marginal splits: 10
Reward: 36249.0373841 Total splits: 279 Good splits: 267 Marginal splits: 13
Reward: 35687.7164143 Total splits: 253 Good splits: 242 Marginal splits: 7
Reward: 35221.0093522 Total splits: 246 Good splits: 238 Marginal splits: 7
Reward: 35189.7211894 Total splits: 274 Good splits: 265 Marginal splits: 11
Reward: 36806.4516199 Total splits: 253 Good splits: 241 Marginal splits: 9
Reward: 37221.9016197 Total splits: 275 Good splits: 264 Marginal splits: 12
Reward: 36008.9454147 Total splits: 253 Good splits: 234 Marginal splits: 3
Reward: 38697.9292872 Total splits: 245 Good splits: 236 Marginal splits: 7
Reward: 34051.4734172 Total splits: 256 Good splits: 242 Marginal splits: 11
Reward: 37256.7374721 Total splits: 253 Good splits: 239 Marginal splits: 6
Reward: 35931.4401413 Total splits: 256 Good splits: 246 Marginal splits: 14
Reward: 35911.4990042 Total splits: 268 Good splits: 259 Marginal splits: 9
Reward: 37209.504598 Total splits: 277 Good splits: 269 Marginal splits: 7
Reward: 35986.1794504 Total splits: 262 Good splits: 250 Marginal splits: 3
Reward: 37440.30825 Total splits: 256 Good splits: 248 Marginal splits: 12
Reward: 37082.0309793 Total splits: 260 Good splits: 254 Marginal splits: 6
Reward: 36528.7685377 Total splits: 256 Good splits: 249 Marginal splits: 2
Reward: 39043.8109444 Total splits: 253 Good splits: 238 Marginal splits: 5
Reward: 35383.6093736 Total splits: 273 Good splits: 264 Marginal splits: 9
Reward: 38762.3267861 Total splits: 279 Good splits: 269 Marginal splits: 10
Reward: 35564.3326869 Total splits: 242 Good splits: 229 Marginal splits: 6
Reward: 37608.9036998 Total splits: 279 Good splits: 266 Marginal splits: 12
Reward: 36398.023699 Total splits: 259 Good splits: 250 Marginal splits: 13
Reward: 38916.2630796 Total splits: 273 Good splits: 262 Marginal splits: 6
Reward: 36103.9503508 Total splits: 283 Good splits: 269 Marginal splits: 9
Reward: 35305.4617462 Total splits: 262 Good splits: 247 Marginal splits: 20
Reward: 36748.314747 Total splits: 260 Good splits: 250 Marginal splits: 8
Reward: 36602.6795574 Total splits: 277 Good splits: 262 Marginal splits: 16
Reward: 35189.5845625 Total splits: 271 Good splits: 259 Marginal splits: 6
Reward: 35298.1834091 Total splits: 265 Good splits: 255 Marginal splits: 9
Reward: 36880.0749045 Total splits: 263 Good splits: 251 Marginal splits: 6
Reward: 37359.9209737 Total splits: 274 Good splits: 261 Marginal splits: 9
Reward: 36575.4494312 Total splits: 269 Good splits: 261 Marginal splits: 11
Reward: 38214.5816544 Total splits: 265 Good splits: 254 Marginal splits: 14
Reward: 36141.2611927 Total splits: 253 Good splits: 245 Marginal splits: 12
Reward: 36579.1118011 Total splits: 262 Good splits: 247 Marginal splits: 10
Reward: 38068.4894205 Total splits: 250 Good splits: 239 Marginal splits: 5
Reward: 37339.1724026 Total splits: 252 Good splits: 239 Marginal splits: 9
Reward: 36089.3197078 Total splits: 283 Good splits: 272 Marginal splits: 12
Reward: 34149.4812527 Total splits: 253 Good splits: 239 Marginal splits: 7
Reward: 35940.7494624 Total splits: 252 Good splits: 244 Marginal splits: 3
Reward: 36950.9914973 Total splits: 278 Good splits: 267 Marginal splits: 11
Reward: 37126.8429298 Total splits: 275 Good splits: 266 Marginal splits: 8
Reward: 37427.8969453 Total splits: 257 Good splits: 250 Marginal splits: 8
Reward: 37267.3924361 Total splits: 277 Good splits: 264 Marginal splits: 10
Reward: 35951.5014884 Total splits: 253 Good splits: 244 Marginal splits: 11
Reward: 37742.283307 Total splits: 253 Good splits: 242 Marginal splits: 7
Reward: 36011.6243253 Total splits: 294 Good splits: 276 Marginal splits: 21
Reward: 38531.7146247 Total splits: 264 Good splits: 252 Marginal splits: 12
Reward: 34975.9688969 Total splits: 266 Good splits: 252 Marginal splits: 7
Reward: 36849.6427105 Total splits: 281 Good splits: 271 Marginal splits: 10
Reward: 36485.8503158 Total splits: 258 Good splits: 245 Marginal splits: 11
Reward: 40388.1283121 Total splits: 261 Good splits: 251 Marginal splits: 2
Reward: 37190.0017481 Total splits: 248 Good splits: 231 Marginal splits: 6
Reward: 39571.874757 Total splits: 254 Good splits: 244 Marginal splits: 6
Reward: 35854.4727273 Total splits: 261 Good splits: 246 Marginal splits: 9
Reward: 35064.8344105 Total splits: 255 Good splits: 247 Marginal splits: 12
Reward: 35413.9019455 Total splits: 269 Good splits: 260 Marginal splits: 7
Reward: 31651.5322634 Total splits: 296 Good splits: 278 Marginal splits: 7
Reward: 36820.6354141 Total splits: 251 Good splits: 243 Marginal splits: 6
Reward: 39746.5290834 Total splits: 278 Good splits: 269 Marginal splits: 11
Reward: 33329.2941533 Total splits: 275 Good splits: 266 Marginal splits: 12
Reward: 37349.6011475 Total splits: 257 Good splits: 245 Marginal splits: 6
Reward: 36749.1578337 Total splits: 268 Good splits: 255 Marginal splits: 8
Reward: 38067.8760999 Total splits: 264 Good splits: 258 Marginal splits: 8
Reward: 37321.5435125 Total splits: 260 Good splits: 253 Marginal splits: 7
Reward: 37036.3801771 Total splits: 272 Good splits: 264 Marginal splits: 11
Reward: 35161.9283299 Total splits: 258 Good splits: 250 Marginal splits: 12
Reward: 36112.4471333 Total splits: 254 Good splits: 246 Marginal splits: 10
Reward: 35287.6316668 Total splits: 236 Good splits: 229 Marginal splits: 5
Reward: 37261.8698226 Total splits: 261 Good splits: 250 Marginal splits: 5
Reward: 35700.3638065 Total splits: 249 Good splits: 237 Marginal splits: 7
Reward: 38053.6802624 Total splits: 259 Good splits: 252 Marginal splits: 9
Reward: 36381.6858819 Total splits: 235 Good splits: 232 Marginal splits: 6
Reward: 37565.3965398 Total splits: 275 Good splits: 265 Marginal splits: 10
Reward: 37421.2918306 Total splits: 260 Good splits: 248 Marginal splits: 18
Reward: 35559.8417121 Total splits: 272 Good splits: 257 Marginal splits: 11
Reward: 38305.7015743 Total splits: 256 Good splits: 250 Marginal splits: 6
Reward: 35207.2269624 Total splits: 253 Good splits: 244 Marginal splits: 13
Reward: 34334.0642541 Total splits: 244 Good splits: 236 Marginal splits: 14
Reward: 36611.5679247 Total splits: 279 Good splits: 264 Marginal splits: 7
Reward: 36566.2523257 Total splits: 250 Good splits: 236 Marginal splits: 9
Reward: 35975.3596176 Total splits: 268 Good splits: 251 Marginal splits: 7
Reward: 37928.2181665 Total splits: 272 Good splits: 260 Marginal splits: 9
Reward: 36606.096012 Total splits: 253 Good splits: 244 Marginal splits: 12
Reward: 36905.8304168 Total splits: 253 Good splits: 244 Marginal splits: 10
Reward: 36134.9866723 Total splits: 275 Good splits: 259 Marginal splits: 16
Reward: 40349.5815916 Total splits: 249 Good splits: 239 Marginal splits: 5
Reward: 35405.073725 Total splits: 255 Good splits: 247 Marginal splits: 14
Reward: 36034.280414 Total splits: 262 Good splits: 252 Marginal splits: 13
Reward: 32908.9128449 Total splits: 254 Good splits: 241 Marginal splits: 8
Reward: 34455.72383 Total splits: 271 Good splits: 263 Marginal splits: 11
Reward: 36360.524164 Total splits: 236 Good splits: 224 Marginal splits: 8
Reward: 38537.3939499 Total splits: 281 Good splits: 274 Marginal splits: 12
Reward: 36650.1815194 Total splits: 244 Good splits: 233 Marginal splits: 13
Reward: 35631.7125708 Total splits: 262 Good splits: 251 Marginal splits: 9
Reward: 34149.5073224 Total splits: 253 Good splits: 236 Marginal splits: 7
Reward: 37272.0283921 Total splits: 272 Good splits: 267 Marginal splits: 13
Reward: 33908.7670443 Total splits: 257 Good splits: 248 Marginal splits: 10
Reward: 36442.0237569 Total splits: 276 Good splits: 269 Marginal splits: 9
Reward: 34282.6466153 Total splits: 258 Good splits: 250 Marginal splits: 14
Reward: 36806.2010908 Total splits: 269 Good splits: 261 Marginal splits: 7
Reward: 35826.9282976 Total splits: 258 Good splits: 246 Marginal splits: 6
Reward: 37650.0743345 Total splits: 255 Good splits: 246 Marginal splits: 12
Reward: 39054.5498727 Total splits: 242 Good splits: 235 Marginal splits: 4
Reward: 35394.8036325 Total splits: 260 Good splits: 249 Marginal splits: 12
Reward: 33489.8450133 Total splits: 294 Good splits: 283 Marginal splits: 11
Reward: 37291.9091454 Total splits: 241 Good splits: 231 Marginal splits: 12
Reward: 37310.4071595 Total splits: 279 Good splits: 271 Marginal splits: 9
Reward: 36163.6176854 Total splits: 270 Good splits: 255 Marginal splits: 11

Total results after running 200 tests
Average total rewards : 36670.3324389
Average total splits  : 262.315
Average good splits   : 251.525
Average good splits % : 95.8866248594

