70.2827414785 10
70.5654717948 10
70.8481797872 20
71.130854295 20
71.4134841585 30
71.6960582201 30
71.9785653243 40
72.2609943181 40
72.5433340517 50
72.8255733788 50
73.1077011571 60
73.3897062488 60
73.6715775206 70
73.9533038448 60
74.2348740993 50
74.5162771683 50
74.7975019424 40
75.0785373193 30
75.3593722043 20
75.6399955104 10
75.9203961592 20
76.2005630808 30
76.4804852149 40
76.7601515104 50
77.0395509268 60
77.3186724338 70
77.5975050121 70
77.8760376539 80
78.1542593632 80
78.4321591564 90
78.7097260623 90
78.9869491231 100
79.2638173946 100
79.5403199465 110
79.8164458628 110
80.0921842427 120
80.3675242004 120
80.6424548661 130
80.9169653858 130
81.1910449224 140
81.4646826558 140
81.737867783 150
82.0105895194 150
82.2828370983 160
82.5545997718 150
82.8258668111 140
83.0966275073 150
83.366871171 150
83.6365871335 140
83.9057647469 130
84.1743933845 130
84.4424624413 130
84.7099613345 120
84.9768795035 110
85.243206411 110
85.5089315429 120
85.7740444086 110
86.0385345421 100
86.3023915017 100
86.5656048708 110
86.8281642582 100
87.0900592985 90
87.3512796525 90
87.6118150077 100
87.8716550786 90
88.1307896071 90
88.3892083631 80
88.6469011447 80
88.9038577785 90
89.1600681204 90
89.4155220556 80
89.6702094993 70
89.9241203968 70
90.1772447241 80
90.4295724883 70
90.681093728 70
90.9317985135 60
91.1816769474 60
91.4307191651 70
91.6789153346 80
91.9262556576 90
92.1727303697 100
92.4183297403 100
92.6630440736 100
92.9068637088 110
93.1497790202 110
93.3917804179 120
93.6328583483 120
93.8730032938 130
94.1122057741 130
94.3504563457 140
94.587745603 130
94.8240641783 140
95.059402742 140
95.2937520033 150
95.5271027107 150
95.7594456518 160
95.990771654 160
96.2210715851 170
96.4503363532 170
96.6785569072 180
96.9057242376 180
97.131829376 190
97.3568633963 190
97.5808174144 200
97.8036825891 190
98.025450122 180
98.2461112581 190
98.4656572861 180
98.6840795387 170
98.9013693929 160
99.1175182706 160
99.3325176385 150
99.5463590089 150
99.7590339396 140
99.9705340345 150
100.180850944 150
100.389976365 150
100.597902043 150
100.804619767 160
101.010121377 160
101.214398762 170
101.417443855 170
101.619248641 180
101.819805153 180
102.019105474 190
102.217141736 200
102.41390612 200
102.609390858 190
102.803588234 190
102.99649058 180
103.188090281 170
103.378379773 160
103.567351544 160
103.754998133 160
103.941312133 150
104.126286188 160
104.309912996 170
104.492185306 160
104.673095925 160
104.852637709 150
105.030803571 140
105.207586476 140
105.382979446 130
105.556975557 130
105.729567939 140
105.900749779 140
106.070514319 150
106.238854857 140
106.405764747 130
106.571237399 140
106.735266282 130
106.89784492 120
107.058966893 120
107.218625842 110
107.376815464 110
107.533529513 120
107.688761802 130
107.842506203 120
107.994756648 110
108.145507124 100
108.294751681 100
108.442484426 110
108.588699529 120
108.733391215 110
108.876553774 110
109.018181552 100
109.15826896 90
109.296810466 90
109.433800602 100
109.569233959 100
109.70310519 90
109.83540901 100
109.966140197 110
110.095293588 100
110.222864087 110
110.348846655 110
110.47323632 120
110.596028172 130
110.717217361 140
110.836799104 130
110.954768681 130
111.071121433 140
111.185852768 140
111.298958156 150
111.410433131 150
111.520273294 160
111.628474308 160
111.7350319 170
111.839941865 170
111.943200061 180
112.044802411 180
112.144744904 190
112.243023594 200
112.339634603 200
112.434574115 190
112.527838383 190
112.619423725 200
112.709326525 190
112.797543233 180
112.884070368 170
112.968904514 160
113.05204232 160
113.133480506 150
113.213215855 140
113.291245221 130
113.367565523 120
113.442173747 120
113.515066949 110
113.586242251 100
113.655696842 100
113.723427981 90
113.789432994 90
113.853709275 100
113.916254287 110
113.977065561 110
114.036140695 120
114.093477357 120
114.149073285 110
114.202926283 100
114.255034225 100
114.305395054 90
114.354006782 80
114.400867489 80
114.445975327 90
114.489328513 90
114.530925337 80
114.570764156 80
114.608843398 90
114.645161559 90
114.679717206 80
114.712508973 70
114.743535568 70
114.772795764 80
114.800288407 80
114.826012411 70
114.849966762 60
114.872150512 60
114.892562786 70
114.911202779 80
114.928069755 80
114.943163047 90
114.956482061 90
114.968026269 80
114.977795216 80
114.985788518 70
114.992005857 70
114.996446989 60
114.999111739 50
115.0 50
114.999111739 60
114.996446989 60
114.992005857 50
114.985788518 40
114.977795216 40
114.968026269 50
114.956482061 50
114.943163047 40
114.928069755 30
114.911202779 30
114.892562786 30
114.872150512 40
114.849966762 40
114.826012411 30
114.800288407 30
114.772795764 20
114.743535568 20
114.712508973 10
114.679717206 10
114.645161559 20
114.608843398 10
114.570764156 20
114.530925337 30
114.489328513 20
114.445975327 20
114.400867489 30
114.354006782 30
114.305395054 20
114.255034225 30
114.202926283 30
114.149073285 40
114.093477357 50
114.036140695 40
113.977065561 30
113.916254287 40
113.853709275 50
113.789432994 60
113.723427981 60
113.655696842 50
113.586242251 60
113.515066949 70
113.442173747 70
113.367565523 60
113.291245221 50
113.213215855 60
113.133480506 70
113.05204232 80
112.968904514 90
112.884070368 90
112.797543233 100
112.709326525 90
112.619423725 100
112.527838383 110
112.434574115 110
112.339634603 120
112.243023594 130
112.144744904 140
112.044802411 150
111.943200061 150
111.839941865 160
111.7350319 150
111.628474308 140
111.520273294 130
111.410433131 120
111.298958156 130
111.185852768 130
111.071121433 140
110.954768681 140
110.836799104 130
110.717217361 130
110.596028172 130
110.47323632 140
110.348846655 140
110.222864087 150
110.095293588 140
109.966140197 130
109.83540901 130
109.70310519 120
109.569233959 120
109.433800602 130
109.296810466 120
109.15826896 110
109.018181552 110
108.876553774 100
108.733391215 90
108.588699529 80
108.442484426 80
108.294751681 80
108.145507124 70
107.994756648 70
107.842506203 70
107.688761802 80
107.533529513 90
107.376815464 90
107.218625842 80
107.058966893 70
106.89784492 80
106.735266282 80
106.571237399 70
106.405764747 60
106.238854857 60
106.070514319 70
105.900749779 70
105.729567939 60
105.556975557 50
105.382979446 50
105.207586476 60
105.030803571 70
104.852637709 60
104.673095925 60
104.492185306 50
104.309912996 40
104.126286188 30
103.941312133 30
103.754998133 30
103.567351544 20
103.378379773 10
103.188090281 20
102.99649058 20
102.803588234 30
102.609390858 40
102.41390612 40
102.217141736 50
102.019105474 40
101.819805153 40
101.619248641 30
101.417443855 20
101.214398762 30
101.010121377 40
100.804619767 40
100.597902043 50
100.389976365 50
100.180850944 60
99.9705340345 60
99.7590339396 50
99.5463590089 50
99.3325176385 60
99.1175182706 70
98.9013693929 80
98.6840795387 80
98.4656572861 80
98.2461112581 80
98.025450122 90
97.8036825891 100
97.5808174144 110
97.3568633963 100
97.131829376 90
96.9057242376 90
96.6785569072 80
96.4503363532 90
96.2210715851 90
95.990771654 100
95.7594456518 100
95.5271027107 90
95.2937520033 80
95.059402742 70
94.8240641783 80
94.587745603 90
94.3504563457 100
94.1122057741 110
93.8730032938 100
93.6328583483 110
93.3917804179 110
93.1497790202 120
92.9068637088 110
92.6630440736 120
92.4183297403 120
92.1727303697 130
91.9262556576 120
91.6789153346 120
91.4307191651 130
91.1816769474 130
90.9317985135 130
90.681093728 130
90.4295724883 140
90.1772447241 130
89.9241203968 120
89.6702094993 130
89.4155220556 120
89.1600681204 120
88.9038577785 120
88.6469011447 130
88.3892083631 130
88.1307896071 120
87.8716550786 110
87.6118150077 120
87.3512796525 130
87.0900592985 140
86.8281642582 130
86.5656048708 120
86.3023915017 110
86.0385345421 100
85.7740444086 90
85.5089315429 80
85.243206411 80
84.9768795035 70
84.7099613345 60
84.4424624413 60
84.1743933845 50
83.9057647469 50
83.6365871335 40
83.366871171 40
83.0966275073 50
82.8258668111 60
82.5545997718 70
82.2828370983 80
82.0105895194 70
81.737867783 70
81.4646826558 60
81.1910449224 60
80.9169653858 50
80.6424548661 60
80.3675242004 70
80.0921842427 60
79.8164458628 60
79.5403199465 70
79.2638173946 80
78.9869491231 70
78.7097260623 80
78.4321591564 70
78.1542593632 70
77.8760376539 60
77.5975050121 60
77.3186724338 50
77.0395509268 50
76.7601515104 40
76.4804852149 40
76.2005630808 50
75.9203961592 60
75.6399955104 70
75.3593722043 80
75.0785373193 80
74.7975019424 90
74.5162771683 80
74.2348740993 90
73.9533038448 90
73.6715775206 100
73.3897062488 110
73.1077011571 110
72.8255733788 100
72.5433340517 90
72.2609943181 100
71.9785653243 90
71.6960582201 90
71.4134841585 80
71.130854295 90
70.8481797872 90
70.5654717948 100
70.2827414785 100
70.0 110
69.7172585215 110
69.4345282052 120
69.1518202128 120
68.869145705 120
68.5865158415 110
68.3039417799 100
68.0214346757 100
67.7390056819 110
67.4566659483 120
67.1744266212 130
66.8922988429 130
66.6102937512 130
66.3284224794 120
66.0466961552 110
65.7651259007 100
65.4837228317 90
65.2024980576 100
64.9214626807 100
64.6406277957 90
64.3600044896 90
64.0796038408 100
63.7994369192 90
63.5195147851 80
63.2398484896 80
62.9604490732 90
62.6813275662 80
62.4024949879 70
62.1239623461 70
61.8457406368 80
61.5678408436 70
61.2902739377 60
61.0130508769 60
60.7361826054 70
60.4596800535 70
60.1835541372 70
59.9078157573 60
59.6324757996 60
59.3575451339 70
59.0830346142 70
58.8089550776 80
58.5353173442 80
58.262132217 90
57.9894104806 90
57.7171629017 100
57.4454002282 90
57.1741331889 80
56.9033724927 90
56.633128829 80
56.3634128665 70
56.0942352531 60
55.8256066155 50
55.5575375587 50
55.2900386655 60
55.0231204965 70
54.756793589 80
54.4910684571 80
54.2259555914 70
53.9614654579 70
53.6976084983 60
53.4343951292 60
53.1718357418 50
52.9099407015 40
52.6487203475 40
52.3881849923 50
52.1283449214 50
51.8692103929 40
51.6107916369 30
51.3530988553 30
51.0961422215 40
50.8399318796 40
50.5844779444 30
50.3297905007 20
50.0758796032 20
49.8227552759 30
49.5704275117 30
49.318906272 40
49.0682014865 40
48.8183230526 50
48.5692808349 50
48.3210846654 60
48.0737443424 60
47.8272696303 70
47.5816702597 70
47.3369559264 80
47.0931362912 80
46.8502209798 90
46.6082195821 90
46.3671416517 100
46.1269967062 100
45.8877942259 90
45.6495436543 80
45.412254397 70
45.1759358217 60
44.940597258 50
44.7062479967 40
44.4728972893 30
44.2405543482 30
44.009228346 20
43.7789284149 20
43.5496636468 30
43.3214430928 20
43.0942757624 10
42.868170624 20
42.6431366037 20
42.4191825856 10
42.1963174109 10
41.974549878 20
41.7538887419 30
41.5343427139 40
41.3159204613 50
41.0986306071 50
40.8824817294 60
40.6674823615 60
40.4536409911 50
40.2409660604 40
40.0294659655 40
39.8191490558 30
39.6100236346 30
39.4020979575 20
39.1953802332 20
38.9898786226 30
38.7856012384 40
38.5825561453 30
38.3807513591 40
38.1801948466 40
37.9808945256 50
37.782858264 50
37.58609388 50
37.3906091416 40
37.196411766 40
37.00350942 50
36.8119097189 60
36.6216202268 60
36.4326484559 70
36.2450018666 70
36.0586878669 80
35.873713812 80
35.6900870045 80
35.5078146936 80
35.3269040751 90
35.1473622911 90
34.9691964295 100
34.7924135241 100
34.6170205539 110
34.4430244431 110
34.2704320608 120
34.0992502208 120
33.9294856808 130
33.761145143 130
33.5942352531 140
33.4287626005 140
33.2647337177 150
33.1021550804 150
32.9410331067 160
32.7813741576 170
32.6231845362 170
32.4664704874 180
32.3112381981 180
32.1574937966 190
32.0052433524 190
31.8544928762 200
31.7052483192 200
31.5575155735 190
31.4113004713 180
31.2666087848 170
31.1234462263 160
30.9818184476 160
30.8417310399 150
30.7031895336 140
30.566199398 140
30.4307660414 130
30.2968948104 140
30.16459099 130
30.0338598034 130
29.9047064115 120
29.7771359132 120
29.6511533447 130
29.5267636795 130
29.4039718284 140
29.282782639 140
29.1632008956 150
29.0452313192 150
28.9288785668 160
28.8141472321 160
28.7010418442 160
28.5895668685 170
28.4797267058 170
28.3715256924 180
28.2649680999 170
28.160058135 160
28.0567999394 150
27.9551975895 140
27.8552550963 130
27.7569764056 120
27.6603653971 120
27.5654258848 110
27.4721616169 120
27.3805762752 110
27.2906734754 110
27.2024567667 100
27.1159296317 100
27.0310954864 110
26.9479576799 110
26.8665194942 100
26.7867841445 90
26.7087547786 90
26.6324344769 100
26.5578262525 90
26.4849330507 80
26.4137577492 80
26.3443031579 90
26.2765720188 80
26.2105670058 70
26.1462907246 70
26.0837457128 80
26.0229344394 70
25.9638593054 60
25.9065226427 60
25.850926715 70
25.7970737172 60
25.7449657752 50
25.6946049462 50
25.6459932183 60
25.5991325106 50
25.5540246732 40
25.5106714868 40
25.4690746629 50
25.4292358437 40
25.3911566019 30
25.3548384408 40
25.3202827944 50
25.2874910266 40
25.2564644321 30
25.2272042358 30
25.1997115929 30
25.1739875886 20
25.1500332385 20
25.1278494883 30
25.1074372137 20
25.0887972207 10
25.0719302451 10
25.0568369527 20
25.0435179395 20
25.0319737312 10
25.0222047835 10
25.0142114823 20
25.0079941429 30
25.0035530108 30
25.0008882615 20
25.0 30
25.0008882615 20
25.0035530108 20
25.0079941429 10
25.0142114823 10
25.0222047835 20
25.0319737312 20
25.0435179395 30
25.0568369527 40
25.0719302451 40
25.0887972207 30
25.1074372137 40
25.1278494883 40
25.1500332385 50
25.1739875886 50
25.1997115929 40
25.2272042358 50
25.2564644321 50
25.2874910266 60
25.3202827944 50
25.3548384408 60
25.3911566019 50
25.4292358437 60
25.4690746629 60
25.5106714868 60
25.5540246732 70
25.5991325106 60
25.6459932183 70
25.6946049462 70
25.7449657752 70
25.7970737172 80
25.850926715 90
25.9065226427 80
25.9638593054 80
26.0229344394 70
26.0837457128 80
26.1462907246 80
26.2105670058 90
26.2765720188 80
26.3443031579 90
26.4137577492 90
26.4849330507 90
26.5578262525 80
26.6324344769 90
26.7087547786 100
26.7867841445 90
26.8665194942 100
26.9479576799 100
27.0310954864 100
27.1159296317 110
27.2024567667 100
27.2906734754 110
27.3805762752 110
27.4721616169 120
27.5654258848 110
27.6603653971 120
27.7569764056 120
27.8552550963 120
27.9551975895 120
28.0567999394 130
28.160058135 120
28.2649680999 120
28.3715256924 120
28.4797267058 110
28.5895668685 100
28.7010418442 90
28.8141472321 100
28.9288785668 100
29.0452313192 100
29.1632008956 90
29.282782639 80
29.4039718284 70
29.5267636795 60
29.6511533447 70
29.7771359132 70
29.9047064115 60
30.0338598034 50
30.16459099 40
30.2968948104 40
30.4307660414 50
30.566199398 50
30.7031895336 60
30.8417310399 50
30.9818184476 60
31.1234462263 60
31.2666087848 70
31.4113004713 60
31.5575155735 70
31.7052483192 70
31.8544928762 80
32.0052433524 90
32.1574937966 80
32.3112381981 70
32.4664704874 80
32.6231845362 80
32.7813741576 80
32.9410331067 90
33.1021550804 90
33.2647337177 80
33.4287626005 70
33.5942352531 70
33.761145143 60
33.9294856808 60
34.0992502208 50
34.2704320608 50
34.4430244431 40
34.6170205539 40
34.7924135241 30
34.9691964295 40
35.1473622911 30
35.3269040751 40
35.5078146936 30
35.6900870045 30
35.873713812 30
36.0586878669 20
36.2450018666 10
36.4326484559 10
36.6216202268 20
36.8119097189 30
37.00350942 20
37.196411766 20
37.3906091416 20
37.58609388 10
37.782858264 10
37.9808945256 20
38.1801948466 30
38.3807513591 30
38.5825561453 20
38.7856012384 20
38.9898786226 10
39.1953802332 10
39.4020979575 20
39.6100236346 30
39.8191490558 30
40.0294659655 40
40.2409660604 30
40.4536409911 30
40.6674823615 20
40.8824817294 10
41.0986306071 20
41.3159204613 10
41.5343427139 10
41.7538887419 10
41.974549878 20
42.1963174109 30
42.4191825856 40
42.6431366037 50
42.868170624 40
43.0942757624 40
43.3214430928 30
43.5496636468 30
43.7789284149 20
44.009228346 20
44.2405543482 10
44.4728972893 20
44.7062479967 30
44.940597258 40
45.1759358217 50
45.412254397 50
45.6495436543 60
45.8877942259 70
46.1269967062 70
46.3671416517 60
46.6082195821 60
46.8502209798 50
47.0931362912 60
47.3369559264 70
47.5816702597 80
47.8272696303 70
48.0737443424 70
48.3210846654 80
48.5692808349 80
48.8183230526 80
49.0682014865 90
49.318906272 80
49.5704275117 80
49.8227552759 90
50.0758796032 80
50.3297905007 70
50.5844779444 60
50.8399318796 50
51.0961422215 40
51.3530988553 30
51.6107916369 30
51.8692103929 20
52.1283449214 10
52.3881849923 10
52.6487203475 10
52.9099407015 20
53.1718357418 30
53.4343951292 40
53.6976084983 50
53.9614654579 50
54.2259555914 60
54.4910684571 70
54.756793589 70
55.0231204965 60
55.2900386655 60
55.5575375587 50
55.8256066155 40
56.0942352531 40
56.3634128665 30
56.633128829 20
56.9033724927 20
57.1741331889 10
57.4454002282 10
57.7171629017 20
57.9894104806 20
58.262132217 10
58.5353173442 10
58.8089550776 20
59.0830346142 30
59.3575451339 30
59.6324757996 20
59.9078157573 20
60.1835541372 30
60.4596800535 40
60.7361826054 40
61.0130508769 50
61.2902739377 50
61.5678408436 60
61.8457406368 50
62.1239623461 40
62.4024949879 50
62.6813275662 60
62.9604490732 60
63.2398484896 50
63.5195147851 50
63.7994369192 40
64.0796038408 30
64.3600044896 30
64.6406277957 40
64.9214626807 40
65.2024980576 30
65.4837228317 20
65.7651259007 10
66.0466961552 10
66.3284224794 10
66.6102937512 20
66.8922988429 20
67.1744266212 30
67.4566659483 30
67.7390056819 20
68.0214346757 20
68.3039417799 10
68.5865158415 20
68.869145705 30
69.1518202128 40
69.4345282052 30
69.7172585215 40
70.0 40
70.2827414785 50
70.5654717948 50
70.8481797872 60
71.130854295 60
71.4134841585 50
71.6960582201 40
71.9785653243 30
72.2609943181 40
72.5433340517 40
72.8255733788 30
73.1077011571 30
73.3897062488 20
73.6715775206 20
73.9533038448 30
74.2348740993 20
74.5162771683 20
74.7975019424 10
75.0785373193 10
75.3593722043 20
75.6399955104 10
75.9203961592 10
76.2005630808 20
76.4804852149 30
76.7601515104 30
77.0395509268 40
77.3186724338 30
77.5975050121 40
77.8760376539 50
78.1542593632 40
78.4321591564 50
78.7097260623 60
78.9869491231 60
79.2638173946 70
79.5403199465 80
79.8164458628 80
80.0921842427 70
80.3675242004 70
80.6424548661 60
80.9169653858 50
81.1910449224 60
81.4646826558 50
81.737867783 50
82.0105895194 40
82.2828370983 50
82.5545997718 40
82.8258668111 30
83.0966275073 40
83.366871171 40
83.6365871335 30
83.9057647469 40
84.1743933845 30
84.4424624413 30
84.7099613345 20
84.9768795035 20
85.243206411 30
85.5089315429 30
85.7740444086 20
86.0385345421 10
86.3023915017 10
86.5656048708 10
86.8281642582 20
87.0900592985 20
87.3512796525 10
87.6118150077 10
87.8716550786 20
88.1307896071 20
88.3892083631 30
88.6469011447 20
88.9038577785 30
89.1600681204 40
89.4155220556 30
89.6702094993 40
89.9241203968 50
90.1772447241 50
90.4295724883 40
90.681093728 40
90.9317985135 50
91.1816769474 50
91.4307191651 40
91.6789153346 30
91.9262556576 30
92.1727303697 20
92.4183297403 20
92.6630440736 30
92.9068637088 40
93.1497790202 40
93.3917804179 30
93.6328583483 30
93.8730032938 20
94.1122057741 20
94.3504563457 10
94.587745603 20
94.8240641783 30
95.059402742 20
95.2937520033 10
95.5271027107 10
95.7594456518 10
95.990771654 20
96.2210715851 20
96.4503363532 10
96.6785569072 20
96.9057242376 30
97.131829376 40
97.3568633963 50
97.5808174144 40
97.8036825891 50
98.025450122 60
98.2461112581 50
98.4656572861 60
98.6840795387 60
98.9013693929 70
99.1175182706 70
99.3325176385 60
99.5463590089 70
99.7590339396 70
99.9705340345 80
100.180850944 80
100.389976365 70
100.597902043 80
100.804619767 90
101.010121377 100
101.214398762 90
101.417443855 100
101.619248641 90
101.819805153 90
102.019105474 80
102.217141736 80
102.41390612 90
102.609390858 100
102.803588234 100
102.99649058 90
103.188090281 80
103.378379773 70
103.567351544 70
103.754998133 60
103.941312133 50
104.126286188 60
104.309912996 60
104.492185306 50
104.673095925 60
104.852637709 70
105.030803571 60
105.207586476 60
105.382979446 70
105.556975557 60
105.729567939 50
105.900749779 50
106.070514319 40
106.238854857 40
106.405764747 40
106.571237399 50
106.735266282 60
106.89784492 50
107.058966893 50
107.218625842 40
107.376815464 30
107.533529513 30
107.688761802 40
107.842506203 30
107.994756648 30
108.145507124 20
108.294751681 20
108.442484426 10
108.588699529 10
108.733391215 10
108.876553774 20
109.018181552 20
109.15826896 10
109.296810466 20
109.433800602 30
109.569233959 20
109.70310519 20
109.83540901 10
109.966140197 10
110.095293588 20
110.222864087 20
110.348846655 20
110.47323632 10
110.596028172 20
110.717217361 30
110.836799104 40
110.954768681 40
111.071121433 50
111.185852768 50
111.298958156 40
111.410433131 50
111.520273294 60
111.628474308 60
111.7350319 70
111.839941865 70
111.943200061 80
112.044802411 80
112.144744904 70
112.243023594 80
112.339634603 90
112.434574115 80
112.527838383 90
112.619423725 100
112.709326525 100
112.797543233 110
112.884070368 120
112.968904514 120
113.05204232 110
113.133480506 100
113.213215855 110
113.291245221 110
113.367565523 120
113.442173747 130
113.515066949 120
113.586242251 110
113.655696842 120
113.723427981 120
113.789432994 120
113.853709275 130
113.916254287 130
113.977065561 130
114.036140695 140
114.093477357 140
114.149073285 140
114.202926283 150
114.255034225 150
114.305395054 160
114.354006782 160
114.400867489 170
114.445975327 160
114.489328513 160
114.530925337 170
114.570764156 170
114.608843398 180
114.645161559 170
114.679717206 170
114.712508973 180
114.743535568 170
114.772795764 180
114.800288407 180
114.826012411 190
114.849966762 190
114.872150512 190
114.892562786 180
114.911202779 170
114.928069755 180
114.943163047 180
114.956482061 190
114.968026269 190
114.977795216 200
114.985788518 190
114.992005857 200
114.996446989 200
114.999111739 200
115.0 200
114.999111739 190
114.996446989 200
114.992005857 190
114.985788518 180
114.977795216 170
114.968026269 160
114.956482061 170
114.943163047 160
114.928069755 150
114.911202779 160
114.892562786 160
114.872150512 150
114.849966762 150
114.826012411 150
114.800288407 140
114.772795764 140
114.743535568 150
114.712508973 140
114.679717206 130
114.645161559 120
114.608843398 110
114.570764156 100
114.530925337 100
114.489328513 90
114.445975327 100
114.400867489 110
114.354006782 110
114.305395054 110
114.255034225 120
114.202926283 130
114.149073285 130
114.093477357 140
114.036140695 140
113.977065561 130
113.916254287 120
113.853709275 120
113.789432994 110
113.723427981 100
113.655696842 100
113.586242251 90
113.515066949 90
113.442173747 90
113.367565523 100
113.291245221 100
113.213215855 90
113.133480506 80
113.05204232 80
112.968904514 70
112.884070368 70
112.797543233 70
112.709326525 70
112.619423725 60
112.527838383 70
112.434574115 80
112.339634603 80
112.243023594 90
112.144744904 80
112.044802411 80
111.943200061 90
111.839941865 90
111.7350319 90
111.628474308 100
111.520273294 110
111.410433131 100
111.298958156 90
111.185852768 100
111.071121433 110
110.954768681 110
110.836799104 120
110.717217361 110
110.596028172 110
110.47323632 120
110.348846655 110
110.222864087 110
110.095293588 120
109.966140197 120
109.83540901 120
109.70310519 110
109.569233959 120
109.433800602 120
109.296810466 110
109.15826896 100
109.018181552 110
108.876553774 110
108.733391215 100
108.588699529 100
108.442484426 90
108.294751681 100
108.145507124 90
107.994756648 90
107.842506203 90
107.688761802 100
107.533529513 110
107.376815464 110
107.218625842 120
107.058966893 130
106.89784492 130
106.735266282 140
106.571237399 130
106.405764747 140
106.238854857 140
106.070514319 140
105.900749779 150
105.729567939 150
105.556975557 150
105.382979446 160
105.207586476 150
105.030803571 160
104.852637709 160
104.673095925 160
104.492185306 170
104.309912996 180
104.126286188 170
103.941312133 170
103.754998133 180
103.567351544 180
103.378379773 190
103.188090281 180
102.99649058 190
102.803588234 190
102.609390858 200
102.41390612 200
102.217141736 190
102.019105474 190
101.819805153 200
101.619248641 200
101.417443855 200
101.214398762 190
101.010121377 180
100.804619767 180
100.597902043 180
100.389976365 170
100.180850944 160
99.9705340345 170
99.7590339396 160
99.5463590089 170
99.3325176385 160
99.1175182706 150
98.9013693929 160
98.6840795387 160
98.4656572861 150
98.2461112581 150
98.025450122 140
97.8036825891 140
97.5808174144 140
97.3568633963 130
97.131829376 120
96.9057242376 130
96.6785569072 130
96.4503363532 140
96.2210715851 150
95.990771654 140
95.7594456518 140
95.5271027107 130
95.2937520033 130
95.059402742 120
94.8240641783 110
94.587745603 100
94.3504563457 100
94.1122057741 100
93.8730032938 110
93.6328583483 110
93.3917804179 100
93.1497790202 90
92.9068637088 90
92.6630440736 100
92.4183297403 90
92.1727303697 100
91.9262556576 100
91.6789153346 110
91.4307191651 100
91.1816769474 100
90.9317985135 90
90.681093728 80
90.4295724883 70
90.1772447241 80
89.9241203968 80
89.6702094993 90
89.4155220556 90
89.1600681204 100
88.9038577785 100
88.6469011447 90
88.3892083631 100
88.1307896071 100
87.8716550786 110
87.6118150077 110
87.3512796525 120
87.0900592985 130
86.8281642582 120
86.5656048708 130
86.3023915017 130
86.0385345421 130
85.7740444086 140
85.5089315429 140
85.243206411 130
84.9768795035 140
84.7099613345 140
84.4424624413 150
84.1743933845 140
83.9057647469 150
83.6365871335 160
83.366871171 170
83.0966275073 160
82.8258668111 160
82.5545997718 150
82.2828370983 160
82.0105895194 160
81.737867783 170
81.4646826558 170
81.1910449224 180
80.9169653858 180
80.6424548661 180
80.3675242004 190
80.0921842427 190
79.8164458628 200
79.5403199465 200
79.2638173946 190
78.9869491231 190
78.7097260623 200
78.4321591564 190
78.1542593632 180
77.8760376539 180
77.5975050121 190
77.3186724338 180
77.0395509268 170
76.7601515104 170
76.4804852149 180
76.2005630808 180
75.9203961592 190
75.6399955104 180
75.3593722043 170
75.0785373193 160
74.7975019424 160
74.5162771683 170
74.2348740993 160
73.9533038448 150
73.6715775206 150
73.3897062488 140
73.1077011571 130
72.8255733788 130
72.5433340517 140
72.2609943181 140
71.9785653243 150
71.6960582201 160
71.4134841585 150
71.130854295 140
70.8481797872 130
70.5654717948 120
70.2827414785 110
70.0 110
69.7172585215 120
69.4345282052 120
69.1518202128 130
68.869145705 120
68.5865158415 130
68.3039417799 140
68.0214346757 140
67.7390056819 150
67.4566659483 150
67.1744266212 160
66.8922988429 160
66.6102937512 170
66.3284224794 170
66.0466961552 180
65.7651259007 180
65.4837228317 180
65.2024980576 190
64.9214626807 200
64.6406277957 200
64.3600044896 190
64.0796038408 190
63.7994369192 180
63.5195147851 170
63.2398484896 160
62.9604490732 150
62.6813275662 160
62.4024949879 160
62.1239623461 150
61.8457406368 140
61.5678408436 130
61.2902739377 120
61.0130508769 130
60.7361826054 130
60.4596800535 140
60.1835541372 130
59.9078157573 120
59.6324757996 120
59.3575451339 130
59.0830346142 130
58.8089550776 140
58.5353173442 140
58.262132217 130
57.9894104806 130
57.7171629017 140
57.4454002282 150
57.1741331889 150
56.9033724927 150
56.633128829 140
56.3634128665 130
56.0942352531 120
55.8256066155 110
55.5575375587 100
55.2900386655 110
55.0231204965 120
54.756793589 110
54.4910684571 100
54.2259555914 100
53.9614654579 110
53.6976084983 110
53.4343951292 100
53.1718357418 90
52.9099407015 100
52.6487203475 100
52.3881849923 100
52.1283449214 110
51.8692103929 110
51.6107916369 120
51.3530988553 120
51.0961422215 110
50.8399318796 100
50.5844779444 90
50.3297905007 80
50.0758796032 80
49.8227552759 70
49.5704275117 80
49.318906272 90
49.0682014865 90
48.8183230526 100
48.5692808349 110
48.3210846654 120
48.0737443424 130
47.8272696303 130
47.5816702597 140
47.3369559264 140
47.0931362912 130
46.8502209798 120
46.6082195821 120
46.3671416517 110
46.1269967062 120
45.8877942259 110
45.6495436543 110
45.412254397 100
45.1759358217 90
44.940597258 100
44.7062479967 100
44.4728972893 110
44.2405543482 110
44.009228346 100
43.7789284149 90
43.5496636468 90
43.3214430928 100
43.0942757624 90
42.868170624 80
42.6431366037 90
42.4191825856 80
42.1963174109 70
41.974549878 70
41.7538887419 60
41.5343427139 50
41.3159204613 50
41.0986306071 40
40.8824817294 40
40.6674823615 50
40.4536409911 60
40.2409660604 70
40.0294659655 70
39.8191490558 60
39.6100236346 70
39.4020979575 80
39.1953802332 80
38.9898786226 80
38.7856012384 90
38.5825561453 80
38.3807513591 80
38.1801948466 90
37.9808945256 100
37.782858264 90
37.58609388 100
37.3906091416 100
37.196411766 90
37.00350942 90
36.8119097189 100
36.6216202268 110
36.4326484559 100
36.2450018666 90
36.0586878669 100
35.873713812 110
35.6900870045 100
35.5078146936 100
35.3269040751 110
35.1473622911 120
34.9691964295 110
34.7924135241 110
34.6170205539 120
34.4430244431 120
34.2704320608 130
34.0992502208 120
33.9294856808 110
33.761145143 110
33.5942352531 100
33.4287626005 110
33.2647337177 120
33.1021550804 120
32.9410331067 130
32.7813741576 130
32.6231845362 130
32.4664704874 140
32.3112381981 130
32.1574937966 140
32.0052433524 140
31.8544928762 150
31.7052483192 150
31.5575155735 160
31.4113004713 150
31.2666087848 140
31.1234462263 140
30.9818184476 150
30.8417310399 150
30.7031895336 150
30.566199398 160
30.4307660414 160
30.2968948104 170
30.16459099 160
30.0338598034 150
29.9047064115 160
29.7771359132 150
29.6511533447 140
29.5267636795 130
29.4039718284 130
29.282782639 140
29.1632008956 140
29.0452313192 150
28.9288785668 150
28.8141472321 140
28.7010418442 140
28.5895668685 130
28.4797267058 120
28.3715256924 110
28.2649680999 120
28.160058135 130
28.0567999394 130
27.9551975895 120
27.8552550963 110
27.7569764056 110
27.6603653971 100
27.5654258848 110
27.4721616169 120
27.3805762752 120
27.2906734754 130
27.2024567667 140
27.1159296317 150
27.0310954864 160
26.9479576799 170
26.8665194942 160
26.7867841445 160
26.7087547786 150
26.6324344769 160
26.5578262525 160
26.4849330507 170
26.4137577492 180
26.3443031579 180
26.2765720188 190
26.2105670058 200
26.1462907246 200
26.0837457128 190
26.0229344394 190
25.9638593054 180
25.9065226427 190
25.850926715 190
25.7970737172 200
25.7449657752 190
25.6946049462 200
25.6459932183 200
25.5991325106 200
25.5540246732 190
25.5106714868 180
25.4690746629 170
25.4292358437 170
25.3911566019 180
25.3548384408 180
25.3202827944 170
25.2874910266 160
25.2564644321 170
25.2272042358 170
25.1997115929 180
25.1739875886 170
25.1500332385 160
25.1278494883 150
25.1074372137 150
25.0887972207 140
25.0719302451 150
25.0568369527 160
25.0435179395 150
25.0319737312 150
25.0222047835 140
25.0142114823 130
25.0079941429 130
25.0035530108 140
25.0008882615 140
25.0 130
25.0008882615 120
25.0035530108 130
25.0079941429 140
25.0142114823 140
25.0222047835 150
25.0319737312 140
25.0435179395 130
25.0568369527 120
25.0719302451 110
25.0887972207 110
25.1074372137 100
25.1278494883 90
25.1500332385 90
25.1739875886 80
25.1997115929 80
25.2272042358 90
25.2564644321 100
25.2874910266 90
25.3202827944 90
25.3548384408 90
25.3911566019 80
25.4292358437 70
25.4690746629 80
25.5106714868 90
25.5540246732 80
25.5991325106 70
25.6459932183 60
25.6946049462 50
25.7449657752 60
25.7970737172 50
25.850926715 50
25.9065226427 40
25.9638593054 30
26.0229344394 30
26.0837457128 30
26.1462907246 20
26.2105670058 30
26.2765720188 40
26.3443031579 40
26.4137577492 30
26.4849330507 30
26.5578262525 20
26.6324344769 10
26.7087547786 10
26.7867841445 20
26.8665194942 30
26.9479576799 40
27.0310954864 40
27.1159296317 50
27.2024567667 40
27.2906734754 40
27.3805762752 30
27.4721616169 40
27.5654258848 30
27.6603653971 40
27.7569764056 30
27.8552550963 20
27.9551975895 20
28.0567999394 10
28.160058135 10
28.2649680999 20
28.3715256924 20
28.4797267058 20
28.5895668685 30
28.7010418442 40
28.8141472321 30
28.9288785668 30
29.0452313192 30
29.1632008956 20
29.282782639 30
29.4039718284 40
29.5267636795 40
29.6511533447 50
29.7771359132 40
29.9047064115 50
30.0338598034 50
30.16459099 40
30.2968948104 40
30.4307660414 30
30.566199398 40
30.7031895336 50
30.8417310399 60
30.9818184476 50
31.1234462263 50
31.2666087848 40
31.4113004713 50
31.5575155735 40
31.7052483192 40
31.8544928762 50
32.0052433524 40
32.1574937966 40
32.3112381981 50
32.4664704874 50
32.6231845362 60
32.7813741576 60
32.9410331067 70
33.1021550804 60
33.2647337177 50
33.4287626005 40
33.5942352531 30
33.761145143 40
33.9294856808 30
34.0992502208 20
34.2704320608 20
34.4430244431 10
34.6170205539 10
34.7924135241 20
34.9691964295 10
35.1473622911 20
35.3269040751 30
35.5078146936 30
35.6900870045 20
35.873713812 20
36.0586878669 20
36.2450018666 30
36.4326484559 40
36.6216202268 30
36.8119097189 20
37.00350942 30
37.196411766 30
37.3906091416 40
37.58609388 40
37.782858264 50
37.9808945256 60
38.1801948466 60
38.3807513591 70
38.5825561453 70
38.7856012384 80
38.9898786226 90
39.1953802332 90
39.4020979575 100
39.6100236346 90
39.8191490558 80
40.0294659655 70
40.2409660604 80
40.4536409911 80
40.6674823615 70
40.8824817294 60
41.0986306071 60
41.3159204613 50
41.5343427139 60
41.7538887419 60
41.974549878 60
42.1963174109 60
42.4191825856 70
42.6431366037 70
42.868170624 60
43.0942757624 50
43.3214430928 50
43.5496636468 40
43.7789284149 30
44.009228346 30
44.2405543482 20
44.4728972893 20
44.7062479967 30
44.940597258 40
45.1759358217 40
45.412254397 40
45.6495436543 50
45.8877942259 40
46.1269967062 30
46.3671416517 30
46.6082195821 20
46.8502209798 20
47.0931362912 10
47.3369559264 20
47.5816702597 30
47.8272696303 40
48.0737443424 40
48.3210846654 50
48.5692808349 50
48.8183230526 60
49.0682014865 50
49.318906272 50
49.5704275117 60
49.8227552759 50
50.0758796032 40
50.3297905007 30
50.5844779444 40
50.8399318796 50
51.0961422215 60
51.3530988553 60
51.6107916369 70
51.8692103929 80
52.1283449214 90
52.3881849923 90
52.6487203475 80
52.9099407015 90
53.1718357418 90
53.4343951292 100
53.6976084983 90
53.9614654579 90
54.2259555914 80
54.4910684571 80
54.756793589 90
55.0231204965 100
55.2900386655 100
55.5575375587 110
55.8256066155 110
56.0942352531 120
56.3634128665 120
56.633128829 130
56.9033724927 130
57.1741331889 140
57.4454002282 130
57.7171629017 130
57.9894104806 120
58.262132217 120
58.5353173442 130
58.8089550776 130
59.0830346142 140
59.3575451339 140
59.6324757996 150
59.9078157573 150
60.1835541372 140
60.4596800535 140
60.7361826054 150
61.0130508769 160
61.2902739377 150
61.5678408436 150
61.8457406368 140
62.1239623461 140
62.4024949879 150
62.6813275662 150
62.9604490732 160
63.2398484896 170
63.5195147851 170
63.7994369192 160
64.0796038408 150
64.3600044896 160
64.6406277957 160
64.9214626807 170
65.2024980576 180
65.4837228317 190
65.7651259007 180
66.0466961552 180
66.3284224794 170
66.6102937512 170
66.8922988429 160
67.1744266212 170
67.4566659483 160
67.7390056819 160
68.0214346757 150
68.3039417799 140
68.5865158415 130
68.869145705 130
69.1518202128 140
69.4345282052 130
69.7172585215 120
70.0 110
70.2827414785 110
70.5654717948 100
70.8481797872 110
71.130854295 110
71.4134841585 120
71.6960582201 120
71.9785653243 130
72.2609943181 130
72.5433340517 120
72.8255733788 130
73.1077011571 140
73.3897062488 130
73.6715775206 120
73.9533038448 130
74.2348740993 120
74.5162771683 120
74.7975019424 110
75.0785373193 120
75.3593722043 120
75.6399955104 130
75.9203961592 120
76.2005630808 110
76.4804852149 100
76.7601515104 100
77.0395509268 110
77.3186724338 100
77.5975050121 90
77.8760376539 80
78.1542593632 80
78.4321591564 80
78.7097260623 70
78.9869491231 70
79.2638173946 60
79.5403199465 70
79.8164458628 60
80.0921842427 50
80.3675242004 40
80.6424548661 40
80.9169653858 50
81.1910449224 50
81.4646826558 50
81.737867783 50
82.0105895194 60
82.2828370983 50
82.5545997718 50
82.8258668111 60
83.0966275073 70
83.366871171 80
83.6365871335 80
83.9057647469 70
84.1743933845 60
84.4424624413 60
84.7099613345 70
84.9768795035 70
85.243206411 80
85.5089315429 90
85.7740444086 80
86.0385345421 90
86.3023915017 90
86.5656048708 100
86.8281642582 110
87.0900592985 110
87.3512796525 100
87.6118150077 90
87.8716550786 100
88.1307896071 100
88.3892083631 110
88.6469011447 110
88.9038577785 110
89.1600681204 120
89.4155220556 110
89.6702094993 120
89.9241203968 120
90.1772447241 120
90.4295724883 120
90.681093728 110
90.9317985135 120
91.1816769474 110
91.4307191651 110
91.6789153346 100
91.9262556576 90
92.1727303697 90
92.4183297403 80
92.6630440736 80
92.9068637088 80
93.1497790202 70
93.3917804179 70
93.6328583483 80
93.8730032938 90
94.1122057741 90
94.3504563457 100
94.587745603 110
94.8240641783 100
95.059402742 90
95.2937520033 100
95.5271027107 100
95.7594456518 100
95.990771654 110
96.2210715851 110
96.4503363532 120
96.6785569072 120
96.9057242376 120
97.131829376 120
97.3568633963 110
97.5808174144 120
97.8036825891 130
98.025450122 120
98.2461112581 120
98.4656572861 130
98.6840795387 130
98.9013693929 120
99.1175182706 130
99.3325176385 140
99.5463590089 150
99.7590339396 160
99.9705340345 160
100.180850944 160
100.389976365 160
100.597902043 170
100.804619767 170
101.010121377 180
101.214398762 190
101.417443855 200
101.619248641 190
101.819805153 180
102.019105474 170
102.217141736 170
102.41390612 160
102.609390858 170
102.803588234 180
102.99649058 180
103.188090281 170
103.378379773 160
103.567351544 150
103.754998133 140
103.941312133 150
104.126286188 150
104.309912996 140
104.492185306 130
104.673095925 130
104.852637709 140
105.030803571 130
105.207586476 140
105.382979446 140
105.556975557 130
105.729567939 130
105.900749779 120
106.070514319 130
106.238854857 130
106.405764747 120
106.571237399 110
106.735266282 100
106.89784492 90
107.058966893 100
107.218625842 100
107.376815464 110
107.533529513 120
107.688761802 120
107.842506203 130
107.994756648 120
108.145507124 120
108.294751681 110
108.442484426 110
108.588699529 120
108.733391215 120
108.876553774 130
109.018181552 120
109.15826896 110
109.296810466 110
109.433800602 100
109.569233959 110
109.70310519 110
109.83540901 100
109.966140197 100
110.095293588 90
110.222864087 100
110.348846655 100
110.47323632 110
110.596028172 120
110.717217361 120
110.836799104 130
110.954768681 130
111.071121433 120
111.185852768 130
111.298958156 140
111.410433131 130
111.520273294 140
111.628474308 140
111.7350319 150
111.839941865 150
111.943200061 150
112.044802411 140
112.144744904 150
112.243023594 140
112.339634603 150
112.434574115 150
112.527838383 160
112.619423725 150
112.709326525 150
112.797543233 160
112.884070368 160
112.968904514 170
113.05204232 170
113.133480506 160
113.213215855 170
113.291245221 180
113.367565523 190
113.442173747 180
113.515066949 180
113.586242251 170
113.655696842 170
113.723427981 180
113.789432994 180
113.853709275 190
113.916254287 190
113.977065561 180
114.036140695 190
114.093477357 190
114.149073285 200
114.202926283 190
114.255034225 180
114.305395054 170
114.354006782 160
114.400867489 170
114.445975327 170
114.489328513 160
114.530925337 160
114.570764156 150
114.608843398 150
114.645161559 160
114.679717206 150
114.712508973 140
114.743535568 150
114.772795764 140
114.800288407 140
114.826012411 130
114.849966762 140
114.872150512 140
114.892562786 150
114.911202779 140
114.928069755 130
114.943163047 130
114.956482061 130
114.968026269 120
114.977795216 110
114.985788518 120
114.992005857 120
114.996446989 120
114.999111739 110
115.0 100
114.999111739 110
114.996446989 110
114.992005857 120
114.985788518 120
114.977795216 120
114.968026269 120
114.956482061 120
114.943163047 120
114.928069755 120
114.911202779 120
114.892562786 120
114.872150512 120
114.849966762 120
114.826012411 120
114.800288407 120
114.772795764 120
114.743535568 120
114.712508973 120
114.679717206 120
114.645161559 130
114.608843398 120
114.570764156 110
114.530925337 110
114.489328513 120
114.445975327 130
114.400867489 120
114.354006782 120
114.305395054 120
114.255034225 120
114.202926283 120
114.149073285 110
114.093477357 110
114.036140695 110
113.977065561 100
113.916254287 110
113.853709275 100
113.789432994 110
113.723427981 110
113.655696842 110
113.586242251 110
113.515066949 110
113.442173747 110
113.367565523 110
113.291245221 110
113.213215855 100
113.133480506 100
113.05204232 110
112.968904514 110
112.884070368 110
112.797543233 110
112.709326525 110
112.619423725 110
112.527838383 100
112.434574115 110
112.339634603 110
112.243023594 110
112.144744904 110
112.044802411 110
111.943200061 110
111.839941865 120
111.7350319 130
111.628474308 120
111.520273294 120
111.410433131 120
111.298958156 120
111.185852768 120
111.071121433 120
110.954768681 120
110.836799104 120
110.717217361 120
110.596028172 120
110.47323632 120
110.348846655 120
110.222864087 120
110.095293588 130
109.966140197 120
109.83540901 110
109.70310519 120
109.569233959 130
109.433800602 120
109.296810466 130
109.15826896 140
109.018181552 130
108.876553774 130
108.733391215 140
108.588699529 140
108.442484426 150
108.294751681 150
108.145507124 140
107.994756648 150
107.842506203 160
107.688761802 150
107.533529513 160
107.376815464 170
107.218625842 160
107.058966893 160
106.89784492 170
106.735266282 170
106.571237399 180
106.405764747 180
106.238854857 190
106.070514319 190
105.900749779 180
105.729567939 190
105.556975557 190
105.382979446 180
105.207586476 170
105.030803571 160
104.852637709 170
104.673095925 160
104.492185306 170
104.309912996 170
104.126286188 180
103.941312133 170
103.754998133 170
103.567351544 160
103.378379773 150
103.188090281 140
102.99649058 150
102.803588234 150
102.609390858 140
102.41390612 140
102.217141736 130
102.019105474 140
101.819805153 150
101.619248641 160
101.417443855 160
101.214398762 150
101.010121377 140
100.804619767 140
100.597902043 130
100.389976365 130
100.180850944 120
99.9705340345 130
99.7590339396 130
99.5463590089 130
99.3325176385 140
99.1175182706 150
98.9013693929 150
98.6840795387 160
98.4656572861 160
98.2461112581 160
98.025450122 170
97.8036825891 170
97.5808174144 170
97.3568633963 180
97.131829376 170
96.9057242376 180
96.6785569072 180
96.4503363532 180
96.2210715851 190
95.990771654 180
95.7594456518 190
95.5271027107 190
95.2937520033 200
95.059402742 190
94.8240641783 200
94.587745603 200
94.3504563457 190
94.1122057741 200
93.8730032938 200
93.6328583483 190
93.3917804179 190
93.1497790202 200
92.9068637088 200
92.6630440736 190
92.4183297403 180
92.1727303697 190
91.9262556576 180
91.6789153346 180
91.4307191651 170
91.1816769474 160
90.9317985135 170
90.681093728 170
90.4295724883 170
90.1772447241 160
89.9241203968 160
89.6702094993 170
89.4155220556 160
89.1600681204 150
88.9038577785 150
88.6469011447 160
88.3892083631 160
88.1307896071 170
87.8716550786 160
87.6118150077 150
87.3512796525 140
87.0900592985 150
86.8281642582 150
86.5656048708 140
86.3023915017 130
86.0385345421 140
85.7740444086 140
85.5089315429 130
85.243206411 120
84.9768795035 130
84.7099613345 130
84.4424624413 120
84.1743933845 120
83.9057647469 120
83.6365871335 110
83.366871171 120
83.0966275073 120
82.8258668111 120
82.5545997718 110
82.2828370983 100
82.0105895194 90
81.737867783 80
81.4646826558 80
81.1910449224 90
80.9169653858 90
80.6424548661 100
80.3675242004 100
80.0921842427 110
79.8164458628 110
79.5403199465 110
79.2638173946 110
78.9869491231 120
78.7097260623 120
78.4321591564 130
78.1542593632 130
77.8760376539 140
77.5975050121 140
77.3186724338 150
77.0395509268 150
76.7601515104 140
76.4804852149 140
76.2005630808 150
75.9203961592 150
75.6399955104 160
75.3593722043 160
75.0785373193 150
74.7975019424 160
74.5162771683 160
74.2348740993 170
73.9533038448 170
73.6715775206 160
73.3897062488 170
73.1077011571 170
72.8255733788 180
72.5433340517 170
72.2609943181 170
71.9785653243 180
71.6960582201 190
71.4134841585 190
71.130854295 200
70.8481797872 200
70.5654717948 190
70.2827414785 180
70.0 180
69.7172585215 170
69.4345282052 160
69.1518202128 150
68.869145705 140
68.5865158415 130
68.3039417799 120
68.0214346757 110
67.7390056819 110
67.4566659483 110
67.1744266212 110
66.8922988429 110
66.6102937512 100
66.3284224794 90
66.0466961552 80
65.7651259007 70
65.4837228317 60
65.2024980576 60
64.9214626807 60
64.6406277957 60
64.3600044896 60
64.0796038408 60
63.7994369192 60
63.5195147851 60
63.2398484896 60
62.9604490732 60
62.6813275662 60
62.4024949879 60
62.1239623461 60
61.8457406368 60
61.5678408436 60
61.2902739377 60
61.0130508769 60
60.7361826054 60
60.4596800535 60
60.1835541372 60
59.9078157573 60
59.6324757996 60
59.3575451339 60
59.0830346142 60
58.8089550776 60
58.5353173442 60
58.262132217 60
57.9894104806 60
57.7171629017 60
57.4454002282 60
57.1741331889 60
56.9033724927 60
56.633128829 60
56.3634128665 60
56.0942352531 60
55.8256066155 60
55.5575375587 60
55.2900386655 60
55.0231204965 60
54.756793589 60
54.4910684571 60
54.2259555914 60
53.9614654579 60
53.6976084983 60
53.4343951292 60
53.1718357418 60
52.9099407015 60
52.6487203475 60
52.3881849923 60
52.1283449214 60
51.8692103929 60
51.6107916369 60
51.3530988553 60
51.0961422215 60
50.8399318796 60
50.5844779444 60
50.3297905007 60
50.0758796032 60
49.8227552759 60
49.5704275117 50
49.318906272 50
49.0682014865 50
48.8183230526 50
48.5692808349 50
48.3210846654 50
48.0737443424 50
47.8272696303 50
47.5816702597 50
47.3369559264 50
47.0931362912 50
46.8502209798 50
46.6082195821 50
46.3671416517 50
46.1269967062 50
45.8877942259 50
45.6495436543 50
45.412254397 50
45.1759358217 50
44.940597258 50
44.7062479967 50
44.4728972893 50
44.2405543482 50
44.009228346 50
43.7789284149 50
43.5496636468 50
43.3214430928 50
43.0942757624 50
42.868170624 50
42.6431366037 50
42.4191825856 50
42.1963174109 50
41.974549878 50
41.7538887419 50
41.5343427139 50
41.3159204613 50
41.0986306071 50
40.8824817294 50
40.6674823615 50
40.4536409911 50
40.2409660604 50
40.0294659655 50
39.8191490558 50
39.6100236346 40
39.4020979575 40
39.1953802332 40
38.9898786226 40
38.7856012384 40
38.5825561453 40
38.3807513591 40
38.1801948466 40
37.9808945256 40
37.782858264 40
37.58609388 40
37.3906091416 40
37.196411766 40
37.00350942 40
36.8119097189 40
36.6216202268 40
36.4326484559 40
36.2450018666 40
36.0586878669 40
35.873713812 40
35.6900870045 40
35.5078146936 40
35.3269040751 40
35.1473622911 40
34.9691964295 40
34.7924135241 40
34.6170205539 40
34.4430244431 40
34.2704320608 40
34.0992502208 40
33.9294856808 40
33.761145143 40
33.5942352531 40
33.4287626005 40
33.2647337177 40
33.1021550804 40
32.9410331067 40
32.7813741576 40
32.6231845362 40
32.4664704874 40
32.3112381981 40
32.1574937966 40
32.0052433524 40
31.8544928762 40
31.7052483192 40
31.5575155735 40
31.4113004713 40
31.2666087848 40
31.1234462263 40
30.9818184476 40
30.8417310399 40
30.7031895336 40
30.566199398 40
30.4307660414 40
30.2968948104 40
30.16459099 40
30.0338598034 40
29.9047064115 40
29.7771359132 30
29.6511533447 30
29.5267636795 30
29.4039718284 30
29.282782639 30
29.1632008956 30
29.0452313192 30
28.9288785668 30
28.8141472321 30
28.7010418442 30
28.5895668685 30
28.4797267058 30
28.3715256924 30
28.2649680999 30
28.160058135 30
28.0567999394 30
27.9551975895 30
27.8552550963 30
27.7569764056 30
27.6603653971 30
27.5654258848 30
27.4721616169 30
27.3805762752 30
27.2906734754 30
27.2024567667 30
27.1159296317 30
27.0310954864 30
26.9479576799 30
26.8665194942 30
26.7867841445 30
26.7087547786 30
26.6324344769 30
26.5578262525 30
26.4849330507 30
26.4137577492 30
26.3443031579 30
26.2765720188 30
26.2105670058 30
26.1462907246 30
26.0837457128 30
26.0229344394 30
25.9638593054 30
25.9065226427 30
25.850926715 30
25.7970737172 30
25.7449657752 30
25.6946049462 30
25.6459932183 30
25.5991325106 30
25.5540246732 30
25.5106714868 30
25.4690746629 30
25.4292358437 30
25.3911566019 30
25.3548384408 30
25.3202827944 30
25.2874910266 30
25.2564644321 30
25.2272042358 30
25.1997115929 30
25.1739875886 30
25.1500332385 30
25.1278494883 30
25.1074372137 30
25.0887972207 30
25.0719302451 30
25.0568369527 30
25.0435179395 30
25.0319737312 30
25.0222047835 30
25.0142114823 30
25.0079941429 30
25.0035530108 30
25.0008882615 30
25.0 30
25.0008882615 30
25.0035530108 30
25.0079941429 30
25.0142114823 30
25.0222047835 30
25.0319737312 30
25.0435179395 30
25.0568369527 30
25.0719302451 30
25.0887972207 30
25.1074372137 30
25.1278494883 30
25.1500332385 30
25.1739875886 30
25.1997115929 30
25.2272042358 30
25.2564644321 30
25.2874910266 30
25.3202827944 30
25.3548384408 30
25.3911566019 30
25.4292358437 30
25.4690746629 30
25.5106714868 30
25.5540246732 30
25.5991325106 30
25.6459932183 30
25.6946049462 30
25.7449657752 30
25.7970737172 30
25.850926715 30
25.9065226427 30
25.9638593054 30
26.0229344394 30
26.0837457128 30
26.1462907246 30
26.2105670058 30
26.2765720188 30
26.3443031579 30
26.4137577492 30
26.4849330507 30
26.5578262525 30
26.6324344769 30
26.7087547786 30
26.7867841445 30
26.8665194942 30
26.9479576799 30
27.0310954864 30
27.1159296317 30
27.2024567667 30
27.2906734754 30
27.3805762752 30
27.4721616169 30
27.5654258848 30
27.6603653971 30
27.7569764056 30
27.8552550963 30
27.9551975895 30
28.0567999394 30
28.160058135 30
28.2649680999 30
28.3715256924 30
28.4797267058 30
28.5895668685 30
28.7010418442 30
28.8141472321 30
28.9288785668 30
29.0452313192 30
29.1632008956 30
29.282782639 30
29.4039718284 30
29.5267636795 30
29.6511533447 30
29.7771359132 30
29.9047064115 30
30.0338598034 30
30.16459099 40
30.2968948104 40
30.4307660414 40
30.566199398 40
30.7031895336 40
30.8417310399 40
30.9818184476 40
31.1234462263 40
31.2666087848 40
31.4113004713 40
31.5575155735 40
31.7052483192 40
31.8544928762 40
32.0052433524 40
32.1574937966 40
32.3112381981 40
32.4664704874 40
32.6231845362 40
32.7813741576 40
32.9410331067 40
33.1021550804 40
33.2647337177 40
33.4287626005 40
33.5942352531 40
33.761145143 40
33.9294856808 40
34.0992502208 40
34.2704320608 40
34.4430244431 40
34.6170205539 40
34.7924135241 40
34.9691964295 40
35.1473622911 40
35.3269040751 40
35.5078146936 40
35.6900870045 40
35.873713812 40
36.0586878669 40
36.2450018666 40
36.4326484559 40
36.6216202268 40
36.8119097189 40
37.00350942 40
37.196411766 40
37.3906091416 40
37.58609388 40
37.782858264 40
37.9808945256 40
38.1801948466 40
38.3807513591 40
38.5825561453 40
38.7856012384 40
38.9898786226 40
39.1953802332 40
39.4020979575 40
39.6100236346 40
39.8191490558 40
40.0294659655 40
40.2409660604 50
40.4536409911 50
40.6674823615 50
40.8824817294 50
41.0986306071 50
41.3159204613 50
41.5343427139 50
41.7538887419 50
41.974549878 50
42.1963174109 50
42.4191825856 50
42.6431366037 50
42.868170624 50
43.0942757624 50
43.3214430928 50
43.5496636468 50
43.7789284149 50
44.009228346 50
44.2405543482 50
44.4728972893 50
44.7062479967 50
44.940597258 50
45.1759358217 50
45.412254397 50
45.6495436543 50
45.8877942259 50
46.1269967062 50
46.3671416517 50
46.6082195821 50
46.8502209798 50
47.0931362912 50
47.3369559264 50
47.5816702597 50
47.8272696303 50
48.0737443424 50
48.3210846654 50
48.5692808349 50
48.8183230526 50
49.0682014865 50
49.318906272 50
49.5704275117 50
49.8227552759 50
50.0758796032 50
50.3297905007 60
50.5844779444 60
50.8399318796 60
51.0961422215 60
51.3530988553 60
51.6107916369 60
51.8692103929 60
52.1283449214 60
52.3881849923 60
52.6487203475 60
52.9099407015 60
53.1718357418 60
53.4343951292 60
53.6976084983 60
53.9614654579 60
54.2259555914 60
54.4910684571 60
54.756793589 60
55.0231204965 60
55.2900386655 60
55.5575375587 60
55.8256066155 60
56.0942352531 60
56.3634128665 60
56.633128829 60
56.9033724927 60
57.1741331889 60
57.4454002282 60
57.7171629017 60
57.9894104806 60
58.262132217 60
58.5353173442 60
58.8089550776 60
59.0830346142 60
59.3575451339 60
59.6324757996 60
59.9078157573 60
60.1835541372 60
60.4596800535 60
60.7361826054 60
61.0130508769 60
61.2902739377 60
61.5678408436 60
61.8457406368 60
62.1239623461 60
62.4024949879 60
62.6813275662 60
62.9604490732 60
63.2398484896 60
63.5195147851 60
63.7994369192 60
64.0796038408 60
64.3600044896 60
64.6406277957 60
64.9214626807 60
65.2024980576 60
65.4837228317 60
65.7651259007 60
66.0466961552 60
66.3284224794 60
66.6102937512 60
66.8922988429 60
67.1744266212 60
67.4566659483 60
67.7390056819 60
68.0214346757 60
68.3039417799 60
68.5865158415 60
68.869145705 60
69.1518202128 60
69.4345282052 60
69.7172585215 60
70.0 60
70.2827414785 60
70.5654717948 70
70.8481797872 80
71.130854295 80
71.4134841585 80
71.6960582201 80
71.9785653243 80
72.2609943181 80
72.5433340517 80
72.8255733788 80
73.1077011571 80
73.3897062488 80
73.6715775206 80
73.9533038448 80
74.2348740993 80
74.5162771683 80
74.7975019424 80
75.0785373193 80
75.3593722043 80
75.6399955104 80
75.9203961592 80
76.2005630808 80
76.4804852149 80
76.7601515104 80
77.0395509268 80
77.3186724338 80
77.5975050121 80
77.8760376539 80
78.1542593632 80
78.4321591564 80
78.7097260623 80
78.9869491231 80
79.2638173946 80
79.5403199465 80
79.8164458628 80
80.0921842427 80
80.3675242004 90
80.6424548661 90
80.9169653858 90
81.1910449224 90
81.4646826558 90
81.737867783 90
82.0105895194 90
82.2828370983 90
82.5545997718 90
82.8258668111 100
83.0966275073 90
83.366871171 90
83.6365871335 90
83.9057647469 90
84.1743933845 90
84.4424624413 90
84.7099613345 90
84.9768795035 90
85.243206411 90
85.5089315429 90
85.7740444086 90
86.0385345421 90
86.3023915017 90
86.5656048708 90
86.8281642582 90
87.0900592985 90
87.3512796525 90
87.6118150077 90
87.8716550786 90
88.1307896071 90
88.3892083631 90
88.6469011447 90
88.9038577785 90
89.1600681204 90
89.4155220556 90
89.6702094993 90
89.9241203968 90
90.1772447241 90
90.4295724883 100
90.681093728 100
90.9317985135 100
91.1816769474 100
91.4307191651 100
91.6789153346 100
91.9262556576 100
92.1727303697 100
92.4183297403 100
92.6630440736 100
92.9068637088 100
93.1497790202 100
93.3917804179 100
93.6328583483 100
93.8730032938 100
94.1122057741 100
94.3504563457 100
94.587745603 100
94.8240641783 100
95.059402742 100
95.2937520033 100
95.5271027107 100
95.7594456518 100
95.990771654 100
96.2210715851 100
96.4503363532 100
96.6785569072 100
96.9057242376 100
97.131829376 100
97.3568633963 100
97.5808174144 100
97.8036825891 100
98.025450122 100
98.2461112581 100
98.4656572861 100
98.6840795387 100
98.9013693929 100
99.1175182706 100
99.3325176385 100
99.5463590089 100
99.7590339396 100
99.9705340345 100
100.180850944 100
100.389976365 110
100.597902043 110
100.804619767 110
101.010121377 110
101.214398762 110
101.417443855 110
101.619248641 120
101.819805153 110
102.019105474 110
102.217141736 110
102.41390612 110
102.609390858 110
102.803588234 110
102.99649058 110
103.188090281 110
103.378379773 110
103.567351544 110
103.754998133 110
103.941312133 110
104.126286188 110
104.309912996 110
104.492185306 110
104.673095925 110
104.852637709 110
105.030803571 110
105.207586476 110
105.382979446 110
105.556975557 110
105.729567939 110
105.900749779 110
106.070514319 110
106.238854857 110
106.405764747 110
106.571237399 110
106.735266282 110
106.89784492 110
107.058966893 110
107.218625842 110
107.376815464 110
107.533529513 110
107.688761802 110
107.842506203 110
107.994756648 110
108.145507124 110
108.294751681 110
108.442484426 110
108.588699529 110
108.733391215 110
108.876553774 110
109.018181552 110
109.15826896 110
109.296810466 110
109.433800602 110
109.569233959 110
109.70310519 110
109.83540901 110
109.966140197 110
110.095293588 110
110.222864087 110
110.348846655 110
110.47323632 110
110.596028172 110
110.717217361 110
110.836799104 110
110.954768681 110
111.071121433 110
111.185852768 110
111.298958156 110
111.410433131 110
111.520273294 110
111.628474308 110
111.7350319 110
111.839941865 110
111.943200061 110
112.044802411 110
112.144744904 110
112.243023594 110
112.339634603 110
112.434574115 110
112.527838383 110
112.619423725 110
112.709326525 110
112.797543233 110
112.884070368 110
112.968904514 110
113.05204232 110
113.133480506 110
113.213215855 110
113.291245221 110
113.367565523 110
113.442173747 110
113.515066949 110
113.586242251 110
113.655696842 110
113.723427981 110
113.789432994 110
113.853709275 110
113.916254287 110
113.977065561 110
114.036140695 110
114.093477357 110
114.149073285 110
114.202926283 110
114.255034225 110
114.305395054 110
114.354006782 110
114.400867489 110
114.445975327 110
114.489328513 110
114.530925337 110
114.570764156 110
114.608843398 110
114.645161559 110
114.679717206 110
114.712508973 110
114.743535568 110
114.772795764 110
114.800288407 110
114.826012411 110
114.849966762 110
114.872150512 110
114.892562786 110
114.911202779 110
114.928069755 110
114.943163047 110
114.956482061 110
114.968026269 110
114.977795216 110
114.985788518 110
114.992005857 110
114.996446989 110
114.999111739 110
115.0 110
114.999111739 110
114.996446989 110
114.992005857 110
114.985788518 110
114.977795216 110
114.968026269 110
114.956482061 110
114.943163047 110
114.928069755 110
114.911202779 110
114.892562786 110
114.872150512 110
114.849966762 110
114.826012411 110
114.800288407 110
114.772795764 110
114.743535568 110
114.712508973 110
114.679717206 110
114.645161559 110
114.608843398 110
114.570764156 110
114.530925337 110
114.489328513 110
114.445975327 110
114.400867489 110
114.354006782 110
114.305395054 110
114.255034225 110
114.202926283 110
114.149073285 110
114.093477357 110
114.036140695 110
113.977065561 110
113.916254287 110
113.853709275 110
113.789432994 110
113.723427981 110
113.655696842 110
113.586242251 110
113.515066949 110
113.442173747 110
113.367565523 110
113.291245221 110
113.213215855 110
113.133480506 110
113.05204232 110
112.968904514 110
112.884070368 110
112.797543233 110
112.709326525 110
112.619423725 110
112.527838383 110
112.434574115 110
112.339634603 110
112.243023594 110
112.144744904 110
112.044802411 110
111.943200061 110
111.839941865 110
111.7350319 110
111.628474308 110
111.520273294 110
111.410433131 110
111.298958156 110
111.185852768 110
111.071121433 110
110.954768681 110
110.836799104 110
110.717217361 110
110.596028172 110
110.47323632 110
110.348846655 110
110.222864087 110
110.095293588 110
109.966140197 110
109.83540901 110
109.70310519 110
109.569233959 110
109.433800602 110
109.296810466 110
109.15826896 110
109.018181552 110
108.876553774 110
108.733391215 110
108.588699529 110
108.442484426 110
108.294751681 110
108.145507124 110
107.994756648 110
107.842506203 110
107.688761802 110
107.533529513 110
107.376815464 110
107.218625842 110
107.058966893 110
106.89784492 110
106.735266282 110
106.571237399 110
106.405764747 110
106.238854857 110
106.070514319 110
105.900749779 110
105.729567939 110
105.556975557 110
105.382979446 110
105.207586476 110
105.030803571 110
104.852637709 110
104.673095925 110
104.492185306 110
104.309912996 110
104.126286188 110
103.941312133 110
103.754998133 110
103.567351544 110
103.378379773 110
103.188090281 110
102.99649058 110
102.803588234 110
102.609390858 110
102.41390612 110
102.217141736 110
102.019105474 110
101.819805153 110
101.619248641 110
101.417443855 110
101.214398762 110
101.010121377 110
100.804619767 110
100.597902043 110
100.389976365 110
100.180850944 110
99.9705340345 110
99.7590339396 100
99.5463590089 100
99.3325176385 100
99.1175182706 100
98.9013693929 100
98.6840795387 100
98.4656572861 100
98.2461112581 100
98.025450122 100
97.8036825891 100
97.5808174144 100
97.3568633963 100
97.131829376 100
96.9057242376 100
96.6785569072 100
96.4503363532 100
96.2210715851 100
95.990771654 100
95.7594456518 100
95.5271027107 100
95.2937520033 100
95.059402742 100
94.8240641783 100
94.587745603 100
94.3504563457 100
94.1122057741 100
93.8730032938 100
93.6328583483 100
93.3917804179 100
93.1497790202 100
92.9068637088 100
92.6630440736 100
92.4183297403 100
92.1727303697 100
91.9262556576 100
91.6789153346 100
91.4307191651 100
91.1816769474 100
90.9317985135 100
90.681093728 100
90.4295724883 100
90.1772447241 100
89.9241203968 100
89.6702094993 90
89.4155220556 90
89.1600681204 90
88.9038577785 90
88.6469011447 90
88.3892083631 90
88.1307896071 90
87.8716550786 90
87.6118150077 90
87.3512796525 90
87.0900592985 90
86.8281642582 90
86.5656048708 90
86.3023915017 90
86.0385345421 90
85.7740444086 90
85.5089315429 90
85.243206411 90
84.9768795035 90
84.7099613345 90
84.4424624413 90
84.1743933845 90
83.9057647469 90
83.6365871335 90
83.366871171 90
83.0966275073 90
82.8258668111 90
82.5545997718 90
82.2828370983 90
82.0105895194 90
81.737867783 90
81.4646826558 90
81.1910449224 90
80.9169653858 90
80.6424548661 90
80.3675242004 90
80.0921842427 90
79.8164458628 90
79.5403199465 80
79.2638173946 80
78.9869491231 80
78.7097260623 80
78.4321591564 80
78.1542593632 80
77.8760376539 80
77.5975050121 80
77.3186724338 80
77.0395509268 80
76.7601515104 80
76.4804852149 80
76.2005630808 80
75.9203961592 80
75.6399955104 80
75.3593722043 80
75.0785373193 80
74.7975019424 80
74.5162771683 80
74.2348740993 80
73.9533038448 80
73.6715775206 80
73.3897062488 80
73.1077011571 80
72.8255733788 80
72.5433340517 80
72.2609943181 80
71.9785653243 80
71.6960582201 80
71.4134841585 80
71.130854295 80
70.8481797872 80
70.5654717948 80
70.2827414785 80
70.0 80
69.7172585215 80
69.4345282052 70
69.1518202128 60
68.869145705 60
68.5865158415 60
68.3039417799 60
68.0214346757 60
67.7390056819 60
67.4566659483 60
67.1744266212 60
66.8922988429 60
66.6102937512 60
66.3284224794 60
66.0466961552 60
65.7651259007 60
65.4837228317 60
65.2024980576 60
64.9214626807 60
64.6406277957 60
64.3600044896 60
64.0796038408 60
63.7994369192 60
63.5195147851 60
63.2398484896 60
62.9604490732 60
62.6813275662 60
62.4024949879 60
62.1239623461 60
61.8457406368 60
61.5678408436 60
61.2902739377 60
61.0130508769 60
60.7361826054 60
60.4596800535 60
60.1835541372 60
59.9078157573 60
59.6324757996 60
59.3575451339 60
59.0830346142 60
58.8089550776 60
58.5353173442 60
58.262132217 60
57.9894104806 60
57.7171629017 60
57.4454002282 60
57.1741331889 60
56.9033724927 60
56.633128829 60
56.3634128665 60
56.0942352531 60
55.8256066155 60
55.5575375587 60
55.2900386655 60
55.0231204965 60
54.756793589 60
54.4910684571 60
54.2259555914 60
53.9614654579 60
53.6976084983 60
53.4343951292 60
53.1718357418 60
52.9099407015 60
52.6487203475 60
52.3881849923 60
52.1283449214 60
51.8692103929 60
51.6107916369 60
51.3530988553 60
51.0961422215 60
50.8399318796 60
50.5844779444 60
50.3297905007 60
50.0758796032 60
49.8227552759 60
49.5704275117 50
49.318906272 50
49.0682014865 50
48.8183230526 50
48.5692808349 50
48.3210846654 50
48.0737443424 50
47.8272696303 50
47.5816702597 50
47.3369559264 50
47.0931362912 50
46.8502209798 50
46.6082195821 50
46.3671416517 50
46.1269967062 50
45.8877942259 50
45.6495436543 50
45.412254397 50
45.1759358217 50
44.940597258 50
44.7062479967 50
44.4728972893 50
44.2405543482 50
44.009228346 50
43.7789284149 50
43.5496636468 50
43.3214430928 50
43.0942757624 50
42.868170624 50
42.6431366037 50
42.4191825856 50
42.1963174109 50
41.974549878 50
41.7538887419 50
41.5343427139 50
41.3159204613 50
41.0986306071 50
40.8824817294 50
40.6674823615 50
40.4536409911 50
40.2409660604 50
40.0294659655 50
39.8191490558 50
39.6100236346 40
39.4020979575 40
39.1953802332 40
38.9898786226 40
38.7856012384 40
38.5825561453 40
38.3807513591 40
38.1801948466 40
37.9808945256 40
37.782858264 40
37.58609388 40
37.3906091416 40
37.196411766 40
37.00350942 40
36.8119097189 40
36.6216202268 40
36.4326484559 40
36.2450018666 40
36.0586878669 40
35.873713812 40
35.6900870045 40
35.5078146936 40
35.3269040751 40
35.1473622911 40
34.9691964295 40
34.7924135241 40
34.6170205539 40
34.4430244431 40
34.2704320608 40
34.0992502208 40
33.9294856808 40
33.761145143 40
33.5942352531 40
33.4287626005 40
33.2647337177 40
33.1021550804 40
32.9410331067 40
32.7813741576 40
32.6231845362 40
32.4664704874 40
32.3112381981 40
32.1574937966 40
32.0052433524 40
31.8544928762 40
31.7052483192 40
31.5575155735 40
31.4113004713 40
31.2666087848 40
31.1234462263 40
30.9818184476 40
30.8417310399 40
30.7031895336 40
30.566199398 40
30.4307660414 40
30.2968948104 40
30.16459099 40
30.0338598034 40
29.9047064115 40
29.7771359132 30
29.6511533447 30
29.5267636795 30
29.4039718284 30
29.282782639 30
29.1632008956 30
29.0452313192 30
28.9288785668 30
28.8141472321 30
28.7010418442 30
28.5895668685 30
28.4797267058 30
28.3715256924 30
28.2649680999 30
28.160058135 30
28.0567999394 30
27.9551975895 30
27.8552550963 30
27.7569764056 30
27.6603653971 30
27.5654258848 30
27.4721616169 30
27.3805762752 30
27.2906734754 30
27.2024567667 30
27.1159296317 30
27.0310954864 30
26.9479576799 30
26.8665194942 30
26.7867841445 30
26.7087547786 30
26.6324344769 30
26.5578262525 30
26.4849330507 30
26.4137577492 30
26.3443031579 30
26.2765720188 30
26.2105670058 30
26.1462907246 30
26.0837457128 30
26.0229344394 30
25.9638593054 30
25.9065226427 30
25.850926715 30
25.7970737172 30
25.7449657752 30
25.6946049462 30
25.6459932183 30
25.5991325106 30
25.5540246732 30
25.5106714868 30
25.4690746629 30
25.4292358437 30
25.3911566019 30
25.3548384408 30
25.3202827944 30
25.2874910266 30
25.2564644321 30
25.2272042358 30
25.1997115929 30
25.1739875886 30
25.1500332385 30
25.1278494883 30
25.1074372137 30
25.0887972207 30
25.0719302451 30
25.0568369527 30
25.0435179395 30
25.0319737312 30
25.0222047835 30
25.0142114823 30
25.0079941429 30
25.0035530108 30
25.0008882615 30
25.0 30
25.0008882615 30
25.0035530108 30
25.0079941429 30
25.0142114823 30
25.0222047835 30
25.0319737312 30
25.0435179395 30
25.0568369527 30
25.0719302451 30
25.0887972207 30
25.1074372137 30
25.1278494883 30
25.1500332385 30
25.1739875886 30
25.1997115929 30
25.2272042358 30
25.2564644321 30
25.2874910266 30
25.3202827944 30
25.3548384408 30
25.3911566019 30
25.4292358437 30
25.4690746629 30
25.5106714868 30
25.5540246732 30
25.5991325106 30
25.6459932183 30
25.6946049462 30
25.7449657752 30
25.7970737172 30
25.850926715 30
25.9065226427 30
25.9638593054 30
26.0229344394 30
26.0837457128 30
26.1462907246 30
26.2105670058 30
26.2765720188 30
26.3443031579 30
26.4137577492 30
26.4849330507 30
26.5578262525 30
26.6324344769 30
26.7087547786 30
26.7867841445 30
26.8665194942 30
26.9479576799 30
27.0310954864 30
27.1159296317 30
27.2024567667 30
27.2906734754 30
27.3805762752 30
27.4721616169 30
27.5654258848 30
27.6603653971 30
27.7569764056 30
27.8552550963 30
27.9551975895 30
28.0567999394 30
28.160058135 30
28.2649680999 30
28.3715256924 30
28.4797267058 30
28.5895668685 30
28.7010418442 30
28.8141472321 30
28.9288785668 30
29.0452313192 30
29.1632008956 30
29.282782639 30
29.4039718284 30
29.5267636795 30
29.6511533447 30
29.7771359132 30
29.9047064115 30
30.0338598034 30
30.16459099 40
30.2968948104 40
30.4307660414 40
30.566199398 40
30.7031895336 40
30.8417310399 40
30.9818184476 40
31.1234462263 40
31.2666087848 40
31.4113004713 40
31.5575155735 40
31.7052483192 40
31.8544928762 40
32.0052433524 40
32.1574937966 40
32.3112381981 40
32.4664704874 40
32.6231845362 40
32.7813741576 40
32.9410331067 40
33.1021550804 40
33.2647337177 40
33.4287626005 40
33.5942352531 40
33.761145143 40
33.9294856808 40
34.0992502208 40
34.2704320608 40
34.4430244431 40
34.6170205539 40
34.7924135241 40
34.9691964295 40
35.1473622911 40
35.3269040751 40
35.5078146936 40
35.6900870045 40
35.873713812 40
36.0586878669 40
36.2450018666 40
36.4326484559 40
36.6216202268 40
36.8119097189 40
37.00350942 40
37.196411766 40
37.3906091416 40
37.58609388 40
37.782858264 40
37.9808945256 40
38.1801948466 40
38.3807513591 40
38.5825561453 40
38.7856012384 40
38.9898786226 40
39.1953802332 40
39.4020979575 40
39.6100236346 40
39.8191490558 40
40.0294659655 40
40.2409660604 50
40.4536409911 50
40.6674823615 50
40.8824817294 50
41.0986306071 50
41.3159204613 50
41.5343427139 50
41.7538887419 50
41.974549878 50
42.1963174109 50
42.4191825856 50
42.6431366037 50
42.868170624 50
43.0942757624 50
43.3214430928 50
43.5496636468 50
43.7789284149 50
44.009228346 50
44.2405543482 50
44.4728972893 50
44.7062479967 50
44.940597258 50
45.1759358217 50
45.412254397 50
45.6495436543 50
45.8877942259 50
46.1269967062 50
46.3671416517 50
46.6082195821 50
46.8502209798 50
47.0931362912 50
47.3369559264 50
47.5816702597 50
47.8272696303 50
48.0737443424 50
48.3210846654 50
48.5692808349 50
48.8183230526 50
49.0682014865 50
49.318906272 50
49.5704275117 50
49.8227552759 50
50.0758796032 50
50.3297905007 50
50.5844779444 50
50.8399318796 50
51.0961422215 50
51.3530988553 50
51.6107916369 50
51.8692103929 50
52.1283449214 50
52.3881849923 50
52.6487203475 50
52.9099407015 50
53.1718357418 50
53.4343951292 50
53.6976084983 50
53.9614654579 50
54.2259555914 50
54.4910684571 50
54.756793589 50
55.0231204965 50
55.2900386655 50
55.5575375587 50
55.8256066155 50
56.0942352531 50
56.3634128665 50
56.633128829 50
56.9033724927 50
57.1741331889 50
57.4454002282 50
57.7171629017 50
57.9894104806 50
58.262132217 50
58.5353173442 50
58.8089550776 50
59.0830346142 50
59.3575451339 50
59.6324757996 50
59.9078157573 50
60.1835541372 50
60.4596800535 60
60.7361826054 60
61.0130508769 60
61.2902739377 60
61.5678408436 60
61.8457406368 60
62.1239623461 60
62.4024949879 60
62.6813275662 60
62.9604490732 60
63.2398484896 60
63.5195147851 60
63.7994369192 60
64.0796038408 60
64.3600044896 60
64.6406277957 60
64.9214626807 60
65.2024980576 60
65.4837228317 60
65.7651259007 60
66.0466961552 60
66.3284224794 60
66.6102937512 60
66.8922988429 60
67.1744266212 60
67.4566659483 60
67.7390056819 60
68.0214346757 60
68.3039417799 60
68.5865158415 60
68.869145705 60
69.1518202128 60
69.4345282052 60
69.7172585215 60
70.0 60
70.2827414785 60
70.5654717948 70
70.8481797872 80
71.130854295 80
71.4134841585 80
71.6960582201 80
71.9785653243 80
72.2609943181 80
72.5433340517 80
72.8255733788 80
73.1077011571 80
73.3897062488 80
73.6715775206 80
73.9533038448 80
74.2348740993 80
74.5162771683 80
74.7975019424 80
75.0785373193 80
75.3593722043 80
75.6399955104 80
75.9203961592 80
76.2005630808 80
76.4804852149 80
76.7601515104 80
77.0395509268 80
77.3186724338 80
77.5975050121 80
77.8760376539 80
78.1542593632 80
78.4321591564 80
78.7097260623 80
78.9869491231 80
79.2638173946 80
79.5403199465 80
79.8164458628 80
80.0921842427 80
80.3675242004 90
80.6424548661 90
80.9169653858 90
81.1910449224 90
81.4646826558 90
81.737867783 90
82.0105895194 90
82.2828370983 90
82.5545997718 90
82.8258668111 90
83.0966275073 90
83.366871171 90
83.6365871335 90
83.9057647469 90
84.1743933845 90
84.4424624413 90
84.7099613345 90
84.9768795035 90
85.243206411 90
85.5089315429 90
85.7740444086 90
86.0385345421 90
86.3023915017 90
86.5656048708 90
86.8281642582 90
87.0900592985 90
87.3512796525 90
87.6118150077 90
87.8716550786 90
88.1307896071 90
88.3892083631 90
88.6469011447 90
88.9038577785 90
89.1600681204 90
89.4155220556 90
89.6702094993 90
89.9241203968 90
90.1772447241 90
90.4295724883 100
90.681093728 100
90.9317985135 100
91.1816769474 100
91.4307191651 100
91.6789153346 100
91.9262556576 100
92.1727303697 100
92.4183297403 100
92.6630440736 100
92.9068637088 100
93.1497790202 100
93.3917804179 100
93.6328583483 100
93.8730032938 100
94.1122057741 100
94.3504563457 100
94.587745603 100
94.8240641783 100
95.059402742 100
95.2937520033 100
95.5271027107 100
95.7594456518 100
95.990771654 100
96.2210715851 100
96.4503363532 100
96.6785569072 100
96.9057242376 100
97.131829376 100
97.3568633963 100
97.5808174144 100
97.8036825891 100
98.025450122 100
98.2461112581 100
98.4656572861 100
98.6840795387 100
98.9013693929 100
99.1175182706 100
99.3325176385 100
99.5463590089 100
99.7590339396 100
99.9705340345 100
100.180850944 100
100.389976365 110
100.597902043 110
100.804619767 110
101.010121377 110
101.214398762 110
101.417443855 110
101.619248641 110
101.819805153 110
102.019105474 110
102.217141736 110
102.41390612 110
102.609390858 110
102.803588234 110
102.99649058 110
103.188090281 110
103.378379773 110
103.567351544 110
103.754998133 110
103.941312133 110
104.126286188 110
104.309912996 110
104.492185306 110
104.673095925 110
104.852637709 110
105.030803571 110
105.207586476 110
105.382979446 110
105.556975557 110
105.729567939 110
105.900749779 110
106.070514319 110
106.238854857 110
106.405764747 110
106.571237399 110
106.735266282 110
106.89784492 110
107.058966893 110
107.218625842 110
107.376815464 110
107.533529513 110
107.688761802 110
107.842506203 110
107.994756648 110
108.145507124 110
108.294751681 110
108.442484426 110
108.588699529 110
108.733391215 110
108.876553774 110
109.018181552 110
109.15826896 110
109.296810466 110
109.433800602 110
109.569233959 110
109.70310519 110
109.83540901 110
109.966140197 110
110.095293588 110
110.222864087 110
110.348846655 110
110.47323632 110
110.596028172 110
110.717217361 110
110.836799104 110
110.954768681 110
111.071121433 110
111.185852768 110
111.298958156 110
111.410433131 110
111.520273294 110
111.628474308 110
111.7350319 110
111.839941865 110
111.943200061 110
112.044802411 110
112.144744904 110
112.243023594 110
112.339634603 110
112.434574115 110
112.527838383 110
112.619423725 110
112.709326525 110
112.797543233 110
112.884070368 110
112.968904514 110
113.05204232 110
113.133480506 110
113.213215855 110
113.291245221 110
113.367565523 110
113.442173747 110
113.515066949 110
113.586242251 110
113.655696842 110
113.723427981 110
113.789432994 110
113.853709275 110
113.916254287 110
113.977065561 110
114.036140695 110
114.093477357 110
114.149073285 110
114.202926283 110
114.255034225 110
114.305395054 110
114.354006782 110
114.400867489 110
114.445975327 110
114.489328513 110
114.530925337 110
114.570764156 110
114.608843398 110
114.645161559 110
114.679717206 110
114.712508973 110
114.743535568 110
114.772795764 110
114.800288407 110
114.826012411 110
114.849966762 110
114.872150512 110
114.892562786 110
114.911202779 110
114.928069755 110
114.943163047 110
114.956482061 110
114.968026269 110
114.977795216 110
114.985788518 110
114.992005857 110
114.996446989 110
114.999111739 110
115.0 110
114.999111739 110
114.996446989 110
114.992005857 110
114.985788518 110
114.977795216 110
114.968026269 110
114.956482061 110
114.943163047 110
114.928069755 110
114.911202779 110
114.892562786 110
114.872150512 110
114.849966762 110
114.826012411 110
114.800288407 110
114.772795764 110
114.743535568 110
114.712508973 110
114.679717206 110
114.645161559 110
114.608843398 110
114.570764156 110
114.530925337 110
114.489328513 110
114.445975327 110
114.400867489 110
114.354006782 110
114.305395054 110
114.255034225 110
114.202926283 110
114.149073285 110
114.093477357 110
114.036140695 110
113.977065561 110
113.916254287 110
113.853709275 110
113.789432994 110
113.723427981 110
113.655696842 110
113.586242251 110
113.515066949 110
113.442173747 110
113.367565523 110
113.291245221 110
113.213215855 110
113.133480506 110
113.05204232 110
112.968904514 110
112.884070368 110
112.797543233 110
112.709326525 110
112.619423725 110
112.527838383 110
112.434574115 110
112.339634603 110
112.243023594 110
112.144744904 110
112.044802411 110
111.943200061 110
111.839941865 110
111.7350319 110
111.628474308 110
111.520273294 110
111.410433131 110
111.298958156 110
111.185852768 110
111.071121433 110
110.954768681 110
110.836799104 110
110.717217361 110
110.596028172 110
110.47323632 110
110.348846655 110
110.222864087 110
110.095293588 110
109.966140197 110
109.83540901 110
109.70310519 110
109.569233959 110
109.433800602 110
109.296810466 110
109.15826896 110
109.018181552 110
108.876553774 110
108.733391215 110
108.588699529 110
108.442484426 110
108.294751681 110
108.145507124 110
107.994756648 110
107.842506203 110
107.688761802 110
107.533529513 110
107.376815464 110
107.218625842 110
107.058966893 110
106.89784492 110
106.735266282 110
106.571237399 110
106.405764747 110
106.238854857 110
106.070514319 110
105.900749779 110
105.729567939 110
105.556975557 110
105.382979446 110
105.207586476 110
105.030803571 110
104.852637709 110
104.673095925 110
104.492185306 110
104.309912996 110
104.126286188 110
103.941312133 110
103.754998133 110
103.567351544 110
103.378379773 110
103.188090281 110
102.99649058 110
102.803588234 110
102.609390858 110
102.41390612 110
102.217141736 110
102.019105474 110
101.819805153 110
101.619248641 110
101.417443855 110
101.214398762 110
101.010121377 110
100.804619767 110
100.597902043 110
100.389976365 110
100.180850944 110
99.9705340345 110
99.7590339396 100
99.5463590089 100
99.3325176385 100
99.1175182706 100
98.9013693929 100
98.6840795387 100
98.4656572861 100
98.2461112581 100
98.025450122 100
97.8036825891 100
97.5808174144 100
97.3568633963 100
97.131829376 100
96.9057242376 100
96.6785569072 100
96.4503363532 100
96.2210715851 100
95.990771654 100
95.7594456518 100
95.5271027107 100
95.2937520033 100
95.059402742 100
94.8240641783 100
94.587745603 100
94.3504563457 100
94.1122057741 100
93.8730032938 100
93.6328583483 100
93.3917804179 100
93.1497790202 100
92.9068637088 100
92.6630440736 100
92.4183297403 100
92.1727303697 100
91.9262556576 100
91.6789153346 100
91.4307191651 100
91.1816769474 100
90.9317985135 100
90.681093728 100
90.4295724883 100
90.1772447241 100
89.9241203968 100
89.6702094993 90
89.4155220556 90
89.1600681204 90
88.9038577785 90
88.6469011447 90
88.3892083631 90
88.1307896071 90
87.8716550786 90
87.6118150077 90
87.3512796525 90
87.0900592985 90
86.8281642582 90
86.5656048708 90
86.3023915017 90
86.0385345421 90
85.7740444086 90
85.5089315429 90
85.243206411 90
84.9768795035 90
84.7099613345 90
84.4424624413 90
84.1743933845 90
83.9057647469 90
83.6365871335 90
83.366871171 90
83.0966275073 90
82.8258668111 90
82.5545997718 90
82.2828370983 90
82.0105895194 90
81.737867783 90
81.4646826558 90
81.1910449224 90
80.9169653858 90
80.6424548661 90
80.3675242004 90
80.0921842427 90
79.8164458628 90
79.5403199465 80
79.2638173946 80
78.9869491231 80
78.7097260623 80
78.4321591564 80
78.1542593632 80
77.8760376539 80
77.5975050121 80
77.3186724338 80
77.0395509268 80
76.7601515104 80
76.4804852149 80
76.2005630808 80
75.9203961592 80
75.6399955104 80
75.3593722043 80
75.0785373193 80
74.7975019424 80
74.5162771683 80
74.2348740993 80
73.9533038448 80
73.6715775206 80
73.3897062488 80
73.1077011571 80
72.8255733788 80
72.5433340517 80
72.2609943181 80
71.9785653243 80
71.6960582201 80
71.4134841585 80
71.130854295 80
70.8481797872 80
70.5654717948 80
70.2827414785 80
70.0 80
69.7172585215 80
69.4345282052 70
69.1518202128 60
68.869145705 60
68.5865158415 60
68.3039417799 60
68.0214346757 60
67.7390056819 60
67.4566659483 60
67.1744266212 60
66.8922988429 60
66.6102937512 60
66.3284224794 60
66.0466961552 60
65.7651259007 60
65.4837228317 60
65.2024980576 60
64.9214626807 60
64.6406277957 60
64.3600044896 60
64.0796038408 60
63.7994369192 60
63.5195147851 60
63.2398484896 60
62.9604490732 60
62.6813275662 60
62.4024949879 60
62.1239623461 60
61.8457406368 60
61.5678408436 60
61.2902739377 60
61.0130508769 60
60.7361826054 60
60.4596800535 60
60.1835541372 60
59.9078157573 60
59.6324757996 60
59.3575451339 60
59.0830346142 60
58.8089550776 60
58.5353173442 60
58.262132217 60
57.9894104806 60
57.7171629017 60
57.4454002282 60
57.1741331889 60
56.9033724927 60
56.633128829 60
56.3634128665 60
56.0942352531 60
55.8256066155 60
55.5575375587 60
55.2900386655 60
55.0231204965 60
54.756793589 60
54.4910684571 60
54.2259555914 60
53.9614654579 60
53.6976084983 60
53.4343951292 60
53.1718357418 60
52.9099407015 60
52.6487203475 60
52.3881849923 60
52.1283449214 60
51.8692103929 60
51.6107916369 60
51.3530988553 60
51.0961422215 60
50.8399318796 60
50.5844779444 60
50.3297905007 60
50.0758796032 60
49.8227552759 60
49.5704275117 50
49.318906272 50
49.0682014865 50
48.8183230526 50
48.5692808349 50
48.3210846654 50
48.0737443424 50
47.8272696303 50
47.5816702597 50
47.3369559264 50
47.0931362912 50
46.8502209798 50
46.6082195821 50
46.3671416517 50
46.1269967062 50
45.8877942259 50
45.6495436543 50
45.412254397 50
45.1759358217 50
44.940597258 50
44.7062479967 50
44.4728972893 50
44.2405543482 50
44.009228346 50
43.7789284149 50
43.5496636468 50
43.3214430928 50
43.0942757624 50
42.868170624 50
42.6431366037 50
42.4191825856 50
42.1963174109 50
41.974549878 50
41.7538887419 50
41.5343427139 50
41.3159204613 50
41.0986306071 50
40.8824817294 50
40.6674823615 50
40.4536409911 50
40.2409660604 50
40.0294659655 50
39.8191490558 50
39.6100236346 40
39.4020979575 40
39.1953802332 40
38.9898786226 40
38.7856012384 40
38.5825561453 40
38.3807513591 40
38.1801948466 40
37.9808945256 40
37.782858264 40
37.58609388 40
37.3906091416 40
37.196411766 40
37.00350942 40
36.8119097189 40
36.6216202268 40
36.4326484559 40
36.2450018666 40
36.0586878669 40
35.873713812 40
35.6900870045 40
35.5078146936 40
35.3269040751 40
35.1473622911 40
34.9691964295 40
34.7924135241 40
34.6170205539 40
34.4430244431 40
34.2704320608 40
34.0992502208 40
33.9294856808 40
33.761145143 40
33.5942352531 40
33.4287626005 40
33.2647337177 40
33.1021550804 40
32.9410331067 40
32.7813741576 40
32.6231845362 40
32.4664704874 40
32.3112381981 40
32.1574937966 40
32.0052433524 40
31.8544928762 40
31.7052483192 40
31.5575155735 40
31.4113004713 40
31.2666087848 40
31.1234462263 40
30.9818184476 40
30.8417310399 40
30.7031895336 40
30.566199398 40
30.4307660414 40
30.2968948104 40
30.16459099 40
30.0338598034 40
29.9047064115 40
29.7771359132 30
29.6511533447 30
29.5267636795 30
29.4039718284 30
29.282782639 30
29.1632008956 30
29.0452313192 30
28.9288785668 30
28.8141472321 30
28.7010418442 30
28.5895668685 30
28.4797267058 30
28.3715256924 30
28.2649680999 30
28.160058135 30
28.0567999394 30
27.9551975895 30
27.8552550963 30
27.7569764056 30
27.6603653971 30
27.5654258848 30
27.4721616169 30
27.3805762752 30
27.2906734754 30
27.2024567667 30
27.1159296317 30
27.0310954864 30
26.9479576799 30
26.8665194942 30
26.7867841445 30
26.7087547786 30
26.6324344769 30
26.5578262525 30
26.4849330507 30
26.4137577492 30
26.3443031579 30
26.2765720188 30
26.2105670058 30
26.1462907246 30
26.0837457128 30
26.0229344394 30
25.9638593054 30
25.9065226427 30
25.850926715 30
25.7970737172 30
25.7449657752 30
25.6946049462 30
25.6459932183 30
25.5991325106 30
25.5540246732 30
25.5106714868 30
25.4690746629 30
25.4292358437 30
25.3911566019 30
25.3548384408 30
25.3202827944 30
25.2874910266 30
25.2564644321 30
25.2272042358 30
25.1997115929 30
25.1739875886 30
25.1500332385 30
25.1278494883 30
25.1074372137 30
25.0887972207 30
25.0719302451 30
25.0568369527 30
25.0435179395 30
25.0319737312 30
25.0222047835 30
25.0142114823 30
25.0079941429 30
25.0035530108 30
25.0008882615 30
25.0 30
25.0008882615 30
25.0035530108 30
25.0079941429 30
25.0142114823 30
25.0222047835 30
25.0319737312 30
25.0435179395 30
25.0568369527 30
25.0719302451 30
25.0887972207 30
25.1074372137 30
25.1278494883 30
25.1500332385 30
25.1739875886 30
25.1997115929 30
25.2272042358 30
25.2564644321 30
25.2874910266 30
25.3202827944 30
25.3548384408 30
25.3911566019 30
25.4292358437 30
25.4690746629 30
25.5106714868 30
25.5540246732 30
25.5991325106 30
25.6459932183 30
25.6946049462 30
25.7449657752 30
25.7970737172 30
25.850926715 30
25.9065226427 30
25.9638593054 30
26.0229344394 30
26.0837457128 30
26.1462907246 30
26.2105670058 30
26.2765720188 30
26.3443031579 30
26.4137577492 30
26.4849330507 30
26.5578262525 30
26.6324344769 30
26.7087547786 30
26.7867841445 30
26.8665194942 30
26.9479576799 30
27.0310954864 30
27.1159296317 30
27.2024567667 30
27.2906734754 30
27.3805762752 30
27.4721616169 30
27.5654258848 30
27.6603653971 30
27.7569764056 30
27.8552550963 30
27.9551975895 30
28.0567999394 30
28.160058135 30
28.2649680999 30
28.3715256924 30
28.4797267058 30
28.5895668685 30
28.7010418442 30
28.8141472321 30
28.9288785668 30
29.0452313192 30
29.1632008956 30
29.282782639 30
29.4039718284 30
29.5267636795 30
29.6511533447 30
29.7771359132 30
29.9047064115 30
30.0338598034 30
30.16459099 40
30.2968948104 40
30.4307660414 40
30.566199398 40
30.7031895336 40
30.8417310399 40
30.9818184476 40
31.1234462263 40
31.2666087848 40
31.4113004713 40
31.5575155735 40
31.7052483192 40
31.8544928762 40
32.0052433524 40
32.1574937966 40
32.3112381981 40
32.4664704874 40
32.6231845362 40
32.7813741576 40
32.9410331067 40
33.1021550804 40
33.2647337177 40
33.4287626005 40
33.5942352531 40
33.761145143 40
33.9294856808 40
34.0992502208 40
34.2704320608 40
34.4430244431 40
34.6170205539 40
34.7924135241 40
34.9691964295 40
35.1473622911 40
35.3269040751 40
35.5078146936 40
35.6900870045 40
35.873713812 40
36.0586878669 40
36.2450018666 40
36.4326484559 40
36.6216202268 40
36.8119097189 40
37.00350942 40
37.196411766 40
37.3906091416 40
37.58609388 40
37.782858264 40
37.9808945256 40
38.1801948466 40
38.3807513591 40
38.5825561453 40
38.7856012384 40
38.9898786226 40
39.1953802332 40
39.4020979575 40
39.6100236346 40
39.8191490558 40
40.0294659655 40
40.2409660604 50
40.4536409911 50
40.6674823615 50
40.8824817294 50
41.0986306071 50
41.3159204613 50
41.5343427139 50
41.7538887419 50
41.974549878 50
42.1963174109 50
42.4191825856 50
42.6431366037 50
42.868170624 50
43.0942757624 50
43.3214430928 50
43.5496636468 50
43.7789284149 50
44.009228346 50
44.2405543482 50
44.4728972893 50
44.7062479967 50
44.940597258 50
45.1759358217 50
45.412254397 50
45.6495436543 50
45.8877942259 50
46.1269967062 50
46.3671416517 50
46.6082195821 50
46.8502209798 50
47.0931362912 50
47.3369559264 50
47.5816702597 50
47.8272696303 50
48.0737443424 50
48.3210846654 50
48.5692808349 50
48.8183230526 50
49.0682014865 50
49.318906272 50
49.5704275117 50
49.8227552759 50
50.0758796032 50
50.3297905007 50
50.5844779444 50
50.8399318796 50
51.0961422215 50
51.3530988553 50
51.6107916369 50
51.8692103929 50
52.1283449214 50
52.3881849923 50
52.6487203475 50
52.9099407015 50
53.1718357418 50
53.4343951292 50
53.6976084983 50
53.9614654579 50
54.2259555914 50
54.4910684571 50
54.756793589 50
55.0231204965 50
55.2900386655 50
55.5575375587 50
55.8256066155 50
56.0942352531 50
56.3634128665 50
56.633128829 50
56.9033724927 50
57.1741331889 50
57.4454002282 50
57.7171629017 50
57.9894104806 50
58.262132217 50
58.5353173442 50
58.8089550776 50
59.0830346142 50
59.3575451339 50
59.6324757996 50
59.9078157573 50
60.1835541372 50
60.4596800535 60
60.7361826054 60
61.0130508769 60
61.2902739377 60
61.5678408436 60
61.8457406368 60
62.1239623461 60
62.4024949879 60
62.6813275662 60
62.9604490732 60
63.2398484896 60
63.5195147851 60
63.7994369192 60
64.0796038408 60
64.3600044896 60
64.6406277957 60
64.9214626807 60
65.2024980576 60
65.4837228317 60
65.7651259007 60
66.0466961552 60
66.3284224794 60
66.6102937512 60
66.8922988429 60
67.1744266212 60
67.4566659483 60
67.7390056819 60
68.0214346757 60
68.3039417799 60
68.5865158415 60
68.869145705 60
69.1518202128 60
69.4345282052 60
69.7172585215 60
70.0 60
