55.0180857426 35.5025819415 50.7179742021
57.511279456 40.4897606404 50.6122008005
59.9854990257 45.463280229 50.51475581
62.4344943582 50.4256725079 50.4256725079
64.8520790789 45.3104831845 50.3449813162
67.2321461587 40.2181678326 50.2727097907
69.5686833419 45.187994351 50.2088826122
71.8557883325 40.1228172621 50.1535215776
74.0876837051 45.0959810334 50.1066455926
76.2587314981 50.0682706654 50.0682706654
78.3634474563 55.0422508909 50.0384099008
80.3965148847 60.0204881957 50.0170734964
82.3527980785 65.0055493601 50.0042687385
84.2273552964 70.0 50.0
86.0154512444 75.0064031078 50.0042687385
87.7125690368 70.023902895 50.0170734964
89.3144216068 75.0576148512 50.0384099008
90.8169625359 75.102405998 50.0682706654
92.2163962751 75.1599683889 50.1066455926
93.5091877335 75.2302823664 50.1535215776
94.6920712076 75.3133239183 50.2088826122
95.762058631 80.4363356652 50.2727097907
96.7164471228 85.5864682375 50.3449813162
97.5528258148 80.6810760126 50.4256725079
98.2690819417 85.8750848769 50.51475581
98.8634061784 80.9795212808 50.6122008005
99.3342972104 86.2205561436 50.7179742021
99.680565526 91.4976718079 50.8320398933
99.9013364214 91.7178460572 50.9543589207
99.9960522102 91.9528011225 51.0848895125
99.964473632 92.2024567667 51.2235870926
99.8066804572 92.4667277328 51.370404296
99.5230712848 92.7455237723 51.5252909846
99.1143625364 93.0387496768 51.6881942649
98.5815866457 93.3463053098 51.8590585055
97.9260894509 93.6680856414 52.0378253564
97.1495267946 94.0039807839 52.2244337688
96.2538603417 94.3538760294 52.4188200163
95.2413526233 94.717651889 52.6209177161
94.1145613217 95.0951841336 52.830657852
92.8763328097 95.4863438362 53.0479687979
91.5297949598 95.8909974163 53.2727763424
90.0783492435 96.3090066848 53.5050037138
88.5256621388 96.7402288922 53.7445716068
86.8756558679 91.7853769554 53.9913982091
85.1324984899 97.6417186133 54.2453992296
83.3005933717 92.6610294764 54.5064879273
81.3845680645 98.5942352531 54.7745751406
79.3892626146 93.5842678406 55.049569318
77.3197173367 94.0633401336 55.3313765492
75.1811600818 94.5538310153 55.6199005972
72.9789930311 95.0555729835 55.9150429315
70.7187790497 89.9467244177 56.2167027611
68.4062276342 84.7871656042 56.5247770695
66.0471804904 79.5748249094 56.8391606496
63.6475967759 74.3076699816 57.1597461397
61.2135380475 68.9837088722 57.4864240602
58.7511529488 63.6009911358 57.8190828508
56.2666616782 58.1576089088 58.1576089088
53.7663402764 52.6516979652 58.501886628
51.2565047722 52.966618594 58.8517984378
48.7434952278 53.2865023593 59.2072248437
46.2336597236 47.6544355742 59.5680444678
43.7333383218 53.9407206815 59.9341340905
41.2488470512 48.2442949542 60.3053686927
38.7864619525 54.6134593482 60.681621498
36.3524032241 54.9564876148 61.0627640164
33.9528195096 55.3037994794 61.4486660882
31.5937723658 55.6552763353 61.8391959281
29.2812209503 49.7873761364 62.2342201705
27.0210069689 43.8435227405 62.633603915
24.8188399182 37.8223264635 63.0372107725
22.6802826633 31.7224514557 63.4449029115
20.6107373854 25.5426164422 63.8565411056
18.6154319355 25.7087939123 64.2719847807
16.6994066283 19.4073276189 64.6910920632
14.8675015101 26.0454879313 65.1137198282
13.1243441321 19.6619171247 65.5397237489
11.4743378612 13.1937916691 65.9689583453
9.92165075646 13.2802554068 66.4012770342
8.47020504021 13.3673064358 66.836532179
7.12366719032 6.72745751406 67.2745751406
5.88543867825 6.77152563278 67.7152563278
4.7586473767 6.81584252482 68.1584252482
3.74613965828 6.86039305601 68.6039305601
2.85047320536 6.90516201239 69.0516201239
2.07391054913 6.9501341054 69.501341054
1.41841335427 6.99529397711 69.9529397711
0.885637463566 7.04062620546 70.4062620546
0.476928715168 7.08611530954 70.8611530954
0.193319542841 7.13174575486 71.3174575486
0.0355263679705 14.3550039173 71.7750195867
0.00394778980918 7.22336829527 72.2336829527
0.0986635785864 7.26932910134 72.6932910134
0.319434473999 7.31536868131 73.1536868131
0.665702789607 7.36147131271 73.6147131271
1.13659382159 7.40762125153 74.0762125153
1.73091805834 7.4538027376 74.538027376
2.44717418524 7.5 75.0
3.28355287717 7.5461972624 75.461972624
4.23794136895 7.59237874847 75.9237874847
5.30792879244 7.63852868729 76.3852868729
6.49081226652 7.68463131869 76.8463131869
7.7836037249 7.73067089866 77.3067089866
9.18303746414 7.77663170473 77.7663170473
10.6855783932 7.82249804133 78.2249804133
12.2874309632 15.7365084903 78.6825424514
13.9845487556 7.91388469046 79.1388469046
15.7726447036 15.9187475891 79.5937379454
17.6472019215 16.0094120458 80.0470602289
19.6034851153 24.1495976838 80.498658946
21.6365525437 16.1896759752 80.9483798761
23.7412685019 24.418820832 81.3960694399
25.9123162949 24.5524724255 81.8415747518
28.1442116675 24.6854231017 82.2847436722
30.4313166581 33.0901699437 82.7254248594
32.7678538413 41.5817339105 83.163467821
35.1479209211 33.4394891863 83.5987229658
37.5655056418 42.0155208273 84.0310416547
40.0145009743 33.7841105004 84.4602762511
42.488720544 42.4431400859 84.8862801718
44.9819142574 42.6544539684 85.3089079368
47.487784091 42.8640076097 85.7280152193
50.0 51.6860753366 86.1434588944
52.512215909 60.588567962 86.5550970885
55.0180857426 52.1776735365 86.9627892275
57.511279456 52.419837651 87.366396085
59.9854990257 52.6594678977 87.7657798295
62.4344943582 52.8964824432 88.1608040719
64.8520790789 61.9859337383 88.5513339118
67.2321461587 62.2560651885 88.9372359836
69.5686833419 62.5228649514 89.318378502
71.8557883325 71.7557050458 89.6946313073
74.0876837051 72.0526927276 90.0658659095
76.2587314981 72.3455644258 90.4319555322
78.3634474563 72.6342201251 90.7927751563
80.3965148847 72.9185612497 91.1482015622
82.3527980785 82.3483020348 91.498113372
84.2273552964 91.8423910912 91.8423910912
86.0154512444 92.1809171492 92.1809171492
87.7125690368 92.5135759398 92.5135759398
89.3144216068 83.5562284743 92.8402538603
90.8169625359 83.8447554154 93.1608393504
92.2163962751 84.1277006375 93.4752229305
93.5091877335 84.404967515 93.7832972389
94.6920712076 84.6764613617 94.0849570685
95.762058631 94.3800994028 94.3800994028
96.7164471228 94.6686234508 94.6686234508
97.5528258148 94.950430682 94.950430682
98.2690819417 95.2254248594 95.2254248594
98.8634061784 95.4935120727 95.4935120727
99.3342972104 95.7546007704 95.7546007704
99.680565526 96.0086017909 96.0086017909
99.9013364214 96.2554283932 96.2554283932
99.9960522102 96.4949962862 96.4949962862
99.964473632 96.7272236576 96.7272236576
99.8066804572 96.9520312021 96.9520312021
99.5230712848 97.169342148 97.169342148
99.1143625364 97.3790822839 97.3790822839
98.5815866457 97.5811799837 97.5811799837
97.9260894509 107.553122854 97.7755662312
97.1495267946 107.758392108 97.9621746436
96.2538603417 107.955035644 98.1409414945
95.2413526233 98.3118057351 98.3118057351
94.1145613217 108.322179917 98.4747090154
92.8763328097 98.629595704 98.629595704
91.5297949598 98.7764129074 98.7764129074
90.0783492435 98.9151104875 98.9151104875
88.5256621388 99.0456410793 99.0456410793
86.8756558679 89.2511640961 99.1679601067
85.1324984899 99.2820257979 99.2820257979
83.3005933717 99.3877991995 99.3877991995
81.3845680645 99.48524419 99.48524419
79.3892626146 99.5743274921 99.5743274921
77.3197173367 89.6895168155 99.6550186838
75.1811600818 89.7545611884 99.7272902093
72.9789930311 89.812005649 99.7911173878
70.7187790497 79.8771827379 99.8464784224
68.4062276342 79.9146835259 99.8933544074
66.0471804904 69.9522105343 99.9317293346
63.6475967759 69.9731130694 99.9615900992
61.2135380475 69.9880485525 99.9829265036
58.7511529488 69.997011883 99.9957312615
56.2666616782 60.0 100.0
53.7663402764 59.9974387569 99.9957312615
51.2565047722 69.9880485525 99.9829265036
48.7434952278 69.9731130694 99.9615900992
46.2336597236 69.9522105343 99.9317293346
43.7333383218 59.9360126444 99.8933544074
41.2488470512 59.9078870534 99.8464784224
38.7864619525 69.8537821714 99.7911173878
36.3524032241 59.8363741256 99.7272902093
33.9528195096 49.8275093419 99.6550186838
31.5937723658 39.8297309968 99.5743274921
29.2812209503 29.845573257 99.48524419
27.0210069689 39.7551196798 99.3877991995
24.8188399182 29.7846077394 99.2820257979
22.6802826633 29.750388032 99.1679601067
20.6107373854 29.7136923238 99.0456410793
18.6154319355 29.6745331463 98.9151104875
16.6994066283 19.7552825815 98.7764129074
14.8675015101 19.7259191408 98.629595704
13.1243441321 19.6949418031 98.4747090154
11.4743378612 9.83118057351 98.3118057351
9.92165075646 19.6281882989 98.1409414945
8.47020504021 9.79621746436 97.9621746436
7.12366719032 9.77755662312 97.7755662312
5.88543867825 9.75811799837 97.5811799837
4.7586473767 9.73790822839 97.3790822839
3.74613965828 9.7169342148 97.169342148
2.85047320536 9.69520312021 96.9520312021
2.07391054913 9.67272236576 96.7272236576
1.41841335427 9.64949962862 96.4949962862
0.885637463566 9.62554283932 96.2554283932
0.476928715167 9.60086017909 96.0086017909
0.193319542841 9.57546007704 95.7546007704
0.0355263679706 9.54935120727 95.4935120727
0.0039477898092 9.52254248594 95.2254248594
0.0986635785864 9.4950430682 94.950430682
0.319434473999 9.46686234508 94.6686234508
0.665702789606 9.43800994028 94.3800994028
1.13659382159 9.40849570685 94.0849570685
1.73091805834 9.37832972389 93.7832972389
2.44717418524 9.34752229305 93.4752229305
3.28355287717 9.31608393504 93.1608393504
4.23794136895 9.28402538603 92.8402538603
5.30792879244 9.25135759398 92.5135759398
6.49081226652 9.21809171492 92.1809171492
7.7836037249 9.18423910912 91.8423910912
9.18303746414 9.1498113372 91.498113372
10.6855783932 9.11482015622 91.1482015622
12.2874309632 18.1585550313 90.7927751563
13.9845487556 9.04319555322 90.4319555322
15.7726447036 18.0131731819 90.0658659095
17.6472019215 17.9389262615 89.6946313073
19.6034851153 17.8636757004 89.318378502
21.6365525437 17.7874471967 88.9372359836
23.7412685019 26.5654001735 88.5513339118
25.9123162949 26.4482412216 88.1608040719
28.1442116675 26.3297339489 87.7657798295
30.4313166581 34.946558434 87.366396085
32.7678538413 43.4813946138 86.9627892275
35.1479209211 34.6220388354 86.5550970885
37.5655056418 43.0717294472 86.1434588944
40.0145009743 34.2912060877 85.7280152193
42.488720544 42.6544539684 85.3089079368
44.9819142574 42.4431400859 84.8862801718
47.487784091 42.2301381255 84.4602762511
50.0 50.4186249928 84.0310416547
52.512215909 58.5191060761 83.5987229658
55.0180857426 49.8980806926 83.163467821
57.511279456 57.9077974016 82.7254248594
59.9854990257 49.3708462033 82.2847436722
62.4344943582 49.1049448511 81.8415747518
64.8520790789 56.9772486079 81.3960694399
67.2321461587 56.6638659132 80.9483798761
69.5686833419 56.3490612622 80.498658946
71.8557883325 56.0329421602 80.0470602289
74.0876837051 55.7156165618 79.5937379454
76.2587314981 55.3971928332 79.1388469046
78.3634474563 55.077779716 78.6825424514
80.3965148847 62.5799843306 78.2249804133
82.3527980785 69.9896853426 77.7663170473
84.2273552964 77.3067089866 77.3067089866
86.0154512444 84.5309445056 76.8463131869
87.7125690368 91.6623442475 76.3852868729
89.3144216068 91.1085449817 75.9237874847
90.8169625359 90.5543671488 75.461972624
92.2163962751 82.5 75.0
93.5091877335 89.4456328512 74.538027376
94.6920712076 96.2990762699 74.0762125153
95.762058631 103.060598378 73.6147131271
96.7164471228 95.0997928571 73.1536868131
97.5528258148 101.770607419 72.6932910134
98.2690819417 93.9037878385 72.2336829527
98.8634061784 100.485027421 71.7750195867
99.3342972104 92.7126948132 71.3174575486
99.680565526 99.2056143336 70.8611530954
99.9013364214 91.528140671 70.4062620546
99.9960522102 97.9341156795 69.9529397711
99.964473632 90.3517433702 69.501341054
99.8066804572 96.6722681735 69.0516201239
99.5230712848 89.1851097282 68.6039305601
99.1143625364 95.4217953475 68.1584252482
98.5815866457 88.0298332261 67.7152563278
97.9260894509 94.1844051969 67.2745751406
97.1495267946 86.8874918327 66.836532179
96.2538603417 92.9617878478 66.4012770342
95.2413526233 85.7596458489 65.9689583453
94.1145613217 91.7556132485 65.5397237489
92.8763328097 84.6478357767 65.1137198282
91.5297949598 90.5675288884 64.6910920632
90.0783492435 89.980778693 64.2719847807
88.5256621388 89.3991575478 63.8565411056
86.8756558679 88.8228640761 63.4449029115
85.1324984899 88.2520950815 63.0372107725
83.3005933717 87.687045481 62.633603915
81.3845680645 87.1279082387 62.2342201705
79.3892626146 86.5748742993 61.8391959281
77.3197173367 79.8832659146 61.4486660882
75.1811600818 73.2753168197 61.0627640164
72.9789930311 72.8179457976 60.681621498
70.7187790497 72.3664424312 60.3053686927
68.4062276342 71.9209609086 59.9341340905
66.0471804904 71.4816533613 59.5680444678
63.6475967759 71.0486698124 59.2072248437
61.2135380475 70.6221581254 58.8517984378
58.7511529488 70.2022639536 58.501886628
56.2666616782 63.9733697997 58.1576089088
53.7663402764 57.8190828508 57.8190828508
51.2565047722 51.7377816542 57.4864240602
48.7434952278 45.7277969118 57.1597461397
46.2336597236 39.7874124547 56.8391606496
43.7333383218 45.2198216556 56.5247770695
41.2488470512 39.3516919328 56.2167027611
38.7864619525 44.7320343452 55.9150429315
36.3524032241 38.9339304181 55.6199005972
33.9528195096 33.1988259295 55.3313765492
31.5937723658 27.524784659 55.049569318
29.2812209503 27.3872875703 54.7745751406
27.0210069689 27.2532439637 54.5064879273
24.8188399182 21.6981596918 54.2453992296
22.6802826633 26.9956991045 53.9913982091
20.6107373854 21.4978286427 53.7445716068
18.6154319355 21.4020014855 53.5050037138
16.6994066283 15.9818329027 53.2727763424
14.8675015101 15.9143906394 53.0479687979
13.1243441321 10.5661315704 52.830657852
11.4743378612 10.5241835432 52.6209177161
9.92165075646 10.4837640033 52.4188200163
8.47020504021 10.4448867538 52.2244337688
7.12366719032 5.20378253564 52.0378253564
5.88543867825 5.18590585055 51.8590585055
4.7586473767 5.16881942649 51.6881942649
3.74613965828 5.15252909846 51.5252909846
2.85047320536 5.1370404296 51.370404296
2.07391054913 5.12235870926 51.2235870926
1.41841335427 5.10848895125 51.0848895125
0.885637463566 5.09543589207 50.9543589207
0.476928715168 5.08320398933 50.8320398933
0.193319542841 5.07179742021 50.7179742021
0.0355263679706 5.06122008005 50.6122008005
0.00394778980919 5.051475581 50.51475581
0.0986635785863 5.04256725079 50.4256725079
0.319434474 5.03449813162 50.3449813162
0.665702789607 5.02727097907 50.2727097907
1.13659382159 5.02088826122 50.2088826122
1.73091805834 5.01535215776 50.1535215776
2.44717418524 5.01066455926 50.1066455926
3.28355287717 5.00682706654 50.0682706654
4.23794136895 5.00384099008 50.0384099008
5.30792879244 5.00170734964 50.0170734964
6.49081226652 5.00042687385 50.0042687385
7.7836037249 5.0 50.0
9.18303746414 5.00042687385 50.0042687385
10.6855783932 10.0034146993 50.0170734964
12.2874309632 10.0076819802 50.0384099008
13.9845487556 10.0136541331 50.0682706654
15.7726447036 10.0213291185 50.1066455926
17.6472019215 10.0307043155 50.1535215776
19.6034851153 15.0626647837 50.2088826122
21.6365525437 15.0818129372 50.2727097907
23.7412685019 20.1379925265 50.3449813162
25.9123162949 25.212836254 50.4256725079
28.1442116675 20.205902324 50.51475581
30.4313166581 25.3061004002 50.6122008005
32.7678538413 30.4307845213 50.7179742021
35.1479209211 25.4160199466 50.8320398933
37.5655056418 30.5726153524 50.9543589207
40.0145009743 25.5424447562 51.0848895125
42.488720544 25.6117935463 51.2235870926
44.9819142574 25.685202148 51.370404296
47.487784091 30.9151745908 51.5252909846
50.0 36.1817359854 51.6881942649
52.512215909 41.4872468044 51.8590585055
55.0180857426 46.8340428207 52.0378253564
57.511279456 52.2244337688 52.2244337688
59.9854990257 47.1769380147 52.4188200163
62.4344943582 52.6209177161 52.6209177161
64.8520790789 52.830657852 52.830657852
67.2321461587 53.0479687979 53.0479687979
69.5686833419 53.2727763424 53.2727763424
71.8557883325 53.5050037138 53.5050037138
74.0876837051 59.1190287674 53.7445716068
76.2587314981 64.7896778509 53.9913982091
78.3634474563 70.5190189985 54.2453992296
80.3965148847 65.4077855128 54.5064879273
82.3527980785 71.2069476828 54.7745751406
84.2273552964 77.0693970452 55.049569318
86.0154512444 82.9970648237 55.3313765492
87.7125690368 83.4298508958 55.6199005972
89.3144216068 89.4640686904 55.9150429315
90.8169625359 84.3250541416 56.2167027611
92.2163962751 90.4396433112 56.5247770695
93.5091877335 85.2587409744 56.8391606496
94.6920712076 91.4555938235 57.1597461397
95.762058631 86.2296360903 57.4864240602
96.7164471228 86.7286242762 57.8190828508
97.5528258148 93.0521742541 58.1576089088
98.2690819417 87.752829942 58.501886628
98.8634061784 94.1628775005 58.8517984378
99.3342972104 88.8108372655 59.2072248437
99.680565526 95.3088711484 59.5680444678
99.9013364214 89.9012011358 59.9341340905
99.9960522102 96.4885899083 60.3053686927
99.964473632 91.022432247 60.681621498
99.8066804572 97.7004224263 61.0627640164
99.5230712848 92.1729991323 61.4486660882
99.1143625364 92.7587938921 61.8391959281
98.5815866457 99.5747522728 62.2342201705
97.9260894509 93.9504058725 62.633603915
97.1495267946 100.859537236 63.0372107725
96.2538603417 95.1673543672 63.4449029115
95.2413526233 89.3991575478 63.8565411056
94.1145613217 96.407977171 64.2719847807
92.8763328097 90.5675288884 64.6910920632
91.5297949598 97.6705797424 65.1137198282
90.0783492435 98.3095856234 65.5397237489
88.5256621388 98.953437518 65.9689583453
86.8756558679 92.9617878478 66.4012770342
85.1324984899 86.8874918327 66.836532179
83.3005933717 80.7294901688 67.2745751406
81.3845680645 88.0298332261 67.7152563278
79.3892626146 81.7901102978 68.1584252482
77.3197173367 82.3247166722 68.6039305601
75.1811600818 82.8619441487 69.0516201239
72.9789930311 83.4016092648 69.501341054
70.7187790497 76.9482337482 69.9529397711
68.4062276342 84.4875144655 70.4062620546
66.0471804904 77.9472684049 70.8611530954
63.6475967759 85.5809490584 71.3174575486
61.2135380475 78.9525215454 71.7750195867
58.7511529488 86.6804195433 72.2336829527
56.2666616782 79.9626201148 72.6932910134
53.7663402764 73.1536868131 73.1536868131
51.2565047722 66.2532418144 73.6147131271
48.7434952278 66.6685912637 74.0762125153
46.2336597236 59.6304219008 74.538027376
43.7333383218 52.5 75.0
41.2488470512 45.2771835744 75.461972624
38.7864619525 45.5542724908 75.9237874847
36.3524032241 38.1926434364 76.3852868729
33.9528195096 30.7385252747 76.8463131869
31.5937723658 38.6533544933 77.3067089866
29.2812209503 31.1065268189 77.7663170473
27.0210069689 39.1124902066 78.2249804133
24.8188399182 31.4730169805 78.6825424514
22.6802826633 23.7416540714 79.1388469046
20.6107373854 15.9187475891 79.5937379454
18.6154319355 24.0141180687 80.0470602289
16.6994066283 16.0997317892 80.498658946
14.8675015101 24.2845139628 80.9483798761
13.1243441321 16.279213888 81.3960694399
11.4743378612 16.3683149504 81.8415747518
9.92165075646 8.22847436722 82.2847436722
8.47020504021 8.27254248594 82.7254248594
7.12366719032 8.3163467821 83.163467821
5.88543867825 8.35987229658 83.5987229658
4.7586473767 8.40310416547 84.0310416547
3.74613965828 8.44602762511 84.4602762511
2.85047320536 8.48862801718 84.8862801718
2.07391054913 8.53089079368 85.3089079368
1.41841335427 8.57280152193 85.7280152193
0.885637463566 8.61434588944 86.1434588944
0.476928715167 8.65550970885 86.5550970885
0.193319542841 8.69627892275 86.9627892275
0.0355263679706 8.7366396085 87.366396085
0.00394778980917 8.77657798295 87.7657798295
0.0986635785864 8.81608040719 88.1608040719
0.319434474 8.85513339118 88.5513339118
0.665702789607 8.89372359836 88.9372359836
1.13659382159 8.9318378502 89.318378502
1.73091805834 8.96946313073 89.6946313073
2.44717418524 9.00658659095 90.0658659095
3.28355287717 9.04319555322 90.4319555322
4.23794136895 9.07927751563 90.7927751563
5.30792879244 9.11482015622 91.1482015622
6.49081226652 9.1498113372 91.498113372
7.7836037249 9.18423910912 91.8423910912
9.18303746414 9.21809171492 92.1809171492
10.6855783932 9.25135759398 92.5135759398
12.2874309632 18.5680507721 92.8402538603
13.9845487556 9.31608393504 93.1608393504
15.7726447036 18.6950445861 93.4752229305
17.6472019215 18.7566594478 93.7832972389
19.6034851153 18.8169914137 94.0849570685
21.6365525437 18.8760198806 94.3800994028
23.7412685019 28.4005870353 94.6686234508
25.9123162949 18.9900861364 94.950430682
28.1442116675 28.5676274578 95.2254248594
30.4313166581 28.6480536218 95.4935120727
32.7678538413 28.7263802311 95.7546007704
35.1479209211 38.4034407164 96.0086017909
37.5655056418 28.876628518 96.2554283932
40.0145009743 38.5979985145 96.4949962862
42.488720544 48.3636118288 96.7272236576
44.9819142574 48.476015601 96.9520312021
47.487784091 48.584671074 97.169342148
50.0 58.4274493703 97.3790822839
52.512215909 68.3068259886 97.5811799837
55.0180857426 58.6653397387 97.7755662312
57.511279456 68.5735222506 97.9621746436
59.9854990257 58.8845648967 98.1409414945
62.4344943582 58.9870834411 98.3118057351
64.8520790789 68.9322963108 98.4747090154
67.2321461587 69.0407169928 98.629595704
69.5686833419 69.1434890352 98.7764129074
71.8557883325 79.13208839 98.9151104875
74.0876837051 79.2365128635 99.0456410793
76.2587314981 79.3343680854 99.1679601067
78.3634474563 79.4256206383 99.2820257979
80.3965148847 79.5102393596 99.3877991995
82.3527980785 89.536719771 99.48524419
84.2273552964 99.5743274921 99.5743274921
86.0154512444 99.6550186838 99.6550186838
87.7125690368 99.7272902093 99.7272902093
89.3144216068 89.812005649 99.7911173878
90.8169625359 89.8618305801 99.8464784224
92.2163962751 89.9040189666 99.8933544074
93.5091877335 89.9385564012 99.9317293346
94.6920712076 89.9654310893 99.9615900992
95.762058631 99.9829265036 99.9829265036
96.7164471228 109.995304388 99.9957312615
97.5528258148 110.0 100.0
98.2690819417 109.995304388 99.9957312615
98.8634061784 109.981219154 99.9829265036
99.3342972104 109.957749109 99.9615900992
99.680565526 109.924902268 99.9317293346
99.9013364214 109.882689848 99.8933544074
99.9960522102 109.831126265 99.8464784224
99.964473632 109.770229127 99.7911173878
99.8066804572 109.70001923 99.7272902093
99.5230712848 109.620520552 99.6550186838
99.1143625364 109.531760241 99.5743274921
98.5815866457 109.433768609 99.48524419
97.9260894509 109.326579119 99.3877991995
97.1495267946 109.210228378 99.2820257979
96.2538603417 109.084756117 99.1679601067
95.2413526233 108.950205187 99.0456410793
94.1145613217 98.9151104875 98.9151104875
92.8763328097 108.654054198 98.7764129074
91.5297949598 98.629595704 98.629595704
90.0783492435 98.4747090154 98.4747090154
88.5256621388 98.3118057351 98.3118057351
86.8756558679 88.3268473451 98.1409414945
85.1324984899 97.9621746436 97.9621746436
83.3005933717 97.7755662312 97.7755662312
81.3845680645 97.5811799837 97.5811799837
79.3892626146 97.3790822839 97.3790822839
77.3197173367 87.4524079332 97.169342148
75.1811600818 87.2568280819 96.9520312021
72.9789930311 87.0545012919 96.7272236576
70.7187790497 77.195997029 96.4949962862
68.4062276342 77.0043427146 96.2554283932
66.0471804904 67.2060212537 96.0086017909
63.6475967759 67.0282205393 95.7546007704
61.2135380475 66.8454584509 95.4935120727
58.7511529488 66.6577974016 95.2254248594
56.2666616782 56.9702584092 94.950430682
53.7663402764 56.8011740705 94.6686234508
51.2565047722 66.0660695819 94.3800994028
48.7434952278 56.4509742411 94.0849570685
46.2336597236 65.6483080672 93.7832972389
43.7333383218 56.0851337583 93.4752229305
41.2488470512 55.8965036102 93.1608393504
38.7864619525 55.7041523162 92.8402538603
36.3524032241 46.2567879699 92.5135759398
33.9528195096 36.8723668597 92.1809171492
31.5937723658 45.9211955456 91.8423910912
29.2812209503 36.5992453488 91.498113372
27.0210069689 45.5741007811 91.1482015622
24.8188399182 36.3171100625 90.7927751563
22.6802826633 27.1295866597 90.4319555322
20.6107373854 18.0131731819 90.0658659095
18.6154319355 26.9083893922 89.6946313073
16.6994066283 17.8636757004 89.318378502
14.8675015101 17.7874471967 88.9372359836
13.1243441321 17.7102667824 88.5513339118
11.4743378612 8.81608040719 88.1608040719
9.92165075646 17.5531559659 87.7657798295
8.47020504021 8.7366396085 87.366396085
7.12366719032 17.3925578455 86.9627892275
5.88543867825 8.65550970885 86.5550970885
4.7586473767 17.2286917789 86.1434588944
3.74613965828 8.57280152193 85.7280152193
2.85047320536 8.53089079368 85.3089079368
2.07391054913 8.48862801718 84.8862801718
1.41841335427 8.44602762511 84.4602762511
0.885637463566 8.40310416547 84.0310416547
0.476928715168 8.35987229658 83.5987229658
0.193319542842 8.3163467821 83.163467821
0.0355263679705 8.27254248594 82.7254248594
0.0039477898092 8.22847436722 82.2847436722
0.0986635785863 8.18415747518 81.8415747518
0.319434474 8.13960694399 81.3960694399
0.665702789606 8.09483798761 80.9483798761
1.13659382159 8.0498658946 80.498658946
1.73091805834 8.00470602289 80.0470602289
2.44717418524 7.95937379454 79.5937379454
3.28355287717 7.91388469046 79.1388469046
4.23794136895 7.86825424514 78.6825424514
5.30792879244 7.82249804133 78.2249804133
6.49081226652 7.77663170473 77.7663170473
7.7836037249 7.73067089866 77.3067089866
9.18303746414 7.68463131869 76.8463131869
10.6855783932 7.63852868729 76.3852868729
12.2874309632 7.59237874847 75.9237874847
13.9845487556 15.0923945248 75.461972624
15.7726447036 15.0 75.0
17.6472019215 14.9076054752 74.538027376
19.6034851153 22.2228637546 74.0762125153
21.6365525437 22.0844139381 73.6147131271
23.7412685019 14.6307373626 73.1536868131
25.9123162949 21.807987304 72.6932910134
28.1442116675 28.8934731811 72.2336829527
30.4313166581 21.532505876 71.7750195867
32.7678538413 28.5269830195 71.3174575486
35.1479209211 35.4305765477 70.8611530954
37.5655056418 42.2437572328 70.4062620546
40.0145009743 41.9717638626 69.9529397711
42.488720544 48.6509387378 69.501341054
44.9819142574 41.4309720744 69.0516201239
47.487784091 41.1623583361 68.6039305601
50.0 47.7108976737 68.1584252482
52.512215909 40.6291537967 67.7152563278
55.0180857426 47.0922025984 67.2745751406
57.511279456 53.4692257432 66.836532179
59.9854990257 46.4808939239 66.4012770342
62.4344943582 52.7751666763 65.9689583453
64.8520790789 58.985751374 65.5397237489
67.2321461587 58.6023478454 65.1137198282
69.5686833419 51.7528736505 64.6910920632
71.8557883325 57.8447863026 64.2719847807
74.0876837051 51.0852328845 63.8565411056
76.2587314981 57.1004126203 63.4449029115
78.3634474563 63.0372107725 63.0372107725
80.3965148847 56.3702435235 62.633603915
82.3527980785 49.7873761364 62.2342201705
84.2273552964 55.6552763353 61.8391959281
86.0154512444 49.1589328706 61.4486660882
87.7125690368 54.9564876148 61.0627640164
89.3144216068 48.5452971984 60.681621498
90.8169625359 54.2748318234 60.3053686927
92.2163962751 59.9341340905 59.9341340905
93.5091877335 65.5248489145 59.5680444678
94.6920712076 71.0486698124 59.2072248437
95.762058631 76.5073379692 58.8517984378
96.7164471228 81.9026412792 58.501886628
97.5528258148 81.4206524724 58.1576089088
98.2690819417 86.7286242762 57.8190828508
98.8634061784 91.9782784963 57.4864240602
99.3342972104 85.7396192096 57.1597461397
99.680565526 90.9426570394 56.8391606496
99.9013364214 84.7871656042 56.5247770695
99.9960522102 89.9467244177 56.2167027611
99.964473632 83.8725643972 55.9150429315
99.8066804572 88.9918409556 55.6199005972
99.5230712848 94.0633401336 55.3313765492
99.1143625364 88.0793109088 55.049569318
98.5815866457 93.1167777391 54.7745751406
97.9260894509 87.2103806837 54.5064879273
97.1495267946 92.2171786903 54.2453992296
96.2538603417 86.3862371345 53.9913982091
95.2413526233 91.3657717315 53.7445716068
94.1145613217 85.6080059421 53.5050037138
92.8763328097 90.563719782 53.2727763424
91.5297949598 84.8767500767 53.0479687979
90.0783492435 89.8121183484 52.830657852
88.5256621388 84.1934683458 52.6209177161
86.8756558679 89.1119940278 52.4188200163
85.1324984899 83.5590940302 52.2244337688
83.3005933717 88.4643031058 52.0378253564
81.3845680645 82.9744936087 51.8590585055
79.3892626146 87.8699302503 51.6881942649
77.3197173367 87.5929946739 51.5252909846
75.1811600818 87.3296873032 51.370404296
72.9789930311 87.0800980575 51.2235870926
70.7187790497 81.73582322 51.0848895125
68.4062276342 76.431538381 50.9543589207
66.0471804904 71.1648558506 50.8320398933
63.6475967759 65.9333664627 50.7179742021
61.2135380475 60.7346409606 50.6122008005
58.7511529488 55.566231391 50.51475581
56.2666616782 50.4256725079 50.4256725079
53.7663402764 45.3104831845 50.3449813162
51.2565047722 45.2454388116 50.2727097907
48.7434952278 40.1671060898 50.2088826122
46.2336597236 35.1074651043 50.1535215776
43.7333383218 40.0853164741 50.1066455926
41.2488470512 35.0477894657 50.0682706654
38.7864619525 40.0307279207 50.0384099008
36.3524032241 35.0119514475 50.0170734964
33.9528195096 30.0025612431 50.0042687385
31.5937723658 25.0 50.0
29.2812209503 25.0021343693 50.0042687385
27.0210069689 25.0085367482 50.0170734964
24.8188399182 30.0230459405 50.0384099008
22.6802826633 25.0341353327 50.0682706654
20.6107373854 20.042658237 50.1066455926
18.6154319355 25.0767607888 50.1535215776
16.6994066283 30.1253295673 50.2088826122
14.8675015101 25.1363548954 50.2727097907
13.1243441321 20.1379925265 50.3449813162
11.4743378612 25.212836254 50.4256725079
9.92165075646 20.205902324 50.51475581
8.47020504021 15.1836602401 50.6122008005
7.12366719032 10.1435948404 50.7179742021
5.88543867825 5.08320398933 50.8320398933
4.7586473767 5.09543589207 50.9543589207
3.74613965828 5.10848895125 51.0848895125
2.85047320536 5.12235870926 51.2235870926
2.07391054913 5.1370404296 51.370404296
1.41841335427 5.15252909846 51.5252909846
0.885637463566 5.16881942649 51.6881942649
0.476928715167 5.18590585055 51.8590585055
0.193319542841 5.20378253564 52.0378253564
0.0355263679705 5.22244337688 52.2244337688
0.00394778980918 5.24188200163 52.4188200163
0.0986635785865 5.26209177161 52.6209177161
0.319434473999 5.2830657852 52.830657852
0.665702789606 5.30479687979 53.0479687979
1.13659382159 5.32727763424 53.2727763424
1.73091805834 5.35050037138 53.5050037138
2.44717418524 5.37445716068 53.7445716068
3.28355287717 5.39913982091 53.9913982091
4.23794136895 5.42453992296 54.2453992296
5.30792879244 5.45064879273 54.5064879273
6.49081226652 5.47745751406 54.7745751406
7.7836037249 5.5049569318 55.049569318
9.18303746414 5.53313765492 55.3313765492
10.6855783932 11.1239801194 55.6199005972
12.2874309632 11.1830085863 55.9150429315
13.9845487556 11.2433405522 56.2167027611
15.7726447036 11.3049554139 56.5247770695
17.6472019215 11.3678321299 56.8391606496
19.6034851153 17.1479238419 57.1597461397
21.6365525437 17.2459272181 57.4864240602
23.7412685019 23.1276331403 57.8190828508
25.9123162949 29.0788044544 58.1576089088
28.1442116675 23.4007546512 58.501886628
30.4313166581 29.4258992189 58.8517984378
32.7678538413 35.5243349062 59.2072248437
35.1479209211 29.7840222339 59.5680444678
37.5655056418 35.9604804543 59.9341340905
40.0145009743 36.1832212156 60.3053686927
42.488720544 42.4771350486 60.681621498
44.9819142574 48.8502112131 61.0627640164
47.487784091 55.3037994794 61.4486660882
50.0 55.6552763353 61.8391959281
52.512215909 56.0107981534 62.2342201705
55.0180857426 56.3702435235 62.633603915
57.511279456 63.0372107725 63.0372107725
59.9854990257 57.1004126203 63.4449029115
62.4344943582 51.0852328845 63.8565411056
64.8520790788 51.4175878245 64.2719847807
67.2321461587 51.7528736505 64.6910920632
69.5686833419 52.0909758626 65.1137198282
71.8557883325 58.985751374 65.5397237489
74.0876837051 65.9689583453 65.9689583453
76.2587314981 73.0414047376 66.4012770342
78.3634474563 66.836532179 66.836532179
80.3965148847 60.5471176266 67.2745751406
82.3527980785 67.7152563278 67.7152563278
84.2273552964 74.974267773 68.1584252482
86.0154512444 82.3247166722 68.6039305601
87.7125690368 89.7671061611 69.0516201239
89.3144216068 97.3018774756 69.501341054
90.8169625359 90.9388217024 69.9529397711
92.2163962751 91.528140671 70.4062620546
93.5091877335 99.2056143336 70.8611530954
94.6920712076 92.7126948132 71.3174575486
95.762058631 93.3075254628 71.7750195867
96.7164471228 101.127156134 72.2336829527
97.5528258148 94.5012783174 72.6932910134
98.2690819417 95.0997928571 73.1536868131
98.8634061784 95.6991270652 73.6147131271
99.3342972104 96.2990762699 74.0762125153
99.680565526 96.8994355888 74.538027376
99.9013364214 105.0 75.0
99.9960522102 98.1005644112 75.461972624
99.964473632 106.293302479 75.9237874847
99.8066804572 99.3008729348 76.3852868729
99.5230712848 99.9002071429 76.8463131869
99.1143625364 92.7680507839 77.3067089866
98.5815866457 85.542948752 77.7663170473
97.9260894509 93.8699764959 78.2249804133
97.1495267946 86.5507966965 78.6825424514
96.2538603417 94.9666162855 79.1388469046
95.2413526233 87.55311174 79.5937379454
94.1145613217 96.0564722747 80.0470602289
92.8763328097 88.5485248406 80.498658946
91.5297949598 80.9483798761 80.9483798761
90.0783492435 81.3960694399 81.3960694399
88.5256621388 81.8415747518 81.8415747518
86.8756558679 74.056269305 82.2847436722
85.1324984899 82.7254248594 82.7254248594
83.3005933717 74.8471210389 83.163467821
81.3845680645 83.5987229658 83.5987229658
79.3892626146 75.6279374892 84.0310416547
77.3197173367 76.014248626 84.4602762511
75.1811600818 76.3976521546 84.8862801718
72.9789930311 76.7780171432 85.3089079368
70.7187790497 68.5824121755 85.7280152193
68.4062276342 68.9147671155 86.1434588944
66.0471804904 69.2440776708 86.5550970885
63.6475967759 60.8739524593 86.9627892275
61.2135380475 61.1564772595 87.366396085
58.7511529488 61.4360458807 87.7657798295
56.2666616782 52.8964824432 88.1608040719
53.7663402764 53.1308003471 88.5513339118
51.2565047722 62.2560651885 88.9372359836
48.7434952278 62.5228649514 89.318378502
46.2336597236 53.8167787844 89.6946313073
43.7333383218 54.0395195457 90.0658659095
41.2488470512 54.2591733193 90.4319555322
38.7864619525 54.4756650938 90.7927751563
36.3524032241 45.5741007811 91.1482015622
33.9528195096 36.5992453488 91.498113372
31.5937723658 45.9211955456 91.8423910912
29.2812209503 36.8723668597 92.1809171492
27.0210069689 37.0054303759 92.5135759398
24.8188399182 27.8520761581 92.8402538603
22.6802826633 27.9482518051 93.1608393504
20.6107373854 18.6950445861 93.4752229305
18.6154319355 28.1349891717 93.7832972389
16.6994066283 18.8169914137 94.0849570685
14.8675015101 18.8760198806 94.3800994028
13.1243441321 18.9337246902 94.6686234508
11.4743378612 9.4950430682 94.950430682
9.92165075646 19.0450849719 95.2254248594
8.47020504021 9.54935120727 95.4935120727
7.12366719032 19.1509201541 95.7546007704
5.88543867825 9.60086017909 96.0086017909
4.7586473767 9.62554283932 96.2554283932
3.74613965828 9.64949962862 96.4949962862
2.85047320536 9.67272236576 96.7272236576
2.07391054913 9.69520312021 96.9520312021
1.41841335427 9.7169342148 97.169342148
0.885637463565 9.73790822839 97.3790822839
0.476928715167 9.75811799837 97.5811799837
0.193319542842 9.77755662312 97.7755662312
0.0355263679705 9.79621746436 97.9621746436
0.00394778980917 9.81409414945 98.1409414945
0.0986635785864 9.83118057351 98.3118057351
0.319434473999 9.84747090154 98.4747090154
0.665702789606 9.8629595704 98.629595704
1.13659382159 9.87764129074 98.7764129074
1.73091805834 9.89151104875 98.9151104875
2.44717418524 9.90456410793 99.0456410793
3.28355287717 19.8335920213 99.1679601067
4.23794136895 9.92820257979 99.2820257979
5.30792879244 9.93877991995 99.3877991995
6.49081226652 9.948524419 99.48524419
7.7836037249 9.95743274921 99.5743274921
9.18303746414 9.96550186838 99.6550186838
10.6855783932 9.97272902093 99.7272902093
12.2874309632 19.9582234776 99.7911173878
13.9845487556 9.98464784224 99.8464784224
15.7726447036 19.9786708815 99.8933544074
17.6472019215 19.9863458669 99.9317293346
19.6034851153 19.9923180198 99.9615900992
21.6365525437 19.9965853007 99.9829265036
23.7412685019 29.9987193784 99.9957312615
25.9123162949 20.0 100.0
28.1442116675 29.9987193784 99.9957312615
30.4313166581 39.9931706014 99.9829265036
32.7678538413 29.9884770298 99.9615900992
35.1479209211 39.9726917339 99.9317293346
37.5655056418 29.9680063222 99.8933544074
40.0145009743 39.938591369 99.8464784224
42.488720544 49.8955586939 99.7911173878
44.9819142574 49.8636451046 99.7272902093
47.487784091 49.8275093419 99.6550186838
50.0 59.7445964953 99.5743274921
52.512215909 69.639670933 99.48524419
55.0180857426 59.6326795197 99.3877991995
57.511279456 59.5692154787 99.2820257979
59.9854990257 59.500776064 99.1679601067
62.4344943582 59.4273846476 99.0456410793
64.8520790789 69.2405773413 98.9151104875
67.2321461587 69.1434890352 98.7764129074
69.5686833419 69.0407169928 98.629595704
71.8557883325 78.7797672123 98.4747090154
74.0876837051 78.6494445881 98.3118057351
76.2587314981 78.5127531956 98.1409414945
78.3634474563 78.3697397149 97.9621746436
80.3965148847 78.2204529849 97.7755662312
82.3527980785 87.8230619853 97.5811799837
84.2273552964 97.3790822839 97.3790822839
86.0154512444 87.4524079332 97.169342148
87.7125690368 96.9520312021 96.9520312021
89.3144216068 87.0545012919 96.7272236576
90.8169625359 96.4949962862 96.4949962862
92.2163962751 96.2554283932 96.2554283932
93.5091877335 86.4077416119 96.0086017909
94.6920712076 95.7546007704 95.7546007704
95.762058631 105.04286328 95.4935120727
96.7164471228 95.2254248594 95.2254248594
97.5528258148 104.44547375 94.950430682
98.2690819417 104.135485796 94.6686234508
98.8634061784 103.818109343 94.3800994028
99.3342972104 103.493452775 94.0849570685
99.680565526 103.161626963 93.7832972389
99.9013364214 102.822745224 93.4752229305
99.9960522102 102.476923285 93.1608393504
99.964473632 102.124279246 92.8402538603
99.8066804572 101.764933534 92.5135759398
99.5230712848 101.399008864 92.1809171492
99.1143625364 101.0266302 91.8423910912
98.5815866457 100.647924709 91.498113372
97.9260894509 100.263021718 91.1482015622
97.1495267946 99.872052672 90.7927751563
96.2538603417 99.4751510855 90.4319555322
95.2413526233 99.0724525004 90.0658659095
94.1145613217 98.664094438 89.6946313073
92.8763328097 98.2502163522 89.318378502
91.5297949598 88.9372359836 88.9372359836
90.0783492435 88.5513339118 88.5513339118
88.5256621388 79.3447236647 88.1608040719
86.8756558679 87.7657798295 87.7657798295
85.1324984899 78.6297564765 87.366396085
83.3005933717 86.9627892275 86.9627892275
81.3845680645 77.8995873797 86.5550970885
79.3892626146 86.1434588944 86.1434588944
77.3197173367 77.1552136974 85.7280152193
75.1811600818 76.7780171432 85.3089079368
72.9789930311 76.3976521546 84.8862801718
70.7187790497 67.5682210008 84.4602762511
68.4062276342 67.2248333237 84.0310416547
66.0471804904 66.8789783727 83.5987229658
63.6475967759 66.5307742568 83.163467821
61.2135380475 66.1803398875 82.7254248594
58.7511529488 65.8277949378 82.2847436722
56.2666616782 57.2891023263 81.8415747518
53.7663402764 65.1168555519 81.3960694399
51.2565047722 56.6638659132 80.9483798761
48.7434952278 48.2991953676 80.498658946
46.2336597236 56.0329421602 80.0470602289
43.7333383218 47.7562427672 79.5937379454
41.2488470512 55.3971928332 79.1388469046
38.7864619525 47.2095254708 78.6825424514
36.3524032241 39.1124902066 78.2249804133
33.9528195096 31.1065268189 77.7663170473
31.5937723658 38.6533544933 77.3067089866
29.2812209503 30.7385252747 76.8463131869
27.0210069689 38.1926434364 76.3852868729
24.8188399182 30.3695149939 75.9237874847
22.6802826633 22.6385917872 75.461972624
20.6107373854 15.0 75.0
18.6154319355 22.3614082128 74.538027376
16.6994066283 22.2228637546 74.0762125153
14.8675015101 22.0844139381 73.6147131271
13.1243441321 14.6307373626 73.1536868131
11.4743378612 14.5386582027 72.6932910134
9.92165075646 7.22336829527 72.2336829527
8.47020504021 7.17750195867 71.7750195867
7.12366719032 14.2634915097 71.3174575486
5.88543867825 7.08611530954 70.8611530954
4.7586473767 14.0812524109 70.4062620546
3.74613965828 6.99529397711 69.9529397711
2.85047320536 6.9501341054 69.501341054
2.07391054913 6.90516201239 69.0516201239
1.41841335427 6.86039305601 68.6039305601
0.885637463565 6.81584252482 68.1584252482
0.476928715168 6.77152563278 67.7152563278
0.193319542841 6.72745751406 67.2745751406
0.0355263679706 6.6836532179 66.836532179
0.00394778980915 6.64012770342 66.4012770342
0.0986635785865 6.59689583453 65.9689583453
0.319434474 6.55397237489 65.5397237489
0.665702789607 6.51137198282 65.1137198282
1.13659382159 6.46910920632 64.6910920632
1.73091805834 6.42719847807 64.2719847807
2.44717418524 6.38565411056 63.8565411056
3.28355287717 6.34449029115 63.4449029115
4.23794136895 6.30372107725 63.0372107725
5.30792879244 6.2633603915 62.633603915
6.49081226652 6.22342201705 62.2342201705
7.7836037249 6.18391959281 61.8391959281
9.18303746414 6.14486660882 61.4486660882
10.6855783932 12.2125528033 61.0627640164
12.2874309632 12.1363242996 60.681621498
13.9845487556 12.0610737385 60.3053686927
15.7726447036 11.9868268181 59.9341340905
17.6472019215 11.9136088936 59.5680444678
19.6034851153 17.7621674531 59.2072248437
21.6365525437 17.6555395313 58.8517984378
23.7412685019 23.4007546512 58.501886628
25.9123162949 29.0788044544 58.1576089088
28.1442116675 23.1276331403 57.8190828508
30.4313166581 28.7432120301 57.4864240602
32.7678538413 34.2958476838 57.1597461397
35.1479209211 28.4195803248 56.8391606496
37.5655056418 33.9148662417 56.5247770695
40.0145009743 33.7300216566 56.2167027611
42.488720544 39.140530052 55.9150429315
44.9819142574 44.4959204778 55.6199005972
47.487784091 49.7982388942 55.3313765492
50.0 49.5446123862 55.049569318
52.512215909 49.2971176266 54.7745751406
55.0180857426 49.0558391346 54.5064879273
57.511279456 54.2453992296 54.2453992296
59.9854990257 48.5922583881 53.9913982091
62.4344943582 53.7445716068 53.7445716068
64.8520790789 58.8555040852 53.5050037138
67.2321461587 53.2727763424 53.2727763424
69.5686833419 53.0479687979 53.0479687979
71.8557883325 52.830657852 52.830657852
74.0876837051 47.3588259445 52.6209177161
76.2587314981 52.4188200163 52.4188200163
78.3634474563 57.4468771457 52.2244337688
80.3965148847 52.0378253564 52.0378253564
82.3527980785 57.044964356 51.8590585055
84.2273552964 62.0258331179 51.6881942649
86.0154512444 66.98287828 51.5252909846
87.7125690368 71.9185660144 51.370404296
89.3144216068 76.8353806389 51.2235870926
90.8169625359 76.6273342687 51.0848895125
92.2163962751 76.431538381 50.9543589207
93.5091877335 81.3312638292 50.8320398933
94.6920712076 86.2205561436 50.7179742021
95.762058631 80.9795212808 50.6122008005
96.7164471228 85.8750848769 50.51475581
97.5528258148 80.6810760126 50.4256725079
98.2690819417 85.5864682375 50.3449813162
98.8634061784 80.4363356652 50.2727097907
99.3342972104 85.3551004408 50.2088826122
99.680565526 80.2456345242 50.1535215776
99.9013364214 85.1812975075 50.1066455926
99.9960522102 80.1092330646 50.0682706654
99.964473632 85.0652968314 50.0384099008
99.8066804572 80.0273175943 50.0170734964
99.5230712848 85.0072568555 50.0042687385
99.1143625364 90.0 50.0
98.5815866457 90.0076837294 50.0042687385
97.9260894509 90.0307322936 50.0170734964
97.1495267946 90.0691378215 50.0384099008
96.2538603417 90.1228871976 50.0682706654
95.2413526233 90.1919620667 50.1066455926
94.1145613217 90.2763388397 50.1535215776
92.8763328097 90.375988702 50.2088826122
91.5297949598 90.4908776233 50.2727097907
90.0783492435 90.6209663691 50.3449813162
88.5256621388 85.7236432634 50.4256725079
86.8756558679 80.8236092959 50.51475581
85.1324984899 86.0407413608 50.6122008005
83.3005933717 81.1487587234 50.7179742021
81.3845680645 86.4144678186 50.8320398933
79.3892626146 81.5269742731 50.9543589207
77.3197173367 76.6273342687 51.0848895125
75.1811600818 71.7130219297 51.2235870926
72.9789930311 66.7815255848 51.370404296
70.7187790497 61.8303491815 51.5252909846
68.4062276342 56.8570136914 51.6881942649
66.0471804904 51.8590585055 51.8590585055
63.6475967759 52.0378253564 52.0378253564
61.2135380475 52.2244337688 52.2244337688
58.7511529488 57.660702018 52.4188200163
56.2666616782 52.6209177161 52.6209177161
53.7663402764 47.5475920668 52.830657852
51.2565047722 47.7431719181 53.0479687979
48.7434952278 47.9454987081 53.2727763424
46.2336597236 48.1545033424 53.5050037138
43.7333383218 48.3701144461 53.7445716068
41.2488470512 43.1931185672 53.9913982091
38.7864619525 48.8208593066 54.2453992296
36.3524032241 49.0558391346 54.5064879273
33.9528195096 49.2971176266 54.7745751406
31.5937723658 49.5446123862 55.049569318
29.2812209503 44.2651012393 55.3313765492
27.0210069689 38.9339304181 55.6199005972
24.8188399182 33.5490257589 55.9150429315
22.6802826633 28.1083513805 56.2167027611
20.6107373854 22.6099108278 56.5247770695
18.6154319355 22.7356642598 56.8391606496
16.6994066283 22.8638984559 57.1597461397
14.8675015101 22.9945696241 57.4864240602
13.1243441321 17.3457248552 57.8190828508
11.4743378612 11.6315217818 58.1576089088
9.92165075646 11.7003773256 58.501886628
8.47020504021 11.7703596876 58.8517984378
7.12366719032 17.7621674531 59.2072248437
5.88543867825 11.9136088936 59.5680444678
4.7586473767 5.99341340905 59.9341340905
3.74613965828 6.03053686927 60.3053686927
2.85047320536 6.0681621498 60.681621498
2.07391054913 6.10627640164 61.0627640164
1.41841335427 6.14486660882 61.4486660882
0.885637463566 6.18391959281 61.8391959281
0.476928715168 6.22342201705 62.2342201705
0.193319542841 6.2633603915 62.633603915
0.0355263679706 6.30372107725 63.0372107725
0.00394778980922 6.34449029115 63.4449029115
0.0986635785864 6.38565411056 63.8565411056
0.319434473999 6.42719847807 64.2719847807
0.665702789607 12.9382184126 64.6910920632
1.13659382159 6.51137198282 65.1137198282
1.73091805834 6.55397237489 65.5397237489
2.44717418524 6.59689583453 65.9689583453
3.28355287717 6.64012770342 66.4012770342
4.23794136895 6.6836532179 66.836532179
5.30792879244 6.72745751406 67.2745751406
6.49081226652 6.77152563278 67.7152563278
7.7836037249 6.81584252482 68.1584252482
9.18303746414 13.720786112 68.6039305601
10.6855783932 13.8103240248 69.0516201239
12.2874309632 13.9002682108 69.501341054
13.9845487556 13.9905879542 69.9529397711
15.7726447036 14.0812524109 70.4062620546
17.6472019215 14.1722306191 70.8611530954
19.6034851153 21.3952372646 71.3174575486
21.6365525437 21.532505876 71.7750195867
23.7412685019 14.4467365905 72.2336829527
25.9123162949 21.807987304 72.6932910134
28.1442116675 21.9461060439 73.1536868131
30.4313166581 22.0844139381 73.6147131271
32.7678538413 29.6304850061 74.0762125153
35.1479209211 37.269013688 74.538027376
37.5655056418 30.0 75.0
40.0145009743 37.730986312 75.461972624
42.488720544 37.9618937424 75.9237874847
44.9819142574 38.1926434364 76.3852868729
47.487784091 38.4231565934 76.8463131869
50.0 46.3840253919 77.3067089866
52.512215909 54.4364219331 77.7663170473
55.0180857426 54.7574862893 78.2249804133
57.511279456 55.077779716 78.6825424514
59.9854990257 55.3971928332 79.1388469046
62.4344943582 55.7156165618 79.5937379454
64.8520790789 56.0329421602 80.0470602289
67.2321461587 56.3490612622 80.498658946
69.5686833419 56.6638659132 80.9483798761
71.8557883325 56.9772486079 81.3960694399
74.0876837051 57.2891023263 81.8415747518
76.2587314981 57.5993205706 82.2847436722
78.3634474563 57.9077974016 82.7254248594
80.3965148847 58.2144274747 83.163467821
82.3527980785 66.8789783727 83.5987229658
84.2273552964 75.6279374892 84.0310416547
86.0154512444 84.4602762511 84.4602762511
87.7125690368 84.8862801718 84.8862801718
89.3144216068 85.3089079368 85.3089079368
90.8169625359 85.7280152193 85.7280152193
92.2163962751 86.1434588944 86.1434588944
93.5091877335 95.2106067974 86.5550970885
94.6920712076 86.9627892275 86.9627892275
95.762058631 96.1030356935 87.366396085
96.7164471228 105.318935795 87.7657798295
97.5528258148 105.792964886 88.1608040719
98.2690819417 97.406467303 88.5513339118
98.8634061784 97.8309595819 88.9372359836
99.3342972104 98.2502163522 89.318378502
99.680565526 98.664094438 89.6946313073
99.9013364214 99.0724525004 90.0658659095
99.9960522102 99.4751510855 90.4319555322
99.964473632 99.872052672 90.7927751563
99.8066804572 100.263021718 91.1482015622
99.5230712848 100.647924709 91.498113372
99.1143625364 101.0266302 91.8423910912
98.5815866457 101.399008864 92.1809171492
97.9260894509 101.764933534 92.5135759398
97.1495267946 102.124279246 92.8402538603
96.2538603417 102.476923285 93.1608393504
95.2413526233 112.170267517 93.4752229305
94.1145613217 112.539956687 93.7832972389
92.8763328097 112.901948482 94.0849570685
91.5297949598 113.256119283 94.3800994028
90.0783492435 104.135485796 94.6686234508
88.5256621388 94.950430682 94.950430682
86.8756558679 95.2254248594 95.2254248594
85.1324984899 95.4935120727 95.4935120727
83.3005933717 95.7546007704 95.7546007704
81.3845680645 96.0086017909 96.0086017909
79.3892626146 86.6298855539 96.2554283932
77.3197173367 86.8454966576 96.4949962862
75.1811600818 87.0545012919 96.7272236576
72.9789930311 96.9520312021 96.9520312021
70.7187790497 87.4524079332 97.169342148
68.4062276342 77.9032658271 97.3790822839
66.0471804904 68.3068259886 97.5811799837
63.6475967759 68.4428963618 97.7755662312
61.2135380475 58.7773047862 97.9621746436
58.7511529488 68.6986590462 98.1409414945
56.2666616782 58.9870834411 98.3118057351
53.7663402764 59.0848254092 98.4747090154
51.2565047722 69.0407169928 98.629595704
48.7434952278 69.1434890352 98.7764129074
46.2336597236 69.2405773413 98.9151104875
43.7333383218 59.4273846476 99.0456410793
41.2488470512 59.500776064 99.1679601067
38.7864619525 59.5692154787 99.2820257979
36.3524032241 49.6938995998 99.3877991995
33.9528195096 39.794097676 99.48524419
31.5937723658 29.8722982476 99.5743274921
29.2812209503 39.8620074735 99.6550186838
27.0210069689 29.9181870628 99.7272902093
24.8188399182 39.9164469551 99.7911173878
22.6802826633 29.9539435267 99.8464784224
20.6107373854 19.9786708815 99.8933544074
18.6154319355 29.9795188004 99.9317293346
16.6994066283 19.9923180198 99.9615900992
14.8675015101 19.9965853007 99.9829265036
13.1243441321 19.9991462523 99.9957312615
11.4743378612 30.0 100.0
9.92165075646 39.9982925046 99.9957312615
8.47020504021 29.9948779511 99.9829265036
7.12366719032 19.9923180198 99.9615900992
5.88543867825 9.99317293346 99.9317293346
4.7586473767 9.98933544074 99.8933544074
3.74613965828 9.98464784224 99.8464784224
2.85047320536 9.97911173878 99.7911173878
2.07391054913 9.97272902093 99.7272902093
1.41841335427 9.96550186838 99.6550186838
0.885637463566 9.95743274921 99.5743274921
0.476928715168 9.948524419 99.48524419
0.193319542841 9.93877991995 99.3877991995
0.0355263679706 9.92820257979 99.2820257979
0.0039477898092 9.91679601067 99.1679601067
0.0986635785864 9.90456410793 99.0456410793
0.319434474 9.89151104875 98.9151104875
0.665702789606 9.87764129074 98.7764129074
1.13659382159 9.8629595704 98.629595704
1.73091805834 9.84747090154 98.4747090154
2.44717418524 9.83118057351 98.3118057351
3.28355287717 9.81409414945 98.1409414945
4.23794136895 9.79621746436 97.9621746436
5.30792879244 9.77755662312 97.7755662312
6.49081226652 9.75811799837 97.5811799837
7.7836037249 9.73790822839 97.3790822839
9.18303746414 9.7169342148 97.169342148
10.6855783932 9.69520312021 96.9520312021
12.2874309632 9.67272236576 96.7272236576
13.9845487556 9.64949962862 96.4949962862
15.7726447036 19.2510856786 96.2554283932
17.6472019215 19.2017203582 96.0086017909
19.6034851153 28.7263802311 95.7546007704
21.6365525437 19.0987024145 95.4935120727
23.7412685019 28.5676274578 95.2254248594
25.9123162949 28.4851292046 94.950430682
28.1442116675 28.4005870353 94.6686234508
30.4313166581 37.7520397611 94.3800994028
32.7678538413 28.2254871206 94.0849570685
35.1479209211 37.5133188956 93.7832972389
37.5655056418 46.7376114653 93.4752229305
40.0145009743 37.2643357402 93.1608393504
42.488720544 46.4201269301 92.8402538603
44.9819142574 46.2567879699 92.5135759398
47.487784091 46.0904585746 92.1809171492
50.0 55.1054346547 91.8423910912
52.512215909 64.0486793604 91.498113372
55.0180857426 54.6889209373 91.1482015622
57.511279456 63.5549426094 90.7927751563
59.9854990257 54.2591733193 90.4319555322
62.4344943582 54.0395195457 90.0658659095
64.8520790789 62.7862419151 89.6946313073
67.2321461587 62.5228649514 89.318378502
69.5686833419 62.2560651885 88.9372359836
71.8557883325 70.8410671294 88.5513339118
74.0876837051 70.5286432575 88.1608040719
76.2587314981 70.2126238636 87.7657798295
78.3634474563 69.893116868 87.366396085
80.3965148847 69.570231382 86.9627892275
82.3527980785 77.8995873797 86.5550970885
84.2273552964 86.1434588944 86.1434588944
86.0154512444 85.7280152193 85.7280152193
87.7125690368 85.3089079368 85.3089079368
89.3144216068 84.8862801718 84.8862801718
90.8169625359 92.9063038762 84.4602762511
92.2163962751 84.0310416547 84.0310416547
93.5091877335 91.9585952624 83.5987229658
94.6920712076 83.163467821 83.163467821
95.762058631 90.9979673453 82.7254248594
96.7164471228 98.7416924067 82.2847436722
97.5528258148 90.025732227 81.8415747518
98.2690819417 89.5356763838 81.3960694399
98.8634061784 89.0432178637 80.9483798761
99.3342972104 88.5485248406 80.498658946
99.680565526 88.0517662518 80.0470602289
99.9013364214 95.5124855345 79.5937379454
99.9960522102 87.0527315951 79.1388469046
99.964473632 94.4190509416 78.6825424514
99.8066804572 86.0474784546 78.2249804133
99.5230712848 93.3195804567 77.7663170473
99.1143625364 85.0373798852 77.3067089866
98.5815866457 92.2155758242 76.8463131869
97.9260894509 84.0238155602 76.3852868729
97.1495267946 91.1085449817 75.9237874847
96.2538603417 98.1005644112 75.461972624
95.2413526233 105.0 75.0
94.1145613217 96.8994355888 74.538027376
92.8763328097 103.706697521 74.0762125153
91.5297949598 95.6991270652 73.6147131271
90.0783492435 102.415161538 73.1536868131
88.5256621388 94.5012783174 72.6932910134
86.8756558679 93.9037878385 72.2336829527
85.1324984899 86.1300235041 71.7750195867
83.3005933717 92.7126948132 71.3174575486
81.3845680645 85.0333837145 70.8611530954
79.3892626146 91.528140671 70.4062620546
77.3197173367 83.9435277253 69.9529397711
75.1811600818 83.4016092648 69.501341054
72.9789930311 82.8619441487 69.0516201239
70.7187790497 82.3247166722 68.6039305601
68.4062276342 81.7901102978 68.1584252482
66.0471804904 81.2583075933 67.7152563278
63.6475967759 80.7294901688 67.2745751406
61.2135380475 80.2038386148 66.836532179
58.7511529488 79.681532441 66.4012770342
56.2666616782 72.5658541799 65.9689583453
53.7663402764 65.5397237489 65.5397237489
51.2565047722 58.6023478454 65.1137198282
48.7434952278 58.2219828568 64.6910920632
46.2336597236 57.8447863026 64.2719847807
43.7333383218 57.470886995 63.8565411056
41.2488470512 50.7559223292 63.4449029115
38.7864619525 44.1260475407 63.0372107725
36.3524032241 37.580162349 62.633603915
33.9528195096 37.3405321023 62.2342201705
31.5937723658 30.919597964 61.8391959281
29.2812209503 30.7243330441 61.4486660882
27.0210069689 30.5313820082 61.0627640164
24.8188399182 30.340810749 60.681621498
22.6802826633 24.1221474771 60.3053686927
20.6107373854 23.9736536362 59.9341340905
18.6154319355 23.8272177871 59.5680444678
16.6994066283 23.6828899375 59.2072248437
14.8675015101 17.6555395313 58.8517984378
13.1243441321 11.7003773256 58.501886628
11.4743378612 11.6315217818 58.1576089088
9.92165075646 11.5638165702 57.8190828508
8.47020504021 11.497284812 57.4864240602
7.12366719032 5.71597461397 57.1597461397
5.88543867825 5.68391606496 56.8391606496
4.7586473767 5.65247770695 56.5247770695
3.74613965828 5.62167027611 56.2167027611
2.85047320536 5.59150429315 55.9150429315
2.07391054913 5.56199005972 55.6199005972
1.41841335427 5.53313765492 55.3313765492
0.885637463566 5.5049569318 55.049569318
0.476928715167 5.47745751406 54.7745751406
0.193319542841 5.45064879273 54.5064879273
0.0355263679706 5.42453992296 54.2453992296
0.00394778980919 5.39913982091 53.9913982091
0.0986635785863 5.37445716068 53.7445716068
0.319434474 5.35050037138 53.5050037138
0.665702789607 5.32727763424 53.2727763424
1.13659382159 5.30479687979 53.0479687979
1.73091805834 5.2830657852 52.830657852
2.44717418524 5.26209177161 52.6209177161
3.28355287717 5.24188200163 52.4188200163
4.23794136895 5.22244337688 52.2244337688
5.30792879244 5.20378253564 52.0378253564
6.49081226652 5.18590585055 51.8590585055
7.7836037249 5.16881942649 51.6881942649
9.18303746414 5.15252909846 51.5252909846
10.6855783932 10.2740808592 51.370404296
12.2874309632 10.2447174185 51.2235870926
13.9845487556 10.2169779025 51.0848895125
15.7726447036 15.2863076762 50.9543589207
17.6472019215 10.1664079787 50.8320398933
19.6034851153 15.2153922606 50.7179742021
21.6365525437 15.1836602401 50.6122008005
23.7412685019 20.205902324 50.51475581
25.9123162949 25.212836254 50.4256725079
28.1442116675 30.2069887897 50.3449813162
30.4313166581 25.1363548954 50.2727097907
32.7678538413 30.1253295673 50.2088826122
35.1479209211 25.0767607888 50.1535215776
37.5655056418 30.0639873556 50.1066455926
40.0145009743 30.0409623992 50.0682706654
42.488720544 35.0268869306 50.0384099008
44.9819142574 35.0119514475 50.0170734964
47.487784091 35.002988117 50.0042687385
50.0 40.0 50.0
52.512215909 35.002988117 50.0042687385
55.0180857426 40.0136587971 50.0170734964
57.511279456 45.0345689107 50.0384099008
59.9854990257 50.0682706654 50.0682706654
62.4344943582 45.0959810334 50.1066455926
64.8520790788 50.1535215776 50.1535215776
67.2321461587 50.2088826122 50.2088826122
69.5686833419 55.2999807698 50.2727097907
71.8557883325 60.4139775794 50.3449813162
74.0876837051 55.4682397587 50.4256725079
76.2587314981 60.617706972 50.51475581
78.3634474563 65.7958610406 50.6122008005
80.3965148847 60.8615690425 50.7179742021
82.3527980785 66.0816518613 50.8320398933
84.2273552964 71.336102489 50.9543589207
86.0154512444 76.6273342687 51.0848895125
87.7125690368 76.8353806389 51.2235870926
89.3144216068 77.055606444 51.370404296
90.8169625359 77.2879364769 51.5252909846
92.2163962751 72.3634719708 51.6881942649
93.5091877335 77.7885877582 51.8590585055
94.6920712076 83.2605205702 52.0378253564
95.762058631 88.781537407 52.2244337688
96.7164471228 94.3538760294 52.4188200163
97.5528258148 94.717651889 52.6209177161
98.2690819417 95.0951841336 52.830657852
98.8634061784 95.4863438362 53.0479687979
99.3342972104 95.8909974163 53.2727763424
99.680565526 101.659507056 53.5050037138
99.9013364214 96.7402288922 53.7445716068
99.9960522102 97.1845167763 53.9913982091
99.964473632 103.066258536 54.2453992296
99.8066804572 98.1116782692 54.5064879273
99.5230712848 98.5942352531 54.7745751406
99.1143625364 99.0892247724 55.049569318
98.5815866457 99.5964777885 55.3313765492
97.9260894509 100.115821075 55.6199005972
97.1495267946 100.647077277 55.9150429315
96.2538603417 101.19006497 56.2167027611
95.2413526233 96.0921210181 56.5247770695
94.1145613217 102.310489169 56.8391606496
92.8763328097 97.1715684375 57.1597461397
91.5297949598 103.475563308 57.4864240602
90.0783492435 98.2924408463 57.8190828508
88.5256621388 93.0521742541 58.1576089088
86.8756558679 87.752829942 58.501886628
85.1324984899 94.1628775005 58.8517984378
83.3005933717 94.7315597499 59.2072248437
81.3845680645 95.3088711484 59.5680444678
79.3892626146 89.9012011358 59.9341340905
77.3197173367 84.4275161698 60.3053686927
75.1811600818 78.8861079474 60.681621498
72.9789930311 73.2753168197 61.0627640164
70.7187790497 67.593532697 61.4486660882
68.4062276342 61.8391959281 61.8391959281
66.0471804904 68.4576421875 62.2342201705
63.6475967759 62.633603915 62.633603915
61.2135380475 56.7334896952 63.0372107725
58.7511529488 50.7559223292 63.4449029115
56.2666616782 57.470886995 63.8565411056
53.7663402764 51.4175878245 64.2719847807
51.2565047722 45.2837644442 64.6910920632
48.7434952278 52.0909758626 65.1137198282
46.2336597236 45.8778066243 65.5397237489
43.7333383218 46.1782708417 65.9689583453
41.2488470512 46.4808939239 66.4012770342
38.7864619525 46.7855725253 66.836532179
36.3524032241 40.3647450844 67.2745751406
33.9528195096 40.6291537967 67.7152563278
31.5937723658 34.0792126241 68.1584252482
29.2812209503 41.1623583361 68.6039305601
27.0210069689 34.525810062 69.0516201239
24.8188399182 34.750670527 69.501341054
22.6802826633 27.9811759084 69.9529397711
20.6107373854 21.1218786164 70.4062620546
18.6154319355 21.2583459286 70.8611530954
16.6994066283 21.3952372646 71.3174575486
14.8675015101 21.532505876 71.7750195867
13.1243441321 14.4467365905 72.2336829527
11.4743378612 14.5386582027 72.6932910134
9.92165075646 14.6307373626 73.1536868131
8.47020504021 22.0844139381 73.6147131271
7.12366719032 14.8152425031 74.0762125153
5.88543867825 7.4538027376 74.538027376
4.7586473767 7.5 75.0
3.74613965828 7.5461972624 75.461972624
2.85047320536 7.59237874847 75.9237874847
2.07391054913 7.63852868729 76.3852868729
1.41841335427 7.68463131869 76.8463131869
0.885637463566 7.73067089866 77.3067089866
0.476928715167 7.77663170473 77.7663170473
0.193319542841 7.82249804133 78.2249804133
0.0355263679705 7.86825424514 78.6825424514
0.00394778980917 7.91388469046 79.1388469046
0.0986635785862 7.95937379454 79.5937379454
0.319434474 8.00470602289 80.0470602289
0.665702789607 8.0498658946 80.498658946
1.13659382159 8.09483798761 80.9483798761
1.73091805834 8.13960694399 81.3960694399
2.44717418524 8.18415747518 81.8415747518
3.28355287717 8.22847436722 82.2847436722
4.23794136895 8.27254248594 82.7254248594
5.30792879244 8.3163467821 83.163467821
6.49081226652 8.35987229658 83.5987229658
7.7836037249 8.40310416547 84.0310416547
9.18303746414 8.44602762511 84.4602762511
10.6855783932 16.9772560344 84.8862801718
12.2874309632 8.53089079368 85.3089079368
13.9845487556 8.57280152193 85.7280152193
15.7726447036 17.2286917789 86.1434588944
17.6472019215 17.3110194177 86.5550970885
19.6034851153 26.0888367683 86.9627892275
21.6365525437 17.473279217 87.366396085
23.7412685019 26.3297339489 87.7657798295
25.9123162949 17.6321608144 88.1608040719
28.1442116675 26.5654001735 88.5513339118
30.4313166581 35.5748943934 88.9372359836
32.7678538413 26.7955135506 89.318378502
35.1479209211 35.8778525229 89.6946313073
37.5655056418 45.0329329547 90.0658659095
40.0145009743 36.1727822129 90.4319555322
42.488720544 45.3963875782 90.7927751563
44.9819142574 45.5741007811 91.1482015622
47.487784091 45.749056686 91.498113372
50.0 55.1054346547 91.8423910912
52.512215909 64.5266420045 92.1809171492
55.0180857426 55.5081455639 92.5135759398
57.511279456 64.9881777022 92.8402538603
59.9854990257 55.8965036102 93.1608393504
62.4344943582 56.0851337583 93.4752229305
64.8520790789 65.6483080672 93.7832972389
67.2321461587 65.859469948 94.0849570685
69.5686833419 66.0660695819 94.3800994028
71.8557883325 75.7348987607 94.6686234508
74.0876837051 75.9603445456 94.950430682
76.2587314981 85.7028823734 95.2254248594
78.3634474563 85.9441608654 95.4935120727
80.3965148847 86.1791406933 95.7546007704
82.3527980785 96.0086017909 96.0086017909
84.2273552964 86.6298855539 96.2554283932
86.0154512444 96.4949962862 96.4949962862
87.7125690368 96.7272236576 96.7272236576
89.3144216068 96.9520312021 96.9520312021
90.8169625359 106.886276363 97.169342148
92.2163962751 97.3790822839 97.3790822839
93.5091877335 97.5811799837 97.5811799837
94.6920712076 97.7755662312 97.7755662312
95.762058631 97.9621746436 97.9621746436
96.7164471228 98.1409414945 98.1409414945
97.5528258148 98.3118057351 98.3118057351
98.2690819417 98.4747090154 98.4747090154
98.8634061784 98.629595704 98.629595704
99.3342972104 98.7764129074 98.7764129074
99.680565526 98.9151104875 98.9151104875
99.9013364214 99.0456410793 99.0456410793
99.9960522102 99.1679601067 99.1679601067
99.964473632 99.2820257979 99.2820257979
99.8066804572 99.3877991995 99.3877991995
99.5230712848 99.48524419 99.48524419
99.1143625364 99.5743274921 99.5743274921
98.5815866457 99.6550186838 99.6550186838
97.9260894509 99.7272902093 99.7272902093
97.1495267946 99.7911173878 99.7911173878
96.2538603417 99.8464784224 99.8464784224
95.2413526233 99.8933544074 99.8933544074
94.1145613217 99.9317293346 99.9317293346
92.8763328097 99.9615900992 99.9615900992
91.5297949598 99.9829265036 99.9829265036
90.0783492435 99.9957312615 99.9957312615
88.5256621388 100.0 100.0
86.8756558679 99.9957312615 99.9957312615
85.1324984899 99.9829265036 99.9829265036
83.3005933717 99.9615900992 99.9615900992
81.3845680645 99.9317293346 99.9317293346
79.3892626146 89.9040189666 99.8933544074
77.3197173367 89.8618305801 99.8464784224
75.1811600818 89.812005649 99.7911173878
72.9789930311 99.7272902093 99.7272902093
70.7187790497 89.6895168155 99.6550186838
68.4062276342 79.6594619937 99.5743274921
66.0471804904 69.639670933 99.48524419
63.6475967759 69.5714594397 99.3877991995
61.2135380475 59.5692154787 99.2820257979
58.7511529488 69.4175720747 99.1679601067
56.2666616782 59.4273846476 99.0456410793
53.7663402764 69.2405773413 98.9151104875
51.2565047722 59.2658477444 98.7764129074
48.7434952278 69.0407169928 98.629595704
46.2336597236 68.9322963108 98.4747090154
43.7333383218 58.9870834411 98.3118057351
41.2488470512 58.8845648967 98.1409414945
38.7864619525 58.7773047862 97.9621746436
36.3524032241 48.8877831156 97.7755662312
33.9528195096 39.0324719935 97.5811799837
31.5937723658 29.2137246852 97.3790822839
29.2812209503 38.8677368592 97.169342148
27.0210069689 29.0856093606 96.9520312021
24.8188399182 38.6908894631 96.7272236576
22.6802826633 28.9484988859 96.4949962862
20.6107373854 19.2510856786 96.2554283932
18.6154319355 28.8025805373 96.0086017909
16.6994066283 19.1509201541 95.7546007704
14.8675015101 28.6480536218 95.4935120727
13.1243441321 19.0450849719 95.2254248594
11.4743378612 28.4851292046 94.950430682
9.92165075646 18.9337246902 94.6686234508
8.47020504021 28.3140298208 94.3800994028
7.12366719032 18.8169914137 94.0849570685
5.88543867825 9.37832972389 93.7832972389
4.7586473767 9.34752229305 93.4752229305
3.74613965828 9.31608393504 93.1608393504
2.85047320536 9.28402538603 92.8402538603
2.07391054913 9.25135759398 92.5135759398
1.41841335427 9.21809171492 92.1809171492
0.885637463566 9.18423910912 91.8423910912
0.476928715168 18.2996226744 91.498113372
0.193319542842 9.11482015622 91.1482015622
0.0355263679706 9.07927751563 90.7927751563
0.0039477898092 9.04319555322 90.4319555322
0.0986635785865 9.00658659095 90.0658659095
0.319434474 8.96946313073 89.6946313073
0.665702789606 8.9318378502 89.318378502
1.13659382159 8.89372359836 88.9372359836
1.73091805834 8.85513339118 88.5513339118
2.44717418524 8.81608040719 88.1608040719
3.28355287717 8.77657798295 87.7657798295
4.23794136895 8.7366396085 87.366396085
5.30792879244 8.69627892275 86.9627892275
6.49081226652 8.65550970885 86.5550970885
7.7836037249 8.61434588944 86.1434588944
9.18303746414 8.57280152193 85.7280152193
10.6855783932 17.0617815874 85.3089079368
12.2874309632 8.48862801718 84.8862801718
13.9845487556 8.44602762511 84.4602762511
15.7726447036 16.8062083309 84.0310416547
17.6472019215 16.7197445932 83.5987229658
19.6034851153 24.9490403463 83.163467821
21.6365525437 16.5450849719 82.7254248594
23.7412685019 24.6854231017 82.2847436722
25.9123162949 24.5524724255 81.8415747518
28.1442116675 24.418820832 81.3960694399
30.4313166581 32.3793519504 80.9483798761
32.7678538413 24.1495976838 80.498658946
35.1479209211 32.0188240916 80.0470602289
37.5655056418 39.7968689727 79.5937379454
40.0145009743 31.6555387618 79.1388469046
42.488720544 39.3412712257 78.6825424514
44.9819142574 39.1124902066 78.2249804133
47.487784091 38.8831585236 77.7663170473
50.0 46.3840253919 77.3067089866
52.512215909 53.7924192308 76.8463131869
55.0180857426 53.469700811 76.3852868729
57.511279456 53.1466512393 75.9237874847
59.9854990257 52.8233808368 75.461972624
62.4344943582 52.5 75.0
64.8520790789 52.1766191632 74.538027376
67.2321461587 51.8533487607 74.0762125153
69.5686833419 51.530299189 73.6147131271
71.8557883325 58.5229494505 73.1536868131
74.0876837051 58.1546328107 72.6932910134
76.2587314981 57.7869463622 72.2336829527
78.3634474563 57.4200156694 71.7750195867
80.3965148847 64.1857117938 71.3174575486
82.3527980785 70.8611530954 70.8611530954
84.2273552964 77.44688826 70.4062620546
86.0154512444 83.9435277253 69.9529397711
87.7125690368 90.3517433702 69.501341054
89.3144216068 96.6722681735 69.0516201239
90.8169625359 89.1851097282 68.6039305601
92.2163962751 88.6059528227 68.1584252482
93.5091877335 94.8013588589 67.7152563278
94.6920712076 87.4569476828 67.2745751406
95.762058631 86.8874918327 66.836532179
96.7164471228 86.3216601444 66.4012770342
97.5528258148 85.7596458489 65.9689583453
98.2690819417 91.7556132485 65.5397237489
98.8634061784 84.6478357767 65.1137198282
99.3342972104 90.5675288884 64.6910920632
99.680565526 83.5535802149 64.2719847807
99.9013364214 89.3991575478 63.8565411056
99.9960522102 82.4783737849 63.4449029115
99.964473632 88.2520950815 63.0372107725
99.8066804572 81.4236850895 62.633603915
99.5230712848 87.1279082387 62.2342201705
99.1143625364 80.3909547065 61.8391959281
98.5815866457 86.0281325235 61.4486660882
97.9260894509 91.5941460246 61.0627640164
97.1495267946 97.0905943968 60.681621498
96.2538603417 90.458053039 60.3053686927
95.2413526233 95.8946145448 59.9341340905
94.1145613217 89.3520667016 59.5680444678
92.8763328097 94.7315597499 59.2072248437
91.5297949598 88.2776976567 58.8517984378
90.0783492435 93.6030186049 58.501886628
88.5256621388 87.2364133633 58.1576089088
86.8756558679 92.5105325612 57.8190828508
85.1324984899 91.9782784963 57.4864240602
83.3005933717 97.1715684375 57.1597461397
81.3845680645 90.9426570394 56.8391606496
79.3892626146 90.4396433112 56.5247770695
77.3197173367 84.3250541416 56.2167027611
75.1811600818 78.2810601041 55.9150429315
72.9789930311 72.3058707764 55.6199005972
70.7187790497 66.397651859 55.3313765492
68.4062276342 60.5545262498 55.049569318
66.0471804904 65.7294901688 54.7745751406
63.6475967759 70.8584343055 54.5064879273
61.2135380475 65.0944790755 54.2453992296
58.7511529488 70.1888176718 53.9913982091
56.2666616782 64.4934859281 53.7445716068
53.7663402764 58.8555040852 53.5050037138
51.2565047722 53.2727763424 53.2727763424
48.7434952278 47.7431719181 53.0479687979
46.2336597236 47.5475920668 52.830657852
43.7333383218 47.3588259445 52.6209177161
41.2488470512 41.9350560131 52.4188200163
38.7864619525 47.001990392 52.2244337688
36.3524032241 46.8340428207 52.0378253564
33.9528195096 46.6731526549 51.8590585055
31.5937723658 46.5193748384 51.6881942649
29.2812209503 41.2202327877 51.5252909846
27.0210069689 35.9592830072 51.370404296
24.8188399182 30.7341522556 51.2235870926
22.6802826633 25.5424447562 51.0848895125
20.6107373854 20.3817435683 50.9543589207
18.6154319355 15.249611968 50.8320398933
16.6994066283 15.2153922606 50.7179742021
14.8675015101 15.1836602401 50.6122008005
13.1243441321 10.102951162 50.51475581
11.4743378612 15.1277017524 50.4256725079
9.92165075646 10.0689962632 50.3449813162
8.47020504021 15.0818129372 50.2727097907
7.12366719032 10.0417765224 50.2088826122
5.88543867825 5.01535215776 50.1535215776
4.7586473767 5.01066455926 50.1066455926
3.74613965828 5.00682706654 50.0682706654
2.85047320536 5.00384099008 50.0384099008
2.07391054913 5.00170734964 50.0170734964
1.41841335427 5.00042687385 50.0042687385
0.885637463566 5.0 50.0
0.476928715168 5.00042687385 50.0042687385
0.193319542842 5.00170734964 50.0170734964
0.0355263679705 5.00384099008 50.0384099008
0.00394778980918 5.00682706654 50.0682706654
0.0986635785864 5.01066455926 50.1066455926
0.319434473999 5.01535215776 50.1535215776
0.665702789607 5.02088826122 50.2088826122
1.13659382159 5.02727097907 50.2727097907
1.73091805834 5.03449813162 50.3449813162
2.44717418524 5.04256725079 50.4256725079
3.28355287717 5.051475581 50.51475581
4.23794136895 5.06122008005 50.6122008005
5.30792879244 5.07179742021 50.7179742021
6.49081226652 5.08320398933 50.8320398933
7.7836037249 5.09543589207 50.9543589207
9.18303746414 5.10848895125 51.0848895125
10.6855783932 10.2447174185 51.2235870926
12.2874309632 5.1370404296 51.370404296
13.9845487556 10.3050581969 51.5252909846
15.7726447036 15.5064582795 51.6881942649
17.6472019215 10.3718117011 51.8590585055
19.6034851153 15.6113476069 52.0378253564
21.6365525437 15.6673301307 52.2244337688
23.7412685019 20.9675280065 52.4188200163
25.9123162949 26.3104588581 52.6209177161
28.1442116675 31.6983947112 52.830657852
30.4313166581 26.523984399 53.0479687979
32.7678538413 31.9636658054 53.2727763424
35.1479209211 26.7525018569 53.5050037138
37.5655056418 32.2467429641 53.7445716068
40.0145009743 32.3948389254 53.9913982091
42.488720544 37.9717794607 54.2453992296
44.9819142574 38.1545415491 54.5064879273
47.487784091 38.3422025984 54.7745751406
50.0 44.0396554544 55.049569318
52.512215909 44.2651012393 55.3313765492
55.0180857426 44.4959204778 55.6199005972
57.511279456 50.3235386383 55.9150429315
59.9854990257 56.2167027611 56.2167027611
62.4344943582 50.8722993625 56.5247770695
64.8520790788 56.8391606496 56.8391606496
67.2321461587 51.4437715257 57.1597461397
69.5686833419 57.4864240602 57.4864240602
71.8557883325 63.6009911358 57.8190828508
74.0876837051 58.1576089088 58.1576089088
76.2587314981 64.3520752908 58.501886628
78.3634474563 58.8517984378 58.8517984378
80.3965148847 65.127947328 59.2072248437
82.3527980785 71.4816533613 59.5680444678
84.2273552964 77.9143743177 59.9341340905
86.0154512444 84.4275161698 60.3053686927
87.7125690368 84.9542700972 60.681621498
89.3144216068 85.487869623 61.0627640164
90.8169625359 86.0281325235 61.4486660882
92.2163962751 86.5748742993 61.8391959281
93.5091877335 93.3513302557 62.2342201705
94.6920712076 100.213766264 62.633603915
95.762058631 94.5558161587 63.0372107725
96.7164471228 95.1673543672 63.4449029115
97.5528258148 89.3991575478 63.8565411056
98.2690819417 96.407977171 64.2719847807
98.8634061784 90.5675288884 64.6910920632
99.3342972104 84.6478357767 65.1137198282
99.680565526 91.7556132485 65.5397237489
99.9013364214 85.7596458489 65.9689583453
99.9960522102 92.9617878478 66.4012770342
99.964473632 86.8874918327 66.836532179
99.8066804572 94.1844051969 67.2745751406
99.5230712848 88.0298332261 67.7152563278
99.1143625364 88.6059528227 68.1584252482
98.5815866457 96.0455027842 68.6039305601
97.9260894509 89.7671061611 69.0516201239
97.1495267946 97.3018774756 69.501341054
96.2538603417 90.9388217024 69.9529397711
95.2413526233 91.528140671 70.4062620546
94.1145613217 92.119499024 70.8611530954
92.8763328097 92.7126948132 71.3174575486
91.5297949598 93.3075254628 71.7750195867
90.0783492435 101.127156134 72.2336829527
88.5256621388 94.5012783174 72.6932910134
86.8756558679 102.415161538 73.1536868131
85.1324984899 95.6991270652 73.6147131271
83.3005933717 88.8914550183 74.0762125153
81.3845680645 96.8994355888 74.538027376
79.3892626146 105.0 75.0
77.3197173367 98.1005644112 75.461972624
75.1811600818 91.1085449817 75.9237874847
72.9789930311 91.6623442475 76.3852868729
70.7187790497 84.5309445056 76.8463131869
68.4062276342 77.3067089866 77.3067089866
66.0471804904 85.542948752 77.7663170473
63.6475967759 78.2249804133 78.2249804133
61.2135380475 70.8142882062 78.6825424514
58.7511529488 71.2249622141 79.1388469046
56.2666616782 63.6749903563 79.5937379454
53.7663402764 56.0329421602 80.0470602289
51.2565047722 56.3490612622 80.498658946
48.7434952278 56.6638659132 80.9483798761
46.2336597236 48.8376416639 81.3960694399
43.7333383218 49.1049448511 81.8415747518
41.2488470512 49.3708462033 82.2847436722
38.7864619525 57.9077974016 82.7254248594
36.3524032241 49.8980806926 83.163467821
33.9528195096 41.7993614829 83.5987229658
31.5937723658 33.6124166619 84.0310416547
29.2812209503 25.3380828753 84.4602762511
27.0210069689 33.9545120687 84.8862801718
24.8188399182 25.5926723811 85.3089079368
22.6802826633 25.7184045658 85.7280152193
20.6107373854 25.8430376683 86.1434588944
18.6154319355 34.6220388354 86.5550970885
16.6994066283 34.785115691 86.9627892275
14.8675015101 26.2099188255 87.366396085
13.1243441321 17.5531559659 87.7657798295
11.4743378612 8.81608040719 88.1608040719
9.92165075646 8.85513339118 88.5513339118
8.47020504021 8.89372359836 88.9372359836
7.12366719032 8.9318378502 89.318378502
5.88543867825 8.96946313073 89.6946313073
4.7586473767 9.00658659095 90.0658659095
3.74613965828 18.0863911064 90.4319555322
2.85047320536 9.07927751563 90.7927751563
2.07391054913 9.11482015622 91.1482015622
1.41841335427 9.1498113372 91.498113372
0.885637463566 9.18423910912 91.8423910912
0.476928715167 9.21809171492 92.1809171492
0.193319542841 9.25135759398 92.5135759398
0.0355263679705 9.28402538603 92.8402538603
0.00394778980917 9.31608393504 93.1608393504
0.0986635785864 9.34752229305 93.4752229305
0.319434473999 9.37832972389 93.7832972389
0.665702789606 9.40849570685 94.0849570685
1.13659382159 9.43800994028 94.3800994028
1.73091805834 9.46686234508 94.6686234508
2.44717418524 9.4950430682 94.950430682
3.28355287717 9.52254248594 95.2254248594
4.23794136895 9.54935120727 95.4935120727
5.30792879244 9.57546007704 95.7546007704
6.49081226652 9.60086017909 96.0086017909
7.7836037249 9.62554283932 96.2554283932
9.18303746414 9.64949962862 96.4949962862
10.6855783932 9.67272236576 96.7272236576
12.2874309632 9.69520312021 96.9520312021
13.9845487556 9.7169342148 97.169342148
15.7726447036 19.4758164568 97.3790822839
17.6472019215 19.5162359967 97.5811799837
19.6034851153 29.3326698693 97.7755662312
21.6365525437 19.5924349287 97.9621746436
23.7412685019 29.4422824484 98.1409414945
25.9123162949 29.4935417205 98.3118057351
28.1442116675 29.5424127046 98.4747090154
30.4313166581 29.5888787112 98.629595704
32.7678538413 29.6329238722 98.7764129074
35.1479209211 29.6745331463 98.9151104875
37.5655056418 29.7136923238 99.0456410793
40.0145009743 29.750388032 99.1679601067
42.488720544 39.7128103192 99.2820257979
44.9819142574 49.6938995998 99.3877991995
47.487784091 49.742622095 99.48524419
50.0 59.7445964953 99.5743274921
52.512215909 69.7585130787 99.6550186838
55.0180857426 59.8363741256 99.7272902093
57.511279456 69.8537821714 99.7911173878
59.9854990257 59.9078870534 99.8464784224
62.4344943582 69.9253480852 99.8933544074
64.8520790789 59.9590376008 99.9317293346
67.2321461587 69.9731130694 99.9615900992
69.5686833419 69.9880485525 99.9829265036
71.8557883325 79.9965850092 99.9957312615
74.0876837051 90.0 100.0
76.2587314981 99.9957312615 99.9957312615
78.3634474563 89.9846338532 99.9829265036
80.3965148847 89.9654310893 99.9615900992
82.3527980785 99.9317293346 99.9317293346
84.2273552964 89.9040189666 99.8933544074
86.0154512444 99.8464784224 99.8464784224
87.7125690368 99.7911173878 99.7911173878
89.3144216068 99.7272902093 99.7272902093
90.8169625359 99.6550186838 99.6550186838
92.2163962751 99.5743274921 99.5743274921
93.5091877335 99.48524419 99.48524419
94.6920712076 99.3877991995 99.3877991995
95.762058631 99.2820257979 99.2820257979
96.7164471228 99.1679601067 99.1679601067
97.5528258148 99.0456410793 99.0456410793
98.2690819417 98.9151104875 98.9151104875
98.8634061784 98.7764129074 98.7764129074
99.3342972104 98.629595704 98.629595704
99.680565526 98.4747090154 98.4747090154
99.9013364214 98.3118057351 98.3118057351
99.9960522102 98.1409414945 98.1409414945
99.964473632 97.9621746436 97.9621746436
99.8066804572 97.7755662312 97.7755662312
99.5230712848 97.5811799837 97.5811799837
99.1143625364 97.3790822839 97.3790822839
98.5815866457 97.169342148 97.169342148
97.9260894509 106.647234322 96.9520312021
97.1495267946 106.399946023 96.7272236576
96.2538603417 106.144495915 96.4949962862
95.2413526233 96.2554283932 96.2554283932
94.1145613217 105.60946197 96.0086017909
92.8763328097 95.7546007704 95.7546007704
91.5297949598 95.4935120727 95.4935120727
90.0783492435 95.2254248594 95.2254248594
88.5256621388 94.950430682 94.950430682
86.8756558679 94.6686234508 94.6686234508
85.1324984899 94.3800994028 94.3800994028
83.3005933717 84.6764613617 94.0849570685
81.3845680645 93.7832972389 93.7832972389
79.3892626146 84.1277006375 93.4752229305
77.3197173367 93.1608393504 93.1608393504
75.1811600818 83.5562284743 92.8402538603
72.9789930311 92.5135759398 92.5135759398
70.7187790497 82.9628254343 92.1809171492
68.4062276342 73.4739128729 91.8423910912
66.0471804904 64.0486793604 91.498113372
63.6475967759 63.8037410935 91.1482015622
61.2135380475 54.4756650938 90.7927751563
58.7511529488 63.3023688726 90.4319555322
56.2666616782 54.0395195457 90.0658659095
53.7663402764 62.7862419151 89.6946313073
51.2565047722 53.5910271012 89.318378502
48.7434952278 62.2560651885 88.9372359836
46.2336597236 53.1308003471 88.5513339118
43.7333383218 61.7125628504 88.1608040719
41.2488470512 52.6594678977 87.7657798295
38.7864619525 52.419837651 87.366396085
36.3524032241 43.4813946138 86.9627892275
33.9528195096 34.6220388354 86.5550970885
31.5937723658 25.8430376683 86.1434588944
29.2812209503 25.7184045658 85.7280152193
27.0210069689 25.5926723811 85.3089079368
24.8188399182 25.4658840515 84.8862801718
22.6802826633 16.8920552502 84.4602762511
20.6107373854 25.2093124964 84.0310416547
18.6154319355 16.7197445932 83.5987229658
16.6994066283 24.9490403463 83.163467821
14.8675015101 16.5450849719 82.7254248594
13.1243441321 16.4569487344 82.2847436722
11.4743378612 16.3683149504 81.8415747518
9.92165075646 8.13960694399 81.3960694399
8.47020504021 16.1896759752 80.9483798761
7.12366719032 8.0498658946 80.498658946
5.88543867825 8.00470602289 80.0470602289
4.7586473767 7.95937379454 79.5937379454
3.74613965828 7.91388469046 79.1388469046
2.85047320536 7.86825424514 78.6825424514
2.07391054913 7.82249804133 78.2249804133
1.41841335427 7.77663170473 77.7663170473
0.885637463565 7.73067089866 77.3067089866
0.476928715168 7.68463131869 76.8463131869
0.193319542841 7.63852868729 76.3852868729
0.0355263679706 7.59237874847 75.9237874847
0.0039477898092 7.5461972624 75.461972624
0.0986635785863 7.5 75.0
0.319434474 7.4538027376 74.538027376
0.665702789607 7.40762125153 74.0762125153
1.13659382159 7.36147131271 73.6147131271
1.73091805834 7.31536868131 73.1536868131
2.44717418524 7.26932910134 72.6932910134
3.28355287717 7.22336829527 72.2336829527
4.23794136895 14.3550039173 71.7750195867
5.30792879244 7.13174575486 71.3174575486
6.49081226652 7.08611530954 70.8611530954
7.7836037249 7.04062620546 70.4062620546
9.18303746414 6.99529397711 69.9529397711
10.6855783932 6.9501341054 69.501341054
12.2874309632 13.8103240248 69.0516201239
13.9845487556 13.720786112 68.6039305601
15.7726447036 13.6316850496 68.1584252482
17.6472019215 13.5430512656 67.7152563278
19.6034851153 20.1823725422 67.2745751406
21.6365525437 26.7346128716 66.836532179
23.7412685019 19.9203831102 66.4012770342
25.9123162949 19.7906875036 65.9689583453
28.1442116675 19.6619171247 65.5397237489
30.4313166581 19.5341159485 65.1137198282
32.7678538413 25.8764368253 64.6910920632
35.1479209211 19.2815954342 64.2719847807
37.5655056418 25.5426164422 63.8565411056
40.0145009743 31.7224514557 63.4449029115
42.488720544 37.8223264635 63.0372107725
44.9819142574 43.8435227405 62.633603915
47.487784091 43.5639541193 62.2342201705
50.0 49.4713567425 61.8391959281
total reward = 51728.0394867
