Reward: 51903.156949 Total splits: 320 Good splits: 299
Reward: 50619.1768161 Total splits: 316 Good splits: 289
Reward: 52216.8297001 Total splits: 296 Good splits: 277
Reward: 52688.7237065 Total splits: 302 Good splits: 282
Reward: 52060.9700957 Total splits: 314 Good splits: 293
Reward: 52318.0087973 Total splits: 305 Good splits: 286
Reward: 51880.4235021 Total splits: 315 Good splits: 296
Reward: 52710.3300895 Total splits: 320 Good splits: 307
Reward: 52261.9228224 Total splits: 309 Good splits: 288
Reward: 52269.419947 Total splits: 307 Good splits: 289
Reward: 52448.5916295 Total splits: 316 Good splits: 292
Reward: 52364.2137279 Total splits: 307 Good splits: 293
Reward: 52027.1632834 Total splits: 325 Good splits: 305
Reward: 52519.9333381 Total splits: 313 Good splits: 296
Reward: 52396.9770239 Total splits: 298 Good splits: 279
Reward: 52290.4911795 Total splits: 322 Good splits: 312
Reward: 50885.8742467 Total splits: 327 Good splits: 306
Reward: 52327.9531236 Total splits: 318 Good splits: 297
Reward: 52674.5688638 Total splits: 314 Good splits: 297
Reward: 52525.2886337 Total splits: 321 Good splits: 306
Reward: 52135.6031582 Total splits: 304 Good splits: 285
Reward: 52407.7107627 Total splits: 301 Good splits: 280
Reward: 52755.3180859 Total splits: 312 Good splits: 293
Reward: 52140.4954477 Total splits: 296 Good splits: 281
Reward: 52293.606865 Total splits: 321 Good splits: 303
Reward: 52570.7035738 Total splits: 300 Good splits: 282
Reward: 52702.2421119 Total splits: 320 Good splits: 303
Reward: 52172.5477486 Total splits: 313 Good splits: 283
Reward: 52121.8182449 Total splits: 294 Good splits: 277
Reward: 51989.924678 Total splits: 323 Good splits: 301
Reward: 52204.7649488 Total splits: 318 Good splits: 294
Reward: 52347.7038498 Total splits: 312 Good splits: 302
Reward: 52029.2954971 Total splits: 316 Good splits: 294
Reward: 52349.846919 Total splits: 305 Good splits: 289
Reward: 52372.4741431 Total splits: 312 Good splits: 288
Reward: 52192.3402967 Total splits: 312 Good splits: 288
Reward: 51627.6847348 Total splits: 314 Good splits: 298
Reward: 52095.8065667 Total splits: 311 Good splits: 289
Reward: 52634.3048091 Total splits: 305 Good splits: 291
Reward: 51953.6784264 Total splits: 316 Good splits: 298
Reward: 51964.6719362 Total splits: 314 Good splits: 301
Reward: 52457.4837489 Total splits: 313 Good splits: 294
Reward: 52403.2704052 Total splits: 323 Good splits: 303
Reward: 52669.590714 Total splits: 320 Good splits: 300
Reward: 52101.6137959 Total splits: 315 Good splits: 290
Reward: 51441.2971787 Total splits: 305 Good splits: 284
Reward: 52329.6108716 Total splits: 309 Good splits: 285
Reward: 52242.2792925 Total splits: 328 Good splits: 306
Reward: 52135.1073332 Total splits: 309 Good splits: 291
Reward: 52316.070556 Total splits: 299 Good splits: 279
Reward: 52469.7973094 Total splits: 327 Good splits: 311
Reward: 52398.7102051 Total splits: 330 Good splits: 308
Reward: 52124.4666663 Total splits: 313 Good splits: 297
Reward: 52373.9450685 Total splits: 305 Good splits: 284
Reward: 52181.0330198 Total splits: 315 Good splits: 296
Reward: 51968.5849237 Total splits: 322 Good splits: 294
Reward: 52104.8762448 Total splits: 311 Good splits: 290
Reward: 52565.1556982 Total splits: 317 Good splits: 298
Reward: 51691.147087 Total splits: 314 Good splits: 291
Reward: 52276.5435326 Total splits: 302 Good splits: 277
Reward: 52243.1553228 Total splits: 318 Good splits: 302
Reward: 52439.3051144 Total splits: 313 Good splits: 289
Reward: 50553.240088 Total splits: 314 Good splits: 294
Reward: 52252.9999885 Total splits: 307 Good splits: 289
Reward: 51651.7504957 Total splits: 307 Good splits: 287
Reward: 51985.5047909 Total splits: 307 Good splits: 285
Reward: 52202.2817318 Total splits: 313 Good splits: 283
Reward: 52631.105034 Total splits: 320 Good splits: 304
Reward: 52268.640019 Total splits: 324 Good splits: 307
Reward: 52148.2246014 Total splits: 314 Good splits: 294
Reward: 52128.998679 Total splits: 321 Good splits: 301
Reward: 52017.5035934 Total splits: 293 Good splits: 267
Reward: 52216.1014334 Total splits: 311 Good splits: 296
Reward: 51840.0012341 Total splits: 305 Good splits: 281
Reward: 52358.3597183 Total splits: 312 Good splits: 290
Reward: 51656.2617109 Total splits: 310 Good splits: 286
Reward: 52284.324042 Total splits: 311 Good splits: 288
Reward: 52334.9364585 Total splits: 314 Good splits: 293
Reward: 52460.5821995 Total splits: 317 Good splits: 291
Reward: 52354.3194987 Total splits: 303 Good splits: 280
Reward: 52165.8344937 Total splits: 315 Good splits: 300
Reward: 51679.3198018 Total splits: 316 Good splits: 301
Reward: 52341.1005852 Total splits: 319 Good splits: 302
Reward: 52238.2222376 Total splits: 313 Good splits: 296
Reward: 52040.0255846 Total splits: 302 Good splits: 282
Reward: 52296.4465321 Total splits: 297 Good splits: 272
Reward: 51663.1725614 Total splits: 296 Good splits: 282
Reward: 52389.2008419 Total splits: 308 Good splits: 292
Reward: 52416.5880958 Total splits: 305 Good splits: 282
Reward: 52301.2147326 Total splits: 316 Good splits: 298
Reward: 52383.81184 Total splits: 311 Good splits: 288
Reward: 50762.0332913 Total splits: 317 Good splits: 300
Reward: 51604.3546754 Total splits: 312 Good splits: 293
Reward: 51958.4105326 Total splits: 322 Good splits: 302
Reward: 52248.0892862 Total splits: 307 Good splits: 287
Reward: 51510.7261562 Total splits: 311 Good splits: 294
Reward: 51871.0291804 Total splits: 310 Good splits: 298
Reward: 52151.7376011 Total splits: 323 Good splits: 303
Reward: 52089.2212226 Total splits: 313 Good splits: 298
Reward: 52765.6043694 Total splits: 294 Good splits: 266
Reward: 51611.1332025 Total splits: 310 Good splits: 291
Reward: 52355.8324493 Total splits: 308 Good splits: 290
Reward: 51631.8404587 Total splits: 315 Good splits: 295
Reward: 52259.8199796 Total splits: 300 Good splits: 282
Reward: 52577.097395 Total splits: 312 Good splits: 293
Reward: 51844.1302843 Total splits: 303 Good splits: 282
Reward: 51463.0651637 Total splits: 311 Good splits: 295
Reward: 52127.8639162 Total splits: 318 Good splits: 299
Reward: 52401.6188058 Total splits: 298 Good splits: 284
Reward: 51865.9236407 Total splits: 300 Good splits: 279
Reward: 52392.8918814 Total splits: 312 Good splits: 285
Reward: 52336.6111315 Total splits: 313 Good splits: 286
Reward: 51428.0352307 Total splits: 306 Good splits: 286
Reward: 52225.3215436 Total splits: 305 Good splits: 285
Reward: 52642.5182645 Total splits: 310 Good splits: 295
Reward: 52376.4440048 Total splits: 311 Good splits: 289
Reward: 52265.3174714 Total splits: 308 Good splits: 287
Reward: 52550.5544654 Total splits: 319 Good splits: 302
Reward: 52158.6299623 Total splits: 313 Good splits: 287
Reward: 49181.7546468 Total splits: 316 Good splits: 304
Reward: 52322.6219779 Total splits: 319 Good splits: 298
Reward: 50440.8247293 Total splits: 303 Good splits: 286
Reward: 52463.2869071 Total splits: 296 Good splits: 276
Reward: 52451.0174712 Total splits: 320 Good splits: 295
Reward: 52335.9072154 Total splits: 309 Good splits: 289
Reward: 51566.4777282 Total splits: 305 Good splits: 287
Reward: 51928.6122079 Total splits: 289 Good splits: 264
Reward: 52330.2146239 Total splits: 316 Good splits: 289
Reward: 52066.1652587 Total splits: 306 Good splits: 288
Reward: 52290.7732874 Total splits: 309 Good splits: 289
Reward: 52430.1810043 Total splits: 325 Good splits: 301
Reward: 52019.1455914 Total splits: 312 Good splits: 286
Reward: 51854.6383497 Total splits: 308 Good splits: 287
Reward: 52477.4111958 Total splits: 322 Good splits: 299
Reward: 52055.7991172 Total splits: 310 Good splits: 298
Reward: 52519.4598707 Total splits: 310 Good splits: 288
Reward: 51926.4945369 Total splits: 286 Good splits: 272
Reward: 52288.9278962 Total splits: 303 Good splits: 284
Reward: 52021.4019636 Total splits: 321 Good splits: 296
Reward: 52516.3969673 Total splits: 306 Good splits: 282
Reward: 52502.7686892 Total splits: 316 Good splits: 303
Reward: 51432.9125237 Total splits: 313 Good splits: 293
Reward: 52073.9694353 Total splits: 302 Good splits: 281
Reward: 52506.0054638 Total splits: 316 Good splits: 296
Reward: 51849.2798463 Total splits: 330 Good splits: 303
Reward: 51609.6883088 Total splits: 306 Good splits: 283
Reward: 52450.5252769 Total splits: 306 Good splits: 285
Reward: 52542.7220911 Total splits: 317 Good splits: 304
Reward: 51805.2886084 Total splits: 306 Good splits: 289
Reward: 52428.3863013 Total splits: 302 Good splits: 288
Reward: 51996.9101529 Total splits: 312 Good splits: 289
Reward: 52218.1478883 Total splits: 320 Good splits: 305
Reward: 52380.7805659 Total splits: 300 Good splits: 288
Reward: 52686.0024759 Total splits: 300 Good splits: 293
Reward: 51998.9821883 Total splits: 298 Good splits: 274
Reward: 52411.7722444 Total splits: 310 Good splits: 299
Reward: 52376.9475959 Total splits: 315 Good splits: 294
Reward: 52396.3466873 Total splits: 310 Good splits: 289
Reward: 52441.1150433 Total splits: 326 Good splits: 312
Reward: 52421.992275 Total splits: 300 Good splits: 285
Reward: 51856.1059559 Total splits: 317 Good splits: 300
Reward: 51539.9148615 Total splits: 307 Good splits: 293
Reward: 52323.3981074 Total splits: 305 Good splits: 279
Reward: 51888.792765 Total splits: 326 Good splits: 308
Reward: 52126.5991544 Total splits: 313 Good splits: 298
Reward: 52293.8023656 Total splits: 314 Good splits: 294
Reward: 52528.6805337 Total splits: 312 Good splits: 291
Reward: 52240.5100795 Total splits: 313 Good splits: 292
Reward: 52268.3350678 Total splits: 318 Good splits: 297
Reward: 52439.8509089 Total splits: 321 Good splits: 293
Reward: 52268.7005131 Total splits: 310 Good splits: 290
Reward: 52532.8122354 Total splits: 322 Good splits: 299
Reward: 52135.0610527 Total splits: 308 Good splits: 286
Reward: 52470.1362997 Total splits: 311 Good splits: 290
Reward: 52232.9107066 Total splits: 320 Good splits: 302
Reward: 52508.5105287 Total splits: 315 Good splits: 292
Reward: 52473.7132378 Total splits: 316 Good splits: 297
Reward: 51598.2664888 Total splits: 330 Good splits: 313
Reward: 52454.3184745 Total splits: 316 Good splits: 296
Reward: 52309.4596641 Total splits: 322 Good splits: 294
Reward: 52195.346052 Total splits: 304 Good splits: 291
Reward: 52466.3187896 Total splits: 313 Good splits: 298
Reward: 52533.2027384 Total splits: 323 Good splits: 308
Reward: 52181.1946681 Total splits: 325 Good splits: 306
Reward: 52561.186066 Total splits: 318 Good splits: 302
Reward: 52559.5092584 Total splits: 321 Good splits: 301
Reward: 52515.5954659 Total splits: 318 Good splits: 291
Reward: 52598.2136029 Total splits: 303 Good splits: 281
Reward: 52568.4693899 Total splits: 307 Good splits: 286
Reward: 52476.9421203 Total splits: 304 Good splits: 286
Reward: 51782.8404574 Total splits: 324 Good splits: 309
Reward: 51800.7766034 Total splits: 319 Good splits: 301
Reward: 52647.7389726 Total splits: 310 Good splits: 298
Reward: 52479.5335667 Total splits: 326 Good splits: 309
Reward: 52583.6005983 Total splits: 302 Good splits: 277
Reward: 52556.6781779 Total splits: 319 Good splits: 291
Reward: 52152.7504661 Total splits: 309 Good splits: 293
Reward: 52158.6781886 Total splits: 314 Good splits: 287
Reward: 51242.9238785 Total splits: 300 Good splits: 277
Reward: 52602.3754983 Total splits: 304 Good splits: 291
Reward: 52540.016056 Total splits: 318 Good splits: 289
Reward: 51685.6904217 Total splits: 317 Good splits: 301
Reward: 52254.8468569 Total splits: 310 Good splits: 292
Reward: 52742.4930552 Total splits: 311 Good splits: 297
Reward: 52407.0358792 Total splits: 300 Good splits: 285
Reward: 52301.7714548 Total splits: 308 Good splits: 296
Reward: 51760.7691937 Total splits: 312 Good splits: 290
Reward: 51999.1455575 Total splits: 307 Good splits: 287
Reward: 51997.6245103 Total splits: 319 Good splits: 298
Reward: 52241.0514289 Total splits: 317 Good splits: 299
Reward: 52403.3868941 Total splits: 307 Good splits: 293
Reward: 52384.0493317 Total splits: 320 Good splits: 298
Reward: 51800.8075404 Total splits: 321 Good splits: 302
Reward: 52330.3408178 Total splits: 316 Good splits: 294
Reward: 52193.2983231 Total splits: 319 Good splits: 301
Reward: 52268.1686856 Total splits: 318 Good splits: 301
Reward: 52371.7507049 Total splits: 315 Good splits: 298
Reward: 52404.1798213 Total splits: 310 Good splits: 290
Reward: 52287.2247177 Total splits: 319 Good splits: 299
Reward: 51236.0398751 Total splits: 319 Good splits: 301
Reward: 51233.9179779 Total splits: 320 Good splits: 295
Reward: 51772.0151773 Total splits: 309 Good splits: 296
Reward: 52282.2047218 Total splits: 323 Good splits: 299
Reward: 52130.8914493 Total splits: 334 Good splits: 311
Reward: 52545.5801634 Total splits: 314 Good splits: 292
Reward: 52432.4219473 Total splits: 317 Good splits: 303
Reward: 52528.0930798 Total splits: 316 Good splits: 294
Reward: 52286.1256661 Total splits: 338 Good splits: 317
Reward: 52019.8345695 Total splits: 315 Good splits: 292
Reward: 52703.4757788 Total splits: 313 Good splits: 292
Reward: 52260.3687396 Total splits: 307 Good splits: 283
Reward: 52281.6108761 Total splits: 309 Good splits: 286
Reward: 51892.9430615 Total splits: 320 Good splits: 305
Reward: 52055.5240991 Total splits: 319 Good splits: 300
Reward: 51910.6186129 Total splits: 321 Good splits: 297
Reward: 52138.6675368 Total splits: 312 Good splits: 294
Reward: 52519.7539933 Total splits: 322 Good splits: 303
Reward: 51830.7653151 Total splits: 317 Good splits: 304
Reward: 51634.525177 Total splits: 315 Good splits: 303
Reward: 52458.69283 Total splits: 308 Good splits: 285
Reward: 51816.1539265 Total splits: 303 Good splits: 287
Reward: 52528.6092286 Total splits: 308 Good splits: 292
Reward: 52060.869621 Total splits: 311 Good splits: 285
Reward: 52350.1294554 Total splits: 325 Good splits: 304
Reward: 52082.3535252 Total splits: 300 Good splits: 284
Reward: 52129.5439951 Total splits: 324 Good splits: 310
Reward: 52008.8709626 Total splits: 303 Good splits: 281
Reward: 52348.9912433 Total splits: 325 Good splits: 306
Reward: 52046.9978496 Total splits: 314 Good splits: 295
Reward: 52361.2107226 Total splits: 314 Good splits: 294
Reward: 52214.0569769 Total splits: 305 Good splits: 285
Reward: 51782.788754 Total splits: 312 Good splits: 288
Reward: 52046.8334417 Total splits: 322 Good splits: 296
Reward: 49990.6333383 Total splits: 306 Good splits: 293
Reward: 52357.796129 Total splits: 319 Good splits: 300
Reward: 52491.570968 Total splits: 310 Good splits: 291
Reward: 51570.9728957 Total splits: 300 Good splits: 282
Reward: 51824.0530301 Total splits: 318 Good splits: 299
Reward: 52205.1628175 Total splits: 321 Good splits: 301
Reward: 52324.2295932 Total splits: 322 Good splits: 304
Reward: 50459.9249503 Total splits: 308 Good splits: 289
Reward: 52086.3033322 Total splits: 320 Good splits: 296
Reward: 51339.6625542 Total splits: 317 Good splits: 298
Reward: 52657.8911078 Total splits: 322 Good splits: 292
Reward: 51952.0178209 Total splits: 314 Good splits: 295
Reward: 50415.0373889 Total splits: 309 Good splits: 293
Reward: 52192.122097 Total splits: 292 Good splits: 279
Reward: 52961.9693225 Total splits: 310 Good splits: 289
Reward: 51992.3942509 Total splits: 313 Good splits: 297
Reward: 52464.9997976 Total splits: 317 Good splits: 294
Reward: 52455.408107 Total splits: 325 Good splits: 303
Reward: 52174.8768543 Total splits: 317 Good splits: 299
Reward: 51776.9896063 Total splits: 316 Good splits: 299
Reward: 52054.551683 Total splits: 314 Good splits: 286
Reward: 51962.157881 Total splits: 338 Good splits: 317
Reward: 52675.8694481 Total splits: 323 Good splits: 306
Reward: 51929.2977297 Total splits: 304 Good splits: 285
Reward: 52386.7045536 Total splits: 325 Good splits: 307
Reward: 52036.0778825 Total splits: 313 Good splits: 296
Reward: 51954.4462905 Total splits: 317 Good splits: 301
Reward: 52446.9153718 Total splits: 319 Good splits: 303
Reward: 52280.4055553 Total splits: 304 Good splits: 290
Reward: 52068.0855166 Total splits: 302 Good splits: 280
Reward: 52305.3208827 Total splits: 307 Good splits: 289
Reward: 52686.8488485 Total splits: 321 Good splits: 299
Reward: 52071.8635785 Total splits: 324 Good splits: 303
Reward: 52502.8198788 Total splits: 321 Good splits: 306
Reward: 52413.1195402 Total splits: 319 Good splits: 295
Reward: 52399.0670135 Total splits: 322 Good splits: 305
Reward: 52491.7028088 Total splits: 305 Good splits: 281
Reward: 52457.7735012 Total splits: 305 Good splits: 282
Reward: 52364.9218646 Total splits: 310 Good splits: 283
Reward: 51972.4050806 Total splits: 308 Good splits: 291
Reward: 52225.0321695 Total splits: 332 Good splits: 308
Reward: 52502.9030969 Total splits: 305 Good splits: 282
Reward: 52757.2127233 Total splits: 305 Good splits: 291
Reward: 52114.0349391 Total splits: 317 Good splits: 302
Reward: 51796.9423132 Total splits: 320 Good splits: 299
Reward: 52440.0105247 Total splits: 301 Good splits: 285
Reward: 52068.6408718 Total splits: 314 Good splits: 295
Reward: 52364.5184548 Total splits: 308 Good splits: 289
Reward: 52732.993112 Total splits: 302 Good splits: 283
Reward: 51791.1894084 Total splits: 326 Good splits: 298
Reward: 51459.1706131 Total splits: 312 Good splits: 287
Reward: 52673.5444409 Total splits: 312 Good splits: 292
Reward: 51700.4876771 Total splits: 311 Good splits: 288
Reward: 52316.9516718 Total splits: 321 Good splits: 302
Reward: 51837.712473 Total splits: 300 Good splits: 284
Reward: 52594.6096021 Total splits: 321 Good splits: 305
Reward: 52240.6484711 Total splits: 301 Good splits: 282
Reward: 52406.844243 Total splits: 308 Good splits: 287
Reward: 52145.5949664 Total splits: 309 Good splits: 289
Reward: 51927.4668914 Total splits: 309 Good splits: 286
Reward: 52056.1708713 Total splits: 324 Good splits: 310
Reward: 52144.9897217 Total splits: 319 Good splits: 302
Reward: 51515.2887499 Total splits: 307 Good splits: 290
Reward: 52726.3639139 Total splits: 304 Good splits: 291
Reward: 52514.81687 Total splits: 318 Good splits: 292
Reward: 52329.7675483 Total splits: 327 Good splits: 307
Reward: 52204.306465 Total splits: 336 Good splits: 316
Reward: 52016.2374288 Total splits: 322 Good splits: 306
Reward: 52669.4947725 Total splits: 310 Good splits: 296
Reward: 51753.9098495 Total splits: 308 Good splits: 295
Reward: 52406.0156648 Total splits: 324 Good splits: 306
Reward: 52178.8231742 Total splits: 307 Good splits: 289
Reward: 52208.883296 Total splits: 301 Good splits: 285
Reward: 52367.9130802 Total splits: 313 Good splits: 295
Reward: 51878.1320687 Total splits: 316 Good splits: 299
Reward: 52011.5339212 Total splits: 317 Good splits: 297
Reward: 52147.6921183 Total splits: 297 Good splits: 283
Reward: 52234.6320585 Total splits: 298 Good splits: 282
Reward: 52218.1593947 Total splits: 314 Good splits: 303
Reward: 52226.7772944 Total splits: 302 Good splits: 287
Reward: 52607.5706827 Total splits: 309 Good splits: 291
Reward: 52202.7324269 Total splits: 325 Good splits: 296
Reward: 52513.7463523 Total splits: 330 Good splits: 301
Reward: 52500.5526807 Total splits: 310 Good splits: 288
Reward: 51782.5297054 Total splits: 314 Good splits: 294
Reward: 51572.2724308 Total splits: 306 Good splits: 280
Reward: 51835.0837266 Total splits: 307 Good splits: 287
Reward: 52093.2423707 Total splits: 324 Good splits: 307
Reward: 52458.9305936 Total splits: 303 Good splits: 277
Reward: 52225.7352978 Total splits: 319 Good splits: 298
Reward: 52343.4054181 Total splits: 323 Good splits: 304
Reward: 52585.5731761 Total splits: 312 Good splits: 299
Reward: 52151.1724442 Total splits: 312 Good splits: 283
Reward: 52497.9608888 Total splits: 320 Good splits: 303
Reward: 52330.6290439 Total splits: 307 Good splits: 285
Reward: 52308.4414008 Total splits: 333 Good splits: 303
Reward: 52250.8207166 Total splits: 303 Good splits: 287
Reward: 51232.5417159 Total splits: 314 Good splits: 292
Reward: 52280.6052862 Total splits: 320 Good splits: 296
Reward: 51622.1279971 Total splits: 310 Good splits: 280
Reward: 51647.8618675 Total splits: 320 Good splits: 296
Reward: 51678.7365331 Total splits: 312 Good splits: 294
Reward: 52490.8367446 Total splits: 324 Good splits: 297
Reward: 52241.9677511 Total splits: 315 Good splits: 288
Reward: 52122.9691981 Total splits: 320 Good splits: 301
Reward: 52043.8424345 Total splits: 302 Good splits: 284
Reward: 52166.897842 Total splits: 318 Good splits: 297
Reward: 51875.7336506 Total splits: 308 Good splits: 285
Reward: 52482.807814 Total splits: 305 Good splits: 294
Reward: 52082.8546374 Total splits: 311 Good splits: 300
Reward: 52373.9471001 Total splits: 325 Good splits: 304
Reward: 52246.3585182 Total splits: 324 Good splits: 310
Reward: 52427.620912 Total splits: 308 Good splits: 291
Reward: 52176.3312564 Total splits: 305 Good splits: 286
Reward: 52417.4928318 Total splits: 325 Good splits: 309
Reward: 50556.6143931 Total splits: 335 Good splits: 321
Reward: 52215.4587014 Total splits: 307 Good splits: 289
Reward: 51847.5568283 Total splits: 301 Good splits: 281
Reward: 52028.8443422 Total splits: 314 Good splits: 292
Reward: 50067.3933804 Total splits: 303 Good splits: 283
Reward: 52431.9735365 Total splits: 302 Good splits: 285
Reward: 51970.2984883 Total splits: 312 Good splits: 297
Reward: 52385.6582111 Total splits: 309 Good splits: 288
Reward: 52104.9983513 Total splits: 297 Good splits: 280
Reward: 51966.0749275 Total splits: 321 Good splits: 299
Reward: 52225.6047881 Total splits: 316 Good splits: 299
Reward: 50849.3115005 Total splits: 315 Good splits: 291
Reward: 52192.2266087 Total splits: 308 Good splits: 286
Reward: 52298.3666778 Total splits: 311 Good splits: 293
Reward: 52270.5981884 Total splits: 314 Good splits: 296
Reward: 52026.1249709 Total splits: 308 Good splits: 284
Reward: 51935.0762831 Total splits: 326 Good splits: 309
Reward: 52665.9158777 Total splits: 316 Good splits: 298
Reward: 51705.2470264 Total splits: 307 Good splits: 294
Reward: 52520.7694396 Total splits: 301 Good splits: 281
Reward: 51911.6506805 Total splits: 304 Good splits: 287

Results after running 50 tests
Average total rewards : 52193.764971
Average total splits  : 312.48
Average good splits   : 292.94
Average good splits % : 93.7467997952

Reward: 48833.0099106 Total splits: 313 Good splits: 299
Reward: 52156.0075184 Total splits: 331 Good splits: 315
Reward: 52146.5330341 Total splits: 303 Good splits: 282

Results after running 50 tests
Average total rewards : 52125.469871
Average total splits  : 313.26
Average good splits   : 294.46
Average good splits % : 93.9985954159

Reward: 52215.721501 Total splits: 330 Good splits: 307
Reward: 51979.304396 Total splits: 298 Good splits: 283

Results after running 50 tests
Average total rewards : 52219.5424131
Average total splits  : 312.78
Average good splits   : 292.94
Average good splits % : 93.6568834324

Reward: 52226.340558 Total splits: 304 Good splits: 284
Reward: 51107.7044606 Total splits: 301 Good splits: 287

Results after running 50 tests
Average total rewards : 52041.6475792
Average total splits  : 310.3
Average good splits   : 290.44
Average good splits % : 93.599742185

Reward: 52324.5806443 Total splits: 318 Good splits: 308

Results after running 50 tests
Average total rewards : 52092.9649909
Average total splits  : 312.26
Average good splits   : 292.88
Average good splits % : 93.7936335105

Reward: 52280.6769314 Total splits: 315 Good splits: 297

Results after running 50 tests
Average total rewards : 52204.6948577
Average total splits  : 314.46
Average good splits   : 295.04
Average good splits % : 93.8243337785

Reward: 52289.0644212 Total splits: 309 Good splits: 291

Results after running 50 tests
Average total rewards : 52062.0685216
Average total splits  : 314.04
Average good splits   : 294.5
Average good splits % : 93.7778626927

Reward: 52229.555563 Total splits: 310 Good splits: 283

Results after running 50 tests
Average total rewards : 52149.7559417
Average total splits  : 312.5
Average good splits   : 292.96
Average good splits % : 93.7472

