Reward: 52642.123456 Total splits: 350 Good splits: 330
Reward: 50478.2010088 Total splits: 332 Good splits: 317
Reward: 52228.8842095 Total splits: 346 Good splits: 321
Reward: 52323.0392343 Total splits: 344 Good splits: 322
Reward: 52170.7199203 Total splits: 350 Good splits: 328
Reward: 52020.8029968 Total splits: 342 Good splits: 321
Reward: 52248.0290167 Total splits: 336 Good splits: 318
Reward: 52314.1583855 Total splits: 352 Good splits: 333
Reward: 52067.2741117 Total splits: 335 Good splits: 316
Reward: 52456.751895 Total splits: 337 Good splits: 308
Reward: 52250.6661186 Total splits: 342 Good splits: 331
Reward: 52557.3680384 Total splits: 332 Good splits: 311
Reward: 52139.6330316 Total splits: 339 Good splits: 323
Reward: 52135.9623875 Total splits: 340 Good splits: 319
Reward: 50729.326476 Total splits: 350 Good splits: 322
Reward: 52278.1872953 Total splits: 337 Good splits: 314
Reward: 52247.4911851 Total splits: 353 Good splits: 330
Reward: 52177.6056266 Total splits: 342 Good splits: 320
Reward: 52025.5555318 Total splits: 332 Good splits: 320
Reward: 52131.169532 Total splits: 338 Good splits: 311
Reward: 52228.438626 Total splits: 338 Good splits: 314
Reward: 52600.6178482 Total splits: 317 Good splits: 297
Reward: 52515.0481376 Total splits: 342 Good splits: 330
Reward: 52332.3722832 Total splits: 333 Good splits: 300
Reward: 52099.7286315 Total splits: 351 Good splits: 330
Reward: 52400.5854959 Total splits: 343 Good splits: 320
Reward: 52208.5659785 Total splits: 335 Good splits: 314
Reward: 51021.8886782 Total splits: 340 Good splits: 310
Reward: 52415.225093 Total splits: 331 Good splits: 315
Reward: 50241.0532908 Total splits: 347 Good splits: 328
Reward: 52366.2413506 Total splits: 330 Good splits: 304
Reward: 52902.1507545 Total splits: 341 Good splits: 314
Reward: 52549.3020701 Total splits: 339 Good splits: 315
Reward: 51950.4392828 Total splits: 324 Good splits: 305
Reward: 52280.0084729 Total splits: 338 Good splits: 319
Reward: 52465.4249507 Total splits: 334 Good splits: 312
Reward: 52312.2306786 Total splits: 330 Good splits: 305
Reward: 52455.5922564 Total splits: 346 Good splits: 327
Reward: 52200.4866526 Total splits: 331 Good splits: 316
Reward: 52512.4708335 Total splits: 333 Good splits: 308
Reward: 52033.9120522 Total splits: 347 Good splits: 316
Reward: 52377.4761293 Total splits: 327 Good splits: 307
Reward: 51954.999521 Total splits: 345 Good splits: 322
Reward: 52212.5339492 Total splits: 338 Good splits: 322
Reward: 52222.5916703 Total splits: 344 Good splits: 322
Reward: 52244.1840497 Total splits: 337 Good splits: 313
Reward: 52293.8831272 Total splits: 329 Good splits: 307
Reward: 52284.4624571 Total splits: 322 Good splits: 300
Reward: 52386.8073816 Total splits: 338 Good splits: 314
Reward: 52501.4212654 Total splits: 333 Good splits: 316
Reward: 51431.3242444 Total splits: 338 Good splits: 315
Reward: 52102.811906 Total splits: 330 Good splits: 315
Reward: 52578.2621764 Total splits: 337 Good splits: 309
Reward: 51661.676131 Total splits: 353 Good splits: 333
Reward: 52168.4613977 Total splits: 334 Good splits: 316
Reward: 52592.9462765 Total splits: 340 Good splits: 318
Reward: 52263.6132034 Total splits: 327 Good splits: 300
Reward: 52301.4152943 Total splits: 343 Good splits: 317
Reward: 52127.6855467 Total splits: 348 Good splits: 328
Reward: 52363.733631 Total splits: 359 Good splits: 341
Reward: 52525.9006134 Total splits: 336 Good splits: 319
Reward: 52436.7340864 Total splits: 343 Good splits: 314
Reward: 51592.1725218 Total splits: 344 Good splits: 325
Reward: 52204.4219618 Total splits: 325 Good splits: 304
Reward: 52352.3630911 Total splits: 343 Good splits: 324
Reward: 52345.708459 Total splits: 346 Good splits: 324
Reward: 52388.7000324 Total splits: 325 Good splits: 292
Reward: 52408.7527261 Total splits: 334 Good splits: 312
Reward: 52460.3560845 Total splits: 349 Good splits: 321
Reward: 51935.733994 Total splits: 338 Good splits: 314
Reward: 52255.7937138 Total splits: 339 Good splits: 313
Reward: 52311.7893102 Total splits: 336 Good splits: 311
Reward: 52217.0456605 Total splits: 323 Good splits: 300
Reward: 52175.7033763 Total splits: 342 Good splits: 320
Reward: 52092.1661554 Total splits: 352 Good splits: 334
Reward: 52475.1906036 Total splits: 347 Good splits: 324
Reward: 53071.9366863 Total splits: 338 Good splits: 322
Reward: 52053.5621287 Total splits: 331 Good splits: 305
Reward: 51931.6427895 Total splits: 327 Good splits: 308
Reward: 52482.505865 Total splits: 338 Good splits: 308
Reward: 52258.94817 Total splits: 333 Good splits: 316
Reward: 51964.6105069 Total splits: 325 Good splits: 302
Reward: 52258.5671215 Total splits: 345 Good splits: 322
Reward: 52293.1191267 Total splits: 328 Good splits: 313
Reward: 52170.7512931 Total splits: 331 Good splits: 311
Reward: 51994.7629502 Total splits: 340 Good splits: 316
Reward: 52360.6915913 Total splits: 349 Good splits: 329
Reward: 52362.9822006 Total splits: 347 Good splits: 332
Reward: 52727.5756325 Total splits: 347 Good splits: 323
Reward: 51145.3668218 Total splits: 348 Good splits: 320
Reward: 52557.005901 Total splits: 353 Good splits: 330
Reward: 52562.0299413 Total splits: 337 Good splits: 314
Reward: 52271.8950904 Total splits: 346 Good splits: 328
Reward: 52306.8902588 Total splits: 348 Good splits: 330
Reward: 51804.1895773 Total splits: 344 Good splits: 320
Reward: 51853.1393457 Total splits: 342 Good splits: 320
Reward: 52216.5222057 Total splits: 334 Good splits: 309
Reward: 52136.2206781 Total splits: 347 Good splits: 331
Reward: 51179.267532 Total splits: 343 Good splits: 322
Reward: 52085.9986276 Total splits: 341 Good splits: 320
Reward: 52105.2587683 Total splits: 341 Good splits: 312
Reward: 52011.0074483 Total splits: 326 Good splits: 309
Reward: 52083.4632928 Total splits: 359 Good splits: 329
Reward: 51938.785674 Total splits: 323 Good splits: 303
Reward: 52550.7362963 Total splits: 346 Good splits: 327
Reward: 52430.4171444 Total splits: 339 Good splits: 314
Reward: 51990.8421269 Total splits: 328 Good splits: 298
Reward: 51265.4841713 Total splits: 339 Good splits: 315
Reward: 52547.2604833 Total splits: 333 Good splits: 312
Reward: 52341.5738899 Total splits: 336 Good splits: 313
Reward: 52668.2031981 Total splits: 341 Good splits: 315
Reward: 51773.1179665 Total splits: 346 Good splits: 325
Reward: 52384.2878133 Total splits: 353 Good splits: 326
Reward: 52573.154233 Total splits: 341 Good splits: 323
Reward: 52196.8234745 Total splits: 343 Good splits: 321
Reward: 52390.4286343 Total splits: 343 Good splits: 321
Reward: 52436.5484569 Total splits: 339 Good splits: 318
Reward: 52374.2516859 Total splits: 330 Good splits: 309
Reward: 52375.6015896 Total splits: 345 Good splits: 312
Reward: 51038.2891082 Total splits: 339 Good splits: 319
Reward: 52153.2760648 Total splits: 338 Good splits: 317
Reward: 52263.4619218 Total splits: 334 Good splits: 305
Reward: 52133.7055464 Total splits: 341 Good splits: 319
Reward: 51703.4894596 Total splits: 337 Good splits: 312
Reward: 52082.8954015 Total splits: 333 Good splits: 315
Reward: 52483.2843052 Total splits: 345 Good splits: 312
Reward: 52550.9910944 Total splits: 339 Good splits: 316
Reward: 52336.7816702 Total splits: 349 Good splits: 332
Reward: 51987.3364893 Total splits: 340 Good splits: 320
Reward: 52128.7042109 Total splits: 344 Good splits: 315
Reward: 52182.0889576 Total splits: 344 Good splits: 328
Reward: 52327.469428 Total splits: 341 Good splits: 317
Reward: 52513.5871313 Total splits: 333 Good splits: 314
Reward: 52245.5990569 Total splits: 340 Good splits: 320
Reward: 52018.9781068 Total splits: 334 Good splits: 304
Reward: 52356.1257258 Total splits: 342 Good splits: 324
Reward: 52343.6159582 Total splits: 331 Good splits: 311
Reward: 51976.4458775 Total splits: 341 Good splits: 319
Reward: 52050.1216138 Total splits: 318 Good splits: 295
Reward: 52379.9708551 Total splits: 335 Good splits: 309
Reward: 52454.3831369 Total splits: 327 Good splits: 312
Reward: 52483.7678755 Total splits: 334 Good splits: 310
Reward: 52272.5904166 Total splits: 332 Good splits: 316
Reward: 52533.4240386 Total splits: 330 Good splits: 308
Reward: 52039.6148992 Total splits: 344 Good splits: 323
Reward: 52289.2911543 Total splits: 337 Good splits: 313
Reward: 51990.9326108 Total splits: 337 Good splits: 307
Reward: 52383.7521613 Total splits: 349 Good splits: 328
Reward: 52230.5770081 Total splits: 352 Good splits: 333
Reward: 52605.4419983 Total splits: 326 Good splits: 302
Reward: 52291.3915056 Total splits: 330 Good splits: 310
Reward: 52256.6871532 Total splits: 341 Good splits: 318
Reward: 52845.7306783 Total splits: 338 Good splits: 319
Reward: 52057.8081869 Total splits: 331 Good splits: 304
Reward: 52576.5796922 Total splits: 342 Good splits: 320
Reward: 52470.5982924 Total splits: 360 Good splits: 343
Reward: 52625.0741222 Total splits: 345 Good splits: 319
Reward: 52619.6409486 Total splits: 336 Good splits: 322
Reward: 52243.72967 Total splits: 341 Good splits: 317
Reward: 52427.2235318 Total splits: 314 Good splits: 289
Reward: 51842.0805772 Total splits: 338 Good splits: 318
Reward: 52621.151619 Total splits: 339 Good splits: 317
Reward: 52395.4084373 Total splits: 343 Good splits: 317
Reward: 52420.0468036 Total splits: 354 Good splits: 332
Reward: 50745.157483 Total splits: 321 Good splits: 299
Reward: 52216.5304143 Total splits: 326 Good splits: 301
Reward: 52615.7231519 Total splits: 334 Good splits: 314
Reward: 51739.3339156 Total splits: 347 Good splits: 326
Reward: 52255.1793181 Total splits: 322 Good splits: 298
Reward: 52023.8261118 Total splits: 347 Good splits: 326
Reward: 52344.0532431 Total splits: 345 Good splits: 322
Reward: 52116.1308302 Total splits: 325 Good splits: 308
Reward: 51122.4695561 Total splits: 345 Good splits: 317
Reward: 52501.1076237 Total splits: 355 Good splits: 331
Reward: 51938.6652483 Total splits: 325 Good splits: 300
Reward: 52095.903479 Total splits: 347 Good splits: 334
Reward: 52795.3535006 Total splits: 333 Good splits: 317
Reward: 51842.1790168 Total splits: 352 Good splits: 329
Reward: 51963.842076 Total splits: 345 Good splits: 326
Reward: 52605.2309893 Total splits: 351 Good splits: 333
Reward: 52245.0592396 Total splits: 332 Good splits: 311
Reward: 52685.8034185 Total splits: 347 Good splits: 324
Reward: 52237.2146338 Total splits: 341 Good splits: 317
Reward: 52807.7971157 Total splits: 331 Good splits: 313
Reward: 52544.6931187 Total splits: 328 Good splits: 299
Reward: 51763.302916 Total splits: 340 Good splits: 319
Reward: 52420.2390818 Total splits: 335 Good splits: 316
Reward: 52417.7476681 Total splits: 334 Good splits: 311
Reward: 52138.5171389 Total splits: 339 Good splits: 318
Reward: 52697.8565768 Total splits: 354 Good splits: 330
Reward: 52229.7329492 Total splits: 345 Good splits: 319
Reward: 52340.7490058 Total splits: 355 Good splits: 334
Reward: 52328.016486 Total splits: 342 Good splits: 319
Reward: 52102.7442609 Total splits: 342 Good splits: 321
Reward: 51873.8308904 Total splits: 340 Good splits: 318
Reward: 52444.4831402 Total splits: 317 Good splits: 310
Reward: 50994.0843191 Total splits: 345 Good splits: 318
Reward: 51811.39144 Total splits: 340 Good splits: 319
Reward: 52402.8903095 Total splits: 350 Good splits: 318
Reward: 51849.8905996 Total splits: 336 Good splits: 316
Reward: 52284.1587536 Total splits: 333 Good splits: 317
Reward: 52713.4165606 Total splits: 336 Good splits: 310
Reward: 52702.601248 Total splits: 326 Good splits: 305
Reward: 51498.0482778 Total splits: 344 Good splits: 323
Reward: 52486.1503894 Total splits: 351 Good splits: 328
Reward: 51943.7869652 Total splits: 322 Good splits: 304
Reward: 52158.3132906 Total splits: 332 Good splits: 311
Reward: 52113.9215506 Total splits: 330 Good splits: 312
Reward: 52169.2446697 Total splits: 351 Good splits: 331
Reward: 52581.218956 Total splits: 344 Good splits: 318
Reward: 51997.8597052 Total splits: 331 Good splits: 312
Reward: 52563.233884 Total splits: 343 Good splits: 327
Reward: 52396.0709443 Total splits: 325 Good splits: 309
Reward: 52551.5337412 Total splits: 342 Good splits: 323
Reward: 52153.0816483 Total splits: 338 Good splits: 316
Reward: 52114.7107072 Total splits: 344 Good splits: 326
Reward: 51605.986009 Total splits: 333 Good splits: 310
Reward: 51736.8067711 Total splits: 345 Good splits: 321
Reward: 52163.5223365 Total splits: 339 Good splits: 316
Reward: 51959.2854964 Total splits: 330 Good splits: 314
Reward: 52554.6046052 Total splits: 322 Good splits: 301
Reward: 52459.4077628 Total splits: 336 Good splits: 314
Reward: 52396.9626998 Total splits: 335 Good splits: 313
Reward: 52352.9849942 Total splits: 336 Good splits: 297
Reward: 52530.2850892 Total splits: 350 Good splits: 323
Reward: 52015.4691353 Total splits: 350 Good splits: 331
Reward: 52613.9402277 Total splits: 333 Good splits: 316
Reward: 52271.4879476 Total splits: 339 Good splits: 317
Reward: 52378.3482674 Total splits: 333 Good splits: 308
Reward: 51894.1163346 Total splits: 325 Good splits: 298
Reward: 52326.4069827 Total splits: 337 Good splits: 307
Reward: 52258.0050089 Total splits: 355 Good splits: 340
Reward: 52845.8858671 Total splits: 335 Good splits: 313
Reward: 50426.2619032 Total splits: 342 Good splits: 321
Reward: 52041.2004725 Total splits: 341 Good splits: 318
Reward: 52358.6242777 Total splits: 349 Good splits: 329
Reward: 52303.2075752 Total splits: 334 Good splits: 310
Reward: 52384.5108588 Total splits: 330 Good splits: 312
Reward: 52348.9226568 Total splits: 338 Good splits: 313
Reward: 51725.7610873 Total splits: 356 Good splits: 326
Reward: 52177.5732454 Total splits: 321 Good splits: 294
Reward: 52296.7931759 Total splits: 337 Good splits: 308
Reward: 51940.205445 Total splits: 333 Good splits: 303
Reward: 52547.3457032 Total splits: 341 Good splits: 316
Reward: 52473.1376254 Total splits: 353 Good splits: 323
Reward: 52320.3971621 Total splits: 337 Good splits: 315
Reward: 52428.1743421 Total splits: 323 Good splits: 304
Reward: 52339.8873705 Total splits: 336 Good splits: 321
Reward: 52655.1272381 Total splits: 320 Good splits: 304
Reward: 50970.6884902 Total splits: 338 Good splits: 316
Reward: 52565.3712184 Total splits: 352 Good splits: 338
Reward: 52438.9788274 Total splits: 351 Good splits: 323
Reward: 52332.7767023 Total splits: 343 Good splits: 321
Reward: 52804.8385492 Total splits: 341 Good splits: 324
Reward: 52180.5227729 Total splits: 339 Good splits: 322
Reward: 52084.4318407 Total splits: 337 Good splits: 310
Reward: 52484.4514503 Total splits: 353 Good splits: 336
Reward: 52074.7982888 Total splits: 351 Good splits: 327
Reward: 52502.6543538 Total splits: 352 Good splits: 326
Reward: 51841.5629792 Total splits: 341 Good splits: 320
Reward: 52116.7777646 Total splits: 336 Good splits: 313
Reward: 51531.7047626 Total splits: 347 Good splits: 324
Reward: 50597.4834652 Total splits: 330 Good splits: 303
Reward: 52543.9363433 Total splits: 332 Good splits: 309
Reward: 52415.9731275 Total splits: 340 Good splits: 324
Reward: 52099.1095637 Total splits: 326 Good splits: 309
Reward: 52288.5946691 Total splits: 336 Good splits: 318
Reward: 52426.6626601 Total splits: 326 Good splits: 301
Reward: 50265.3341561 Total splits: 332 Good splits: 316
Reward: 52218.0139699 Total splits: 331 Good splits: 311
Reward: 52098.7038537 Total splits: 346 Good splits: 324
Reward: 51542.025076 Total splits: 323 Good splits: 304
Reward: 52560.5661268 Total splits: 333 Good splits: 312
Reward: 52528.7692014 Total splits: 324 Good splits: 309
Reward: 52252.3382516 Total splits: 339 Good splits: 316
Reward: 52136.9317561 Total splits: 342 Good splits: 306
Reward: 52573.2111029 Total splits: 340 Good splits: 319
Reward: 52143.9751023 Total splits: 328 Good splits: 299
Reward: 52064.099765 Total splits: 352 Good splits: 329
Reward: 52312.7758918 Total splits: 333 Good splits: 313
Reward: 50987.8647369 Total splits: 340 Good splits: 316
Reward: 52327.3928318 Total splits: 326 Good splits: 306
Reward: 52156.0459154 Total splits: 335 Good splits: 308
Reward: 52176.4721542 Total splits: 338 Good splits: 315
Reward: 50516.1527584 Total splits: 331 Good splits: 313
Reward: 52251.0082416 Total splits: 339 Good splits: 318
Reward: 52405.5037329 Total splits: 350 Good splits: 327
Reward: 52304.6126154 Total splits: 346 Good splits: 322
Reward: 51209.8176865 Total splits: 353 Good splits: 327
Reward: 52407.2834818 Total splits: 347 Good splits: 330
Reward: 52523.8557141 Total splits: 345 Good splits: 316
Reward: 52400.6251026 Total splits: 335 Good splits: 322
Reward: 52667.7654584 Total splits: 340 Good splits: 322
Reward: 52492.6970789 Total splits: 330 Good splits: 313
Reward: 51856.039651 Total splits: 316 Good splits: 295
Reward: 52519.3307139 Total splits: 329 Good splits: 304
Reward: 52427.3756332 Total splits: 331 Good splits: 312
Reward: 52420.4118676 Total splits: 324 Good splits: 303
Reward: 52473.6669764 Total splits: 338 Good splits: 312
Reward: 52805.0055421 Total splits: 332 Good splits: 310
Reward: 52329.2605199 Total splits: 336 Good splits: 307
Reward: 52083.3296639 Total splits: 340 Good splits: 318
Reward: 52134.1303034 Total splits: 334 Good splits: 315
Reward: 52318.0127499 Total splits: 322 Good splits: 301
Reward: 52130.6392796 Total splits: 343 Good splits: 323
Reward: 52212.5529137 Total splits: 351 Good splits: 332
Reward: 52512.6753549 Total splits: 337 Good splits: 314
Reward: 52270.3502025 Total splits: 339 Good splits: 306
Reward: 52401.7019865 Total splits: 346 Good splits: 322
Reward: 51625.7223438 Total splits: 331 Good splits: 307
Reward: 52265.7029863 Total splits: 322 Good splits: 309
Reward: 52489.3463328 Total splits: 324 Good splits: 300
Reward: 51926.9906601 Total splits: 343 Good splits: 327
Reward: 52204.824697 Total splits: 343 Good splits: 323
Reward: 50232.214696 Total splits: 343 Good splits: 317
Reward: 52115.9789324 Total splits: 318 Good splits: 302
Reward: 52676.7237573 Total splits: 330 Good splits: 301
Reward: 52430.2189916 Total splits: 344 Good splits: 329
Reward: 51834.5286506 Total splits: 345 Good splits: 321
Reward: 51953.4763511 Total splits: 355 Good splits: 336
Reward: 52019.5170794 Total splits: 334 Good splits: 308
Reward: 52603.4414912 Total splits: 344 Good splits: 324
Reward: 52908.8513484 Total splits: 322 Good splits: 305
Reward: 52618.0817581 Total splits: 350 Good splits: 331
Reward: 52520.1211138 Total splits: 341 Good splits: 321
Reward: 52508.2016525 Total splits: 344 Good splits: 319
Reward: 52802.4035108 Total splits: 342 Good splits: 326
Reward: 51439.7666642 Total splits: 345 Good splits: 326
Reward: 52282.1890073 Total splits: 328 Good splits: 314
Reward: 52293.6478761 Total splits: 353 Good splits: 336
Reward: 51753.5449755 Total splits: 338 Good splits: 320
Reward: 52236.3692263 Total splits: 318 Good splits: 294
Reward: 52207.1515514 Total splits: 338 Good splits: 320
Reward: 52063.6974103 Total splits: 338 Good splits: 314
Reward: 50671.7247071 Total splits: 345 Good splits: 325
Reward: 52303.9230493 Total splits: 343 Good splits: 316
Reward: 52324.5219369 Total splits: 336 Good splits: 315
Reward: 52482.0953954 Total splits: 332 Good splits: 309
Reward: 52542.7162186 Total splits: 335 Good splits: 310
Reward: 51797.2878247 Total splits: 339 Good splits: 316
Reward: 51950.1740119 Total splits: 331 Good splits: 305
Reward: 51844.3369485 Total splits: 334 Good splits: 301
Reward: 52274.9836588 Total splits: 329 Good splits: 304
Reward: 51550.9677268 Total splits: 347 Good splits: 318
Reward: 52527.1587896 Total splits: 347 Good splits: 319
Reward: 51562.156779 Total splits: 331 Good splits: 317
Reward: 52465.6775565 Total splits: 329 Good splits: 307
Reward: 52362.8048966 Total splits: 343 Good splits: 314
Reward: 52483.7593172 Total splits: 331 Good splits: 304
Reward: 52105.3546776 Total splits: 321 Good splits: 293
Reward: 52569.4710306 Total splits: 340 Good splits: 317
Reward: 50730.7743762 Total splits: 339 Good splits: 319
Reward: 52218.0627576 Total splits: 338 Good splits: 316
Reward: 52313.9147321 Total splits: 312 Good splits: 295
Reward: 52455.3238166 Total splits: 341 Good splits: 315
Reward: 52297.4152961 Total splits: 339 Good splits: 317
Reward: 52055.3387092 Total splits: 326 Good splits: 316
Reward: 52624.4467845 Total splits: 323 Good splits: 308
Reward: 52317.0128472 Total splits: 334 Good splits: 306
Reward: 51972.2604797 Total splits: 329 Good splits: 310
Reward: 52223.0633002 Total splits: 353 Good splits: 324
Reward: 52469.9360949 Total splits: 345 Good splits: 323
Reward: 51342.1027318 Total splits: 332 Good splits: 309
Reward: 52003.8057121 Total splits: 308 Good splits: 294
Reward: 52075.805393 Total splits: 322 Good splits: 301
Reward: 52367.8259736 Total splits: 319 Good splits: 309
Reward: 52058.0895403 Total splits: 337 Good splits: 316
Reward: 52306.142164 Total splits: 335 Good splits: 309
Reward: 51335.0224163 Total splits: 331 Good splits: 310
Reward: 52440.7382161 Total splits: 335 Good splits: 324
Reward: 52438.2999145 Total splits: 349 Good splits: 327
Reward: 52133.2229909 Total splits: 324 Good splits: 303
Reward: 51958.1278344 Total splits: 349 Good splits: 327
Reward: 51585.5316492 Total splits: 346 Good splits: 324
Reward: 52526.7606861 Total splits: 351 Good splits: 335
Reward: 52308.4168301 Total splits: 338 Good splits: 319
Reward: 52417.5963281 Total splits: 328 Good splits: 309
Reward: 52441.132274 Total splits: 329 Good splits: 306
Reward: 52372.6356717 Total splits: 318 Good splits: 296
Reward: 51648.7163672 Total splits: 332 Good splits: 316
Reward: 50711.6963796 Total splits: 329 Good splits: 310
Reward: 52675.3821104 Total splits: 347 Good splits: 322
Reward: 52526.271121 Total splits: 325 Good splits: 309
Reward: 52077.8824827 Total splits: 314 Good splits: 291
Reward: 52293.3163453 Total splits: 334 Good splits: 307
Reward: 52360.0403125 Total splits: 351 Good splits: 336
Reward: 51928.0054077 Total splits: 332 Good splits: 314
Reward: 52439.7964365 Total splits: 345 Good splits: 317
Reward: 52631.0764079 Total splits: 355 Good splits: 336
Reward: 52164.4571807 Total splits: 323 Good splits: 300
Reward: 52208.0633636 Total splits: 330 Good splits: 313
Reward: 51990.8826181 Total splits: 336 Good splits: 324
Reward: 52442.0323585 Total splits: 342 Good splits: 325

Results after running 50 tests
Average total rewards : 52216.8916972
Average total splits  : 338.82
Average good splits   : 316.24
Average good splits % : 93.335694469

Reward: 52434.9830729 Total splits: 352 Good splits: 328

Results after running 50 tests
Average total rewards : 52173.1843416
Average total splits  : 339.94
Average good splits   : 318.34
Average good splits % : 93.6459375184

Reward: 52349.6148013 Total splits: 343 Good splits: 326

Results after running 50 tests
Average total rewards : 52193.1071451
Average total splits  : 337.36
Average good splits   : 315.74
Average good splits % : 93.5914156984

Reward: 52296.5657637 Total splits: 357 Good splits: 338

Results after running 50 tests
Average total rewards : 52188.4774778
Average total splits  : 338.0
Average good splits   : 316.36
Average good splits % : 93.5976331361

Reward: 52095.3091117 Total splits: 332 Good splits: 306

Results after running 50 tests
Average total rewards : 52070.6928113
Average total splits  : 339.18
Average good splits   : 316.16
Average good splits % : 93.2130432219

Reward: 52589.1969048 Total splits: 336 Good splits: 313

Results after running 50 tests
Average total rewards : 52245.4458192
Average total splits  : 336.32
Average good splits   : 314.46
Average good splits % : 93.5002378687

Reward: 52622.0078247 Total splits: 344 Good splits: 322

Results after running 50 tests
Average total rewards : 52170.3149124
Average total splits  : 336.98
Average good splits   : 315.28
Average good splits % : 93.5604486913

Reward: 52320.8814218 Total splits: 341 Good splits: 310

Results after running 50 tests
Average total rewards : 52234.7917674
Average total splits  : 336.32
Average good splits   : 315.68
Average good splits % : 93.8629876308

