Reward: 51759.0307234 Total splits: 304 Good splits: 285
Reward: 52183.3799988 Total splits: 309 Good splits: 288
Reward: 52399.4666922 Total splits: 304 Good splits: 295
Reward: 52157.1180206 Total splits: 313 Good splits: 292
Reward: 52469.6750856 Total splits: 318 Good splits: 304
Reward: 52528.7405919 Total splits: 334 Good splits: 316
Reward: 52219.880508 Total splits: 328 Good splits: 302
Reward: 52408.0673259 Total splits: 310 Good splits: 289
Reward: 52038.575779 Total splits: 312 Good splits: 297
Reward: 52002.5607832 Total splits: 322 Good splits: 305
Reward: 52231.6266663 Total splits: 315 Good splits: 289
Reward: 51982.218756 Total splits: 298 Good splits: 280
Reward: 52300.2577915 Total splits: 301 Good splits: 286
Reward: 52231.4135925 Total splits: 313 Good splits: 294
Reward: 52348.9075292 Total splits: 321 Good splits: 299
Reward: 50354.0844181 Total splits: 330 Good splits: 312
Reward: 52576.7561553 Total splits: 302 Good splits: 292
Reward: 52090.6352458 Total splits: 316 Good splits: 291
Reward: 52576.1260646 Total splits: 314 Good splits: 298
Reward: 52193.2234207 Total splits: 303 Good splits: 287
Reward: 52454.947886 Total splits: 312 Good splits: 302
Reward: 51029.8976103 Total splits: 321 Good splits: 308
Reward: 52007.8552882 Total splits: 315 Good splits: 295
Reward: 51926.1680355 Total splits: 313 Good splits: 292
Reward: 50891.2363087 Total splits: 322 Good splits: 304
Reward: 52407.7066902 Total splits: 314 Good splits: 305
Reward: 52284.6700032 Total splits: 313 Good splits: 288
Reward: 52330.6335919 Total splits: 311 Good splits: 289
Reward: 51754.7803604 Total splits: 313 Good splits: 294
Reward: 52522.1896506 Total splits: 309 Good splits: 298
Reward: 52474.7312865 Total splits: 315 Good splits: 298
Reward: 52238.0909256 Total splits: 318 Good splits: 299
Reward: 52492.2907345 Total splits: 311 Good splits: 287
Reward: 52498.452617 Total splits: 294 Good splits: 275
Reward: 52149.7772966 Total splits: 302 Good splits: 288
Reward: 52008.3969086 Total splits: 322 Good splits: 304
Reward: 52558.5693818 Total splits: 309 Good splits: 299
Reward: 52287.3229937 Total splits: 297 Good splits: 288
Reward: 52282.1198992 Total splits: 324 Good splits: 305
Reward: 52237.302362 Total splits: 318 Good splits: 302
Reward: 52515.4793246 Total splits: 315 Good splits: 300
Reward: 50119.5841623 Total splits: 302 Good splits: 289
Reward: 52428.9822264 Total splits: 301 Good splits: 281
Reward: 52201.4410368 Total splits: 297 Good splits: 279
Reward: 52257.0403013 Total splits: 323 Good splits: 297
Reward: 52325.110984 Total splits: 316 Good splits: 299
Reward: 52350.8247549 Total splits: 317 Good splits: 298
Reward: 52224.1122554 Total splits: 311 Good splits: 291
Reward: 52352.8372106 Total splits: 287 Good splits: 269
Reward: 52418.7423398 Total splits: 329 Good splits: 295
Reward: 52680.4502654 Total splits: 309 Good splits: 290
Reward: 51980.743838 Total splits: 307 Good splits: 282
Reward: 52181.107841 Total splits: 291 Good splits: 277
Reward: 52081.4270298 Total splits: 326 Good splits: 303
Reward: 51686.8757766 Total splits: 313 Good splits: 294
Reward: 52512.3588922 Total splits: 301 Good splits: 281
Reward: 52589.2586381 Total splits: 311 Good splits: 293
Reward: 52040.8844117 Total splits: 308 Good splits: 295
Reward: 51812.2857432 Total splits: 288 Good splits: 274
Reward: 52264.9593759 Total splits: 303 Good splits: 278
Reward: 51830.7344682 Total splits: 310 Good splits: 291
Reward: 52444.7254832 Total splits: 332 Good splits: 312
Reward: 52205.8306812 Total splits: 306 Good splits: 290
Reward: 51621.2958755 Total splits: 310 Good splits: 293
Reward: 52101.9167262 Total splits: 313 Good splits: 299
Reward: 51989.3017037 Total splits: 315 Good splits: 295
Reward: 52539.4669638 Total splits: 329 Good splits: 307
Reward: 52325.2633939 Total splits: 317 Good splits: 298
Reward: 52643.3154749 Total splits: 301 Good splits: 285
Reward: 52170.6981873 Total splits: 314 Good splits: 288
Reward: 52691.7899666 Total splits: 305 Good splits: 287
Reward: 52311.0305012 Total splits: 315 Good splits: 294
Reward: 52494.8401462 Total splits: 322 Good splits: 301
Reward: 52077.8999924 Total splits: 312 Good splits: 299
Reward: 52428.7569962 Total splits: 314 Good splits: 299
Reward: 50002.2332661 Total splits: 310 Good splits: 287
Reward: 52241.6187775 Total splits: 303 Good splits: 283
Reward: 52201.52447 Total splits: 304 Good splits: 287
Reward: 52542.0100023 Total splits: 306 Good splits: 288
Reward: 52151.6321003 Total splits: 318 Good splits: 299
Reward: 52196.7770741 Total splits: 314 Good splits: 292
Reward: 52101.2514606 Total splits: 311 Good splits: 285
Reward: 52699.953283 Total splits: 304 Good splits: 276
Reward: 52138.1837501 Total splits: 310 Good splits: 293
Reward: 51820.9932741 Total splits: 300 Good splits: 279
Reward: 52766.0279787 Total splits: 320 Good splits: 304
Reward: 52190.4524716 Total splits: 317 Good splits: 296
Reward: 52282.2719366 Total splits: 304 Good splits: 288
Reward: 52167.0733356 Total splits: 316 Good splits: 299
Reward: 52573.9303566 Total splits: 303 Good splits: 283
Reward: 52358.214248 Total splits: 294 Good splits: 281
Reward: 52498.0769708 Total splits: 296 Good splits: 270
Reward: 52288.8009143 Total splits: 318 Good splits: 299
Reward: 52638.0830578 Total splits: 327 Good splits: 306
Reward: 51984.4133713 Total splits: 297 Good splits: 281
Reward: 52487.1464607 Total splits: 319 Good splits: 297
Reward: 52245.1003672 Total splits: 316 Good splits: 294
Reward: 51897.2158572 Total splits: 315 Good splits: 292
Reward: 52144.9510018 Total splits: 301 Good splits: 283
Reward: 52429.4801034 Total splits: 304 Good splits: 290
Reward: 52293.1331795 Total splits: 297 Good splits: 274
Reward: 52173.9725421 Total splits: 314 Good splits: 292
Reward: 52386.243481 Total splits: 314 Good splits: 298
Reward: 51119.8308698 Total splits: 294 Good splits: 272
Reward: 52191.8348724 Total splits: 309 Good splits: 285
Reward: 51837.2325444 Total splits: 309 Good splits: 296
Reward: 52407.9743806 Total splits: 312 Good splits: 298
Reward: 50866.7758011 Total splits: 311 Good splits: 294
Reward: 51545.5269318 Total splits: 322 Good splits: 294
Reward: 51840.3322971 Total splits: 317 Good splits: 309
Reward: 51881.7502597 Total splits: 307 Good splits: 287
Reward: 51044.3104959 Total splits: 297 Good splits: 284
Reward: 52186.9664688 Total splits: 317 Good splits: 297
Reward: 52487.1119571 Total splits: 308 Good splits: 300
Reward: 51817.1051675 Total splits: 305 Good splits: 278
Reward: 52387.5286548 Total splits: 316 Good splits: 302
Reward: 50763.227172 Total splits: 304 Good splits: 281
Reward: 52553.6227357 Total splits: 320 Good splits: 306
Reward: 52383.0887678 Total splits: 317 Good splits: 294
Reward: 51569.7289778 Total splits: 312 Good splits: 290
Reward: 51905.071946 Total splits: 312 Good splits: 297
Reward: 51931.9907164 Total splits: 314 Good splits: 291
Reward: 52255.1876245 Total splits: 307 Good splits: 288
Reward: 52282.5495923 Total splits: 313 Good splits: 302
Reward: 52270.6175291 Total splits: 317 Good splits: 305
Reward: 51956.9249421 Total splits: 292 Good splits: 273
Reward: 52579.6285497 Total splits: 325 Good splits: 307
Reward: 51938.9380437 Total splits: 303 Good splits: 286
Reward: 52766.3269184 Total splits: 327 Good splits: 312
Reward: 52255.9024396 Total splits: 309 Good splits: 290
Reward: 52325.2155183 Total splits: 324 Good splits: 305
Reward: 50992.4969298 Total splits: 313 Good splits: 296
Reward: 52710.670443 Total splits: 312 Good splits: 289
Reward: 52436.3683147 Total splits: 303 Good splits: 284
Reward: 52303.2230392 Total splits: 302 Good splits: 277
Reward: 52203.245788 Total splits: 302 Good splits: 282
Reward: 52092.1390848 Total splits: 301 Good splits: 285
Reward: 51981.6460808 Total splits: 277 Good splits: 263
Reward: 52347.8187639 Total splits: 313 Good splits: 304
Reward: 52290.2480875 Total splits: 321 Good splits: 306
Reward: 52308.6097407 Total splits: 306 Good splits: 283
Reward: 52044.7325238 Total splits: 319 Good splits: 301
Reward: 52245.1493611 Total splits: 310 Good splits: 287
Reward: 52364.5370641 Total splits: 319 Good splits: 306
Reward: 52312.7494225 Total splits: 314 Good splits: 298
Reward: 52121.4256155 Total splits: 295 Good splits: 280
Reward: 52452.5565027 Total splits: 313 Good splits: 293
Reward: 52195.910642 Total splits: 296 Good splits: 281
Reward: 52253.3706785 Total splits: 322 Good splits: 300
Reward: 52306.8987774 Total splits: 309 Good splits: 291
Reward: 51846.478999 Total splits: 318 Good splits: 303
Reward: 51322.7991081 Total splits: 300 Good splits: 284
Reward: 52179.9338508 Total splits: 313 Good splits: 300
Reward: 51905.6121084 Total splits: 298 Good splits: 279
Reward: 52535.3056468 Total splits: 307 Good splits: 283
Reward: 52275.761808 Total splits: 302 Good splits: 285
Reward: 52470.9043522 Total splits: 310 Good splits: 292
Reward: 51635.6097677 Total splits: 322 Good splits: 304
Reward: 52646.112286 Total splits: 310 Good splits: 292
Reward: 52247.8184682 Total splits: 321 Good splits: 300
Reward: 52635.2061432 Total splits: 299 Good splits: 282
Reward: 52427.9598005 Total splits: 306 Good splits: 284
Reward: 51919.5312092 Total splits: 305 Good splits: 287
Reward: 52195.2484814 Total splits: 316 Good splits: 289
Reward: 52249.7257314 Total splits: 314 Good splits: 300
Reward: 52162.4621817 Total splits: 297 Good splits: 276
Reward: 52007.773373 Total splits: 310 Good splits: 291
Reward: 51976.6520569 Total splits: 286 Good splits: 268
Reward: 52050.5218108 Total splits: 307 Good splits: 289
Reward: 51989.9972251 Total splits: 310 Good splits: 286
Reward: 52587.3454849 Total splits: 316 Good splits: 302
Reward: 52254.9890669 Total splits: 320 Good splits: 302
Reward: 52592.3284705 Total splits: 305 Good splits: 286
Reward: 52637.8845929 Total splits: 321 Good splits: 304
Reward: 52572.2032688 Total splits: 311 Good splits: 294
Reward: 51846.1947202 Total splits: 316 Good splits: 298
Reward: 52238.8904633 Total splits: 317 Good splits: 303
Reward: 51319.7916113 Total splits: 310 Good splits: 290
Reward: 51640.3318716 Total splits: 313 Good splits: 288
Reward: 52094.0786297 Total splits: 300 Good splits: 278
Reward: 52192.733807 Total splits: 314 Good splits: 297
Reward: 51640.6884216 Total splits: 296 Good splits: 281
Reward: 52421.153556 Total splits: 322 Good splits: 305
Reward: 51476.2172319 Total splits: 316 Good splits: 290
Reward: 52277.431439 Total splits: 304 Good splits: 281
Reward: 51791.8934894 Total splits: 297 Good splits: 277
Reward: 52110.2071273 Total splits: 304 Good splits: 288
Reward: 52115.8097377 Total splits: 314 Good splits: 297
Reward: 52368.9990141 Total splits: 321 Good splits: 296
Reward: 51864.5650274 Total splits: 313 Good splits: 294
Reward: 52517.8893899 Total splits: 309 Good splits: 289
Reward: 51579.1339899 Total splits: 325 Good splits: 309
Reward: 49906.4594322 Total splits: 329 Good splits: 312
Reward: 52264.0067747 Total splits: 317 Good splits: 296
Reward: 52122.5227492 Total splits: 322 Good splits: 300
Reward: 52283.6481301 Total splits: 308 Good splits: 286
Reward: 52012.2532296 Total splits: 304 Good splits: 289
Reward: 52107.253232 Total splits: 310 Good splits: 289
Reward: 51718.025951 Total splits: 315 Good splits: 292
Reward: 51869.9984206 Total splits: 310 Good splits: 291
Reward: 52146.7495157 Total splits: 319 Good splits: 299
Reward: 51634.7957716 Total splits: 316 Good splits: 286
Reward: 51976.5879031 Total splits: 314 Good splits: 291
Reward: 52497.2429829 Total splits: 314 Good splits: 296
Reward: 52435.8512883 Total splits: 307 Good splits: 292
Reward: 52523.4231768 Total splits: 312 Good splits: 283
Reward: 52071.6643367 Total splits: 311 Good splits: 285
Reward: 52179.2588077 Total splits: 328 Good splits: 293
Reward: 51235.3745974 Total splits: 321 Good splits: 298
Reward: 50352.2971791 Total splits: 308 Good splits: 290
Reward: 52025.9359909 Total splits: 317 Good splits: 297
Reward: 51947.1199513 Total splits: 307 Good splits: 289
Reward: 52444.481327 Total splits: 319 Good splits: 304
Reward: 52257.6468387 Total splits: 296 Good splits: 289
Reward: 52610.6870901 Total splits: 314 Good splits: 298
Reward: 52566.8819208 Total splits: 311 Good splits: 294
Reward: 51792.3242389 Total splits: 308 Good splits: 287
Reward: 50132.699842 Total splits: 304 Good splits: 276
Reward: 51840.2693203 Total splits: 315 Good splits: 295
Reward: 52573.7759015 Total splits: 317 Good splits: 290
Reward: 52438.3563881 Total splits: 328 Good splits: 308
Reward: 52255.0537344 Total splits: 310 Good splits: 290
Reward: 52388.5305467 Total splits: 310 Good splits: 291
Reward: 52400.9802168 Total splits: 314 Good splits: 295
Reward: 52709.4301577 Total splits: 319 Good splits: 300
Reward: 52478.4758423 Total splits: 310 Good splits: 282
Reward: 52324.5353027 Total splits: 322 Good splits: 300
Reward: 52562.3579362 Total splits: 312 Good splits: 299
Reward: 51906.8862182 Total splits: 306 Good splits: 288
Reward: 52097.4888692 Total splits: 303 Good splits: 289
Reward: 52366.5701705 Total splits: 319 Good splits: 291
Reward: 50906.411592 Total splits: 317 Good splits: 299
Reward: 49924.1572606 Total splits: 290 Good splits: 272
Reward: 52393.7580628 Total splits: 321 Good splits: 295
Reward: 52595.0975787 Total splits: 298 Good splits: 277
Reward: 52310.2437907 Total splits: 303 Good splits: 288
Reward: 51939.7426071 Total splits: 301 Good splits: 287
Reward: 52571.943576 Total splits: 304 Good splits: 294
Reward: 52398.7939579 Total splits: 312 Good splits: 283
Reward: 52071.703944 Total splits: 330 Good splits: 311
Reward: 52250.7031632 Total splits: 312 Good splits: 289
Reward: 49195.6448276 Total splits: 322 Good splits: 304
Reward: 52606.035257 Total splits: 314 Good splits: 294
Reward: 52053.5963623 Total splits: 312 Good splits: 295
Reward: 52519.5722647 Total splits: 308 Good splits: 292
Reward: 52386.5361282 Total splits: 308 Good splits: 287
Reward: 51716.1319012 Total splits: 301 Good splits: 282
Reward: 51917.3479856 Total splits: 315 Good splits: 301
Reward: 52334.5323062 Total splits: 297 Good splits: 272
Reward: 52646.2765316 Total splits: 321 Good splits: 293
Reward: 51041.7772416 Total splits: 329 Good splits: 308
Reward: 52639.3534849 Total splits: 303 Good splits: 288
Reward: 51643.5476028 Total splits: 312 Good splits: 294
Reward: 50213.2098946 Total splits: 304 Good splits: 286
Reward: 51933.1848574 Total splits: 318 Good splits: 294
Reward: 52499.6275498 Total splits: 314 Good splits: 299
Reward: 52147.7535713 Total splits: 316 Good splits: 300
Reward: 51844.116804 Total splits: 312 Good splits: 294
Reward: 52532.6986559 Total splits: 298 Good splits: 283
Reward: 52084.9378227 Total splits: 308 Good splits: 281
Reward: 52299.1491544 Total splits: 299 Good splits: 282
Reward: 52061.0853066 Total splits: 311 Good splits: 291
Reward: 52159.1683777 Total splits: 300 Good splits: 285
Reward: 52452.8226903 Total splits: 307 Good splits: 286
Reward: 52590.1909103 Total splits: 317 Good splits: 296
Reward: 50970.9591464 Total splits: 319 Good splits: 298
Reward: 52709.3287133 Total splits: 311 Good splits: 300
Reward: 52137.0897771 Total splits: 309 Good splits: 292
Reward: 52216.2790062 Total splits: 302 Good splits: 279
Reward: 52204.2907061 Total splits: 311 Good splits: 294
Reward: 52212.5130595 Total splits: 321 Good splits: 296
Reward: 52372.857232 Total splits: 320 Good splits: 301
Reward: 52549.7053255 Total splits: 318 Good splits: 288
Reward: 52369.7535963 Total splits: 297 Good splits: 278
Reward: 51798.1511742 Total splits: 307 Good splits: 286
Reward: 52490.021074 Total splits: 299 Good splits: 283
Reward: 51902.680813 Total splits: 318 Good splits: 303
Reward: 52694.2926567 Total splits: 305 Good splits: 282
Reward: 52280.8305265 Total splits: 305 Good splits: 290
Reward: 51855.340813 Total splits: 335 Good splits: 311
Reward: 51846.5281979 Total splits: 317 Good splits: 295
Reward: 52411.622595 Total splits: 316 Good splits: 297
Reward: 51860.2379723 Total splits: 317 Good splits: 298
Reward: 51903.5200598 Total splits: 301 Good splits: 281
Reward: 52207.9718107 Total splits: 304 Good splits: 280
Reward: 52127.5398627 Total splits: 314 Good splits: 297
Reward: 50771.8313182 Total splits: 314 Good splits: 301
Reward: 49650.5329626 Total splits: 302 Good splits: 284
Reward: 51378.801148 Total splits: 302 Good splits: 289
Reward: 52216.9523971 Total splits: 304 Good splits: 289
Reward: 52430.4281528 Total splits: 316 Good splits: 294
Reward: 52432.2470324 Total splits: 289 Good splits: 271
Reward: 52719.3767564 Total splits: 307 Good splits: 293
Reward: 52229.8211434 Total splits: 308 Good splits: 289
Reward: 51606.8401083 Total splits: 306 Good splits: 289
Reward: 52013.407867 Total splits: 314 Good splits: 299
Reward: 52309.3059234 Total splits: 295 Good splits: 279
Reward: 51988.6397569 Total splits: 319 Good splits: 295
Reward: 52128.533424 Total splits: 296 Good splits: 280
Reward: 52244.9073461 Total splits: 317 Good splits: 306
Reward: 52415.6099294 Total splits: 301 Good splits: 283
Reward: 51821.892684 Total splits: 301 Good splits: 278
Reward: 52200.9376877 Total splits: 313 Good splits: 293
Reward: 51656.3232503 Total splits: 307 Good splits: 297
Reward: 52104.5420946 Total splits: 306 Good splits: 282
Reward: 52198.1791024 Total splits: 320 Good splits: 304
Reward: 52194.1463589 Total splits: 304 Good splits: 282
Reward: 52335.3109023 Total splits: 313 Good splits: 297
Reward: 52536.2113764 Total splits: 292 Good splits: 275
Reward: 51880.5802212 Total splits: 305 Good splits: 280
Reward: 52434.6234594 Total splits: 316 Good splits: 297
Reward: 52237.0349748 Total splits: 312 Good splits: 290
Reward: 50406.7380904 Total splits: 315 Good splits: 294
Reward: 51911.9766302 Total splits: 305 Good splits: 283
Reward: 52362.703028 Total splits: 315 Good splits: 293
Reward: 52253.6735546 Total splits: 312 Good splits: 292
Reward: 52637.9892282 Total splits: 301 Good splits: 282
Reward: 51919.9821063 Total splits: 315 Good splits: 301
Reward: 52331.5250726 Total splits: 306 Good splits: 293
Reward: 52646.6136241 Total splits: 321 Good splits: 298
Reward: 52275.9024259 Total splits: 309 Good splits: 291
Reward: 51914.0107416 Total splits: 324 Good splits: 304
Reward: 51688.0659782 Total splits: 324 Good splits: 301
Reward: 52223.5094796 Total splits: 309 Good splits: 290
Reward: 51896.4242873 Total splits: 311 Good splits: 285
Reward: 52355.7019282 Total splits: 315 Good splits: 297
Reward: 52688.8350112 Total splits: 325 Good splits: 303
Reward: 52175.3833909 Total splits: 318 Good splits: 300
Reward: 52092.9486347 Total splits: 312 Good splits: 296
Reward: 52006.4532802 Total splits: 309 Good splits: 290
Reward: 52062.2670204 Total splits: 306 Good splits: 289
Reward: 52314.0647213 Total splits: 303 Good splits: 281
Reward: 52183.2930938 Total splits: 309 Good splits: 292
Reward: 52395.6350958 Total splits: 301 Good splits: 278
Reward: 52098.0765905 Total splits: 305 Good splits: 289
Reward: 51628.1225719 Total splits: 313 Good splits: 296
Reward: 51361.3614486 Total splits: 319 Good splits: 295
Reward: 51649.3873429 Total splits: 312 Good splits: 301
Reward: 52335.1502056 Total splits: 326 Good splits: 302
Reward: 52315.0655861 Total splits: 304 Good splits: 281
Reward: 52580.6455372 Total splits: 317 Good splits: 290
Reward: 52373.8767595 Total splits: 308 Good splits: 286
Reward: 52583.1655884 Total splits: 315 Good splits: 289
Reward: 52151.0060775 Total splits: 294 Good splits: 272
Reward: 52350.2675264 Total splits: 297 Good splits: 271
Reward: 50893.0651232 Total splits: 297 Good splits: 288
Reward: 51701.7156214 Total splits: 326 Good splits: 311
Reward: 52330.9904488 Total splits: 320 Good splits: 303
Reward: 52253.2776602 Total splits: 310 Good splits: 292
Reward: 52256.9899204 Total splits: 317 Good splits: 301
Reward: 52495.7772664 Total splits: 327 Good splits: 308
Reward: 52547.4267401 Total splits: 302 Good splits: 290
Reward: 52423.7275769 Total splits: 311 Good splits: 288
Reward: 52138.0427597 Total splits: 316 Good splits: 294
Reward: 51958.2901619 Total splits: 312 Good splits: 284
Reward: 52537.1560369 Total splits: 324 Good splits: 308
Reward: 52550.6354904 Total splits: 321 Good splits: 297
Reward: 52298.5504287 Total splits: 303 Good splits: 285
Reward: 52003.0826526 Total splits: 323 Good splits: 311
Reward: 52388.5521867 Total splits: 304 Good splits: 283
Reward: 51985.4758593 Total splits: 309 Good splits: 290
Reward: 52591.0667169 Total splits: 318 Good splits: 293
Reward: 52603.0863635 Total splits: 314 Good splits: 293
Reward: 51994.1175993 Total splits: 300 Good splits: 286
Reward: 51697.3357898 Total splits: 324 Good splits: 308
Reward: 52169.3597132 Total splits: 320 Good splits: 301
Reward: 51475.3707836 Total splits: 322 Good splits: 303
Reward: 52079.0515236 Total splits: 301 Good splits: 280
Reward: 51871.2805244 Total splits: 299 Good splits: 280
Reward: 52592.754777 Total splits: 328 Good splits: 311
Reward: 52511.175118 Total splits: 313 Good splits: 300
Reward: 51976.2087436 Total splits: 311 Good splits: 296
Reward: 51995.2352953 Total splits: 312 Good splits: 298
Reward: 51582.1650972 Total splits: 312 Good splits: 291
Reward: 52186.2411959 Total splits: 333 Good splits: 301
Reward: 51426.7217865 Total splits: 324 Good splits: 302
Reward: 51906.2272737 Total splits: 308 Good splits: 285
Reward: 52552.7944967 Total splits: 303 Good splits: 282
Reward: 51862.5866156 Total splits: 312 Good splits: 294
Reward: 52512.8540055 Total splits: 320 Good splits: 304
Reward: 52022.1600734 Total splits: 309 Good splits: 287
Reward: 51360.4980847 Total splits: 325 Good splits: 306
Reward: 52196.6438238 Total splits: 315 Good splits: 298
Reward: 52276.7529181 Total splits: 303 Good splits: 281
Reward: 52318.7425039 Total splits: 305 Good splits: 283
Reward: 47357.8269471 Total splits: 321 Good splits: 298
Reward: 52217.3302183 Total splits: 327 Good splits: 314
Reward: 51987.5200698 Total splits: 312 Good splits: 286
Reward: 52091.3920586 Total splits: 323 Good splits: 302
Reward: 49811.8955391 Total splits: 313 Good splits: 304
Reward: 52486.6953481 Total splits: 321 Good splits: 305

Results after running 50 tests
Average total rewards : 52001.5469538
Average total splits  : 312.12
Average good splits   : 292.64
Average good splits % : 93.7588107138

Reward: 52186.2134525 Total splits: 311 Good splits: 295
Reward: 52045.245776 Total splits: 314 Good splits: 294
Reward: 51914.6790694 Total splits: 298 Good splits: 280

Results after running 50 tests
Average total rewards : 52121.1264052
Average total splits  : 314.32
Average good splits   : 294.86
Average good splits % : 93.8088572156

Reward: 52495.5246672 Total splits: 317 Good splits: 302

Results after running 50 tests
Average total rewards : 51878.2803033
Average total splits  : 309.98
Average good splits   : 290.78
Average good splits % : 93.8060520034

Reward: 52208.1335163 Total splits: 306 Good splits: 283

Results after running 50 tests
Average total rewards : 52186.9007675
Average total splits  : 309.84
Average good splits   : 291.58
Average good splits % : 94.1066356829

Reward: 52273.1374862 Total splits: 322 Good splits: 303

Results after running 50 tests
Average total rewards : 52186.9795811
Average total splits  : 310.24
Average good splits   : 290.82
Average good splits % : 93.740330067

Reward: 52417.6409527 Total splits: 326 Good splits: 302

Results after running 50 tests
Average total rewards : 52043.5014105
Average total splits  : 311.36
Average good splits   : 291.76
Average good splits % : 93.7050359712

Reward: 52440.6068296 Total splits: 286 Good splits: 266

Results after running 50 tests
Average total rewards : 52082.162228
Average total splits  : 310.96
Average good splits   : 292.46
Average good splits % : 94.0506817597

Reward: 52080.1821628 Total splits: 311 Good splits: 292

Results after running 50 tests
Average total rewards : 52202.1746547
Average total splits  : 310.08
Average good splits   : 292.02
Average good splits % : 94.1756965944

