Reward: 51816.8274447 Total splits: 345 Good splits: 322
Reward: 52173.0692217 Total splits: 359 Good splits: 335
Reward: 52353.7149859 Total splits: 336 Good splits: 321
Reward: 52100.4413273 Total splits: 334 Good splits: 306
Reward: 53013.5070497 Total splits: 341 Good splits: 317
Reward: 51279.3216556 Total splits: 339 Good splits: 317
Reward: 52513.9580844 Total splits: 329 Good splits: 309
Reward: 52670.3177908 Total splits: 341 Good splits: 316
Reward: 52131.6490116 Total splits: 329 Good splits: 309
Reward: 52369.8718813 Total splits: 334 Good splits: 321
Reward: 52410.0022771 Total splits: 335 Good splits: 310
Reward: 51889.1953348 Total splits: 343 Good splits: 322
Reward: 52452.7797081 Total splits: 332 Good splits: 311
Reward: 52592.7229765 Total splits: 344 Good splits: 315
Reward: 51387.7847553 Total splits: 335 Good splits: 319
Reward: 52668.0002301 Total splits: 310 Good splits: 289
Reward: 52376.0986011 Total splits: 340 Good splits: 322
Reward: 52192.2201599 Total splits: 335 Good splits: 315
Reward: 51562.9960084 Total splits: 334 Good splits: 312
Reward: 52011.8812312 Total splits: 345 Good splits: 318
Reward: 52412.1534903 Total splits: 331 Good splits: 316
Reward: 52455.8436971 Total splits: 327 Good splits: 306
Reward: 51895.0579858 Total splits: 345 Good splits: 327
Reward: 52524.1823527 Total splits: 330 Good splits: 309
Reward: 51691.9621739 Total splits: 335 Good splits: 311
Reward: 52061.293145 Total splits: 336 Good splits: 316
Reward: 52433.9729626 Total splits: 349 Good splits: 326
Reward: 51934.2981197 Total splits: 338 Good splits: 319
Reward: 51834.8465536 Total splits: 339 Good splits: 313
Reward: 52489.6648686 Total splits: 347 Good splits: 324
Reward: 51972.7083578 Total splits: 368 Good splits: 348
Reward: 52399.9511551 Total splits: 333 Good splits: 310
Reward: 52295.6705496 Total splits: 329 Good splits: 297
Reward: 52488.7331007 Total splits: 337 Good splits: 320
Reward: 52454.0678345 Total splits: 333 Good splits: 309
Reward: 52282.2015086 Total splits: 342 Good splits: 312
Reward: 52669.8944984 Total splits: 336 Good splits: 310
Reward: 51784.6043701 Total splits: 338 Good splits: 321
Reward: 52185.0255364 Total splits: 342 Good splits: 317
Reward: 52359.8134212 Total splits: 328 Good splits: 313
Reward: 50706.3319265 Total splits: 348 Good splits: 319
Reward: 52027.685165 Total splits: 317 Good splits: 300
Reward: 52288.3192189 Total splits: 349 Good splits: 333
Reward: 51962.1938327 Total splits: 334 Good splits: 319
Reward: 52927.2392425 Total splits: 342 Good splits: 312
Reward: 52630.3041138 Total splits: 325 Good splits: 303
Reward: 52250.2657863 Total splits: 334 Good splits: 317
Reward: 52353.2954521 Total splits: 316 Good splits: 302
Reward: 51998.270178 Total splits: 326 Good splits: 304
Reward: 51743.8394466 Total splits: 337 Good splits: 311
Reward: 52597.7924101 Total splits: 340 Good splits: 312
Reward: 52390.1982264 Total splits: 347 Good splits: 324
Reward: 52246.7882854 Total splits: 332 Good splits: 306
Reward: 52550.9027453 Total splits: 347 Good splits: 325
Reward: 52432.8123968 Total splits: 336 Good splits: 316
Reward: 52209.2746339 Total splits: 336 Good splits: 315
Reward: 51380.0951969 Total splits: 337 Good splits: 316
Reward: 52056.5976878 Total splits: 326 Good splits: 305
Reward: 52083.3926895 Total splits: 361 Good splits: 343
Reward: 51888.7835 Total splits: 344 Good splits: 318
Reward: 51232.4616234 Total splits: 326 Good splits: 308
Reward: 52335.0615208 Total splits: 337 Good splits: 318
Reward: 52163.4724127 Total splits: 340 Good splits: 315
Reward: 52509.2097665 Total splits: 352 Good splits: 332
Reward: 52245.9209094 Total splits: 343 Good splits: 327
Reward: 52674.6385378 Total splits: 342 Good splits: 320
Reward: 52304.9741499 Total splits: 343 Good splits: 322
Reward: 52425.0860929 Total splits: 340 Good splits: 322
Reward: 52575.9415104 Total splits: 341 Good splits: 319
Reward: 51590.5339905 Total splits: 323 Good splits: 301
Reward: 52902.7688184 Total splits: 339 Good splits: 312
Reward: 50753.5058362 Total splits: 316 Good splits: 299
Reward: 52357.8448352 Total splits: 334 Good splits: 304
Reward: 52121.9189639 Total splits: 348 Good splits: 313
Reward: 52165.1442175 Total splits: 340 Good splits: 315
Reward: 52152.6169171 Total splits: 340 Good splits: 324
Reward: 52272.0455975 Total splits: 329 Good splits: 311
Reward: 52439.5155122 Total splits: 325 Good splits: 299
Reward: 52311.5712487 Total splits: 342 Good splits: 316
Reward: 52115.0971626 Total splits: 345 Good splits: 320
Reward: 52530.2039344 Total splits: 334 Good splits: 311
Reward: 52551.5991875 Total splits: 321 Good splits: 305
Reward: 52195.4737444 Total splits: 327 Good splits: 303
Reward: 52439.3655538 Total splits: 324 Good splits: 297
Reward: 52296.7362859 Total splits: 349 Good splits: 331
Reward: 52166.4573916 Total splits: 342 Good splits: 318
Reward: 52128.3993956 Total splits: 334 Good splits: 308
Reward: 51100.0923217 Total splits: 359 Good splits: 333
Reward: 52202.5733388 Total splits: 324 Good splits: 303
Reward: 52333.6244453 Total splits: 336 Good splits: 317
Reward: 52409.8162883 Total splits: 322 Good splits: 308
Reward: 52268.4013956 Total splits: 327 Good splits: 300
Reward: 52147.6689034 Total splits: 339 Good splits: 322
Reward: 52114.9268739 Total splits: 348 Good splits: 328
Reward: 52357.2372244 Total splits: 338 Good splits: 314
Reward: 52152.3279705 Total splits: 320 Good splits: 291
Reward: 52608.7071749 Total splits: 331 Good splits: 309
Reward: 52308.0798383 Total splits: 333 Good splits: 312
Reward: 51935.8086473 Total splits: 327 Good splits: 303
Reward: 52439.492488 Total splits: 337 Good splits: 318
Reward: 52291.6837829 Total splits: 341 Good splits: 324
Reward: 52507.0359772 Total splits: 344 Good splits: 323
Reward: 52364.1492406 Total splits: 333 Good splits: 309
Reward: 52524.111932 Total splits: 357 Good splits: 334
Reward: 52445.7317274 Total splits: 335 Good splits: 319
Reward: 52488.7376933 Total splits: 339 Good splits: 311
Reward: 52070.7660737 Total splits: 336 Good splits: 312
Reward: 52221.0509455 Total splits: 321 Good splits: 294
Reward: 52352.3040316 Total splits: 333 Good splits: 311
Reward: 52690.3997875 Total splits: 342 Good splits: 317
Reward: 52345.4412907 Total splits: 336 Good splits: 312
Reward: 51513.544186 Total splits: 337 Good splits: 318
Reward: 52705.1593459 Total splits: 348 Good splits: 328
Reward: 52020.6332641 Total splits: 322 Good splits: 299
Reward: 52494.967294 Total splits: 325 Good splits: 305
Reward: 52137.5118687 Total splits: 337 Good splits: 313
Reward: 52244.0112893 Total splits: 323 Good splits: 307
Reward: 52171.897781 Total splits: 335 Good splits: 317
Reward: 52368.9514002 Total splits: 354 Good splits: 327
Reward: 52726.6587867 Total splits: 342 Good splits: 326
Reward: 52306.0998118 Total splits: 332 Good splits: 305
Reward: 52813.4698753 Total splits: 339 Good splits: 316
Reward: 52113.9425461 Total splits: 343 Good splits: 325
Reward: 52162.4873636 Total splits: 341 Good splits: 318
Reward: 51908.4532257 Total splits: 341 Good splits: 318
Reward: 52645.4964641 Total splits: 330 Good splits: 319
Reward: 52230.9797192 Total splits: 330 Good splits: 314
Reward: 52387.0550145 Total splits: 333 Good splits: 310
Reward: 52672.5402903 Total splits: 350 Good splits: 324
Reward: 52392.896043 Total splits: 336 Good splits: 315
Reward: 52358.4719243 Total splits: 329 Good splits: 306
Reward: 51630.6885126 Total splits: 352 Good splits: 326
Reward: 52245.266048 Total splits: 341 Good splits: 314
Reward: 52307.3732561 Total splits: 349 Good splits: 325
Reward: 51338.1325865 Total splits: 358 Good splits: 333
Reward: 52166.0074107 Total splits: 344 Good splits: 316
Reward: 52048.0285532 Total splits: 336 Good splits: 318
Reward: 50481.6256178 Total splits: 338 Good splits: 315
Reward: 52466.8160531 Total splits: 343 Good splits: 319
Reward: 52204.7362977 Total splits: 335 Good splits: 318
Reward: 52377.3785148 Total splits: 342 Good splits: 320
Reward: 52443.950097 Total splits: 338 Good splits: 323
Reward: 52436.2667872 Total splits: 317 Good splits: 299
Reward: 52081.5273376 Total splits: 337 Good splits: 313
Reward: 51763.9114643 Total splits: 340 Good splits: 316
Reward: 52080.2156569 Total splits: 336 Good splits: 317
Reward: 52457.1481727 Total splits: 332 Good splits: 306
Reward: 52691.7120663 Total splits: 346 Good splits: 323
Reward: 52897.1747114 Total splits: 345 Good splits: 322
Reward: 52398.6153663 Total splits: 327 Good splits: 301
Reward: 50753.4702707 Total splits: 321 Good splits: 301
Reward: 52141.8226367 Total splits: 346 Good splits: 322
Reward: 50987.0819256 Total splits: 326 Good splits: 303
Reward: 52745.8147957 Total splits: 336 Good splits: 315
Reward: 52190.1505707 Total splits: 336 Good splits: 307
Reward: 52421.7614671 Total splits: 328 Good splits: 303
Reward: 52536.5620995 Total splits: 343 Good splits: 318
Reward: 52346.6339509 Total splits: 333 Good splits: 310
Reward: 52691.6377291 Total splits: 339 Good splits: 320
Reward: 52343.3024361 Total splits: 331 Good splits: 309
Reward: 52519.7851363 Total splits: 339 Good splits: 312
Reward: 52402.4985128 Total splits: 350 Good splits: 325
Reward: 52356.1777589 Total splits: 314 Good splits: 295
Reward: 52634.895975 Total splits: 344 Good splits: 323
Reward: 50882.1742073 Total splits: 334 Good splits: 312
Reward: 52570.9346079 Total splits: 342 Good splits: 324
Reward: 52328.9160023 Total splits: 330 Good splits: 314
Reward: 52354.8901006 Total splits: 339 Good splits: 322
Reward: 52538.2263165 Total splits: 334 Good splits: 314
Reward: 52516.5512853 Total splits: 352 Good splits: 330
Reward: 51723.8451528 Total splits: 326 Good splits: 303
Reward: 52055.9434498 Total splits: 343 Good splits: 323
Reward: 52483.4431521 Total splits: 343 Good splits: 319
Reward: 52617.2146783 Total splits: 342 Good splits: 318
Reward: 52362.2819299 Total splits: 335 Good splits: 308
Reward: 52316.4859066 Total splits: 326 Good splits: 305
Reward: 52669.7181831 Total splits: 330 Good splits: 310
Reward: 51372.7566195 Total splits: 337 Good splits: 315
Reward: 52394.3185452 Total splits: 335 Good splits: 313
Reward: 52210.1005955 Total splits: 333 Good splits: 317
Reward: 52515.8787424 Total splits: 341 Good splits: 316
Reward: 52892.2525499 Total splits: 327 Good splits: 305
Reward: 52722.3541349 Total splits: 337 Good splits: 315
Reward: 52544.6689774 Total splits: 332 Good splits: 307
Reward: 52141.6479532 Total splits: 347 Good splits: 323
Reward: 52194.2549453 Total splits: 342 Good splits: 313
Reward: 52266.911506 Total splits: 319 Good splits: 304
Reward: 52772.9153436 Total splits: 327 Good splits: 308
Reward: 52490.3501477 Total splits: 319 Good splits: 301
Reward: 51049.5148875 Total splits: 338 Good splits: 315
Reward: 52151.1927772 Total splits: 329 Good splits: 298
Reward: 50487.5995881 Total splits: 331 Good splits: 309
Reward: 52245.641448 Total splits: 337 Good splits: 316
Reward: 52567.5612774 Total splits: 357 Good splits: 333
Reward: 52347.5316205 Total splits: 330 Good splits: 312
Reward: 51562.0942459 Total splits: 330 Good splits: 315
Reward: 52412.8709554 Total splits: 328 Good splits: 303
Reward: 52691.6237543 Total splits: 322 Good splits: 302
Reward: 52156.8491148 Total splits: 343 Good splits: 321
Reward: 52467.704216 Total splits: 342 Good splits: 322
Reward: 52181.4000833 Total splits: 344 Good splits: 324
Reward: 52191.3214016 Total splits: 333 Good splits: 306
Reward: 52087.1722677 Total splits: 316 Good splits: 290
Reward: 52534.8275084 Total splits: 349 Good splits: 327
Reward: 50743.7816702 Total splits: 333 Good splits: 305
Reward: 51217.7537663 Total splits: 343 Good splits: 322
Reward: 52252.7820246 Total splits: 326 Good splits: 304
Reward: 52203.0332475 Total splits: 353 Good splits: 334
Reward: 52501.4707537 Total splits: 349 Good splits: 324
Reward: 52499.5972038 Total splits: 341 Good splits: 321
Reward: 51635.3843062 Total splits: 338 Good splits: 313
Reward: 51960.21795 Total splits: 354 Good splits: 329
Reward: 52300.9668408 Total splits: 329 Good splits: 309
Reward: 52021.5750599 Total splits: 334 Good splits: 308
Reward: 51769.6357866 Total splits: 332 Good splits: 318
Reward: 51811.8461632 Total splits: 334 Good splits: 320
Reward: 52256.7530924 Total splits: 328 Good splits: 309
Reward: 52780.7601168 Total splits: 313 Good splits: 301
Reward: 52215.5186447 Total splits: 332 Good splits: 306
Reward: 51610.6307852 Total splits: 319 Good splits: 301
Reward: 52631.8776917 Total splits: 335 Good splits: 302
Reward: 52304.7020921 Total splits: 348 Good splits: 319
Reward: 52150.904527 Total splits: 337 Good splits: 312
Reward: 52498.3451557 Total splits: 331 Good splits: 307
Reward: 52443.4983093 Total splits: 328 Good splits: 308
Reward: 51793.1092531 Total splits: 344 Good splits: 317
Reward: 51959.9407786 Total splits: 334 Good splits: 311
Reward: 52573.8132042 Total splits: 336 Good splits: 305
Reward: 52573.5427243 Total splits: 334 Good splits: 310
Reward: 52269.0762411 Total splits: 354 Good splits: 327
Reward: 52307.2961904 Total splits: 336 Good splits: 316
Reward: 51636.6265787 Total splits: 331 Good splits: 310
Reward: 51284.8981871 Total splits: 333 Good splits: 309
Reward: 52068.5545171 Total splits: 335 Good splits: 313
Reward: 52400.6990286 Total splits: 343 Good splits: 322
Reward: 52566.2013479 Total splits: 339 Good splits: 320
Reward: 52520.2716003 Total splits: 317 Good splits: 285
Reward: 52493.3482853 Total splits: 337 Good splits: 318
Reward: 52384.1364374 Total splits: 366 Good splits: 340
Reward: 52405.8029049 Total splits: 325 Good splits: 293
Reward: 51294.170128 Total splits: 318 Good splits: 296
Reward: 52201.3642821 Total splits: 340 Good splits: 324
Reward: 51839.6410006 Total splits: 339 Good splits: 311
Reward: 52601.5105921 Total splits: 350 Good splits: 332
Reward: 51971.6140603 Total splits: 342 Good splits: 330
Reward: 52756.5559242 Total splits: 344 Good splits: 319
Reward: 52227.1786235 Total splits: 336 Good splits: 313
Reward: 52669.6911642 Total splits: 334 Good splits: 308
Reward: 52694.0866604 Total splits: 332 Good splits: 305
Reward: 51975.653273 Total splits: 332 Good splits: 316
Reward: 52517.5867934 Total splits: 327 Good splits: 296
Reward: 51556.1057517 Total splits: 336 Good splits: 318
Reward: 52276.5022747 Total splits: 327 Good splits: 303
Reward: 52668.6472869 Total splits: 319 Good splits: 293
Reward: 52630.3366627 Total splits: 341 Good splits: 318
Reward: 52412.0237801 Total splits: 327 Good splits: 305
Reward: 51887.4051871 Total splits: 345 Good splits: 324
Reward: 52432.1928394 Total splits: 334 Good splits: 309
Reward: 52295.3910802 Total splits: 332 Good splits: 306
Reward: 50941.0820592 Total splits: 330 Good splits: 311
Reward: 51681.2152619 Total splits: 357 Good splits: 334
Reward: 52628.6000429 Total splits: 335 Good splits: 316
Reward: 52288.2303049 Total splits: 342 Good splits: 319
Reward: 51738.2229672 Total splits: 328 Good splits: 309
Reward: 51640.7779644 Total splits: 351 Good splits: 329
Reward: 52387.725032 Total splits: 344 Good splits: 322
Reward: 51977.6921949 Total splits: 335 Good splits: 314
Reward: 51937.8934321 Total splits: 316 Good splits: 294
Reward: 51382.2715341 Total splits: 334 Good splits: 317
Reward: 50790.5658298 Total splits: 322 Good splits: 307
Reward: 51510.2130181 Total splits: 319 Good splits: 295
Reward: 52285.1687311 Total splits: 334 Good splits: 310
Reward: 52482.3101183 Total splits: 347 Good splits: 324
Reward: 52146.6097332 Total splits: 336 Good splits: 322
Reward: 52510.6119737 Total splits: 332 Good splits: 308
Reward: 52413.4905279 Total splits: 341 Good splits: 321
Reward: 52488.2884477 Total splits: 328 Good splits: 310
Reward: 52532.0772838 Total splits: 327 Good splits: 292
Reward: 52009.6629339 Total splits: 337 Good splits: 314
Reward: 52141.0570745 Total splits: 313 Good splits: 290
Reward: 51532.4508346 Total splits: 311 Good splits: 294
Reward: 52214.0725526 Total splits: 332 Good splits: 318
Reward: 52093.0574871 Total splits: 339 Good splits: 316
Reward: 52516.8886172 Total splits: 324 Good splits: 306
Reward: 52613.5104884 Total splits: 336 Good splits: 315
Reward: 51963.3674452 Total splits: 336 Good splits: 314
Reward: 52767.98888 Total splits: 342 Good splits: 319
Reward: 52758.790873 Total splits: 350 Good splits: 328
Reward: 52085.1860074 Total splits: 335 Good splits: 310
Reward: 51495.7610101 Total splits: 343 Good splits: 316
Reward: 52853.3447374 Total splits: 344 Good splits: 320
Reward: 51826.5185101 Total splits: 347 Good splits: 325
Reward: 52484.8387733 Total splits: 327 Good splits: 312
Reward: 52471.9849422 Total splits: 342 Good splits: 327
Reward: 52318.2912976 Total splits: 315 Good splits: 291
Reward: 52615.0340039 Total splits: 351 Good splits: 328
Reward: 51787.1830391 Total splits: 335 Good splits: 312
Reward: 52564.3245149 Total splits: 346 Good splits: 314
Reward: 52089.9459199 Total splits: 331 Good splits: 303
Reward: 52197.0541432 Total splits: 334 Good splits: 310
Reward: 52096.5528887 Total splits: 336 Good splits: 316
Reward: 51704.0591625 Total splits: 340 Good splits: 316
Reward: 51905.4508108 Total splits: 334 Good splits: 316
Reward: 52556.7055081 Total splits: 333 Good splits: 315
Reward: 51847.9955267 Total splits: 331 Good splits: 304
Reward: 52376.4856663 Total splits: 363 Good splits: 347
Reward: 51935.3211645 Total splits: 343 Good splits: 321
Reward: 52206.2458363 Total splits: 338 Good splits: 316
Reward: 52075.5948399 Total splits: 357 Good splits: 329
Reward: 52388.8762322 Total splits: 355 Good splits: 338
Reward: 52644.9099263 Total splits: 330 Good splits: 312
Reward: 52091.9329969 Total splits: 328 Good splits: 304
Reward: 52557.0858542 Total splits: 343 Good splits: 317
Reward: 52029.1569897 Total splits: 333 Good splits: 309
Reward: 52489.5714889 Total splits: 337 Good splits: 319
Reward: 52348.2393871 Total splits: 337 Good splits: 315
Reward: 52356.0075644 Total splits: 341 Good splits: 317
Reward: 52275.6725808 Total splits: 331 Good splits: 314
Reward: 52535.6656451 Total splits: 336 Good splits: 315
Reward: 52220.9487907 Total splits: 317 Good splits: 300
Reward: 52375.4528111 Total splits: 342 Good splits: 321
Reward: 52124.8342319 Total splits: 330 Good splits: 312
Reward: 51436.2471225 Total splits: 336 Good splits: 311
Reward: 52279.6075063 Total splits: 338 Good splits: 312
Reward: 52691.9392702 Total splits: 344 Good splits: 319
Reward: 52309.4911945 Total splits: 344 Good splits: 320
Reward: 52796.4325301 Total splits: 323 Good splits: 302
Reward: 52252.8526522 Total splits: 325 Good splits: 301
Reward: 52669.3948961 Total splits: 332 Good splits: 311
Reward: 51298.174467 Total splits: 332 Good splits: 315
Reward: 51943.8387163 Total splits: 342 Good splits: 312
Reward: 52405.2339576 Total splits: 341 Good splits: 323
Reward: 52549.0272013 Total splits: 345 Good splits: 323
Reward: 51941.7536195 Total splits: 330 Good splits: 308
Reward: 52769.1075333 Total splits: 341 Good splits: 328
Reward: 52263.5085136 Total splits: 340 Good splits: 310
Reward: 52174.6599356 Total splits: 339 Good splits: 319
Reward: 52347.5372634 Total splits: 330 Good splits: 305
Reward: 51269.4539828 Total splits: 335 Good splits: 316
Reward: 52464.0823174 Total splits: 340 Good splits: 312
Reward: 52800.134392 Total splits: 359 Good splits: 342
Reward: 52518.3961728 Total splits: 354 Good splits: 332
Reward: 52383.8182126 Total splits: 337 Good splits: 309
Reward: 52702.8823954 Total splits: 340 Good splits: 314
Reward: 52271.7253691 Total splits: 330 Good splits: 313
Reward: 52284.2881528 Total splits: 333 Good splits: 315
Reward: 52568.6937636 Total splits: 339 Good splits: 317
Reward: 52250.2179736 Total splits: 352 Good splits: 321
Reward: 52401.4556507 Total splits: 328 Good splits: 305
Reward: 52549.984809 Total splits: 324 Good splits: 302
Reward: 52630.0327809 Total splits: 341 Good splits: 321
Reward: 52436.1024247 Total splits: 343 Good splits: 320
Reward: 52183.8822107 Total splits: 331 Good splits: 312
Reward: 52491.7581538 Total splits: 337 Good splits: 313
Reward: 52509.0605982 Total splits: 327 Good splits: 310
Reward: 52269.7810754 Total splits: 343 Good splits: 321
Reward: 52331.9964876 Total splits: 336 Good splits: 320
Reward: 52670.4908057 Total splits: 324 Good splits: 301
Reward: 51522.2699611 Total splits: 340 Good splits: 306
Reward: 52290.8958283 Total splits: 333 Good splits: 312
Reward: 52349.2513439 Total splits: 335 Good splits: 312
Reward: 53052.7655101 Total splits: 337 Good splits: 309
Reward: 52556.717984 Total splits: 338 Good splits: 319
Reward: 52199.6129838 Total splits: 336 Good splits: 313
Reward: 51939.7144273 Total splits: 339 Good splits: 308
Reward: 52227.4812802 Total splits: 325 Good splits: 305
Reward: 51792.9643554 Total splits: 324 Good splits: 303
Reward: 49834.1308488 Total splits: 348 Good splits: 327
Reward: 52471.0466769 Total splits: 331 Good splits: 310
Reward: 52551.3915882 Total splits: 338 Good splits: 318
Reward: 51903.7569397 Total splits: 346 Good splits: 327
Reward: 52545.9708097 Total splits: 330 Good splits: 301
Reward: 52276.0954516 Total splits: 339 Good splits: 314
Reward: 52613.1344126 Total splits: 322 Good splits: 307
Reward: 52256.7760784 Total splits: 326 Good splits: 308
Reward: 52176.7520411 Total splits: 323 Good splits: 293
Reward: 52354.1632329 Total splits: 342 Good splits: 317
Reward: 52445.8668334 Total splits: 332 Good splits: 310
Reward: 52268.9955215 Total splits: 330 Good splits: 301
Reward: 52315.6421044 Total splits: 329 Good splits: 304
Reward: 52265.1506363 Total splits: 350 Good splits: 338
Reward: 51792.8058909 Total splits: 342 Good splits: 318
Reward: 52203.2849329 Total splits: 314 Good splits: 293
Reward: 52521.2238011 Total splits: 329 Good splits: 305
Reward: 52422.7733746 Total splits: 322 Good splits: 306
Reward: 52418.7773406 Total splits: 336 Good splits: 319
Reward: 52587.6159961 Total splits: 323 Good splits: 298
Reward: 51920.2297561 Total splits: 335 Good splits: 301
Reward: 52293.2605611 Total splits: 327 Good splits: 307
Reward: 51982.5900284 Total splits: 337 Good splits: 320
Reward: 51474.808357 Total splits: 322 Good splits: 299
Reward: 52344.5252329 Total splits: 351 Good splits: 326

Results after running 50 tests
Average total rewards : 52112.461403
Average total splits  : 337.08
Average good splits   : 314.44
Average good splits % : 93.2834935327

Reward: 50233.4759778 Total splits: 336 Good splits: 316

Results after running 50 tests
Average total rewards : 52156.7883681
Average total splits  : 335.94
Average good splits   : 314.36
Average good splits % : 93.5762338513

Reward: 52439.1026381 Total splits: 345 Good splits: 328

Results after running 50 tests
Average total rewards : 52191.9737042
Average total splits  : 334.92
Average good splits   : 312.64
Average good splits % : 93.3476651141

Reward: 52344.7163337 Total splits: 337 Good splits: 314

Results after running 50 tests
Average total rewards : 52320.2024574
Average total splits  : 336.28
Average good splits   : 313.08
Average good splits % : 93.1009872725

Reward: 51710.8428473 Total splits: 338 Good splits: 313

Results after running 50 tests
Average total rewards : 52273.2490899
Average total splits  : 337.38
Average good splits   : 315.24
Average good splits % : 93.4376667259

Reward: 52247.7309804 Total splits: 340 Good splits: 321
Reward: 52405.2078605 Total splits: 342 Good splits: 317

Results after running 50 tests
Average total rewards : 52251.821267
Average total splits  : 335.52
Average good splits   : 314.24
Average good splits % : 93.657606104

Reward: 51381.8737422 Total splits: 341 Good splits: 325

Results after running 50 tests
Average total rewards : 52164.177452
Average total splits  : 335.4
Average good splits   : 313.22
Average good splits % : 93.3870005963

Reward: 51744.0836338 Total splits: 344 Good splits: 324

Results after running 50 tests
Average total rewards : 52170.334579
Average total splits  : 336.46
Average good splits   : 314.84
Average good splits % : 93.5742733163

