Reward: 46770.5605171
Reward: 44512.4947342
Reward: 39575.2463037
Reward: 45144.9233256
Reward: 38741.352062
Reward: 43659.153407
Reward: 43503.727809
Reward: 40712.597017
Reward: 46067.4586007
Reward: 44378.5825342
Reward: 44367.7974955
Reward: 48352.5607973
Reward: 47891.3289982
Reward: 45570.5416005
Reward: 48011.4780697
Reward: 44351.5292084
Reward: 38458.5049077
Reward: 42965.4078387
Reward: 47475.1373146
Reward: 45756.6324442
Reward: 42495.8708229
Reward: 43046.2331774
Reward: 41795.880853
Reward: 45411.8601423
Reward: 44100.0349304
Reward: 43595.4431779
Reward: 44967.7416244
Reward: 46400.0749945
Reward: 45673.9008677
Reward: 45967.866818
Reward: 44641.2554936
Reward: 38146.712735
Reward: 38525.3249694
Reward: 45641.7464753
Reward: 44615.8792988
Reward: 40868.8139211
Reward: 41850.6577084
Reward: 40600.6538067
Reward: 45062.789569
Reward: 42535.8470657
Reward: 43354.5217278
Reward: 47271.237317
Reward: 48209.3705723
Reward: 47426.0009292
Reward: 44949.3800593
Reward: 38084.9745562
Reward: 43932.1723405
Reward: 40889.1428445
Reward: 41912.3832709
Reward: 47374.0660201
Reward: 41917.6664739
Reward: 45261.02028
Reward: 39520.9506717
Reward: 44778.8046183
Reward: 46969.70099
Reward: 47222.196104
Reward: 45396.9163548
Reward: 44733.9181006
Reward: 45893.2398242
Reward: 45435.4022947
Reward: 44771.8796285
Reward: 44063.7833251
Reward: 43491.766733
Reward: 42512.3240605
Reward: 45185.4298853
Reward: 43918.470305
Reward: 45642.1138681
Reward: 44201.1202655
Reward: 39031.6459602
Reward: 44247.7582042
Reward: 42170.0488389
Reward: 46210.577395
Reward: 45043.751298
Reward: 47013.2272835
Reward: 44042.8984072
Reward: 41643.2982783
