Reward: 52552.771207 Total splits: 275 Good splits: 254
Reward: 51713.6493871 Total splits: 281 Good splits: 272
Reward: 52225.9096751 Total splits: 298 Good splits: 284
Reward: 52136.3755384 Total splits: 289 Good splits: 269
Reward: 52064.8271501 Total splits: 276 Good splits: 260
Reward: 52016.9721003 Total splits: 271 Good splits: 252
Reward: 52285.9739715 Total splits: 274 Good splits: 254
Reward: 51845.7800227 Total splits: 277 Good splits: 266
Reward: 52358.7929108 Total splits: 266 Good splits: 241
Reward: 52249.137346 Total splits: 276 Good splits: 262
Reward: 51990.1438831 Total splits: 276 Good splits: 265
Reward: 52589.0095634 Total splits: 268 Good splits: 252
Reward: 52402.8065293 Total splits: 284 Good splits: 271
Reward: 52281.6370678 Total splits: 283 Good splits: 259
Reward: 51830.5752598 Total splits: 304 Good splits: 280
Reward: 52077.1792317 Total splits: 288 Good splits: 280
Reward: 52165.5904261 Total splits: 296 Good splits: 280
Reward: 52415.6729701 Total splits: 286 Good splits: 265
Reward: 52665.4627065 Total splits: 284 Good splits: 266
Reward: 51417.5903419 Total splits: 295 Good splits: 282
Reward: 51309.5765113 Total splits: 301 Good splits: 290
Reward: 52244.4612156 Total splits: 278 Good splits: 255
Reward: 52141.214299 Total splits: 285 Good splits: 264
Reward: 51995.6838948 Total splits: 282 Good splits: 264
Reward: 51579.3205883 Total splits: 267 Good splits: 248
Reward: 51573.4080452 Total splits: 288 Good splits: 268
Reward: 52192.8930624 Total splits: 273 Good splits: 255
Reward: 52072.060434 Total splits: 284 Good splits: 271
Reward: 52615.1873312 Total splits: 288 Good splits: 278
Reward: 52201.6752752 Total splits: 297 Good splits: 291
Reward: 51952.9760581 Total splits: 284 Good splits: 261
Reward: 52177.8214183 Total splits: 290 Good splits: 267
Reward: 52473.1570224 Total splits: 294 Good splits: 279
Reward: 52334.8554099 Total splits: 260 Good splits: 243
Reward: 52276.4034004 Total splits: 303 Good splits: 290
Reward: 52259.1232432 Total splits: 264 Good splits: 249
Reward: 52257.5054541 Total splits: 271 Good splits: 258
Reward: 52255.1042767 Total splits: 302 Good splits: 286
Reward: 51732.3526588 Total splits: 302 Good splits: 283
Reward: 52449.0060213 Total splits: 290 Good splits: 274
Reward: 52055.9391499 Total splits: 287 Good splits: 271
Reward: 51717.4018111 Total splits: 287 Good splits: 265
Reward: 52462.6521548 Total splits: 279 Good splits: 260
Reward: 52146.5350264 Total splits: 288 Good splits: 271
Reward: 52337.3416351 Total splits: 279 Good splits: 263
Reward: 51999.2307194 Total splits: 299 Good splits: 282
Reward: 52439.3581097 Total splits: 283 Good splits: 266
Reward: 52324.0581444 Total splits: 279 Good splits: 262
Reward: 51902.6118353 Total splits: 287 Good splits: 271
Reward: 52173.4818258 Total splits: 266 Good splits: 252
Reward: 50304.4662885 Total splits: 270 Good splits: 256
Reward: 52077.805294 Total splits: 300 Good splits: 279
Reward: 51296.2683872 Total splits: 297 Good splits: 281
Reward: 51489.1945451 Total splits: 276 Good splits: 258
Reward: 52272.2784316 Total splits: 298 Good splits: 279
Reward: 52631.0823508 Total splits: 295 Good splits: 269
Reward: 51951.9191262 Total splits: 277 Good splits: 264
Reward: 52522.2820472 Total splits: 266 Good splits: 250
Reward: 51950.8547559 Total splits: 279 Good splits: 265
Reward: 52226.6706944 Total splits: 276 Good splits: 256
Reward: 52202.8417874 Total splits: 271 Good splits: 259
Reward: 51778.4089155 Total splits: 282 Good splits: 268
Reward: 52575.8123439 Total splits: 279 Good splits: 261
Reward: 52557.3782656 Total splits: 293 Good splits: 277
Reward: 52296.7381295 Total splits: 293 Good splits: 278
Reward: 52172.2481487 Total splits: 291 Good splits: 280
Reward: 52247.459346 Total splits: 287 Good splits: 269
Reward: 52119.3613177 Total splits: 304 Good splits: 283
Reward: 52448.0499924 Total splits: 310 Good splits: 289
Reward: 52460.104041 Total splits: 272 Good splits: 252
Reward: 51438.2588974 Total splits: 298 Good splits: 281
Reward: 52672.9364576 Total splits: 275 Good splits: 264
Reward: 51902.366215 Total splits: 276 Good splits: 265
Reward: 52344.8655252 Total splits: 297 Good splits: 280
Reward: 51722.1909216 Total splits: 294 Good splits: 270
Reward: 52347.0475162 Total splits: 275 Good splits: 257
Reward: 52391.4615583 Total splits: 267 Good splits: 252
Reward: 51620.0273952 Total splits: 287 Good splits: 273
Reward: 51840.5198356 Total splits: 295 Good splits: 281
Reward: 52321.0135322 Total splits: 293 Good splits: 273
Reward: 52209.104357 Total splits: 295 Good splits: 285
Reward: 52252.3716162 Total splits: 276 Good splits: 258
Reward: 52373.0272313 Total splits: 283 Good splits: 268
Reward: 52145.1368434 Total splits: 310 Good splits: 295
Reward: 49156.1016654 Total splits: 277 Good splits: 259
Reward: 52114.5015197 Total splits: 290 Good splits: 276
Reward: 51840.6005667 Total splits: 289 Good splits: 266
Reward: 52310.9488092 Total splits: 291 Good splits: 268
Reward: 52337.578276 Total splits: 270 Good splits: 251
Reward: 52090.4466011 Total splits: 298 Good splits: 277
Reward: 52510.4989548 Total splits: 285 Good splits: 266
Reward: 52245.391856 Total splits: 291 Good splits: 268
Reward: 52281.4432275 Total splits: 282 Good splits: 267
Reward: 52056.2929947 Total splits: 292 Good splits: 275
Reward: 52368.2308862 Total splits: 289 Good splits: 271
Reward: 52249.1857484 Total splits: 276 Good splits: 255
Reward: 52384.041965 Total splits: 294 Good splits: 282
Reward: 52211.2312609 Total splits: 280 Good splits: 263
Reward: 51659.6303518 Total splits: 297 Good splits: 280
Reward: 52622.3168075 Total splits: 265 Good splits: 251
Reward: 51832.8186083 Total splits: 276 Good splits: 261
Reward: 52184.6765515 Total splits: 284 Good splits: 262
Reward: 51943.214253 Total splits: 288 Good splits: 274
Reward: 52249.7391322 Total splits: 287 Good splits: 272
Reward: 52380.8055437 Total splits: 316 Good splits: 301
Reward: 51854.264674 Total splits: 303 Good splits: 289
Reward: 52331.1758071 Total splits: 274 Good splits: 249
Reward: 51932.1317168 Total splits: 282 Good splits: 262
Reward: 52033.6802795 Total splits: 294 Good splits: 274
Reward: 51957.0546116 Total splits: 281 Good splits: 264
Reward: 52469.7671402 Total splits: 300 Good splits: 280
Reward: 52560.6308824 Total splits: 297 Good splits: 277
Reward: 52879.5426977 Total splits: 270 Good splits: 254
Reward: 52254.6677732 Total splits: 254 Good splits: 244
Reward: 52749.3114338 Total splits: 288 Good splits: 259
Reward: 51682.0785093 Total splits: 284 Good splits: 272
Reward: 52286.6722555 Total splits: 263 Good splits: 246
Reward: 52868.4457961 Total splits: 290 Good splits: 276
Reward: 52213.7187075 Total splits: 273 Good splits: 256
Reward: 52690.0607969 Total splits: 280 Good splits: 262
Reward: 52461.8540148 Total splits: 282 Good splits: 260
Reward: 52683.7620081 Total splits: 278 Good splits: 263
Reward: 52733.0461864 Total splits: 284 Good splits: 266
Reward: 52394.3768188 Total splits: 281 Good splits: 262
Reward: 52434.7037684 Total splits: 311 Good splits: 295
Reward: 52646.5940051 Total splits: 285 Good splits: 271
Reward: 52247.8852928 Total splits: 305 Good splits: 282
Reward: 51477.1872109 Total splits: 291 Good splits: 275
Reward: 52426.9593899 Total splits: 249 Good splits: 223
Reward: 52538.1924252 Total splits: 278 Good splits: 261
Reward: 52648.4766918 Total splits: 294 Good splits: 271
Reward: 52362.349893 Total splits: 307 Good splits: 285
Reward: 52025.4845143 Total splits: 299 Good splits: 280
Reward: 52227.770871 Total splits: 283 Good splits: 261
Reward: 52446.7622086 Total splits: 290 Good splits: 273
Reward: 52740.0701377 Total splits: 323 Good splits: 303
Reward: 52072.4134081 Total splits: 294 Good splits: 277
Reward: 51832.662684 Total splits: 288 Good splits: 259
Reward: 52144.4392695 Total splits: 268 Good splits: 251
Reward: 52487.5880081 Total splits: 270 Good splits: 254
Reward: 51462.5300254 Total splits: 312 Good splits: 293
Reward: 49838.9949553 Total splits: 279 Good splits: 266
Reward: 51769.9264767 Total splits: 305 Good splits: 291
Reward: 51865.9656888 Total splits: 288 Good splits: 271
Reward: 52253.8260233 Total splits: 284 Good splits: 267
Reward: 51803.3722769 Total splits: 279 Good splits: 259
Reward: 52237.3613287 Total splits: 285 Good splits: 269
Reward: 52837.5104017 Total splits: 288 Good splits: 278
Reward: 51294.4848895 Total splits: 278 Good splits: 250
Reward: 52693.7906271 Total splits: 287 Good splits: 269
Reward: 52103.8004407 Total splits: 298 Good splits: 279
Reward: 52466.4841337 Total splits: 308 Good splits: 293
Reward: 52664.7348618 Total splits: 266 Good splits: 249
Reward: 52488.2066757 Total splits: 284 Good splits: 270
Reward: 52369.5270231 Total splits: 277 Good splits: 262
Reward: 51920.7077593 Total splits: 283 Good splits: 266
Reward: 51893.1370888 Total splits: 266 Good splits: 243
Reward: 52407.491206 Total splits: 266 Good splits: 246
Reward: 52449.3032228 Total splits: 274 Good splits: 260
Reward: 52559.8481881 Total splits: 262 Good splits: 250
Reward: 52507.3371785 Total splits: 271 Good splits: 255
Reward: 52312.7771859 Total splits: 273 Good splits: 255
Reward: 51661.9607354 Total splits: 276 Good splits: 259
Reward: 50157.7229401 Total splits: 282 Good splits: 269
Reward: 51981.9925383 Total splits: 296 Good splits: 283
Reward: 52353.1706144 Total splits: 272 Good splits: 256
Reward: 52035.4028604 Total splits: 314 Good splits: 294
Reward: 52514.5022146 Total splits: 299 Good splits: 275
Reward: 52432.2288994 Total splits: 288 Good splits: 264
Reward: 52078.4596889 Total splits: 284 Good splits: 268
Reward: 52146.1136874 Total splits: 276 Good splits: 249
Reward: 52078.0065516 Total splits: 303 Good splits: 275
Reward: 52268.3021707 Total splits: 289 Good splits: 271
Reward: 52416.3983475 Total splits: 283 Good splits: 262
Reward: 52298.1898789 Total splits: 272 Good splits: 251
Reward: 52381.4676541 Total splits: 284 Good splits: 266
Reward: 52558.2693099 Total splits: 299 Good splits: 282
Reward: 52656.9599804 Total splits: 272 Good splits: 259
Reward: 52430.2360491 Total splits: 303 Good splits: 286
Reward: 52501.1048666 Total splits: 285 Good splits: 270
Reward: 52062.5715764 Total splits: 291 Good splits: 272
Reward: 52062.5564772 Total splits: 293 Good splits: 275
Reward: 52382.4185187 Total splits: 290 Good splits: 271
Reward: 51879.7414824 Total splits: 270 Good splits: 255
Reward: 52119.3409472 Total splits: 292 Good splits: 273
Reward: 51551.4065039 Total splits: 310 Good splits: 290
Reward: 51981.3470954 Total splits: 298 Good splits: 274
Reward: 50823.591747 Total splits: 281 Good splits: 263
Reward: 51428.6603815 Total splits: 282 Good splits: 273
Reward: 52321.9138218 Total splits: 280 Good splits: 270
Reward: 52566.3651106 Total splits: 289 Good splits: 269
Reward: 51960.2003962 Total splits: 284 Good splits: 273
Reward: 52672.127013 Total splits: 290 Good splits: 272
Reward: 52036.4627193 Total splits: 270 Good splits: 253
Reward: 52007.4479505 Total splits: 291 Good splits: 275
Reward: 51701.1434167 Total splits: 263 Good splits: 246
Reward: 52697.8217441 Total splits: 296 Good splits: 289
Reward: 52518.8340097 Total splits: 281 Good splits: 269
Reward: 52116.6762167 Total splits: 298 Good splits: 275
Reward: 51878.2503978 Total splits: 293 Good splits: 271
Reward: 52219.1554364 Total splits: 284 Good splits: 259
Reward: 52494.7255511 Total splits: 290 Good splits: 279
Reward: 52416.755265 Total splits: 291 Good splits: 270
Reward: 50401.637689 Total splits: 287 Good splits: 266
Reward: 52270.2365675 Total splits: 286 Good splits: 266
Reward: 50681.4035125 Total splits: 289 Good splits: 266
Reward: 52264.467042 Total splits: 282 Good splits: 257
Reward: 51867.8411627 Total splits: 277 Good splits: 260
Reward: 52864.2537168 Total splits: 274 Good splits: 254
Reward: 52644.6109595 Total splits: 272 Good splits: 259
Reward: 52397.8252319 Total splits: 289 Good splits: 277
Reward: 51118.5702373 Total splits: 286 Good splits: 264
Reward: 52350.673909 Total splits: 288 Good splits: 272
Reward: 52250.5015922 Total splits: 300 Good splits: 278
Reward: 51681.0187355 Total splits: 297 Good splits: 275
Reward: 51848.6767311 Total splits: 255 Good splits: 237
Reward: 52050.4664444 Total splits: 275 Good splits: 261
Reward: 52104.3036197 Total splits: 284 Good splits: 267
Reward: 51855.7434533 Total splits: 293 Good splits: 277
Reward: 52399.0391696 Total splits: 302 Good splits: 283
Reward: 51815.8287909 Total splits: 296 Good splits: 272
Reward: 52110.7889439 Total splits: 282 Good splits: 263
Reward: 52425.0657219 Total splits: 299 Good splits: 293
Reward: 51566.9029534 Total splits: 284 Good splits: 271
Reward: 52353.6274509 Total splits: 283 Good splits: 271
Reward: 51473.1606453 Total splits: 285 Good splits: 261
Reward: 52441.0887645 Total splits: 303 Good splits: 283
Reward: 52709.1225128 Total splits: 297 Good splits: 275
Reward: 52218.7537009 Total splits: 254 Good splits: 239
Reward: 51602.8292902 Total splits: 287 Good splits: 265
Reward: 52041.4691569 Total splits: 257 Good splits: 245
Reward: 51881.9948767 Total splits: 281 Good splits: 262
Reward: 52109.3543006 Total splits: 296 Good splits: 278
Reward: 52011.7395599 Total splits: 268 Good splits: 253
Reward: 52223.730635 Total splits: 290 Good splits: 271
Reward: 51048.0057463 Total splits: 306 Good splits: 294
Reward: 49419.8362864 Total splits: 292 Good splits: 277
Reward: 52386.0442343 Total splits: 289 Good splits: 277
Reward: 51763.5251868 Total splits: 291 Good splits: 280
Reward: 52109.9859814 Total splits: 260 Good splits: 245
Reward: 51644.8786683 Total splits: 294 Good splits: 282
Reward: 51988.1896343 Total splits: 290 Good splits: 273
Reward: 52641.1903172 Total splits: 286 Good splits: 266
Reward: 52851.0252222 Total splits: 304 Good splits: 292
Reward: 52294.3892458 Total splits: 293 Good splits: 270
Reward: 52523.6385299 Total splits: 285 Good splits: 272
Reward: 51857.3277353 Total splits: 287 Good splits: 271
Reward: 51500.366788 Total splits: 295 Good splits: 278
Reward: 52794.9028382 Total splits: 290 Good splits: 270
Reward: 52778.1461216 Total splits: 298 Good splits: 281
Reward: 52142.0253774 Total splits: 295 Good splits: 276
Reward: 52379.0005562 Total splits: 284 Good splits: 272
Reward: 51851.9215294 Total splits: 288 Good splits: 265
Reward: 51693.5637185 Total splits: 296 Good splits: 278
Reward: 51597.7159096 Total splits: 282 Good splits: 262
Reward: 52370.4565093 Total splits: 283 Good splits: 261
Reward: 52399.3644929 Total splits: 304 Good splits: 280
Reward: 49702.0898234 Total splits: 294 Good splits: 278
Reward: 51944.708818 Total splits: 274 Good splits: 257
Reward: 51868.7547741 Total splits: 268 Good splits: 251
Reward: 51743.7387311 Total splits: 288 Good splits: 262
Reward: 52321.8467095 Total splits: 265 Good splits: 248
Reward: 52566.5131761 Total splits: 284 Good splits: 264
Reward: 52109.0113077 Total splits: 295 Good splits: 275
Reward: 52231.9007755 Total splits: 271 Good splits: 252
Reward: 52746.9198534 Total splits: 282 Good splits: 266
Reward: 52853.8428656 Total splits: 280 Good splits: 263
Reward: 52582.4295064 Total splits: 264 Good splits: 246
Reward: 52121.6192082 Total splits: 282 Good splits: 265
Reward: 52478.6899682 Total splits: 298 Good splits: 287
Reward: 52464.1015531 Total splits: 287 Good splits: 265
Reward: 51828.4634225 Total splits: 289 Good splits: 273
Reward: 52145.3344701 Total splits: 281 Good splits: 267
Reward: 52435.6949547 Total splits: 288 Good splits: 274
Reward: 51739.4642568 Total splits: 290 Good splits: 280
Reward: 51510.6036607 Total splits: 272 Good splits: 255
Reward: 52510.9350066 Total splits: 278 Good splits: 253
Reward: 52210.9926094 Total splits: 293 Good splits: 273
Reward: 52162.742982 Total splits: 289 Good splits: 265
Reward: 49350.4276824 Total splits: 307 Good splits: 283
Reward: 52524.3594014 Total splits: 275 Good splits: 267
Reward: 51873.2205807 Total splits: 285 Good splits: 265
Reward: 52185.0482818 Total splits: 274 Good splits: 261
Reward: 52452.4100069 Total splits: 286 Good splits: 278
Reward: 50474.4619059 Total splits: 274 Good splits: 247
Reward: 52497.525316 Total splits: 287 Good splits: 271
Reward: 52462.246051 Total splits: 305 Good splits: 281
Reward: 52460.3124447 Total splits: 280 Good splits: 271
Reward: 52467.6647898 Total splits: 278 Good splits: 254
Reward: 51612.1617366 Total splits: 290 Good splits: 265
Reward: 52368.1144845 Total splits: 280 Good splits: 255
Reward: 52252.7165035 Total splits: 271 Good splits: 253
Reward: 52167.2537379 Total splits: 283 Good splits: 263
Reward: 50753.8605767 Total splits: 280 Good splits: 252
Reward: 51848.7923659 Total splits: 283 Good splits: 263
Reward: 52480.0272711 Total splits: 268 Good splits: 259
Reward: 52745.5356584 Total splits: 290 Good splits: 275
Reward: 52681.5969916 Total splits: 283 Good splits: 266
Reward: 52133.4975552 Total splits: 292 Good splits: 269
Reward: 52280.3361241 Total splits: 289 Good splits: 272
Reward: 52726.179092 Total splits: 280 Good splits: 267
Reward: 52018.798532 Total splits: 282 Good splits: 261
Reward: 52896.7953447 Total splits: 263 Good splits: 249
Reward: 52344.58102 Total splits: 275 Good splits: 253
Reward: 52163.4433283 Total splits: 293 Good splits: 280
Reward: 52135.5936854 Total splits: 272 Good splits: 259
Reward: 52755.9780983 Total splits: 295 Good splits: 278
Reward: 52090.198346 Total splits: 270 Good splits: 256
Reward: 52006.361486 Total splits: 293 Good splits: 277
Reward: 51829.3549794 Total splits: 277 Good splits: 261
Reward: 51670.5502639 Total splits: 291 Good splits: 272
Reward: 52287.4017197 Total splits: 296 Good splits: 282
Reward: 51040.6553458 Total splits: 286 Good splits: 259
Reward: 52419.765195 Total splits: 270 Good splits: 262
Reward: 52513.2304257 Total splits: 290 Good splits: 277
Reward: 51356.5176262 Total splits: 281 Good splits: 264
Reward: 52115.1804841 Total splits: 290 Good splits: 272
Reward: 52159.5258141 Total splits: 284 Good splits: 267
Reward: 52480.1823638 Total splits: 286 Good splits: 265
Reward: 51898.0057447 Total splits: 300 Good splits: 278
Reward: 51926.17642 Total splits: 274 Good splits: 258
Reward: 52005.6163389 Total splits: 297 Good splits: 279
Reward: 53073.9279235 Total splits: 290 Good splits: 279
Reward: 52426.6975374 Total splits: 285 Good splits: 269
Reward: 50006.3230916 Total splits: 265 Good splits: 242
Reward: 50339.8881906 Total splits: 285 Good splits: 261
Reward: 52054.7098429 Total splits: 277 Good splits: 268
Reward: 51855.0739531 Total splits: 294 Good splits: 274
Reward: 52656.0539817 Total splits: 281 Good splits: 263
Reward: 52435.1152073 Total splits: 273 Good splits: 265
Reward: 52700.5331843 Total splits: 289 Good splits: 270
Reward: 52535.7999356 Total splits: 282 Good splits: 269
Reward: 52492.7967527 Total splits: 321 Good splits: 297
Reward: 52602.0751229 Total splits: 289 Good splits: 273
Reward: 51845.72121 Total splits: 295 Good splits: 268
Reward: 52361.577331 Total splits: 287 Good splits: 267
Reward: 52395.3919562 Total splits: 277 Good splits: 262
Reward: 50892.1118247 Total splits: 306 Good splits: 285
Reward: 52615.3947268 Total splits: 290 Good splits: 270
Reward: 52443.3595808 Total splits: 297 Good splits: 281
Reward: 52364.1991565 Total splits: 289 Good splits: 264
Reward: 52264.9685124 Total splits: 287 Good splits: 266
Reward: 52621.9304812 Total splits: 273 Good splits: 253
Reward: 52363.7824384 Total splits: 290 Good splits: 271
Reward: 52335.1473465 Total splits: 268 Good splits: 250
Reward: 52125.4786498 Total splits: 295 Good splits: 283
Reward: 52885.5286532 Total splits: 295 Good splits: 281
Reward: 52109.5577028 Total splits: 285 Good splits: 274
Reward: 52408.8545131 Total splits: 302 Good splits: 292
Reward: 52354.5298228 Total splits: 285 Good splits: 270
Reward: 51879.7288663 Total splits: 271 Good splits: 252
Reward: 52089.8083805 Total splits: 276 Good splits: 263
Reward: 52258.4490884 Total splits: 290 Good splits: 270
Reward: 52503.4003529 Total splits: 286 Good splits: 264
Reward: 52244.5484878 Total splits: 264 Good splits: 242
Reward: 52266.0679164 Total splits: 297 Good splits: 285
Reward: 51761.2312736 Total splits: 299 Good splits: 278
Reward: 52441.9811132 Total splits: 290 Good splits: 267
Reward: 52448.7294611 Total splits: 321 Good splits: 298
Reward: 52273.0128694 Total splits: 296 Good splits: 272
Reward: 51830.7083587 Total splits: 292 Good splits: 268
Reward: 52575.8842516 Total splits: 271 Good splits: 257
Reward: 51837.360929 Total splits: 279 Good splits: 262
Reward: 52134.9233967 Total splits: 292 Good splits: 272
Reward: 52566.9286825 Total splits: 288 Good splits: 266
Reward: 52188.0994661 Total splits: 275 Good splits: 264
Reward: 51911.6453443 Total splits: 263 Good splits: 249
Reward: 52236.9242111 Total splits: 279 Good splits: 260
Reward: 52667.325787 Total splits: 268 Good splits: 257
Reward: 51740.9256755 Total splits: 289 Good splits: 270
Reward: 52111.9981445 Total splits: 284 Good splits: 269
Reward: 52480.0922393 Total splits: 265 Good splits: 253
Reward: 52140.3338726 Total splits: 290 Good splits: 263
Reward: 52244.7983446 Total splits: 291 Good splits: 281
Reward: 51489.7450234 Total splits: 297 Good splits: 281
Reward: 51270.7259023 Total splits: 279 Good splits: 264
Reward: 52562.4645607 Total splits: 270 Good splits: 252
Reward: 50645.5126666 Total splits: 270 Good splits: 262
Reward: 52590.4347821 Total splits: 274 Good splits: 262
Reward: 52158.1594161 Total splits: 307 Good splits: 289
Reward: 52351.4943968 Total splits: 264 Good splits: 250
Reward: 52388.6743945 Total splits: 286 Good splits: 262
Reward: 52273.3868771 Total splits: 279 Good splits: 266
Reward: 52488.8348636 Total splits: 268 Good splits: 248
Reward: 51124.0420582 Total splits: 288 Good splits: 267
Reward: 51214.5441762 Total splits: 283 Good splits: 268
Reward: 50705.7260137 Total splits: 275 Good splits: 258
Reward: 52225.3213978 Total splits: 271 Good splits: 251
Reward: 52349.4374328 Total splits: 288 Good splits: 272
Reward: 51968.6864641 Total splits: 298 Good splits: 276
Reward: 51901.6190457 Total splits: 297 Good splits: 276

Results after running 50 tests
Average total rewards : 52134.1883516
Average total splits  : 281.56
Average good splits   : 264.56
Average good splits % : 93.9622105413

Reward: 51300.3492163 Total splits: 278 Good splits: 265
Reward: 51565.9040446 Total splits: 290 Good splits: 269
Reward: 52590.1975324 Total splits: 293 Good splits: 278

Results after running 50 tests
Average total rewards : 51914.0636064
Average total splits  : 283.64
Average good splits   : 266.66
Average good splits % : 94.013538288

Reward: 52121.2110961 Total splits: 287 Good splits: 268

Results after running 50 tests
Average total rewards : 52118.7557436
Average total splits  : 282.9
Average good splits   : 266.06
Average good splits % : 94.0473665606

Reward: 52404.3063695 Total splits: 283 Good splits: 274

Results after running 50 tests
Average total rewards : 51985.3244349
Average total splits  : 284.06
Average good splits   : 267.1
Average good splits % : 94.029430402

Reward: 52376.3532907 Total splits: 275 Good splits: 259

Results after running 50 tests
Average total rewards : 52054.2583445
Average total splits  : 287.68
Average good splits   : 269.7
Average good splits % : 93.75

Reward: 52172.3586888 Total splits: 275 Good splits: 261

Results after running 50 tests
Average total rewards : 52287.8467642
Average total splits  : 287.22
Average good splits   : 269.98
Average good splits % : 93.9976324768

Reward: 50951.9510065 Total splits: 290 Good splits: 267

Results after running 50 tests
Average total rewards : 52082.2595355
Average total splits  : 288.0
Average good splits   : 269.32
Average good splits % : 93.5138888889

Reward: 52101.7663806 Total splits: 268 Good splits: 249

Results after running 50 tests
Average total rewards : 52282.0098758
Average total splits  : 285.66
Average good splits   : 267.7
Average good splits % : 93.712805433

