Reward: 52501.4689323 Total splits: 296 Good splits: 275
Reward: 52123.3078547 Total splits: 299 Good splits: 285
Reward: 52251.7626111 Total splits: 287 Good splits: 273
Reward: 52402.3801311 Total splits: 289 Good splits: 275
Reward: 51827.6436428 Total splits: 290 Good splits: 275
Reward: 51031.0156455 Total splits: 302 Good splits: 281
Reward: 52146.7692697 Total splits: 303 Good splits: 286
Reward: 52407.4094177 Total splits: 298 Good splits: 287
Reward: 52203.3688564 Total splits: 288 Good splits: 275
Reward: 52408.0432799 Total splits: 270 Good splits: 263
Reward: 52230.4185356 Total splits: 280 Good splits: 265
Reward: 51693.8302225 Total splits: 297 Good splits: 275
Reward: 52350.3140546 Total splits: 283 Good splits: 272
Reward: 52008.3278873 Total splits: 279 Good splits: 256
Reward: 52624.1631205 Total splits: 283 Good splits: 265
Reward: 52461.1672375 Total splits: 286 Good splits: 272
Reward: 52260.2697772 Total splits: 285 Good splits: 266
Reward: 52693.5085758 Total splits: 307 Good splits: 297
Reward: 51330.3636239 Total splits: 285 Good splits: 268
Reward: 51493.6614216 Total splits: 267 Good splits: 249
Reward: 52339.4977909 Total splits: 289 Good splits: 268
Reward: 52340.0058999 Total splits: 281 Good splits: 276
Reward: 52359.7203228 Total splits: 281 Good splits: 267
Reward: 51625.6374968 Total splits: 295 Good splits: 283
Reward: 50462.5375641 Total splits: 294 Good splits: 279
Reward: 52538.0509811 Total splits: 285 Good splits: 273
Reward: 51916.4663667 Total splits: 302 Good splits: 285
Reward: 52907.7855141 Total splits: 287 Good splits: 276
Reward: 52365.6795248 Total splits: 274 Good splits: 266
Reward: 52268.2867189 Total splits: 283 Good splits: 265
Reward: 52787.0832209 Total splits: 276 Good splits: 267
Reward: 51831.1956693 Total splits: 294 Good splits: 283
Reward: 52211.7562637 Total splits: 308 Good splits: 297
Reward: 52455.8767491 Total splits: 305 Good splits: 291
Reward: 51942.3727748 Total splits: 279 Good splits: 261
Reward: 51851.1051382 Total splits: 279 Good splits: 266
Reward: 52635.2694658 Total splits: 292 Good splits: 275
Reward: 52358.4791557 Total splits: 295 Good splits: 287
Reward: 52418.0651207 Total splits: 298 Good splits: 287
Reward: 52330.2635196 Total splits: 301 Good splits: 287
Reward: 52080.6574356 Total splits: 303 Good splits: 282
Reward: 51839.8325541 Total splits: 288 Good splits: 273
Reward: 52723.8851861 Total splits: 274 Good splits: 260
Reward: 51579.7448405 Total splits: 296 Good splits: 282
Reward: 52229.9001668 Total splits: 292 Good splits: 276
Reward: 50716.5921397 Total splits: 276 Good splits: 257
Reward: 52322.4416656 Total splits: 299 Good splits: 284
Reward: 52335.6299449 Total splits: 285 Good splits: 270
Reward: 52513.7037449 Total splits: 281 Good splits: 268
Reward: 52622.8237917 Total splits: 292 Good splits: 275
Reward: 52212.9040343 Total splits: 289 Good splits: 271
Reward: 52776.839117 Total splits: 285 Good splits: 270
Reward: 52343.4385122 Total splits: 295 Good splits: 278
Reward: 51671.3037819 Total splits: 283 Good splits: 272
Reward: 51986.0881959 Total splits: 294 Good splits: 279
Reward: 52679.2198472 Total splits: 306 Good splits: 288
Reward: 52786.99659 Total splits: 279 Good splits: 265
Reward: 52075.3539321 Total splits: 290 Good splits: 272
Reward: 52660.2213043 Total splits: 276 Good splits: 266
Reward: 49547.1933481 Total splits: 295 Good splits: 277
Reward: 52041.9646178 Total splits: 281 Good splits: 267
Reward: 52096.2873987 Total splits: 287 Good splits: 273
Reward: 52436.7299602 Total splits: 292 Good splits: 269
Reward: 52889.4225933 Total splits: 296 Good splits: 280
Reward: 52140.7356497 Total splits: 296 Good splits: 278
Reward: 51080.3768382 Total splits: 313 Good splits: 295
Reward: 52720.7046154 Total splits: 287 Good splits: 273
Reward: 52448.797756 Total splits: 295 Good splits: 276
Reward: 52161.7853947 Total splits: 292 Good splits: 274
Reward: 51417.0285827 Total splits: 276 Good splits: 259
Reward: 52442.2281122 Total splits: 272 Good splits: 264
Reward: 52646.3984701 Total splits: 284 Good splits: 273
Reward: 52043.6761371 Total splits: 309 Good splits: 289
Reward: 52415.1825165 Total splits: 272 Good splits: 255
Reward: 52000.7435006 Total splits: 287 Good splits: 274
Reward: 52330.9391802 Total splits: 281 Good splits: 265
Reward: 52539.3703904 Total splits: 275 Good splits: 252
Reward: 52299.0486048 Total splits: 321 Good splits: 311
Reward: 52341.2589067 Total splits: 291 Good splits: 279
Reward: 52536.6395732 Total splits: 289 Good splits: 274
Reward: 51425.0999133 Total splits: 291 Good splits: 279
Reward: 52380.3553549 Total splits: 281 Good splits: 268
Reward: 51986.8511519 Total splits: 274 Good splits: 256
Reward: 51915.0100943 Total splits: 297 Good splits: 282
Reward: 52228.5016817 Total splits: 278 Good splits: 261
Reward: 52451.1405997 Total splits: 294 Good splits: 282
Reward: 51409.507909 Total splits: 289 Good splits: 277
Reward: 51775.9917639 Total splits: 295 Good splits: 280
Reward: 52489.9693542 Total splits: 290 Good splits: 276
Reward: 52549.4512537 Total splits: 291 Good splits: 281
Reward: 52078.3226515 Total splits: 274 Good splits: 254
Reward: 52190.0957812 Total splits: 281 Good splits: 263
Reward: 52332.9594445 Total splits: 278 Good splits: 261
Reward: 52416.1815579 Total splits: 285 Good splits: 266
Reward: 52520.1660769 Total splits: 278 Good splits: 259
Reward: 52265.6202664 Total splits: 270 Good splits: 261
Reward: 52008.6467038 Total splits: 295 Good splits: 281
Reward: 52320.2876661 Total splits: 280 Good splits: 259
Reward: 52516.0528786 Total splits: 284 Good splits: 271
Reward: 52133.0070197 Total splits: 307 Good splits: 289
Reward: 52488.4590475 Total splits: 284 Good splits: 269
Reward: 52092.1405534 Total splits: 264 Good splits: 248
Reward: 52791.805483 Total splits: 268 Good splits: 254
Reward: 52731.5629516 Total splits: 303 Good splits: 284
Reward: 52139.177137 Total splits: 283 Good splits: 273
Reward: 52615.2204612 Total splits: 273 Good splits: 260
Reward: 51956.2588942 Total splits: 276 Good splits: 261
Reward: 51953.6964318 Total splits: 283 Good splits: 268
Reward: 52380.9086732 Total splits: 285 Good splits: 267
Reward: 52783.317193 Total splits: 275 Good splits: 265
Reward: 52539.5847804 Total splits: 270 Good splits: 253
Reward: 52500.0622257 Total splits: 296 Good splits: 281
Reward: 51911.8054212 Total splits: 281 Good splits: 269
Reward: 52814.2887579 Total splits: 297 Good splits: 280
Reward: 52472.8090915 Total splits: 278 Good splits: 258
Reward: 51239.5085193 Total splits: 288 Good splits: 273
Reward: 50775.1361672 Total splits: 293 Good splits: 283
Reward: 52370.6040734 Total splits: 294 Good splits: 281
Reward: 51979.4508428 Total splits: 298 Good splits: 281
Reward: 52565.3007389 Total splits: 291 Good splits: 269
Reward: 52473.3714991 Total splits: 283 Good splits: 265
Reward: 52392.825032 Total splits: 274 Good splits: 264
Reward: 52208.5833704 Total splits: 292 Good splits: 279
Reward: 52160.2251363 Total splits: 291 Good splits: 277
Reward: 52236.5135723 Total splits: 285 Good splits: 272
Reward: 51827.1379836 Total splits: 283 Good splits: 263
Reward: 52304.091508 Total splits: 281 Good splits: 271
Reward: 52008.1930528 Total splits: 323 Good splits: 311
Reward: 52924.4372382 Total splits: 277 Good splits: 270
Reward: 52297.7724807 Total splits: 298 Good splits: 281
Reward: 52375.8461714 Total splits: 285 Good splits: 268
Reward: 52559.8315479 Total splits: 298 Good splits: 278
Reward: 52242.3570641 Total splits: 304 Good splits: 285
Reward: 52211.0280835 Total splits: 292 Good splits: 276
Reward: 52245.0748965 Total splits: 288 Good splits: 276
Reward: 51799.4250476 Total splits: 281 Good splits: 263
Reward: 51765.0355586 Total splits: 291 Good splits: 278
Reward: 52800.450365 Total splits: 272 Good splits: 259
Reward: 52426.5254422 Total splits: 291 Good splits: 268
Reward: 52402.5778191 Total splits: 283 Good splits: 265
Reward: 52042.1638358 Total splits: 314 Good splits: 299
Reward: 52108.9516862 Total splits: 293 Good splits: 277
Reward: 52439.5207191 Total splits: 274 Good splits: 261
Reward: 52501.7991419 Total splits: 278 Good splits: 266
Reward: 52420.2080616 Total splits: 299 Good splits: 286
Reward: 52208.0127792 Total splits: 274 Good splits: 256
Reward: 52591.1542557 Total splits: 280 Good splits: 271
Reward: 52449.7875854 Total splits: 285 Good splits: 268
Reward: 51246.7578817 Total splits: 282 Good splits: 264
Reward: 51741.4589429 Total splits: 265 Good splits: 249
Reward: 52324.2870735 Total splits: 295 Good splits: 281
Reward: 52797.6167453 Total splits: 270 Good splits: 255
Reward: 52429.5219205 Total splits: 280 Good splits: 266
Reward: 52589.4325249 Total splits: 279 Good splits: 263
Reward: 51742.7998103 Total splits: 292 Good splits: 270
Reward: 49514.4916995 Total splits: 284 Good splits: 267
Reward: 52205.6401626 Total splits: 275 Good splits: 258
Reward: 52498.1425068 Total splits: 288 Good splits: 277
Reward: 52803.9072069 Total splits: 273 Good splits: 260
Reward: 52277.9932816 Total splits: 321 Good splits: 302
Reward: 52354.8936045 Total splits: 286 Good splits: 277
Reward: 52218.4902835 Total splits: 283 Good splits: 268
Reward: 50964.6585936 Total splits: 280 Good splits: 269
Reward: 51855.8135488 Total splits: 288 Good splits: 268
Reward: 52109.7301496 Total splits: 307 Good splits: 288
Reward: 52475.5843404 Total splits: 277 Good splits: 260
Reward: 52226.8241237 Total splits: 294 Good splits: 282
Reward: 52376.0771502 Total splits: 289 Good splits: 278
Reward: 52558.8554247 Total splits: 289 Good splits: 276
Reward: 50508.475225 Total splits: 300 Good splits: 290
Reward: 52281.6211875 Total splits: 303 Good splits: 289
Reward: 52145.1754757 Total splits: 289 Good splits: 276
Reward: 52356.4745266 Total splits: 288 Good splits: 277
Reward: 52236.0032519 Total splits: 301 Good splits: 280
Reward: 52276.0216418 Total splits: 292 Good splits: 274
Reward: 52575.7183079 Total splits: 302 Good splits: 287
Reward: 52391.6912397 Total splits: 290 Good splits: 277
Reward: 52264.2566863 Total splits: 280 Good splits: 264
Reward: 52596.7765206 Total splits: 286 Good splits: 272
Reward: 52537.0073326 Total splits: 301 Good splits: 290
Reward: 52538.3801968 Total splits: 274 Good splits: 264
Reward: 52009.3675686 Total splits: 305 Good splits: 294
Reward: 52433.6087843 Total splits: 292 Good splits: 276
Reward: 52757.8176511 Total splits: 302 Good splits: 282
Reward: 52240.2296571 Total splits: 285 Good splits: 273
Reward: 50434.4089989 Total splits: 295 Good splits: 281
Reward: 51879.3297705 Total splits: 277 Good splits: 262
Reward: 52934.4974811 Total splits: 302 Good splits: 288
Reward: 52306.5130792 Total splits: 270 Good splits: 256
Reward: 52458.9482985 Total splits: 313 Good splits: 306
Reward: 52531.2975797 Total splits: 277 Good splits: 267
Reward: 51608.175964 Total splits: 276 Good splits: 257
Reward: 52847.2598678 Total splits: 285 Good splits: 271
Reward: 52461.3006254 Total splits: 292 Good splits: 279
Reward: 52613.6620318 Total splits: 288 Good splits: 270
Reward: 51682.7262238 Total splits: 281 Good splits: 271
Reward: 52268.1057897 Total splits: 272 Good splits: 259
Reward: 52325.447143 Total splits: 269 Good splits: 257
Reward: 52652.0185973 Total splits: 293 Good splits: 275
Reward: 52281.3592993 Total splits: 285 Good splits: 259
Reward: 52580.2608079 Total splits: 285 Good splits: 271
Reward: 52552.7495759 Total splits: 285 Good splits: 267
Reward: 49863.3987173 Total splits: 277 Good splits: 258
Reward: 52337.5971545 Total splits: 288 Good splits: 279
Reward: 52760.7009036 Total splits: 271 Good splits: 259
Reward: 52495.9446138 Total splits: 302 Good splits: 281
Reward: 52289.6798864 Total splits: 291 Good splits: 278
Reward: 52470.7199543 Total splits: 303 Good splits: 284
Reward: 52464.0904622 Total splits: 277 Good splits: 268
Reward: 52552.7428156 Total splits: 269 Good splits: 256
Reward: 52191.9898049 Total splits: 279 Good splits: 264
Reward: 50407.3187456 Total splits: 293 Good splits: 275
Reward: 49608.8876643 Total splits: 302 Good splits: 275
Reward: 51799.2431344 Total splits: 298 Good splits: 279
Reward: 51858.3496988 Total splits: 305 Good splits: 294
Reward: 52303.4052961 Total splits: 284 Good splits: 270
Reward: 52375.7578718 Total splits: 269 Good splits: 257
Reward: 51809.748281 Total splits: 280 Good splits: 256
Reward: 50174.7661963 Total splits: 291 Good splits: 271
Reward: 52737.5223956 Total splits: 299 Good splits: 282
Reward: 51291.0599387 Total splits: 297 Good splits: 274
Reward: 52081.0535022 Total splits: 288 Good splits: 278
Reward: 52500.1501683 Total splits: 302 Good splits: 285
Reward: 52532.8660085 Total splits: 293 Good splits: 283
Reward: 51566.1292471 Total splits: 285 Good splits: 272
Reward: 51847.515174 Total splits: 292 Good splits: 276
Reward: 52710.3442887 Total splits: 299 Good splits: 281
Reward: 52233.1321294 Total splits: 283 Good splits: 264
Reward: 52295.7159389 Total splits: 291 Good splits: 279
Reward: 52347.6709401 Total splits: 291 Good splits: 266
Reward: 52625.1308482 Total splits: 280 Good splits: 265
Reward: 52161.390338 Total splits: 308 Good splits: 284
Reward: 52747.236655 Total splits: 282 Good splits: 264
Reward: 52662.6720066 Total splits: 289 Good splits: 270
Reward: 51755.3212883 Total splits: 280 Good splits: 267
Reward: 51751.325874 Total splits: 296 Good splits: 284
Reward: 52508.5804129 Total splits: 295 Good splits: 279
Reward: 52274.7218682 Total splits: 290 Good splits: 272
Reward: 52243.348832 Total splits: 285 Good splits: 272
Reward: 52278.0646022 Total splits: 307 Good splits: 292
Reward: 52449.7586502 Total splits: 292 Good splits: 272
Reward: 51270.5081458 Total splits: 299 Good splits: 276
Reward: 52309.9083155 Total splits: 273 Good splits: 256
Reward: 52535.4920205 Total splits: 288 Good splits: 269
Reward: 52585.4152879 Total splits: 275 Good splits: 251
Reward: 52425.3745945 Total splits: 266 Good splits: 247
Reward: 51630.1698443 Total splits: 276 Good splits: 261
Reward: 52012.5958454 Total splits: 276 Good splits: 259
Reward: 51951.6452793 Total splits: 275 Good splits: 260
Reward: 52548.0063808 Total splits: 301 Good splits: 287
Reward: 52617.9510318 Total splits: 281 Good splits: 267
Reward: 52569.2479612 Total splits: 294 Good splits: 277
Reward: 52246.2495815 Total splits: 294 Good splits: 277
Reward: 52577.8011706 Total splits: 289 Good splits: 276
Reward: 52266.1473704 Total splits: 283 Good splits: 274
Reward: 51396.6516266 Total splits: 293 Good splits: 281
Reward: 51759.7864484 Total splits: 289 Good splits: 273
Reward: 52266.8500097 Total splits: 282 Good splits: 264
Reward: 52755.8726593 Total splits: 291 Good splits: 278
Reward: 52300.1641018 Total splits: 291 Good splits: 273
Reward: 52440.219772 Total splits: 280 Good splits: 265
Reward: 51769.5139345 Total splits: 301 Good splits: 286
Reward: 52432.4753625 Total splits: 288 Good splits: 270
Reward: 51969.7339629 Total splits: 291 Good splits: 270
Reward: 52638.0545662 Total splits: 269 Good splits: 257
Reward: 52662.2819001 Total splits: 292 Good splits: 278
Reward: 52342.8210214 Total splits: 295 Good splits: 274
Reward: 52591.4277298 Total splits: 286 Good splits: 266
Reward: 52449.285479 Total splits: 276 Good splits: 264
Reward: 52209.5339475 Total splits: 300 Good splits: 286
Reward: 52553.9900044 Total splits: 260 Good splits: 250
Reward: 52384.503417 Total splits: 272 Good splits: 255
Reward: 51590.5598364 Total splits: 287 Good splits: 277
Reward: 52394.2324312 Total splits: 263 Good splits: 253
Reward: 51924.4672861 Total splits: 283 Good splits: 265
Reward: 52710.4776488 Total splits: 293 Good splits: 276
Reward: 52763.9088401 Total splits: 289 Good splits: 275
Reward: 52027.3631531 Total splits: 285 Good splits: 262
Reward: 52279.0590794 Total splits: 278 Good splits: 263
Reward: 52590.1561217 Total splits: 299 Good splits: 285
Reward: 52206.6799876 Total splits: 296 Good splits: 282
Reward: 51848.8903736 Total splits: 291 Good splits: 269
Reward: 52536.3653356 Total splits: 296 Good splits: 283
Reward: 52838.4740259 Total splits: 306 Good splits: 293
Reward: 52541.06997 Total splits: 294 Good splits: 278
Reward: 51859.4980814 Total splits: 302 Good splits: 281
Reward: 52800.164313 Total splits: 284 Good splits: 270
Reward: 52191.1907054 Total splits: 285 Good splits: 271
Reward: 50247.3143651 Total splits: 292 Good splits: 271
Reward: 52445.7133317 Total splits: 277 Good splits: 258
Reward: 51656.4931833 Total splits: 283 Good splits: 265
Reward: 52306.7141131 Total splits: 289 Good splits: 281
Reward: 52318.421201 Total splits: 297 Good splits: 282
Reward: 52081.98775 Total splits: 297 Good splits: 274
Reward: 52421.4246602 Total splits: 279 Good splits: 263
Reward: 52501.2812643 Total splits: 282 Good splits: 266
Reward: 52078.4234362 Total splits: 293 Good splits: 279
Reward: 52604.1835305 Total splits: 300 Good splits: 282
Reward: 52077.5893361 Total splits: 306 Good splits: 292
Reward: 52435.3351974 Total splits: 317 Good splits: 303
Reward: 52259.2757012 Total splits: 280 Good splits: 265
Reward: 51893.995541 Total splits: 301 Good splits: 289
Reward: 51552.0438387 Total splits: 310 Good splits: 298
Reward: 51722.0338396 Total splits: 284 Good splits: 272
Reward: 52344.1006152 Total splits: 290 Good splits: 276
Reward: 52994.2622822 Total splits: 280 Good splits: 263
Reward: 52427.2666709 Total splits: 295 Good splits: 276
Reward: 52492.7008998 Total splits: 297 Good splits: 276
Reward: 52864.1728875 Total splits: 298 Good splits: 284
Reward: 52191.5272033 Total splits: 282 Good splits: 270
Reward: 51723.8410854 Total splits: 284 Good splits: 268
Reward: 52444.5192002 Total splits: 271 Good splits: 251
Reward: 51516.1732219 Total splits: 282 Good splits: 269
Reward: 50591.9226201 Total splits: 301 Good splits: 281
Reward: 52217.1664719 Total splits: 275 Good splits: 263
Reward: 52695.9462782 Total splits: 273 Good splits: 261
Reward: 52474.8931167 Total splits: 282 Good splits: 268
Reward: 50520.7929419 Total splits: 309 Good splits: 301
Reward: 52382.569936 Total splits: 277 Good splits: 258
Reward: 51883.7923742 Total splits: 280 Good splits: 263
Reward: 50826.0619062 Total splits: 300 Good splits: 281
Reward: 52018.3546987 Total splits: 283 Good splits: 269
Reward: 52250.5280537 Total splits: 320 Good splits: 305
Reward: 52140.8419909 Total splits: 298 Good splits: 282
Reward: 50699.9526173 Total splits: 284 Good splits: 270
Reward: 52097.3267678 Total splits: 306 Good splits: 293
Reward: 52433.2910918 Total splits: 283 Good splits: 266
Reward: 52499.3372693 Total splits: 287 Good splits: 273
Reward: 52674.5069486 Total splits: 286 Good splits: 270
Reward: 52386.1962318 Total splits: 310 Good splits: 295
Reward: 52322.1578786 Total splits: 282 Good splits: 268
Reward: 52678.0196189 Total splits: 280 Good splits: 266
Reward: 52336.3750272 Total splits: 284 Good splits: 267
Reward: 51932.6166144 Total splits: 294 Good splits: 282
Reward: 52277.4633483 Total splits: 284 Good splits: 272
Reward: 52262.7492068 Total splits: 305 Good splits: 294
Reward: 52551.5636167 Total splits: 301 Good splits: 284
Reward: 51963.275727 Total splits: 303 Good splits: 283
Reward: 52076.2188131 Total splits: 286 Good splits: 275
Reward: 52534.2829889 Total splits: 289 Good splits: 276
Reward: 52315.0053518 Total splits: 275 Good splits: 256
Reward: 52355.1905156 Total splits: 307 Good splits: 294
Reward: 52553.5635402 Total splits: 290 Good splits: 273
Reward: 52152.4139002 Total splits: 284 Good splits: 269
Reward: 51796.1073135 Total splits: 297 Good splits: 276
Reward: 52127.0220744 Total splits: 303 Good splits: 288
Reward: 52195.6707158 Total splits: 303 Good splits: 285
Reward: 52383.1337248 Total splits: 272 Good splits: 261
Reward: 52229.1379424 Total splits: 284 Good splits: 268
Reward: 52211.0142133 Total splits: 287 Good splits: 269
Reward: 52544.615497 Total splits: 278 Good splits: 260
Reward: 50523.0094563 Total splits: 289 Good splits: 272
Reward: 50362.8530258 Total splits: 281 Good splits: 270
Reward: 52039.4478574 Total splits: 302 Good splits: 285
Reward: 52190.9526869 Total splits: 297 Good splits: 283
Reward: 52809.5189343 Total splits: 288 Good splits: 277
Reward: 52722.7821152 Total splits: 272 Good splits: 260
Reward: 52706.3458584 Total splits: 293 Good splits: 284
Reward: 51920.1911472 Total splits: 284 Good splits: 270
Reward: 52676.5035664 Total splits: 285 Good splits: 268
Reward: 52218.7159722 Total splits: 268 Good splits: 257
Reward: 52640.6786009 Total splits: 288 Good splits: 279
Reward: 52148.6780591 Total splits: 281 Good splits: 268
Reward: 51761.1962224 Total splits: 279 Good splits: 263
Reward: 52122.5825368 Total splits: 273 Good splits: 253
Reward: 52130.3032211 Total splits: 263 Good splits: 250
Reward: 52610.8940209 Total splits: 312 Good splits: 302
Reward: 51858.3543151 Total splits: 274 Good splits: 258
Reward: 52174.8770039 Total splits: 284 Good splits: 272
Reward: 52295.0843289 Total splits: 285 Good splits: 273
Reward: 52781.6834764 Total splits: 300 Good splits: 281
Reward: 52120.5302913 Total splits: 296 Good splits: 280
Reward: 52447.1417881 Total splits: 274 Good splits: 259
Reward: 52086.0550058 Total splits: 267 Good splits: 255
Reward: 52613.7236752 Total splits: 270 Good splits: 252
Reward: 51147.7463633 Total splits: 286 Good splits: 272
Reward: 51767.9387414 Total splits: 302 Good splits: 280
Reward: 51743.9839061 Total splits: 292 Good splits: 276
Reward: 51525.5312336 Total splits: 301 Good splits: 290
Reward: 52793.9816854 Total splits: 291 Good splits: 272
Reward: 52629.2941427 Total splits: 321 Good splits: 309
Reward: 52433.3322209 Total splits: 280 Good splits: 263
Reward: 52382.7005322 Total splits: 285 Good splits: 270
Reward: 52615.1965188 Total splits: 283 Good splits: 270
Reward: 52272.310257 Total splits: 296 Good splits: 278
Reward: 51871.2948298 Total splits: 294 Good splits: 280
Reward: 52164.112314 Total splits: 309 Good splits: 287
Reward: 52668.5342463 Total splits: 293 Good splits: 283
Reward: 52342.2688815 Total splits: 288 Good splits: 272
Reward: 52402.8730387 Total splits: 297 Good splits: 276
Reward: 52442.7156635 Total splits: 306 Good splits: 292
Reward: 52481.607274 Total splits: 285 Good splits: 269
Reward: 51995.646069 Total splits: 311 Good splits: 293

Results after running 50 tests
Average total rewards : 52025.4301834
Average total splits  : 288.0
Average good splits   : 272.46
Average good splits % : 94.6041666667

Reward: 51712.9978041 Total splits: 303 Good splits: 295

Results after running 50 tests
Average total rewards : 52079.8764169
Average total splits  : 291.74
Average good splits   : 276.72
Average good splits % : 94.8515801741

Reward: 52622.1286889 Total splits: 282 Good splits: 270

Results after running 50 tests
Average total rewards : 52184.2571685
Average total splits  : 288.12
Average good splits   : 272.4
Average good splits % : 94.543940025

Reward: 52596.7166838 Total splits: 284 Good splits: 270

Results after running 50 tests
Average total rewards : 52279.054709
Average total splits  : 287.26
Average good splits   : 272.12
Average good splits % : 94.7295133329

Reward: 52152.9799568 Total splits: 296 Good splits: 281

Results after running 50 tests
Average total rewards : 52161.3918904
Average total splits  : 287.9
Average good splits   : 272.6
Average good splits % : 94.6856547412

Reward: 52337.5370461 Total splits: 287 Good splits: 274

Results after running 50 tests
Average total rewards : 52207.5078251
Average total splits  : 287.92
Average good splits   : 272.9
Average good splits % : 94.7832731314

Reward: 51614.5915598 Total splits: 291 Good splits: 272

Results after running 50 tests
Average total rewards : 52199.4505754
Average total splits  : 288.2
Average good splits   : 273.22
Average good splits % : 94.8022206801

Reward: 52087.828665 Total splits: 295 Good splits: 272

Results after running 50 tests
Average total rewards : 52299.4794754
Average total splits  : 288.26
Average good splits   : 272.96
Average good splits % : 94.6922916811

