Reward: 36762.9037614 Total splits: 317 Good splits: 268
Reward: 38087.9245624 Total splits: 315 Good splits: 277
Reward: 39288.0036605 Total splits: 312 Good splits: 267
Reward: 37031.4109292 Total splits: 332 Good splits: 289
Reward: 39648.2344053 Total splits: 301 Good splits: 253
Reward: 36387.6937665 Total splits: 309 Good splits: 273
Reward: 38888.2188455 Total splits: 329 Good splits: 291
Reward: 36669.3506721 Total splits: 328 Good splits: 288
Reward: 39451.6076407 Total splits: 325 Good splits: 283
Reward: 39417.6723853 Total splits: 309 Good splits: 276
Reward: 38470.3545174 Total splits: 328 Good splits: 279
Reward: 37172.6739403 Total splits: 317 Good splits: 288
Reward: 41049.5073866 Total splits: 322 Good splits: 280
Reward: 38366.1508878 Total splits: 325 Good splits: 289
Reward: 39925.9936843 Total splits: 319 Good splits: 278
Reward: 37266.3517102 Total splits: 299 Good splits: 256
Reward: 39351.9987312 Total splits: 301 Good splits: 259
Reward: 36411.3782291 Total splits: 311 Good splits: 282
Reward: 39638.0224152 Total splits: 316 Good splits: 284
Reward: 40341.5387478 Total splits: 297 Good splits: 269
Reward: 36466.8801284 Total splits: 307 Good splits: 262
Reward: 36864.0592733 Total splits: 326 Good splits: 295
Reward: 37553.8971517 Total splits: 319 Good splits: 283
Reward: 38948.5308035 Total splits: 296 Good splits: 268
Reward: 38890.7901269 Total splits: 333 Good splits: 293
Reward: 39195.7377162 Total splits: 311 Good splits: 278
Reward: 39287.939207 Total splits: 329 Good splits: 284
Reward: 39343.966382 Total splits: 314 Good splits: 280
Reward: 38398.8912082 Total splits: 329 Good splits: 284
Reward: 39483.3639293 Total splits: 313 Good splits: 269
Reward: 34899.2561439 Total splits: 329 Good splits: 284
Reward: 40184.9365498 Total splits: 299 Good splits: 267
Reward: 37987.3617464 Total splits: 328 Good splits: 294
Reward: 41859.6019674 Total splits: 324 Good splits: 274
Reward: 38309.8000124 Total splits: 309 Good splits: 279
Reward: 38070.5187471 Total splits: 314 Good splits: 270
Reward: 39198.6114566 Total splits: 292 Good splits: 253
Reward: 41192.586523 Total splits: 332 Good splits: 288
Reward: 38855.4484264 Total splits: 324 Good splits: 285
Reward: 40015.9103604 Total splits: 318 Good splits: 280
Reward: 37281.7683348 Total splits: 307 Good splits: 268
Reward: 40622.6148241 Total splits: 308 Good splits: 263
Reward: 37713.5192989 Total splits: 303 Good splits: 268
Reward: 39778.6286612 Total splits: 322 Good splits: 279
Reward: 36127.1664137 Total splits: 298 Good splits: 261
Reward: 40598.474923 Total splits: 305 Good splits: 271
Reward: 38514.1447807 Total splits: 313 Good splits: 279
Reward: 39529.1649192 Total splits: 316 Good splits: 273
Reward: 39631.5907796 Total splits: 310 Good splits: 274
Reward: 40631.1437715 Total splits: 336 Good splits: 291
Reward: 36549.4702089 Total splits: 323 Good splits: 286
Reward: 40120.5501099 Total splits: 319 Good splits: 282
Reward: 37632.9152298 Total splits: 317 Good splits: 280
Reward: 40173.0673426 Total splits: 308 Good splits: 272
Reward: 35497.1465249 Total splits: 340 Good splits: 278
Reward: 38546.7381592 Total splits: 318 Good splits: 285
Reward: 37806.8009793 Total splits: 320 Good splits: 274
Reward: 40591.9236652 Total splits: 324 Good splits: 278
Reward: 40146.4389848 Total splits: 318 Good splits: 287
Reward: 38513.6840751 Total splits: 321 Good splits: 282
Reward: 38398.1550044 Total splits: 303 Good splits: 272
Reward: 37313.7923564 Total splits: 314 Good splits: 273
Reward: 39510.9399421 Total splits: 321 Good splits: 276
Reward: 38101.893927 Total splits: 306 Good splits: 266
Reward: 39256.0372136 Total splits: 309 Good splits: 279
Reward: 39047.1438682 Total splits: 292 Good splits: 261
Reward: 40854.9600713 Total splits: 317 Good splits: 283
Reward: 39310.9179166 Total splits: 326 Good splits: 285
Reward: 40792.4955986 Total splits: 318 Good splits: 281
Reward: 38307.1449208 Total splits: 307 Good splits: 273
Reward: 41361.767843 Total splits: 324 Good splits: 282
Reward: 36102.9730476 Total splits: 322 Good splits: 284
Reward: 41006.581344 Total splits: 310 Good splits: 272
Reward: 38252.2802098 Total splits: 322 Good splits: 279
Reward: 37036.4092241 Total splits: 308 Good splits: 278
Reward: 38230.4111622 Total splits: 318 Good splits: 284
Reward: 41508.0853467 Total splits: 308 Good splits: 268
Reward: 37249.1373612 Total splits: 310 Good splits: 275
Reward: 40073.93166 Total splits: 313 Good splits: 279
Reward: 36387.7674951 Total splits: 325 Good splits: 287
Reward: 40138.4717412 Total splits: 312 Good splits: 266
Reward: 37364.7525659 Total splits: 298 Good splits: 251
Reward: 38241.9617528 Total splits: 312 Good splits: 269
Reward: 37176.2454778 Total splits: 317 Good splits: 280
Reward: 39664.9320145 Total splits: 317 Good splits: 284
Reward: 39439.3841322 Total splits: 319 Good splits: 285
Reward: 40784.0566918 Total splits: 319 Good splits: 277
Reward: 39699.3967359 Total splits: 312 Good splits: 278
Reward: 37057.5585966 Total splits: 328 Good splits: 287
Reward: 37129.1480687 Total splits: 307 Good splits: 271
Reward: 40163.6102952 Total splits: 303 Good splits: 277
Reward: 38434.3693826 Total splits: 324 Good splits: 278
Reward: 39512.9126731 Total splits: 304 Good splits: 273
Reward: 38206.4652841 Total splits: 303 Good splits: 266
Reward: 39979.1642866 Total splits: 316 Good splits: 267
Reward: 36960.7167422 Total splits: 309 Good splits: 268
Reward: 38855.4548899 Total splits: 307 Good splits: 266
Reward: 38499.5163412 Total splits: 320 Good splits: 283
Reward: 37559.8056294 Total splits: 306 Good splits: 264
Reward: 39689.5902995 Total splits: 312 Good splits: 275
Reward: 38290.7663864 Total splits: 314 Good splits: 269
Reward: 39241.6893253 Total splits: 313 Good splits: 277
Reward: 35853.7956743 Total splits: 330 Good splits: 291
Reward: 40566.2182681 Total splits: 313 Good splits: 275
Reward: 39618.5029677 Total splits: 312 Good splits: 280
Reward: 40667.0188372 Total splits: 322 Good splits: 278
Reward: 40062.4629552 Total splits: 321 Good splits: 283
Reward: 39437.7086976 Total splits: 307 Good splits: 274
Reward: 37586.589555 Total splits: 306 Good splits: 268
Reward: 42564.4851512 Total splits: 300 Good splits: 268
Reward: 35229.3513202 Total splits: 313 Good splits: 278
Reward: 38052.2928832 Total splits: 326 Good splits: 279
Reward: 37805.3099181 Total splits: 323 Good splits: 273
Reward: 39190.2125448 Total splits: 324 Good splits: 286
Reward: 37949.7104527 Total splits: 313 Good splits: 279
Reward: 40965.438048 Total splits: 300 Good splits: 257
Reward: 39206.2364166 Total splits: 311 Good splits: 273
Reward: 39418.5466187 Total splits: 326 Good splits: 285
Reward: 36934.33273 Total splits: 305 Good splits: 265
Reward: 39407.9681561 Total splits: 318 Good splits: 272
Reward: 38127.0635906 Total splits: 302 Good splits: 264
Reward: 38838.8971136 Total splits: 313 Good splits: 270
Reward: 38289.3028147 Total splits: 329 Good splits: 299
Reward: 39332.4840765 Total splits: 309 Good splits: 280
Reward: 38296.281974 Total splits: 314 Good splits: 272
Reward: 40232.651275 Total splits: 308 Good splits: 272
Reward: 40081.3978335 Total splits: 323 Good splits: 298
Reward: 37942.8443677 Total splits: 328 Good splits: 282
Reward: 39354.8366335 Total splits: 324 Good splits: 292
Reward: 39375.7390281 Total splits: 321 Good splits: 283
Reward: 37768.2663844 Total splits: 325 Good splits: 295
Reward: 38782.4034973 Total splits: 318 Good splits: 277
Reward: 39677.9418899 Total splits: 331 Good splits: 293
Reward: 38899.403755 Total splits: 326 Good splits: 288
Reward: 39372.2843123 Total splits: 313 Good splits: 273
Reward: 38900.6714399 Total splits: 310 Good splits: 263
Reward: 40811.568489 Total splits: 305 Good splits: 269
Reward: 36392.8957016 Total splits: 300 Good splits: 269
Reward: 40855.4461826 Total splits: 301 Good splits: 263
Reward: 38134.2830886 Total splits: 316 Good splits: 272
Reward: 39427.5650524 Total splits: 318 Good splits: 283
Reward: 38045.2324207 Total splits: 315 Good splits: 269
Reward: 41349.968514 Total splits: 339 Good splits: 300
Reward: 39029.8291525 Total splits: 328 Good splits: 282
Reward: 40291.4557634 Total splits: 308 Good splits: 270
Reward: 38649.2046843 Total splits: 305 Good splits: 274
Reward: 40860.5152243 Total splits: 305 Good splits: 269
Reward: 36192.9220312 Total splits: 316 Good splits: 278
Reward: 37404.1348289 Total splits: 319 Good splits: 273
Reward: 37063.3832037 Total splits: 308 Good splits: 276
Reward: 40321.6771871 Total splits: 318 Good splits: 273
Reward: 35371.847904 Total splits: 311 Good splits: 269
Reward: 40269.7935555 Total splits: 319 Good splits: 280
Reward: 38064.734967 Total splits: 291 Good splits: 259
Reward: 39162.3290012 Total splits: 320 Good splits: 268
Reward: 37202.9842816 Total splits: 330 Good splits: 292
Reward: 41306.9203803 Total splits: 317 Good splits: 268
Reward: 38205.4200533 Total splits: 299 Good splits: 264
Reward: 40202.5497438 Total splits: 332 Good splits: 285
Reward: 36990.7658521 Total splits: 302 Good splits: 270
Reward: 39595.3140708 Total splits: 324 Good splits: 275
Reward: 37179.8123507 Total splits: 310 Good splits: 277
Reward: 39467.0277169 Total splits: 314 Good splits: 280
Reward: 37559.4666931 Total splits: 323 Good splits: 280
Reward: 38778.493348 Total splits: 325 Good splits: 272
Reward: 39452.7868879 Total splits: 327 Good splits: 275
Reward: 38324.8056581 Total splits: 310 Good splits: 270
Reward: 40429.52705 Total splits: 327 Good splits: 291
Reward: 38052.2403743 Total splits: 320 Good splits: 281
Reward: 39555.7867406 Total splits: 316 Good splits: 290
Reward: 38573.6992402 Total splits: 330 Good splits: 293
Reward: 39259.7949361 Total splits: 285 Good splits: 248
Reward: 37539.7133465 Total splits: 301 Good splits: 265
Reward: 41186.4657245 Total splits: 304 Good splits: 267
Reward: 39485.5212268 Total splits: 313 Good splits: 268
Reward: 39445.1740628 Total splits: 329 Good splits: 284
Reward: 37671.8400402 Total splits: 312 Good splits: 264
Reward: 41502.8245671 Total splits: 320 Good splits: 279
Reward: 36364.2152352 Total splits: 299 Good splits: 259
Reward: 41077.6613294 Total splits: 304 Good splits: 265
Reward: 36617.5395614 Total splits: 312 Good splits: 278
Reward: 40876.443379 Total splits: 322 Good splits: 282
Reward: 36726.4115125 Total splits: 310 Good splits: 278
Reward: 39482.532409 Total splits: 310 Good splits: 271
Reward: 38464.6206564 Total splits: 320 Good splits: 284
Reward: 38932.0676282 Total splits: 309 Good splits: 263
Reward: 36399.929835 Total splits: 309 Good splits: 272
Reward: 40149.7297158 Total splits: 335 Good splits: 284
Reward: 35607.6237321 Total splits: 319 Good splits: 277
Reward: 39321.3873831 Total splits: 331 Good splits: 294
Reward: 36766.8381317 Total splits: 325 Good splits: 290
Reward: 40526.4390801 Total splits: 319 Good splits: 279
Reward: 38155.3926748 Total splits: 317 Good splits: 278
Reward: 40325.1816438 Total splits: 307 Good splits: 259
Reward: 40757.8396672 Total splits: 310 Good splits: 281
Reward: 39136.135492 Total splits: 315 Good splits: 274
Reward: 40742.0537379 Total splits: 322 Good splits: 284
Reward: 38659.241928 Total splits: 306 Good splits: 259
Reward: 38058.6240948 Total splits: 320 Good splits: 283
Reward: 38331.6622997 Total splits: 307 Good splits: 267

Total results after running 200 tests
Average total rewards : 38803.8538458
Average total splits  : 315.165
Average good splits   : 276.19
Average good splits % : 87.6334618375

