Reward: 33903.0159664 Total splits: 303 Good splits: 260
Reward: 38152.3226664 Total splits: 310 Good splits: 269
Reward: 39337.4732515 Total splits: 315 Good splits: 286
Reward: 36170.4654833 Total splits: 317 Good splits: 273
Reward: 38258.4226576 Total splits: 320 Good splits: 279
Reward: 37378.4639991 Total splits: 322 Good splits: 281
Reward: 39620.9331682 Total splits: 305 Good splits: 263
Reward: 38148.1050073 Total splits: 311 Good splits: 273
Reward: 41969.8632263 Total splits: 307 Good splits: 268
Reward: 37863.3337531 Total splits: 308 Good splits: 267
Reward: 41053.4471638 Total splits: 303 Good splits: 256
Reward: 38330.2941174 Total splits: 303 Good splits: 273
Reward: 38603.1710877 Total splits: 324 Good splits: 265
Reward: 37674.6489641 Total splits: 308 Good splits: 279
Reward: 37296.2887205 Total splits: 319 Good splits: 275
Reward: 37188.1342942 Total splits: 319 Good splits: 292
Reward: 41441.4323644 Total splits: 313 Good splits: 281
Reward: 38259.2729056 Total splits: 324 Good splits: 288
Reward: 39333.7694802 Total splits: 314 Good splits: 265
Reward: 38493.8569947 Total splits: 317 Good splits: 277
Reward: 38726.5703884 Total splits: 314 Good splits: 271
Reward: 38007.020383 Total splits: 319 Good splits: 293
Reward: 38242.0643819 Total splits: 326 Good splits: 286
Reward: 38933.3741285 Total splits: 314 Good splits: 280
Reward: 37854.7738893 Total splits: 305 Good splits: 272
Reward: 38880.3717436 Total splits: 325 Good splits: 283
Reward: 39659.6425645 Total splits: 318 Good splits: 288
Reward: 40032.2721958 Total splits: 326 Good splits: 295
Reward: 38689.6234329 Total splits: 329 Good splits: 282
Reward: 41208.9651743 Total splits: 318 Good splits: 280
Reward: 36662.6948144 Total splits: 318 Good splits: 268
Reward: 38276.7452794 Total splits: 305 Good splits: 267
Reward: 37700.6002214 Total splits: 316 Good splits: 270
Reward: 38749.6239615 Total splits: 317 Good splits: 272
Reward: 38618.0462769 Total splits: 305 Good splits: 271
Reward: 41729.9504563 Total splits: 318 Good splits: 283
Reward: 40357.1552159 Total splits: 323 Good splits: 285
Reward: 39826.6809554 Total splits: 322 Good splits: 267
Reward: 38949.1906722 Total splits: 292 Good splits: 256
Reward: 39724.3866581 Total splits: 314 Good splits: 277
Reward: 36639.4214009 Total splits: 302 Good splits: 263
Reward: 42460.0385583 Total splits: 324 Good splits: 292
Reward: 37228.6906002 Total splits: 317 Good splits: 273
Reward: 42008.4052992 Total splits: 305 Good splits: 253
Reward: 38051.7950815 Total splits: 315 Good splits: 277
Reward: 39912.0271881 Total splits: 298 Good splits: 260
Reward: 39176.4569167 Total splits: 301 Good splits: 265
Reward: 42574.6317742 Total splits: 318 Good splits: 281
Reward: 38806.3295854 Total splits: 305 Good splits: 266
Reward: 38643.4933607 Total splits: 312 Good splits: 272
Reward: 36676.5514879 Total splits: 310 Good splits: 267
Reward: 40643.8119663 Total splits: 329 Good splits: 284
Reward: 37861.1893134 Total splits: 314 Good splits: 274
Reward: 40048.8569325 Total splits: 312 Good splits: 265
Reward: 38279.871789 Total splits: 317 Good splits: 284
Reward: 38307.5538384 Total splits: 310 Good splits: 266
Reward: 39194.3080327 Total splits: 308 Good splits: 256
Reward: 38984.8133436 Total splits: 301 Good splits: 266
Reward: 39786.0992743 Total splits: 291 Good splits: 252
Reward: 37577.6327747 Total splits: 319 Good splits: 274
Reward: 38859.4270111 Total splits: 313 Good splits: 272
Reward: 36132.885315 Total splits: 321 Good splits: 279
Reward: 38118.2723601 Total splits: 294 Good splits: 260
Reward: 39557.0883907 Total splits: 316 Good splits: 281
Reward: 38891.7047794 Total splits: 300 Good splits: 261
Reward: 40055.8167321 Total splits: 306 Good splits: 271
Reward: 40597.3454411 Total splits: 313 Good splits: 277
Reward: 38495.926719 Total splits: 301 Good splits: 269
Reward: 42676.395027 Total splits: 290 Good splits: 264
Reward: 36672.521632 Total splits: 329 Good splits: 280
Reward: 42159.2148771 Total splits: 303 Good splits: 268
Reward: 37930.8090736 Total splits: 314 Good splits: 276
Reward: 39737.4706542 Total splits: 316 Good splits: 284
Reward: 37401.1983532 Total splits: 289 Good splits: 260
Reward: 38130.4869803 Total splits: 296 Good splits: 271
Reward: 37893.0549036 Total splits: 315 Good splits: 280
Reward: 35458.7192385 Total splits: 311 Good splits: 271
Reward: 39287.3773995 Total splits: 306 Good splits: 263
Reward: 40129.8462991 Total splits: 334 Good splits: 283
Reward: 37119.6986214 Total splits: 326 Good splits: 285
Reward: 40594.146419 Total splits: 303 Good splits: 262
Reward: 37880.4153441 Total splits: 315 Good splits: 275
Reward: 39924.5184189 Total splits: 300 Good splits: 266
Reward: 37362.7262021 Total splits: 308 Good splits: 275
Reward: 39522.3194383 Total splits: 307 Good splits: 258
Reward: 39156.1737324 Total splits: 303 Good splits: 261
Reward: 37695.9409335 Total splits: 325 Good splits: 287
Reward: 40204.9728595 Total splits: 305 Good splits: 268
Reward: 39913.1358188 Total splits: 314 Good splits: 261
Reward: 37163.4888477 Total splits: 303 Good splits: 268
Reward: 39981.3240808 Total splits: 311 Good splits: 269
Reward: 38521.9088455 Total splits: 321 Good splits: 286
Reward: 37851.6746327 Total splits: 305 Good splits: 259
Reward: 38478.4775673 Total splits: 308 Good splits: 278
Reward: 38049.4347217 Total splits: 327 Good splits: 285
Reward: 39118.7481134 Total splits: 324 Good splits: 283
Reward: 38161.8113615 Total splits: 293 Good splits: 253
Reward: 40445.6347884 Total splits: 318 Good splits: 290
Reward: 37534.4979605 Total splits: 309 Good splits: 258
Reward: 41712.8569086 Total splits: 311 Good splits: 279
Reward: 36293.2071233 Total splits: 319 Good splits: 267
Reward: 38201.1261043 Total splits: 320 Good splits: 288
Reward: 38159.7993555 Total splits: 307 Good splits: 276
Reward: 39192.0217125 Total splits: 296 Good splits: 250
Reward: 39191.1067533 Total splits: 318 Good splits: 272
Reward: 39313.2430649 Total splits: 321 Good splits: 281
Reward: 39490.9920599 Total splits: 311 Good splits: 271
Reward: 41511.405976 Total splits: 316 Good splits: 282
Reward: 36586.6129795 Total splits: 337 Good splits: 296
Reward: 41319.2493711 Total splits: 301 Good splits: 257
Reward: 35834.8631873 Total splits: 308 Good splits: 275
Reward: 40232.0871372 Total splits: 314 Good splits: 273
Reward: 37495.2700004 Total splits: 322 Good splits: 290
Reward: 41789.2967324 Total splits: 313 Good splits: 280
Reward: 38091.9442542 Total splits: 335 Good splits: 295
Reward: 40646.907203 Total splits: 308 Good splits: 270
Reward: 38367.6710387 Total splits: 315 Good splits: 276
Reward: 39833.847929 Total splits: 302 Good splits: 252
Reward: 36816.4206993 Total splits: 297 Good splits: 256
Reward: 41250.0479136 Total splits: 314 Good splits: 281
Reward: 36932.2634761 Total splits: 314 Good splits: 270
Reward: 38584.6001721 Total splits: 315 Good splits: 265
Reward: 36723.16915 Total splits: 298 Good splits: 259
Reward: 39858.2371006 Total splits: 337 Good splits: 296
Reward: 36511.5258757 Total splits: 311 Good splits: 275
Reward: 39937.9098086 Total splits: 305 Good splits: 263
Reward: 39941.1445737 Total splits: 324 Good splits: 289
Reward: 38012.5498015 Total splits: 334 Good splits: 298
Reward: 38933.0826205 Total splits: 314 Good splits: 277
Reward: 38312.9496281 Total splits: 331 Good splits: 285
Reward: 38858.3201361 Total splits: 304 Good splits: 270
Reward: 38330.9152399 Total splits: 310 Good splits: 265
Reward: 38990.8703851 Total splits: 308 Good splits: 277
Reward: 38851.925098 Total splits: 330 Good splits: 278
Reward: 37146.5753083 Total splits: 301 Good splits: 262
Reward: 39573.2266767 Total splits: 304 Good splits: 261
Reward: 38573.4503816 Total splits: 304 Good splits: 267
Reward: 37243.6733529 Total splits: 308 Good splits: 265
Reward: 41205.1722619 Total splits: 294 Good splits: 257
Reward: 37338.2480538 Total splits: 311 Good splits: 277
Reward: 41028.7526566 Total splits: 327 Good splits: 279
Reward: 37908.9342508 Total splits: 306 Good splits: 259
Reward: 42638.0176527 Total splits: 302 Good splits: 266
Reward: 38166.0484464 Total splits: 295 Good splits: 258
Reward: 37267.8488084 Total splits: 307 Good splits: 270
Reward: 39265.9529128 Total splits: 310 Good splits: 267
Reward: 40889.0475259 Total splits: 317 Good splits: 274
Reward: 36888.1611944 Total splits: 313 Good splits: 286
Reward: 40400.4562406 Total splits: 313 Good splits: 271
Reward: 38100.8108907 Total splits: 302 Good splits: 271
Reward: 39090.5705362 Total splits: 295 Good splits: 264
Reward: 38243.416341 Total splits: 308 Good splits: 268
Reward: 39047.9073705 Total splits: 306 Good splits: 269
Reward: 38968.4430918 Total splits: 318 Good splits: 287
Reward: 39962.3045219 Total splits: 328 Good splits: 273
Reward: 38901.1175467 Total splits: 315 Good splits: 273
Reward: 38875.0854406 Total splits: 321 Good splits: 276
Reward: 38130.5140232 Total splits: 304 Good splits: 265
Reward: 39361.0608961 Total splits: 325 Good splits: 284
Reward: 38647.9399921 Total splits: 303 Good splits: 275
Reward: 38243.0493683 Total splits: 311 Good splits: 273
Reward: 37275.2559231 Total splits: 299 Good splits: 275
Reward: 39425.3375342 Total splits: 322 Good splits: 284
Reward: 37792.6418506 Total splits: 316 Good splits: 272
Reward: 36279.4770353 Total splits: 320 Good splits: 271
Reward: 38173.1040999 Total splits: 296 Good splits: 258
Reward: 37966.3504178 Total splits: 323 Good splits: 284
Reward: 40606.8012093 Total splits: 307 Good splits: 275
Reward: 37040.2128508 Total splits: 317 Good splits: 287
Reward: 39505.666909 Total splits: 300 Good splits: 268
Reward: 38755.2820449 Total splits: 313 Good splits: 269
Reward: 39814.7588967 Total splits: 305 Good splits: 272
Reward: 38823.3750207 Total splits: 296 Good splits: 260
Reward: 41239.1712851 Total splits: 319 Good splits: 280
Reward: 38007.5855528 Total splits: 322 Good splits: 280
Reward: 42508.5294854 Total splits: 307 Good splits: 275
Reward: 38545.9141579 Total splits: 301 Good splits: 265
Reward: 39692.8541782 Total splits: 315 Good splits: 274
Reward: 37920.8019696 Total splits: 315 Good splits: 270
Reward: 40521.2467275 Total splits: 321 Good splits: 284
Reward: 36758.4001659 Total splits: 301 Good splits: 258
Reward: 42284.6555537 Total splits: 298 Good splits: 271
Reward: 38607.9685766 Total splits: 325 Good splits: 289
Reward: 39365.8310486 Total splits: 314 Good splits: 275
Reward: 38403.1102633 Total splits: 332 Good splits: 281
Reward: 38737.5530135 Total splits: 319 Good splits: 275
Reward: 36771.7386711 Total splits: 320 Good splits: 278
Reward: 42215.496995 Total splits: 317 Good splits: 275
Reward: 37891.7846923 Total splits: 305 Good splits: 265
Reward: 41798.7685985 Total splits: 310 Good splits: 263
Reward: 37551.8795578 Total splits: 302 Good splits: 263
Reward: 38983.4147743 Total splits: 318 Good splits: 281
Reward: 38009.3037123 Total splits: 284 Good splits: 251
Reward: 40188.3069792 Total splits: 311 Good splits: 269
Reward: 39738.1800526 Total splits: 303 Good splits: 263
Reward: 37796.3277073 Total splits: 323 Good splits: 270
Reward: 39054.6351093 Total splits: 307 Good splits: 270
Reward: 37367.5319768 Total splits: 306 Good splits: 266
Reward: 37426.5353849 Total splits: 315 Good splits: 283
Reward: 38058.3451273 Total splits: 302 Good splits: 250

Total results after running 200 tests
Average total rewards : 38865.7720895
Average total splits  : 311.9
Average good splits   : 272.665
Average good splits % : 87.4206476435

