Reward: 37179.1248607 Total splits: 314 Good splits: 300 Marginal splits: 5
Reward: 36422.1454402 Total splits: 316 Good splits: 302 Marginal splits: 2
Reward: 39162.1271386 Total splits: 321 Good splits: 307 Marginal splits: 4
Reward: 33962.9728592 Total splits: 323 Good splits: 316 Marginal splits: 5
Reward: 38780.7334704 Total splits: 317 Good splits: 302 Marginal splits: 4
Reward: 36314.870631 Total splits: 316 Good splits: 302 Marginal splits: 1
Reward: 39546.6253018 Total splits: 327 Good splits: 312 Marginal splits: 5
Reward: 37352.8301266 Total splits: 323 Good splits: 313 Marginal splits: 5
Reward: 39751.0738637 Total splits: 307 Good splits: 298 Marginal splits: 3
Reward: 37783.2256244 Total splits: 311 Good splits: 303 Marginal splits: 2
Reward: 38620.9413542 Total splits: 318 Good splits: 309 Marginal splits: 1
Reward: 36061.1444698 Total splits: 302 Good splits: 289 Marginal splits: 8
Reward: 40500.7874602 Total splits: 326 Good splits: 311 Marginal splits: 5
Reward: 34851.5784183 Total splits: 300 Good splits: 291 Marginal splits: 0
Reward: 38130.0156718 Total splits: 320 Good splits: 303 Marginal splits: 0
Reward: 36346.8142842 Total splits: 312 Good splits: 297 Marginal splits: 2
Reward: 39652.8146526 Total splits: 326 Good splits: 311 Marginal splits: 0
Reward: 38690.745242 Total splits: 310 Good splits: 297 Marginal splits: 2
Reward: 38781.7353686 Total splits: 316 Good splits: 307 Marginal splits: 2
Reward: 37147.4212364 Total splits: 319 Good splits: 309 Marginal splits: 3
Reward: 34593.9934358 Total splits: 316 Good splits: 305 Marginal splits: 5
Reward: 36855.4703776 Total splits: 310 Good splits: 302 Marginal splits: 3
Reward: 35508.8636395 Total splits: 309 Good splits: 301 Marginal splits: 2
Reward: 36657.0019665 Total splits: 311 Good splits: 298 Marginal splits: 3
Reward: 37748.3172895 Total splits: 312 Good splits: 295 Marginal splits: 0
Reward: 35330.9188478 Total splits: 329 Good splits: 323 Marginal splits: 1
Reward: 37885.1049261 Total splits: 308 Good splits: 300 Marginal splits: 4
Reward: 37367.3823454 Total splits: 321 Good splits: 313 Marginal splits: 2
Reward: 35031.7525705 Total splits: 307 Good splits: 293 Marginal splits: 3
Reward: 37990.5926661 Total splits: 318 Good splits: 305 Marginal splits: 3
Reward: 37377.9810728 Total splits: 299 Good splits: 284 Marginal splits: 2
Reward: 38154.3148699 Total splits: 327 Good splits: 316 Marginal splits: 2
Reward: 35709.9181976 Total splits: 315 Good splits: 306 Marginal splits: 5
Reward: 37953.0496881 Total splits: 319 Good splits: 308 Marginal splits: 2
Reward: 34416.779365 Total splits: 309 Good splits: 297 Marginal splits: 2
Reward: 38187.1038661 Total splits: 326 Good splits: 313 Marginal splits: 2
Reward: 37855.9036217 Total splits: 312 Good splits: 301 Marginal splits: 3
Reward: 38359.0351668 Total splits: 304 Good splits: 289 Marginal splits: 2
Reward: 37638.1809766 Total splits: 319 Good splits: 306 Marginal splits: 3
Reward: 40026.1373875 Total splits: 329 Good splits: 318 Marginal splits: 4
Reward: 36008.0538798 Total splits: 307 Good splits: 293 Marginal splits: 2
Reward: 38027.9145314 Total splits: 295 Good splits: 287 Marginal splits: 2
Reward: 36560.1250664 Total splits: 303 Good splits: 293 Marginal splits: 2
Reward: 37309.349767 Total splits: 333 Good splits: 322 Marginal splits: 1
Reward: 33837.1369609 Total splits: 294 Good splits: 287 Marginal splits: 0
Reward: 38832.7859465 Total splits: 319 Good splits: 306 Marginal splits: 3
Reward: 36256.8928018 Total splits: 317 Good splits: 304 Marginal splits: 1
Reward: 36975.7092696 Total splits: 332 Good splits: 315 Marginal splits: 0
Reward: 38016.8446679 Total splits: 303 Good splits: 296 Marginal splits: 2
Reward: 37652.9036168 Total splits: 314 Good splits: 300 Marginal splits: 2
Reward: 34130.5862553 Total splits: 311 Good splits: 296 Marginal splits: 5
Reward: 36990.3304012 Total splits: 326 Good splits: 314 Marginal splits: 4
Reward: 36222.3986824 Total splits: 306 Good splits: 294 Marginal splits: 2
Reward: 35106.5241823 Total splits: 310 Good splits: 305 Marginal splits: 6
Reward: 36751.527276 Total splits: 309 Good splits: 300 Marginal splits: 3
Reward: 37507.7148483 Total splits: 325 Good splits: 314 Marginal splits: 2
Reward: 37284.5146782 Total splits: 298 Good splits: 287 Marginal splits: 1
Reward: 37800.6285246 Total splits: 305 Good splits: 298 Marginal splits: 0
Reward: 37212.075111 Total splits: 306 Good splits: 294 Marginal splits: 2
Reward: 35519.4583758 Total splits: 317 Good splits: 303 Marginal splits: 2
Reward: 37285.2131041 Total splits: 300 Good splits: 287 Marginal splits: 4
Reward: 37471.9647696 Total splits: 332 Good splits: 319 Marginal splits: 5
Reward: 37437.6871073 Total splits: 317 Good splits: 308 Marginal splits: 3
Reward: 35307.1095372 Total splits: 325 Good splits: 316 Marginal splits: 5
Reward: 38101.5729515 Total splits: 292 Good splits: 285 Marginal splits: 1
Reward: 38627.6995986 Total splits: 319 Good splits: 306 Marginal splits: 2
Reward: 36608.8688737 Total splits: 311 Good splits: 301 Marginal splits: 5
Reward: 37411.91822 Total splits: 294 Good splits: 287 Marginal splits: 5
Reward: 38786.0463098 Total splits: 296 Good splits: 282 Marginal splits: 2
Reward: 35834.1778741 Total splits: 297 Good splits: 283 Marginal splits: 1
Reward: 40277.5819434 Total splits: 293 Good splits: 281 Marginal splits: 2
Reward: 35908.1498179 Total splits: 292 Good splits: 282 Marginal splits: 3
Reward: 36716.0591536 Total splits: 314 Good splits: 301 Marginal splits: 1
Reward: 35294.6950061 Total splits: 293 Good splits: 283 Marginal splits: 4
Reward: 39464.8887797 Total splits: 307 Good splits: 292 Marginal splits: 4
Reward: 36940.3890056 Total splits: 322 Good splits: 310 Marginal splits: 7
Reward: 37419.7951869 Total splits: 290 Good splits: 279 Marginal splits: 3
Reward: 37386.4610433 Total splits: 313 Good splits: 309 Marginal splits: 2
Reward: 35157.1954697 Total splits: 321 Good splits: 307 Marginal splits: 4
Reward: 36338.8405723 Total splits: 311 Good splits: 302 Marginal splits: 1
Reward: 36596.1536741 Total splits: 329 Good splits: 320 Marginal splits: 4
Reward: 35706.3542778 Total splits: 338 Good splits: 324 Marginal splits: 5
Reward: 38354.7216295 Total splits: 299 Good splits: 286 Marginal splits: 0
Reward: 35819.6430777 Total splits: 312 Good splits: 302 Marginal splits: 3
Reward: 36593.1441368 Total splits: 328 Good splits: 316 Marginal splits: 2
Reward: 37326.6851168 Total splits: 325 Good splits: 312 Marginal splits: 1
Reward: 38114.0314837 Total splits: 314 Good splits: 307 Marginal splits: 2
Reward: 38800.4974611 Total splits: 312 Good splits: 302 Marginal splits: 1
Reward: 36848.6738708 Total splits: 322 Good splits: 309 Marginal splits: 2
Reward: 35563.2433523 Total splits: 328 Good splits: 314 Marginal splits: 5
Reward: 37645.2264255 Total splits: 306 Good splits: 296 Marginal splits: 3
Reward: 36372.2700285 Total splits: 301 Good splits: 282 Marginal splits: 1
Reward: 36650.8058128 Total splits: 335 Good splits: 322 Marginal splits: 1
Reward: 36817.1707894 Total splits: 331 Good splits: 316 Marginal splits: 4
Reward: 35811.9643289 Total splits: 322 Good splits: 304 Marginal splits: 2
Reward: 38293.4741336 Total splits: 307 Good splits: 298 Marginal splits: 7
Reward: 35965.4540042 Total splits: 305 Good splits: 287 Marginal splits: 1
Reward: 38847.4573903 Total splits: 305 Good splits: 290 Marginal splits: 3
Reward: 35574.2733566 Total splits: 305 Good splits: 296 Marginal splits: 4
Reward: 38150.7240176 Total splits: 311 Good splits: 300 Marginal splits: 3
Reward: 36082.3244726 Total splits: 309 Good splits: 301 Marginal splits: 2
Reward: 38796.6591458 Total splits: 325 Good splits: 315 Marginal splits: 3
Reward: 36748.1545364 Total splits: 302 Good splits: 289 Marginal splits: 3
Reward: 36839.0338814 Total splits: 335 Good splits: 319 Marginal splits: 4
Reward: 38634.7257437 Total splits: 328 Good splits: 315 Marginal splits: 3
Reward: 36749.0734607 Total splits: 321 Good splits: 311 Marginal splits: 1
Reward: 37823.6687264 Total splits: 304 Good splits: 294 Marginal splits: 5
Reward: 39737.2038378 Total splits: 316 Good splits: 302 Marginal splits: 2
Reward: 36032.9557693 Total splits: 321 Good splits: 312 Marginal splits: 2
Reward: 41382.7274874 Total splits: 347 Good splits: 339 Marginal splits: 2
Reward: 35394.9968267 Total splits: 320 Good splits: 308 Marginal splits: 3
Reward: 38036.5222622 Total splits: 312 Good splits: 297 Marginal splits: 2
Reward: 36161.4866425 Total splits: 306 Good splits: 297 Marginal splits: 1
Reward: 37950.0484826 Total splits: 317 Good splits: 308 Marginal splits: 4
Reward: 35901.7467199 Total splits: 306 Good splits: 290 Marginal splits: 1
Reward: 39801.2453591 Total splits: 305 Good splits: 296 Marginal splits: 2
Reward: 38051.6096552 Total splits: 322 Good splits: 306 Marginal splits: 1
Reward: 38222.3650048 Total splits: 316 Good splits: 303 Marginal splits: 1
Reward: 33972.4705602 Total splits: 303 Good splits: 295 Marginal splits: 1
Reward: 36393.5666106 Total splits: 317 Good splits: 308 Marginal splits: 4
Reward: 35518.9956169 Total splits: 294 Good splits: 281 Marginal splits: 3
Reward: 37841.3240602 Total splits: 319 Good splits: 312 Marginal splits: 0
Reward: 36479.6489118 Total splits: 307 Good splits: 296 Marginal splits: 2
Reward: 38030.8226098 Total splits: 327 Good splits: 308 Marginal splits: 3
Reward: 36190.6594297 Total splits: 330 Good splits: 319 Marginal splits: 5
Reward: 38123.2400476 Total splits: 307 Good splits: 299 Marginal splits: 2
Reward: 37656.9506599 Total splits: 299 Good splits: 285 Marginal splits: 2
Reward: 37605.1632469 Total splits: 320 Good splits: 309 Marginal splits: 4
Reward: 35950.8490286 Total splits: 317 Good splits: 301 Marginal splits: 3
Reward: 37437.2560195 Total splits: 328 Good splits: 319 Marginal splits: 2
Reward: 37536.203284 Total splits: 310 Good splits: 298 Marginal splits: 2
Reward: 34716.734654 Total splits: 345 Good splits: 332 Marginal splits: 3
Reward: 37202.6745754 Total splits: 304 Good splits: 292 Marginal splits: 1
Reward: 36833.8513356 Total splits: 313 Good splits: 300 Marginal splits: 4
Reward: 32639.9939329 Total splits: 301 Good splits: 290 Marginal splits: 4
Reward: 37466.5416406 Total splits: 312 Good splits: 304 Marginal splits: 1
Reward: 34743.3799429 Total splits: 312 Good splits: 300 Marginal splits: 4
Reward: 35743.2410212 Total splits: 320 Good splits: 310 Marginal splits: 2
Reward: 40040.9553638 Total splits: 311 Good splits: 304 Marginal splits: 8
Reward: 36809.9587346 Total splits: 331 Good splits: 319 Marginal splits: 3
Reward: 38678.0238458 Total splits: 310 Good splits: 305 Marginal splits: 3
Reward: 36230.1258764 Total splits: 317 Good splits: 306 Marginal splits: 4
Reward: 39381.0465849 Total splits: 315 Good splits: 306 Marginal splits: 7
Reward: 36363.6261459 Total splits: 322 Good splits: 310 Marginal splits: 3
Reward: 39335.6724127 Total splits: 301 Good splits: 292 Marginal splits: 3
Reward: 38023.3965549 Total splits: 324 Good splits: 313 Marginal splits: 2
Reward: 38115.6928656 Total splits: 321 Good splits: 312 Marginal splits: 2
Reward: 36910.995357 Total splits: 316 Good splits: 309 Marginal splits: 3
Reward: 37267.9724284 Total splits: 313 Good splits: 303 Marginal splits: 2
Reward: 36846.4621154 Total splits: 317 Good splits: 310 Marginal splits: 3
Reward: 38902.6215687 Total splits: 302 Good splits: 291 Marginal splits: 0
Reward: 36363.8957602 Total splits: 313 Good splits: 301 Marginal splits: 2
Reward: 36918.2072328 Total splits: 324 Good splits: 314 Marginal splits: 7
Reward: 35872.7193932 Total splits: 313 Good splits: 298 Marginal splits: 3
Reward: 39959.7365116 Total splits: 312 Good splits: 306 Marginal splits: 2
Reward: 38424.5174445 Total splits: 318 Good splits: 308 Marginal splits: 3
Reward: 36107.6532969 Total splits: 311 Good splits: 294 Marginal splits: 5
Reward: 36242.0032697 Total splits: 317 Good splits: 304 Marginal splits: 3
Reward: 36251.9918418 Total splits: 315 Good splits: 307 Marginal splits: 4
Reward: 36377.1018257 Total splits: 322 Good splits: 307 Marginal splits: 2
Reward: 38045.0838137 Total splits: 329 Good splits: 316 Marginal splits: 4
Reward: 35948.9041074 Total splits: 319 Good splits: 301 Marginal splits: 3
Reward: 39322.3283198 Total splits: 319 Good splits: 298 Marginal splits: 4
Reward: 37529.584539 Total splits: 327 Good splits: 318 Marginal splits: 4
Reward: 36988.0348852 Total splits: 314 Good splits: 303 Marginal splits: 4
Reward: 37736.3862756 Total splits: 323 Good splits: 306 Marginal splits: 3
Reward: 36399.427473 Total splits: 318 Good splits: 308 Marginal splits: 0
Reward: 39004.3933422 Total splits: 313 Good splits: 295 Marginal splits: 1
Reward: 34572.1496433 Total splits: 330 Good splits: 314 Marginal splits: 6
Reward: 35835.8446749 Total splits: 307 Good splits: 299 Marginal splits: 4
Reward: 37445.7339571 Total splits: 310 Good splits: 298 Marginal splits: 0
Reward: 38967.1186932 Total splits: 321 Good splits: 311 Marginal splits: 1
Reward: 37897.9686936 Total splits: 320 Good splits: 305 Marginal splits: 3
Reward: 38343.4980714 Total splits: 320 Good splits: 305 Marginal splits: 4
Reward: 36872.9161072 Total splits: 329 Good splits: 312 Marginal splits: 5
Reward: 37506.0172667 Total splits: 315 Good splits: 305 Marginal splits: 4
Reward: 35614.7801526 Total splits: 312 Good splits: 303 Marginal splits: 3
Reward: 38934.3009517 Total splits: 308 Good splits: 297 Marginal splits: 6
Reward: 36103.8102489 Total splits: 301 Good splits: 288 Marginal splits: 5
Reward: 36936.8509049 Total splits: 307 Good splits: 292 Marginal splits: 5
Reward: 36923.5382479 Total splits: 313 Good splits: 298 Marginal splits: 3
Reward: 39238.3982794 Total splits: 328 Good splits: 319 Marginal splits: 2
Reward: 36882.4867498 Total splits: 316 Good splits: 298 Marginal splits: 3
Reward: 38205.2906682 Total splits: 321 Good splits: 304 Marginal splits: 4
Reward: 38392.1521403 Total splits: 323 Good splits: 312 Marginal splits: 2
Reward: 38327.0364447 Total splits: 308 Good splits: 298 Marginal splits: 3
Reward: 36166.2233997 Total splits: 299 Good splits: 288 Marginal splits: 0
Reward: 37451.1551242 Total splits: 327 Good splits: 319 Marginal splits: 4
Reward: 36526.8587024 Total splits: 288 Good splits: 280 Marginal splits: 3
Reward: 38326.4379325 Total splits: 316 Good splits: 306 Marginal splits: 1
Reward: 35731.0178256 Total splits: 310 Good splits: 297 Marginal splits: 1
Reward: 39227.3882678 Total splits: 323 Good splits: 312 Marginal splits: 5
Reward: 36507.8357496 Total splits: 328 Good splits: 316 Marginal splits: 5
Reward: 37929.9012394 Total splits: 324 Good splits: 309 Marginal splits: 2
Reward: 38766.0761743 Total splits: 306 Good splits: 290 Marginal splits: 2
Reward: 37815.9482006 Total splits: 309 Good splits: 295 Marginal splits: 0
Reward: 35791.0142944 Total splits: 343 Good splits: 327 Marginal splits: 6
Reward: 35254.6448815 Total splits: 318 Good splits: 311 Marginal splits: 5
Reward: 35273.6725407 Total splits: 301 Good splits: 287 Marginal splits: 6
Reward: 36561.4710958 Total splits: 313 Good splits: 302 Marginal splits: 3

Total results after running 200 tests
Average total rewards : 37182.387295
Average total splits  : 314.63
Average good splits   : 302.92
Average good splits % : 96.2781680069

Reward: 35455.8013802 Total splits: 308 Good splits: 295 Marginal splits: 2
Reward: 33829.2913445 Total splits: 318 Good splits: 305 Marginal splits: 2
Reward: 40372.2281177 Total splits: 312 Good splits: 296 Marginal splits: 0
Reward: 35379.9626949 Total splits: 320 Good splits: 309 Marginal splits: 3
Reward: 37939.5520551 Total splits: 321 Good splits: 310 Marginal splits: 1
Reward: 36335.3843402 Total splits: 310 Good splits: 298 Marginal splits: 6
Reward: 35892.1834763 Total splits: 329 Good splits: 316 Marginal splits: 3
Reward: 38595.2353476 Total splits: 291 Good splits: 276 Marginal splits: 3
Reward: 38052.2711341 Total splits: 325 Good splits: 315 Marginal splits: 4
Reward: 36830.3649413 Total splits: 302 Good splits: 292 Marginal splits: 3
Reward: 38158.4931935 Total splits: 331 Good splits: 324 Marginal splits: 1
Reward: 35646.6177129 Total splits: 308 Good splits: 293 Marginal splits: 2
Reward: 38927.9460938 Total splits: 323 Good splits: 307 Marginal splits: 1
Reward: 36244.7123801 Total splits: 297 Good splits: 281 Marginal splits: 3
Reward: 36169.1837674 Total splits: 319 Good splits: 302 Marginal splits: 4
Reward: 36146.01429 Total splits: 313 Good splits: 299 Marginal splits: 5
Reward: 38910.4747014 Total splits: 304 Good splits: 288 Marginal splits: 2
Reward: 36714.6809717 Total splits: 309 Good splits: 298 Marginal splits: 1
Reward: 38669.5098733 Total splits: 294 Good splits: 282 Marginal splits: 2
Reward: 38768.6325827 Total splits: 317 Good splits: 309 Marginal splits: 3
Reward: 38223.7030105 Total splits: 316 Good splits: 301 Marginal splits: 4
Reward: 35893.0574798 Total splits: 319 Good splits: 309 Marginal splits: 2
Reward: 36227.7755518 Total splits: 305 Good splits: 295 Marginal splits: 4
Reward: 36065.4469854 Total splits: 327 Good splits: 318 Marginal splits: 6
Reward: 38061.8750643 Total splits: 301 Good splits: 291 Marginal splits: 2
Reward: 35319.2517861 Total splits: 313 Good splits: 297 Marginal splits: 3
Reward: 37690.4224622 Total splits: 316 Good splits: 301 Marginal splits: 3
Reward: 37927.7880804 Total splits: 323 Good splits: 312 Marginal splits: 3
Reward: 36842.5165943 Total splits: 318 Good splits: 305 Marginal splits: 2
Reward: 39265.9052544 Total splits: 331 Good splits: 323 Marginal splits: 5
Reward: 35846.10081 Total splits: 320 Good splits: 312 Marginal splits: 4
Reward: 37748.8403713 Total splits: 297 Good splits: 285 Marginal splits: 1
Reward: 38480.7984734 Total splits: 339 Good splits: 321 Marginal splits: 1
Reward: 37080.3380653 Total splits: 327 Good splits: 313 Marginal splits: 0
Reward: 36540.8923622 Total splits: 313 Good splits: 301 Marginal splits: 1
Reward: 37807.0133035 Total splits: 312 Good splits: 294 Marginal splits: 2
Reward: 36634.5021372 Total splits: 307 Good splits: 294 Marginal splits: 1
Reward: 39529.0033588 Total splits: 325 Good splits: 314 Marginal splits: 3
Reward: 36296.6183857 Total splits: 314 Good splits: 301 Marginal splits: 3
Reward: 38797.6204083 Total splits: 323 Good splits: 313 Marginal splits: 4
Reward: 35271.6343215 Total splits: 304 Good splits: 292 Marginal splits: 0
Reward: 39904.9686196 Total splits: 332 Good splits: 316 Marginal splits: 2
Reward: 35999.0044666 Total splits: 321 Good splits: 310 Marginal splits: 2
Reward: 39902.7070502 Total splits: 305 Good splits: 294 Marginal splits: 1
Reward: 35553.2816791 Total splits: 326 Good splits: 306 Marginal splits: 3
Reward: 38802.3622188 Total splits: 303 Good splits: 295 Marginal splits: 4
Reward: 37082.647643 Total splits: 302 Good splits: 295 Marginal splits: 3
Reward: 39003.8883311 Total splits: 331 Good splits: 317 Marginal splits: 2
Reward: 38014.6428607 Total splits: 305 Good splits: 295 Marginal splits: 1
Reward: 38769.7892063 Total splits: 313 Good splits: 301 Marginal splits: 2
Reward: 36622.474234 Total splits: 322 Good splits: 307 Marginal splits: 3
Reward: 37946.8222677 Total splits: 321 Good splits: 310 Marginal splits: 4
Reward: 36244.238683 Total splits: 332 Good splits: 314 Marginal splits: 3
Reward: 37590.1119801 Total splits: 291 Good splits: 281 Marginal splits: 1
Reward: 36069.1693378 Total splits: 306 Good splits: 292 Marginal splits: 2
Reward: 39007.5928939 Total splits: 324 Good splits: 316 Marginal splits: 1
Reward: 36788.8868036 Total splits: 311 Good splits: 302 Marginal splits: 4
Reward: 37502.7249768 Total splits: 309 Good splits: 295 Marginal splits: 3
Reward: 38540.103581 Total splits: 303 Good splits: 288 Marginal splits: 2
Reward: 36871.5920958 Total splits: 301 Good splits: 290 Marginal splits: 3
Reward: 36899.308515 Total splits: 313 Good splits: 300 Marginal splits: 0
Reward: 35546.9190006 Total splits: 307 Good splits: 291 Marginal splits: 3
Reward: 36081.63874 Total splits: 315 Good splits: 301 Marginal splits: 1
Reward: 34046.9765704 Total splits: 323 Good splits: 309 Marginal splits: 3
Reward: 38705.7208544 Total splits: 312 Good splits: 300 Marginal splits: 4
Reward: 37645.5180385 Total splits: 299 Good splits: 287 Marginal splits: 1
Reward: 38755.6603231 Total splits: 319 Good splits: 314 Marginal splits: 3
Reward: 37289.5524904 Total splits: 319 Good splits: 304 Marginal splits: 6
Reward: 37613.3621329 Total splits: 315 Good splits: 308 Marginal splits: 5
Reward: 36037.0574856 Total splits: 313 Good splits: 307 Marginal splits: 1
Reward: 38673.8524417 Total splits: 320 Good splits: 313 Marginal splits: 2
Reward: 35403.4059561 Total splits: 293 Good splits: 281 Marginal splits: 2
Reward: 36714.6759382 Total splits: 319 Good splits: 305 Marginal splits: 3
Reward: 35693.8898241 Total splits: 309 Good splits: 294 Marginal splits: 3
Reward: 38887.3578519 Total splits: 344 Good splits: 332 Marginal splits: 8
Reward: 37079.0639906 Total splits: 306 Good splits: 293 Marginal splits: 3
Reward: 40035.2687623 Total splits: 301 Good splits: 288 Marginal splits: 2
Reward: 37426.0719235 Total splits: 324 Good splits: 309 Marginal splits: 3
Reward: 37998.5851609 Total splits: 316 Good splits: 302 Marginal splits: 1
Reward: 36292.4872991 Total splits: 304 Good splits: 285 Marginal splits: 1
Reward: 39220.9355563 Total splits: 319 Good splits: 308 Marginal splits: 4
Reward: 33658.5153308 Total splits: 305 Good splits: 291 Marginal splits: 2
Reward: 39796.2571201 Total splits: 326 Good splits: 313 Marginal splits: 3
Reward: 35274.908053 Total splits: 322 Good splits: 314 Marginal splits: 3
Reward: 40031.012539 Total splits: 308 Good splits: 298 Marginal splits: 3
Reward: 36438.8239116 Total splits: 309 Good splits: 298 Marginal splits: 3
Reward: 38751.9941899 Total splits: 338 Good splits: 323 Marginal splits: 5
Reward: 37827.7647216 Total splits: 320 Good splits: 312 Marginal splits: 2
Reward: 36199.8564762 Total splits: 335 Good splits: 326 Marginal splits: 10
Reward: 37492.5891426 Total splits: 306 Good splits: 298 Marginal splits: 3
Reward: 35015.5907968 Total splits: 338 Good splits: 326 Marginal splits: 4
Reward: 34754.777482 Total splits: 325 Good splits: 313 Marginal splits: 1
Reward: 37761.3141557 Total splits: 313 Good splits: 299 Marginal splits: 3
Reward: 34677.3344941 Total splits: 307 Good splits: 297 Marginal splits: 3
Reward: 38059.11384 Total splits: 314 Good splits: 304 Marginal splits: 2
Reward: 38349.1388411 Total splits: 295 Good splits: 282 Marginal splits: 2
Reward: 35777.077546 Total splits: 335 Good splits: 312 Marginal splits: 5
Reward: 38643.2009306 Total splits: 333 Good splits: 322 Marginal splits: 4
Reward: 33682.0398449 Total splits: 309 Good splits: 299 Marginal splits: 5
Reward: 37526.437313 Total splits: 306 Good splits: 297 Marginal splits: 1
Reward: 37163.5023679 Total splits: 334 Good splits: 322 Marginal splits: 1
Reward: 37989.602011 Total splits: 310 Good splits: 301 Marginal splits: 3
Reward: 37207.6116807 Total splits: 315 Good splits: 305 Marginal splits: 1
Reward: 36073.9662024 Total splits: 317 Good splits: 304 Marginal splits: 3
Reward: 38658.621814 Total splits: 315 Good splits: 305 Marginal splits: 2
Reward: 38226.738116 Total splits: 331 Good splits: 319 Marginal splits: 2
Reward: 37859.4464347 Total splits: 315 Good splits: 305 Marginal splits: 6
Reward: 38609.2636955 Total splits: 325 Good splits: 319 Marginal splits: 5
Reward: 35808.1233682 Total splits: 327 Good splits: 316 Marginal splits: 4
Reward: 39058.9927694 Total splits: 335 Good splits: 321 Marginal splits: 3
Reward: 37021.6748905 Total splits: 313 Good splits: 308 Marginal splits: 4
Reward: 35421.4196395 Total splits: 298 Good splits: 290 Marginal splits: 3
Reward: 36583.5334443 Total splits: 330 Good splits: 320 Marginal splits: 5
Reward: 39154.4803496 Total splits: 320 Good splits: 308 Marginal splits: 3
Reward: 35907.2042764 Total splits: 307 Good splits: 295 Marginal splits: 4
Reward: 39889.0065567 Total splits: 325 Good splits: 307 Marginal splits: 1
Reward: 37948.3555584 Total splits: 315 Good splits: 304 Marginal splits: 2
Reward: 37114.6125798 Total splits: 322 Good splits: 308 Marginal splits: 4
Reward: 36267.4913806 Total splits: 305 Good splits: 293 Marginal splits: 2
Reward: 37333.67164 Total splits: 319 Good splits: 300 Marginal splits: 5
Reward: 36186.6153276 Total splits: 289 Good splits: 273 Marginal splits: 2
Reward: 37687.2168256 Total splits: 336 Good splits: 328 Marginal splits: 3
Reward: 36436.3594228 Total splits: 300 Good splits: 286 Marginal splits: 2
Reward: 35033.1968547 Total splits: 326 Good splits: 308 Marginal splits: 3
Reward: 34559.511579 Total splits: 311 Good splits: 303 Marginal splits: 4
Reward: 38582.8002704 Total splits: 324 Good splits: 310 Marginal splits: 2
Reward: 38008.8411277 Total splits: 320 Good splits: 314 Marginal splits: 5
Reward: 35826.0767111 Total splits: 320 Good splits: 308 Marginal splits: 5
Reward: 36211.171413 Total splits: 303 Good splits: 288 Marginal splits: 5
Reward: 37002.5926397 Total splits: 328 Good splits: 319 Marginal splits: 3
Reward: 37955.1981657 Total splits: 318 Good splits: 304 Marginal splits: 2
Reward: 37202.6945477 Total splits: 323 Good splits: 314 Marginal splits: 4
Reward: 38023.2482085 Total splits: 321 Good splits: 313 Marginal splits: 4
Reward: 37462.1576993 Total splits: 323 Good splits: 313 Marginal splits: 2
Reward: 37012.0232557 Total splits: 307 Good splits: 298 Marginal splits: 1
Reward: 37201.1839459 Total splits: 307 Good splits: 296 Marginal splits: 2
Reward: 37337.5913102 Total splits: 330 Good splits: 323 Marginal splits: 3
Reward: 37683.7004238 Total splits: 318 Good splits: 305 Marginal splits: 3
Reward: 37114.2650735 Total splits: 326 Good splits: 318 Marginal splits: 5
Reward: 36641.7165923 Total splits: 327 Good splits: 316 Marginal splits: 2
Reward: 38516.0727272 Total splits: 324 Good splits: 314 Marginal splits: 2
Reward: 36898.3562377 Total splits: 308 Good splits: 299 Marginal splits: 3
Reward: 37247.4306243 Total splits: 327 Good splits: 316 Marginal splits: 3
Reward: 35732.1696991 Total splits: 334 Good splits: 321 Marginal splits: 3
Reward: 37966.4099942 Total splits: 321 Good splits: 303 Marginal splits: 5
Reward: 36996.171849 Total splits: 307 Good splits: 290 Marginal splits: 1
Reward: 38574.9663709 Total splits: 324 Good splits: 314 Marginal splits: 2
Reward: 35686.683219 Total splits: 311 Good splits: 299 Marginal splits: 3
Reward: 39914.7775147 Total splits: 326 Good splits: 311 Marginal splits: 5
Reward: 36662.0823212 Total splits: 315 Good splits: 305 Marginal splits: 2
Reward: 37921.2136411 Total splits: 312 Good splits: 295 Marginal splits: 4
Reward: 37096.7899604 Total splits: 297 Good splits: 282 Marginal splits: 2
Reward: 41425.8321161 Total splits: 302 Good splits: 287 Marginal splits: 4
Reward: 36535.3283671 Total splits: 293 Good splits: 282 Marginal splits: 2
Reward: 36611.747578 Total splits: 324 Good splits: 309 Marginal splits: 1
Reward: 38195.7507222 Total splits: 314 Good splits: 304 Marginal splits: 7
Reward: 36911.2857956 Total splits: 329 Good splits: 317 Marginal splits: 4
Reward: 37734.0177412 Total splits: 300 Good splits: 284 Marginal splits: 5
Reward: 37936.9068718 Total splits: 304 Good splits: 292 Marginal splits: 1
Reward: 36313.1375073 Total splits: 312 Good splits: 296 Marginal splits: 2
Reward: 39397.2086075 Total splits: 320 Good splits: 303 Marginal splits: 3
Reward: 35897.3302103 Total splits: 292 Good splits: 284 Marginal splits: 2
Reward: 38039.3014758 Total splits: 328 Good splits: 320 Marginal splits: 6
Reward: 36943.8828945 Total splits: 318 Good splits: 307 Marginal splits: 3
Reward: 38986.4864128 Total splits: 307 Good splits: 296 Marginal splits: 3
Reward: 36625.0260698 Total splits: 325 Good splits: 312 Marginal splits: 4
Reward: 36522.4393188 Total splits: 308 Good splits: 300 Marginal splits: 6
Reward: 38641.7020716 Total splits: 315 Good splits: 302 Marginal splits: 1
Reward: 36631.0636556 Total splits: 314 Good splits: 303 Marginal splits: 3
Reward: 38043.2045137 Total splits: 308 Good splits: 297 Marginal splits: 0
Reward: 35916.1816305 Total splits: 311 Good splits: 297 Marginal splits: 2
Reward: 35590.9341688 Total splits: 325 Good splits: 314 Marginal splits: 5
Reward: 38646.3511633 Total splits: 308 Good splits: 299 Marginal splits: 3
Reward: 37082.4167345 Total splits: 329 Good splits: 316 Marginal splits: 9
Reward: 38150.7193418 Total splits: 312 Good splits: 304 Marginal splits: 6
Reward: 38463.7679908 Total splits: 341 Good splits: 331 Marginal splits: 5
Reward: 35774.2218362 Total splits: 316 Good splits: 303 Marginal splits: 6
Reward: 40336.1020109 Total splits: 316 Good splits: 303 Marginal splits: 4
Reward: 34790.7544573 Total splits: 316 Good splits: 301 Marginal splits: 3
Reward: 37276.8407102 Total splits: 325 Good splits: 317 Marginal splits: 2
Reward: 35923.4841719 Total splits: 319 Good splits: 310 Marginal splits: 1
Reward: 37759.556848 Total splits: 329 Good splits: 315 Marginal splits: 6
Reward: 37089.2892954 Total splits: 318 Good splits: 304 Marginal splits: 3
Reward: 38824.2673222 Total splits: 310 Good splits: 301 Marginal splits: 3
Reward: 38111.2999882 Total splits: 311 Good splits: 299 Marginal splits: 3
Reward: 39679.3993787 Total splits: 318 Good splits: 308 Marginal splits: 3
Reward: 35285.0241429 Total splits: 325 Good splits: 313 Marginal splits: 4
Reward: 36502.2956132 Total splits: 317 Good splits: 303 Marginal splits: 5
Reward: 35745.3590526 Total splits: 306 Good splits: 299 Marginal splits: 3
Reward: 37122.9742785 Total splits: 327 Good splits: 322 Marginal splits: 2
Reward: 35253.7069104 Total splits: 296 Good splits: 285 Marginal splits: 3
Reward: 38481.0979002 Total splits: 325 Good splits: 315 Marginal splits: 3
Reward: 36668.2461409 Total splits: 315 Good splits: 301 Marginal splits: 2
Reward: 37862.1032118 Total splits: 316 Good splits: 300 Marginal splits: 2
Reward: 38705.7174307 Total splits: 302 Good splits: 291 Marginal splits: 3
Reward: 38462.0055152 Total splits: 305 Good splits: 295 Marginal splits: 2
Reward: 34988.3823806 Total splits: 298 Good splits: 287 Marginal splits: 3
Reward: 36060.724979 Total splits: 317 Good splits: 303 Marginal splits: 5
Reward: 37352.4636324 Total splits: 326 Good splits: 310 Marginal splits: 3
Reward: 37045.0802799 Total splits: 323 Good splits: 312 Marginal splits: 3

Total results after running 200 tests
Average total rewards : 37262.9636698
Average total splits  : 315.745
Average good splits   : 303.775
Average good splits % : 96.2089660961

Reward: 34048.0451655 Total splits: 303 Good splits: 293 Marginal splits: 4
Reward: 36177.3581795 Total splits: 317 Good splits: 309 Marginal splits: 1
Reward: 38259.7064837 Total splits: 306 Good splits: 288 Marginal splits: 6
Reward: 36004.789759 Total splits: 316 Good splits: 303 Marginal splits: 3
Reward: 37205.9191745 Total splits: 327 Good splits: 315 Marginal splits: 5
Reward: 36191.1728748 Total splits: 305 Good splits: 295 Marginal splits: 5
Reward: 38025.9479347 Total splits: 325 Good splits: 311 Marginal splits: 8
Reward: 35918.0141927 Total splits: 312 Good splits: 304 Marginal splits: 5
Reward: 37460.7328305 Total splits: 300 Good splits: 290 Marginal splits: 2
Reward: 38030.910453 Total splits: 315 Good splits: 304 Marginal splits: 1
Reward: 35621.1687385 Total splits: 322 Good splits: 311 Marginal splits: 3
Reward: 36951.4132655 Total splits: 304 Good splits: 290 Marginal splits: 2
Reward: 40171.674124 Total splits: 324 Good splits: 308 Marginal splits: 4
Reward: 35663.4839148 Total splits: 308 Good splits: 296 Marginal splits: 0
Reward: 37767.7066937 Total splits: 332 Good splits: 317 Marginal splits: 3
Reward: 36582.2504143 Total splits: 316 Good splits: 306 Marginal splits: 8
Reward: 39066.7561791 Total splits: 338 Good splits: 329 Marginal splits: 1
Reward: 36914.6245751 Total splits: 322 Good splits: 305 Marginal splits: 3
Reward: 37223.351412 Total splits: 312 Good splits: 305 Marginal splits: 6
Reward: 36508.8606096 Total splits: 332 Good splits: 323 Marginal splits: 1
Reward: 37333.6279175 Total splits: 343 Good splits: 320 Marginal splits: 2
Reward: 33292.5704795 Total splits: 313 Good splits: 300 Marginal splits: 9
Reward: 36843.9831499 Total splits: 319 Good splits: 301 Marginal splits: 5
Reward: 35668.7994848 Total splits: 311 Good splits: 300 Marginal splits: 5
Reward: 37090.666379 Total splits: 314 Good splits: 305 Marginal splits: 4
Reward: 35918.1298682 Total splits: 315 Good splits: 304 Marginal splits: 5
Reward: 38175.7624837 Total splits: 327 Good splits: 304 Marginal splits: 5
Reward: 38048.9810855 Total splits: 315 Good splits: 305 Marginal splits: 1
Reward: 35068.5209782 Total splits: 308 Good splits: 291 Marginal splits: 4
Reward: 39178.30804 Total splits: 317 Good splits: 308 Marginal splits: 6
Reward: 36220.3890638 Total splits: 317 Good splits: 303 Marginal splits: 6
Reward: 37718.7370198 Total splits: 319 Good splits: 306 Marginal splits: 3
Reward: 38000.3950878 Total splits: 309 Good splits: 299 Marginal splits: 3
Reward: 37652.7650229 Total splits: 320 Good splits: 306 Marginal splits: 3
Reward: 36036.0828944 Total splits: 314 Good splits: 302 Marginal splits: 4
Reward: 36587.9892855 Total splits: 307 Good splits: 299 Marginal splits: 1
Reward: 37334.3042986 Total splits: 319 Good splits: 305 Marginal splits: 6
Reward: 38658.1687481 Total splits: 303 Good splits: 296 Marginal splits: 4
Reward: 36454.4976584 Total splits: 306 Good splits: 291 Marginal splits: 4
Reward: 39772.1142708 Total splits: 328 Good splits: 316 Marginal splits: 2
Reward: 36861.5822052 Total splits: 332 Good splits: 316 Marginal splits: 0
Reward: 40033.8913411 Total splits: 310 Good splits: 302 Marginal splits: 2
Reward: 36794.1938371 Total splits: 325 Good splits: 312 Marginal splits: 6
Reward: 37012.9809011 Total splits: 312 Good splits: 303 Marginal splits: 1
Reward: 36355.4359901 Total splits: 306 Good splits: 301 Marginal splits: 4
Reward: 38408.6838927 Total splits: 311 Good splits: 302 Marginal splits: 2
Reward: 36338.614071 Total splits: 318 Good splits: 300 Marginal splits: 4
Reward: 38203.2518678 Total splits: 311 Good splits: 301 Marginal splits: 5
Reward: 37404.1459308 Total splits: 304 Good splits: 295 Marginal splits: 4
Reward: 38163.8874134 Total splits: 313 Good splits: 300 Marginal splits: 1
Reward: 35312.948544 Total splits: 308 Good splits: 299 Marginal splits: 2
Reward: 37634.9499851 Total splits: 287 Good splits: 280 Marginal splits: 2
Reward: 36574.6285181 Total splits: 315 Good splits: 301 Marginal splits: 0
Reward: 38848.4225919 Total splits: 315 Good splits: 305 Marginal splits: 4
Reward: 37258.1558014 Total splits: 295 Good splits: 278 Marginal splits: 4
Reward: 37365.6313922 Total splits: 338 Good splits: 327 Marginal splits: 8
Reward: 37252.2696933 Total splits: 321 Good splits: 315 Marginal splits: 2
Reward: 37958.0777942 Total splits: 308 Good splits: 300 Marginal splits: 5
Reward: 39012.6532176 Total splits: 311 Good splits: 293 Marginal splits: 5
Reward: 37514.0675481 Total splits: 312 Good splits: 299 Marginal splits: 6
Reward: 37656.631026 Total splits: 314 Good splits: 299 Marginal splits: 1
Reward: 35380.1869305 Total splits: 322 Good splits: 305 Marginal splits: 2
Reward: 37682.2371714 Total splits: 324 Good splits: 314 Marginal splits: 3
Reward: 36491.9144812 Total splits: 290 Good splits: 280 Marginal splits: 2
Reward: 38241.4670184 Total splits: 316 Good splits: 302 Marginal splits: 2
Reward: 37226.4402796 Total splits: 305 Good splits: 294 Marginal splits: 5
Reward: 36021.9751127 Total splits: 318 Good splits: 310 Marginal splits: 2
Reward: 38539.1110726 Total splits: 319 Good splits: 297 Marginal splits: 6
Reward: 35283.8742321 Total splits: 317 Good splits: 308 Marginal splits: 1
Reward: 37710.1001623 Total splits: 304 Good splits: 289 Marginal splits: 2
Reward: 38938.4876971 Total splits: 320 Good splits: 313 Marginal splits: 5
Reward: 35349.2051762 Total splits: 303 Good splits: 297 Marginal splits: 0
Reward: 37611.1208006 Total splits: 307 Good splits: 298 Marginal splits: 1
Reward: 36432.7724373 Total splits: 308 Good splits: 293 Marginal splits: 1
Reward: 37098.3947078 Total splits: 305 Good splits: 293 Marginal splits: 8
Reward: 37053.5534224 Total splits: 314 Good splits: 309 Marginal splits: 4
Reward: 39023.5104922 Total splits: 316 Good splits: 308 Marginal splits: 1
Reward: 36914.463199 Total splits: 305 Good splits: 290 Marginal splits: 4
Reward: 37384.9501503 Total splits: 308 Good splits: 300 Marginal splits: 5
Reward: 35898.8929935 Total splits: 315 Good splits: 303 Marginal splits: 4
Reward: 38437.1923182 Total splits: 319 Good splits: 307 Marginal splits: 1
Reward: 34911.1657928 Total splits: 320 Good splits: 307 Marginal splits: 4
Reward: 38234.7641056 Total splits: 303 Good splits: 292 Marginal splits: 3
Reward: 35787.9404027 Total splits: 310 Good splits: 302 Marginal splits: 5
Reward: 38278.892485 Total splits: 315 Good splits: 305 Marginal splits: 5
Reward: 36414.9512326 Total splits: 315 Good splits: 303 Marginal splits: 5
Reward: 37578.7469726 Total splits: 312 Good splits: 300 Marginal splits: 6
Reward: 39954.0464313 Total splits: 310 Good splits: 301 Marginal splits: 0
Reward: 36895.7460302 Total splits: 332 Good splits: 322 Marginal splits: 7
Reward: 36543.1351547 Total splits: 315 Good splits: 304 Marginal splits: 4
Reward: 38666.6824316 Total splits: 311 Good splits: 301 Marginal splits: 2
Reward: 36108.2586495 Total splits: 317 Good splits: 307 Marginal splits: 1
Reward: 37595.305401 Total splits: 301 Good splits: 292 Marginal splits: 1
Reward: 36003.4184883 Total splits: 316 Good splits: 303 Marginal splits: 4
Reward: 35318.8045378 Total splits: 329 Good splits: 323 Marginal splits: 4
Reward: 37856.4017357 Total splits: 289 Good splits: 278 Marginal splits: 0
Reward: 34853.3733156 Total splits: 317 Good splits: 310 Marginal splits: 2
Reward: 39484.4906665 Total splits: 297 Good splits: 286 Marginal splits: 5
Reward: 35401.7629777 Total splits: 297 Good splits: 281 Marginal splits: 2
Reward: 39931.7667378 Total splits: 326 Good splits: 314 Marginal splits: 0
Reward: 36431.7042296 Total splits: 341 Good splits: 334 Marginal splits: 4
Reward: 37297.0935941 Total splits: 311 Good splits: 293 Marginal splits: 5
Reward: 37486.4579411 Total splits: 335 Good splits: 318 Marginal splits: 4
Reward: 36618.7419089 Total splits: 332 Good splits: 318 Marginal splits: 6
Reward: 37372.047909 Total splits: 312 Good splits: 301 Marginal splits: 0
Reward: 40676.8135588 Total splits: 301 Good splits: 290 Marginal splits: 1
Reward: 36010.3962023 Total splits: 305 Good splits: 298 Marginal splits: 1
Reward: 38398.9627029 Total splits: 320 Good splits: 308 Marginal splits: 1
Reward: 35538.4172908 Total splits: 312 Good splits: 299 Marginal splits: 5
Reward: 40349.6887806 Total splits: 310 Good splits: 299 Marginal splits: 0
Reward: 34908.029565 Total splits: 315 Good splits: 312 Marginal splits: 7
Reward: 38035.8469959 Total splits: 311 Good splits: 303 Marginal splits: 5
Reward: 36330.6852989 Total splits: 305 Good splits: 296 Marginal splits: 4
Reward: 35803.3770544 Total splits: 310 Good splits: 296 Marginal splits: 4
Reward: 36103.466724 Total splits: 322 Good splits: 307 Marginal splits: 2
Reward: 39155.7445601 Total splits: 340 Good splits: 330 Marginal splits: 3
Reward: 38061.8605272 Total splits: 313 Good splits: 301 Marginal splits: 2
Reward: 38387.5726847 Total splits: 322 Good splits: 311 Marginal splits: 4
Reward: 36680.0166386 Total splits: 313 Good splits: 307 Marginal splits: 3
Reward: 38298.9322955 Total splits: 298 Good splits: 291 Marginal splits: 0
Reward: 35306.2260719 Total splits: 321 Good splits: 313 Marginal splits: 4
Reward: 36252.4586798 Total splits: 311 Good splits: 292 Marginal splits: 1
Reward: 35259.2445368 Total splits: 325 Good splits: 311 Marginal splits: 3
Reward: 38575.8482246 Total splits: 326 Good splits: 312 Marginal splits: 5
Reward: 35912.7785431 Total splits: 296 Good splits: 285 Marginal splits: 3
Reward: 36898.6288164 Total splits: 307 Good splits: 300 Marginal splits: 4
Reward: 38907.9109505 Total splits: 325 Good splits: 309 Marginal splits: 2
Reward: 37453.4682666 Total splits: 317 Good splits: 310 Marginal splits: 2
Reward: 36376.1364364 Total splits: 309 Good splits: 299 Marginal splits: 3
Reward: 39013.1307518 Total splits: 315 Good splits: 302 Marginal splits: 3
Reward: 37260.1287885 Total splits: 309 Good splits: 299 Marginal splits: 3
Reward: 36493.3169322 Total splits: 305 Good splits: 293 Marginal splits: 4
Reward: 38246.6278945 Total splits: 317 Good splits: 310 Marginal splits: 4
Reward: 37937.6254813 Total splits: 321 Good splits: 311 Marginal splits: 2
Reward: 34431.4083213 Total splits: 299 Good splits: 294 Marginal splits: 3
Reward: 37305.1931953 Total splits: 297 Good splits: 283 Marginal splits: 4
Reward: 36794.8320551 Total splits: 306 Good splits: 293 Marginal splits: 5
Reward: 36579.5903469 Total splits: 322 Good splits: 309 Marginal splits: 3
Reward: 36512.8813991 Total splits: 320 Good splits: 304 Marginal splits: 4
Reward: 35900.7748264 Total splits: 310 Good splits: 301 Marginal splits: 2
Reward: 38774.4947519 Total splits: 322 Good splits: 309 Marginal splits: 3
Reward: 36751.7034131 Total splits: 334 Good splits: 322 Marginal splits: 0
Reward: 38108.2036856 Total splits: 308 Good splits: 294 Marginal splits: 2
Reward: 36909.3511283 Total splits: 336 Good splits: 325 Marginal splits: 6
Reward: 38134.3227715 Total splits: 304 Good splits: 294 Marginal splits: 4
Reward: 38114.4212842 Total splits: 308 Good splits: 296 Marginal splits: 5
Reward: 39558.6294741 Total splits: 301 Good splits: 288 Marginal splits: 2
Reward: 37021.3335292 Total splits: 302 Good splits: 293 Marginal splits: 3
Reward: 39697.3217953 Total splits: 320 Good splits: 308 Marginal splits: 2
Reward: 34037.9728137 Total splits: 308 Good splits: 295 Marginal splits: 3
Reward: 39163.611253 Total splits: 322 Good splits: 305 Marginal splits: 3
Reward: 35599.7125451 Total splits: 301 Good splits: 288 Marginal splits: 2
Reward: 40215.2347518 Total splits: 312 Good splits: 304 Marginal splits: 2
Reward: 32634.6502149 Total splits: 308 Good splits: 297 Marginal splits: 6
Reward: 39205.8196244 Total splits: 312 Good splits: 299 Marginal splits: 0
Reward: 38829.435658 Total splits: 303 Good splits: 283 Marginal splits: 4
Reward: 38113.3088435 Total splits: 331 Good splits: 325 Marginal splits: 2
Reward: 36086.0301357 Total splits: 302 Good splits: 293 Marginal splits: 3
Reward: 37930.1689698 Total splits: 298 Good splits: 285 Marginal splits: 4
Reward: 37239.2952322 Total splits: 324 Good splits: 311 Marginal splits: 0
Reward: 35824.4950841 Total splits: 313 Good splits: 305 Marginal splits: 5
Reward: 36330.8940672 Total splits: 296 Good splits: 288 Marginal splits: 3
Reward: 36376.2394604 Total splits: 318 Good splits: 308 Marginal splits: 0
Reward: 34438.2832428 Total splits: 313 Good splits: 301 Marginal splits: 2
Reward: 37618.4084169 Total splits: 315 Good splits: 306 Marginal splits: 1
Reward: 35441.6859126 Total splits: 305 Good splits: 297 Marginal splits: 1
Reward: 34793.9814253 Total splits: 319 Good splits: 301 Marginal splits: 3
Reward: 38843.9853559 Total splits: 303 Good splits: 297 Marginal splits: 2
Reward: 36947.2478493 Total splits: 306 Good splits: 295 Marginal splits: 2
Reward: 37942.7262986 Total splits: 312 Good splits: 297 Marginal splits: 3
Reward: 35583.1107606 Total splits: 318 Good splits: 308 Marginal splits: 2
Reward: 37868.46235 Total splits: 319 Good splits: 306 Marginal splits: 4
Reward: 37289.0120414 Total splits: 326 Good splits: 317 Marginal splits: 7
Reward: 38704.8504509 Total splits: 319 Good splits: 306 Marginal splits: 3
Reward: 36210.4101467 Total splits: 319 Good splits: 302 Marginal splits: 4
Reward: 38754.0449058 Total splits: 313 Good splits: 297 Marginal splits: 5
Reward: 36159.3127256 Total splits: 314 Good splits: 303 Marginal splits: 4
Reward: 40885.4937614 Total splits: 314 Good splits: 299 Marginal splits: 1
Reward: 34937.8270593 Total splits: 324 Good splits: 314 Marginal splits: 3
Reward: 36269.7456313 Total splits: 318 Good splits: 304 Marginal splits: 3
Reward: 36179.1475353 Total splits: 308 Good splits: 295 Marginal splits: 3
Reward: 38885.2937044 Total splits: 297 Good splits: 288 Marginal splits: 4
Reward: 36823.7487118 Total splits: 303 Good splits: 294 Marginal splits: 4
Reward: 37861.9412289 Total splits: 322 Good splits: 315 Marginal splits: 2
Reward: 37620.1564064 Total splits: 308 Good splits: 298 Marginal splits: 5
Reward: 39675.9348688 Total splits: 313 Good splits: 300 Marginal splits: 2
Reward: 35249.3041268 Total splits: 309 Good splits: 290 Marginal splits: 6
Reward: 36133.736078 Total splits: 314 Good splits: 302 Marginal splits: 5
Reward: 36189.8807678 Total splits: 316 Good splits: 300 Marginal splits: 3
Reward: 37953.2641541 Total splits: 320 Good splits: 307 Marginal splits: 1
Reward: 34833.5526578 Total splits: 307 Good splits: 299 Marginal splits: 3
Reward: 36949.2834641 Total splits: 308 Good splits: 299 Marginal splits: 3
Reward: 34185.8385337 Total splits: 301 Good splits: 287 Marginal splits: 3
Reward: 38734.0261504 Total splits: 308 Good splits: 296 Marginal splits: 3
Reward: 38694.855448 Total splits: 318 Good splits: 312 Marginal splits: 2
Reward: 37507.6768122 Total splits: 313 Good splits: 302 Marginal splits: 4
Reward: 36601.1018996 Total splits: 302 Good splits: 295 Marginal splits: 2
Reward: 34992.7942559 Total splits: 313 Good splits: 305 Marginal splits: 4
Reward: 38044.2059555 Total splits: 300 Good splits: 287 Marginal splits: 5
Reward: 38097.5369595 Total splits: 321 Good splits: 315 Marginal splits: 2

Total results after running 200 tests
Average total rewards : 37166.3793634
Average total splits  : 313.6
Average good splits   : 302.125
Average good splits % : 96.340880102

Reward: 36620.4272862 Total splits: 307 Good splits: 298 Marginal splits: 4
Reward: 35286.2962401 Total splits: 313 Good splits: 302 Marginal splits: 4
Reward: 38866.3047492 Total splits: 316 Good splits: 306 Marginal splits: 2
Reward: 34973.9626653 Total splits: 311 Good splits: 298 Marginal splits: 0
Reward: 39420.7616846 Total splits: 308 Good splits: 300 Marginal splits: 1
Reward: 37226.1219728 Total splits: 309 Good splits: 297 Marginal splits: 1
Reward: 38064.4463162 Total splits: 317 Good splits: 305 Marginal splits: 5
Reward: 37572.8723745 Total splits: 327 Good splits: 321 Marginal splits: 4
Reward: 38593.671714 Total splits: 325 Good splits: 317 Marginal splits: 4
Reward: 37978.6511912 Total splits: 314 Good splits: 309 Marginal splits: 1
Reward: 37741.6668111 Total splits: 330 Good splits: 318 Marginal splits: 6
Reward: 36627.5387575 Total splits: 314 Good splits: 308 Marginal splits: 2
Reward: 37923.4140794 Total splits: 329 Good splits: 319 Marginal splits: 7
Reward: 36819.2340447 Total splits: 309 Good splits: 297 Marginal splits: 3
Reward: 38465.8196736 Total splits: 311 Good splits: 301 Marginal splits: 0
Reward: 35618.3270364 Total splits: 318 Good splits: 303 Marginal splits: 2
Reward: 36103.9632903 Total splits: 322 Good splits: 308 Marginal splits: 4
Reward: 37136.819497 Total splits: 297 Good splits: 286 Marginal splits: 2
Reward: 37238.7186698 Total splits: 317 Good splits: 310 Marginal splits: 3
Reward: 37308.6253291 Total splits: 308 Good splits: 301 Marginal splits: 3
Reward: 36146.7115898 Total splits: 305 Good splits: 296 Marginal splits: 5
Reward: 35949.4144046 Total splits: 311 Good splits: 299 Marginal splits: 3
Reward: 37590.6990694 Total splits: 301 Good splits: 288 Marginal splits: 4
Reward: 37214.3594588 Total splits: 299 Good splits: 290 Marginal splits: 2
Reward: 36382.9675975 Total splits: 310 Good splits: 298 Marginal splits: 1
Reward: 36294.8205028 Total splits: 312 Good splits: 291 Marginal splits: 6
Reward: 37773.477882 Total splits: 323 Good splits: 313 Marginal splits: 5
Reward: 39283.4180733 Total splits: 315 Good splits: 296 Marginal splits: 1
Reward: 36623.6760619 Total splits: 319 Good splits: 309 Marginal splits: 0
Reward: 39949.0674293 Total splits: 313 Good splits: 298 Marginal splits: 1
Reward: 36625.5449484 Total splits: 320 Good splits: 311 Marginal splits: 2
Reward: 35107.8724006 Total splits: 321 Good splits: 308 Marginal splits: 0
Reward: 36939.8199087 Total splits: 333 Good splits: 322 Marginal splits: 6
Reward: 36759.6554343 Total splits: 320 Good splits: 308 Marginal splits: 2
Reward: 36042.3575234 Total splits: 315 Good splits: 299 Marginal splits: 1
Reward: 36835.8694588 Total splits: 309 Good splits: 300 Marginal splits: 2
Reward: 37346.9309804 Total splits: 308 Good splits: 290 Marginal splits: 3
Reward: 39272.7770671 Total splits: 306 Good splits: 299 Marginal splits: 1
Reward: 36821.1301557 Total splits: 307 Good splits: 294 Marginal splits: 3
Reward: 35187.5878353 Total splits: 326 Good splits: 307 Marginal splits: 5
Reward: 35655.9489188 Total splits: 314 Good splits: 302 Marginal splits: 4
Reward: 36392.6344687 Total splits: 316 Good splits: 304 Marginal splits: 4
Reward: 35431.0035743 Total splits: 300 Good splits: 290 Marginal splits: 3
Reward: 37797.395642 Total splits: 316 Good splits: 301 Marginal splits: 1
Reward: 37346.0966544 Total splits: 329 Good splits: 309 Marginal splits: 2
Reward: 38671.3434935 Total splits: 317 Good splits: 308 Marginal splits: 0
Reward: 31332.8691543 Total splits: 303 Good splits: 297 Marginal splits: 5
Reward: 37167.84465 Total splits: 328 Good splits: 320 Marginal splits: 4
Reward: 38006.3197225 Total splits: 311 Good splits: 299 Marginal splits: 1
Reward: 34902.1343907 Total splits: 300 Good splits: 292 Marginal splits: 3
Reward: 35666.7604941 Total splits: 319 Good splits: 308 Marginal splits: 2
Reward: 39592.8345595 Total splits: 311 Good splits: 294 Marginal splits: 4
Reward: 37744.8975462 Total splits: 331 Good splits: 320 Marginal splits: 2
Reward: 38104.2423842 Total splits: 313 Good splits: 303 Marginal splits: 2
Reward: 36061.9779251 Total splits: 291 Good splits: 281 Marginal splits: 6
Reward: 34019.881237 Total splits: 309 Good splits: 298 Marginal splits: 5
Reward: 34644.7797216 Total splits: 306 Good splits: 291 Marginal splits: 6
Reward: 39192.0465563 Total splits: 315 Good splits: 303 Marginal splits: 1
Reward: 38743.9501221 Total splits: 297 Good splits: 287 Marginal splits: 3
Reward: 36903.9680428 Total splits: 310 Good splits: 296 Marginal splits: 1
Reward: 38089.1772068 Total splits: 301 Good splits: 291 Marginal splits: 1
Reward: 36721.0293419 Total splits: 295 Good splits: 283 Marginal splits: 3
Reward: 38216.9005169 Total splits: 309 Good splits: 296 Marginal splits: 4
Reward: 37258.1014981 Total splits: 315 Good splits: 308 Marginal splits: 3
Reward: 38404.965407 Total splits: 323 Good splits: 312 Marginal splits: 3
Reward: 37724.473031 Total splits: 313 Good splits: 299 Marginal splits: 2
Reward: 36592.0547569 Total splits: 313 Good splits: 294 Marginal splits: 3
Reward: 37808.5959917 Total splits: 327 Good splits: 311 Marginal splits: 2
Reward: 36284.9695703 Total splits: 313 Good splits: 305 Marginal splits: 7
Reward: 36440.5797042 Total splits: 325 Good splits: 313 Marginal splits: 3
Reward: 36731.4025654 Total splits: 307 Good splits: 300 Marginal splits: 8
Reward: 35874.1167033 Total splits: 306 Good splits: 294 Marginal splits: 1
Reward: 38831.4866246 Total splits: 296 Good splits: 281 Marginal splits: 3
Reward: 37372.2627788 Total splits: 314 Good splits: 303 Marginal splits: 3
Reward: 39283.6896192 Total splits: 317 Good splits: 308 Marginal splits: 4
Reward: 36725.9476986 Total splits: 310 Good splits: 298 Marginal splits: 4
Reward: 37462.3759695 Total splits: 307 Good splits: 299 Marginal splits: 5
Reward: 38246.3649174 Total splits: 316 Good splits: 311 Marginal splits: 9
Reward: 38730.4047471 Total splits: 325 Good splits: 319 Marginal splits: 5
Reward: 35675.1228565 Total splits: 302 Good splits: 291 Marginal splits: 4
Reward: 36422.4901384 Total splits: 297 Good splits: 287 Marginal splits: 1
Reward: 35938.0445266 Total splits: 306 Good splits: 292 Marginal splits: 2
Reward: 37958.9394952 Total splits: 306 Good splits: 294 Marginal splits: 2
Reward: 34571.6479811 Total splits: 300 Good splits: 291 Marginal splits: 1
Reward: 37505.5537566 Total splits: 312 Good splits: 302 Marginal splits: 1
Reward: 36567.504208 Total splits: 302 Good splits: 283 Marginal splits: 1
Reward: 36222.0135908 Total splits: 300 Good splits: 286 Marginal splits: 2
Reward: 37637.8861942 Total splits: 314 Good splits: 305 Marginal splits: 2
Reward: 39264.2555322 Total splits: 336 Good splits: 325 Marginal splits: 8
Reward: 37068.5428355 Total splits: 319 Good splits: 308 Marginal splits: 3
Reward: 38461.6779239 Total splits: 328 Good splits: 313 Marginal splits: 3
Reward: 35095.6516465 Total splits: 310 Good splits: 298 Marginal splits: 2
Reward: 37475.4858707 Total splits: 336 Good splits: 326 Marginal splits: 4
Reward: 36148.9696101 Total splits: 314 Good splits: 300 Marginal splits: 5
Reward: 38396.0287717 Total splits: 316 Good splits: 306 Marginal splits: 3
Reward: 38315.8038722 Total splits: 322 Good splits: 310 Marginal splits: 3
Reward: 35906.0168063 Total splits: 309 Good splits: 295 Marginal splits: 3
Reward: 38712.9386925 Total splits: 319 Good splits: 307 Marginal splits: 2
Reward: 34809.9668626 Total splits: 317 Good splits: 312 Marginal splits: 5
Reward: 37557.8900502 Total splits: 320 Good splits: 309 Marginal splits: 2
Reward: 37604.8145024 Total splits: 300 Good splits: 291 Marginal splits: 3
Reward: 38128.4204734 Total splits: 324 Good splits: 311 Marginal splits: 2
Reward: 37479.3453464 Total splits: 303 Good splits: 292 Marginal splits: 2
Reward: 38238.071401 Total splits: 317 Good splits: 301 Marginal splits: 3
Reward: 38991.9146713 Total splits: 298 Good splits: 291 Marginal splits: 2
Reward: 39750.1673156 Total splits: 305 Good splits: 293 Marginal splits: 1
Reward: 36653.6957913 Total splits: 312 Good splits: 297 Marginal splits: 3
Reward: 39511.0902655 Total splits: 309 Good splits: 295 Marginal splits: 0
Reward: 36274.6143598 Total splits: 307 Good splits: 293 Marginal splits: 2
Reward: 40071.4245249 Total splits: 295 Good splits: 286 Marginal splits: 1
Reward: 35929.7245629 Total splits: 310 Good splits: 299 Marginal splits: 4
Reward: 39111.5776043 Total splits: 292 Good splits: 284 Marginal splits: 3
Reward: 36423.3336215 Total splits: 321 Good splits: 310 Marginal splits: 2
Reward: 36407.8636089 Total splits: 339 Good splits: 328 Marginal splits: 0
Reward: 34687.5792835 Total splits: 320 Good splits: 308 Marginal splits: 7
Reward: 39532.4983715 Total splits: 309 Good splits: 303 Marginal splits: 3
Reward: 36782.2846908 Total splits: 293 Good splits: 280 Marginal splits: 3
Reward: 38256.0592261 Total splits: 316 Good splits: 297 Marginal splits: 3
Reward: 35151.2703206 Total splits: 312 Good splits: 296 Marginal splits: 2
Reward: 37465.0118856 Total splits: 315 Good splits: 305 Marginal splits: 5
Reward: 37490.5697061 Total splits: 318 Good splits: 304 Marginal splits: 1
Reward: 38502.4010401 Total splits: 329 Good splits: 316 Marginal splits: 1
Reward: 36901.3275594 Total splits: 329 Good splits: 322 Marginal splits: 4
Reward: 37239.1999413 Total splits: 319 Good splits: 302 Marginal splits: 2
Reward: 37201.8739406 Total splits: 322 Good splits: 311 Marginal splits: 2
Reward: 38345.8906696 Total splits: 329 Good splits: 311 Marginal splits: 3
Reward: 35285.5645035 Total splits: 325 Good splits: 311 Marginal splits: 6
Reward: 37561.4066043 Total splits: 302 Good splits: 291 Marginal splits: 2
Reward: 37049.7294029 Total splits: 327 Good splits: 314 Marginal splits: 2
Reward: 37111.0846813 Total splits: 325 Good splits: 310 Marginal splits: 2
Reward: 35649.1165691 Total splits: 311 Good splits: 300 Marginal splits: 2
Reward: 36179.1870819 Total splits: 319 Good splits: 303 Marginal splits: 3
Reward: 36549.0939108 Total splits: 317 Good splits: 307 Marginal splits: 5
Reward: 36800.0993193 Total splits: 337 Good splits: 323 Marginal splits: 3
Reward: 38885.8065146 Total splits: 314 Good splits: 301 Marginal splits: 1
Reward: 36673.9156089 Total splits: 308 Good splits: 291 Marginal splits: 4
Reward: 38029.8414403 Total splits: 331 Good splits: 315 Marginal splits: 3
Reward: 36295.8782437 Total splits: 323 Good splits: 308 Marginal splits: 1
Reward: 38374.8251973 Total splits: 330 Good splits: 320 Marginal splits: 3
Reward: 37066.7189699 Total splits: 323 Good splits: 313 Marginal splits: 4
Reward: 37625.9919739 Total splits: 338 Good splits: 324 Marginal splits: 5
Reward: 37094.2509627 Total splits: 317 Good splits: 304 Marginal splits: 2
Reward: 38184.6227348 Total splits: 314 Good splits: 301 Marginal splits: 5
Reward: 37695.423181 Total splits: 324 Good splits: 308 Marginal splits: 2
Reward: 38486.396761 Total splits: 311 Good splits: 298 Marginal splits: 1
Reward: 38874.2213163 Total splits: 308 Good splits: 303 Marginal splits: 7
Reward: 37117.4826915 Total splits: 314 Good splits: 300 Marginal splits: 1
Reward: 34431.8031859 Total splits: 317 Good splits: 299 Marginal splits: 1
Reward: 39943.3493661 Total splits: 298 Good splits: 288 Marginal splits: 4
Reward: 36080.4327721 Total splits: 317 Good splits: 310 Marginal splits: 2
Reward: 38417.6034003 Total splits: 330 Good splits: 318 Marginal splits: 2
Reward: 35303.4720183 Total splits: 322 Good splits: 309 Marginal splits: 5
Reward: 37594.4906459 Total splits: 329 Good splits: 309 Marginal splits: 4
Reward: 35884.1292991 Total splits: 329 Good splits: 321 Marginal splits: 4
Reward: 37881.50033 Total splits: 304 Good splits: 292 Marginal splits: 3
Reward: 36654.194843 Total splits: 336 Good splits: 328 Marginal splits: 8
Reward: 36331.2293655 Total splits: 328 Good splits: 312 Marginal splits: 3
Reward: 35364.7414544 Total splits: 300 Good splits: 289 Marginal splits: 3
Reward: 37108.7936935 Total splits: 313 Good splits: 304 Marginal splits: 5
Reward: 36273.2663156 Total splits: 297 Good splits: 291 Marginal splits: 3
Reward: 37498.5835468 Total splits: 302 Good splits: 284 Marginal splits: 3
Reward: 35159.0228055 Total splits: 302 Good splits: 289 Marginal splits: 1
Reward: 38361.4099399 Total splits: 291 Good splits: 282 Marginal splits: 2
Reward: 37188.8724752 Total splits: 318 Good splits: 304 Marginal splits: 5
Reward: 38482.0096042 Total splits: 318 Good splits: 306 Marginal splits: 2
Reward: 37544.7953036 Total splits: 326 Good splits: 309 Marginal splits: 2
Reward: 35811.3646123 Total splits: 310 Good splits: 305 Marginal splits: 4
Reward: 39028.0244831 Total splits: 304 Good splits: 287 Marginal splits: 4
Reward: 29774.6273652 Total splits: 333 Good splits: 321 Marginal splits: 4
Reward: 37115.3751637 Total splits: 314 Good splits: 309 Marginal splits: 5
Reward: 37606.0801713 Total splits: 309 Good splits: 300 Marginal splits: 2
Reward: 37487.4847722 Total splits: 321 Good splits: 314 Marginal splits: 3
Reward: 38566.1098167 Total splits: 338 Good splits: 318 Marginal splits: 4
Reward: 36200.7435717 Total splits: 303 Good splits: 290 Marginal splits: 1
Reward: 37974.033347 Total splits: 298 Good splits: 290 Marginal splits: 2
Reward: 39179.2796222 Total splits: 326 Good splits: 317 Marginal splits: 2
Reward: 36109.0510461 Total splits: 313 Good splits: 302 Marginal splits: 3
Reward: 39899.457354 Total splits: 324 Good splits: 312 Marginal splits: 3
Reward: 34958.5572427 Total splits: 323 Good splits: 306 Marginal splits: 2
Reward: 39326.6326212 Total splits: 319 Good splits: 303 Marginal splits: 4
Reward: 35709.6845169 Total splits: 310 Good splits: 295 Marginal splits: 4
Reward: 35266.0183437 Total splits: 318 Good splits: 301 Marginal splits: 6
Reward: 37400.4486559 Total splits: 311 Good splits: 297 Marginal splits: 4
Reward: 37763.1134727 Total splits: 299 Good splits: 291 Marginal splits: 2
Reward: 38388.1859085 Total splits: 323 Good splits: 309 Marginal splits: 6
Reward: 40323.8096449 Total splits: 321 Good splits: 311 Marginal splits: 2
Reward: 33732.0509582 Total splits: 311 Good splits: 301 Marginal splits: 2
Reward: 38382.1404415 Total splits: 307 Good splits: 295 Marginal splits: 3
Reward: 34036.7984416 Total splits: 311 Good splits: 300 Marginal splits: 2
Reward: 39199.419123 Total splits: 304 Good splits: 299 Marginal splits: 3
Reward: 36104.834171 Total splits: 310 Good splits: 303 Marginal splits: 5
Reward: 39511.9413676 Total splits: 337 Good splits: 322 Marginal splits: 4
Reward: 37497.4998561 Total splits: 294 Good splits: 282 Marginal splits: 5
Reward: 38137.474928 Total splits: 307 Good splits: 294 Marginal splits: 3
Reward: 38460.1480521 Total splits: 303 Good splits: 296 Marginal splits: 2
Reward: 38847.9493445 Total splits: 314 Good splits: 303 Marginal splits: 4
Reward: 36893.8506504 Total splits: 309 Good splits: 296 Marginal splits: 4
Reward: 36813.2691922 Total splits: 337 Good splits: 325 Marginal splits: 1
Reward: 38088.73323 Total splits: 320 Good splits: 303 Marginal splits: 4
Reward: 36959.4822306 Total splits: 322 Good splits: 310 Marginal splits: 5

Total results after running 200 tests
Average total rewards : 37182.0305837
Average total splits  : 314.345
Average good splits   : 302.55
Average good splits % : 96.2477532647

Reward: 37180.9305471 Total splits: 326 Good splits: 315 Marginal splits: 6
Reward: 36074.7467461 Total splits: 330 Good splits: 316 Marginal splits: 3
Reward: 41070.0673857 Total splits: 322 Good splits: 309 Marginal splits: 4
Reward: 34986.9942046 Total splits: 325 Good splits: 314 Marginal splits: 5
Reward: 33835.608974 Total splits: 315 Good splits: 304 Marginal splits: 4
Reward: 36239.3874872 Total splits: 299 Good splits: 289 Marginal splits: 1
Reward: 37603.8997085 Total splits: 306 Good splits: 291 Marginal splits: 6
Reward: 37187.7362811 Total splits: 299 Good splits: 286 Marginal splits: 3
Reward: 38032.6766825 Total splits: 309 Good splits: 302 Marginal splits: 4
Reward: 37222.4449539 Total splits: 302 Good splits: 291 Marginal splits: 1
Reward: 38395.6307248 Total splits: 318 Good splits: 303 Marginal splits: 1
Reward: 36757.7304697 Total splits: 298 Good splits: 289 Marginal splits: 4
Reward: 39222.0116122 Total splits: 314 Good splits: 305 Marginal splits: 1
Reward: 36120.9615402 Total splits: 314 Good splits: 305 Marginal splits: 2
Reward: 39939.194275 Total splits: 304 Good splits: 287 Marginal splits: 3
Reward: 34430.3643807 Total splits: 316 Good splits: 305 Marginal splits: 3
Reward: 35252.2943522 Total splits: 311 Good splits: 297 Marginal splits: 4
Reward: 37134.8877428 Total splits: 321 Good splits: 308 Marginal splits: 4
Reward: 35951.4988517 Total splits: 310 Good splits: 300 Marginal splits: 1
Reward: 36648.0267155 Total splits: 328 Good splits: 319 Marginal splits: 4
Reward: 37885.8414244 Total splits: 313 Good splits: 295 Marginal splits: 1
Reward: 35929.5798853 Total splits: 314 Good splits: 303 Marginal splits: 5
Reward: 36725.7309217 Total splits: 316 Good splits: 310 Marginal splits: 3
Reward: 35816.0555547 Total splits: 311 Good splits: 305 Marginal splits: 5
Reward: 34711.1942921 Total splits: 305 Good splits: 285 Marginal splits: 4
Reward: 36124.5998626 Total splits: 313 Good splits: 303 Marginal splits: 4
Reward: 38132.5989145 Total splits: 335 Good splits: 325 Marginal splits: 1
Reward: 37550.3702402 Total splits: 328 Good splits: 321 Marginal splits: 2
Reward: 35968.6433598 Total splits: 320 Good splits: 306 Marginal splits: 5
Reward: 39415.5910127 Total splits: 326 Good splits: 319 Marginal splits: 3
Reward: 35724.4941962 Total splits: 311 Good splits: 292 Marginal splits: 5
Reward: 38499.0116433 Total splits: 325 Good splits: 310 Marginal splits: 2
Reward: 36240.6465311 Total splits: 333 Good splits: 320 Marginal splits: 8
Reward: 36978.9414941 Total splits: 300 Good splits: 293 Marginal splits: 2
Reward: 37283.7578795 Total splits: 300 Good splits: 290 Marginal splits: 2
Reward: 38233.4155188 Total splits: 313 Good splits: 300 Marginal splits: 1
Reward: 37945.1758944 Total splits: 316 Good splits: 302 Marginal splits: 2
Reward: 39976.2825856 Total splits: 308 Good splits: 299 Marginal splits: 1
Reward: 36269.6413749 Total splits: 305 Good splits: 292 Marginal splits: 4
Reward: 39951.2054602 Total splits: 328 Good splits: 310 Marginal splits: 3
Reward: 35794.6562825 Total splits: 315 Good splits: 307 Marginal splits: 4
Reward: 40147.2176797 Total splits: 314 Good splits: 299 Marginal splits: 3
Reward: 37585.7282842 Total splits: 328 Good splits: 318 Marginal splits: 6
Reward: 39683.9162295 Total splits: 305 Good splits: 299 Marginal splits: 4
Reward: 36356.2323144 Total splits: 311 Good splits: 295 Marginal splits: 1
Reward: 37087.0328659 Total splits: 304 Good splits: 299 Marginal splits: 5
Reward: 35074.7860063 Total splits: 329 Good splits: 320 Marginal splits: 2
Reward: 39671.2662138 Total splits: 321 Good splits: 312 Marginal splits: 3
Reward: 37052.3407668 Total splits: 306 Good splits: 295 Marginal splits: 3
Reward: 38040.3920781 Total splits: 327 Good splits: 311 Marginal splits: 6
Reward: 36330.174991 Total splits: 325 Good splits: 313 Marginal splits: 1
Reward: 36526.2113214 Total splits: 325 Good splits: 308 Marginal splits: 3
Reward: 36449.5858913 Total splits: 294 Good splits: 281 Marginal splits: 3
Reward: 37783.0819183 Total splits: 301 Good splits: 282 Marginal splits: 4
Reward: 36809.2155256 Total splits: 319 Good splits: 306 Marginal splits: 4
Reward: 39414.1023858 Total splits: 340 Good splits: 328 Marginal splits: 1
Reward: 36639.2426055 Total splits: 310 Good splits: 296 Marginal splits: 4
Reward: 35790.964419 Total splits: 333 Good splits: 316 Marginal splits: 1
Reward: 37333.3608773 Total splits: 326 Good splits: 310 Marginal splits: 4
Reward: 36442.7493733 Total splits: 317 Good splits: 296 Marginal splits: 5
Reward: 36746.991849 Total splits: 290 Good splits: 278 Marginal splits: 3
Reward: 37495.4113361 Total splits: 330 Good splits: 311 Marginal splits: 2
Reward: 37844.6766985 Total splits: 305 Good splits: 295 Marginal splits: 3
Reward: 37105.0078808 Total splits: 298 Good splits: 284 Marginal splits: 1
Reward: 37404.2507333 Total splits: 306 Good splits: 296 Marginal splits: 5
Reward: 38605.9595639 Total splits: 300 Good splits: 287 Marginal splits: 3
Reward: 34255.5171348 Total splits: 317 Good splits: 308 Marginal splits: 5
Reward: 37533.7296026 Total splits: 313 Good splits: 301 Marginal splits: 0
Reward: 36496.8554456 Total splits: 321 Good splits: 315 Marginal splits: 3
Reward: 36746.236111 Total splits: 303 Good splits: 295 Marginal splits: 3
Reward: 38745.7962507 Total splits: 330 Good splits: 319 Marginal splits: 4
Reward: 36100.2640382 Total splits: 335 Good splits: 327 Marginal splits: 2
Reward: 38266.0104433 Total splits: 318 Good splits: 309 Marginal splits: 1
Reward: 36812.6553222 Total splits: 305 Good splits: 288 Marginal splits: 3
Reward: 38683.1930136 Total splits: 319 Good splits: 309 Marginal splits: 4
Reward: 37823.7571762 Total splits: 324 Good splits: 312 Marginal splits: 5
Reward: 38448.0087604 Total splits: 311 Good splits: 303 Marginal splits: 5
Reward: 37584.6183519 Total splits: 333 Good splits: 324 Marginal splits: 5
Reward: 36867.9522286 Total splits: 301 Good splits: 285 Marginal splits: 1
Reward: 36638.9093468 Total splits: 300 Good splits: 293 Marginal splits: 2
Reward: 38128.8867223 Total splits: 305 Good splits: 294 Marginal splits: 5
Reward: 36973.0079224 Total splits: 313 Good splits: 305 Marginal splits: 2
Reward: 36578.4259208 Total splits: 333 Good splits: 323 Marginal splits: 2
Reward: 36601.5031865 Total splits: 308 Good splits: 299 Marginal splits: 2
Reward: 39156.9099098 Total splits: 304 Good splits: 296 Marginal splits: 3
Reward: 37996.8105146 Total splits: 302 Good splits: 288 Marginal splits: 0
Reward: 39543.7684924 Total splits: 325 Good splits: 319 Marginal splits: 5
Reward: 38060.890235 Total splits: 303 Good splits: 290 Marginal splits: 1
Reward: 37634.9488457 Total splits: 311 Good splits: 298 Marginal splits: 0
Reward: 37209.0760378 Total splits: 319 Good splits: 312 Marginal splits: 3
Reward: 37307.4825287 Total splits: 301 Good splits: 292 Marginal splits: 5
Reward: 35933.6100325 Total splits: 315 Good splits: 305 Marginal splits: 6
Reward: 38271.943181 Total splits: 330 Good splits: 315 Marginal splits: 3
Reward: 32795.0501178 Total splits: 322 Good splits: 310 Marginal splits: 7
Reward: 37399.8656029 Total splits: 326 Good splits: 319 Marginal splits: 1
Reward: 38762.3447642 Total splits: 321 Good splits: 315 Marginal splits: 3
Reward: 35890.024731 Total splits: 320 Good splits: 299 Marginal splits: 2
Reward: 37811.1899409 Total splits: 331 Good splits: 325 Marginal splits: 4
Reward: 37081.9647275 Total splits: 303 Good splits: 293 Marginal splits: 2
Reward: 36228.1743699 Total splits: 334 Good splits: 329 Marginal splits: 1
Reward: 36054.6041671 Total splits: 326 Good splits: 316 Marginal splits: 4
Reward: 36698.1577156 Total splits: 312 Good splits: 299 Marginal splits: 1
Reward: 36653.6299132 Total splits: 300 Good splits: 284 Marginal splits: 5
Reward: 38229.4349489 Total splits: 311 Good splits: 302 Marginal splits: 6
Reward: 38206.0901335 Total splits: 315 Good splits: 301 Marginal splits: 2
Reward: 37728.9239876 Total splits: 327 Good splits: 318 Marginal splits: 3
Reward: 37261.2939486 Total splits: 313 Good splits: 301 Marginal splits: 5
Reward: 40158.5351995 Total splits: 316 Good splits: 306 Marginal splits: 2
Reward: 34422.1651241 Total splits: 317 Good splits: 304 Marginal splits: 3
Reward: 39457.4133251 Total splits: 314 Good splits: 298 Marginal splits: 1
Reward: 36696.6091097 Total splits: 307 Good splits: 297 Marginal splits: 5
Reward: 38043.7742051 Total splits: 298 Good splits: 284 Marginal splits: 5
Reward: 36235.6236233 Total splits: 304 Good splits: 289 Marginal splits: 4
Reward: 37154.9953117 Total splits: 339 Good splits: 331 Marginal splits: 3
Reward: 36905.3131565 Total splits: 306 Good splits: 292 Marginal splits: 1
Reward: 36058.8317959 Total splits: 324 Good splits: 314 Marginal splits: 5
Reward: 37190.8867209 Total splits: 325 Good splits: 308 Marginal splits: 2
Reward: 39201.3091453 Total splits: 313 Good splits: 301 Marginal splits: 3
Reward: 35727.5206043 Total splits: 302 Good splits: 291 Marginal splits: 6
Reward: 38225.0030149 Total splits: 330 Good splits: 321 Marginal splits: 4
Reward: 36748.688201 Total splits: 305 Good splits: 295 Marginal splits: 3
Reward: 39519.8264478 Total splits: 317 Good splits: 306 Marginal splits: 0
Reward: 34468.1872652 Total splits: 321 Good splits: 310 Marginal splits: 2
Reward: 38621.4339927 Total splits: 313 Good splits: 301 Marginal splits: 4
Reward: 36945.3655989 Total splits: 310 Good splits: 302 Marginal splits: 0
Reward: 37163.0387075 Total splits: 293 Good splits: 282 Marginal splits: 3
Reward: 38304.2216432 Total splits: 333 Good splits: 318 Marginal splits: 2
Reward: 38491.3654775 Total splits: 326 Good splits: 316 Marginal splits: 2
Reward: 36519.4697014 Total splits: 307 Good splits: 299 Marginal splits: 1
Reward: 35391.3758847 Total splits: 326 Good splits: 310 Marginal splits: 2
Reward: 36367.0656723 Total splits: 306 Good splits: 292 Marginal splits: 5
Reward: 34997.1696641 Total splits: 324 Good splits: 315 Marginal splits: 5
Reward: 37094.6899584 Total splits: 317 Good splits: 302 Marginal splits: 1
Reward: 38156.2034452 Total splits: 321 Good splits: 306 Marginal splits: 2
Reward: 38506.3523129 Total splits: 308 Good splits: 299 Marginal splits: 2
Reward: 37192.8668151 Total splits: 312 Good splits: 297 Marginal splits: 1
Reward: 36144.8270943 Total splits: 313 Good splits: 302 Marginal splits: 5
Reward: 36790.3096561 Total splits: 301 Good splits: 287 Marginal splits: 6
Reward: 38934.414787 Total splits: 312 Good splits: 301 Marginal splits: 2
Reward: 37465.3263481 Total splits: 317 Good splits: 310 Marginal splits: 1
Reward: 38506.2684671 Total splits: 304 Good splits: 297 Marginal splits: 3
Reward: 37230.7767188 Total splits: 309 Good splits: 303 Marginal splits: 3
Reward: 39177.728479 Total splits: 326 Good splits: 316 Marginal splits: 3
Reward: 36759.4408162 Total splits: 322 Good splits: 307 Marginal splits: 2
Reward: 39479.0818232 Total splits: 313 Good splits: 301 Marginal splits: 3
Reward: 38648.6585284 Total splits: 313 Good splits: 303 Marginal splits: 2
Reward: 36632.626335 Total splits: 297 Good splits: 288 Marginal splits: 1
Reward: 36580.6256043 Total splits: 300 Good splits: 285 Marginal splits: 3
Reward: 38400.0345273 Total splits: 332 Good splits: 317 Marginal splits: 2
Reward: 33595.2096223 Total splits: 309 Good splits: 297 Marginal splits: 4
Reward: 39278.6459703 Total splits: 331 Good splits: 316 Marginal splits: 2
Reward: 36704.1060425 Total splits: 316 Good splits: 304 Marginal splits: 3
Reward: 36716.0109006 Total splits: 322 Good splits: 309 Marginal splits: 2
Reward: 36936.9471113 Total splits: 308 Good splits: 296 Marginal splits: 3
Reward: 36259.2758797 Total splits: 321 Good splits: 309 Marginal splits: 1
Reward: 38751.7003514 Total splits: 296 Good splits: 280 Marginal splits: 3
Reward: 36227.4786795 Total splits: 322 Good splits: 312 Marginal splits: 1
Reward: 36681.8737195 Total splits: 312 Good splits: 305 Marginal splits: 1
Reward: 36399.8632224 Total splits: 309 Good splits: 297 Marginal splits: 2
Reward: 36764.4197463 Total splits: 309 Good splits: 299 Marginal splits: 5
Reward: 38930.5272381 Total splits: 314 Good splits: 304 Marginal splits: 1
Reward: 35429.6660109 Total splits: 311 Good splits: 300 Marginal splits: 2
Reward: 39281.7017215 Total splits: 327 Good splits: 314 Marginal splits: 5
Reward: 34672.8660221 Total splits: 311 Good splits: 292 Marginal splits: 1
Reward: 37722.9796849 Total splits: 306 Good splits: 293 Marginal splits: 4
Reward: 39171.4298342 Total splits: 300 Good splits: 288 Marginal splits: 1
Reward: 36012.5050332 Total splits: 326 Good splits: 314 Marginal splits: 4
Reward: 37675.5676566 Total splits: 305 Good splits: 300 Marginal splits: 2
Reward: 33994.2269903 Total splits: 316 Good splits: 305 Marginal splits: 2
Reward: 38581.8597336 Total splits: 317 Good splits: 310 Marginal splits: 2
Reward: 37420.5474466 Total splits: 331 Good splits: 319 Marginal splits: 1
Reward: 35822.4381962 Total splits: 306 Good splits: 284 Marginal splits: 2
Reward: 36759.4981646 Total splits: 322 Good splits: 312 Marginal splits: 5
Reward: 37822.2153656 Total splits: 311 Good splits: 293 Marginal splits: 0
Reward: 38216.8489771 Total splits: 310 Good splits: 301 Marginal splits: 5
Reward: 37656.6136899 Total splits: 319 Good splits: 313 Marginal splits: 4
Reward: 35777.1669156 Total splits: 295 Good splits: 283 Marginal splits: 4
Reward: 37796.5078996 Total splits: 311 Good splits: 302 Marginal splits: 8
Reward: 35843.8753513 Total splits: 324 Good splits: 313 Marginal splits: 6
Reward: 37940.0502397 Total splits: 312 Good splits: 299 Marginal splits: 3
Reward: 34569.6601067 Total splits: 300 Good splits: 289 Marginal splits: 2
Reward: 38783.1957687 Total splits: 317 Good splits: 308 Marginal splits: 1
Reward: 34729.2708685 Total splits: 325 Good splits: 305 Marginal splits: 4
Reward: 37251.1195365 Total splits: 318 Good splits: 309 Marginal splits: 2
Reward: 38581.246753 Total splits: 312 Good splits: 303 Marginal splits: 0
Reward: 39472.7999347 Total splits: 306 Good splits: 293 Marginal splits: 5
Reward: 34776.8294952 Total splits: 316 Good splits: 308 Marginal splits: 3
Reward: 37826.4410035 Total splits: 336 Good splits: 319 Marginal splits: 3
Reward: 35500.8155032 Total splits: 315 Good splits: 306 Marginal splits: 2
Reward: 38058.5765309 Total splits: 310 Good splits: 297 Marginal splits: 2
Reward: 35668.682358 Total splits: 340 Good splits: 329 Marginal splits: 2
Reward: 37428.4860153 Total splits: 306 Good splits: 293 Marginal splits: 3
Reward: 35905.2898257 Total splits: 300 Good splits: 287 Marginal splits: 3
Reward: 37373.7668679 Total splits: 324 Good splits: 312 Marginal splits: 3
Reward: 39136.443458 Total splits: 312 Good splits: 305 Marginal splits: 2
Reward: 37942.4964999 Total splits: 311 Good splits: 303 Marginal splits: 4
Reward: 35712.3306638 Total splits: 300 Good splits: 291 Marginal splits: 6
Reward: 36328.1948721 Total splits: 307 Good splits: 299 Marginal splits: 3
Reward: 34484.3753855 Total splits: 309 Good splits: 298 Marginal splits: 3
Reward: 38013.8408993 Total splits: 317 Good splits: 304 Marginal splits: 1

Total results after running 200 tests
Average total rewards : 37190.8492483
Average total splits  : 314.645
Average good splits   : 303.08
Average good splits % : 96.3244291185

