Reward: 35042.0975491 Total splits: 320 Good splits: 303 Marginal splits: 6
Reward: 37090.5314432 Total splits: 327 Good splits: 312 Marginal splits: 5
Reward: 37038.4186648 Total splits: 314 Good splits: 301 Marginal splits: 4
Reward: 36132.3086041 Total splits: 317 Good splits: 303 Marginal splits: 1
Reward: 40286.3183299 Total splits: 299 Good splits: 289 Marginal splits: 2
Reward: 35159.2470435 Total splits: 312 Good splits: 298 Marginal splits: 3
Reward: 34693.5107412 Total splits: 316 Good splits: 304 Marginal splits: 5
Reward: 37986.3969835 Total splits: 331 Good splits: 321 Marginal splits: 0
Reward: 34933.3565471 Total splits: 289 Good splits: 278 Marginal splits: 3
Reward: 37045.6730691 Total splits: 314 Good splits: 303 Marginal splits: 3
Reward: 39996.8645637 Total splits: 317 Good splits: 299 Marginal splits: 0
Reward: 37200.5137787 Total splits: 320 Good splits: 311 Marginal splits: 4
Reward: 37472.1849922 Total splits: 315 Good splits: 304 Marginal splits: 0
Reward: 37161.0356026 Total splits: 323 Good splits: 315 Marginal splits: 5
Reward: 39824.07736 Total splits: 315 Good splits: 303 Marginal splits: 0
Reward: 36238.7598713 Total splits: 320 Good splits: 305 Marginal splits: 1
Reward: 35132.8612013 Total splits: 305 Good splits: 292 Marginal splits: 1
Reward: 37145.4374621 Total splits: 304 Good splits: 292 Marginal splits: 3
Reward: 38375.0717504 Total splits: 318 Good splits: 307 Marginal splits: 3
Reward: 37352.771497 Total splits: 325 Good splits: 315 Marginal splits: 1
Reward: 36300.5528591 Total splits: 324 Good splits: 307 Marginal splits: 2
Reward: 37124.6971386 Total splits: 318 Good splits: 303 Marginal splits: 2
Reward: 38500.4860101 Total splits: 330 Good splits: 320 Marginal splits: 7
Reward: 37299.90679 Total splits: 315 Good splits: 305 Marginal splits: 0
Reward: 37285.3723544 Total splits: 319 Good splits: 307 Marginal splits: 1
Reward: 36736.0518515 Total splits: 314 Good splits: 303 Marginal splits: 3
Reward: 36634.9693669 Total splits: 311 Good splits: 299 Marginal splits: 7
Reward: 39521.9405866 Total splits: 317 Good splits: 308 Marginal splits: 6
Reward: 36293.4928605 Total splits: 326 Good splits: 314 Marginal splits: 5
Reward: 38593.8110718 Total splits: 322 Good splits: 308 Marginal splits: 1
Reward: 36595.2337272 Total splits: 311 Good splits: 302 Marginal splits: 1
Reward: 37107.6372382 Total splits: 316 Good splits: 310 Marginal splits: 5
Reward: 38554.1058687 Total splits: 313 Good splits: 304 Marginal splits: 4
Reward: 33738.4189729 Total splits: 314 Good splits: 305 Marginal splits: 4
Reward: 36220.2806006 Total splits: 321 Good splits: 306 Marginal splits: 4
Reward: 37157.5356318 Total splits: 304 Good splits: 293 Marginal splits: 7
Reward: 37214.5791806 Total splits: 292 Good splits: 275 Marginal splits: 3
Reward: 38699.4159779 Total splits: 315 Good splits: 303 Marginal splits: 1
Reward: 35810.2858832 Total splits: 317 Good splits: 305 Marginal splits: 1
Reward: 39202.695692 Total splits: 306 Good splits: 296 Marginal splits: 2
Reward: 36445.1908003 Total splits: 296 Good splits: 287 Marginal splits: 3
Reward: 39618.129454 Total splits: 299 Good splits: 284 Marginal splits: 4
Reward: 36068.9690722 Total splits: 324 Good splits: 316 Marginal splits: 2
Reward: 38272.1161771 Total splits: 306 Good splits: 301 Marginal splits: 4
Reward: 34455.4311544 Total splits: 305 Good splits: 294 Marginal splits: 6
Reward: 39703.9866407 Total splits: 319 Good splits: 302 Marginal splits: 3
Reward: 35498.1900158 Total splits: 320 Good splits: 305 Marginal splits: 4
Reward: 39713.0931749 Total splits: 315 Good splits: 306 Marginal splits: 8
Reward: 36866.2730814 Total splits: 312 Good splits: 300 Marginal splits: 3
Reward: 38082.7508094 Total splits: 312 Good splits: 307 Marginal splits: 4
Reward: 35951.3370924 Total splits: 301 Good splits: 289 Marginal splits: 7
Reward: 37045.7021504 Total splits: 336 Good splits: 327 Marginal splits: 4
Reward: 36829.7629453 Total splits: 302 Good splits: 290 Marginal splits: 3
Reward: 36217.3834808 Total splits: 330 Good splits: 322 Marginal splits: 6
Reward: 36399.7662301 Total splits: 308 Good splits: 299 Marginal splits: 3
Reward: 39319.4072446 Total splits: 328 Good splits: 315 Marginal splits: 0
Reward: 37484.0506865 Total splits: 284 Good splits: 273 Marginal splits: 2
Reward: 36571.2697965 Total splits: 303 Good splits: 285 Marginal splits: 5
Reward: 38304.847138 Total splits: 337 Good splits: 325 Marginal splits: 3
Reward: 37258.8518055 Total splits: 319 Good splits: 303 Marginal splits: 1
Reward: 36157.2212684 Total splits: 306 Good splits: 295 Marginal splits: 1
Reward: 37500.243477 Total splits: 310 Good splits: 295 Marginal splits: 2
Reward: 38051.5611066 Total splits: 304 Good splits: 299 Marginal splits: 1
Reward: 36959.2264128 Total splits: 308 Good splits: 296 Marginal splits: 5
Reward: 38300.0300061 Total splits: 320 Good splits: 310 Marginal splits: 0
Reward: 35785.8814603 Total splits: 324 Good splits: 307 Marginal splits: 2
Reward: 38361.5244546 Total splits: 294 Good splits: 284 Marginal splits: 1
Reward: 38040.0874833 Total splits: 325 Good splits: 306 Marginal splits: 1
Reward: 35492.9095553 Total splits: 294 Good splits: 281 Marginal splits: 4
Reward: 35983.3432197 Total splits: 321 Good splits: 311 Marginal splits: 4
Reward: 38535.239039 Total splits: 317 Good splits: 306 Marginal splits: 6
Reward: 31732.8272701 Total splits: 299 Good splits: 285 Marginal splits: 1
Reward: 34926.9650686 Total splits: 311 Good splits: 302 Marginal splits: 5
Reward: 37207.1019254 Total splits: 308 Good splits: 301 Marginal splits: 4
Reward: 39420.1470194 Total splits: 311 Good splits: 303 Marginal splits: 1
Reward: 37210.8006585 Total splits: 322 Good splits: 305 Marginal splits: 2
Reward: 40069.7719044 Total splits: 305 Good splits: 286 Marginal splits: 0
Reward: 36999.0590148 Total splits: 285 Good splits: 272 Marginal splits: 2
Reward: 38426.4234352 Total splits: 294 Good splits: 278 Marginal splits: 3
Reward: 36579.0655646 Total splits: 299 Good splits: 283 Marginal splits: 4
Reward: 39284.7446864 Total splits: 303 Good splits: 291 Marginal splits: 4
Reward: 36216.7530666 Total splits: 311 Good splits: 299 Marginal splits: 3
Reward: 39539.8606175 Total splits: 302 Good splits: 291 Marginal splits: 4
Reward: 36411.7606486 Total splits: 294 Good splits: 276 Marginal splits: 1
Reward: 36539.6870032 Total splits: 318 Good splits: 309 Marginal splits: 3
Reward: 36659.349148 Total splits: 312 Good splits: 304 Marginal splits: 1
Reward: 38981.5760473 Total splits: 325 Good splits: 307 Marginal splits: 1
Reward: 38306.6918274 Total splits: 314 Good splits: 300 Marginal splits: 6
Reward: 37661.1849468 Total splits: 322 Good splits: 307 Marginal splits: 9
Reward: 35758.5622288 Total splits: 314 Good splits: 306 Marginal splits: 5
Reward: 37642.9815535 Total splits: 314 Good splits: 298 Marginal splits: 4
Reward: 35587.108124 Total splits: 313 Good splits: 295 Marginal splits: 4
Reward: 37520.4453721 Total splits: 305 Good splits: 290 Marginal splits: 2
Reward: 35983.9602925 Total splits: 309 Good splits: 300 Marginal splits: 3
Reward: 39077.13747 Total splits: 317 Good splits: 306 Marginal splits: 3
Reward: 37432.8402304 Total splits: 317 Good splits: 300 Marginal splits: 5
Reward: 37619.7729252 Total splits: 323 Good splits: 314 Marginal splits: 0
Reward: 38158.1797197 Total splits: 301 Good splits: 288 Marginal splits: 4
Reward: 35982.5897554 Total splits: 308 Good splits: 299 Marginal splits: 2
Reward: 36868.9652175 Total splits: 308 Good splits: 294 Marginal splits: 2
Reward: 36258.6543791 Total splits: 325 Good splits: 306 Marginal splits: 3
Reward: 38358.692811 Total splits: 309 Good splits: 302 Marginal splits: 4
Reward: 36774.7165026 Total splits: 321 Good splits: 308 Marginal splits: 5
Reward: 38178.2244281 Total splits: 324 Good splits: 316 Marginal splits: 4
Reward: 38369.9154456 Total splits: 325 Good splits: 307 Marginal splits: 5
Reward: 38524.814486 Total splits: 329 Good splits: 323 Marginal splits: 5
Reward: 36834.0832301 Total splits: 334 Good splits: 325 Marginal splits: 2
Reward: 40303.2229873 Total splits: 320 Good splits: 310 Marginal splits: 4
Reward: 36873.7111421 Total splits: 320 Good splits: 309 Marginal splits: 0
Reward: 39346.9473261 Total splits: 323 Good splits: 313 Marginal splits: 2
Reward: 34637.173965 Total splits: 319 Good splits: 302 Marginal splits: 4
Reward: 37558.1328611 Total splits: 308 Good splits: 295 Marginal splits: 6
Reward: 35246.16764 Total splits: 319 Good splits: 302 Marginal splits: 2
Reward: 38793.6519461 Total splits: 314 Good splits: 303 Marginal splits: 2
Reward: 36139.4657527 Total splits: 317 Good splits: 311 Marginal splits: 4
Reward: 38757.5063533 Total splits: 317 Good splits: 311 Marginal splits: 1
Reward: 38077.3720415 Total splits: 310 Good splits: 295 Marginal splits: 1
Reward: 38928.7944783 Total splits: 296 Good splits: 286 Marginal splits: 1
Reward: 36204.2990964 Total splits: 338 Good splits: 324 Marginal splits: 6
Reward: 32986.2650483 Total splits: 325 Good splits: 312 Marginal splits: 4
Reward: 36219.7977132 Total splits: 316 Good splits: 301 Marginal splits: 5
Reward: 38477.455392 Total splits: 295 Good splits: 277 Marginal splits: 5
Reward: 36229.7492353 Total splits: 305 Good splits: 291 Marginal splits: 3
Reward: 37168.4883464 Total splits: 318 Good splits: 311 Marginal splits: 1
Reward: 36619.4945953 Total splits: 325 Good splits: 313 Marginal splits: 5
Reward: 37952.7710122 Total splits: 311 Good splits: 294 Marginal splits: 2
Reward: 37507.8960167 Total splits: 299 Good splits: 286 Marginal splits: 4
Reward: 37030.8962712 Total splits: 298 Good splits: 287 Marginal splits: 2
Reward: 35814.6361169 Total splits: 310 Good splits: 301 Marginal splits: 1
Reward: 34361.9091011 Total splits: 292 Good splits: 277 Marginal splits: 4
Reward: 37669.1791315 Total splits: 310 Good splits: 303 Marginal splits: 2
Reward: 37705.6201363 Total splits: 304 Good splits: 289 Marginal splits: 3
Reward: 37010.8221542 Total splits: 317 Good splits: 304 Marginal splits: 4
Reward: 38200.4186058 Total splits: 326 Good splits: 318 Marginal splits: 5
Reward: 39566.1860414 Total splits: 321 Good splits: 308 Marginal splits: 4
Reward: 37430.8229258 Total splits: 320 Good splits: 310 Marginal splits: 9
Reward: 37411.5452349 Total splits: 314 Good splits: 298 Marginal splits: 3
Reward: 35715.7652535 Total splits: 325 Good splits: 306 Marginal splits: 5
Reward: 38383.081745 Total splits: 333 Good splits: 317 Marginal splits: 4
Reward: 36950.6520714 Total splits: 329 Good splits: 314 Marginal splits: 1
Reward: 38478.2776844 Total splits: 315 Good splits: 303 Marginal splits: 5
Reward: 37310.9081223 Total splits: 312 Good splits: 298 Marginal splits: 4
Reward: 37120.8667357 Total splits: 318 Good splits: 310 Marginal splits: 4
Reward: 37023.5339537 Total splits: 308 Good splits: 294 Marginal splits: 3
Reward: 38554.3364454 Total splits: 330 Good splits: 322 Marginal splits: 5
Reward: 36473.937319 Total splits: 319 Good splits: 311 Marginal splits: 3
Reward: 35910.165348 Total splits: 307 Good splits: 300 Marginal splits: 5
Reward: 36330.4259555 Total splits: 311 Good splits: 301 Marginal splits: 6
Reward: 38206.2207815 Total splits: 310 Good splits: 293 Marginal splits: 2
Reward: 36175.2989597 Total splits: 306 Good splits: 295 Marginal splits: 4
Reward: 38986.2515463 Total splits: 345 Good splits: 335 Marginal splits: 2
Reward: 36649.8406568 Total splits: 304 Good splits: 292 Marginal splits: 5
Reward: 41148.2790316 Total splits: 298 Good splits: 290 Marginal splits: 1
Reward: 36968.4549697 Total splits: 300 Good splits: 289 Marginal splits: 0
Reward: 37144.8415259 Total splits: 299 Good splits: 288 Marginal splits: 2
Reward: 37620.2627203 Total splits: 299 Good splits: 285 Marginal splits: 3
Reward: 37215.7204052 Total splits: 327 Good splits: 315 Marginal splits: 4
Reward: 36811.3507866 Total splits: 309 Good splits: 299 Marginal splits: 1
Reward: 37619.7427732 Total splits: 320 Good splits: 306 Marginal splits: 3
Reward: 34809.4354721 Total splits: 306 Good splits: 299 Marginal splits: 5
Reward: 37031.4667621 Total splits: 332 Good splits: 318 Marginal splits: 1
Reward: 35986.4296704 Total splits: 315 Good splits: 305 Marginal splits: 7
Reward: 38808.0582197 Total splits: 325 Good splits: 311 Marginal splits: 2
Reward: 36956.6514307 Total splits: 317 Good splits: 303 Marginal splits: 1
Reward: 37498.4926106 Total splits: 327 Good splits: 309 Marginal splits: 5
Reward: 38789.2066766 Total splits: 306 Good splits: 294 Marginal splits: 2
Reward: 37597.5345803 Total splits: 313 Good splits: 301 Marginal splits: 2
Reward: 38825.9186369 Total splits: 308 Good splits: 295 Marginal splits: 3
Reward: 34939.3965497 Total splits: 311 Good splits: 298 Marginal splits: 1
Reward: 38208.7382724 Total splits: 299 Good splits: 294 Marginal splits: 4
Reward: 37782.6532124 Total splits: 308 Good splits: 295 Marginal splits: 3
Reward: 37391.9745266 Total splits: 300 Good splits: 282 Marginal splits: 5
Reward: 37936.0837133 Total splits: 298 Good splits: 286 Marginal splits: 5
Reward: 38313.4944521 Total splits: 306 Good splits: 299 Marginal splits: 0
Reward: 38230.5724646 Total splits: 304 Good splits: 294 Marginal splits: 3
Reward: 36809.6693557 Total splits: 315 Good splits: 307 Marginal splits: 1
Reward: 35833.5488858 Total splits: 323 Good splits: 311 Marginal splits: 4
Reward: 39965.2400205 Total splits: 307 Good splits: 301 Marginal splits: 6
Reward: 36681.0853913 Total splits: 313 Good splits: 300 Marginal splits: 3
Reward: 32055.9171957 Total splits: 296 Good splits: 291 Marginal splits: 3
Reward: 36008.4638948 Total splits: 313 Good splits: 296 Marginal splits: 2
Reward: 37018.0060222 Total splits: 320 Good splits: 308 Marginal splits: 4
Reward: 36956.2123667 Total splits: 325 Good splits: 308 Marginal splits: 3
Reward: 37926.3852656 Total splits: 317 Good splits: 303 Marginal splits: 6
Reward: 38891.7926458 Total splits: 323 Good splits: 307 Marginal splits: 0
Reward: 36501.9088477 Total splits: 322 Good splits: 314 Marginal splits: 2
Reward: 35529.1164306 Total splits: 300 Good splits: 284 Marginal splits: 3
Reward: 37939.8127653 Total splits: 321 Good splits: 311 Marginal splits: 2
Reward: 36596.0483825 Total splits: 304 Good splits: 291 Marginal splits: 2
Reward: 39087.649954 Total splits: 312 Good splits: 304 Marginal splits: 5
Reward: 35394.6162276 Total splits: 294 Good splits: 282 Marginal splits: 5
Reward: 38654.1787744 Total splits: 319 Good splits: 307 Marginal splits: 3
Reward: 35942.7695228 Total splits: 317 Good splits: 307 Marginal splits: 4
Reward: 37809.9184052 Total splits: 309 Good splits: 300 Marginal splits: 1
Reward: 37562.9339932 Total splits: 299 Good splits: 286 Marginal splits: 4
Reward: 38820.4388855 Total splits: 315 Good splits: 310 Marginal splits: 2
Reward: 36353.4173502 Total splits: 307 Good splits: 295 Marginal splits: 1
Reward: 38619.741256 Total splits: 310 Good splits: 301 Marginal splits: 1
Reward: 35878.1447476 Total splits: 318 Good splits: 309 Marginal splits: 4
Reward: 37170.8073875 Total splits: 297 Good splits: 287 Marginal splits: 6

Total results after running 200 tests
Average total rewards : 37242.1032093
Average total splits  : 313.09
Average good splits   : 301.155
Average good splits % : 96.1879970615

Reward: 35716.6783326 Total splits: 316 Good splits: 295 Marginal splits: 5
Reward: 36788.8095885 Total splits: 312 Good splits: 300 Marginal splits: 2
Reward: 37371.0298426 Total splits: 320 Good splits: 311 Marginal splits: 2
Reward: 36060.3026697 Total splits: 308 Good splits: 293 Marginal splits: 4
Reward: 36609.7468534 Total splits: 331 Good splits: 318 Marginal splits: 6
Reward: 36853.5961081 Total splits: 323 Good splits: 309 Marginal splits: 1
Reward: 38285.0707164 Total splits: 317 Good splits: 306 Marginal splits: 5
Reward: 37038.6991778 Total splits: 307 Good splits: 289 Marginal splits: 3
Reward: 38147.8036231 Total splits: 314 Good splits: 305 Marginal splits: 5
Reward: 38270.1681054 Total splits: 319 Good splits: 310 Marginal splits: 5
Reward: 39646.6617215 Total splits: 296 Good splits: 280 Marginal splits: 2
Reward: 35551.1063165 Total splits: 310 Good splits: 296 Marginal splits: 5
Reward: 39789.697555 Total splits: 310 Good splits: 299 Marginal splits: 2
Reward: 35586.84352 Total splits: 315 Good splits: 297 Marginal splits: 2
Reward: 38835.4662295 Total splits: 319 Good splits: 310 Marginal splits: 2
Reward: 36171.3646093 Total splits: 322 Good splits: 309 Marginal splits: 3
Reward: 35243.0123802 Total splits: 332 Good splits: 322 Marginal splits: 4
Reward: 38250.6723105 Total splits: 312 Good splits: 300 Marginal splits: 1
Reward: 39037.4894442 Total splits: 299 Good splits: 286 Marginal splits: 5
Reward: 38975.7249034 Total splits: 317 Good splits: 306 Marginal splits: 4
Reward: 34721.2896434 Total splits: 336 Good splits: 324 Marginal splits: 4
Reward: 37239.077825 Total splits: 314 Good splits: 306 Marginal splits: 5
Reward: 37768.1882761 Total splits: 308 Good splits: 295 Marginal splits: 2
Reward: 35734.6216863 Total splits: 315 Good splits: 304 Marginal splits: 5
Reward: 37215.1088611 Total splits: 318 Good splits: 302 Marginal splits: 5
Reward: 36034.1502564 Total splits: 321 Good splits: 310 Marginal splits: 2
Reward: 36172.4833198 Total splits: 317 Good splits: 307 Marginal splits: 6
Reward: 37924.0034581 Total splits: 311 Good splits: 292 Marginal splits: 1
Reward: 37259.524163 Total splits: 308 Good splits: 297 Marginal splits: 1
Reward: 39628.7888998 Total splits: 315 Good splits: 301 Marginal splits: 3
Reward: 36386.9814757 Total splits: 317 Good splits: 307 Marginal splits: 1
Reward: 35146.734611 Total splits: 321 Good splits: 308 Marginal splits: 3
Reward: 36337.7995694 Total splits: 315 Good splits: 305 Marginal splits: 2
Reward: 36239.0200379 Total splits: 323 Good splits: 316 Marginal splits: 4
Reward: 37111.3880225 Total splits: 299 Good splits: 286 Marginal splits: 1
Reward: 36235.8443805 Total splits: 306 Good splits: 298 Marginal splits: 3
Reward: 37892.8484449 Total splits: 310 Good splits: 300 Marginal splits: 2
Reward: 38144.1963796 Total splits: 309 Good splits: 299 Marginal splits: 3
Reward: 35705.2280646 Total splits: 317 Good splits: 306 Marginal splits: 5
Reward: 35542.4656664 Total splits: 309 Good splits: 297 Marginal splits: 3
Reward: 36721.0548917 Total splits: 318 Good splits: 312 Marginal splits: 2
Reward: 37384.2723267 Total splits: 308 Good splits: 298 Marginal splits: 5
Reward: 36447.9460564 Total splits: 309 Good splits: 298 Marginal splits: 1
Reward: 39301.3416148 Total splits: 309 Good splits: 299 Marginal splits: 3
Reward: 33306.6608011 Total splits: 320 Good splits: 309 Marginal splits: 1
Reward: 39326.9312972 Total splits: 315 Good splits: 303 Marginal splits: 4
Reward: 35755.8074304 Total splits: 301 Good splits: 290 Marginal splits: 2
Reward: 37030.421247 Total splits: 308 Good splits: 296 Marginal splits: 5
Reward: 36730.8963592 Total splits: 285 Good splits: 271 Marginal splits: 3
Reward: 36561.859481 Total splits: 312 Good splits: 303 Marginal splits: 2
Reward: 34388.9492446 Total splits: 311 Good splits: 304 Marginal splits: 7
Reward: 38373.6343892 Total splits: 323 Good splits: 306 Marginal splits: 2
Reward: 37290.1674494 Total splits: 314 Good splits: 303 Marginal splits: 3
Reward: 38884.7509961 Total splits: 310 Good splits: 294 Marginal splits: 2
Reward: 36833.4014609 Total splits: 317 Good splits: 309 Marginal splits: 4
Reward: 37522.7581781 Total splits: 325 Good splits: 311 Marginal splits: 4
Reward: 36611.6934365 Total splits: 308 Good splits: 295 Marginal splits: 4
Reward: 39114.9993306 Total splits: 317 Good splits: 307 Marginal splits: 3
Reward: 37281.5288002 Total splits: 308 Good splits: 299 Marginal splits: 0
Reward: 36340.1933081 Total splits: 331 Good splits: 318 Marginal splits: 5
Reward: 36458.260336 Total splits: 314 Good splits: 301 Marginal splits: 4
Reward: 35540.1759566 Total splits: 321 Good splits: 308 Marginal splits: 5
Reward: 37873.7225795 Total splits: 308 Good splits: 292 Marginal splits: 4
Reward: 36538.6598155 Total splits: 320 Good splits: 307 Marginal splits: 3
Reward: 37084.3301603 Total splits: 277 Good splits: 267 Marginal splits: 3
Reward: 37601.225497 Total splits: 316 Good splits: 304 Marginal splits: 3
Reward: 37728.6062817 Total splits: 311 Good splits: 298 Marginal splits: 2
Reward: 36539.4323799 Total splits: 327 Good splits: 315 Marginal splits: 4
Reward: 37295.8202854 Total splits: 323 Good splits: 314 Marginal splits: 2
Reward: 35925.3941653 Total splits: 330 Good splits: 318 Marginal splits: 2
Reward: 40319.0664923 Total splits: 323 Good splits: 309 Marginal splits: 2
Reward: 34159.3582924 Total splits: 305 Good splits: 295 Marginal splits: 5
Reward: 37215.0392993 Total splits: 330 Good splits: 316 Marginal splits: 4
Reward: 36190.4566451 Total splits: 295 Good splits: 287 Marginal splits: 4
Reward: 37976.5389148 Total splits: 315 Good splits: 303 Marginal splits: 3
Reward: 37709.7934999 Total splits: 305 Good splits: 298 Marginal splits: 6
Reward: 35800.3297602 Total splits: 315 Good splits: 295 Marginal splits: 2
Reward: 37970.8935852 Total splits: 313 Good splits: 303 Marginal splits: 1
Reward: 36669.8623835 Total splits: 318 Good splits: 308 Marginal splits: 1
Reward: 33938.2748768 Total splits: 305 Good splits: 294 Marginal splits: 1
Reward: 39868.9380615 Total splits: 280 Good splits: 270 Marginal splits: 3
Reward: 33508.0563796 Total splits: 329 Good splits: 313 Marginal splits: 2
Reward: 37520.480687 Total splits: 312 Good splits: 303 Marginal splits: 1
Reward: 36986.4874046 Total splits: 293 Good splits: 286 Marginal splits: 1
Reward: 36862.9677879 Total splits: 308 Good splits: 296 Marginal splits: 1
Reward: 36569.3981525 Total splits: 313 Good splits: 305 Marginal splits: 2
Reward: 37120.0017509 Total splits: 304 Good splits: 290 Marginal splits: 4
Reward: 38547.620871 Total splits: 304 Good splits: 285 Marginal splits: 0
Reward: 38686.8066594 Total splits: 332 Good splits: 323 Marginal splits: 5
Reward: 37366.6813261 Total splits: 311 Good splits: 302 Marginal splits: 5
Reward: 38450.3302319 Total splits: 315 Good splits: 304 Marginal splits: 2
Reward: 36134.8672488 Total splits: 302 Good splits: 294 Marginal splits: 5
Reward: 37623.3828383 Total splits: 306 Good splits: 286 Marginal splits: 4
Reward: 35042.0996052 Total splits: 311 Good splits: 298 Marginal splits: 6
Reward: 37619.8879928 Total splits: 303 Good splits: 295 Marginal splits: 3
Reward: 37618.6947682 Total splits: 300 Good splits: 287 Marginal splits: 2
Reward: 36147.449173 Total splits: 314 Good splits: 300 Marginal splits: 3
Reward: 39529.2975918 Total splits: 306 Good splits: 298 Marginal splits: 4
Reward: 37350.574675 Total splits: 307 Good splits: 297 Marginal splits: 1
Reward: 38525.4403758 Total splits: 305 Good splits: 294 Marginal splits: 2
Reward: 35802.1870553 Total splits: 326 Good splits: 318 Marginal splits: 4
Reward: 35947.7683656 Total splits: 306 Good splits: 299 Marginal splits: 8
Reward: 36291.2713912 Total splits: 307 Good splits: 291 Marginal splits: 6
Reward: 37070.4290814 Total splits: 320 Good splits: 308 Marginal splits: 3
Reward: 38899.4462726 Total splits: 326 Good splits: 316 Marginal splits: 5
Reward: 39267.9927037 Total splits: 301 Good splits: 292 Marginal splits: 2
Reward: 37253.9461738 Total splits: 311 Good splits: 302 Marginal splits: 3
Reward: 39718.691129 Total splits: 304 Good splits: 289 Marginal splits: 4
Reward: 36644.3793591 Total splits: 323 Good splits: 308 Marginal splits: 6
Reward: 39231.8359647 Total splits: 299 Good splits: 289 Marginal splits: 1
Reward: 34622.7568658 Total splits: 315 Good splits: 299 Marginal splits: 5
Reward: 38741.3909111 Total splits: 318 Good splits: 305 Marginal splits: 4
Reward: 35872.2226111 Total splits: 321 Good splits: 307 Marginal splits: 1
Reward: 36278.012733 Total splits: 318 Good splits: 307 Marginal splits: 4
Reward: 36732.7506744 Total splits: 309 Good splits: 298 Marginal splits: 2
Reward: 39266.2854457 Total splits: 324 Good splits: 316 Marginal splits: 4
Reward: 36619.5158255 Total splits: 310 Good splits: 300 Marginal splits: 0
Reward: 39991.1294671 Total splits: 328 Good splits: 319 Marginal splits: 3
Reward: 35646.4119763 Total splits: 307 Good splits: 295 Marginal splits: 1
Reward: 38758.8493101 Total splits: 315 Good splits: 301 Marginal splits: 3
Reward: 36773.5121112 Total splits: 293 Good splits: 281 Marginal splits: 2
Reward: 35522.7493919 Total splits: 311 Good splits: 301 Marginal splits: 5
Reward: 35194.9499452 Total splits: 303 Good splits: 295 Marginal splits: 2
Reward: 36107.1958717 Total splits: 311 Good splits: 294 Marginal splits: 3
Reward: 37172.0440919 Total splits: 319 Good splits: 309 Marginal splits: 0
Reward: 36060.2337336 Total splits: 301 Good splits: 288 Marginal splits: 4
Reward: 37051.6686958 Total splits: 316 Good splits: 302 Marginal splits: 3
Reward: 35604.3945111 Total splits: 309 Good splits: 302 Marginal splits: 3
Reward: 35967.5863898 Total splits: 315 Good splits: 304 Marginal splits: 3
Reward: 38443.9875244 Total splits: 325 Good splits: 313 Marginal splits: 3
Reward: 36489.9975064 Total splits: 314 Good splits: 300 Marginal splits: 3
Reward: 36376.6916922 Total splits: 309 Good splits: 295 Marginal splits: 4
Reward: 37906.2905998 Total splits: 297 Good splits: 288 Marginal splits: 4
Reward: 35706.9330498 Total splits: 334 Good splits: 320 Marginal splits: 4
Reward: 38246.1710864 Total splits: 307 Good splits: 301 Marginal splits: 2
Reward: 33332.5280975 Total splits: 315 Good splits: 308 Marginal splits: 4
Reward: 37059.4643531 Total splits: 312 Good splits: 297 Marginal splits: 3
Reward: 36678.2300534 Total splits: 297 Good splits: 283 Marginal splits: 5
Reward: 36982.6509334 Total splits: 302 Good splits: 293 Marginal splits: 4
Reward: 35315.2577286 Total splits: 298 Good splits: 291 Marginal splits: 5
Reward: 38700.974855 Total splits: 312 Good splits: 300 Marginal splits: 3
Reward: 36822.4935458 Total splits: 317 Good splits: 303 Marginal splits: 3
Reward: 38907.3417093 Total splits: 309 Good splits: 296 Marginal splits: 0
Reward: 36665.0166549 Total splits: 309 Good splits: 298 Marginal splits: 5
Reward: 39777.5775058 Total splits: 305 Good splits: 294 Marginal splits: 3
Reward: 38251.6693071 Total splits: 314 Good splits: 301 Marginal splits: 2
Reward: 37955.9231002 Total splits: 324 Good splits: 315 Marginal splits: 4
Reward: 36315.8748363 Total splits: 302 Good splits: 291 Marginal splits: 3
Reward: 37341.6733133 Total splits: 317 Good splits: 305 Marginal splits: 5
Reward: 36152.3387783 Total splits: 316 Good splits: 307 Marginal splits: 1
Reward: 37215.4573878 Total splits: 294 Good splits: 285 Marginal splits: 3
Reward: 35727.0240681 Total splits: 312 Good splits: 304 Marginal splits: 3
Reward: 35967.1968504 Total splits: 323 Good splits: 309 Marginal splits: 3
Reward: 35510.2349493 Total splits: 311 Good splits: 296 Marginal splits: 2
Reward: 39169.0500478 Total splits: 306 Good splits: 289 Marginal splits: 1
Reward: 38388.353651 Total splits: 307 Good splits: 294 Marginal splits: 1
Reward: 36344.1948278 Total splits: 323 Good splits: 312 Marginal splits: 7
Reward: 37507.7660858 Total splits: 301 Good splits: 293 Marginal splits: 4
Reward: 39285.4786392 Total splits: 320 Good splits: 301 Marginal splits: 5
Reward: 36183.373509 Total splits: 303 Good splits: 286 Marginal splits: 4
Reward: 38766.9122277 Total splits: 312 Good splits: 299 Marginal splits: 2
Reward: 36721.9670688 Total splits: 307 Good splits: 295 Marginal splits: 2
Reward: 38665.6703352 Total splits: 343 Good splits: 325 Marginal splits: 4
Reward: 37142.1306442 Total splits: 297 Good splits: 285 Marginal splits: 1
Reward: 38392.2857796 Total splits: 322 Good splits: 305 Marginal splits: 4
Reward: 38931.4396318 Total splits: 311 Good splits: 299 Marginal splits: 1
Reward: 35497.1736289 Total splits: 337 Good splits: 325 Marginal splits: 3
Reward: 38053.7104816 Total splits: 288 Good splits: 279 Marginal splits: 2
Reward: 33817.4679451 Total splits: 302 Good splits: 289 Marginal splits: 2
Reward: 36357.7596401 Total splits: 303 Good splits: 296 Marginal splits: 3
Reward: 35609.3240513 Total splits: 302 Good splits: 293 Marginal splits: 1
Reward: 36915.7243727 Total splits: 326 Good splits: 318 Marginal splits: 7
Reward: 36839.549866 Total splits: 320 Good splits: 305 Marginal splits: 5
Reward: 38363.6114228 Total splits: 311 Good splits: 301 Marginal splits: 3
Reward: 37848.9297925 Total splits: 312 Good splits: 300 Marginal splits: 4
Reward: 38298.2640502 Total splits: 310 Good splits: 296 Marginal splits: 1
Reward: 37087.3957853 Total splits: 317 Good splits: 307 Marginal splits: 1
Reward: 40252.3089775 Total splits: 314 Good splits: 296 Marginal splits: 3
Reward: 36364.721489 Total splits: 301 Good splits: 283 Marginal splits: 4
Reward: 37197.9099468 Total splits: 319 Good splits: 308 Marginal splits: 3
Reward: 33349.9082778 Total splits: 312 Good splits: 298 Marginal splits: 3
Reward: 38557.4646809 Total splits: 317 Good splits: 298 Marginal splits: 3
Reward: 35586.027414 Total splits: 295 Good splits: 281 Marginal splits: 1
Reward: 39830.7806909 Total splits: 323 Good splits: 311 Marginal splits: 1
Reward: 37911.4339787 Total splits: 323 Good splits: 309 Marginal splits: 4
Reward: 38866.8353047 Total splits: 317 Good splits: 306 Marginal splits: 1
Reward: 36422.99308 Total splits: 323 Good splits: 313 Marginal splits: 2
Reward: 37064.9533007 Total splits: 316 Good splits: 302 Marginal splits: 4
Reward: 35573.6623099 Total splits: 307 Good splits: 297 Marginal splits: 2
Reward: 36603.9302847 Total splits: 306 Good splits: 294 Marginal splits: 1
Reward: 36404.3912246 Total splits: 293 Good splits: 277 Marginal splits: 1
Reward: 37843.4380744 Total splits: 316 Good splits: 299 Marginal splits: 1
Reward: 38006.0710081 Total splits: 307 Good splits: 294 Marginal splits: 2
Reward: 40196.7382091 Total splits: 312 Good splits: 303 Marginal splits: 4
Reward: 38609.9320987 Total splits: 315 Good splits: 299 Marginal splits: 1
Reward: 37880.3685418 Total splits: 301 Good splits: 295 Marginal splits: 2
Reward: 36584.0684194 Total splits: 304 Good splits: 292 Marginal splits: 3
Reward: 37015.3608059 Total splits: 307 Good splits: 299 Marginal splits: 2
Reward: 34735.6967626 Total splits: 297 Good splits: 287 Marginal splits: 3
Reward: 36525.7781705 Total splits: 299 Good splits: 289 Marginal splits: 4

Total results after running 200 tests
Average total rewards : 37115.1328701
Average total splits  : 312.04
Average good splits   : 300.17
Average good splits % : 96.1960005128

Reward: 36320.9083854 Total splits: 305 Good splits: 292 Marginal splits: 2
Reward: 36135.8015369 Total splits: 299 Good splits: 284 Marginal splits: 3
Reward: 39249.4080869 Total splits: 315 Good splits: 304 Marginal splits: 3
Reward: 35039.8939979 Total splits: 318 Good splits: 308 Marginal splits: 0
Reward: 35460.6016414 Total splits: 323 Good splits: 312 Marginal splits: 3
Reward: 36333.6335815 Total splits: 294 Good splits: 280 Marginal splits: 2
Reward: 36871.8522843 Total splits: 309 Good splits: 298 Marginal splits: 3
Reward: 37406.7676878 Total splits: 316 Good splits: 307 Marginal splits: 3
Reward: 39563.8347444 Total splits: 315 Good splits: 305 Marginal splits: 6
Reward: 36603.1954325 Total splits: 303 Good splits: 293 Marginal splits: 8
Reward: 39213.1494206 Total splits: 315 Good splits: 304 Marginal splits: 5
Reward: 35750.7513891 Total splits: 300 Good splits: 289 Marginal splits: 3
Reward: 38075.4001089 Total splits: 320 Good splits: 311 Marginal splits: 5
Reward: 35810.395413 Total splits: 316 Good splits: 303 Marginal splits: 3
Reward: 38720.6738507 Total splits: 314 Good splits: 307 Marginal splits: 1
Reward: 35261.13464 Total splits: 315 Good splits: 298 Marginal splits: 4
Reward: 37585.2267317 Total splits: 317 Good splits: 306 Marginal splits: 3
Reward: 36083.343254 Total splits: 321 Good splits: 318 Marginal splits: 4
Reward: 37984.2450654 Total splits: 318 Good splits: 308 Marginal splits: 1
Reward: 39505.7866422 Total splits: 296 Good splits: 286 Marginal splits: 3
Reward: 36908.9184463 Total splits: 311 Good splits: 296 Marginal splits: 3
Reward: 35754.1336347 Total splits: 328 Good splits: 312 Marginal splits: 2
Reward: 37709.1977546 Total splits: 317 Good splits: 305 Marginal splits: 7
Reward: 36924.0996315 Total splits: 310 Good splits: 299 Marginal splits: 5
Reward: 36786.8829769 Total splits: 327 Good splits: 319 Marginal splits: 3
Reward: 37162.8090511 Total splits: 313 Good splits: 297 Marginal splits: 1
Reward: 37540.342139 Total splits: 316 Good splits: 301 Marginal splits: 1
Reward: 37181.7310389 Total splits: 316 Good splits: 301 Marginal splits: 4
Reward: 35845.4223844 Total splits: 301 Good splits: 289 Marginal splits: 2
Reward: 37010.1054525 Total splits: 321 Good splits: 309 Marginal splits: 5
Reward: 35945.690738 Total splits: 315 Good splits: 303 Marginal splits: 5
Reward: 36554.0977987 Total splits: 312 Good splits: 305 Marginal splits: 5
Reward: 37754.804757 Total splits: 308 Good splits: 296 Marginal splits: 3
Reward: 38814.4943804 Total splits: 309 Good splits: 297 Marginal splits: 1
Reward: 36746.9587504 Total splits: 307 Good splits: 290 Marginal splits: 4
Reward: 38505.7718091 Total splits: 294 Good splits: 283 Marginal splits: 1
Reward: 37255.9487312 Total splits: 310 Good splits: 293 Marginal splits: 2
Reward: 39312.7097835 Total splits: 317 Good splits: 309 Marginal splits: 3
Reward: 35921.0669092 Total splits: 309 Good splits: 292 Marginal splits: 3
Reward: 36924.2831906 Total splits: 323 Good splits: 311 Marginal splits: 1
Reward: 36486.708778 Total splits: 325 Good splits: 315 Marginal splits: 1
Reward: 38703.4920452 Total splits: 324 Good splits: 316 Marginal splits: 5
Reward: 35992.1174481 Total splits: 312 Good splits: 302 Marginal splits: 9
Reward: 35870.9537517 Total splits: 309 Good splits: 300 Marginal splits: 6
Reward: 36840.4505614 Total splits: 297 Good splits: 290 Marginal splits: 1
Reward: 38506.8365557 Total splits: 303 Good splits: 295 Marginal splits: 4
Reward: 36255.1539546 Total splits: 308 Good splits: 297 Marginal splits: 4
Reward: 37726.973242 Total splits: 308 Good splits: 296 Marginal splits: 6
Reward: 37231.4866296 Total splits: 318 Good splits: 302 Marginal splits: 0
Reward: 34938.7984299 Total splits: 291 Good splits: 288 Marginal splits: 5
Reward: 35631.8522871 Total splits: 306 Good splits: 291 Marginal splits: 3
Reward: 39218.5421267 Total splits: 332 Good splits: 320 Marginal splits: 7
Reward: 36863.6527479 Total splits: 319 Good splits: 302 Marginal splits: 3
Reward: 36839.3373498 Total splits: 317 Good splits: 307 Marginal splits: 4
Reward: 36991.4508619 Total splits: 286 Good splits: 277 Marginal splits: 3
Reward: 37608.4445505 Total splits: 321 Good splits: 311 Marginal splits: 5
Reward: 33947.4838549 Total splits: 307 Good splits: 296 Marginal splits: 2
Reward: 36500.0770551 Total splits: 315 Good splits: 309 Marginal splits: 2
Reward: 36658.1584846 Total splits: 329 Good splits: 314 Marginal splits: 0
Reward: 36896.356867 Total splits: 298 Good splits: 289 Marginal splits: 0
Reward: 37639.614606 Total splits: 299 Good splits: 287 Marginal splits: 0
Reward: 36501.8744238 Total splits: 306 Good splits: 294 Marginal splits: 3
Reward: 38902.5004917 Total splits: 322 Good splits: 307 Marginal splits: 4
Reward: 35543.6065525 Total splits: 324 Good splits: 314 Marginal splits: 6
Reward: 38460.1427644 Total splits: 303 Good splits: 293 Marginal splits: 2
Reward: 38018.501983 Total splits: 318 Good splits: 309 Marginal splits: 3
Reward: 37801.1895439 Total splits: 301 Good splits: 285 Marginal splits: 3
Reward: 36575.5523652 Total splits: 310 Good splits: 294 Marginal splits: 3
Reward: 36642.7484685 Total splits: 306 Good splits: 295 Marginal splits: 6
Reward: 34176.772735 Total splits: 332 Good splits: 317 Marginal splits: 4
Reward: 37719.2857969 Total splits: 310 Good splits: 302 Marginal splits: 2
Reward: 34787.8707201 Total splits: 306 Good splits: 299 Marginal splits: 2
Reward: 38202.1953933 Total splits: 327 Good splits: 312 Marginal splits: 8
Reward: 35986.2458582 Total splits: 323 Good splits: 305 Marginal splits: 2
Reward: 36919.1418624 Total splits: 298 Good splits: 291 Marginal splits: 2
Reward: 36148.3714264 Total splits: 308 Good splits: 300 Marginal splits: 6
Reward: 36614.3398777 Total splits: 313 Good splits: 300 Marginal splits: 5
Reward: 36577.0623931 Total splits: 293 Good splits: 283 Marginal splits: 3
Reward: 37973.8789549 Total splits: 330 Good splits: 319 Marginal splits: 5
Reward: 35755.3985612 Total splits: 311 Good splits: 302 Marginal splits: 3
Reward: 40094.5781253 Total splits: 316 Good splits: 302 Marginal splits: 2
Reward: 34226.1538099 Total splits: 315 Good splits: 302 Marginal splits: 5
Reward: 37813.927018 Total splits: 312 Good splits: 298 Marginal splits: 3
Reward: 35507.0299359 Total splits: 327 Good splits: 319 Marginal splits: 2
Reward: 37084.6971538 Total splits: 331 Good splits: 316 Marginal splits: 3
Reward: 36616.5011935 Total splits: 298 Good splits: 289 Marginal splits: 3
Reward: 38500.3905499 Total splits: 323 Good splits: 309 Marginal splits: 4
Reward: 37279.0971441 Total splits: 304 Good splits: 296 Marginal splits: 3
Reward: 38314.2722784 Total splits: 308 Good splits: 300 Marginal splits: 2
Reward: 37615.1014476 Total splits: 295 Good splits: 282 Marginal splits: 2
Reward: 37361.2198074 Total splits: 299 Good splits: 290 Marginal splits: 4
Reward: 34080.5684312 Total splits: 287 Good splits: 271 Marginal splits: 2
Reward: 37824.7610292 Total splits: 301 Good splits: 289 Marginal splits: 4
Reward: 35009.115887 Total splits: 317 Good splits: 310 Marginal splits: 5
Reward: 38063.4521987 Total splits: 324 Good splits: 310 Marginal splits: 2
Reward: 37862.3025974 Total splits: 322 Good splits: 313 Marginal splits: 1
Reward: 36314.3835819 Total splits: 295 Good splits: 287 Marginal splits: 1
Reward: 38409.4167855 Total splits: 311 Good splits: 299 Marginal splits: 6
Reward: 34516.0498001 Total splits: 316 Good splits: 300 Marginal splits: 3
Reward: 36688.4245877 Total splits: 301 Good splits: 290 Marginal splits: 4
Reward: 36242.1046659 Total splits: 304 Good splits: 295 Marginal splits: 4
Reward: 39173.3810229 Total splits: 313 Good splits: 298 Marginal splits: 2
Reward: 36153.1844799 Total splits: 309 Good splits: 294 Marginal splits: 7
Reward: 36966.908221 Total splits: 305 Good splits: 296 Marginal splits: 1
Reward: 38275.7405408 Total splits: 306 Good splits: 294 Marginal splits: 3
Reward: 39147.9685475 Total splits: 298 Good splits: 287 Marginal splits: 4
Reward: 37663.5857941 Total splits: 300 Good splits: 290 Marginal splits: 3
Reward: 39250.0266812 Total splits: 336 Good splits: 316 Marginal splits: 8
Reward: 36487.7205566 Total splits: 324 Good splits: 306 Marginal splits: 4
Reward: 39558.4333814 Total splits: 335 Good splits: 323 Marginal splits: 1
Reward: 35920.3915525 Total splits: 317 Good splits: 303 Marginal splits: 6
Reward: 38981.1459939 Total splits: 299 Good splits: 291 Marginal splits: 4
Reward: 37028.4550951 Total splits: 322 Good splits: 308 Marginal splits: 4
Reward: 37917.8475159 Total splits: 307 Good splits: 297 Marginal splits: 1
Reward: 35275.8571432 Total splits: 325 Good splits: 316 Marginal splits: 1
Reward: 36428.3767134 Total splits: 325 Good splits: 316 Marginal splits: 7
Reward: 38352.7874932 Total splits: 314 Good splits: 305 Marginal splits: 3
Reward: 34888.7457311 Total splits: 323 Good splits: 318 Marginal splits: 4
Reward: 35769.0648761 Total splits: 305 Good splits: 294 Marginal splits: 4
Reward: 39375.9269665 Total splits: 309 Good splits: 301 Marginal splits: 4
Reward: 34983.0074044 Total splits: 303 Good splits: 297 Marginal splits: 4
Reward: 36356.9484505 Total splits: 307 Good splits: 294 Marginal splits: 4
Reward: 36317.7678283 Total splits: 306 Good splits: 297 Marginal splits: 1
Reward: 38223.7602716 Total splits: 315 Good splits: 303 Marginal splits: 1
Reward: 36529.7922639 Total splits: 299 Good splits: 286 Marginal splits: 1
Reward: 37509.5015021 Total splits: 312 Good splits: 299 Marginal splits: 3
Reward: 38422.1744401 Total splits: 314 Good splits: 309 Marginal splits: 1
Reward: 35294.5323154 Total splits: 318 Good splits: 307 Marginal splits: 1
Reward: 34789.5452664 Total splits: 307 Good splits: 295 Marginal splits: 4
Reward: 36637.1503002 Total splits: 305 Good splits: 294 Marginal splits: 1
Reward: 38175.8718069 Total splits: 312 Good splits: 303 Marginal splits: 3
Reward: 37886.3677562 Total splits: 305 Good splits: 293 Marginal splits: 2
Reward: 35670.8168258 Total splits: 319 Good splits: 305 Marginal splits: 4
Reward: 37919.3771354 Total splits: 326 Good splits: 312 Marginal splits: 5
Reward: 38807.2076504 Total splits: 306 Good splits: 293 Marginal splits: 4
Reward: 37228.6728884 Total splits: 351 Good splits: 334 Marginal splits: 7
Reward: 38079.8995617 Total splits: 310 Good splits: 298 Marginal splits: 3
Reward: 35927.9956039 Total splits: 307 Good splits: 292 Marginal splits: 3
Reward: 36867.413105 Total splits: 327 Good splits: 317 Marginal splits: 4
Reward: 35615.3583348 Total splits: 314 Good splits: 303 Marginal splits: 3
Reward: 37142.0476413 Total splits: 317 Good splits: 308 Marginal splits: 3
Reward: 35895.176674 Total splits: 333 Good splits: 315 Marginal splits: 2
Reward: 38544.3055349 Total splits: 303 Good splits: 295 Marginal splits: 3
Reward: 37121.7876618 Total splits: 322 Good splits: 312 Marginal splits: 4
Reward: 37548.4784433 Total splits: 325 Good splits: 310 Marginal splits: 5
Reward: 38378.0159103 Total splits: 319 Good splits: 305 Marginal splits: 5
Reward: 36433.78526 Total splits: 313 Good splits: 303 Marginal splits: 4
Reward: 36344.3069031 Total splits: 314 Good splits: 301 Marginal splits: 3
Reward: 40380.2076782 Total splits: 323 Good splits: 317 Marginal splits: 3
Reward: 36990.3374296 Total splits: 303 Good splits: 295 Marginal splits: 1
Reward: 39717.0204312 Total splits: 302 Good splits: 291 Marginal splits: 2
Reward: 36037.3947246 Total splits: 317 Good splits: 301 Marginal splits: 2
Reward: 38164.644511 Total splits: 310 Good splits: 300 Marginal splits: 3
Reward: 35463.4210812 Total splits: 311 Good splits: 297 Marginal splits: 2
Reward: 38123.2431494 Total splits: 321 Good splits: 306 Marginal splits: 3
Reward: 38555.2768163 Total splits: 317 Good splits: 309 Marginal splits: 4
Reward: 37581.0389131 Total splits: 307 Good splits: 292 Marginal splits: 3
Reward: 35509.3002063 Total splits: 302 Good splits: 293 Marginal splits: 2
Reward: 35482.350578 Total splits: 305 Good splits: 293 Marginal splits: 2
Reward: 36719.9996522 Total splits: 313 Good splits: 293 Marginal splits: 3
Reward: 37995.3442022 Total splits: 311 Good splits: 296 Marginal splits: 1
Reward: 36686.1627301 Total splits: 317 Good splits: 297 Marginal splits: 2
Reward: 37523.2225827 Total splits: 327 Good splits: 317 Marginal splits: 5
Reward: 35872.4912462 Total splits: 319 Good splits: 309 Marginal splits: 7
Reward: 35458.4909622 Total splits: 328 Good splits: 315 Marginal splits: 2
Reward: 38198.146053 Total splits: 318 Good splits: 306 Marginal splits: 2
Reward: 36816.747514 Total splits: 306 Good splits: 297 Marginal splits: 0
Reward: 37755.1327291 Total splits: 315 Good splits: 302 Marginal splits: 4
Reward: 34665.6940182 Total splits: 310 Good splits: 299 Marginal splits: 1
Reward: 36315.0896441 Total splits: 308 Good splits: 298 Marginal splits: 5
Reward: 36856.0235133 Total splits: 321 Good splits: 311 Marginal splits: 2
Reward: 35810.6016753 Total splits: 325 Good splits: 319 Marginal splits: 4
Reward: 38173.8721717 Total splits: 314 Good splits: 306 Marginal splits: 3
Reward: 39233.9366965 Total splits: 305 Good splits: 293 Marginal splits: 4
Reward: 35262.4912254 Total splits: 321 Good splits: 314 Marginal splits: 6
Reward: 36480.4176367 Total splits: 302 Good splits: 291 Marginal splits: 3
Reward: 36246.0653843 Total splits: 313 Good splits: 294 Marginal splits: 5
Reward: 38641.5589186 Total splits: 323 Good splits: 313 Marginal splits: 6
Reward: 35864.2629221 Total splits: 303 Good splits: 292 Marginal splits: 2
Reward: 39327.3106247 Total splits: 321 Good splits: 313 Marginal splits: 3
Reward: 34910.2961257 Total splits: 322 Good splits: 303 Marginal splits: 2
Reward: 35022.1881988 Total splits: 312 Good splits: 302 Marginal splits: 3
Reward: 36825.9003881 Total splits: 315 Good splits: 294 Marginal splits: 1
Reward: 37044.7624717 Total splits: 333 Good splits: 317 Marginal splits: 5
Reward: 37846.5884895 Total splits: 305 Good splits: 300 Marginal splits: 3
Reward: 39263.6260364 Total splits: 308 Good splits: 299 Marginal splits: 4
Reward: 36491.1536268 Total splits: 313 Good splits: 297 Marginal splits: 1
Reward: 37514.0531567 Total splits: 313 Good splits: 300 Marginal splits: 3
Reward: 35732.7885937 Total splits: 305 Good splits: 287 Marginal splits: 6
Reward: 36287.8559253 Total splits: 305 Good splits: 294 Marginal splits: 1
Reward: 37427.6148213 Total splits: 298 Good splits: 292 Marginal splits: 4
Reward: 36245.9154543 Total splits: 307 Good splits: 298 Marginal splits: 6
Reward: 37034.8440428 Total splits: 305 Good splits: 295 Marginal splits: 3
Reward: 36868.7302824 Total splits: 306 Good splits: 296 Marginal splits: 4
Reward: 38967.8004023 Total splits: 307 Good splits: 290 Marginal splits: 3
Reward: 37038.2441061 Total splits: 298 Good splits: 291 Marginal splits: 3
Reward: 36383.2398872 Total splits: 316 Good splits: 303 Marginal splits: 2
Reward: 38727.08935 Total splits: 305 Good splits: 301 Marginal splits: 5
Reward: 38373.6351955 Total splits: 299 Good splits: 285 Marginal splits: 5
Reward: 37555.2312101 Total splits: 312 Good splits: 304 Marginal splits: 2

Total results after running 200 tests
Average total rewards : 37051.7455604
Average total splits  : 312.335
Average good splits   : 300.81
Average good splits % : 96.3100517073

Reward: 38242.6466101 Total splits: 304 Good splits: 293 Marginal splits: 4
Reward: 34759.5972548 Total splits: 326 Good splits: 318 Marginal splits: 7
Reward: 38454.2496859 Total splits: 336 Good splits: 320 Marginal splits: 1
Reward: 34028.2244661 Total splits: 317 Good splits: 309 Marginal splits: 7
Reward: 36655.2926013 Total splits: 308 Good splits: 300 Marginal splits: 3
Reward: 36536.3370003 Total splits: 318 Good splits: 309 Marginal splits: 3
Reward: 37091.4577529 Total splits: 311 Good splits: 302 Marginal splits: 4
Reward: 39000.1956135 Total splits: 311 Good splits: 301 Marginal splits: 4
Reward: 38223.5731821 Total splits: 318 Good splits: 302 Marginal splits: 4
Reward: 36334.9032033 Total splits: 293 Good splits: 277 Marginal splits: 2
Reward: 40325.0189737 Total splits: 310 Good splits: 301 Marginal splits: 3
Reward: 35895.5524848 Total splits: 294 Good splits: 281 Marginal splits: 1
Reward: 39109.3096511 Total splits: 316 Good splits: 302 Marginal splits: 4
Reward: 34498.5181517 Total splits: 294 Good splits: 283 Marginal splits: 4
Reward: 39077.4280333 Total splits: 317 Good splits: 308 Marginal splits: 3
Reward: 35206.3036471 Total splits: 333 Good splits: 321 Marginal splits: 3
Reward: 36998.1783702 Total splits: 337 Good splits: 325 Marginal splits: 4
Reward: 36663.2392518 Total splits: 332 Good splits: 321 Marginal splits: 3
Reward: 35812.3345729 Total splits: 315 Good splits: 307 Marginal splits: 3
Reward: 38171.9522196 Total splits: 325 Good splits: 311 Marginal splits: 0
Reward: 37526.4478957 Total splits: 321 Good splits: 306 Marginal splits: 1
Reward: 35476.6303431 Total splits: 311 Good splits: 301 Marginal splits: 2
Reward: 36839.3975848 Total splits: 322 Good splits: 310 Marginal splits: 3
Reward: 37194.6137135 Total splits: 331 Good splits: 316 Marginal splits: 3
Reward: 35527.6548671 Total splits: 296 Good splits: 289 Marginal splits: 2
Reward: 35476.174674 Total splits: 319 Good splits: 308 Marginal splits: 3
Reward: 38588.9479886 Total splits: 337 Good splits: 322 Marginal splits: 5
Reward: 38580.2798804 Total splits: 303 Good splits: 293 Marginal splits: 0
Reward: 36601.2267872 Total splits: 311 Good splits: 300 Marginal splits: 5
Reward: 38192.1922756 Total splits: 312 Good splits: 296 Marginal splits: 2
Reward: 37198.3584596 Total splits: 305 Good splits: 295 Marginal splits: 1
Reward: 38833.8297123 Total splits: 316 Good splits: 309 Marginal splits: 0
Reward: 36172.9968573 Total splits: 318 Good splits: 306 Marginal splits: 6
Reward: 38090.5739485 Total splits: 293 Good splits: 283 Marginal splits: 3
Reward: 37490.9881086 Total splits: 311 Good splits: 302 Marginal splits: 2
Reward: 37536.6963492 Total splits: 315 Good splits: 305 Marginal splits: 3
Reward: 38011.0211054 Total splits: 306 Good splits: 296 Marginal splits: 6
Reward: 39354.8933258 Total splits: 296 Good splits: 288 Marginal splits: 5
Reward: 36805.2010541 Total splits: 305 Good splits: 291 Marginal splits: 5
Reward: 37642.3014259 Total splits: 314 Good splits: 305 Marginal splits: 5
Reward: 35759.1006018 Total splits: 304 Good splits: 294 Marginal splits: 2
Reward: 35881.9871587 Total splits: 321 Good splits: 303 Marginal splits: 3
Reward: 36173.0962868 Total splits: 317 Good splits: 308 Marginal splits: 8
Reward: 35169.7387912 Total splits: 311 Good splits: 301 Marginal splits: 4
Reward: 35828.3228012 Total splits: 320 Good splits: 308 Marginal splits: 2
Reward: 38499.9595043 Total splits: 323 Good splits: 308 Marginal splits: 4
Reward: 35548.5469611 Total splits: 311 Good splits: 300 Marginal splits: 2
Reward: 35970.6628264 Total splits: 316 Good splits: 310 Marginal splits: 2
Reward: 37138.6546049 Total splits: 305 Good splits: 296 Marginal splits: 1
Reward: 38780.0787453 Total splits: 309 Good splits: 300 Marginal splits: 3
Reward: 35122.8955095 Total splits: 308 Good splits: 289 Marginal splits: 5
Reward: 39952.314961 Total splits: 314 Good splits: 302 Marginal splits: 3
Reward: 36170.4366861 Total splits: 305 Good splits: 293 Marginal splits: 2
Reward: 36743.6453611 Total splits: 318 Good splits: 307 Marginal splits: 8
Reward: 35924.0417718 Total splits: 307 Good splits: 296 Marginal splits: 3
Reward: 38430.9751739 Total splits: 309 Good splits: 293 Marginal splits: 1
Reward: 36498.4679389 Total splits: 311 Good splits: 304 Marginal splits: 1
Reward: 37841.5450423 Total splits: 332 Good splits: 324 Marginal splits: 5
Reward: 37803.487298 Total splits: 320 Good splits: 310 Marginal splits: 7
Reward: 36069.5904155 Total splits: 308 Good splits: 293 Marginal splits: 3
Reward: 37576.4660277 Total splits: 298 Good splits: 289 Marginal splits: 3
Reward: 35966.6956834 Total splits: 307 Good splits: 290 Marginal splits: 3
Reward: 37749.5255775 Total splits: 312 Good splits: 300 Marginal splits: 8
Reward: 33205.0348251 Total splits: 283 Good splits: 276 Marginal splits: 5
Reward: 36464.3862732 Total splits: 337 Good splits: 324 Marginal splits: 6
Reward: 34742.832078 Total splits: 323 Good splits: 305 Marginal splits: 8
Reward: 38401.432394 Total splits: 316 Good splits: 300 Marginal splits: 5
Reward: 37726.6166662 Total splits: 294 Good splits: 280 Marginal splits: 3
Reward: 38624.4759135 Total splits: 295 Good splits: 285 Marginal splits: 1
Reward: 37188.7805802 Total splits: 304 Good splits: 293 Marginal splits: 3
Reward: 35622.6758251 Total splits: 309 Good splits: 301 Marginal splits: 6
Reward: 34577.3611105 Total splits: 300 Good splits: 290 Marginal splits: 2
Reward: 39581.7768726 Total splits: 303 Good splits: 285 Marginal splits: 3
Reward: 35087.7776763 Total splits: 304 Good splits: 294 Marginal splits: 6
Reward: 39575.5099327 Total splits: 297 Good splits: 281 Marginal splits: 3
Reward: 37373.040676 Total splits: 295 Good splits: 284 Marginal splits: 1
Reward: 38035.0400279 Total splits: 308 Good splits: 300 Marginal splits: 2
Reward: 38983.1515981 Total splits: 304 Good splits: 290 Marginal splits: 4
Reward: 38568.8326381 Total splits: 326 Good splits: 318 Marginal splits: 2
Reward: 35764.2718995 Total splits: 303 Good splits: 291 Marginal splits: 2
Reward: 36024.3266792 Total splits: 329 Good splits: 312 Marginal splits: 3
Reward: 34708.4076378 Total splits: 313 Good splits: 299 Marginal splits: 5
Reward: 37834.1390122 Total splits: 309 Good splits: 293 Marginal splits: 4
Reward: 35857.2699132 Total splits: 320 Good splits: 307 Marginal splits: 2
Reward: 39084.1295109 Total splits: 301 Good splits: 297 Marginal splits: 1
Reward: 37169.3371197 Total splits: 309 Good splits: 294 Marginal splits: 0
Reward: 39684.4175109 Total splits: 332 Good splits: 315 Marginal splits: 3
Reward: 38440.7644155 Total splits: 310 Good splits: 303 Marginal splits: 1
Reward: 35564.9368717 Total splits: 326 Good splits: 316 Marginal splits: 8
Reward: 36709.8979057 Total splits: 292 Good splits: 281 Marginal splits: 3
Reward: 35935.4916321 Total splits: 309 Good splits: 297 Marginal splits: 5
Reward: 35412.980548 Total splits: 299 Good splits: 290 Marginal splits: 5
Reward: 34487.2424239 Total splits: 302 Good splits: 291 Marginal splits: 5
Reward: 36080.9817179 Total splits: 326 Good splits: 311 Marginal splits: 2
Reward: 37845.2853834 Total splits: 296 Good splits: 287 Marginal splits: 3
Reward: 38515.1084864 Total splits: 325 Good splits: 314 Marginal splits: 3
Reward: 36363.6368424 Total splits: 309 Good splits: 298 Marginal splits: 0
Reward: 38521.3407856 Total splits: 303 Good splits: 290 Marginal splits: 2
Reward: 37480.6793038 Total splits: 304 Good splits: 296 Marginal splits: 2
Reward: 38462.927871 Total splits: 291 Good splits: 278 Marginal splits: 2
Reward: 35281.6765123 Total splits: 318 Good splits: 312 Marginal splits: 5
Reward: 37800.4271014 Total splits: 306 Good splits: 289 Marginal splits: 3
Reward: 36475.4090713 Total splits: 318 Good splits: 308 Marginal splits: 3
Reward: 37311.3599495 Total splits: 320 Good splits: 309 Marginal splits: 3
Reward: 39254.349848 Total splits: 312 Good splits: 298 Marginal splits: 3
Reward: 37793.0458935 Total splits: 317 Good splits: 296 Marginal splits: 2
Reward: 37647.6243453 Total splits: 304 Good splits: 298 Marginal splits: 1
Reward: 38381.7016852 Total splits: 299 Good splits: 281 Marginal splits: 4
Reward: 35960.2784978 Total splits: 329 Good splits: 321 Marginal splits: 4
Reward: 39835.2665542 Total splits: 319 Good splits: 310 Marginal splits: 4
Reward: 36251.8225393 Total splits: 310 Good splits: 302 Marginal splits: 3
Reward: 38818.7763905 Total splits: 316 Good splits: 306 Marginal splits: 1
Reward: 36013.3609602 Total splits: 324 Good splits: 314 Marginal splits: 7
Reward: 35635.1756659 Total splits: 306 Good splits: 299 Marginal splits: 4
Reward: 36015.6106112 Total splits: 315 Good splits: 299 Marginal splits: 0
Reward: 39005.1721278 Total splits: 319 Good splits: 308 Marginal splits: 5
Reward: 37748.6220215 Total splits: 310 Good splits: 302 Marginal splits: 6
Reward: 38351.741687 Total splits: 306 Good splits: 296 Marginal splits: 2
Reward: 35419.4006455 Total splits: 315 Good splits: 298 Marginal splits: 5
Reward: 36786.842371 Total splits: 309 Good splits: 299 Marginal splits: 6
Reward: 35025.2959339 Total splits: 310 Good splits: 297 Marginal splits: 5
Reward: 35761.3683514 Total splits: 308 Good splits: 294 Marginal splits: 5
Reward: 35798.6438108 Total splits: 328 Good splits: 322 Marginal splits: 2
Reward: 37192.4371877 Total splits: 320 Good splits: 305 Marginal splits: 1
Reward: 34774.4700166 Total splits: 317 Good splits: 300 Marginal splits: 2
Reward: 37794.4323049 Total splits: 302 Good splits: 292 Marginal splits: 3
Reward: 37902.2762082 Total splits: 312 Good splits: 295 Marginal splits: 2
Reward: 37698.4447548 Total splits: 308 Good splits: 301 Marginal splits: 6
Reward: 36575.3659305 Total splits: 323 Good splits: 313 Marginal splits: 4
Reward: 37800.0675262 Total splits: 305 Good splits: 299 Marginal splits: 3
Reward: 36104.6299774 Total splits: 312 Good splits: 304 Marginal splits: 3
Reward: 36412.9506327 Total splits: 313 Good splits: 304 Marginal splits: 1
Reward: 37514.6625917 Total splits: 305 Good splits: 290 Marginal splits: 3
Reward: 36571.5068794 Total splits: 317 Good splits: 307 Marginal splits: 2
Reward: 38561.3352752 Total splits: 325 Good splits: 308 Marginal splits: 5
Reward: 38025.4963835 Total splits: 317 Good splits: 300 Marginal splits: 4
Reward: 37377.7007647 Total splits: 310 Good splits: 297 Marginal splits: 5
Reward: 37479.7463294 Total splits: 323 Good splits: 312 Marginal splits: 3
Reward: 39142.4140931 Total splits: 319 Good splits: 311 Marginal splits: 6
Reward: 36410.8323151 Total splits: 291 Good splits: 275 Marginal splits: 3
Reward: 37900.9138322 Total splits: 316 Good splits: 299 Marginal splits: 5
Reward: 37342.8825099 Total splits: 332 Good splits: 315 Marginal splits: 1
Reward: 38346.4546066 Total splits: 301 Good splits: 284 Marginal splits: 4
Reward: 37369.8530557 Total splits: 303 Good splits: 296 Marginal splits: 2
Reward: 38637.7023567 Total splits: 308 Good splits: 298 Marginal splits: 5
Reward: 38148.5464393 Total splits: 314 Good splits: 305 Marginal splits: 3
Reward: 38028.6350747 Total splits: 320 Good splits: 310 Marginal splits: 2
Reward: 35448.8774277 Total splits: 321 Good splits: 308 Marginal splits: 4
Reward: 39583.7968596 Total splits: 315 Good splits: 304 Marginal splits: 1
Reward: 35545.9433511 Total splits: 319 Good splits: 301 Marginal splits: 2
Reward: 37695.8139729 Total splits: 323 Good splits: 309 Marginal splits: 3
Reward: 36066.7812963 Total splits: 297 Good splits: 288 Marginal splits: 6
Reward: 37017.7988107 Total splits: 320 Good splits: 310 Marginal splits: 4
Reward: 35430.1748968 Total splits: 324 Good splits: 307 Marginal splits: 1
Reward: 39107.0348948 Total splits: 329 Good splits: 319 Marginal splits: 3
Reward: 38251.8868548 Total splits: 325 Good splits: 311 Marginal splits: 6
Reward: 36382.0258695 Total splits: 320 Good splits: 304 Marginal splits: 5
Reward: 37616.3795385 Total splits: 322 Good splits: 313 Marginal splits: 3
Reward: 37351.270048 Total splits: 308 Good splits: 293 Marginal splits: 2
Reward: 37517.0641512 Total splits: 327 Good splits: 315 Marginal splits: 2
Reward: 38922.0012666 Total splits: 302 Good splits: 292 Marginal splits: 3
Reward: 35191.8030136 Total splits: 303 Good splits: 293 Marginal splits: 3
Reward: 37787.7189766 Total splits: 324 Good splits: 305 Marginal splits: 3
Reward: 37966.8623346 Total splits: 318 Good splits: 308 Marginal splits: 1
Reward: 37865.0901606 Total splits: 328 Good splits: 314 Marginal splits: 2
Reward: 38002.271863 Total splits: 313 Good splits: 297 Marginal splits: 1
Reward: 36193.1954279 Total splits: 309 Good splits: 292 Marginal splits: 5
Reward: 37615.1380839 Total splits: 318 Good splits: 311 Marginal splits: 4
Reward: 35458.6544164 Total splits: 309 Good splits: 298 Marginal splits: 4
Reward: 35515.451767 Total splits: 320 Good splits: 313 Marginal splits: 6
Reward: 37721.0507591 Total splits: 319 Good splits: 308 Marginal splits: 3
Reward: 36399.4803709 Total splits: 325 Good splits: 314 Marginal splits: 4
Reward: 38860.9463493 Total splits: 318 Good splits: 301 Marginal splits: 5
Reward: 36808.7337806 Total splits: 311 Good splits: 300 Marginal splits: 5
Reward: 38995.1917441 Total splits: 301 Good splits: 291 Marginal splits: 1
Reward: 37959.7496331 Total splits: 313 Good splits: 305 Marginal splits: 4
Reward: 36878.2518516 Total splits: 332 Good splits: 319 Marginal splits: 4
Reward: 40237.3628351 Total splits: 315 Good splits: 302 Marginal splits: 7
Reward: 35491.7727686 Total splits: 311 Good splits: 303 Marginal splits: 1
Reward: 37345.4785485 Total splits: 307 Good splits: 296 Marginal splits: 2
Reward: 35776.8354885 Total splits: 314 Good splits: 300 Marginal splits: 3
Reward: 39161.931963 Total splits: 294 Good splits: 283 Marginal splits: 5
Reward: 36489.4058456 Total splits: 308 Good splits: 296 Marginal splits: 2
Reward: 37692.8761105 Total splits: 304 Good splits: 295 Marginal splits: 5
Reward: 38345.623362 Total splits: 300 Good splits: 283 Marginal splits: 2
Reward: 39764.7383778 Total splits: 304 Good splits: 286 Marginal splits: 5
Reward: 35513.6347185 Total splits: 326 Good splits: 319 Marginal splits: 6
Reward: 39581.0334532 Total splits: 295 Good splits: 292 Marginal splits: 3
Reward: 35979.7140259 Total splits: 318 Good splits: 301 Marginal splits: 5
Reward: 38300.2080912 Total splits: 302 Good splits: 291 Marginal splits: 3
Reward: 35794.8415857 Total splits: 307 Good splits: 299 Marginal splits: 1
Reward: 37773.911094 Total splits: 330 Good splits: 323 Marginal splits: 0
Reward: 37984.8422543 Total splits: 327 Good splits: 313 Marginal splits: 2
Reward: 38070.7960821 Total splits: 303 Good splits: 288 Marginal splits: 3
Reward: 38067.1506289 Total splits: 301 Good splits: 291 Marginal splits: 3
Reward: 37960.3371978 Total splits: 337 Good splits: 322 Marginal splits: 2
Reward: 34762.9848481 Total splits: 308 Good splits: 298 Marginal splits: 4
Reward: 36020.7646843 Total splits: 302 Good splits: 287 Marginal splits: 1
Reward: 37693.8886106 Total splits: 323 Good splits: 317 Marginal splits: 2
Reward: 37191.7614588 Total splits: 300 Good splits: 287 Marginal splits: 2

Total results after running 200 tests
Average total rewards : 37170.881684
Average total splits  : 312.645
Average good splits   : 300.945
Average good splits % : 96.2577364103

Reward: 32819.4359754 Total splits: 333 Good splits: 321 Marginal splits: 6
Reward: 36763.5121298 Total splits: 304 Good splits: 293 Marginal splits: 4
Reward: 40827.8392412 Total splits: 329 Good splits: 315 Marginal splits: 3
Reward: 34554.5471403 Total splits: 308 Good splits: 295 Marginal splits: 5
Reward: 38613.0611219 Total splits: 314 Good splits: 304 Marginal splits: 2
Reward: 33337.4131498 Total splits: 313 Good splits: 301 Marginal splits: 3
Reward: 39723.8063053 Total splits: 301 Good splits: 292 Marginal splits: 2
Reward: 38843.8903933 Total splits: 314 Good splits: 298 Marginal splits: 1
Reward: 40158.9377045 Total splits: 289 Good splits: 277 Marginal splits: 2
Reward: 37136.266814 Total splits: 304 Good splits: 293 Marginal splits: 2
Reward: 38253.4317384 Total splits: 318 Good splits: 304 Marginal splits: 7
Reward: 36172.9798439 Total splits: 314 Good splits: 304 Marginal splits: 3
Reward: 39478.0766556 Total splits: 311 Good splits: 296 Marginal splits: 3
Reward: 37076.581918 Total splits: 315 Good splits: 300 Marginal splits: 2
Reward: 35276.724786 Total splits: 326 Good splits: 313 Marginal splits: 5
Reward: 34804.3411833 Total splits: 331 Good splits: 320 Marginal splits: 6
Reward: 37093.1198549 Total splits: 298 Good splits: 285 Marginal splits: 3
Reward: 37462.5892796 Total splits: 306 Good splits: 295 Marginal splits: 3
Reward: 37512.2350471 Total splits: 322 Good splits: 313 Marginal splits: 5
Reward: 38544.9088132 Total splits: 283 Good splits: 277 Marginal splits: 3
Reward: 37904.0973928 Total splits: 313 Good splits: 293 Marginal splits: 4
Reward: 35714.9597595 Total splits: 324 Good splits: 309 Marginal splits: 6
Reward: 37518.8906191 Total splits: 332 Good splits: 319 Marginal splits: 3
Reward: 36648.8934542 Total splits: 315 Good splits: 304 Marginal splits: 2
Reward: 36026.3889252 Total splits: 309 Good splits: 301 Marginal splits: 6
Reward: 36024.182894 Total splits: 312 Good splits: 300 Marginal splits: 2
Reward: 36152.2292003 Total splits: 331 Good splits: 319 Marginal splits: 5
Reward: 39322.5301204 Total splits: 312 Good splits: 299 Marginal splits: 5
Reward: 37163.8260784 Total splits: 340 Good splits: 328 Marginal splits: 8
Reward: 38704.1313698 Total splits: 323 Good splits: 315 Marginal splits: 6
Reward: 36116.0470443 Total splits: 308 Good splits: 297 Marginal splits: 4
Reward: 38766.0299978 Total splits: 312 Good splits: 305 Marginal splits: 3
Reward: 36132.0906628 Total splits: 304 Good splits: 290 Marginal splits: 4
Reward: 37018.0573503 Total splits: 300 Good splits: 290 Marginal splits: 0
Reward: 37360.1174011 Total splits: 320 Good splits: 305 Marginal splits: 1
Reward: 38745.1811532 Total splits: 310 Good splits: 301 Marginal splits: 8
Reward: 37977.2470097 Total splits: 326 Good splits: 316 Marginal splits: 3
Reward: 35853.2132521 Total splits: 307 Good splits: 292 Marginal splits: 7
Reward: 36128.1609016 Total splits: 320 Good splits: 309 Marginal splits: 1
Reward: 38328.3749235 Total splits: 316 Good splits: 309 Marginal splits: 1
Reward: 34702.8159893 Total splits: 312 Good splits: 302 Marginal splits: 4
Reward: 37783.9140071 Total splits: 320 Good splits: 307 Marginal splits: 0
Reward: 35666.2258901 Total splits: 309 Good splits: 295 Marginal splits: 3
Reward: 37418.4222792 Total splits: 313 Good splits: 300 Marginal splits: 1
Reward: 36038.7997991 Total splits: 309 Good splits: 299 Marginal splits: 2
Reward: 37764.5907515 Total splits: 312 Good splits: 300 Marginal splits: 2
Reward: 35186.3432611 Total splits: 323 Good splits: 310 Marginal splits: 0
Reward: 37444.861905 Total splits: 324 Good splits: 310 Marginal splits: 2
Reward: 36979.5701171 Total splits: 297 Good splits: 286 Marginal splits: 1
Reward: 35550.8596669 Total splits: 318 Good splits: 307 Marginal splits: 3
Reward: 36405.2845781 Total splits: 306 Good splits: 296 Marginal splits: 6
Reward: 37572.8517444 Total splits: 306 Good splits: 292 Marginal splits: 5
Reward: 37468.6202903 Total splits: 312 Good splits: 295 Marginal splits: 0
Reward: 34574.6014912 Total splits: 314 Good splits: 305 Marginal splits: 5
Reward: 35251.2170188 Total splits: 310 Good splits: 301 Marginal splits: 4
Reward: 38124.6942761 Total splits: 297 Good splits: 290 Marginal splits: 4
Reward: 36907.8752616 Total splits: 304 Good splits: 293 Marginal splits: 2
Reward: 37720.5653182 Total splits: 319 Good splits: 305 Marginal splits: 3
Reward: 38282.8201936 Total splits: 327 Good splits: 321 Marginal splits: 3
Reward: 36438.5705151 Total splits: 320 Good splits: 310 Marginal splits: 2
Reward: 35866.6199628 Total splits: 306 Good splits: 292 Marginal splits: 1
Reward: 36813.1073164 Total splits: 336 Good splits: 325 Marginal splits: 5
Reward: 35432.2149353 Total splits: 304 Good splits: 293 Marginal splits: 2
Reward: 36760.0137802 Total splits: 331 Good splits: 319 Marginal splits: 5
Reward: 36196.7787957 Total splits: 331 Good splits: 320 Marginal splits: 7
Reward: 39049.6202393 Total splits: 323 Good splits: 315 Marginal splits: 3
Reward: 37489.6072559 Total splits: 311 Good splits: 301 Marginal splits: 4
Reward: 38756.6808048 Total splits: 321 Good splits: 302 Marginal splits: 4
Reward: 36675.0285965 Total splits: 287 Good splits: 281 Marginal splits: 1
Reward: 36952.5090575 Total splits: 290 Good splits: 279 Marginal splits: 4
Reward: 38479.2234792 Total splits: 291 Good splits: 281 Marginal splits: 4
Reward: 36059.6765484 Total splits: 322 Good splits: 305 Marginal splits: 2
Reward: 35952.402389 Total splits: 322 Good splits: 312 Marginal splits: 3
Reward: 36626.9545899 Total splits: 317 Good splits: 307 Marginal splits: 3
Reward: 36100.2044805 Total splits: 305 Good splits: 293 Marginal splits: 1
Reward: 35576.2664368 Total splits: 307 Good splits: 300 Marginal splits: 7
Reward: 37072.8668706 Total splits: 318 Good splits: 302 Marginal splits: 3
Reward: 38063.3334647 Total splits: 334 Good splits: 326 Marginal splits: 3
Reward: 36257.0582543 Total splits: 295 Good splits: 289 Marginal splits: 5
Reward: 37283.4003806 Total splits: 319 Good splits: 302 Marginal splits: 6
Reward: 39070.4437706 Total splits: 324 Good splits: 307 Marginal splits: 1
Reward: 34321.766568 Total splits: 304 Good splits: 294 Marginal splits: 4
Reward: 39944.752159 Total splits: 303 Good splits: 287 Marginal splits: 1
Reward: 35353.9818828 Total splits: 313 Good splits: 301 Marginal splits: 6
Reward: 38123.3694044 Total splits: 318 Good splits: 307 Marginal splits: 6
Reward: 36992.0562499 Total splits: 321 Good splits: 311 Marginal splits: 1
Reward: 38350.577463 Total splits: 328 Good splits: 317 Marginal splits: 3
Reward: 37396.622668 Total splits: 307 Good splits: 299 Marginal splits: 4
Reward: 35011.5446937 Total splits: 305 Good splits: 299 Marginal splits: 3
Reward: 36703.481983 Total splits: 295 Good splits: 282 Marginal splits: 4
Reward: 38198.8716245 Total splits: 338 Good splits: 325 Marginal splits: 6
Reward: 35081.6334583 Total splits: 311 Good splits: 299 Marginal splits: 2
Reward: 37057.5150303 Total splits: 320 Good splits: 311 Marginal splits: 2
Reward: 33688.6354136 Total splits: 303 Good splits: 296 Marginal splits: 3
Reward: 37951.8118837 Total splits: 316 Good splits: 305 Marginal splits: 2
Reward: 38008.2139014 Total splits: 317 Good splits: 304 Marginal splits: 4
Reward: 35445.351957 Total splits: 311 Good splits: 306 Marginal splits: 1
Reward: 38185.7502068 Total splits: 298 Good splits: 288 Marginal splits: 1
Reward: 36211.1029348 Total splits: 311 Good splits: 299 Marginal splits: 4
Reward: 37458.678479 Total splits: 304 Good splits: 294 Marginal splits: 3
Reward: 36377.9040585 Total splits: 317 Good splits: 298 Marginal splits: 2
Reward: 36743.1846122 Total splits: 308 Good splits: 295 Marginal splits: 2
Reward: 37531.2277714 Total splits: 303 Good splits: 287 Marginal splits: 3
Reward: 36467.6407823 Total splits: 310 Good splits: 300 Marginal splits: 4
Reward: 38449.6741341 Total splits: 324 Good splits: 313 Marginal splits: 1
Reward: 38802.1945569 Total splits: 305 Good splits: 296 Marginal splits: 4
Reward: 36855.3965343 Total splits: 314 Good splits: 303 Marginal splits: 2
Reward: 37084.5963953 Total splits: 309 Good splits: 300 Marginal splits: 3
Reward: 35312.4299087 Total splits: 285 Good splits: 270 Marginal splits: 3
Reward: 39258.5732888 Total splits: 307 Good splits: 298 Marginal splits: 3
Reward: 34420.6369085 Total splits: 300 Good splits: 294 Marginal splits: 3
Reward: 39106.0753373 Total splits: 316 Good splits: 302 Marginal splits: 2
Reward: 36849.6427716 Total splits: 321 Good splits: 305 Marginal splits: 1
Reward: 36922.693093 Total splits: 321 Good splits: 301 Marginal splits: 5
Reward: 36430.4259123 Total splits: 298 Good splits: 285 Marginal splits: 2
Reward: 39427.2450503 Total splits: 316 Good splits: 304 Marginal splits: 1
Reward: 37839.180311 Total splits: 325 Good splits: 315 Marginal splits: 3
Reward: 39159.5914546 Total splits: 310 Good splits: 294 Marginal splits: 1
Reward: 36908.6650522 Total splits: 317 Good splits: 303 Marginal splits: 3
Reward: 35637.8264518 Total splits: 300 Good splits: 294 Marginal splits: 3
Reward: 36453.8279404 Total splits: 305 Good splits: 293 Marginal splits: 3
Reward: 37390.2958017 Total splits: 323 Good splits: 317 Marginal splits: 3
Reward: 36485.3963581 Total splits: 318 Good splits: 311 Marginal splits: 3
Reward: 39967.1562725 Total splits: 315 Good splits: 297 Marginal splits: 3
Reward: 34805.1296995 Total splits: 307 Good splits: 298 Marginal splits: 3
Reward: 37430.5725654 Total splits: 320 Good splits: 311 Marginal splits: 3
Reward: 38086.2485002 Total splits: 304 Good splits: 298 Marginal splits: 3
Reward: 38129.8902784 Total splits: 315 Good splits: 303 Marginal splits: 4
Reward: 36523.3084003 Total splits: 310 Good splits: 302 Marginal splits: 1
Reward: 36851.3341577 Total splits: 308 Good splits: 298 Marginal splits: 2
Reward: 34669.3157984 Total splits: 310 Good splits: 303 Marginal splits: 3
Reward: 35979.6459222 Total splits: 335 Good splits: 323 Marginal splits: 7
Reward: 36112.1006018 Total splits: 303 Good splits: 298 Marginal splits: 7
Reward: 37517.9760675 Total splits: 326 Good splits: 315 Marginal splits: 2
Reward: 37749.1701594 Total splits: 324 Good splits: 315 Marginal splits: 6
Reward: 37387.1456741 Total splits: 298 Good splits: 291 Marginal splits: 2
Reward: 38385.7631882 Total splits: 310 Good splits: 291 Marginal splits: 0
Reward: 35682.8850041 Total splits: 310 Good splits: 304 Marginal splits: 5
Reward: 38586.7712316 Total splits: 309 Good splits: 298 Marginal splits: 4
Reward: 36899.3293372 Total splits: 311 Good splits: 302 Marginal splits: 6
Reward: 36461.1187905 Total splits: 302 Good splits: 292 Marginal splits: 2
Reward: 36988.3453823 Total splits: 312 Good splits: 300 Marginal splits: 3
Reward: 38794.6621214 Total splits: 320 Good splits: 309 Marginal splits: 5
Reward: 37668.0990637 Total splits: 319 Good splits: 306 Marginal splits: 6
Reward: 35699.0539015 Total splits: 313 Good splits: 298 Marginal splits: 7
Reward: 38720.0708156 Total splits: 298 Good splits: 287 Marginal splits: 2
Reward: 39364.3599687 Total splits: 320 Good splits: 315 Marginal splits: 3
Reward: 35690.5521463 Total splits: 305 Good splits: 293 Marginal splits: 5
Reward: 36886.6324059 Total splits: 320 Good splits: 313 Marginal splits: 2
Reward: 36682.0903698 Total splits: 305 Good splits: 294 Marginal splits: 3
Reward: 39566.8130697 Total splits: 323 Good splits: 311 Marginal splits: 2
Reward: 35500.4227524 Total splits: 303 Good splits: 289 Marginal splits: 4
Reward: 40132.7645623 Total splits: 286 Good splits: 277 Marginal splits: 3
Reward: 36721.9624283 Total splits: 314 Good splits: 299 Marginal splits: 2
Reward: 39283.1225312 Total splits: 312 Good splits: 299 Marginal splits: 5
Reward: 37759.1982747 Total splits: 301 Good splits: 291 Marginal splits: 4
Reward: 37442.2696744 Total splits: 316 Good splits: 304 Marginal splits: 3
Reward: 37829.8582002 Total splits: 317 Good splits: 308 Marginal splits: 4
Reward: 37573.4366509 Total splits: 319 Good splits: 313 Marginal splits: 3
Reward: 37124.5108838 Total splits: 320 Good splits: 311 Marginal splits: 1
Reward: 37449.193924 Total splits: 331 Good splits: 319 Marginal splits: 7
Reward: 36049.04348 Total splits: 296 Good splits: 285 Marginal splits: 1
Reward: 37270.6029175 Total splits: 318 Good splits: 311 Marginal splits: 3
Reward: 37317.0797788 Total splits: 299 Good splits: 290 Marginal splits: 1
Reward: 37268.5703152 Total splits: 306 Good splits: 288 Marginal splits: 0
Reward: 38393.9831001 Total splits: 306 Good splits: 294 Marginal splits: 3
Reward: 36192.2716624 Total splits: 295 Good splits: 280 Marginal splits: 2
Reward: 39061.9309408 Total splits: 309 Good splits: 294 Marginal splits: 2
Reward: 36702.0401028 Total splits: 317 Good splits: 306 Marginal splits: 3
Reward: 35640.4675779 Total splits: 310 Good splits: 301 Marginal splits: 6
Reward: 36596.8590246 Total splits: 323 Good splits: 310 Marginal splits: 3
Reward: 36766.525178 Total splits: 314 Good splits: 295 Marginal splits: 6
Reward: 38419.3581048 Total splits: 336 Good splits: 324 Marginal splits: 3
Reward: 38138.3703745 Total splits: 305 Good splits: 291 Marginal splits: 4
Reward: 37135.6871883 Total splits: 327 Good splits: 314 Marginal splits: 2
Reward: 38955.8213643 Total splits: 323 Good splits: 306 Marginal splits: 5
Reward: 35605.3653045 Total splits: 317 Good splits: 304 Marginal splits: 7
Reward: 37981.1664374 Total splits: 305 Good splits: 298 Marginal splits: 2
Reward: 36796.7602627 Total splits: 304 Good splits: 291 Marginal splits: 4
Reward: 39851.5629444 Total splits: 314 Good splits: 303 Marginal splits: 3
Reward: 36436.5712382 Total splits: 312 Good splits: 302 Marginal splits: 6
Reward: 38222.318525 Total splits: 311 Good splits: 302 Marginal splits: 4
Reward: 36886.4258684 Total splits: 316 Good splits: 300 Marginal splits: 3
Reward: 37803.9505258 Total splits: 325 Good splits: 322 Marginal splits: 6
Reward: 38557.4331014 Total splits: 309 Good splits: 293 Marginal splits: 0
Reward: 40499.9847227 Total splits: 323 Good splits: 303 Marginal splits: 4
Reward: 36551.9137577 Total splits: 326 Good splits: 311 Marginal splits: 2
Reward: 39681.8929978 Total splits: 329 Good splits: 308 Marginal splits: 4
Reward: 33649.6490585 Total splits: 308 Good splits: 293 Marginal splits: 2
Reward: 37824.6548504 Total splits: 314 Good splits: 300 Marginal splits: 3
Reward: 36082.731198 Total splits: 317 Good splits: 304 Marginal splits: 1
Reward: 37004.9824763 Total splits: 311 Good splits: 293 Marginal splits: 4
Reward: 35702.9487336 Total splits: 309 Good splits: 302 Marginal splits: 3
Reward: 37505.8909219 Total splits: 310 Good splits: 299 Marginal splits: 6
Reward: 38461.6162085 Total splits: 308 Good splits: 293 Marginal splits: 1
Reward: 37333.4769652 Total splits: 320 Good splits: 310 Marginal splits: 5
Reward: 37181.2002383 Total splits: 305 Good splits: 295 Marginal splits: 3
Reward: 37529.1916886 Total splits: 305 Good splits: 287 Marginal splits: 2
Reward: 36588.8674869 Total splits: 294 Good splits: 285 Marginal splits: 2
Reward: 38203.1253037 Total splits: 307 Good splits: 295 Marginal splits: 5

Total results after running 200 tests
Average total rewards : 37156.1523976
Average total splits  : 312.71
Average good splits   : 301.155
Average good splits % : 96.3048831185

