Reward: 33748.3382414 Total splits: 260 Good splits: 250 Marginal splits: 11
Reward: 35467.1678218 Total splits: 278 Good splits: 263 Marginal splits: 9
Reward: 38683.1501472 Total splits: 276 Good splits: 266 Marginal splits: 8
Reward: 34485.7855307 Total splits: 271 Good splits: 262 Marginal splits: 7
Reward: 39223.012207 Total splits: 265 Good splits: 260 Marginal splits: 7
Reward: 36047.1292329 Total splits: 238 Good splits: 231 Marginal splits: 2
Reward: 38918.8299015 Total splits: 284 Good splits: 272 Marginal splits: 10
Reward: 37165.7215145 Total splits: 266 Good splits: 253 Marginal splits: 7
Reward: 37470.6063812 Total splits: 259 Good splits: 247 Marginal splits: 7
Reward: 37655.2660262 Total splits: 247 Good splits: 237 Marginal splits: 8
Reward: 39034.6909173 Total splits: 271 Good splits: 261 Marginal splits: 5
Reward: 36974.9016372 Total splits: 261 Good splits: 242 Marginal splits: 9
Reward: 37956.2038279 Total splits: 269 Good splits: 255 Marginal splits: 9
Reward: 35765.2893546 Total splits: 285 Good splits: 276 Marginal splits: 4
Reward: 37528.8159059 Total splits: 277 Good splits: 268 Marginal splits: 5
Reward: 34543.1809905 Total splits: 265 Good splits: 247 Marginal splits: 8
Reward: 36887.1119203 Total splits: 268 Good splits: 259 Marginal splits: 7
Reward: 37583.9875241 Total splits: 257 Good splits: 247 Marginal splits: 5
Reward: 38285.2075326 Total splits: 275 Good splits: 266 Marginal splits: 7
Reward: 38539.195496 Total splits: 240 Good splits: 232 Marginal splits: 4
Reward: 35901.407929 Total splits: 294 Good splits: 286 Marginal splits: 10
Reward: 34995.4369063 Total splits: 261 Good splits: 253 Marginal splits: 11
Reward: 38587.1206934 Total splits: 267 Good splits: 260 Marginal splits: 4
Reward: 36659.8251133 Total splits: 244 Good splits: 233 Marginal splits: 7
Reward: 37422.8188828 Total splits: 256 Good splits: 250 Marginal splits: 7
Reward: 36228.3448219 Total splits: 272 Good splits: 263 Marginal splits: 10
Reward: 37252.1476418 Total splits: 278 Good splits: 267 Marginal splits: 7
Reward: 37237.656505 Total splits: 267 Good splits: 253 Marginal splits: 5
Reward: 36151.7739671 Total splits: 264 Good splits: 252 Marginal splits: 13
Reward: 37897.2080755 Total splits: 277 Good splits: 267 Marginal splits: 13
Reward: 35637.1222313 Total splits: 272 Good splits: 263 Marginal splits: 5
Reward: 36991.6842731 Total splits: 267 Good splits: 259 Marginal splits: 16
Reward: 36674.860726 Total splits: 266 Good splits: 256 Marginal splits: 8
Reward: 37604.7596256 Total splits: 282 Good splits: 272 Marginal splits: 11
Reward: 36205.8455093 Total splits: 254 Good splits: 242 Marginal splits: 10
Reward: 38230.0864779 Total splits: 274 Good splits: 265 Marginal splits: 6
Reward: 37648.5775182 Total splits: 251 Good splits: 244 Marginal splits: 9
Reward: 38386.1943918 Total splits: 284 Good splits: 270 Marginal splits: 7
Reward: 35323.5326481 Total splits: 257 Good splits: 240 Marginal splits: 12
Reward: 38536.5581143 Total splits: 268 Good splits: 254 Marginal splits: 6
Reward: 34703.7565881 Total splits: 272 Good splits: 259 Marginal splits: 9
Reward: 40837.0099226 Total splits: 272 Good splits: 262 Marginal splits: 8
Reward: 35583.884658 Total splits: 253 Good splits: 244 Marginal splits: 10
Reward: 36778.5325537 Total splits: 278 Good splits: 267 Marginal splits: 12
Reward: 34563.7540697 Total splits: 258 Good splits: 252 Marginal splits: 7
Reward: 39171.2571131 Total splits: 271 Good splits: 261 Marginal splits: 10
Reward: 33824.4850786 Total splits: 297 Good splits: 291 Marginal splits: 12
Reward: 37089.2198815 Total splits: 248 Good splits: 231 Marginal splits: 4
Reward: 34633.7616719 Total splits: 278 Good splits: 271 Marginal splits: 4
Reward: 37279.0712289 Total splits: 267 Good splits: 258 Marginal splits: 10
Reward: 35601.8296967 Total splits: 263 Good splits: 253 Marginal splits: 9
Reward: 37974.9322002 Total splits: 274 Good splits: 264 Marginal splits: 11
Reward: 35944.3078979 Total splits: 249 Good splits: 243 Marginal splits: 6
Reward: 36093.0262418 Total splits: 285 Good splits: 274 Marginal splits: 11
Reward: 34961.0681692 Total splits: 253 Good splits: 247 Marginal splits: 12
Reward: 33003.6845731 Total splits: 267 Good splits: 261 Marginal splits: 6
Reward: 35849.3632994 Total splits: 269 Good splits: 258 Marginal splits: 5
Reward: 38045.718175 Total splits: 277 Good splits: 270 Marginal splits: 7
Reward: 36125.3253324 Total splits: 256 Good splits: 247 Marginal splits: 8
Reward: 36218.2935958 Total splits: 263 Good splits: 254 Marginal splits: 4
Reward: 35758.1904239 Total splits: 260 Good splits: 257 Marginal splits: 6
Reward: 36932.0987352 Total splits: 287 Good splits: 278 Marginal splits: 9
Reward: 35717.2941286 Total splits: 279 Good splits: 268 Marginal splits: 7
Reward: 33813.8421256 Total splits: 266 Good splits: 252 Marginal splits: 9
Reward: 38304.1239606 Total splits: 284 Good splits: 276 Marginal splits: 9
Reward: 36876.6837139 Total splits: 271 Good splits: 266 Marginal splits: 11
Reward: 36402.6484942 Total splits: 281 Good splits: 270 Marginal splits: 12
Reward: 37614.154353 Total splits: 272 Good splits: 259 Marginal splits: 12
Reward: 38014.555046 Total splits: 266 Good splits: 256 Marginal splits: 7
Reward: 35936.489936 Total splits: 276 Good splits: 264 Marginal splits: 10
Reward: 37650.3501708 Total splits: 278 Good splits: 268 Marginal splits: 6
Reward: 35905.2848749 Total splits: 268 Good splits: 258 Marginal splits: 12
Reward: 37452.8550088 Total splits: 278 Good splits: 267 Marginal splits: 10
Reward: 35939.8001585 Total splits: 254 Good splits: 244 Marginal splits: 5
Reward: 38433.5322346 Total splits: 267 Good splits: 255 Marginal splits: 7
Reward: 36336.3828691 Total splits: 259 Good splits: 248 Marginal splits: 12
Reward: 39229.1572065 Total splits: 266 Good splits: 262 Marginal splits: 6
Reward: 37484.4167597 Total splits: 253 Good splits: 246 Marginal splits: 10
Reward: 33931.7981534 Total splits: 258 Good splits: 245 Marginal splits: 12
Reward: 34552.3117353 Total splits: 281 Good splits: 275 Marginal splits: 8
Reward: 39788.792393 Total splits: 271 Good splits: 261 Marginal splits: 3
Reward: 34332.0917048 Total splits: 240 Good splits: 229 Marginal splits: 8
Reward: 37326.6979225 Total splits: 292 Good splits: 286 Marginal splits: 10
Reward: 35442.1479962 Total splits: 263 Good splits: 253 Marginal splits: 10
Reward: 38053.0556511 Total splits: 273 Good splits: 262 Marginal splits: 8
Reward: 36350.2869454 Total splits: 255 Good splits: 249 Marginal splits: 14
Reward: 38676.065658 Total splits: 280 Good splits: 269 Marginal splits: 9
Reward: 38589.2250642 Total splits: 241 Good splits: 223 Marginal splits: 6
Reward: 36474.47408 Total splits: 269 Good splits: 263 Marginal splits: 8
Reward: 37345.0632654 Total splits: 250 Good splits: 239 Marginal splits: 6
Reward: 38248.0032151 Total splits: 250 Good splits: 235 Marginal splits: 6
Reward: 34899.4511657 Total splits: 283 Good splits: 273 Marginal splits: 10
Reward: 37178.7532342 Total splits: 263 Good splits: 252 Marginal splits: 4
Reward: 35785.9328599 Total splits: 254 Good splits: 250 Marginal splits: 3
Reward: 38024.4584986 Total splits: 249 Good splits: 241 Marginal splits: 5
Reward: 37289.462538 Total splits: 270 Good splits: 262 Marginal splits: 4
Reward: 36509.1003778 Total splits: 275 Good splits: 270 Marginal splits: 8
Reward: 38236.2661372 Total splits: 278 Good splits: 264 Marginal splits: 14
Reward: 36004.4860829 Total splits: 293 Good splits: 279 Marginal splits: 9
Reward: 37540.8894985 Total splits: 268 Good splits: 258 Marginal splits: 12
Reward: 36392.0726075 Total splits: 267 Good splits: 259 Marginal splits: 9
Reward: 36471.7050869 Total splits: 247 Good splits: 241 Marginal splits: 6
Reward: 36697.1059596 Total splits: 253 Good splits: 244 Marginal splits: 9
Reward: 34945.1054323 Total splits: 248 Good splits: 233 Marginal splits: 4
Reward: 36432.9629449 Total splits: 272 Good splits: 262 Marginal splits: 10
Reward: 38418.8041579 Total splits: 263 Good splits: 251 Marginal splits: 8
Reward: 35449.0017896 Total splits: 258 Good splits: 247 Marginal splits: 6
Reward: 37412.3126499 Total splits: 290 Good splits: 281 Marginal splits: 6
Reward: 36005.8901214 Total splits: 261 Good splits: 248 Marginal splits: 7
Reward: 39319.7237002 Total splits: 265 Good splits: 254 Marginal splits: 8
Reward: 35849.7841633 Total splits: 272 Good splits: 263 Marginal splits: 11
Reward: 35851.6877465 Total splits: 268 Good splits: 258 Marginal splits: 10
Reward: 35354.1534734 Total splits: 272 Good splits: 261 Marginal splits: 4
Reward: 38534.6066134 Total splits: 272 Good splits: 260 Marginal splits: 8
Reward: 35487.5316035 Total splits: 263 Good splits: 258 Marginal splits: 4
Reward: 37877.2698505 Total splits: 267 Good splits: 260 Marginal splits: 8
Reward: 35421.4062106 Total splits: 247 Good splits: 238 Marginal splits: 8
Reward: 39108.0062578 Total splits: 269 Good splits: 264 Marginal splits: 6
Reward: 34255.2196022 Total splits: 264 Good splits: 254 Marginal splits: 10
Reward: 38527.7301621 Total splits: 281 Good splits: 270 Marginal splits: 5
Reward: 36289.106026 Total splits: 257 Good splits: 248 Marginal splits: 5
Reward: 37341.4780026 Total splits: 279 Good splits: 271 Marginal splits: 6
Reward: 35615.290965 Total splits: 282 Good splits: 275 Marginal splits: 7
Reward: 36761.4206679 Total splits: 289 Good splits: 275 Marginal splits: 7
Reward: 36487.3749344 Total splits: 268 Good splits: 262 Marginal splits: 7
Reward: 36854.3580231 Total splits: 264 Good splits: 250 Marginal splits: 8
Reward: 38460.9398751 Total splits: 266 Good splits: 256 Marginal splits: 11
Reward: 37585.9208187 Total splits: 264 Good splits: 255 Marginal splits: 12
Reward: 35389.4181218 Total splits: 252 Good splits: 239 Marginal splits: 9
Reward: 36086.8750436 Total splits: 271 Good splits: 262 Marginal splits: 7
Reward: 37354.4583941 Total splits: 248 Good splits: 236 Marginal splits: 8
Reward: 35253.1843277 Total splits: 255 Good splits: 249 Marginal splits: 10
Reward: 37509.1249458 Total splits: 276 Good splits: 267 Marginal splits: 6
Reward: 36938.3593386 Total splits: 278 Good splits: 268 Marginal splits: 11
Reward: 37589.2388953 Total splits: 265 Good splits: 254 Marginal splits: 10
Reward: 35254.8087971 Total splits: 260 Good splits: 252 Marginal splits: 1
Reward: 36791.4696693 Total splits: 262 Good splits: 250 Marginal splits: 4
Reward: 36332.0637014 Total splits: 267 Good splits: 260 Marginal splits: 12
Reward: 38684.5497057 Total splits: 264 Good splits: 259 Marginal splits: 10
Reward: 35459.9869698 Total splits: 264 Good splits: 256 Marginal splits: 6
Reward: 37303.5780293 Total splits: 262 Good splits: 250 Marginal splits: 5
Reward: 36087.5574134 Total splits: 270 Good splits: 260 Marginal splits: 2
Reward: 36889.7768525 Total splits: 270 Good splits: 258 Marginal splits: 3
Reward: 36572.2717881 Total splits: 264 Good splits: 255 Marginal splits: 8
Reward: 32640.8005108 Total splits: 274 Good splits: 265 Marginal splits: 11
Reward: 36070.9116115 Total splits: 252 Good splits: 244 Marginal splits: 8
Reward: 37156.5938494 Total splits: 264 Good splits: 250 Marginal splits: 2
Reward: 35630.8830866 Total splits: 243 Good splits: 233 Marginal splits: 4
Reward: 39164.8116332 Total splits: 271 Good splits: 262 Marginal splits: 11
Reward: 36502.1633292 Total splits: 270 Good splits: 258 Marginal splits: 10
Reward: 39954.2094875 Total splits: 276 Good splits: 265 Marginal splits: 5
Reward: 34849.1749221 Total splits: 251 Good splits: 240 Marginal splits: 10
Reward: 36160.6880711 Total splits: 282 Good splits: 271 Marginal splits: 7
Reward: 36137.155983 Total splits: 270 Good splits: 253 Marginal splits: 8
Reward: 38828.1604431 Total splits: 288 Good splits: 269 Marginal splits: 12
Reward: 37759.4476797 Total splits: 253 Good splits: 240 Marginal splits: 6
Reward: 36947.0714438 Total splits: 283 Good splits: 272 Marginal splits: 8
Reward: 34706.4735651 Total splits: 262 Good splits: 248 Marginal splits: 9
Reward: 37158.1830544 Total splits: 263 Good splits: 252 Marginal splits: 1
Reward: 36133.6678566 Total splits: 242 Good splits: 229 Marginal splits: 4
Reward: 36728.6614821 Total splits: 263 Good splits: 251 Marginal splits: 8
Reward: 36181.5445576 Total splits: 260 Good splits: 252 Marginal splits: 10
Reward: 36418.4284292 Total splits: 279 Good splits: 270 Marginal splits: 10
Reward: 36986.2532041 Total splits: 269 Good splits: 257 Marginal splits: 5
Reward: 37004.3964547 Total splits: 274 Good splits: 268 Marginal splits: 7
Reward: 36827.1722209 Total splits: 253 Good splits: 247 Marginal splits: 9
Reward: 36823.4681904 Total splits: 269 Good splits: 259 Marginal splits: 8
Reward: 36603.9297626 Total splits: 256 Good splits: 245 Marginal splits: 6
Reward: 34619.4541201 Total splits: 256 Good splits: 250 Marginal splits: 11
Reward: 36695.5997814 Total splits: 302 Good splits: 288 Marginal splits: 13
Reward: 36184.6704559 Total splits: 272 Good splits: 260 Marginal splits: 9
Reward: 36619.0435919 Total splits: 263 Good splits: 250 Marginal splits: 10
Reward: 37477.6616029 Total splits: 276 Good splits: 262 Marginal splits: 5
Reward: 36491.7680125 Total splits: 277 Good splits: 264 Marginal splits: 11
Reward: 37226.8651723 Total splits: 269 Good splits: 264 Marginal splits: 11
Reward: 38081.1468103 Total splits: 257 Good splits: 247 Marginal splits: 4
Reward: 30178.4302237 Total splits: 273 Good splits: 263 Marginal splits: 6
Reward: 39928.7360695 Total splits: 259 Good splits: 247 Marginal splits: 5
Reward: 34740.8724593 Total splits: 258 Good splits: 250 Marginal splits: 7
Reward: 37852.0549663 Total splits: 273 Good splits: 260 Marginal splits: 12
Reward: 35790.5589437 Total splits: 276 Good splits: 269 Marginal splits: 7
Reward: 37588.3440438 Total splits: 284 Good splits: 277 Marginal splits: 8
Reward: 35545.2521038 Total splits: 257 Good splits: 251 Marginal splits: 13
Reward: 37647.4584698 Total splits: 259 Good splits: 251 Marginal splits: 9
Reward: 37247.3599202 Total splits: 276 Good splits: 266 Marginal splits: 6
Reward: 39110.9557613 Total splits: 287 Good splits: 275 Marginal splits: 6
Reward: 35829.9003859 Total splits: 263 Good splits: 257 Marginal splits: 7
Reward: 37619.7980313 Total splits: 279 Good splits: 275 Marginal splits: 9
Reward: 34714.3452824 Total splits: 262 Good splits: 253 Marginal splits: 2
Reward: 36535.1616471 Total splits: 262 Good splits: 252 Marginal splits: 7
Reward: 35199.5384267 Total splits: 243 Good splits: 226 Marginal splits: 8
Reward: 37648.6084343 Total splits: 279 Good splits: 269 Marginal splits: 6
Reward: 32497.6822029 Total splits: 307 Good splits: 298 Marginal splits: 15
Reward: 35333.5315265 Total splits: 279 Good splits: 270 Marginal splits: 7
Reward: 38828.8125722 Total splits: 245 Good splits: 236 Marginal splits: 6
Reward: 35796.1852268 Total splits: 283 Good splits: 265 Marginal splits: 8
Reward: 35916.8794284 Total splits: 272 Good splits: 264 Marginal splits: 4
Reward: 35954.4922016 Total splits: 264 Good splits: 257 Marginal splits: 9
Reward: 36264.9115041 Total splits: 267 Good splits: 259 Marginal splits: 9
Reward: 37387.5655985 Total splits: 240 Good splits: 232 Marginal splits: 5

Total results after running 200 tests
Average total rewards : 36694.1604887
Average total splits  : 267.1
Average good splits   : 257.11
Average good splits % : 96.2598277799

Reward: 37570.0746277 Total splits: 277 Good splits: 267 Marginal splits: 8
Reward: 35794.4273597 Total splits: 274 Good splits: 264 Marginal splits: 1
Reward: 37074.6666797 Total splits: 271 Good splits: 260 Marginal splits: 8
Reward: 35181.3844564 Total splits: 260 Good splits: 243 Marginal splits: 9
Reward: 38600.0973907 Total splits: 284 Good splits: 273 Marginal splits: 12
Reward: 35794.3889494 Total splits: 257 Good splits: 251 Marginal splits: 9
Reward: 36124.5442162 Total splits: 285 Good splits: 272 Marginal splits: 10
Reward: 37838.0830057 Total splits: 261 Good splits: 250 Marginal splits: 10
Reward: 37015.2401034 Total splits: 277 Good splits: 266 Marginal splits: 10
Reward: 36912.2080068 Total splits: 269 Good splits: 255 Marginal splits: 11
Reward: 39041.1568058 Total splits: 272 Good splits: 265 Marginal splits: 5
Reward: 35509.7642009 Total splits: 265 Good splits: 258 Marginal splits: 12
Reward: 38552.0593967 Total splits: 301 Good splits: 289 Marginal splits: 10
Reward: 35839.499093 Total splits: 253 Good splits: 241 Marginal splits: 7
Reward: 37618.8767751 Total splits: 267 Good splits: 262 Marginal splits: 7
Reward: 35200.6260514 Total splits: 261 Good splits: 254 Marginal splits: 9
Reward: 38045.1506965 Total splits: 283 Good splits: 272 Marginal splits: 8
Reward: 36719.2623516 Total splits: 262 Good splits: 252 Marginal splits: 5
Reward: 38184.2096398 Total splits: 254 Good splits: 245 Marginal splits: 5
Reward: 38042.6126951 Total splits: 263 Good splits: 256 Marginal splits: 6
Reward: 36697.1838906 Total splits: 272 Good splits: 260 Marginal splits: 8
Reward: 35948.148116 Total splits: 268 Good splits: 255 Marginal splits: 11
Reward: 36124.4402415 Total splits: 257 Good splits: 245 Marginal splits: 7
Reward: 35485.5310864 Total splits: 261 Good splits: 253 Marginal splits: 6
Reward: 36315.3384704 Total splits: 258 Good splits: 250 Marginal splits: 6
Reward: 34964.1012845 Total splits: 252 Good splits: 244 Marginal splits: 5
Reward: 37528.481283 Total splits: 283 Good splits: 271 Marginal splits: 8
Reward: 38310.4341401 Total splits: 278 Good splits: 273 Marginal splits: 9
Reward: 36373.4571546 Total splits: 258 Good splits: 249 Marginal splits: 13
Reward: 39329.4278396 Total splits: 267 Good splits: 259 Marginal splits: 4
Reward: 35931.3672842 Total splits: 273 Good splits: 261 Marginal splits: 8
Reward: 35355.855319 Total splits: 272 Good splits: 260 Marginal splits: 8
Reward: 36520.0332235 Total splits: 266 Good splits: 256 Marginal splits: 5
Reward: 36127.9478718 Total splits: 259 Good splits: 254 Marginal splits: 9
Reward: 36753.3279204 Total splits: 253 Good splits: 248 Marginal splits: 9
Reward: 36501.1655901 Total splits: 268 Good splits: 258 Marginal splits: 9
Reward: 37031.1108744 Total splits: 265 Good splits: 263 Marginal splits: 6
Reward: 38430.4898522 Total splits: 265 Good splits: 256 Marginal splits: 10
Reward: 35424.1285356 Total splits: 263 Good splits: 252 Marginal splits: 7
Reward: 38791.9648456 Total splits: 281 Good splits: 267 Marginal splits: 9
Reward: 35013.562501 Total splits: 258 Good splits: 249 Marginal splits: 5
Reward: 36717.0342119 Total splits: 251 Good splits: 242 Marginal splits: 8
Reward: 35985.0004124 Total splits: 254 Good splits: 244 Marginal splits: 7
Reward: 38141.1935834 Total splits: 290 Good splits: 282 Marginal splits: 10
Reward: 35654.6923965 Total splits: 258 Good splits: 247 Marginal splits: 3
Reward: 36923.78309 Total splits: 276 Good splits: 263 Marginal splits: 6
Reward: 35652.3605716 Total splits: 253 Good splits: 243 Marginal splits: 4
Reward: 38382.217496 Total splits: 256 Good splits: 245 Marginal splits: 11
Reward: 37663.3962312 Total splits: 268 Good splits: 256 Marginal splits: 8
Reward: 37762.6553213 Total splits: 254 Good splits: 253 Marginal splits: 9
Reward: 35808.7208395 Total splits: 241 Good splits: 234 Marginal splits: 9
Reward: 37001.5100647 Total splits: 285 Good splits: 273 Marginal splits: 9
Reward: 33752.429376 Total splits: 262 Good splits: 256 Marginal splits: 7
Reward: 36107.4487613 Total splits: 266 Good splits: 257 Marginal splits: 6
Reward: 36066.4500104 Total splits: 283 Good splits: 275 Marginal splits: 10
Reward: 34067.3303222 Total splits: 278 Good splits: 265 Marginal splits: 9
Reward: 36663.6743643 Total splits: 286 Good splits: 276 Marginal splits: 9
Reward: 35329.2860455 Total splits: 269 Good splits: 260 Marginal splits: 4
Reward: 37382.3491801 Total splits: 267 Good splits: 255 Marginal splits: 10
Reward: 36032.3357417 Total splits: 251 Good splits: 243 Marginal splits: 5
Reward: 36227.9049488 Total splits: 248 Good splits: 238 Marginal splits: 6
Reward: 34659.9623215 Total splits: 260 Good splits: 247 Marginal splits: 10
Reward: 36005.2548021 Total splits: 277 Good splits: 264 Marginal splits: 4
Reward: 35325.6826989 Total splits: 249 Good splits: 239 Marginal splits: 10
Reward: 35898.1263885 Total splits: 274 Good splits: 262 Marginal splits: 8
Reward: 37555.7202785 Total splits: 255 Good splits: 252 Marginal splits: 0
Reward: 37845.9895475 Total splits: 251 Good splits: 241 Marginal splits: 7
Reward: 36522.3259453 Total splits: 268 Good splits: 261 Marginal splits: 15
Reward: 33650.3779466 Total splits: 264 Good splits: 255 Marginal splits: 9
Reward: 35816.4621493 Total splits: 269 Good splits: 262 Marginal splits: 7
Reward: 39610.6766806 Total splits: 261 Good splits: 254 Marginal splits: 6
Reward: 36606.6843206 Total splits: 261 Good splits: 249 Marginal splits: 4
Reward: 38472.6234891 Total splits: 275 Good splits: 268 Marginal splits: 17
Reward: 32886.0931839 Total splits: 265 Good splits: 253 Marginal splits: 5
Reward: 37781.0571478 Total splits: 246 Good splits: 235 Marginal splits: 6
Reward: 35785.3882087 Total splits: 266 Good splits: 253 Marginal splits: 6
Reward: 38507.7344445 Total splits: 255 Good splits: 250 Marginal splits: 5
Reward: 36578.5822466 Total splits: 257 Good splits: 251 Marginal splits: 9
Reward: 38819.8765133 Total splits: 261 Good splits: 251 Marginal splits: 10
Reward: 35431.6330283 Total splits: 290 Good splits: 281 Marginal splits: 6
Reward: 37283.5600537 Total splits: 280 Good splits: 268 Marginal splits: 9
Reward: 36035.628053 Total splits: 258 Good splits: 249 Marginal splits: 8
Reward: 38245.4147444 Total splits: 263 Good splits: 260 Marginal splits: 5
Reward: 35427.1764435 Total splits: 269 Good splits: 250 Marginal splits: 6
Reward: 37143.8218005 Total splits: 271 Good splits: 264 Marginal splits: 9
Reward: 35682.4977464 Total splits: 260 Good splits: 252 Marginal splits: 7
Reward: 37025.4792936 Total splits: 287 Good splits: 280 Marginal splits: 11
Reward: 36627.718378 Total splits: 269 Good splits: 258 Marginal splits: 5
Reward: 36210.4041628 Total splits: 281 Good splits: 273 Marginal splits: 10
Reward: 36202.1411534 Total splits: 247 Good splits: 237 Marginal splits: 6
Reward: 36533.6843953 Total splits: 260 Good splits: 249 Marginal splits: 3
Reward: 35313.5395547 Total splits: 258 Good splits: 247 Marginal splits: 9
Reward: 35675.2850506 Total splits: 258 Good splits: 250 Marginal splits: 7
Reward: 35020.9551714 Total splits: 261 Good splits: 251 Marginal splits: 7
Reward: 37329.4410387 Total splits: 274 Good splits: 262 Marginal splits: 4
Reward: 35487.2546714 Total splits: 275 Good splits: 267 Marginal splits: 12
Reward: 36150.8235899 Total splits: 291 Good splits: 277 Marginal splits: 7
Reward: 39187.7681552 Total splits: 257 Good splits: 241 Marginal splits: 6
Reward: 34822.1300021 Total splits: 279 Good splits: 270 Marginal splits: 5
Reward: 37370.0617959 Total splits: 290 Good splits: 280 Marginal splits: 10
Reward: 36428.7873605 Total splits: 274 Good splits: 257 Marginal splits: 8
Reward: 37631.0210473 Total splits: 255 Good splits: 241 Marginal splits: 10
Reward: 36543.8352127 Total splits: 259 Good splits: 245 Marginal splits: 6
Reward: 36052.6896584 Total splits: 281 Good splits: 264 Marginal splits: 9
Reward: 39070.5736237 Total splits: 269 Good splits: 259 Marginal splits: 6
Reward: 38702.0054159 Total splits: 261 Good splits: 254 Marginal splits: 7
Reward: 36481.5773654 Total splits: 269 Good splits: 260 Marginal splits: 9
Reward: 38518.9597204 Total splits: 258 Good splits: 247 Marginal splits: 8
Reward: 35726.3778575 Total splits: 261 Good splits: 254 Marginal splits: 11
Reward: 40836.5542309 Total splits: 274 Good splits: 263 Marginal splits: 10
Reward: 34204.2575638 Total splits: 268 Good splits: 260 Marginal splits: 13
Reward: 35471.4533325 Total splits: 259 Good splits: 250 Marginal splits: 5
Reward: 31268.1929899 Total splits: 283 Good splits: 273 Marginal splits: 10
Reward: 34613.7518694 Total splits: 256 Good splits: 243 Marginal splits: 5
Reward: 36819.9568829 Total splits: 255 Good splits: 249 Marginal splits: 8
Reward: 38392.9123673 Total splits: 254 Good splits: 247 Marginal splits: 5
Reward: 36667.1451594 Total splits: 271 Good splits: 258 Marginal splits: 9
Reward: 39631.2160078 Total splits: 255 Good splits: 247 Marginal splits: 6
Reward: 34306.996871 Total splits: 280 Good splits: 274 Marginal splits: 3
Reward: 38852.3426934 Total splits: 260 Good splits: 252 Marginal splits: 3
Reward: 36103.2405066 Total splits: 254 Good splits: 240 Marginal splits: 5
Reward: 37724.5753268 Total splits: 275 Good splits: 263 Marginal splits: 11
Reward: 35860.4987311 Total splits: 260 Good splits: 253 Marginal splits: 6
Reward: 39226.9634812 Total splits: 277 Good splits: 266 Marginal splits: 7
Reward: 35388.7348877 Total splits: 287 Good splits: 270 Marginal splits: 9
Reward: 36402.6072107 Total splits: 281 Good splits: 272 Marginal splits: 11
Reward: 36929.3480648 Total splits: 273 Good splits: 256 Marginal splits: 10
Reward: 37268.3999672 Total splits: 265 Good splits: 255 Marginal splits: 10
Reward: 36088.963114 Total splits: 267 Good splits: 259 Marginal splits: 7
Reward: 36640.4118828 Total splits: 262 Good splits: 250 Marginal splits: 5
Reward: 37175.9984814 Total splits: 258 Good splits: 251 Marginal splits: 11
Reward: 36422.7909301 Total splits: 255 Good splits: 248 Marginal splits: 10
Reward: 37616.2677702 Total splits: 261 Good splits: 248 Marginal splits: 7
Reward: 37046.3209756 Total splits: 274 Good splits: 265 Marginal splits: 9
Reward: 37656.895604 Total splits: 257 Good splits: 247 Marginal splits: 7
Reward: 36959.4200759 Total splits: 251 Good splits: 242 Marginal splits: 11
Reward: 38760.9118753 Total splits: 279 Good splits: 270 Marginal splits: 11
Reward: 36396.2900431 Total splits: 249 Good splits: 239 Marginal splits: 7
Reward: 38241.4596092 Total splits: 260 Good splits: 243 Marginal splits: 7
Reward: 37228.8442777 Total splits: 273 Good splits: 268 Marginal splits: 11
Reward: 37855.8168784 Total splits: 269 Good splits: 257 Marginal splits: 13
Reward: 36173.5065412 Total splits: 262 Good splits: 251 Marginal splits: 11
Reward: 35863.1927095 Total splits: 278 Good splits: 267 Marginal splits: 13
Reward: 36747.4359514 Total splits: 264 Good splits: 251 Marginal splits: 12
Reward: 39302.2181902 Total splits: 261 Good splits: 248 Marginal splits: 12
Reward: 37491.2257889 Total splits: 283 Good splits: 267 Marginal splits: 8
Reward: 37026.9777557 Total splits: 289 Good splits: 280 Marginal splits: 10
Reward: 36172.8863948 Total splits: 261 Good splits: 253 Marginal splits: 12
Reward: 36947.7664269 Total splits: 276 Good splits: 269 Marginal splits: 7
Reward: 35599.1111706 Total splits: 243 Good splits: 232 Marginal splits: 6
Reward: 38873.6595415 Total splits: 255 Good splits: 247 Marginal splits: 8
Reward: 35075.326088 Total splits: 280 Good splits: 264 Marginal splits: 9
Reward: 37376.1348928 Total splits: 270 Good splits: 258 Marginal splits: 6
Reward: 33714.6026591 Total splits: 245 Good splits: 238 Marginal splits: 2
Reward: 36800.9687094 Total splits: 271 Good splits: 264 Marginal splits: 6
Reward: 37378.7345492 Total splits: 262 Good splits: 252 Marginal splits: 4
Reward: 38134.1280769 Total splits: 254 Good splits: 249 Marginal splits: 6
Reward: 34723.1512762 Total splits: 263 Good splits: 253 Marginal splits: 8
Reward: 35982.3447032 Total splits: 247 Good splits: 238 Marginal splits: 5
Reward: 35824.172925 Total splits: 264 Good splits: 259 Marginal splits: 7
Reward: 37407.2588665 Total splits: 269 Good splits: 261 Marginal splits: 10
Reward: 35980.6207157 Total splits: 280 Good splits: 274 Marginal splits: 11
Reward: 37466.8871908 Total splits: 255 Good splits: 241 Marginal splits: 7
Reward: 36399.798389 Total splits: 274 Good splits: 261 Marginal splits: 6
Reward: 37187.0846334 Total splits: 270 Good splits: 256 Marginal splits: 5
Reward: 36991.1112273 Total splits: 257 Good splits: 252 Marginal splits: 11
Reward: 33025.2131095 Total splits: 250 Good splits: 240 Marginal splits: 6
Reward: 38077.5149369 Total splits: 265 Good splits: 253 Marginal splits: 4
Reward: 35511.5340706 Total splits: 246 Good splits: 239 Marginal splits: 8
Reward: 37728.3983808 Total splits: 267 Good splits: 258 Marginal splits: 9
Reward: 36104.5764368 Total splits: 264 Good splits: 253 Marginal splits: 4
Reward: 37255.1584199 Total splits: 259 Good splits: 255 Marginal splits: 9
Reward: 38224.2384367 Total splits: 271 Good splits: 262 Marginal splits: 7
Reward: 38014.895161 Total splits: 279 Good splits: 269 Marginal splits: 9
Reward: 35484.9536263 Total splits: 260 Good splits: 253 Marginal splits: 8
Reward: 37778.3481956 Total splits: 278 Good splits: 271 Marginal splits: 10
Reward: 34457.664403 Total splits: 260 Good splits: 252 Marginal splits: 12
Reward: 37915.3783284 Total splits: 261 Good splits: 254 Marginal splits: 6
Reward: 36603.8883296 Total splits: 251 Good splits: 242 Marginal splits: 10
Reward: 37659.8819265 Total splits: 246 Good splits: 236 Marginal splits: 7
Reward: 35941.9080752 Total splits: 264 Good splits: 254 Marginal splits: 12
Reward: 37710.3908159 Total splits: 275 Good splits: 262 Marginal splits: 6
Reward: 35646.2041432 Total splits: 256 Good splits: 248 Marginal splits: 5
Reward: 36458.4056829 Total splits: 269 Good splits: 262 Marginal splits: 10
Reward: 38190.4529579 Total splits: 264 Good splits: 255 Marginal splits: 4
Reward: 37436.289355 Total splits: 274 Good splits: 270 Marginal splits: 9
Reward: 30438.971658 Total splits: 290 Good splits: 278 Marginal splits: 14
Reward: 38205.744974 Total splits: 262 Good splits: 255 Marginal splits: 8
Reward: 36230.4249585 Total splits: 271 Good splits: 262 Marginal splits: 6
Reward: 36247.2435984 Total splits: 257 Good splits: 242 Marginal splits: 6
Reward: 35204.6033028 Total splits: 291 Good splits: 283 Marginal splits: 10
Reward: 35605.7737212 Total splits: 263 Good splits: 252 Marginal splits: 7
Reward: 36807.437009 Total splits: 251 Good splits: 242 Marginal splits: 5
Reward: 38234.6744206 Total splits: 255 Good splits: 243 Marginal splits: 2
Reward: 38553.1667619 Total splits: 249 Good splits: 237 Marginal splits: 11
Reward: 36672.9126676 Total splits: 268 Good splits: 257 Marginal splits: 12
Reward: 35048.1050617 Total splits: 260 Good splits: 250 Marginal splits: 11
Reward: 39033.9445716 Total splits: 264 Good splits: 254 Marginal splits: 7
Reward: 34879.5601134 Total splits: 265 Good splits: 259 Marginal splits: 6
Reward: 37971.0483489 Total splits: 280 Good splits: 272 Marginal splits: 5

Total results after running 200 tests
Average total rewards : 36678.4360882
Average total splits  : 265.84
Average good splits   : 256.08
Average good splits % : 96.328618718

Reward: 35125.179317 Total splits: 256 Good splits: 243 Marginal splits: 10
Reward: 33703.1879185 Total splits: 276 Good splits: 265 Marginal splits: 10
Reward: 37272.6767327 Total splits: 276 Good splits: 265 Marginal splits: 7
Reward: 34463.0559573 Total splits: 264 Good splits: 256 Marginal splits: 7
Reward: 38331.1587075 Total splits: 280 Good splits: 267 Marginal splits: 7
Reward: 36357.2505804 Total splits: 261 Good splits: 252 Marginal splits: 6
Reward: 36948.8477542 Total splits: 250 Good splits: 240 Marginal splits: 7
Reward: 37768.4448315 Total splits: 267 Good splits: 259 Marginal splits: 8
Reward: 37452.5159848 Total splits: 238 Good splits: 227 Marginal splits: 8
Reward: 35880.4933344 Total splits: 273 Good splits: 266 Marginal splits: 7
Reward: 37439.7192505 Total splits: 279 Good splits: 269 Marginal splits: 6
Reward: 36016.6586805 Total splits: 279 Good splits: 269 Marginal splits: 13
Reward: 38025.9555845 Total splits: 272 Good splits: 265 Marginal splits: 8
Reward: 35333.4656932 Total splits: 261 Good splits: 255 Marginal splits: 8
Reward: 36531.7591296 Total splits: 253 Good splits: 239 Marginal splits: 7
Reward: 35694.1683285 Total splits: 279 Good splits: 273 Marginal splits: 11
Reward: 37775.774631 Total splits: 262 Good splits: 252 Marginal splits: 4
Reward: 36718.5089643 Total splits: 255 Good splits: 245 Marginal splits: 11
Reward: 36356.4309988 Total splits: 261 Good splits: 252 Marginal splits: 6
Reward: 38260.3376407 Total splits: 266 Good splits: 253 Marginal splits: 8
Reward: 34350.8785839 Total splits: 246 Good splits: 235 Marginal splits: 11
Reward: 36240.3059775 Total splits: 247 Good splits: 240 Marginal splits: 6
Reward: 36607.6394966 Total splits: 259 Good splits: 251 Marginal splits: 3
Reward: 35394.8436875 Total splits: 282 Good splits: 271 Marginal splits: 10
Reward: 37137.325428 Total splits: 270 Good splits: 257 Marginal splits: 8
Reward: 36980.1459221 Total splits: 252 Good splits: 241 Marginal splits: 5
Reward: 36909.269935 Total splits: 267 Good splits: 253 Marginal splits: 7
Reward: 38504.9155789 Total splits: 268 Good splits: 259 Marginal splits: 4
Reward: 35733.2135427 Total splits: 273 Good splits: 260 Marginal splits: 7
Reward: 36090.6539499 Total splits: 267 Good splits: 260 Marginal splits: 10
Reward: 35551.7111192 Total splits: 251 Good splits: 247 Marginal splits: 9
Reward: 37473.4434623 Total splits: 285 Good splits: 274 Marginal splits: 10
Reward: 36559.4528217 Total splits: 265 Good splits: 257 Marginal splits: 5
Reward: 37566.3798582 Total splits: 258 Good splits: 250 Marginal splits: 8
Reward: 34711.8000767 Total splits: 274 Good splits: 259 Marginal splits: 6
Reward: 36493.7608473 Total splits: 278 Good splits: 270 Marginal splits: 10
Reward: 38514.6280105 Total splits: 267 Good splits: 251 Marginal splits: 7
Reward: 39523.1039337 Total splits: 266 Good splits: 257 Marginal splits: 8
Reward: 36316.2077018 Total splits: 271 Good splits: 252 Marginal splits: 9
Reward: 38650.0348674 Total splits: 285 Good splits: 268 Marginal splits: 9
Reward: 36419.5121823 Total splits: 247 Good splits: 237 Marginal splits: 5
Reward: 39834.7674557 Total splits: 255 Good splits: 250 Marginal splits: 11
Reward: 35506.5624491 Total splits: 270 Good splits: 263 Marginal splits: 11
Reward: 37052.5210354 Total splits: 296 Good splits: 289 Marginal splits: 7
Reward: 35670.054667 Total splits: 242 Good splits: 235 Marginal splits: 8
Reward: 34147.4202189 Total splits: 290 Good splits: 280 Marginal splits: 8
Reward: 35563.4631573 Total splits: 254 Good splits: 249 Marginal splits: 6
Reward: 37804.6765688 Total splits: 260 Good splits: 242 Marginal splits: 7
Reward: 36853.0976833 Total splits: 283 Good splits: 272 Marginal splits: 8
Reward: 35825.0868236 Total splits: 277 Good splits: 267 Marginal splits: 6
Reward: 34271.548521 Total splits: 254 Good splits: 244 Marginal splits: 6
Reward: 35002.5614432 Total splits: 261 Good splits: 254 Marginal splits: 9
Reward: 36662.4646838 Total splits: 247 Good splits: 236 Marginal splits: 9
Reward: 37760.2904477 Total splits: 262 Good splits: 256 Marginal splits: 7
Reward: 35443.5517987 Total splits: 291 Good splits: 275 Marginal splits: 8
Reward: 34808.9163587 Total splits: 292 Good splits: 282 Marginal splits: 9
Reward: 35348.1951814 Total splits: 266 Good splits: 257 Marginal splits: 5
Reward: 37685.9196289 Total splits: 264 Good splits: 254 Marginal splits: 8
Reward: 37794.0670295 Total splits: 272 Good splits: 264 Marginal splits: 4
Reward: 33231.8799986 Total splits: 285 Good splits: 271 Marginal splits: 4
Reward: 36387.3902275 Total splits: 274 Good splits: 266 Marginal splits: 5
Reward: 37380.5042903 Total splits: 277 Good splits: 266 Marginal splits: 8
Reward: 36945.1644165 Total splits: 292 Good splits: 283 Marginal splits: 8
Reward: 37226.2279215 Total splits: 270 Good splits: 259 Marginal splits: 6
Reward: 37195.4030762 Total splits: 249 Good splits: 240 Marginal splits: 6
Reward: 37603.1796085 Total splits: 285 Good splits: 275 Marginal splits: 9
Reward: 35726.1357563 Total splits: 277 Good splits: 271 Marginal splits: 8
Reward: 38072.1070633 Total splits: 277 Good splits: 267 Marginal splits: 11
Reward: 38411.9592501 Total splits: 252 Good splits: 241 Marginal splits: 8
Reward: 35466.7459466 Total splits: 286 Good splits: 279 Marginal splits: 11
Reward: 39159.4029945 Total splits: 260 Good splits: 252 Marginal splits: 5
Reward: 35213.21765 Total splits: 244 Good splits: 234 Marginal splits: 6
Reward: 38250.5162883 Total splits: 261 Good splits: 246 Marginal splits: 11
Reward: 36163.2442142 Total splits: 266 Good splits: 263 Marginal splits: 10
Reward: 37847.0193832 Total splits: 258 Good splits: 248 Marginal splits: 13
Reward: 36790.8924687 Total splits: 259 Good splits: 251 Marginal splits: 9
Reward: 39101.1990142 Total splits: 268 Good splits: 256 Marginal splits: 11
Reward: 38522.5708494 Total splits: 271 Good splits: 261 Marginal splits: 10
Reward: 36233.688285 Total splits: 250 Good splits: 242 Marginal splits: 9
Reward: 36119.9234485 Total splits: 253 Good splits: 240 Marginal splits: 6
Reward: 34547.5393262 Total splits: 279 Good splits: 271 Marginal splits: 8
Reward: 34830.6635511 Total splits: 245 Good splits: 235 Marginal splits: 9
Reward: 36622.3845068 Total splits: 273 Good splits: 260 Marginal splits: 4
Reward: 36126.8255715 Total splits: 259 Good splits: 253 Marginal splits: 10
Reward: 40083.6687811 Total splits: 276 Good splits: 265 Marginal splits: 8
Reward: 35756.240015 Total splits: 246 Good splits: 236 Marginal splits: 11
Reward: 38110.5298577 Total splits: 259 Good splits: 253 Marginal splits: 10
Reward: 38998.7458298 Total splits: 259 Good splits: 253 Marginal splits: 5
Reward: 37083.4599842 Total splits: 273 Good splits: 261 Marginal splits: 7
Reward: 35874.0799035 Total splits: 275 Good splits: 261 Marginal splits: 6
Reward: 38122.6349271 Total splits: 265 Good splits: 258 Marginal splits: 9
Reward: 35573.8296096 Total splits: 278 Good splits: 267 Marginal splits: 6
Reward: 35646.0576575 Total splits: 271 Good splits: 261 Marginal splits: 9
Reward: 35248.963011 Total splits: 262 Good splits: 253 Marginal splits: 11
Reward: 37931.0399892 Total splits: 272 Good splits: 265 Marginal splits: 6
Reward: 36509.2337207 Total splits: 281 Good splits: 270 Marginal splits: 6
Reward: 36116.4094125 Total splits: 272 Good splits: 262 Marginal splits: 6
Reward: 39288.132576 Total splits: 270 Good splits: 262 Marginal splits: 8
Reward: 36535.6870412 Total splits: 267 Good splits: 254 Marginal splits: 9
Reward: 36943.0865729 Total splits: 272 Good splits: 261 Marginal splits: 7
Reward: 36258.6924992 Total splits: 246 Good splits: 234 Marginal splits: 6
Reward: 37922.5915263 Total splits: 279 Good splits: 272 Marginal splits: 7
Reward: 37068.5006051 Total splits: 269 Good splits: 263 Marginal splits: 12
Reward: 36104.3697915 Total splits: 264 Good splits: 255 Marginal splits: 11
Reward: 35356.7060217 Total splits: 252 Good splits: 239 Marginal splits: 2
Reward: 39091.2198536 Total splits: 265 Good splits: 252 Marginal splits: 7
Reward: 37235.7437294 Total splits: 251 Good splits: 237 Marginal splits: 4
Reward: 39265.7629053 Total splits: 245 Good splits: 232 Marginal splits: 7
Reward: 35397.7800122 Total splits: 251 Good splits: 243 Marginal splits: 5
Reward: 39393.1974831 Total splits: 265 Good splits: 254 Marginal splits: 10
Reward: 35873.5221769 Total splits: 250 Good splits: 238 Marginal splits: 7
Reward: 37928.2763033 Total splits: 272 Good splits: 264 Marginal splits: 3
Reward: 35274.3933975 Total splits: 285 Good splits: 279 Marginal splits: 14
Reward: 39220.7406614 Total splits: 260 Good splits: 252 Marginal splits: 4
Reward: 33031.4752938 Total splits: 285 Good splits: 276 Marginal splits: 6
Reward: 39477.2482902 Total splits: 266 Good splits: 260 Marginal splits: 6
Reward: 37332.9532126 Total splits: 283 Good splits: 277 Marginal splits: 9
Reward: 36312.410082 Total splits: 270 Good splits: 261 Marginal splits: 7
Reward: 35857.8228884 Total splits: 271 Good splits: 259 Marginal splits: 10
Reward: 35403.122287 Total splits: 280 Good splits: 265 Marginal splits: 8
Reward: 36291.2134856 Total splits: 276 Good splits: 267 Marginal splits: 10
Reward: 35955.187496 Total splits: 284 Good splits: 270 Marginal splits: 9
Reward: 36429.0825456 Total splits: 257 Good splits: 242 Marginal splits: 5
Reward: 36407.6555876 Total splits: 270 Good splits: 262 Marginal splits: 8
Reward: 36015.892277 Total splits: 267 Good splits: 252 Marginal splits: 12
Reward: 37588.4849819 Total splits: 276 Good splits: 264 Marginal splits: 10
Reward: 37654.8435348 Total splits: 274 Good splits: 259 Marginal splits: 7
Reward: 37545.3846824 Total splits: 260 Good splits: 255 Marginal splits: 8
Reward: 35329.5499781 Total splits: 259 Good splits: 248 Marginal splits: 8
Reward: 37180.0708478 Total splits: 263 Good splits: 258 Marginal splits: 10
Reward: 36355.7010734 Total splits: 277 Good splits: 268 Marginal splits: 6
Reward: 37211.8855453 Total splits: 261 Good splits: 250 Marginal splits: 12
Reward: 35357.4767982 Total splits: 247 Good splits: 232 Marginal splits: 7
Reward: 37607.212652 Total splits: 266 Good splits: 255 Marginal splits: 7
Reward: 36934.9568319 Total splits: 264 Good splits: 255 Marginal splits: 3
Reward: 36305.8580231 Total splits: 265 Good splits: 254 Marginal splits: 10
Reward: 36508.2874695 Total splits: 274 Good splits: 268 Marginal splits: 9
Reward: 35706.7066584 Total splits: 285 Good splits: 271 Marginal splits: 9
Reward: 37347.2546657 Total splits: 281 Good splits: 276 Marginal splits: 11
Reward: 36615.0503735 Total splits: 258 Good splits: 251 Marginal splits: 7
Reward: 37508.977657 Total splits: 263 Good splits: 247 Marginal splits: 7
Reward: 35785.4479459 Total splits: 253 Good splits: 244 Marginal splits: 8
Reward: 39037.110901 Total splits: 259 Good splits: 254 Marginal splits: 8
Reward: 37281.3073294 Total splits: 255 Good splits: 247 Marginal splits: 6
Reward: 39088.5794109 Total splits: 269 Good splits: 258 Marginal splits: 9
Reward: 35959.1813437 Total splits: 261 Good splits: 252 Marginal splits: 6
Reward: 36979.8957305 Total splits: 261 Good splits: 256 Marginal splits: 4
Reward: 36462.1382185 Total splits: 261 Good splits: 252 Marginal splits: 11
Reward: 38595.0554177 Total splits: 278 Good splits: 265 Marginal splits: 6
Reward: 36775.3319161 Total splits: 248 Good splits: 237 Marginal splits: 6
Reward: 36744.7457962 Total splits: 264 Good splits: 257 Marginal splits: 5
Reward: 33414.0140291 Total splits: 263 Good splits: 255 Marginal splits: 9
Reward: 38647.2419121 Total splits: 265 Good splits: 254 Marginal splits: 9
Reward: 35118.2293219 Total splits: 259 Good splits: 250 Marginal splits: 13
Reward: 37973.8665549 Total splits: 268 Good splits: 260 Marginal splits: 4
Reward: 38314.1782987 Total splits: 282 Good splits: 276 Marginal splits: 11
Reward: 35950.2893266 Total splits: 285 Good splits: 276 Marginal splits: 8
Reward: 32829.1741756 Total splits: 263 Good splits: 252 Marginal splits: 11
Reward: 36027.6243604 Total splits: 271 Good splits: 263 Marginal splits: 6
Reward: 36161.474228 Total splits: 233 Good splits: 220 Marginal splits: 1
Reward: 37102.3168521 Total splits: 244 Good splits: 238 Marginal splits: 7
Reward: 36512.9301552 Total splits: 283 Good splits: 275 Marginal splits: 10
Reward: 38268.9120089 Total splits: 252 Good splits: 242 Marginal splits: 9
Reward: 36912.9137844 Total splits: 257 Good splits: 251 Marginal splits: 6
Reward: 38083.7761069 Total splits: 251 Good splits: 244 Marginal splits: 3
Reward: 35829.6463982 Total splits: 289 Good splits: 280 Marginal splits: 13
Reward: 35939.2903129 Total splits: 251 Good splits: 241 Marginal splits: 3
Reward: 35672.9149496 Total splits: 269 Good splits: 253 Marginal splits: 7
Reward: 35985.9089714 Total splits: 262 Good splits: 257 Marginal splits: 5
Reward: 36250.3927575 Total splits: 266 Good splits: 257 Marginal splits: 6
Reward: 34039.1447153 Total splits: 241 Good splits: 228 Marginal splits: 7
Reward: 35245.565094 Total splits: 292 Good splits: 281 Marginal splits: 7
Reward: 36996.2215023 Total splits: 287 Good splits: 271 Marginal splits: 8
Reward: 36705.5843604 Total splits: 271 Good splits: 263 Marginal splits: 9
Reward: 35588.6809905 Total splits: 269 Good splits: 259 Marginal splits: 8
Reward: 39063.9664679 Total splits: 265 Good splits: 253 Marginal splits: 6
Reward: 36886.3448806 Total splits: 266 Good splits: 253 Marginal splits: 4
Reward: 38665.3695862 Total splits: 270 Good splits: 267 Marginal splits: 6
Reward: 35104.3988569 Total splits: 254 Good splits: 245 Marginal splits: 6
Reward: 37588.5004017 Total splits: 295 Good splits: 283 Marginal splits: 9
Reward: 35664.5958986 Total splits: 301 Good splits: 289 Marginal splits: 7
Reward: 39696.6923604 Total splits: 264 Good splits: 249 Marginal splits: 6
Reward: 34151.8856466 Total splits: 253 Good splits: 242 Marginal splits: 11
Reward: 39584.7603425 Total splits: 276 Good splits: 271 Marginal splits: 10
Reward: 38148.9994832 Total splits: 259 Good splits: 249 Marginal splits: 14
Reward: 38553.1279585 Total splits: 269 Good splits: 255 Marginal splits: 10
Reward: 35430.558598 Total splits: 265 Good splits: 258 Marginal splits: 9
Reward: 39830.4776037 Total splits: 275 Good splits: 262 Marginal splits: 6
Reward: 34992.0558479 Total splits: 260 Good splits: 247 Marginal splits: 6
Reward: 37675.051128 Total splits: 242 Good splits: 234 Marginal splits: 6
Reward: 34685.0458641 Total splits: 254 Good splits: 247 Marginal splits: 6
Reward: 34760.331201 Total splits: 273 Good splits: 266 Marginal splits: 13
Reward: 35413.4488105 Total splits: 267 Good splits: 261 Marginal splits: 9
Reward: 35532.3917164 Total splits: 269 Good splits: 263 Marginal splits: 9
Reward: 35726.6055079 Total splits: 275 Good splits: 264 Marginal splits: 7
Reward: 37300.3230685 Total splits: 260 Good splits: 250 Marginal splits: 8
Reward: 35608.4130162 Total splits: 257 Good splits: 252 Marginal splits: 5
Reward: 38996.3642183 Total splits: 277 Good splits: 265 Marginal splits: 8
Reward: 36778.2179845 Total splits: 270 Good splits: 262 Marginal splits: 7
Reward: 36061.6191421 Total splits: 269 Good splits: 257 Marginal splits: 4

Total results after running 200 tests
Average total rewards : 36710.2972955
Average total splits  : 266.465
Average good splits   : 256.65
Average good splits % : 96.3165894207

Reward: 37446.7650866 Total splits: 282 Good splits: 269 Marginal splits: 11
Reward: 36226.0575529 Total splits: 257 Good splits: 249 Marginal splits: 5
Reward: 39037.4784364 Total splits: 248 Good splits: 246 Marginal splits: 6
Reward: 35196.0395495 Total splits: 257 Good splits: 250 Marginal splits: 11
Reward: 39069.2860817 Total splits: 270 Good splits: 260 Marginal splits: 8
Reward: 34809.9583651 Total splits: 241 Good splits: 230 Marginal splits: 5
Reward: 37349.1565632 Total splits: 269 Good splits: 264 Marginal splits: 8
Reward: 36945.7823378 Total splits: 264 Good splits: 256 Marginal splits: 7
Reward: 39425.041317 Total splits: 252 Good splits: 243 Marginal splits: 5
Reward: 36677.9498776 Total splits: 255 Good splits: 239 Marginal splits: 11
Reward: 37078.1977634 Total splits: 296 Good splits: 284 Marginal splits: 14
Reward: 35829.6695817 Total splits: 240 Good splits: 236 Marginal splits: 8
Reward: 37016.1922287 Total splits: 288 Good splits: 281 Marginal splits: 10
Reward: 34565.0867703 Total splits: 269 Good splits: 256 Marginal splits: 8
Reward: 39205.4337542 Total splits: 279 Good splits: 267 Marginal splits: 10
Reward: 36203.0234477 Total splits: 257 Good splits: 249 Marginal splits: 5
Reward: 36039.9288985 Total splits: 270 Good splits: 264 Marginal splits: 3
Reward: 38397.8639399 Total splits: 268 Good splits: 256 Marginal splits: 6
Reward: 39198.1613361 Total splits: 267 Good splits: 251 Marginal splits: 8
Reward: 37887.5089334 Total splits: 259 Good splits: 251 Marginal splits: 12
Reward: 35848.3145706 Total splits: 273 Good splits: 255 Marginal splits: 6
Reward: 35249.2228013 Total splits: 259 Good splits: 251 Marginal splits: 8
Reward: 35971.5776134 Total splits: 266 Good splits: 256 Marginal splits: 8
Reward: 36547.884189 Total splits: 287 Good splits: 272 Marginal splits: 15
Reward: 34621.8582301 Total splits: 256 Good splits: 248 Marginal splits: 8
Reward: 35214.3867133 Total splits: 267 Good splits: 257 Marginal splits: 3
Reward: 37728.8205922 Total splits: 288 Good splits: 276 Marginal splits: 11
Reward: 37560.701291 Total splits: 288 Good splits: 280 Marginal splits: 7
Reward: 35708.3627372 Total splits: 289 Good splits: 278 Marginal splits: 8
Reward: 37842.0794152 Total splits: 286 Good splits: 279 Marginal splits: 6
Reward: 33287.3619419 Total splits: 269 Good splits: 258 Marginal splits: 11
Reward: 37954.2151842 Total splits: 252 Good splits: 243 Marginal splits: 10
Reward: 37484.0615358 Total splits: 261 Good splits: 255 Marginal splits: 6
Reward: 37599.6147698 Total splits: 272 Good splits: 263 Marginal splits: 7
Reward: 35722.207242 Total splits: 255 Good splits: 245 Marginal splits: 9
Reward: 39034.3406645 Total splits: 258 Good splits: 249 Marginal splits: 10
Reward: 38471.4265622 Total splits: 272 Good splits: 258 Marginal splits: 9
Reward: 36727.9767007 Total splits: 261 Good splits: 250 Marginal splits: 10
Reward: 36382.9479575 Total splits: 259 Good splits: 244 Marginal splits: 10
Reward: 37354.5569122 Total splits: 298 Good splits: 284 Marginal splits: 11
Reward: 35910.2425437 Total splits: 271 Good splits: 255 Marginal splits: 4
Reward: 38769.2416727 Total splits: 249 Good splits: 245 Marginal splits: 7
Reward: 35318.7857543 Total splits: 276 Good splits: 264 Marginal splits: 9
Reward: 38284.662603 Total splits: 244 Good splits: 228 Marginal splits: 4
Reward: 35059.4517617 Total splits: 257 Good splits: 247 Marginal splits: 8
Reward: 38080.3849999 Total splits: 267 Good splits: 258 Marginal splits: 9
Reward: 35932.9564233 Total splits: 254 Good splits: 245 Marginal splits: 7
Reward: 36851.4862609 Total splits: 276 Good splits: 270 Marginal splits: 7
Reward: 35928.0968034 Total splits: 277 Good splits: 265 Marginal splits: 12
Reward: 35110.1855579 Total splits: 285 Good splits: 274 Marginal splits: 6
Reward: 35629.5390453 Total splits: 261 Good splits: 256 Marginal splits: 10
Reward: 36319.6389339 Total splits: 255 Good splits: 247 Marginal splits: 10
Reward: 35341.7056373 Total splits: 273 Good splits: 263 Marginal splits: 9
Reward: 36819.8843968 Total splits: 267 Good splits: 257 Marginal splits: 12
Reward: 36347.5880191 Total splits: 257 Good splits: 248 Marginal splits: 8
Reward: 37715.8078249 Total splits: 279 Good splits: 268 Marginal splits: 10
Reward: 35672.6304376 Total splits: 245 Good splits: 236 Marginal splits: 9
Reward: 34482.4511119 Total splits: 263 Good splits: 250 Marginal splits: 10
Reward: 37342.6361913 Total splits: 257 Good splits: 248 Marginal splits: 9
Reward: 36639.5074324 Total splits: 276 Good splits: 262 Marginal splits: 7
Reward: 36520.4456961 Total splits: 273 Good splits: 262 Marginal splits: 9
Reward: 35844.5090639 Total splits: 247 Good splits: 239 Marginal splits: 7
Reward: 37869.65852 Total splits: 241 Good splits: 231 Marginal splits: 6
Reward: 37319.9985666 Total splits: 274 Good splits: 264 Marginal splits: 8
Reward: 38179.3889924 Total splits: 271 Good splits: 260 Marginal splits: 3
Reward: 37164.3404596 Total splits: 253 Good splits: 244 Marginal splits: 10
Reward: 33284.0724232 Total splits: 259 Good splits: 249 Marginal splits: 5
Reward: 37523.3493561 Total splits: 272 Good splits: 266 Marginal splits: 7
Reward: 35507.5100506 Total splits: 272 Good splits: 262 Marginal splits: 11
Reward: 36781.9115205 Total splits: 266 Good splits: 253 Marginal splits: 5
Reward: 38302.9386972 Total splits: 274 Good splits: 264 Marginal splits: 6
Reward: 36309.5292536 Total splits: 251 Good splits: 235 Marginal splits: 6
Reward: 37527.0147615 Total splits: 273 Good splits: 264 Marginal splits: 11
Reward: 35627.5018708 Total splits: 238 Good splits: 229 Marginal splits: 7
Reward: 39496.3148187 Total splits: 275 Good splits: 265 Marginal splits: 8
Reward: 36012.9140343 Total splits: 275 Good splits: 261 Marginal splits: 9
Reward: 37763.6165508 Total splits: 271 Good splits: 261 Marginal splits: 8
Reward: 34508.8908767 Total splits: 266 Good splits: 256 Marginal splits: 8
Reward: 37259.6517046 Total splits: 263 Good splits: 254 Marginal splits: 6
Reward: 35959.5583909 Total splits: 261 Good splits: 258 Marginal splits: 5
Reward: 38636.4130127 Total splits: 273 Good splits: 263 Marginal splits: 8
Reward: 33844.3772385 Total splits: 275 Good splits: 264 Marginal splits: 12
Reward: 39343.2230813 Total splits: 268 Good splits: 260 Marginal splits: 10
Reward: 35627.918855 Total splits: 262 Good splits: 253 Marginal splits: 8
Reward: 38104.0506069 Total splits: 308 Good splits: 297 Marginal splits: 7
Reward: 36131.7550554 Total splits: 270 Good splits: 252 Marginal splits: 7
Reward: 37146.3436001 Total splits: 269 Good splits: 259 Marginal splits: 9
Reward: 39028.2377624 Total splits: 273 Good splits: 261 Marginal splits: 12
Reward: 36194.7996504 Total splits: 279 Good splits: 267 Marginal splits: 10
Reward: 35364.2986903 Total splits: 268 Good splits: 258 Marginal splits: 8
Reward: 37185.3990496 Total splits: 252 Good splits: 244 Marginal splits: 8
Reward: 34862.8064186 Total splits: 291 Good splits: 277 Marginal splits: 8
Reward: 36057.5238559 Total splits: 303 Good splits: 296 Marginal splits: 14
Reward: 34133.2336724 Total splits: 263 Good splits: 256 Marginal splits: 8
Reward: 36254.8909317 Total splits: 253 Good splits: 244 Marginal splits: 12
Reward: 37023.8530404 Total splits: 269 Good splits: 262 Marginal splits: 11
Reward: 37261.9318531 Total splits: 271 Good splits: 263 Marginal splits: 7
Reward: 36609.1117671 Total splits: 266 Good splits: 253 Marginal splits: 8
Reward: 36210.6635734 Total splits: 276 Good splits: 263 Marginal splits: 7
Reward: 37023.2098603 Total splits: 267 Good splits: 252 Marginal splits: 8
Reward: 36725.0478386 Total splits: 272 Good splits: 263 Marginal splits: 9
Reward: 37083.5574534 Total splits: 259 Good splits: 248 Marginal splits: 7
Reward: 36364.115062 Total splits: 264 Good splits: 250 Marginal splits: 10
Reward: 35935.6218425 Total splits: 257 Good splits: 245 Marginal splits: 7
Reward: 37776.0872141 Total splits: 261 Good splits: 252 Marginal splits: 6
Reward: 38422.4457043 Total splits: 283 Good splits: 264 Marginal splits: 11
Reward: 37218.1694776 Total splits: 278 Good splits: 267 Marginal splits: 10
Reward: 34418.1623598 Total splits: 261 Good splits: 247 Marginal splits: 3
Reward: 34878.6428947 Total splits: 281 Good splits: 272 Marginal splits: 9
Reward: 37528.6189148 Total splits: 277 Good splits: 268 Marginal splits: 8
Reward: 35943.9671314 Total splits: 280 Good splits: 266 Marginal splits: 11
Reward: 37116.3691202 Total splits: 261 Good splits: 246 Marginal splits: 6
Reward: 36997.5231991 Total splits: 263 Good splits: 260 Marginal splits: 6
Reward: 37359.9047019 Total splits: 288 Good splits: 278 Marginal splits: 14
Reward: 34310.531667 Total splits: 291 Good splits: 276 Marginal splits: 14
Reward: 37430.6546094 Total splits: 284 Good splits: 278 Marginal splits: 10
Reward: 37546.1932888 Total splits: 264 Good splits: 259 Marginal splits: 10
Reward: 35024.6042236 Total splits: 261 Good splits: 253 Marginal splits: 9
Reward: 35106.1347033 Total splits: 253 Good splits: 245 Marginal splits: 15
Reward: 38738.505749 Total splits: 275 Good splits: 259 Marginal splits: 7
Reward: 35667.7367401 Total splits: 284 Good splits: 271 Marginal splits: 12
Reward: 36289.4683033 Total splits: 258 Good splits: 249 Marginal splits: 7
Reward: 36033.2320789 Total splits: 272 Good splits: 263 Marginal splits: 9
Reward: 36271.4331314 Total splits: 268 Good splits: 261 Marginal splits: 9
Reward: 37559.6669449 Total splits: 273 Good splits: 267 Marginal splits: 6
Reward: 37501.5556474 Total splits: 278 Good splits: 270 Marginal splits: 5
Reward: 38356.9031729 Total splits: 275 Good splits: 267 Marginal splits: 8
Reward: 36211.6243747 Total splits: 285 Good splits: 271 Marginal splits: 11
Reward: 37522.1156573 Total splits: 248 Good splits: 244 Marginal splits: 5
Reward: 36865.8193314 Total splits: 276 Good splits: 269 Marginal splits: 8
Reward: 37308.7123853 Total splits: 258 Good splits: 248 Marginal splits: 3
Reward: 35547.9427681 Total splits: 251 Good splits: 242 Marginal splits: 8
Reward: 37261.4083508 Total splits: 253 Good splits: 242 Marginal splits: 6
Reward: 35164.7216617 Total splits: 268 Good splits: 258 Marginal splits: 15
Reward: 38180.1382083 Total splits: 263 Good splits: 256 Marginal splits: 6
Reward: 36740.5297122 Total splits: 256 Good splits: 245 Marginal splits: 12
Reward: 37868.5266411 Total splits: 263 Good splits: 253 Marginal splits: 11
Reward: 37012.3755531 Total splits: 258 Good splits: 244 Marginal splits: 9
Reward: 37606.8664782 Total splits: 258 Good splits: 246 Marginal splits: 9
Reward: 37768.8181013 Total splits: 266 Good splits: 262 Marginal splits: 4
Reward: 36334.1937547 Total splits: 279 Good splits: 269 Marginal splits: 9
Reward: 36429.1538568 Total splits: 238 Good splits: 227 Marginal splits: 5
Reward: 39844.9489111 Total splits: 282 Good splits: 269 Marginal splits: 8
Reward: 36438.3888881 Total splits: 270 Good splits: 256 Marginal splits: 10
Reward: 38214.4168939 Total splits: 275 Good splits: 262 Marginal splits: 7
Reward: 36708.9711096 Total splits: 259 Good splits: 251 Marginal splits: 11
Reward: 35985.1802502 Total splits: 278 Good splits: 271 Marginal splits: 6
Reward: 35116.9481711 Total splits: 262 Good splits: 253 Marginal splits: 8
Reward: 39820.7989393 Total splits: 266 Good splits: 254 Marginal splits: 6
Reward: 35850.8034237 Total splits: 282 Good splits: 273 Marginal splits: 7
Reward: 36923.8953395 Total splits: 266 Good splits: 254 Marginal splits: 10
Reward: 36226.437914 Total splits: 271 Good splits: 264 Marginal splits: 5
Reward: 38585.1751552 Total splits: 289 Good splits: 280 Marginal splits: 7
Reward: 34296.8166581 Total splits: 246 Good splits: 236 Marginal splits: 3
Reward: 37093.7019224 Total splits: 270 Good splits: 260 Marginal splits: 8
Reward: 37454.4262165 Total splits: 263 Good splits: 256 Marginal splits: 6
Reward: 37840.1690595 Total splits: 286 Good splits: 279 Marginal splits: 9
Reward: 34901.9394979 Total splits: 270 Good splits: 265 Marginal splits: 5
Reward: 38447.8807768 Total splits: 273 Good splits: 258 Marginal splits: 14
Reward: 36016.2542141 Total splits: 259 Good splits: 254 Marginal splits: 7
Reward: 38982.8412648 Total splits: 255 Good splits: 247 Marginal splits: 9
Reward: 35365.4959194 Total splits: 255 Good splits: 243 Marginal splits: 7
Reward: 38433.8602657 Total splits: 252 Good splits: 244 Marginal splits: 7
Reward: 36194.0981519 Total splits: 258 Good splits: 253 Marginal splits: 13
Reward: 37106.6069188 Total splits: 262 Good splits: 248 Marginal splits: 3
Reward: 37348.0503088 Total splits: 270 Good splits: 261 Marginal splits: 12
Reward: 36097.8505782 Total splits: 259 Good splits: 247 Marginal splits: 5
Reward: 38766.0203425 Total splits: 279 Good splits: 268 Marginal splits: 9
Reward: 35515.1686307 Total splits: 286 Good splits: 273 Marginal splits: 7
Reward: 38974.608762 Total splits: 282 Good splits: 270 Marginal splits: 9
Reward: 36300.9549755 Total splits: 264 Good splits: 246 Marginal splits: 10
Reward: 35989.2175713 Total splits: 282 Good splits: 273 Marginal splits: 7
Reward: 37086.8239652 Total splits: 257 Good splits: 251 Marginal splits: 6
Reward: 38769.7522294 Total splits: 243 Good splits: 238 Marginal splits: 5
Reward: 37651.9186964 Total splits: 263 Good splits: 248 Marginal splits: 5
Reward: 37209.8826075 Total splits: 278 Good splits: 273 Marginal splits: 7
Reward: 35787.5904272 Total splits: 263 Good splits: 253 Marginal splits: 6
Reward: 39047.2419892 Total splits: 280 Good splits: 267 Marginal splits: 6
Reward: 34903.3174447 Total splits: 262 Good splits: 253 Marginal splits: 12
Reward: 36399.5617662 Total splits: 284 Good splits: 277 Marginal splits: 9
Reward: 36226.7301399 Total splits: 268 Good splits: 257 Marginal splits: 4
Reward: 38737.4797862 Total splits: 265 Good splits: 255 Marginal splits: 8
Reward: 34904.058335 Total splits: 276 Good splits: 264 Marginal splits: 9
Reward: 39679.348687 Total splits: 276 Good splits: 269 Marginal splits: 8
Reward: 37453.0843786 Total splits: 262 Good splits: 252 Marginal splits: 2
Reward: 34073.5053777 Total splits: 302 Good splits: 292 Marginal splits: 8
Reward: 34881.8405718 Total splits: 269 Good splits: 258 Marginal splits: 11
Reward: 39097.0492382 Total splits: 275 Good splits: 264 Marginal splits: 11
Reward: 34665.5255432 Total splits: 244 Good splits: 235 Marginal splits: 6
Reward: 38942.6839708 Total splits: 272 Good splits: 264 Marginal splits: 11
Reward: 35246.3490381 Total splits: 267 Good splits: 258 Marginal splits: 10
Reward: 36185.9073446 Total splits: 270 Good splits: 259 Marginal splits: 6
Reward: 35599.4637721 Total splits: 263 Good splits: 253 Marginal splits: 9
Reward: 38742.6459268 Total splits: 259 Good splits: 249 Marginal splits: 8
Reward: 37646.0277357 Total splits: 258 Good splits: 249 Marginal splits: 2
Reward: 37747.7527913 Total splits: 255 Good splits: 245 Marginal splits: 10
Reward: 33901.1017024 Total splits: 267 Good splits: 258 Marginal splits: 13
Reward: 38449.5165124 Total splits: 260 Good splits: 251 Marginal splits: 8
Reward: 36722.5832438 Total splits: 262 Good splits: 251 Marginal splits: 8
Reward: 34006.9737788 Total splits: 260 Good splits: 250 Marginal splits: 8

Total results after running 200 tests
Average total rewards : 36771.5799204
Average total splits  : 267.48
Average good splits   : 257.45
Average good splits % : 96.2501869299

Reward: 35896.1434297 Total splits: 255 Good splits: 245 Marginal splits: 5
Reward: 36365.2517579 Total splits: 240 Good splits: 234 Marginal splits: 7
Reward: 38003.4455226 Total splits: 277 Good splits: 265 Marginal splits: 5
Reward: 35056.0360544 Total splits: 243 Good splits: 233 Marginal splits: 10
Reward: 39150.6743134 Total splits: 273 Good splits: 263 Marginal splits: 8
Reward: 35440.6880479 Total splits: 265 Good splits: 253 Marginal splits: 7
Reward: 38275.4403643 Total splits: 302 Good splits: 291 Marginal splits: 9
Reward: 37512.851156 Total splits: 274 Good splits: 266 Marginal splits: 8
Reward: 38222.0511343 Total splits: 280 Good splits: 270 Marginal splits: 6
Reward: 37566.2280027 Total splits: 263 Good splits: 254 Marginal splits: 6
Reward: 38726.0740727 Total splits: 279 Good splits: 271 Marginal splits: 8
Reward: 35234.4074382 Total splits: 270 Good splits: 256 Marginal splits: 8
Reward: 37330.6269496 Total splits: 266 Good splits: 258 Marginal splits: 8
Reward: 36408.9320379 Total splits: 255 Good splits: 245 Marginal splits: 6
Reward: 37192.933178 Total splits: 247 Good splits: 242 Marginal splits: 3
Reward: 35191.7846999 Total splits: 256 Good splits: 241 Marginal splits: 10
Reward: 37008.9803039 Total splits: 260 Good splits: 255 Marginal splits: 6
Reward: 36501.8716626 Total splits: 252 Good splits: 244 Marginal splits: 7
Reward: 37603.1514679 Total splits: 271 Good splits: 262 Marginal splits: 9
Reward: 37214.9680276 Total splits: 275 Good splits: 266 Marginal splits: 8
Reward: 37742.9250655 Total splits: 267 Good splits: 253 Marginal splits: 3
Reward: 35325.284487 Total splits: 274 Good splits: 260 Marginal splits: 7
Reward: 39086.9963488 Total splits: 258 Good splits: 248 Marginal splits: 6
Reward: 35656.959677 Total splits: 241 Good splits: 232 Marginal splits: 6
Reward: 36405.5388443 Total splits: 264 Good splits: 253 Marginal splits: 9
Reward: 35296.8961098 Total splits: 275 Good splits: 267 Marginal splits: 7
Reward: 36663.2216278 Total splits: 260 Good splits: 248 Marginal splits: 9
Reward: 37029.5482781 Total splits: 281 Good splits: 267 Marginal splits: 10
Reward: 36010.3498124 Total splits: 268 Good splits: 255 Marginal splits: 10
Reward: 38568.3784622 Total splits: 262 Good splits: 253 Marginal splits: 7
Reward: 36466.3458251 Total splits: 279 Good splits: 271 Marginal splits: 6
Reward: 36465.5978674 Total splits: 248 Good splits: 245 Marginal splits: 5
Reward: 35840.019168 Total splits: 251 Good splits: 240 Marginal splits: 6
Reward: 38094.1053781 Total splits: 283 Good splits: 274 Marginal splits: 9
Reward: 35541.6624222 Total splits: 269 Good splits: 255 Marginal splits: 4
Reward: 37372.3344868 Total splits: 261 Good splits: 250 Marginal splits: 6
Reward: 36507.6972637 Total splits: 256 Good splits: 245 Marginal splits: 7
Reward: 39532.5533281 Total splits: 261 Good splits: 254 Marginal splits: 7
Reward: 36007.6940127 Total splits: 242 Good splits: 228 Marginal splits: 6
Reward: 37708.5788699 Total splits: 288 Good splits: 278 Marginal splits: 8
Reward: 34494.7966879 Total splits: 261 Good splits: 253 Marginal splits: 6
Reward: 37356.2636299 Total splits: 286 Good splits: 274 Marginal splits: 19
Reward: 35428.0193576 Total splits: 260 Good splits: 253 Marginal splits: 8
Reward: 37227.3020627 Total splits: 279 Good splits: 269 Marginal splits: 4
Reward: 36385.243881 Total splits: 271 Good splits: 255 Marginal splits: 6
Reward: 38582.7781413 Total splits: 257 Good splits: 245 Marginal splits: 7
Reward: 34303.4051447 Total splits: 253 Good splits: 243 Marginal splits: 8
Reward: 37547.5777874 Total splits: 273 Good splits: 261 Marginal splits: 13
Reward: 36603.066117 Total splits: 280 Good splits: 267 Marginal splits: 10
Reward: 36177.6190598 Total splits: 285 Good splits: 272 Marginal splits: 9
Reward: 34715.6456773 Total splits: 253 Good splits: 240 Marginal splits: 6
Reward: 34662.4414298 Total splits: 269 Good splits: 258 Marginal splits: 6
Reward: 34925.9903667 Total splits: 277 Good splits: 264 Marginal splits: 12
Reward: 36745.0611178 Total splits: 258 Good splits: 246 Marginal splits: 5
Reward: 33519.0056079 Total splits: 268 Good splits: 257 Marginal splits: 4
Reward: 37820.0701686 Total splits: 260 Good splits: 249 Marginal splits: 2
Reward: 34944.354345 Total splits: 257 Good splits: 248 Marginal splits: 9
Reward: 38179.5129899 Total splits: 276 Good splits: 261 Marginal splits: 8
Reward: 38078.2924254 Total splits: 250 Good splits: 241 Marginal splits: 5
Reward: 35217.1835978 Total splits: 231 Good splits: 222 Marginal splits: 4
Reward: 35730.6416866 Total splits: 292 Good splits: 283 Marginal splits: 11
Reward: 36766.6456397 Total splits: 275 Good splits: 265 Marginal splits: 7
Reward: 36671.6103578 Total splits: 247 Good splits: 238 Marginal splits: 8
Reward: 36311.3616632 Total splits: 266 Good splits: 259 Marginal splits: 9
Reward: 37368.0168345 Total splits: 278 Good splits: 270 Marginal splits: 8
Reward: 38510.9194282 Total splits: 271 Good splits: 261 Marginal splits: 9
Reward: 36913.3532441 Total splits: 285 Good splits: 273 Marginal splits: 4
Reward: 37524.8316487 Total splits: 262 Good splits: 250 Marginal splits: 7
Reward: 39046.1889169 Total splits: 258 Good splits: 248 Marginal splits: 7
Reward: 37089.3379554 Total splits: 263 Good splits: 256 Marginal splits: 7
Reward: 38241.2915121 Total splits: 266 Good splits: 257 Marginal splits: 6
Reward: 35768.7728422 Total splits: 270 Good splits: 261 Marginal splits: 4
Reward: 36928.587949 Total splits: 268 Good splits: 264 Marginal splits: 10
Reward: 35437.7795155 Total splits: 252 Good splits: 248 Marginal splits: 7
Reward: 39669.5100191 Total splits: 279 Good splits: 271 Marginal splits: 8
Reward: 37471.5775917 Total splits: 255 Good splits: 247 Marginal splits: 11
Reward: 40169.8459295 Total splits: 284 Good splits: 274 Marginal splits: 13
Reward: 36668.9932429 Total splits: 266 Good splits: 255 Marginal splits: 10
Reward: 35919.0549348 Total splits: 268 Good splits: 255 Marginal splits: 9
Reward: 35621.1204092 Total splits: 255 Good splits: 247 Marginal splits: 5
Reward: 37247.3685906 Total splits: 275 Good splits: 263 Marginal splits: 7
Reward: 35224.9713625 Total splits: 249 Good splits: 233 Marginal splits: 5
Reward: 36879.3215131 Total splits: 266 Good splits: 254 Marginal splits: 6
Reward: 35921.2404564 Total splits: 264 Good splits: 251 Marginal splits: 7
Reward: 36591.7132342 Total splits: 252 Good splits: 245 Marginal splits: 6
Reward: 35511.5580168 Total splits: 272 Good splits: 260 Marginal splits: 4
Reward: 36397.054709 Total splits: 289 Good splits: 276 Marginal splits: 7
Reward: 38372.5484925 Total splits: 241 Good splits: 230 Marginal splits: 5
Reward: 38422.984054 Total splits: 264 Good splits: 257 Marginal splits: 8
Reward: 36342.6055505 Total splits: 273 Good splits: 262 Marginal splits: 8
Reward: 38009.9406068 Total splits: 259 Good splits: 245 Marginal splits: 6
Reward: 36715.8450285 Total splits: 250 Good splits: 238 Marginal splits: 8
Reward: 37606.9760632 Total splits: 255 Good splits: 244 Marginal splits: 9
Reward: 35330.3590599 Total splits: 275 Good splits: 263 Marginal splits: 5
Reward: 37534.198319 Total splits: 267 Good splits: 255 Marginal splits: 4
Reward: 36394.5868378 Total splits: 260 Good splits: 251 Marginal splits: 6
Reward: 37710.2098432 Total splits: 261 Good splits: 253 Marginal splits: 5
Reward: 36464.4302249 Total splits: 260 Good splits: 251 Marginal splits: 7
Reward: 37175.3789502 Total splits: 268 Good splits: 261 Marginal splits: 6
Reward: 37348.7430056 Total splits: 281 Good splits: 272 Marginal splits: 12
Reward: 34659.8959488 Total splits: 255 Good splits: 249 Marginal splits: 6
Reward: 36337.3132201 Total splits: 253 Good splits: 242 Marginal splits: 9
Reward: 36320.9133957 Total splits: 266 Good splits: 254 Marginal splits: 10
Reward: 37362.7651465 Total splits: 283 Good splits: 268 Marginal splits: 10
Reward: 38094.5449514 Total splits: 281 Good splits: 268 Marginal splits: 5
Reward: 38333.6450455 Total splits: 253 Good splits: 242 Marginal splits: 9
Reward: 36393.4835981 Total splits: 275 Good splits: 266 Marginal splits: 6
Reward: 38340.7940822 Total splits: 256 Good splits: 248 Marginal splits: 7
Reward: 34716.7454479 Total splits: 285 Good splits: 272 Marginal splits: 8
Reward: 37773.9253522 Total splits: 283 Good splits: 277 Marginal splits: 7
Reward: 36270.8989214 Total splits: 256 Good splits: 250 Marginal splits: 8
Reward: 39414.1331685 Total splits: 274 Good splits: 262 Marginal splits: 7
Reward: 34547.5401614 Total splits: 269 Good splits: 258 Marginal splits: 13
Reward: 37280.8392374 Total splits: 265 Good splits: 256 Marginal splits: 6
Reward: 35411.5031754 Total splits: 249 Good splits: 237 Marginal splits: 6
Reward: 37201.58946 Total splits: 290 Good splits: 279 Marginal splits: 15
Reward: 37546.5771629 Total splits: 269 Good splits: 260 Marginal splits: 6
Reward: 38467.5855835 Total splits: 277 Good splits: 264 Marginal splits: 8
Reward: 35035.2911251 Total splits: 251 Good splits: 239 Marginal splits: 5
Reward: 38131.4405772 Total splits: 278 Good splits: 274 Marginal splits: 12
Reward: 35337.9625916 Total splits: 280 Good splits: 271 Marginal splits: 6
Reward: 37408.1393534 Total splits: 251 Good splits: 239 Marginal splits: 6
Reward: 36594.7071934 Total splits: 271 Good splits: 262 Marginal splits: 9
Reward: 38977.795902 Total splits: 269 Good splits: 256 Marginal splits: 7
Reward: 33061.5559379 Total splits: 246 Good splits: 241 Marginal splits: 10
Reward: 37014.2990781 Total splits: 281 Good splits: 271 Marginal splits: 6
Reward: 37925.4667092 Total splits: 270 Good splits: 264 Marginal splits: 7
Reward: 36789.7788608 Total splits: 268 Good splits: 254 Marginal splits: 7
Reward: 35449.7524411 Total splits: 252 Good splits: 239 Marginal splits: 6
Reward: 36875.4993116 Total splits: 289 Good splits: 283 Marginal splits: 10
Reward: 38600.2625779 Total splits: 274 Good splits: 261 Marginal splits: 4
Reward: 36402.1934518 Total splits: 277 Good splits: 266 Marginal splits: 8
Reward: 37215.6273998 Total splits: 253 Good splits: 238 Marginal splits: 6
Reward: 36805.9657633 Total splits: 276 Good splits: 266 Marginal splits: 7
Reward: 37991.1249409 Total splits: 286 Good splits: 281 Marginal splits: 11
Reward: 35444.1314698 Total splits: 270 Good splits: 263 Marginal splits: 6
Reward: 38261.2700313 Total splits: 266 Good splits: 255 Marginal splits: 10
Reward: 36540.6345188 Total splits: 252 Good splits: 242 Marginal splits: 6
Reward: 36680.2072316 Total splits: 264 Good splits: 254 Marginal splits: 9
Reward: 37163.7897742 Total splits: 263 Good splits: 255 Marginal splits: 8
Reward: 37911.0176249 Total splits: 271 Good splits: 264 Marginal splits: 6
Reward: 35483.3503125 Total splits: 239 Good splits: 231 Marginal splits: 9
Reward: 36497.557999 Total splits: 258 Good splits: 253 Marginal splits: 6
Reward: 36540.2944604 Total splits: 268 Good splits: 259 Marginal splits: 8
Reward: 38133.8825778 Total splits: 271 Good splits: 262 Marginal splits: 8
Reward: 36379.4001683 Total splits: 266 Good splits: 253 Marginal splits: 10
Reward: 36549.1839861 Total splits: 290 Good splits: 277 Marginal splits: 5
Reward: 35568.2479968 Total splits: 265 Good splits: 251 Marginal splits: 7
Reward: 38909.5696567 Total splits: 282 Good splits: 267 Marginal splits: 7
Reward: 35599.9385684 Total splits: 265 Good splits: 253 Marginal splits: 7
Reward: 37100.4285877 Total splits: 273 Good splits: 264 Marginal splits: 8
Reward: 33147.8284819 Total splits: 238 Good splits: 233 Marginal splits: 7
Reward: 39896.3505539 Total splits: 277 Good splits: 263 Marginal splits: 8
Reward: 35896.424403 Total splits: 271 Good splits: 267 Marginal splits: 4
Reward: 37944.4310285 Total splits: 268 Good splits: 259 Marginal splits: 6
Reward: 38183.8851854 Total splits: 258 Good splits: 251 Marginal splits: 9
Reward: 36391.2211676 Total splits: 260 Good splits: 255 Marginal splits: 9
Reward: 36042.6495659 Total splits: 250 Good splits: 241 Marginal splits: 4
Reward: 37614.1505979 Total splits: 255 Good splits: 241 Marginal splits: 6
Reward: 34903.5270862 Total splits: 254 Good splits: 241 Marginal splits: 8
Reward: 38410.9778187 Total splits: 256 Good splits: 245 Marginal splits: 5
Reward: 35050.7148247 Total splits: 262 Good splits: 255 Marginal splits: 10
Reward: 37710.7192316 Total splits: 263 Good splits: 251 Marginal splits: 12
Reward: 37574.592497 Total splits: 269 Good splits: 260 Marginal splits: 6
Reward: 37103.0328514 Total splits: 264 Good splits: 258 Marginal splits: 4
Reward: 37088.3632773 Total splits: 243 Good splits: 232 Marginal splits: 8
Reward: 36037.5148421 Total splits: 272 Good splits: 261 Marginal splits: 5
Reward: 36622.8016537 Total splits: 258 Good splits: 252 Marginal splits: 9
Reward: 32481.8347693 Total splits: 258 Good splits: 246 Marginal splits: 7
Reward: 36117.7284419 Total splits: 301 Good splits: 291 Marginal splits: 8
Reward: 35174.0753462 Total splits: 269 Good splits: 259 Marginal splits: 5
Reward: 34408.157261 Total splits: 274 Good splits: 265 Marginal splits: 11
Reward: 38911.4954501 Total splits: 254 Good splits: 247 Marginal splits: 9
Reward: 38511.8013507 Total splits: 265 Good splits: 254 Marginal splits: 5
Reward: 37223.4788202 Total splits: 262 Good splits: 247 Marginal splits: 9
Reward: 38662.8004935 Total splits: 266 Good splits: 253 Marginal splits: 9
Reward: 37287.518927 Total splits: 235 Good splits: 224 Marginal splits: 3
Reward: 36520.4533792 Total splits: 263 Good splits: 253 Marginal splits: 9
Reward: 34821.4960659 Total splits: 258 Good splits: 247 Marginal splits: 6
Reward: 38336.5542537 Total splits: 272 Good splits: 259 Marginal splits: 9
Reward: 35759.174328 Total splits: 263 Good splits: 253 Marginal splits: 10
Reward: 37283.669645 Total splits: 271 Good splits: 267 Marginal splits: 4
Reward: 36413.4332366 Total splits: 275 Good splits: 264 Marginal splits: 14
Reward: 36992.2881554 Total splits: 284 Good splits: 272 Marginal splits: 5
Reward: 36776.6554949 Total splits: 271 Good splits: 263 Marginal splits: 6
Reward: 37804.2408506 Total splits: 252 Good splits: 241 Marginal splits: 5
Reward: 35395.8299172 Total splits: 256 Good splits: 247 Marginal splits: 3
Reward: 37376.4233898 Total splits: 279 Good splits: 271 Marginal splits: 7
Reward: 35963.4290546 Total splits: 263 Good splits: 251 Marginal splits: 8
Reward: 38245.9365859 Total splits: 261 Good splits: 252 Marginal splits: 7
Reward: 35407.2156637 Total splits: 259 Good splits: 251 Marginal splits: 10
Reward: 34773.0445196 Total splits: 273 Good splits: 270 Marginal splits: 5
Reward: 35236.9517419 Total splits: 267 Good splits: 257 Marginal splits: 7
Reward: 36221.3612591 Total splits: 269 Good splits: 255 Marginal splits: 8
Reward: 36613.4819894 Total splits: 245 Good splits: 236 Marginal splits: 5
Reward: 35759.6120993 Total splits: 272 Good splits: 265 Marginal splits: 13
Reward: 35290.069056 Total splits: 276 Good splits: 269 Marginal splits: 8
Reward: 37662.7994461 Total splits: 255 Good splits: 242 Marginal splits: 3
Reward: 36110.1957068 Total splits: 243 Good splits: 231 Marginal splits: 7
Reward: 36705.6814345 Total splits: 274 Good splits: 265 Marginal splits: 10

Total results after running 200 tests
Average total rewards : 36759.4643311
Average total splits  : 265.565
Average good splits   : 255.53
Average good splits % : 96.2212640973

